0,0,COM3D2x64_Data\Managed\Accessibility.dll,10752,5CB31E4E,1510
0,0,COM3D2x64_Data\Managed\Assembly-CSharp.dll,5445120,F20AA221,1510
0,0,COM3D2x64_Data\Managed\Assembly-CSharp-firstpass.dll,787456,8BEB5E7A,1510
0,0,COM3D2x64_Data\Managed\Assembly-UnityScript-firstpass.dll,65024,B0A4C54F,1510
0,0,COM3D2x64_Data\Managed\Boo.Lang.dll,126976,28383F70,1510
0,0,COM3D2x64_Data\Managed\BouncyCastle.Crypto.dll,2236416,5A4C4F07,1510
0,0,COM3D2x64_Data\Managed\FoveUnityPlugin.dll,28672,A6EA882B,1510
0,0,COM3D2x64_Data\Managed\ICSharpCode.SharpZipLib.dll,200704,D3160A1C,1510
0,0,COM3D2x64_Data\Managed\Ionic.Zlib.dll,102400,7C9E7DD2,1510
0,0,COM3D2x64_Data\Managed\JsonFx.Json.dll,70144,A0F0CFCB,1510
0,0,COM3D2x64_Data\Managed\LeapCSharp.NET3.5.dll,82432,38E38212,1510
0,0,COM3D2x64_Data\Managed\Mono.Data.Tds.dll,96256,2965324B,1510
0,0,COM3D2x64_Data\Managed\Mono.Posix.dll,184320,0CE35BE3,1510
0,0,COM3D2x64_Data\Managed\Mono.Security.dll,294912,66EB9979,1510
0,0,COM3D2x64_Data\Managed\Mono.WebBrowser.dll,172032,137B736F,1510
0,0,COM3D2x64_Data\Managed\mscorlib.dll,2590208,5166389B,1510
0,0,COM3D2x64_Data\Managed\Newtonsoft.Json.dll,494592,5C881B73,1510
0,0,COM3D2x64_Data\Managed\System.Configuration.dll,124928,72952344,1510
0,0,COM3D2x64_Data\Managed\System.Core.dll,297472,9E3EE5D7,1510
0,0,COM3D2x64_Data\Managed\System.Data.dll,856064,DDDB80CD,1510
0,0,COM3D2x64_Data\Managed\System.dll,1679360,13922617,1510
0,0,COM3D2x64_Data\Managed\System.Drawing.Design.dll,29696,E7B53FF9,1510
0,0,COM3D2x64_Data\Managed\System.Drawing.dll,448512,C4B2E872,1510
0,0,COM3D2x64_Data\Managed\System.EnterpriseServices.dll,46592,2C72A9FE,1510
0,0,COM3D2x64_Data\Managed\System.Security.dll,135168,1CE94C57,1510
0,0,COM3D2x64_Data\Managed\System.Transactions.dll,27648,45299FCF,1510
0,0,COM3D2x64_Data\Managed\System.Windows.Forms.dll,3053568,56394001,1510
0,0,COM3D2x64_Data\Managed\System.Xml.dll,1270272,4581A35B,1510
0,0,COM3D2x64_Data\Managed\System.Xml.Linq.dll,106496,E844371C,1510
0,0,COM3D2x64_Data\Managed\UnityEngine.dll,1393152,2C35388C,1510
0,0,COM3D2x64_Data\Managed\UnityEngine.dll.mdb,449828,8610375E,1510
0,0,COM3D2x64_Data\Managed\UnityEngine.Networking.dll,253952,2BDF701F,1510
0,0,COM3D2x64_Data\Managed\UnityEngine.UI.dll,245760,FA552B2D,1510
0,0,COM3D2x64_Data\Managed\UnityEngine.VR.dll,3072,A4582CD6,1510
0,0,COM3D2x64_Data\Managed\UnityScript.Lang.dll,13824,0DA8F681,1510
0,0,COM3D2x64_Data\Managed\Win32.dll,13312,7781C2A2,1510
0,0,COM3D2x64_Data\Managed\zxing.unity.dll,430592,9FD1F198,1510
0,0,COM3D2x64_Data\Mono\etc\mono\1.0\DefaultWsdlHelpGenerator.aspx,58196,10E814BF,1510
0,0,COM3D2x64_Data\Mono\etc\mono\1.0\machine.config,17258,EDE1AC59,1510
0,0,COM3D2x64_Data\Mono\etc\mono\2.0\Browsers\Compat.browser,1605,2E178A0B,1510
0,0,COM3D2x64_Data\Mono\etc\mono\2.0\DefaultWsdlHelpGenerator.aspx,60453,F3869A34,1510
0,0,COM3D2x64_Data\Mono\etc\mono\2.0\machine.config,27625,73C91C24,1510
0,0,COM3D2x64_Data\Mono\etc\mono\2.0\settings.map,2618,A1A3C29F,1510
0,0,COM3D2x64_Data\Mono\etc\mono\2.0\web.config,11686,534A9960,1510
0,0,COM3D2x64_Data\Mono\etc\mono\mconfig\config.xml,25817,80B2033A,1510
0,0,COM3D2x64_Data\Mono\etc\mono\browscap.ini,311984,CE6C0AB3,1510
0,0,COM3D2x64_Data\Mono\etc\mono\config,1691,A635914A,1510
0,0,COM3D2x64_Data\Mono\mono.dll,2618816,0BEA8C0F,1510
0,0,COM3D2x64_Data\Mono\MonoPosixHelper.dll,113664,9B5E1E4D,1510
0,0,COM3D2x64_Data\Plugins\assimp.dll,4388864,7C910D84,1510
0,0,COM3D2x64_Data\Plugins\Audio360.dll,1499136,2D77400A,1510
0,0,COM3D2x64_Data\Plugins\AVProVideo.dll,891392,A3612D4B,1510
0,0,COM3D2x64_Data\Plugins\clothpp.dll,112128,7C3264A4,1510
0,0,COM3D2x64_Data\Plugins\cm3d2.dll,2078720,470280AC,1510
0,0,COM3D2x64_Data\Plugins\device_hook.dll,738816,F61E7CED,1510
0,0,COM3D2x64_Data\Plugins\FbxExporterCore.dll,12491776,CBAA51C1,1510
0,0,COM3D2x64_Data\Plugins\FoveClient.dll,1849384,58C8B4F6,1510
0,0,COM3D2x64_Data\Plugins\LeapC.dll,2516992,FBDD3767,1510
0,0,COM3D2x64_Data\Plugins\openvr_api.dll,318272,44432E0F,1510
0,0,COM3D2x64_Data\Plugins\OVRGamepad.dll,12800,2C526135,1510
0,0,COM3D2x64_Data\Plugins\OVRLipSync.dll,2512296,391C1F4C,1510
0,0,COM3D2x64_Data\Plugins\OVRPlugin.dll,1898408,5DD05B6C,1510
0,0,COM3D2x64_Data\Plugins\Win32-WebView.dll,504832,382AEE66,1510
0,0,COM3D2x64_Data\Resources\unity default resources,752360,71DB1AEA,1510
0,0,COM3D2x64_Data\Resources\unity_builtin_extra,284012,91145F7F,1510
0,0,COM3D2x64_Data\app.info,27,F9A266E7,1510
0,0,COM3D2x64_Data\globalgamemanagers,4469076,CA02A5D4,1510
0,0,COM3D2x64_Data\globalgamemanagers.assets,244036,69579B15,1510
0,0,COM3D2x64_Data\level0,325508,59B4CE07,1510
0,0,COM3D2x64_Data\level1,348652,14480CB0,1510
0,0,COM3D2x64_Data\level2,343484,762AA752,1510
0,0,COM3D2x64_Data\level3,1203556,BA8E2F99,1510
0,0,COM3D2x64_Data\level4,1213260,77977CB7,1510
0,0,COM3D2x64_Data\level5,1301092,CA6AC238,1510
0,0,COM3D2x64_Data\level6,327004,804E1B9E,1510
0,0,COM3D2x64_Data\level7,1057044,2D2229FA,1510
0,0,COM3D2x64_Data\level8,357876,BFFC611C,1510
0,0,COM3D2x64_Data\level9,417164,FCEA711C,1510
0,0,COM3D2x64_Data\level10,352364,067B146D,1510
0,0,COM3D2x64_Data\level11,326020,EF37B17D,1510
0,0,COM3D2x64_Data\level12,393468,D4295344,1510
0,0,COM3D2x64_Data\level13,329132,92176D28,1510
0,0,COM3D2x64_Data\level14,825644,6DDEBF11,1510
0,0,COM3D2x64_Data\level15,7476,051DB040,1510
0,0,COM3D2x64_Data\level16,327964,B590636E,1510
0,0,COM3D2x64_Data\level17,4664,A78D5E5E,1510
0,0,COM3D2x64_Data\level18,344652,D1F618C9,1510
0,0,COM3D2x64_Data\level19,334348,512C2215,1510
0,0,COM3D2x64_Data\level20,955796,C902CC61,1510
0,0,COM3D2x64_Data\level21,427172,F4A9F4BC,1510
0,0,COM3D2x64_Data\level22,1085452,6BE56D83,1510
0,0,COM3D2x64_Data\level23,410652,B3712448,1510
0,0,COM3D2x64_Data\level24,680988,A0120021,1510
0,0,COM3D2x64_Data\level25,347988,B5F6B6E4,1510
0,0,COM3D2x64_Data\level26,2187804,FCECEDA1,1510
0,0,COM3D2x64_Data\level27,1115460,CB91285A,1510
0,0,COM3D2x64_Data\level28,347988,95C8BB09,1510
0,0,COM3D2x64_Data\level29,1088716,CA04F051,1510
0,0,COM3D2x64_Data\level30,340612,5528B86D,1510
0,0,COM3D2x64_Data\level31,447724,E971E115,1510
0,0,COM3D2x64_Data\level32,27904,35699CD7,1510
0,0,COM3D2x64_Data\level32.resS,131232,851AC384,1510
0,0,COM3D2x64_Data\level33,51676,4C26EBEA,1510
0,0,COM3D2x64_Data\level34,56036,B155861B,1510
0,0,COM3D2x64_Data\level35,6832,78E384C2,1510
0,0,COM3D2x64_Data\level36,326412,6EA20277,1510
0,0,COM3D2x64_Data\level37,1576764,1DC3138D,1510
0,0,COM3D2x64_Data\level38,1433412,DD3D8C94,1510
0,0,COM3D2x64_Data\level39,1454996,99B12CC6,1510
0,0,COM3D2x64_Data\level40,444068,B534166F,1510
0,0,COM3D2x64_Data\level41,395436,2927A80B,1510
0,0,COM3D2x64_Data\level42,426596,5AE726FD,1510
0,0,COM3D2x64_Data\level43,1350228,2DA7746A,1510
0,0,COM3D2x64_Data\level44,1414700,A66318D6,1510
0,0,COM3D2x64_Data\level45,1540108,467128D4,1510
0,0,COM3D2x64_Data\level46,414036,6B293D40,1510
0,0,COM3D2x64_Data\level47,381132,4366497B,1510
0,0,COM3D2x64_Data\level48,439500,C257ADD8,1510
0,0,COM3D2x64_Data\level49,396724,0A565661,1510
0,0,COM3D2x64_Data\level50,1375148,FD0B054D,1510
0,0,COM3D2x64_Data\level51,381284,B1F19E2C,1510
0,0,COM3D2x64_Data\level52,659484,0CCE9CD6,1510
0,0,COM3D2x64_Data\level53,537868,00F255F5,1510
0,0,COM3D2x64_Data\level54,349900,CA4B42B4,1510
0,0,COM3D2x64_Data\level55,1277108,E6FF083D,1510
0,0,COM3D2x64_Data\level56,1027732,45582128,1510
0,0,COM3D2x64_Data\level57,1034972,9D8DE708,1510
0,0,COM3D2x64_Data\level58,1277108,FD7E128C,1510
0,0,COM3D2x64_Data\level59,1157668,4F98730B,1510
0,0,COM3D2x64_Data\level60,946268,55FED95B,1510
0,0,COM3D2x64_Data\level61,1232676,9070EA56,1510
0,0,COM3D2x64_Data\level62,1333676,ECD87111,1510
0,0,COM3D2x64_Data\level63,681380,A2D22D00,1510
0,0,COM3D2x64_Data\level64,918500,30E553D9,1510
0,0,COM3D2x64_Data\level65,401340,A9C40196,1510
0,0,COM3D2x64_Data\level66,397708,431C5087,1510
0,0,COM3D2x64_Data\level67,441420,E82E2C75,1510
0,0,COM3D2x64_Data\level68,463548,470E0919,1510
0,0,COM3D2x64_Data\level69,391948,F393DDDA,1510
0,0,COM3D2x64_Data\level70,451908,10CA92B1,1510
0,0,COM3D2x64_Data\level71,1040628,61935590,1510
0,0,COM3D2x64_Data\level72,965044,3125F95B,1510
0,0,COM3D2x64_Data\level73,444924,801E239B,1510
0,0,COM3D2x64_Data\level74,467068,C8B16CDF,1510
0,0,COM3D2x64_Data\level75,457652,72001357,1510
0,0,COM3D2x64_Data\level76,1045052,26F99BE6,1510
0,0,COM3D2x64_Data\level77,1005324,A627EEBD,1510
0,0,COM3D2x64_Data\level78,450684,DD6AE782,1510
0,0,COM3D2x64_Data\level79,435220,A0961BB3,1510
0,0,COM3D2x64_Data\level80,416892,42C5BF0F,1510
0,0,COM3D2x64_Data\level81,359636,9A80FC1D,1510
0,0,COM3D2x64_Data\level82,1384444,02FDCDA7,1510
0,0,COM3D2x64_Data\level83,1325196,73B6A457,1510
0,0,COM3D2x64_Data\level84,503700,4E24056F,1510
0,0,COM3D2x64_Data\level85,405524,7159069E,1510
0,0,COM3D2x64_Data\level86,1253212,FC99EF61,1510
0,0,COM3D2x64_Data\level87,971044,5E2D52F3,1510
0,0,COM3D2x64_Data\level88,1429516,CCE1ECC2,1510
0,0,COM3D2x64_Data\level89,1370652,814EA87F,1510
0,0,COM3D2x64_Data\level90,1576772,9A9A25A5,1510
0,0,COM3D2x64_Data\level91,1540116,1EA0AEBA,1510
0,0,COM3D2x64_Data\level92,1371820,75C9E52F,1510
0,0,COM3D2x64_Data\level93,1337764,5EDBB915,1510
0,0,COM3D2x64_Data\level94,418132,A5018BDB,1510
0,0,COM3D2x64_Data\level95,406748,1CC00567,1510
0,0,COM3D2x64_Data\level96,1050924,B456471A,1510
0,0,COM3D2x64_Data\level97,852196,2C63F1B2,1510
0,0,COM3D2x64_Data\level98,958964,EEF2883A,1510
0,0,COM3D2x64_Data\level99,853172,28497DDD,1510
0,0,COM3D2x64_Data\level100,1030260,91B223FB,1510
0,0,COM3D2x64_Data\level101,1693900,4451C1F1,1510
0,0,COM3D2x64_Data\level102,1644972,8CB87E43,1510
0,0,COM3D2x64_Data\level103,1113748,352991D1,1510
0,0,COM3D2x64_Data\level104,1057420,6CB604E2,1510
0,0,COM3D2x64_Data\level105,1512876,F2CA9584,1510
0,0,COM3D2x64_Data\level106,1611804,4A359115,1510
0,0,COM3D2x64_Data\level107,1055316,A71E1BED,1510
0,0,COM3D2x64_Data\level108,970860,1A414DA5,1510
0,0,COM3D2x64_Data\level109,1679812,77AE107A,1510
0,0,COM3D2x64_Data\level110,1576604,C370ECCB,1510
0,0,COM3D2x64_Data\level111,468340,C0CAA64C,1510
0,0,COM3D2x64_Data\level112,488132,00575A41,1510
0,0,COM3D2x64_Data\level113,576620,408CD4C6,1510
0,0,COM3D2x64_Data\level114,535436,C105CBBE,1510
0,0,COM3D2x64_Data\level114.resS,131232,9337BCA3,1510
0,0,COM3D2x64_Data\level115,463412,F5A1BE6A,1510
0,0,COM3D2x64_Data\level116,562628,368D238C,1510
0,0,COM3D2x64_Data\level117,486716,69D21ECC,1510
0,0,COM3D2x64_Data\level118,1734444,5F02649F,1510
0,0,COM3D2x64_Data\level119,1477068,F986056C,1510
0,0,COM3D2x64_Data\resources.assets,427634480,88A2643E,1510
0,0,COM3D2x64_Data\resources.assets.resS,1795744008,FECA947B,1510
0,0,COM3D2x64_Data\resources.resource,727392,54F90BDA,1510
0,0,COM3D2x64_Data\sharedassets0.assets,115226516,F3F097DF,1510
0,0,COM3D2x64_Data\sharedassets0.assets.resS,28071636,A1AB9432,1510
0,0,COM3D2x64_Data\sharedassets1.assets,6256,A4777B49,1510
0,0,COM3D2x64_Data\sharedassets2.assets,6292,A62699E3,1510
0,0,COM3D2x64_Data\sharedassets3.assets,7972,756F9D8E,1510
0,0,COM3D2x64_Data\sharedassets4.assets,12928,351387D9,1510
0,0,COM3D2x64_Data\sharedassets5.assets,7156,5FC7A290,1510
0,0,COM3D2x64_Data\sharedassets6.assets,6136,73E25534,1510
0,0,COM3D2x64_Data\sharedassets7.assets,6976,E446E907,1510
0,0,COM3D2x64_Data\sharedassets8.assets,6136,E267BFD3,1510
0,0,COM3D2x64_Data\sharedassets9.assets,7096,85F9CE16,1510
0,0,COM3D2x64_Data\sharedassets10.assets,6112,945D7F0D,1510
0,0,COM3D2x64_Data\sharedassets11.assets,6088,4E6F2BEF,1510
0,0,COM3D2x64_Data\sharedassets12.assets,6328,B5C40F22,1510
0,0,COM3D2x64_Data\sharedassets13.assets,6232,74BD167F,1510
0,0,COM3D2x64_Data\sharedassets14.assets,6688,36427059,1510
0,0,COM3D2x64_Data\sharedassets15.assets,4564,2A991DA6,1510
0,0,COM3D2x64_Data\sharedassets16.assets,6148,2534198E,1510
0,0,COM3D2x64_Data\sharedassets17.assets,4132,DDFC4326,1510
0,0,COM3D2x64_Data\sharedassets18.assets,6868,4B93A7EA,1510
0,0,COM3D2x64_Data\sharedassets19.assets,6232,87B5FDE1,1510
0,0,COM3D2x64_Data\sharedassets20.assets,30936252,C2EE158E,1510
0,0,COM3D2x64_Data\sharedassets21.assets,6292,00FB4D3A,1510
0,0,COM3D2x64_Data\sharedassets22.assets,48052108,4361EE55,1510
0,0,COM3D2x64_Data\sharedassets23.assets,6316,C697DA16,1510
0,0,COM3D2x64_Data\sharedassets24.assets,6376,5CE61171,1510
0,0,COM3D2x64_Data\sharedassets25.assets,6184,92C40A26,1510
0,0,COM3D2x64_Data\sharedassets26.assets,7096,83F7D96F,1510
0,0,COM3D2x64_Data\sharedassets27.assets,39516324,2FE3032F,1510
0,0,COM3D2x64_Data\sharedassets28.assets,6184,699D10FF,1510
0,0,COM3D2x64_Data\sharedassets29.assets,12676,02D771D4,1510
0,0,COM3D2x64_Data\sharedassets30.assets,6112,57BCE6E3,1510
0,0,COM3D2x64_Data\sharedassets31.assets,18126856,8DD00599,1510
0,0,COM3D2x64_Data\sharedassets32.assets,12328,D78E6B3C,1510
0,0,COM3D2x64_Data\sharedassets33.assets,4420,D3818606,1510
0,0,COM3D2x64_Data\sharedassets34.assets,4324,C4360B04,1510
0,0,COM3D2x64_Data\sharedassets35.assets,4264,7E903327,1510
0,0,COM3D2x64_Data\sharedassets36.assets,6124,CFC00234,1510
0,0,COM3D2x64_Data\sharedassets37.assets,145550548,C560CD3E,1510
0,0,COM3D2x64_Data\sharedassets38.assets,135254548,D373446D,1510
0,0,COM3D2x64_Data\sharedassets39.assets,127532548,175930AE,1510
0,0,COM3D2x64_Data\sharedassets40.assets,7228,CDC85418,1510
0,0,COM3D2x64_Data\sharedassets41.assets,6976,175FFB22,1510
0,0,COM3D2x64_Data\sharedassets42.assets,7252,35A5D2A3,1510
0,0,COM3D2x64_Data\sharedassets43.assets,9400,5D194D0D,1510
0,0,COM3D2x64_Data\sharedassets44.assets,9508,DC10C909,1510
0,0,COM3D2x64_Data\sharedassets45.assets,9496,01E400F9,1510
0,0,COM3D2x64_Data\sharedassets46.assets,8524,7C8C984A,1510
0,0,COM3D2x64_Data\sharedassets47.assets,6592,9243566F,1510
0,0,COM3D2x64_Data\sharedassets48.assets,8332,2585CEAB,1510
0,0,COM3D2x64_Data\sharedassets49.assets,792692,9863F784,1510
0,0,COM3D2x64_Data\sharedassets49.assets.resS,6506584,427886ED,1510
0,0,COM3D2x64_Data\sharedassets50.assets,141689548,BD9D9715,1510
0,0,COM3D2x64_Data\sharedassets51.assets,6580,C954257B,1510
0,0,COM3D2x64_Data\sharedassets52.assets,6748,02C696C7,1510
0,0,COM3D2x64_Data\sharedassets53.assets,6520,E7CB1CC8,1510
0,0,COM3D2x64_Data\sharedassets54.assets,6124,CF56255B,1510
0,0,COM3D2x64_Data\sharedassets55.assets,128819628,3C4346B7,1510
0,0,COM3D2x64_Data\sharedassets56.assets,9268,0D7A2FC6,1510
0,0,COM3D2x64_Data\sharedassets57.assets,9292,440FA817,1510
0,0,COM3D2x64_Data\sharedassets58.assets,12724,3E553ADE,1510
0,0,COM3D2x64_Data\sharedassets59.assets,9496,6BCFD245,1510
0,0,COM3D2x64_Data\sharedassets60.assets,9304,C36A0581,1510
0,0,COM3D2x64_Data\sharedassets61.assets,9472,4B805FA8,1510
0,0,COM3D2x64_Data\sharedassets62.assets,9508,22DA43C1,1510
0,0,COM3D2x64_Data\sharedassets63.assets,6652,88B947DE,1510
0,0,COM3D2x64_Data\sharedassets64.assets,9472,81C62224,1510
0,0,COM3D2x64_Data\sharedassets65.assets,42236540,229555A4,1510
0,0,COM3D2x64_Data\sharedassets65.assets.resS,87400,8BA6C322,1510
0,0,COM3D2x64_Data\sharedassets66.assets,38246508,B294AB7F,1510
0,0,COM3D2x64_Data\sharedassets67.assets,32874604,92418462,1510
0,0,COM3D2x64_Data\sharedassets68.assets,36735684,1BA6C471,1510
0,0,COM3D2x64_Data\sharedassets68.assets.resS,174776,5B619AF1,1510
0,0,COM3D2x64_Data\sharedassets69.assets,41277360,B617ECF5,1510
0,0,COM3D2x64_Data\sharedassets70.assets,39399112,3B7CD4E8,1510
0,0,COM3D2x64_Data\sharedassets71.assets,3017156,80A9AC30,1510
0,0,COM3D2x64_Data\sharedassets71.assets.resS,611728,7BFBEAAE,1510
0,0,COM3D2x64_Data\sharedassets72.assets,9520,D86A70E0,1510
0,0,COM3D2x64_Data\sharedassets73.assets,6520,CFB8D4E6,1510
0,0,COM3D2x64_Data\sharedassets74.assets,6520,CFB8D4E6,1510
0,0,COM3D2x64_Data\sharedassets75.assets,6520,CFB8D4E6,1510
0,0,COM3D2x64_Data\sharedassets76.assets,12616,395DDCEF,1510
0,0,COM3D2x64_Data\sharedassets77.assets,9472,4B8B8B17,1510
0,0,COM3D2x64_Data\sharedassets78.assets,6484,A0F2EFF1,1510
0,0,COM3D2x64_Data\sharedassets79.assets,59372,2EA30BF1,1510
0,0,COM3D2x64_Data\sharedassets79.assets.resS,174776,B51EE5DC,1510
0,0,COM3D2x64_Data\sharedassets80.assets,6496,13F68CE2,1510
0,0,COM3D2x64_Data\sharedassets81.assets,6736,E4400145,1510
0,0,COM3D2x64_Data\sharedassets82.assets,759672,32D713E8,1510
0,0,COM3D2x64_Data\sharedassets82.assets.resS,1310880,58801C35,1510
0,0,COM3D2x64_Data\sharedassets82.resource,1178176,90268BF4,1510
0,0,COM3D2x64_Data\sharedassets83.assets,9328,B40BA5B0,1510
0,0,COM3D2x64_Data\sharedassets84.assets,52838332,74B1F63D,1510
0,0,COM3D2x64_Data\sharedassets84.assets.resS,6226112,B3E98769,1510
0,0,COM3D2x64_Data\sharedassets85.assets,6580,DAEB5D3E,1510
0,0,COM3D2x64_Data\sharedassets86.assets,13864,5CD89493,1510
0,0,COM3D2x64_Data\sharedassets87.assets,9460,EDF93E9A,1510
0,0,COM3D2x64_Data\sharedassets88.assets,12628,535C133F,1510
0,0,COM3D2x64_Data\sharedassets89.assets,9448,8A233CCE,1510
0,0,COM3D2x64_Data\sharedassets90.assets,12640,D8B8070E,1510
0,0,COM3D2x64_Data\sharedassets91.assets,9496,01E400F9,1510
0,0,COM3D2x64_Data\sharedassets92.assets,12628,535C133F,1510
0,0,COM3D2x64_Data\sharedassets93.assets,10396,07A0DDE0,1510
0,0,COM3D2x64_Data\sharedassets94.assets,6868,0378063C,1510
0,0,COM3D2x64_Data\sharedassets95.assets,6436,F3BAA0B1,1510
0,0,COM3D2x64_Data\sharedassets96.assets,11708,1AE7E3EC,1510
0,0,COM3D2x64_Data\sharedassets96.resource,2729184,2D4064D6,1510
0,0,COM3D2x64_Data\sharedassets97.assets,11572,FE89A512,1510
0,0,COM3D2x64_Data\sharedassets98.assets,8308,32540A7A,1510
0,0,COM3D2x64_Data\sharedassets99.assets,7624,67B6FB44,1510
0,0,COM3D2x64_Data\sharedassets100.assets,353884,E575D936,1510
0,0,COM3D2x64_Data\sharedassets100.assets.resS,2272048,E50143CB,1510
0,0,COM3D2x64_Data\sharedassets100.resource,6236800,C7E9CFDE,1510
0,0,COM3D2x64_Data\sharedassets101.assets,6568312,B4359659,1510
0,0,COM3D2x64_Data\sharedassets101.assets.resS,10936,3B0D7ADF,1510
0,0,COM3D2x64_Data\sharedassets101.resource,1136352,956B5452,1510
0,0,COM3D2x64_Data\sharedassets102.assets,10264,99A06FE1,1510
0,0,COM3D2x64_Data\sharedassets103.assets,12808,5D5D6EB9,1510
0,0,COM3D2x64_Data\sharedassets104.assets,9604,DB1EA383,1510
0,0,COM3D2x64_Data\sharedassets105.assets,9724,AA9E0F08,1510
0,0,COM3D2x64_Data\sharedassets105.resource,1003968,52A085C2,1510
0,0,COM3D2x64_Data\sharedassets106.assets,12928,3CF1C9C5,1510
0,0,COM3D2x64_Data\sharedassets107.assets,12868,2D475603,1510
0,0,COM3D2x64_Data\sharedassets108.assets,9544,4CE6F744,1510
0,0,COM3D2x64_Data\sharedassets109.assets,13316,86F639F2,1510
0,0,COM3D2x64_Data\sharedassets109.resource,1166848,2709F6C2,1510
0,0,COM3D2x64_Data\sharedassets110.assets,9856,122F24C8,1510
0,0,COM3D2x64_Data\sharedassets111.assets,6664,0E2302DE,1510
0,0,COM3D2x64_Data\sharedassets112.assets,6664,0E2302DE,1510
0,0,COM3D2x64_Data\sharedassets113.assets,6628,9E18F3FB,1510
0,0,COM3D2x64_Data\sharedassets114.assets,6340,F4D7D72C,1510
0,0,COM3D2x64_Data\sharedassets115.assets,6628,9E18F3FB,1510
0,0,COM3D2x64_Data\sharedassets116.assets,6724,1880CCEF,1510
0,0,COM3D2x64_Data\sharedassets117.assets,6628,9E18F3FB,1510
0,0,COM3D2x64_Data\sharedassets118.assets,153077824,D516C31F,1510
0,0,COM3D2x64_Data\sharedassets119.assets,9532,BB08BF84,1510
0,0,GameData\motion_3d21reserve_2.arc,153931,C630D84E,1100
0,0,GameData\motion_charaevent001_2.arc,1620106,06D07D92,1250
0,0,GameData\motion_charaevent002_2.arc,529007,1EE16A3C,1310
0,0,GameData\motion_charaevent004_2.arc,1931901,7BD7A6FB,1480
0,0,GameData\motion_charaevent005_2.arc,677366,64D8BC97,1310
0,0,GameData\motion_charaevent007_2.arc,1419293,1825E020,1280
0,0,GameData\motion_cos021_2.arc,323647,5697AC81,1061
0,0,GameData\motion_denkigai2017w_2.arc,1466874,DEACF6A8,1070
0,0,GameData\motion_gp001_2.arc,44501550,AA93BEF1,1312
0,0,GameData\motion_kissnohi001_2.arc,158459,BD4D598E,1200
0,0,GameData\motion_omytgc002_2.arc,2611175,C672249A,1310
0,0,GameData\motion_omytgc013_2.arc,157707,6F04671D,1480
0,0,GameData\motion_personal_om005_2.arc,16232604,DF69DE56,1301
0,0,GameData\motion2.arc,182206657,A1DA2B66,1430
0,0,GameData\script.arc,12980976,14A19DF4,1510
0,0,GameData\script_charaevent001_2.arc,30674,FD2BB099,1090
0,0,GameData\script_charaevent002_2.arc,10754,793C2808,1270
0,0,GameData\script_charaevent002ntr_2.arc,16114,A039DACC,1150
0,0,GameData\script_charaevent003ntr_2.arc,14370,7667AFA0,1312
0,0,GameData\script_charaevent004ntr_2.arc,16450,5334480E,1220
0,0,GameData\script_charaevent006_2.arc,6850,ABCBCA52,1432
0,0,GameData\script_charaevent006ntr_2.arc,16930,6C5EBD07,1432
0,0,GameData\script_cos021_2.arc,109385,684D92BB,1140
0,0,GameData\script_cw005_2.arc,3938,CCEFCA4A,1510
0,0,GameData\script_denkigai2017w_2.arc,430750,44E8DF34,1140
0,0,GameData\script_denkigai2018s_2.arc,10274,96AE23D5,1191
0,0,GameData\script_dlc247_2.arc,26514,BF160EF4,1310
0,0,GameData\script_dlc251_2.arc,22658,0C0DAA32,1310
0,0,GameData\script_dlc255_2.arc,5922,D1AE825D,1310
0,0,GameData\script_dlc272_2.arc,8866,229A3C4C,1310
0,0,GameData\script_dlc280_2.arc,3506,0B54F783,1320
0,0,GameData\script_exm001_2.arc,2738,7DFDDDE5,1070
0,0,GameData\script_gp001_2.arc,2542111,3EB5AB8C,1510
0,0,GameData\script_gp001fb_2.arc,22546,22E1C5C9,1490
0,0,GameData\script_gp002_2.arc,1300188,A4614F39,1440
0,0,GameData\script_gp002p1_2.arc,3458,E47A3AE4,1360
0,0,GameData\script_gp002p2_2.arc,2484360,F920E0B6,1431
0,0,GameData\script_old_2.arc,597719,060E5179,1430
0,0,GameData\script_oldplus001_2.arc,42962,677656D2,1411
0,0,GameData\script_omytgc001_2.arc,54354,4F59E426,1380
0,0,GameData\script_omytgc003_2.arc,4402,0FF93434,1250
0,0,GameData\script_omytgc011_2.arc,40434,58D82FBA,1460
0,0,GameData\script_ordermade001_2.arc,126411,3631230A,1440
0,0,GameData\script_ordermade002_2.arc,55554,BFBA56C4,1460
0,0,GameData\script_ordermade003_2.arc,34818,6C576BC8,1411
0,0,GameData\script_ordermade004_2.arc,42978,219624AC,1411
0,0,GameData\script_personal_om001_2.arc,49042,91A5221D,1380
0,0,GameData\script_personal_om001plus_2.arc,37346,CA245E2F,1312
0,0,GameData\script_personal_om002_2.arc,54354,2329A940,1380
0,0,GameData\script_personal_om002plus_2.arc,29730,7AF47A76,1310
0,0,GameData\script_personal_om003_2.arc,14914,5F1C25DE,1380
0,0,GameData\script_personal_om003plus_2.arc,28226,0F69BF19,1352
0,0,GameData\script_personal_om004_2.arc,39794,70FF4315,1380
0,0,GameData\script_personal_om004plus_2.arc,5330,D62BB7FD,1352
0,0,GameData\script_personal_om005_2.arc,63266,30459F4A,1380
0,0,GameData\script_personal_om005plus_2.arc,4914,7804F397,1352
0,0,GameData\script_personal_om006_2.arc,21554,A6C87026,1380
0,0,GameData\script_personal_om007_2.arc,9106,B9C96BC7,1450
0,0,GameData\script_personal_om008_2.arc,32338,E3622556,1510
0,0,GameData\script_sp001_2.arc,2562,F985BE42,1480
0,0,GameData\voice2.arc,464998411,C4C7D8DB,1504
0,0,manual\css\close.png,1250,304A1D8C,1050
0,0,manual\css\common.css,3409,BA5B06EB,1050
0,0,manual\css\index.css,6614,38725E3B,1050
0,0,manual\css\lightbox.css,3674,9235D408,1050
0,0,manual\css\loading.gif,1279,72456323,1050
0,0,manual\css\next.png,1682,E0895D01,1050
0,0,manual\css\prev.png,1666,12F2027E,1050
0,0,manual\img\casino01.jpg,272694,C6FE6781,1050
0,0,manual\img\clubstatus.jpg,36546,DAA11F1D,1050
0,0,manual\img\com3d2_logo.png,100187,28605834,1050
0,0,manual\img\comp01.jpg,54909,F2AE5CE1,1050
0,0,manual\img\comp02.jpg,87599,493340A0,1050
0,0,manual\img\config.jpg,156802,1871EF55,1050
0,0,manual\img\dance01.jpg,305648,B87D0340,1050
0,0,manual\img\dance02.jpg,345535,27BEFAE3,1050
0,0,manual\img\edit01.jpg,312602,CB3E64D0,1050
0,0,manual\img\edit02.jpg,278318,878B2857,1050
0,0,manual\img\event01.jpg,194983,E4E03D42,1050
0,0,manual\img\facilitysetting01.jpg,338947,40D2A7D3,1050
0,0,manual\img\facilitysetting02.jpg,185709,12E0C653,1050
0,0,manual\img\facilitysetting03.jpg,267150,D08D54B7,1050
0,0,manual\img\kashizuki01.jpg,210954,8E6084EA,1050
0,0,manual\img\kashizuki02.jpg,209895,BD363567,1050
0,0,manual\img\kashizuki03.jpg,215560,D28EDBD6,1050
0,0,manual\img\kiss_logo.png,6459,7966A6E9,1050
0,0,manual\img\maidmanagement01.jpg,242517,21B3E491,1050
0,0,manual\img\maidmanagement02.jpg,140237,945D483D,1050
0,0,manual\img\maidmanagement03.jpg,208300,B7C8F3CD,1050
0,0,manual\img\mainmenu01.jpg,208641,7218A847,1060
0,0,manual\img\mainmenu02.jpg,193956,4C7EF1A8,1050
0,0,manual\img\myroom.jpg,225108,398BA2D8,1050
0,0,manual\img\myroom.psd,1301284,E3472053,1050
0,0,manual\img\reminiscence01.jpg,236014,B0302E74,1050
0,0,manual\img\schedule01.jpg,198475,6AD2FF8C,1050
0,0,manual\img\schedule02.jpg,240595,AE23B15D,1050
0,0,manual\img\shitsu_mode.jpg,166109,966737E0,1050
0,0,manual\img\shop.jpg,216722,67700EE6,1050
0,0,manual\img\studio.jpg,328576,FC7FDE83,1050
0,0,manual\img\system01.jpg,67204,A61273B1,1050
0,0,manual\img\yotogi01.jpg,283179,93847FCE,1050
0,0,manual\img\yotogi02.jpg,278963,0959D75C,1050
0,0,manual\img\yotogi03.jpg,243961,20F88D92,1050
0,0,manual\sys\common.js,240,976D3DF4,1050
0,0,manual\sys\jquery.lazy.min.js,5022,FEEB9C66,1050
0,0,manual\sys\jquery-3.1.0.min.js,86351,AE6B746B,1050
0,0,manual\sys\lightbox.js,18410,F90AE353,1050
0,0,manual\favicon.ico,370070,687492C6,1050
0,0,manual\index.html,71545,035C59F0,1060
0,0,COM3D2.exe,6607360,B7BB12CE,2006
0,0,COM3D2x64.exe,22841856,A9562BF9,1510
0,0,LICENSE,31205,24BAD003,1500
share,GameData\patch\bg_kissevent2018_sp_card_2.arc,GameData\bg_kissevent2018_sp_card_2.arc,493322,140250D1,1100
share,GameData\patch\bg_sp001_2.arc,GameData\bg_sp001_2.arc,16204240,91030B15,1000
share,GameData\patch\bg_sp004_2.arc,GameData\bg_sp004_2.arc,35284425,D79D7E66,1290
share,GameData\patch\csv.arc,GameData\csv.arc,7749677,2A5C6D13,1510
share,GameData\patch\csv_3d21reserve2_2.arc,GameData\csv_3d21reserve2_2.arc,51058,6AD913F3,1380
share,GameData\patch\csv_denkigai2018wpcard_2.arc,GameData\csv_denkigai2018wpcard_2.arc,450,CD1D6826,1331
share,GameData\patch\csv_dlc305_2.arc,GameData\csv_dlc305_2.arc,67779,3D73BCB9,1380
share,GameData\patch\csv_gp001_2.arc,GameData\csv_gp001_2.arc,89204,9BB06354,1420
share,GameData\patch\csv_jp.arc,GameData\csv_jp.arc,14963,9C524993,1470
share,GameData\patch\csv_old_2.arc,GameData\csv_old_2.arc,1746,7AD2A97C,1150
share,GameData\patch\csv_ordermade001_2.arc,GameData\csv_ordermade001_2.arc,770,422A7575,1150
share,GameData\patch\csv_personal_om006_2.arc,GameData\csv_personal_om006_2.arc,1426,AB118368,1350
share,GameData\patch\parts_cas013_2.arc,GameData\parts_cas013_2.arc,1554,314DD9D9,1480
share,GameData\patch\parts_cas014_2.arc,GameData\parts_cas014_2.arc,1554,EB2539A7,1480
share,GameData\patch\parts_com3d2cbp_2.arc,GameData\parts_com3d2cbp_2.arc,197948,415AD83E,1460
share,GameData\patch\parts_cw001cloth2_2.arc,GameData\parts_cw001cloth2_2.arc,196199,EAF4C9F1,1460
share,GameData\patch\parts_cw001cloth3_2.arc,GameData\parts_cw001cloth3_2.arc,4370,1F2FFFCD,1380
share,GameData\patch\parts_cw005cloth4_2.arc,GameData\parts_cw005cloth4_2.arc,93385493,76CDAC9F,1501
share,GameData\patch\parts_denkigai2019s_2.arc,GameData\parts_denkigai2019s_2.arc,6565399,1351B41C,1352
share,GameData\patch\parts_dlc209_2.arc,GameData\parts_dlc209_2.arc,1363413,BF1ABBC0,1171
share,GameData\patch\parts_dlc216_2.arc,GameData\parts_dlc216_2.arc,932171,E7454670,1200
share,GameData\patch\parts_dlc232_2.arc,GameData\parts_dlc232_2.arc,3682,115DEE3E,1250
share,GameData\patch\parts_dlc241_2.arc,GameData\parts_dlc241_2.arc,1618,5C4797C1,1380
share,GameData\patch\parts_dlc256_2.arc,GameData\parts_dlc256_2.arc,459473,67DE15EB,1480
share,GameData\patch\parts_dlc256ns_2.arc,GameData\parts_dlc256ns_2.arc,464943,902A8184,1480
share,GameData\patch\parts_dlc267_2.arc,GameData\parts_dlc267_2.arc,2827817,95D40D44,1480
share,GameData\patch\parts_dlc267ns_2.arc,GameData\parts_dlc267ns_2.arc,2827831,320F93A5,1480
share,GameData\patch\parts_dlc268_2.arc,GameData\parts_dlc268_2.arc,465617,1FC74BD4,1320
share,GameData\patch\parts_dlc268ns_2.arc,GameData\parts_dlc268ns_2.arc,465634,269DB210,1320
share,GameData\patch\parts_dlc279_2.arc,GameData\parts_dlc279_2.arc,6171073,DF439D14,1331
share,GameData\patch\parts_dlc301_2.arc,GameData\parts_dlc301_2.arc,2032332,7D478CC1,1510
share,GameData\patch\parts_dlc302_2.arc,GameData\parts_dlc302_2.arc,1988437,E207724F,1510
share,GameData\patch\parts_dlc303_2.arc,GameData\parts_dlc303_2.arc,2715150,2D1CFC1F,1510
share,GameData\patch\parts_dlc304_2.arc,GameData\parts_dlc304_2.arc,1704802,5CDB51EF,1510
share,GameData\patch\parts_dlc320_2.arc,GameData\parts_dlc320_2.arc,94639,DC5A14A4,1470
share,GameData\patch\parts_dlc331_2.arc,GameData\parts_dlc331_2.arc,3970,B15D6CCC,1490
share,GameData\patch\parts_gp001_2.arc,GameData\parts_gp001_2.arc,62132696,2ADBAD1F,1440
share,GameData\patch\parts_gp001fb_2.arc,GameData\parts_gp001fb_2.arc,16658,80188791,1490
share,GameData\patch\parts_karaoke001_2.arc,GameData\parts_karaoke001_2.arc,453245,11C970D3,1280
share,GameData\patch\parts_kissevent2018_2.arc,GameData\parts_kissevent2018_2.arc,5570,005BBD00,1100
share,GameData\patch\parts_magazine003_2.arc,GameData\parts_magazine003_2.arc,201385,3A5B273D,1120
share,GameData\patch\parts_omvr.arc,GameData\parts_omvr.arc,3206509,4F0D0480,1120
share,GameData\patch\parts_personal_om003_2.arc,GameData\parts_personal_om003_2.arc,78703,5113D874,1460
share,GameData\patch\parts_personal_om006_2.arc,GameData\parts_personal_om006_2.arc,307194,3FCB0A15,1331
share,GameData\patch\parts_shop016_2.arc,GameData\parts_shop016_2.arc,171410,3D70CEC4,1060
share,GameData\patch\parts_sp002cloth1_2.arc,GameData\parts_sp002cloth1_2.arc,10930,46512519,1250
share,GameData\patch\parts_sp002cloth2_2.arc,GameData\parts_sp002cloth2_2.arc,1825089,3BCD25A8,1352
share,GameData\patch\parts_sp003cloth3_2.arc,GameData\parts_sp003cloth3_2.arc,2971010,1DD812CE,1410
share,GameData\patch\parts_sp005cloth2_2.arc,GameData\parts_sp005cloth2_2.arc,303977,DCB548A3,1460
share,GameData\patch\parts_vac001_2.arc,GameData\parts_vac001_2.arc,6706,959CBD1B,1250
share,GameData\patch\parts2.arc,GameData\parts2.arc,164504639,25787618,1480
share,GameData\patch\paths.dat,GameData\paths.dat,9078,652F10BC,1510
share,GameData\patch\prioritymaterial.arc,GameData\prioritymaterial.arc,416935,02D4557C,1510
share,GameData\patch\script_share_karaoke_2.arc,GameData\script_share_karaoke_2.arc,8354,23EC7857,1500
share,GameData\patch\sound2.arc,GameData\sound2.arc,6181152,2D5B88B7,1501
share,GameData\patch\system_gp001_2.arc,GameData\system_gp001_2.arc,7478491,A3D9E534,1420
share,GameData\patch\system_gp002_2.arc,GameData\system_gp002_2.arc,3352431,A85DA78B,1350
share,GameData\patch\system2.arc,GameData\system2.arc,14893779,79F4EBEC,1501
share,GameData\patch\voice_gp001_2.arc,GameData\voice_gp001_2.arc,128499501,74943317,1270
share,GameData\patch\voice_personal_om005_2.arc,GameData\voice_personal_om005_2.arc,77014392,941AFD15,1420
share,GameData\patch\voice_personal_om008_2.arc,GameData\voice_personal_om008_2.arc,536157,7ADCFB18,1460
share,GameData_20\bg_vp001_2.arc,GameData_20\bg_vp001_2.arc,283046,A7A90EE1,1190
share,GameData_20\material_denkigai2015s003_2.arc,GameData_20\material_denkigai2015s003_2.arc,7106,0C82D791,1150
share,GameData_20\material_denkigai2015w_2.arc,GameData_20\material_denkigai2015w_2.arc,3490,F06AAABE,1090
share,GameData_20\material_denkigai2015wTowelR.arc,GameData_20\material_denkigai2015wTowelR.arc,1602,618192B9,1360
share,GameData_20\material_dlc055_2.arc,GameData_20\material_dlc055_2.arc,5282,11A93109,1280
share,GameData_20\material_dlc195_2.arc,GameData_20\material_dlc195_2.arc,1746,ECFBFE17,1090
share,GameData_20\material_dlcdenkigai2015w_2.arc,GameData_20\material_dlcdenkigai2015w_2.arc,3522,D35394D7,1090
share,GameData_20\material_dlcdenkigai2017w_2.arc,GameData_20\material_dlcdenkigai2017w_2.arc,3506,40FF8AFA,1090
share,GameData_20\material_dlsite_2.arc,GameData_20\material_dlsite_2.arc,1762,C5A837EA,1150
share,GameData_20\material_kissevent2017march_2.arc,GameData_20\material_kissevent2017march_2.arc,3538,7A6FC5CF,1090
share,GameData_20\material_shop001_2.arc,GameData_20\material_shop001_2.arc,1762,D98CED1C,1150
share,GameData_20\material_shop002_2.arc,GameData_20\material_shop002_2.arc,1762,956BB00E,1150
share,GameData_20\material_shop003_2.arc,GameData_20\material_shop003_2.arc,1762,38CEBFF2,1150
share,GameData_20\material_shop005_2.arc,GameData_20\material_shop005_2.arc,1714,3E621A32,1150
share,GameData_20\material_shop007_2.arc,GameData_20\material_shop007_2.arc,2578,C8CE627C,1150
share,GameData_20\material_vp001_2.arc,GameData_20\material_vp001_2.arc,11890,8CB043B0,1400
share,GameData_20\material_yomeido003_2.arc,GameData_20\material_yomeido003_2.arc,1522,0689A7AC,1240
share,GameData_20\menu_denkigai2015s001_2.arc,GameData_20\menu_denkigai2015s001_2.arc,6594,8B3E849F,1160
share,GameData_20\menu_denkigai2015s003_2.arc,GameData_20\menu_denkigai2015s003_2.arc,4338,D294CE88,1150
share,GameData_20\menu_denkigai2015wTowelR.arc,GameData_20\menu_denkigai2015wTowelR.arc,1282,CECEE1FC,1360
share,GameData_20\menu_denkigai2016s_2.arc,GameData_20\menu_denkigai2016s_2.arc,1346,4A9440B1,1351
share,GameData_20\menu_denkigai2016w_2.arc,GameData_20\menu_denkigai2016w_2.arc,15154,C8D64D3B,1450
share,GameData_20\menu_denkigai2017s_2.arc,GameData_20\menu_denkigai2017s_2.arc,1218,267B1338,1540
share,GameData_20\menu_dlc026_2.arc,GameData_20\menu_dlc026_2.arc,3778,69453D54,1190
share,GameData_20\menu_dlc028_2.arc,GameData_20\menu_dlc028_2.arc,3874,DE3F1C31,1200
share,GameData_20\menu_dlc041_2.arc,GameData_20\menu_dlc041_2.arc,6786,97F738D3,1380
share,GameData_20\menu_dlc042_2.arc,GameData_20\menu_dlc042_2.arc,1154,EE4016C0,1440
share,GameData_20\menu_dlc049_2.arc,GameData_20\menu_dlc049_2.arc,3106,E30D6F4C,1522
share,GameData_20\menu_dlc061_2.arc,GameData_20\menu_dlc061_2.arc,3810,F99C1D4E,1290
share,GameData_20\menu_dlc065_2.arc,GameData_20\menu_dlc065_2.arc,7602,D9387834,1380
share,GameData_20\menu_dlc074_2.arc,GameData_20\menu_dlc074_2.arc,5618,24C559D7,1312
share,GameData_20\menu_dlc100_2.arc,GameData_20\menu_dlc100_2.arc,1250,DFF94E9A,1400
share,GameData_20\menu_dlc101_2.arc,GameData_20\menu_dlc101_2.arc,1218,44DB4049,1481
share,GameData_20\menu_dlc195_2.arc,GameData_20\menu_dlc195_2.arc,1170,BF163DDC,1090
share,GameData_20\menu_dlcdenkigai2016w_2.arc,GameData_20\menu_dlcdenkigai2016w_2.arc,13522,45E7F667,1450
share,GameData_20\menu_dlcdenkigai2017s_2.arc,GameData_20\menu_dlcdenkigai2017s_2.arc,1218,A6C83B5D,1540
share,GameData_20\menu_dlsite_2.arc,GameData_20\menu_dlsite_2.arc,1954,B2268BA7,1150
share,GameData_20\menu_kissevent2017march.arc,GameData_20\menu_kissevent2017march.arc,281,FF4EEB9B,1522
share,GameData_20\menu_kissevent2017march_2.arc,GameData_20\menu_kissevent2017march_2.arc,106624,14291926,1631
share,GameData_20\menu_magazine002_2.arc,GameData_20\menu_magazine002_2.arc,12498,691C1126,1471
share,GameData_20\menu_personal002_2.arc,GameData_20\menu_personal002_2.arc,1282,5687650C,1310
share,GameData_20\menu_shop001_2.arc,GameData_20\menu_shop001_2.arc,3314,35207C87,1150
share,GameData_20\menu_shop005_2.arc,GameData_20\menu_shop005_2.arc,1378,0C9AF725,1150
share,GameData_20\menu_vp001_2.arc,GameData_20\menu_vp001_2.arc,19138,7C7AFD9C,1400
share,GameData_20\menu_yomeido003_2.arc,GameData_20\menu_yomeido003_2.arc,1234,4D6F619D,1240
share,GameData_20\menu_yomeidogp_wedding_2.arc,GameData_20\menu_yomeidogp_wedding_2.arc,3954,C251B12C,1320
share,GameData_20\model_denkigai2015s003_2.arc,GameData_20\model_denkigai2015s003_2.arc,394665,41A48185,1150
share,GameData_20\model_denkigai2015w_2.arc,GameData_20\model_denkigai2015w_2.arc,174373,F9233759,1090
share,GameData_20\model_denkigai2015wTowelR.arc,GameData_20\model_denkigai2015wTowelR.arc,38258,FB570A24,1360
share,GameData_20\model_denkigai2017s_2.arc,GameData_20\model_denkigai2017s_2.arc,462663,8917104A,1582
share,GameData_20\model_dlc005_2.arc,GameData_20\model_dlc005_2.arc,175424,F7DD7D82,1270
share,GameData_20\model_dlc046_2.arc,GameData_20\model_dlc046_2.arc,155690,83B34173,1220
share,GameData_20\model_dlc073_2.arc,GameData_20\model_dlc073_2.arc,267037,47D33A06,1320
share,GameData_20\model_dlc100_2.arc,GameData_20\model_dlc100_2.arc,691347,7C3D679D,1400
share,GameData_20\model_dlc109_2.arc,GameData_20\model_dlc109_2.arc,137998,8FCCF513,1460
share,GameData_20\model_dlc151_2.arc,GameData_20\model_dlc151_2.arc,213532,8C3C80C3,1520
share,GameData_20\model_dlc195_2.arc,GameData_20\model_dlc195_2.arc,583563,16C95E54,1090
share,GameData_20\model_dlcdenkigai2015w_2.arc,GameData_20\model_dlcdenkigai2015w_2.arc,174400,BE6E5467,1090
share,GameData_20\model_dlcdenkigai2017s_2.arc,GameData_20\model_dlcdenkigai2017s_2.arc,462667,9F0C3D54,1582
share,GameData_20\model_dlcdenkigai2017w_2.arc,GameData_20\model_dlcdenkigai2017w_2.arc,181384,6D5B735E,1090
share,GameData_20\model_dlsite_2.arc,GameData_20\model_dlsite_2.arc,197173,24366C43,1150
share,GameData_20\model_kissevent2017march_2.arc,GameData_20\model_kissevent2017march_2.arc,190682,21F32FCB,1090
share,GameData_20\model_shop001_2.arc,GameData_20\model_shop001_2.arc,115215,9C941FAF,1150
share,GameData_20\model_shop002_2.arc,GameData_20\model_shop002_2.arc,251253,743C3D97,1150
share,GameData_20\model_shop003_2.arc,GameData_20\model_shop003_2.arc,185433,A15EC70A,1150
share,GameData_20\model_shop005_2.arc,GameData_20\model_shop005_2.arc,150103,FB5341FA,1150
share,GameData_20\model_shop007_2.arc,GameData_20\model_shop007_2.arc,288759,80615CBD,1150
share,GameData_20\model_vp001_2.arc,GameData_20\model_vp001_2.arc,647957,D68B5D2F,1400
share,GameData_20\paths.dat,GameData_20\paths.dat,5091,D094E2BE,1580
share,GameData_20\prioritymaterial.arc,GameData_20\prioritymaterial.arc,221488,580931AC,1582
share,GameData_20\texture_denkigai2015wTowelR.arc,GameData_20\texture_denkigai2015wTowelR.arc,133065,FE4BDC34,1360
share,GameData_20\texture_denkigai2016w_2.arc,GameData_20\texture_denkigai2016w_2.arc,10105247,3B4641C3,1450
share,GameData_20\texture_dlc004_2.arc,GameData_20\texture_dlc004_2.arc,4805734,C8E5CFB4,1200
share,GameData_20\texture_dlc046_2.arc,GameData_20\texture_dlc046_2.arc,596960,FC606BA5,1220
share,GameData_20\texture_dlc195_2.arc,GameData_20\texture_dlc195_2.arc,16075880,456A4C76,1090
share,GameData_20\texture_dlcdenkigai2016w_2.arc,GameData_20\texture_dlcdenkigai2016w_2.arc,10105332,90868016,1450
share,GameData_20\texture_kissevent2017march.arc,GameData_20\texture_kissevent2017march.arc,281,FF4EEB9B,1522
share,GameData_20\texture_kissevent2017march_2.arc,GameData_20\texture_kissevent2017march_2.arc,79432604,C7DD457A,1631
share,GameData_20\texture_vp001_2.arc,GameData_20\texture_vp001_2.arc,755269,18D5027D,1400
share,GameData_20\texture_yomeido003_2.arc,GameData_20\texture_yomeido003_2.arc,117248,0EE72B42,1240
