0,0,CM3D2OHx64_Data\Managed\Accessibility.dll,10752,594EE943,1680
0,0,CM3D2OHx64_Data\Managed\Assembly-CSharp.dll,3252736,28310797,1680
0,0,CM3D2OHx64_Data\Managed\Assembly-CSharp-firstpass.dll,780288,5B6797AB,1680
0,0,CM3D2OHx64_Data\Managed\Assembly-UnityScript-firstpass.dll,65024,D4C2821E,1680
0,0,CM3D2OHx64_Data\Managed\Boo.Lang.dll,126976,9ADD3789,1680
0,0,CM3D2OHx64_Data\Managed\FoveUnityPlugin.dll,28672,A6EA882B,1680
0,0,CM3D2OHx64_Data\Managed\Ionic.Zlib.dll,102400,7C9E7DD2,1680
0,0,CM3D2OHx64_Data\Managed\JsonFx.Json.dll,70144,A0F0CFCB,1680
0,0,CM3D2OHx64_Data\Managed\LeapCSharp.NET3.5.dll,82432,38E38212,1680
0,0,CM3D2OHx64_Data\Managed\Mono.Data.Tds.dll,96256,DDA7BAB7,1680
0,0,CM3D2OHx64_Data\Managed\Mono.Posix.dll,184320,C7063ABB,1680
0,0,CM3D2OHx64_Data\Managed\Mono.Security.dll,294912,8C7E67B3,1680
0,0,CM3D2OHx64_Data\Managed\Mono.WebBrowser.dll,172032,541986C3,1680
0,0,CM3D2OHx64_Data\Managed\mscorlib.dll,2589696,AFA570E5,1680
0,0,CM3D2OHx64_Data\Managed\System.Configuration.dll,124928,D5F2A804,1680
0,0,CM3D2OHx64_Data\Managed\System.Core.dll,297472,BCE2218F,1680
0,0,CM3D2OHx64_Data\Managed\System.Data.dll,856064,F1D38D2E,1680
0,0,CM3D2OHx64_Data\Managed\System.dll,1679360,288F722A,1680
0,0,CM3D2OHx64_Data\Managed\System.Drawing.Design.dll,29696,E7B53FF9,1680
0,0,CM3D2OHx64_Data\Managed\System.Drawing.dll,448512,C4B2E872,1680
0,0,CM3D2OHx64_Data\Managed\System.EnterpriseServices.dll,46592,75A19B93,1680
0,0,CM3D2OHx64_Data\Managed\System.Security.dll,135168,365C74A7,1680
0,0,CM3D2OHx64_Data\Managed\System.Transactions.dll,27648,203D65C1,1680
0,0,CM3D2OHx64_Data\Managed\System.Windows.Forms.dll,3053568,56394001,1680
0,0,CM3D2OHx64_Data\Managed\System.Xml.dll,1270272,9B79033F,1680
0,0,CM3D2OHx64_Data\Managed\System.Xml.Linq.dll,106496,B3ACF139,1680
0,0,CM3D2OHx64_Data\Managed\UnityEngine.dll,972800,B3EB425F,1680
0,0,CM3D2OHx64_Data\Managed\UnityEngine.dll.mdb,353934,02424F6C,1680
0,0,CM3D2OHx64_Data\Managed\UnityEngine.Networking.dll,230912,EBC88F56,1680
0,0,CM3D2OHx64_Data\Managed\UnityEngine.UI.dll,219136,8E43BC11,1680
0,0,CM3D2OHx64_Data\Managed\UnityScript.Lang.dll,14336,13EE284D,1680
0,0,CM3D2OHx64_Data\Managed\zxing.unity.dll,430592,9FD1F198,1680
0,0,CM3D2OHx64_Data\Mono\etc\mono\1.0\DefaultWsdlHelpGenerator.aspx,58196,10E814BF,1680
0,0,CM3D2OHx64_Data\Mono\etc\mono\1.0\machine.config,17258,EDE1AC59,1680
0,0,CM3D2OHx64_Data\Mono\etc\mono\2.0\Browsers\Compat.browser,1605,2E178A0B,1680
0,0,CM3D2OHx64_Data\Mono\etc\mono\2.0\DefaultWsdlHelpGenerator.aspx,60453,F3869A34,1680
0,0,CM3D2OHx64_Data\Mono\etc\mono\2.0\machine.config,27625,73C91C24,1680
0,0,CM3D2OHx64_Data\Mono\etc\mono\2.0\settings.map,2618,A1A3C29F,1680
0,0,CM3D2OHx64_Data\Mono\etc\mono\2.0\web.config,11686,534A9960,1680
0,0,CM3D2OHx64_Data\Mono\etc\mono\mconfig\config.xml,25817,80B2033A,1680
0,0,CM3D2OHx64_Data\Mono\etc\mono\browscap.ini,311984,CE6C0AB3,1680
0,0,CM3D2OHx64_Data\Mono\etc\mono\config,1691,A635914A,1680
0,0,CM3D2OHx64_Data\Mono\mono.dll,2612696,2A5A1006,1680
0,0,CM3D2OHx64_Data\Plugins\AVProVideo.dll,813056,60B54FA5,1680
0,0,CM3D2OHx64_Data\Plugins\cm3d2_hole_x64.dll,366592,ADDE8928,1680
0,0,CM3D2OHx64_Data\Plugins\cm3d2_x64.dll,1545216,E57EE95D,1680
0,0,CM3D2OHx64_Data\Plugins\device_hook.dll,401920,34332562,1680
0,0,CM3D2OHx64_Data\Plugins\FoveClient.dll,1849384,58C8B4F6,1680
0,0,CM3D2OHx64_Data\Plugins\LeapC.dll,2516992,FBDD3767,1680
0,0,CM3D2OHx64_Data\Plugins\openvr_api.dll,318272,44432E0F,1680
0,0,CM3D2OHx64_Data\Plugins\OVRGamepad.dll,12800,2C526135,1680
0,0,CM3D2OHx64_Data\Plugins\OVRPlugin.dll,1894312,38EDD831,1680
0,0,CM3D2OHx64_Data\Resources\unity default resources,1544700,7137E221,1680
0,0,CM3D2OHx64_Data\Resources\unity_builtin_extra,142196,DF9A5755,1680
0,0,CM3D2OHx64_Data\globalgamemanagers,2245588,E2DB3B6E,1680
0,0,CM3D2OHx64_Data\globalgamemanagers.assets,163484,C25FE69F,1680
0,0,CM3D2OHx64_Data\level0,276868,88596FBE,1680
0,0,CM3D2OHx64_Data\level1,294860,BFB2B2F5,1680
0,0,CM3D2OHx64_Data\level2,377596,E12C883C,1680
0,0,CM3D2OHx64_Data\level3,684916,BBB5C902,1680
0,0,CM3D2OHx64_Data\level4,707980,9FFC3C05,1680
0,0,CM3D2OHx64_Data\level5,277916,13EB5CF8,1680
0,0,CM3D2OHx64_Data\level6,321988,60C89A38,1680
0,0,CM3D2OHx64_Data\level7,277420,59F1F2EE,1680
0,0,CM3D2OHx64_Data\level8,304852,54B01E0E,1680
0,0,CM3D2OHx64_Data\level9,278436,CF4F09C4,1680
0,0,CM3D2OHx64_Data\level10,651956,11636211,1680
0,0,CM3D2OHx64_Data\level11,4640,1ABC81CC,1680
0,0,CM3D2OHx64_Data\level12,279476,E0D6119B,1680
0,0,CM3D2OHx64_Data\level13,4640,92C5ACFE,1680
0,0,CM3D2OHx64_Data\level14,297596,81039506,1680
0,0,CM3D2OHx64_Data\level15,397588,4CB5ACB4,1680
0,0,CM3D2OHx64_Data\level16,539084,3EDD02C7,1680
0,0,CM3D2OHx64_Data\level17,303012,B4C31CF8,1680
0,0,CM3D2OHx64_Data\level18,625476,C4388FF5,1680
0,0,CM3D2OHx64_Data\level19,362924,0C8A0185,1680
0,0,CM3D2OHx64_Data\level20,747940,5C205A6A,1680
0,0,CM3D2OHx64_Data\level21,1416444,6CF72D31,1680
0,0,CM3D2OHx64_Data\level22,607148,559C2480,1680
0,0,CM3D2OHx64_Data\level23,700116,9F957388,1680
0,0,CM3D2OHx64_Data\level24,931340,43226A8E,1680
0,0,CM3D2OHx64_Data\level25,792268,D5B1346F,1680
0,0,CM3D2OHx64_Data\level26,639428,DBAC8D67,1680
0,0,CM3D2OHx64_Data\level27,914484,07E047EB,1680
0,0,CM3D2OHx64_Data\level28,632596,7C395A79,1680
0,0,CM3D2OHx64_Data\level29,855252,52589FD8,1680
0,0,CM3D2OHx64_Data\level30,405220,3CB70603,1680
0,0,CM3D2OHx64_Data\level31,27784,8A662C31,1680
0,0,CM3D2OHx64_Data\level31.resS,131232,EB296BB9,1680
0,0,CM3D2OHx64_Data\level32,38492,4EB9D920,1680
0,0,CM3D2OHx64_Data\level33,44076,AD6B122C,1680
0,0,CM3D2OHx64_Data\level34,39992,DA8D66A8,1680
0,0,CM3D2OHx64_Data\level35,277756,9B930B59,1680
0,0,CM3D2OHx64_Data\level36,644740,64A3720C,1680
0,0,CM3D2OHx64_Data\level37,356012,E6137E20,1680
0,0,CM3D2OHx64_Data\level38,352612,D723A755,1680
0,0,CM3D2OHx64_Data\level39,346148,E312F091,1680
0,0,CM3D2OHx64_Data\level40,409644,777CD3DC,1680
0,0,CM3D2OHx64_Data\level41,422012,4645EAA8,1680
0,0,CM3D2OHx64_Data\level42,398628,4A47E7BC,1680
0,0,CM3D2OHx64_Data\resources.assets,281314572,1CF8131F,1680
0,0,CM3D2OHx64_Data\resources.assets.resS,578372716,0DAD6FD5,1680
0,0,CM3D2OHx64_Data\sharedassets0.assets,16483168,3761835F,1680
0,0,CM3D2OHx64_Data\sharedassets0.assets.resS,121728032,BCB828A4,1680
0,0,CM3D2OHx64_Data\sharedassets1.assets,5956,86A06289,1680
0,0,CM3D2OHx64_Data\sharedassets2.assets,6172,E210699D,1680
0,0,CM3D2OHx64_Data\sharedassets3.assets,1310280,D6EEF7BA,1680
0,0,CM3D2OHx64_Data\sharedassets4.assets,6484,F6B67EB0,1680
0,0,CM3D2OHx64_Data\sharedassets5.assets,5824,6A03C8BA,1680
0,0,CM3D2OHx64_Data\sharedassets6.assets,6364,FBDA8BBE,1680
0,0,CM3D2OHx64_Data\sharedassets7.assets,5800,0BAE4F2F,1680
0,0,CM3D2OHx64_Data\sharedassets8.assets,5824,DDD4548D,1680
0,0,CM3D2OHx64_Data\sharedassets9.assets,5848,FE71229E,1680
0,0,CM3D2OHx64_Data\sharedassets10.assets,6388,7FA697D9,1680
0,0,CM3D2OHx64_Data\sharedassets11.assets,4132,740B4B07,1680
0,0,CM3D2OHx64_Data\sharedassets12.assets,5860,13D602B4,1680
0,0,CM3D2OHx64_Data\sharedassets13.assets,4132,E075D9A7,1680
0,0,CM3D2OHx64_Data\sharedassets14.assets,6580,655E16A1,1680
0,0,CM3D2OHx64_Data\sharedassets15.assets,5824,7142A0FB,1680
0,0,CM3D2OHx64_Data\sharedassets16.assets,215320,B31351C2,1680
0,0,CM3D2OHx64_Data\sharedassets16.assets.resS,51968,C41BC4E7,1680
0,0,CM3D2OHx64_Data\sharedassets17.assets,5896,98BB591A,1680
0,0,CM3D2OHx64_Data\sharedassets18.assets,74200,CB346263,1680
0,0,CM3D2OHx64_Data\sharedassets19.assets,6028,F01705CB,1680
0,0,CM3D2OHx64_Data\sharedassets20.assets,8164,514E625A,1680
0,0,CM3D2OHx64_Data\sharedassets21.assets,6604,D0C8CD06,1680
0,0,CM3D2OHx64_Data\sharedassets22.assets,39511744,18A1DC26,1680
0,0,CM3D2OHx64_Data\sharedassets23.assets,67700992,F164D00D,1680
0,0,CM3D2OHx64_Data\sharedassets24.assets,67690216,755F26B8,1680
0,0,CM3D2OHx64_Data\sharedassets25.assets,47233852,B69E664A,1680
0,0,CM3D2OHx64_Data\sharedassets25.resource,3813344,7B95E5D4,1680
0,0,CM3D2OHx64_Data\sharedassets26.assets,80175012,E1CF2744,1680
0,0,CM3D2OHx64_Data\sharedassets27.assets,84139396,DC59CD6E,1680
0,0,CM3D2OHx64_Data\sharedassets28.assets,48988508,B9E8748C,1680
0,0,CM3D2OHx64_Data\sharedassets29.assets,111395772,0F7AF3D3,1680
0,0,CM3D2OHx64_Data\sharedassets29.assets.resS,7296672,0E6CF936,1680
0,0,CM3D2OHx64_Data\sharedassets30.assets,55916816,51ACE0B7,1680
0,0,CM3D2OHx64_Data\sharedassets31.assets,27512,CC8FD835,1680
0,0,CM3D2OHx64_Data\sharedassets31.assets.resS,174776,7D821248,1680
0,0,CM3D2OHx64_Data\sharedassets32.assets,55004,9E4E8043,1680
0,0,CM3D2OHx64_Data\sharedassets32.assets.resS,786464,17681AC8,1680
0,0,CM3D2OHx64_Data\sharedassets33.assets,4432,1FF8C59F,1680
0,0,CM3D2OHx64_Data\sharedassets34.assets,1032148,CD4A9831,1680
0,0,CM3D2OHx64_Data\sharedassets34.assets.resS,5417776,A41251E2,1680
0,0,CM3D2OHx64_Data\sharedassets35.assets,5836,08787D54,1680
0,0,CM3D2OHx64_Data\sharedassets36.assets,130769172,98B0A69A,1680
0,0,CM3D2OHx64_Data\sharedassets37.assets,86031244,431B78CC,1680
0,0,CM3D2OHx64_Data\sharedassets37.assets.resS,87400,0DB2AE3E,1680
0,0,CM3D2OHx64_Data\sharedassets38.assets,77322220,BEE7CEFB,1680
0,0,CM3D2OHx64_Data\sharedassets39.assets,83356072,BAD5EDF8,1680
0,0,CM3D2OHx64_Data\sharedassets40.assets,81435928,7A82F595,1680
0,0,CM3D2OHx64_Data\sharedassets40.assets.resS,174776,08EE0C0E,1680
0,0,CM3D2OHx64_Data\sharedassets41.assets,75087788,ADF30693,1680
0,0,CM3D2OHx64_Data\sharedassets42.assets,66802316,6B876ADF,1680
0,0,GameData\csv_cbl.arc,789556,0E639397,1697
0,0,GameData\motion_cbl_3d21reserve_2.arc,153695,115A5573,1590
0,0,GameData\motion_cbl_addpose001.arc,902201,447E5863,1220
0,0,GameData\motion_cbl_denkigai2016sOkou_2.arc,3995894,0D95C322,1540
0,0,GameData\motion_cbl_denkigai2017w_2.arc,495249,EFAA6DB8,1590
0,0,GameData\motion_cbl_denkigai2019s_2.arc,753520,6B178D48,1672
0,0,GameData\motion_cbl_pp002_2.arc,62463881,9CEF1E84,1360
0,0,GameData\motion_cbl_vp001_2.arc,141603,80D0D160,1160
0,0,GameData\motion_cbl_ytgc002_2.arc,2475220,008FABF0,1160
0,0,GameData\motion_cbl_ytgc003_2.arc,296091,68096F71,1340
0,0,GameData\motion_cbl_ytgc012_2.arc,1627105,BDF311CC,1540
0,0,GameData\motion_cbl2.arc,39147788,94600C7D,1610
0,0,GameData\script_cbl.arc,3640332,74A4C919,16970
0,0,GameData\script_cbl_addpose001.arc,1219,0C884F57,1220
0,0,GameData\script_cbl_denkigai2016s_2.arc,81434,8C81CD11,1370
0,0,GameData\script_cbl_denkigai2016sSukumizu_2.arc,28002,5783CE35,1370
0,0,GameData\script_cbl_personal001.arc,333,811BEAE8,1
0,0,GameData\script_cbl_personal001_2.arc,625052,215396EB,1611
0,0,GameData\script_cbl_personal002_2.arc,166886,F7E3EB78,1610
0,0,GameData\script_cbl_personal003_2.arc,396946,B189C32B,1610
0,0,GameData\script_cbl_personal004_2.arc,160622,04EE02E6,1610
0,0,GameData\script_cbl_ytgc013_2.arc,56402,E88B36D7,1673
0,0,GameData\system_cbl.arc,535,0B028230,1419
0,0,GameData\voice_cbl2.arc,20099011,B8440DE3,1610
0,0,manual\data\005.png,459612,3AF928C5,1170
0,0,manual\data\010.png,800070,5269304C,1170
0,0,CM3D2OH.exe,7485440,3AE3DEAF,1010
0,0,CM3D2OHx64.exe,20649984,0A92CEB6,1680
0,0,CM3D2OHx64_VR.bat,78,B607902C,1672
0,0,LICENSE,25204,17CCA6C1,1672
share,GameData\patch\bg_pp001_2.arc,GameData\bg_pp001_2.arc,1237157,C9D912F7,1220
share,GameData\patch\csv.arc,GameData\csv.arc,4127677,12818BB8,1698
share,GameData\patch\csv_addpose001.arc,GameData\csv_addpose001.arc,1235,D06FCA6D,1220
share,GameData\patch\csv_pp001_2.arc,GameData\csv_pp001_2.arc,10034,29181748,1370
share,GameData\patch\csv_pp002_2.arc,GameData\csv_pp002_2.arc,450,65BCF215,1462
share,GameData\patch\csv_urayome001_2.arc,GameData\csv_urayome001_2.arc,1714,1D92B577,1401
share,GameData\patch\csv_vp001_2.arc,GameData\csv_vp001_2.arc,2082,25E58CEB,1160
share,GameData\patch\csv_vrcom_2.arc,GameData\csv_vrcom_2.arc,5650,BC36D221,1510
share,GameData\patch\material_cw005cloth4_2.arc,GameData\material_cw005cloth4_2.arc,31586,74059A93,1661
share,GameData\patch\material_denkigai2015s003_2.arc,GameData\material_denkigai2015s003_2.arc,7106,0C82D791,1150
share,GameData\patch\material_denkigai2015wTowelR.arc,GameData\material_denkigai2015wTowelR.arc,1602,618192B9,1360
share,GameData\patch\material_denkigai2017w_2.arc,GameData\material_denkigai2017w_2.arc,4290,0748142E,1674
share,GameData\patch\material_denkigai2017wtshirt_2.arc,GameData\material_denkigai2017wtshirt_2.arc,2418,F6E9FB90,1674
share,GameData\patch\material_denkigai2019stshirt_2.arc,GameData\material_denkigai2019stshirt_2.arc,1586,BA3332E0,1680
share,GameData\patch\material_dlc055_2.arc,GameData\material_dlc055_2.arc,5282,11A93109,1280
share,GameData\patch\material_dlc107_2.arc,GameData\material_dlc107_2.arc,5218,F9837138,1590
share,GameData\patch\material_dlc256_2.arc,GameData\material_dlc256_2.arc,3378,CFF1F232,1673
share,GameData\patch\material_dlc267_2.arc,GameData\material_dlc267_2.arc,5186,11ED6A88,1673
share,GameData\patch\material_dlc278_2.arc,GameData\material_dlc278_2.arc,3794,94EE71BB,1651
share,GameData\patch\material_dlc353_2.arc,GameData\material_dlc353_2.arc,1762,C3E9BB20,1673
share,GameData\patch\material_dlc356_2.arc,GameData\material_dlc356_2.arc,38338,802E0C1D,1674
share,GameData\patch\material_dlc357_2.arc,GameData\material_dlc357_2.arc,55938,3D8DE6D9,1674
share,GameData\patch\material_dlc358_2.arc,GameData\material_dlc358_2.arc,18754,C73B56B1,1673
share,GameData\patch\material_dlc359_2.arc,GameData\material_dlc359_2.arc,35026,E141B1FB,1674
share,GameData\patch\material_dlc363_2.arc,GameData\material_dlc363_2.arc,3794,14C1B1A5,1673
share,GameData\patch\material_dlcdenkigai2017w_2.arc,GameData\material_dlcdenkigai2017w_2.arc,4322,13A2A5F9,1674
share,GameData\patch\material_dlsite_2.arc,GameData\material_dlsite_2.arc,1762,C5A837EA,1150
share,GameData\patch\material_kissevent2017march_2.arc,GameData\material_kissevent2017march_2.arc,4674,8D9C5966,1680
share,GameData\patch\material_shop001_2.arc,GameData\material_shop001_2.arc,1762,D98CED1C,1150
share,GameData\patch\material_shop002_2.arc,GameData\material_shop002_2.arc,1762,956BB00E,1150
share,GameData\patch\material_shop003_2.arc,GameData\material_shop003_2.arc,1762,38CEBFF2,1150
share,GameData\patch\material_shop005_2.arc,GameData\material_shop005_2.arc,1714,3E621A32,1150
share,GameData\patch\material_shop007_2.arc,GameData\material_shop007_2.arc,2578,C8CE627C,1150
share,GameData\patch\material_sp005cloth2_2.arc,GameData\material_sp005cloth2_2.arc,1810,3AE810F9,1641
share,GameData\patch\material_vac001_2.arc,GameData\material_vac001_2.arc,5266,46CD10D7,1673
share,GameData\patch\material_vp001_2.arc,GameData\material_vp001_2.arc,11890,8CB043B0,1400
share,GameData\patch\material_vr.arc,GameData\material_vr.arc,6184,D2EAFD73,130
share,GameData\patch\material_yomeido003_2.arc,GameData\material_yomeido003_2.arc,1522,0689A7AC,1240
share,GameData\patch\material2.arc,GameData\material2.arc,229553,49B4B478,1640
share,GameData\patch\menu_cas005_2.arc,GameData\menu_cas005_2.arc,3314,B1151824,1674
share,GameData\patch\menu_cas017_2.arc,GameData\menu_cas017_2.arc,3890,E49C2415,1674
share,GameData\patch\menu_cas031_2.arc,GameData\menu_cas031_2.arc,3906,7CC4BAC7,1673
share,GameData\patch\menu_cas044_2.arc,GameData\menu_cas044_2.arc,3218,C0415674,1673
share,GameData\patch\menu_cas062_2.arc,GameData\menu_cas062_2.arc,3138,17F6B4B8,1680
share,GameData\patch\menu_com3d2cbp_2.arc,GameData\menu_com3d2cbp_2.arc,3506,334A88E0,1673
share,GameData\patch\menu_cw001cloth3_2.arc,GameData\menu_cw001cloth3_2.arc,3986,E090A9CA,1672
share,GameData\patch\menu_cw002cloth1_2.arc,GameData\menu_cw002cloth1_2.arc,3762,B0366A81,1674
share,GameData\patch\menu_cw004cloth2_2.arc,GameData\menu_cw004cloth2_2.arc,3330,F61401F7,1673
share,GameData\patch\menu_cw005cloth4_2.arc,GameData\menu_cw005cloth4_2.arc,23554,B15A0E72,1661
share,GameData\patch\menu_cw007cloth1_2.arc,GameData\menu_cw007cloth1_2.arc,6386,0ECE11C0,1673
share,GameData\patch\menu_denkigai2015s001_2.arc,GameData\menu_denkigai2015s001_2.arc,6594,8B3E849F,1160
share,GameData\patch\menu_denkigai2015s003_2.arc,GameData\menu_denkigai2015s003_2.arc,4338,D294CE88,1150
share,GameData\patch\menu_denkigai2015wTowelR.arc,GameData\menu_denkigai2015wTowelR.arc,1282,CECEE1FC,1360
share,GameData\patch\menu_denkigai2016s_2.arc,GameData\menu_denkigai2016s_2.arc,5298,ABC5BCBA,1680
share,GameData\patch\menu_denkigai2016w_2.arc,GameData\menu_denkigai2016w_2.arc,15154,C8D64D3B,1450
share,GameData\patch\menu_denkigai2017s_2.arc,GameData\menu_denkigai2017s_2.arc,4690,FD8D5340,1630
share,GameData\patch\menu_denkigai2017wTshirt_2.arc,GameData\menu_denkigai2017wTshirt_2.arc,1330,C86D3E8E,1674
share,GameData\patch\menu_denkigai2019s_2.arc,GameData\menu_denkigai2019s_2.arc,9794,8105F4C2,1674
share,GameData\patch\menu_denkigai2019sTshirt_2.arc,GameData\menu_denkigai2019sTshirt_2.arc,1314,1585420D,1680
share,GameData\patch\menu_denkigai2019w_2.arc,GameData\menu_denkigai2019w_2.arc,5938,C4A9AA0F,1674
share,GameData\patch\menu_denkigai2020w_2.arc,GameData\menu_denkigai2020w_2.arc,9186,51DF1F95,1673
share,GameData\patch\menu_dlc026_2.arc,GameData\menu_dlc026_2.arc,3778,69453D54,1190
share,GameData\patch\menu_dlc028_2.arc,GameData\menu_dlc028_2.arc,3874,DE3F1C31,1200
share,GameData\patch\menu_dlc033_2.arc,GameData\menu_dlc033_2.arc,3762,640F79E9,1674
share,GameData\patch\menu_dlc034_2.arc,GameData\menu_dlc034_2.arc,3714,84E7DC58,1674
share,GameData\patch\menu_dlc041_2.arc,GameData\menu_dlc041_2.arc,6786,97F738D3,1380
share,GameData\patch\menu_dlc042_2.arc,GameData\menu_dlc042_2.arc,1154,EE4016C0,1440
share,GameData\patch\menu_dlc049_2.arc,GameData\menu_dlc049_2.arc,5666,6A7F0162,1673
share,GameData\patch\menu_dlc061_2.arc,GameData\menu_dlc061_2.arc,3810,F99C1D4E,1290
share,GameData\patch\menu_dlc065_2.arc,GameData\menu_dlc065_2.arc,7602,D9387834,1380
share,GameData\patch\menu_dlc074_2.arc,GameData\menu_dlc074_2.arc,5618,24C559D7,1312
share,GameData\patch\menu_dlc078_2.arc,GameData\menu_dlc078_2.arc,2338,46D1542F,1673
share,GameData\patch\menu_dlc100_2.arc,GameData\menu_dlc100_2.arc,1250,DFF94E9A,1400
share,GameData\patch\menu_dlc101_2.arc,GameData\menu_dlc101_2.arc,1218,44DB4049,1481
share,GameData\patch\menu_dlc107_2.arc,GameData\menu_dlc107_2.arc,1746,A6C9E7C4,1590
share,GameData\patch\menu_dlc111_2.arc,GameData\menu_dlc111_2.arc,1330,480BC0DC,1674
share,GameData\patch\menu_dlc121_2.arc,GameData\menu_dlc121_2.arc,3314,71F5DE66,1674
share,GameData\patch\menu_dlc123_2.arc,GameData\menu_dlc123_2.arc,7714,595B8C3C,1674
share,GameData\patch\menu_dlc126_2.arc,GameData\menu_dlc126_2.arc,2050,7471540B,1673
share,GameData\patch\menu_dlc140_2.arc,GameData\menu_dlc140_2.arc,1218,DF957030,1680
share,GameData\patch\menu_dlc141_2.arc,GameData\menu_dlc141_2.arc,1218,206CE641,1680
share,GameData\patch\menu_dlc170_2.arc,GameData\menu_dlc170_2.arc,1266,8DD047BD,1674
share,GameData\patch\menu_dlc189_2.arc,GameData\menu_dlc189_2.arc,2258,5A9F3DE9,1590
share,GameData\patch\menu_dlc204_2.arc,GameData\menu_dlc204_2.arc,3842,4DD62ADC,1674
share,GameData\patch\menu_dlc207_2.arc,GameData\menu_dlc207_2.arc,3922,552F051C,1630
share,GameData\patch\menu_dlc232_2.arc,GameData\menu_dlc232_2.arc,1202,D254CEDC,1680
share,GameData\patch\menu_dlc283_2.arc,GameData\menu_dlc283_2.arc,1202,25C4EE86,1673
share,GameData\patch\menu_dlc324_2.arc,GameData\menu_dlc324_2.arc,1374,689A4C67,1673
share,GameData\patch\menu_dlc331_2.arc,GameData\menu_dlc331_2.arc,3330,78103186,1673
share,GameData\patch\menu_dlc340_2.arc,GameData\menu_dlc340_2.arc,10226,2E6EC41E,1673
share,GameData\patch\menu_dlc353_2.arc,GameData\menu_dlc353_2.arc,1346,250C9D39,1673
share,GameData\patch\menu_dlc357_2.arc,GameData\menu_dlc357_2.arc,29714,34062D3F,1673
share,GameData\patch\menu_dlc358_2.arc,GameData\menu_dlc358_2.arc,21186,9A988520,1673
share,GameData\patch\menu_dlc359_2.arc,GameData\menu_dlc359_2.arc,17554,EA7AC5BA,1673
share,GameData\patch\menu_dlc363_2.arc,GameData\menu_dlc363_2.arc,1234,FF56BE27,1673
share,GameData\patch\menu_dlc376_2.arc,GameData\menu_dlc376_2.arc,1218,2A07F130,1680
share,GameData\patch\menu_dlc377_2.arc,GameData\menu_dlc377_2.arc,1218,09E45563,1680
share,GameData\patch\menu_dlc387_2.arc,GameData\menu_dlc387_2.arc,3378,5BD32D7E,1680
share,GameData\patch\menu_dlc389_2.arc,GameData\menu_dlc389_2.arc,3138,EBFFCABE,1680
share,GameData\patch\menu_dlcdenkigai2016s_2.arc,GameData\menu_dlcdenkigai2016s_2.arc,4226,37F98EE6,1680
share,GameData\patch\menu_dlcdenkigai2016w_2.arc,GameData\menu_dlcdenkigai2016w_2.arc,13522,45E7F667,1450
share,GameData\patch\menu_dlcdenkigai2017s_2.arc,GameData\menu_dlcdenkigai2017s_2.arc,4706,B5EE5D43,1630
share,GameData\patch\menu_dlcdenkigai2019s_2.arc,GameData\menu_dlcdenkigai2019s_2.arc,7266,F30AC64C,1674
share,GameData\patch\menu_dlcdenkigai2019w_2.arc,GameData\menu_dlcdenkigai2019w_2.arc,4466,6CACEAA5,1674
share,GameData\patch\menu_dlsite_2.arc,GameData\menu_dlsite_2.arc,1954,B2268BA7,1150
share,GameData\patch\menu_kissevent2017march.arc,GameData\menu_kissevent2017march.arc,281,FF4EEB9B,1522
share,GameData\patch\menu_kissevent2017march_2.arc,GameData\menu_kissevent2017march_2.arc,106624,14291926,1631
share,GameData\patch\menu_magazine002_2.arc,GameData\menu_magazine002_2.arc,12498,691C1126,1471
share,GameData\patch\menu_nijiyomec_2.arc,GameData\menu_nijiyomec_2.arc,6738,7CDA2CFB,1673
share,GameData\patch\menu_ordermade002_2.arc,GameData\menu_ordermade002_2.arc,1346,DF7DAA64,1673
share,GameData\patch\menu_personal_om008_2.arc,GameData\menu_personal_om008_2.arc,6816,A49BE66E,1680
share,GameData\patch\menu_personal002_2.arc,GameData\menu_personal002_2.arc,1282,5687650C,1310
share,GameData\patch\menu_shop001_2.arc,GameData\menu_shop001_2.arc,3314,35207C87,1150
share,GameData\patch\menu_shop005_2.arc,GameData\menu_shop005_2.arc,1378,0C9AF725,1150
share,GameData\patch\menu_sp003cloth3_2.arc,GameData\menu_sp003cloth3_2.arc,9826,4C326B5D,1672
share,GameData\patch\menu_sp005cloth2_2.arc,GameData\menu_sp005cloth2_2.arc,3666,CDB7D350,1673
share,GameData\patch\menu_vac001.arc,GameData\menu_vac001.arc,317,11490F18,1640
share,GameData\patch\menu_vac001_2.arc,GameData\menu_vac001_2.arc,24162,C5F8DFA9,1640
share,GameData\patch\menu_vp001_2.arc,GameData\menu_vp001_2.arc,22034,A305F11D,1674
share,GameData\patch\menu_vr.arc,GameData\menu_vr.arc,3407,D3B43CF5,130
share,GameData\patch\menu_yomeido003_2.arc,GameData\menu_yomeido003_2.arc,1234,4D6F619D,1240
share,GameData\patch\menu_yomeidogp_wedding_2.arc,GameData\menu_yomeidogp_wedding_2.arc,3954,C251B12C,1320
share,GameData\patch\menu2.arc,GameData\menu2.arc,237609,A7766F36,1674
share,GameData\patch\model_cas031_2.arc,GameData\model_cas031_2.arc,1275040,257EA812,1673
share,GameData\patch\model_cas056_2.arc,GameData\model_cas056_2.arc,118607,12631C7E,1680
share,GameData\patch\model_com3d2cbp_2.arc,GameData\model_com3d2cbp_2.arc,186624,4DC6333D,1673
share,GameData\patch\model_cw001cloth2_2.arc,GameData\model_cw001cloth2_2.arc,194657,F622B758,1673
share,GameData\patch\model_cw004cloth2_2.arc,GameData\model_cw004cloth2_2.arc,315112,C85E6F0F,1673
share,GameData\patch\model_cw005cloth3_2.arc,GameData\model_cw005cloth3_2.arc,1787568,5851FA8F,1673
share,GameData\patch\model_cw005cloth4_2.arc,GameData\model_cw005cloth4_2.arc,797916,99503A91,1661
share,GameData\patch\model_cw007cloth1_2.arc,GameData\model_cw007cloth1_2.arc,702932,B1ACE3C1,1673
share,GameData\patch\model_denkigai2015s003_2.arc,GameData\model_denkigai2015s003_2.arc,394665,41A48185,1150
share,GameData\patch\model_denkigai2015wTowelR.arc,GameData\model_denkigai2015wTowelR.arc,38258,FB570A24,1360
share,GameData\patch\model_denkigai2017s_2.arc,GameData\model_denkigai2017s_2.arc,462663,8917104A,1582
share,GameData\patch\model_denkigai2017w_2.arc,GameData\model_denkigai2017w_2.arc,181379,5EECA15C,1674
share,GameData\patch\model_denkigai2017wTshirt_2.arc,GameData\model_denkigai2017wTshirt_2.arc,293648,C0ABFC47,1674
share,GameData\patch\model_denkigai2019sTshirt_2.arc,GameData\model_denkigai2019sTshirt_2.arc,188041,2210617D,1680
share,GameData\patch\model_dlc005_2.arc,GameData\model_dlc005_2.arc,799521,9B6E1D63,1672
share,GameData\patch\model_dlc046_2.arc,GameData\model_dlc046_2.arc,155690,83B34173,1220
share,GameData\patch\model_dlc073_2.arc,GameData\model_dlc073_2.arc,267037,47D33A06,1320
share,GameData\patch\model_dlc100_2.arc,GameData\model_dlc100_2.arc,691347,7C3D679D,1400
share,GameData\patch\model_dlc109_2.arc,GameData\model_dlc109_2.arc,137998,8FCCF513,1460
share,GameData\patch\model_dlc151_2.arc,GameData\model_dlc151_2.arc,213532,8C3C80C3,1520
share,GameData\patch\model_dlc206_2.arc,GameData\model_dlc206_2.arc,645607,3578836D,1673
share,GameData\patch\model_dlc208_2.arc,GameData\model_dlc208_2.arc,448882,C4D10B97,1673
share,GameData\patch\model_dlc209_2.arc,GameData\model_dlc209_2.arc,1360811,72C67140,1610
share,GameData\patch\model_dlc256_2.arc,GameData\model_dlc256_2.arc,434902,AC96EDE7,1673
share,GameData\patch\model_dlc267_2.arc,GameData\model_dlc267_2.arc,506888,4758395D,1673
share,GameData\patch\model_dlc268_2.arc,GameData\model_dlc268_2.arc,463350,1F545CEE,1650
share,GameData\patch\model_dlc278_2.arc,GameData\model_dlc278_2.arc,944175,D859BA41,1651
share,GameData\patch\model_dlc283_2.arc,GameData\model_dlc283_2.arc,212022,6658BAFF,1673
share,GameData\patch\model_dlc286_2.arc,GameData\model_dlc286_2.arc,73886,A3DC40BE,1680
share,GameData\patch\model_dlc301_2.arc,GameData\model_dlc301_2.arc,2019393,151AA044,1673
share,GameData\patch\model_dlc302_2.arc,GameData\model_dlc302_2.arc,1975498,7F93CFBD,1673
share,GameData\patch\model_dlc303_2.arc,GameData\model_dlc303_2.arc,2689842,AC3B4D66,1673
share,GameData\patch\model_dlc304_2.arc,GameData\model_dlc304_2.arc,1691856,560A4120,1673
share,GameData\patch\model_dlc330_2.arc,GameData\model_dlc330_2.arc,1413403,92E3085E,1673
share,GameData\patch\model_dlc353_2.arc,GameData\model_dlc353_2.arc,964407,DB9B8FA4,1673
share,GameData\patch\model_dlc356_2.arc,GameData\model_dlc356_2.arc,1144913,B1A02CF9,1673
share,GameData\patch\model_dlc357_2.arc,GameData\model_dlc357_2.arc,4511946,3D1CDF76,1673
share,GameData\patch\model_dlc358_2.arc,GameData\model_dlc358_2.arc,4341633,D9163415,1673
share,GameData\patch\model_dlc359_2.arc,GameData\model_dlc359_2.arc,1530334,2F02195C,1673
share,GameData\patch\model_dlc360_2.arc,GameData\model_dlc360_2.arc,23714,7C145E45,1680
share,GameData\patch\model_dlc362_2.arc,GameData\model_dlc362_2.arc,624379,447A4556,1673
share,GameData\patch\model_dlc363_2.arc,GameData\model_dlc363_2.arc,858107,39F745BC,1673
share,GameData\patch\model_dlc367_2.arc,GameData\model_dlc367_2.arc,58994,4024DDE9,1673
share,GameData\patch\model_dlc376_2.arc,GameData\model_dlc376_2.arc,236654,FACBF978,1680
share,GameData\patch\model_dlc386_2.arc,GameData\model_dlc386_2.arc,1888319,67E72AB1,1680
share,GameData\patch\model_dlc389_2.arc,GameData\model_dlc389_2.arc,1838431,BE165C26,1680
share,GameData\patch\model_dlc394_2.arc,GameData\model_dlc394_2.arc,2128670,706A4A3B,1680
share,GameData\patch\model_dlc395_2.arc,GameData\model_dlc395_2.arc,511319,E5B0E542,1680
share,GameData\patch\model_dlc396_2.arc,GameData\model_dlc396_2.arc,1608066,62F47E88,1680
share,GameData\patch\model_dlc397_2.arc,GameData\model_dlc397_2.arc,2657340,F0DC461B,1680
share,GameData\patch\model_dlcdenkigai2017s_2.arc,GameData\model_dlcdenkigai2017s_2.arc,462667,9F0C3D54,1582
share,GameData\patch\model_dlcdenkigai2017w_2.arc,GameData\model_dlcdenkigai2017w_2.arc,181408,29336B3A,1674
share,GameData\patch\model_dlsite_2.arc,GameData\model_dlsite_2.arc,680593,F831F0E0,1680
share,GameData\patch\model_kissevent2017march_2.arc,GameData\model_kissevent2017march_2.arc,378287,9EF61AC7,1680
share,GameData\patch\model_oldplus002hair1_2.arc,GameData\model_oldplus002hair1_2.arc,184829,2DAE518E,1673
share,GameData\patch\model_personal_om008_2.arc,GameData\model_personal_om008_2.arc,219850,C445C67C,1680
share,GameData\patch\model_pp002_2.arc,GameData\model_pp002_2.arc,25586,6BC54342,1673
share,GameData\patch\model_shop001_2.arc,GameData\model_shop001_2.arc,115215,9C941FAF,1150
share,GameData\patch\model_shop002_2.arc,GameData\model_shop002_2.arc,251253,743C3D97,1150
share,GameData\patch\model_shop003_2.arc,GameData\model_shop003_2.arc,185433,A15EC70A,1150
share,GameData\patch\model_shop005_2.arc,GameData\model_shop005_2.arc,150103,FB5341FA,1150
share,GameData\patch\model_shop007_2.arc,GameData\model_shop007_2.arc,288759,80615CBD,1150
share,GameData\patch\model_sp002cloth2_2.arc,GameData\model_sp002cloth2_2.arc,1816544,0767F20F,1672
share,GameData\patch\model_sp003cloth3_2.arc,GameData\model_sp003cloth3_2.arc,2950224,4B3AAFE9,1672
share,GameData\patch\model_sp005cloth2_2.arc,GameData\model_sp005cloth2_2.arc,300283,8FA9F82B,1673
share,GameData\patch\model_vp001_2.arc,GameData\model_vp001_2.arc,647957,D68B5D2F,1400
share,GameData\patch\model_vr.arc,GameData\model_vr.arc,866449,B84B7620,130
share,GameData\patch\model2.arc,GameData\model2.arc,14135185,B98F5022,1673
share,GameData\patch\paths.dat,GameData\paths.dat,12750,A3A2EB62,1709
share,GameData\patch\prioritymaterial.arc,GameData\prioritymaterial.arc,354359,6D77A6B9,1709
share,GameData\patch\script_share_vrcom_2.arc,GameData\script_share_vrcom_2.arc,34850,FAC1DDAC,1560
share,GameData\patch\sound2.arc,GameData\sound2.arc,12751123,D3C5ED01,1490
share,GameData\patch\texture_addpose001.arc,GameData\texture_addpose001.arc,23943,1D529A44,1220
share,GameData\patch\texture_cr002_2.arc,GameData\texture_cr002_2.arc,6402,370E3B9E,1680
share,GameData\patch\texture_cw005cloth4_2.arc,GameData\texture_cw005cloth4_2.arc,91545191,1DE51460,1661
share,GameData\patch\texture_denkigai2015wTowelR.arc,GameData\texture_denkigai2015wTowelR.arc,133065,FE4BDC34,1360
share,GameData\patch\texture_denkigai2016w_2.arc,GameData\texture_denkigai2016w_2.arc,10105247,3B4641C3,1450
share,GameData\patch\texture_dlc004_2.arc,GameData\texture_dlc004_2.arc,4805734,C8E5CFB4,1200
share,GameData\patch\texture_dlc046_2.arc,GameData\texture_dlc046_2.arc,596960,FC606BA5,1220
share,GameData\patch\texture_dlc107_2.arc,GameData\texture_dlc107_2.arc,913018,88EAC715,1590
share,GameData\patch\texture_dlc121_2.arc,GameData\texture_dlc121_2.arc,1276165,72A24D1E,1673
share,GameData\patch\texture_dlc183_2.arc,GameData\texture_dlc183_2.arc,27984504,2ECFF2B5,1673
share,GameData\patch\texture_dlc267_2.arc,GameData\texture_dlc267_2.arc,2311226,F39D6830,1650
share,GameData\patch\texture_dlc279_2.arc,GameData\texture_dlc279_2.arc,6149999,3FE86171,1650
share,GameData\patch\texture_dlc356_2.arc,GameData\texture_dlc356_2.arc,54635001,3E70ED43,1674
share,GameData\patch\texture_dlc357_2.arc,GameData\texture_dlc357_2.arc,42210965,78465BE6,1674
share,GameData\patch\texture_dlc358_2.arc,GameData\texture_dlc358_2.arc,33834979,13781722,1673
share,GameData\patch\texture_dlc359_2.arc,GameData\texture_dlc359_2.arc,104915998,0608F8F7,1674
share,GameData\patch\texture_dlcdenkigai2016w_2.arc,GameData\texture_dlcdenkigai2016w_2.arc,10105332,90868016,1450
share,GameData\patch\texture_kissevent2017march.arc,GameData\texture_kissevent2017march.arc,281,FF4EEB9B,1522
share,GameData\patch\texture_kissevent2017march_2.arc,GameData\texture_kissevent2017march_2.arc,79432604,C7DD457A,1631
share,GameData\patch\texture_vac001_2.arc,GameData\texture_vac001_2.arc,1265168,4979EB36,1673
share,GameData\patch\texture_vp001_2.arc,GameData\texture_vp001_2.arc,755269,18D5027D,1400
share,GameData\patch\texture_vr.arc,GameData\texture_vr.arc,1111256,DF651968,130
share,GameData\patch\texture_yomeido003_2.arc,GameData\texture_yomeido003_2.arc,117248,0EE72B42,1240
share,GameData\patch\texture_yomeidokanteidan2_godmaid_2.arc,GameData\texture_yomeidokanteidan2_godmaid_2.arc,8610,1B1349B1,1673
share,GameData\patch\texture3.arc,GameData\texture3.arc,12338577,7C223283,1640
share,PhotoModeData\Mod\Motion\readme.txt,readme.txt,146,3BF5AF4D,1220
share,Preset\8_ren_1_yosiko.preset,Preset\8_ren_1_yosiko.preset,55432,D54FD70C,1220
share,Preset\8_ren_2_ayumi.preset,Preset\8_ren_2_ayumi.preset,51097,3C44F9DB,1220
share,Preset\8_ren_3_sakura.preset,Preset\8_ren_3_sakura.preset,52635,33F54D90,1220
share,Preset\8_ren_4_ai.preset,Preset\8_ren_4_ai.preset,46819,9B6E5960,1220
