0,0,COM3D2OHx64_Data\Managed\Accessibility.dll,10752,5CB31E4E,24701
0,0,COM3D2OHx64_Data\Managed\Assembly-CSharp.dll,6373376,CE36CFD9,24701
0,0,COM3D2OHx64_Data\Managed\Assembly-CSharp-firstpass.dll,792576,004BCBED,24701
0,0,COM3D2OHx64_Data\Managed\Assembly-UnityScript-firstpass.dll,65024,2604D473,24701
0,0,COM3D2OHx64_Data\Managed\Boo.Lang.dll,126976,28383F70,24701
0,0,COM3D2OHx64_Data\Managed\BouncyCastle.Crypto.dll,2236416,5A4C4F07,24701
0,0,COM3D2OHx64_Data\Managed\FoveUnityPlugin.dll,28672,A6EA882B,24701
0,0,COM3D2OHx64_Data\Managed\ICSharpCode.SharpZipLib.dll,200704,D3160A1C,24701
0,0,COM3D2OHx64_Data\Managed\Ionic.Zlib.dll,102400,7C9E7DD2,24701
0,0,COM3D2OHx64_Data\Managed\JsonFx.Json.dll,70144,A0F0CFCB,24701
0,0,COM3D2OHx64_Data\Managed\LeapCSharp.NET3.5.dll,82432,38E38212,24701
0,0,COM3D2OHx64_Data\Managed\Mono.Data.Tds.dll,96256,2965324B,24701
0,0,COM3D2OHx64_Data\Managed\Mono.Posix.dll,184320,0CE35BE3,24701
0,0,COM3D2OHx64_Data\Managed\Mono.Security.dll,294912,66EB9979,24701
0,0,COM3D2OHx64_Data\Managed\Mono.WebBrowser.dll,172032,137B736F,24701
0,0,COM3D2OHx64_Data\Managed\mscorlib.dll,2590208,5166389B,24701
0,0,COM3D2OHx64_Data\Managed\Newtonsoft.Json.dll,494592,5C881B73,24701
0,0,COM3D2OHx64_Data\Managed\System.Configuration.dll,124928,72952344,24701
0,0,COM3D2OHx64_Data\Managed\System.Core.dll,297472,9E3EE5D7,24701
0,0,COM3D2OHx64_Data\Managed\System.Data.dll,856064,DDDB80CD,24701
0,0,COM3D2OHx64_Data\Managed\System.dll,1679360,13922617,24701
0,0,COM3D2OHx64_Data\Managed\System.Drawing.Design.dll,29696,E7B53FF9,24701
0,0,COM3D2OHx64_Data\Managed\System.Drawing.dll,448512,C4B2E872,24701
0,0,COM3D2OHx64_Data\Managed\System.EnterpriseServices.dll,46592,2C72A9FE,24701
0,0,COM3D2OHx64_Data\Managed\System.Security.dll,135168,1CE94C57,24701
0,0,COM3D2OHx64_Data\Managed\System.Transactions.dll,27648,45299FCF,24701
0,0,COM3D2OHx64_Data\Managed\System.Windows.Forms.dll,3053568,56394001,24701
0,0,COM3D2OHx64_Data\Managed\System.Xml.dll,1270272,4581A35B,24701
0,0,COM3D2OHx64_Data\Managed\System.Xml.Linq.dll,106496,E844371C,24701
0,0,COM3D2OHx64_Data\Managed\UnityEngine.dll,1393152,2C35388C,24701
0,0,COM3D2OHx64_Data\Managed\UnityEngine.dll.mdb,449828,8610375E,24701
0,0,COM3D2OHx64_Data\Managed\UnityEngine.Networking.dll,253952,2BDF701F,24701
0,0,COM3D2OHx64_Data\Managed\UnityEngine.UI.dll,245760,FA552B2D,24701
0,0,COM3D2OHx64_Data\Managed\UnityEngine.VR.dll,3072,A4582CD6,24701
0,0,COM3D2OHx64_Data\Managed\UnityScript.Lang.dll,13824,0DA8F681,24701
0,0,COM3D2OHx64_Data\Managed\Win32.dll,13312,7781C2A2,24701
0,0,COM3D2OHx64_Data\Managed\zxing.unity.dll,430592,9FD1F198,24701
0,0,COM3D2OHx64_Data\Mono\etc\mono\1.0\DefaultWsdlHelpGenerator.aspx,58196,10E814BF,24701
0,0,COM3D2OHx64_Data\Mono\etc\mono\1.0\machine.config,17258,EDE1AC59,24701
0,0,COM3D2OHx64_Data\Mono\etc\mono\2.0\Browsers\Compat.browser,1605,2E178A0B,24701
0,0,COM3D2OHx64_Data\Mono\etc\mono\2.0\DefaultWsdlHelpGenerator.aspx,60453,F3869A34,24701
0,0,COM3D2OHx64_Data\Mono\etc\mono\2.0\machine.config,27625,73C91C24,24701
0,0,COM3D2OHx64_Data\Mono\etc\mono\2.0\settings.map,2618,A1A3C29F,24701
0,0,COM3D2OHx64_Data\Mono\etc\mono\2.0\web.config,11686,534A9960,24701
0,0,COM3D2OHx64_Data\Mono\etc\mono\mconfig\config.xml,25817,80B2033A,24701
0,0,COM3D2OHx64_Data\Mono\etc\mono\browscap.ini,311984,CE6C0AB3,24701
0,0,COM3D2OHx64_Data\Mono\etc\mono\config,1691,A635914A,24701
0,0,COM3D2OHx64_Data\Mono\mono.dll,2618816,0BEA8C0F,24701
0,0,COM3D2OHx64_Data\Mono\MonoPosixHelper.dll,113664,9B5E1E4D,24701
0,0,COM3D2OHx64_Data\Plugins\assimp.dll,4388864,7C910D84,24701
0,0,COM3D2OHx64_Data\Plugins\Audio360.dll,1956352,0D4B8E9D,24701
0,0,COM3D2OHx64_Data\Plugins\AVProVideo.dll,886272,278352F0,24701
0,0,COM3D2OHx64_Data\Plugins\clothpp.dll,112128,7C3264A4,24701
0,0,COM3D2OHx64_Data\Plugins\cm3d2.dll,2265088,CA67D1AD,24701
0,0,COM3D2OHx64_Data\Plugins\device_hook.dll,738816,F61E7CED,24701
0,0,COM3D2OHx64_Data\Plugins\FbxExporterCore.dll,12491776,CBAA51C1,24701
0,0,COM3D2OHx64_Data\Plugins\FoveClient.dll,1849384,58C8B4F6,24701
0,0,COM3D2OHx64_Data\Plugins\LeapC.dll,2516992,FBDD3767,24701
0,0,COM3D2OHx64_Data\Plugins\openvr_api.dll,318272,44432E0F,24701
0,0,COM3D2OHx64_Data\Plugins\OVRGamepad.dll,12800,2C526135,24701
0,0,COM3D2OHx64_Data\Plugins\OVRLipSync.dll,2512296,391C1F4C,24701
0,0,COM3D2OHx64_Data\Plugins\OVRPlugin.dll,1898408,5DD05B6C,24701
0,0,COM3D2OHx64_Data\Plugins\Win32-WebView.dll,504832,382AEE66,24701
0,0,COM3D2OHx64_Data\Resources\unity default resources,752360,71DB1AEA,24701
0,0,COM3D2OHx64_Data\Resources\unity_builtin_extra,284012,91145F7F,24701
0,0,COM3D2OHx64_Data\app.info,42,6CD75754,24701
0,0,COM3D2OHx64_Data\globalgamemanagers,5399124,794F1230,24701
0,0,COM3D2OHx64_Data\globalgamemanagers.assets,269164,B4C75008,24701
0,0,COM3D2OHx64_Data\level0,356316,7B5CDBD0,24701
0,0,COM3D2OHx64_Data\level1,379460,B9C49D83,24701
0,0,COM3D2OHx64_Data\level2,771100,655A98BD,24701
0,0,COM3D2OHx64_Data\level3,1245500,3CF43228,24701
0,0,COM3D2OHx64_Data\level4,1344500,45DDF127,24701
0,0,COM3D2OHx64_Data\level5,358300,B07C4E1A,24701
0,0,COM3D2OHx64_Data\level6,455420,3117AB07,24701
0,0,COM3D2OHx64_Data\level7,356828,0739CE71,24701
0,0,COM3D2OHx64_Data\level8,470748,6A176686,24701
0,0,COM3D2OHx64_Data\level9,360940,6E69D8A3,24701
0,0,COM3D2OHx64_Data\level10,745812,EDB47E57,24701
0,0,COM3D2OHx64_Data\level11,7524,941F9192,24701
0,0,COM3D2OHx64_Data\level12,358772,4CAEED3E,24701
0,0,COM3D2OHx64_Data\level13,4664,F117D846,24701
0,0,COM3D2OHx64_Data\level14,375460,9E1F8B5C,24701
0,0,COM3D2OHx64_Data\level15,365140,53FB6217,24701
0,0,COM3D2OHx64_Data\level16,987948,0D7C1679,24701
0,0,COM3D2OHx64_Data\level17,468428,2890EF81,24701
0,0,COM3D2OHx64_Data\level18,1117596,ECDD14A8,24701
0,0,COM3D2OHx64_Data\level19,441460,CFF544B5,24701
0,0,COM3D2OHx64_Data\level20,2235308,3BE0EB2C,24701
0,0,COM3D2OHx64_Data\level21,1147612,F6170F9E,24701
0,0,COM3D2OHx64_Data\level22,1120916,FDCC5B0E,24701
0,0,COM3D2OHx64_Data\level23,478532,F5E88907,24701
0,0,COM3D2OHx64_Data\level24,27904,A7BDB77B,24701
0,0,COM3D2OHx64_Data\level24.resS,131232,851AC384,24701
0,0,COM3D2OHx64_Data\level25,51676,DF73F773,24701
0,0,COM3D2OHx64_Data\level26,56036,F3BF007C,24701
0,0,COM3D2OHx64_Data\level27,6824,1898D4A6,24701
0,0,COM3D2OHx64_Data\level28,357220,45D23FD3,24701
0,0,COM3D2OHx64_Data\level29,1608908,22DC4B00,24701
0,0,COM3D2OHx64_Data\level30,1465548,5BF095F5,24701
0,0,COM3D2OHx64_Data\level31,1487140,6A4D2E4C,24701
0,0,COM3D2OHx64_Data\level32,1382548,E1404503,24701
0,0,COM3D2OHx64_Data\level33,1447012,5BF01616,24701
0,0,COM3D2OHx64_Data\level34,1572420,00A780D3,24701
0,0,COM3D2OHx64_Data\level35,1309252,F5079272,24701
0,0,COM3D2OHx64_Data\level36,1060044,4AD53927,24701
0,0,COM3D2OHx64_Data\level37,1067332,99AEBF86,24701
0,0,COM3D2OHx64_Data\level38,1309260,7B50F65E,24701
0,0,COM3D2OHx64_Data\level39,1190060,8501423C,24701
0,0,COM3D2OHx64_Data\level40,978588,FCC2E4F0,24701
0,0,COM3D2OHx64_Data\level41,1264972,1E8E953A,24701
0,0,COM3D2OHx64_Data\level42,1407292,975D446E,24701
0,0,COM3D2OHx64_Data\level43,1365988,014CF799,24701
0,0,COM3D2OHx64_Data\level44,950812,415CB8A8,24701
0,0,COM3D2OHx64_Data\level45,432156,A9D79D76,24701
0,0,COM3D2OHx64_Data\level46,428524,CE8DEBB4,24701
0,0,COM3D2OHx64_Data\level47,472228,1BDBF8BD,24701
0,0,COM3D2OHx64_Data\level48,494364,13D40F74,24701
0,0,COM3D2OHx64_Data\level49,422756,EEF05CE7,24701
0,0,COM3D2OHx64_Data\level50,482716,4DB6C168,24701
0,0,COM3D2OHx64_Data\level51,1072828,0D1F67A4,24701
0,0,COM3D2OHx64_Data\level52,997396,20A29DA6,24701
0,0,COM3D2OHx64_Data\level53,475556,599E77DC,24701
0,0,COM3D2OHx64_Data\level54,497700,B32ABFE8,24701
0,0,COM3D2OHx64_Data\level55,488276,308BB85A,24701
0,0,COM3D2OHx64_Data\level56,1077236,982DAD77,24701
0,0,COM3D2OHx64_Data\level57,1037676,E21E3986,24701
0,0,COM3D2OHx64_Data\level58,481324,9CE42D70,24701
0,0,COM3D2OHx64_Data\level59,465852,91E9599B,24701
0,0,COM3D2OHx64_Data\level60,447524,722C801A,24701
0,0,COM3D2OHx64_Data\level61,1416620,2481956F,24701
0,0,COM3D2OHx64_Data\level62,1357548,FC11B63C,24701
0,0,COM3D2OHx64_Data\level63,534316,6C17F272,24701
0,0,COM3D2OHx64_Data\level64,436332,9019BF10,24701
0,0,COM3D2OHx64_Data\level65,1285572,40FFF071,24701
0,0,COM3D2OHx64_Data\level66,1003412,B113BC8D,24701
0,0,COM3D2OHx64_Data\level67,1462052,41C80ADC,24701
0,0,COM3D2OHx64_Data\level68,1403188,BB89A2B8,24701
0,0,COM3D2OHx64_Data\level69,1608924,A43E119F,24701
0,0,COM3D2OHx64_Data\level70,1572436,1A626EDC,24701
0,0,COM3D2OHx64_Data\level71,1404332,5321007E,24701
0,0,COM3D2OHx64_Data\level72,1370276,C5A84CBC,24701
0,0,COM3D2OHx64_Data\level73,457284,0B64F1BF,24701
0,0,COM3D2OHx64_Data\level74,437756,C99A6C50,24701
0,0,COM3D2OHx64_Data\level75,1081540,F09036C9,24701
0,0,COM3D2OHx64_Data\level76,882828,D7FCA92E,24701
0,0,COM3D2OHx64_Data\level77,989596,02ECCAF2,24701
0,0,COM3D2OHx64_Data\level78,883804,44C857C5,24701
0,0,COM3D2OHx64_Data\level79,1062796,4DE8B1F7,24701
0,0,COM3D2OHx64_Data\level80,1726412,BF6C5676,24701
0,0,COM3D2OHx64_Data\level81,1677476,81EBA06A,24701
0,0,COM3D2OHx64_Data\level82,1145940,6F2478A8,24701
0,0,COM3D2OHx64_Data\level83,1089772,007C8848,24701
0,0,COM3D2OHx64_Data\level84,1545244,2D5BBD0B,24701
0,0,COM3D2OHx64_Data\level85,1644172,D0A82CCD,24701
0,0,COM3D2OHx64_Data\level86,1087676,1F00DB46,24701
0,0,COM3D2OHx64_Data\level87,1003220,04D90A60,24701
0,0,COM3D2OHx64_Data\level88,1712172,A1FF04DD,24701
0,0,COM3D2OHx64_Data\level89,1608972,F0D40C94,24701
0,0,COM3D2OHx64_Data\level90,498988,31CB21FB,24701
0,0,COM3D2OHx64_Data\level91,518764,F64C5095,24701
0,0,COM3D2OHx64_Data\level92,607244,F04CF9C6,24701
0,0,COM3D2OHx64_Data\level93,566684,0BC4711A,24701
0,0,COM3D2OHx64_Data\level93.resS,131232,9337BCA3,24701
0,0,COM3D2OHx64_Data\level94,494044,602A085E,24701
0,0,COM3D2OHx64_Data\level95,593252,D9A05DC7,24701
0,0,COM3D2OHx64_Data\level96,517356,29902C43,24701
0,0,COM3D2OHx64_Data\level97,1766836,F40AA5F1,24701
0,0,COM3D2OHx64_Data\level98,1509404,2C027D3E,24701
0,0,COM3D2OHx64_Data\level99,1337412,94D465B4,24701
0,0,COM3D2OHx64_Data\level100,1168564,98974206,24701
0,0,COM3D2OHx64_Data\level101,1255988,7BEE694E,24701
0,0,COM3D2OHx64_Data\level102,1447332,01B1272D,24701
0,0,COM3D2OHx64_Data\level103,1353036,F6DAF0A5,24701
0,0,COM3D2OHx64_Data\level104,970604,17582402,24701
0,0,COM3D2OHx64_Data\level105,588132,0E80AD81,24701
0,0,COM3D2OHx64_Data\level106,1033484,6DD6DB4F,24701
0,0,COM3D2OHx64_Data\level107,956164,7DF0077A,24701
0,0,COM3D2OHx64_Data\level108,970748,F203BCBD,24701
0,0,COM3D2OHx64_Data\level109,930332,DBA245A9,24701
0,0,COM3D2OHx64_Data\level110,896020,11C3FE3A,24701
0,0,COM3D2OHx64_Data\level111,870588,0A939459,24701
0,0,COM3D2OHx64_Data\level112,561476,8ECFDCA4,24701
0,0,COM3D2OHx64_Data\level113,565676,DC16BBFB,24701
0,0,COM3D2OHx64_Data\level114,591052,7C1B550A,24701
0,0,COM3D2OHx64_Data\level115,589452,D5F4A89B,24701
0,0,COM3D2OHx64_Data\level116,591188,0DAE622D,24701
0,0,COM3D2OHx64_Data\level117,593564,1B2F49D9,24701
0,0,COM3D2OHx64_Data\level118,527772,EDD262E1,24701
0,0,COM3D2OHx64_Data\level119,531988,3307DDF7,24701
0,0,COM3D2OHx64_Data\level120,556212,8D1125E8,24701
0,0,COM3D2OHx64_Data\level121,586548,DAF89411,24701
0,0,COM3D2OHx64_Data\level122,557340,2D589F1F,24701
0,0,COM3D2OHx64_Data\level123,560332,6D74FF2B,24701
0,0,COM3D2OHx64_Data\level124,549404,F37D67F3,24701
0,0,COM3D2OHx64_Data\level125,587260,9BD65F07,24701
0,0,COM3D2OHx64_Data\level126,1031476,029BB9F3,24701
0,0,COM3D2OHx64_Data\resources.assets,473661148,29D2A7C2,24701
0,0,COM3D2OHx64_Data\resources.assets.resS,2082160276,A05CE8F3,24701
0,0,COM3D2OHx64_Data\resources.resource,1348672,632087DF,24701
0,0,COM3D2OHx64_Data\sharedassets0.assets,115228100,23F50C73,24701
0,0,COM3D2OHx64_Data\sharedassets0.assets.resS,28071636,8A34135A,24701
0,0,COM3D2OHx64_Data\sharedassets1.assets,6256,51181FCE,24701
0,0,COM3D2OHx64_Data\sharedassets2.assets,6556,BD97DE67,24701
0,0,COM3D2OHx64_Data\sharedassets3.assets,12964,4E8CD925,24701
0,0,COM3D2OHx64_Data\sharedassets4.assets,7276,EBDA6EE5,24701
0,0,COM3D2OHx64_Data\sharedassets5.assets,6160,936541E1,24701
0,0,COM3D2OHx64_Data\sharedassets6.assets,7108,C292EB36,24701
0,0,COM3D2OHx64_Data\sharedassets7.assets,6088,8F224995,24701
0,0,COM3D2OHx64_Data\sharedassets8.assets,6448,945CA462,24701
0,0,COM3D2OHx64_Data\sharedassets9.assets,6280,5FCE562D,24701
0,0,COM3D2OHx64_Data\sharedassets10.assets,6676,6097C96A,24701
0,0,COM3D2OHx64_Data\sharedassets11.assets,4576,589312B3,24701
0,0,COM3D2OHx64_Data\sharedassets12.assets,6148,D782EED9,24701
0,0,COM3D2OHx64_Data\sharedassets13.assets,4132,C520F808,24701
0,0,COM3D2OHx64_Data\sharedassets14.assets,6868,2B517409,24701
0,0,COM3D2OHx64_Data\sharedassets15.assets,6232,B472D540,24701
0,0,COM3D2OHx64_Data\sharedassets16.assets,12676,6BAB6E97,24701
0,0,COM3D2OHx64_Data\sharedassets17.assets,6328,A47E0C69,24701
0,0,COM3D2OHx64_Data\sharedassets18.assets,12736,878BFA2E,24701
0,0,COM3D2OHx64_Data\sharedassets19.assets,6316,350A163A,24701
0,0,COM3D2OHx64_Data\sharedassets20.assets,7108,A05F908E,24701
0,0,COM3D2OHx64_Data\sharedassets21.assets,12712,7CA143F7,24701
0,0,COM3D2OHx64_Data\sharedassets22.assets,12712,7CA143F7,24701
0,0,COM3D2OHx64_Data\sharedassets23.assets,18126856,73A78930,24701
0,0,COM3D2OHx64_Data\sharedassets24.assets,12328,4731102B,24701
0,0,COM3D2OHx64_Data\sharedassets25.assets,4420,12A591D1,24701
0,0,COM3D2OHx64_Data\sharedassets26.assets,4324,726FDF0D,24701
0,0,COM3D2OHx64_Data\sharedassets27.assets,4264,47FF86EC,24701
0,0,COM3D2OHx64_Data\sharedassets28.assets,6124,EF7EB7BF,24701
0,0,COM3D2OHx64_Data\sharedassets29.assets,12676,24393B16,24701
0,0,COM3D2OHx64_Data\sharedassets30.assets,12676,842EFC1B,24701
0,0,COM3D2OHx64_Data\sharedassets31.assets,12676,A5ACB261,24701
0,0,COM3D2OHx64_Data\sharedassets32.assets,9400,6D07A2B3,24701
0,0,COM3D2OHx64_Data\sharedassets33.assets,9508,B05765BD,24701
0,0,COM3D2OHx64_Data\sharedassets34.assets,9496,FFE2975B,24701
0,0,COM3D2OHx64_Data\sharedassets35.assets,12760,1D8069BB,24701
0,0,COM3D2OHx64_Data\sharedassets36.assets,9292,32CB8A29,24701
0,0,COM3D2OHx64_Data\sharedassets37.assets,9328,3E7ADABE,24701
0,0,COM3D2OHx64_Data\sharedassets38.assets,12760,1D8069BB,24701
0,0,COM3D2OHx64_Data\sharedassets39.assets,9532,72673885,24701
0,0,COM3D2OHx64_Data\sharedassets40.assets,9328,3E7ADABE,24701
0,0,COM3D2OHx64_Data\sharedassets41.assets,9472,D01A0487,24701
0,0,COM3D2OHx64_Data\sharedassets42.assets,12676,D3DAAFC2,24701
0,0,COM3D2OHx64_Data\sharedassets43.assets,9508,B05765BD,24701
0,0,COM3D2OHx64_Data\sharedassets44.assets,9496,FFE2975B,24701
0,0,COM3D2OHx64_Data\sharedassets45.assets,42236540,AA33A46E,24701
0,0,COM3D2OHx64_Data\sharedassets45.assets.resS,87400,8BA6C322,24701
0,0,COM3D2OHx64_Data\sharedassets46.assets,38246508,ED73C13D,24701
0,0,COM3D2OHx64_Data\sharedassets47.assets,32874604,B36D8845,24701
0,0,COM3D2OHx64_Data\sharedassets48.assets,36735684,95558158,24701
0,0,COM3D2OHx64_Data\sharedassets48.assets.resS,174776,5B619AF1,24701
0,0,COM3D2OHx64_Data\sharedassets49.assets,41277360,F70FA788,24701
0,0,COM3D2OHx64_Data\sharedassets50.assets,39399112,B2289F75,24701
0,0,COM3D2OHx64_Data\sharedassets51.assets,3017228,F20715FA,24701
0,0,COM3D2OHx64_Data\sharedassets51.assets.resS,611728,7BFBEAAE,24701
0,0,COM3D2OHx64_Data\sharedassets52.assets,9556,83C481A4,24701
0,0,COM3D2OHx64_Data\sharedassets53.assets,6508,3638E447,24701
0,0,COM3D2OHx64_Data\sharedassets54.assets,6508,3638E447,24701
0,0,COM3D2OHx64_Data\sharedassets55.assets,6508,3638E447,24701
0,0,COM3D2OHx64_Data\sharedassets56.assets,12688,DFB524CD,24701
0,0,COM3D2OHx64_Data\sharedassets57.assets,9508,43453C9D,24701
0,0,COM3D2OHx64_Data\sharedassets58.assets,6472,10469161,24701
0,0,COM3D2OHx64_Data\sharedassets59.assets,59364,4DAB6ECE,24701
0,0,COM3D2OHx64_Data\sharedassets59.assets.resS,174776,B51EE5DC,24701
0,0,COM3D2OHx64_Data\sharedassets60.assets,6484,76A74B66,24701
0,0,COM3D2OHx64_Data\sharedassets61.assets,759744,E902F4EB,24701
0,0,COM3D2OHx64_Data\sharedassets61.assets.resS,1310880,58801C35,24701
0,0,COM3D2OHx64_Data\sharedassets61.resource,1178176,90268BF4,24701
0,0,COM3D2OHx64_Data\sharedassets62.assets,9376,7C50C50D,24701
0,0,COM3D2OHx64_Data\sharedassets63.assets,3412512,95D041CB,24701
0,0,COM3D2OHx64_Data\sharedassets63.assets.resS,6226112,B3E98769,24701
0,0,COM3D2OHx64_Data\sharedassets64.assets,6580,DC6BB605,24701
0,0,COM3D2OHx64_Data\sharedassets65.assets,13936,682A5C58,24701
0,0,COM3D2OHx64_Data\sharedassets66.assets,9496,FFE2975B,24701
0,0,COM3D2OHx64_Data\sharedassets67.assets,12712,7417C4A7,24701
0,0,COM3D2OHx64_Data\sharedassets68.assets,9496,4D5A5A85,24701
0,0,COM3D2OHx64_Data\sharedassets69.assets,12676,24393B16,24701
0,0,COM3D2OHx64_Data\sharedassets70.assets,9496,FFE2975B,24701
0,0,COM3D2OHx64_Data\sharedassets71.assets,12712,7417C4A7,24701
0,0,COM3D2OHx64_Data\sharedassets72.assets,10444,50DD2485,24701
0,0,COM3D2OHx64_Data\sharedassets73.assets,6928,6A615896,24701
0,0,COM3D2OHx64_Data\sharedassets74.assets,6436,E3EF0B47,24701
0,0,COM3D2OHx64_Data\sharedassets75.assets,11732,1BC2A3B5,24701
0,0,COM3D2OHx64_Data\sharedassets75.resource,2729184,2D4064D6,24701
0,0,COM3D2OHx64_Data\sharedassets76.assets,11596,BA19F976,24701
0,0,COM3D2OHx64_Data\sharedassets77.assets,8296,F48BED09,24701
0,0,COM3D2OHx64_Data\sharedassets78.assets,7612,5C67DA59,24701
0,0,COM3D2OHx64_Data\sharedassets79.assets,353948,4169B0D1,24701
0,0,COM3D2OHx64_Data\sharedassets79.assets.resS,2272048,E50143CB,24701
0,0,COM3D2OHx64_Data\sharedassets79.resource,6236800,C7E9CFDE,24701
0,0,COM3D2OHx64_Data\sharedassets80.assets,6568400,FBB58A21,24701
0,0,COM3D2OHx64_Data\sharedassets80.assets.resS,10936,3B0D7ADF,24701
0,0,COM3D2OHx64_Data\sharedassets80.resource,1136352,956B5452,24701
0,0,COM3D2OHx64_Data\sharedassets81.assets,10312,4A3BD137,24701
0,0,COM3D2OHx64_Data\sharedassets82.assets,12844,EB923C43,24701
0,0,COM3D2OHx64_Data\sharedassets83.assets,9640,31CDCA54,24701
0,0,COM3D2OHx64_Data\sharedassets84.assets,9764,94D9A5D4,24701
0,0,COM3D2OHx64_Data\sharedassets84.resource,1003968,52A085C2,24701
0,0,COM3D2OHx64_Data\sharedassets85.assets,13000,5A0A1B6E,24701
0,0,COM3D2OHx64_Data\sharedassets86.assets,12904,0C423D6E,24701
0,0,COM3D2OHx64_Data\sharedassets87.assets,9580,1FFA01B3,24701
0,0,COM3D2OHx64_Data\sharedassets88.assets,13348,35CC0F53,24701
0,0,COM3D2OHx64_Data\sharedassets88.resource,1166848,2709F6C2,24701
0,0,COM3D2OHx64_Data\sharedassets89.assets,9892,6CA6B349,24701
0,0,COM3D2OHx64_Data\sharedassets90.assets,6664,C8B74B1D,24701
0,0,COM3D2OHx64_Data\sharedassets91.assets,6664,C8B74B1D,24701
0,0,COM3D2OHx64_Data\sharedassets92.assets,6628,ACE44469,24701
0,0,COM3D2OHx64_Data\sharedassets93.assets,6340,C313A63D,24701
0,0,COM3D2OHx64_Data\sharedassets94.assets,6628,ACE44469,24701
0,0,COM3D2OHx64_Data\sharedassets95.assets,6724,49F43E86,24701
0,0,COM3D2OHx64_Data\sharedassets96.assets,6628,ACE44469,24701
0,0,COM3D2OHx64_Data\sharedassets97.assets,12856,9E704ED4,24701
0,0,COM3D2OHx64_Data\sharedassets98.assets,9544,38AECDA4,24701
0,0,COM3D2OHx64_Data\sharedassets99.assets,394920,2397C29B,24701
0,0,COM3D2OHx64_Data\sharedassets99.assets.resS,2184640,DF887086,24701
0,0,COM3D2OHx64_Data\sharedassets100.assets,9748,2C5C5F78,24701
0,0,COM3D2OHx64_Data\sharedassets100.resource,2751968,AE761A89,24701
0,0,COM3D2OHx64_Data\sharedassets101.assets,12928,15EFA7AB,24701
0,0,COM3D2OHx64_Data\sharedassets102.assets,12964,03D1D5A5,24701
0,0,COM3D2OHx64_Data\sharedassets103.assets,9640,786137D2,24701
0,0,COM3D2OHx64_Data\sharedassets104.assets,7172,CAC86830,24701
0,0,COM3D2OHx64_Data\sharedassets104.resource,6331552,B816A215,24701
0,0,COM3D2OHx64_Data\sharedassets105.assets,7048,04BDBB2C,24701
0,0,COM3D2OHx64_Data\sharedassets106.assets,86916,22F458C2,24701
0,0,COM3D2OHx64_Data\sharedassets106.resource,8838816,EBFF12DA,24701
0,0,COM3D2OHx64_Data\sharedassets107.assets,8200,2BFEB159,24701
0,0,COM3D2OHx64_Data\sharedassets108.assets,11332,7BEA8B53,24701
0,0,COM3D2OHx64_Data\sharedassets109.assets,8140,D525F89A,24701
0,0,COM3D2OHx64_Data\sharedassets110.assets,615896,D564B1F2,24701
0,0,COM3D2OHx64_Data\sharedassets110.assets.resS,6138632,73B447A4,24701
0,0,COM3D2OHx64_Data\sharedassets111.assets,7024,C57DA945,24701
0,0,COM3D2OHx64_Data\sharedassets112.assets,6928,64568C34,24701
0,0,COM3D2OHx64_Data\sharedassets113.assets,6928,64568C34,24701
0,0,COM3D2OHx64_Data\sharedassets114.assets,6928,64568C34,24701
0,0,COM3D2OHx64_Data\sharedassets115.assets,6928,64568C34,24701
0,0,COM3D2OHx64_Data\sharedassets116.assets,6928,64568C34,24701
0,0,COM3D2OHx64_Data\sharedassets117.assets,6928,64568C34,24701
0,0,COM3D2OHx64_Data\sharedassets118.assets,6628,ACE44469,24701
0,0,COM3D2OHx64_Data\sharedassets119.assets,6628,ACE44469,24701
0,0,COM3D2OHx64_Data\sharedassets120.assets,6628,ACE44469,24701
0,0,COM3D2OHx64_Data\sharedassets121.assets,6628,ACE44469,24701
0,0,COM3D2OHx64_Data\sharedassets122.assets,6628,ACE44469,24701
0,0,COM3D2OHx64_Data\sharedassets123.assets,6628,ACE44469,24701
0,0,COM3D2OHx64_Data\sharedassets124.assets,6628,ACE44469,24701
0,0,COM3D2OHx64_Data\sharedassets125.assets,6928,64568C34,24701
0,0,COM3D2OHx64_Data\sharedassets126.assets,213676,620ACE92,24701
0,0,COM3D2OHx64_Data\sharedassets126.assets.resS,174776,583F8A72,24701
0,0,COM3D2OHx64.exe,22841856,858642A8,24701
share,../com3d2data\GameData\cbl\csv_cbl.arc,GameData\csv_cbl.arc,1518068,A1856029,24709
share,../com3d2data\GameData\cbl\script_cbl.arc,GameData\script_cbl.arc,7601817,09A1665D,24709
share,../com3d2data\GameData\patch\csv.arc,GameData\csv.arc,47307273,6C4B84D3,24709
share,../com3d2data\GameData\patch\csv_bv001_2.arc,GameData\csv_bv001_2.arc,1394,3419AABB,24701
share,../com3d2data\GameData\patch\parts_bv001_2.arc,GameData\parts_bv001_2.arc,3442,396F38D6,24701
share,../com3d2data\GameData\patch\parts_cas141_2.arc,GameData\parts_cas141_2.arc,87794,C8B8F370,24701
share,../com3d2data\GameData\patch\parts_dlc388_2.arc,GameData\parts_dlc388_2.arc,554850,AFA69AA0,24701
share,../com3d2data\GameData\patch\parts_dlc475_2.arc,GameData\parts_dlc475_2.arc,14108761,97487DDB,24701
share,../com3d2data\GameData\patch\parts_dlc522_2.arc,GameData\parts_dlc522_2.arc,429964,7411FE60,24701
share,../com3d2data\GameData\patch\parts_dlc538_2.arc,GameData\parts_dlc538_2.arc,3394,FE9038EE,24701
share,../com3d2data\GameData\patch\parts_oldplus011hair1_2.arc,GameData\parts_oldplus011hair1_2.arc,2850,7E45A630,24701
share,../com3d2data\GameData\patch\parts_ordermade_pure_2.arc,GameData\parts_ordermade_pure_2.arc,577624,AD5B0F50,24701
share,../com3d2data\GameData\patch\parts2.arc,GameData\parts2.arc,235126291,436FD127,24706
share,../com3d2data\GameData\patch\paths.dat,GameData\paths.dat,21299,DF7D6669,24710
share,../com3d2data\GameData\patch\prioritymaterial.arc,GameData\prioritymaterial.arc,904341,6FF4733A,24706
share,../com3d2data\GameData\patch\system2.arc,GameData\system2.arc,121854644,CAE840AF,24701
share,../com3d2data\GameData_20\menu_bv001_2.arc,GameData_20\menu_bv001_2.arc,3682,074B851C,1754
share,../com3d2data\GameData_20\menu_dlc538_2.arc,GameData_20\menu_dlc538_2.arc,3650,5108511A,1754
share,../com3d2data\GameData_20\model_cas141_2.arc,GameData_20\model_cas141_2.arc,86614,EA312133,1754
share,../com3d2data\GameData_20\model_dlc388_2.arc,GameData_20\model_dlc388_2.arc,552662,27F4BA27,1754
share,../com3d2data\GameData_20\model_dlc475_2.arc,GameData_20\model_dlc475_2.arc,1558632,69F41A60,1754
share,../com3d2data\GameData_20\model_dlc522_2.arc,GameData_20\model_dlc522_2.arc,428795,5FCFC9AA,1754
share,../com3d2data\GameData_20\paths.dat,GameData_20\paths.dat,15824,2CF0C625,1846
share,../com3d2data\GameData_20\prioritymaterial.arc,GameData_20\prioritymaterial.arc,468249,84D0D658,1847
