0,0,CM3D2.exe,7793664,D44E2FA5,1007
0,0,CM3D2x64.exe,14915584,F9649DA5,129
0,0,CM3D2x64_Data\level0,165088,3759A4F3,1290
0,0,CM3D2x64_Data\level1,168392,913A3927,1290
0,0,CM3D2x64_Data\level10,150816,BD515E3C,1290
0,0,CM3D2x64_Data\level11,175176,A199465E,1290
0,0,CM3D2x64_Data\level12,151248,92AAC841,1290
0,0,CM3D2x64_Data\level13,473240,41AC2FE1,1290
0,0,CM3D2x64_Data\level14,4376,3C01B194,1290
0,0,CM3D2x64_Data\level15,153896,77402A80,1290
0,0,CM3D2x64_Data\level16,4376,5BAB4085,1290
0,0,CM3D2x64_Data\level17,162256,E9280319,1290
0,0,CM3D2x64_Data\level18,224968,8B67AB5A,1290
0,0,CM3D2x64_Data\level19,366096,4F188158,1290
0,0,CM3D2x64_Data\level2,367640,7D5B8CFC,1290
0,0,CM3D2x64_Data\level20,171304,0C07E000,1290
0,0,CM3D2x64_Data\level21,443688,ED4081FB,1290
0,0,CM3D2x64_Data\level22,214408,AC643D95,1290
0,0,CM3D2x64_Data\level23,237184,42389269,1290
0,0,CM3D2x64_Data\level24,170296,E0EF51A5,1290
0,0,CM3D2x64_Data\level25,552280,63756DB7,1290
0,0,CM3D2x64_Data\level26,640960,094D7A0F,1290
0,0,CM3D2x64_Data\level27,431480,15198905,1290
0,0,CM3D2x64_Data\level3,488752,67B461D4,1290
0,0,CM3D2x64_Data\level4,558632,C69E0342,1290
0,0,CM3D2x64_Data\level5,151240,F548A1E4,1290
0,0,CM3D2x64_Data\level6,298024,2F903277,1290
0,0,CM3D2x64_Data\level7,191664,FDA05188,1290
0,0,CM3D2x64_Data\level8,187856,8A98A96A,1290
0,0,CM3D2x64_Data\level9,160848,DB0A16C0,1290
0,0,CM3D2x64_Data\mainData,982112,F262A0DA,1290
0,0,CM3D2x64_Data\PlayerConnectionConfigFile,21,4D9AA08B,1290
0,0,CM3D2x64_Data\resources.assets,224598200,FC8B5204,1290
0,0,CM3D2x64_Data\sharedassets0.assets,237166976,DA46B5F8,1290
0,0,CM3D2x64_Data\sharedassets1.assets,6649276,4154B753,1290
0,0,CM3D2x64_Data\sharedassets10.assets,5272,2D2F1547,1290
0,0,CM3D2x64_Data\sharedassets11.assets,466324,957396B5,1290
0,0,CM3D2x64_Data\sharedassets12.assets,5296,EB19F07E,1290
0,0,CM3D2x64_Data\sharedassets13.assets,927416,A789BC38,1290
0,0,CM3D2x64_Data\sharedassets14.assets,2458064,7BFD1D67,1290
0,0,CM3D2x64_Data\sharedassets15.assets,4112,AFC2ECF8,1290
0,0,CM3D2x64_Data\sharedassets16.assets,4200912,00812D7D,1290
0,0,CM3D2x64_Data\sharedassets17.assets,4112,85D5607B,1290
0,0,CM3D2x64_Data\sharedassets18.assets,49608480,9A4FD754,1290
0,0,CM3D2x64_Data\sharedassets19.assets,3691764,BBBC658B,1290
0,0,CM3D2x64_Data\sharedassets2.assets,3514212,B0A8D2DC,1290
0,0,CM3D2x64_Data\sharedassets20.assets,1587644,6AEDD387,1290
0,0,CM3D2x64_Data\sharedassets21.assets,5336,A63BA865,1290
0,0,CM3D2x64_Data\sharedassets22.assets,72640,2B78F8A9,1290
0,0,CM3D2x64_Data\sharedassets23.assets,5424,6470E58C,1290
0,0,CM3D2x64_Data\sharedassets24.assets,5344,6C141D13,1290
0,0,CM3D2x64_Data\sharedassets25.assets,5344,557F227A,1290
0,0,CM3D2x64_Data\sharedassets26.assets,1423756,555F345B,1290
0,0,CM3D2x64_Data\sharedassets27.assets,5648,DBFE8212,1290
0,0,CM3D2x64_Data\sharedassets28.assets,39509480,5E5F2E34,1290
0,0,CM3D2x64_Data\sharedassets3.assets,16005664,D9A6B2E8,1290
0,0,CM3D2x64_Data\sharedassets4.assets,36843908,2C139441,1290
0,0,CM3D2x64_Data\sharedassets5.assets,6952156,E25BAE37,1290
0,0,CM3D2x64_Data\sharedassets6.assets,503352,B4A74E1F,1290
0,0,CM3D2x64_Data\sharedassets7.assets,5472,BFCB231D,1290
0,0,CM3D2x64_Data\sharedassets8.assets,355452,0928FF52,1290
0,0,CM3D2x64_Data\sharedassets9.assets,11891564,DAB157C9,1290
0,0,CM3D2x64_Data\Managed\Accessibility.dll,10752,A358E135,1290
0,0,CM3D2x64_Data\Managed\Assembly-CSharp-firstpass.dll,171520,B3B44340,1290
0,0,CM3D2x64_Data\Managed\Assembly-CSharp.dll,2178560,51514BC8,1290
0,0,CM3D2x64_Data\Managed\Assembly-UnityScript-firstpass.dll,65024,487DED32,1290
0,0,CM3D2x64_Data\Managed\Boo.Lang.dll,126976,B1FDC6B6,1290
0,0,CM3D2x64_Data\Managed\JsonFx.Json.dll,70144,A0F0CFCB,1290
0,0,CM3D2x64_Data\Managed\Mono.Data.Tds.dll,96256,DE9FBD55,1290
0,0,CM3D2x64_Data\Managed\Mono.Posix.dll,184320,A333AAF5,1290
0,0,CM3D2x64_Data\Managed\Mono.Security.dll,294912,D5BB48FC,1290
0,0,CM3D2x64_Data\Managed\Mono.WebBrowser.dll,172032,5D310803,1290
0,0,CM3D2x64_Data\Managed\mscorlib.dll,2590208,5A5FF75C,1290
0,0,CM3D2x64_Data\Managed\System.Configuration.dll,124928,F88CF714,1290
0,0,CM3D2x64_Data\Managed\System.Core.dll,300032,0504C277,1290
0,0,CM3D2x64_Data\Managed\System.Data.dll,856064,1DE4F5EB,1290
0,0,CM3D2x64_Data\Managed\System.dll,1678848,08B8E16D,1290
0,0,CM3D2x64_Data\Managed\System.Drawing.Design.dll,29696,E7B53FF9,1290
0,0,CM3D2x64_Data\Managed\System.Drawing.dll,448512,C4B2E872,1290
0,0,CM3D2x64_Data\Managed\System.EnterpriseServices.dll,46592,1B56067D,1290
0,0,CM3D2x64_Data\Managed\System.Security.dll,135168,A9F5B9F1,1290
0,0,CM3D2x64_Data\Managed\System.Transactions.dll,27648,DE82E2C6,1290
0,0,CM3D2x64_Data\Managed\System.Windows.Forms.dll,3053568,56394001,1290
0,0,CM3D2x64_Data\Managed\System.Xml.dll,1270272,BCE39995,1290
0,0,CM3D2x64_Data\Managed\System.Xml.Linq.dll,106496,1062D683,1290
0,0,CM3D2x64_Data\Managed\UnityEngine.dll,614912,6F2B6F30,1290
0,0,CM3D2x64_Data\Managed\UnityEngine.UI.dll,176128,380C2545,1290
0,0,CM3D2x64_Data\Managed\UnityScript.Lang.dll,14336,FAB8DDA9,1290
0,0,CM3D2x64_Data\Mono\mono.dll,2601984,5E0870C0,1290
0,0,CM3D2x64_Data\Mono\etc\mono\browscap.ini,311984,CE6C0AB3,1290
0,0,CM3D2x64_Data\Mono\etc\mono\config,1691,A635914A,1290
0,0,CM3D2x64_Data\Mono\etc\mono\1.0\DefaultWsdlHelpGenerator.aspx,58196,10E814BF,1290
0,0,CM3D2x64_Data\Mono\etc\mono\1.0\machine.config,17259,82F1AD8B,1290
0,0,CM3D2x64_Data\Mono\etc\mono\2.0\DefaultWsdlHelpGenerator.aspx,60453,F3869A34,1290
0,0,CM3D2x64_Data\Mono\etc\mono\2.0\machine.config,27626,4F6C3F79,1290
0,0,CM3D2x64_Data\Mono\etc\mono\2.0\settings.map,2618,A1A3C29F,1290
0,0,CM3D2x64_Data\Mono\etc\mono\2.0\web.config,11686,534A9960,1290
0,0,CM3D2x64_Data\Mono\etc\mono\2.0\Browsers\Compat.browser,1605,2E178A0B,1290
0,0,CM3D2x64_Data\Mono\etc\mono\mconfig\config.xml,25817,80B2033A,1290
0,0,CM3D2x64_Data\Plugins\cm3d2_x64.dll,1514496,40A9A5BB,1290
0,0,CM3D2x64_Data\Plugins\device_hook.dll,87552,65F0207E,1290
0,0,CM3D2x64_Data\Resources\unity default resources,1571709,31020360,1290
0,0,CM3D2x64_Data\Resources\unity_builtin_extra,372672,13813718,1290
0,0,GameData\bg_pp001_2.arc,1237157,C9D912F7,1220
0,0,GameData\csv.arc,1958064,71A9812E,1290
0,0,GameData\csv_addpose001.arc,1235,D06FCA6D,1220
0,0,GameData\csv_vp001_2.arc,2082,25E58CEB,1160
0,0,GameData\material2.arc,196884,BED668DB,1220
0,0,GameData\material_denkigai2015s003_2.arc,7106,0C82D791,1150
0,0,GameData\material_dlc055_2.arc,5282,11A93109,1280
0,0,GameData\material_dlsite_2.arc,1762,C5A837EA,1150
0,0,GameData\material_shop001_2.arc,1762,D98CED1C,1150
0,0,GameData\material_shop002_2.arc,1762,956BB00E,1150
0,0,GameData\material_shop003_2.arc,1762,38CEBFF2,1150
0,0,GameData\material_shop005_2.arc,1714,3E621A32,1150
0,0,GameData\material_shop007_2.arc,2578,C8CE627C,1150
0,0,GameData\material_vp001_2.arc,9554,066C9CA9,1150
0,0,GameData\material_yomeido003_2.arc,1522,0689A7AC,1240
0,0,GameData\menu2.arc,222431,D166D9EA,1240
0,0,GameData\menu_denkigai2015s001_2.arc,6594,8B3E849F,1160
0,0,GameData\menu_denkigai2015s003_2.arc,4338,D294CE88,1150
0,0,GameData\menu_dlc026_2.arc,3778,69453D54,1190
0,0,GameData\menu_dlc028_2.arc,3874,DE3F1C31,1200
0,0,GameData\menu_dlc061_2.arc,3810,F99C1D4E,1290
0,0,GameData\menu_dlsite_2.arc,1954,B2268BA7,1150
0,0,GameData\menu_shop001_2.arc,3314,35207C87,1150
0,0,GameData\menu_shop005_2.arc,1378,0C9AF725,1150
0,0,GameData\menu_vp001_2.arc,18546,5FFF33DA,1150
0,0,GameData\menu_yomeido003_2.arc,1234,4D6F619D,1240
0,0,GameData\menu_yomeidogp_wedding_2.arc,1266,A1CA3BA5,1290
0,0,GameData\model2.arc,12131735,DE965C29,1270
0,0,GameData\model_denkigai2015s003_2.arc,394665,41A48185,1150
0,0,GameData\model_dlc005_2.arc,175424,F7DD7D82,1270
0,0,GameData\model_dlc046_2.arc,155690,83B34173,1220
0,0,GameData\model_dlsite_2.arc,197173,24366C43,1150
0,0,GameData\model_shop001_2.arc,115215,9C941FAF,1150
0,0,GameData\model_shop002_2.arc,251253,743C3D97,1150
0,0,GameData\model_shop003_2.arc,185433,A15EC70A,1150
0,0,GameData\model_shop005_2.arc,150103,FB5341FA,1150
0,0,GameData\model_shop007_2.arc,288759,80615CBD,1150
0,0,GameData\model_vp001_2.arc,290407,A19508D6,1150
0,0,GameData\motion2.arc,65216957,6B7F00D2,1270
0,0,GameData\motion_addpose001.arc,902194,517CF6C8,1220
0,0,GameData\motion_pp001_2.arc,615858,0E432519,1220
0,0,GameData\motion_vp001_2.arc,141579,7857F9CD,1160
0,0,GameData\paths.dat,1609,51F6318F,1290
0,0,GameData\prioritymaterial.arc,103484,9CC69667,1290
0,0,GameData\script.arc,13164961,F22E873E,1290
0,0,GameData\script_addpose001.arc,1194,9F2EDF3C,1220
0,0,GameData\script_denkigai2015w_2.arc,40178,8634EE8F,1220
0,0,GameData\script_denkigai2015wPants_2.arc,12658,57896547,1220
0,0,GameData\script_personal001_2.arc,2670491,54142E52,1280
0,0,GameData\script_pp001_2.arc,125957,E8FFB47F,1290
0,0,GameData\sound2.arc,7402763,5D761564,1170
0,0,GameData\texture3.arc,7019959,685D3693,1280
0,0,GameData\texture_addpose001.arc,23943,1D529A44,1220
0,0,GameData\texture_dlc004_2.arc,4805734,C8E5CFB4,1200
0,0,GameData\texture_dlc046_2.arc,596960,FC606BA5,1220
0,0,GameData\texture_yomeido003_2.arc,117248,0EE72B42,1240
0,0,GameData\voice3.arc,101849461,061F0890,1250
0,0,manual\data\004.png,699424,54A4DC50,1010
0,0,manual\data\007.png,453984,97E623F5,1010
0,0,manual\data\008.png,553674,7B23C3DF,1010
0,0,manual\data\013.png,673884,992CEEC5,1010
0,0,PhotoModeData\Mod\Motion\readme.txt,146,3BF5AF4D,1220
0,0,Preset\1_junshin.preset,43021,0D00795A,1010
0,0,Preset\2_coodere.preset,43516,E9EBB0F2,1010
0,0,Preset\3_tsundere.preset,48900,D0EF8B9E,1010
0,0,Preset\4_default.preset,43697,C5E392BE,1010
0,0,Preset\5_pretty_junshin.preset,40739,D9262BEF,1010
0,0,Preset\6_pretty_coodere.preset,39554,E54D5766,1010
0,0,Preset\7_pretty_tsundere.preset,38235,CA8437BB,1010
0,0,Preset\8_ren_1_yosiko.preset,55432,D54FD70C,1220
0,0,Preset\8_ren_2_ayumi.preset,51097,3C44F9DB,1220
0,0,Preset\8_ren_3_sakura.preset,52635,33F54D90,1220
0,0,Preset\8_ren_4_ai.preset,46819,9B6E5960,1220