0,0,COM3D2x64_Data\Managed\Accessibility.dll,10752,5CB31E4E,24602
0,0,COM3D2x64_Data\Managed\Assembly-CSharp.dll,6159872,1BE7616B,24602
0,0,COM3D2x64_Data\Managed\Assembly-CSharp-firstpass.dll,788480,9D54E118,24602
0,0,COM3D2x64_Data\Managed\Assembly-UnityScript-firstpass.dll,65024,A5B23258,24602
0,0,COM3D2x64_Data\Managed\Boo.Lang.dll,126976,28383F70,24602
0,0,COM3D2x64_Data\Managed\BouncyCastle.Crypto.dll,2236416,5A4C4F07,24602
0,0,COM3D2x64_Data\Managed\FoveUnityPlugin.dll,28672,A6EA882B,24602
0,0,COM3D2x64_Data\Managed\ICSharpCode.SharpZipLib.dll,200704,D3160A1C,24602
0,0,COM3D2x64_Data\Managed\Ionic.Zlib.dll,102400,7C9E7DD2,24602
0,0,COM3D2x64_Data\Managed\JsonFx.Json.dll,70144,A0F0CFCB,24602
0,0,COM3D2x64_Data\Managed\LeapCSharp.NET3.5.dll,82432,38E38212,24602
0,0,COM3D2x64_Data\Managed\Mono.Data.Tds.dll,96256,2965324B,24602
0,0,COM3D2x64_Data\Managed\Mono.Posix.dll,184320,0CE35BE3,24602
0,0,COM3D2x64_Data\Managed\Mono.Security.dll,294912,66EB9979,24602
0,0,COM3D2x64_Data\Managed\Mono.WebBrowser.dll,172032,137B736F,24602
0,0,COM3D2x64_Data\Managed\mscorlib.dll,2590208,5166389B,24602
0,0,COM3D2x64_Data\Managed\Newtonsoft.Json.dll,494592,5C881B73,24602
0,0,COM3D2x64_Data\Managed\System.Configuration.dll,124928,72952344,24602
0,0,COM3D2x64_Data\Managed\System.Core.dll,297472,9E3EE5D7,24602
0,0,COM3D2x64_Data\Managed\System.Data.dll,856064,DDDB80CD,24602
0,0,COM3D2x64_Data\Managed\System.dll,1679360,13922617,24602
0,0,COM3D2x64_Data\Managed\System.Drawing.Design.dll,29696,E7B53FF9,24602
0,0,COM3D2x64_Data\Managed\System.Drawing.dll,448512,C4B2E872,24602
0,0,COM3D2x64_Data\Managed\System.EnterpriseServices.dll,46592,2C72A9FE,24602
0,0,COM3D2x64_Data\Managed\System.Security.dll,135168,1CE94C57,24602
0,0,COM3D2x64_Data\Managed\System.Transactions.dll,27648,45299FCF,24602
0,0,COM3D2x64_Data\Managed\System.Windows.Forms.dll,3053568,56394001,24602
0,0,COM3D2x64_Data\Managed\System.Xml.dll,1270272,4581A35B,24602
0,0,COM3D2x64_Data\Managed\System.Xml.Linq.dll,106496,E844371C,24602
0,0,COM3D2x64_Data\Managed\UnityEngine.dll,1393152,2C35388C,24602
0,0,COM3D2x64_Data\Managed\UnityEngine.dll.mdb,449828,8610375E,24602
0,0,COM3D2x64_Data\Managed\UnityEngine.Networking.dll,253952,2BDF701F,24602
0,0,COM3D2x64_Data\Managed\UnityEngine.UI.dll,245760,FA552B2D,24602
0,0,COM3D2x64_Data\Managed\UnityEngine.VR.dll,3072,A4582CD6,24602
0,0,COM3D2x64_Data\Managed\UnityScript.Lang.dll,13824,0DA8F681,24602
0,0,COM3D2x64_Data\Managed\Win32.dll,13312,7781C2A2,24602
0,0,COM3D2x64_Data\Managed\zxing.unity.dll,430592,9FD1F198,24602
0,0,COM3D2x64_Data\Mono\etc\mono\1.0\DefaultWsdlHelpGenerator.aspx,58196,10E814BF,24602
0,0,COM3D2x64_Data\Mono\etc\mono\1.0\machine.config,17258,EDE1AC59,24602
0,0,COM3D2x64_Data\Mono\etc\mono\2.0\Browsers\Compat.browser,1605,2E178A0B,24602
0,0,COM3D2x64_Data\Mono\etc\mono\2.0\DefaultWsdlHelpGenerator.aspx,60453,F3869A34,24602
0,0,COM3D2x64_Data\Mono\etc\mono\2.0\machine.config,27625,73C91C24,24602
0,0,COM3D2x64_Data\Mono\etc\mono\2.0\settings.map,2618,A1A3C29F,24602
0,0,COM3D2x64_Data\Mono\etc\mono\2.0\web.config,11686,534A9960,24602
0,0,COM3D2x64_Data\Mono\etc\mono\mconfig\config.xml,25817,80B2033A,24602
0,0,COM3D2x64_Data\Mono\etc\mono\browscap.ini,311984,CE6C0AB3,24602
0,0,COM3D2x64_Data\Mono\etc\mono\config,1691,A635914A,24602
0,0,COM3D2x64_Data\Mono\mono.dll,2618816,0BEA8C0F,24602
0,0,COM3D2x64_Data\Mono\MonoPosixHelper.dll,113664,9B5E1E4D,24602
0,0,COM3D2x64_Data\Plugins\assimp.dll,4388864,7C910D84,24602
0,0,COM3D2x64_Data\Plugins\Audio360.dll,1956352,0D4B8E9D,24602
0,0,COM3D2x64_Data\Plugins\AVProVideo.dll,886272,278352F0,24602
0,0,COM3D2x64_Data\Plugins\clothpp.dll,112128,7C3264A4,24602
0,0,COM3D2x64_Data\Plugins\cm3d2.dll,2265088,CA67D1AD,24602
0,0,COM3D2x64_Data\Plugins\device_hook.dll,738816,F61E7CED,24602
0,0,COM3D2x64_Data\Plugins\FbxExporterCore.dll,12491776,CBAA51C1,24602
0,0,COM3D2x64_Data\Plugins\FoveClient.dll,1849384,58C8B4F6,24602
0,0,COM3D2x64_Data\Plugins\LeapC.dll,2516992,FBDD3767,24602
0,0,COM3D2x64_Data\Plugins\openvr_api.dll,318272,44432E0F,24602
0,0,COM3D2x64_Data\Plugins\OVRGamepad.dll,12800,2C526135,24602
0,0,COM3D2x64_Data\Plugins\OVRLipSync.dll,2512296,391C1F4C,24602
0,0,COM3D2x64_Data\Plugins\OVRPlugin.dll,1898408,5DD05B6C,24602
0,0,COM3D2x64_Data\Plugins\Win32-WebView.dll,504832,382AEE66,24602
0,0,COM3D2x64_Data\Resources\unity default resources,752360,71DB1AEA,24602
0,0,COM3D2x64_Data\Resources\unity_builtin_extra,284012,91145F7F,24602
0,0,COM3D2x64_Data\app.info,27,F9A266E7,24602
0,0,COM3D2x64_Data\globalgamemanagers,5371156,695AEF76,24602
0,0,COM3D2x64_Data\globalgamemanagers.assets,257892,05BA4640,24602
0,0,COM3D2x64_Data\level0,356324,3C0E0A52,24602
0,0,COM3D2x64_Data\level1,379468,CBC3F64C,24602
0,0,COM3D2x64_Data\level2,374300,B3FF82C3,24602
0,0,COM3D2x64_Data\level3,1291404,4F4C4233,24602
0,0,COM3D2x64_Data\level4,1245508,A411C45D,24602
0,0,COM3D2x64_Data\level5,1344508,45C78A9D,24602
0,0,COM3D2x64_Data\level6,358308,BEC0D267,24602
0,0,COM3D2x64_Data\level7,1091388,2E868733,24602
0,0,COM3D2x64_Data\level8,388884,A300997C,24602
0,0,COM3D2x64_Data\level9,455428,07F49DD1,24602
0,0,COM3D2x64_Data\level10,383500,8FE9EC41,24602
0,0,COM3D2x64_Data\level11,356836,FA507E3D,24602
0,0,COM3D2x64_Data\level12,470756,D3498CBC,24602
0,0,COM3D2x64_Data\level13,360948,0FB4B6A4,24602
0,0,COM3D2x64_Data\level14,913588,55BB6AB5,24602
0,0,COM3D2x64_Data\level15,7524,BB881384,24602
0,0,COM3D2x64_Data\level16,358780,D29824FC,24602
0,0,COM3D2x64_Data\level17,4664,70662DE5,24602
0,0,COM3D2x64_Data\level18,375468,37EF7B73,24602
0,0,COM3D2x64_Data\level19,365148,E7BED4FF,24602
0,0,COM3D2x64_Data\level20,987956,C0E7E66C,24602
0,0,COM3D2x64_Data\level21,468436,0BC0C36C,24602
0,0,COM3D2x64_Data\level22,1117604,4F683416,24602
0,0,COM3D2x64_Data\level23,441468,08B00BDF,24602
0,0,COM3D2x64_Data\level24,711820,885794F2,24602
0,0,COM3D2x64_Data\level25,378804,A6D66FA8,24602
0,0,COM3D2x64_Data\level26,2235316,B323E209,24602
0,0,COM3D2x64_Data\level27,1147620,01DD1FCD,24602
0,0,COM3D2x64_Data\level28,378804,7638DB13,24602
0,0,COM3D2x64_Data\level29,1120924,F9C61BA4,24602
0,0,COM3D2x64_Data\level30,371428,A3E7D9A9,24602
0,0,COM3D2x64_Data\level31,478540,B7138D80,24602
0,0,COM3D2x64_Data\level32,27904,74924ECC,24602
0,0,COM3D2x64_Data\level32.resS,131232,851AC384,24602
0,0,COM3D2x64_Data\level33,51676,5E2349A7,24602
0,0,COM3D2x64_Data\level34,56036,2479CB43,24602
0,0,COM3D2x64_Data\level35,6824,BFC49B67,24602
0,0,COM3D2x64_Data\level36,357228,2835AB4D,24602
0,0,COM3D2x64_Data\level37,1608916,9115F429,24602
0,0,COM3D2x64_Data\level38,1465556,7F1DE318,24602
0,0,COM3D2x64_Data\level39,1487148,DC3793F3,24602
0,0,COM3D2x64_Data\level40,474884,12BBB5A5,24602
0,0,COM3D2x64_Data\level41,426252,BB0A1137,24602
0,0,COM3D2x64_Data\level42,457668,F06614B5,24602
0,0,COM3D2x64_Data\level43,1382556,79B67A7A,24602
0,0,COM3D2x64_Data\level44,1447020,49EB8906,24602
0,0,COM3D2x64_Data\level45,1572428,8BF55DD8,24602
0,0,COM3D2x64_Data\level46,444852,D623E38B,24602
0,0,COM3D2x64_Data\level47,411948,5953A54B,24602
0,0,COM3D2x64_Data\level48,470316,7491586F,24602
0,0,COM3D2x64_Data\level49,427524,74C67056,24602
0,0,COM3D2x64_Data\level50,1407300,CACBB768,24602
0,0,COM3D2x64_Data\level51,412212,79CF5E90,24602
0,0,COM3D2x64_Data\level52,772628,3FF28987,24602
0,0,COM3D2x64_Data\level53,653308,2B3674CF,24602
0,0,COM3D2x64_Data\level54,380972,ACC385C7,24602
0,0,COM3D2x64_Data\level55,1309260,F29ACB0A,24602
0,0,COM3D2x64_Data\level56,1060052,2F56B8FE,24602
0,0,COM3D2x64_Data\level57,1067340,38DC58F5,24602
0,0,COM3D2x64_Data\level58,1309268,09D2F31B,24602
0,0,COM3D2x64_Data\level59,1190068,BF6145BD,24602
0,0,COM3D2x64_Data\level60,978596,A941DB05,24602
0,0,COM3D2x64_Data\level61,1264980,CD58A813,24602
0,0,COM3D2x64_Data\level62,1365996,B01A1353,24602
0,0,COM3D2x64_Data\level63,712188,A8BE0425,24602
0,0,COM3D2x64_Data\level64,950820,F8A76739,24602
0,0,COM3D2x64_Data\level65,432164,E1A18C72,24602
0,0,COM3D2x64_Data\level66,428532,BB126A96,24602
0,0,COM3D2x64_Data\level67,472236,4ADF4512,24602
0,0,COM3D2x64_Data\level68,494372,4585BF31,24602
0,0,COM3D2x64_Data\level69,422764,CA089690,24602
0,0,COM3D2x64_Data\level70,482724,CB835DB8,24602
0,0,COM3D2x64_Data\level71,1072836,11E1D662,24602
0,0,COM3D2x64_Data\level72,997404,25522858,24602
0,0,COM3D2x64_Data\level73,475564,51500DBB,24602
0,0,COM3D2x64_Data\level74,497708,B79D2BBD,24602
0,0,COM3D2x64_Data\level75,488284,3AFE6F83,24602
0,0,COM3D2x64_Data\level76,1077244,7ACFA0B8,24602
0,0,COM3D2x64_Data\level77,1037684,93370049,24602
0,0,COM3D2x64_Data\level78,481332,C5A37E0C,24602
0,0,COM3D2x64_Data\level79,465860,DD18FF4A,24602
0,0,COM3D2x64_Data\level80,447532,D996B41C,24602
0,0,COM3D2x64_Data\level81,390452,6931B050,24602
0,0,COM3D2x64_Data\level82,1416628,B3B04498,24602
0,0,COM3D2x64_Data\level83,1357556,FDF5F9CD,24602
0,0,COM3D2x64_Data\level84,534324,2A753520,24602
0,0,COM3D2x64_Data\level85,436340,5B25A7CD,24602
0,0,COM3D2x64_Data\level86,1285580,9751AB41,24602
0,0,COM3D2x64_Data\level87,1003420,223C8AE8,24602
0,0,COM3D2x64_Data\level88,1462060,B56D7D05,24602
0,0,COM3D2x64_Data\level89,1403196,46765B68,24602
0,0,COM3D2x64_Data\level90,1608932,2C338DA3,24602
0,0,COM3D2x64_Data\level91,1572444,CF3AA96B,24602
0,0,COM3D2x64_Data\level92,1404340,DC7D1F4B,24602
0,0,COM3D2x64_Data\level93,1370284,67604906,24602
0,0,COM3D2x64_Data\level94,457292,2CBBCB2B,24602
0,0,COM3D2x64_Data\level95,437764,FB299116,24602
0,0,COM3D2x64_Data\level96,1081548,F2B00E05,24602
0,0,COM3D2x64_Data\level97,882836,F6486792,24602
0,0,COM3D2x64_Data\level98,989604,80D872EF,24602
0,0,COM3D2x64_Data\level99,883812,0B56C606,24602
0,0,COM3D2x64_Data\level100,1062804,5AFA20A9,24602
0,0,COM3D2x64_Data\level101,1726436,FD39C49C,24602
0,0,COM3D2x64_Data\level102,1677500,F135647E,24602
0,0,COM3D2x64_Data\level103,1145948,A233683C,24602
0,0,COM3D2x64_Data\level104,1089780,E1CEEEA3,24602
0,0,COM3D2x64_Data\level105,1545252,975432AB,24602
0,0,COM3D2x64_Data\level106,1644180,2BEA3FF6,24602
0,0,COM3D2x64_Data\level107,1087684,34A9AC3F,24602
0,0,COM3D2x64_Data\level108,1003228,890FC57D,24602
0,0,COM3D2x64_Data\level109,1712180,59E24AC9,24602
0,0,COM3D2x64_Data\level110,1608996,27034709,24602
0,0,COM3D2x64_Data\level111,498996,810CC82A,24602
0,0,COM3D2x64_Data\level112,518772,11CBD2FF,24602
0,0,COM3D2x64_Data\level113,607252,C1C59BE2,24602
0,0,COM3D2x64_Data\level114,566692,0BC1A17E,24602
0,0,COM3D2x64_Data\level114.resS,131232,9337BCA3,24602
0,0,COM3D2x64_Data\level115,494052,47189044,24602
0,0,COM3D2x64_Data\level116,593260,CB376178,24602
0,0,COM3D2x64_Data\level117,517364,42A11C17,24602
0,0,COM3D2x64_Data\level118,1766844,2A8BC7B8,24602
0,0,COM3D2x64_Data\level119,1509412,10DF070E,24602
0,0,COM3D2x64_Data\level120,1337420,788F5F85,24602
0,0,COM3D2x64_Data\level121,1168572,F02D31C3,24602
0,0,COM3D2x64_Data\level122,1255996,570384BC,24602
0,0,COM3D2x64_Data\level123,1447340,1934F248,24602
0,0,COM3D2x64_Data\level124,1353044,4758BA7F,24602
0,0,COM3D2x64_Data\level125,970612,659E2D25,24602
0,0,COM3D2x64_Data\level126,588140,803C363C,24602
0,0,COM3D2x64_Data\level127,1033492,19140094,24602
0,0,COM3D2x64_Data\level128,956172,FD2C5EF9,24602
0,0,COM3D2x64_Data\level129,737940,735CC09E,24602
0,0,COM3D2x64_Data\level130,970756,B6DF32D8,24602
0,0,COM3D2x64_Data\level131,930340,0BE1113F,24602
0,0,COM3D2x64_Data\level132,896028,BAFD8264,24602
0,0,COM3D2x64_Data\level133,870596,719EAB7A,24602
0,0,COM3D2x64_Data\level134,561484,B0BA715E,24602
0,0,COM3D2x64_Data\level135,565684,9879F2A3,24602
0,0,COM3D2x64_Data\level136,591060,9023102D,24602
0,0,COM3D2x64_Data\level137,589460,53F4D721,24602
0,0,COM3D2x64_Data\level138,591196,9EB4DEA6,24602
0,0,COM3D2x64_Data\level139,593572,11523055,24602
0,0,COM3D2x64_Data\level140,527780,411CE5D8,24602
0,0,COM3D2x64_Data\level141,531996,CF6178CE,24602
0,0,COM3D2x64_Data\level142,556220,18A01BB7,24602
0,0,COM3D2x64_Data\level143,586556,696A167B,24602
0,0,COM3D2x64_Data\level144,557348,1BC3503D,24602
0,0,COM3D2x64_Data\level145,560340,C8C12D3F,24602
0,0,COM3D2x64_Data\level146,549412,55407AE8,24602
0,0,COM3D2x64_Data\level147,587268,2E9D89A1,24602
0,0,COM3D2x64_Data\level148,462260,91E7043D,24602
0,0,COM3D2x64_Data\level149,363572,2DDE28E8,24602
0,0,COM3D2x64_Data\level150,445796,56A887AD,24602
0,0,COM3D2x64_Data\level150.resS,131232,9337BCA3,24602
0,0,COM3D2x64_Data\level151,1031484,32965E9E,24602
0,0,COM3D2x64_Data\level152,1375988,3F246283,24602
0,0,COM3D2x64_Data\level153,414036,8D877167,24602
0,0,COM3D2x64_Data\level154,453852,E2BA0592,24602
0,0,COM3D2x64_Data\level155,460460,FCD8F656,24602
0,0,COM3D2x64_Data\resources.assets,473505476,A3EAD500,24602
0,0,COM3D2x64_Data\resources.assets.resS,2077015224,EA7DDDA5,24602
0,0,COM3D2x64_Data\resources.resource,1348672,632087DF,24602
0,0,COM3D2x64_Data\sharedassets0.assets,115228100,132382BF,24602
0,0,COM3D2x64_Data\sharedassets0.assets.resS,28071636,8A34135A,24602
0,0,COM3D2x64_Data\sharedassets1.assets,6256,6C8EFA29,24602
0,0,COM3D2x64_Data\sharedassets2.assets,6292,40A8181E,24602
0,0,COM3D2x64_Data\sharedassets3.assets,8296,AB037825,24602
0,0,COM3D2x64_Data\sharedassets4.assets,12964,A9AD6D30,24602
0,0,COM3D2x64_Data\sharedassets5.assets,7276,6E7CA29E,24602
0,0,COM3D2x64_Data\sharedassets6.assets,6160,DE8863B7,24602
0,0,COM3D2x64_Data\sharedassets7.assets,6988,F2DB23EF,24602
0,0,COM3D2x64_Data\sharedassets8.assets,6148,6CF0FEC6,24602
0,0,COM3D2x64_Data\sharedassets9.assets,7108,7768E30C,24602
0,0,COM3D2x64_Data\sharedassets10.assets,6124,8D5DA6B5,24602
0,0,COM3D2x64_Data\sharedassets11.assets,6088,1E83EF56,24602
0,0,COM3D2x64_Data\sharedassets12.assets,6448,7B0500C6,24602
0,0,COM3D2x64_Data\sharedassets13.assets,6280,89293AF9,24602
0,0,COM3D2x64_Data\sharedassets14.assets,6916,FCA5A98D,24602
0,0,COM3D2x64_Data\sharedassets15.assets,4576,9E979B34,24602
0,0,COM3D2x64_Data\sharedassets16.assets,6148,EB1CF165,24602
0,0,COM3D2x64_Data\sharedassets17.assets,4132,5D185FA5,24602
0,0,COM3D2x64_Data\sharedassets18.assets,6868,3B7D4019,24602
0,0,COM3D2x64_Data\sharedassets19.assets,6232,FC0A553E,24602
0,0,COM3D2x64_Data\sharedassets20.assets,12676,3E2ED96E,24602
0,0,COM3D2x64_Data\sharedassets21.assets,6328,B5AC11B4,24602
0,0,COM3D2x64_Data\sharedassets22.assets,12736,9D5BD329,24602
0,0,COM3D2x64_Data\sharedassets23.assets,6316,61146018,24602
0,0,COM3D2x64_Data\sharedassets24.assets,6376,BC96616B,24602
0,0,COM3D2x64_Data\sharedassets25.assets,6184,7AAD34E2,24602
0,0,COM3D2x64_Data\sharedassets26.assets,7108,ACD2695C,24602
0,0,COM3D2x64_Data\sharedassets27.assets,12712,F05699B8,24602
0,0,COM3D2x64_Data\sharedassets28.assets,6184,F77229C4,24602
0,0,COM3D2x64_Data\sharedassets29.assets,12712,F05699B8,24602
0,0,COM3D2x64_Data\sharedassets30.assets,6112,E8606053,24602
0,0,COM3D2x64_Data\sharedassets31.assets,18126856,B445886F,24602
0,0,COM3D2x64_Data\sharedassets32.assets,12328,03F3A58D,24602
0,0,COM3D2x64_Data\sharedassets33.assets,4420,5F843D1C,24602
0,0,COM3D2x64_Data\sharedassets34.assets,4324,DB9793D5,24602
0,0,COM3D2x64_Data\sharedassets35.assets,4264,069E541B,24602
0,0,COM3D2x64_Data\sharedassets36.assets,6124,0BCE3744,24602
0,0,COM3D2x64_Data\sharedassets37.assets,12676,BD7D2909,24602
0,0,COM3D2x64_Data\sharedassets38.assets,12676,7E3F4D41,24602
0,0,COM3D2x64_Data\sharedassets39.assets,12676,0D5350B1,24602
0,0,COM3D2x64_Data\sharedassets40.assets,7228,B46BD5D2,24602
0,0,COM3D2x64_Data\sharedassets41.assets,6976,89D442A6,24602
0,0,COM3D2x64_Data\sharedassets42.assets,7264,6AED6488,24602
0,0,COM3D2x64_Data\sharedassets43.assets,9400,DB8BB438,24602
0,0,COM3D2x64_Data\sharedassets44.assets,9508,0C1243B9,24602
0,0,COM3D2x64_Data\sharedassets45.assets,9496,7500480B,24602
0,0,COM3D2x64_Data\sharedassets46.assets,8560,8E9E5A6F,24602
0,0,COM3D2x64_Data\sharedassets47.assets,6592,8B513E10,24602
0,0,COM3D2x64_Data\sharedassets48.assets,8332,DE54DBB6,24602
0,0,COM3D2x64_Data\sharedassets49.assets,792692,88B53714,24602
0,0,COM3D2x64_Data\sharedassets49.assets.resS,6506584,427886ED,24602
0,0,COM3D2x64_Data\sharedassets50.assets,12676,9CEA81EC,24602
0,0,COM3D2x64_Data\sharedassets51.assets,6592,AAA687E8,24602
0,0,COM3D2x64_Data\sharedassets52.assets,6928,ADB69E13,24602
0,0,COM3D2x64_Data\sharedassets53.assets,6724,0A552E0C,24602
0,0,COM3D2x64_Data\sharedassets54.assets,6136,DF1E0300,24602
0,0,COM3D2x64_Data\sharedassets55.assets,12760,6BC11618,24602
0,0,COM3D2x64_Data\sharedassets56.assets,9292,2B1A9B5E,24602
0,0,COM3D2x64_Data\sharedassets57.assets,9328,524BF3FC,24602
0,0,COM3D2x64_Data\sharedassets58.assets,12760,6BC11618,24602
0,0,COM3D2x64_Data\sharedassets59.assets,9532,91BAB45F,24602
0,0,COM3D2x64_Data\sharedassets60.assets,9328,524BF3FC,24602
0,0,COM3D2x64_Data\sharedassets61.assets,9472,E2A501EF,24602
0,0,COM3D2x64_Data\sharedassets62.assets,9508,0C1243B9,24602
0,0,COM3D2x64_Data\sharedassets63.assets,6652,4C313DF3,24602
0,0,COM3D2x64_Data\sharedassets64.assets,9496,7500480B,24602
0,0,COM3D2x64_Data\sharedassets65.assets,42236540,914931F4,24602
0,0,COM3D2x64_Data\sharedassets65.assets.resS,87400,8BA6C322,24602
0,0,COM3D2x64_Data\sharedassets66.assets,38246508,351A2FBA,24602
0,0,COM3D2x64_Data\sharedassets67.assets,32874604,B973D42A,24602
0,0,COM3D2x64_Data\sharedassets68.assets,36735684,D77EDC01,24602
0,0,COM3D2x64_Data\sharedassets68.assets.resS,174776,5B619AF1,24602
0,0,COM3D2x64_Data\sharedassets69.assets,41277360,8D7831D1,24602
0,0,COM3D2x64_Data\sharedassets70.assets,39399112,7E97B931,24602
0,0,COM3D2x64_Data\sharedassets71.assets,3017228,1F6ED78B,24602
0,0,COM3D2x64_Data\sharedassets71.assets.resS,611728,7BFBEAAE,24602
0,0,COM3D2x64_Data\sharedassets72.assets,9556,4D14D988,24602
0,0,COM3D2x64_Data\sharedassets73.assets,6508,8695BAB3,24602
0,0,COM3D2x64_Data\sharedassets74.assets,6508,8695BAB3,24602
0,0,COM3D2x64_Data\sharedassets75.assets,6508,8695BAB3,24602
0,0,COM3D2x64_Data\sharedassets76.assets,12688,CE33490B,24602
0,0,COM3D2x64_Data\sharedassets77.assets,9508,BC964AB1,24602
0,0,COM3D2x64_Data\sharedassets78.assets,6472,57C75DB2,24602
0,0,COM3D2x64_Data\sharedassets79.assets,59364,EE66514C,24602
0,0,COM3D2x64_Data\sharedassets79.assets.resS,174776,B51EE5DC,24602
0,0,COM3D2x64_Data\sharedassets80.assets,6484,5CAAD896,24602
0,0,COM3D2x64_Data\sharedassets81.assets,6736,4811609E,24602
0,0,COM3D2x64_Data\sharedassets82.assets,759744,CD382031,24602
0,0,COM3D2x64_Data\sharedassets82.assets.resS,1310880,58801C35,24602
0,0,COM3D2x64_Data\sharedassets82.resource,1178176,90268BF4,24602
0,0,COM3D2x64_Data\sharedassets83.assets,9376,7142058C,24602
0,0,COM3D2x64_Data\sharedassets84.assets,3412512,E5C08541,24602
0,0,COM3D2x64_Data\sharedassets84.assets.resS,6226112,B3E98769,24602
0,0,COM3D2x64_Data\sharedassets85.assets,6580,AAE37226,24602
0,0,COM3D2x64_Data\sharedassets86.assets,13936,B6805335,24602
0,0,COM3D2x64_Data\sharedassets87.assets,9496,7500480B,24602
0,0,COM3D2x64_Data\sharedassets88.assets,12712,B50DD4AC,24602
0,0,COM3D2x64_Data\sharedassets89.assets,9496,F1A96ABF,24602
0,0,COM3D2x64_Data\sharedassets90.assets,12676,BD7D2909,24602
0,0,COM3D2x64_Data\sharedassets91.assets,9496,7500480B,24602
0,0,COM3D2x64_Data\sharedassets92.assets,12712,B50DD4AC,24602
0,0,COM3D2x64_Data\sharedassets93.assets,10444,6C177C37,24602
0,0,COM3D2x64_Data\sharedassets94.assets,6928,5F479FDC,24602
0,0,COM3D2x64_Data\sharedassets95.assets,6436,7F6DCBE6,24602
0,0,COM3D2x64_Data\sharedassets96.assets,11732,FC08AA13,24602
0,0,COM3D2x64_Data\sharedassets96.resource,2729184,2D4064D6,24602
0,0,COM3D2x64_Data\sharedassets97.assets,11596,154B4596,24602
0,0,COM3D2x64_Data\sharedassets98.assets,8296,3BA9FD69,24602
0,0,COM3D2x64_Data\sharedassets99.assets,7612,D1F50BBD,24602
0,0,COM3D2x64_Data\sharedassets100.assets,353948,0082F4E1,24602
0,0,COM3D2x64_Data\sharedassets100.assets.resS,2272048,E50143CB,24602
0,0,COM3D2x64_Data\sharedassets100.resource,6236800,C7E9CFDE,24602
0,0,COM3D2x64_Data\sharedassets101.assets,6568400,F5F93617,24602
0,0,COM3D2x64_Data\sharedassets101.assets.resS,10936,3B0D7ADF,24602
0,0,COM3D2x64_Data\sharedassets101.resource,1136352,956B5452,24602
0,0,COM3D2x64_Data\sharedassets102.assets,10312,AC7BD219,24602
0,0,COM3D2x64_Data\sharedassets103.assets,12844,74EA8957,24602
0,0,COM3D2x64_Data\sharedassets104.assets,9640,740A7228,24602
0,0,COM3D2x64_Data\sharedassets105.assets,9764,1D5F5C14,24602
0,0,COM3D2x64_Data\sharedassets105.resource,1003968,52A085C2,24602
0,0,COM3D2x64_Data\sharedassets106.assets,13000,D0E343DB,24602
0,0,COM3D2x64_Data\sharedassets107.assets,12904,A6562E26,24602
0,0,COM3D2x64_Data\sharedassets108.assets,9580,0C4A8DFB,24602
0,0,COM3D2x64_Data\sharedassets109.assets,13348,6C333D74,24602
0,0,COM3D2x64_Data\sharedassets109.resource,1166848,2709F6C2,24602
0,0,COM3D2x64_Data\sharedassets110.assets,9892,6BD1C45A,24602
0,0,COM3D2x64_Data\sharedassets111.assets,6664,7DCCE761,24602
0,0,COM3D2x64_Data\sharedassets112.assets,6664,7DCCE761,24602
0,0,COM3D2x64_Data\sharedassets113.assets,6628,9FAC7837,24602
0,0,COM3D2x64_Data\sharedassets114.assets,6340,EB56C3F9,24602
0,0,COM3D2x64_Data\sharedassets115.assets,6628,9FAC7837,24602
0,0,COM3D2x64_Data\sharedassets116.assets,6724,D8AB9B9C,24602
0,0,COM3D2x64_Data\sharedassets117.assets,6628,9FAC7837,24602
0,0,COM3D2x64_Data\sharedassets118.assets,12856,3F1FDA76,24602
0,0,COM3D2x64_Data\sharedassets119.assets,9544,5531D6EE,24602
0,0,COM3D2x64_Data\sharedassets120.assets,394920,277FD882,24602
0,0,COM3D2x64_Data\sharedassets120.assets.resS,2184640,DF887086,24602
0,0,COM3D2x64_Data\sharedassets121.assets,9748,B5FC7C7D,24602
0,0,COM3D2x64_Data\sharedassets121.resource,2751968,AE761A89,24602
0,0,COM3D2x64_Data\sharedassets122.assets,12928,B194F730,24602
0,0,COM3D2x64_Data\sharedassets123.assets,12964,56A4BE02,24602
0,0,COM3D2x64_Data\sharedassets124.assets,9640,134B7640,24602
0,0,COM3D2x64_Data\sharedassets125.assets,7172,C90B9351,24602
0,0,COM3D2x64_Data\sharedassets125.resource,6331552,B816A215,24602
0,0,COM3D2x64_Data\sharedassets126.assets,7048,F024BF21,24602
0,0,COM3D2x64_Data\sharedassets127.assets,86916,62723BE9,24602
0,0,COM3D2x64_Data\sharedassets127.resource,8838816,EBFF12DA,24602
0,0,COM3D2x64_Data\sharedassets128.assets,8200,F74808EF,24602
0,0,COM3D2x64_Data\sharedassets129.assets,7840,640B0F2D,24602
0,0,COM3D2x64_Data\sharedassets130.assets,11332,E3DDAD4E,24602
0,0,COM3D2x64_Data\sharedassets131.assets,8140,A97C4F37,24602
0,0,COM3D2x64_Data\sharedassets132.assets,615896,A1033122,24602
0,0,COM3D2x64_Data\sharedassets132.assets.resS,6138632,73B447A4,24602
0,0,COM3D2x64_Data\sharedassets133.assets,7024,869B8F5E,24602
0,0,COM3D2x64_Data\sharedassets134.assets,6928,AAF26094,24602
0,0,COM3D2x64_Data\sharedassets135.assets,6928,AAF26094,24602
0,0,COM3D2x64_Data\sharedassets136.assets,6928,AAF26094,24602
0,0,COM3D2x64_Data\sharedassets137.assets,6928,AAF26094,24602
0,0,COM3D2x64_Data\sharedassets138.assets,6928,AAF26094,24602
0,0,COM3D2x64_Data\sharedassets139.assets,6928,AAF26094,24602
0,0,COM3D2x64_Data\sharedassets140.assets,6628,9FAC7837,24602
0,0,COM3D2x64_Data\sharedassets141.assets,6628,9FAC7837,24602
0,0,COM3D2x64_Data\sharedassets142.assets,6628,9FAC7837,24602
0,0,COM3D2x64_Data\sharedassets143.assets,6628,9FAC7837,24602
0,0,COM3D2x64_Data\sharedassets144.assets,6628,9FAC7837,24602
0,0,COM3D2x64_Data\sharedassets145.assets,6628,9FAC7837,24602
0,0,COM3D2x64_Data\sharedassets146.assets,6628,9FAC7837,24602
0,0,COM3D2x64_Data\sharedassets147.assets,6928,AAF26094,24602
0,0,COM3D2x64_Data\sharedassets148.assets,6448,469001B7,24602
0,0,COM3D2x64_Data\sharedassets149.assets,6160,09EFDA03,24602
0,0,COM3D2x64_Data\sharedassets150.assets,7276,7486C9C3,24602
0,0,COM3D2x64_Data\sharedassets151.assets,213676,C5F6351F,24602
0,0,COM3D2x64_Data\sharedassets151.assets.resS,174776,583F8A72,24602
0,0,COM3D2x64_Data\sharedassets152.assets,10260,09A67BB3,24602
0,0,COM3D2x64_Data\sharedassets153.assets,6448,A9A7234B,24602
0,0,COM3D2x64_Data\sharedassets154.assets,6448,19599267,24602
0,0,COM3D2x64_Data\sharedassets155.assets,6568,A981DEBA,24602
0,0,COM3D2x64.exe,22841856,A9562BF9,24603
share,../com3d2data\GameData\ja\motion_soapempire001_2.arc,GameData\motion_soapempire001_2.arc,35353554,3B230E9D,24603
share,../com3d2data\GameData\ja\voice2.arc,GameData\voice2.arc,980307637,C5765782,24603
share,../com3d2data\GameData\ja_script\script.arc,GameData\script.arc,16989522,4BDB653E,24603
share,../com3d2data\GameData\ja_script\script_omytgc037_2.arc,GameData\script_omytgc037_2.arc,2578,6E7971FA,24602
share,../com3d2data\GameData\ja_script\script_rooftop001_2.arc,GameData\script_rooftop001_2.arc,3122,8E203543,24603
share,../com3d2data\GameData\patch\csv.arc,GameData\csv.arc,46790519,802695FB,24605
share,../com3d2data\GameData\patch\parts_accswim_2.arc,GameData\parts_accswim_2.arc,632583,471CEBD0,24602
share,../com3d2data\GameData\patch\parts_cas010_2.arc,GameData\parts_cas010_2.arc,93958,ADCDBA70,24602
share,../com3d2data\GameData\patch\parts_cas036_2.arc,GameData\parts_cas036_2.arc,15704835,CD57DF9C,24602
share,../com3d2data\GameData\patch\parts_dlc294_2.arc,GameData\parts_dlc294_2.arc,292392,A6792345,24602
share,../com3d2data\GameData\patch\parts_dlc414_2.arc,GameData\parts_dlc414_2.arc,9252949,8653C411,24602
share,../com3d2data\GameData\patch\parts_dlc437_2.arc,GameData\parts_dlc437_2.arc,22395183,B1FD5507,24602
share,../com3d2data\GameData\patch\parts_dlc512_2.arc,GameData\parts_dlc512_2.arc,464857,B5295780,24603
share,../com3d2data\GameData\patch\parts_dlc551_2.arc,GameData\parts_dlc551_2.arc,329289,A347A4A3,24602
share,../com3d2data\GameData\patch\parts2.arc,GameData\parts2.arc,231871098,BE74A278,24602
share,../com3d2data\GameData\patch\paths.dat,GameData\paths.dat,20557,444A7102,24601
share,../com3d2data\GameData\patch\prioritymaterial.arc,GameData\prioritymaterial.arc,884094,AA46A5FC,24602
share,../com3d2data\GameData\patch\system_chronicle_2.arc,GameData\system_chronicle_2.arc,1037290,A3BFB94D,24602
share,../com3d2data\GameData\patch\system2.arc,GameData\system2.arc,113629922,D3104638,24603
share,../com3d2data\GameData_20\material_cas036_2.arc,GameData_20\material_cas036_2.arc,6578,757441C2,1751
share,../com3d2data\GameData_20\material_magazine001_2.arc,GameData_20\material_magazine001_2.arc,10312250,FC1938E9,1751
share,../com3d2data\GameData_20\menu_dlc294_2.arc,GameData_20\menu_dlc294_2.arc,1234,324EC8C6,1751
share,../com3d2data\GameData_20\model_cas010_2.arc,GameData_20\model_cas010_2.arc,92792,23A38F6A,1751
share,../com3d2data\GameData_20\model_cas036_2.arc,GameData_20\model_cas036_2.arc,1489264,436406D4,1751
share,../com3d2data\GameData_20\model_dlc114_2.arc,GameData_20\model_dlc114_2.arc,313631,F9381ABD,1751
share,../com3d2data\GameData_20\model_dlc294_2.arc,GameData_20\model_dlc294_2.arc,89184,DA8FCA88,1751
share,../com3d2data\GameData_20\model_dlc414_2.arc,GameData_20\model_dlc414_2.arc,954847,991E8918,1751
share,../com3d2data\GameData_20\model_dlc437_2.arc,GameData_20\model_dlc437_2.arc,509448,A85B419B,1751
share,../com3d2data\GameData_20\model_dlc551_2.arc,GameData_20\model_dlc551_2.arc,328698,9D6D370C,1751
