0,0,COM3D2x64_Data\Managed\Accessibility.dll,12288,521A42C4,34701
0,0,COM3D2x64_Data\Managed\Assembly-CSharp.dll,6572032,42715655,34701
0,0,COM3D2x64_Data\Managed\Assembly-CSharp-firstpass.dll,874496,63519FE8,34701
0,0,COM3D2x64_Data\Managed\BouncyCastle.Crypto.dll,2236416,5A4C4F07,34701
0,0,COM3D2x64_Data\Managed\FoveUnityPlugin.dll,28672,A6EA882B,34701
0,0,COM3D2x64_Data\Managed\ICSharpCode.SharpZipLib.dll,200704,D3160A1C,34701
0,0,COM3D2x64_Data\Managed\Ionic.Zlib.dll,102400,7C9E7DD2,34701
0,0,COM3D2x64_Data\Managed\JsonFx.Json.dll,70144,A0F0CFCB,34701
0,0,COM3D2x64_Data\Managed\LeapCSharp.NET3.5.dll,82432,38E38212,34701
0,0,COM3D2x64_Data\Managed\MagicaCloth.dll,380416,EEFB1E35,34701
0,0,COM3D2x64_Data\Managed\MagicaClothV2.dll,453120,DD8672E8,34701
0,0,COM3D2x64_Data\Managed\MessagePack.Annotations.dll,8192,4ED2DFE3,34701
0,0,COM3D2x64_Data\Managed\MessagePack.dll,331776,778C0193,34701
0,0,COM3D2x64_Data\Managed\Microsoft.NET.StringTools.dll,30336,C3CACDD5,34701
0,0,COM3D2x64_Data\Managed\Mono.Posix.dll,214528,E714DBE5,34701
0,0,COM3D2x64_Data\Managed\Mono.Security.dll,241152,E13CDC4F,34701
0,0,COM3D2x64_Data\Managed\Mono.WebBrowser.dll,166912,DEA873F6,34701
0,0,COM3D2x64_Data\Managed\mscorlib.dll,4631552,C56BEBD6,34701
0,0,COM3D2x64_Data\Managed\netstandard.dll,90112,975FFBBE,34701
0,0,COM3D2x64_Data\Managed\Newtonsoft.Json.dll,691712,8CEF25D0,34701
0,0,COM3D2x64_Data\Managed\System.ComponentModel.Composition.dll,257024,CD6FC8DC,34701
0,0,COM3D2x64_Data\Managed\System.Configuration.dll,124928,EFDF7155,34701
0,0,COM3D2x64_Data\Managed\System.Core.dll,1113088,794737A1,34701
0,0,COM3D2x64_Data\Managed\System.Data.DataSetExtensions.dll,29696,363CF571,34701
0,0,COM3D2x64_Data\Managed\System.Data.dll,2125312,32374B27,34701
0,0,COM3D2x64_Data\Managed\System.dll,2639872,BAFC36A3,34701
0,0,COM3D2x64_Data\Managed\System.Drawing.Design.dll,29696,E7B53FF9,34701
0,0,COM3D2x64_Data\Managed\System.Drawing.dll,489984,194DEA33,34701
0,0,COM3D2x64_Data\Managed\System.EnterpriseServices.dll,44544,F00DC395,34701
0,0,COM3D2x64_Data\Managed\System.IO.Compression.dll,114688,DBEA1F77,34701
0,0,COM3D2x64_Data\Managed\System.IO.Compression.FileSystem.dll,18432,63C90522,34701
0,0,COM3D2x64_Data\Managed\System.IO.Hashing.dll,50488,2F1659E0,34701
0,0,COM3D2x64_Data\Managed\System.Memory.dll,4608,F0BBFFDF,34701
0,0,COM3D2x64_Data\Managed\System.Net.Http.dll,122880,AB522EA5,34701
0,0,COM3D2x64_Data\Managed\System.Numerics.dll,119296,C190A4F5,34701
0,0,COM3D2x64_Data\Managed\System.Runtime.CompilerServices.Unsafe.dll,18024,8C9A1A8B,34701
0,0,COM3D2x64_Data\Managed\System.Runtime.dll,12288,58AE9F48,34701
0,0,COM3D2x64_Data\Managed\System.Runtime.Serialization.dll,934400,FA4E2031,34701
0,0,COM3D2x64_Data\Managed\System.Security.dll,320000,254A33AD,34701
0,0,COM3D2x64_Data\Managed\System.ServiceModel.Internals.dll,215040,81075AAD,34701
0,0,COM3D2x64_Data\Managed\System.Transactions.dll,35328,12E658B2,34701
0,0,COM3D2x64_Data\Managed\System.Windows.Forms.dll,3053568,56394001,34701
0,0,COM3D2x64_Data\Managed\System.Xml.dll,3160064,6F621FF0,34701
0,0,COM3D2x64_Data\Managed\System.Xml.Linq.dll,136704,64AFBAF8,34701
0,0,COM3D2x64_Data\Managed\Unity.AI.Navigation.dll,20480,5DB901F5,34701
0,0,COM3D2x64_Data\Managed\Unity.Burst.dll,304640,48D14704,34701
0,0,COM3D2x64_Data\Managed\Unity.Burst.Unsafe.dll,5632,D504B969,34701
0,0,COM3D2x64_Data\Managed\Unity.Collections.dll,451072,1BE4CE37,34701
0,0,COM3D2x64_Data\Managed\Unity.Collections.LowLevel.ILSupport.dll,5120,254B34EA,34701
0,0,COM3D2x64_Data\Managed\Unity.InputSystem.dll,1128960,4267EC11,34701
0,0,COM3D2x64_Data\Managed\Unity.InputSystem.ForUI.dll,4608,39E8473B,34701
0,0,COM3D2x64_Data\Managed\Unity.Mathematics.dll,752128,FB39F601,34701
0,0,COM3D2x64_Data\Managed\Unity.MemoryProfiler.dll,7168,A238E1FC,34701
0,0,COM3D2x64_Data\Managed\Unity.Profiling.Core.dll,10240,232778E8,34701
0,0,COM3D2x64_Data\Managed\Unity.RenderPipeline.Universal.ShaderLibrary.dll,8704,F8F74F70,34701
0,0,COM3D2x64_Data\Managed\Unity.RenderPipelines.Core.Runtime.dll,532480,21A971B0,34701
0,0,COM3D2x64_Data\Managed\Unity.RenderPipelines.Core.ShaderLibrary.dll,5120,46C80DF7,34701
0,0,COM3D2x64_Data\Managed\Unity.RenderPipelines.ShaderGraph.ShaderGraphLibrary.dll,5120,6701383C,34701
0,0,COM3D2x64_Data\Managed\Unity.RenderPipelines.Universal.2D.Internal.dll,5632,A452DB1E,34701
0,0,COM3D2x64_Data\Managed\Unity.RenderPipelines.Universal.Config.Runtime.dll,5632,9626911A,34701
0,0,COM3D2x64_Data\Managed\Unity.RenderPipelines.Universal.Runtime.dll,787968,726CC248,34701
0,0,COM3D2x64_Data\Managed\Unity.RenderPipelines.Universal.Shaders.dll,5120,766B6FE2,34701
0,0,COM3D2x64_Data\Managed\Unity.TextMeshPro.dll,380928,6F6F9C15,34701
0,0,COM3D2x64_Data\Managed\Unity.Timeline.dll,128000,7B437F96,34701
0,0,COM3D2x64_Data\Managed\Unity.XR.CoreUtils.dll,89088,3DD74E7B,34701
0,0,COM3D2x64_Data\Managed\Unity.XR.Management.dll,17408,7CC322D1,34701
0,0,COM3D2x64_Data\Managed\Unity.XR.OpenXR.dll,175104,E97FE76E,34701
0,0,COM3D2x64_Data\Managed\Unity.XR.OpenXR.Features.ConformanceAutomation.dll,7680,36F60547,34701
0,0,COM3D2x64_Data\Managed\Unity.XR.OpenXR.Features.MetaQuestSupport.dll,5632,FEA1CE0C,34701
0,0,COM3D2x64_Data\Managed\Unity.XR.OpenXR.Features.MockRuntime.dll,10752,A937B775,34701
0,0,COM3D2x64_Data\Managed\Unity.XR.OpenXR.Features.OculusQuestSupport.dll,5632,E1F2B211,34701
0,0,COM3D2x64_Data\Managed\Unity.XR.OpenXR.Features.RuntimeDebugger.dll,6656,99D3D1C7,34701
0,0,COM3D2x64_Data\Managed\UnityEngine.AccessibilityModule.dll,23984,3C33A4A7,34701
0,0,COM3D2x64_Data\Managed\UnityEngine.AIModule.dll,58792,023E7626,34701
0,0,COM3D2x64_Data\Managed\UnityEngine.AndroidJNIModule.dll,95144,01482C31,34701
0,0,COM3D2x64_Data\Managed\UnityEngine.AnimationModule.dll,164272,74D40B07,34701
0,0,COM3D2x64_Data\Managed\UnityEngine.ARModule.dll,21424,1C9C3021,34701
0,0,COM3D2x64_Data\Managed\UnityEngine.AssetBundleModule.dll,33200,2729F0BE,34701
0,0,COM3D2x64_Data\Managed\UnityEngine.AudioModule.dll,71592,84AC5CAC,34701
0,0,COM3D2x64_Data\Managed\UnityEngine.ClothModule.dll,26544,5303D1F9,34701
0,0,COM3D2x64_Data\Managed\UnityEngine.ClusterInputModule.dll,21936,D5513369,34701
0,0,COM3D2x64_Data\Managed\UnityEngine.ClusterRendererModule.dll,22440,EA240EE4,34701
0,0,COM3D2x64_Data\Managed\UnityEngine.ContentLoadModule.dll,27560,1AAC4C2F,34701
0,0,COM3D2x64_Data\Managed\UnityEngine.CoreModule.dll,1393584,8395E488,34701
0,0,COM3D2x64_Data\Managed\UnityEngine.CrashReportingModule.dll,21416,DCE84CFE,34701
0,0,COM3D2x64_Data\Managed\UnityEngine.DirectorModule.dll,25000,9C2EFB7D,34701
0,0,COM3D2x64_Data\Managed\UnityEngine.dll,126896,C144F735,34701
0,0,COM3D2x64_Data\Managed\UnityEngine.DSPGraphModule.dll,29616,51D3A23A,34701
0,0,COM3D2x64_Data\Managed\UnityEngine.GameCenterModule.dll,40368,88170C4D,34701
0,0,COM3D2x64_Data\Managed\UnityEngine.GIModule.dll,20400,4DCDF279,34701
0,0,COM3D2x64_Data\Managed\UnityEngine.GridModule.dll,25520,9CA34B4E,34701
0,0,COM3D2x64_Data\Managed\UnityEngine.HotReloadModule.dll,20400,77E48EEE,34701
0,0,COM3D2x64_Data\Managed\UnityEngine.ImageConversionModule.dll,24496,4C942DD1,34701
0,0,COM3D2x64_Data\Managed\UnityEngine.IMGUIModule.dll,191400,F4929849,34701
0,0,COM3D2x64_Data\Managed\UnityEngine.InputLegacyModule.dll,39336,85D05EAF,34701
0,0,COM3D2x64_Data\Managed\UnityEngine.InputModule.dll,23984,D39C0663,34701
0,0,COM3D2x64_Data\Managed\UnityEngine.JSONSerializeModule.dll,22440,AEEFE8E7,34701
0,0,COM3D2x64_Data\Managed\UnityEngine.LocalizationModule.dll,21416,FF054019,34701
0,0,COM3D2x64_Data\Managed\UnityEngine.NVIDIAModule.dll,34216,458A9FE6,34701
0,0,COM3D2x64_Data\Managed\UnityEngine.ParticleSystemModule.dll,161704,8E49A63F,34701
0,0,COM3D2x64_Data\Managed\UnityEngine.PerformanceReportingModule.dll,20912,4845577B,34701
0,0,COM3D2x64_Data\Managed\UnityEngine.Physics2DModule.dll,141744,CC777DF3,34701
0,0,COM3D2x64_Data\Managed\UnityEngine.PhysicsModule.dll,138664,EFC48F24,34701
0,0,COM3D2x64_Data\Managed\UnityEngine.ProfilerModule.dll,20392,36C53566,34701
0,0,COM3D2x64_Data\Managed\UnityEngine.PropertiesModule.dll,155560,6C8B4651,34701
0,0,COM3D2x64_Data\Managed\UnityEngine.RuntimeInitializeOnLoadManagerInitializerModule.dll,20392,77C2F93D,34701
0,0,COM3D2x64_Data\Managed\UnityEngine.ScreenCaptureModule.dll,21424,6B3D6A64,34701
0,0,COM3D2x64_Data\Managed\UnityEngine.SharedInternalsModule.dll,33192,92E11996,34701
0,0,COM3D2x64_Data\Managed\UnityEngine.SpatialTracking.dll,11776,90D462DD,34701
0,0,COM3D2x64_Data\Managed\UnityEngine.SpriteMaskModule.dll,22440,E8321785,34701
0,0,COM3D2x64_Data\Managed\UnityEngine.SpriteShapeModule.dll,26536,4EC177F0,34701
0,0,COM3D2x64_Data\Managed\UnityEngine.StreamingModule.dll,20912,E85CB39D,34701
0,0,COM3D2x64_Data\Managed\UnityEngine.SubstanceModule.dll,25008,A1D29237,34701
0,0,COM3D2x64_Data\Managed\UnityEngine.SubsystemsModule.dll,35240,77311A6B,34701
0,0,COM3D2x64_Data\Managed\UnityEngine.TerrainModule.dll,101296,6155099F,34701
0,0,COM3D2x64_Data\Managed\UnityEngine.TerrainPhysicsModule.dll,21416,111C8BCA,34701
0,0,COM3D2x64_Data\Managed\UnityEngine.TextCoreFontEngineModule.dll,72616,EC737FB0,34701
0,0,COM3D2x64_Data\Managed\UnityEngine.TextCoreTextEngineModule.dll,249256,C257FC4B,34701
0,0,COM3D2x64_Data\Managed\UnityEngine.TextRenderingModule.dll,39344,5EA0AB61,34701
0,0,COM3D2x64_Data\Managed\UnityEngine.TilemapModule.dll,47024,5A48F0B2,34701
0,0,COM3D2x64_Data\Managed\UnityEngine.TLSModule.dll,27056,35F87DAA,34701
0,0,COM3D2x64_Data\Managed\UnityEngine.UI.dll,265728,3CD9F1A0,34701
0,0,COM3D2x64_Data\Managed\UnityEngine.UIElementsModule.dll,1536424,449C7CA3,34701
0,0,COM3D2x64_Data\Managed\UnityEngine.UIModule.dll,36784,4387CF59,34701
0,0,COM3D2x64_Data\Managed\UnityEngine.UmbraModule.dll,20392,42081088,34701
0,0,COM3D2x64_Data\Managed\UnityEngine.UnityAnalyticsCommonModule.dll,21416,C68AEF7B,34701
0,0,COM3D2x64_Data\Managed\UnityEngine.UnityAnalyticsModule.dll,44976,C4F1ABCB,34701
0,0,COM3D2x64_Data\Managed\UnityEngine.UnityConnectModule.dll,22448,E7A10745,34701
0,0,COM3D2x64_Data\Managed\UnityEngine.UnityCurlModule.dll,21936,A6F3885D,34701
0,0,COM3D2x64_Data\Managed\UnityEngine.UnityTestProtocolModule.dll,20392,930FB553,34701
0,0,COM3D2x64_Data\Managed\UnityEngine.UnityWebRequestAssetBundleModule.dll,23472,8B1F1704,34701
0,0,COM3D2x64_Data\Managed\UnityEngine.UnityWebRequestAudioModule.dll,22952,423F90E9,34701
0,0,COM3D2x64_Data\Managed\UnityEngine.UnityWebRequestModule.dll,58792,3FD74CA0,34701
0,0,COM3D2x64_Data\Managed\UnityEngine.UnityWebRequestTextureModule.dll,21936,B74AEFF0,34701
0,0,COM3D2x64_Data\Managed\UnityEngine.UnityWebRequestWWWModule.dll,31656,50CE5BD6,34701
0,0,COM3D2x64_Data\Managed\UnityEngine.VehiclesModule.dll,24496,B14D2EA8,34701
0,0,COM3D2x64_Data\Managed\UnityEngine.VFXModule.dll,58800,2D09FE04,34701
0,0,COM3D2x64_Data\Managed\UnityEngine.VideoModule.dll,41384,E827C805,34701
0,0,COM3D2x64_Data\Managed\UnityEngine.VirtualTexturingModule.dll,36264,35C1934F,34701
0,0,COM3D2x64_Data\Managed\UnityEngine.VRModule.dll,27056,349C7D41,34701
0,0,COM3D2x64_Data\Managed\UnityEngine.WindModule.dll,21416,3FE7AAE0,34701
0,0,COM3D2x64_Data\Managed\UnityEngine.XR.LegacyInputHelpers.dll,23552,1F604967,34701
0,0,COM3D2x64_Data\Managed\UnityEngine.XRModule.dll,71080,C0FA6272,34701
0,0,COM3D2x64_Data\Managed\Win32.dll,13312,7781C2A2,34701
0,0,COM3D2x64_Data\Managed\zxing.unity.dll,430592,9FD1F198,34701
0,0,COM3D2x64_Data\Plugins\x86_64\assimp.dll,4388864,7C910D84,34701
0,0,COM3D2x64_Data\Plugins\x86_64\Audio360.dll,1956352,0D4B8E9D,34701
0,0,COM3D2x64_Data\Plugins\x86_64\AVProVideo.dll,886272,278352F0,34701
0,0,COM3D2x64_Data\Plugins\x86_64\clothpp.dll,112128,7C3264A4,34701
0,0,COM3D2x64_Data\Plugins\x86_64\cm3d2.dll,2265088,CA67D1AD,34701
0,0,COM3D2x64_Data\Plugins\x86_64\device_hook.dll,738816,F61E7CED,34701
0,0,COM3D2x64_Data\Plugins\x86_64\FbxExporterCore.dll,12491776,CBAA51C1,34701
0,0,COM3D2x64_Data\Plugins\x86_64\FoveClient.dll,1849384,58C8B4F6,34701
0,0,COM3D2x64_Data\Plugins\x86_64\LeapC.dll,2516992,FBDD3767,34701
0,0,COM3D2x64_Data\Plugins\x86_64\lib_burst_generated.dll,948736,5A60ADDA,34701
0,0,COM3D2x64_Data\Plugins\x86_64\openvr_api.dll,318272,44432E0F,34701
0,0,COM3D2x64_Data\Plugins\x86_64\openxr_loader.dll,2036224,E575B607,34701
0,0,COM3D2x64_Data\Plugins\x86_64\OVRGamepad.dll,12800,2C526135,34701
0,0,COM3D2x64_Data\Plugins\x86_64\OVRLipSync.dll,2512296,391C1F4C,34701
0,0,COM3D2x64_Data\Plugins\x86_64\UnityOpenXR.dll,831488,5149404B,34701
0,0,COM3D2x64_Data\Plugins\x86_64\Win32-WebView.dll,504832,382AEE66,34701
0,0,COM3D2x64_Data\Resources\unity default resources,1564240,3770D3F6,34701
0,0,COM3D2x64_Data\Resources\unity_builtin_extra,428296,672A45D0,34701
0,0,COM3D2x64_Data\UnitySubsystems\UnityOpenXR\UnitySubsystemsManifest.json,334,EA0D329E,34701
0,0,COM3D2x64_Data\app.info,27,F9A266E7,34701
0,0,COM3D2x64_Data\boot.config,128,1209097E,34701
0,0,COM3D2x64_Data\globalgamemanagers,5431556,23F88ACA,34701
0,0,COM3D2x64_Data\globalgamemanagers.assets,464600,F1198425,34701
0,0,COM3D2x64_Data\globalgamemanagers.assets.resS,2796240,F6707524,34701
0,0,COM3D2x64_Data\level0,362852,37390A22,34701
0,0,COM3D2x64_Data\level1,385788,90360806,34701
0,0,COM3D2x64_Data\level2,381452,72CEFDE7,34701
0,0,COM3D2x64_Data\level3,1275724,7CAA084C,34701
0,0,COM3D2x64_Data\level4,1312524,247D138D,34701
0,0,COM3D2x64_Data\level5,1359900,80100D32,34701
0,0,COM3D2x64_Data\level6,364884,69E89C8C,34701
0,0,COM3D2x64_Data\level7,1099036,AB80FF85,34701
0,0,COM3D2x64_Data\level8,396468,45AF5979,34701
0,0,COM3D2x64_Data\level9,465508,372D4D54,34701
0,0,COM3D2x64_Data\level10,390252,EC111850,34701
0,0,COM3D2x64_Data\level11,363380,C4F07B74,34701
0,0,COM3D2x64_Data\level12,476180,74F2D2FB,34701
0,0,COM3D2x64_Data\level13,367588,BD24E9A3,34701
0,0,COM3D2x64_Data\level14,916636,10B219B5,34701
0,0,COM3D2x64_Data\level15,4996,33DC093F,34701
0,0,COM3D2x64_Data\level16,365372,7709DF17,34701
0,0,COM3D2x64_Data\level17,1192,DD94C933,34701
0,0,COM3D2x64_Data\level18,382172,A715E50D,34701
0,0,COM3D2x64_Data\level19,371932,2B983B8F,34701
0,0,COM3D2x64_Data\level20,1050460,D4BCD391,34701
0,0,COM3D2x64_Data\level21,469828,0A9B66ED,34701
0,0,COM3D2x64_Data\level22,1180380,094566FF,34701
0,0,COM3D2x64_Data\level23,448700,A944B095,34701
0,0,COM3D2x64_Data\level24,714556,50DEF154,34701
0,0,COM3D2x64_Data\level25,386244,0658D39F,34701
0,0,COM3D2x64_Data\level26,2246572,0EDED932,34701
0,0,COM3D2x64_Data\level27,1210764,4E8455FA,34701
0,0,COM3D2x64_Data\level28,386244,AD553D72,34701
0,0,COM3D2x64_Data\level29,1183556,0FAA037B,34701
0,0,COM3D2x64_Data\level30,378644,2378C17E,34701
0,0,COM3D2x64_Data\level31,488244,7F74D290,34701
0,0,COM3D2x64_Data\level32,29832,C71AAF3E,34701
0,0,COM3D2x64_Data\level32.resS,131232,DEC6292A,34701
0,0,COM3D2x64_Data\level33,58924,186162A4,34701
0,0,COM3D2x64_Data\level34,64856,AEB1E98F,34701
0,0,COM3D2x64_Data\level35,4032,74566A95,34701
0,0,COM3D2x64_Data\level36,363772,4EB762FB,34701
0,0,COM3D2x64_Data\level37,1686780,3D3643F5,34701
0,0,COM3D2x64_Data\level38,1541100,CC051CAB,34701
0,0,COM3D2x64_Data\level39,1562964,BC8CB56E,34701
0,0,COM3D2x64_Data\level40,461700,AD7419F3,34701
0,0,COM3D2x64_Data\level41,420684,EAB5FD59,34701
0,0,COM3D2x64_Data\level42,462436,E812292D,34701
0,0,COM3D2x64_Data\level43,1454332,82CA496D,34701
0,0,COM3D2x64_Data\level44,1524524,E188AC95,34701
0,0,COM3D2x64_Data\level45,1652140,1CAF9208,34701
0,0,COM3D2x64_Data\level46,457476,C679DFAA,34701
0,0,COM3D2x64_Data\level47,411820,C6F67560,34701
0,0,COM3D2x64_Data\level48,463508,F96042C8,34701
0,0,COM3D2x64_Data\level49,430860,03F79AC9,34701
0,0,COM3D2x64_Data\level50,1481180,1A1DB858,34701
0,0,COM3D2x64_Data\level51,414788,B3D7D07E,34701
0,0,COM3D2x64_Data\level52,712852,CD17B52C,34701
0,0,COM3D2x64_Data\level53,655316,2C62B6A3,34701
0,0,COM3D2x64_Data\level54,387636,986BBD32,34701
0,0,COM3D2x64_Data\level55,1380484,39698303,34701
0,0,COM3D2x64_Data\level56,1123372,5F02748D,34701
0,0,COM3D2x64_Data\level57,1130732,E456ABB4,34701
0,0,COM3D2x64_Data\level58,1380484,45383E3D,34701
0,0,COM3D2x64_Data\level59,1260804,5F6ED51C,34701
0,0,COM3D2x64_Data\level60,1042068,CED7D454,34701
0,0,COM3D2x64_Data\level61,1337668,967E3F33,34701
0,0,COM3D2x64_Data\level62,1441564,849DF8C4,34701
0,0,COM3D2x64_Data\level63,730412,F1B238E1,34701
0,0,COM3D2x64_Data\level64,1015124,697FEA39,34701
0,0,COM3D2x64_Data\level65,440908,CEBC1496,34701
0,0,COM3D2x64_Data\level66,437180,67EE1CCC,34701
0,0,COM3D2x64_Data\level67,481924,FF701498,34701
0,0,COM3D2x64_Data\level68,504692,EB20CB14,34701
0,0,COM3D2x64_Data\level69,431172,DC955392,34701
0,0,COM3D2x64_Data\level70,492740,C882CE34,34701
0,0,COM3D2x64_Data\level71,1142196,B38A0799,34701
0,0,COM3D2x64_Data\level72,1061060,6C99645D,34701
0,0,COM3D2x64_Data\level73,485108,50C31F4C,34701
0,0,COM3D2x64_Data\level74,507828,EE2D4D41,34701
0,0,COM3D2x64_Data\level75,498164,D7865445,34701
0,0,COM3D2x64_Data\level76,1142180,9233DFD0,34701
0,0,COM3D2x64_Data\level77,1104356,EC4F2BAA,34701
0,0,COM3D2x64_Data\level78,490996,87E0880F,34701
0,0,COM3D2x64_Data\level79,475164,B3837DA2,34701
0,0,COM3D2x64_Data\level80,456316,2A425F36,34701
0,0,COM3D2x64_Data\level81,392628,B1B027B9,34701
0,0,COM3D2x64_Data\level82,1491372,F86E7E0F,34701
0,0,COM3D2x64_Data\level83,1430460,E710BF09,34701
0,0,COM3D2x64_Data\level84,547732,EDBE01C8,34701
0,0,COM3D2x64_Data\level85,439332,4156E417,34701
0,0,COM3D2x64_Data\level86,1370564,AE1172D2,34701
0,0,COM3D2x64_Data\level87,1069332,BC5FE427,34701
0,0,COM3D2x64_Data\level88,1548196,A0AC4F53,34701
0,0,COM3D2x64_Data\level89,1488636,A56A537E,34701
0,0,COM3D2x64_Data\level90,1686796,98EB1905,34701
0,0,COM3D2x64_Data\level91,1652156,7503DE36,34701
0,0,COM3D2x64_Data\level92,1488980,C50DE416,34701
0,0,COM3D2x64_Data\level93,1454340,75667C16,34701
0,0,COM3D2x64_Data\level94,452716,13699DCB,34701
0,0,COM3D2x64_Data\level95,442892,E200197A,34701
0,0,COM3D2x64_Data\level96,1124820,DE673F28,34701
0,0,COM3D2x64_Data\level97,918748,5F60713F,34701
0,0,COM3D2x64_Data\level98,1024804,7A4A7524,34701
0,0,COM3D2x64_Data\level99,915804,78324E3F,34701
0,0,COM3D2x64_Data\level100,1124364,98D7C708,34701
0,0,COM3D2x64_Data\level101,1823764,EEAC42B5,34701
0,0,COM3D2x64_Data\level102,1774236,23A38E3A,34701
0,0,COM3D2x64_Data\level103,1212060,3E30D4F8,34701
0,0,COM3D2x64_Data\level104,1155588,20739508,34701
0,0,COM3D2x64_Data\level105,1634724,3DA74F80,34701
0,0,COM3D2x64_Data\level106,1739508,DE31778E,34701
0,0,COM3D2x64_Data\level107,1153324,B66EF8BD,34701
0,0,COM3D2x64_Data\level108,1062660,CEBD16D8,34701
0,0,COM3D2x64_Data\level109,1810724,A21AC59D,34701
0,0,COM3D2x64_Data\level110,1698628,210636E5,34701
0,0,COM3D2x64_Data\level111,515108,4D78A67D,34701
0,0,COM3D2x64_Data\level112,535412,24DCC996,34701
0,0,COM3D2x64_Data\level113,626140,09EFD6A4,34701
0,0,COM3D2x64_Data\level114,563084,5BEF8640,34701
0,0,COM3D2x64_Data\level114.resS,131232,F174E031,34701
0,0,COM3D2x64_Data\level115,510012,7FC74FCF,34701
0,0,COM3D2x64_Data\level116,624252,B2FDA575,34701
0,0,COM3D2x64_Data\level117,533932,E6C88295,34701
0,0,COM3D2x64_Data\level118,1867932,CB46AF77,34701
0,0,COM3D2x64_Data\level119,1592420,81E82E71,34701
0,0,COM3D2x64_Data\level120,1403220,7B0E85E7,34701
0,0,COM3D2x64_Data\level121,1246764,FF3337AD,34701
0,0,COM3D2x64_Data\level122,1340476,1BB913CA,34701
0,0,COM3D2x64_Data\level123,1537052,9FAE47EA,34701
0,0,COM3D2x64_Data\level124,1436292,8FC04B17,34701
0,0,COM3D2x64_Data\level125,1006676,341C2E62,34701
0,0,COM3D2x64_Data\level126,606556,A9EA2828,34701
0,0,COM3D2x64_Data\level127,1077844,B54E4BD6,34701
0,0,COM3D2x64_Data\level128,994980,5FE1732E,34701
0,0,COM3D2x64_Data\level129,361620,3B3BB2AD,34701
0,0,COM3D2x64_Data\level130,766404,BE077E5F,34701
0,0,COM3D2x64_Data\level131,1008372,576EA598,34701
0,0,COM3D2x64_Data\level132,969692,AB04A2B9,34701
0,0,COM3D2x64_Data\level133,950220,16AF0134,34701
0,0,COM3D2x64_Data\level134,439428,8534AE81,34701
0,0,COM3D2x64_Data\level135,924164,A50F9647,34701
0,0,COM3D2x64_Data\level136,579836,05BB898D,34701
0,0,COM3D2x64_Data\level137,584148,524CF4E8,34701
0,0,COM3D2x64_Data\level138,610180,A694A819,34701
0,0,COM3D2x64_Data\level139,608532,D8A1466D,34701
0,0,COM3D2x64_Data\level140,610316,31485FBC,34701
0,0,COM3D2x64_Data\level141,612756,BA8595A4,34701
0,0,COM3D2x64_Data\level142,544620,81BB6EA0,34701
0,0,COM3D2x64_Data\level143,548948,B77C721B,34701
0,0,COM3D2x64_Data\level144,573812,362C0803,34701
0,0,COM3D2x64_Data\level145,605220,99F213D2,34701
0,0,COM3D2x64_Data\level146,574956,C5E8B5A8,34701
0,0,COM3D2x64_Data\level147,578028,99161DA9,34701
0,0,COM3D2x64_Data\level148,566828,0096EA47,34701
0,0,COM3D2x64_Data\level149,606340,A35B09DA,34701
0,0,COM3D2x64_Data\level150,470084,2B29239D,34701
0,0,COM3D2x64_Data\level151,370324,46675E6D,34701
0,0,COM3D2x64_Data\level152,458844,A708438D,34701
0,0,COM3D2x64_Data\level152.resS,131232,F174E031,34701
0,0,COM3D2x64_Data\level153,1100188,518EEBA1,34701
0,0,COM3D2x64_Data\level154,1507740,769D68BC,34701
0,0,COM3D2x64_Data\level155,419940,7E83D061,34701
0,0,COM3D2x64_Data\level156,456436,FA2333F6,34701
0,0,COM3D2x64_Data\level157,466588,A42BC050,34701
0,0,COM3D2x64_Data\level158,727012,4627D4E8,34701
0,0,COM3D2x64_Data\level158.resS,131232,F174E031,34701
0,0,COM3D2x64_Data\resources.assets,529481652,993D22EE,34701
0,0,COM3D2x64_Data\resources.assets.resS,2078340816,A363A4F1,34701
0,0,COM3D2x64_Data\resources.resource,1348992,64168176,34701
0,0,COM3D2x64_Data\RuntimeInitializeOnLoads.json,5033,28107410,34701
0,0,COM3D2x64_Data\ScriptingAssemblies.json,4320,117970F4,34701
0,0,COM3D2x64_Data\sharedassets0.assets,31770932,B166F22F,34701
0,0,COM3D2x64_Data\sharedassets0.assets.resS,28071648,6B7564F2,34701
0,0,COM3D2x64_Data\sharedassets1.assets,2301,ED6F17C4,34701
0,0,COM3D2x64_Data\sharedassets2.assets,2337,A5781FA7,34701
0,0,COM3D2x64_Data\sharedassets3.assets,4293,48548620,34701
0,0,COM3D2x64_Data\sharedassets4.assets,9009,C8CF3388,34701
0,0,COM3D2x64_Data\sharedassets5.assets,3333,A4B93BAB,34701
0,0,COM3D2x64_Data\sharedassets6.assets,2205,2F76ECE1,34701
0,0,COM3D2x64_Data\sharedassets7.assets,3057,B4D76249,34701
0,0,COM3D2x64_Data\sharedassets8.assets,2193,A7CC8504,34701
0,0,COM3D2x64_Data\sharedassets9.assets,3201,B505E676,34701
0,0,COM3D2x64_Data\sharedassets10.assets,2137,4AB03F0D,34701
0,0,COM3D2x64_Data\sharedassets11.assets,2133,95F26AB6,34701
0,0,COM3D2x64_Data\sharedassets12.assets,2541,6A68EF8B,34701
0,0,COM3D2x64_Data\sharedassets13.assets,2325,BEF81DE3,34701
0,0,COM3D2x64_Data\sharedassets14.assets,2961,E7FB7A4C,34701
0,0,COM3D2x64_Data\sharedassets15.assets,553,6D043B22,34701
0,0,COM3D2x64_Data\sharedassets16.assets,2193,CBE3E6D2,34701
0,0,COM3D2x64_Data\sharedassets17.assets,277,413D526E,34701
0,0,COM3D2x64_Data\sharedassets18.assets,2877,B5A52E18,34701
0,0,COM3D2x64_Data\sharedassets19.assets,2277,DE3FF83C,34701
0,0,COM3D2x64_Data\sharedassets20.assets,8841,C7278E3A,34701
0,0,COM3D2x64_Data\sharedassets21.assets,2373,EFAEC35F,34701
0,0,COM3D2x64_Data\sharedassets22.assets,8877,BED0C81F,34701
0,0,COM3D2x64_Data\sharedassets23.assets,2361,078C6DAE,34701
0,0,COM3D2x64_Data\sharedassets24.assets,2421,4D340190,34701
0,0,COM3D2x64_Data\sharedassets25.assets,2413,DDA78EC1,34701
0,0,COM3D2x64_Data\sharedassets26.assets,3153,C56E1739,34701
0,0,COM3D2x64_Data\sharedassets27.assets,8853,BD874BBA,34701
0,0,COM3D2x64_Data\sharedassets28.assets,2405,CC48F633,34701
0,0,COM3D2x64_Data\sharedassets29.assets,8853,BD874BBA,34701
0,0,COM3D2x64_Data\sharedassets30.assets,2125,7928DDB8,34701
0,0,COM3D2x64_Data\sharedassets31.assets,2648,B990B40E,34701
0,0,COM3D2x64_Data\sharedassets32.assets,10456,B24C914D,34701
0,0,COM3D2x64_Data\sharedassets33.assets,597,2AAB2A52,34701
0,0,COM3D2x64_Data\sharedassets34.assets,501,1A50B3B9,34701
0,0,COM3D2x64_Data\sharedassets35.assets,505,B1C64139,34701
0,0,COM3D2x64_Data\sharedassets36.assets,2137,10D85144,34701
0,0,COM3D2x64_Data\sharedassets37.assets,8841,0D0D2544,34701
0,0,COM3D2x64_Data\sharedassets38.assets,8841,17E426ED,34701
0,0,COM3D2x64_Data\sharedassets39.assets,8841,814976FF,34701
0,0,COM3D2x64_Data\sharedassets40.assets,3201,EC37A2C1,34701
0,0,COM3D2x64_Data\sharedassets41.assets,2961,6BCD97AA,34701
0,0,COM3D2x64_Data\sharedassets42.assets,3381,08FD8820,34701
0,0,COM3D2x64_Data\sharedassets43.assets,5565,77EE815B,34701
0,0,COM3D2x64_Data\sharedassets44.assets,5673,57117666,34701
0,0,COM3D2x64_Data\sharedassets45.assets,5661,3EF89D75,34701
0,0,COM3D2x64_Data\sharedassets46.assets,4653,C368FD1B,34701
0,0,COM3D2x64_Data\sharedassets47.assets,2601,8C49A177,34701
0,0,COM3D2x64_Data\sharedassets48.assets,4389,82DD72F6,34701
0,0,COM3D2x64_Data\sharedassets49.assets,800316,F3A6AE0D,34701
0,0,COM3D2x64_Data\sharedassets49.assets.resS,6507040,06B77963,34701
0,0,COM3D2x64_Data\sharedassets50.assets,8841,021AA633,34701
0,0,COM3D2x64_Data\sharedassets51.assets,2601,1FD00987,34701
0,0,COM3D2x64_Data\sharedassets52.assets,2865,9CCAE19B,34701
0,0,COM3D2x64_Data\sharedassets53.assets,2769,8FCC6744,34701
0,0,COM3D2x64_Data\sharedassets54.assets,2149,6B76B1BC,34701
0,0,COM3D2x64_Data\sharedassets55.assets,8925,0D84EA01,34701
0,0,COM3D2x64_Data\sharedassets56.assets,5433,86357720,34701
0,0,COM3D2x64_Data\sharedassets57.assets,5469,5BB7A51F,34701
0,0,COM3D2x64_Data\sharedassets58.assets,8925,0D84EA01,34701
0,0,COM3D2x64_Data\sharedassets59.assets,5625,6F97A678,34701
0,0,COM3D2x64_Data\sharedassets60.assets,5493,CC295D7D,34701
0,0,COM3D2x64_Data\sharedassets61.assets,5637,F0646423,34701
0,0,COM3D2x64_Data\sharedassets62.assets,5673,57117666,34701
0,0,COM3D2x64_Data\sharedassets63.assets,2697,9F0B85DD,34701
0,0,COM3D2x64_Data\sharedassets64.assets,5661,3EF89D75,34701
0,0,COM3D2x64_Data\sharedassets65.assets,6450,C69582CF,34701
0,0,COM3D2x64_Data\sharedassets65.assets.resS,87408,84350FBB,34701
0,0,COM3D2x64_Data\sharedassets65.resource,41406086,938147B5,34701
0,0,COM3D2x64_Data\sharedassets66.assets,3362,83D5B576,34701
0,0,COM3D2x64_Data\sharedassets66.resource,36841226,318CE5DA,34701
0,0,COM3D2x64_Data\sharedassets67.assets,3322,25187598,34701
0,0,COM3D2x64_Data\sharedassets67.resource,32680665,5F8810A9,34701
0,0,COM3D2x64_Data\sharedassets68.assets,17266,E634E171,34701
0,0,COM3D2x64_Data\sharedassets68.assets.resS,174784,C6783C52,34701
0,0,COM3D2x64_Data\sharedassets68.resource,35964702,CC2B1BFE,34701
0,0,COM3D2x64_Data\sharedassets69.assets,3346,8F0F7A63,34701
0,0,COM3D2x64_Data\sharedassets69.resource,40585017,61D6AACB,34701
0,0,COM3D2x64_Data\sharedassets70.assets,3562,32A775F5,34701
0,0,COM3D2x64_Data\sharedassets70.resource,38610538,C2CDB3C3,34701
0,0,COM3D2x64_Data\sharedassets71.assets,3014356,18C740F2,34701
0,0,COM3D2x64_Data\sharedassets71.assets.resS,611744,E0F83BD4,34701
0,0,COM3D2x64_Data\sharedassets72.assets,5769,3164AABD,34701
0,0,COM3D2x64_Data\sharedassets73.assets,2697,B04CE5E8,34701
0,0,COM3D2x64_Data\sharedassets74.assets,2697,B04CE5E8,34701
0,0,COM3D2x64_Data\sharedassets75.assets,2697,B04CE5E8,34701
0,0,COM3D2x64_Data\sharedassets76.assets,8853,F46C1580,34701
0,0,COM3D2x64_Data\sharedassets77.assets,5673,9686ECC2,34701
0,0,COM3D2x64_Data\sharedassets78.assets,2613,5F5CED0A,34701
0,0,COM3D2x64_Data\sharedassets79.assets,55760,6AD5E10D,34701
0,0,COM3D2x64_Data\sharedassets79.assets.resS,174784,F8E8E9F8,34701
0,0,COM3D2x64_Data\sharedassets80.assets,2625,CB4A81C5,34701
0,0,COM3D2x64_Data\sharedassets81.assets,2769,CD6B3510,34701
0,0,COM3D2x64_Data\sharedassets82.assets,756768,A65833CF,34701
0,0,COM3D2x64_Data\sharedassets82.assets.resS,1310896,5596E62C,34701
0,0,COM3D2x64_Data\sharedassets82.resource,1657856,B35361D0,34701
0,0,COM3D2x64_Data\sharedassets83.assets,5541,8F3A99D7,34701
0,0,COM3D2x64_Data\sharedassets84.assets,3415164,64AEDB2C,34701
0,0,COM3D2x64_Data\sharedassets84.assets.resS,6226160,5BDA7B19,34701
0,0,COM3D2x64_Data\sharedassets85.assets,2649,BBE70764,34701
0,0,COM3D2x64_Data\sharedassets86.assets,10101,F69E601E,34701
0,0,COM3D2x64_Data\sharedassets87.assets,5661,3EF89D75,34701
0,0,COM3D2x64_Data\sharedassets88.assets,8877,322660E5,34701
0,0,COM3D2x64_Data\sharedassets89.assets,5661,C5796433,34701
0,0,COM3D2x64_Data\sharedassets90.assets,8841,0D0D2544,34701
0,0,COM3D2x64_Data\sharedassets91.assets,5661,3EF89D75,34701
0,0,COM3D2x64_Data\sharedassets92.assets,8877,322660E5,34701
0,0,COM3D2x64_Data\sharedassets93.assets,6609,70D7F8C2,34701
0,0,COM3D2x64_Data\sharedassets94.assets,2973,511F045E,34701
0,0,COM3D2x64_Data\sharedassets95.assets,2481,73B2D786,34701
0,0,COM3D2x64_Data\sharedassets96.assets,7876,CFBC446A,34701
0,0,COM3D2x64_Data\sharedassets96.resource,2729248,FCB8D689,34701
0,0,COM3D2x64_Data\sharedassets97.assets,7689,EFB6B9B0,34701
0,0,COM3D2x64_Data\sharedassets98.assets,4389,F8E4FBF9,34701
0,0,COM3D2x64_Data\sharedassets99.assets,3753,708ED965,34701
0,0,COM3D2x64_Data\sharedassets100.assets,352924,52D64C66,34701
0,0,COM3D2x64_Data\sharedassets100.assets.resS,2272064,E37F670D,34701
0,0,COM3D2x64_Data\sharedassets100.resource,6236928,E2AEF877,34701
0,0,COM3D2x64_Data\sharedassets101.assets,6568072,93661626,34701
0,0,COM3D2x64_Data\sharedassets101.assets.resS,10944,57B9B85D,34701
0,0,COM3D2x64_Data\sharedassets101.resource,2053248,CCA7A7B1,34701
0,0,COM3D2x64_Data\sharedassets102.assets,6525,AEC137EB,34701
0,0,COM3D2x64_Data\sharedassets103.assets,8985,F554054A,34701
0,0,COM3D2x64_Data\sharedassets104.assets,5781,0F75A886,34701
0,0,COM3D2x64_Data\sharedassets105.assets,5956,30C11EE2,34701
0,0,COM3D2x64_Data\sharedassets105.resource,1239072,9EF23F8B,34701
0,0,COM3D2x64_Data\sharedassets106.assets,9189,CE525D75,34701
0,0,COM3D2x64_Data\sharedassets107.assets,9045,A9A84363,34701
0,0,COM3D2x64_Data\sharedassets108.assets,5721,BD5ECE03,34701
0,0,COM3D2x64_Data\sharedassets109.assets,9540,0941CC11,34701
0,0,COM3D2x64_Data\sharedassets109.resource,1500320,468304E6,34701
0,0,COM3D2x64_Data\sharedassets110.assets,6081,6AF889D3,34701
0,0,COM3D2x64_Data\sharedassets111.assets,2853,4AAF4876,34701
0,0,COM3D2x64_Data\sharedassets112.assets,2853,4AAF4876,34701
0,0,COM3D2x64_Data\sharedassets113.assets,2769,1DC5693D,34701
0,0,COM3D2x64_Data\sharedassets114.assets,2433,B57CC2B5,34701
0,0,COM3D2x64_Data\sharedassets115.assets,2769,1DC5693D,34701
0,0,COM3D2x64_Data\sharedassets116.assets,2865,8D741A79,34701
0,0,COM3D2x64_Data\sharedassets117.assets,2769,1DC5693D,34701
0,0,COM3D2x64_Data\sharedassets118.assets,9021,16ED404F,34701
0,0,COM3D2x64_Data\sharedassets119.assets,5709,2DA73BC1,34701
0,0,COM3D2x64_Data\sharedassets120.assets,393656,4F3C4F08,34701
0,0,COM3D2x64_Data\sharedassets120.assets.resS,2184656,EE6A6E48,34701
0,0,COM3D2x64_Data\sharedassets121.assets,5940,3E9262A0,34701
0,0,COM3D2x64_Data\sharedassets121.resource,2752064,01AB8E9E,34701
0,0,COM3D2x64_Data\sharedassets122.assets,9117,F5186CD9,34701
0,0,COM3D2x64_Data\sharedassets123.assets,9105,67DBAD84,34701
0,0,COM3D2x64_Data\sharedassets124.assets,5781,905B8551,34701
0,0,COM3D2x64_Data\sharedassets125.assets,3316,FD27E69F,34701
0,0,COM3D2x64_Data\sharedassets125.resource,6331360,376DAB75,34701
0,0,COM3D2x64_Data\sharedassets126.assets,3189,68FB83C0,34701
0,0,COM3D2x64_Data\sharedassets127.assets,83284,254BDED0,34701
0,0,COM3D2x64_Data\sharedassets127.resource,8838560,027F254D,34701
0,0,COM3D2x64_Data\sharedassets128.assets,4341,7A806468,34701
0,0,COM3D2x64_Data\sharedassets129.assets,2077,E8C1CAAA,34701
0,0,COM3D2x64_Data\sharedassets130.assets,3933,F18672F2,34701
0,0,COM3D2x64_Data\sharedassets131.assets,7425,5D22E982,34701
0,0,COM3D2x64_Data\sharedassets132.assets,4233,FE1BEDD5,34701
0,0,COM3D2x64_Data\sharedassets133.assets,613456,4BD6D867,34701
0,0,COM3D2x64_Data\sharedassets133.assets.resS,6138656,2613FE39,34701
0,0,COM3D2x64_Data\sharedassets134.assets,2649,5BA82AE6,34701
0,0,COM3D2x64_Data\sharedassets135.assets,3213,73A9ED99,34701
0,0,COM3D2x64_Data\sharedassets136.assets,3117,BDFDD8CE,34701
0,0,COM3D2x64_Data\sharedassets137.assets,3117,BDFDD8CE,34701
0,0,COM3D2x64_Data\sharedassets138.assets,3117,BDFDD8CE,34701
0,0,COM3D2x64_Data\sharedassets139.assets,3117,BDFDD8CE,34701
0,0,COM3D2x64_Data\sharedassets140.assets,3117,BDFDD8CE,34701
0,0,COM3D2x64_Data\sharedassets141.assets,3117,BDFDD8CE,34701
0,0,COM3D2x64_Data\sharedassets142.assets,2769,1DC5693D,34701
0,0,COM3D2x64_Data\sharedassets143.assets,2769,1DC5693D,34701
0,0,COM3D2x64_Data\sharedassets144.assets,2769,1DC5693D,34701
0,0,COM3D2x64_Data\sharedassets145.assets,2769,1DC5693D,34701
0,0,COM3D2x64_Data\sharedassets146.assets,2769,1DC5693D,34701
0,0,COM3D2x64_Data\sharedassets147.assets,2769,1DC5693D,34701
0,0,COM3D2x64_Data\sharedassets148.assets,2769,1DC5693D,34701
0,0,COM3D2x64_Data\sharedassets149.assets,3117,BDFDD8CE,34701
0,0,COM3D2x64_Data\sharedassets150.assets,2493,DDA64185,34701
0,0,COM3D2x64_Data\sharedassets151.assets,2205,8BF0904F,34701
0,0,COM3D2x64_Data\sharedassets152.assets,3477,F2736237,34701
0,0,COM3D2x64_Data\sharedassets153.assets,210016,64082EEB,34701
0,0,COM3D2x64_Data\sharedassets153.assets.resS,174784,F8825DB8,34701
0,0,COM3D2x64_Data\sharedassets154.assets,6588,44B8521A,34701
0,0,COM3D2x64_Data\sharedassets155.assets,2493,FC7543AA,34701
0,0,COM3D2x64_Data\sharedassets156.assets,2493,82CA4094,34701
0,0,COM3D2x64_Data\sharedassets157.assets,2613,52B99F71,34701
0,0,COM3D2x64_Data\sharedassets158.assets,31684,0B8BDBDD,34701
0,0,COM3D2x64_Data\sharedassets158.assets.resS,443936,9E40E181,34701
0,0,MonoBleedingEdge\EmbedRuntime\mono-2.0-bdwgc.dll,7897520,FE7710D9,34701
0,0,MonoBleedingEdge\EmbedRuntime\MonoPosixHelper.dll,611240,4AE2D700,34701
0,0,MonoBleedingEdge\etc\mono\2.0\Browsers\Compat.browser,1605,2E178A0B,34701
0,0,MonoBleedingEdge\etc\mono\2.0\DefaultWsdlHelpGenerator.aspx,60575,95F9D0B4,34701
0,0,MonoBleedingEdge\etc\mono\2.0\machine.config,29066,42543B8B,34701
0,0,MonoBleedingEdge\etc\mono\2.0\settings.map,2622,AD5340F9,34701
0,0,MonoBleedingEdge\etc\mono\2.0\web.config,11635,1A75EBAD,34701
0,0,MonoBleedingEdge\etc\mono\4.0\Browsers\Compat.browser,1605,2E178A0B,34701
0,0,MonoBleedingEdge\etc\mono\4.0\DefaultWsdlHelpGenerator.aspx,60575,95F9D0B4,34701
0,0,MonoBleedingEdge\etc\mono\4.0\machine.config,33598,86F603C4,34701
0,0,MonoBleedingEdge\etc\mono\4.0\settings.map,2622,DC24A240,34701
0,0,MonoBleedingEdge\etc\mono\4.0\web.config,18802,36D8BA3E,34701
0,0,MonoBleedingEdge\etc\mono\4.5\Browsers\Compat.browser,1605,2E178A0B,34701
0,0,MonoBleedingEdge\etc\mono\4.5\DefaultWsdlHelpGenerator.aspx,60575,95F9D0B4,34701
0,0,MonoBleedingEdge\etc\mono\4.5\machine.config,34056,C446A9EB,34701
0,0,MonoBleedingEdge\etc\mono\4.5\settings.map,2622,DC24A240,34701
0,0,MonoBleedingEdge\etc\mono\4.5\web.config,18811,4F48BC13,34701
0,0,MonoBleedingEdge\etc\mono\mconfig\config.xml,25817,80B2033A,34701
0,0,MonoBleedingEdge\etc\mono\browscap.ini,311984,CE6C0AB3,34701
0,0,MonoBleedingEdge\etc\mono\config,3815,88FA6D93,34701
0,0,COM3D2x64.exe,666624,F3BC2450,34701
0,0,UnityCrashHandler64.exe,1185192,C66B68F9,34701
0,0,UnityPlayer.dll,31100840,07C78E1D,34701
share,../com3d2data\GameData\en\script.arc,GameData\script.arc,21203423,B9DB2F78,24703
share,../com3d2data\GameData\en\script_feswinter2022_2.arc,GameData\script_feswinter2022_2.arc,3810,E8E6682C,24701
share,../com3d2data\GameData\global\language.arc,GameData\language.arc,2874032,FA2ECF28,24712
share,../com3d2data\GameData\ja\voice2.arc,GameData\voice2.arc,1000644442,CFC4C919,24701
share,../com3d2data\GameData\patch\csv.arc,GameData\csv.arc,47307273,6C4B84D3,24709
share,../com3d2data\GameData\patch\csv_bv001_2.arc,GameData\csv_bv001_2.arc,1394,3419AABB,24701
share,../com3d2data\GameData\patch\parts_bv001_2.arc,GameData\parts_bv001_2.arc,3442,396F38D6,24701
share,../com3d2data\GameData\patch\parts_cas141_2.arc,GameData\parts_cas141_2.arc,87794,C8B8F370,24701
share,../com3d2data\GameData\patch\parts_dlc388_2.arc,GameData\parts_dlc388_2.arc,554850,AFA69AA0,24701
share,../com3d2data\GameData\patch\parts_dlc475_2.arc,GameData\parts_dlc475_2.arc,14108761,97487DDB,24701
share,../com3d2data\GameData\patch\parts_dlc522_2.arc,GameData\parts_dlc522_2.arc,429964,7411FE60,24701
share,../com3d2data\GameData\patch\parts_dlc538_2.arc,GameData\parts_dlc538_2.arc,3394,FE9038EE,24701
share,../com3d2data\GameData\patch\parts_oldplus011hair1_2.arc,GameData\parts_oldplus011hair1_2.arc,2850,7E45A630,24701
share,../com3d2data\GameData\patch\parts_ordermade_pure_2.arc,GameData\parts_ordermade_pure_2.arc,577624,AD5B0F50,24701
share,../com3d2data\GameData\patch\parts2.arc,GameData\parts2.arc,235126291,436FD127,24706
share,../com3d2data\GameData\patch\paths.dat,GameData\paths.dat,21299,DF7D6669,24710
share,../com3d2data\GameData\patch\prioritymaterial.arc,GameData\prioritymaterial.arc,904341,6FF4733A,24706
share,../com3d2data\GameData\patch\system2.arc,GameData\system2.arc,121854644,CAE840AF,24701
share,../com3d2data\GameData_20\menu_bv001_2.arc,GameData_20\menu_bv001_2.arc,3682,074B851C,1754
share,../com3d2data\GameData_20\menu_dlc538_2.arc,GameData_20\menu_dlc538_2.arc,3650,5108511A,1754
share,../com3d2data\GameData_20\model_cas141_2.arc,GameData_20\model_cas141_2.arc,86614,EA312133,1754
share,../com3d2data\GameData_20\model_dlc388_2.arc,GameData_20\model_dlc388_2.arc,552662,27F4BA27,1754
share,../com3d2data\GameData_20\model_dlc475_2.arc,GameData_20\model_dlc475_2.arc,1558632,69F41A60,1754
share,../com3d2data\GameData_20\model_dlc522_2.arc,GameData_20\model_dlc522_2.arc,428795,5FCFC9AA,1754
share,../com3d2data\GameData_20\paths.dat,GameData_20\paths.dat,15824,2CF0C625,1846
share,../com3d2data\GameData_20\prioritymaterial.arc,GameData_20\prioritymaterial.arc,468249,84D0D658,1847
