0,0,COM3D2x64_Data\Managed\Accessibility.dll,12288,778A87C9,34500
0,0,COM3D2x64_Data\Managed\Assembly-CSharp.dll,6350848,4151F57D,34500
0,0,COM3D2x64_Data\Managed\Assembly-CSharp-firstpass.dll,874496,59269379,34500
0,0,COM3D2x64_Data\Managed\BouncyCastle.Crypto.dll,2236416,5A4C4F07,34500
0,0,COM3D2x64_Data\Managed\FoveUnityPlugin.dll,28672,A6EA882B,34500
0,0,COM3D2x64_Data\Managed\ICSharpCode.SharpZipLib.dll,200704,D3160A1C,34500
0,0,COM3D2x64_Data\Managed\Ionic.Zlib.dll,102400,7C9E7DD2,34500
0,0,COM3D2x64_Data\Managed\JsonFx.Json.dll,70144,A0F0CFCB,34500
0,0,COM3D2x64_Data\Managed\LeapCSharp.NET3.5.dll,82432,38E38212,34500
0,0,COM3D2x64_Data\Managed\MagicaCloth.dll,380416,74A6C969,34500
0,0,COM3D2x64_Data\Managed\MagicaClothV2.dll,419840,59D38F30,34500
0,0,COM3D2x64_Data\Managed\MessagePack.Annotations.dll,8192,D126FC16,34500
0,0,COM3D2x64_Data\Managed\MessagePack.dll,331776,366C40C7,34500
0,0,COM3D2x64_Data\Managed\Microsoft.NET.StringTools.dll,30336,C3CACDD5,34500
0,0,COM3D2x64_Data\Managed\Mono.Posix.dll,214528,968E9B9D,34500
0,0,COM3D2x64_Data\Managed\Mono.Security.dll,241152,90CD243C,34500
0,0,COM3D2x64_Data\Managed\Mono.WebBrowser.dll,166912,9EC422AF,34500
0,0,COM3D2x64_Data\Managed\mscorlib.dll,4631552,1CC22052,34500
0,0,COM3D2x64_Data\Managed\netstandard.dll,90112,975FFBBE,34500
0,0,COM3D2x64_Data\Managed\Newtonsoft.Json.dll,691712,8CEF25D0,34500
0,0,COM3D2x64_Data\Managed\System.ComponentModel.Composition.dll,257024,44EC5201,34500
0,0,COM3D2x64_Data\Managed\System.Configuration.dll,124928,5CF4B8F7,34500
0,0,COM3D2x64_Data\Managed\System.Core.dll,1113088,2602A15A,34500
0,0,COM3D2x64_Data\Managed\System.Data.DataSetExtensions.dll,29696,7A0640D6,34500
0,0,COM3D2x64_Data\Managed\System.Data.dll,2125312,07CEA976,34500
0,0,COM3D2x64_Data\Managed\System.dll,2637824,DC1055E7,34500
0,0,COM3D2x64_Data\Managed\System.Drawing.Design.dll,29696,E7B53FF9,34500
0,0,COM3D2x64_Data\Managed\System.Drawing.dll,489984,9C7932A7,34500
0,0,COM3D2x64_Data\Managed\System.EnterpriseServices.dll,44544,9D5266BB,34500
0,0,COM3D2x64_Data\Managed\System.IO.Compression.dll,114688,5A843287,34500
0,0,COM3D2x64_Data\Managed\System.IO.Compression.FileSystem.dll,18432,FE8B8424,34500
0,0,COM3D2x64_Data\Managed\System.Memory.dll,4608,F0BBFFDF,34500
0,0,COM3D2x64_Data\Managed\System.Net.Http.dll,122880,C982D760,34500
0,0,COM3D2x64_Data\Managed\System.Numerics.dll,119296,1947467C,34500
0,0,COM3D2x64_Data\Managed\System.Runtime.CompilerServices.Unsafe.dll,18024,8C9A1A8B,34500
0,0,COM3D2x64_Data\Managed\System.Runtime.dll,12288,58AE9F48,34500
0,0,COM3D2x64_Data\Managed\System.Runtime.Serialization.dll,934400,6800AA2B,34500
0,0,COM3D2x64_Data\Managed\System.Security.dll,320000,8BEA3DC4,34500
0,0,COM3D2x64_Data\Managed\System.ServiceModel.Internals.dll,215040,9655D9FB,34500
0,0,COM3D2x64_Data\Managed\System.Transactions.dll,35328,E2FF2F1E,34500
0,0,COM3D2x64_Data\Managed\System.Windows.Forms.dll,3053568,56394001,34500
0,0,COM3D2x64_Data\Managed\System.Xml.dll,3160064,6066CFE3,34500
0,0,COM3D2x64_Data\Managed\System.Xml.Linq.dll,136704,DDFB724A,34500
0,0,COM3D2x64_Data\Managed\Unity.AI.Navigation.dll,20480,6C3F29ED,34500
0,0,COM3D2x64_Data\Managed\Unity.Burst.dll,317440,861C1097,34500
0,0,COM3D2x64_Data\Managed\Unity.Burst.Unsafe.dll,5632,D504B969,34500
0,0,COM3D2x64_Data\Managed\Unity.Collections.dll,446976,ED75CA6B,34500
0,0,COM3D2x64_Data\Managed\Unity.Collections.LowLevel.ILSupport.dll,4608,15F3B0BE,34500
0,0,COM3D2x64_Data\Managed\Unity.InputSystem.dll,1102336,DA9C766A,34500
0,0,COM3D2x64_Data\Managed\Unity.InputSystem.ForUI.dll,4608,02BD34A0,34500
0,0,COM3D2x64_Data\Managed\Unity.Mathematics.dll,741376,DD7470DF,34500
0,0,COM3D2x64_Data\Managed\Unity.MemoryProfiler.dll,6144,F22A3638,34500
0,0,COM3D2x64_Data\Managed\Unity.Profiling.Core.dll,10240,2BC36CA8,34500
0,0,COM3D2x64_Data\Managed\Unity.RenderPipeline.Universal.ShaderLibrary.dll,8704,ADFE4196,34500
0,0,COM3D2x64_Data\Managed\Unity.RenderPipelines.Core.Runtime.dll,531968,2456B193,34500
0,0,COM3D2x64_Data\Managed\Unity.RenderPipelines.Core.ShaderLibrary.dll,5120,5B83D0F7,34500
0,0,COM3D2x64_Data\Managed\Unity.RenderPipelines.ShaderGraph.ShaderGraphLibrary.dll,5120,8F7B5D0F,34500
0,0,COM3D2x64_Data\Managed\Unity.RenderPipelines.Universal.Config.Runtime.dll,5632,84112225,34500
0,0,COM3D2x64_Data\Managed\Unity.RenderPipelines.Universal.Runtime.dll,782848,17337C1A,34500
0,0,COM3D2x64_Data\Managed\Unity.RenderPipelines.Universal.Shaders.dll,5120,985CDE78,34500
0,0,COM3D2x64_Data\Managed\Unity.TextMeshPro.dll,380928,4AB18F3C,34500
0,0,COM3D2x64_Data\Managed\Unity.Timeline.dll,128000,E0ABF95A,34500
0,0,COM3D2x64_Data\Managed\Unity.VisualScripting.Antlr3.Runtime.dll,86016,3268D00A,34500
0,0,COM3D2x64_Data\Managed\Unity.VisualScripting.Core.dll,627200,435DE069,34500
0,0,COM3D2x64_Data\Managed\Unity.VisualScripting.Flow.dll,404992,70E45AB1,34500
0,0,COM3D2x64_Data\Managed\Unity.VisualScripting.State.dll,32768,6AAA5B7C,34500
0,0,COM3D2x64_Data\Managed\Unity.XR.CoreUtils.dll,86016,CD4BDB33,34500
0,0,COM3D2x64_Data\Managed\Unity.XR.Management.dll,17408,137A5B7E,34500
0,0,COM3D2x64_Data\Managed\Unity.XR.OpenXR.dll,153088,84F58A4F,34500
0,0,COM3D2x64_Data\Managed\Unity.XR.OpenXR.Features.ConformanceAutomation.dll,8192,8881B4C6,34500
0,0,COM3D2x64_Data\Managed\Unity.XR.OpenXR.Features.MetaQuestSupport.dll,5632,FE40053F,34500
0,0,COM3D2x64_Data\Managed\Unity.XR.OpenXR.Features.MockRuntime.dll,10752,3A8D4AD1,34500
0,0,COM3D2x64_Data\Managed\Unity.XR.OpenXR.Features.OculusQuestSupport.dll,5632,6D9E0E6C,34500
0,0,COM3D2x64_Data\Managed\Unity.XR.OpenXR.Features.RuntimeDebugger.dll,6656,9B11A467,34500
0,0,COM3D2x64_Data\Managed\UnityEngine.AccessibilityModule.dll,22208,78C6C15D,34500
0,0,COM3D2x64_Data\Managed\UnityEngine.AIModule.dll,57024,A46DFD74,34500
0,0,COM3D2x64_Data\Managed\UnityEngine.AndroidJNIModule.dll,93376,B50A5AFB,34500
0,0,COM3D2x64_Data\Managed\UnityEngine.AnimationModule.dll,162496,241D474D,34500
0,0,COM3D2x64_Data\Managed\UnityEngine.ARModule.dll,19648,4A1D5F33,34500
0,0,COM3D2x64_Data\Managed\UnityEngine.AssetBundleModule.dll,31424,BBD1D7B1,34500
0,0,COM3D2x64_Data\Managed\UnityEngine.AudioModule.dll,69312,349E621F,34500
0,0,COM3D2x64_Data\Managed\UnityEngine.ClothModule.dll,24768,0D4371C4,34500
0,0,COM3D2x64_Data\Managed\UnityEngine.ClusterInputModule.dll,20160,B28C53A1,34500
0,0,COM3D2x64_Data\Managed\UnityEngine.ClusterRendererModule.dll,20672,918BC9BA,34500
0,0,COM3D2x64_Data\Managed\UnityEngine.ContentLoadModule.dll,25792,BB90FC09,34500
0,0,COM3D2x64_Data\Managed\UnityEngine.CoreModule.dll,1386688,48FD115A,34500
0,0,COM3D2x64_Data\Managed\UnityEngine.CrashReportingModule.dll,19648,41C76870,34500
0,0,COM3D2x64_Data\Managed\UnityEngine.DirectorModule.dll,23232,2CC1A420,34500
0,0,COM3D2x64_Data\Managed\UnityEngine.dll,125120,B56BB6D6,34500
0,0,COM3D2x64_Data\Managed\UnityEngine.DSPGraphModule.dll,27840,5F1EB63B,34500
0,0,COM3D2x64_Data\Managed\UnityEngine.GameCenterModule.dll,38592,B801B973,34500
0,0,COM3D2x64_Data\Managed\UnityEngine.GIModule.dll,18624,DA68DA5E,34500
0,0,COM3D2x64_Data\Managed\UnityEngine.GridModule.dll,23744,FF1520D8,34500
0,0,COM3D2x64_Data\Managed\UnityEngine.HotReloadModule.dll,18624,9E32D2C5,34500
0,0,COM3D2x64_Data\Managed\UnityEngine.ImageConversionModule.dll,22720,91655A3B,34500
0,0,COM3D2x64_Data\Managed\UnityEngine.IMGUIModule.dll,188608,DEA159BD,34500
0,0,COM3D2x64_Data\Managed\UnityEngine.InputLegacyModule.dll,37568,C1DB6A82,34500
0,0,COM3D2x64_Data\Managed\UnityEngine.InputModule.dll,22208,F997B8C7,34500
0,0,COM3D2x64_Data\Managed\UnityEngine.JSONSerializeModule.dll,20672,D57971D2,34500
0,0,COM3D2x64_Data\Managed\UnityEngine.LocalizationModule.dll,19648,AFDD1EBA,34500
0,0,COM3D2x64_Data\Managed\UnityEngine.NVIDIAModule.dll,32448,AA6EB95A,34500
0,0,COM3D2x64_Data\Managed\UnityEngine.ParticleSystemModule.dll,159424,1015EEB4,34500
0,0,COM3D2x64_Data\Managed\UnityEngine.PerformanceReportingModule.dll,19136,0306AACC,34500
0,0,COM3D2x64_Data\Managed\UnityEngine.Physics2DModule.dll,139968,A700CCF7,34500
0,0,COM3D2x64_Data\Managed\UnityEngine.PhysicsModule.dll,136896,4C25069F,34500
0,0,COM3D2x64_Data\Managed\UnityEngine.ProfilerModule.dll,18624,643CEF55,34500
0,0,COM3D2x64_Data\Managed\UnityEngine.PropertiesModule.dll,153792,EA69A163,34500
0,0,COM3D2x64_Data\Managed\UnityEngine.RuntimeInitializeOnLoadManagerInitializerModule.dll,18624,D76E22EE,34500
0,0,COM3D2x64_Data\Managed\UnityEngine.ScreenCaptureModule.dll,19648,541955E1,34500
0,0,COM3D2x64_Data\Managed\UnityEngine.SharedInternalsModule.dll,31424,4655484A,34500
0,0,COM3D2x64_Data\Managed\UnityEngine.SpatialTracking.dll,11776,80704D11,34500
0,0,COM3D2x64_Data\Managed\UnityEngine.SpriteMaskModule.dll,20160,28D62CA3,34500
0,0,COM3D2x64_Data\Managed\UnityEngine.SpriteShapeModule.dll,24768,9EA47AE4,34500
0,0,COM3D2x64_Data\Managed\UnityEngine.StreamingModule.dll,19136,8EBC9B33,34500
0,0,COM3D2x64_Data\Managed\UnityEngine.SubstanceModule.dll,23232,D79E791D,34500
0,0,COM3D2x64_Data\Managed\UnityEngine.SubsystemsModule.dll,33472,619F2CB8,34500
0,0,COM3D2x64_Data\Managed\UnityEngine.TerrainModule.dll,99520,C87BF8A8,34500
0,0,COM3D2x64_Data\Managed\UnityEngine.TerrainPhysicsModule.dll,19648,C362F820,34500
0,0,COM3D2x64_Data\Managed\UnityEngine.TextCoreFontEngineModule.dll,70848,91C2111D,34500
0,0,COM3D2x64_Data\Managed\UnityEngine.TextCoreTextEngineModule.dll,247488,47DA257F,34500
0,0,COM3D2x64_Data\Managed\UnityEngine.TextRenderingModule.dll,37568,64F4EAE3,34500
0,0,COM3D2x64_Data\Managed\UnityEngine.TilemapModule.dll,45248,86525F58,34500
0,0,COM3D2x64_Data\Managed\UnityEngine.TLSModule.dll,25280,28D4A9D2,34500
0,0,COM3D2x64_Data\Managed\UnityEngine.UI.dll,265728,B026644B,34500
0,0,COM3D2x64_Data\Managed\UnityEngine.UIElementsModule.dll,1526464,D2EF9FE4,34500
0,0,COM3D2x64_Data\Managed\UnityEngine.UIModule.dll,35008,16712D23,34500
0,0,COM3D2x64_Data\Managed\UnityEngine.UmbraModule.dll,18624,421ABF60,34500
0,0,COM3D2x64_Data\Managed\UnityEngine.UnityAnalyticsCommonModule.dll,19648,69C59A3E,34500
0,0,COM3D2x64_Data\Managed\UnityEngine.UnityAnalyticsModule.dll,43200,0E49D1A9,34500
0,0,COM3D2x64_Data\Managed\UnityEngine.UnityConnectModule.dll,20160,A5D5E39F,34500
0,0,COM3D2x64_Data\Managed\UnityEngine.UnityCurlModule.dll,20160,B71C41C4,34500
0,0,COM3D2x64_Data\Managed\UnityEngine.UnityTestProtocolModule.dll,18624,1E0DEBE9,34500
0,0,COM3D2x64_Data\Managed\UnityEngine.UnityWebRequestAssetBundleModule.dll,21696,69651A7A,34500
0,0,COM3D2x64_Data\Managed\UnityEngine.UnityWebRequestAudioModule.dll,21184,63F203EC,34500
0,0,COM3D2x64_Data\Managed\UnityEngine.UnityWebRequestModule.dll,56512,AF370A89,34500
0,0,COM3D2x64_Data\Managed\UnityEngine.UnityWebRequestTextureModule.dll,20160,6F60385C,34500
0,0,COM3D2x64_Data\Managed\UnityEngine.UnityWebRequestWWWModule.dll,29888,59764BF3,34500
0,0,COM3D2x64_Data\Managed\UnityEngine.VehiclesModule.dll,22720,195DA28D,34500
0,0,COM3D2x64_Data\Managed\UnityEngine.VFXModule.dll,57024,D3FF217B,34500
0,0,COM3D2x64_Data\Managed\UnityEngine.VideoModule.dll,39616,4592FDD4,34500
0,0,COM3D2x64_Data\Managed\UnityEngine.VirtualTexturingModule.dll,34496,1A77BE99,34500
0,0,COM3D2x64_Data\Managed\UnityEngine.VRModule.dll,25280,B7C1DF4D,34500
0,0,COM3D2x64_Data\Managed\UnityEngine.WindModule.dll,19648,34258888,34500
0,0,COM3D2x64_Data\Managed\UnityEngine.XR.LegacyInputHelpers.dll,23552,B6A6D19A,34500
0,0,COM3D2x64_Data\Managed\UnityEngine.XRModule.dll,69312,C01DB11A,34500
0,0,COM3D2x64_Data\Managed\Win32.dll,13312,7781C2A2,34500
0,0,COM3D2x64_Data\Managed\zxing.unity.dll,430592,9FD1F198,34500
0,0,COM3D2x64_Data\Plugins\x86_64\assimp.dll,4388864,7C910D84,34500
0,0,COM3D2x64_Data\Plugins\x86_64\Audio360.dll,1956352,0D4B8E9D,34500
0,0,COM3D2x64_Data\Plugins\x86_64\AVProVideo.dll,886272,278352F0,34500
0,0,COM3D2x64_Data\Plugins\x86_64\clothpp.dll,112128,7C3264A4,34500
0,0,COM3D2x64_Data\Plugins\x86_64\cm3d2.dll,2265088,CA67D1AD,34500
0,0,COM3D2x64_Data\Plugins\x86_64\device_hook.dll,738816,F61E7CED,34500
0,0,COM3D2x64_Data\Plugins\x86_64\FbxExporterCore.dll,12491776,CBAA51C1,34500
0,0,COM3D2x64_Data\Plugins\x86_64\FoveClient.dll,1849384,58C8B4F6,34500
0,0,COM3D2x64_Data\Plugins\x86_64\LeapC.dll,2516992,FBDD3767,34500
0,0,COM3D2x64_Data\Plugins\x86_64\lib_burst_generated.dll,1064960,0B34BEF7,34500
0,0,COM3D2x64_Data\Plugins\x86_64\openvr_api.dll,318272,44432E0F,34500
0,0,COM3D2x64_Data\Plugins\x86_64\openxr_loader.dll,1948672,A9899457,34500
0,0,COM3D2x64_Data\Plugins\x86_64\OVRGamepad.dll,12800,2C526135,34500
0,0,COM3D2x64_Data\Plugins\x86_64\OVRLipSync.dll,2512296,391C1F4C,34500
0,0,COM3D2x64_Data\Plugins\x86_64\UnityOpenXR.dll,740864,6285EC22,34500
0,0,COM3D2x64_Data\Plugins\x86_64\Win32-WebView.dll,504832,382AEE66,34500
0,0,COM3D2x64_Data\Resources\unity default resources,1564256,28AF3A61,34500
0,0,COM3D2x64_Data\Resources\unity_builtin_extra,428296,1A294B77,34500
0,0,COM3D2x64_Data\UnitySubsystems\UnityOpenXR\UnitySubsystemsManifest.json,334,076D4451,34500
0,0,COM3D2x64_Data\app.info,27,F9A266E7,34500
0,0,COM3D2x64_Data\boot.config,128,8E8D2477,34500
0,0,COM3D2x64_Data\globalgamemanagers,5428196,3797446C,34500
0,0,COM3D2x64_Data\globalgamemanagers.assets,569528,53661657,34500
0,0,COM3D2x64_Data\globalgamemanagers.assets.resS,2796240,F6707524,34500
0,0,COM3D2x64_Data\level0,362852,55C30518,34500
0,0,COM3D2x64_Data\level1,385788,BA037025,34500
0,0,COM3D2x64_Data\level2,381452,5727D11A,34500
0,0,COM3D2x64_Data\level3,1274812,BE4BF7EE,34500
0,0,COM3D2x64_Data\level4,1312524,F419DC9D,34500
0,0,COM3D2x64_Data\level5,1359900,F700733A,34500
0,0,COM3D2x64_Data\level6,364884,E8B35287,34500
0,0,COM3D2x64_Data\level7,1099036,F00D6EBB,34500
0,0,COM3D2x64_Data\level8,396468,003CFC63,34500
0,0,COM3D2x64_Data\level9,465508,A83F101C,34500
0,0,COM3D2x64_Data\level10,390252,5AF4C829,34500
0,0,COM3D2x64_Data\level11,363380,709CC566,34500
0,0,COM3D2x64_Data\level12,476180,47A7F9E4,34500
0,0,COM3D2x64_Data\level13,367588,EF43A70E,34500
0,0,COM3D2x64_Data\level14,916636,64DA4F34,34500
0,0,COM3D2x64_Data\level15,4996,B1AB14CE,34500
0,0,COM3D2x64_Data\level16,365372,9CE6DAED,34500
0,0,COM3D2x64_Data\level17,1192,4A50FBB0,34500
0,0,COM3D2x64_Data\level18,382172,F44FF8AE,34500
0,0,COM3D2x64_Data\level19,371932,384F8678,34500
0,0,COM3D2x64_Data\level20,1050460,20D5E7E0,34500
0,0,COM3D2x64_Data\level21,469828,1E0B7306,34500
0,0,COM3D2x64_Data\level22,1180380,3CD827B0,34500
0,0,COM3D2x64_Data\level23,448700,C011A643,34500
0,0,COM3D2x64_Data\level24,714556,CDB80A6B,34500
0,0,COM3D2x64_Data\level25,386244,4C886B76,34500
0,0,COM3D2x64_Data\level26,2246572,8FB744C0,34500
0,0,COM3D2x64_Data\level27,1210764,7FD13AC6,34500
0,0,COM3D2x64_Data\level28,386244,E785859B,34500
0,0,COM3D2x64_Data\level29,1183556,A0D0B5EE,34500
0,0,COM3D2x64_Data\level30,378644,FF036467,34500
0,0,COM3D2x64_Data\level31,488244,A7A6F58B,34500
0,0,COM3D2x64_Data\level32,29832,8B1AD7D5,34500
0,0,COM3D2x64_Data\level32.resS,131232,DEC6292A,34500
0,0,COM3D2x64_Data\level33,58924,3D0BDECA,34500
0,0,COM3D2x64_Data\level34,64856,A900B08E,34500
0,0,COM3D2x64_Data\level35,4032,07265B29,34500
0,0,COM3D2x64_Data\level36,363772,0C8D0325,34500
0,0,COM3D2x64_Data\level37,1686780,B44CCC0B,34500
0,0,COM3D2x64_Data\level38,1541100,3BD312F8,34500
0,0,COM3D2x64_Data\level39,1562964,EF2F2419,34500
0,0,COM3D2x64_Data\level40,461700,145B1CAF,34500
0,0,COM3D2x64_Data\level41,420684,7B324613,34500
0,0,COM3D2x64_Data\level42,462436,4CB005B3,34500
0,0,COM3D2x64_Data\level43,1454332,06FA3274,34500
0,0,COM3D2x64_Data\level44,1524524,940A197F,34500
0,0,COM3D2x64_Data\level45,1652140,E32E1830,34500
0,0,COM3D2x64_Data\level46,457476,3A1BB1AE,34500
0,0,COM3D2x64_Data\level47,411820,D29C3C3D,34500
0,0,COM3D2x64_Data\level48,463508,29CFB583,34500
0,0,COM3D2x64_Data\level49,430860,A4A40B1E,34500
0,0,COM3D2x64_Data\level50,1481180,9192B708,34500
0,0,COM3D2x64_Data\level51,414788,3C2F5A0D,34500
0,0,COM3D2x64_Data\level52,712852,097CF669,34500
0,0,COM3D2x64_Data\level53,655316,6F4C89F4,34500
0,0,COM3D2x64_Data\level54,387636,87FD251C,34500
0,0,COM3D2x64_Data\level55,1380484,E75FEF7F,34500
0,0,COM3D2x64_Data\level56,1123372,397D9F14,34500
0,0,COM3D2x64_Data\level57,1130732,5AC290F7,34500
0,0,COM3D2x64_Data\level58,1380484,9B0E5241,34500
0,0,COM3D2x64_Data\level59,1260804,598000D2,34500
0,0,COM3D2x64_Data\level60,1042068,723B342F,34500
0,0,COM3D2x64_Data\level61,1337668,CF4A7929,34500
0,0,COM3D2x64_Data\level62,1441564,ECBADEC0,34500
0,0,COM3D2x64_Data\level63,730412,90D7F2BD,34500
0,0,COM3D2x64_Data\level64,1015124,3A3EDA17,34500
0,0,COM3D2x64_Data\level65,440908,E229B219,34500
0,0,COM3D2x64_Data\level66,437180,BD190399,34500
0,0,COM3D2x64_Data\level67,481924,29CA0DA5,34500
0,0,COM3D2x64_Data\level68,504692,72797754,34500
0,0,COM3D2x64_Data\level69,431172,6CD732C8,34500
0,0,COM3D2x64_Data\level70,492740,3C5F41C5,34500
0,0,COM3D2x64_Data\level71,1142196,15AE6357,34500
0,0,COM3D2x64_Data\level72,1061060,B8F36409,34500
0,0,COM3D2x64_Data\level73,485108,A006015E,34500
0,0,COM3D2x64_Data\level74,507828,E3EE2519,34500
0,0,COM3D2x64_Data\level75,498164,F0113F69,34500
0,0,COM3D2x64_Data\level76,1142180,A02DA975,34500
0,0,COM3D2x64_Data\level77,1104356,91C6F60E,34500
0,0,COM3D2x64_Data\level78,490996,3BDA58F9,34500
0,0,COM3D2x64_Data\level79,475164,D973576C,34500
0,0,COM3D2x64_Data\level80,456316,6C2B4803,34500
0,0,COM3D2x64_Data\level81,392628,2F91696B,34500
0,0,COM3D2x64_Data\level82,1491372,21111233,34500
0,0,COM3D2x64_Data\level83,1430460,5FAD716E,34500
0,0,COM3D2x64_Data\level84,547732,32F68CAC,34500
0,0,COM3D2x64_Data\level85,439332,2BA83490,34500
0,0,COM3D2x64_Data\level86,1370564,5BD8EE81,34500
0,0,COM3D2x64_Data\level87,1069332,531E7D34,34500
0,0,COM3D2x64_Data\level88,1548196,456D3258,34500
0,0,COM3D2x64_Data\level89,1488636,5377E6D6,34500
0,0,COM3D2x64_Data\level90,1686796,A703925D,34500
0,0,COM3D2x64_Data\level91,1652156,258538DE,34500
0,0,COM3D2x64_Data\level92,1488980,9BA276B5,34500
0,0,COM3D2x64_Data\level93,1454340,B60C8DE7,34500
0,0,COM3D2x64_Data\level94,452716,40658A40,34500
0,0,COM3D2x64_Data\level95,442892,959A2DF8,34500
0,0,COM3D2x64_Data\level96,1124820,60C1394F,34500
0,0,COM3D2x64_Data\level97,918748,3B1C8D28,34500
0,0,COM3D2x64_Data\level98,1024804,13BDAAF9,34500
0,0,COM3D2x64_Data\level99,915804,2D0B6D41,34500
0,0,COM3D2x64_Data\level100,1124364,A0100833,34500
0,0,COM3D2x64_Data\level101,1823764,7C2B480A,34500
0,0,COM3D2x64_Data\level102,1774236,02F0CF52,34500
0,0,COM3D2x64_Data\level103,1212060,4DE6EE2F,34500
0,0,COM3D2x64_Data\level104,1155588,01DCB1B2,34500
0,0,COM3D2x64_Data\level105,1634724,FED5A156,34500
0,0,COM3D2x64_Data\level106,1739508,76A71BB2,34500
0,0,COM3D2x64_Data\level107,1153324,35C9E6AA,34500
0,0,COM3D2x64_Data\level108,1062660,027E299D,34500
0,0,COM3D2x64_Data\level109,1810724,B02074A5,34500
0,0,COM3D2x64_Data\level110,1698628,10B5CE7E,34500
0,0,COM3D2x64_Data\level111,515108,083B51C0,34500
0,0,COM3D2x64_Data\level112,535412,698696C4,34500
0,0,COM3D2x64_Data\level113,626140,A7247A59,34500
0,0,COM3D2x64_Data\level114,563084,CCCF6163,34500
0,0,COM3D2x64_Data\level114.resS,131232,F174E031,34500
0,0,COM3D2x64_Data\level115,510012,5B3150DF,34500
0,0,COM3D2x64_Data\level116,624252,6F5897A0,34500
0,0,COM3D2x64_Data\level117,533932,6E7DEAD5,34500
0,0,COM3D2x64_Data\level118,1867932,0DDBC17C,34500
0,0,COM3D2x64_Data\level119,1592420,EDE5981B,34500
0,0,COM3D2x64_Data\level120,1403220,B78B04EB,34500
0,0,COM3D2x64_Data\level121,1246764,5FC5AE36,34500
0,0,COM3D2x64_Data\level122,1340476,F227008E,34500
0,0,COM3D2x64_Data\level123,1537052,B204DA63,34500
0,0,COM3D2x64_Data\level124,1436292,CBDDFCD4,34500
0,0,COM3D2x64_Data\level125,1006676,ED41ECDA,34500
0,0,COM3D2x64_Data\level126,606556,9D4F9736,34500
0,0,COM3D2x64_Data\level127,1077844,92EA95D5,34500
0,0,COM3D2x64_Data\level128,994980,47B0B7ED,34500
0,0,COM3D2x64_Data\level129,361620,5B71E799,34500
0,0,COM3D2x64_Data\level130,766404,A3BF30EF,34500
0,0,COM3D2x64_Data\level131,1008372,3D360EB5,34500
0,0,COM3D2x64_Data\level132,969692,1B678A16,34500
0,0,COM3D2x64_Data\level133,950220,806D6688,34500
0,0,COM3D2x64_Data\level134,439428,90B82271,34500
0,0,COM3D2x64_Data\level135,924164,F5FA595C,34500
0,0,COM3D2x64_Data\level136,579836,D86147E7,34500
0,0,COM3D2x64_Data\level137,584148,EFD6E2F2,34500
0,0,COM3D2x64_Data\level138,610180,1CC466F1,34500
0,0,COM3D2x64_Data\level139,608532,173D5A47,34500
0,0,COM3D2x64_Data\level140,610316,1CFA8898,34500
0,0,COM3D2x64_Data\level141,612756,1698C9CA,34500
0,0,COM3D2x64_Data\level142,544620,92ABD792,34500
0,0,COM3D2x64_Data\level143,548948,5357DC02,34500
0,0,COM3D2x64_Data\level144,573812,06523DB5,34500
0,0,COM3D2x64_Data\level145,605220,303150BD,34500
0,0,COM3D2x64_Data\level146,574956,A2717B27,34500
0,0,COM3D2x64_Data\level147,578028,0BF69D00,34500
0,0,COM3D2x64_Data\level148,566828,95719B9C,34500
0,0,COM3D2x64_Data\level149,606340,660B21EF,34500
0,0,COM3D2x64_Data\level150,470084,CF8DAFAC,34500
0,0,COM3D2x64_Data\level151,370324,C5B0B063,34500
0,0,COM3D2x64_Data\level152,458844,ACFCCC76,34500
0,0,COM3D2x64_Data\level152.resS,131232,F174E031,34500
0,0,COM3D2x64_Data\level153,1100188,2B46515F,34500
0,0,COM3D2x64_Data\level154,1507684,EA3DD286,34500
0,0,COM3D2x64_Data\level155,419940,699A41D5,34500
0,0,COM3D2x64_Data\level156,456436,1396CF3D,34500
0,0,COM3D2x64_Data\level157,466588,43B3ECDE,34500
0,0,COM3D2x64_Data\resources.assets,529254444,783ED983,34500
0,0,COM3D2x64_Data\resources.assets.resS,2073195648,C36FC577,34500
0,0,COM3D2x64_Data\resources.resource,1348992,64168176,34500
0,0,COM3D2x64_Data\RuntimeInitializeOnLoads.json,5254,869CDA3C,34500
0,0,COM3D2x64_Data\ScriptingAssemblies.json,4395,31B91F14,34500
0,0,COM3D2x64_Data\sharedassets0.assets,31770932,CA06ADA5,34500
0,0,COM3D2x64_Data\sharedassets0.assets.resS,28071648,6B7564F2,34500
0,0,COM3D2x64_Data\sharedassets1.assets,2301,B9858B4C,34500
0,0,COM3D2x64_Data\sharedassets2.assets,2337,45F0E900,34500
0,0,COM3D2x64_Data\sharedassets3.assets,4305,73C904F7,34500
0,0,COM3D2x64_Data\sharedassets4.assets,9009,C2EC5C1A,34500
0,0,COM3D2x64_Data\sharedassets5.assets,3333,7D60E6DD,34500
0,0,COM3D2x64_Data\sharedassets6.assets,2205,9AA1B0D5,34500
0,0,COM3D2x64_Data\sharedassets7.assets,3057,0CF81B71,34500
0,0,COM3D2x64_Data\sharedassets8.assets,2193,433EC11A,34500
0,0,COM3D2x64_Data\sharedassets9.assets,3201,1E105144,34500
0,0,COM3D2x64_Data\sharedassets10.assets,2137,69AB2146,34500
0,0,COM3D2x64_Data\sharedassets11.assets,2133,1459C440,34500
0,0,COM3D2x64_Data\sharedassets12.assets,2541,04CA68FB,34500
0,0,COM3D2x64_Data\sharedassets13.assets,2325,CE3865FC,34500
0,0,COM3D2x64_Data\sharedassets14.assets,2961,0B67C054,34500
0,0,COM3D2x64_Data\sharedassets15.assets,553,37A84E2E,34500
0,0,COM3D2x64_Data\sharedassets16.assets,2193,F0C4C063,34500
0,0,COM3D2x64_Data\sharedassets17.assets,277,EDBD5EC3,34500
0,0,COM3D2x64_Data\sharedassets18.assets,2877,86296C65,34500
0,0,COM3D2x64_Data\sharedassets19.assets,2277,888F49E5,34500
0,0,COM3D2x64_Data\sharedassets20.assets,8841,2A550599,34500
0,0,COM3D2x64_Data\sharedassets21.assets,2373,BA3140AF,34500
0,0,COM3D2x64_Data\sharedassets22.assets,8877,4058680C,34500
0,0,COM3D2x64_Data\sharedassets23.assets,2361,70D40404,34500
0,0,COM3D2x64_Data\sharedassets24.assets,2421,60D6B370,34500
0,0,COM3D2x64_Data\sharedassets25.assets,2413,E22FA03E,34500
0,0,COM3D2x64_Data\sharedassets26.assets,3153,31451019,34500
0,0,COM3D2x64_Data\sharedassets27.assets,8853,80B06C96,34500
0,0,COM3D2x64_Data\sharedassets28.assets,2405,33247054,34500
0,0,COM3D2x64_Data\sharedassets29.assets,8853,80B06C96,34500
0,0,COM3D2x64_Data\sharedassets30.assets,2125,81A240FB,34500
0,0,COM3D2x64_Data\sharedassets31.assets,2648,7076E1B4,34500
0,0,COM3D2x64_Data\sharedassets32.assets,10456,EB0C9225,34500
0,0,COM3D2x64_Data\sharedassets33.assets,597,468632C9,34500
0,0,COM3D2x64_Data\sharedassets34.assets,501,504DEDD9,34500
0,0,COM3D2x64_Data\sharedassets35.assets,505,A6DA39C2,34500
0,0,COM3D2x64_Data\sharedassets36.assets,2137,33AA67CC,34500
0,0,COM3D2x64_Data\sharedassets37.assets,8841,5F952C5E,34500
0,0,COM3D2x64_Data\sharedassets38.assets,8841,BF2CE93D,34500
0,0,COM3D2x64_Data\sharedassets39.assets,8841,7A7CFE10,34500
0,0,COM3D2x64_Data\sharedassets40.assets,3201,DAE6D436,34500
0,0,COM3D2x64_Data\sharedassets41.assets,2961,DCBDA35B,34500
0,0,COM3D2x64_Data\sharedassets42.assets,3381,563E2B3A,34500
0,0,COM3D2x64_Data\sharedassets43.assets,5565,14F8C41A,34500
0,0,COM3D2x64_Data\sharedassets44.assets,5673,1D8B78CC,34500
0,0,COM3D2x64_Data\sharedassets45.assets,5661,38D78D56,34500
0,0,COM3D2x64_Data\sharedassets46.assets,4653,3318C8D2,34500
0,0,COM3D2x64_Data\sharedassets47.assets,2601,4A16F365,34500
0,0,COM3D2x64_Data\sharedassets48.assets,4389,82F5DE8B,34500
0,0,COM3D2x64_Data\sharedassets49.assets,800316,EAD18AD4,34500
0,0,COM3D2x64_Data\sharedassets49.assets.resS,6507040,06B77963,34500
0,0,COM3D2x64_Data\sharedassets50.assets,8841,73BC6CA8,34500
0,0,COM3D2x64_Data\sharedassets51.assets,2601,208CBEB7,34500
0,0,COM3D2x64_Data\sharedassets52.assets,2865,E4828E9A,34500
0,0,COM3D2x64_Data\sharedassets53.assets,2769,F6033E2C,34500
0,0,COM3D2x64_Data\sharedassets54.assets,2149,A1F4AFA9,34500
0,0,COM3D2x64_Data\sharedassets55.assets,8925,027885C3,34500
0,0,COM3D2x64_Data\sharedassets56.assets,5433,B9D47405,34500
0,0,COM3D2x64_Data\sharedassets57.assets,5469,EB93464B,34500
0,0,COM3D2x64_Data\sharedassets58.assets,8925,027885C3,34500
0,0,COM3D2x64_Data\sharedassets59.assets,5625,F26A3576,34500
0,0,COM3D2x64_Data\sharedassets60.assets,5493,BEE63C6C,34500
0,0,COM3D2x64_Data\sharedassets61.assets,5637,95BF65D5,34500
0,0,COM3D2x64_Data\sharedassets62.assets,5673,1D8B78CC,34500
0,0,COM3D2x64_Data\sharedassets63.assets,2697,1D57EBB1,34500
0,0,COM3D2x64_Data\sharedassets64.assets,5661,38D78D56,34500
0,0,COM3D2x64_Data\sharedassets65.assets,6450,664F3332,34500
0,0,COM3D2x64_Data\sharedassets65.assets.resS,87408,84350FBB,34500
0,0,COM3D2x64_Data\sharedassets65.resource,41406086,938147B5,34500
0,0,COM3D2x64_Data\sharedassets66.assets,3362,11B4F82C,34500
0,0,COM3D2x64_Data\sharedassets66.resource,36841226,318CE5DA,34500
0,0,COM3D2x64_Data\sharedassets67.assets,3322,F624C321,34500
0,0,COM3D2x64_Data\sharedassets67.resource,32680665,5F8810A9,34500
0,0,COM3D2x64_Data\sharedassets68.assets,17266,69D37DEB,34500
0,0,COM3D2x64_Data\sharedassets68.assets.resS,174784,C6783C52,34500
0,0,COM3D2x64_Data\sharedassets68.resource,35964702,CC2B1BFE,34500
0,0,COM3D2x64_Data\sharedassets69.assets,3346,63C1CA59,34500
0,0,COM3D2x64_Data\sharedassets69.resource,40585017,61D6AACB,34500
0,0,COM3D2x64_Data\sharedassets70.assets,3562,828DC804,34500
0,0,COM3D2x64_Data\sharedassets70.resource,38610538,C2CDB3C3,34500
0,0,COM3D2x64_Data\sharedassets71.assets,3014356,483E801A,34500
0,0,COM3D2x64_Data\sharedassets71.assets.resS,611744,E0F83BD4,34500
0,0,COM3D2x64_Data\sharedassets72.assets,5769,022698D0,34500
0,0,COM3D2x64_Data\sharedassets73.assets,2697,91177790,34500
0,0,COM3D2x64_Data\sharedassets74.assets,2697,91177790,34500
0,0,COM3D2x64_Data\sharedassets75.assets,2697,91177790,34500
0,0,COM3D2x64_Data\sharedassets76.assets,8853,95ADEEA1,34500
0,0,COM3D2x64_Data\sharedassets77.assets,5673,CF693E21,34500
0,0,COM3D2x64_Data\sharedassets78.assets,2613,3504DB3C,34500
0,0,COM3D2x64_Data\sharedassets79.assets,55760,734D78F4,34500
0,0,COM3D2x64_Data\sharedassets79.assets.resS,174784,F8E8E9F8,34500
0,0,COM3D2x64_Data\sharedassets80.assets,2625,13F1BD17,34500
0,0,COM3D2x64_Data\sharedassets81.assets,2769,5B5520F2,34500
0,0,COM3D2x64_Data\sharedassets82.assets,756768,D9DFA04D,34500
0,0,COM3D2x64_Data\sharedassets82.assets.resS,1310896,5596E62C,34500
0,0,COM3D2x64_Data\sharedassets82.resource,1657856,B35361D0,34500
0,0,COM3D2x64_Data\sharedassets83.assets,5541,C81FD8EA,34500
0,0,COM3D2x64_Data\sharedassets84.assets,3415164,BAA493D9,34500
0,0,COM3D2x64_Data\sharedassets84.assets.resS,6226160,5BDA7B19,34500
0,0,COM3D2x64_Data\sharedassets85.assets,2649,88C7742A,34500
0,0,COM3D2x64_Data\sharedassets86.assets,10101,4A5CDFDD,34500
0,0,COM3D2x64_Data\sharedassets87.assets,5661,38D78D56,34500
0,0,COM3D2x64_Data\sharedassets88.assets,8877,60974C80,34500
0,0,COM3D2x64_Data\sharedassets89.assets,5661,359846E0,34500
0,0,COM3D2x64_Data\sharedassets90.assets,8841,5F952C5E,34500
0,0,COM3D2x64_Data\sharedassets91.assets,5661,38D78D56,34500
0,0,COM3D2x64_Data\sharedassets92.assets,8877,60974C80,34500
0,0,COM3D2x64_Data\sharedassets93.assets,6609,01A9E913,34500
0,0,COM3D2x64_Data\sharedassets94.assets,2973,01AEA992,34500
0,0,COM3D2x64_Data\sharedassets95.assets,2481,D2A51659,34500
0,0,COM3D2x64_Data\sharedassets96.assets,7876,B6ED2CA9,34500
0,0,COM3D2x64_Data\sharedassets96.resource,2729248,FCB8D689,34500
0,0,COM3D2x64_Data\sharedassets97.assets,7689,69B2D0D8,34500
0,0,COM3D2x64_Data\sharedassets98.assets,4389,ED3526AB,34500
0,0,COM3D2x64_Data\sharedassets99.assets,3753,B33E5504,34500
0,0,COM3D2x64_Data\sharedassets100.assets,352924,AF0A629D,34500
0,0,COM3D2x64_Data\sharedassets100.assets.resS,2272064,E37F670D,34500
0,0,COM3D2x64_Data\sharedassets100.resource,6236928,E2AEF877,34500
0,0,COM3D2x64_Data\sharedassets101.assets,6568072,1650EFCD,34500
0,0,COM3D2x64_Data\sharedassets101.assets.resS,10944,57B9B85D,34500
0,0,COM3D2x64_Data\sharedassets101.resource,2053248,CCA7A7B1,34500
0,0,COM3D2x64_Data\sharedassets102.assets,6525,9FD9F360,34500
0,0,COM3D2x64_Data\sharedassets103.assets,8985,721B3867,34500
0,0,COM3D2x64_Data\sharedassets104.assets,5781,378CAF7D,34500
0,0,COM3D2x64_Data\sharedassets105.assets,5956,80B556E7,34500
0,0,COM3D2x64_Data\sharedassets105.resource,1239072,9EF23F8B,34500
0,0,COM3D2x64_Data\sharedassets106.assets,9189,135B0092,34500
0,0,COM3D2x64_Data\sharedassets107.assets,9045,401B06F3,34500
0,0,COM3D2x64_Data\sharedassets108.assets,5721,FAF3DA34,34500
0,0,COM3D2x64_Data\sharedassets109.assets,9540,A62F3151,34500
0,0,COM3D2x64_Data\sharedassets109.resource,1500320,468304E6,34500
0,0,COM3D2x64_Data\sharedassets110.assets,6081,E5237AE2,34500
0,0,COM3D2x64_Data\sharedassets111.assets,2853,2A2ADEAB,34500
0,0,COM3D2x64_Data\sharedassets112.assets,2853,2A2ADEAB,34500
0,0,COM3D2x64_Data\sharedassets113.assets,2769,C660BF1D,34500
0,0,COM3D2x64_Data\sharedassets114.assets,2433,C624B952,34500
0,0,COM3D2x64_Data\sharedassets115.assets,2769,C660BF1D,34500
0,0,COM3D2x64_Data\sharedassets116.assets,2865,D98FE236,34500
0,0,COM3D2x64_Data\sharedassets117.assets,2769,C660BF1D,34500
0,0,COM3D2x64_Data\sharedassets118.assets,9021,9E99065A,34500
0,0,COM3D2x64_Data\sharedassets119.assets,5709,5AC16975,34500
0,0,COM3D2x64_Data\sharedassets120.assets,393656,6FBEB5BF,34500
0,0,COM3D2x64_Data\sharedassets120.assets.resS,2184656,EE6A6E48,34500
0,0,COM3D2x64_Data\sharedassets121.assets,5940,4954264F,34500
0,0,COM3D2x64_Data\sharedassets121.resource,2752064,01AB8E9E,34500
0,0,COM3D2x64_Data\sharedassets122.assets,9117,16312FF4,34500
0,0,COM3D2x64_Data\sharedassets123.assets,9105,37A972CF,34500
0,0,COM3D2x64_Data\sharedassets124.assets,5781,53722710,34500
0,0,COM3D2x64_Data\sharedassets125.assets,3316,73E1B8DB,34500
0,0,COM3D2x64_Data\sharedassets125.resource,6331360,376DAB75,34500
0,0,COM3D2x64_Data\sharedassets126.assets,3189,DD78CCF9,34500
0,0,COM3D2x64_Data\sharedassets127.assets,83284,1F5077BA,34500
0,0,COM3D2x64_Data\sharedassets127.resource,8838560,027F254D,34500
0,0,COM3D2x64_Data\sharedassets128.assets,4341,D35EAFE2,34500
0,0,COM3D2x64_Data\sharedassets129.assets,2077,F3DFF997,34500
0,0,COM3D2x64_Data\sharedassets130.assets,3933,FDB7EBB8,34500
0,0,COM3D2x64_Data\sharedassets131.assets,7425,7D7D92FC,34500
0,0,COM3D2x64_Data\sharedassets132.assets,4233,194A4386,34500
0,0,COM3D2x64_Data\sharedassets133.assets,613456,D714F6DC,34500
0,0,COM3D2x64_Data\sharedassets133.assets.resS,6138656,2613FE39,34500
0,0,COM3D2x64_Data\sharedassets134.assets,2649,CE0A44AC,34500
0,0,COM3D2x64_Data\sharedassets135.assets,3213,2950435F,34500
0,0,COM3D2x64_Data\sharedassets136.assets,3117,D7E4C5B3,34500
0,0,COM3D2x64_Data\sharedassets137.assets,3117,D7E4C5B3,34500
0,0,COM3D2x64_Data\sharedassets138.assets,3117,D7E4C5B3,34500
0,0,COM3D2x64_Data\sharedassets139.assets,3117,D7E4C5B3,34500
0,0,COM3D2x64_Data\sharedassets140.assets,3117,D7E4C5B3,34500
0,0,COM3D2x64_Data\sharedassets141.assets,3117,D7E4C5B3,34500
0,0,COM3D2x64_Data\sharedassets142.assets,2769,C660BF1D,34500
0,0,COM3D2x64_Data\sharedassets143.assets,2769,C660BF1D,34500
0,0,COM3D2x64_Data\sharedassets144.assets,2769,C660BF1D,34500
0,0,COM3D2x64_Data\sharedassets145.assets,2769,C660BF1D,34500
0,0,COM3D2x64_Data\sharedassets146.assets,2769,C660BF1D,34500
0,0,COM3D2x64_Data\sharedassets147.assets,2769,C660BF1D,34500
0,0,COM3D2x64_Data\sharedassets148.assets,2769,C660BF1D,34500
0,0,COM3D2x64_Data\sharedassets149.assets,3117,D7E4C5B3,34500
0,0,COM3D2x64_Data\sharedassets150.assets,2493,34C4C5FB,34500
0,0,COM3D2x64_Data\sharedassets151.assets,2205,09B53ECE,34500
0,0,COM3D2x64_Data\sharedassets152.assets,3477,3C3A5478,34500
0,0,COM3D2x64_Data\sharedassets153.assets,210016,58792C1B,34500
0,0,COM3D2x64_Data\sharedassets153.assets.resS,174784,F8825DB8,34500
0,0,COM3D2x64_Data\sharedassets154.assets,6588,2E506ACA,34500
0,0,COM3D2x64_Data\sharedassets155.assets,2493,D24167A2,34500
0,0,COM3D2x64_Data\sharedassets156.assets,2493,37541BEC,34500
0,0,COM3D2x64_Data\sharedassets157.assets,2613,90D30916,34500
0,0,MonoBleedingEdge\EmbedRuntime\mono-2.0-bdwgc.dll,7895744,19AF8B01,34500
0,0,MonoBleedingEdge\EmbedRuntime\MonoPosixHelper.dll,609472,68524C42,34500
0,0,MonoBleedingEdge\etc\mono\2.0\Browsers\Compat.browser,1605,2E178A0B,34500
0,0,MonoBleedingEdge\etc\mono\2.0\DefaultWsdlHelpGenerator.aspx,60575,95F9D0B4,34500
0,0,MonoBleedingEdge\etc\mono\2.0\machine.config,29066,42543B8B,34500
0,0,MonoBleedingEdge\etc\mono\2.0\settings.map,2622,AD5340F9,34500
0,0,MonoBleedingEdge\etc\mono\2.0\web.config,11635,1A75EBAD,34500
0,0,MonoBleedingEdge\etc\mono\4.0\Browsers\Compat.browser,1605,2E178A0B,34500
0,0,MonoBleedingEdge\etc\mono\4.0\DefaultWsdlHelpGenerator.aspx,60575,95F9D0B4,34500
0,0,MonoBleedingEdge\etc\mono\4.0\machine.config,33598,86F603C4,34500
0,0,MonoBleedingEdge\etc\mono\4.0\settings.map,2622,DC24A240,34500
0,0,MonoBleedingEdge\etc\mono\4.0\web.config,18802,36D8BA3E,34500
0,0,MonoBleedingEdge\etc\mono\4.5\Browsers\Compat.browser,1605,2E178A0B,34500
0,0,MonoBleedingEdge\etc\mono\4.5\DefaultWsdlHelpGenerator.aspx,60575,95F9D0B4,34500
0,0,MonoBleedingEdge\etc\mono\4.5\machine.config,34056,C446A9EB,34500
0,0,MonoBleedingEdge\etc\mono\4.5\settings.map,2622,DC24A240,34500
0,0,MonoBleedingEdge\etc\mono\4.5\web.config,18811,4F48BC13,34500
0,0,MonoBleedingEdge\etc\mono\mconfig\config.xml,25817,80B2033A,34500
0,0,MonoBleedingEdge\etc\mono\browscap.ini,311984,CE6C0AB3,34500
0,0,MonoBleedingEdge\etc\mono\config,3815,88FA6D93,34500
0,0,COM3D2x64.exe,666624,19AE50FD,34500
0,0,UnityCrashHandler64.exe,1112768,1C830F9F,34500
0,0,UnityPlayer.dll,30996672,9C9085E6,34500
share,../com3d2data\GameData\ja_script\script.arc,GameData\script.arc,16825776,1ACABF9A,24500
share,../com3d2data\GameData\ja_script\script_denkigai2018s_2.arc,GameData\script_denkigai2018s_2.arc,13650,A89062D9,24500
share,../com3d2data\GameData\ja_script\script_gp001_2.arc,GameData\script_gp001_2.arc,2534538,CCF5906D,24500
share,../com3d2data\GameData\ja_script\script_gp002_2.arc,GameData\script_gp002_2.arc,1510202,AF1300D3,24500
share,../com3d2data\GameData\ja_script\script_gp002p5_2.arc,GameData\script_gp002p5_2.arc,244915,659C0E1D,24500
share,../com3d2data\GameData\ja_script\script_nightpool001_add2_2.arc,GameData\script_nightpool001_add2_2.arc,8482,93B87853,24500
share,../com3d2data\GameData\ja_script\script_personal_om011_2.arc,GameData\script_personal_om011_2.arc,238072,43B20324,24500
share,../com3d2data\GameData\ja_script\script_personal_om011_gp002_2.arc,GameData\script_personal_om011_gp002_2.arc,35618,E7B088BC,24500
share,../com3d2data\GameData\ja_script\script_personal_om012_gp002_2.arc,GameData\script_personal_om012_gp002_2.arc,35522,8692ACF1,24500
share,../com3d2data\GameData\ja_script\script_secondhome001_2.arc,GameData\script_secondhome001_2.arc,21138,DA0F0BCD,24500
share,../com3d2data\GameData\patch\csv.arc,GameData\csv.arc,46019665,956EED58,24500
share,../com3d2data\GameData\patch\parts_cafesp001_2.arc,GameData\parts_cafesp001_2.arc,205238,D5C47D9B,24500
share,../com3d2data\GameData\patch\parts_cas069_2.arc,GameData\parts_cas069_2.arc,177123,39C1BBBF,24500
share,../com3d2data\GameData\patch\parts_cas146_2.arc,GameData\parts_cas146_2.arc,81962,925829F2,24500
share,../com3d2data\GameData\patch\parts_cw007cloth2_2.arc,GameData\parts_cw007cloth2_2.arc,221240,EAC3D2B3,24500
share,../com3d2data\GameData\patch\parts_dlc529_2.arc,GameData\parts_dlc529_2.arc,355536,27F8B0E3,24500
share,../com3d2data\GameData\patch\parts_personal_om004_2.arc,GameData\parts_personal_om004_2.arc,16786,A34EF970,24500
share,../com3d2data\GameData\patch\parts_sp006cloth1_2.arc,GameData\parts_sp006cloth1_2.arc,1742121,A48D2877,24500
share,../com3d2data\GameData\patch\prioritymaterial.arc,GameData\prioritymaterial.arc,877408,56BC22AF,24500
share,../com3d2data\GameData\patch\system2.arc,GameData\system2.arc,113160769,45A9CF63,24405
share,../com3d2data\GameData_20\material_cas069_2.arc,GameData_20\material_cas069_2.arc,1762,7B4D07CF,1748
share,../com3d2data\GameData_20\material_sp006cloth1_2.arc,GameData_20\material_sp006cloth1_2.arc,5778,ACB7ACA2,1748
share,../com3d2data\GameData_20\menu_cas069_2.arc,GameData_20\menu_cas069_2.arc,3634,47BE304F,1748
share,../com3d2data\GameData_20\menu_dlc112_2.arc,GameData_20\menu_dlc112_2.arc,1826,64D3475B,1748
share,../com3d2data\GameData_20\menu_dlc529_2.arc,GameData_20\menu_dlc529_2.arc,3426,DB386466,1748
share,../com3d2data\GameData_20\model_cas069_2.arc,GameData_20\model_cas069_2.arc,172908,C07975D5,1748
share,../com3d2data\GameData_20\model_cas146_2.arc,GameData_20\model_cas146_2.arc,80800,827D109C,1748
share,../com3d2data\GameData_20\model_cw007cloth2_2.arc,GameData_20\model_cw007cloth2_2.arc,217700,DAC6F05B,1748
share,../com3d2data\GameData_20\model_dlc529_2.arc,GameData_20\model_dlc529_2.arc,345000,4BE5C790,1748
share,../com3d2data\GameData_20\model_sp006cloth1_2.arc,GameData_20\model_sp006cloth1_2.arc,1733170,84FC8AE0,1748
share,../com3d2data\GameData_20\paths.dat,GameData_20\paths.dat,15489,ECDF320C,1839
share,../com3d2data\GameData_20\prioritymaterial.arc,GameData_20\prioritymaterial.arc,454635,1DDA0063,1838
share,../com3d2data\GameData_20\texture_cafesp001_2.arc,GameData_20\texture_cafesp001_2.arc,205507,2E1A9EDF,1748
share,../com3d2data\GameData_20\texture_dlc529_2.arc,GameData_20\texture_dlc529_2.arc,7970,B67E60CD,1748
