0,0,COM3D2x64_Data\Managed\Accessibility.dll,10752,5CB31E4E,1554
0,0,COM3D2x64_Data\Managed\Assembly-CSharp.dll,5454336,A8497F60,1554
0,0,COM3D2x64_Data\Managed\Assembly-CSharp-firstpass.dll,787456,8BEB5E7A,1554
0,0,COM3D2x64_Data\Managed\Assembly-UnityScript-firstpass.dll,65024,5556D6FF,1554
0,0,COM3D2x64_Data\Managed\Boo.Lang.dll,126976,28383F70,1554
0,0,COM3D2x64_Data\Managed\BouncyCastle.Crypto.dll,2236416,5A4C4F07,1554
0,0,COM3D2x64_Data\Managed\FoveUnityPlugin.dll,28672,A6EA882B,1554
0,0,COM3D2x64_Data\Managed\ICSharpCode.SharpZipLib.dll,200704,D3160A1C,1554
0,0,COM3D2x64_Data\Managed\Ionic.Zlib.dll,102400,7C9E7DD2,1554
0,0,COM3D2x64_Data\Managed\JsonFx.Json.dll,70144,A0F0CFCB,1554
0,0,COM3D2x64_Data\Managed\LeapCSharp.NET3.5.dll,82432,38E38212,1554
0,0,COM3D2x64_Data\Managed\Mono.Data.Tds.dll,96256,2965324B,1554
0,0,COM3D2x64_Data\Managed\Mono.Posix.dll,184320,0CE35BE3,1554
0,0,COM3D2x64_Data\Managed\Mono.Security.dll,294912,66EB9979,1554
0,0,COM3D2x64_Data\Managed\Mono.WebBrowser.dll,172032,137B736F,1554
0,0,COM3D2x64_Data\Managed\mscorlib.dll,2590208,5166389B,1554
0,0,COM3D2x64_Data\Managed\Newtonsoft.Json.dll,494592,5C881B73,1554
0,0,COM3D2x64_Data\Managed\System.Configuration.dll,124928,72952344,1554
0,0,COM3D2x64_Data\Managed\System.Core.dll,297472,9E3EE5D7,1554
0,0,COM3D2x64_Data\Managed\System.Data.dll,856064,DDDB80CD,1554
0,0,COM3D2x64_Data\Managed\System.dll,1679360,13922617,1554
0,0,COM3D2x64_Data\Managed\System.Drawing.Design.dll,29696,E7B53FF9,1554
0,0,COM3D2x64_Data\Managed\System.Drawing.dll,448512,C4B2E872,1554
0,0,COM3D2x64_Data\Managed\System.EnterpriseServices.dll,46592,2C72A9FE,1554
0,0,COM3D2x64_Data\Managed\System.Security.dll,135168,1CE94C57,1554
0,0,COM3D2x64_Data\Managed\System.Transactions.dll,27648,45299FCF,1554
0,0,COM3D2x64_Data\Managed\System.Windows.Forms.dll,3053568,56394001,1554
0,0,COM3D2x64_Data\Managed\System.Xml.dll,1270272,4581A35B,1554
0,0,COM3D2x64_Data\Managed\System.Xml.Linq.dll,106496,E844371C,1554
0,0,COM3D2x64_Data\Managed\UnityEngine.dll,1393152,2C35388C,1554
0,0,COM3D2x64_Data\Managed\UnityEngine.dll.mdb,449828,8610375E,1554
0,0,COM3D2x64_Data\Managed\UnityEngine.Networking.dll,253952,2BDF701F,1554
0,0,COM3D2x64_Data\Managed\UnityEngine.UI.dll,245760,FA552B2D,1554
0,0,COM3D2x64_Data\Managed\UnityEngine.VR.dll,3072,A4582CD6,1554
0,0,COM3D2x64_Data\Managed\UnityScript.Lang.dll,13824,0DA8F681,1554
0,0,COM3D2x64_Data\Managed\Win32.dll,13312,7781C2A2,1554
0,0,COM3D2x64_Data\Managed\zxing.unity.dll,430592,9FD1F198,1554
0,0,COM3D2x64_Data\Mono\etc\mono\1.0\DefaultWsdlHelpGenerator.aspx,58196,10E814BF,1554
0,0,COM3D2x64_Data\Mono\etc\mono\1.0\machine.config,17258,EDE1AC59,1554
0,0,COM3D2x64_Data\Mono\etc\mono\2.0\Browsers\Compat.browser,1605,2E178A0B,1554
0,0,COM3D2x64_Data\Mono\etc\mono\2.0\DefaultWsdlHelpGenerator.aspx,60453,F3869A34,1554
0,0,COM3D2x64_Data\Mono\etc\mono\2.0\machine.config,27625,73C91C24,1554
0,0,COM3D2x64_Data\Mono\etc\mono\2.0\settings.map,2618,A1A3C29F,1554
0,0,COM3D2x64_Data\Mono\etc\mono\2.0\web.config,11686,534A9960,1554
0,0,COM3D2x64_Data\Mono\etc\mono\mconfig\config.xml,25817,80B2033A,1554
0,0,COM3D2x64_Data\Mono\etc\mono\browscap.ini,311984,CE6C0AB3,1554
0,0,COM3D2x64_Data\Mono\etc\mono\config,1691,A635914A,1554
0,0,COM3D2x64_Data\Mono\mono.dll,2618816,0BEA8C0F,1554
0,0,COM3D2x64_Data\Mono\MonoPosixHelper.dll,113664,9B5E1E4D,1554
0,0,COM3D2x64_Data\Plugins\assimp.dll,4388864,7C910D84,1554
0,0,COM3D2x64_Data\Plugins\Audio360.dll,1499136,2D77400A,1554
0,0,COM3D2x64_Data\Plugins\AVProVideo.dll,891392,A3612D4B,1554
0,0,COM3D2x64_Data\Plugins\clothpp.dll,112128,7C3264A4,1554
0,0,COM3D2x64_Data\Plugins\cm3d2.dll,2082304,3263084E,1554
0,0,COM3D2x64_Data\Plugins\device_hook.dll,738816,F61E7CED,1554
0,0,COM3D2x64_Data\Plugins\FbxExporterCore.dll,12491776,CBAA51C1,1554
0,0,COM3D2x64_Data\Plugins\FoveClient.dll,1849384,58C8B4F6,1554
0,0,COM3D2x64_Data\Plugins\LeapC.dll,2516992,FBDD3767,1554
0,0,COM3D2x64_Data\Plugins\openvr_api.dll,318272,44432E0F,1554
0,0,COM3D2x64_Data\Plugins\OVRGamepad.dll,12800,2C526135,1554
0,0,COM3D2x64_Data\Plugins\OVRLipSync.dll,2512296,391C1F4C,1554
0,0,COM3D2x64_Data\Plugins\OVRPlugin.dll,1898408,5DD05B6C,1554
0,0,COM3D2x64_Data\Plugins\Win32-WebView.dll,504832,382AEE66,1554
0,0,COM3D2x64_Data\Resources\unity default resources,752360,71DB1AEA,1554
0,0,COM3D2x64_Data\Resources\unity_builtin_extra,284012,91145F7F,1554
0,0,COM3D2x64_Data\app.info,27,F9A266E7,1554
0,0,COM3D2x64_Data\globalgamemanagers,4507012,57D12471,1554
0,0,COM3D2x64_Data\globalgamemanagers.assets,244324,A674AD2F,1554
0,0,COM3D2x64_Data\level0,325508,E1164CB1,1554
0,0,COM3D2x64_Data\level1,348652,5A226F3A,1554
0,0,COM3D2x64_Data\level2,343484,CE92F039,1554
0,0,COM3D2x64_Data\level3,1203580,6FB23549,1554
0,0,COM3D2x64_Data\level4,1212980,C2619136,1554
0,0,COM3D2x64_Data\level5,1301092,90612D8C,1554
0,0,COM3D2x64_Data\level6,327004,3DB9CFE7,1554
0,0,COM3D2x64_Data\level7,1057044,0817901E,1554
0,0,COM3D2x64_Data\level8,357876,BCED07F9,1554
0,0,COM3D2x64_Data\level9,417164,D925CB11,1554
0,0,COM3D2x64_Data\level10,352364,B2FBD37E,1554
0,0,COM3D2x64_Data\level11,326020,8ED23431,1554
0,0,COM3D2x64_Data\level12,393468,F0478398,1554
0,0,COM3D2x64_Data\level13,329132,D9620788,1554
0,0,COM3D2x64_Data\level14,825644,2916C54B,1554
0,0,COM3D2x64_Data\level15,7476,13AADEF6,1554
0,0,COM3D2x64_Data\level16,327964,651E737B,1554
0,0,COM3D2x64_Data\level17,4664,1985F591,1554
0,0,COM3D2x64_Data\level18,344652,29A59EEC,1554
0,0,COM3D2x64_Data\level19,334348,93ABE40F,1554
0,0,COM3D2x64_Data\level20,955468,548BD4C5,1554
0,0,COM3D2x64_Data\level21,427172,E6E17CF5,1554
0,0,COM3D2x64_Data\level22,1085124,73F96300,1554
0,0,COM3D2x64_Data\level23,410652,0E499B6A,1554
0,0,COM3D2x64_Data\level24,680988,79C0CF14,1554
0,0,COM3D2x64_Data\level25,347988,0E8262FC,1554
0,0,COM3D2x64_Data\level26,2187804,BE418C57,1554
0,0,COM3D2x64_Data\level27,1115132,F447B32A,1554
0,0,COM3D2x64_Data\level28,347988,A17ACC3D,1554
0,0,COM3D2x64_Data\level29,1088436,949BAC44,1554
0,0,COM3D2x64_Data\level30,340612,8DFBB53C,1554
0,0,COM3D2x64_Data\level31,447724,0416A2E9,1554
0,0,COM3D2x64_Data\level32,27904,40DC0BE2,1554
0,0,COM3D2x64_Data\level32.resS,131232,851AC384,1554
0,0,COM3D2x64_Data\level33,51676,F9333C11,1554
0,0,COM3D2x64_Data\level34,56036,8DCFDDAE,1554
0,0,COM3D2x64_Data\level35,6832,6EFB95CA,1554
0,0,COM3D2x64_Data\level36,326412,D10C05AE,1554
0,0,COM3D2x64_Data\level37,1576436,39F76626,1554
0,0,COM3D2x64_Data\level38,1433068,CD4E1AA5,1554
0,0,COM3D2x64_Data\level39,1454668,91A683D4,1554
0,0,COM3D2x64_Data\level40,444068,5AE8CC8F,1554
0,0,COM3D2x64_Data\level41,395436,09DC5C71,1554
0,0,COM3D2x64_Data\level42,426596,97101169,1554
0,0,COM3D2x64_Data\level43,1349900,4A47EC80,1554
0,0,COM3D2x64_Data\level44,1414372,E7384A4B,1554
0,0,COM3D2x64_Data\level45,1539780,CD4395E4,1554
0,0,COM3D2x64_Data\level46,414036,0497FC5E,1554
0,0,COM3D2x64_Data\level47,381132,DFFC20FE,1554
0,0,COM3D2x64_Data\level48,439500,0A4D9233,1554
0,0,COM3D2x64_Data\level49,396724,0E623A39,1554
0,0,COM3D2x64_Data\level50,1374820,60AA7099,1554
0,0,COM3D2x64_Data\level51,381284,B994C212,1554
0,0,COM3D2x64_Data\level52,659484,AC05F5C7,1554
0,0,COM3D2x64_Data\level53,537868,09064637,1554
0,0,COM3D2x64_Data\level54,349900,19A9A4D0,1554
0,0,COM3D2x64_Data\level55,1276780,0A9E53C3,1554
0,0,COM3D2x64_Data\level56,1027388,3D01D74C,1554
0,0,COM3D2x64_Data\level57,1034676,867ED022,1554
0,0,COM3D2x64_Data\level58,1276780,BE706186,1554
0,0,COM3D2x64_Data\level59,1157372,4F7371D8,1554
0,0,COM3D2x64_Data\level60,945940,4BABA38C,1554
0,0,COM3D2x64_Data\level61,1232348,1D140F71,1554
0,0,COM3D2x64_Data\level62,1333348,186F6E03,1554
0,0,COM3D2x64_Data\level63,681380,4A9A8BF5,1554
0,0,COM3D2x64_Data\level64,918172,C3C95F42,1554
0,0,COM3D2x64_Data\level65,401340,F7A5C38E,1554
0,0,COM3D2x64_Data\level66,397708,9CAE5D99,1554
0,0,COM3D2x64_Data\level67,441420,95005F38,1554
0,0,COM3D2x64_Data\level68,463548,815F921D,1554
0,0,COM3D2x64_Data\level69,391948,066C5E4A,1554
0,0,COM3D2x64_Data\level70,451908,9371214D,1554
0,0,COM3D2x64_Data\level71,1040348,820DEB82,1554
0,0,COM3D2x64_Data\level72,964748,30D3831D,1554
0,0,COM3D2x64_Data\level73,444628,03DC0CB3,1554
0,0,COM3D2x64_Data\level74,466772,9E9633AB,1554
0,0,COM3D2x64_Data\level75,457356,DEA50BE0,1554
0,0,COM3D2x64_Data\level76,1044756,FBA79DFC,1554
0,0,COM3D2x64_Data\level77,1005028,9265D500,1554
0,0,COM3D2x64_Data\level78,450404,98A5127A,1554
0,0,COM3D2x64_Data\level79,434924,A27F7ECF,1554
0,0,COM3D2x64_Data\level80,416596,2C74AB0F,1554
0,0,COM3D2x64_Data\level81,359636,C5FEDC24,1554
0,0,COM3D2x64_Data\level82,1384148,9D675829,1554
0,0,COM3D2x64_Data\level83,1324900,4B903DD7,1554
0,0,COM3D2x64_Data\level84,503420,00AD3CEF,1554
0,0,COM3D2x64_Data\level85,405524,3A323256,1554
0,0,COM3D2x64_Data\level86,1252916,8C502938,1554
0,0,COM3D2x64_Data\level87,970748,8561EF8D,1554
0,0,COM3D2x64_Data\level88,1429220,03D9BF71,1554
0,0,COM3D2x64_Data\level89,1370372,3E611D73,1554
0,0,COM3D2x64_Data\level90,1576444,7BD229D3,1554
0,0,COM3D2x64_Data\level91,1539788,7DC7EC34,1554
0,0,COM3D2x64_Data\level92,1371524,0A687211,1554
0,0,COM3D2x64_Data\level93,1337468,903384CB,1554
0,0,COM3D2x64_Data\level94,426476,852A7047,1554
0,0,COM3D2x64_Data\level95,406908,0FDC51EF,1554
0,0,COM3D2x64_Data\level96,1050628,8A4A4888,1554
0,0,COM3D2x64_Data\level97,851916,9E294A81,1554
0,0,COM3D2x64_Data\level98,958684,F23A2059,1554
0,0,COM3D2x64_Data\level99,852876,B9F8DD4F,1554
0,0,COM3D2x64_Data\level100,1030260,115687BB,1554
0,0,COM3D2x64_Data\level101,1693604,BD68B117,1554
0,0,COM3D2x64_Data\level102,1644676,C389AD39,1554
0,0,COM3D2x64_Data\level103,1113452,E50A110D,1554
0,0,COM3D2x64_Data\level104,1057124,2A0678B1,1554
0,0,COM3D2x64_Data\level105,1512580,FBFA5108,1554
0,0,COM3D2x64_Data\level106,1611508,B61B2FDF,1554
0,0,COM3D2x64_Data\level107,1055020,5D2FFCCF,1554
0,0,COM3D2x64_Data\level108,970564,4E663270,1554
0,0,COM3D2x64_Data\level109,1679516,CB2BB236,1554
0,0,COM3D2x64_Data\level110,1576324,E63693A6,1554
0,0,COM3D2x64_Data\level111,468060,298528CF,1554
0,0,COM3D2x64_Data\level112,487836,4898841F,1554
0,0,COM3D2x64_Data\level113,576324,03763E4D,1554
0,0,COM3D2x64_Data\level114,535876,AE01A71F,1554
0,0,COM3D2x64_Data\level114.resS,131232,9337BCA3,1554
0,0,COM3D2x64_Data\level115,463116,D2C7DD1E,1554
0,0,COM3D2x64_Data\level116,562332,19C87AC6,1554
0,0,COM3D2x64_Data\level117,486436,2E5EE5AC,1554
0,0,COM3D2x64_Data\level118,1399892,ECAAF356,1554
0,0,COM3D2x64_Data\level119,1476740,7524BE9D,1554
0,0,COM3D2x64_Data\level120,1304892,953F70A1,1554
0,0,COM3D2x64_Data\level121,1135908,66FB9F91,1554
0,0,COM3D2x64_Data\level122,1223348,B5B45B92,1554
0,0,COM3D2x64_Data\level123,1414676,4300ED12,1554
0,0,COM3D2x64_Data\level124,1320404,B726B37C,1554
0,0,COM3D2x64_Data\level125,939596,B9825E8E,1554
0,0,COM3D2x64_Data\level126,557284,614EBC6C,1554
0,0,COM3D2x64_Data\resources.assets,436061320,CDB46DA6,1554
0,0,COM3D2x64_Data\resources.assets.resS,1798263012,41A7D264,1554
0,0,COM3D2x64_Data\resources.resource,727392,54F90BDA,1554
0,0,COM3D2x64_Data\sharedassets0.assets,115226516,3E087C52,1554
0,0,COM3D2x64_Data\sharedassets0.assets.resS,28071636,A1AB9432,1554
0,0,COM3D2x64_Data\sharedassets1.assets,6256,F499C2CF,1554
0,0,COM3D2x64_Data\sharedassets2.assets,6292,58EA0EAB,1554
0,0,COM3D2x64_Data\sharedassets3.assets,7972,F49309F2,1554
0,0,COM3D2x64_Data\sharedassets4.assets,12904,F297ABB6,1554
0,0,COM3D2x64_Data\sharedassets5.assets,7156,8FC0B830,1554
0,0,COM3D2x64_Data\sharedassets6.assets,6136,12565B7E,1554
0,0,COM3D2x64_Data\sharedassets7.assets,6976,C69D8880,1554
0,0,COM3D2x64_Data\sharedassets8.assets,6136,55FC7A4E,1554
0,0,COM3D2x64_Data\sharedassets9.assets,7096,8BC49E27,1554
0,0,COM3D2x64_Data\sharedassets10.assets,6112,40AD44AD,1554
0,0,COM3D2x64_Data\sharedassets11.assets,6088,1FEDDA8F,1554
0,0,COM3D2x64_Data\sharedassets12.assets,6328,49ECD468,1554
0,0,COM3D2x64_Data\sharedassets13.assets,6232,8A4863E2,1554
0,0,COM3D2x64_Data\sharedassets14.assets,6688,BCBF9917,1554
0,0,COM3D2x64_Data\sharedassets15.assets,4564,8E7FA57B,1554
0,0,COM3D2x64_Data\sharedassets16.assets,6148,62396F2D,1554
0,0,COM3D2x64_Data\sharedassets17.assets,4132,32C1E6C6,1554
0,0,COM3D2x64_Data\sharedassets18.assets,6868,BE4DD9C0,1554
0,0,COM3D2x64_Data\sharedassets19.assets,6232,F286F242,1554
0,0,COM3D2x64_Data\sharedassets20.assets,12580,F85635CB,1554
0,0,COM3D2x64_Data\sharedassets21.assets,6292,0991B531,1554
0,0,COM3D2x64_Data\sharedassets22.assets,12676,4DAF4D88,1554
0,0,COM3D2x64_Data\sharedassets23.assets,6316,F7EA9A7D,1554
0,0,COM3D2x64_Data\sharedassets24.assets,6376,4D8EA965,1554
0,0,COM3D2x64_Data\sharedassets25.assets,6184,AA61E6D6,1554
0,0,COM3D2x64_Data\sharedassets26.assets,7096,3901AC8B,1554
0,0,COM3D2x64_Data\sharedassets27.assets,12652,987E176A,1554
0,0,COM3D2x64_Data\sharedassets28.assets,6184,6807981B,1554
0,0,COM3D2x64_Data\sharedassets29.assets,12652,987E176A,1554
0,0,COM3D2x64_Data\sharedassets30.assets,6112,122C4104,1554
0,0,COM3D2x64_Data\sharedassets31.assets,18126856,9F207A23,1554
0,0,COM3D2x64_Data\sharedassets32.assets,12328,06CA1EDF,1554
0,0,COM3D2x64_Data\sharedassets33.assets,4420,A777D646,1554
0,0,COM3D2x64_Data\sharedassets34.assets,4324,B3977454,1554
0,0,COM3D2x64_Data\sharedassets35.assets,4264,85D272AC,1554
0,0,COM3D2x64_Data\sharedassets36.assets,6124,185F39C5,1554
0,0,COM3D2x64_Data\sharedassets37.assets,12580,5FEAF27B,1554
0,0,COM3D2x64_Data\sharedassets38.assets,12580,C4E18959,1554
0,0,COM3D2x64_Data\sharedassets39.assets,12580,81E76257,1554
0,0,COM3D2x64_Data\sharedassets40.assets,7228,265594C8,1554
0,0,COM3D2x64_Data\sharedassets41.assets,6976,20C07D83,1554
0,0,COM3D2x64_Data\sharedassets42.assets,7252,2017834B,1554
0,0,COM3D2x64_Data\sharedassets43.assets,9340,F9E19386,1554
0,0,COM3D2x64_Data\sharedassets44.assets,9448,5361687D,1554
0,0,COM3D2x64_Data\sharedassets45.assets,9436,B7C7F4AF,1554
0,0,COM3D2x64_Data\sharedassets46.assets,8524,CD853518,1554
0,0,COM3D2x64_Data\sharedassets47.assets,6592,925569EA,1554
0,0,COM3D2x64_Data\sharedassets48.assets,8332,799CDC1F,1554
0,0,COM3D2x64_Data\sharedassets49.assets,792692,BA80F9F6,1554
0,0,COM3D2x64_Data\sharedassets49.assets.resS,6506584,427886ED,1554
0,0,COM3D2x64_Data\sharedassets50.assets,12580,BD28E68B,1554
0,0,COM3D2x64_Data\sharedassets51.assets,6580,753144C8,1554
0,0,COM3D2x64_Data\sharedassets52.assets,6748,4D189FA6,1554
0,0,COM3D2x64_Data\sharedassets53.assets,6520,AD839F19,1554
0,0,COM3D2x64_Data\sharedassets54.assets,6124,60290E77,1554
0,0,COM3D2x64_Data\sharedassets55.assets,12664,89AC243E,1554
0,0,COM3D2x64_Data\sharedassets56.assets,9232,A6BB4C09,1554
0,0,COM3D2x64_Data\sharedassets57.assets,9268,F7F65006,1554
0,0,COM3D2x64_Data\sharedassets58.assets,12664,89AC243E,1554
0,0,COM3D2x64_Data\sharedassets59.assets,9472,DC142ABE,1554
0,0,COM3D2x64_Data\sharedassets60.assets,9268,F7F65006,1554
0,0,COM3D2x64_Data\sharedassets61.assets,9412,8E0F301D,1554
0,0,COM3D2x64_Data\sharedassets62.assets,9448,5361687D,1554
0,0,COM3D2x64_Data\sharedassets63.assets,6652,379F8828,1554
0,0,COM3D2x64_Data\sharedassets64.assets,9436,B7C7F4AF,1554
0,0,COM3D2x64_Data\sharedassets65.assets,42236540,7A2B1D52,1554
0,0,COM3D2x64_Data\sharedassets65.assets.resS,87400,8BA6C322,1554
0,0,COM3D2x64_Data\sharedassets66.assets,38246508,6A476421,1554
0,0,COM3D2x64_Data\sharedassets67.assets,32874604,AA708045,1554
0,0,COM3D2x64_Data\sharedassets68.assets,36735684,EA36155E,1554
0,0,COM3D2x64_Data\sharedassets68.assets.resS,174776,5B619AF1,1554
0,0,COM3D2x64_Data\sharedassets69.assets,41277360,3DDB6C47,1554
0,0,COM3D2x64_Data\sharedassets70.assets,39399112,F7087D92,1554
0,0,COM3D2x64_Data\sharedassets71.assets,3017132,17EA6729,1554
0,0,COM3D2x64_Data\sharedassets71.assets.resS,611728,7BFBEAAE,1554
0,0,COM3D2x64_Data\sharedassets72.assets,9496,00D7E7E0,1554
0,0,COM3D2x64_Data\sharedassets73.assets,6508,9CD88ECF,1554
0,0,COM3D2x64_Data\sharedassets74.assets,6508,9CD88ECF,1554
0,0,COM3D2x64_Data\sharedassets75.assets,6508,9CD88ECF,1554
0,0,COM3D2x64_Data\sharedassets76.assets,12592,4375B91B,1554
0,0,COM3D2x64_Data\sharedassets77.assets,9448,9B835296,1554
0,0,COM3D2x64_Data\sharedassets78.assets,6472,0AB66A81,1554
0,0,COM3D2x64_Data\sharedassets79.assets,59364,2913E632,1554
0,0,COM3D2x64_Data\sharedassets79.assets.resS,174776,B51EE5DC,1554
0,0,COM3D2x64_Data\sharedassets80.assets,6484,FFBA90C1,1554
0,0,COM3D2x64_Data\sharedassets81.assets,6736,7E9BA230,1554
0,0,COM3D2x64_Data\sharedassets82.assets,759648,6A7B115D,1554
0,0,COM3D2x64_Data\sharedassets82.assets.resS,1310880,58801C35,1554
0,0,COM3D2x64_Data\sharedassets82.resource,1178176,90268BF4,1554
0,0,COM3D2x64_Data\sharedassets83.assets,9316,90CB094C,1554
0,0,COM3D2x64_Data\sharedassets84.assets,3412512,5921516D,1554
0,0,COM3D2x64_Data\sharedassets84.assets.resS,6226112,B3E98769,1554
0,0,COM3D2x64_Data\sharedassets85.assets,6580,CF6A4D00,1554
0,0,COM3D2x64_Data\sharedassets86.assets,13840,BD97BFDC,1554
0,0,COM3D2x64_Data\sharedassets87.assets,9436,B7C7F4AF,1554
0,0,COM3D2x64_Data\sharedassets88.assets,12604,996CB5E3,1554
0,0,COM3D2x64_Data\sharedassets89.assets,9424,0D6BE401,1554
0,0,COM3D2x64_Data\sharedassets90.assets,12580,5FEAF27B,1554
0,0,COM3D2x64_Data\sharedassets91.assets,9436,B7C7F4AF,1554
0,0,COM3D2x64_Data\sharedassets92.assets,12604,996CB5E3,1554
0,0,COM3D2x64_Data\sharedassets93.assets,10372,C127664B,1554
0,0,COM3D2x64_Data\sharedassets94.assets,6928,2B2C523C,1554
0,0,COM3D2x64_Data\sharedassets95.assets,6436,C933E8A6,1554
0,0,COM3D2x64_Data\sharedassets96.assets,11692,44210F67,1554
0,0,COM3D2x64_Data\sharedassets96.resource,2729184,2D4064D6,1554
0,0,COM3D2x64_Data\sharedassets97.assets,11560,C00F78D7,1554
0,0,COM3D2x64_Data\sharedassets98.assets,8296,B9FFC344,1554
0,0,COM3D2x64_Data\sharedassets99.assets,7612,04FB14C8,1554
0,0,COM3D2x64_Data\sharedassets100.assets,353884,E070D4B2,1554
0,0,COM3D2x64_Data\sharedassets100.assets.resS,2272048,E50143CB,1554
0,0,COM3D2x64_Data\sharedassets100.resource,6236800,C7E9CFDE,1554
0,0,COM3D2x64_Data\sharedassets101.assets,6568288,CBF4768E,1554
0,0,COM3D2x64_Data\sharedassets101.assets.resS,10936,3B0D7ADF,1554
0,0,COM3D2x64_Data\sharedassets101.resource,1136352,956B5452,1554
0,0,COM3D2x64_Data\sharedassets102.assets,10240,F34E4F00,1554
0,0,COM3D2x64_Data\sharedassets103.assets,12784,ED4CFF5A,1554
0,0,COM3D2x64_Data\sharedassets104.assets,9580,1BB89B07,1554
0,0,COM3D2x64_Data\sharedassets105.assets,9700,24377BCF,1554
0,0,COM3D2x64_Data\sharedassets105.resource,1003968,52A085C2,1554
0,0,COM3D2x64_Data\sharedassets106.assets,12904,EF8FAD93,1554
0,0,COM3D2x64_Data\sharedassets107.assets,12844,D47B2B6D,1554
0,0,COM3D2x64_Data\sharedassets108.assets,9520,4E35682B,1554
0,0,COM3D2x64_Data\sharedassets109.assets,13292,3139F7E0,1554
0,0,COM3D2x64_Data\sharedassets109.resource,1166848,2709F6C2,1554
0,0,COM3D2x64_Data\sharedassets110.assets,9832,1B6A75F4,1554
0,0,COM3D2x64_Data\sharedassets111.assets,6652,42960048,1554
0,0,COM3D2x64_Data\sharedassets112.assets,6652,42960048,1554
0,0,COM3D2x64_Data\sharedassets113.assets,6616,BD3ED867,1554
0,0,COM3D2x64_Data\sharedassets114.assets,6340,FBD5DC05,1554
0,0,COM3D2x64_Data\sharedassets115.assets,6616,BD3ED867,1554
0,0,COM3D2x64_Data\sharedassets116.assets,6712,98BA689F,1554
0,0,COM3D2x64_Data\sharedassets117.assets,6616,BD3ED867,1554
0,0,COM3D2x64_Data\sharedassets118.assets,11464,3A2D43EA,1554
0,0,COM3D2x64_Data\sharedassets119.assets,9484,7CC4E3FB,1554
0,0,COM3D2x64_Data\sharedassets120.assets,394864,C9180DDD,1554
0,0,COM3D2x64_Data\sharedassets120.assets.resS,2184640,DF887086,1554
0,0,COM3D2x64_Data\sharedassets121.assets,9684,E010CA6F,1554
0,0,COM3D2x64_Data\sharedassets121.resource,2751968,AE761A89,1554
0,0,COM3D2x64_Data\sharedassets122.assets,12832,7759A557,1554
0,0,COM3D2x64_Data\sharedassets123.assets,12904,7AA8B94C,1554
0,0,COM3D2x64_Data\sharedassets124.assets,9580,801F74E4,1554
0,0,COM3D2x64_Data\sharedassets125.assets,7060,71B0BB1D,1554
0,0,COM3D2x64_Data\sharedassets125.resource,6331552,B816A215,1630
0,0,COM3D2x64_Data\sharedassets126.assets,7036,A8BC1ACA,1554
0,0,GameData\motion_3d21reserve_2.arc,153931,C630D84E,1100
0,0,GameData\motion_charaevent001_2.arc,1620106,06D07D92,1250
0,0,GameData\motion_charaevent002_2.arc,529007,1EE16A3C,1310
0,0,GameData\motion_charaevent004_2.arc,1931901,7BD7A6FB,1480
0,0,GameData\motion_charaevent005_2.arc,677366,64D8BC97,1310
0,0,GameData\motion_charaevent007_2.arc,1419293,1825E020,1280
0,0,GameData\motion_cos021_2.arc,323647,5697AC81,1061
0,0,GameData\motion_denkigai2017w_2.arc,1466874,DEACF6A8,1070
0,0,GameData\motion_dlc305_2.arc,25222244,4CA16527,1550
0,0,GameData\motion_gp001_2.arc,44501550,AA93BEF1,1312
0,0,GameData\motion_gp002_2.arc,112574503,FC80466D,1590
0,0,GameData\motion_gp002p1_2.arc,45329079,CE174AA1,1620
0,0,GameData\motion_gp002p2_2.arc,188952,22E9C5B5,1550
0,0,GameData\motion_karaoke002_2.arc,28789453,C9190C57,1550
0,0,GameData\motion_karaoke003_2.arc,79208956,7035A61A,1630
0,0,GameData\motion_karaoke004_2.arc,35778249,EFF08A08,1550
0,0,GameData\motion_karaoke005_2.arc,33941499,FF27ABBD,1630
0,0,GameData\motion_kissnohi001_2.arc,158459,BD4D598E,1200
0,0,GameData\motion_omytgc002_2.arc,2611175,C672249A,1310
0,0,GameData\motion_omytgc013_2.arc,157707,6F04671D,1480
0,0,GameData\motion_personal_om005_2.arc,16232604,DF69DE56,1301
0,0,GameData\motion2.arc,185123082,9438C347,1600
0,0,GameData\script.arc,14338895,EE055D19,1630
0,0,GameData\script_acosh002_2.arc,27346,018AB628,1550
0,0,GameData\script_acosh003_2.arc,11810,9D9C96BE,1560
0,0,GameData\script_av001_2.arc,5986,797305BD,1620
0,0,GameData\script_charaevent001_2.arc,67083,767837F0,1560
0,0,GameData\script_charaevent002_2.arc,10802,D6A8F525,1560
0,0,GameData\script_charaevent002ntr_2.arc,30530,5662AC19,1560
0,0,GameData\script_charaevent003_2.arc,13282,0ED4D03D,1560
0,0,GameData\script_charaevent003ntr_2.arc,48882,9738FE00,1560
0,0,GameData\script_charaevent004ntr_2.arc,48482,89D39803,1560
0,0,GameData\script_charaevent005ntr_2.arc,49234,5BB65AE6,1560
0,0,GameData\script_charaevent006_2.arc,6850,ABCBCA52,1432
0,0,GameData\script_charaevent006ntr_2.arc,34914,25BAC93A,1560
0,0,GameData\script_charaevent007ntr_2.arc,40866,D96F4830,1560
0,0,GameData\script_charaevent008ntr_2.arc,17218,7466AA81,1560
0,0,GameData\script_charaevent009ntr_2.arc,36066,FB256FAD,1560
0,0,GameData\script_charaevent010_2.arc,72285,22942850,1560
0,0,GameData\script_charaevent011_2.arc,53778,9758B5C0,1560
0,0,GameData\script_charaevent012_2.arc,32338,B535AE55,1560
0,0,GameData\script_charaevent012add_2.arc,32306,5B23E078,1560
0,0,GameData\script_charaevent014_2.arc,40162,CFCA3A9C,1560
0,0,GameData\script_charaevent014add_2.arc,39634,22C865A2,1560
0,0,GameData\script_charaevent015_2.arc,6722,14739805,1560
0,0,GameData\script_cos021_2.arc,109385,684D92BB,1140
0,0,GameData\script_crshop002_2.arc,4914,0BF80AC7,1560
0,0,GameData\script_crshop004_2.arc,9042,1A7953C6,1560
0,0,GameData\script_cw005_2.arc,6594,396171A3,1620
0,0,GameData\script_denkigai2017w_2.arc,430750,44E8DF34,1140
0,0,GameData\script_denkigai2018s_2.arc,10274,96AE23D5,1191
0,0,GameData\script_dlc247_2.arc,26514,BF160EF4,1310
0,0,GameData\script_dlc251_2.arc,22658,0C0DAA32,1310
0,0,GameData\script_dlc255_2.arc,5922,D1AE825D,1310
0,0,GameData\script_dlc272_2.arc,8866,229A3C4C,1310
0,0,GameData\script_dlc280_2.arc,3506,0B54F783,1320
0,0,GameData\script_dlc306_2.arc,11714,3E5A71F5,1620
0,0,GameData\script_exm001_2.arc,2738,7DFDDDE5,1070
0,0,GameData\script_gp001_2.arc,2542096,B0A3B7CE,1550
0,0,GameData\script_gp001fb_2.arc,27234,BDA86D77,1560
0,0,GameData\script_gp002_2.arc,1397587,0253C423,1570
0,0,GameData\script_gp002p1_2.arc,6946,178DFCC4,1620
0,0,GameData\script_gp002p2_2.arc,2484360,F920E0B6,1431
0,0,GameData\script_gp002p5_2.arc,89365,D7B20B16,1560
0,0,GameData\script_magazine003_2.arc,14066,2D7ED3EB,1600
0,0,GameData\script_old_2.arc,643465,D5881FA0,1620
0,0,GameData\script_oldplus001_2.arc,86618,867CC37B,1560
0,0,GameData\script_oldplus002_2.arc,36802,DC82EEF5,1560
0,0,GameData\script_oldplus003_2.arc,66990,DAAE747F,1560
0,0,GameData\script_oldplus004_2.arc,24434,32D99E0A,1560
0,0,GameData\script_oldplus005_2.arc,37970,5BC053B4,1560
0,0,GameData\script_omytgc001_2.arc,54354,4F59E426,1380
0,0,GameData\script_omytgc003_2.arc,4402,0FF93434,1250
0,0,GameData\script_omytgc003plus_2.arc,6690,A20613ED,1560
0,0,GameData\script_omytgc004_2.arc,60050,8AA7649B,1560
0,0,GameData\script_omytgc005_2.arc,24770,1A258D0F,1630
0,0,GameData\script_omytgc006_2.arc,11330,9CDE204D,1630
0,0,GameData\script_omytgc011_2.arc,40434,58D82FBA,1460
0,0,GameData\script_omytgc017_2.arc,4882,9CCCB2AD,1550
0,0,GameData\script_omytgc018_2.arc,43650,6F887725,1530
0,0,GameData\script_omytgc019_2.arc,60290,7839DECC,1550
0,0,GameData\script_ordermade001_2.arc,161497,C6257D2E,1620
0,0,GameData\script_ordermade002_2.arc,93963,EFBB7525,1560
0,0,GameData\script_ordermade003_2.arc,70176,F9708474,1570
0,0,GameData\script_ordermade004_2.arc,62370,AAA557D7,1560
0,0,GameData\script_personal_om001_2.arc,61170,7A9F2B17,1560
0,0,GameData\script_personal_om001plus_2.arc,64498,ED8B6BCD,1560
0,0,GameData\script_personal_om002_2.arc,66786,AF2C6E93,1560
0,0,GameData\script_personal_om002plus_2.arc,100186,EA96B97F,1560
0,0,GameData\script_personal_om003_2.arc,62210,9584A491,1560
0,0,GameData\script_personal_om003plus_2.arc,28290,7709EFBB,1560
0,0,GameData\script_personal_om004_2.arc,115339,7C0E66A5,1620
0,0,GameData\script_personal_om004plus_2.arc,44146,6226012D,1560
0,0,GameData\script_personal_om005_2.arc,96327,7DABD7A9,1620
0,0,GameData\script_personal_om005plus_2.arc,57330,2588AFA5,1560
0,0,GameData\script_personal_om006_2.arc,71527,AEAFD59A,1620
0,0,GameData\script_personal_om007_2.arc,56690,B32667B5,1560
0,0,GameData\script_personal_om007plus_2.arc,15186,EBBC7D70,1560
0,0,GameData\script_personal_om008_2.arc,76768,835310CA,1630
0,0,GameData\script_personal_om008plus_2.arc,27378,AA63271E,1560
0,0,GameData\script_personal_om009_2.arc,76384,7388402F,1560
0,0,GameData\script_personal_om010_2.arc,4530,F9D86B7E,1540
0,0,GameData\script_sp001_2.arc,2562,F985BE42,1480
0,0,GameData\script_sp006_2.arc,27250,1E97D6FD,1560
0,0,GameData\script_sp007_2.arc,53362,5A413681,1630
0,0,GameData\script_valentine2021_2.arc,22930,0C65A77A,1590
0,0,GameData\voice2.arc,563277413,3D54665A,1630
0,0,manual\css\close.png,1250,304A1D8C,1050
0,0,manual\css\common.css,3409,BA5B06EB,1050
0,0,manual\css\index.css,6614,38725E3B,1050
0,0,manual\css\lightbox.css,3674,9235D408,1050
0,0,manual\css\loading.gif,1279,72456323,1050
0,0,manual\css\next.png,1682,E0895D01,1050
0,0,manual\css\prev.png,1666,12F2027E,1050
0,0,manual\img\casino01.jpg,272694,C6FE6781,1050
0,0,manual\img\clubstatus.jpg,36546,DAA11F1D,1050
0,0,manual\img\com3d2_logo.png,100187,28605834,1050
0,0,manual\img\comp01.jpg,54909,F2AE5CE1,1050
0,0,manual\img\comp02.jpg,87599,493340A0,1050
0,0,manual\img\config.jpg,156802,1871EF55,1050
0,0,manual\img\dance01.jpg,305648,B87D0340,1050
0,0,manual\img\dance02.jpg,345535,27BEFAE3,1050
0,0,manual\img\edit01.jpg,312602,CB3E64D0,1050
0,0,manual\img\edit02.jpg,278318,878B2857,1050
0,0,manual\img\event01.jpg,194983,E4E03D42,1050
0,0,manual\img\facilitysetting01.jpg,338947,40D2A7D3,1050
0,0,manual\img\facilitysetting02.jpg,185709,12E0C653,1050
0,0,manual\img\facilitysetting03.jpg,267150,D08D54B7,1050
0,0,manual\img\kashizuki01.jpg,210954,8E6084EA,1050
0,0,manual\img\kashizuki02.jpg,209895,BD363567,1050
0,0,manual\img\kashizuki03.jpg,215560,D28EDBD6,1050
0,0,manual\img\kiss_logo.png,6459,7966A6E9,1050
0,0,manual\img\maidmanagement01.jpg,242517,21B3E491,1050
0,0,manual\img\maidmanagement02.jpg,140237,945D483D,1050
0,0,manual\img\maidmanagement03.jpg,208300,B7C8F3CD,1050
0,0,manual\img\mainmenu01.jpg,208641,7218A847,1060
0,0,manual\img\mainmenu02.jpg,193956,4C7EF1A8,1050
0,0,manual\img\myroom.jpg,225108,398BA2D8,1050
0,0,manual\img\myroom.psd,1301284,E3472053,1050
0,0,manual\img\reminiscence01.jpg,236014,B0302E74,1050
0,0,manual\img\schedule01.jpg,198475,6AD2FF8C,1050
0,0,manual\img\schedule02.jpg,240595,AE23B15D,1050
0,0,manual\img\shitsu_mode.jpg,166109,966737E0,1050
0,0,manual\img\shop.jpg,216722,67700EE6,1050
0,0,manual\img\studio.jpg,328576,FC7FDE83,1050
0,0,manual\img\system01.jpg,67204,A61273B1,1050
0,0,manual\img\yotogi01.jpg,283179,93847FCE,1050
0,0,manual\img\yotogi02.jpg,278963,0959D75C,1050
0,0,manual\img\yotogi03.jpg,243961,20F88D92,1050
0,0,manual\sys\common.js,240,976D3DF4,1050
0,0,manual\sys\jquery.lazy.min.js,5022,FEEB9C66,1050
0,0,manual\sys\jquery-3.1.0.min.js,86351,AE6B746B,1050
0,0,manual\sys\lightbox.js,18410,F90AE353,1050
0,0,manual\favicon.ico,370070,687492C6,1050
0,0,manual\index.html,71545,035C59F0,1060
0,0,COM3D2.exe,8071680,EFE05F59,2020
0,0,COM3D2x64.exe,22841856,A9562BF9,1554
0,0,LICENSE,31205,24BAD003,1500
share,GameData\patch\bg_gp001_2.arc,GameData\bg_gp001_2.arc,4536165,D14D2721,1560
share,GameData\patch\bg_gp001fb_2.arc,GameData\bg_gp001fb_2.arc,74085,9CF8EBCF,1520
share,GameData\patch\bg_gp002p1_2.arc,GameData\bg_gp002p1_2.arc,4520463,D2A69A41,1560
share,GameData\patch\bg_kissevent2018_sp_card_2.arc,GameData\bg_kissevent2018_sp_card_2.arc,493322,140250D1,1100
share,GameData\patch\bg_sp001_2.arc,GameData\bg_sp001_2.arc,16204240,91030B15,1000
share,GameData\patch\bg_sp004_2.arc,GameData\bg_sp004_2.arc,36120782,D70323E9,1530
share,GameData\patch\csv.arc,GameData\csv.arc,9832593,5CB3916F,1630
share,GameData\patch\csv_3d21reserve2_2.arc,GameData\csv_3d21reserve2_2.arc,51058,6AD913F3,1380
share,GameData\patch\csv_denkigai2018wpcard_2.arc,GameData\csv_denkigai2018wpcard_2.arc,450,CD1D6826,1331
share,GameData\patch\csv_dlc305_2.arc,GameData\csv_dlc305_2.arc,67779,3D73BCB9,1380
share,GameData\patch\csv_gp001_2.arc,GameData\csv_gp001_2.arc,89204,9BB06354,1420
share,GameData\patch\csv_jp.arc,GameData\csv_jp.arc,14963,9C524993,1470
share,GameData\patch\csv_old_2.arc,GameData\csv_old_2.arc,1746,7AD2A97C,1150
share,GameData\patch\csv_ordermade001_2.arc,GameData\csv_ordermade001_2.arc,770,422A7575,1150
share,GameData\patch\csv_personal_om006_2.arc,GameData\csv_personal_om006_2.arc,1426,AB118368,1350
share,GameData\patch\csv_personal_om010_2.arc,GameData\csv_personal_om010_2.arc,1490,AA0632D5,1540
share,GameData\patch\parts_cas013_2.arc,GameData\parts_cas013_2.arc,1554,314DD9D9,1480
share,GameData\patch\parts_cas014_2.arc,GameData\parts_cas014_2.arc,1538,A0E9107C,1550
share,GameData\patch\parts_cas031_2.arc,GameData\parts_cas031_2.arc,1263261,331A64CB,1550
share,GameData\patch\parts_cas044_2.arc,GameData\parts_cas044_2.arc,3586,F823AB8D,1570
share,GameData\patch\parts_cas056_2.arc,GameData\parts_cas056_2.arc,120767,28DC052C,1630
share,GameData\patch\parts_cas062_2.arc,GameData\parts_cas062_2.arc,3538,EDE27A94,1630
share,GameData\patch\parts_com3d2cbp_2.arc,GameData\parts_com3d2cbp_2.arc,197948,415AD83E,1460
share,GameData\patch\parts_cr002_2.arc,GameData\parts_cr002_2.arc,6818,315E67DC,1630
share,GameData\patch\parts_cw001cloth2_2.arc,GameData\parts_cw001cloth2_2.arc,196199,EAF4C9F1,1460
share,GameData\patch\parts_cw001cloth3_2.arc,GameData\parts_cw001cloth3_2.arc,4370,1F2FFFCD,1380
share,GameData\patch\parts_cw002cloth1_2.arc,GameData\parts_cw002cloth1_2.arc,4130,3F8513BA,1580
share,GameData\patch\parts_cw004cloth2_2.arc,GameData\parts_cw004cloth2_2.arc,320099,D4550380,1560
share,GameData\patch\parts_cw005cloth3_2.arc,GameData\parts_cw005cloth3_2.arc,1798437,07194B0C,1530
share,GameData\patch\parts_cw005cloth4_2.arc,GameData\parts_cw005cloth4_2.arc,93385493,76CDAC9F,1501
share,GameData\patch\parts_cw007cloth1_2.arc,GameData\parts_cw007cloth1_2.arc,719603,CD9097CC,1560
share,GameData\patch\parts_denkigai2017wTshirt_2.arc,GameData\parts_denkigai2017wTshirt_2.arc,297032,11CE6EF6,1620
share,GameData\patch\parts_denkigai2019s_2.arc,GameData\parts_denkigai2019s_2.arc,6781461,7B9C3BEC,1580
share,GameData\patch\parts_denkigai2020w_2.arc,GameData\parts_denkigai2020w_2.arc,3986,4F526500,1550
share,GameData\patch\parts_dlc068_2.arc,GameData\parts_dlc068_2.arc,2066,E2A47102,1540
share,GameData\patch\parts_dlc140_2.arc,GameData\parts_dlc140_2.arc,186952,20156B6E,1630
share,GameData\patch\parts_dlc141_2.arc,GameData\parts_dlc141_2.arc,1522,BC86E86A,1630
share,GameData\patch\parts_dlc209_2.arc,GameData\parts_dlc209_2.arc,1363413,BF1ABBC0,1171
share,GameData\patch\parts_dlc216_2.arc,GameData\parts_dlc216_2.arc,932171,E7454670,1200
share,GameData\patch\parts_dlc232_2.arc,GameData\parts_dlc232_2.arc,5522,E0A9E5A3,1630
share,GameData\patch\parts_dlc240_2.arc,GameData\parts_dlc240_2.arc,2306,890A5A33,1530
share,GameData\patch\parts_dlc241_2.arc,GameData\parts_dlc241_2.arc,1618,5C4797C1,1380
share,GameData\patch\parts_dlc256_2.arc,GameData\parts_dlc256_2.arc,459473,67DE15EB,1480
share,GameData\patch\parts_dlc256ns_2.arc,GameData\parts_dlc256ns_2.arc,464943,902A8184,1480
share,GameData\patch\parts_dlc267_2.arc,GameData\parts_dlc267_2.arc,2827817,95D40D44,1480
share,GameData\patch\parts_dlc267ns_2.arc,GameData\parts_dlc267ns_2.arc,2827831,320F93A5,1480
share,GameData\patch\parts_dlc268_2.arc,GameData\parts_dlc268_2.arc,465617,1FC74BD4,1320
share,GameData\patch\parts_dlc268ns_2.arc,GameData\parts_dlc268ns_2.arc,465634,269DB210,1320
share,GameData\patch\parts_dlc279_2.arc,GameData\parts_dlc279_2.arc,6171073,DF439D14,1331
share,GameData\patch\parts_dlc283_2.arc,GameData\parts_dlc283_2.arc,214283,48402BBC,1550
share,GameData\patch\parts_dlc286_2.arc,GameData\parts_dlc286_2.arc,76043,8B261DCE,1630
share,GameData\patch\parts_dlc301_2.arc,GameData\parts_dlc301_2.arc,2032332,7D478CC1,1510
share,GameData\patch\parts_dlc302_2.arc,GameData\parts_dlc302_2.arc,1988437,E207724F,1510
share,GameData\patch\parts_dlc303_2.arc,GameData\parts_dlc303_2.arc,2715150,2D1CFC1F,1510
share,GameData\patch\parts_dlc304_2.arc,GameData\parts_dlc304_2.arc,1704802,5CDB51EF,1510
share,GameData\patch\parts_dlc320_2.arc,GameData\parts_dlc320_2.arc,94639,DC5A14A4,1470
share,GameData\patch\parts_dlc330_2.arc,GameData\parts_dlc330_2.arc,1523559,F1AB2BB9,1570
share,GameData\patch\parts_dlc331_2.arc,GameData\parts_dlc331_2.arc,3970,B15D6CCC,1490
share,GameData\patch\parts_dlc340_2.arc,GameData\parts_dlc340_2.arc,10642,53349B16,1540
share,GameData\patch\parts_dlc353_2.arc,GameData\parts_dlc353_2.arc,967380,18CA7CF1,1540
share,GameData\patch\parts_dlc355_2.arc,GameData\parts_dlc355_2.arc,348168,5CF6F6A0,1540
share,GameData\patch\parts_dlc356_2.arc,GameData\parts_dlc356_2.arc,57433481,02936498,1540
share,GameData\patch\parts_dlc357_2.arc,GameData\parts_dlc357_2.arc,47375026,F7C5D388,1540
share,GameData\patch\parts_dlc358_2.arc,GameData\parts_dlc358_2.arc,39458721,5960F3DB,1550
share,GameData\patch\parts_dlc359_2.arc,GameData\parts_dlc359_2.arc,109291930,A2D75D7D,1540
share,GameData\patch\parts_dlc360_2.arc,GameData\parts_dlc360_2.arc,25794,0E5F85A5,1630
share,GameData\patch\parts_dlc362_2.arc,GameData\parts_dlc362_2.arc,628510,A1368035,1550
share,GameData\patch\parts_dlc363_2.arc,GameData\parts_dlc363_2.arc,1602,014DA2DF,1530
share,GameData\patch\parts_dlc367_2.arc,GameData\parts_dlc367_2.arc,61138,2D8C88EB,1550
share,GameData\patch\parts_dlc376_2.arc,GameData\parts_dlc376_2.arc,239783,34214152,1630
share,GameData\patch\parts_dlc377_2.arc,GameData\parts_dlc377_2.arc,1586,29B1B94A,1630
share,GameData\patch\parts_dlc386_2.arc,GameData\parts_dlc386_2.arc,1893976,AA05F835,1630
share,GameData\patch\parts_dlc387_2.arc,GameData\parts_dlc387_2.arc,3762,C2E05343,1630
share,GameData\patch\parts_dlc389_2.arc,GameData\parts_dlc389_2.arc,1843830,9980CBC1,1630
share,GameData\patch\parts_dlc394_2.arc,GameData\parts_dlc394_2.arc,2137908,F5FD4484,1630
share,GameData\patch\parts_dlc395_2.arc,GameData\parts_dlc395_2.arc,516949,B3180629,1630
share,GameData\patch\parts_dlc396_2.arc,GameData\parts_dlc396_2.arc,1619906,DCBE4436,1630
share,GameData\patch\parts_dlc397_2.arc,GameData\parts_dlc397_2.arc,3712250,6DAA79F0,1630
share,GameData\patch\parts_dlcdenkigai2019s_2.arc,GameData\parts_dlcdenkigai2019s_2.arc,214482,9FBF86BB,1580
share,GameData\patch\parts_dlcdenkigai2019w_2.arc,GameData\parts_dlcdenkigai2019w_2.arc,15362,070EFED5,1580
share,GameData\patch\parts_gp001_2.arc,GameData\parts_gp001_2.arc,62139719,F73DA4FA,1630
share,GameData\patch\parts_gp001fb_2.arc,GameData\parts_gp001fb_2.arc,1465604,E3980FBD,1580
share,GameData\patch\parts_gp003_2.arc,GameData\parts_gp003_2.arc,50627352,46CBDF2B,1590
share,GameData\patch\parts_karaoke001_2.arc,GameData\parts_karaoke001_2.arc,453245,11C970D3,1280
share,GameData\patch\parts_kissevent2018_2.arc,GameData\parts_kissevent2018_2.arc,195634,BA449716,1610
share,GameData\patch\parts_magazine003_2.arc,GameData\parts_magazine003_2.arc,201385,3A5B273D,1120
share,GameData\patch\parts_nijiyomec_2.arc,GameData\parts_nijiyomec_2.arc,18114,53C76F14,1560
share,GameData\patch\parts_oldplus002hair1_2.arc,GameData\parts_oldplus002hair1_2.arc,187027,D369C691,1530
share,GameData\patch\parts_oldplus005hair2_2.arc,GameData\parts_oldplus005hair2_2.arc,47826,3A8C3553,1550
share,GameData\patch\parts_oldplus006hair2_2.arc,GameData\parts_oldplus006hair2_2.arc,402927,CAB5CFFA,1540
share,GameData\patch\parts_omvr.arc,GameData\parts_omvr.arc,3206509,4F0D0480,1120
share,GameData\patch\parts_personal_om003_2.arc,GameData\parts_personal_om003_2.arc,80308,C95BDA51,1600
share,GameData\patch\parts_personal_om004_2.arc,GameData\parts_personal_om004_2.arc,18738,B11C1D9D,1580
share,GameData\patch\parts_personal_om006_2.arc,GameData\parts_personal_om006_2.arc,307194,3FCB0A15,1331
share,GameData\patch\parts_personal_om008_2.arc,GameData\parts_personal_om008_2.arc,258907,A05740A2,1630
share,GameData\patch\parts_personal_om010_2.arc,GameData\parts_personal_om010_2.arc,20132696,E36F644B,1540
share,GameData\patch\parts_shop013_2.arc,GameData\parts_shop013_2.arc,4786,3F8C0C9D,1580
share,GameData\patch\parts_shop016_2.arc,GameData\parts_shop016_2.arc,171410,3D70CEC4,1060
share,GameData\patch\parts_shop019_2.arc,GameData\parts_shop019_2.arc,196310,38FDFDA0,1560
share,GameData\patch\parts_sp001_2.arc,GameData\parts_sp001_2.arc,168563,1ECED52E,1560
share,GameData\patch\parts_sp002cloth1_2.arc,GameData\parts_sp002cloth1_2.arc,10930,46512519,1250
share,GameData\patch\parts_sp002cloth2_2.arc,GameData\parts_sp002cloth2_2.arc,1825089,3BCD25A8,1352
share,GameData\patch\parts_sp003cloth3_2.arc,GameData\parts_sp003cloth3_2.arc,2970776,D1820E11,1530
share,GameData\patch\parts_sp005cloth2_2.arc,GameData\parts_sp005cloth2_2.arc,307133,F9B6103A,1560
share,GameData\patch\parts_vac001_2.arc,GameData\parts_vac001_2.arc,1271224,0597E526,1540
share,GameData\patch\parts_vp001_2.arc,GameData\parts_vp001_2.arc,10370,D681F307,1580
share,GameData\patch\parts2.arc,GameData\parts2.arc,176855868,CF4993D2,1630
share,GameData\patch\paths.dat,GameData\paths.dat,12215,CD5128F4,1630
share,GameData\patch\prioritymaterial.arc,GameData\prioritymaterial.arc,462188,FA3BBB98,1630
share,GameData\patch\script_share_karaoke_2.arc,GameData\script_share_karaoke_2.arc,8354,23EC7857,1500
share,GameData\patch\sound2.arc,GameData\sound2.arc,52566621,3C8BBF0A,1630
share,GameData\patch\system_gp001_2.arc,GameData\system_gp001_2.arc,7478491,A3D9E534,1420
share,GameData\patch\system_gp002_2.arc,GameData\system_gp002_2.arc,3352431,A85DA78B,1350
share,GameData\patch\system_gp003_2.arc,GameData\system_gp003_2.arc,13346,A2E59BD5,1630
share,GameData\patch\system2.arc,GameData\system2.arc,15017525,38F72BA2,1610
share,GameData\patch\voice_gp001_2.arc,GameData\voice_gp001_2.arc,128499501,74943317,1270
share,GameData\patch\voice_ordermade002_2.arc,GameData\voice_ordermade002_2.arc,4034461,8F5E74E5,1550
share,GameData\patch\voice_ordermade002_solo_2.arc,GameData\voice_ordermade002_solo_2.arc,4034470,80F11421,1550
share,GameData\patch\voice_personal_om005_2.arc,GameData\voice_personal_om005_2.arc,77014392,941AFD15,1420
share,GameData\patch\voice_personal_om008_2.arc,GameData\voice_personal_om008_2.arc,738018,CFD7E516,1540
share,GameData\patch\voice_personal_om010_2.arc,GameData\voice_personal_om010_2.arc,120212,0DC709ED,1540
share,GameData_20\bg_pp001_2.arc,GameData_20\bg_pp001_2.arc,1237157,C9D912F7,1220
share,GameData_20\bg_vp001_2.arc,GameData_20\bg_vp001_2.arc,283046,A7A90EE1,1190
share,GameData_20\material_cw005cloth4_2.arc,GameData_20\material_cw005cloth4_2.arc,31586,74059A93,1661
share,GameData_20\material_denkigai2015s003_2.arc,GameData_20\material_denkigai2015s003_2.arc,7106,0C82D791,1150
share,GameData_20\material_denkigai2015w_2.arc,GameData_20\material_denkigai2015w_2.arc,3490,F06AAABE,1090
share,GameData_20\material_denkigai2015wTowelR.arc,GameData_20\material_denkigai2015wTowelR.arc,1602,618192B9,1360
share,GameData_20\material_denkigai2017w_2.arc,GameData_20\material_denkigai2017w_2.arc,4290,0748142E,1674
share,GameData_20\material_denkigai2017wtshirt_2.arc,GameData_20\material_denkigai2017wtshirt_2.arc,2418,F6E9FB90,1674
share,GameData_20\material_denkigai2019stshirt_2.arc,GameData_20\material_denkigai2019stshirt_2.arc,1586,BA3332E0,1680
share,GameData_20\material_dlc055_2.arc,GameData_20\material_dlc055_2.arc,5282,11A93109,1280
share,GameData_20\material_dlc107_2.arc,GameData_20\material_dlc107_2.arc,5218,F9837138,1590
share,GameData_20\material_dlc195_2.arc,GameData_20\material_dlc195_2.arc,1746,ECFBFE17,1090
share,GameData_20\material_dlc256_2.arc,GameData_20\material_dlc256_2.arc,3378,CFF1F232,1673
share,GameData_20\material_dlc267_2.arc,GameData_20\material_dlc267_2.arc,5186,11ED6A88,1673
share,GameData_20\material_dlc278_2.arc,GameData_20\material_dlc278_2.arc,3794,94EE71BB,1651
share,GameData_20\material_dlc353_2.arc,GameData_20\material_dlc353_2.arc,1762,C3E9BB20,1673
share,GameData_20\material_dlc356_2.arc,GameData_20\material_dlc356_2.arc,38338,802E0C1D,1674
share,GameData_20\material_dlc357_2.arc,GameData_20\material_dlc357_2.arc,55938,3D8DE6D9,1674
share,GameData_20\material_dlc358_2.arc,GameData_20\material_dlc358_2.arc,18754,C73B56B1,1673
share,GameData_20\material_dlc359_2.arc,GameData_20\material_dlc359_2.arc,35026,E141B1FB,1674
share,GameData_20\material_dlc363_2.arc,GameData_20\material_dlc363_2.arc,3794,14C1B1A5,1673
share,GameData_20\material_dlcdenkigai2015w_2.arc,GameData_20\material_dlcdenkigai2015w_2.arc,3522,D35394D7,1090
share,GameData_20\material_dlcdenkigai2017w_2.arc,GameData_20\material_dlcdenkigai2017w_2.arc,4322,13A2A5F9,1674
share,GameData_20\material_dlsite_2.arc,GameData_20\material_dlsite_2.arc,1762,C5A837EA,1150
share,GameData_20\material_kissevent2017march_2.arc,GameData_20\material_kissevent2017march_2.arc,4674,8D9C5966,1680
share,GameData_20\material_shop001_2.arc,GameData_20\material_shop001_2.arc,1762,D98CED1C,1150
share,GameData_20\material_shop002_2.arc,GameData_20\material_shop002_2.arc,1762,956BB00E,1150
share,GameData_20\material_shop003_2.arc,GameData_20\material_shop003_2.arc,1762,38CEBFF2,1150
share,GameData_20\material_shop005_2.arc,GameData_20\material_shop005_2.arc,1714,3E621A32,1150
share,GameData_20\material_shop007_2.arc,GameData_20\material_shop007_2.arc,2578,C8CE627C,1150
share,GameData_20\material_sp005cloth2_2.arc,GameData_20\material_sp005cloth2_2.arc,1810,3AE810F9,1641
share,GameData_20\material_vac001_2.arc,GameData_20\material_vac001_2.arc,5266,46CD10D7,1673
share,GameData_20\material_vp001_2.arc,GameData_20\material_vp001_2.arc,11890,8CB043B0,1400
share,GameData_20\material_yomeido003_2.arc,GameData_20\material_yomeido003_2.arc,1522,0689A7AC,1240
share,GameData_20\menu_cas005_2.arc,GameData_20\menu_cas005_2.arc,3314,B1151824,1674
share,GameData_20\menu_cas017_2.arc,GameData_20\menu_cas017_2.arc,3890,E49C2415,1674
share,GameData_20\menu_cas031_2.arc,GameData_20\menu_cas031_2.arc,3906,7CC4BAC7,1673
share,GameData_20\menu_cas044_2.arc,GameData_20\menu_cas044_2.arc,3218,C0415674,1673
share,GameData_20\menu_cas062_2.arc,GameData_20\menu_cas062_2.arc,3138,17F6B4B8,1680
share,GameData_20\menu_com3d2cbp_2.arc,GameData_20\menu_com3d2cbp_2.arc,3506,334A88E0,1673
share,GameData_20\menu_cw001cloth3_2.arc,GameData_20\menu_cw001cloth3_2.arc,3986,E090A9CA,1672
share,GameData_20\menu_cw002cloth1_2.arc,GameData_20\menu_cw002cloth1_2.arc,3762,B0366A81,1674
share,GameData_20\menu_cw004cloth2_2.arc,GameData_20\menu_cw004cloth2_2.arc,3330,F61401F7,1673
share,GameData_20\menu_cw005cloth4_2.arc,GameData_20\menu_cw005cloth4_2.arc,23554,B15A0E72,1661
share,GameData_20\menu_cw007cloth1_2.arc,GameData_20\menu_cw007cloth1_2.arc,6386,0ECE11C0,1673
share,GameData_20\menu_denkigai2015s001_2.arc,GameData_20\menu_denkigai2015s001_2.arc,6594,8B3E849F,1160
share,GameData_20\menu_denkigai2015s003_2.arc,GameData_20\menu_denkigai2015s003_2.arc,4338,D294CE88,1150
share,GameData_20\menu_denkigai2015wTowelR.arc,GameData_20\menu_denkigai2015wTowelR.arc,1282,CECEE1FC,1360
share,GameData_20\menu_denkigai2016s_2.arc,GameData_20\menu_denkigai2016s_2.arc,5298,ABC5BCBA,1680
share,GameData_20\menu_denkigai2016w_2.arc,GameData_20\menu_denkigai2016w_2.arc,15154,C8D64D3B,1450
share,GameData_20\menu_denkigai2017s_2.arc,GameData_20\menu_denkigai2017s_2.arc,4690,FD8D5340,1630
share,GameData_20\menu_denkigai2017w_2.arc,GameData_20\menu_denkigai2017w_2.arc,1250,D6D909E4,1670
share,GameData_20\menu_denkigai2017wTshirt_2.arc,GameData_20\menu_denkigai2017wTshirt_2.arc,1330,C86D3E8E,1674
share,GameData_20\menu_denkigai2019s_2.arc,GameData_20\menu_denkigai2019s_2.arc,9794,8105F4C2,1674
share,GameData_20\menu_denkigai2019sTshirt_2.arc,GameData_20\menu_denkigai2019sTshirt_2.arc,1314,1585420D,1680
share,GameData_20\menu_denkigai2019w_2.arc,GameData_20\menu_denkigai2019w_2.arc,5938,C4A9AA0F,1674
share,GameData_20\menu_denkigai2020w_2.arc,GameData_20\menu_denkigai2020w_2.arc,9186,51DF1F95,1673
share,GameData_20\menu_dlc026_2.arc,GameData_20\menu_dlc026_2.arc,3778,69453D54,1190
share,GameData_20\menu_dlc028_2.arc,GameData_20\menu_dlc028_2.arc,3874,DE3F1C31,1200
share,GameData_20\menu_dlc033_2.arc,GameData_20\menu_dlc033_2.arc,3762,640F79E9,1674
share,GameData_20\menu_dlc034_2.arc,GameData_20\menu_dlc034_2.arc,3714,84E7DC58,1674
share,GameData_20\menu_dlc041_2.arc,GameData_20\menu_dlc041_2.arc,6786,97F738D3,1380
share,GameData_20\menu_dlc042_2.arc,GameData_20\menu_dlc042_2.arc,1154,EE4016C0,1440
share,GameData_20\menu_dlc049_2.arc,GameData_20\menu_dlc049_2.arc,5666,6A7F0162,1673
share,GameData_20\menu_dlc061_2.arc,GameData_20\menu_dlc061_2.arc,3810,F99C1D4E,1290
share,GameData_20\menu_dlc065_2.arc,GameData_20\menu_dlc065_2.arc,7602,D9387834,1380
share,GameData_20\menu_dlc074_2.arc,GameData_20\menu_dlc074_2.arc,5618,24C559D7,1312
share,GameData_20\menu_dlc078_2.arc,GameData_20\menu_dlc078_2.arc,2338,46D1542F,1673
share,GameData_20\menu_dlc100_2.arc,GameData_20\menu_dlc100_2.arc,1250,DFF94E9A,1400
share,GameData_20\menu_dlc101_2.arc,GameData_20\menu_dlc101_2.arc,1218,44DB4049,1481
share,GameData_20\menu_dlc107_2.arc,GameData_20\menu_dlc107_2.arc,1746,A6C9E7C4,1590
share,GameData_20\menu_dlc111_2.arc,GameData_20\menu_dlc111_2.arc,1330,480BC0DC,1674
share,GameData_20\menu_dlc121_2.arc,GameData_20\menu_dlc121_2.arc,3314,71F5DE66,1674
share,GameData_20\menu_dlc123_2.arc,GameData_20\menu_dlc123_2.arc,7714,595B8C3C,1674
share,GameData_20\menu_dlc126_2.arc,GameData_20\menu_dlc126_2.arc,2050,7471540B,1673
share,GameData_20\menu_dlc140_2.arc,GameData_20\menu_dlc140_2.arc,1218,DF957030,1680
share,GameData_20\menu_dlc141_2.arc,GameData_20\menu_dlc141_2.arc,1218,206CE641,1680
share,GameData_20\menu_dlc170_2.arc,GameData_20\menu_dlc170_2.arc,1266,8DD047BD,1674
share,GameData_20\menu_dlc189_2.arc,GameData_20\menu_dlc189_2.arc,2258,5A9F3DE9,1590
share,GameData_20\menu_dlc195_2.arc,GameData_20\menu_dlc195_2.arc,1170,BF163DDC,1090
share,GameData_20\menu_dlc204_2.arc,GameData_20\menu_dlc204_2.arc,3842,4DD62ADC,1674
share,GameData_20\menu_dlc207_2.arc,GameData_20\menu_dlc207_2.arc,3922,552F051C,1630
share,GameData_20\menu_dlc232_2.arc,GameData_20\menu_dlc232_2.arc,1202,D254CEDC,1680
share,GameData_20\menu_dlc283_2.arc,GameData_20\menu_dlc283_2.arc,1202,25C4EE86,1673
share,GameData_20\menu_dlc324_2.arc,GameData_20\menu_dlc324_2.arc,1374,689A4C67,1673
share,GameData_20\menu_dlc331_2.arc,GameData_20\menu_dlc331_2.arc,3330,78103186,1673
share,GameData_20\menu_dlc340_2.arc,GameData_20\menu_dlc340_2.arc,10226,2E6EC41E,1673
share,GameData_20\menu_dlc353_2.arc,GameData_20\menu_dlc353_2.arc,1346,250C9D39,1673
share,GameData_20\menu_dlc357_2.arc,GameData_20\menu_dlc357_2.arc,29714,34062D3F,1673
share,GameData_20\menu_dlc358_2.arc,GameData_20\menu_dlc358_2.arc,21186,9A988520,1673
share,GameData_20\menu_dlc359_2.arc,GameData_20\menu_dlc359_2.arc,17554,EA7AC5BA,1673
share,GameData_20\menu_dlc363_2.arc,GameData_20\menu_dlc363_2.arc,1234,FF56BE27,1673
share,GameData_20\menu_dlc376_2.arc,GameData_20\menu_dlc376_2.arc,1218,2A07F130,1680
share,GameData_20\menu_dlc377_2.arc,GameData_20\menu_dlc377_2.arc,1218,09E45563,1680
share,GameData_20\menu_dlc387_2.arc,GameData_20\menu_dlc387_2.arc,3378,5BD32D7E,1680
share,GameData_20\menu_dlc389_2.arc,GameData_20\menu_dlc389_2.arc,3138,EBFFCABE,1680
share,GameData_20\menu_dlcdenkigai2016s_2.arc,GameData_20\menu_dlcdenkigai2016s_2.arc,4226,37F98EE6,1680
share,GameData_20\menu_dlcdenkigai2016w_2.arc,GameData_20\menu_dlcdenkigai2016w_2.arc,13522,45E7F667,1450
share,GameData_20\menu_dlcdenkigai2017s_2.arc,GameData_20\menu_dlcdenkigai2017s_2.arc,4706,B5EE5D43,1630
share,GameData_20\menu_dlcdenkigai2019s_2.arc,GameData_20\menu_dlcdenkigai2019s_2.arc,7266,F30AC64C,1674
share,GameData_20\menu_dlcdenkigai2019w_2.arc,GameData_20\menu_dlcdenkigai2019w_2.arc,4466,6CACEAA5,1674
share,GameData_20\menu_dlsite_2.arc,GameData_20\menu_dlsite_2.arc,1954,B2268BA7,1150
share,GameData_20\menu_kissevent2017march.arc,GameData_20\menu_kissevent2017march.arc,281,FF4EEB9B,1522
share,GameData_20\menu_kissevent2017march_2.arc,GameData_20\menu_kissevent2017march_2.arc,106624,14291926,1631
share,GameData_20\menu_magazine002_2.arc,GameData_20\menu_magazine002_2.arc,12498,691C1126,1471
share,GameData_20\menu_nijiyomec_2.arc,GameData_20\menu_nijiyomec_2.arc,6738,7CDA2CFB,1673
share,GameData_20\menu_ordermade002_2.arc,GameData_20\menu_ordermade002_2.arc,1346,DF7DAA64,1673
share,GameData_20\menu_personal_om008_2.arc,GameData_20\menu_personal_om008_2.arc,6816,A49BE66E,1680
share,GameData_20\menu_personal002_2.arc,GameData_20\menu_personal002_2.arc,1282,5687650C,1310
share,GameData_20\menu_shop001_2.arc,GameData_20\menu_shop001_2.arc,3314,35207C87,1150
share,GameData_20\menu_shop005_2.arc,GameData_20\menu_shop005_2.arc,1378,0C9AF725,1150
share,GameData_20\menu_sp003cloth3_2.arc,GameData_20\menu_sp003cloth3_2.arc,9826,4C326B5D,1672
share,GameData_20\menu_sp005cloth2_2.arc,GameData_20\menu_sp005cloth2_2.arc,3666,CDB7D350,1673
share,GameData_20\menu_vac001.arc,GameData_20\menu_vac001.arc,317,11490F18,1640
share,GameData_20\menu_vac001_2.arc,GameData_20\menu_vac001_2.arc,24162,C5F8DFA9,1640
share,GameData_20\menu_vp001_2.arc,GameData_20\menu_vp001_2.arc,22034,A305F11D,1674
share,GameData_20\menu_yomeido003_2.arc,GameData_20\menu_yomeido003_2.arc,1234,4D6F619D,1240
share,GameData_20\menu_yomeidogp_wedding_2.arc,GameData_20\menu_yomeidogp_wedding_2.arc,3954,C251B12C,1320
share,GameData_20\model_cas031_2.arc,GameData_20\model_cas031_2.arc,1275040,257EA812,1673
share,GameData_20\model_cas056_2.arc,GameData_20\model_cas056_2.arc,118607,12631C7E,1680
share,GameData_20\model_com3d2cbp_2.arc,GameData_20\model_com3d2cbp_2.arc,186624,4DC6333D,1673
share,GameData_20\model_cw001cloth2_2.arc,GameData_20\model_cw001cloth2_2.arc,194657,F622B758,1673
share,GameData_20\model_cw004cloth2_2.arc,GameData_20\model_cw004cloth2_2.arc,315112,C85E6F0F,1673
share,GameData_20\model_cw005cloth3_2.arc,GameData_20\model_cw005cloth3_2.arc,1787568,5851FA8F,1673
share,GameData_20\model_cw005cloth4_2.arc,GameData_20\model_cw005cloth4_2.arc,797916,99503A91,1661
share,GameData_20\model_cw007cloth1_2.arc,GameData_20\model_cw007cloth1_2.arc,702932,B1ACE3C1,1673
share,GameData_20\model_denkigai2015s003_2.arc,GameData_20\model_denkigai2015s003_2.arc,394665,41A48185,1150
share,GameData_20\model_denkigai2015w_2.arc,GameData_20\model_denkigai2015w_2.arc,174373,F9233759,1090
share,GameData_20\model_denkigai2015wTowelR.arc,GameData_20\model_denkigai2015wTowelR.arc,38258,FB570A24,1360
share,GameData_20\model_denkigai2017s_2.arc,GameData_20\model_denkigai2017s_2.arc,462663,8917104A,1582
share,GameData_20\model_denkigai2017w_2.arc,GameData_20\model_denkigai2017w_2.arc,181379,5EECA15C,1674
share,GameData_20\model_denkigai2017wTshirt_2.arc,GameData_20\model_denkigai2017wTshirt_2.arc,293648,C0ABFC47,1674
share,GameData_20\model_denkigai2019sTshirt_2.arc,GameData_20\model_denkigai2019sTshirt_2.arc,188041,2210617D,1680
share,GameData_20\model_dlc005_2.arc,GameData_20\model_dlc005_2.arc,799521,9B6E1D63,1672
share,GameData_20\model_dlc046_2.arc,GameData_20\model_dlc046_2.arc,155690,83B34173,1220
share,GameData_20\model_dlc073_2.arc,GameData_20\model_dlc073_2.arc,267037,47D33A06,1320
share,GameData_20\model_dlc100_2.arc,GameData_20\model_dlc100_2.arc,691347,7C3D679D,1400
share,GameData_20\model_dlc109_2.arc,GameData_20\model_dlc109_2.arc,137998,8FCCF513,1460
share,GameData_20\model_dlc151_2.arc,GameData_20\model_dlc151_2.arc,213532,8C3C80C3,1520
share,GameData_20\model_dlc195_2.arc,GameData_20\model_dlc195_2.arc,583563,16C95E54,1090
share,GameData_20\model_dlc206_2.arc,GameData_20\model_dlc206_2.arc,645607,3578836D,1673
share,GameData_20\model_dlc208_2.arc,GameData_20\model_dlc208_2.arc,448882,C4D10B97,1673
share,GameData_20\model_dlc209_2.arc,GameData_20\model_dlc209_2.arc,1360811,72C67140,1610
share,GameData_20\model_dlc256_2.arc,GameData_20\model_dlc256_2.arc,434902,AC96EDE7,1673
share,GameData_20\model_dlc267_2.arc,GameData_20\model_dlc267_2.arc,506888,4758395D,1673
share,GameData_20\model_dlc268_2.arc,GameData_20\model_dlc268_2.arc,463350,1F545CEE,1650
share,GameData_20\model_dlc278_2.arc,GameData_20\model_dlc278_2.arc,944175,D859BA41,1651
share,GameData_20\model_dlc283_2.arc,GameData_20\model_dlc283_2.arc,212022,6658BAFF,1673
share,GameData_20\model_dlc286_2.arc,GameData_20\model_dlc286_2.arc,73886,A3DC40BE,1680
share,GameData_20\model_dlc301_2.arc,GameData_20\model_dlc301_2.arc,2019393,151AA044,1673
share,GameData_20\model_dlc302_2.arc,GameData_20\model_dlc302_2.arc,1975498,7F93CFBD,1673
share,GameData_20\model_dlc303_2.arc,GameData_20\model_dlc303_2.arc,2689842,AC3B4D66,1673
share,GameData_20\model_dlc304_2.arc,GameData_20\model_dlc304_2.arc,1691856,560A4120,1673
share,GameData_20\model_dlc330_2.arc,GameData_20\model_dlc330_2.arc,1413403,92E3085E,1673
share,GameData_20\model_dlc353_2.arc,GameData_20\model_dlc353_2.arc,964407,DB9B8FA4,1673
share,GameData_20\model_dlc356_2.arc,GameData_20\model_dlc356_2.arc,1144913,B1A02CF9,1673
share,GameData_20\model_dlc357_2.arc,GameData_20\model_dlc357_2.arc,4511946,3D1CDF76,1673
share,GameData_20\model_dlc358_2.arc,GameData_20\model_dlc358_2.arc,4341633,D9163415,1673
share,GameData_20\model_dlc359_2.arc,GameData_20\model_dlc359_2.arc,1530334,2F02195C,1673
share,GameData_20\model_dlc360_2.arc,GameData_20\model_dlc360_2.arc,23714,7C145E45,1680
share,GameData_20\model_dlc362_2.arc,GameData_20\model_dlc362_2.arc,624379,447A4556,1673
share,GameData_20\model_dlc363_2.arc,GameData_20\model_dlc363_2.arc,858107,39F745BC,1673
share,GameData_20\model_dlc367_2.arc,GameData_20\model_dlc367_2.arc,58994,4024DDE9,1673
share,GameData_20\model_dlc376_2.arc,GameData_20\model_dlc376_2.arc,236654,FACBF978,1680
share,GameData_20\model_dlc386_2.arc,GameData_20\model_dlc386_2.arc,1888319,67E72AB1,1680
share,GameData_20\model_dlc389_2.arc,GameData_20\model_dlc389_2.arc,1838431,BE165C26,1680
share,GameData_20\model_dlc394_2.arc,GameData_20\model_dlc394_2.arc,2128670,706A4A3B,1680
share,GameData_20\model_dlc395_2.arc,GameData_20\model_dlc395_2.arc,511319,E5B0E542,1680
share,GameData_20\model_dlc396_2.arc,GameData_20\model_dlc396_2.arc,1608066,62F47E88,1680
share,GameData_20\model_dlc397_2.arc,GameData_20\model_dlc397_2.arc,2657340,F0DC461B,1680
share,GameData_20\model_dlcdenkigai2015w_2.arc,GameData_20\model_dlcdenkigai2015w_2.arc,174400,BE6E5467,1090
share,GameData_20\model_dlcdenkigai2017s_2.arc,GameData_20\model_dlcdenkigai2017s_2.arc,462667,9F0C3D54,1582
share,GameData_20\model_dlcdenkigai2017w_2.arc,GameData_20\model_dlcdenkigai2017w_2.arc,181408,29336B3A,1674
share,GameData_20\model_dlsite_2.arc,GameData_20\model_dlsite_2.arc,680593,F831F0E0,1680
share,GameData_20\model_kissevent2017march_2.arc,GameData_20\model_kissevent2017march_2.arc,378287,9EF61AC7,1680
share,GameData_20\model_oldplus002hair1_2.arc,GameData_20\model_oldplus002hair1_2.arc,184829,2DAE518E,1673
share,GameData_20\model_personal_om008_2.arc,GameData_20\model_personal_om008_2.arc,219850,C445C67C,1680
share,GameData_20\model_pp002_2.arc,GameData_20\model_pp002_2.arc,25586,6BC54342,1673
share,GameData_20\model_shop001_2.arc,GameData_20\model_shop001_2.arc,115215,9C941FAF,1150
share,GameData_20\model_shop002_2.arc,GameData_20\model_shop002_2.arc,251253,743C3D97,1150
share,GameData_20\model_shop003_2.arc,GameData_20\model_shop003_2.arc,185433,A15EC70A,1150
share,GameData_20\model_shop005_2.arc,GameData_20\model_shop005_2.arc,150103,FB5341FA,1150
share,GameData_20\model_shop007_2.arc,GameData_20\model_shop007_2.arc,288759,80615CBD,1150
share,GameData_20\model_sp002cloth2_2.arc,GameData_20\model_sp002cloth2_2.arc,1816544,0767F20F,1672
share,GameData_20\model_sp003cloth3_2.arc,GameData_20\model_sp003cloth3_2.arc,2950224,4B3AAFE9,1672
share,GameData_20\model_sp005cloth2_2.arc,GameData_20\model_sp005cloth2_2.arc,300283,8FA9F82B,1673
share,GameData_20\model_vp001_2.arc,GameData_20\model_vp001_2.arc,647957,D68B5D2F,1400
share,GameData_20\paths.dat,GameData_20\paths.dat,12750,A3A2EB62,1709
share,GameData_20\prioritymaterial.arc,GameData_20\prioritymaterial.arc,354359,6D77A6B9,1709
share,GameData_20\texture_addpose001.arc,GameData_20\texture_addpose001.arc,23943,1D529A44,1220
share,GameData_20\texture_cr002_2.arc,GameData_20\texture_cr002_2.arc,6402,370E3B9E,1680
share,GameData_20\texture_cw005cloth4_2.arc,GameData_20\texture_cw005cloth4_2.arc,91545191,1DE51460,1661
share,GameData_20\texture_denkigai2015wTowelR.arc,GameData_20\texture_denkigai2015wTowelR.arc,133065,FE4BDC34,1360
share,GameData_20\texture_denkigai2016w_2.arc,GameData_20\texture_denkigai2016w_2.arc,10105247,3B4641C3,1450
share,GameData_20\texture_dlc004_2.arc,GameData_20\texture_dlc004_2.arc,4805734,C8E5CFB4,1200
share,GameData_20\texture_dlc046_2.arc,GameData_20\texture_dlc046_2.arc,596960,FC606BA5,1220
share,GameData_20\texture_dlc107_2.arc,GameData_20\texture_dlc107_2.arc,913018,88EAC715,1590
share,GameData_20\texture_dlc121_2.arc,GameData_20\texture_dlc121_2.arc,1276165,72A24D1E,1673
share,GameData_20\texture_dlc183_2.arc,GameData_20\texture_dlc183_2.arc,27984504,2ECFF2B5,1673
share,GameData_20\texture_dlc195_2.arc,GameData_20\texture_dlc195_2.arc,16075880,456A4C76,1090
share,GameData_20\texture_dlc267_2.arc,GameData_20\texture_dlc267_2.arc,2311226,F39D6830,1650
share,GameData_20\texture_dlc279_2.arc,GameData_20\texture_dlc279_2.arc,6149999,3FE86171,1650
share,GameData_20\texture_dlc356_2.arc,GameData_20\texture_dlc356_2.arc,54635001,3E70ED43,1674
share,GameData_20\texture_dlc357_2.arc,GameData_20\texture_dlc357_2.arc,42210965,78465BE6,1674
share,GameData_20\texture_dlc358_2.arc,GameData_20\texture_dlc358_2.arc,33834979,13781722,1673
share,GameData_20\texture_dlc359_2.arc,GameData_20\texture_dlc359_2.arc,104915998,0608F8F7,1674
share,GameData_20\texture_dlcdenkigai2016w_2.arc,GameData_20\texture_dlcdenkigai2016w_2.arc,10105332,90868016,1450
share,GameData_20\texture_kissevent2017march.arc,GameData_20\texture_kissevent2017march.arc,281,FF4EEB9B,1522
share,GameData_20\texture_kissevent2017march_2.arc,GameData_20\texture_kissevent2017march_2.arc,79432604,C7DD457A,1631
share,GameData_20\texture_vac001_2.arc,GameData_20\texture_vac001_2.arc,1265168,4979EB36,1673
share,GameData_20\texture_vp001_2.arc,GameData_20\texture_vp001_2.arc,755269,18D5027D,1400
share,GameData_20\texture_yomeido003_2.arc,GameData_20\texture_yomeido003_2.arc,117248,0EE72B42,1240
share,GameData_20\texture_yomeidokanteidan2_godmaid_2.arc,GameData_20\texture_yomeidokanteidan2_godmaid_2.arc,8610,1B1349B1,1673
