0,0,COM3D2OH.exe,6622208,1E96D7A7,2005
0,0,COM3D2OHx64.exe,22841856,858642A8,1171
0,0,LICENSE,31205,24BAD003,1170
0,0,COM3D2OHx64_Data\app.info,42,6CD75754,1170
0,0,COM3D2OHx64_Data\globalgamemanagers,4105708,BE06DEB6,1170
0,0,COM3D2OHx64_Data\globalgamemanagers.assets,225908,88240DA1,1170
0,0,COM3D2OHx64_Data\level0,277068,4EF4C6FA,1170
0,0,COM3D2OHx64_Data\level1,295044,F990658D,1170
0,0,COM3D2OHx64_Data\level10,645148,E9474522,1170
0,0,COM3D2OHx64_Data\level11,6948,0501D69A,1170
0,0,COM3D2OHx64_Data\level12,279508,F8089EFD,1170
0,0,COM3D2OHx64_Data\level13,4664,4FDE4B74,1170
0,0,COM3D2OHx64_Data\level14,296196,D20382A7,1170
0,0,COM3D2OHx64_Data\level15,284388,1C24B1AC,1170
0,0,COM3D2OHx64_Data\level16,903004,96CBCBAE,1170
0,0,COM3D2OHx64_Data\level17,360564,9A8FA8B8,1170
0,0,COM3D2OHx64_Data\level18,1032644,7F6FFA90,1170
0,0,COM3D2OHx64_Data\level19,356828,9F9FD496,1170
0,0,COM3D2OHx64_Data\level2,681524,00E4AE64,1170
0,0,COM3D2OHx64_Data\level20,1925452,5E709FBE,1170
0,0,COM3D2OHx64_Data\level21,1062652,1C7AB015,1170
0,0,COM3D2OHx64_Data\level22,1035948,845D6579,1170
0,0,COM3D2OHx64_Data\level23,399204,3DDEE0E0,1170
0,0,COM3D2OHx64_Data\level24,27904,2D2F63A1,1170
0,0,COM3D2OHx64_Data\level24.resS,131232,437C95D8,1170
0,0,COM3D2OHx64_Data\level25,51676,9FCF383B,1170
0,0,COM3D2OHx64_Data\level26,56036,CD86C6FB,1170
0,0,COM3D2OHx64_Data\level27,6832,43B8E826,1170
0,0,COM3D2OHx64_Data\level28,277956,E48E62DE,1170
0,0,COM3D2OHx64_Data\level29,1523964,F57FB72C,1170
0,0,COM3D2OHx64_Data\level3,1160492,2F7FB399,1170
0,0,COM3D2OHx64_Data\level30,1380596,3BBA8454,1170
0,0,COM3D2OHx64_Data\level31,1402196,60EFCC07,1170
0,0,COM3D2OHx64_Data\level32,1297428,FFFB6BD3,1170
0,0,COM3D2OHx64_Data\level33,1361884,AD197D98,1170
0,0,COM3D2OHx64_Data\level34,1487308,97292ECF,1170
0,0,COM3D2OHx64_Data\level35,1224292,4D653922,1170
0,0,COM3D2OHx64_Data\level36,974924,12C57257,1170
0,0,COM3D2OHx64_Data\level37,982212,A1760F21,1170
0,0,COM3D2OHx64_Data\level38,1224292,B124893C,1170
0,0,COM3D2OHx64_Data\level39,1104908,5FAD7A28,1170
0,0,COM3D2OHx64_Data\level4,1162380,F07B9C29,1170
0,0,COM3D2OHx64_Data\level40,893476,6887A8CD,1170
0,0,COM3D2OHx64_Data\level41,1179860,4390F115,1170
0,0,COM3D2OHx64_Data\level42,1322348,553B7850,1170
0,0,COM3D2OHx64_Data\level43,1280876,9CCBD2A7,1170
0,0,COM3D2OHx64_Data\level44,865700,49D48E9A,1170
0,0,COM3D2OHx64_Data\level45,352828,E4FDC09D,1170
0,0,COM3D2OHx64_Data\level46,349196,37D9D530,1170
0,0,COM3D2OHx64_Data\level47,392900,6EEA8165,1170
0,0,COM3D2OHx64_Data\level48,415052,C17B8702,1170
0,0,COM3D2OHx64_Data\level49,343428,A5F60BD9,1170
0,0,COM3D2OHx64_Data\level5,278052,DDE85938,1170
0,0,COM3D2OHx64_Data\level50,403388,1AC79E89,1170
0,0,COM3D2OHx64_Data\level51,987860,25FA40AC,1170
0,0,COM3D2OHx64_Data\level52,912276,1EDDF91B,1170
0,0,COM3D2OHx64_Data\level53,396116,4BFA6970,1170
0,0,COM3D2OHx64_Data\level54,418260,9336E39D,1170
0,0,COM3D2OHx64_Data\level55,408836,EB9F26F6,1170
0,0,COM3D2OHx64_Data\level56,992292,7A741013,1170
0,0,COM3D2OHx64_Data\level57,952564,A8FEE5B2,1170
0,0,COM3D2OHx64_Data\level58,430564,7FBD23D4,1170
0,0,COM3D2OHx64_Data\level6,365964,CC7617D2,1170
0,0,COM3D2OHx64_Data\level7,277580,CE4FAD26,1170
0,0,COM3D2OHx64_Data\level8,344756,42EBD73A,1170
0,0,COM3D2OHx64_Data\level9,279012,A1811428,1170
0,0,COM3D2OHx64_Data\resources.assets,388301384,67ADAAE5,1170
0,0,COM3D2OHx64_Data\resources.assets.resS,1682336084,E1CF93B9,1170
0,0,COM3D2OHx64_Data\resources.resource,727392,54F90BDA,1170
0,0,COM3D2OHx64_Data\sharedassets0.assets,115225860,C80D22BA,1170
0,0,COM3D2OHx64_Data\sharedassets0.assets.resS,121744416,653FAAB8,1170
0,0,COM3D2OHx64_Data\sharedassets1.assets,6244,A66C0ADC,1170
0,0,COM3D2OHx64_Data\sharedassets10.assets,6628,DEF945B6,1170
0,0,COM3D2OHx64_Data\sharedassets11.assets,4540,053AD2CD,1170
0,0,COM3D2OHx64_Data\sharedassets12.assets,6124,09F60E53,1170
0,0,COM3D2OHx64_Data\sharedassets13.assets,4132,53479837,1170
0,0,COM3D2OHx64_Data\sharedassets14.assets,6844,F816642C,1170
0,0,COM3D2OHx64_Data\sharedassets15.assets,6184,7C6492B8,1170
0,0,COM3D2OHx64_Data\sharedassets16.assets,12364,4D6DB448,1170
0,0,COM3D2OHx64_Data\sharedassets17.assets,6292,3FE7FEEB,1170
0,0,COM3D2OHx64_Data\sharedassets18.assets,12592,54FB0AAB,1170
0,0,COM3D2OHx64_Data\sharedassets19.assets,6292,090BF3BF,1170
0,0,COM3D2OHx64_Data\sharedassets2.assets,6544,56ECBFFA,1170
0,0,COM3D2OHx64_Data\sharedassets20.assets,7072,FA32BAE7,1170
0,0,COM3D2OHx64_Data\sharedassets21.assets,12568,F24F0314,1170
0,0,COM3D2OHx64_Data\sharedassets22.assets,12568,F24F0314,1170
0,0,COM3D2OHx64_Data\sharedassets23.assets,18126832,2E49F982,1170
0,0,COM3D2OHx64_Data\sharedassets24.assets,12328,0C28561C,1170
0,0,COM3D2OHx64_Data\sharedassets25.assets,4420,236AE7BA,1170
0,0,COM3D2OHx64_Data\sharedassets26.assets,4324,FC3669E9,1170
0,0,COM3D2OHx64_Data\sharedassets27.assets,4264,1653C1FE,1170
0,0,COM3D2OHx64_Data\sharedassets28.assets,6100,13F25F8F,1170
0,0,COM3D2OHx64_Data\sharedassets29.assets,12364,F63B7252,1170
0,0,COM3D2OHx64_Data\sharedassets3.assets,12820,1E42CA68,1170
0,0,COM3D2OHx64_Data\sharedassets30.assets,12364,A200FCAD,1170
0,0,COM3D2OHx64_Data\sharedassets31.assets,12364,D26734F6,1170
0,0,COM3D2OHx64_Data\sharedassets32.assets,9256,E263958D,1170
0,0,COM3D2OHx64_Data\sharedassets33.assets,9364,66C6BEB0,1170
0,0,COM3D2OHx64_Data\sharedassets34.assets,9352,EA4A99E2,1170
0,0,COM3D2OHx64_Data\sharedassets35.assets,12448,B85FD510,1170
0,0,COM3D2OHx64_Data\sharedassets36.assets,9148,43B1C2AF,1170
0,0,COM3D2OHx64_Data\sharedassets37.assets,9184,4DB53195,1170
0,0,COM3D2OHx64_Data\sharedassets38.assets,12448,B85FD510,1170
0,0,COM3D2OHx64_Data\sharedassets39.assets,9388,9E96769E,1170
0,0,COM3D2OHx64_Data\sharedassets4.assets,7120,C0A5DE05,1170
0,0,COM3D2OHx64_Data\sharedassets40.assets,9184,4DB53195,1170
0,0,COM3D2OHx64_Data\sharedassets41.assets,9328,2F002A73,1170
0,0,COM3D2OHx64_Data\sharedassets42.assets,12364,421A0ECC,1170
0,0,COM3D2OHx64_Data\sharedassets43.assets,9364,66C6BEB0,1170
0,0,COM3D2OHx64_Data\sharedassets44.assets,9352,EA4A99E2,1170
0,0,COM3D2OHx64_Data\sharedassets45.assets,42236516,DFDD7782,1170
0,0,COM3D2OHx64_Data\sharedassets45.assets.resS,87400,8BA6C322,1170
0,0,COM3D2OHx64_Data\sharedassets46.assets,38246484,14E7A7D6,1170
0,0,COM3D2OHx64_Data\sharedassets47.assets,32874580,ADC88412,1170
0,0,COM3D2OHx64_Data\sharedassets48.assets,36735660,58ACBB2F,1170
0,0,COM3D2OHx64_Data\sharedassets48.assets.resS,174776,5B619AF1,1170
0,0,COM3D2OHx64_Data\sharedassets49.assets,41277336,AC33A980,1170
0,0,COM3D2OHx64_Data\sharedassets5.assets,6088,FF504E85,1170
0,0,COM3D2OHx64_Data\sharedassets50.assets,39399088,EE9390A6,1170
0,0,COM3D2OHx64_Data\sharedassets51.assets,3016916,F63698EF,1170
0,0,COM3D2OHx64_Data\sharedassets51.assets.resS,611728,7BFBEAAE,1170
0,0,COM3D2OHx64_Data\sharedassets52.assets,9412,0F856C9A,1170
0,0,COM3D2OHx64_Data\sharedassets53.assets,6484,2BC04C4F,1170
0,0,COM3D2OHx64_Data\sharedassets54.assets,6484,2BC04C4F,1170
0,0,COM3D2OHx64_Data\sharedassets55.assets,6484,2BC04C4F,1170
0,0,COM3D2OHx64_Data\sharedassets56.assets,12376,28F98531,1170
0,0,COM3D2OHx64_Data\sharedassets57.assets,9364,D4E4D249,1170
0,0,COM3D2OHx64_Data\sharedassets58.assets,7468,63A204FD,1170
0,0,COM3D2OHx64_Data\sharedassets6.assets,7060,E1F9D204,1170
0,0,COM3D2OHx64_Data\sharedassets7.assets,6064,380F0B25,1170
0,0,COM3D2OHx64_Data\sharedassets8.assets,6316,24B19A0E,1170
0,0,COM3D2OHx64_Data\sharedassets9.assets,6136,F831C4E4,1170
0,0,COM3D2OHx64_Data\Managed\Accessibility.dll,10752,5CB31E4E,1170
0,0,COM3D2OHx64_Data\Managed\Assembly-CSharp-firstpass.dll,787456,DA0CBBBC,1170
0,0,COM3D2OHx64_Data\Managed\Assembly-CSharp.dll,5018624,F1F05675,1170
0,0,COM3D2OHx64_Data\Managed\Assembly-UnityScript-firstpass.dll,65024,3EFAB187,1170
0,0,COM3D2OHx64_Data\Managed\Boo.Lang.dll,126976,28383F70,1170
0,0,COM3D2OHx64_Data\Managed\BouncyCastle.Crypto.dll,2236416,5A4C4F07,1170
0,0,COM3D2OHx64_Data\Managed\FoveUnityPlugin.dll,28672,A6EA882B,1170
0,0,COM3D2OHx64_Data\Managed\ICSharpCode.SharpZipLib.dll,200704,D3160A1C,1170
0,0,COM3D2OHx64_Data\Managed\Ionic.Zlib.dll,102400,7C9E7DD2,1170
0,0,COM3D2OHx64_Data\Managed\JsonFx.Json.dll,70144,A0F0CFCB,1170
0,0,COM3D2OHx64_Data\Managed\LeapCSharp.NET3.5.dll,82432,38E38212,1170
0,0,COM3D2OHx64_Data\Managed\Mono.Data.Tds.dll,96256,2965324B,1170
0,0,COM3D2OHx64_Data\Managed\Mono.Posix.dll,184320,0CE35BE3,1170
0,0,COM3D2OHx64_Data\Managed\Mono.Security.dll,294912,66EB9979,1170
0,0,COM3D2OHx64_Data\Managed\Mono.WebBrowser.dll,172032,137B736F,1170
0,0,COM3D2OHx64_Data\Managed\mscorlib.dll,2590208,5166389B,1170
0,0,COM3D2OHx64_Data\Managed\Newtonsoft.Json.dll,494592,5C881B73,1170
0,0,COM3D2OHx64_Data\Managed\System.Configuration.dll,124928,72952344,1170
0,0,COM3D2OHx64_Data\Managed\System.Core.dll,297472,9E3EE5D7,1170
0,0,COM3D2OHx64_Data\Managed\System.Data.dll,856064,DDDB80CD,1170
0,0,COM3D2OHx64_Data\Managed\System.dll,1679360,13922617,1170
0,0,COM3D2OHx64_Data\Managed\System.Drawing.Design.dll,29696,E7B53FF9,1170
0,0,COM3D2OHx64_Data\Managed\System.Drawing.dll,448512,C4B2E872,1170
0,0,COM3D2OHx64_Data\Managed\System.EnterpriseServices.dll,46592,2C72A9FE,1170
0,0,COM3D2OHx64_Data\Managed\System.Security.dll,135168,1CE94C57,1170
0,0,COM3D2OHx64_Data\Managed\System.Transactions.dll,27648,45299FCF,1170
0,0,COM3D2OHx64_Data\Managed\System.Windows.Forms.dll,3053568,56394001,1170
0,0,COM3D2OHx64_Data\Managed\System.Xml.dll,1270272,4581A35B,1170
0,0,COM3D2OHx64_Data\Managed\System.Xml.Linq.dll,106496,E844371C,1170
0,0,COM3D2OHx64_Data\Managed\UnityEngine.dll,1393152,2C35388C,1170
0,0,COM3D2OHx64_Data\Managed\UnityEngine.dll.mdb,449828,8610375E,1170
0,0,COM3D2OHx64_Data\Managed\UnityEngine.Networking.dll,253952,2BDF701F,1170
0,0,COM3D2OHx64_Data\Managed\UnityEngine.UI.dll,245760,FA552B2D,1170
0,0,COM3D2OHx64_Data\Managed\UnityEngine.VR.dll,3072,A4582CD6,1170
0,0,COM3D2OHx64_Data\Managed\UnityScript.Lang.dll,13824,0DA8F681,1170
0,0,COM3D2OHx64_Data\Managed\zxing.unity.dll,430592,9FD1F198,1170
0,0,COM3D2OHx64_Data\Mono\mono.dll,2618816,0BEA8C0F,1170
0,0,COM3D2OHx64_Data\Mono\MonoPosixHelper.dll,113664,9B5E1E4D,1170
0,0,COM3D2OHx64_Data\Mono\etc\mono\browscap.ini,311984,CE6C0AB3,1170
0,0,COM3D2OHx64_Data\Mono\etc\mono\config,1691,A635914A,1170
0,0,COM3D2OHx64_Data\Mono\etc\mono\1.0\DefaultWsdlHelpGenerator.aspx,58196,10E814BF,1170
0,0,COM3D2OHx64_Data\Mono\etc\mono\1.0\machine.config,17258,EDE1AC59,1170
0,0,COM3D2OHx64_Data\Mono\etc\mono\2.0\DefaultWsdlHelpGenerator.aspx,60453,F3869A34,1170
0,0,COM3D2OHx64_Data\Mono\etc\mono\2.0\machine.config,27625,73C91C24,1170
0,0,COM3D2OHx64_Data\Mono\etc\mono\2.0\settings.map,2618,A1A3C29F,1170
0,0,COM3D2OHx64_Data\Mono\etc\mono\2.0\web.config,11686,534A9960,1170
0,0,COM3D2OHx64_Data\Mono\etc\mono\2.0\Browsers\Compat.browser,1605,2E178A0B,1170
0,0,COM3D2OHx64_Data\Mono\etc\mono\mconfig\config.xml,25817,80B2033A,1170
0,0,COM3D2OHx64_Data\Plugins\assimp.dll,4388864,7C910D84,1170
0,0,COM3D2OHx64_Data\Plugins\Audio360.dll,1499136,2D77400A,1170
0,0,COM3D2OHx64_Data\Plugins\AVProVideo.dll,891392,A3612D4B,1170
0,0,COM3D2OHx64_Data\Plugins\clothpp.dll,112128,7C3264A4,1170
0,0,COM3D2OHx64_Data\Plugins\cm3d2.dll,2092032,FB380F6E,1170
0,0,COM3D2OHx64_Data\Plugins\device_hook.dll,738816,F61E7CED,1170
0,0,COM3D2OHx64_Data\Plugins\FoveClient.dll,1849384,58C8B4F6,1170
0,0,COM3D2OHx64_Data\Plugins\LeapC.dll,2516992,FBDD3767,1170
0,0,COM3D2OHx64_Data\Plugins\openvr_api.dll,318272,44432E0F,1170
0,0,COM3D2OHx64_Data\Plugins\OVRGamepad.dll,12800,2C526135,1170
0,0,COM3D2OHx64_Data\Plugins\OVRLipSync.dll,2512296,391C1F4C,1170
0,0,COM3D2OHx64_Data\Plugins\OVRPlugin.dll,1898408,5DD05B6C,1170
0,0,COM3D2OHx64_Data\Resources\unity default resources,752360,71DB1AEA,1170
0,0,COM3D2OHx64_Data\Resources\unity_builtin_extra,284012,91145F7F,1170
0,0,GameData\bg_kissevent2018_sp_card_2.arc,493322,140250D1,1100
0,0,GameData\bg_sp001_2.arc,16204240,91030B15,1000
0,0,GameData\csv.arc,3094452,8C1AF35D,1170
0,0,GameData\csv_cbl.arc,675977,1AC3464E,1170
0,0,GameData\csv_old_2.arc,1746,7AD2A97C,1150
0,0,GameData\csv_ordermade001_2.arc,770,422A7575,1150
0,0,GameData\motion_cbl2.arc,8221211,61AB951B,1170
0,0,GameData\motion_cbl_3d21reserve_2.arc,153938,9CB83B59,1120
0,0,GameData\parts2.arc,147937052,4E517A61,1170
0,0,GameData\parts_dlc209_2.arc,1363413,BF1ABBC0,1171
0,0,GameData\parts_magazine003_2.arc,201385,3A5B273D,1120
0,0,GameData\parts_kissevent2018_2.arc,5570,005BBD00,1100
0,0,GameData\parts_omvr.arc,3206509,4F0D0480,1120
0,0,GameData\paths.dat,2722,85EA3A80,1170
0,0,GameData\prioritymaterial.arc,287917,BD79ECCD,1170
0,0,GameData\script_cbl.arc,5237949,626EAAF2,1170
0,0,GameData\script_cbl_s2.arc,1170270,B9A16BF8,1170
0,0,GameData\script_share_karaoke_2.arc,1939,6A7D34A5,1000
0,0,GameData\system2.arc,10720595,37094157,1150
0,0,GameData\voice_cbl_s2.arc,32906282,98B4E1E9,1170
0,0,GameData_20\material_denkigai2015s003_2.arc,7106,0C82D791,1150
0,0,GameData_20\material_denkigai2015wTowelR.arc,1602,618192B9,1360
0,0,GameData_20\material_dlc055_2.arc,5282,11A93109,1280
0,0,GameData_20\material_dlsite_2.arc,1762,C5A837EA,1150
0,0,GameData_20\material_shop001_2.arc,1762,D98CED1C,1150
0,0,GameData_20\material_shop002_2.arc,1762,956BB00E,1150
0,0,GameData_20\material_shop003_2.arc,1762,38CEBFF2,1150
0,0,GameData_20\material_shop005_2.arc,1714,3E621A32,1150
0,0,GameData_20\material_shop007_2.arc,2578,C8CE627C,1150
0,0,GameData_20\material_vp001_2.arc,11890,8CB043B0,1400
0,0,GameData_20\material_yomeido003_2.arc,1522,0689A7AC,1240
0,0,GameData_20\menu_denkigai2015s001_2.arc,6594,8B3E849F,1160
0,0,GameData_20\menu_denkigai2015s003_2.arc,4338,D294CE88,1150
0,0,GameData_20\menu_denkigai2015wTowelR.arc,1282,CECEE1FC,1360
0,0,GameData_20\menu_denkigai2016s_2.arc,1346,4A9440B1,1351
0,0,GameData_20\menu_denkigai2016w_2.arc,15154,C8D64D3B,1450
0,0,GameData_20\menu_denkigai2017s_2.arc,1218,267B1338,1540
0,0,GameData_20\menu_dlcdenkigai2016w_2.arc,13522,45E7F667,1450
0,0,GameData_20\menu_dlcdenkigai2017s_2.arc,1218,A6C83B5D,1540
0,0,GameData_20\menu_dlc026_2.arc,3778,69453D54,1190
0,0,GameData_20\menu_dlc028_2.arc,3874,DE3F1C31,1200
0,0,GameData_20\menu_dlc041_2.arc,6786,97F738D3,1380
0,0,GameData_20\menu_dlc042_2.arc,1154,EE4016C0,1440
0,0,GameData_20\menu_dlc049_2.arc,3106,E30D6F4C,1522
0,0,GameData_20\menu_dlc061_2.arc,3810,F99C1D4E,1290
0,0,GameData_20\menu_dlc065_2.arc,7602,D9387834,1380
0,0,GameData_20\menu_dlc074_2.arc,5618,24C559D7,1312
0,0,GameData_20\menu_dlc100_2.arc,1250,DFF94E9A,1400
0,0,GameData_20\menu_dlc101_2.arc,1218,44DB4049,1481
0,0,GameData_20\menu_dlsite_2.arc,1954,B2268BA7,1150
0,0,GameData_20\menu_magazine002_2.arc,12498,691C1126,1471
0,0,GameData_20\menu_personal002_2.arc,1282,5687650C,1310
0,0,GameData_20\menu_shop001_2.arc,3314,35207C87,1150
0,0,GameData_20\menu_shop005_2.arc,1378,0C9AF725,1150
0,0,GameData_20\menu_vp001_2.arc,19138,7C7AFD9C,1400
0,0,GameData_20\menu_yomeido003_2.arc,1234,4D6F619D,1240
0,0,GameData_20\menu_yomeidogp_wedding_2.arc,3954,C251B12C,1320
0,0,GameData_20\model_denkigai2015s003_2.arc,394665,41A48185,1150
0,0,GameData_20\model_denkigai2015wTowelR.arc,38258,FB570A24,1360
0,0,GameData_20\model_denkigai2017s_2.arc,462663,8917104A,1582
0,0,GameData_20\model_dlcdenkigai2017s_2.arc,462667,9F0C3D54,1582
0,0,GameData_20\model_dlc005_2.arc,175424,F7DD7D82,1270
0,0,GameData_20\model_dlc046_2.arc,155690,83B34173,1220
0,0,GameData_20\model_dlc073_2.arc,267037,47D33A06,1320
0,0,GameData_20\model_dlc100_2.arc,691347,7C3D679D,1400
0,0,GameData_20\model_dlc109_2.arc,137998,8FCCF513,1460
0,0,GameData_20\model_dlc151_2.arc,213532,8C3C80C3,1520
0,0,GameData_20\model_dlsite_2.arc,197173,24366C43,1150
0,0,GameData_20\model_shop001_2.arc,115215,9C941FAF,1150
0,0,GameData_20\model_shop002_2.arc,251253,743C3D97,1150
0,0,GameData_20\model_shop003_2.arc,185433,A15EC70A,1150
0,0,GameData_20\model_shop005_2.arc,150103,FB5341FA,1150
0,0,GameData_20\model_shop007_2.arc,288759,80615CBD,1150
0,0,GameData_20\model_vp001_2.arc,647957,D68B5D2F,1400
0,0,GameData_20\texture_denkigai2015wTowelR.arc,133065,FE4BDC34,1360
0,0,GameData_20\texture_denkigai2016w_2.arc,10105247,3B4641C3,1450
0,0,GameData_20\texture_dlcdenkigai2016w_2.arc,10105332,90868016,1450
0,0,GameData_20\texture_kissevent2017march.arc,281,FF4EEB9B,1522
0,0,GameData_20\texture_kissevent2017march_2.arc,79432605,C1FCD24F,1522
0,0,GameData_20\texture_dlc004_2.arc,4805734,C8E5CFB4,1200
0,0,GameData_20\texture_dlc046_2.arc,596960,FC606BA5,1220
0,0,GameData_20\texture_vp001_2.arc,755269,18D5027D,1400
0,0,GameData_20\texture_yomeido003_2.arc,117248,0EE72B42,1240
0,0,manual\index.html,52620,3D3D5ACF,1170
0,0,manual\css\index.css,7168,D11B8AF5,1170
0,0,manual\img\chu-blip2.jpg,78933,95522903,1170
0,0,manual\img\com3d2wcls2_logo.png,107288,47D023F7,1170
0,0,manual\img\config.jpg,167519,C5E4FAF3,1170
0,0,manual\img\menu001.jpg,13885,25B66329,1170
0,0,manual\img\menu002.jpg,24247,87A4205F,1170
0,0,manual\img\yotogi04.jpg,239859,141EC205,1170
0,0,manual\img\yotogi05.jpg,187720,9C93EE69,1170