0,0,CM3D2.exe,9558016,7808DA5C,1004
0,0,CM3D2x86.exe,11631104,9C99BCBC,109
0,0,CM3D2x86_Data\level0,154376,BD41FBC2,109
0,0,CM3D2x86_Data\level1,209928,8890E47A,109
0,0,CM3D2x86_Data\level10,140120,C3B29090,109
0,0,CM3D2x86_Data\level11,164464,4B87678C,109
0,0,CM3D2x86_Data\level12,140120,A87E0812,109
0,0,CM3D2x86_Data\level13,423024,E75E7323,109
0,0,CM3D2x86_Data\level14,4376,17835517,109
0,0,CM3D2x86_Data\level15,143184,A8DB0C9A,109
0,0,CM3D2x86_Data\level16,4376,8DCB56C5,109
0,0,CM3D2x86_Data\level17,140880,26D29CE4,109
0,0,CM3D2x86_Data\level18,193328,E8BC4E3D,109
0,0,CM3D2x86_Data\level19,352000,33FF9E88,109
0,0,CM3D2x86_Data\level2,427672,C58BE6B9,109
0,0,CM3D2x86_Data\level3,475288,F4481910,109
0,0,CM3D2x86_Data\level4,545944,BF7730F0,109
0,0,CM3D2x86_Data\level5,140528,48630F31,109
0,0,CM3D2x86_Data\level6,277152,7DC9B19B,109
0,0,CM3D2x86_Data\level7,180952,5DB43544,109
0,0,CM3D2x86_Data\level8,177144,8958DD16,109
0,0,CM3D2x86_Data\level9,150136,B32547A2,109
0,0,CM3D2x86_Data\mainData,853016,5C017706,109
0,0,CM3D2x86_Data\PlayerConnectionConfigFile,21,7C17925C,109
0,0,CM3D2x86_Data\resources.assets,211452384,10CC850B,109
0,0,CM3D2x86_Data\sharedassets0.assets,236804000,28E3CEBC,109
0,0,CM3D2x86_Data\sharedassets1.assets,6998796,8B87FB24,109
0,0,CM3D2x86_Data\sharedassets10.assets,5256,19D20DE8,109
0,0,CM3D2x86_Data\sharedassets11.assets,466308,B20E6435,109
0,0,CM3D2x86_Data\sharedassets12.assets,5280,5743B378,109
0,0,CM3D2x86_Data\sharedassets13.assets,466308,33748BBC,109
0,0,CM3D2x86_Data\sharedassets14.assets,1758656,00F70087,109
0,0,CM3D2x86_Data\sharedassets15.assets,4112,285233AD,109
0,0,CM3D2x86_Data\sharedassets16.assets,4200896,351DF573,109
0,0,CM3D2x86_Data\sharedassets17.assets,4112,05F81993,109
0,0,CM3D2x86_Data\sharedassets18.assets,5320,5CBD29CD,109
0,0,CM3D2x86_Data\sharedassets19.assets,3691748,95BA6356,109
0,0,CM3D2x86_Data\sharedassets2.assets,5612280,0FBB669E,109
0,0,CM3D2x86_Data\sharedassets20.assets,32510400,42F67311,109
0,0,CM3D2x86_Data\sharedassets20.assets.resS,1857256,5A8E845B,109
0,0,CM3D2x86_Data\sharedassets3.assets,13906728,080B05AA,109
0,0,CM3D2x86_Data\sharedassets4.assets,155814788,85ABDA1E,109
0,0,CM3D2x86_Data\sharedassets4.assets.resS,3985350,98874744,109
0,0,CM3D2x86_Data\sharedassets5.assets,6952140,8134DF47,109
0,0,CM3D2x86_Data\sharedassets6.assets,503336,CEAABCD1,109
0,0,CM3D2x86_Data\sharedassets7.assets,5456,D422C0FC,109
0,0,CM3D2x86_Data\sharedassets8.assets,355444,133DCCAD,109
0,0,CM3D2x86_Data\sharedassets9.assets,11891548,D59F5103,109
0,0,CM3D2x86_Data\Managed\Accessibility.dll,10752,A358E135,109
0,0,CM3D2x86_Data\Managed\Assembly-CSharp-firstpass.dll,163328,8E6E693C,109
0,0,CM3D2x86_Data\Managed\Assembly-CSharp.dll,1806848,830B2A63,109
0,0,CM3D2x86_Data\Managed\Assembly-UnityScript-firstpass.dll,65024,535F315E,109
0,0,CM3D2x86_Data\Managed\Boo.Lang.dll,126976,B1FDC6B6,109
0,0,CM3D2x86_Data\Managed\JsonFx.Json.dll,70144,A0F0CFCB,109
0,0,CM3D2x86_Data\Managed\Mono.Data.Tds.dll,96256,DE9FBD55,109
0,0,CM3D2x86_Data\Managed\Mono.Posix.dll,184320,A333AAF5,109
0,0,CM3D2x86_Data\Managed\Mono.Security.dll,294912,D5BB48FC,109
0,0,CM3D2x86_Data\Managed\Mono.WebBrowser.dll,172032,5D310803,109
0,0,CM3D2x86_Data\Managed\mscorlib.dll,2590208,5A5FF75C,109
0,0,CM3D2x86_Data\Managed\System.Configuration.dll,124928,F88CF714,109
0,0,CM3D2x86_Data\Managed\System.Core.dll,300032,0504C277,109
0,0,CM3D2x86_Data\Managed\System.Data.dll,856064,1DE4F5EB,109
0,0,CM3D2x86_Data\Managed\System.dll,1678848,08B8E16D,109
0,0,CM3D2x86_Data\Managed\System.Drawing.Design.dll,29696,E7B53FF9,109
0,0,CM3D2x86_Data\Managed\System.Drawing.dll,448512,C4B2E872,109
0,0,CM3D2x86_Data\Managed\System.EnterpriseServices.dll,46592,1B56067D,109
0,0,CM3D2x86_Data\Managed\System.Security.dll,135168,A9F5B9F1,109
0,0,CM3D2x86_Data\Managed\System.Transactions.dll,27648,DE82E2C6,109
0,0,CM3D2x86_Data\Managed\System.Windows.Forms.dll,3053568,56394001,109
0,0,CM3D2x86_Data\Managed\System.Xml.dll,1270272,BCE39995,109
0,0,CM3D2x86_Data\Managed\System.Xml.Linq.dll,106496,1062D683,109
0,0,CM3D2x86_Data\Managed\UnityEngine.dll,614912,ECC4324A,109
0,0,CM3D2x86_Data\Managed\UnityEngine.UI.dll,176128,078A6C17,109
0,0,CM3D2x86_Data\Managed\UnityScript.Lang.dll,14336,FAB8DDA9,109
0,0,CM3D2x86_Data\Mono\mono.dll,2103296,36130890,109
0,0,CM3D2x86_Data\Mono\etc\mono\browscap.ini,311984,CE6C0AB3,109
0,0,CM3D2x86_Data\Mono\etc\mono\config,1691,A635914A,109
0,0,CM3D2x86_Data\Mono\etc\mono\1.0\DefaultWsdlHelpGenerator.aspx,58196,10E814BF,109
0,0,CM3D2x86_Data\Mono\etc\mono\1.0\machine.config,17259,82F1AD8B,109
0,0,CM3D2x86_Data\Mono\etc\mono\2.0\DefaultWsdlHelpGenerator.aspx,60453,F3869A34,109
0,0,CM3D2x86_Data\Mono\etc\mono\2.0\machine.config,27626,4F6C3F79,109
0,0,CM3D2x86_Data\Mono\etc\mono\2.0\settings.map,2618,A1A3C29F,109
0,0,CM3D2x86_Data\Mono\etc\mono\2.0\web.config,11686,534A9960,109
0,0,CM3D2x86_Data\Mono\etc\mono\2.0\Browsers\Compat.browser,1605,2E178A0B,109
0,0,CM3D2x86_Data\Mono\etc\mono\mconfig\config.xml,25817,80B2033A,109
0,0,CM3D2x86_Data\Plugins\cm3d2_x86.dll,1270784,BD05819F,109
0,0,CM3D2x86_Data\Plugins\device_hook.dll,77312,7EEF9868,109
0,0,CM3D2x86_Data\Resources\unity default resources,1571709,31020360,109
0,0,CM3D2x86_Data\Resources\unity_builtin_extra,372672,FDDE8793,109
0,0,GameData\csv.arc,1337924,7828541B,109
0,0,GameData\material2.arc,30840,B7AACB55,109
0,0,GameData\menu2.arc,160575,53AFF8A2,109
0,0,GameData\model2.arc,3205252,746D64FA,109
0,0,GameData\motion2.arc,57682416,DE917555,106
0,0,GameData\paths.dat,311,1316D88D,109
0,0,GameData\script.arc,11369321,9E920E83,109
0,0,GameData\sound2.arc,7121023,3F25C34A,106
0,0,GameData\texture2.arc,700882567,805D0803,109
0,0,GameData\voice2.arc,290990258,55953CD2,101
0,0,manual\data\004.png,699424,54A4DC50,101
0,0,manual\data\007.png,453984,97E623F5,101
0,0,manual\data\008.png,553674,7B23C3DF,101
0,0,manual\data\013.png,673884,992CEEC5,101
0,0,Preset\1_junshin.preset,43021,0D00795A,101
0,0,Preset\2_coodere.preset,43516,E9EBB0F2,101
0,0,Preset\3_tsundere.preset,48900,D0EF8B9E,101
0,0,Preset\4_default.preset,43697,C5E392BE,101
0,0,Preset\5_pretty_junshin.preset,40739,D9262BEF,101
0,0,Preset\6_pretty_coodere.preset,39554,E54D5766,101
0,0,Preset\7_pretty_tsundere.preset,38235,CA8437BB,101
