0,0,CM3D2OH.exe,9101312,BFC22264,1004
0,0,CM3D2OHx64.exe,14914560,1CE8D13F,114
0,0,CM3D2OHx64_Data\level0,154376,82EA35FE,114
0,0,CM3D2OHx64_Data\level1,220752,B89EAC92,114
0,0,CM3D2OHx64_Data\level10,4376,187AA540,114
0,0,CM3D2OHx64_Data\level11,143184,63C1BFF1,114
0,0,CM3D2OHx64_Data\level12,4376,4E98A60C,114
0,0,CM3D2OHx64_Data\level13,140880,EF1C7DD0,114
0,0,CM3D2OHx64_Data\level14,193328,739ED888,114
0,0,CM3D2OHx64_Data\level15,352992,BB1EEEE2,114
0,0,CM3D2OHx64_Data\level16,160592,0E9A2CFD,114
0,0,CM3D2OHx64_Data\level17,430992,360A5438,114
0,0,CM3D2OHx64_Data\level2,475288,87D1634E,114
0,0,CM3D2OHx64_Data\level3,547920,105561DF,114
0,0,CM3D2OHx64_Data\level4,140528,283C1157,114
0,0,CM3D2OHx64_Data\level5,177144,0E544BDF,114
0,0,CM3D2OHx64_Data\level6,140120,65B5FF04,114
0,0,CM3D2OHx64_Data\level7,164464,8382BB17,114
0,0,CM3D2OHx64_Data\level8,140120,899FC93E,114
0,0,CM3D2OHx64_Data\level9,428944,2D8DA9BD,114
0,0,CM3D2OHx64_Data\mainData,845376,6470E9A7,114
0,0,CM3D2OHx64_Data\PlayerConnectionConfigFile,21,01AFF19C,114
0,0,CM3D2OHx64_Data\resources.assets,219932028,15FE4790,114
0,0,CM3D2OHx64_Data\sharedassets0.assets,236804024,4D2F19AA,114
0,0,CM3D2OHx64_Data\sharedassets1.assets,6998796,71F0FC3A,114
0,0,CM3D2OHx64_Data\sharedassets10.assets,3854600,9F1632FD,114
0,0,CM3D2OHx64_Data\sharedassets11.assets,4112,04D8FC43,114
0,0,CM3D2OHx64_Data\sharedassets12.assets,4200896,891C1F8F,114
0,0,CM3D2OHx64_Data\sharedassets13.assets,4112,91CEB118,114
0,0,CM3D2OHx64_Data\sharedassets14.assets,2814296,28F8D1AA,114
0,0,CM3D2OHx64_Data\sharedassets15.assets,3691748,3B7BD341,114
0,0,CM3D2OHx64_Data\sharedassets16.assets,1587628,71C85077,114
0,0,CM3D2OHx64_Data\sharedassets17.assets,5328,50CF8E77,114
0,0,CM3D2OHx64_Data\sharedassets18.assets,72624,EC9436CA,114
0,0,CM3D2OHx64_Data\sharedassets2.assets,10846308,7D65479D,114
0,0,CM3D2OHx64_Data\sharedassets3.assets,36843892,E56AE7F2,114
0,0,CM3D2OHx64_Data\sharedassets4.assets,6952140,CCF8B07A,114
0,0,CM3D2OHx64_Data\sharedassets5.assets,503336,B202C1CF,114
0,0,CM3D2OHx64_Data\sharedassets6.assets,11891548,06709149,114
0,0,CM3D2OHx64_Data\sharedassets7.assets,466308,3C233868,114
0,0,CM3D2OHx64_Data\sharedassets8.assets,5280,CCE8CAB9,114
0,0,CM3D2OHx64_Data\sharedassets9.assets,466308,BD59D7E1,114
0,0,CM3D2OHx64_Data\Managed\Accessibility.dll,10752,A358E135,114
0,0,CM3D2OHx64_Data\Managed\Assembly-CSharp-firstpass.dll,173568,22C721ED,114
0,0,CM3D2OHx64_Data\Managed\Assembly-CSharp.dll,1885184,72D8178E,114
0,0,CM3D2OHx64_Data\Managed\Assembly-UnityScript-firstpass.dll,65024,B6ECF80A,114
0,0,CM3D2OHx64_Data\Managed\Boo.Lang.dll,126976,B1FDC6B6,114
0,0,CM3D2OHx64_Data\Managed\JsonFx.Json.dll,70144,A0F0CFCB,114
0,0,CM3D2OHx64_Data\Managed\Mono.Data.Tds.dll,96256,DE9FBD55,114
0,0,CM3D2OHx64_Data\Managed\Mono.Posix.dll,184320,A333AAF5,114
0,0,CM3D2OHx64_Data\Managed\Mono.Security.dll,294912,D5BB48FC,114
0,0,CM3D2OHx64_Data\Managed\Mono.WebBrowser.dll,172032,5D310803,114
0,0,CM3D2OHx64_Data\Managed\mscorlib.dll,2590208,5A5FF75C,114
0,0,CM3D2OHx64_Data\Managed\System.Configuration.dll,124928,F88CF714,114
0,0,CM3D2OHx64_Data\Managed\System.Core.dll,300032,0504C277,114
0,0,CM3D2OHx64_Data\Managed\System.Data.dll,856064,1DE4F5EB,114
0,0,CM3D2OHx64_Data\Managed\System.dll,1678848,08B8E16D,114
0,0,CM3D2OHx64_Data\Managed\System.Drawing.Design.dll,29696,E7B53FF9,114
0,0,CM3D2OHx64_Data\Managed\System.Drawing.dll,448512,C4B2E872,114
0,0,CM3D2OHx64_Data\Managed\System.EnterpriseServices.dll,46592,1B56067D,114
0,0,CM3D2OHx64_Data\Managed\System.Security.dll,135168,A9F5B9F1,114
0,0,CM3D2OHx64_Data\Managed\System.Transactions.dll,27648,DE82E2C6,114
0,0,CM3D2OHx64_Data\Managed\System.Windows.Forms.dll,3053568,56394001,114
0,0,CM3D2OHx64_Data\Managed\System.Xml.dll,1270272,BCE39995,114
0,0,CM3D2OHx64_Data\Managed\System.Xml.Linq.dll,106496,1062D683,114
0,0,CM3D2OHx64_Data\Managed\UnityEngine.dll,614912,9B33F0CD,114
0,0,CM3D2OHx64_Data\Managed\UnityEngine.UI.dll,176128,078A6C17,114
0,0,CM3D2OHx64_Data\Managed\UnityScript.Lang.dll,14336,FAB8DDA9,114
0,0,CM3D2OHx64_Data\Mono\mono.dll,2601984,5E0870C0,114
0,0,CM3D2OHx64_Data\Mono\etc\mono\browscap.ini,311984,CE6C0AB3,114
0,0,CM3D2OHx64_Data\Mono\etc\mono\config,1691,A635914A,114
0,0,CM3D2OHx64_Data\Mono\etc\mono\1.0\DefaultWsdlHelpGenerator.aspx,58196,10E814BF,114
0,0,CM3D2OHx64_Data\Mono\etc\mono\1.0\machine.config,17259,82F1AD8B,114
0,0,CM3D2OHx64_Data\Mono\etc\mono\2.0\DefaultWsdlHelpGenerator.aspx,60453,F3869A34,114
0,0,CM3D2OHx64_Data\Mono\etc\mono\2.0\machine.config,27626,4F6C3F79,114
0,0,CM3D2OHx64_Data\Mono\etc\mono\2.0\settings.map,2618,A1A3C29F,114
0,0,CM3D2OHx64_Data\Mono\etc\mono\2.0\web.config,11686,534A9960,114
0,0,CM3D2OHx64_Data\Mono\etc\mono\2.0\Browsers\Compat.browser,1605,2E178A0B,114
0,0,CM3D2OHx64_Data\Mono\etc\mono\mconfig\config.xml,25817,80B2033A,114
0,0,CM3D2OHx64_Data\Plugins\cm3d2_hole_x64.dll,339968,0D474C6D,114
0,0,CM3D2OHx64_Data\Plugins\cm3d2_x64.dll,1481216,0929FB15,114
0,0,CM3D2OHx64_Data\Plugins\device_hook.dll,87552,65F0207E,114
0,0,CM3D2OHx64_Data\Resources\unity default resources,1571709,31020360,114
0,0,CM3D2OHx64_Data\Resources\unity_builtin_extra,372672,3A678224,114
0,0,GameData\csv.arc,1450266,17398CD6,113
0,0,GameData\csv_cbl.arc,146048,5ADBA515,112
0,0,GameData\material2.arc,41309,E4FB9F26,114
0,0,GameData\menu2.arc,166849,ADAE5A21,113
0,0,GameData\model2.arc,4181861,8D3DA101,114
0,0,GameData\paths.dat,399,04576E83,114
0,0,GameData\prioritymaterial.arc,76436,EB476AFB,113
0,0,GameData\script_cbl.arc,1430569,705C0A9A,112
0,0,GameData\sound2.arc,7107886,4EDEB0E1,114
0,0,GameData\texture2.arc,748712227,393809F6,113
0,0,GameData\voice_cbl2.arc,9627083,76D43E7B,109
