0,0,GameData\material_dlc023.arc,4800,D74A2F0F,100
0,0,GameData\material_dlc024.arc,3399,20835651,100
0,0,GameData\material_dlc025.arc,4428,C4E419B0,100
0,0,GameData\material_dlc026.arc,18159,2FC0ECA4,100
0,0,GameData\material_dlc027.arc,13836,7B79D10F,100
0,0,GameData\menu_dlc023.arc,3342,78D8ACF2,100
0,0,GameData\menu_dlc024.arc,2345,200CB92D,100
0,0,GameData\menu_dlc025.arc,3398,97CF33AD,100
0,0,GameData\menu_dlc026.arc,15319,DD39C4D2,100
0,0,GameData\menu_dlc027.arc,19234,5104EE97,100
0,0,GameData\model_dlc023.arc,1563098,04ED7F8D,100
0,0,GameData\model_dlc024.arc,512907,D66D2DFB,100
0,0,GameData\model_dlc025.arc,276518,7D9B268E,100
0,0,GameData\model_dlc026.arc,1194584,AFC88398,100
0,0,GameData\model_dlc027.arc,3689458,AE0DDC5C,100
0,0,GameData\paths.dat,769,001DCBDE,116
0,0,GameData\prioritymaterial.arc,78637,866F0F96,116
0,0,GameData\texture_dlc023.arc,39622774,8B0D7B35,100
0,0,GameData\texture_dlc024.arc,30362039,D3645F58,100
0,0,GameData\texture_dlc025.arc,21413167,BFD5C113,100
0,0,GameData\texture_dlc026.arc,11820174,60EF1786,100
0,0,GameData\texture_dlc027.arc,15136662,A240B5BE,100
