0,0,CM3D2VRx64.exe,20649984,6EFB2A0D,1460
0,0,CM3D2VRx64_DirectToRift.exe,465408,ED45B3A7,1460
0,0,LICENSE,3453,541AF859,1460
0,0,CM3D2VRx64_Data\globalgamemanagers,1447052,E99CF413,1460
0,0,CM3D2VRx64_Data\globalgamemanagers.assets,143588,65D76AEF,1460
0,0,CM3D2VRx64_Data\level0,189228,953AEDAE,1460
0,0,CM3D2VRx64_Data\level1,207204,F22212D6,1460
0,0,CM3D2VRx64_Data\level10,201884,5DF75DC0,1460
0,0,CM3D2VRx64_Data\level11,189780,410E3068,1460
0,0,CM3D2VRx64_Data\level12,217228,77ED46B8,1460
0,0,CM3D2VRx64_Data\level13,190812,669424FA,1460
0,0,CM3D2VRx64_Data\level14,571668,272F2768,1460
0,0,CM3D2VRx64_Data\level15,4640,EE37CB1A,1460
0,0,CM3D2VRx64_Data\level16,191852,4FC7B328,1460
0,0,CM3D2VRx64_Data\level17,4640,FF5B8788,1460
0,0,CM3D2VRx64_Data\level18,209972,7A4F6DEB,1460
0,0,CM3D2VRx64_Data\level19,304540,F5A6BC87,1460
0,0,CM3D2VRx64_Data\level2,207092,A253D5D6,1460
0,0,CM3D2VRx64_Data\level20,451436,DF4A5F81,1460
0,0,CM3D2VRx64_Data\level21,215340,B2A6073A,1460
0,0,CM3D2VRx64_Data\level22,537844,5980980C,1460
0,0,CM3D2VRx64_Data\level23,273340,55E42182,1460
0,0,CM3D2VRx64_Data\level24,310620,173311AC,1460
0,0,CM3D2VRx64_Data\level25,213556,B4F431E6,1460
0,0,CM3D2VRx64_Data\level26,660292,275C8999,1460
0,0,CM3D2VRx64_Data\level27,1291580,E669F249,1460
0,0,CM3D2VRx64_Data\level28,519500,03F292A0,1460
0,0,CM3D2VRx64_Data\level29,213612,77DABBE1,1460
0,0,CM3D2VRx64_Data\level3,428732,1E752982,1460
0,0,CM3D2VRx64_Data\level30,612484,53EA737A,1460
0,0,CM3D2VRx64_Data\level31,843692,391ACAD4,1460
0,0,CM3D2VRx64_Data\level32,704636,5B344A58,1460
0,0,CM3D2VRx64_Data\level33,205516,90161F24,1460
0,0,CM3D2VRx64_Data\level34,551796,BD268DC5,1460
0,0,CM3D2VRx64_Data\level35,826852,C07785B5,1460
0,0,CM3D2VRx64_Data\level4,597268,AF75600D,1460
0,0,CM3D2VRx64_Data\level5,620148,4BC61F66,1460
0,0,CM3D2VRx64_Data\level6,190276,A8966CBC,1460
0,0,CM3D2VRx64_Data\level7,363748,395A6707,1460
0,0,CM3D2VRx64_Data\level8,238724,24DBCBFB,1460
0,0,CM3D2VRx64_Data\level9,234348,8D572079,1460
0,0,CM3D2VRx64_Data\resources.assets,253417056,67245EB3,1460
0,0,CM3D2VRx64_Data\resources.assets.resS,412237800,5DB6EDB6,1460
0,0,CM3D2VRx64_Data\sharedassets0.assets,16483048,1ADF566A,1460
0,0,CM3D2VRx64_Data\sharedassets0.assets.resS,121728032,217CBB40,1460
0,0,CM3D2VRx64_Data\sharedassets1.assets,5920,D25B6021,1460
0,0,CM3D2VRx64_Data\sharedassets10.assets,5764,CEC2E200,1460
0,0,CM3D2VRx64_Data\sharedassets11.assets,5764,3E1FA02D,1460
0,0,CM3D2VRx64_Data\sharedassets12.assets,5788,7F7C810B,1460
0,0,CM3D2VRx64_Data\sharedassets13.assets,5812,6EAE7620,1460
0,0,CM3D2VRx64_Data\sharedassets14.assets,6340,0C4BE558,1460
0,0,CM3D2VRx64_Data\sharedassets15.assets,4132,6F3CAB80,1460
0,0,CM3D2VRx64_Data\sharedassets16.assets,5824,7C53E1C0,1460
0,0,CM3D2VRx64_Data\sharedassets17.assets,4132,BDA095C0,1460
0,0,CM3D2VRx64_Data\sharedassets18.assets,6544,F0B20BD3,1460
0,0,CM3D2VRx64_Data\sharedassets19.assets,5788,722B6C2D,1460
0,0,CM3D2VRx64_Data\sharedassets2.assets,5968,A817FF4A,1460
0,0,CM3D2VRx64_Data\sharedassets20.assets,215280,5DCB94A6,1460
0,0,CM3D2VRx64_Data\sharedassets20.assets.resS,51968,C41BC4E7,1460
0,0,CM3D2VRx64_Data\sharedassets21.assets,5860,94C1CAB0,1460
0,0,CM3D2VRx64_Data\sharedassets22.assets,74160,EB1364C0,1460
0,0,CM3D2VRx64_Data\sharedassets23.assets,6004,85D0CD6B,1460
0,0,CM3D2VRx64_Data\sharedassets24.assets,5884,0A5B0FD1,1460
0,0,CM3D2VRx64_Data\sharedassets25.assets,5872,0AFF7082,1460
0,0,CM3D2VRx64_Data\sharedassets26.assets,8128,9DDEE460,1460
0,0,CM3D2VRx64_Data\sharedassets27.assets,6580,1C1081D4,1460
0,0,CM3D2VRx64_Data\sharedassets28.assets,39511712,D63D486A,1460
0,0,CM3D2VRx64_Data\sharedassets29.assets,5872,D72067AC,1460
0,0,CM3D2VRx64_Data\sharedassets3.assets,6340,6B3532A1,1460
0,0,CM3D2VRx64_Data\sharedassets30.assets,67700952,6B9C28E9,1460
0,0,CM3D2VRx64_Data\sharedassets31.assets,67690184,8DBDD071,1460
0,0,CM3D2VRx64_Data\sharedassets32.assets,47233820,A4752D1A,1460
0,0,CM3D2VRx64_Data\sharedassets32.resource,3813344,7B95E5D4,1460
0,0,CM3D2VRx64_Data\sharedassets33.assets,5788,5128B1CE,1460
0,0,CM3D2VRx64_Data\sharedassets34.assets,80174972,30A70F39,1460
0,0,CM3D2VRx64_Data\sharedassets35.assets,84139364,04C8A026,1460
0,0,CM3D2VRx64_Data\sharedassets4.assets,1310240,91E1261D,1460
0,0,CM3D2VRx64_Data\sharedassets5.assets,6448,2BD2D0F9,1460
0,0,CM3D2VRx64_Data\sharedassets6.assets,5788,CC68C5CB,1460
0,0,CM3D2VRx64_Data\sharedassets7.assets,6064,E6D1C6F6,1460
0,0,CM3D2VRx64_Data\sharedassets8.assets,5944,3324E84D,1460
0,0,CM3D2VRx64_Data\sharedassets9.assets,6268,76A5904E,1460
0,0,CM3D2VRx64_Data\Managed\Accessibility.dll,10752,594EE943,1460
0,0,CM3D2VRx64_Data\Managed\Assembly-CSharp-firstpass.dll,772608,CE32C353,1460
0,0,CM3D2VRx64_Data\Managed\Assembly-CSharp.dll,2630656,2437938E,1460
0,0,CM3D2VRx64_Data\Managed\Assembly-UnityScript-firstpass.dll,65024,C9158813,1460
0,0,CM3D2VRx64_Data\Managed\Boo.Lang.dll,126976,9ADD3789,1460
0,0,CM3D2VRx64_Data\Managed\FoveUnityPlugin.dll,28672,A6EA882B,1460
0,0,CM3D2VRx64_Data\Managed\Ionic.Zlib.dll,102400,7C9E7DD2,1460
0,0,CM3D2VRx64_Data\Managed\JsonFx.Json.dll,70144,A0F0CFCB,1460
0,0,CM3D2VRx64_Data\Managed\LeapCSharp.NET3.5.dll,82432,38E38212,1460
0,0,CM3D2VRx64_Data\Managed\Mono.Data.Tds.dll,96256,DDA7BAB7,1460
0,0,CM3D2VRx64_Data\Managed\Mono.Posix.dll,184320,C7063ABB,1460
0,0,CM3D2VRx64_Data\Managed\Mono.Security.dll,294912,8C7E67B3,1460
0,0,CM3D2VRx64_Data\Managed\Mono.WebBrowser.dll,172032,541986C3,1460
0,0,CM3D2VRx64_Data\Managed\mscorlib.dll,2589696,AFA570E5,1460
0,0,CM3D2VRx64_Data\Managed\System.Configuration.dll,124928,D5F2A804,1460
0,0,CM3D2VRx64_Data\Managed\System.Core.dll,297472,BCE2218F,1460
0,0,CM3D2VRx64_Data\Managed\System.Data.dll,856064,F1D38D2E,1460
0,0,CM3D2VRx64_Data\Managed\System.dll,1679360,288F722A,1460
0,0,CM3D2VRx64_Data\Managed\System.Drawing.Design.dll,29696,E7B53FF9,1460
0,0,CM3D2VRx64_Data\Managed\System.Drawing.dll,448512,C4B2E872,1460
0,0,CM3D2VRx64_Data\Managed\System.EnterpriseServices.dll,46592,75A19B93,1460
0,0,CM3D2VRx64_Data\Managed\System.Security.dll,135168,365C74A7,1460
0,0,CM3D2VRx64_Data\Managed\System.Transactions.dll,27648,203D65C1,1460
0,0,CM3D2VRx64_Data\Managed\System.Windows.Forms.dll,3053568,56394001,1460
0,0,CM3D2VRx64_Data\Managed\System.Xml.dll,1270272,9B79033F,1460
0,0,CM3D2VRx64_Data\Managed\System.Xml.Linq.dll,106496,B3ACF139,1460
0,0,CM3D2VRx64_Data\Managed\UnityEngine.dll,972800,B3EB425F,1460
0,0,CM3D2VRx64_Data\Managed\UnityEngine.dll.mdb,353934,02424F6C,1460
0,0,CM3D2VRx64_Data\Managed\UnityEngine.Networking.dll,230912,EBC88F56,1460
0,0,CM3D2VRx64_Data\Managed\UnityEngine.UI.dll,219136,8E43BC11,1460
0,0,CM3D2VRx64_Data\Managed\UnityScript.Lang.dll,14336,13EE284D,1460
0,0,CM3D2VRx64_Data\Managed\zxing.unity.dll,430592,9FD1F198,1460
0,0,CM3D2VRx64_Data\Mono\mono.dll,2612696,2A5A1006,1460
0,0,CM3D2VRx64_Data\Mono\etc\mono\browscap.ini,311984,CE6C0AB3,1460
0,0,CM3D2VRx64_Data\Mono\etc\mono\config,1691,A635914A,1460
0,0,CM3D2VRx64_Data\Mono\etc\mono\1.0\DefaultWsdlHelpGenerator.aspx,58196,10E814BF,1460
0,0,CM3D2VRx64_Data\Mono\etc\mono\1.0\machine.config,17258,EDE1AC59,1460
0,0,CM3D2VRx64_Data\Mono\etc\mono\2.0\DefaultWsdlHelpGenerator.aspx,60453,F3869A34,1460
0,0,CM3D2VRx64_Data\Mono\etc\mono\2.0\machine.config,27625,73C91C24,1460
0,0,CM3D2VRx64_Data\Mono\etc\mono\2.0\settings.map,2618,A1A3C29F,1460
0,0,CM3D2VRx64_Data\Mono\etc\mono\2.0\web.config,11686,534A9960,1460
0,0,CM3D2VRx64_Data\Mono\etc\mono\2.0\Browsers\Compat.browser,1605,2E178A0B,1460
0,0,CM3D2VRx64_Data\Mono\etc\mono\mconfig\config.xml,25817,80B2033A,1460
0,0,CM3D2VRx64_Data\Plugins\cm3d2_x64.dll,1544192,1FEE76CF,1460
0,0,CM3D2VRx64_Data\Plugins\device_hook.dll,392704,C273C518,1460
0,0,CM3D2VRx64_Data\Plugins\FoveClient.dll,1849384,58C8B4F6,1460
0,0,CM3D2VRx64_Data\Plugins\LeapC.dll,2516992,FBDD3767,1460
0,0,CM3D2VRx64_Data\Plugins\openvr_api.dll,318272,44432E0F,1460
0,0,CM3D2VRx64_Data\Plugins\OVRGamepad.dll,12800,2C526135,1460
0,0,CM3D2VRx64_Data\Plugins\OVRPlugin.dll,1894312,38EDD831,1460
0,0,CM3D2VRx64_Data\Resources\unity default resources,1544700,7137E221,1460
0,0,CM3D2VRx64_Data\Resources\unity_builtin_extra,142196,DF9A5755,1460
0,0,GameData\material_vr.arc,6184,D2EAFD73,130
0,0,GameData\menu_vr.arc,3407,D3B43CF5,130
0,0,GameData\model_vr.arc,866449,B84B7620,130
0,0,GameData\texture_vr.arc,1111256,DF651968,130
