0,0,CM3D2OH.exe,7707136,A913B79B,1007
0,0,CM3D2OHx64.exe,14915584,EEBFF07A,128
0,0,CM3D2OHx64_Data\level0,165088,8A5ABDD6,128
0,0,CM3D2OHx64_Data\level1,233232,B921E13F,128
0,0,CM3D2OHx64_Data\level10,4376,3C01B194,128
0,0,CM3D2OHx64_Data\level11,153896,9E489C95,128
0,0,CM3D2OHx64_Data\level12,4376,5BAB4085,128
0,0,CM3D2OHx64_Data\level13,162224,FBC99E1D,128
0,0,CM3D2OHx64_Data\level14,224968,5747F04A,128
0,0,CM3D2OHx64_Data\level15,366096,3A4CDF41,128
0,0,CM3D2OHx64_Data\level16,171304,CC8BE6ED,128
0,0,CM3D2OHx64_Data\level17,443688,C30A81BE,128
0,0,CM3D2OHx64_Data\level18,214408,64E22BFA,128
0,0,CM3D2OHx64_Data\level19,552280,934F4E16,128
0,0,CM3D2OHx64_Data\level2,488752,2E4F6882,128
0,0,CM3D2OHx64_Data\level20,640960,8E81C78B,128
0,0,CM3D2OHx64_Data\level21,431480,3BCB408D,128
0,0,CM3D2OHx64_Data\level3,558632,6FFAC02D,128
0,0,CM3D2OHx64_Data\level4,151240,489BBD5D,128
0,0,CM3D2OHx64_Data\level5,187856,AC656B06,128
0,0,CM3D2OHx64_Data\level6,150816,D513F418,128
0,0,CM3D2OHx64_Data\level7,175176,F9CBF515,128
0,0,CM3D2OHx64_Data\level8,151248,177301D3,128
0,0,CM3D2OHx64_Data\level9,453488,9F7F74BB,128
0,0,CM3D2OHx64_Data\mainData,981120,6513B00C,128
0,0,CM3D2OHx64_Data\PlayerConnectionConfigFile,21,D50B3093,128
0,0,CM3D2OHx64_Data\resources.assets,228732356,F7AA951D,128
0,0,CM3D2OHx64_Data\sharedassets0.assets,237166976,75ADC207,128
0,0,CM3D2OHx64_Data\sharedassets1.assets,6649276,4154B753,128
0,0,CM3D2OHx64_Data\sharedassets10.assets,4553936,B7D710F0,128
0,0,CM3D2OHx64_Data\sharedassets11.assets,4112,AFC2ECF8,128
0,0,CM3D2OHx64_Data\sharedassets12.assets,4200912,00812D7D,128
0,0,CM3D2OHx64_Data\sharedassets13.assets,4112,85D5607B,128
0,0,CM3D2OHx64_Data\sharedassets14.assets,52417456,2F09AEAE,128
0,0,CM3D2OHx64_Data\sharedassets15.assets,3691764,BBBC658B,128
0,0,CM3D2OHx64_Data\sharedassets16.assets,1587644,B7A36404,128
0,0,CM3D2OHx64_Data\sharedassets17.assets,5336,A63BA865,128
0,0,CM3D2OHx64_Data\sharedassets18.assets,72640,56BBC37B,128
0,0,CM3D2OHx64_Data\sharedassets19.assets,5424,2CF8C84D,128
0,0,CM3D2OHx64_Data\sharedassets2.assets,10497772,F41C4BCD,128
0,0,CM3D2OHx64_Data\sharedassets20.assets,1423756,0DA8BB52,128
0,0,CM3D2OHx64_Data\sharedassets21.assets,5648,C32BB2A6,128
0,0,CM3D2OHx64_Data\sharedassets22.assets,39509480,4B4601BB,128
0,0,CM3D2OHx64_Data\sharedassets3.assets,36843908,2C139441,128
0,0,CM3D2OHx64_Data\sharedassets4.assets,6952156,E25BAE37,128
0,0,CM3D2OHx64_Data\sharedassets5.assets,503352,B4A74E1F,128
0,0,CM3D2OHx64_Data\sharedassets6.assets,11891564,C1DFC7DC,128
0,0,CM3D2OHx64_Data\sharedassets7.assets,466324,957396B5,128
0,0,CM3D2OHx64_Data\sharedassets8.assets,5296,EB19F07E,128
0,0,CM3D2OHx64_Data\sharedassets9.assets,927416,A789BC38,128
0,0,CM3D2OHx64_Data\Managed\Accessibility.dll,10752,A358E135,128
0,0,CM3D2OHx64_Data\Managed\Assembly-CSharp-firstpass.dll,176128,EF6BDD46,128
0,0,CM3D2OHx64_Data\Managed\Assembly-CSharp.dll,2228736,BB6B421A,128
0,0,CM3D2OHx64_Data\Managed\Assembly-UnityScript-firstpass.dll,65024,5FA1B335,128
0,0,CM3D2OHx64_Data\Managed\Boo.Lang.dll,126976,B1FDC6B6,128
0,0,CM3D2OHx64_Data\Managed\JsonFx.Json.dll,70144,A0F0CFCB,128
0,0,CM3D2OHx64_Data\Managed\Mono.Data.Tds.dll,96256,DE9FBD55,128
0,0,CM3D2OHx64_Data\Managed\Mono.Posix.dll,184320,A333AAF5,128
0,0,CM3D2OHx64_Data\Managed\Mono.Security.dll,294912,D5BB48FC,128
0,0,CM3D2OHx64_Data\Managed\Mono.WebBrowser.dll,172032,5D310803,128
0,0,CM3D2OHx64_Data\Managed\mscorlib.dll,2590208,5A5FF75C,128
0,0,CM3D2OHx64_Data\Managed\System.Configuration.dll,124928,F88CF714,128
0,0,CM3D2OHx64_Data\Managed\System.Core.dll,300032,0504C277,128
0,0,CM3D2OHx64_Data\Managed\System.Data.dll,856064,1DE4F5EB,128
0,0,CM3D2OHx64_Data\Managed\System.dll,1678848,08B8E16D,128
0,0,CM3D2OHx64_Data\Managed\System.Drawing.Design.dll,29696,E7B53FF9,128
0,0,CM3D2OHx64_Data\Managed\System.Drawing.dll,448512,C4B2E872,128
0,0,CM3D2OHx64_Data\Managed\System.EnterpriseServices.dll,46592,1B56067D,128
0,0,CM3D2OHx64_Data\Managed\System.Security.dll,135168,A9F5B9F1,128
0,0,CM3D2OHx64_Data\Managed\System.Transactions.dll,27648,DE82E2C6,128
0,0,CM3D2OHx64_Data\Managed\System.Windows.Forms.dll,3053568,56394001,128
0,0,CM3D2OHx64_Data\Managed\System.Xml.dll,1270272,BCE39995,128
0,0,CM3D2OHx64_Data\Managed\System.Xml.Linq.dll,106496,1062D683,128
0,0,CM3D2OHx64_Data\Managed\UnityEngine.dll,614912,6F2B6F30,128
0,0,CM3D2OHx64_Data\Managed\UnityEngine.UI.dll,176128,380C2545,128
0,0,CM3D2OHx64_Data\Managed\UnityScript.Lang.dll,14336,FAB8DDA9,128
0,0,CM3D2OHx64_Data\Mono\mono.dll,2601984,5E0870C0,128
0,0,CM3D2OHx64_Data\Mono\etc\mono\browscap.ini,311984,CE6C0AB3,128
0,0,CM3D2OHx64_Data\Mono\etc\mono\config,1691,A635914A,128
0,0,CM3D2OHx64_Data\Mono\etc\mono\1.0\DefaultWsdlHelpGenerator.aspx,58196,10E814BF,128
0,0,CM3D2OHx64_Data\Mono\etc\mono\1.0\machine.config,17259,82F1AD8B,128
0,0,CM3D2OHx64_Data\Mono\etc\mono\2.0\DefaultWsdlHelpGenerator.aspx,60453,F3869A34,128
0,0,CM3D2OHx64_Data\Mono\etc\mono\2.0\machine.config,27626,4F6C3F79,128
0,0,CM3D2OHx64_Data\Mono\etc\mono\2.0\settings.map,2618,A1A3C29F,128
0,0,CM3D2OHx64_Data\Mono\etc\mono\2.0\web.config,11686,534A9960,128
0,0,CM3D2OHx64_Data\Mono\etc\mono\2.0\Browsers\Compat.browser,1605,2E178A0B,128
0,0,CM3D2OHx64_Data\Mono\etc\mono\mconfig\config.xml,25817,80B2033A,128
0,0,CM3D2OHx64_Data\Plugins\cm3d2_hole_x64.dll,339968,09BB14AC,128
0,0,CM3D2OHx64_Data\Plugins\cm3d2_x64.dll,1512960,0A8F8009,128
0,0,CM3D2OHx64_Data\Plugins\device_hook.dll,87552,65F0207E,128
0,0,CM3D2OHx64_Data\Resources\unity default resources,1571709,31020360,128
0,0,CM3D2OHx64_Data\Resources\unity_builtin_extra,372672,13813718,128
0,0,GameData\bg_pp001_2.arc,1237157,C9D912F7,1220
0,0,GameData\csv.arc,1958016,0E9D85DA,1280
0,0,GameData\csv_addpose001.arc,1235,D06FCA6D,1220
0,0,GameData\csv_cbl.arc,396447,0AC078E2,1280
0,0,GameData\csv_vp001_2.arc,2082,25E58CEB,1160
0,0,GameData\material2.arc,196884,BED668DB,1220
0,0,GameData\material_denkigai2015s003_2.arc,7106,0C82D791,1150
0,0,GameData\material_dlc055_2.arc,5282,11A93109,1280
0,0,GameData\material_dlsite_2.arc,1762,C5A837EA,1150
0,0,GameData\material_shop001_2.arc,1762,D98CED1C,1150
0,0,GameData\material_shop002_2.arc,1762,956BB00E,1150
0,0,GameData\material_shop003_2.arc,1762,38CEBFF2,1150
0,0,GameData\material_shop005_2.arc,1714,3E621A32,1150
0,0,GameData\material_shop007_2.arc,2578,C8CE627C,1150
0,0,GameData\material_vp001_2.arc,9554,066C9CA9,1150
0,0,GameData\material_yomeido003_2.arc,1522,0689A7AC,1240
0,0,GameData\menu2.arc,222431,D166D9EA,1240
0,0,GameData\menu_denkigai2015s001_2.arc,6594,8B3E849F,1160
0,0,GameData\menu_denkigai2015s003_2.arc,4338,D294CE88,1150
0,0,GameData\menu_dlc026_2.arc,3778,69453D54,1190
0,0,GameData\menu_dlc028_2.arc,3874,DE3F1C31,1200
0,0,GameData\menu_dlsite_2.arc,1954,B2268BA7,1150
0,0,GameData\menu_shop001_2.arc,3314,35207C87,1150
0,0,GameData\menu_shop005_2.arc,1378,0C9AF725,1150
0,0,GameData\menu_vp001_2.arc,18546,5FFF33DA,1150
0,0,GameData\menu_yomeido003_2.arc,1234,4D6F619D,1240
0,0,GameData\model2.arc,12131735,DE965C29,1270
0,0,GameData\model_denkigai2015s003_2.arc,394665,41A48185,1150
0,0,GameData\model_dlc005_2.arc,175424,F7DD7D82,1270
0,0,GameData\model_dlc046_2.arc,155690,83B34173,1220
0,0,GameData\model_dlsite_2.arc,197173,24366C43,1150
0,0,GameData\model_shop001_2.arc,115215,9C941FAF,1150
0,0,GameData\model_shop002_2.arc,251253,743C3D97,1150
0,0,GameData\model_shop003_2.arc,185433,A15EC70A,1150
0,0,GameData\model_shop005_2.arc,150103,FB5341FA,1150
0,0,GameData\model_shop007_2.arc,288759,80615CBD,1150
0,0,GameData\model_vp001_2.arc,290407,A19508D6,1150
0,0,GameData\motion_cbl2.arc,434674,212D7235,1270
0,0,GameData\motion_cbl_addpose001.arc,902201,447E5863,1220
0,0,GameData\motion_cbl_vp001_2.arc,141603,80D0D160,1160
0,0,GameData\motion_cbl_ytgc002_2.arc,2475220,008FABF0,1160
0,0,GameData\paths.dat,1602,556E083F,1280
0,0,GameData\prioritymaterial.arc,103092,F1E4A71A,1280
0,0,GameData\script_cbl.arc,1874291,3EB88A35,1280
0,0,GameData\script_cbl_addpose001.arc,1219,0C884F57,1220
0,0,GameData\script_cbl_personal001_2.arc,340451,B4150145,1260
0,0,GameData\texture3.arc,7019959,685D3693,1280
0,0,GameData\texture_addpose001.arc,23943,1D529A44,1220
0,0,GameData\texture_dlc004_2.arc,4805734,C8E5CFB4,1200
0,0,GameData\texture_dlc046_2.arc,596960,FC606BA5,1220
0,0,GameData\texture_yomeido003_2.arc,117248,0EE72B42,1240
0,0,GameData\sound2.arc,7402763,5D761564,1170
0,0,GameData\voice_cbl2.arc,9627083,76D43E7B,1090
0,0,manual\data\005.png,459612,3AF928C5,1170
0,0,manual\data\010.png,800070,5269304C,1170
0,0,PhotoModeData\Mod\Motion\readme.txt,146,3BF5AF4D,1220
0,0,Preset\8_ren_1_yosiko.preset,55432,D54FD70C,1220
0,0,Preset\8_ren_2_ayumi.preset,51097,3C44F9DB,1220
0,0,Preset\8_ren_3_sakura.preset,52635,33F54D90,1220
0,0,Preset\8_ren_4_ai.preset,46819,9B6E5960,1220
