0,0,COM3D2OHx64_Data\Managed\Accessibility.dll,12288,778A87C9,34402
0,0,COM3D2OHx64_Data\Managed\Assembly-CSharp.dll,6427136,A4E8B27B,34402
0,0,COM3D2OHx64_Data\Managed\Assembly-CSharp-firstpass.dll,878592,67FE193F,34402
0,0,COM3D2OHx64_Data\Managed\BouncyCastle.Crypto.dll,2236416,5A4C4F07,34402
0,0,COM3D2OHx64_Data\Managed\FoveUnityPlugin.dll,28672,A6EA882B,34402
0,0,COM3D2OHx64_Data\Managed\ICSharpCode.SharpZipLib.dll,200704,D3160A1C,34402
0,0,COM3D2OHx64_Data\Managed\Ionic.Zlib.dll,102400,7C9E7DD2,34402
0,0,COM3D2OHx64_Data\Managed\JsonFx.Json.dll,70144,A0F0CFCB,34402
0,0,COM3D2OHx64_Data\Managed\LeapCSharp.NET3.5.dll,82432,38E38212,34402
0,0,COM3D2OHx64_Data\Managed\MagicaCloth.dll,380416,1C2121EB,34402
0,0,COM3D2OHx64_Data\Managed\MagicaClothV2.dll,419840,D415BBF2,34402
0,0,COM3D2OHx64_Data\Managed\MessagePack.Annotations.dll,8192,F61E27B3,34402
0,0,COM3D2OHx64_Data\Managed\MessagePack.dll,331776,7D7C0AF1,34402
0,0,COM3D2OHx64_Data\Managed\Microsoft.NET.StringTools.dll,30336,C3CACDD5,34402
0,0,COM3D2OHx64_Data\Managed\Mono.Posix.dll,214528,968E9B9D,34402
0,0,COM3D2OHx64_Data\Managed\Mono.Security.dll,241152,90CD243C,34402
0,0,COM3D2OHx64_Data\Managed\Mono.WebBrowser.dll,166912,9EC422AF,34402
0,0,COM3D2OHx64_Data\Managed\mscorlib.dll,4631552,1CC22052,34402
0,0,COM3D2OHx64_Data\Managed\netstandard.dll,90112,975FFBBE,34402
0,0,COM3D2OHx64_Data\Managed\Newtonsoft.Json.dll,691712,8CEF25D0,34402
0,0,COM3D2OHx64_Data\Managed\System.ComponentModel.Composition.dll,257024,44EC5201,34402
0,0,COM3D2OHx64_Data\Managed\System.Configuration.dll,124928,5CF4B8F7,34402
0,0,COM3D2OHx64_Data\Managed\System.Core.dll,1113088,2602A15A,34402
0,0,COM3D2OHx64_Data\Managed\System.Data.DataSetExtensions.dll,29696,7A0640D6,34402
0,0,COM3D2OHx64_Data\Managed\System.Data.dll,2125312,07CEA976,34402
0,0,COM3D2OHx64_Data\Managed\System.dll,2637824,DC1055E7,34402
0,0,COM3D2OHx64_Data\Managed\System.Drawing.Design.dll,29696,E7B53FF9,34402
0,0,COM3D2OHx64_Data\Managed\System.Drawing.dll,489984,9C7932A7,34402
0,0,COM3D2OHx64_Data\Managed\System.EnterpriseServices.dll,44544,9D5266BB,34402
0,0,COM3D2OHx64_Data\Managed\System.IO.Compression.dll,114688,5A843287,34402
0,0,COM3D2OHx64_Data\Managed\System.IO.Compression.FileSystem.dll,18432,FE8B8424,34402
0,0,COM3D2OHx64_Data\Managed\System.Memory.dll,4608,F0BBFFDF,34402
0,0,COM3D2OHx64_Data\Managed\System.Net.Http.dll,122880,C982D760,34402
0,0,COM3D2OHx64_Data\Managed\System.Numerics.dll,119296,1947467C,34402
0,0,COM3D2OHx64_Data\Managed\System.Runtime.CompilerServices.Unsafe.dll,18024,8C9A1A8B,34402
0,0,COM3D2OHx64_Data\Managed\System.Runtime.dll,12288,58AE9F48,34402
0,0,COM3D2OHx64_Data\Managed\System.Runtime.Serialization.dll,934400,6800AA2B,34402
0,0,COM3D2OHx64_Data\Managed\System.Security.dll,320000,8BEA3DC4,34402
0,0,COM3D2OHx64_Data\Managed\System.ServiceModel.Internals.dll,215040,9655D9FB,34402
0,0,COM3D2OHx64_Data\Managed\System.Transactions.dll,35328,E2FF2F1E,34402
0,0,COM3D2OHx64_Data\Managed\System.Windows.Forms.dll,3053568,56394001,34402
0,0,COM3D2OHx64_Data\Managed\System.Xml.dll,3160064,6066CFE3,34402
0,0,COM3D2OHx64_Data\Managed\System.Xml.Linq.dll,136704,DDFB724A,34402
0,0,COM3D2OHx64_Data\Managed\Unity.AI.Navigation.dll,20480,4EBA83D8,34402
0,0,COM3D2OHx64_Data\Managed\Unity.Burst.dll,317440,993EDE70,34402
0,0,COM3D2OHx64_Data\Managed\Unity.Burst.Unsafe.dll,5632,D504B969,34402
0,0,COM3D2OHx64_Data\Managed\Unity.Collections.dll,446976,2AE2073F,34402
0,0,COM3D2OHx64_Data\Managed\Unity.Collections.LowLevel.ILSupport.dll,4608,15F3B0BE,34402
0,0,COM3D2OHx64_Data\Managed\Unity.InputSystem.dll,1102336,70578A8C,34402
0,0,COM3D2OHx64_Data\Managed\Unity.InputSystem.ForUI.dll,4608,1DB77971,34402
0,0,COM3D2OHx64_Data\Managed\Unity.Mathematics.dll,741376,4962D9A0,34402
0,0,COM3D2OHx64_Data\Managed\Unity.MemoryProfiler.dll,6144,3D26796C,34402
0,0,COM3D2OHx64_Data\Managed\Unity.Profiling.Core.dll,10240,BADC5DBE,34402
0,0,COM3D2OHx64_Data\Managed\Unity.RenderPipeline.Universal.ShaderLibrary.dll,8704,3F25AE2D,34402
0,0,COM3D2OHx64_Data\Managed\Unity.RenderPipelines.Core.Runtime.dll,531968,A2735FCC,34402
0,0,COM3D2OHx64_Data\Managed\Unity.RenderPipelines.Core.ShaderLibrary.dll,5120,CB22E8CD,34402
0,0,COM3D2OHx64_Data\Managed\Unity.RenderPipelines.ShaderGraph.ShaderGraphLibrary.dll,5120,DF25C891,34402
0,0,COM3D2OHx64_Data\Managed\Unity.RenderPipelines.Universal.Config.Runtime.dll,5632,5352B6D5,34402
0,0,COM3D2OHx64_Data\Managed\Unity.RenderPipelines.Universal.Runtime.dll,782848,BE7F8220,34402
0,0,COM3D2OHx64_Data\Managed\Unity.RenderPipelines.Universal.Shaders.dll,5120,78762807,34402
0,0,COM3D2OHx64_Data\Managed\Unity.TextMeshPro.dll,380928,C53B150B,34402
0,0,COM3D2OHx64_Data\Managed\Unity.Timeline.dll,128000,3236F844,34402
0,0,COM3D2OHx64_Data\Managed\Unity.VisualScripting.Antlr3.Runtime.dll,86016,3268D00A,34402
0,0,COM3D2OHx64_Data\Managed\Unity.VisualScripting.Core.dll,627200,F8849000,34402
0,0,COM3D2OHx64_Data\Managed\Unity.VisualScripting.Flow.dll,404992,7F039F2F,34402
0,0,COM3D2OHx64_Data\Managed\Unity.VisualScripting.State.dll,32768,C7AF2041,34402
0,0,COM3D2OHx64_Data\Managed\Unity.XR.CoreUtils.dll,86016,8848CF9D,34402
0,0,COM3D2OHx64_Data\Managed\Unity.XR.Management.dll,17408,613128E6,34402
0,0,COM3D2OHx64_Data\Managed\Unity.XR.OpenXR.dll,153088,66444A02,34402
0,0,COM3D2OHx64_Data\Managed\Unity.XR.OpenXR.Features.ConformanceAutomation.dll,8192,B10C872D,34402
0,0,COM3D2OHx64_Data\Managed\Unity.XR.OpenXR.Features.MetaQuestSupport.dll,5632,C4D0C938,34402
0,0,COM3D2OHx64_Data\Managed\Unity.XR.OpenXR.Features.MockRuntime.dll,10752,5FD3F886,34402
0,0,COM3D2OHx64_Data\Managed\Unity.XR.OpenXR.Features.OculusQuestSupport.dll,5632,372FF2DD,34402
0,0,COM3D2OHx64_Data\Managed\Unity.XR.OpenXR.Features.RuntimeDebugger.dll,6656,8E00FAAB,34402
0,0,COM3D2OHx64_Data\Managed\UnityEngine.AccessibilityModule.dll,22208,78C6C15D,34402
0,0,COM3D2OHx64_Data\Managed\UnityEngine.AIModule.dll,57024,A46DFD74,34402
0,0,COM3D2OHx64_Data\Managed\UnityEngine.AndroidJNIModule.dll,93376,B50A5AFB,34402
0,0,COM3D2OHx64_Data\Managed\UnityEngine.AnimationModule.dll,162496,241D474D,34402
0,0,COM3D2OHx64_Data\Managed\UnityEngine.ARModule.dll,19648,4A1D5F33,34402
0,0,COM3D2OHx64_Data\Managed\UnityEngine.AssetBundleModule.dll,31424,BBD1D7B1,34402
0,0,COM3D2OHx64_Data\Managed\UnityEngine.AudioModule.dll,69312,349E621F,34402
0,0,COM3D2OHx64_Data\Managed\UnityEngine.ClothModule.dll,24768,0D4371C4,34402
0,0,COM3D2OHx64_Data\Managed\UnityEngine.ClusterInputModule.dll,20160,B28C53A1,34402
0,0,COM3D2OHx64_Data\Managed\UnityEngine.ClusterRendererModule.dll,20672,918BC9BA,34402
0,0,COM3D2OHx64_Data\Managed\UnityEngine.ContentLoadModule.dll,25792,BB90FC09,34402
0,0,COM3D2OHx64_Data\Managed\UnityEngine.CoreModule.dll,1386688,48FD115A,34402
0,0,COM3D2OHx64_Data\Managed\UnityEngine.CrashReportingModule.dll,19648,41C76870,34402
0,0,COM3D2OHx64_Data\Managed\UnityEngine.DirectorModule.dll,23232,2CC1A420,34402
0,0,COM3D2OHx64_Data\Managed\UnityEngine.dll,125120,B56BB6D6,34402
0,0,COM3D2OHx64_Data\Managed\UnityEngine.DSPGraphModule.dll,27840,5F1EB63B,34402
0,0,COM3D2OHx64_Data\Managed\UnityEngine.GameCenterModule.dll,38592,B801B973,34402
0,0,COM3D2OHx64_Data\Managed\UnityEngine.GIModule.dll,18624,DA68DA5E,34402
0,0,COM3D2OHx64_Data\Managed\UnityEngine.GridModule.dll,23744,FF1520D8,34402
0,0,COM3D2OHx64_Data\Managed\UnityEngine.HotReloadModule.dll,18624,9E32D2C5,34402
0,0,COM3D2OHx64_Data\Managed\UnityEngine.ImageConversionModule.dll,22720,91655A3B,34402
0,0,COM3D2OHx64_Data\Managed\UnityEngine.IMGUIModule.dll,188608,DEA159BD,34402
0,0,COM3D2OHx64_Data\Managed\UnityEngine.InputLegacyModule.dll,37568,C1DB6A82,34402
0,0,COM3D2OHx64_Data\Managed\UnityEngine.InputModule.dll,22208,F997B8C7,34402
0,0,COM3D2OHx64_Data\Managed\UnityEngine.JSONSerializeModule.dll,20672,D57971D2,34402
0,0,COM3D2OHx64_Data\Managed\UnityEngine.LocalizationModule.dll,19648,AFDD1EBA,34402
0,0,COM3D2OHx64_Data\Managed\UnityEngine.NVIDIAModule.dll,32448,AA6EB95A,34402
0,0,COM3D2OHx64_Data\Managed\UnityEngine.ParticleSystemModule.dll,159424,1015EEB4,34402
0,0,COM3D2OHx64_Data\Managed\UnityEngine.PerformanceReportingModule.dll,19136,0306AACC,34402
0,0,COM3D2OHx64_Data\Managed\UnityEngine.Physics2DModule.dll,139968,A700CCF7,34402
0,0,COM3D2OHx64_Data\Managed\UnityEngine.PhysicsModule.dll,136896,4C25069F,34402
0,0,COM3D2OHx64_Data\Managed\UnityEngine.ProfilerModule.dll,18624,643CEF55,34402
0,0,COM3D2OHx64_Data\Managed\UnityEngine.PropertiesModule.dll,153792,EA69A163,34402
0,0,COM3D2OHx64_Data\Managed\UnityEngine.RuntimeInitializeOnLoadManagerInitializerModule.dll,18624,D76E22EE,34402
0,0,COM3D2OHx64_Data\Managed\UnityEngine.ScreenCaptureModule.dll,19648,541955E1,34402
0,0,COM3D2OHx64_Data\Managed\UnityEngine.SharedInternalsModule.dll,31424,4655484A,34402
0,0,COM3D2OHx64_Data\Managed\UnityEngine.SpatialTracking.dll,11776,0DC301C7,34402
0,0,COM3D2OHx64_Data\Managed\UnityEngine.SpriteMaskModule.dll,20160,28D62CA3,34402
0,0,COM3D2OHx64_Data\Managed\UnityEngine.SpriteShapeModule.dll,24768,9EA47AE4,34402
0,0,COM3D2OHx64_Data\Managed\UnityEngine.StreamingModule.dll,19136,8EBC9B33,34402
0,0,COM3D2OHx64_Data\Managed\UnityEngine.SubstanceModule.dll,23232,D79E791D,34402
0,0,COM3D2OHx64_Data\Managed\UnityEngine.SubsystemsModule.dll,33472,619F2CB8,34402
0,0,COM3D2OHx64_Data\Managed\UnityEngine.TerrainModule.dll,99520,C87BF8A8,34402
0,0,COM3D2OHx64_Data\Managed\UnityEngine.TerrainPhysicsModule.dll,19648,C362F820,34402
0,0,COM3D2OHx64_Data\Managed\UnityEngine.TextCoreFontEngineModule.dll,70848,91C2111D,34402
0,0,COM3D2OHx64_Data\Managed\UnityEngine.TextCoreTextEngineModule.dll,247488,47DA257F,34402
0,0,COM3D2OHx64_Data\Managed\UnityEngine.TextRenderingModule.dll,37568,64F4EAE3,34402
0,0,COM3D2OHx64_Data\Managed\UnityEngine.TilemapModule.dll,45248,86525F58,34402
0,0,COM3D2OHx64_Data\Managed\UnityEngine.TLSModule.dll,25280,28D4A9D2,34402
0,0,COM3D2OHx64_Data\Managed\UnityEngine.UI.dll,265728,3805D7CC,34402
0,0,COM3D2OHx64_Data\Managed\UnityEngine.UIElementsModule.dll,1526464,D2EF9FE4,34402
0,0,COM3D2OHx64_Data\Managed\UnityEngine.UIModule.dll,35008,16712D23,34402
0,0,COM3D2OHx64_Data\Managed\UnityEngine.UmbraModule.dll,18624,421ABF60,34402
0,0,COM3D2OHx64_Data\Managed\UnityEngine.UnityAnalyticsCommonModule.dll,19648,69C59A3E,34402
0,0,COM3D2OHx64_Data\Managed\UnityEngine.UnityAnalyticsModule.dll,43200,0E49D1A9,34402
0,0,COM3D2OHx64_Data\Managed\UnityEngine.UnityConnectModule.dll,20160,A5D5E39F,34402
0,0,COM3D2OHx64_Data\Managed\UnityEngine.UnityCurlModule.dll,20160,B71C41C4,34402
0,0,COM3D2OHx64_Data\Managed\UnityEngine.UnityTestProtocolModule.dll,18624,1E0DEBE9,34402
0,0,COM3D2OHx64_Data\Managed\UnityEngine.UnityWebRequestAssetBundleModule.dll,21696,69651A7A,34402
0,0,COM3D2OHx64_Data\Managed\UnityEngine.UnityWebRequestAudioModule.dll,21184,63F203EC,34402
0,0,COM3D2OHx64_Data\Managed\UnityEngine.UnityWebRequestModule.dll,56512,AF370A89,34402
0,0,COM3D2OHx64_Data\Managed\UnityEngine.UnityWebRequestTextureModule.dll,20160,6F60385C,34402
0,0,COM3D2OHx64_Data\Managed\UnityEngine.UnityWebRequestWWWModule.dll,29888,59764BF3,34402
0,0,COM3D2OHx64_Data\Managed\UnityEngine.VehiclesModule.dll,22720,195DA28D,34402
0,0,COM3D2OHx64_Data\Managed\UnityEngine.VFXModule.dll,57024,D3FF217B,34402
0,0,COM3D2OHx64_Data\Managed\UnityEngine.VideoModule.dll,39616,4592FDD4,34402
0,0,COM3D2OHx64_Data\Managed\UnityEngine.VirtualTexturingModule.dll,34496,1A77BE99,34402
0,0,COM3D2OHx64_Data\Managed\UnityEngine.VRModule.dll,25280,B7C1DF4D,34402
0,0,COM3D2OHx64_Data\Managed\UnityEngine.WindModule.dll,19648,34258888,34402
0,0,COM3D2OHx64_Data\Managed\UnityEngine.XR.LegacyInputHelpers.dll,23552,19456080,34402
0,0,COM3D2OHx64_Data\Managed\UnityEngine.XRModule.dll,69312,C01DB11A,34402
0,0,COM3D2OHx64_Data\Managed\Win32.dll,13312,7781C2A2,34402
0,0,COM3D2OHx64_Data\Managed\zxing.unity.dll,430592,9FD1F198,34402
0,0,COM3D2OHx64_Data\Plugins\x86_64\assimp.dll,4388864,7C910D84,34402
0,0,COM3D2OHx64_Data\Plugins\x86_64\Audio360.dll,1956352,0D4B8E9D,34402
0,0,COM3D2OHx64_Data\Plugins\x86_64\AVProVideo.dll,886272,278352F0,34402
0,0,COM3D2OHx64_Data\Plugins\x86_64\clothpp.dll,112128,7C3264A4,34402
0,0,COM3D2OHx64_Data\Plugins\x86_64\cm3d2.dll,2265088,CA67D1AD,34402
0,0,COM3D2OHx64_Data\Plugins\x86_64\device_hook.dll,738816,F61E7CED,34402
0,0,COM3D2OHx64_Data\Plugins\x86_64\FbxExporterCore.dll,12491776,CBAA51C1,34402
0,0,COM3D2OHx64_Data\Plugins\x86_64\FoveClient.dll,1849384,58C8B4F6,34402
0,0,COM3D2OHx64_Data\Plugins\x86_64\LeapC.dll,2516992,FBDD3767,34402
0,0,COM3D2OHx64_Data\Plugins\x86_64\lib_burst_generated.dll,1064960,9B31B44A,34402
0,0,COM3D2OHx64_Data\Plugins\x86_64\openvr_api.dll,318272,44432E0F,34402
0,0,COM3D2OHx64_Data\Plugins\x86_64\openxr_loader.dll,1948672,A9899457,34402
0,0,COM3D2OHx64_Data\Plugins\x86_64\OVRGamepad.dll,12800,2C526135,34402
0,0,COM3D2OHx64_Data\Plugins\x86_64\OVRLipSync.dll,2512296,391C1F4C,34402
0,0,COM3D2OHx64_Data\Plugins\x86_64\UnityOpenXR.dll,740864,6285EC22,34402
0,0,COM3D2OHx64_Data\Plugins\x86_64\Win32-WebView.dll,504832,382AEE66,34402
0,0,COM3D2OHx64_Data\Resources\unity default resources,1564256,28AF3A61,34402
0,0,COM3D2OHx64_Data\Resources\unity_builtin_extra,428296,1A294B77,34402
0,0,COM3D2OHx64_Data\UnitySubsystems\UnityOpenXR\UnitySubsystemsManifest.json,334,076D4451,34402
0,0,COM3D2OHx64_Data\app.info,42,6CD75754,34402
0,0,COM3D2OHx64_Data\boot.config,128,7F895A3E,34402
0,0,COM3D2OHx64_Data\globalgamemanagers,5364932,1DAABEBE,34402
0,0,COM3D2OHx64_Data\globalgamemanagers.assets,568800,677EC157,34402
0,0,COM3D2OHx64_Data\globalgamemanagers.assets.resS,2796240,F6707524,34402
0,0,COM3D2OHx64_Data\level0,362844,51C682B5,34402
0,0,COM3D2OHx64_Data\level1,385780,E54525DC,34402
0,0,COM3D2OHx64_Data\level2,796588,F6C8489E,34402
0,0,COM3D2OHx64_Data\level3,1312516,14FDDF4F,34402
0,0,COM3D2OHx64_Data\level4,1359892,2B822653,34402
0,0,COM3D2OHx64_Data\level5,364876,20E4EB97,34402
0,0,COM3D2OHx64_Data\level6,465500,054B1A2D,34402
0,0,COM3D2OHx64_Data\level7,363372,3EFD7290,34402
0,0,COM3D2OHx64_Data\level8,476172,280DF54D,34402
0,0,COM3D2OHx64_Data\level9,367580,EC6125FE,34402
0,0,COM3D2OHx64_Data\level10,755956,C028241D,34402
0,0,COM3D2OHx64_Data\level11,4996,359C4430,34402
0,0,COM3D2OHx64_Data\level12,365364,89FC1B69,34402
0,0,COM3D2OHx64_Data\level13,1192,9BE38848,34402
0,0,COM3D2OHx64_Data\level14,382164,2E98C83E,34402
0,0,COM3D2OHx64_Data\level15,371924,57394680,34402
0,0,COM3D2OHx64_Data\level16,1050452,4D3EE4FE,34402
0,0,COM3D2OHx64_Data\level17,469820,C3DDD15A,34402
0,0,COM3D2OHx64_Data\level18,1180372,B55F484D,34402
0,0,COM3D2OHx64_Data\level19,448692,B6E579CA,34402
0,0,COM3D2OHx64_Data\level20,2246564,10869233,34402
0,0,COM3D2OHx64_Data\level21,1210756,7D2A341A,34402
0,0,COM3D2OHx64_Data\level22,1183548,69D6D15E,34402
0,0,COM3D2OHx64_Data\level23,488236,9FC07427,34402
0,0,COM3D2OHx64_Data\level24,29832,226D423B,34402
0,0,COM3D2OHx64_Data\level24.resS,131232,DEC6292A,34402
0,0,COM3D2OHx64_Data\level25,58924,8D4F9A14,34402
0,0,COM3D2OHx64_Data\level26,64856,D357747C,34402
0,0,COM3D2OHx64_Data\level27,4032,31EE62D8,34402
0,0,COM3D2OHx64_Data\level28,363764,C67AEF6F,34402
0,0,COM3D2OHx64_Data\level29,1686772,E74BD8AC,34402
0,0,COM3D2OHx64_Data\level30,1541092,528B8974,34402
0,0,COM3D2OHx64_Data\level31,1562956,7D2FB143,34402
0,0,COM3D2OHx64_Data\level32,1454324,5F2B36E2,34402
0,0,COM3D2OHx64_Data\level33,1524516,FFA056C4,34402
0,0,COM3D2OHx64_Data\level34,1652132,BC738AB8,34402
0,0,COM3D2OHx64_Data\level35,1380476,E2E425BC,34402
0,0,COM3D2OHx64_Data\level36,1123364,54FE58AE,34402
0,0,COM3D2OHx64_Data\level37,1130724,9791E13F,34402
0,0,COM3D2OHx64_Data\level38,1380476,FB7CD615,34402
0,0,COM3D2OHx64_Data\level39,1260796,DD4AB70B,34402
0,0,COM3D2OHx64_Data\level40,1042060,A6191936,34402
0,0,COM3D2OHx64_Data\level41,1337660,3759CD02,34402
0,0,COM3D2OHx64_Data\level42,1481172,93A8EAD8,34402
0,0,COM3D2OHx64_Data\level43,1441556,62B2894C,34402
0,0,COM3D2OHx64_Data\level44,1015116,64FD5B49,34402
0,0,COM3D2OHx64_Data\level45,440900,03F7FAC8,34402
0,0,COM3D2OHx64_Data\level46,437172,80BFFE3F,34402
0,0,COM3D2OHx64_Data\level47,481916,AC2797C0,34402
0,0,COM3D2OHx64_Data\level48,504684,8AC8B221,34402
0,0,COM3D2OHx64_Data\level49,431164,9E9D20BF,34402
0,0,COM3D2OHx64_Data\level50,492732,92F14A16,34402
0,0,COM3D2OHx64_Data\level51,1142188,163BCBC7,34402
0,0,COM3D2OHx64_Data\level52,1061052,29F0E47C,34402
0,0,COM3D2OHx64_Data\level53,485100,41619F4B,34402
0,0,COM3D2OHx64_Data\level54,507820,8B882AFC,34402
0,0,COM3D2OHx64_Data\level55,498156,D30EB7CF,34402
0,0,COM3D2OHx64_Data\level56,1142172,36294493,34402
0,0,COM3D2OHx64_Data\level57,1104348,6FDB8031,34402
0,0,COM3D2OHx64_Data\level58,490988,02614D69,34402
0,0,COM3D2OHx64_Data\level59,475156,58E138AC,34402
0,0,COM3D2OHx64_Data\level60,456308,A27A9433,34402
0,0,COM3D2OHx64_Data\level61,1491364,92421DF3,34402
0,0,COM3D2OHx64_Data\level62,1430452,71732A5A,34402
0,0,COM3D2OHx64_Data\level63,547724,C8941CD4,34402
0,0,COM3D2OHx64_Data\level64,439324,AE3C96D1,34402
0,0,COM3D2OHx64_Data\level65,1370556,0B37AB85,34402
0,0,COM3D2OHx64_Data\level66,1069324,0D86211D,34402
0,0,COM3D2OHx64_Data\level67,1548188,612F7C82,34402
0,0,COM3D2OHx64_Data\level68,1488628,810BE939,34402
0,0,COM3D2OHx64_Data\level69,1686788,AD4F3EAF,34402
0,0,COM3D2OHx64_Data\level70,1652148,320DB1B8,34402
0,0,COM3D2OHx64_Data\level71,1488972,554ED2DC,34402
0,0,COM3D2OHx64_Data\level72,1454332,3108B16C,34402
0,0,COM3D2OHx64_Data\level73,452708,9D3E252A,34402
0,0,COM3D2OHx64_Data\level74,442884,D2823816,34402
0,0,COM3D2OHx64_Data\level75,1124812,231DC2B8,34402
0,0,COM3D2OHx64_Data\level76,918740,D4BB520F,34402
0,0,COM3D2OHx64_Data\level77,1024796,EE56BDC4,34402
0,0,COM3D2OHx64_Data\level78,915796,66333F41,34402
0,0,COM3D2OHx64_Data\level79,1124356,521D5AE0,34402
0,0,COM3D2OHx64_Data\level80,1823756,8180580E,34402
0,0,COM3D2OHx64_Data\level81,1774228,78EC1315,34402
0,0,COM3D2OHx64_Data\level82,1212052,C58FB8FA,34402
0,0,COM3D2OHx64_Data\level83,1155580,6DB39F80,34402
0,0,COM3D2OHx64_Data\level84,1634564,4D896075,34402
0,0,COM3D2OHx64_Data\level85,1739348,57800E53,34402
0,0,COM3D2OHx64_Data\level86,1153316,AA3997D5,34402
0,0,COM3D2OHx64_Data\level87,1062652,F41C1E4C,34402
0,0,COM3D2OHx64_Data\level88,1810716,9657DA30,34402
0,0,COM3D2OHx64_Data\level89,1698620,348A100E,34402
0,0,COM3D2OHx64_Data\level90,515100,9246F80E,34402
0,0,COM3D2OHx64_Data\level91,535404,054FE1C2,34402
0,0,COM3D2OHx64_Data\level92,626132,252D5E25,34402
0,0,COM3D2OHx64_Data\level93,563076,61E2D6CD,34402
0,0,COM3D2OHx64_Data\level93.resS,131232,F174E031,34402
0,0,COM3D2OHx64_Data\level94,510004,4F1BFFC4,34402
0,0,COM3D2OHx64_Data\level95,624244,986BF989,34402
0,0,COM3D2OHx64_Data\level96,533924,B056130F,34402
0,0,COM3D2OHx64_Data\level97,1867924,F8464787,34402
0,0,COM3D2OHx64_Data\level98,1592412,9B2695CC,34402
0,0,COM3D2OHx64_Data\level99,1403196,98711DB2,34402
0,0,COM3D2OHx64_Data\level100,1246756,2638257C,34402
0,0,COM3D2OHx64_Data\level101,1340468,8B5397FD,34402
0,0,COM3D2OHx64_Data\level102,1537044,664D7D3E,34402
0,0,COM3D2OHx64_Data\level103,1436284,C932590C,34402
0,0,COM3D2OHx64_Data\level104,1006668,C507EEFF,34402
0,0,COM3D2OHx64_Data\level105,606548,F1E6F3A9,34402
0,0,COM3D2OHx64_Data\level106,1077836,F65A3FEB,34402
0,0,COM3D2OHx64_Data\level107,994972,FCE39B2E,34402
0,0,COM3D2OHx64_Data\level108,1008364,95E2A391,34402
0,0,COM3D2OHx64_Data\level109,969684,824F1CCA,34402
0,0,COM3D2OHx64_Data\level110,950212,95125654,34402
0,0,COM3D2OHx64_Data\level111,439420,64FC716D,34402
0,0,COM3D2OHx64_Data\level112,924156,312C8297,34402
0,0,COM3D2OHx64_Data\level113,579828,DEBFABBB,34402
0,0,COM3D2OHx64_Data\level114,584140,172212E4,34402
0,0,COM3D2OHx64_Data\level115,610172,9961F079,34402
0,0,COM3D2OHx64_Data\level116,608524,19EBD4DC,34402
0,0,COM3D2OHx64_Data\level117,610308,2EEADB4D,34402
0,0,COM3D2OHx64_Data\level118,612748,798AC7DB,34402
0,0,COM3D2OHx64_Data\level119,544612,8AC1F455,34402
0,0,COM3D2OHx64_Data\level120,548940,D9F39588,34402
0,0,COM3D2OHx64_Data\level121,573804,E17692E9,34402
0,0,COM3D2OHx64_Data\level122,605212,02BBA6FA,34402
0,0,COM3D2OHx64_Data\level123,574948,6E601782,34402
0,0,COM3D2OHx64_Data\level124,578020,BD0AFC7E,34402
0,0,COM3D2OHx64_Data\level125,566820,826A6A8F,34402
0,0,COM3D2OHx64_Data\level126,606332,79EB8896,34402
0,0,COM3D2OHx64_Data\level127,1100180,46722E8F,34402
0,0,COM3D2OHx64_Data\resources.assets,528649748,E4F75C42,34402
0,0,COM3D2OHx64_Data\resources.assets.resS,2067603248,A313F9CA,34402
0,0,COM3D2OHx64_Data\resources.resource,1348992,64168176,34402
0,0,COM3D2OHx64_Data\RuntimeInitializeOnLoads.json,5256,5FC565A4,34402
0,0,COM3D2OHx64_Data\ScriptingAssemblies.json,4395,31B91F14,34402
0,0,COM3D2OHx64_Data\sharedassets0.assets,31770932,6B205819,34402
0,0,COM3D2OHx64_Data\sharedassets0.assets.resS,28071648,6B7564F2,34402
0,0,COM3D2OHx64_Data\sharedassets1.assets,2301,405884E6,34402
0,0,COM3D2OHx64_Data\sharedassets2.assets,2601,F982AFA4,34402
0,0,COM3D2OHx64_Data\sharedassets3.assets,9009,E53A9704,34402
0,0,COM3D2OHx64_Data\sharedassets4.assets,3333,B86B0FDB,34402
0,0,COM3D2OHx64_Data\sharedassets5.assets,2205,972ED391,34402
0,0,COM3D2OHx64_Data\sharedassets6.assets,3201,F640654E,34402
0,0,COM3D2OHx64_Data\sharedassets7.assets,2133,ACB30744,34402
0,0,COM3D2OHx64_Data\sharedassets8.assets,2541,BD98528A,34402
0,0,COM3D2OHx64_Data\sharedassets9.assets,2325,DD46303A,34402
0,0,COM3D2OHx64_Data\sharedassets10.assets,2721,3F383522,34402
0,0,COM3D2OHx64_Data\sharedassets11.assets,553,94B5F937,34402
0,0,COM3D2OHx64_Data\sharedassets12.assets,2193,EDA00AF8,34402
0,0,COM3D2OHx64_Data\sharedassets13.assets,277,4D58811E,34402
0,0,COM3D2OHx64_Data\sharedassets14.assets,2877,5687B030,34402
0,0,COM3D2OHx64_Data\sharedassets15.assets,2277,FA2E8117,34402
0,0,COM3D2OHx64_Data\sharedassets16.assets,8841,875ABE36,34402
0,0,COM3D2OHx64_Data\sharedassets17.assets,2373,B54242AC,34402
0,0,COM3D2OHx64_Data\sharedassets18.assets,8877,A139BA43,34402
0,0,COM3D2OHx64_Data\sharedassets19.assets,2361,2656FA03,34402
0,0,COM3D2OHx64_Data\sharedassets20.assets,3153,ED8FDC01,34402
0,0,COM3D2OHx64_Data\sharedassets21.assets,8853,6CA1C0AE,34402
0,0,COM3D2OHx64_Data\sharedassets22.assets,8853,6CA1C0AE,34402
0,0,COM3D2OHx64_Data\sharedassets23.assets,2648,4EEE29CA,34402
0,0,COM3D2OHx64_Data\sharedassets24.assets,10456,CAD1CB7C,34402
0,0,COM3D2OHx64_Data\sharedassets25.assets,597,5C7C9ED4,34402
0,0,COM3D2OHx64_Data\sharedassets26.assets,501,24908A25,34402
0,0,COM3D2OHx64_Data\sharedassets27.assets,505,10215297,34402
0,0,COM3D2OHx64_Data\sharedassets28.assets,2137,0B6CD963,34402
0,0,COM3D2OHx64_Data\sharedassets29.assets,8841,B8227DD8,34402
0,0,COM3D2OHx64_Data\sharedassets30.assets,8841,17661A9D,34402
0,0,COM3D2OHx64_Data\sharedassets31.assets,8841,013C6D62,34402
0,0,COM3D2OHx64_Data\sharedassets32.assets,5565,731E22B6,34402
0,0,COM3D2OHx64_Data\sharedassets33.assets,5673,BD962E50,34402
0,0,COM3D2OHx64_Data\sharedassets34.assets,5661,F3AB7554,34402
0,0,COM3D2OHx64_Data\sharedassets35.assets,8925,13887822,34402
0,0,COM3D2OHx64_Data\sharedassets36.assets,5433,51FC3AD0,34402
0,0,COM3D2OHx64_Data\sharedassets37.assets,5469,42215D25,34402
0,0,COM3D2OHx64_Data\sharedassets38.assets,8925,13887822,34402
0,0,COM3D2OHx64_Data\sharedassets39.assets,5625,F0396B7D,34402
0,0,COM3D2OHx64_Data\sharedassets40.assets,5493,5AEB2CFA,34402
0,0,COM3D2OHx64_Data\sharedassets41.assets,5637,554AA555,34402
0,0,COM3D2OHx64_Data\sharedassets42.assets,8841,FD697760,34402
0,0,COM3D2OHx64_Data\sharedassets43.assets,5673,BD962E50,34402
0,0,COM3D2OHx64_Data\sharedassets44.assets,5661,F3AB7554,34402
0,0,COM3D2OHx64_Data\sharedassets45.assets,6450,6DACC61B,34402
0,0,COM3D2OHx64_Data\sharedassets45.assets.resS,87408,84350FBB,34402
0,0,COM3D2OHx64_Data\sharedassets45.resource,41406086,938147B5,34402
0,0,COM3D2OHx64_Data\sharedassets46.assets,3362,C2DFDD93,34402
0,0,COM3D2OHx64_Data\sharedassets46.resource,36841226,318CE5DA,34402
0,0,COM3D2OHx64_Data\sharedassets47.assets,3322,C6FA3613,34402
0,0,COM3D2OHx64_Data\sharedassets47.resource,32680665,5F8810A9,34402
0,0,COM3D2OHx64_Data\sharedassets48.assets,17266,FF72D8F1,34402
0,0,COM3D2OHx64_Data\sharedassets48.assets.resS,174784,C6783C52,34402
0,0,COM3D2OHx64_Data\sharedassets48.resource,35964702,CC2B1BFE,34402
0,0,COM3D2OHx64_Data\sharedassets49.assets,3346,392C34DE,34402
0,0,COM3D2OHx64_Data\sharedassets49.resource,40585017,61D6AACB,34402
0,0,COM3D2OHx64_Data\sharedassets50.assets,3562,4E10329F,34402
0,0,COM3D2OHx64_Data\sharedassets50.resource,38610538,C2CDB3C3,34402
0,0,COM3D2OHx64_Data\sharedassets51.assets,3014356,373C7577,34402
0,0,COM3D2OHx64_Data\sharedassets51.assets.resS,611744,E0F83BD4,34402
0,0,COM3D2OHx64_Data\sharedassets52.assets,5769,DCE88362,34402
0,0,COM3D2OHx64_Data\sharedassets53.assets,2697,45442660,34402
0,0,COM3D2OHx64_Data\sharedassets54.assets,2697,45442660,34402
0,0,COM3D2OHx64_Data\sharedassets55.assets,2697,45442660,34402
0,0,COM3D2OHx64_Data\sharedassets56.assets,8853,B54A6360,34402
0,0,COM3D2OHx64_Data\sharedassets57.assets,5673,63B241F5,34402
0,0,COM3D2OHx64_Data\sharedassets58.assets,2613,27FBBB87,34402
0,0,COM3D2OHx64_Data\sharedassets59.assets,55760,7FCB1CFB,34402
0,0,COM3D2OHx64_Data\sharedassets59.assets.resS,174784,F8E8E9F8,34402
0,0,COM3D2OHx64_Data\sharedassets60.assets,2625,5B089288,34402
0,0,COM3D2OHx64_Data\sharedassets61.assets,756768,993BB2E3,34402
0,0,COM3D2OHx64_Data\sharedassets61.assets.resS,1310896,5596E62C,34402
0,0,COM3D2OHx64_Data\sharedassets61.resource,1657856,B35361D0,34402
0,0,COM3D2OHx64_Data\sharedassets62.assets,5541,F8A12B3C,34402
0,0,COM3D2OHx64_Data\sharedassets63.assets,3415164,3C772EB3,34402
0,0,COM3D2OHx64_Data\sharedassets63.assets.resS,6226160,5BDA7B19,34402
0,0,COM3D2OHx64_Data\sharedassets64.assets,2649,57835AAB,34402
0,0,COM3D2OHx64_Data\sharedassets65.assets,10101,79B89C21,34402
0,0,COM3D2OHx64_Data\sharedassets66.assets,5661,F3AB7554,34402
0,0,COM3D2OHx64_Data\sharedassets67.assets,8877,989DD982,34402
0,0,COM3D2OHx64_Data\sharedassets68.assets,5661,82F9385D,34402
0,0,COM3D2OHx64_Data\sharedassets69.assets,8841,B8227DD8,34402
0,0,COM3D2OHx64_Data\sharedassets70.assets,5661,F3AB7554,34402
0,0,COM3D2OHx64_Data\sharedassets71.assets,8877,989DD982,34402
0,0,COM3D2OHx64_Data\sharedassets72.assets,6609,00160F04,34402
0,0,COM3D2OHx64_Data\sharedassets73.assets,2973,69572A21,34402
0,0,COM3D2OHx64_Data\sharedassets74.assets,2481,21190C6E,34402
0,0,COM3D2OHx64_Data\sharedassets75.assets,7876,86438597,34402
0,0,COM3D2OHx64_Data\sharedassets75.resource,2729248,FCB8D689,34402
0,0,COM3D2OHx64_Data\sharedassets76.assets,7689,F8913EA1,34402
0,0,COM3D2OHx64_Data\sharedassets77.assets,4389,C97A08D4,34402
0,0,COM3D2OHx64_Data\sharedassets78.assets,3753,48E48099,34402
0,0,COM3D2OHx64_Data\sharedassets79.assets,352924,C8CBEBCA,34402
0,0,COM3D2OHx64_Data\sharedassets79.assets.resS,2272064,E37F670D,34402
0,0,COM3D2OHx64_Data\sharedassets79.resource,6236928,E2AEF877,34402
0,0,COM3D2OHx64_Data\sharedassets80.assets,6568072,504FC15F,34402
0,0,COM3D2OHx64_Data\sharedassets80.assets.resS,10944,57B9B85D,34402
0,0,COM3D2OHx64_Data\sharedassets80.resource,2053248,CCA7A7B1,34402
0,0,COM3D2OHx64_Data\sharedassets81.assets,6525,E40E5C4E,34402
0,0,COM3D2OHx64_Data\sharedassets82.assets,8985,77E2FB61,34402
0,0,COM3D2OHx64_Data\sharedassets83.assets,5781,D1AF806B,34402
0,0,COM3D2OHx64_Data\sharedassets84.assets,5956,98832D0D,34402
0,0,COM3D2OHx64_Data\sharedassets84.resource,1239072,9EF23F8B,34402
0,0,COM3D2OHx64_Data\sharedassets85.assets,9189,05E2B9A2,34402
0,0,COM3D2OHx64_Data\sharedassets86.assets,9045,97511E07,34402
0,0,COM3D2OHx64_Data\sharedassets87.assets,5721,7A3BCD41,34402
0,0,COM3D2OHx64_Data\sharedassets88.assets,9540,807621DE,34402
0,0,COM3D2OHx64_Data\sharedassets88.resource,1500320,468304E6,34402
0,0,COM3D2OHx64_Data\sharedassets89.assets,6081,91503790,34402
0,0,COM3D2OHx64_Data\sharedassets90.assets,2853,EE48635E,34402
0,0,COM3D2OHx64_Data\sharedassets91.assets,2853,EE48635E,34402
0,0,COM3D2OHx64_Data\sharedassets92.assets,2769,A67DB872,34402
0,0,COM3D2OHx64_Data\sharedassets93.assets,2433,FD25442D,34402
0,0,COM3D2OHx64_Data\sharedassets94.assets,2769,A67DB872,34402
0,0,COM3D2OHx64_Data\sharedassets95.assets,2865,DC76B46C,34402
0,0,COM3D2OHx64_Data\sharedassets96.assets,2769,A67DB872,34402
0,0,COM3D2OHx64_Data\sharedassets97.assets,9021,4C1F0C19,34402
0,0,COM3D2OHx64_Data\sharedassets98.assets,5709,807C9D0E,34402
0,0,COM3D2OHx64_Data\sharedassets99.assets,393656,B7F9C7FB,34402
0,0,COM3D2OHx64_Data\sharedassets99.assets.resS,2184656,EE6A6E48,34402
0,0,COM3D2OHx64_Data\sharedassets100.assets,5940,1B6476DC,34402
0,0,COM3D2OHx64_Data\sharedassets100.resource,2752064,01AB8E9E,34402
0,0,COM3D2OHx64_Data\sharedassets101.assets,9117,F44FF1D4,34402
0,0,COM3D2OHx64_Data\sharedassets102.assets,9105,6993F298,34402
0,0,COM3D2OHx64_Data\sharedassets103.assets,5781,9279E96E,34402
0,0,COM3D2OHx64_Data\sharedassets104.assets,3316,FE491FB1,34402
0,0,COM3D2OHx64_Data\sharedassets104.resource,6331360,376DAB75,34402
0,0,COM3D2OHx64_Data\sharedassets105.assets,3189,B8A7ABE0,34402
0,0,COM3D2OHx64_Data\sharedassets106.assets,83284,F23B8194,34402
0,0,COM3D2OHx64_Data\sharedassets106.resource,8838560,027F254D,34402
0,0,COM3D2OHx64_Data\sharedassets107.assets,4341,A4BFDE9E,34402
0,0,COM3D2OHx64_Data\sharedassets108.assets,7425,05AE3EC6,34402
0,0,COM3D2OHx64_Data\sharedassets109.assets,4233,D309D441,34402
0,0,COM3D2OHx64_Data\sharedassets110.assets,613456,C34E5AEA,34402
0,0,COM3D2OHx64_Data\sharedassets110.assets.resS,6138656,2613FE39,34402
0,0,COM3D2OHx64_Data\sharedassets111.assets,2649,31139BE0,34402
0,0,COM3D2OHx64_Data\sharedassets112.assets,3213,AD6361EC,34402
0,0,COM3D2OHx64_Data\sharedassets113.assets,3117,4B5BF058,34402
0,0,COM3D2OHx64_Data\sharedassets114.assets,3117,4B5BF058,34402
0,0,COM3D2OHx64_Data\sharedassets115.assets,3117,4B5BF058,34402
0,0,COM3D2OHx64_Data\sharedassets116.assets,3117,4B5BF058,34402
0,0,COM3D2OHx64_Data\sharedassets117.assets,3117,4B5BF058,34402
0,0,COM3D2OHx64_Data\sharedassets118.assets,3117,4B5BF058,34402
0,0,COM3D2OHx64_Data\sharedassets119.assets,2769,A67DB872,34402
0,0,COM3D2OHx64_Data\sharedassets120.assets,2769,A67DB872,34402
0,0,COM3D2OHx64_Data\sharedassets121.assets,2769,A67DB872,34402
0,0,COM3D2OHx64_Data\sharedassets122.assets,2769,A67DB872,34402
0,0,COM3D2OHx64_Data\sharedassets123.assets,2769,A67DB872,34402
0,0,COM3D2OHx64_Data\sharedassets124.assets,2769,A67DB872,34402
0,0,COM3D2OHx64_Data\sharedassets125.assets,2769,A67DB872,34402
0,0,COM3D2OHx64_Data\sharedassets126.assets,3117,4B5BF058,34402
0,0,COM3D2OHx64_Data\sharedassets127.assets,210016,51B20C18,34402
0,0,COM3D2OHx64_Data\sharedassets127.assets.resS,174784,F8825DB8,34402
0,0,MonoBleedingEdge\EmbedRuntime\mono-2.0-bdwgc.dll,7895744,19AF8B01,34402
0,0,MonoBleedingEdge\EmbedRuntime\MonoPosixHelper.dll,609472,68524C42,34402
0,0,MonoBleedingEdge\etc\mono\2.0\Browsers\Compat.browser,1605,2E178A0B,34402
0,0,MonoBleedingEdge\etc\mono\2.0\DefaultWsdlHelpGenerator.aspx,60575,95F9D0B4,34402
0,0,MonoBleedingEdge\etc\mono\2.0\machine.config,29066,42543B8B,34402
0,0,MonoBleedingEdge\etc\mono\2.0\settings.map,2622,AD5340F9,34402
0,0,MonoBleedingEdge\etc\mono\2.0\web.config,11635,1A75EBAD,34402
0,0,MonoBleedingEdge\etc\mono\4.0\Browsers\Compat.browser,1605,2E178A0B,34402
0,0,MonoBleedingEdge\etc\mono\4.0\DefaultWsdlHelpGenerator.aspx,60575,95F9D0B4,34402
0,0,MonoBleedingEdge\etc\mono\4.0\machine.config,33598,86F603C4,34402
0,0,MonoBleedingEdge\etc\mono\4.0\settings.map,2622,DC24A240,34402
0,0,MonoBleedingEdge\etc\mono\4.0\web.config,18802,36D8BA3E,34402
0,0,MonoBleedingEdge\etc\mono\4.5\Browsers\Compat.browser,1605,2E178A0B,34402
0,0,MonoBleedingEdge\etc\mono\4.5\DefaultWsdlHelpGenerator.aspx,60575,95F9D0B4,34402
0,0,MonoBleedingEdge\etc\mono\4.5\machine.config,34056,C446A9EB,34402
0,0,MonoBleedingEdge\etc\mono\4.5\settings.map,2622,DC24A240,34402
0,0,MonoBleedingEdge\etc\mono\4.5\web.config,18811,4F48BC13,34402
0,0,MonoBleedingEdge\etc\mono\mconfig\config.xml,25817,80B2033A,34402
0,0,MonoBleedingEdge\etc\mono\browscap.ini,311984,CE6C0AB3,34402
0,0,MonoBleedingEdge\etc\mono\config,3815,88FA6D93,34402
0,0,COM3D2OHx64.exe,666624,38AEADC1,34402
0,0,UnityCrashHandler64.exe,1112768,1C830F9F,34402
0,0,UnityPlayer.dll,30996672,9C9085E6,34402
share,../com3d2data\GameData\cbl\csv_cbl.arc,GameData\csv_cbl.arc,1425076,BC07C646,24402
share,../com3d2data\GameData\cbl\motion_cbl_hanami001_2.arc,GameData\motion_cbl_hanami001_2.arc,1573164,6741E665,24402
share,../com3d2data\GameData\cbl\motion_cbl_omytgc035_2.arc,GameData\motion_cbl_omytgc035_2.arc,626387,97DF9735,24400
share,../com3d2data\GameData\cbl\script_cbl.arc,GameData\script_cbl.arc,7280867,F7275362,24402
share,../com3d2data\GameData\patch\bg_cw010_2.arc,GameData\bg_cw010_2.arc,18093072,42FCE41A,24402
share,../com3d2data\GameData\patch\csv.arc,GameData\csv.arc,44985841,3ADB7847,24407
share,../com3d2data\GameData\patch\csv_dance_hhs_2.arc,GameData\csv_dance_hhs_2.arc,818,E0195413,24401
share,../com3d2data\GameData\patch\csv_dance_smt_2.arc,GameData\csv_dance_smt_2.arc,770,6B48DF0B,24401
share,../com3d2data\GameData\patch\csv_dance_sse_2.arc,GameData\csv_dance_sse_2.arc,786,A9BBB348,24401
share,../com3d2data\GameData\patch\parts_dlc363_2.arc,GameData\parts_dlc363_2.arc,11514704,647316E5,24400
share,../com3d2data\GameData\patch\parts_dlc368_2.arc,GameData\parts_dlc368_2.arc,142902,0FB0973B,24402
share,../com3d2data\GameData\patch\parts_dlc528_2.arc,GameData\parts_dlc528_2.arc,1503027,E8538580,24402
share,../com3d2data\GameData\patch\parts_gp003_2.arc,GameData\parts_gp003_2.arc,156431709,F4CA31A2,24402
share,../com3d2data\GameData\patch\parts_nightpool001_add2_2.arc,GameData\parts_nightpool001_add2_2.arc,201787,7774246B,24402
share,../com3d2data\GameData\patch\parts_oldplus011cloth_2.arc,GameData\parts_oldplus011cloth_2.arc,228764,3AE1A229,24402
share,../com3d2data\GameData\patch\parts_sp001_2.arc,GameData\parts_sp001_2.arc,368802,36296F61,24402
share,../com3d2data\GameData\patch\parts2.arc,GameData\parts2.arc,224249617,199F468F,24402
share,../com3d2data\GameData\patch\paths.dat,GameData\paths.dat,19865,3F70A62D,24404
share,../com3d2data\GameData\patch\prioritymaterial.arc,GameData\prioritymaterial.arc,874015,EB4EB963,24402
share,../com3d2data\GameData\patch\sound_dance_hhs_2.arc,GameData\sound_dance_hhs_2.arc,16074673,9745C9D8,24401
share,../com3d2data\GameData\patch\sound_dance_smt_2.arc,GameData\sound_dance_smt_2.arc,19977815,0A32078B,24401
share,../com3d2data\GameData\patch\sound_dance_sse_2.arc,GameData\sound_dance_sse_2.arc,18108195,40971188,24401
share,../com3d2data\GameData\patch\sound_maidtaisou_2.arc,GameData\sound_maidtaisou_2.arc,7299538,D151932F,24401
share,../com3d2data\GameData\patch\system2.arc,GameData\system2.arc,48453878,E4132D16,24402
share,../com3d2data\GameData_20\material_cas133_2.arc,GameData_20\material_cas133_2.arc,2546,0E77C955,1744
share,../com3d2data\GameData_20\material_denkigai2021s_2.arc,GameData_20\material_denkigai2021s_2.arc,1730,5A8CFCE7,1744
share,../com3d2data\GameData_20\material_dlc004_2.arc,GameData_20\material_dlc004_2.arc,5042,54116788,1744
share,../com3d2data\GameData_20\material_dlc007_2.arc,GameData_20\material_dlc007_2.arc,5122,7C7A291B,1744
share,../com3d2data\GameData_20\material_dlc326_2.arc,GameData_20\material_dlc326_2.arc,1682,5D16A84A,1744
share,../com3d2data\GameData_20\material_dlc386_2.arc,GameData_20\material_dlc386_2.arc,13250,4D9AA74F,1744
share,../com3d2data\GameData_20\material_dlc414_2.arc,GameData_20\material_dlc414_2.arc,13474,9E58194A,1744
share,../com3d2data\GameData_20\material_dlc427_2.arc,GameData_20\material_dlc427_2.arc,13746,1B72758F,1744
share,../com3d2data\GameData_20\material_dlc437hair_2.arc,GameData_20\material_dlc437hair_2.arc,1746,F7DF6102,1744
share,../com3d2data\GameData_20\material_dlc488_2.arc,GameData_20\material_dlc488_2.arc,1714,1AA5F731,1744
share,../com3d2data\GameData_20\menu_cas133_2.arc,GameData_20\menu_cas133_2.arc,8962,B2C49D27,1744
share,../com3d2data\GameData_20\menu_cas134_2.arc,GameData_20\menu_cas134_2.arc,9090,F8D6780D,1744
share,../com3d2data\GameData_20\menu_dlc004_2.arc,GameData_20\menu_dlc004_2.arc,3362,F70C6943,1744
share,../com3d2data\GameData_20\menu_dlc286_2.arc,GameData_20\menu_dlc286_2.arc,2626,18F6964C,1744
share,../com3d2data\GameData_20\menu_dlc326_2.arc,GameData_20\menu_dlc326_2.arc,1730,625DC929,1744
share,../com3d2data\GameData_20\menu_dlc363_2.arc,GameData_20\menu_dlc363_2.arc,2050,28BB461D,1744
share,../com3d2data\GameData_20\menu_dlc386_2.arc,GameData_20\menu_dlc386_2.arc,8242,43DF28B0,1744
share,../com3d2data\GameData_20\menu_dlc399_2.arc,GameData_20\menu_dlc399_2.arc,1234,9EC7D1A9,1744
share,../com3d2data\GameData_20\menu_dlc414_2.arc,GameData_20\menu_dlc414_2.arc,3666,01397BC6,1744
share,../com3d2data\GameData_20\menu_dlc423_2.arc,GameData_20\menu_dlc423_2.arc,3298,861496D6,1744
share,../com3d2data\GameData_20\menu_dlc487_2.arc,GameData_20\menu_dlc487_2.arc,3266,52969574,1744
share,../com3d2data\GameData_20\menu_dlc526_2.arc,GameData_20\menu_dlc526_2.arc,4258,988E8441,1744
share,../com3d2data\GameData_20\menu_gp001_2.arc,GameData_20\menu_gp001_2.arc,6770,59BE68C7,1744
share,../com3d2data\GameData_20\menu_oldplus009cloth_2.arc,GameData_20\menu_oldplus009cloth_2.arc,9602,4E06F551,1744
share,../com3d2data\GameData_20\menu_personal_om008_2.arc,GameData_20\menu_personal_om008_2.arc,6866,2468F845,1744
share,../com3d2data\GameData_20\model_cas043_2.arc,GameData_20\model_cas043_2.arc,166587,C4122F7E,1744
share,../com3d2data\GameData_20\model_cas056_2.arc,GameData_20\model_cas056_2.arc,515645,4C84558A,1744
share,../com3d2data\GameData_20\model_cas064_2.arc,GameData_20\model_cas064_2.arc,116026,0A8CC175,1744
share,../com3d2data\GameData_20\model_cas099_2.arc,GameData_20\model_cas099_2.arc,120018,F24B9C93,1744
share,../com3d2data\GameData_20\model_cas113_2.arc,GameData_20\model_cas113_2.arc,474721,DDA747D5,1744
share,../com3d2data\GameData_20\model_cas133_2.arc,GameData_20\model_cas133_2.arc,1797049,9CFB4397,1744
share,../com3d2data\GameData_20\model_cw004cloth1_2.arc,GameData_20\model_cw004cloth1_2.arc,877052,EEB61B76,1744
share,../com3d2data\GameData_20\model_cw004cloth3_2.arc,GameData_20\model_cw004cloth3_2.arc,392556,2C567671,1744
share,../com3d2data\GameData_20\model_cw007cloth2_2.arc,GameData_20\model_cw007cloth2_2.arc,198050,99EE2B6C,1744
share,../com3d2data\GameData_20\model_denkigai2020s_2.arc,GameData_20\model_denkigai2020s_2.arc,70702,A7C3EBB2,1744
share,../com3d2data\GameData_20\model_dlc004_2.arc,GameData_20\model_dlc004_2.arc,285512,53E9912D,1744
share,../com3d2data\GameData_20\model_dlc007_2.arc,GameData_20\model_dlc007_2.arc,72986,85596DB7,1744
share,../com3d2data\GameData_20\model_dlc038_2.arc,GameData_20\model_dlc038_2.arc,171553,12426AA2,1744
share,../com3d2data\GameData_20\model_dlc264_2.arc,GameData_20\model_dlc264_2.arc,1284137,3BAA1822,1744
share,../com3d2data\GameData_20\model_dlc314_2.arc,GameData_20\model_dlc314_2.arc,102829,E3EE6B88,1744
share,../com3d2data\GameData_20\model_dlc317_2.arc,GameData_20\model_dlc317_2.arc,4235399,79891393,1744
share,../com3d2data\GameData_20\model_dlc326_2.arc,GameData_20\model_dlc326_2.arc,414866,4374BB67,1744
share,../com3d2data\GameData_20\model_dlc345_2.arc,GameData_20\model_dlc345_2.arc,305873,22B2B3C4,1744
share,../com3d2data\GameData_20\model_dlc363_2.arc,GameData_20\model_dlc363_2.arc,910499,3673CAEF,1744
share,../com3d2data\GameData_20\model_dlc368_2.arc,GameData_20\model_dlc368_2.arc,228834,D8234312,1745
share,../com3d2data\GameData_20\model_dlc392_2.arc,GameData_20\model_dlc392_2.arc,1183892,E5FCC07F,1744
share,../com3d2data\GameData_20\model_dlc414_2.arc,GameData_20\model_dlc414_2.arc,399533,EA325852,1744
share,../com3d2data\GameData_20\model_dlc423_2.arc,GameData_20\model_dlc423_2.arc,243401,53F93DDE,1744
share,../com3d2data\GameData_20\model_dlc437_2.arc,GameData_20\model_dlc437_2.arc,487721,9BBC736D,1744
share,../com3d2data\GameData_20\model_dlc437hair_2.arc,GameData_20\model_dlc437hair_2.arc,354059,D48CD13B,1744
share,../com3d2data\GameData_20\model_dlc450_2.arc,GameData_20\model_dlc450_2.arc,508820,CFFA2D48,1744
share,../com3d2data\GameData_20\model_dlc451_2.arc,GameData_20\model_dlc451_2.arc,537178,E56CAB81,1744
share,../com3d2data\GameData_20\model_dlc462_2.arc,GameData_20\model_dlc462_2.arc,337274,335419B3,1744
share,../com3d2data\GameData_20\model_dlc466_2.arc,GameData_20\model_dlc466_2.arc,220262,A2895402,1744
share,../com3d2data\GameData_20\model_dlc475_2.arc,GameData_20\model_dlc475_2.arc,1346362,9820A575,1744
share,../com3d2data\GameData_20\model_dlc505_2.arc,GameData_20\model_dlc505_2.arc,114740,AF1B0F13,1744
share,../com3d2data\GameData_20\model_dlc508_2.arc,GameData_20\model_dlc508_2.arc,1171745,91EBD4B1,1744
share,../com3d2data\GameData_20\model_dlc510_2.arc,GameData_20\model_dlc510_2.arc,1798570,28BA1A40,1744
share,../com3d2data\GameData_20\model_dlc513_2.arc,GameData_20\model_dlc513_2.arc,142742,C92F2E78,1744
share,../com3d2data\GameData_20\model_dlc519_2.arc,GameData_20\model_dlc519_2.arc,196088,933B2E23,1744
share,../com3d2data\GameData_20\model_dlc520_2.arc,GameData_20\model_dlc520_2.arc,647048,A82B87A1,1744
share,../com3d2data\GameData_20\model_dlc527_2.arc,GameData_20\model_dlc527_2.arc,263958,D13DC3A3,1744
share,../com3d2data\GameData_20\model_dlc528_2.arc,GameData_20\model_dlc528_2.arc,1494027,45D5AB2F,1745
share,../com3d2data\GameData_20\model_dlc536_2.arc,GameData_20\model_dlc536_2.arc,1135095,9F93E2F2,1744
share,../com3d2data\GameData_20\model_oldplus011cloth_2.arc,GameData_20\model_oldplus011cloth_2.arc,204370,BE9D89E8,1745
share,../com3d2data\GameData_20\model_personal_om008_2.arc,GameData_20\model_personal_om008_2.arc,219900,95ED3847,1744
share,../com3d2data\GameData_20\paths.dat,GameData_20\paths.dat,15335,2E63AA64,1833
share,../com3d2data\GameData_20\prioritymaterial.arc,GameData_20\prioritymaterial.arc,452593,1CF309EF,1833
share,../com3d2data\GameData_20\texture_cas113_2.arc,GameData_20\texture_cas113_2.arc,46625634,E6F2E799,1744
share,../com3d2data\GameData_20\texture_cas139_2.arc,GameData_20\texture_cas139_2.arc,8118853,61331B0E,1744
share,../com3d2data\GameData_20\texture_dlc004_2.arc,GameData_20\texture_dlc004_2.arc,4805793,1C7DB786,1744
share,../com3d2data\GameData_20\texture_dlc363_2.arc,GameData_20\texture_dlc363_2.arc,10910542,60E1B3DE,1744
share,../com3d2data\GameData_20\texture_dlc377_2.arc,GameData_20\texture_dlc377_2.arc,2633123,5A9C0F72,1744
share,../com3d2data\GameData_20\texture_dlc386_2.arc,GameData_20\texture_dlc386_2.arc,1022408,504C11D3,1744
share,../com3d2data\GameData_20\texture_dlc405_2.arc,GameData_20\texture_dlc405_2.arc,4522663,AD657DA6,1744
share,../com3d2data\GameData_20\texture_dlc414_2.arc,GameData_20\texture_dlc414_2.arc,8276290,844E9DDA,1744
share,../com3d2data\GameData_20\texture_dlc437_2.arc,GameData_20\texture_dlc437_2.arc,21879766,37D74A80,1744
share,../com3d2data\GameData_20\texture_dlc475_2.arc,GameData_20\texture_dlc475_2.arc,12536480,61782DA5,1744
share,../com3d2data\GameData_20\texture_dlc526_2.arc,GameData_20\texture_dlc526_2.arc,8210,1462E6A1,1744
share,../com3d2data\GameData_20\texture_dlc536_2.arc,GameData_20\texture_dlc536_2.arc,20742956,B73EA101,1744
