0,0,GameData\bg_dlc272.arc,20190834,B428378C,1000
0,0,GameData\csv.arc,5153045,A07928E1,1282
0,0,GameData\csv_dlc272.arc,614,CA950FBC,1000
0,0,GameData\parts_dlc256.arc,31170808,3DE6AC07,1000
0,0,GameData\parts_dlc257.arc,8724860,53B02306,1000
0,0,GameData\parts_dlc258.arc,4087035,2B2DD42A,1000
0,0,GameData\parts_dlc259.arc,2748030,C041728A,1000
0,0,GameData\parts_dlc260.arc,5432441,E7D96DAA,1000
0,0,GameData\parts_dlc261.arc,7023408,D0B5E47F,1000
0,0,GameData\parts_dlc262.arc,32265875,F988872C,1000
0,0,GameData\parts_dlc263.arc,56581009,D54F72B5,1000
0,0,GameData\parts_dlc264.arc,28300546,246A75F1,1000
0,0,GameData\parts_dlc265.arc,21332421,D23C3B46,1000
0,0,GameData\parts_dlc266.arc,41657608,1DDA158F,1000
0,0,GameData\paths.dat,4474,DD66F78C,1282
0,0,GameData\prioritymaterial.arc,323824,073017E3,1282
0,0,GameData\script.arc,12196417,1CA75E87,1282
0,0,GameData\script_dlc272.arc,29964,93B4EA47,1000
0,0,GameData\system_dlc272.arc,111125,E444300F,1000
0,0,GameData\voice_dlc272.arc,9707999,EC8369D7,1000