0,0,COM3D2OHx64_Data\Managed\Assembly-CSharp.dll,5831168,3804DF72,23001
0,0,COM3D2OHx64.exe,22841856,858642A8,23001
share,../com3d2data\GameData\cbl\csv_cbl.arc,GameData\csv_cbl.arc,1218906,8FE33B0B,23001
share,../com3d2data\GameData\cbl\motion_cbl_eventplus_childhood_2.arc,GameData\motion_cbl_eventplus_childhood_2.arc,1007064,E1BAB709,23001
share,../com3d2data\GameData\cbl\motion_cbl_eventplus_curtness_2.arc,GameData\motion_cbl_eventplus_curtness_2.arc,1007060,A8461455,23001
share,../com3d2data\GameData\cbl\motion_cbl_eventplus_ladylike_2.arc,GameData\motion_cbl_eventplus_ladylike_2.arc,1007061,17A1AEC4,23001
share,../com3d2data\GameData\cbl\motion_cbl_eventplus_secretary_2.arc,GameData\motion_cbl_eventplus_secretary_2.arc,1007060,A7F665A9,23001
share,../com3d2data\GameData\cbl\motion_cbl_eventplus_silent_2.arc,GameData\motion_cbl_eventplus_silent_2.arc,1007041,0B15BF68,23001
share,../com3d2data\GameData\cbl\motion_cbl_eventplus_sister_2.arc,GameData\motion_cbl_eventplus_sister_2.arc,1007043,091EEBA9,23001
share,../com3d2data\GameData\cbl\motion_cbl_oldplus_cool_2.arc,GameData\motion_cbl_oldplus_cool_2.arc,1007036,C1BB670A,23001
share,../com3d2data\GameData\cbl\motion_cbl_oldplus_genki_2.arc,GameData\motion_cbl_oldplus_genki_2.arc,1007039,A69A1345,23001
share,../com3d2data\GameData\cbl\motion_cbl_oldplus_pure_2.arc,GameData\motion_cbl_oldplus_pure_2.arc,1007037,72CF661D,23001
share,../com3d2data\GameData\cbl\motion_cbl_oldplus_sadist_2.arc,GameData\motion_cbl_oldplus_sadist_2.arc,1007039,AC5EE89B,23001
share,../com3d2data\GameData\cbl\motion_cbl_omytgc014_2.arc,GameData\motion_cbl_omytgc014_2.arc,1007033,F6ADF2B3,23001
share,../com3d2data\GameData\cbl\motion_cbl2.arc,GameData\motion_cbl2.arc,60178085,CEFBFDCE,23001
share,../com3d2data\GameData\cbl\script_cbl.arc,GameData\script_cbl.arc,6645253,81CED2C3,23001
share,../com3d2data\GameData\patch\bg_sp004_2.arc,GameData\bg_sp004_2.arc,38493628,E4DDBCD1,23001
share,../com3d2data\GameData\patch\csv.arc,GameData\csv.arc,32578110,BE8F8759,23001
share,../com3d2data\GameData\patch\csv_karaoke011_2.arc,GameData\csv_karaoke011_2.arc,3730,E58279DA,23001
share,../com3d2data\GameData\patch\csv_karaoke011add_2.arc,GameData\csv_karaoke011add_2.arc,3746,BCE9C869,23001
share,../com3d2data\GameData\patch\csv_karaoke011add_ver13_2.arc,GameData\csv_karaoke011add_ver13_2.arc,3746,7B86FB38,23001
share,../com3d2data\GameData\patch\csv_karaoke011add_ver14_2.arc,GameData\csv_karaoke011add_ver14_2.arc,3746,BCE0A31D,23001
share,../com3d2data\GameData\patch\csv_karaoke011add_ver19_2.arc,GameData\csv_karaoke011add_ver19_2.arc,3746,6509C8A5,23001
share,../com3d2data\GameData\patch\csv_karaoke012dgp_2.arc,GameData\csv_karaoke012dgp_2.arc,3746,928D4947,23001
share,../com3d2data\GameData\patch\csv_karaoke012dgp_solo_2.arc,GameData\csv_karaoke012dgp_solo_2.arc,3762,7196736E,23001
share,../com3d2data\GameData\patch\parts_dlc301_2.arc,GameData\parts_dlc301_2.arc,2785882,71FBA5C0,23001
share,../com3d2data\GameData\patch\parts_dlc304_2.arc,GameData\parts_dlc304_2.arc,2572590,DDA58849,23001
share,../com3d2data\GameData\patch\parts_dlc324_2.arc,GameData\parts_dlc324_2.arc,148546,6886180D,23001
share,../com3d2data\GameData\patch\parts_dlc334_2.arc,GameData\parts_dlc334_2.arc,97412,3F847622,23001
share,../com3d2data\GameData\patch\parts_dlc345_2.arc,GameData\parts_dlc345_2.arc,308061,6967EC9F,23001
share,../com3d2data\GameData\patch\parts_dlc487_2.arc,GameData\parts_dlc487_2.arc,3634,9EB4F074,23001
share,../com3d2data\GameData\patch\parts_x001plus_2.arc,GameData\parts_x001plus_2.arc,477642,B39D558F,23001
share,../com3d2data\GameData\patch\paths.dat,GameData\paths.dat,16828,ABC91860,23001
share,../com3d2data\GameData\patch\prioritymaterial.arc,GameData\prioritymaterial.arc,770293,E7866765,23001
share,../com3d2data\GameData_20\menu_dlc487_2.arc,GameData_20\menu_dlc487_2.arc,3202,E04AF4BF,1711
share,../com3d2data\GameData_20\model_dlc301_2.arc,GameData_20\model_dlc301_2.arc,2770802,FC56BD36,1711
share,../com3d2data\GameData_20\model_dlc304_2.arc,GameData_20\model_dlc304_2.arc,2557508,A0A84D30,1711
share,../com3d2data\GameData_20\model_dlc334_2.arc,GameData_20\model_dlc334_2.arc,95277,59FC66FC,1711
share,../com3d2data\GameData_20\model_dlc345_2.arc,GameData_20\model_dlc345_2.arc,305826,0FD82634,1711
share,../com3d2data\GameData_20\model_x001plus_2.arc,GameData_20\model_x001plus_2.arc,475922,3208B986,1711
share,../com3d2data\GameData_20\paths.dat,GameData_20\paths.dat,14322,CDA08951,1781
share,../com3d2data\GameData_20\prioritymaterial.arc,GameData_20\prioritymaterial.arc,413878,A134DA66,1779
