0,0,CM3D2OHVRx64.exe,20649984,0A92CEB6,1460
0,0,CM3D2OHVRx64_DirectToRift.exe,465408,ED45B3A7,1460
0,0,CM3D2OHVRx64_Data\globalgamemanagers,1446772,1BF8C010,1460
0,0,CM3D2OHVRx64_Data\globalgamemanagers.assets,143588,D0E62D90,1460
0,0,CM3D2OHVRx64_Data\level0,189228,5FF860EF,1460
0,0,CM3D2OHVRx64_Data\level1,207204,45C52C76,1460
0,0,CM3D2OHVRx64_Data\level10,548252,501DB88A,1460
0,0,CM3D2OHVRx64_Data\level11,4640,EE37CB1A,1460
0,0,CM3D2OHVRx64_Data\level12,191852,429F6CCA,1460
0,0,CM3D2OHVRx64_Data\level13,4640,FF5B8788,1460
0,0,CM3D2OHVRx64_Data\level14,209972,207845A0,1460
0,0,CM3D2OHVRx64_Data\level15,304540,F5A6BC87,1460
0,0,CM3D2OHVRx64_Data\level16,451436,9C44D428,1460
0,0,CM3D2OHVRx64_Data\level17,215340,B2A6073A,1460
0,0,CM3D2OHVRx64_Data\level18,537844,CBCA56C1,1460
0,0,CM3D2OHVRx64_Data\level19,273340,35BECF13,1460
0,0,CM3D2OHVRx64_Data\level2,287644,2B179794,1460
0,0,CM3D2OHVRx64_Data\level20,660292,9C8DE2CD,1460
0,0,CM3D2OHVRx64_Data\level21,1291580,E669F249,1460
0,0,CM3D2OHVRx64_Data\level22,519500,91C72CDE,1460
0,0,CM3D2OHVRx64_Data\level23,612484,1D378F50,1460
0,0,CM3D2OHVRx64_Data\level24,843692,9720592A,1460
0,0,CM3D2OHVRx64_Data\level25,704636,501A4311,1460
0,0,CM3D2OHVRx64_Data\level26,551796,2B8EBE34,1460
0,0,CM3D2OHVRx64_Data\level27,826852,E3040E85,1460
0,0,CM3D2OHVRx64_Data\level3,597268,65570D9A,1460
0,0,CM3D2OHVRx64_Data\level4,620148,D5A935E8,1460
0,0,CM3D2OHVRx64_Data\level5,190276,DD4A3ED5,1460
0,0,CM3D2OHVRx64_Data\level6,234348,8494E42C,1460
0,0,CM3D2OHVRx64_Data\level7,189780,789AACBE,1460
0,0,CM3D2OHVRx64_Data\level8,217228,77ED46B8,1460
0,0,CM3D2OHVRx64_Data\level9,190812,669424FA,1460
0,0,CM3D2OHVRx64_Data\resources.assets,253417056,67245EB3,1460
0,0,CM3D2OHVRx64_Data\resources.assets.resS,412237800,5DB6EDB6,1460
0,0,CM3D2OHVRx64_Data\sharedassets0.assets,16483048,1ADF566A,1460
0,0,CM3D2OHVRx64_Data\sharedassets0.assets.resS,121728032,217CBB40,1460
0,0,CM3D2OHVRx64_Data\sharedassets1.assets,5920,D25B6021,1460
0,0,CM3D2OHVRx64_Data\sharedassets10.assets,6244,073BDDA2,1460
0,0,CM3D2OHVRx64_Data\sharedassets11.assets,4132,6F3CAB80,1460
0,0,CM3D2OHVRx64_Data\sharedassets12.assets,5824,7C53E1C0,1460
0,0,CM3D2OHVRx64_Data\sharedassets13.assets,4132,BDA095C0,1460
0,0,CM3D2OHVRx64_Data\sharedassets14.assets,6544,F0B20BD3,1460
0,0,CM3D2OHVRx64_Data\sharedassets15.assets,5788,722B6C2D,1460
0,0,CM3D2OHVRx64_Data\sharedassets16.assets,215280,A78CD386,1460
0,0,CM3D2OHVRx64_Data\sharedassets16.assets.resS,51968,C41BC4E7,1460
0,0,CM3D2OHVRx64_Data\sharedassets17.assets,5860,94C1CAB0,1460
0,0,CM3D2OHVRx64_Data\sharedassets18.assets,74160,FC143487,1460
0,0,CM3D2OHVRx64_Data\sharedassets19.assets,6004,85D0CD6B,1460
0,0,CM3D2OHVRx64_Data\sharedassets2.assets,6136,328E11D2,1460
0,0,CM3D2OHVRx64_Data\sharedassets20.assets,8128,C77B618F,1460
0,0,CM3D2OHVRx64_Data\sharedassets21.assets,6580,1C1081D4,1460
0,0,CM3D2OHVRx64_Data\sharedassets22.assets,39511712,71323871,1460
0,0,CM3D2OHVRx64_Data\sharedassets23.assets,67700952,714B77B5,1460
0,0,CM3D2OHVRx64_Data\sharedassets24.assets,67690184,85A19DE2,1460
0,0,CM3D2OHVRx64_Data\sharedassets25.assets,47233820,74D21A28,1460
0,0,CM3D2OHVRx64_Data\sharedassets25.resource,3813344,7B95E5D4,1460
0,0,CM3D2OHVRx64_Data\sharedassets26.assets,80174972,014D08F9,1460
0,0,CM3D2OHVRx64_Data\sharedassets27.assets,84139364,5B15993F,1460
0,0,CM3D2OHVRx64_Data\sharedassets3.assets,1310240,91E1261D,1460
0,0,CM3D2OHVRx64_Data\sharedassets4.assets,6448,2BD2D0F9,1460
0,0,CM3D2OHVRx64_Data\sharedassets5.assets,5788,CC68C5CB,1460
0,0,CM3D2OHVRx64_Data\sharedassets6.assets,6268,76A5904E,1460
0,0,CM3D2OHVRx64_Data\sharedassets7.assets,5764,3E1FA02D,1460
0,0,CM3D2OHVRx64_Data\sharedassets8.assets,5788,7F7C810B,1460
0,0,CM3D2OHVRx64_Data\sharedassets9.assets,5812,6EAE7620,1460
0,0,CM3D2OHVRx64_Data\Managed\Accessibility.dll,10752,594EE943,1460
0,0,CM3D2OHVRx64_Data\Managed\Assembly-CSharp-firstpass.dll,778240,C8F3B263,1460
0,0,CM3D2OHVRx64_Data\Managed\Assembly-CSharp.dll,2688000,13A3C9D2,1460
0,0,CM3D2OHVRx64_Data\Managed\Assembly-UnityScript-firstpass.dll,65024,96B5B530,1460
0,0,CM3D2OHVRx64_Data\Managed\Boo.Lang.dll,126976,9ADD3789,1460
0,0,CM3D2OHVRx64_Data\Managed\FoveUnityPlugin.dll,28672,A6EA882B,1460
0,0,CM3D2OHVRx64_Data\Managed\Ionic.Zlib.dll,102400,7C9E7DD2,1460
0,0,CM3D2OHVRx64_Data\Managed\JsonFx.Json.dll,70144,A0F0CFCB,1460
0,0,CM3D2OHVRx64_Data\Managed\LeapCSharp.NET3.5.dll,82432,38E38212,1460
0,0,CM3D2OHVRx64_Data\Managed\Mono.Data.Tds.dll,96256,DDA7BAB7,1460
0,0,CM3D2OHVRx64_Data\Managed\Mono.Posix.dll,184320,C7063ABB,1460
0,0,CM3D2OHVRx64_Data\Managed\Mono.Security.dll,294912,8C7E67B3,1460
0,0,CM3D2OHVRx64_Data\Managed\Mono.WebBrowser.dll,172032,541986C3,1460
0,0,CM3D2OHVRx64_Data\Managed\mscorlib.dll,2589696,AFA570E5,1460
0,0,CM3D2OHVRx64_Data\Managed\System.Configuration.dll,124928,D5F2A804,1460
0,0,CM3D2OHVRx64_Data\Managed\System.Core.dll,297472,BCE2218F,1460
0,0,CM3D2OHVRx64_Data\Managed\System.Data.dll,856064,F1D38D2E,1460
0,0,CM3D2OHVRx64_Data\Managed\System.dll,1679360,288F722A,1460
0,0,CM3D2OHVRx64_Data\Managed\System.Drawing.Design.dll,29696,E7B53FF9,1460
0,0,CM3D2OHVRx64_Data\Managed\System.Drawing.dll,448512,C4B2E872,1460
0,0,CM3D2OHVRx64_Data\Managed\System.EnterpriseServices.dll,46592,75A19B93,1460
0,0,CM3D2OHVRx64_Data\Managed\System.Security.dll,135168,365C74A7,1460
0,0,CM3D2OHVRx64_Data\Managed\System.Transactions.dll,27648,203D65C1,1460
0,0,CM3D2OHVRx64_Data\Managed\System.Windows.Forms.dll,3053568,56394001,1460
0,0,CM3D2OHVRx64_Data\Managed\System.Xml.dll,1270272,9B79033F,1460
0,0,CM3D2OHVRx64_Data\Managed\System.Xml.Linq.dll,106496,B3ACF139,1460
0,0,CM3D2OHVRx64_Data\Managed\UnityEngine.dll,972800,B3EB425F,1460
0,0,CM3D2OHVRx64_Data\Managed\UnityEngine.dll.mdb,353934,02424F6C,1460
0,0,CM3D2OHVRx64_Data\Managed\UnityEngine.Networking.dll,230912,EBC88F56,1460
0,0,CM3D2OHVRx64_Data\Managed\UnityEngine.UI.dll,219136,8E43BC11,1460
0,0,CM3D2OHVRx64_Data\Managed\UnityScript.Lang.dll,14336,13EE284D,1460
0,0,CM3D2OHVRx64_Data\Managed\zxing.unity.dll,430592,9FD1F198,1460
0,0,CM3D2OHVRx64_Data\Mono\mono.dll,2612696,2A5A1006,1460
0,0,CM3D2OHVRx64_Data\Mono\etc\mono\browscap.ini,311984,CE6C0AB3,1460
0,0,CM3D2OHVRx64_Data\Mono\etc\mono\config,1691,A635914A,1460
0,0,CM3D2OHVRx64_Data\Mono\etc\mono\1.0\DefaultWsdlHelpGenerator.aspx,58196,10E814BF,1460
0,0,CM3D2OHVRx64_Data\Mono\etc\mono\1.0\machine.config,17258,EDE1AC59,1460
0,0,CM3D2OHVRx64_Data\Mono\etc\mono\2.0\DefaultWsdlHelpGenerator.aspx,60453,F3869A34,1460
0,0,CM3D2OHVRx64_Data\Mono\etc\mono\2.0\machine.config,27625,73C91C24,1460
0,0,CM3D2OHVRx64_Data\Mono\etc\mono\2.0\settings.map,2618,A1A3C29F,1460
0,0,CM3D2OHVRx64_Data\Mono\etc\mono\2.0\web.config,11686,534A9960,1460
0,0,CM3D2OHVRx64_Data\Mono\etc\mono\2.0\Browsers\Compat.browser,1605,2E178A0B,1460
0,0,CM3D2OHVRx64_Data\Mono\etc\mono\mconfig\config.xml,25817,80B2033A,1460
0,0,CM3D2OHVRx64_Data\Plugins\cm3d2_hole_x64.dll,339968,09BB14AC,1460
0,0,CM3D2OHVRx64_Data\Plugins\cm3d2_x64.dll,1544192,1FEE76CF,1460
0,0,CM3D2OHVRx64_Data\Plugins\device_hook.dll,392704,C273C518,1460
0,0,CM3D2OHVRx64_Data\Plugins\FoveClient.dll,1849384,58C8B4F6,1460
0,0,CM3D2OHVRx64_Data\Plugins\LeapC.dll,2516992,FBDD3767,1460
0,0,CM3D2OHVRx64_Data\Plugins\openvr_api.dll,318272,44432E0F,1460
0,0,CM3D2OHVRx64_Data\Plugins\OVRGamepad.dll,12800,2C526135,1460
0,0,CM3D2OHVRx64_Data\Plugins\OVRPlugin.dll,1894312,38EDD831,1460
0,0,CM3D2OHVRx64_Data\Resources\unity default resources,1544700,7137E221,1460
0,0,CM3D2OHVRx64_Data\Resources\unity_builtin_extra,142196,DF9A5755,1460
0,0,GameData\material_vr.arc,6184,D2EAFD73,130
0,0,GameData\menu_vr.arc,3407,D3B43CF5,130
0,0,GameData\model_vr.arc,866449,B84B7620,130
0,0,GameData\texture_vr.arc,1111256,DF651968,130
