0,0,COM3D2x64_Data\Managed\Accessibility.dll,10752,5CB31E4E,1552
0,0,COM3D2x64_Data\Managed\Assembly-CSharp.dll,5453824,B934EA8B,1552
0,0,COM3D2x64_Data\Managed\Assembly-CSharp-firstpass.dll,787456,8BEB5E7A,1552
0,0,COM3D2x64_Data\Managed\Assembly-UnityScript-firstpass.dll,65024,802A1856,1552
0,0,COM3D2x64_Data\Managed\Boo.Lang.dll,126976,28383F70,1552
0,0,COM3D2x64_Data\Managed\BouncyCastle.Crypto.dll,2236416,5A4C4F07,1552
0,0,COM3D2x64_Data\Managed\FoveUnityPlugin.dll,28672,A6EA882B,1552
0,0,COM3D2x64_Data\Managed\ICSharpCode.SharpZipLib.dll,200704,D3160A1C,1552
0,0,COM3D2x64_Data\Managed\Ionic.Zlib.dll,102400,7C9E7DD2,1552
0,0,COM3D2x64_Data\Managed\JsonFx.Json.dll,70144,A0F0CFCB,1552
0,0,COM3D2x64_Data\Managed\LeapCSharp.NET3.5.dll,82432,38E38212,1552
0,0,COM3D2x64_Data\Managed\Mono.Data.Tds.dll,96256,2965324B,1552
0,0,COM3D2x64_Data\Managed\Mono.Posix.dll,184320,0CE35BE3,1552
0,0,COM3D2x64_Data\Managed\Mono.Security.dll,294912,66EB9979,1552
0,0,COM3D2x64_Data\Managed\Mono.WebBrowser.dll,172032,137B736F,1552
0,0,COM3D2x64_Data\Managed\mscorlib.dll,2590208,5166389B,1552
0,0,COM3D2x64_Data\Managed\Newtonsoft.Json.dll,494592,5C881B73,1552
0,0,COM3D2x64_Data\Managed\System.Configuration.dll,124928,72952344,1552
0,0,COM3D2x64_Data\Managed\System.Core.dll,297472,9E3EE5D7,1552
0,0,COM3D2x64_Data\Managed\System.Data.dll,856064,DDDB80CD,1552
0,0,COM3D2x64_Data\Managed\System.dll,1679360,13922617,1552
0,0,COM3D2x64_Data\Managed\System.Drawing.Design.dll,29696,E7B53FF9,1552
0,0,COM3D2x64_Data\Managed\System.Drawing.dll,448512,C4B2E872,1552
0,0,COM3D2x64_Data\Managed\System.EnterpriseServices.dll,46592,2C72A9FE,1552
0,0,COM3D2x64_Data\Managed\System.Security.dll,135168,1CE94C57,1552
0,0,COM3D2x64_Data\Managed\System.Transactions.dll,27648,45299FCF,1552
0,0,COM3D2x64_Data\Managed\System.Windows.Forms.dll,3053568,56394001,1552
0,0,COM3D2x64_Data\Managed\System.Xml.dll,1270272,4581A35B,1552
0,0,COM3D2x64_Data\Managed\System.Xml.Linq.dll,106496,E844371C,1552
0,0,COM3D2x64_Data\Managed\UnityEngine.dll,1393152,2C35388C,1552
0,0,COM3D2x64_Data\Managed\UnityEngine.dll.mdb,449828,8610375E,1552
0,0,COM3D2x64_Data\Managed\UnityEngine.Networking.dll,253952,2BDF701F,1552
0,0,COM3D2x64_Data\Managed\UnityEngine.UI.dll,245760,FA552B2D,1552
0,0,COM3D2x64_Data\Managed\UnityEngine.VR.dll,3072,A4582CD6,1552
0,0,COM3D2x64_Data\Managed\UnityScript.Lang.dll,13824,0DA8F681,1552
0,0,COM3D2x64_Data\Managed\Win32.dll,13312,7781C2A2,1552
0,0,COM3D2x64_Data\Managed\zxing.unity.dll,430592,9FD1F198,1552
0,0,COM3D2x64_Data\Mono\etc\mono\1.0\DefaultWsdlHelpGenerator.aspx,58196,10E814BF,1552
0,0,COM3D2x64_Data\Mono\etc\mono\1.0\machine.config,17258,EDE1AC59,1552
0,0,COM3D2x64_Data\Mono\etc\mono\2.0\Browsers\Compat.browser,1605,2E178A0B,1552
0,0,COM3D2x64_Data\Mono\etc\mono\2.0\DefaultWsdlHelpGenerator.aspx,60453,F3869A34,1552
0,0,COM3D2x64_Data\Mono\etc\mono\2.0\machine.config,27625,73C91C24,1552
0,0,COM3D2x64_Data\Mono\etc\mono\2.0\settings.map,2618,A1A3C29F,1552
0,0,COM3D2x64_Data\Mono\etc\mono\2.0\web.config,11686,534A9960,1552
0,0,COM3D2x64_Data\Mono\etc\mono\mconfig\config.xml,25817,80B2033A,1552
0,0,COM3D2x64_Data\Mono\etc\mono\browscap.ini,311984,CE6C0AB3,1552
0,0,COM3D2x64_Data\Mono\etc\mono\config,1691,A635914A,1552
0,0,COM3D2x64_Data\Mono\mono.dll,2618816,0BEA8C0F,1552
0,0,COM3D2x64_Data\Mono\MonoPosixHelper.dll,113664,9B5E1E4D,1552
0,0,COM3D2x64_Data\Plugins\assimp.dll,4388864,7C910D84,1552
0,0,COM3D2x64_Data\Plugins\Audio360.dll,1499136,2D77400A,1552
0,0,COM3D2x64_Data\Plugins\AVProVideo.dll,891392,A3612D4B,1552
0,0,COM3D2x64_Data\Plugins\clothpp.dll,112128,7C3264A4,1552
0,0,COM3D2x64_Data\Plugins\cm3d2.dll,2082304,3263084E,1552
0,0,COM3D2x64_Data\Plugins\device_hook.dll,738816,F61E7CED,1552
0,0,COM3D2x64_Data\Plugins\FbxExporterCore.dll,12491776,CBAA51C1,1552
0,0,COM3D2x64_Data\Plugins\FoveClient.dll,1849384,58C8B4F6,1552
0,0,COM3D2x64_Data\Plugins\LeapC.dll,2516992,FBDD3767,1552
0,0,COM3D2x64_Data\Plugins\openvr_api.dll,318272,44432E0F,1552
0,0,COM3D2x64_Data\Plugins\OVRGamepad.dll,12800,2C526135,1552
0,0,COM3D2x64_Data\Plugins\OVRLipSync.dll,2512296,391C1F4C,1552
0,0,COM3D2x64_Data\Plugins\OVRPlugin.dll,1898408,5DD05B6C,1552
0,0,COM3D2x64_Data\Plugins\Win32-WebView.dll,504832,382AEE66,1552
0,0,COM3D2x64_Data\Resources\unity default resources,752360,71DB1AEA,1552
0,0,COM3D2x64_Data\Resources\unity_builtin_extra,284012,91145F7F,1552
0,0,COM3D2x64_Data\app.info,27,F9A266E7,1552
0,0,COM3D2x64_Data\globalgamemanagers,4502980,7A22E989,1552
0,0,COM3D2x64_Data\globalgamemanagers.assets,244324,A674AD2F,1552
0,0,COM3D2x64_Data\level0,325508,E1164CB1,1552
0,0,COM3D2x64_Data\level1,348652,08E61A28,1552
0,0,COM3D2x64_Data\level2,343484,72771923,1552
0,0,COM3D2x64_Data\level3,1203580,A6B4CCCF,1552
0,0,COM3D2x64_Data\level4,1212980,3B97D97B,1552
0,0,COM3D2x64_Data\level5,1301092,9413BA45,1552
0,0,COM3D2x64_Data\level6,327004,FBD84B10,1552
0,0,COM3D2x64_Data\level7,1057044,91DBA141,1552
0,0,COM3D2x64_Data\level8,357876,3BFE3330,1552
0,0,COM3D2x64_Data\level9,417164,7A0E410F,1552
0,0,COM3D2x64_Data\level10,352364,B2FBD37E,1552
0,0,COM3D2x64_Data\level11,326020,5959E384,1552
0,0,COM3D2x64_Data\level12,393468,DB161501,1552
0,0,COM3D2x64_Data\level13,329132,431F80CF,1552
0,0,COM3D2x64_Data\level14,825644,6D4C7E3C,1552
0,0,COM3D2x64_Data\level15,7476,13AADEF6,1552
0,0,COM3D2x64_Data\level16,327964,EE086218,1552
0,0,COM3D2x64_Data\level17,4664,1985F591,1552
0,0,COM3D2x64_Data\level18,344652,C7E4A2A2,1552
0,0,COM3D2x64_Data\level19,334348,D0DF3EF6,1552
0,0,COM3D2x64_Data\level20,955468,51DEE304,1552
0,0,COM3D2x64_Data\level21,427172,7EAEBC3A,1552
0,0,COM3D2x64_Data\level22,1085124,54CE4DB9,1552
0,0,COM3D2x64_Data\level23,410652,9F9744A8,1552
0,0,COM3D2x64_Data\level24,680988,F978F502,1552
0,0,COM3D2x64_Data\level25,347988,DEAFCFEE,1552
0,0,COM3D2x64_Data\level26,2187804,09409D11,1552
0,0,COM3D2x64_Data\level27,1115132,4E8506DE,1552
0,0,COM3D2x64_Data\level28,347988,B34FD48B,1552
0,0,COM3D2x64_Data\level29,1088436,5F2F8DCC,1552
0,0,COM3D2x64_Data\level30,340612,8DFBB53C,1552
0,0,COM3D2x64_Data\level31,447724,0416A2E9,1552
0,0,COM3D2x64_Data\level32,27904,BE34E042,1552
0,0,COM3D2x64_Data\level32.resS,131232,851AC384,1552
0,0,COM3D2x64_Data\level33,51676,55DDEEEC,1552
0,0,COM3D2x64_Data\level34,56036,81FA36ED,1552
0,0,COM3D2x64_Data\level35,6832,5F741AF9,1552
0,0,COM3D2x64_Data\level36,326412,D10C05AE,1552
0,0,COM3D2x64_Data\level37,1576436,FBE7B6E1,1552
0,0,COM3D2x64_Data\level38,1433068,9F413AB1,1552
0,0,COM3D2x64_Data\level39,1454668,2F8102E0,1552
0,0,COM3D2x64_Data\level40,444068,0B714911,1552
0,0,COM3D2x64_Data\level41,395436,EED87695,1552
0,0,COM3D2x64_Data\level42,426596,C57AF306,1552
0,0,COM3D2x64_Data\level43,1349900,9F9BB7E7,1552
0,0,COM3D2x64_Data\level44,1414372,8EC3754D,1552
0,0,COM3D2x64_Data\level45,1539780,E5BBBABC,1552
0,0,COM3D2x64_Data\level46,414036,EF35F123,1552
0,0,COM3D2x64_Data\level47,381132,734C9BBC,1552
0,0,COM3D2x64_Data\level48,439500,8BC2D96C,1552
0,0,COM3D2x64_Data\level49,396724,34A541B4,1552
0,0,COM3D2x64_Data\level50,1374820,8DF5D26A,1552
0,0,COM3D2x64_Data\level51,381284,CFAD4B82,1552
0,0,COM3D2x64_Data\level52,659484,919B2D3C,1552
0,0,COM3D2x64_Data\level53,537868,90F02F4E,1552
0,0,COM3D2x64_Data\level54,349900,19A9A4D0,1552
0,0,COM3D2x64_Data\level55,1276780,6D5E22BB,1552
0,0,COM3D2x64_Data\level56,1027388,1A6E7672,1552
0,0,COM3D2x64_Data\level57,1034676,1FE32786,1552
0,0,COM3D2x64_Data\level58,1276780,9E437222,1552
0,0,COM3D2x64_Data\level59,1157372,118AB728,1552
0,0,COM3D2x64_Data\level60,945940,8B37BAE6,1552
0,0,COM3D2x64_Data\level61,1232348,F000F961,1552
0,0,COM3D2x64_Data\level62,1333348,FFC2ACE6,1552
0,0,COM3D2x64_Data\level63,681380,E78932B0,1552
0,0,COM3D2x64_Data\level64,918172,D99A5CDD,1552
0,0,COM3D2x64_Data\level65,401340,F7A5C38E,1552
0,0,COM3D2x64_Data\level66,397708,9CAE5D99,1552
0,0,COM3D2x64_Data\level67,441420,95005F38,1552
0,0,COM3D2x64_Data\level68,463548,C7F3B4DA,1552
0,0,COM3D2x64_Data\level69,391948,066C5E4A,1552
0,0,COM3D2x64_Data\level70,451908,18D61A6B,1552
0,0,COM3D2x64_Data\level71,1040348,75A7A3B2,1552
0,0,COM3D2x64_Data\level72,964748,0A9E5C3F,1552
0,0,COM3D2x64_Data\level73,444628,CBC4C6E5,1552
0,0,COM3D2x64_Data\level74,466772,6D98DD64,1552
0,0,COM3D2x64_Data\level75,457356,626E2D85,1552
0,0,COM3D2x64_Data\level76,1044756,C7C58E2F,1552
0,0,COM3D2x64_Data\level77,1005028,19F8EA00,1552
0,0,COM3D2x64_Data\level78,450404,2E16AAF8,1552
0,0,COM3D2x64_Data\level79,434924,E38F28B0,1552
0,0,COM3D2x64_Data\level80,416596,40FC810B,1552
0,0,COM3D2x64_Data\level81,359636,7EE03DA8,1552
0,0,COM3D2x64_Data\level82,1384148,48A61B74,1552
0,0,COM3D2x64_Data\level83,1324900,6079AE49,1552
0,0,COM3D2x64_Data\level84,503420,1789140A,1552
0,0,COM3D2x64_Data\level85,405524,1687D4CB,1552
0,0,COM3D2x64_Data\level86,1252916,6A781802,1552
0,0,COM3D2x64_Data\level87,970748,30EBBB73,1552
0,0,COM3D2x64_Data\level88,1429220,AF550AA7,1552
0,0,COM3D2x64_Data\level89,1370372,3FF9CBA8,1552
0,0,COM3D2x64_Data\level90,1576444,A771F9DF,1552
0,0,COM3D2x64_Data\level91,1539788,E1083954,1552
0,0,COM3D2x64_Data\level92,1371524,C5EC5F59,1552
0,0,COM3D2x64_Data\level93,1337468,BE6135A4,1552
0,0,COM3D2x64_Data\level94,426476,079B537D,1552
0,0,COM3D2x64_Data\level95,406908,3A9D855A,1552
0,0,COM3D2x64_Data\level96,1050628,B9B62197,1552
0,0,COM3D2x64_Data\level97,851916,6926237E,1552
0,0,COM3D2x64_Data\level98,958684,1DAD4313,1552
0,0,COM3D2x64_Data\level99,852876,519FD0A1,1552
0,0,COM3D2x64_Data\level100,1030260,2D7DF3CA,1552
0,0,COM3D2x64_Data\level101,1693604,5845C4B6,1552
0,0,COM3D2x64_Data\level102,1644676,A20EC3AA,1552
0,0,COM3D2x64_Data\level103,1113452,8CAA8AD5,1552
0,0,COM3D2x64_Data\level104,1057124,D2206FD3,1552
0,0,COM3D2x64_Data\level105,1512580,ED8A86E7,1552
0,0,COM3D2x64_Data\level106,1611508,8FA762E1,1552
0,0,COM3D2x64_Data\level107,1055020,44D9FF54,1552
0,0,COM3D2x64_Data\level108,970564,77091440,1552
0,0,COM3D2x64_Data\level109,1679516,174A6A0D,1552
0,0,COM3D2x64_Data\level110,1576324,26FF28E5,1552
0,0,COM3D2x64_Data\level111,468060,590569FC,1552
0,0,COM3D2x64_Data\level112,487836,35A0293F,1552
0,0,COM3D2x64_Data\level113,576324,D26AAD3A,1552
0,0,COM3D2x64_Data\level114,535436,51F7F90D,1552
0,0,COM3D2x64_Data\level114.resS,131232,9337BCA3,1552
0,0,COM3D2x64_Data\level115,463116,65BA1E14,1552
0,0,COM3D2x64_Data\level116,562332,9F2F516E,1552
0,0,COM3D2x64_Data\level117,486436,AD2F2BA6,1552
0,0,COM3D2x64_Data\level118,1399892,5B5EB136,1552
0,0,COM3D2x64_Data\level119,1476740,5A55AE15,1552
0,0,COM3D2x64_Data\level120,1304892,F8B64FBF,1552
0,0,COM3D2x64_Data\level121,1135908,C5B75F00,1552
0,0,COM3D2x64_Data\level122,1223348,22C08F94,1552
0,0,COM3D2x64_Data\level123,1414676,BC662AC2,1552
0,0,COM3D2x64_Data\level124,1320404,C48D4819,1552
0,0,COM3D2x64_Data\level125,939596,A13DE4C0,1552
0,0,COM3D2x64_Data\level126,556836,B2C976EC,1552
0,0,COM3D2x64_Data\resources.assets,435944384,11EC2286,1552
0,0,COM3D2x64_Data\resources.assets.resS,1798219268,016F04A6,1552
0,0,COM3D2x64_Data\resources.resource,727392,54F90BDA,1552
0,0,COM3D2x64_Data\sharedassets0.assets,115226516,3E087C52,1552
0,0,COM3D2x64_Data\sharedassets0.assets.resS,28071636,A1AB9432,1552
0,0,COM3D2x64_Data\sharedassets1.assets,6256,F3363477,1552
0,0,COM3D2x64_Data\sharedassets2.assets,6292,81B6BCAE,1552
0,0,COM3D2x64_Data\sharedassets3.assets,7972,429BC16A,1552
0,0,COM3D2x64_Data\sharedassets4.assets,12904,133BEC28,1552
0,0,COM3D2x64_Data\sharedassets5.assets,7156,E1659EA5,1552
0,0,COM3D2x64_Data\sharedassets6.assets,6136,C22BB140,1552
0,0,COM3D2x64_Data\sharedassets7.assets,6976,F45D4204,1552
0,0,COM3D2x64_Data\sharedassets8.assets,6136,5156D79F,1552
0,0,COM3D2x64_Data\sharedassets9.assets,7096,4CF9A428,1552
0,0,COM3D2x64_Data\sharedassets10.assets,6112,40AD44AD,1552
0,0,COM3D2x64_Data\sharedassets11.assets,6088,81A58483,1552
0,0,COM3D2x64_Data\sharedassets12.assets,6328,F5DDC586,1552
0,0,COM3D2x64_Data\sharedassets13.assets,6232,8F1C456E,1552
0,0,COM3D2x64_Data\sharedassets14.assets,6688,83434C3B,1552
0,0,COM3D2x64_Data\sharedassets15.assets,4564,8E7FA57B,1552
0,0,COM3D2x64_Data\sharedassets16.assets,6148,8079EAE9,1552
0,0,COM3D2x64_Data\sharedassets17.assets,4132,32C1E6C6,1552
0,0,COM3D2x64_Data\sharedassets18.assets,6868,FE8C58AA,1552
0,0,COM3D2x64_Data\sharedassets19.assets,6232,4F22DC14,1552
0,0,COM3D2x64_Data\sharedassets20.assets,12580,DF891A21,1552
0,0,COM3D2x64_Data\sharedassets21.assets,6292,AC4943FC,1552
0,0,COM3D2x64_Data\sharedassets22.assets,12676,BE67E9E5,1552
0,0,COM3D2x64_Data\sharedassets23.assets,6316,12AC6584,1552
0,0,COM3D2x64_Data\sharedassets24.assets,6376,0A2A1154,1552
0,0,COM3D2x64_Data\sharedassets25.assets,6184,8433D237,1552
0,0,COM3D2x64_Data\sharedassets26.assets,7096,D2EAE831,1552
0,0,COM3D2x64_Data\sharedassets27.assets,12652,B02CEA20,1552
0,0,COM3D2x64_Data\sharedassets28.assets,6184,4655ACFA,1552
0,0,COM3D2x64_Data\sharedassets29.assets,12652,B02CEA20,1552
0,0,COM3D2x64_Data\sharedassets30.assets,6112,122C4104,1552
0,0,COM3D2x64_Data\sharedassets31.assets,18126856,4E8511A5,1552
0,0,COM3D2x64_Data\sharedassets32.assets,12328,DEBA65D2,1552
0,0,COM3D2x64_Data\sharedassets33.assets,4420,65311DED,1552
0,0,COM3D2x64_Data\sharedassets34.assets,4324,2BC35DFD,1552
0,0,COM3D2x64_Data\sharedassets35.assets,4264,B5284D9A,1552
0,0,COM3D2x64_Data\sharedassets36.assets,6124,185F39C5,1552
0,0,COM3D2x64_Data\sharedassets37.assets,12580,37DCE58A,1552
0,0,COM3D2x64_Data\sharedassets38.assets,12580,78A15A09,1552
0,0,COM3D2x64_Data\sharedassets39.assets,12580,AC5D96C8,1552
0,0,COM3D2x64_Data\sharedassets40.assets,7228,7A856201,1552
0,0,COM3D2x64_Data\sharedassets41.assets,6976,9A6329F8,1552
0,0,COM3D2x64_Data\sharedassets42.assets,7252,10FE4E53,1552
0,0,COM3D2x64_Data\sharedassets43.assets,9340,05F20D81,1552
0,0,COM3D2x64_Data\sharedassets44.assets,9448,0ADFCF23,1552
0,0,COM3D2x64_Data\sharedassets45.assets,9436,EE7953F1,1552
0,0,COM3D2x64_Data\sharedassets46.assets,8524,261782C2,1552
0,0,COM3D2x64_Data\sharedassets47.assets,6592,97896C60,1552
0,0,COM3D2x64_Data\sharedassets48.assets,8332,4ABB9C89,1552
0,0,COM3D2x64_Data\sharedassets49.assets,792692,8453EE2F,1552
0,0,COM3D2x64_Data\sharedassets49.assets.resS,6506584,427886ED,1552
0,0,COM3D2x64_Data\sharedassets50.assets,12580,4831EF03,1552
0,0,COM3D2x64_Data\sharedassets51.assets,6580,996A64DD,1552
0,0,COM3D2x64_Data\sharedassets52.assets,6748,1B08F441,1552
0,0,COM3D2x64_Data\sharedassets53.assets,6520,0EFD2F68,1552
0,0,COM3D2x64_Data\sharedassets54.assets,6124,60290E77,1552
0,0,COM3D2x64_Data\sharedassets55.assets,12664,F9EA56E5,1552
0,0,COM3D2x64_Data\sharedassets56.assets,9232,C683EC88,1552
0,0,COM3D2x64_Data\sharedassets57.assets,9268,151C0AD0,1552
0,0,COM3D2x64_Data\sharedassets58.assets,12664,F9EA56E5,1552
0,0,COM3D2x64_Data\sharedassets59.assets,9472,96EA33B4,1552
0,0,COM3D2x64_Data\sharedassets60.assets,9268,151C0AD0,1552
0,0,COM3D2x64_Data\sharedassets61.assets,9412,FA8B6D2E,1552
0,0,COM3D2x64_Data\sharedassets62.assets,9448,0ADFCF23,1552
0,0,COM3D2x64_Data\sharedassets63.assets,6652,08635D04,1552
0,0,COM3D2x64_Data\sharedassets64.assets,9436,EE7953F1,1552
0,0,COM3D2x64_Data\sharedassets65.assets,42236540,36AB2982,1552
0,0,COM3D2x64_Data\sharedassets65.assets.resS,87400,8BA6C322,1552
0,0,COM3D2x64_Data\sharedassets66.assets,38246508,CEDFFB24,1552
0,0,COM3D2x64_Data\sharedassets67.assets,32874604,69FC982E,1552
0,0,COM3D2x64_Data\sharedassets68.assets,36735684,1C3AED77,1552
0,0,COM3D2x64_Data\sharedassets68.assets.resS,174776,5B619AF1,1552
0,0,COM3D2x64_Data\sharedassets69.assets,41277360,53445DCA,1552
0,0,COM3D2x64_Data\sharedassets70.assets,39399112,E6751600,1552
0,0,COM3D2x64_Data\sharedassets71.assets,3017132,2DC967D8,1552
0,0,COM3D2x64_Data\sharedassets71.assets.resS,611728,7BFBEAAE,1552
0,0,COM3D2x64_Data\sharedassets72.assets,9496,D160C7CD,1552
0,0,COM3D2x64_Data\sharedassets73.assets,6508,5DA95240,1552
0,0,COM3D2x64_Data\sharedassets74.assets,6508,5DA95240,1552
0,0,COM3D2x64_Data\sharedassets75.assets,6508,5DA95240,1552
0,0,COM3D2x64_Data\sharedassets76.assets,12592,38E35EE5,1552
0,0,COM3D2x64_Data\sharedassets77.assets,9448,C23DF5C8,1552
0,0,COM3D2x64_Data\sharedassets78.assets,6472,5FCDEBEF,1552
0,0,COM3D2x64_Data\sharedassets79.assets,59364,DAE20325,1552
0,0,COM3D2x64_Data\sharedassets79.assets.resS,174776,B51EE5DC,1552
0,0,COM3D2x64_Data\sharedassets80.assets,6484,AAC111AF,1552
0,0,COM3D2x64_Data\sharedassets81.assets,6736,2FBCB6C4,1552
0,0,COM3D2x64_Data\sharedassets82.assets,759648,7A81632E,1552
0,0,COM3D2x64_Data\sharedassets82.assets.resS,1310880,58801C35,1552
0,0,COM3D2x64_Data\sharedassets82.resource,1178176,90268BF4,1552
0,0,COM3D2x64_Data\sharedassets83.assets,9316,F9F3B808,1552
0,0,COM3D2x64_Data\sharedassets84.assets,3412512,67C60CA7,1552
0,0,COM3D2x64_Data\sharedassets84.assets.resS,6226112,B3E98769,1552
0,0,COM3D2x64_Data\sharedassets85.assets,6580,B1EED663,1552
0,0,COM3D2x64_Data\sharedassets86.assets,13840,567656F1,1552
0,0,COM3D2x64_Data\sharedassets87.assets,9436,EE7953F1,1552
0,0,COM3D2x64_Data\sharedassets88.assets,12604,9B9E314C,1552
0,0,COM3D2x64_Data\sharedassets89.assets,9424,74753F2A,1552
0,0,COM3D2x64_Data\sharedassets90.assets,12580,37DCE58A,1552
0,0,COM3D2x64_Data\sharedassets91.assets,9436,EE7953F1,1552
0,0,COM3D2x64_Data\sharedassets92.assets,12604,9B9E314C,1552
0,0,COM3D2x64_Data\sharedassets93.assets,10372,5D3EA56F,1552
0,0,COM3D2x64_Data\sharedassets94.assets,6928,0CBC344E,1552
0,0,COM3D2x64_Data\sharedassets95.assets,6436,DB44241D,1552
0,0,COM3D2x64_Data\sharedassets96.assets,11692,5663E6E4,1552
0,0,COM3D2x64_Data\sharedassets96.resource,2729184,2D4064D6,1552
0,0,COM3D2x64_Data\sharedassets97.assets,11560,5D52F2D0,1552
0,0,COM3D2x64_Data\sharedassets98.assets,8296,8C441AEC,1552
0,0,COM3D2x64_Data\sharedassets99.assets,7612,FE053620,1552
0,0,COM3D2x64_Data\sharedassets100.assets,353884,AD97972E,1552
0,0,COM3D2x64_Data\sharedassets100.assets.resS,2272048,E50143CB,1552
0,0,COM3D2x64_Data\sharedassets100.resource,6236800,C7E9CFDE,1552
0,0,COM3D2x64_Data\sharedassets101.assets,6568288,A0032B98,1552
0,0,COM3D2x64_Data\sharedassets101.assets.resS,10936,3B0D7ADF,1552
0,0,COM3D2x64_Data\sharedassets101.resource,1136352,956B5452,1552
0,0,COM3D2x64_Data\sharedassets102.assets,10240,0DDC4591,1552
0,0,COM3D2x64_Data\sharedassets103.assets,12784,10AF2F6B,1552
0,0,COM3D2x64_Data\sharedassets104.assets,9580,E1CABEAD,1552
0,0,COM3D2x64_Data\sharedassets105.assets,9700,94C2700D,1552
0,0,COM3D2x64_Data\sharedassets105.resource,1003968,52A085C2,1552
0,0,COM3D2x64_Data\sharedassets106.assets,12904,91899661,1552
0,0,COM3D2x64_Data\sharedassets107.assets,12844,C77DE79D,1552
0,0,COM3D2x64_Data\sharedassets108.assets,9520,EBF11258,1552
0,0,COM3D2x64_Data\sharedassets109.assets,13292,90522F97,1552
0,0,COM3D2x64_Data\sharedassets109.resource,1166848,2709F6C2,1552
0,0,COM3D2x64_Data\sharedassets110.assets,9832,AE918BB1,1552
0,0,COM3D2x64_Data\sharedassets111.assets,6652,20EF3BEA,1552
0,0,COM3D2x64_Data\sharedassets112.assets,6652,20EF3BEA,1552
0,0,COM3D2x64_Data\sharedassets113.assets,6616,D95B4D9A,1552
0,0,COM3D2x64_Data\sharedassets114.assets,6340,6F6BF498,1552
0,0,COM3D2x64_Data\sharedassets115.assets,6616,D95B4D9A,1552
0,0,COM3D2x64_Data\sharedassets116.assets,6712,4C3629FF,1552
0,0,COM3D2x64_Data\sharedassets117.assets,6616,D95B4D9A,1552
0,0,COM3D2x64_Data\sharedassets118.assets,11464,74AAACAB,1552
0,0,COM3D2x64_Data\sharedassets119.assets,9484,E5D7C139,1552
0,0,COM3D2x64_Data\sharedassets120.assets,394864,FE66721D,1552
0,0,COM3D2x64_Data\sharedassets120.assets.resS,2184640,DF887086,1552
0,0,COM3D2x64_Data\sharedassets121.assets,9684,E1B4A30E,1552
0,0,COM3D2x64_Data\sharedassets121.resource,2751968,AE761A89,1552
0,0,COM3D2x64_Data\sharedassets122.assets,12832,35B6D9DB,1552
0,0,COM3D2x64_Data\sharedassets123.assets,12904,F274B89A,1552
0,0,COM3D2x64_Data\sharedassets124.assets,9580,F086CB6A,1552
0,0,COM3D2x64_Data\sharedassets125.assets,7060,79DEC1AE,1552
0,0,COM3D2x64_Data\sharedassets126.assets,7036,77D33E4C,1552
0,0,GameData\motion_3d21reserve_2.arc,153931,C630D84E,1100
0,0,GameData\motion_charaevent001_2.arc,1620106,06D07D92,1250
0,0,GameData\motion_charaevent002_2.arc,529007,1EE16A3C,1310
0,0,GameData\motion_charaevent004_2.arc,1931901,7BD7A6FB,1480
0,0,GameData\motion_charaevent005_2.arc,677366,64D8BC97,1310
0,0,GameData\motion_charaevent007_2.arc,1419293,1825E020,1280
0,0,GameData\motion_cos021_2.arc,323647,5697AC81,1061
0,0,GameData\motion_denkigai2017w_2.arc,1466874,DEACF6A8,1070
0,0,GameData\motion_dlc305_2.arc,25222244,4CA16527,1550
0,0,GameData\motion_gp001_2.arc,44501550,AA93BEF1,1312
0,0,GameData\motion_gp002p2_2.arc,188952,22E9C5B5,1550
0,0,GameData\motion_karaoke002_2.arc,28789453,C9190C57,1550
0,0,GameData\motion_karaoke004_2.arc,35778249,EFF08A08,1550
0,0,GameData\motion_kissnohi001_2.arc,158459,BD4D598E,1200
0,0,GameData\motion_omytgc002_2.arc,2611175,C672249A,1310
0,0,GameData\motion_omytgc013_2.arc,157707,6F04671D,1480
0,0,GameData\motion_personal_om005_2.arc,16232604,DF69DE56,1301
0,0,GameData\motion2.arc,182206657,A1DA2B66,1430
0,0,GameData\script.arc,14296905,B79AC2D3,1610
0,0,GameData\script_acosh002_2.arc,27346,018AB628,1550
0,0,GameData\script_charaevent001_2.arc,30674,FD2BB099,1090
0,0,GameData\script_charaevent002_2.arc,10754,793C2808,1270
0,0,GameData\script_charaevent002ntr_2.arc,16114,A039DACC,1150
0,0,GameData\script_charaevent003ntr_2.arc,14370,7667AFA0,1312
0,0,GameData\script_charaevent004ntr_2.arc,16450,5334480E,1220
0,0,GameData\script_charaevent006_2.arc,6850,ABCBCA52,1432
0,0,GameData\script_charaevent006ntr_2.arc,16930,6C5EBD07,1432
0,0,GameData\script_cos021_2.arc,109385,684D92BB,1140
0,0,GameData\script_cw005_2.arc,3938,CCEFCA4A,1510
0,0,GameData\script_denkigai2017w_2.arc,430750,44E8DF34,1140
0,0,GameData\script_denkigai2018s_2.arc,10274,96AE23D5,1191
0,0,GameData\script_dlc247_2.arc,26514,BF160EF4,1310
0,0,GameData\script_dlc251_2.arc,22658,0C0DAA32,1310
0,0,GameData\script_dlc255_2.arc,5922,D1AE825D,1310
0,0,GameData\script_dlc272_2.arc,8866,229A3C4C,1310
0,0,GameData\script_dlc280_2.arc,3506,0B54F783,1320
0,0,GameData\script_exm001_2.arc,2738,7DFDDDE5,1070
0,0,GameData\script_gp001_2.arc,2542096,B0A3B7CE,1550
0,0,GameData\script_gp001fb_2.arc,22546,22E1C5C9,1490
0,0,GameData\script_gp002_2.arc,1339271,126DAF07,1550
0,0,GameData\script_gp002p1_2.arc,3458,E47A3AE4,1360
0,0,GameData\script_gp002p2_2.arc,2484360,F920E0B6,1431
0,0,GameData\script_old_2.arc,597719,060E5179,1430
0,0,GameData\script_oldplus001_2.arc,42962,677656D2,1411
0,0,GameData\script_omytgc001_2.arc,54354,4F59E426,1380
0,0,GameData\script_omytgc003_2.arc,4402,0FF93434,1250
0,0,GameData\script_omytgc003plus_2.arc,3842,43F67545,1550
0,0,GameData\script_omytgc011_2.arc,40434,58D82FBA,1460
0,0,GameData\script_omytgc017_2.arc,4882,9CCCB2AD,1550
0,0,GameData\script_omytgc018_2.arc,43650,6F887725,1530
0,0,GameData\script_omytgc019_2.arc,60290,7839DECC,1550
0,0,GameData\script_ordermade001_2.arc,126411,3631230A,1440
0,0,GameData\script_ordermade002_2.arc,71050,8F296A1C,1550
0,0,GameData\script_ordermade003_2.arc,34818,6C576BC8,1411
0,0,GameData\script_ordermade004_2.arc,42978,219624AC,1411
0,0,GameData\script_personal_om001_2.arc,49042,91A5221D,1380
0,0,GameData\script_personal_om001plus_2.arc,37346,CA245E2F,1312
0,0,GameData\script_personal_om002_2.arc,54354,2329A940,1380
0,0,GameData\script_personal_om002plus_2.arc,29730,7AF47A76,1310
0,0,GameData\script_personal_om003_2.arc,14914,5F1C25DE,1380
0,0,GameData\script_personal_om003plus_2.arc,28226,0F69BF19,1352
0,0,GameData\script_personal_om004_2.arc,39794,70FF4315,1380
0,0,GameData\script_personal_om004plus_2.arc,5330,D62BB7FD,1352
0,0,GameData\script_personal_om005_2.arc,63266,30459F4A,1380
0,0,GameData\script_personal_om005plus_2.arc,4914,7804F397,1352
0,0,GameData\script_personal_om006_2.arc,21554,A6C87026,1380
0,0,GameData\script_personal_om007_2.arc,9106,B9C96BC7,1450
0,0,GameData\script_personal_om008_2.arc,59010,F9A59957,1540
0,0,GameData\script_personal_om008plus_2.arc,9266,51E2871A,1550
0,0,GameData\script_personal_om010_2.arc,4530,F9D86B7E,1540
0,0,GameData\script_sp001_2.arc,2562,F985BE42,1480
0,0,GameData\voice2.arc,475826381,4A98564C,1550
0,0,manual\css\close.png,1250,304A1D8C,1050
0,0,manual\css\common.css,3409,BA5B06EB,1050
0,0,manual\css\index.css,6614,38725E3B,1050
0,0,manual\css\lightbox.css,3674,9235D408,1050
0,0,manual\css\loading.gif,1279,72456323,1050
0,0,manual\css\next.png,1682,E0895D01,1050
0,0,manual\css\prev.png,1666,12F2027E,1050
0,0,manual\img\casino01.jpg,272694,C6FE6781,1050
0,0,manual\img\clubstatus.jpg,36546,DAA11F1D,1050
0,0,manual\img\com3d2_logo.png,100187,28605834,1050
0,0,manual\img\comp01.jpg,54909,F2AE5CE1,1050
0,0,manual\img\comp02.jpg,87599,493340A0,1050
0,0,manual\img\config.jpg,156802,1871EF55,1050
0,0,manual\img\dance01.jpg,305648,B87D0340,1050
0,0,manual\img\dance02.jpg,345535,27BEFAE3,1050
0,0,manual\img\edit01.jpg,312602,CB3E64D0,1050
0,0,manual\img\edit02.jpg,278318,878B2857,1050
0,0,manual\img\event01.jpg,194983,E4E03D42,1050
0,0,manual\img\facilitysetting01.jpg,338947,40D2A7D3,1050
0,0,manual\img\facilitysetting02.jpg,185709,12E0C653,1050
0,0,manual\img\facilitysetting03.jpg,267150,D08D54B7,1050
0,0,manual\img\kashizuki01.jpg,210954,8E6084EA,1050
0,0,manual\img\kashizuki02.jpg,209895,BD363567,1050
0,0,manual\img\kashizuki03.jpg,215560,D28EDBD6,1050
0,0,manual\img\kiss_logo.png,6459,7966A6E9,1050
0,0,manual\img\maidmanagement01.jpg,242517,21B3E491,1050
0,0,manual\img\maidmanagement02.jpg,140237,945D483D,1050
0,0,manual\img\maidmanagement03.jpg,208300,B7C8F3CD,1050
0,0,manual\img\mainmenu01.jpg,208641,7218A847,1060
0,0,manual\img\mainmenu02.jpg,193956,4C7EF1A8,1050
0,0,manual\img\myroom.jpg,225108,398BA2D8,1050
0,0,manual\img\myroom.psd,1301284,E3472053,1050
0,0,manual\img\reminiscence01.jpg,236014,B0302E74,1050
0,0,manual\img\schedule01.jpg,198475,6AD2FF8C,1050
0,0,manual\img\schedule02.jpg,240595,AE23B15D,1050
0,0,manual\img\shitsu_mode.jpg,166109,966737E0,1050
0,0,manual\img\shop.jpg,216722,67700EE6,1050
0,0,manual\img\studio.jpg,328576,FC7FDE83,1050
0,0,manual\img\system01.jpg,67204,A61273B1,1050
0,0,manual\img\yotogi01.jpg,283179,93847FCE,1050
0,0,manual\img\yotogi02.jpg,278963,0959D75C,1050
0,0,manual\img\yotogi03.jpg,243961,20F88D92,1050
0,0,manual\sys\common.js,240,976D3DF4,1050
0,0,manual\sys\jquery.lazy.min.js,5022,FEEB9C66,1050
0,0,manual\sys\jquery-3.1.0.min.js,86351,AE6B746B,1050
0,0,manual\sys\lightbox.js,18410,F90AE353,1050
0,0,manual\favicon.ico,370070,687492C6,1050
0,0,manual\index.html,71545,035C59F0,1060
0,0,COM3D2.exe,6607360,B7BB12CE,2006
0,0,COM3D2x64.exe,22841856,A9562BF9,1552
0,0,LICENSE,31205,24BAD003,1500
share,GameData\patch\bg_gp001fb_2.arc,GameData\bg_gp001fb_2.arc,74085,9CF8EBCF,1520
share,GameData\patch\bg_kissevent2018_sp_card_2.arc,GameData\bg_kissevent2018_sp_card_2.arc,493322,140250D1,1100
share,GameData\patch\bg_sp001_2.arc,GameData\bg_sp001_2.arc,16204240,91030B15,1000
share,GameData\patch\bg_sp004_2.arc,GameData\bg_sp004_2.arc,36120782,D70323E9,1530
share,GameData\patch\csv.arc,GameData\csv.arc,9624252,B3AFB92B,1620
share,GameData\patch\csv_3d21reserve2_2.arc,GameData\csv_3d21reserve2_2.arc,51058,6AD913F3,1380
share,GameData\patch\csv_denkigai2018wpcard_2.arc,GameData\csv_denkigai2018wpcard_2.arc,450,CD1D6826,1331
share,GameData\patch\csv_dlc305_2.arc,GameData\csv_dlc305_2.arc,67779,3D73BCB9,1380
share,GameData\patch\csv_gp001_2.arc,GameData\csv_gp001_2.arc,89204,9BB06354,1420
share,GameData\patch\csv_jp.arc,GameData\csv_jp.arc,14963,9C524993,1470
share,GameData\patch\csv_old_2.arc,GameData\csv_old_2.arc,1746,7AD2A97C,1150
share,GameData\patch\csv_ordermade001_2.arc,GameData\csv_ordermade001_2.arc,770,422A7575,1150
share,GameData\patch\csv_personal_om006_2.arc,GameData\csv_personal_om006_2.arc,1426,AB118368,1350
share,GameData\patch\csv_personal_om010_2.arc,GameData\csv_personal_om010_2.arc,1490,AA0632D5,1540
share,GameData\patch\parts_cas013_2.arc,GameData\parts_cas013_2.arc,1554,314DD9D9,1480
share,GameData\patch\parts_cas014_2.arc,GameData\parts_cas014_2.arc,1538,A0E9107C,1550
share,GameData\patch\parts_cas031_2.arc,GameData\parts_cas031_2.arc,1263261,331A64CB,1550
share,GameData\patch\parts_com3d2cbp_2.arc,GameData\parts_com3d2cbp_2.arc,197948,415AD83E,1460
share,GameData\patch\parts_cw001cloth2_2.arc,GameData\parts_cw001cloth2_2.arc,196199,EAF4C9F1,1460
share,GameData\patch\parts_cw001cloth3_2.arc,GameData\parts_cw001cloth3_2.arc,4370,1F2FFFCD,1380
share,GameData\patch\parts_cw004cloth2_2.arc,GameData\parts_cw004cloth2_2.arc,3714,303296EC,1550
share,GameData\patch\parts_cw005cloth3_2.arc,GameData\parts_cw005cloth3_2.arc,1798437,07194B0C,1530
share,GameData\patch\parts_cw005cloth4_2.arc,GameData\parts_cw005cloth4_2.arc,93385493,76CDAC9F,1501
share,GameData\patch\parts_denkigai2019s_2.arc,GameData\parts_denkigai2019s_2.arc,6772129,68051291,1550
share,GameData\patch\parts_denkigai2020w_2.arc,GameData\parts_denkigai2020w_2.arc,3986,4F526500,1550
share,GameData\patch\parts_dlc068_2.arc,GameData\parts_dlc068_2.arc,2066,E2A47102,1540
share,GameData\patch\parts_dlc209_2.arc,GameData\parts_dlc209_2.arc,1363413,BF1ABBC0,1171
share,GameData\patch\parts_dlc216_2.arc,GameData\parts_dlc216_2.arc,932171,E7454670,1200
share,GameData\patch\parts_dlc232_2.arc,GameData\parts_dlc232_2.arc,4834,0C730F07,1550
share,GameData\patch\parts_dlc240_2.arc,GameData\parts_dlc240_2.arc,2306,890A5A33,1530
share,GameData\patch\parts_dlc241_2.arc,GameData\parts_dlc241_2.arc,1618,5C4797C1,1380
share,GameData\patch\parts_dlc256_2.arc,GameData\parts_dlc256_2.arc,459473,67DE15EB,1480
share,GameData\patch\parts_dlc256ns_2.arc,GameData\parts_dlc256ns_2.arc,464943,902A8184,1480
share,GameData\patch\parts_dlc267_2.arc,GameData\parts_dlc267_2.arc,2827817,95D40D44,1480
share,GameData\patch\parts_dlc267ns_2.arc,GameData\parts_dlc267ns_2.arc,2827831,320F93A5,1480
share,GameData\patch\parts_dlc268_2.arc,GameData\parts_dlc268_2.arc,465617,1FC74BD4,1320
share,GameData\patch\parts_dlc268ns_2.arc,GameData\parts_dlc268ns_2.arc,465634,269DB210,1320
share,GameData\patch\parts_dlc279_2.arc,GameData\parts_dlc279_2.arc,6171073,DF439D14,1331
share,GameData\patch\parts_dlc283_2.arc,GameData\parts_dlc283_2.arc,214283,48402BBC,1550
share,GameData\patch\parts_dlc301_2.arc,GameData\parts_dlc301_2.arc,2032332,7D478CC1,1510
share,GameData\patch\parts_dlc302_2.arc,GameData\parts_dlc302_2.arc,1988437,E207724F,1510
share,GameData\patch\parts_dlc303_2.arc,GameData\parts_dlc303_2.arc,2715150,2D1CFC1F,1510
share,GameData\patch\parts_dlc304_2.arc,GameData\parts_dlc304_2.arc,1704802,5CDB51EF,1510
share,GameData\patch\parts_dlc320_2.arc,GameData\parts_dlc320_2.arc,94639,DC5A14A4,1470
share,GameData\patch\parts_dlc330_2.arc,GameData\parts_dlc330_2.arc,1413257,BE036852,1520
share,GameData\patch\parts_dlc331_2.arc,GameData\parts_dlc331_2.arc,3970,B15D6CCC,1490
share,GameData\patch\parts_dlc340_2.arc,GameData\parts_dlc340_2.arc,10642,53349B16,1540
share,GameData\patch\parts_dlc353_2.arc,GameData\parts_dlc353_2.arc,967380,18CA7CF1,1540
share,GameData\patch\parts_dlc355_2.arc,GameData\parts_dlc355_2.arc,348168,5CF6F6A0,1540
share,GameData\patch\parts_dlc356_2.arc,GameData\parts_dlc356_2.arc,57433481,02936498,1540
share,GameData\patch\parts_dlc357_2.arc,GameData\parts_dlc357_2.arc,47375026,F7C5D388,1540
share,GameData\patch\parts_dlc358_2.arc,GameData\parts_dlc358_2.arc,39458721,5960F3DB,1550
share,GameData\patch\parts_dlc359_2.arc,GameData\parts_dlc359_2.arc,109291930,A2D75D7D,1540
share,GameData\patch\parts_dlc362_2.arc,GameData\parts_dlc362_2.arc,628510,A1368035,1550
share,GameData\patch\parts_dlc363_2.arc,GameData\parts_dlc363_2.arc,1602,014DA2DF,1530
share,GameData\patch\parts_dlc367_2.arc,GameData\parts_dlc367_2.arc,61138,2D8C88EB,1550
share,GameData\patch\parts_dlcdenkigai2019s_2.arc,GameData\parts_dlcdenkigai2019s_2.arc,207704,AF29A65F,1550
share,GameData\patch\parts_gp001_2.arc,GameData\parts_gp001_2.arc,62133273,86553DC6,1550
share,GameData\patch\parts_gp001fb_2.arc,GameData\parts_gp001fb_2.arc,1465726,0B80F99F,1550
share,GameData\patch\parts_karaoke001_2.arc,GameData\parts_karaoke001_2.arc,453245,11C970D3,1280
share,GameData\patch\parts_kissevent2018_2.arc,GameData\parts_kissevent2018_2.arc,5570,005BBD00,1100
share,GameData\patch\parts_magazine003_2.arc,GameData\parts_magazine003_2.arc,201385,3A5B273D,1120
share,GameData\patch\parts_nijiyomec_2.arc,GameData\parts_nijiyomec_2.arc,17650,C9FFAD11,1550
share,GameData\patch\parts_oldplus002hair1_2.arc,GameData\parts_oldplus002hair1_2.arc,187027,D369C691,1530
share,GameData\patch\parts_oldplus005hair2_2.arc,GameData\parts_oldplus005hair2_2.arc,47826,3A8C3553,1550
share,GameData\patch\parts_oldplus006hair2_2.arc,GameData\parts_oldplus006hair2_2.arc,402927,CAB5CFFA,1540
share,GameData\patch\parts_omvr.arc,GameData\parts_omvr.arc,3206509,4F0D0480,1120
share,GameData\patch\parts_personal_om003_2.arc,GameData\parts_personal_om003_2.arc,80305,6327B22A,1540
share,GameData\patch\parts_personal_om006_2.arc,GameData\parts_personal_om006_2.arc,307194,3FCB0A15,1331
share,GameData\patch\parts_personal_om008_2.arc,GameData\parts_personal_om008_2.arc,37634,031E45C7,1550
share,GameData\patch\parts_personal_om010_2.arc,GameData\parts_personal_om010_2.arc,20132696,E36F644B,1540
share,GameData\patch\parts_shop016_2.arc,GameData\parts_shop016_2.arc,171410,3D70CEC4,1060
share,GameData\patch\parts_sp002cloth1_2.arc,GameData\parts_sp002cloth1_2.arc,10930,46512519,1250
share,GameData\patch\parts_sp002cloth2_2.arc,GameData\parts_sp002cloth2_2.arc,1825089,3BCD25A8,1352
share,GameData\patch\parts_sp003cloth3_2.arc,GameData\parts_sp003cloth3_2.arc,2970776,D1820E11,1530
share,GameData\patch\parts_sp005cloth2_2.arc,GameData\parts_sp005cloth2_2.arc,303977,DCB548A3,1460
share,GameData\patch\parts_vac001_2.arc,GameData\parts_vac001_2.arc,1271224,0597E526,1540
share,GameData\patch\parts2.arc,GameData\parts2.arc,166546538,F75FA840,1550
share,GameData\patch\paths.dat,GameData\paths.dat,12186,636634C9,1620
share,GameData\patch\prioritymaterial.arc,GameData\prioritymaterial.arc,462050,86FEA2F8,1620
share,GameData\patch\script_share_karaoke_2.arc,GameData\script_share_karaoke_2.arc,8354,23EC7857,1500
share,GameData\patch\sound2.arc,GameData\sound2.arc,6396631,69DF774A,1600
share,GameData\patch\system_gp001_2.arc,GameData\system_gp001_2.arc,7478491,A3D9E534,1420
share,GameData\patch\system_gp002_2.arc,GameData\system_gp002_2.arc,3352431,A85DA78B,1350
share,GameData\patch\system2.arc,GameData\system2.arc,15017525,38F72BA2,1610
share,GameData\patch\voice_gp001_2.arc,GameData\voice_gp001_2.arc,128499501,74943317,1270
share,GameData\patch\voice_ordermade002_2.arc,GameData\voice_ordermade002_2.arc,4034461,8F5E74E5,1550
share,GameData\patch\voice_ordermade002_solo_2.arc,GameData\voice_ordermade002_solo_2.arc,4034470,80F11421,1550
share,GameData\patch\voice_personal_om005_2.arc,GameData\voice_personal_om005_2.arc,77014392,941AFD15,1420
share,GameData\patch\voice_personal_om008_2.arc,GameData\voice_personal_om008_2.arc,738018,CFD7E516,1540
share,GameData\patch\voice_personal_om010_2.arc,GameData\voice_personal_om010_2.arc,120212,0DC709ED,1540
share,GameData_20\bg_vp001_2.arc,GameData_20\bg_vp001_2.arc,283046,A7A90EE1,1190
share,GameData_20\material_denkigai2015s003_2.arc,GameData_20\material_denkigai2015s003_2.arc,7106,0C82D791,1150
share,GameData_20\material_denkigai2015w_2.arc,GameData_20\material_denkigai2015w_2.arc,3490,F06AAABE,1090
share,GameData_20\material_denkigai2015wTowelR.arc,GameData_20\material_denkigai2015wTowelR.arc,1602,618192B9,1360
share,GameData_20\material_dlc055_2.arc,GameData_20\material_dlc055_2.arc,5282,11A93109,1280
share,GameData_20\material_dlc195_2.arc,GameData_20\material_dlc195_2.arc,1746,ECFBFE17,1090
share,GameData_20\material_dlcdenkigai2015w_2.arc,GameData_20\material_dlcdenkigai2015w_2.arc,3522,D35394D7,1090
share,GameData_20\material_dlcdenkigai2017w_2.arc,GameData_20\material_dlcdenkigai2017w_2.arc,3506,40FF8AFA,1090
share,GameData_20\material_dlsite_2.arc,GameData_20\material_dlsite_2.arc,1762,C5A837EA,1150
share,GameData_20\material_kissevent2017march_2.arc,GameData_20\material_kissevent2017march_2.arc,3538,7A6FC5CF,1090
share,GameData_20\material_shop001_2.arc,GameData_20\material_shop001_2.arc,1762,D98CED1C,1150
share,GameData_20\material_shop002_2.arc,GameData_20\material_shop002_2.arc,1762,956BB00E,1150
share,GameData_20\material_shop003_2.arc,GameData_20\material_shop003_2.arc,1762,38CEBFF2,1150
share,GameData_20\material_shop005_2.arc,GameData_20\material_shop005_2.arc,1714,3E621A32,1150
share,GameData_20\material_shop007_2.arc,GameData_20\material_shop007_2.arc,2578,C8CE627C,1150
share,GameData_20\material_vp001_2.arc,GameData_20\material_vp001_2.arc,11890,8CB043B0,1400
share,GameData_20\material_yomeido003_2.arc,GameData_20\material_yomeido003_2.arc,1522,0689A7AC,1240
share,GameData_20\menu_denkigai2015s001_2.arc,GameData_20\menu_denkigai2015s001_2.arc,6594,8B3E849F,1160
share,GameData_20\menu_denkigai2015s003_2.arc,GameData_20\menu_denkigai2015s003_2.arc,4338,D294CE88,1150
share,GameData_20\menu_denkigai2015wTowelR.arc,GameData_20\menu_denkigai2015wTowelR.arc,1282,CECEE1FC,1360
share,GameData_20\menu_denkigai2016s_2.arc,GameData_20\menu_denkigai2016s_2.arc,1346,4A9440B1,1351
share,GameData_20\menu_denkigai2016w_2.arc,GameData_20\menu_denkigai2016w_2.arc,15154,C8D64D3B,1450
share,GameData_20\menu_denkigai2017s_2.arc,GameData_20\menu_denkigai2017s_2.arc,1218,267B1338,1540
share,GameData_20\menu_denkigai2017w_2.arc,GameData_20\menu_denkigai2017w_2.arc,1250,D6D909E4,1670
share,GameData_20\menu_dlc026_2.arc,GameData_20\menu_dlc026_2.arc,3778,69453D54,1190
share,GameData_20\menu_dlc028_2.arc,GameData_20\menu_dlc028_2.arc,3874,DE3F1C31,1200
share,GameData_20\menu_dlc041_2.arc,GameData_20\menu_dlc041_2.arc,6786,97F738D3,1380
share,GameData_20\menu_dlc042_2.arc,GameData_20\menu_dlc042_2.arc,1154,EE4016C0,1440
share,GameData_20\menu_dlc049_2.arc,GameData_20\menu_dlc049_2.arc,3106,E30D6F4C,1522
share,GameData_20\menu_dlc061_2.arc,GameData_20\menu_dlc061_2.arc,3810,F99C1D4E,1290
share,GameData_20\menu_dlc065_2.arc,GameData_20\menu_dlc065_2.arc,7602,D9387834,1380
share,GameData_20\menu_dlc074_2.arc,GameData_20\menu_dlc074_2.arc,5618,24C559D7,1312
share,GameData_20\menu_dlc100_2.arc,GameData_20\menu_dlc100_2.arc,1250,DFF94E9A,1400
share,GameData_20\menu_dlc101_2.arc,GameData_20\menu_dlc101_2.arc,1218,44DB4049,1481
share,GameData_20\menu_dlc195_2.arc,GameData_20\menu_dlc195_2.arc,1170,BF163DDC,1090
share,GameData_20\menu_dlcdenkigai2016w_2.arc,GameData_20\menu_dlcdenkigai2016w_2.arc,13522,45E7F667,1450
share,GameData_20\menu_dlcdenkigai2017s_2.arc,GameData_20\menu_dlcdenkigai2017s_2.arc,1218,A6C83B5D,1540
share,GameData_20\menu_dlsite_2.arc,GameData_20\menu_dlsite_2.arc,1954,B2268BA7,1150
share,GameData_20\menu_kissevent2017march.arc,GameData_20\menu_kissevent2017march.arc,281,FF4EEB9B,1522
share,GameData_20\menu_kissevent2017march_2.arc,GameData_20\menu_kissevent2017march_2.arc,106624,14291926,1631
share,GameData_20\menu_magazine002_2.arc,GameData_20\menu_magazine002_2.arc,12498,691C1126,1471
share,GameData_20\menu_personal002_2.arc,GameData_20\menu_personal002_2.arc,1282,5687650C,1310
share,GameData_20\menu_shop001_2.arc,GameData_20\menu_shop001_2.arc,3314,35207C87,1150
share,GameData_20\menu_shop005_2.arc,GameData_20\menu_shop005_2.arc,1378,0C9AF725,1150
share,GameData_20\menu_vp001_2.arc,GameData_20\menu_vp001_2.arc,19138,7C7AFD9C,1400
share,GameData_20\menu_yomeido003_2.arc,GameData_20\menu_yomeido003_2.arc,1234,4D6F619D,1240
share,GameData_20\menu_yomeidogp_wedding_2.arc,GameData_20\menu_yomeidogp_wedding_2.arc,3954,C251B12C,1320
share,GameData_20\model_denkigai2015s003_2.arc,GameData_20\model_denkigai2015s003_2.arc,394665,41A48185,1150
share,GameData_20\model_denkigai2015w_2.arc,GameData_20\model_denkigai2015w_2.arc,174373,F9233759,1090
share,GameData_20\model_denkigai2015wTowelR.arc,GameData_20\model_denkigai2015wTowelR.arc,38258,FB570A24,1360
share,GameData_20\model_denkigai2017s_2.arc,GameData_20\model_denkigai2017s_2.arc,462663,8917104A,1582
share,GameData_20\model_dlc005_2.arc,GameData_20\model_dlc005_2.arc,175424,F7DD7D82,1270
share,GameData_20\model_dlc046_2.arc,GameData_20\model_dlc046_2.arc,155690,83B34173,1220
share,GameData_20\model_dlc073_2.arc,GameData_20\model_dlc073_2.arc,267037,47D33A06,1320
share,GameData_20\model_dlc100_2.arc,GameData_20\model_dlc100_2.arc,691347,7C3D679D,1400
share,GameData_20\model_dlc109_2.arc,GameData_20\model_dlc109_2.arc,137998,8FCCF513,1460
share,GameData_20\model_dlc151_2.arc,GameData_20\model_dlc151_2.arc,213532,8C3C80C3,1520
share,GameData_20\model_dlc195_2.arc,GameData_20\model_dlc195_2.arc,583563,16C95E54,1090
share,GameData_20\model_dlcdenkigai2015w_2.arc,GameData_20\model_dlcdenkigai2015w_2.arc,174400,BE6E5467,1090
share,GameData_20\model_dlcdenkigai2017s_2.arc,GameData_20\model_dlcdenkigai2017s_2.arc,462667,9F0C3D54,1582
share,GameData_20\model_dlcdenkigai2017w_2.arc,GameData_20\model_dlcdenkigai2017w_2.arc,181384,6D5B735E,1090
share,GameData_20\model_dlsite_2.arc,GameData_20\model_dlsite_2.arc,197173,24366C43,1150
share,GameData_20\model_kissevent2017march_2.arc,GameData_20\model_kissevent2017march_2.arc,190682,21F32FCB,1090
share,GameData_20\model_shop001_2.arc,GameData_20\model_shop001_2.arc,115215,9C941FAF,1150
share,GameData_20\model_shop002_2.arc,GameData_20\model_shop002_2.arc,251253,743C3D97,1150
share,GameData_20\model_shop003_2.arc,GameData_20\model_shop003_2.arc,185433,A15EC70A,1150
share,GameData_20\model_shop005_2.arc,GameData_20\model_shop005_2.arc,150103,FB5341FA,1150
share,GameData_20\model_shop007_2.arc,GameData_20\model_shop007_2.arc,288759,80615CBD,1150
share,GameData_20\model_vp001_2.arc,GameData_20\model_vp001_2.arc,647957,D68B5D2F,1400
share,GameData_20\paths.dat,GameData_20\paths.dat,5091,D094E2BE,1580
share,GameData_20\prioritymaterial.arc,GameData_20\prioritymaterial.arc,221488,580931AC,1582
share,GameData_20\texture_denkigai2015wTowelR.arc,GameData_20\texture_denkigai2015wTowelR.arc,133065,FE4BDC34,1360
share,GameData_20\texture_denkigai2016w_2.arc,GameData_20\texture_denkigai2016w_2.arc,10105247,3B4641C3,1450
share,GameData_20\texture_dlc004_2.arc,GameData_20\texture_dlc004_2.arc,4805734,C8E5CFB4,1200
share,GameData_20\texture_dlc046_2.arc,GameData_20\texture_dlc046_2.arc,596960,FC606BA5,1220
share,GameData_20\texture_dlc121_2.arc,GameData_20\texture_dlc121_2.arc,1276165,EB0914B5,1670
share,GameData_20\texture_dlc195_2.arc,GameData_20\texture_dlc195_2.arc,16075880,456A4C76,1090
share,GameData_20\texture_dlcdenkigai2016w_2.arc,GameData_20\texture_dlcdenkigai2016w_2.arc,10105332,90868016,1450
share,GameData_20\texture_kissevent2017march.arc,GameData_20\texture_kissevent2017march.arc,281,FF4EEB9B,1522
share,GameData_20\texture_kissevent2017march_2.arc,GameData_20\texture_kissevent2017march_2.arc,79432604,C7DD457A,1631
share,GameData_20\texture_vp001_2.arc,GameData_20\texture_vp001_2.arc,755269,18D5027D,1400
share,GameData_20\texture_yomeido003_2.arc,GameData_20\texture_yomeido003_2.arc,117248,0EE72B42,1240
