0,0,COM3D2x64_Data\Managed\Accessibility.dll,12288,778A87C9,34400
0,0,COM3D2x64_Data\Managed\Assembly-CSharp.dll,6330880,20B36621,34400
0,0,COM3D2x64_Data\Managed\Assembly-CSharp-firstpass.dll,874496,76508A3A,34400
0,0,COM3D2x64_Data\Managed\BouncyCastle.Crypto.dll,2236416,5A4C4F07,34400
0,0,COM3D2x64_Data\Managed\FoveUnityPlugin.dll,28672,A6EA882B,34400
0,0,COM3D2x64_Data\Managed\ICSharpCode.SharpZipLib.dll,200704,D3160A1C,34400
0,0,COM3D2x64_Data\Managed\Ionic.Zlib.dll,102400,7C9E7DD2,34400
0,0,COM3D2x64_Data\Managed\JsonFx.Json.dll,70144,A0F0CFCB,34400
0,0,COM3D2x64_Data\Managed\LeapCSharp.NET3.5.dll,82432,38E38212,34400
0,0,COM3D2x64_Data\Managed\MagicaCloth.dll,380416,5DFF619F,34400
0,0,COM3D2x64_Data\Managed\MagicaClothV2.dll,419840,65AC8BD4,34400
0,0,COM3D2x64_Data\Managed\MessagePack.Annotations.dll,8192,D126FC16,34400
0,0,COM3D2x64_Data\Managed\MessagePack.dll,331776,366C40C7,34400
0,0,COM3D2x64_Data\Managed\Microsoft.NET.StringTools.dll,30336,C3CACDD5,34400
0,0,COM3D2x64_Data\Managed\Mono.Posix.dll,214528,968E9B9D,34400
0,0,COM3D2x64_Data\Managed\Mono.Security.dll,241152,90CD243C,34400
0,0,COM3D2x64_Data\Managed\Mono.WebBrowser.dll,166912,9EC422AF,34400
0,0,COM3D2x64_Data\Managed\mscorlib.dll,4631552,1CC22052,34400
0,0,COM3D2x64_Data\Managed\netstandard.dll,90112,975FFBBE,34400
0,0,COM3D2x64_Data\Managed\Newtonsoft.Json.dll,691712,8CEF25D0,34400
0,0,COM3D2x64_Data\Managed\System.ComponentModel.Composition.dll,257024,44EC5201,34400
0,0,COM3D2x64_Data\Managed\System.Configuration.dll,124928,5CF4B8F7,34400
0,0,COM3D2x64_Data\Managed\System.Core.dll,1113088,2602A15A,34400
0,0,COM3D2x64_Data\Managed\System.Data.DataSetExtensions.dll,29696,7A0640D6,34400
0,0,COM3D2x64_Data\Managed\System.Data.dll,2125312,07CEA976,34400
0,0,COM3D2x64_Data\Managed\System.dll,2637824,DC1055E7,34400
0,0,COM3D2x64_Data\Managed\System.Drawing.Design.dll,29696,E7B53FF9,34400
0,0,COM3D2x64_Data\Managed\System.Drawing.dll,489984,9C7932A7,34400
0,0,COM3D2x64_Data\Managed\System.EnterpriseServices.dll,44544,9D5266BB,34400
0,0,COM3D2x64_Data\Managed\System.IO.Compression.dll,114688,5A843287,34400
0,0,COM3D2x64_Data\Managed\System.IO.Compression.FileSystem.dll,18432,FE8B8424,34400
0,0,COM3D2x64_Data\Managed\System.Memory.dll,4608,F0BBFFDF,34400
0,0,COM3D2x64_Data\Managed\System.Net.Http.dll,122880,C982D760,34400
0,0,COM3D2x64_Data\Managed\System.Numerics.dll,119296,1947467C,34400
0,0,COM3D2x64_Data\Managed\System.Runtime.CompilerServices.Unsafe.dll,18024,8C9A1A8B,34400
0,0,COM3D2x64_Data\Managed\System.Runtime.dll,12288,58AE9F48,34400
0,0,COM3D2x64_Data\Managed\System.Runtime.Serialization.dll,934400,6800AA2B,34400
0,0,COM3D2x64_Data\Managed\System.Security.dll,320000,8BEA3DC4,34400
0,0,COM3D2x64_Data\Managed\System.ServiceModel.Internals.dll,215040,9655D9FB,34400
0,0,COM3D2x64_Data\Managed\System.Transactions.dll,35328,E2FF2F1E,34400
0,0,COM3D2x64_Data\Managed\System.Windows.Forms.dll,3053568,56394001,34400
0,0,COM3D2x64_Data\Managed\System.Xml.dll,3160064,6066CFE3,34400
0,0,COM3D2x64_Data\Managed\System.Xml.Linq.dll,136704,DDFB724A,34400
0,0,COM3D2x64_Data\Managed\Unity.AI.Navigation.dll,20480,6C3F29ED,34400
0,0,COM3D2x64_Data\Managed\Unity.Burst.dll,317440,861C1097,34400
0,0,COM3D2x64_Data\Managed\Unity.Burst.Unsafe.dll,5632,D504B969,34400
0,0,COM3D2x64_Data\Managed\Unity.Collections.dll,446976,E153156B,34400
0,0,COM3D2x64_Data\Managed\Unity.Collections.LowLevel.ILSupport.dll,4608,15F3B0BE,34400
0,0,COM3D2x64_Data\Managed\Unity.InputSystem.dll,1102336,DA9C766A,34400
0,0,COM3D2x64_Data\Managed\Unity.InputSystem.ForUI.dll,4608,02BD34A0,34400
0,0,COM3D2x64_Data\Managed\Unity.Mathematics.dll,741376,DD7470DF,34400
0,0,COM3D2x64_Data\Managed\Unity.MemoryProfiler.dll,6144,F22A3638,34400
0,0,COM3D2x64_Data\Managed\Unity.Profiling.Core.dll,10240,2BC36CA8,34400
0,0,COM3D2x64_Data\Managed\Unity.RenderPipeline.Universal.ShaderLibrary.dll,8704,ADFE4196,34400
0,0,COM3D2x64_Data\Managed\Unity.RenderPipelines.Core.Runtime.dll,531968,2456B193,34400
0,0,COM3D2x64_Data\Managed\Unity.RenderPipelines.Core.ShaderLibrary.dll,5120,5B83D0F7,34400
0,0,COM3D2x64_Data\Managed\Unity.RenderPipelines.ShaderGraph.ShaderGraphLibrary.dll,5120,8F7B5D0F,34400
0,0,COM3D2x64_Data\Managed\Unity.RenderPipelines.Universal.Config.Runtime.dll,5632,84112225,34400
0,0,COM3D2x64_Data\Managed\Unity.RenderPipelines.Universal.Runtime.dll,782848,A1C0148E,34400
0,0,COM3D2x64_Data\Managed\Unity.RenderPipelines.Universal.Shaders.dll,5120,985CDE78,34400
0,0,COM3D2x64_Data\Managed\Unity.TextMeshPro.dll,380928,183F029B,34400
0,0,COM3D2x64_Data\Managed\Unity.Timeline.dll,128000,E0ABF95A,34400
0,0,COM3D2x64_Data\Managed\Unity.VisualScripting.Antlr3.Runtime.dll,86016,3268D00A,34400
0,0,COM3D2x64_Data\Managed\Unity.VisualScripting.Core.dll,627200,435DE069,34400
0,0,COM3D2x64_Data\Managed\Unity.VisualScripting.Flow.dll,404992,70E45AB1,34400
0,0,COM3D2x64_Data\Managed\Unity.VisualScripting.State.dll,32768,6AAA5B7C,34400
0,0,COM3D2x64_Data\Managed\Unity.XR.CoreUtils.dll,86016,CD4BDB33,34400
0,0,COM3D2x64_Data\Managed\Unity.XR.Management.dll,17408,137A5B7E,34400
0,0,COM3D2x64_Data\Managed\Unity.XR.OpenXR.dll,153088,84F58A4F,34400
0,0,COM3D2x64_Data\Managed\Unity.XR.OpenXR.Features.ConformanceAutomation.dll,8192,8881B4C6,34400
0,0,COM3D2x64_Data\Managed\Unity.XR.OpenXR.Features.MetaQuestSupport.dll,5632,FE40053F,34400
0,0,COM3D2x64_Data\Managed\Unity.XR.OpenXR.Features.MockRuntime.dll,10752,3A8D4AD1,34400
0,0,COM3D2x64_Data\Managed\Unity.XR.OpenXR.Features.OculusQuestSupport.dll,5632,6D9E0E6C,34400
0,0,COM3D2x64_Data\Managed\Unity.XR.OpenXR.Features.RuntimeDebugger.dll,6656,9B11A467,34400
0,0,COM3D2x64_Data\Managed\UnityEngine.AccessibilityModule.dll,22208,78C6C15D,34400
0,0,COM3D2x64_Data\Managed\UnityEngine.AIModule.dll,57024,A46DFD74,34400
0,0,COM3D2x64_Data\Managed\UnityEngine.AndroidJNIModule.dll,93376,B50A5AFB,34400
0,0,COM3D2x64_Data\Managed\UnityEngine.AnimationModule.dll,162496,241D474D,34400
0,0,COM3D2x64_Data\Managed\UnityEngine.ARModule.dll,19648,4A1D5F33,34400
0,0,COM3D2x64_Data\Managed\UnityEngine.AssetBundleModule.dll,31424,BBD1D7B1,34400
0,0,COM3D2x64_Data\Managed\UnityEngine.AudioModule.dll,69312,349E621F,34400
0,0,COM3D2x64_Data\Managed\UnityEngine.ClothModule.dll,24768,0D4371C4,34400
0,0,COM3D2x64_Data\Managed\UnityEngine.ClusterInputModule.dll,20160,B28C53A1,34400
0,0,COM3D2x64_Data\Managed\UnityEngine.ClusterRendererModule.dll,20672,918BC9BA,34400
0,0,COM3D2x64_Data\Managed\UnityEngine.ContentLoadModule.dll,25792,BB90FC09,34400
0,0,COM3D2x64_Data\Managed\UnityEngine.CoreModule.dll,1386688,48FD115A,34400
0,0,COM3D2x64_Data\Managed\UnityEngine.CrashReportingModule.dll,19648,41C76870,34400
0,0,COM3D2x64_Data\Managed\UnityEngine.DirectorModule.dll,23232,2CC1A420,34400
0,0,COM3D2x64_Data\Managed\UnityEngine.dll,125120,B56BB6D6,34400
0,0,COM3D2x64_Data\Managed\UnityEngine.DSPGraphModule.dll,27840,5F1EB63B,34400
0,0,COM3D2x64_Data\Managed\UnityEngine.GameCenterModule.dll,38592,B801B973,34400
0,0,COM3D2x64_Data\Managed\UnityEngine.GIModule.dll,18624,DA68DA5E,34400
0,0,COM3D2x64_Data\Managed\UnityEngine.GridModule.dll,23744,FF1520D8,34400
0,0,COM3D2x64_Data\Managed\UnityEngine.HotReloadModule.dll,18624,9E32D2C5,34400
0,0,COM3D2x64_Data\Managed\UnityEngine.ImageConversionModule.dll,22720,91655A3B,34400
0,0,COM3D2x64_Data\Managed\UnityEngine.IMGUIModule.dll,188608,DEA159BD,34400
0,0,COM3D2x64_Data\Managed\UnityEngine.InputLegacyModule.dll,37568,C1DB6A82,34400
0,0,COM3D2x64_Data\Managed\UnityEngine.InputModule.dll,22208,F997B8C7,34400
0,0,COM3D2x64_Data\Managed\UnityEngine.JSONSerializeModule.dll,20672,D57971D2,34400
0,0,COM3D2x64_Data\Managed\UnityEngine.LocalizationModule.dll,19648,AFDD1EBA,34400
0,0,COM3D2x64_Data\Managed\UnityEngine.NVIDIAModule.dll,32448,AA6EB95A,34400
0,0,COM3D2x64_Data\Managed\UnityEngine.ParticleSystemModule.dll,159424,1015EEB4,34400
0,0,COM3D2x64_Data\Managed\UnityEngine.PerformanceReportingModule.dll,19136,0306AACC,34400
0,0,COM3D2x64_Data\Managed\UnityEngine.Physics2DModule.dll,139968,A700CCF7,34400
0,0,COM3D2x64_Data\Managed\UnityEngine.PhysicsModule.dll,136896,4C25069F,34400
0,0,COM3D2x64_Data\Managed\UnityEngine.ProfilerModule.dll,18624,643CEF55,34400
0,0,COM3D2x64_Data\Managed\UnityEngine.PropertiesModule.dll,153792,EA69A163,34400
0,0,COM3D2x64_Data\Managed\UnityEngine.RuntimeInitializeOnLoadManagerInitializerModule.dll,18624,D76E22EE,34400
0,0,COM3D2x64_Data\Managed\UnityEngine.ScreenCaptureModule.dll,19648,541955E1,34400
0,0,COM3D2x64_Data\Managed\UnityEngine.SharedInternalsModule.dll,31424,4655484A,34400
0,0,COM3D2x64_Data\Managed\UnityEngine.SpatialTracking.dll,11776,80704D11,34400
0,0,COM3D2x64_Data\Managed\UnityEngine.SpriteMaskModule.dll,20160,28D62CA3,34400
0,0,COM3D2x64_Data\Managed\UnityEngine.SpriteShapeModule.dll,24768,9EA47AE4,34400
0,0,COM3D2x64_Data\Managed\UnityEngine.StreamingModule.dll,19136,8EBC9B33,34400
0,0,COM3D2x64_Data\Managed\UnityEngine.SubstanceModule.dll,23232,D79E791D,34400
0,0,COM3D2x64_Data\Managed\UnityEngine.SubsystemsModule.dll,33472,619F2CB8,34400
0,0,COM3D2x64_Data\Managed\UnityEngine.TerrainModule.dll,99520,C87BF8A8,34400
0,0,COM3D2x64_Data\Managed\UnityEngine.TerrainPhysicsModule.dll,19648,C362F820,34400
0,0,COM3D2x64_Data\Managed\UnityEngine.TextCoreFontEngineModule.dll,70848,91C2111D,34400
0,0,COM3D2x64_Data\Managed\UnityEngine.TextCoreTextEngineModule.dll,247488,47DA257F,34400
0,0,COM3D2x64_Data\Managed\UnityEngine.TextRenderingModule.dll,37568,64F4EAE3,34400
0,0,COM3D2x64_Data\Managed\UnityEngine.TilemapModule.dll,45248,86525F58,34400
0,0,COM3D2x64_Data\Managed\UnityEngine.TLSModule.dll,25280,28D4A9D2,34400
0,0,COM3D2x64_Data\Managed\UnityEngine.UI.dll,265728,B026644B,34400
0,0,COM3D2x64_Data\Managed\UnityEngine.UIElementsModule.dll,1526464,D2EF9FE4,34400
0,0,COM3D2x64_Data\Managed\UnityEngine.UIModule.dll,35008,16712D23,34400
0,0,COM3D2x64_Data\Managed\UnityEngine.UmbraModule.dll,18624,421ABF60,34400
0,0,COM3D2x64_Data\Managed\UnityEngine.UnityAnalyticsCommonModule.dll,19648,69C59A3E,34400
0,0,COM3D2x64_Data\Managed\UnityEngine.UnityAnalyticsModule.dll,43200,0E49D1A9,34400
0,0,COM3D2x64_Data\Managed\UnityEngine.UnityConnectModule.dll,20160,A5D5E39F,34400
0,0,COM3D2x64_Data\Managed\UnityEngine.UnityCurlModule.dll,20160,B71C41C4,34400
0,0,COM3D2x64_Data\Managed\UnityEngine.UnityTestProtocolModule.dll,18624,1E0DEBE9,34400
0,0,COM3D2x64_Data\Managed\UnityEngine.UnityWebRequestAssetBundleModule.dll,21696,69651A7A,34400
0,0,COM3D2x64_Data\Managed\UnityEngine.UnityWebRequestAudioModule.dll,21184,63F203EC,34400
0,0,COM3D2x64_Data\Managed\UnityEngine.UnityWebRequestModule.dll,56512,AF370A89,34400
0,0,COM3D2x64_Data\Managed\UnityEngine.UnityWebRequestTextureModule.dll,20160,6F60385C,34400
0,0,COM3D2x64_Data\Managed\UnityEngine.UnityWebRequestWWWModule.dll,29888,59764BF3,34400
0,0,COM3D2x64_Data\Managed\UnityEngine.VehiclesModule.dll,22720,195DA28D,34400
0,0,COM3D2x64_Data\Managed\UnityEngine.VFXModule.dll,57024,D3FF217B,34400
0,0,COM3D2x64_Data\Managed\UnityEngine.VideoModule.dll,39616,4592FDD4,34400
0,0,COM3D2x64_Data\Managed\UnityEngine.VirtualTexturingModule.dll,34496,1A77BE99,34400
0,0,COM3D2x64_Data\Managed\UnityEngine.VRModule.dll,25280,B7C1DF4D,34400
0,0,COM3D2x64_Data\Managed\UnityEngine.WindModule.dll,19648,34258888,34400
0,0,COM3D2x64_Data\Managed\UnityEngine.XR.LegacyInputHelpers.dll,23552,B6A6D19A,34400
0,0,COM3D2x64_Data\Managed\UnityEngine.XRModule.dll,69312,C01DB11A,34400
0,0,COM3D2x64_Data\Managed\Win32.dll,13312,7781C2A2,34400
0,0,COM3D2x64_Data\Managed\zxing.unity.dll,430592,9FD1F198,34400
0,0,COM3D2x64_Data\Plugins\x86_64\assimp.dll,4388864,7C910D84,34400
0,0,COM3D2x64_Data\Plugins\x86_64\Audio360.dll,1956352,0D4B8E9D,34400
0,0,COM3D2x64_Data\Plugins\x86_64\AVProVideo.dll,886272,278352F0,34400
0,0,COM3D2x64_Data\Plugins\x86_64\clothpp.dll,112128,7C3264A4,34400
0,0,COM3D2x64_Data\Plugins\x86_64\cm3d2.dll,2265088,CA67D1AD,34400
0,0,COM3D2x64_Data\Plugins\x86_64\device_hook.dll,738816,F61E7CED,34400
0,0,COM3D2x64_Data\Plugins\x86_64\FbxExporterCore.dll,12491776,CBAA51C1,34400
0,0,COM3D2x64_Data\Plugins\x86_64\FoveClient.dll,1849384,58C8B4F6,34400
0,0,COM3D2x64_Data\Plugins\x86_64\LeapC.dll,2516992,FBDD3767,34400
0,0,COM3D2x64_Data\Plugins\x86_64\lib_burst_generated.dll,1064960,7CC08B43,34400
0,0,COM3D2x64_Data\Plugins\x86_64\openvr_api.dll,318272,44432E0F,34400
0,0,COM3D2x64_Data\Plugins\x86_64\openxr_loader.dll,1948672,A9899457,34400
0,0,COM3D2x64_Data\Plugins\x86_64\OVRGamepad.dll,12800,2C526135,34400
0,0,COM3D2x64_Data\Plugins\x86_64\OVRLipSync.dll,2512296,391C1F4C,34400
0,0,COM3D2x64_Data\Plugins\x86_64\UnityOpenXR.dll,740864,6285EC22,34400
0,0,COM3D2x64_Data\Plugins\x86_64\Win32-WebView.dll,504832,382AEE66,34400
0,0,COM3D2x64_Data\Resources\unity default resources,1564256,28AF3A61,34400
0,0,COM3D2x64_Data\Resources\unity_builtin_extra,428296,1A294B77,34400
0,0,COM3D2x64_Data\UnitySubsystems\UnityOpenXR\UnitySubsystemsManifest.json,334,076D4451,34400
0,0,COM3D2x64_Data\app.info,27,F9A266E7,34400
0,0,COM3D2x64_Data\boot.config,128,8F3C8CB0,34400
0,0,COM3D2x64_Data\globalgamemanagers,5355708,ABB39F82,34400
0,0,COM3D2x64_Data\globalgamemanagers.assets,568248,B4FBB78B,34400
0,0,COM3D2x64_Data\globalgamemanagers.assets.resS,2796240,F6707524,34400
0,0,COM3D2x64_Data\level0,362852,F502983B,34400
0,0,COM3D2x64_Data\level1,385788,FAF985C0,34400
0,0,COM3D2x64_Data\level2,381452,B545C620,34400
0,0,COM3D2x64_Data\level3,1274812,C5C37821,34400
0,0,COM3D2x64_Data\level4,1312452,96D97251,34400
0,0,COM3D2x64_Data\level5,1359900,F59851C2,34400
0,0,COM3D2x64_Data\level6,364884,6695014A,34400
0,0,COM3D2x64_Data\level7,1099036,68C8ABDC,34400
0,0,COM3D2x64_Data\level8,396468,7BD46C25,34400
0,0,COM3D2x64_Data\level9,465508,21AA9632,34400
0,0,COM3D2x64_Data\level10,390252,600C918A,34400
0,0,COM3D2x64_Data\level11,363380,94B55B0A,34400
0,0,COM3D2x64_Data\level12,476180,89DC6887,34400
0,0,COM3D2x64_Data\level13,367588,D9132468,34400
0,0,COM3D2x64_Data\level14,916636,66396312,34400
0,0,COM3D2x64_Data\level15,4996,946E67E5,34400
0,0,COM3D2x64_Data\level16,365372,CDF888BF,34400
0,0,COM3D2x64_Data\level17,1192,43C11445,34400
0,0,COM3D2x64_Data\level18,382172,B32DE9AD,34400
0,0,COM3D2x64_Data\level19,371932,F85E25CA,34400
0,0,COM3D2x64_Data\level20,1050388,9DECDE24,34400
0,0,COM3D2x64_Data\level21,469828,C7F9953C,34400
0,0,COM3D2x64_Data\level22,1180308,EC0CE966,34400
0,0,COM3D2x64_Data\level23,448700,34EECEDF,34400
0,0,COM3D2x64_Data\level24,714556,73B655E5,34400
0,0,COM3D2x64_Data\level25,386244,6C0E682F,34400
0,0,COM3D2x64_Data\level26,2246572,FBD5AEC5,34400
0,0,COM3D2x64_Data\level27,1210692,D254581F,34400
0,0,COM3D2x64_Data\level28,386244,C70386C2,34400
0,0,COM3D2x64_Data\level29,1183484,4758F9AC,34400
0,0,COM3D2x64_Data\level30,378644,2A34527F,34400
0,0,COM3D2x64_Data\level31,488244,E2871054,34400
0,0,COM3D2x64_Data\level32,29832,956F7025,34400
0,0,COM3D2x64_Data\level32.resS,131232,DEC6292A,34400
0,0,COM3D2x64_Data\level33,58924,C43D1CB0,34400
0,0,COM3D2x64_Data\level34,64856,AEF982E7,34400
0,0,COM3D2x64_Data\level35,4032,BDA21A17,34400
0,0,COM3D2x64_Data\level36,363772,EB3320AB,34400
0,0,COM3D2x64_Data\level37,1686708,58FA6F26,34400
0,0,COM3D2x64_Data\level38,1541028,F5F05D5B,34400
0,0,COM3D2x64_Data\level39,1562892,AA73C150,34400
0,0,COM3D2x64_Data\level40,461700,05472CEA,34400
0,0,COM3D2x64_Data\level41,420684,055A65C8,34400
0,0,COM3D2x64_Data\level42,462436,1685489A,34400
0,0,COM3D2x64_Data\level43,1454260,5D859144,34400
0,0,COM3D2x64_Data\level44,1524452,B58297F3,34400
0,0,COM3D2x64_Data\level45,1652068,4853A03D,34400
0,0,COM3D2x64_Data\level46,457476,D3DC7834,34400
0,0,COM3D2x64_Data\level47,411820,FA37159F,34400
0,0,COM3D2x64_Data\level48,463508,AA2E5A9A,34400
0,0,COM3D2x64_Data\level49,430860,EE99AA6E,34400
0,0,COM3D2x64_Data\level50,1481108,DAED5588,34400
0,0,COM3D2x64_Data\level51,414788,3C9EF6EF,34400
0,0,COM3D2x64_Data\level52,713356,629986BD,34400
0,0,COM3D2x64_Data\level53,655108,A4ADBE94,34400
0,0,COM3D2x64_Data\level54,387636,6CE8661D,34400
0,0,COM3D2x64_Data\level55,1380412,8FD139D0,34400
0,0,COM3D2x64_Data\level56,1123300,4D430D91,34400
0,0,COM3D2x64_Data\level57,1130660,73D64E4C,34400
0,0,COM3D2x64_Data\level58,1380412,6F578D04,34400
0,0,COM3D2x64_Data\level59,1260732,0B87FD20,34400
0,0,COM3D2x64_Data\level60,1041996,85E213E5,34400
0,0,COM3D2x64_Data\level61,1337596,657E9D1D,34400
0,0,COM3D2x64_Data\level62,1441492,EE3FC76A,34400
0,0,COM3D2x64_Data\level63,730412,F223AB54,34400
0,0,COM3D2x64_Data\level64,1015052,DC059EAC,34400
0,0,COM3D2x64_Data\level65,440908,D71B1954,34400
0,0,COM3D2x64_Data\level66,437180,26B6F169,34400
0,0,COM3D2x64_Data\level67,481924,1AF3E09B,34400
0,0,COM3D2x64_Data\level68,504692,A2987A2D,34400
0,0,COM3D2x64_Data\level69,431172,051B3960,34400
0,0,COM3D2x64_Data\level70,492740,2694750F,34400
0,0,COM3D2x64_Data\level71,1142124,95596973,34400
0,0,COM3D2x64_Data\level72,1060988,9E62079A,34400
0,0,COM3D2x64_Data\level73,485108,62302359,34400
0,0,COM3D2x64_Data\level74,507828,F5046A3E,34400
0,0,COM3D2x64_Data\level75,498164,5D1FA8F0,34400
0,0,COM3D2x64_Data\level76,1142108,B71E36AD,34400
0,0,COM3D2x64_Data\level77,1104284,FB3FCA71,34400
0,0,COM3D2x64_Data\level78,490996,DAE42C27,34400
0,0,COM3D2x64_Data\level79,475164,8F91DF39,34400
0,0,COM3D2x64_Data\level80,456316,ECCCA466,34400
0,0,COM3D2x64_Data\level81,392628,167D0ED0,34400
0,0,COM3D2x64_Data\level82,1491300,150DF97A,34400
0,0,COM3D2x64_Data\level83,1430388,233464E4,34400
0,0,COM3D2x64_Data\level84,547732,91F5EDD7,34400
0,0,COM3D2x64_Data\level85,439332,96ED3D30,34400
0,0,COM3D2x64_Data\level86,1370492,573184C8,34400
0,0,COM3D2x64_Data\level87,1069260,558677D3,34400
0,0,COM3D2x64_Data\level88,1548124,861EDFC9,34400
0,0,COM3D2x64_Data\level89,1488564,96A74068,34400
0,0,COM3D2x64_Data\level90,1686724,248E5D02,34400
0,0,COM3D2x64_Data\level91,1652084,1F42FC40,34400
0,0,COM3D2x64_Data\level92,1488908,36CB2FE8,34400
0,0,COM3D2x64_Data\level93,1454268,24494813,34400
0,0,COM3D2x64_Data\level94,452716,1BA988CE,34400
0,0,COM3D2x64_Data\level95,442892,66C9021D,34400
0,0,COM3D2x64_Data\level96,1124820,2583F6E4,34400
0,0,COM3D2x64_Data\level97,918748,8DA4E521,34400
0,0,COM3D2x64_Data\level98,1024804,B2A2C147,34400
0,0,COM3D2x64_Data\level99,915804,8C4BCC90,34400
0,0,COM3D2x64_Data\level100,1124292,6319D08C,34400
0,0,COM3D2x64_Data\level101,1823692,A1CD9045,34400
0,0,COM3D2x64_Data\level102,1774164,48C9388B,34400
0,0,COM3D2x64_Data\level103,1211988,163A8B43,34400
0,0,COM3D2x64_Data\level104,1155516,2D30B6A9,34400
0,0,COM3D2x64_Data\level105,1634500,C5172163,34400
0,0,COM3D2x64_Data\level106,1739284,D5F63FE9,34400
0,0,COM3D2x64_Data\level107,1153252,13CD83A7,34400
0,0,COM3D2x64_Data\level108,1062588,A4B5B8B3,34400
0,0,COM3D2x64_Data\level109,1810652,D73B35BD,34400
0,0,COM3D2x64_Data\level110,1698556,FD4A862C,34400
0,0,COM3D2x64_Data\level111,515108,79F9A024,34400
0,0,COM3D2x64_Data\level112,535412,6868EC3A,34400
0,0,COM3D2x64_Data\level113,626140,0DD654A0,34400
0,0,COM3D2x64_Data\level114,563084,D15B1269,34400
0,0,COM3D2x64_Data\level114.resS,131232,F174E031,34400
0,0,COM3D2x64_Data\level115,510012,9E60D0CB,34400
0,0,COM3D2x64_Data\level116,624252,1F265115,34400
0,0,COM3D2x64_Data\level117,533932,57FF45FC,34400
0,0,COM3D2x64_Data\level118,1867860,6BA4EFE3,34400
0,0,COM3D2x64_Data\level119,1592348,ECC6FC6D,34400
0,0,COM3D2x64_Data\level120,1403148,EBD1BD0A,34400
0,0,COM3D2x64_Data\level121,1246692,6AA99840,34400
0,0,COM3D2x64_Data\level122,1340404,4D2D8AF8,34400
0,0,COM3D2x64_Data\level123,1536980,A52422B1,34400
0,0,COM3D2x64_Data\level124,1436220,7AC61E63,34400
0,0,COM3D2x64_Data\level125,1006676,05409DF3,34400
0,0,COM3D2x64_Data\level126,606556,1C014581,34400
0,0,COM3D2x64_Data\level127,1077844,10C43673,34400
0,0,COM3D2x64_Data\level128,994980,1293A6B3,34400
0,0,COM3D2x64_Data\level129,361620,54A77CF7,34400
0,0,COM3D2x64_Data\level130,766404,26F568F9,34400
0,0,COM3D2x64_Data\level131,1008372,CDAD1B8D,34400
0,0,COM3D2x64_Data\level132,969692,05C29744,34400
0,0,COM3D2x64_Data\level133,950220,485850E3,34400
0,0,COM3D2x64_Data\level134,439428,6EEC0D4B,34400
0,0,COM3D2x64_Data\level135,924164,A095C134,34400
0,0,COM3D2x64_Data\level136,579836,C8E710F9,34400
0,0,COM3D2x64_Data\level137,584148,27F9A8B9,34400
0,0,COM3D2x64_Data\level138,610180,BC351FEE,34400
0,0,COM3D2x64_Data\level139,608532,A39AEBFD,34400
0,0,COM3D2x64_Data\level140,610316,5B37CB3D,34400
0,0,COM3D2x64_Data\level141,612756,BABEEF86,34400
0,0,COM3D2x64_Data\level142,544620,1C1DF0B1,34400
0,0,COM3D2x64_Data\level143,548948,6F88C659,34400
0,0,COM3D2x64_Data\level144,573812,E3C3B72B,34400
0,0,COM3D2x64_Data\level145,605220,A572A940,34400
0,0,COM3D2x64_Data\level146,574956,4762D775,34400
0,0,COM3D2x64_Data\level147,578028,F1CB54BC,34400
0,0,COM3D2x64_Data\level148,566828,7DB18073,34400
0,0,COM3D2x64_Data\level149,606340,0EA12C03,34400
0,0,COM3D2x64_Data\level150,470084,60E4F1E8,34400
0,0,COM3D2x64_Data\level151,370324,658C2791,34400
0,0,COM3D2x64_Data\level152,458844,387C7C64,34400
0,0,COM3D2x64_Data\level152.resS,131232,F174E031,34400
0,0,COM3D2x64_Data\level153,1100188,883043E0,34400
0,0,COM3D2x64_Data\level154,1507684,ACB4E3DF,34400
0,0,COM3D2x64_Data\level155,419940,8C4E5595,34400
0,0,COM3D2x64_Data\level156,456436,FE61012E,34400
0,0,COM3D2x64_Data\level157,465108,C89EF6E2,34400
0,0,COM3D2x64_Data\resources.assets,528613940,50EEAC6F,34400
0,0,COM3D2x64_Data\resources.assets.resS,2067603248,A313F9CA,34400
0,0,COM3D2x64_Data\resources.resource,1348992,64168176,34400
0,0,COM3D2x64_Data\RuntimeInitializeOnLoads.json,5256,1E1CCAC7,34400
0,0,COM3D2x64_Data\ScriptingAssemblies.json,4395,31B91F14,34400
0,0,COM3D2x64_Data\sharedassets0.assets,31770932,53BD009A,34400
0,0,COM3D2x64_Data\sharedassets0.assets.resS,28071648,6B7564F2,34400
0,0,COM3D2x64_Data\sharedassets1.assets,2301,72F7D22A,34400
0,0,COM3D2x64_Data\sharedassets2.assets,2337,F3DF5768,34400
0,0,COM3D2x64_Data\sharedassets3.assets,4305,FBF19B0D,34400
0,0,COM3D2x64_Data\sharedassets4.assets,9009,10F066DF,34400
0,0,COM3D2x64_Data\sharedassets5.assets,3333,9269D0E2,34400
0,0,COM3D2x64_Data\sharedassets6.assets,2205,60296AAB,34400
0,0,COM3D2x64_Data\sharedassets7.assets,3057,56612BAA,34400
0,0,COM3D2x64_Data\sharedassets8.assets,2193,A00FDEC1,34400
0,0,COM3D2x64_Data\sharedassets9.assets,3201,80BC50B2,34400
0,0,COM3D2x64_Data\sharedassets10.assets,2137,58A9FCF2,34400
0,0,COM3D2x64_Data\sharedassets11.assets,2133,D60FA972,34400
0,0,COM3D2x64_Data\sharedassets12.assets,2541,DEBFEC26,34400
0,0,COM3D2x64_Data\sharedassets13.assets,2325,391069FE,34400
0,0,COM3D2x64_Data\sharedassets14.assets,2961,48D8320B,34400
0,0,COM3D2x64_Data\sharedassets15.assets,553,A3AA8E4F,34400
0,0,COM3D2x64_Data\sharedassets16.assets,2193,3F60843B,34400
0,0,COM3D2x64_Data\sharedassets17.assets,277,63E59E3F,34400
0,0,COM3D2x64_Data\sharedassets18.assets,2877,85A6A17E,34400
0,0,COM3D2x64_Data\sharedassets19.assets,2277,209477CD,34400
0,0,COM3D2x64_Data\sharedassets20.assets,8841,76E9CAC7,34400
0,0,COM3D2x64_Data\sharedassets21.assets,2373,CCFA19D3,34400
0,0,COM3D2x64_Data\sharedassets22.assets,8877,D21B2477,34400
0,0,COM3D2x64_Data\sharedassets23.assets,2361,54A2C688,34400
0,0,COM3D2x64_Data\sharedassets24.assets,2421,BCBE3E68,34400
0,0,COM3D2x64_Data\sharedassets25.assets,2413,98096321,34400
0,0,COM3D2x64_Data\sharedassets26.assets,3153,17765E82,34400
0,0,COM3D2x64_Data\sharedassets27.assets,8853,2F831FA9,34400
0,0,COM3D2x64_Data\sharedassets28.assets,2405,4902B34B,34400
0,0,COM3D2x64_Data\sharedassets29.assets,8853,2F831FA9,34400
0,0,COM3D2x64_Data\sharedassets30.assets,2125,D49D744C,34400
0,0,COM3D2x64_Data\sharedassets31.assets,2648,B0C5F413,34400
0,0,COM3D2x64_Data\sharedassets32.assets,10456,F2CBCFF9,34400
0,0,COM3D2x64_Data\sharedassets33.assets,597,1BABEB27,34400
0,0,COM3D2x64_Data\sharedassets34.assets,501,68E947A0,34400
0,0,COM3D2x64_Data\sharedassets35.assets,505,58AC1D2C,34400
0,0,COM3D2x64_Data\sharedassets36.assets,2137,D982F797,34400
0,0,COM3D2x64_Data\sharedassets37.assets,8841,F0A45018,34400
0,0,COM3D2x64_Data\sharedassets38.assets,8841,FDABA739,34400
0,0,COM3D2x64_Data\sharedassets39.assets,8841,D8345186,34400
0,0,COM3D2x64_Data\sharedassets40.assets,3201,DD2FC645,34400
0,0,COM3D2x64_Data\sharedassets41.assets,2961,1ED8D7E2,34400
0,0,COM3D2x64_Data\sharedassets42.assets,3381,ECB83767,34400
0,0,COM3D2x64_Data\sharedassets43.assets,5565,7017C621,34400
0,0,COM3D2x64_Data\sharedassets44.assets,5673,9D393B14,34400
0,0,COM3D2x64_Data\sharedassets45.assets,5661,CC5C8C54,34400
0,0,COM3D2x64_Data\sharedassets46.assets,4653,46121252,34400
0,0,COM3D2x64_Data\sharedassets47.assets,2601,7BF05BA7,34400
0,0,COM3D2x64_Data\sharedassets48.assets,4389,EB54EDD6,34400
0,0,COM3D2x64_Data\sharedassets49.assets,800316,F99B7BAB,34400
0,0,COM3D2x64_Data\sharedassets49.assets.resS,6507040,06B77963,34400
0,0,COM3D2x64_Data\sharedassets50.assets,8841,38AD09AB,34400
0,0,COM3D2x64_Data\sharedassets51.assets,2601,E7E7C7AB,34400
0,0,COM3D2x64_Data\sharedassets52.assets,2865,E0061517,34400
0,0,COM3D2x64_Data\sharedassets53.assets,2769,8A86624C,34400
0,0,COM3D2x64_Data\sharedassets54.assets,2149,A8A9E51A,34400
0,0,COM3D2x64_Data\sharedassets55.assets,8925,6B798CF6,34400
0,0,COM3D2x64_Data\sharedassets56.assets,5433,EB4B8F0F,34400
0,0,COM3D2x64_Data\sharedassets57.assets,5469,D20DBFB8,34400
0,0,COM3D2x64_Data\sharedassets58.assets,8925,6B798CF6,34400
0,0,COM3D2x64_Data\sharedassets59.assets,5625,B81AD3EE,34400
0,0,COM3D2x64_Data\sharedassets60.assets,5493,17743249,34400
0,0,COM3D2x64_Data\sharedassets61.assets,5637,3A3AD17F,34400
0,0,COM3D2x64_Data\sharedassets62.assets,5673,9D393B14,34400
0,0,COM3D2x64_Data\sharedassets63.assets,2697,4BA38406,34400
0,0,COM3D2x64_Data\sharedassets64.assets,5661,CC5C8C54,34400
0,0,COM3D2x64_Data\sharedassets65.assets,6450,1854DF09,34400
0,0,COM3D2x64_Data\sharedassets65.assets.resS,87408,84350FBB,34400
0,0,COM3D2x64_Data\sharedassets65.resource,41406086,938147B5,34400
0,0,COM3D2x64_Data\sharedassets66.assets,3362,981643BF,34400
0,0,COM3D2x64_Data\sharedassets66.resource,36841226,318CE5DA,34400
0,0,COM3D2x64_Data\sharedassets67.assets,3322,6E99D7F5,34400
0,0,COM3D2x64_Data\sharedassets67.resource,32680665,5F8810A9,34400
0,0,COM3D2x64_Data\sharedassets68.assets,17266,8B314150,34400
0,0,COM3D2x64_Data\sharedassets68.assets.resS,174784,C6783C52,34400
0,0,COM3D2x64_Data\sharedassets68.resource,35964702,CC2B1BFE,34400
0,0,COM3D2x64_Data\sharedassets69.assets,3346,381483E8,34400
0,0,COM3D2x64_Data\sharedassets69.resource,40585017,61D6AACB,34400
0,0,COM3D2x64_Data\sharedassets70.assets,3562,CA111BC8,34400
0,0,COM3D2x64_Data\sharedassets70.resource,38610538,C2CDB3C3,34400
0,0,COM3D2x64_Data\sharedassets71.assets,3014356,4E9F7DDE,34400
0,0,COM3D2x64_Data\sharedassets71.assets.resS,611744,E0F83BD4,34400
0,0,COM3D2x64_Data\sharedassets72.assets,5769,C0C65293,34400
0,0,COM3D2x64_Data\sharedassets73.assets,2697,6EC035C6,34400
0,0,COM3D2x64_Data\sharedassets74.assets,2697,6EC035C6,34400
0,0,COM3D2x64_Data\sharedassets75.assets,2697,6EC035C6,34400
0,0,COM3D2x64_Data\sharedassets76.assets,8853,DDD5B883,34400
0,0,COM3D2x64_Data\sharedassets77.assets,5673,3BC356A4,34400
0,0,COM3D2x64_Data\sharedassets78.assets,2613,54011590,34400
0,0,COM3D2x64_Data\sharedassets79.assets,55760,23321DC6,34400
0,0,COM3D2x64_Data\sharedassets79.assets.resS,174784,F8E8E9F8,34400
0,0,COM3D2x64_Data\sharedassets80.assets,2625,F76B55CB,34400
0,0,COM3D2x64_Data\sharedassets81.assets,2769,32F5C3BC,34400
0,0,COM3D2x64_Data\sharedassets82.assets,756768,BB27959B,34400
0,0,COM3D2x64_Data\sharedassets82.assets.resS,1310896,5596E62C,34400
0,0,COM3D2x64_Data\sharedassets82.resource,1657856,B35361D0,34400
0,0,COM3D2x64_Data\sharedassets83.assets,5541,9C2C6A65,34400
0,0,COM3D2x64_Data\sharedassets84.assets,3415164,10183949,34400
0,0,COM3D2x64_Data\sharedassets84.assets.resS,6226160,5BDA7B19,34400
0,0,COM3D2x64_Data\sharedassets85.assets,2649,2CF0266E,34400
0,0,COM3D2x64_Data\sharedassets86.assets,10101,D179CAA4,34400
0,0,COM3D2x64_Data\sharedassets87.assets,5661,CC5C8C54,34400
0,0,COM3D2x64_Data\sharedassets88.assets,8877,A96AD215,34400
0,0,COM3D2x64_Data\sharedassets89.assets,5661,5CE40C4D,34400
0,0,COM3D2x64_Data\sharedassets90.assets,8841,F0A45018,34400
0,0,COM3D2x64_Data\sharedassets91.assets,5661,CC5C8C54,34400
0,0,COM3D2x64_Data\sharedassets92.assets,8877,A96AD215,34400
0,0,COM3D2x64_Data\sharedassets93.assets,6609,81535DD8,34400
0,0,COM3D2x64_Data\sharedassets94.assets,2973,EFC25575,34400
0,0,COM3D2x64_Data\sharedassets95.assets,2481,9425235C,34400
0,0,COM3D2x64_Data\sharedassets96.assets,7876,03011F3D,34400
0,0,COM3D2x64_Data\sharedassets96.resource,2729248,FCB8D689,34400
0,0,COM3D2x64_Data\sharedassets97.assets,7689,B1FF2771,34400
0,0,COM3D2x64_Data\sharedassets98.assets,4389,ED189E30,34400
0,0,COM3D2x64_Data\sharedassets99.assets,3753,D9CDC8B0,34400
0,0,COM3D2x64_Data\sharedassets100.assets,352924,41912EFB,34400
0,0,COM3D2x64_Data\sharedassets100.assets.resS,2272064,E37F670D,34400
0,0,COM3D2x64_Data\sharedassets100.resource,6236928,E2AEF877,34400
0,0,COM3D2x64_Data\sharedassets101.assets,6568072,3FE3C770,34400
0,0,COM3D2x64_Data\sharedassets101.assets.resS,10944,57B9B85D,34400
0,0,COM3D2x64_Data\sharedassets101.resource,2053248,CCA7A7B1,34400
0,0,COM3D2x64_Data\sharedassets102.assets,6525,D47B1BED,34400
0,0,COM3D2x64_Data\sharedassets103.assets,8985,CE10FF3B,34400
0,0,COM3D2x64_Data\sharedassets104.assets,5781,840B0D9B,34400
0,0,COM3D2x64_Data\sharedassets105.assets,5956,A4E8D27F,34400
0,0,COM3D2x64_Data\sharedassets105.resource,1239072,9EF23F8B,34400
0,0,COM3D2x64_Data\sharedassets106.assets,9189,641499E1,34400
0,0,COM3D2x64_Data\sharedassets107.assets,9045,A77645E2,34400
0,0,COM3D2x64_Data\sharedassets108.assets,5721,EFB552E7,34400
0,0,COM3D2x64_Data\sharedassets109.assets,9540,E17E39AB,34400
0,0,COM3D2x64_Data\sharedassets109.resource,1500320,468304E6,34400
0,0,COM3D2x64_Data\sharedassets110.assets,6081,9029D033,34400
0,0,COM3D2x64_Data\sharedassets111.assets,2853,1022A2C6,34400
0,0,COM3D2x64_Data\sharedassets112.assets,2853,1022A2C6,34400
0,0,COM3D2x64_Data\sharedassets113.assets,2769,F9F150DE,34400
0,0,COM3D2x64_Data\sharedassets114.assets,2433,AAA04C90,34400
0,0,COM3D2x64_Data\sharedassets115.assets,2769,F9F150DE,34400
0,0,COM3D2x64_Data\sharedassets116.assets,2865,37BA8C6B,34400
0,0,COM3D2x64_Data\sharedassets117.assets,2769,F9F150DE,34400
0,0,COM3D2x64_Data\sharedassets118.assets,9021,B5FBBBF5,34400
0,0,COM3D2x64_Data\sharedassets119.assets,5709,970F14E7,34400
0,0,COM3D2x64_Data\sharedassets120.assets,393656,2038F274,34400
0,0,COM3D2x64_Data\sharedassets120.assets.resS,2184656,EE6A6E48,34400
0,0,COM3D2x64_Data\sharedassets121.assets,5940,A050A588,34400
0,0,COM3D2x64_Data\sharedassets121.resource,2752064,01AB8E9E,34400
0,0,COM3D2x64_Data\sharedassets122.assets,9117,D84316FE,34400
0,0,COM3D2x64_Data\sharedassets123.assets,9105,F79CA96E,34400
0,0,COM3D2x64_Data\sharedassets124.assets,5781,5A1762EA,34400
0,0,COM3D2x64_Data\sharedassets125.assets,3316,303DC127,34400
0,0,COM3D2x64_Data\sharedassets125.resource,6331360,376DAB75,34400
0,0,COM3D2x64_Data\sharedassets126.assets,3189,8183423B,34400
0,0,COM3D2x64_Data\sharedassets127.assets,83284,83CDC220,34400
0,0,COM3D2x64_Data\sharedassets127.resource,8838560,027F254D,34400
0,0,COM3D2x64_Data\sharedassets128.assets,4341,3E697D53,34400
0,0,COM3D2x64_Data\sharedassets129.assets,2077,66447661,34400
0,0,COM3D2x64_Data\sharedassets130.assets,3933,9B57E6A4,34400
0,0,COM3D2x64_Data\sharedassets131.assets,7425,22464B13,34400
0,0,COM3D2x64_Data\sharedassets132.assets,4233,2DAF85FF,34400
0,0,COM3D2x64_Data\sharedassets133.assets,613456,DCD24BA8,34400
0,0,COM3D2x64_Data\sharedassets133.assets.resS,6138656,2613FE39,34400
0,0,COM3D2x64_Data\sharedassets134.assets,2649,F4316149,34400
0,0,COM3D2x64_Data\sharedassets135.assets,3213,AFE236A2,34400
0,0,COM3D2x64_Data\sharedassets136.assets,3117,3F433790,34400
0,0,COM3D2x64_Data\sharedassets137.assets,3117,3F433790,34400
0,0,COM3D2x64_Data\sharedassets138.assets,3117,3F433790,34400
0,0,COM3D2x64_Data\sharedassets139.assets,3117,3F433790,34400
0,0,COM3D2x64_Data\sharedassets140.assets,3117,3F433790,34400
0,0,COM3D2x64_Data\sharedassets141.assets,3117,3F433790,34400
0,0,COM3D2x64_Data\sharedassets142.assets,2769,F9F150DE,34400
0,0,COM3D2x64_Data\sharedassets143.assets,2769,F9F150DE,34400
0,0,COM3D2x64_Data\sharedassets144.assets,2769,F9F150DE,34400
0,0,COM3D2x64_Data\sharedassets145.assets,2769,F9F150DE,34400
0,0,COM3D2x64_Data\sharedassets146.assets,2769,F9F150DE,34400
0,0,COM3D2x64_Data\sharedassets147.assets,2769,F9F150DE,34400
0,0,COM3D2x64_Data\sharedassets148.assets,2769,F9F150DE,34400
0,0,COM3D2x64_Data\sharedassets149.assets,3117,3F433790,34400
0,0,COM3D2x64_Data\sharedassets150.assets,2493,20749790,34400
0,0,COM3D2x64_Data\sharedassets151.assets,2205,4C55A083,34400
0,0,COM3D2x64_Data\sharedassets152.assets,3477,8543FB09,34400
0,0,COM3D2x64_Data\sharedassets153.assets,210016,DAEF2270,34400
0,0,COM3D2x64_Data\sharedassets153.assets.resS,174784,F8825DB8,34400
0,0,COM3D2x64_Data\sharedassets154.assets,6588,B87DB6C8,34400
0,0,COM3D2x64_Data\sharedassets155.assets,2493,CC1A730E,34400
0,0,COM3D2x64_Data\sharedassets156.assets,2493,1B0D20B6,34400
0,0,COM3D2x64_Data\sharedassets157.assets,2613,DC17B01A,34400
0,0,MonoBleedingEdge\EmbedRuntime\mono-2.0-bdwgc.dll,7895744,19AF8B01,34400
0,0,MonoBleedingEdge\EmbedRuntime\MonoPosixHelper.dll,609472,68524C42,34400
0,0,MonoBleedingEdge\etc\mono\2.0\Browsers\Compat.browser,1605,2E178A0B,34400
0,0,MonoBleedingEdge\etc\mono\2.0\DefaultWsdlHelpGenerator.aspx,60575,95F9D0B4,34400
0,0,MonoBleedingEdge\etc\mono\2.0\machine.config,29066,42543B8B,34400
0,0,MonoBleedingEdge\etc\mono\2.0\settings.map,2622,AD5340F9,34400
0,0,MonoBleedingEdge\etc\mono\2.0\web.config,11635,1A75EBAD,34400
0,0,MonoBleedingEdge\etc\mono\4.0\Browsers\Compat.browser,1605,2E178A0B,34400
0,0,MonoBleedingEdge\etc\mono\4.0\DefaultWsdlHelpGenerator.aspx,60575,95F9D0B4,34400
0,0,MonoBleedingEdge\etc\mono\4.0\machine.config,33598,86F603C4,34400
0,0,MonoBleedingEdge\etc\mono\4.0\settings.map,2622,DC24A240,34400
0,0,MonoBleedingEdge\etc\mono\4.0\web.config,18802,36D8BA3E,34400
0,0,MonoBleedingEdge\etc\mono\4.5\Browsers\Compat.browser,1605,2E178A0B,34400
0,0,MonoBleedingEdge\etc\mono\4.5\DefaultWsdlHelpGenerator.aspx,60575,95F9D0B4,34400
0,0,MonoBleedingEdge\etc\mono\4.5\machine.config,34056,C446A9EB,34400
0,0,MonoBleedingEdge\etc\mono\4.5\settings.map,2622,DC24A240,34400
0,0,MonoBleedingEdge\etc\mono\4.5\web.config,18811,4F48BC13,34400
0,0,MonoBleedingEdge\etc\mono\mconfig\config.xml,25817,80B2033A,34400
0,0,MonoBleedingEdge\etc\mono\browscap.ini,311984,CE6C0AB3,34400
0,0,MonoBleedingEdge\etc\mono\config,3815,88FA6D93,34400
0,0,COM3D2x64.exe,666624,19AE50FD,34400
0,0,UnityCrashHandler64.exe,1112768,1C830F9F,34400
0,0,UnityPlayer.dll,30996672,9C9085E6,34400
share,../com3d2data\GameData\ja\motion_omytgc035_2.arc,GameData\motion_omytgc035_2.arc,626379,5C67B1FA,24400
share,../com3d2data\GameData\ja\voice2.arc,GameData\voice2.arc,976195648,DF92B3D2,24400
share,../com3d2data\GameData\ja_script\script.arc,GameData\script.arc,16643950,14A6D85C,24400
share,../com3d2data\GameData\ja_script\script_dateplan001_2.arc,GameData\script_dateplan001_2.arc,2514,3616DD6A,24400
share,../com3d2data\GameData\ja_script\script_personal_om008_2.arc,GameData\script_personal_om008_2.arc,251849,9AEEA588,24400
share,../com3d2data\GameData\ja_script\script_valentine2025_2.arc,GameData\script_valentine2025_2.arc,11522,181ABC2F,24400
share,../com3d2data\GameData\ja_script\script_x_galplus_2.arc,GameData\script_x_galplus_2.arc,16162,B8EAFA5F,24400
share,../com3d2data\GameData\ja_script\script_x001_2.arc,GameData\script_x001_2.arc,23155861,1FD6CF4D,24400
share,../com3d2data\GameData\ja_script\script_x001plus_2.arc,GameData\script_x001plus_2.arc,23472311,77E9552A,24400
share,../com3d2data\GameData\patch\csv.arc,GameData\csv.arc,44841489,508EB1A3,24400
share,../com3d2data\GameData\patch\parts_dlc363_2.arc,GameData\parts_dlc363_2.arc,11514704,647316E5,24400
share,../com3d2data\GameData\patch\parts2.arc,GameData\parts2.arc,224248176,47C1067E,24400
share,../com3d2data\GameData\patch\paths.dat,GameData\paths.dat,19704,EB710363,24400
share,../com3d2data\GameData\patch\prioritymaterial.arc,GameData\prioritymaterial.arc,867220,0D204E22,24400
share,../com3d2data\GameData\patch\system2.arc,GameData\system2.arc,48370542,A9C0B681,24400
share,../com3d2data\GameData_20\menu_dlc363_2.arc,GameData_20\menu_dlc363_2.arc,1985,73FD87CF,1743
share,../com3d2data\GameData_20\model_dlc363_2.arc,GameData_20\model_dlc363_2.arc,910449,C0F6BA23,1743
share,../com3d2data\GameData_20\paths.dat,GameData_20\paths.dat,15335,2E63AA64,1831
share,../com3d2data\GameData_20\prioritymaterial.arc,GameData_20\prioritymaterial.arc,452595,23992E1F,1831
share,../com3d2data\GameData_20\texture_dlc363_2.arc,GameData_20\texture_dlc363_2.arc,10910476,4070E2EC,1743
