0,0,GameData\bg_gp002p1.arc,24263151,BA6CAAEA,1000
0,0,GameData\csv_gp002p1.arc,3504,0BB99EE0,1000
0,0,GameData\motion_gp002p1.arc,189302813,6078FC2D,1000
0,0,GameData\script_gp002p1.arc,1661961,6199759C,1000
0,0,GameData\sound_gp002p1.arc,2969527,51677B15,1000
0,0,GameData\system_gp002p1.arc,788022,D54648B7,1000
0,0,GameData\voice_gp002p1.arc,868723507,3DD725FB,1000
0,0,GameData\movie_gp002p1\LOC_P.ine,45176804,57ACC84F,1000
0,0,GameData\bg_gp002p2.arc,249048,879B4552,1000
0,0,GameData\csv_gp002p2.arc,1029,D7901C42,1000
0,0,GameData\motion_gp002p2.arc,34242536,8396CA65,1000
0,0,GameData\script_gp002p2.arc,2800626,4D3A9609,1000
0,0,GameData\system_gp002p2.arc,320517,0F54DD51,1000
0,0,GameData\voice_gp002p2.arc,833403416,DDEEEE61,1000
0,0,GameData\movie_gp002p3\DGP_LS.ine,22861545,143F6A48,1000
0,0,GameData\csv_gp002p3.arc,76069,CA9E47A3,1000
0,0,GameData\motion_gp002p3.arc,114103240,1B912F1D,1000
0,0,GameData\script_gp002p3.arc,58857,D1B3B017,1000
0,0,GameData\sound_gp002p3.arc,2939855,3D4D281E,1000
0,0,GameData\voice_gp002p3.arc,22832140,880B88F8,1000
0,0,GameData\csv_gp002p4.arc,548,A1E78996,1000
0,0,GameData\script_gp002p4.arc,449717,55FF32F8,1000
0,0,GameData\voice_gp002p4.arc,301809956,CD369029,1000
0,0,GameData\csv_gp002p5.arc,1274,7A77BA8C,1000
0,0,GameData\motion_gp002p5.arc,73610372,961E38B5,1000
0,0,GameData\script_gp002p5.arc,2807481,A91D1204,1000
0,0,GameData\system_gp002p5.arc,699816,161523BB,1000
0,0,GameData\voice_gp002p5.arc,908778703,C4744245,1000