0,0,CM3D2.exe,9558016,7808DA5C,1004
0,0,CM3D2VRx64.exe,14914560,C06F8490,114
0,0,CM3D2VRx64_DirectToRift.exe,185344,1079B543,114
0,0,LICENSE,3453,541AF859,100
0,0,CM3D2VRx64_Data\level0,154392,2AEC356F,114
0,0,CM3D2VRx64_Data\level1,209944,8A777833,114
0,0,CM3D2VRx64_Data\level10,140136,B54DDE85,114
0,0,CM3D2VRx64_Data\level11,164480,4538705B,114
0,0,CM3D2VRx64_Data\level12,140136,F455F4B9,114
0,0,CM3D2VRx64_Data\level13,423040,8D095748,114
0,0,CM3D2VRx64_Data\level14,4376,187AA540,114
0,0,CM3D2VRx64_Data\level15,143200,2E7CBB89,114
0,0,CM3D2VRx64_Data\level16,4376,4E98A60C,114
0,0,CM3D2VRx64_Data\level17,140896,19948900,114
0,0,CM3D2VRx64_Data\level18,193344,C110D653,114
0,0,CM3D2VRx64_Data\level19,353008,C4080FDB,114
0,0,CM3D2VRx64_Data\level2,427688,A9D2EFFE,114
0,0,CM3D2VRx64_Data\level20,160608,33712641,114
0,0,CM3D2VRx64_Data\level21,431008,ED3F3181,114
0,0,CM3D2VRx64_Data\level3,475304,738B619B,114
0,0,CM3D2VRx64_Data\level4,547936,A6363004,114
0,0,CM3D2VRx64_Data\level5,140544,A16D84EF,114
0,0,CM3D2VRx64_Data\level6,277168,2A228B69,114
0,0,CM3D2VRx64_Data\level7,180968,E007C4B0,114
0,0,CM3D2VRx64_Data\level8,177160,4EEF6BCF,114
0,0,CM3D2VRx64_Data\level9,150152,2B7648F2,114
0,0,CM3D2VRx64_Data\mainData,845560,336C08E4,114
0,0,CM3D2VRx64_Data\OVRAppInfo,21,C45ED86B,114
0,0,CM3D2VRx64_Data\PlayerConnectionConfigFile,21,12010A60,114
0,0,CM3D2VRx64_Data\resources.assets,215819504,95F5D920,114
0,0,CM3D2VRx64_Data\sharedassets0.assets,236803656,AC8E1EA1,114
0,0,CM3D2VRx64_Data\sharedassets1.assets,6998796,71F0FC3A,114
0,0,CM3D2VRx64_Data\sharedassets10.assets,5256,0CC023E8,114
0,0,CM3D2VRx64_Data\sharedassets11.assets,466308,3C233868,114
0,0,CM3D2VRx64_Data\sharedassets12.assets,5280,CCE8CAB9,114
0,0,CM3D2VRx64_Data\sharedassets13.assets,466308,BD59D7E1,114
0,0,CM3D2VRx64_Data\sharedassets14.assets,1758656,84FEF54F,114
0,0,CM3D2VRx64_Data\sharedassets15.assets,4112,04D8FC43,114
0,0,CM3D2VRx64_Data\sharedassets16.assets,4200896,891C1F8F,114
0,0,CM3D2VRx64_Data\sharedassets17.assets,4112,91CEB118,114
0,0,CM3D2VRx64_Data\sharedassets18.assets,5320,F3614FF1,114
0,0,CM3D2VRx64_Data\sharedassets19.assets,3691748,3B7BD341,114
0,0,CM3D2VRx64_Data\sharedassets2.assets,5612280,63B03B6A,114
0,0,CM3D2VRx64_Data\sharedassets20.assets,1587628,D82062DC,114
0,0,CM3D2VRx64_Data\sharedassets21.assets,5328,50CF8E77,114
0,0,CM3D2VRx64_Data\sharedassets22.assets,72624,6A13CC14,114
0,0,CM3D2VRx64_Data\sharedassets3.assets,13906728,24D68E5A,114
0,0,CM3D2VRx64_Data\sharedassets4.assets,36843892,E56AE7F2,114
0,0,CM3D2VRx64_Data\sharedassets5.assets,6952140,CCF8B07A,114
0,0,CM3D2VRx64_Data\sharedassets6.assets,503336,B202C1CF,114
0,0,CM3D2VRx64_Data\sharedassets7.assets,5456,45DA1C2A,114
0,0,CM3D2VRx64_Data\sharedassets8.assets,355444,B624C593,114
0,0,CM3D2VRx64_Data\sharedassets9.assets,11891548,812B2635,114
0,0,CM3D2VRx64_Data\Managed\Accessibility.dll,10752,A358E135,114
0,0,CM3D2VRx64_Data\Managed\Assembly-CSharp-firstpass.dll,168960,A50517C5,114
0,0,CM3D2VRx64_Data\Managed\Assembly-CSharp.dll,1831424,22FE5D68,114
0,0,CM3D2VRx64_Data\Managed\Assembly-UnityScript-firstpass.dll,65024,2511F27E,114
0,0,CM3D2VRx64_Data\Managed\Boo.Lang.dll,126976,B1FDC6B6,114
0,0,CM3D2VRx64_Data\Managed\JsonFx.Json.dll,70144,A0F0CFCB,114
0,0,CM3D2VRx64_Data\Managed\Mono.Data.Tds.dll,96256,DE9FBD55,114
0,0,CM3D2VRx64_Data\Managed\Mono.Posix.dll,184320,A333AAF5,114
0,0,CM3D2VRx64_Data\Managed\Mono.Security.dll,294912,D5BB48FC,114
0,0,CM3D2VRx64_Data\Managed\Mono.WebBrowser.dll,172032,5D310803,114
0,0,CM3D2VRx64_Data\Managed\mscorlib.dll,2590208,5A5FF75C,114
0,0,CM3D2VRx64_Data\Managed\System.Configuration.dll,124928,F88CF714,114
0,0,CM3D2VRx64_Data\Managed\System.Core.dll,300032,0504C277,114
0,0,CM3D2VRx64_Data\Managed\System.Data.dll,856064,1DE4F5EB,114
0,0,CM3D2VRx64_Data\Managed\System.dll,1678848,08B8E16D,114
0,0,CM3D2VRx64_Data\Managed\System.Drawing.Design.dll,29696,E7B53FF9,114
0,0,CM3D2VRx64_Data\Managed\System.Drawing.dll,448512,C4B2E872,114
0,0,CM3D2VRx64_Data\Managed\System.EnterpriseServices.dll,46592,1B56067D,114
0,0,CM3D2VRx64_Data\Managed\System.Security.dll,135168,A9F5B9F1,114
0,0,CM3D2VRx64_Data\Managed\System.Transactions.dll,27648,DE82E2C6,114
0,0,CM3D2VRx64_Data\Managed\System.Windows.Forms.dll,3053568,56394001,114
0,0,CM3D2VRx64_Data\Managed\System.Xml.dll,1270272,BCE39995,114
0,0,CM3D2VRx64_Data\Managed\System.Xml.Linq.dll,106496,1062D683,114
0,0,CM3D2VRx64_Data\Managed\UnityEngine.dll,614912,9B33F0CD,114
0,0,CM3D2VRx64_Data\Managed\UnityEngine.UI.dll,176128,078A6C17,114
0,0,CM3D2VRx64_Data\Managed\UnityScript.Lang.dll,14336,FAB8DDA9,114
0,0,CM3D2VRx64_Data\Mono\mono.dll,2601984,5E0870C0,114
0,0,CM3D2VRx64_Data\Mono\etc\mono\browscap.ini,311984,CE6C0AB3,114
0,0,CM3D2VRx64_Data\Mono\etc\mono\config,1691,A635914A,114
0,0,CM3D2VRx64_Data\Mono\etc\mono\1.0\DefaultWsdlHelpGenerator.aspx,58196,10E814BF,114
0,0,CM3D2VRx64_Data\Mono\etc\mono\1.0\machine.config,17259,82F1AD8B,114
0,0,CM3D2VRx64_Data\Mono\etc\mono\2.0\DefaultWsdlHelpGenerator.aspx,60453,F3869A34,114
0,0,CM3D2VRx64_Data\Mono\etc\mono\2.0\machine.config,27626,4F6C3F79,114
0,0,CM3D2VRx64_Data\Mono\etc\mono\2.0\settings.map,2618,A1A3C29F,114
0,0,CM3D2VRx64_Data\Mono\etc\mono\2.0\web.config,11686,534A9960,114
0,0,CM3D2VRx64_Data\Mono\etc\mono\2.0\Browsers\Compat.browser,1605,2E178A0B,114
0,0,CM3D2VRx64_Data\Mono\etc\mono\mconfig\config.xml,25817,80B2033A,114
0,0,CM3D2VRx64_Data\Plugins\cm3d2_x64.dll,1481216,0929FB15,114
0,0,CM3D2VRx64_Data\Plugins\device_hook.dll,87552,65F0207E,114
0,0,CM3D2VRx64_Data\Plugins\OculusPlugin.dll,146944,34E75356,114
0,0,CM3D2VRx64_Data\Resources\unity default resources,1571709,31020360,114
0,0,CM3D2VRx64_Data\Resources\unity_builtin_extra,372672,3A678224,114
0,0,GameData\material_vr.arc,1393,E8F3D878,100
0,0,GameData\menu_vr.arc,1262,6510B03E,100
0,0,GameData\model_vr.arc,70824,C9DCB2E5,100
0,0,GameData\texture_vr.arc,470392,5F59D9B6,100
