0,0,COM3D2OHx64_Data\Managed\Accessibility.dll,10752,5CB31E4E,24602
0,0,COM3D2OHx64_Data\Managed\Assembly-CSharp.dll,6253568,8BC735C2,24602
0,0,COM3D2OHx64_Data\Managed\Assembly-CSharp-firstpass.dll,792576,004BCBED,24602
0,0,COM3D2OHx64_Data\Managed\Assembly-UnityScript-firstpass.dll,65024,91DD5602,24602
0,0,COM3D2OHx64_Data\Managed\Boo.Lang.dll,126976,28383F70,24602
0,0,COM3D2OHx64_Data\Managed\BouncyCastle.Crypto.dll,2236416,5A4C4F07,24602
0,0,COM3D2OHx64_Data\Managed\FoveUnityPlugin.dll,28672,A6EA882B,24602
0,0,COM3D2OHx64_Data\Managed\ICSharpCode.SharpZipLib.dll,200704,D3160A1C,24602
0,0,COM3D2OHx64_Data\Managed\Ionic.Zlib.dll,102400,7C9E7DD2,24602
0,0,COM3D2OHx64_Data\Managed\JsonFx.Json.dll,70144,A0F0CFCB,24602
0,0,COM3D2OHx64_Data\Managed\LeapCSharp.NET3.5.dll,82432,38E38212,24602
0,0,COM3D2OHx64_Data\Managed\Mono.Data.Tds.dll,96256,2965324B,24602
0,0,COM3D2OHx64_Data\Managed\Mono.Posix.dll,184320,0CE35BE3,24602
0,0,COM3D2OHx64_Data\Managed\Mono.Security.dll,294912,66EB9979,24602
0,0,COM3D2OHx64_Data\Managed\Mono.WebBrowser.dll,172032,137B736F,24602
0,0,COM3D2OHx64_Data\Managed\mscorlib.dll,2590208,5166389B,24602
0,0,COM3D2OHx64_Data\Managed\Newtonsoft.Json.dll,494592,5C881B73,24602
0,0,COM3D2OHx64_Data\Managed\System.Configuration.dll,124928,72952344,24602
0,0,COM3D2OHx64_Data\Managed\System.Core.dll,297472,9E3EE5D7,24602
0,0,COM3D2OHx64_Data\Managed\System.Data.dll,856064,DDDB80CD,24602
0,0,COM3D2OHx64_Data\Managed\System.dll,1679360,13922617,24602
0,0,COM3D2OHx64_Data\Managed\System.Drawing.Design.dll,29696,E7B53FF9,24602
0,0,COM3D2OHx64_Data\Managed\System.Drawing.dll,448512,C4B2E872,24602
0,0,COM3D2OHx64_Data\Managed\System.EnterpriseServices.dll,46592,2C72A9FE,24602
0,0,COM3D2OHx64_Data\Managed\System.Security.dll,135168,1CE94C57,24602
0,0,COM3D2OHx64_Data\Managed\System.Transactions.dll,27648,45299FCF,24602
0,0,COM3D2OHx64_Data\Managed\System.Windows.Forms.dll,3053568,56394001,24602
0,0,COM3D2OHx64_Data\Managed\System.Xml.dll,1270272,4581A35B,24602
0,0,COM3D2OHx64_Data\Managed\System.Xml.Linq.dll,106496,E844371C,24602
0,0,COM3D2OHx64_Data\Managed\UnityEngine.dll,1393152,2C35388C,24602
0,0,COM3D2OHx64_Data\Managed\UnityEngine.dll.mdb,449828,8610375E,24602
0,0,COM3D2OHx64_Data\Managed\UnityEngine.Networking.dll,253952,2BDF701F,24602
0,0,COM3D2OHx64_Data\Managed\UnityEngine.UI.dll,245760,FA552B2D,24602
0,0,COM3D2OHx64_Data\Managed\UnityEngine.VR.dll,3072,A4582CD6,24602
0,0,COM3D2OHx64_Data\Managed\UnityScript.Lang.dll,13824,0DA8F681,24602
0,0,COM3D2OHx64_Data\Managed\Win32.dll,13312,7781C2A2,24602
0,0,COM3D2OHx64_Data\Managed\zxing.unity.dll,430592,9FD1F198,24602
0,0,COM3D2OHx64_Data\Mono\etc\mono\1.0\DefaultWsdlHelpGenerator.aspx,58196,10E814BF,24602
0,0,COM3D2OHx64_Data\Mono\etc\mono\1.0\machine.config,17258,EDE1AC59,24602
0,0,COM3D2OHx64_Data\Mono\etc\mono\2.0\Browsers\Compat.browser,1605,2E178A0B,24602
0,0,COM3D2OHx64_Data\Mono\etc\mono\2.0\DefaultWsdlHelpGenerator.aspx,60453,F3869A34,24602
0,0,COM3D2OHx64_Data\Mono\etc\mono\2.0\machine.config,27625,73C91C24,24602
0,0,COM3D2OHx64_Data\Mono\etc\mono\2.0\settings.map,2618,A1A3C29F,24602
0,0,COM3D2OHx64_Data\Mono\etc\mono\2.0\web.config,11686,534A9960,24602
0,0,COM3D2OHx64_Data\Mono\etc\mono\mconfig\config.xml,25817,80B2033A,24602
0,0,COM3D2OHx64_Data\Mono\etc\mono\browscap.ini,311984,CE6C0AB3,24602
0,0,COM3D2OHx64_Data\Mono\etc\mono\config,1691,A635914A,24602
0,0,COM3D2OHx64_Data\Mono\mono.dll,2618816,0BEA8C0F,24602
0,0,COM3D2OHx64_Data\Mono\MonoPosixHelper.dll,113664,9B5E1E4D,24602
0,0,COM3D2OHx64_Data\Plugins\assimp.dll,4388864,7C910D84,24602
0,0,COM3D2OHx64_Data\Plugins\Audio360.dll,1956352,0D4B8E9D,24602
0,0,COM3D2OHx64_Data\Plugins\AVProVideo.dll,886272,278352F0,24602
0,0,COM3D2OHx64_Data\Plugins\clothpp.dll,112128,7C3264A4,24602
0,0,COM3D2OHx64_Data\Plugins\cm3d2.dll,2265088,CA67D1AD,24602
0,0,COM3D2OHx64_Data\Plugins\device_hook.dll,738816,F61E7CED,24602
0,0,COM3D2OHx64_Data\Plugins\FbxExporterCore.dll,12491776,CBAA51C1,24602
0,0,COM3D2OHx64_Data\Plugins\FoveClient.dll,1849384,58C8B4F6,24602
0,0,COM3D2OHx64_Data\Plugins\LeapC.dll,2516992,FBDD3767,24602
0,0,COM3D2OHx64_Data\Plugins\openvr_api.dll,318272,44432E0F,24602
0,0,COM3D2OHx64_Data\Plugins\OVRGamepad.dll,12800,2C526135,24602
0,0,COM3D2OHx64_Data\Plugins\OVRLipSync.dll,2512296,391C1F4C,24602
0,0,COM3D2OHx64_Data\Plugins\OVRPlugin.dll,1898408,5DD05B6C,24602
0,0,COM3D2OHx64_Data\Plugins\Win32-WebView.dll,504832,382AEE66,24602
0,0,COM3D2OHx64_Data\Resources\unity default resources,752360,71DB1AEA,24602
0,0,COM3D2OHx64_Data\Resources\unity_builtin_extra,284012,91145F7F,24602
0,0,COM3D2OHx64_Data\app.info,42,6CD75754,24602
0,0,COM3D2OHx64_Data\globalgamemanagers,5369988,FF3331FA,24602
0,0,COM3D2OHx64_Data\globalgamemanagers.assets,257892,C024B168,24602
0,0,COM3D2OHx64_Data\level0,356316,E5DBEC6A,24602
0,0,COM3D2OHx64_Data\level1,379460,7DCB6527,24602
0,0,COM3D2OHx64_Data\level2,771100,D5B6B35A,24602
0,0,COM3D2OHx64_Data\level3,1245500,F633DC9E,24602
0,0,COM3D2OHx64_Data\level4,1344500,EA197D3F,24602
0,0,COM3D2OHx64_Data\level5,358300,C07628E5,24602
0,0,COM3D2OHx64_Data\level6,455420,1666A28F,24602
0,0,COM3D2OHx64_Data\level7,356828,D6F984DB,24602
0,0,COM3D2OHx64_Data\level8,470748,73C93D0E,24602
0,0,COM3D2OHx64_Data\level9,360940,27238514,24602
0,0,COM3D2OHx64_Data\level10,745812,A8D4AC5F,24602
0,0,COM3D2OHx64_Data\level11,7524,BB881384,24602
0,0,COM3D2OHx64_Data\level12,358772,D89B3EB7,24602
0,0,COM3D2OHx64_Data\level13,4664,70662DE5,24602
0,0,COM3D2OHx64_Data\level14,375460,F49EB432,24602
0,0,COM3D2OHx64_Data\level15,365140,DD9B24DE,24602
0,0,COM3D2OHx64_Data\level16,987948,BCAA7DD6,24602
0,0,COM3D2OHx64_Data\level17,468428,84D30F1B,24602
0,0,COM3D2OHx64_Data\level18,1117596,43B98822,24602
0,0,COM3D2OHx64_Data\level19,441460,F1124DFE,24602
0,0,COM3D2OHx64_Data\level20,2235308,85906BF5,24602
0,0,COM3D2OHx64_Data\level21,1147612,BF6E3323,24602
0,0,COM3D2OHx64_Data\level22,1120916,2FDF57A6,24602
0,0,COM3D2OHx64_Data\level23,478532,31F5F600,24602
0,0,COM3D2OHx64_Data\level24,27904,D4CE9A33,24602
0,0,COM3D2OHx64_Data\level24.resS,131232,851AC384,24602
0,0,COM3D2OHx64_Data\level25,51676,F39A53B5,24602
0,0,COM3D2OHx64_Data\level26,56036,6BB1960B,24602
0,0,COM3D2OHx64_Data\level27,6824,BFC49B67,24602
0,0,COM3D2OHx64_Data\level28,357220,44E663DE,24602
0,0,COM3D2OHx64_Data\level29,1608908,0F9E15BF,24602
0,0,COM3D2OHx64_Data\level30,1465548,D919DB53,24602
0,0,COM3D2OHx64_Data\level31,1487140,2B5F0B9A,24602
0,0,COM3D2OHx64_Data\level32,1382548,F7365977,24602
0,0,COM3D2OHx64_Data\level33,1447012,A2B3D416,24602
0,0,COM3D2OHx64_Data\level34,1572420,997EB23F,24602
0,0,COM3D2OHx64_Data\level35,1309252,5CB832CA,24602
0,0,COM3D2OHx64_Data\level36,1060044,1A8C35A2,24602
0,0,COM3D2OHx64_Data\level37,1067332,F8819DF2,24602
0,0,COM3D2OHx64_Data\level38,1309260,EF1EB525,24602
0,0,COM3D2OHx64_Data\level39,1190060,3F450578,24602
0,0,COM3D2OHx64_Data\level40,978588,81471A9B,24602
0,0,COM3D2OHx64_Data\level41,1264972,353C01B8,24602
0,0,COM3D2OHx64_Data\level42,1407292,061F6201,24602
0,0,COM3D2OHx64_Data\level43,1365988,B5FC5220,24602
0,0,COM3D2OHx64_Data\level44,950812,DCACBDE6,24602
0,0,COM3D2OHx64_Data\level45,432156,C10692A7,24602
0,0,COM3D2OHx64_Data\level46,428524,82C401E1,24602
0,0,COM3D2OHx64_Data\level47,472228,E736BF5F,24602
0,0,COM3D2OHx64_Data\level48,494364,44790BFA,24602
0,0,COM3D2OHx64_Data\level49,422756,118B2C7F,24602
0,0,COM3D2OHx64_Data\level50,482716,4394E6A6,24602
0,0,COM3D2OHx64_Data\level51,1072828,159A7924,24602
0,0,COM3D2OHx64_Data\level52,997396,017F6C86,24602
0,0,COM3D2OHx64_Data\level53,475556,07D269CE,24602
0,0,COM3D2OHx64_Data\level54,497700,22BF35EB,24602
0,0,COM3D2OHx64_Data\level55,488276,DA007066,24602
0,0,COM3D2OHx64_Data\level56,1077236,F29B7FA0,24602
0,0,COM3D2OHx64_Data\level57,1037676,7776E9D0,24602
0,0,COM3D2OHx64_Data\level58,481324,848899C1,24602
0,0,COM3D2OHx64_Data\level59,465852,D5B73F08,24602
0,0,COM3D2OHx64_Data\level60,447524,1DF5C861,24602
0,0,COM3D2OHx64_Data\level61,1416620,50480FA8,24602
0,0,COM3D2OHx64_Data\level62,1357548,A576E8DE,24602
0,0,COM3D2OHx64_Data\level63,534316,50DCB1E8,24602
0,0,COM3D2OHx64_Data\level64,436332,B3A332EA,24602
0,0,COM3D2OHx64_Data\level65,1285572,E5F317D9,24602
0,0,COM3D2OHx64_Data\level66,1003412,EA9B3C9E,24602
0,0,COM3D2OHx64_Data\level67,1462052,6041F4AA,24602
0,0,COM3D2OHx64_Data\level68,1403188,7D51DC1C,24602
0,0,COM3D2OHx64_Data\level69,1608924,EE083CD4,24602
0,0,COM3D2OHx64_Data\level70,1572436,6F433407,24602
0,0,COM3D2OHx64_Data\level71,1404332,D4984612,24602
0,0,COM3D2OHx64_Data\level72,1370276,800F843B,24602
0,0,COM3D2OHx64_Data\level73,457284,21364ACF,24602
0,0,COM3D2OHx64_Data\level74,437756,0DC43AE6,24602
0,0,COM3D2OHx64_Data\level75,1081540,458879D7,24602
0,0,COM3D2OHx64_Data\level76,882828,89F302B7,24602
0,0,COM3D2OHx64_Data\level77,989596,03E8ADE3,24602
0,0,COM3D2OHx64_Data\level78,883804,2E7C2C2F,24602
0,0,COM3D2OHx64_Data\level79,1062796,ABD95911,24602
0,0,COM3D2OHx64_Data\level80,1726412,CFD613EE,24602
0,0,COM3D2OHx64_Data\level81,1677476,68588EC4,24602
0,0,COM3D2OHx64_Data\level82,1145940,5C257CDB,24602
0,0,COM3D2OHx64_Data\level83,1089772,D55D8A8F,24602
0,0,COM3D2OHx64_Data\level84,1545244,CF7EFF28,24602
0,0,COM3D2OHx64_Data\level85,1644172,BBCBCCAC,24602
0,0,COM3D2OHx64_Data\level86,1087676,E75F310B,24602
0,0,COM3D2OHx64_Data\level87,1003220,746F0E16,24602
0,0,COM3D2OHx64_Data\level88,1712172,8FDF5D04,24602
0,0,COM3D2OHx64_Data\level89,1608972,80B61B4D,24602
0,0,COM3D2OHx64_Data\level90,498988,07C16EB9,24602
0,0,COM3D2OHx64_Data\level91,518764,D79CF485,24602
0,0,COM3D2OHx64_Data\level92,607244,CA5E559B,24602
0,0,COM3D2OHx64_Data\level93,566684,F9EE4A4B,24602
0,0,COM3D2OHx64_Data\level93.resS,131232,9337BCA3,24602
0,0,COM3D2OHx64_Data\level94,494044,668A7567,24602
0,0,COM3D2OHx64_Data\level95,593252,8671C6AC,24602
0,0,COM3D2OHx64_Data\level96,517356,ADF0A3EE,24602
0,0,COM3D2OHx64_Data\level97,1766836,70684270,24602
0,0,COM3D2OHx64_Data\level98,1509404,FBCAB4ED,24602
0,0,COM3D2OHx64_Data\level99,1337412,66C92A2A,24602
0,0,COM3D2OHx64_Data\level100,1168564,1060A6D7,24602
0,0,COM3D2OHx64_Data\level101,1255988,43A988FD,24602
0,0,COM3D2OHx64_Data\level102,1447332,F5FDA970,24602
0,0,COM3D2OHx64_Data\level103,1353036,76BADA8C,24602
0,0,COM3D2OHx64_Data\level104,970604,77E03D39,24602
0,0,COM3D2OHx64_Data\level105,588132,29CFF3B8,24602
0,0,COM3D2OHx64_Data\level106,1033484,1184F760,24602
0,0,COM3D2OHx64_Data\level107,956164,286C014F,24602
0,0,COM3D2OHx64_Data\level108,970748,8507484F,24602
0,0,COM3D2OHx64_Data\level109,930332,2DF6DFE5,24602
0,0,COM3D2OHx64_Data\level110,896020,889C9396,24602
0,0,COM3D2OHx64_Data\level111,870588,A895EC57,24602
0,0,COM3D2OHx64_Data\level112,561476,113E2FC4,24602
0,0,COM3D2OHx64_Data\level113,565676,DD16BA55,24602
0,0,COM3D2OHx64_Data\level114,591052,C703C630,24602
0,0,COM3D2OHx64_Data\level115,589452,0A714C96,24602
0,0,COM3D2OHx64_Data\level116,591188,8BEEF172,24602
0,0,COM3D2OHx64_Data\level117,593564,A2D1BF36,24602
0,0,COM3D2OHx64_Data\level118,527772,791F5AA4,24602
0,0,COM3D2OHx64_Data\level119,531988,9682ADCE,24602
0,0,COM3D2OHx64_Data\level120,556212,7F22CEA7,24602
0,0,COM3D2OHx64_Data\level121,586548,255B99AF,24602
0,0,COM3D2OHx64_Data\level122,557340,18779152,24602
0,0,COM3D2OHx64_Data\level123,560332,63ACF724,24602
0,0,COM3D2OHx64_Data\level124,549404,DCE8DA63,24602
0,0,COM3D2OHx64_Data\level125,587260,E9859849,24602
0,0,COM3D2OHx64_Data\level126,1031476,83A1AB50,24602
0,0,COM3D2OHx64_Data\resources.assets,473505652,16955D0D,24602
0,0,COM3D2OHx64_Data\resources.assets.resS,2077015224,EA7DDDA5,24602
0,0,COM3D2OHx64_Data\resources.resource,1348672,632087DF,24602
0,0,COM3D2OHx64_Data\sharedassets0.assets,115228100,132382BF,24602
0,0,COM3D2OHx64_Data\sharedassets0.assets.resS,28071636,8A34135A,24602
0,0,COM3D2OHx64_Data\sharedassets1.assets,6256,6C8EFA29,24602
0,0,COM3D2OHx64_Data\sharedassets2.assets,6556,4D40365A,24602
0,0,COM3D2OHx64_Data\sharedassets3.assets,12964,A9AD6D30,24602
0,0,COM3D2OHx64_Data\sharedassets4.assets,7276,6E7CA29E,24602
0,0,COM3D2OHx64_Data\sharedassets5.assets,6160,DE8863B7,24602
0,0,COM3D2OHx64_Data\sharedassets6.assets,7108,7768E30C,24602
0,0,COM3D2OHx64_Data\sharedassets7.assets,6088,1E83EF56,24602
0,0,COM3D2OHx64_Data\sharedassets8.assets,6448,7B0500C6,24602
0,0,COM3D2OHx64_Data\sharedassets9.assets,6280,89293AF9,24602
0,0,COM3D2OHx64_Data\sharedassets10.assets,6676,071F3F8B,24602
0,0,COM3D2OHx64_Data\sharedassets11.assets,4576,9E979B34,24602
0,0,COM3D2OHx64_Data\sharedassets12.assets,6148,EB1CF165,24602
0,0,COM3D2OHx64_Data\sharedassets13.assets,4132,5D185FA5,24602
0,0,COM3D2OHx64_Data\sharedassets14.assets,6868,3B7D4019,24602
0,0,COM3D2OHx64_Data\sharedassets15.assets,6232,FC0A553E,24602
0,0,COM3D2OHx64_Data\sharedassets16.assets,12676,3E2ED96E,24602
0,0,COM3D2OHx64_Data\sharedassets17.assets,6328,B5AC11B4,24602
0,0,COM3D2OHx64_Data\sharedassets18.assets,12736,9D5BD329,24602
0,0,COM3D2OHx64_Data\sharedassets19.assets,6316,61146018,24602
0,0,COM3D2OHx64_Data\sharedassets20.assets,7108,ACD2695C,24602
0,0,COM3D2OHx64_Data\sharedassets21.assets,12712,F05699B8,24602
0,0,COM3D2OHx64_Data\sharedassets22.assets,12712,F05699B8,24602
0,0,COM3D2OHx64_Data\sharedassets23.assets,18126856,B445886F,24602
0,0,COM3D2OHx64_Data\sharedassets24.assets,12328,03F3A58D,24602
0,0,COM3D2OHx64_Data\sharedassets25.assets,4420,5F843D1C,24602
0,0,COM3D2OHx64_Data\sharedassets26.assets,4324,DB9793D5,24602
0,0,COM3D2OHx64_Data\sharedassets27.assets,4264,069E541B,24602
0,0,COM3D2OHx64_Data\sharedassets28.assets,6124,0BCE3744,24602
0,0,COM3D2OHx64_Data\sharedassets29.assets,12676,BD7D2909,24602
0,0,COM3D2OHx64_Data\sharedassets30.assets,12676,7E3F4D41,24602
0,0,COM3D2OHx64_Data\sharedassets31.assets,12676,0D5350B1,24602
0,0,COM3D2OHx64_Data\sharedassets32.assets,9400,DB8BB438,24602
0,0,COM3D2OHx64_Data\sharedassets33.assets,9508,0C1243B9,24602
0,0,COM3D2OHx64_Data\sharedassets34.assets,9496,7500480B,24602
0,0,COM3D2OHx64_Data\sharedassets35.assets,12760,6BC11618,24602
0,0,COM3D2OHx64_Data\sharedassets36.assets,9292,2B1A9B5E,24602
0,0,COM3D2OHx64_Data\sharedassets37.assets,9328,524BF3FC,24602
0,0,COM3D2OHx64_Data\sharedassets38.assets,12760,6BC11618,24602
0,0,COM3D2OHx64_Data\sharedassets39.assets,9532,91BAB45F,24602
0,0,COM3D2OHx64_Data\sharedassets40.assets,9328,524BF3FC,24602
0,0,COM3D2OHx64_Data\sharedassets41.assets,9472,E2A501EF,24602
0,0,COM3D2OHx64_Data\sharedassets42.assets,12676,9CEA81EC,24602
0,0,COM3D2OHx64_Data\sharedassets43.assets,9508,0C1243B9,24602
0,0,COM3D2OHx64_Data\sharedassets44.assets,9496,7500480B,24602
0,0,COM3D2OHx64_Data\sharedassets45.assets,42236540,DDE79F97,24602
0,0,COM3D2OHx64_Data\sharedassets45.assets.resS,87400,8BA6C322,24602
0,0,COM3D2OHx64_Data\sharedassets46.assets,38246508,8EC20445,24602
0,0,COM3D2OHx64_Data\sharedassets47.assets,32874604,AF9C2C26,24602
0,0,COM3D2OHx64_Data\sharedassets48.assets,36735684,A796276A,24602
0,0,COM3D2OHx64_Data\sharedassets48.assets.resS,174776,5B619AF1,24602
0,0,COM3D2OHx64_Data\sharedassets49.assets,41277360,EFFA1540,24602
0,0,COM3D2OHx64_Data\sharedassets50.assets,39399112,2607BA6F,24602
0,0,COM3D2OHx64_Data\sharedassets51.assets,3017228,3669D5C7,24602
0,0,COM3D2OHx64_Data\sharedassets51.assets.resS,611728,7BFBEAAE,24602
0,0,COM3D2OHx64_Data\sharedassets52.assets,9556,9529C2FF,24602
0,0,COM3D2OHx64_Data\sharedassets53.assets,6508,9CAE2DF9,24602
0,0,COM3D2OHx64_Data\sharedassets54.assets,6508,9CAE2DF9,24602
0,0,COM3D2OHx64_Data\sharedassets55.assets,6508,9CAE2DF9,24602
0,0,COM3D2OHx64_Data\sharedassets56.assets,12688,CE33490B,24602
0,0,COM3D2OHx64_Data\sharedassets57.assets,9508,BC964AB1,24602
0,0,COM3D2OHx64_Data\sharedassets58.assets,6472,6A3A179E,24602
0,0,COM3D2OHx64_Data\sharedassets59.assets,59364,7848808C,24602
0,0,COM3D2OHx64_Data\sharedassets59.assets.resS,174776,B51EE5DC,24602
0,0,COM3D2OHx64_Data\sharedassets60.assets,6484,4FBA2F28,24602
0,0,COM3D2OHx64_Data\sharedassets61.assets,759744,8C3AE03E,24602
0,0,COM3D2OHx64_Data\sharedassets61.assets.resS,1310880,58801C35,24602
0,0,COM3D2OHx64_Data\sharedassets61.resource,1178176,90268BF4,24602
0,0,COM3D2OHx64_Data\sharedassets62.assets,9376,7142058C,24602
0,0,COM3D2OHx64_Data\sharedassets63.assets,3412512,16F576F5,24602
0,0,COM3D2OHx64_Data\sharedassets63.assets.resS,6226112,B3E98769,24602
0,0,COM3D2OHx64_Data\sharedassets64.assets,6580,AAE37226,24602
0,0,COM3D2OHx64_Data\sharedassets65.assets,13936,B6805335,24602
0,0,COM3D2OHx64_Data\sharedassets66.assets,9496,7500480B,24602
0,0,COM3D2OHx64_Data\sharedassets67.assets,12712,B50DD4AC,24602
0,0,COM3D2OHx64_Data\sharedassets68.assets,9496,F1A96ABF,24602
0,0,COM3D2OHx64_Data\sharedassets69.assets,12676,BD7D2909,24602
0,0,COM3D2OHx64_Data\sharedassets70.assets,9496,7500480B,24602
0,0,COM3D2OHx64_Data\sharedassets71.assets,12712,B50DD4AC,24602
0,0,COM3D2OHx64_Data\sharedassets72.assets,10444,6C177C37,24602
0,0,COM3D2OHx64_Data\sharedassets73.assets,6928,5F479FDC,24602
0,0,COM3D2OHx64_Data\sharedassets74.assets,6436,7F6DCBE6,24602
0,0,COM3D2OHx64_Data\sharedassets75.assets,11732,457BB00B,24602
0,0,COM3D2OHx64_Data\sharedassets75.resource,2729184,2D4064D6,24602
0,0,COM3D2OHx64_Data\sharedassets76.assets,11596,154B4596,24602
0,0,COM3D2OHx64_Data\sharedassets77.assets,8296,3BA9FD69,24602
0,0,COM3D2OHx64_Data\sharedassets78.assets,7612,E3D31893,24602
0,0,COM3D2OHx64_Data\sharedassets79.assets,353948,A95F496F,24602
0,0,COM3D2OHx64_Data\sharedassets79.assets.resS,2272048,E50143CB,24602
0,0,COM3D2OHx64_Data\sharedassets79.resource,6236800,C7E9CFDE,24602
0,0,COM3D2OHx64_Data\sharedassets80.assets,6568400,38AF0636,24602
0,0,COM3D2OHx64_Data\sharedassets80.assets.resS,10936,3B0D7ADF,24602
0,0,COM3D2OHx64_Data\sharedassets80.resource,1136352,956B5452,24602
0,0,COM3D2OHx64_Data\sharedassets81.assets,10312,1A8A33F0,24602
0,0,COM3D2OHx64_Data\sharedassets82.assets,12844,74EA8957,24602
0,0,COM3D2OHx64_Data\sharedassets83.assets,9640,740A7228,24602
0,0,COM3D2OHx64_Data\sharedassets84.assets,9764,4C19734D,24602
0,0,COM3D2OHx64_Data\sharedassets84.resource,1003968,52A085C2,24602
0,0,COM3D2OHx64_Data\sharedassets85.assets,13000,DD71D38D,24602
0,0,COM3D2OHx64_Data\sharedassets86.assets,12904,A6562E26,24602
0,0,COM3D2OHx64_Data\sharedassets87.assets,9580,0C4A8DFB,24602
0,0,COM3D2OHx64_Data\sharedassets88.assets,13348,B82065C0,24602
0,0,COM3D2OHx64_Data\sharedassets88.resource,1166848,2709F6C2,24602
0,0,COM3D2OHx64_Data\sharedassets89.assets,9892,DCDFAA04,24602
0,0,COM3D2OHx64_Data\sharedassets90.assets,6664,0BC359C6,24602
0,0,COM3D2OHx64_Data\sharedassets91.assets,6664,0BC359C6,24602
0,0,COM3D2OHx64_Data\sharedassets92.assets,6628,A973377E,24602
0,0,COM3D2OHx64_Data\sharedassets93.assets,6340,71A8D5BD,24602
0,0,COM3D2OHx64_Data\sharedassets94.assets,6628,A973377E,24602
0,0,COM3D2OHx64_Data\sharedassets95.assets,6724,F1A54535,24602
0,0,COM3D2OHx64_Data\sharedassets96.assets,6628,A973377E,24602
0,0,COM3D2OHx64_Data\sharedassets97.assets,12856,3F1FDA76,24602
0,0,COM3D2OHx64_Data\sharedassets98.assets,9544,5531D6EE,24602
0,0,COM3D2OHx64_Data\sharedassets99.assets,394920,F09D5E00,24602
0,0,COM3D2OHx64_Data\sharedassets99.assets.resS,2184640,DF887086,24602
0,0,COM3D2OHx64_Data\sharedassets100.assets,9748,94534ED7,24602
0,0,COM3D2OHx64_Data\sharedassets100.resource,2751968,AE761A89,24602
0,0,COM3D2OHx64_Data\sharedassets101.assets,12928,CD53645A,24602
0,0,COM3D2OHx64_Data\sharedassets102.assets,12964,56A4BE02,24602
0,0,COM3D2OHx64_Data\sharedassets103.assets,9640,134B7640,24602
0,0,COM3D2OHx64_Data\sharedassets104.assets,7172,E8A4A1FB,24602
0,0,COM3D2OHx64_Data\sharedassets104.resource,6331552,B816A215,24602
0,0,COM3D2OHx64_Data\sharedassets105.assets,7048,69F56547,24602
0,0,COM3D2OHx64_Data\sharedassets106.assets,86916,DA612702,24602
0,0,COM3D2OHx64_Data\sharedassets106.resource,8838816,EBFF12DA,24602
0,0,COM3D2OHx64_Data\sharedassets107.assets,8200,DF569F1E,24602
0,0,COM3D2OHx64_Data\sharedassets108.assets,11332,E3DDAD4E,24602
0,0,COM3D2OHx64_Data\sharedassets109.assets,8140,A97C4F37,24602
0,0,COM3D2OHx64_Data\sharedassets110.assets,615896,2A29247D,24602
0,0,COM3D2OHx64_Data\sharedassets110.assets.resS,6138632,73B447A4,24602
0,0,COM3D2OHx64_Data\sharedassets111.assets,7024,E7D67273,24602
0,0,COM3D2OHx64_Data\sharedassets112.assets,6928,E16EDA7F,24602
0,0,COM3D2OHx64_Data\sharedassets113.assets,6928,E16EDA7F,24602
0,0,COM3D2OHx64_Data\sharedassets114.assets,6928,E16EDA7F,24602
0,0,COM3D2OHx64_Data\sharedassets115.assets,6928,E16EDA7F,24602
0,0,COM3D2OHx64_Data\sharedassets116.assets,6928,E16EDA7F,24602
0,0,COM3D2OHx64_Data\sharedassets117.assets,6928,E16EDA7F,24602
0,0,COM3D2OHx64_Data\sharedassets118.assets,6628,A973377E,24602
0,0,COM3D2OHx64_Data\sharedassets119.assets,6628,A973377E,24602
0,0,COM3D2OHx64_Data\sharedassets120.assets,6628,A973377E,24602
0,0,COM3D2OHx64_Data\sharedassets121.assets,6628,A973377E,24602
0,0,COM3D2OHx64_Data\sharedassets122.assets,6628,A973377E,24602
0,0,COM3D2OHx64_Data\sharedassets123.assets,6628,A973377E,24602
0,0,COM3D2OHx64_Data\sharedassets124.assets,6628,A973377E,24602
0,0,COM3D2OHx64_Data\sharedassets125.assets,6928,E16EDA7F,24602
0,0,COM3D2OHx64_Data\sharedassets126.assets,213676,B969F85F,24602
0,0,COM3D2OHx64_Data\sharedassets126.assets.resS,174776,583F8A72,24602
0,0,COM3D2OHx64.exe,22841856,858642A8,24603
share,../com3d2data\GameData\cbl\csv_cbl.arc,GameData\csv_cbl.arc,1459380,A9942869,24602
share,../com3d2data\GameData\cbl\script_cbl.arc,GameData\script_cbl.arc,7491346,8A39700E,24602
share,../com3d2data\GameData\patch\csv.arc,GameData\csv.arc,46790519,802695FB,24605
share,../com3d2data\GameData\patch\parts_accswim_2.arc,GameData\parts_accswim_2.arc,632583,471CEBD0,24602
share,../com3d2data\GameData\patch\parts_cas010_2.arc,GameData\parts_cas010_2.arc,93958,ADCDBA70,24602
share,../com3d2data\GameData\patch\parts_cas036_2.arc,GameData\parts_cas036_2.arc,15704835,CD57DF9C,24602
share,../com3d2data\GameData\patch\parts_dlc294_2.arc,GameData\parts_dlc294_2.arc,292392,A6792345,24602
share,../com3d2data\GameData\patch\parts_dlc414_2.arc,GameData\parts_dlc414_2.arc,9252949,8653C411,24602
share,../com3d2data\GameData\patch\parts_dlc437_2.arc,GameData\parts_dlc437_2.arc,22395183,B1FD5507,24602
share,../com3d2data\GameData\patch\parts_dlc512_2.arc,GameData\parts_dlc512_2.arc,464857,B5295780,24603
share,../com3d2data\GameData\patch\parts_dlc551_2.arc,GameData\parts_dlc551_2.arc,329289,A347A4A3,24602
share,../com3d2data\GameData\patch\parts2.arc,GameData\parts2.arc,231871098,BE74A278,24602
share,../com3d2data\GameData\patch\paths.dat,GameData\paths.dat,20557,444A7102,24601
share,../com3d2data\GameData\patch\prioritymaterial.arc,GameData\prioritymaterial.arc,884094,AA46A5FC,24602
share,../com3d2data\GameData\patch\system_chronicle_2.arc,GameData\system_chronicle_2.arc,1037290,A3BFB94D,24602
share,../com3d2data\GameData\patch\system2.arc,GameData\system2.arc,113629922,D3104638,24603
share,../com3d2data\GameData_20\material_cas036_2.arc,GameData_20\material_cas036_2.arc,6578,757441C2,1751
share,../com3d2data\GameData_20\material_magazine001_2.arc,GameData_20\material_magazine001_2.arc,10312250,FC1938E9,1751
share,../com3d2data\GameData_20\menu_dlc294_2.arc,GameData_20\menu_dlc294_2.arc,1234,324EC8C6,1751
share,../com3d2data\GameData_20\model_cas010_2.arc,GameData_20\model_cas010_2.arc,92792,23A38F6A,1751
share,../com3d2data\GameData_20\model_cas036_2.arc,GameData_20\model_cas036_2.arc,1489264,436406D4,1751
share,../com3d2data\GameData_20\model_dlc114_2.arc,GameData_20\model_dlc114_2.arc,313631,F9381ABD,1751
share,../com3d2data\GameData_20\model_dlc294_2.arc,GameData_20\model_dlc294_2.arc,89184,DA8FCA88,1751
share,../com3d2data\GameData_20\model_dlc414_2.arc,GameData_20\model_dlc414_2.arc,954847,991E8918,1751
share,../com3d2data\GameData_20\model_dlc437_2.arc,GameData_20\model_dlc437_2.arc,509448,A85B419B,1751
share,../com3d2data\GameData_20\model_dlc551_2.arc,GameData_20\model_dlc551_2.arc,328698,9D6D370C,1751
