0,0,COM3D2.exe,6385664,4A099346,2001
0,0,COM3D2x64.exe,22841856,A9562BF9,1060
0,0,COM3D2x64_Data\app.info,27,F9A266E7,1060
0,0,COM3D2x64_Data\globalgamemanagers,3848652,94B62852,1060
0,0,COM3D2x64_Data\globalgamemanagers.assets,202828,20E49892,1060
0,0,COM3D2x64_Data\level0,180764,E1169867,1060
0,0,COM3D2x64_Data\level1,197428,E91A6679,1060
0,0,COM3D2x64_Data\level10,205740,E58E8763,1060
0,0,COM3D2x64_Data\level11,181292,37EFAAC4,1060
0,0,COM3D2x64_Data\level12,245996,B55AB99B,1060
0,0,COM3D2x64_Data\level13,181756,F5E9EA7A,1060
0,0,COM3D2x64_Data\level14,635020,DCAB3BA8,1060
0,0,COM3D2x64_Data\level15,6948,4B142A6A,1060
0,0,COM3D2x64_Data\level16,183220,DAC249EB,1060
0,0,COM3D2x64_Data\level17,4664,A9F4C0E2,1060
0,0,COM3D2x64_Data\level18,199908,494A2372,1060
0,0,COM3D2x64_Data\level19,188148,DBD46B6F,1060
0,0,COM3D2x64_Data\level2,198788,64A9A497,1060
0,0,COM3D2x64_Data\level20,798156,047710D9,1060
0,0,COM3D2x64_Data\level21,259876,58E62A69,1060
0,0,COM3D2x64_Data\level22,927796,FBE6D115,1060
0,0,COM3D2x64_Data\level23,260588,83D9FE92,1060
0,0,COM3D2x64_Data\level24,457260,A9931C74,1060
0,0,COM3D2x64_Data\level25,203260,A60A7AAD,1060
0,0,COM3D2x64_Data\level26,643548,AADE8C0C,1060
0,0,COM3D2x64_Data\level27,1700948,9B680E2F,1060
0,0,COM3D2x64_Data\level28,957820,F2B10800,1060
0,0,COM3D2x64_Data\level29,203260,857250E2,1060
0,0,COM3D2x64_Data\level3,976684,FF6403C7,1060
0,0,COM3D2x64_Data\level30,586892,A7C60418,1060
0,0,COM3D2x64_Data\level31,833732,838C8B32,1060
0,0,COM3D2x64_Data\level32,931116,39146A3F,1060
0,0,COM3D2x64_Data\level33,195884,BFF3667D,1060
0,0,COM3D2x64_Data\level34,543604,9175B027,1060
0,0,COM3D2x64_Data\level35,805156,D22CF576,1060
0,0,COM3D2x64_Data\level36,537220,55BAD5FC,1060
0,0,COM3D2x64_Data\level37,685076,F08E75E6,1060
0,0,COM3D2x64_Data\level38,302916,2C9451AE,1060
0,0,COM3D2x64_Data\level39,27904,182E220F,1060
0,0,COM3D2x64_Data\level39.resS,131232,437C95D8,1060
0,0,COM3D2x64_Data\level4,1055660,E508ADBC,1060
0,0,COM3D2x64_Data\level40,51676,7F1E8B35,1060
0,0,COM3D2x64_Data\level41,56036,A8913D27,1060
0,0,COM3D2x64_Data\level42,6656,39707A12,1060
0,0,COM3D2x64_Data\level43,181660,F28E7BDE,1060
0,0,COM3D2x64_Data\level44,1419116,C49E8C60,1060
0,0,COM3D2x64_Data\level45,1275748,2F01A2AC,1060
0,0,COM3D2x64_Data\level46,1297348,A21CD7B7,1060
0,0,COM3D2x64_Data\level47,276372,CE9149A8,1060
0,0,COM3D2x64_Data\level48,239444,BDDDF1CD,1060
0,0,COM3D2x64_Data\level49,265740,79900ABB,1060
0,0,COM3D2x64_Data\level5,1008404,4A2AB368,1060
0,0,COM3D2x64_Data\level50,1192580,D7CFD6C9,1060
0,0,COM3D2x64_Data\level51,1257052,9FF9A78A,1060
0,0,COM3D2x64_Data\level52,1382460,72ED9027,1060
0,0,COM3D2x64_Data\level53,269292,9BB00E01,1060
0,0,COM3D2x64_Data\level54,232204,12A6F519,1060
0,0,COM3D2x64_Data\level55,292340,955321FD,1060
0,0,COM3D2x64_Data\level56,250380,A1BF48C8,1060
0,0,COM3D2x64_Data\level57,1217500,0E7487F7,1060
0,0,COM3D2x64_Data\level58,234124,9BCC7626,1060
0,0,COM3D2x64_Data\level59,481164,B4E129E3,1060
0,0,COM3D2x64_Data\level6,181748,209AAF69,1060
0,0,COM3D2x64_Data\level60,361556,D1F10261,1060
0,0,COM3D2x64_Data\level61,203572,EE4831C7,1060
0,0,COM3D2x64_Data\level62,1119444,982DB89A,1060
0,0,COM3D2x64_Data\level63,870076,865A7114,1060
0,0,COM3D2x64_Data\level64,877364,D6EC8D83,1060
0,0,COM3D2x64_Data\level65,1119444,AB255813,1060
0,0,COM3D2x64_Data\level66,1000060,555C39C0,1060
0,0,COM3D2x64_Data\level67,788628,72CC3A20,1060
0,0,COM3D2x64_Data\level68,1075012,9F65C238,1060
0,0,COM3D2x64_Data\level69,1176028,6FC88917,1060
0,0,COM3D2x64_Data\level7,737068,CE78BC89,1060
0,0,COM3D2x64_Data\level70,536636,8CBDB905,1060
0,0,COM3D2x64_Data\level71,760852,1FF3EAB5,1060
0,0,COM3D2x64_Data\level72,256540,88A6860C,1060
0,0,COM3D2x64_Data\level73,252908,1FABD7AF,1060
0,0,COM3D2x64_Data\level74,296612,8AF38992,1060
0,0,COM3D2x64_Data\level75,318748,E2295B8C,1060
0,0,COM3D2x64_Data\level76,247140,0DDB68F4,1060
0,0,COM3D2x64_Data\level77,307100,BD439761,1060
0,0,COM3D2x64_Data\level8,211724,047C412D,1060
0,0,COM3D2x64_Data\level9,269340,F2F67B1B,1060
0,0,COM3D2x64_Data\resources.assets,375824136,A441E735,1060
0,0,COM3D2x64_Data\resources.assets.resS,1605232752,1BD511E9,1060
0,0,COM3D2x64_Data\resources.resource,692096,84F04AA0,1060
0,0,COM3D2x64_Data\sharedassets0.assets,115224544,D7FF23C0,1060
0,0,COM3D2x64_Data\sharedassets0.assets.resS,121728032,D7EB5908,1060
0,0,COM3D2x64_Data\sharedassets1.assets,6136,B8A15A09,1060
0,0,COM3D2x64_Data\sharedassets10.assets,6004,E09CDE67,1060
0,0,COM3D2x64_Data\sharedassets11.assets,5980,9AB8AE3F,1060
0,0,COM3D2x64_Data\sharedassets12.assets,6220,45B732A3,1060
0,0,COM3D2x64_Data\sharedassets13.assets,6004,C0F9E7B7,1060
0,0,COM3D2x64_Data\sharedassets14.assets,6604,86579C99,1060
0,0,COM3D2x64_Data\sharedassets15.assets,4540,A9430B3C,1060
0,0,COM3D2x64_Data\sharedassets16.assets,6040,11719FB6,1060
0,0,COM3D2x64_Data\sharedassets17.assets,4132,B61816BE,1060
0,0,COM3D2x64_Data\sharedassets18.assets,6760,1998F1CE,1060
0,0,COM3D2x64_Data\sharedassets19.assets,6112,A1AAA7F6,1060
0,0,COM3D2x64_Data\sharedassets2.assets,6196,A7B2C483,1060
0,0,COM3D2x64_Data\sharedassets20.assets,12232,FEEAD6D9,1060
0,0,COM3D2x64_Data\sharedassets21.assets,6184,ED14B649,1060
0,0,COM3D2x64_Data\sharedassets22.assets,12460,E2F861A2,1060
0,0,COM3D2x64_Data\sharedassets23.assets,6220,73D276A6,1060
0,0,COM3D2x64_Data\sharedassets24.assets,6340,911529CB,1060
0,0,COM3D2x64_Data\sharedassets25.assets,6076,0986E2A7,1060
0,0,COM3D2x64_Data\sharedassets26.assets,215068,AF12A29B,1060
0,0,COM3D2x64_Data\sharedassets27.assets,6928,B0A1995F,1060
0,0,COM3D2x64_Data\sharedassets28.assets,12436,7B2B0EFC,1060
0,0,COM3D2x64_Data\sharedassets29.assets,6076,164596FE,1060
0,0,COM3D2x64_Data\sharedassets3.assets,7780,B4043A2D,1060
0,0,COM3D2x64_Data\sharedassets30.assets,1320732,09A4373F,1060
0,0,COM3D2x64_Data\sharedassets31.assets,8500,0AC7D755,1060
0,0,COM3D2x64_Data\sharedassets32.assets,12436,7B2B0EFC,1060
0,0,COM3D2x64_Data\sharedassets33.assets,6004,72652DCF,1060
0,0,COM3D2x64_Data\sharedassets34.assets,38183308,9A86A16E,1060
0,0,COM3D2x64_Data\sharedassets35.assets,7792,72FAD849,1060
0,0,COM3D2x64_Data\sharedassets36.assets,13346004,2BEC4386,1060
0,0,COM3D2x64_Data\sharedassets37.assets,6220,A54E6677,1060
0,0,COM3D2x64_Data\sharedassets38.assets,18126752,3ED7D2DE,1060
0,0,COM3D2x64_Data\sharedassets39.assets,12328,01BD5F87,1060
0,0,COM3D2x64_Data\sharedassets4.assets,12688,8C3351B8,1060
0,0,COM3D2x64_Data\sharedassets40.assets,4420,6B913C53,1060
0,0,COM3D2x64_Data\sharedassets41.assets,4324,1D5FB580,1060
0,0,COM3D2x64_Data\sharedassets42.assets,4264,376439A2,1060
0,0,COM3D2x64_Data\sharedassets43.assets,6016,CF1D2ABD,1060
0,0,COM3D2x64_Data\sharedassets44.assets,12232,7181934C,1060
0,0,COM3D2x64_Data\sharedassets45.assets,12232,60D7A721,1060
0,0,COM3D2x64_Data\sharedassets46.assets,12232,E66DDF4E,1060
0,0,COM3D2x64_Data\sharedassets47.assets,7084,3877A7F9,1060
0,0,COM3D2x64_Data\sharedassets48.assets,6844,1F34FF52,1060
0,0,COM3D2x64_Data\sharedassets49.assets,7096,5FA6C771,1060
0,0,COM3D2x64_Data\sharedassets5.assets,7024,20FD8264,1060
0,0,COM3D2x64_Data\sharedassets50.assets,9124,E0512339,1060
0,0,COM3D2x64_Data\sharedassets51.assets,9232,0A469AF1,1060
0,0,COM3D2x64_Data\sharedassets52.assets,9220,B9D3244C,1060
0,0,COM3D2x64_Data\sharedassets53.assets,8320,4FAA3B6B,1060
0,0,COM3D2x64_Data\sharedassets54.assets,6472,8DE79821,1060
0,0,COM3D2x64_Data\sharedassets55.assets,8164,A139A594,1060
0,0,COM3D2x64_Data\sharedassets56.assets,792572,A1E396ED,1060
0,0,COM3D2x64_Data\sharedassets56.assets.resS,6506584,427886ED,1060
0,0,COM3D2x64_Data\sharedassets57.assets,12232,260583EF,1060
0,0,COM3D2x64_Data\sharedassets58.assets,6532,22ABBDF8,1060
0,0,COM3D2x64_Data\sharedassets59.assets,6640,941484C0,1060
0,0,COM3D2x64_Data\sharedassets6.assets,6004,4204440D,1060
0,0,COM3D2x64_Data\sharedassets60.assets,6508,22E2B8F0,1060
0,0,COM3D2x64_Data\sharedassets61.assets,6004,8E2054B9,1060
0,0,COM3D2x64_Data\sharedassets62.assets,12316,16E0A6FC,1060
0,0,COM3D2x64_Data\sharedassets63.assets,9016,169F69A2,1060
0,0,COM3D2x64_Data\sharedassets64.assets,9052,361E66F5,1060
0,0,COM3D2x64_Data\sharedassets65.assets,12316,16E0A6FC,1060
0,0,COM3D2x64_Data\sharedassets66.assets,9256,75F35C02,1060
0,0,COM3D2x64_Data\sharedassets67.assets,9052,361E66F5,1060
0,0,COM3D2x64_Data\sharedassets68.assets,9196,FB599487,1060
0,0,COM3D2x64_Data\sharedassets69.assets,9232,0A469AF1,1060
0,0,COM3D2x64_Data\sharedassets7.assets,6808,85E2D728,1060
0,0,COM3D2x64_Data\sharedassets70.assets,6556,83567A09,1060
0,0,COM3D2x64_Data\sharedassets71.assets,9220,B9D3244C,1060
0,0,COM3D2x64_Data\sharedassets72.assets,42236436,B240F7B1,1060
0,0,COM3D2x64_Data\sharedassets72.assets.resS,87400,8BA6C322,1060
0,0,COM3D2x64_Data\sharedassets73.assets,38246404,6546EC57,1060
0,0,COM3D2x64_Data\sharedassets74.assets,32874500,A5350D41,1060
0,0,COM3D2x64_Data\sharedassets75.assets,36735572,CE8E760E,1060
0,0,COM3D2x64_Data\sharedassets75.assets.resS,174776,5B619AF1,1060
0,0,COM3D2x64_Data\sharedassets76.assets,41277256,A8811F49,1060
0,0,COM3D2x64_Data\sharedassets77.assets,39399008,969C77B3,1060
0,0,COM3D2x64_Data\sharedassets8.assets,6088,D87E0B9B,1060
0,0,COM3D2x64_Data\sharedassets9.assets,6916,BAFA8C62,1060
0,0,COM3D2x64_Data\Managed\Accessibility.dll,10752,5CB31E4E,1060
0,0,COM3D2x64_Data\Managed\Assembly-CSharp-firstpass.dll,784384,3C160D16,1060
0,0,COM3D2x64_Data\Managed\Assembly-CSharp.dll,4357120,843E5F3F,1060
0,0,COM3D2x64_Data\Managed\Assembly-UnityScript-firstpass.dll,65024,3162A177,1060
0,0,COM3D2x64_Data\Managed\Boo.Lang.dll,126976,28383F70,1060
0,0,COM3D2x64_Data\Managed\BouncyCastle.Crypto.dll,2236416,5A4C4F07,1060
0,0,COM3D2x64_Data\Managed\FoveUnityPlugin.dll,28672,A6EA882B,1060
0,0,COM3D2x64_Data\Managed\Ionic.Zlib.dll,102400,7C9E7DD2,1060
0,0,COM3D2x64_Data\Managed\JsonFx.Json.dll,70144,A0F0CFCB,1060
0,0,COM3D2x64_Data\Managed\LeapCSharp.NET3.5.dll,82432,38E38212,1060
0,0,COM3D2x64_Data\Managed\Mono.Data.Tds.dll,96256,2965324B,1060
0,0,COM3D2x64_Data\Managed\Mono.Posix.dll,184320,0CE35BE3,1060
0,0,COM3D2x64_Data\Managed\Mono.Security.dll,294912,66EB9979,1060
0,0,COM3D2x64_Data\Managed\Mono.WebBrowser.dll,172032,137B736F,1060
0,0,COM3D2x64_Data\Managed\mscorlib.dll,2590208,5166389B,1060
0,0,COM3D2x64_Data\Managed\Newtonsoft.Json.dll,494592,5C881B73,1060
0,0,COM3D2x64_Data\Managed\System.Configuration.dll,124928,72952344,1060
0,0,COM3D2x64_Data\Managed\System.Core.dll,297472,9E3EE5D7,1060
0,0,COM3D2x64_Data\Managed\System.Data.dll,856064,DDDB80CD,1060
0,0,COM3D2x64_Data\Managed\System.dll,1679360,13922617,1060
0,0,COM3D2x64_Data\Managed\System.Drawing.Design.dll,29696,E7B53FF9,1060
0,0,COM3D2x64_Data\Managed\System.Drawing.dll,448512,C4B2E872,1060
0,0,COM3D2x64_Data\Managed\System.EnterpriseServices.dll,46592,2C72A9FE,1060
0,0,COM3D2x64_Data\Managed\System.Security.dll,135168,1CE94C57,1060
0,0,COM3D2x64_Data\Managed\System.Transactions.dll,27648,45299FCF,1060
0,0,COM3D2x64_Data\Managed\System.Windows.Forms.dll,3053568,56394001,1060
0,0,COM3D2x64_Data\Managed\System.Xml.dll,1270272,4581A35B,1060
0,0,COM3D2x64_Data\Managed\System.Xml.Linq.dll,106496,E844371C,1060
0,0,COM3D2x64_Data\Managed\UnityEngine.dll,1393152,2C35388C,1060
0,0,COM3D2x64_Data\Managed\UnityEngine.dll.mdb,449828,8610375E,1060
0,0,COM3D2x64_Data\Managed\UnityEngine.Networking.dll,253952,2BDF701F,1060
0,0,COM3D2x64_Data\Managed\UnityEngine.UI.dll,245760,FA552B2D,1060
0,0,COM3D2x64_Data\Managed\UnityEngine.VR.dll,3072,A4582CD6,1060
0,0,COM3D2x64_Data\Managed\UnityScript.Lang.dll,13824,0DA8F681,1060
0,0,COM3D2x64_Data\Managed\zxing.unity.dll,430592,9FD1F198,1060
0,0,COM3D2x64_Data\Mono\mono.dll,2618816,0BEA8C0F,1060
0,0,COM3D2x64_Data\Mono\MonoPosixHelper.dll,113664,9B5E1E4D,1060
0,0,COM3D2x64_Data\Mono\etc\mono\browscap.ini,311984,CE6C0AB3,1060
0,0,COM3D2x64_Data\Mono\etc\mono\config,1691,A635914A,1060
0,0,COM3D2x64_Data\Mono\etc\mono\1.0\DefaultWsdlHelpGenerator.aspx,58196,10E814BF,1060
0,0,COM3D2x64_Data\Mono\etc\mono\1.0\machine.config,17258,EDE1AC59,1060
0,0,COM3D2x64_Data\Mono\etc\mono\2.0\DefaultWsdlHelpGenerator.aspx,60453,F3869A34,1060
0,0,COM3D2x64_Data\Mono\etc\mono\2.0\machine.config,27625,73C91C24,1060
0,0,COM3D2x64_Data\Mono\etc\mono\2.0\settings.map,2618,A1A3C29F,1060
0,0,COM3D2x64_Data\Mono\etc\mono\2.0\web.config,11686,534A9960,1060
0,0,COM3D2x64_Data\Mono\etc\mono\2.0\Browsers\Compat.browser,1605,2E178A0B,1060
0,0,COM3D2x64_Data\Mono\etc\mono\mconfig\config.xml,25817,80B2033A,1060
0,0,COM3D2x64_Data\Plugins\AVProVideo.dll,813056,60B54FA5,1060
0,0,COM3D2x64_Data\Plugins\clothpp.dll,112128,7C3264A4,1060
0,0,COM3D2x64_Data\Plugins\cm3d2.dll,2151936,48625657,1060
0,0,COM3D2x64_Data\Plugins\device_hook.dll,731136,8E59B7A5,1060
0,0,COM3D2x64_Data\Plugins\FoveClient.dll,1849384,58C8B4F6,1060
0,0,COM3D2x64_Data\Plugins\LeapC.dll,2516992,FBDD3767,1060
0,0,COM3D2x64_Data\Plugins\openvr_api.dll,318272,44432E0F,1060
0,0,COM3D2x64_Data\Plugins\OVRGamepad.dll,12800,2C526135,1060
0,0,COM3D2x64_Data\Plugins\OVRPlugin.dll,1898408,5DD05B6C,1060
0,0,COM3D2x64_Data\Resources\unity default resources,752360,71DB1AEA,1060
0,0,COM3D2x64_Data\Resources\unity_builtin_extra,284012,91145F7F,1060
0,0,GameData\csv.arc,2713206,370916F9,1060
0,0,GameData\motion2.arc,81642066,7EB4992E,1060
0,0,GameData\parts2.arc,39628878,0FCB06CF,1060
0,0,GameData\parts_shop016_2.arc,171410,3D70CEC4,1060
0,0,GameData\paths.dat,558,E1A5A108,1060
0,0,GameData\prioritymaterial.arc,273642,036DAE42,1060
0,0,GameData\script.arc,11693987,69D110F0,1060
0,0,GameData\script_old_2.arc,97487,D67CEAF3,1060
0,0,GameData\sound2.arc,2831373,17A6CBF3,1050
0,0,GameData\system2.arc,8174796,866AE591,1060
0,0,GameData\voice2.arc,39171801,FF844D18,1050
0,0,GameData_20\paths.dat,5091,D094E2BE,1580
0,0,GameData_20\prioritymaterial.arc,221488,580931AC,1582
0,0,manual\favicon.ico,370070,687492C6,1050
0,0,manual\index.html,71545,035C59F0,1060
0,0,manual\css\close.png,1250,304A1D8C,1050
0,0,manual\css\common.css,3409,BA5B06EB,1050
0,0,manual\css\index.css,6614,38725E3B,1050
0,0,manual\css\lightbox.css,3674,9235D408,1050
0,0,manual\css\loading.gif,1279,72456323,1050
0,0,manual\css\next.png,1682,E0895D01,1050
0,0,manual\css\prev.png,1666,12F2027E,1050
0,0,manual\img\casino01.jpg,272694,C6FE6781,1050
0,0,manual\img\clubstatus.jpg,36546,DAA11F1D,1050
0,0,manual\img\com3d2_logo.png,100187,28605834,1050
0,0,manual\img\comp01.jpg,54909,F2AE5CE1,1050
0,0,manual\img\comp02.jpg,87599,493340A0,1050
0,0,manual\img\config.jpg,156802,1871EF55,1050
0,0,manual\img\dance01.jpg,305648,B87D0340,1050
0,0,manual\img\dance02.jpg,345535,27BEFAE3,1050
0,0,manual\img\edit01.jpg,312602,CB3E64D0,1050
0,0,manual\img\edit02.jpg,278318,878B2857,1050
0,0,manual\img\event01.jpg,194983,E4E03D42,1050
0,0,manual\img\facilitysetting01.jpg,338947,40D2A7D3,1050
0,0,manual\img\facilitysetting02.jpg,185709,12E0C653,1050
0,0,manual\img\facilitysetting03.jpg,267150,D08D54B7,1050
0,0,manual\img\kashizuki01.jpg,210954,8E6084EA,1050
0,0,manual\img\kashizuki02.jpg,209895,BD363567,1050
0,0,manual\img\kashizuki03.jpg,215560,D28EDBD6,1050
0,0,manual\img\kiss_logo.png,6459,7966A6E9,1050
0,0,manual\img\maidmanagement01.jpg,242517,21B3E491,1050
0,0,manual\img\maidmanagement02.jpg,140237,945D483D,1050
0,0,manual\img\maidmanagement03.jpg,208300,B7C8F3CD,1050
0,0,manual\img\mainmenu01.jpg,208641,7218A847,1060
0,0,manual\img\mainmenu02.jpg,193956,4C7EF1A8,1050
0,0,manual\img\myroom.jpg,225108,398BA2D8,1050
0,0,manual\img\myroom.psd,1301284,E3472053,1050
0,0,manual\img\reminiscence01.jpg,236014,B0302E74,1050
0,0,manual\img\schedule01.jpg,198475,6AD2FF8C,1050
0,0,manual\img\schedule02.jpg,240595,AE23B15D,1050
0,0,manual\img\shitsu_mode.jpg,166109,966737E0,1050
0,0,manual\img\shop.jpg,216722,67700EE6,1050
0,0,manual\img\studio.jpg,328576,FC7FDE83,1050
0,0,manual\img\system01.jpg,67204,A61273B1,1050
0,0,manual\img\yotogi01.jpg,283179,93847FCE,1050
0,0,manual\img\yotogi02.jpg,278963,0959D75C,1050
0,0,manual\img\yotogi03.jpg,243961,20F88D92,1050
0,0,manual\sys\common.js,240,976D3DF4,1050
0,0,manual\sys\jquery-3.1.0.min.js,86351,AE6B746B,1050
0,0,manual\sys\jquery.lazy.min.js,5022,FEEB9C66,1050
0,0,manual\sys\lightbox.js,18410,F90AE353,1050
