0,0,COM3D2.exe,6533632,02521DA6,2002
0,0,COM3D2x64.exe,22841856,A9562BF9,1070
0,0,COM3D2x64_Data\app.info,27,F9A266E7,1070
0,0,COM3D2x64_Data\globalgamemanagers,3885092,CD83C4B1,1070
0,0,COM3D2x64_Data\globalgamemanagers.assets,203476,16123B78,1070
0,0,COM3D2x64_Data\level0,182052,66A61A05,1070
0,0,COM3D2x64_Data\level1,198716,3EA04DA6,1070
0,0,COM3D2x64_Data\level10,207028,6EA3D5FB,1070
0,0,COM3D2x64_Data\level11,182580,BBAE23A8,1070
0,0,COM3D2x64_Data\level12,247284,4CD1320A,1070
0,0,COM3D2x64_Data\level13,183044,507A2052,1070
0,0,COM3D2x64_Data\level14,636308,83E7E0D4,1070
0,0,COM3D2x64_Data\level15,6948,37CB78A5,1070
0,0,COM3D2x64_Data\level16,184508,A5D69DBD,1070
0,0,COM3D2x64_Data\level17,4664,DA9BA3B7,1070
0,0,COM3D2x64_Data\level18,201196,376919EA,1070
0,0,COM3D2x64_Data\level19,189436,FBB99082,1070
0,0,COM3D2x64_Data\level2,200076,21CB04D2,1070
0,0,COM3D2x64_Data\level20,800724,F359B695,1070
0,0,COM3D2x64_Data\level21,261164,569F5F48,1070
0,0,COM3D2x64_Data\level22,930364,23287924,1070
0,0,COM3D2x64_Data\level23,261876,C9230E7D,1070
0,0,COM3D2x64_Data\level24,458548,5991AF88,1070
0,0,COM3D2x64_Data\level25,204548,BBA412BC,1070
0,0,COM3D2x64_Data\level26,644836,675AA28C,1070
0,0,COM3D2x64_Data\level27,1702236,53532138,1070
0,0,COM3D2x64_Data\level28,960372,FD7D2954,1070
0,0,COM3D2x64_Data\level29,204548,17B6E26C,1070
0,0,COM3D2x64_Data\level3,977980,3F53CCDB,1070
0,0,COM3D2x64_Data\level30,588180,EE1C184C,1070
0,0,COM3D2x64_Data\level31,835020,25A774C7,1070
0,0,COM3D2x64_Data\level32,933668,795BF641,1070
0,0,COM3D2x64_Data\level33,197172,2271A49A,1070
0,0,COM3D2x64_Data\level34,544892,B527F875,1070
0,0,COM3D2x64_Data\level35,806444,940457A5,1070
0,0,COM3D2x64_Data\level36,538508,0308238E,1070
0,0,COM3D2x64_Data\level37,686364,9069EE84,1070
0,0,COM3D2x64_Data\level38,304204,9E575D34,1070
0,0,COM3D2x64_Data\level39,27904,0032878D,1070
0,0,COM3D2x64_Data\level39.resS,131232,437C95D8,1070
0,0,COM3D2x64_Data\level4,1058212,3531919F,1070
0,0,COM3D2x64_Data\level40,51676,14A38031,1070
0,0,COM3D2x64_Data\level41,56036,CB9F56BB,1070
0,0,COM3D2x64_Data\level42,6832,7673B0C4,1070
0,0,COM3D2x64_Data\level43,182948,3FD5604A,1070
0,0,COM3D2x64_Data\level44,1421684,6F391A0F,1070
0,0,COM3D2x64_Data\level45,1278316,FC1DE0A4,1070
0,0,COM3D2x64_Data\level46,1299916,1D120C8F,1070
0,0,COM3D2x64_Data\level47,277660,3302688B,1070
0,0,COM3D2x64_Data\level48,240732,80AC29C3,1070
0,0,COM3D2x64_Data\level49,267028,310D44D9,1070
0,0,COM3D2x64_Data\level5,1009692,403B25DC,1070
0,0,COM3D2x64_Data\level50,1195148,C7C6A921,1070
0,0,COM3D2x64_Data\level51,1259604,A2C3313B,1070
0,0,COM3D2x64_Data\level52,1385028,753DD00D,1070
0,0,COM3D2x64_Data\level53,270580,3DDF59FB,1070
0,0,COM3D2x64_Data\level54,233492,B0760D3B,1070
0,0,COM3D2x64_Data\level55,293628,1B051745,1070
0,0,COM3D2x64_Data\level56,251668,8A13E085,1070
0,0,COM3D2x64_Data\level57,1220068,75581EB0,1070
0,0,COM3D2x64_Data\level58,235412,01DBA8AE,1070
0,0,COM3D2x64_Data\level59,482452,709A8A0C,1070
0,0,COM3D2x64_Data\level6,183036,3C0A5C50,1070
0,0,COM3D2x64_Data\level60,362844,64748861,1070
0,0,COM3D2x64_Data\level61,204860,20140C54,1070
0,0,COM3D2x64_Data\level62,1122012,4708DC57,1070
0,0,COM3D2x64_Data\level63,872644,C4CBB759,1070
0,0,COM3D2x64_Data\level64,879932,C541DA52,1070
0,0,COM3D2x64_Data\level65,1122012,1C024848,1070
0,0,COM3D2x64_Data\level66,1002628,D454E63C,1070
0,0,COM3D2x64_Data\level67,791196,7CBC8336,1070
0,0,COM3D2x64_Data\level68,1077580,0CC27F95,1070
0,0,COM3D2x64_Data\level69,1178596,27FFE7A2,1070
0,0,COM3D2x64_Data\level7,738356,40F54ACC,1070
0,0,COM3D2x64_Data\level70,537924,19374A05,1070
0,0,COM3D2x64_Data\level71,763404,03BA1F34,1070
0,0,COM3D2x64_Data\level72,257828,357ED3DA,1070
0,0,COM3D2x64_Data\level73,254196,D3DFD3B6,1070
0,0,COM3D2x64_Data\level74,297900,B6393345,1070
0,0,COM3D2x64_Data\level75,320036,2F1DF579,1070
0,0,COM3D2x64_Data\level76,248428,CB824A20,1070
0,0,COM3D2x64_Data\level77,308388,3359D0DB,1070
0,0,COM3D2x64_Data\level8,213012,4FACD3A2,1070
0,0,COM3D2x64_Data\level9,270628,306B3947,1070
0,0,COM3D2x64_Data\resources.assets,376402968,294DCFA9,1070
0,0,COM3D2x64_Data\resources.assets.resS,1606042296,184F1A78,1070
0,0,COM3D2x64_Data\resources.resource,692096,84F04AA0,1070
0,0,COM3D2x64_Data\sharedassets0.assets,115224544,43C9CA1E,1070
0,0,COM3D2x64_Data\sharedassets0.assets.resS,121728032,D7EB5908,1070
0,0,COM3D2x64_Data\sharedassets1.assets,6136,0915D599,1070
0,0,COM3D2x64_Data\sharedassets10.assets,6004,AE828BAD,1070
0,0,COM3D2x64_Data\sharedassets11.assets,5980,8045407C,1070
0,0,COM3D2x64_Data\sharedassets12.assets,6220,A9041653,1070
0,0,COM3D2x64_Data\sharedassets13.assets,6004,A89CE872,1070
0,0,COM3D2x64_Data\sharedassets14.assets,6604,DB161679,1070
0,0,COM3D2x64_Data\sharedassets15.assets,4540,118E2CE7,1070
0,0,COM3D2x64_Data\sharedassets16.assets,6040,7BF55375,1070
0,0,COM3D2x64_Data\sharedassets17.assets,4132,B0146040,1070
0,0,COM3D2x64_Data\sharedassets18.assets,6760,9B421F2B,1070
0,0,COM3D2x64_Data\sharedassets19.assets,6112,6335D0C5,1070
0,0,COM3D2x64_Data\sharedassets2.assets,6196,1062D08F,1070
0,0,COM3D2x64_Data\sharedassets20.assets,12280,831B7E38,1070
0,0,COM3D2x64_Data\sharedassets21.assets,6184,3C609DAE,1070
0,0,COM3D2x64_Data\sharedassets22.assets,12508,683B9A5F,1070
0,0,COM3D2x64_Data\sharedassets23.assets,6220,FA856970,1070
0,0,COM3D2x64_Data\sharedassets24.assets,6340,522E84FB,1070
0,0,COM3D2x64_Data\sharedassets25.assets,6076,23809AC8,1070
0,0,COM3D2x64_Data\sharedassets26.assets,215068,17C7B6B1,1070
0,0,COM3D2x64_Data\sharedassets27.assets,6928,59739E50,1070
0,0,COM3D2x64_Data\sharedassets28.assets,12484,19B16DB5,1070
0,0,COM3D2x64_Data\sharedassets29.assets,6076,825D7093,1070
0,0,COM3D2x64_Data\sharedassets3.assets,7780,2C26A0CB,1070
0,0,COM3D2x64_Data\sharedassets30.assets,1320732,0981A650,1070
0,0,COM3D2x64_Data\sharedassets31.assets,8500,1BBC8C8B,1070
0,0,COM3D2x64_Data\sharedassets32.assets,12484,19B16DB5,1070
0,0,COM3D2x64_Data\sharedassets33.assets,6004,8511D6F9,1070
0,0,COM3D2x64_Data\sharedassets34.assets,38183308,AAD1709B,1070
0,0,COM3D2x64_Data\sharedassets35.assets,7792,C4FA9A69,1070
0,0,COM3D2x64_Data\sharedassets36.assets,13346004,7FB8D511,1070
0,0,COM3D2x64_Data\sharedassets37.assets,6220,B9A383FE,1070
0,0,COM3D2x64_Data\sharedassets38.assets,18126752,3E23290E,1070
0,0,COM3D2x64_Data\sharedassets39.assets,12328,2B230082,1070
0,0,COM3D2x64_Data\sharedassets4.assets,12736,4B661918,1070
0,0,COM3D2x64_Data\sharedassets40.assets,4420,77985D23,1070
0,0,COM3D2x64_Data\sharedassets41.assets,4324,60BFF432,1070
0,0,COM3D2x64_Data\sharedassets42.assets,4264,535576B4,1070
0,0,COM3D2x64_Data\sharedassets43.assets,6016,AE85D608,1070
0,0,COM3D2x64_Data\sharedassets44.assets,12280,CE8B782E,1070
0,0,COM3D2x64_Data\sharedassets45.assets,12280,6C492326,1070
0,0,COM3D2x64_Data\sharedassets46.assets,12280,CB548CDE,1070
0,0,COM3D2x64_Data\sharedassets47.assets,7084,1AAA3BA2,1070
0,0,COM3D2x64_Data\sharedassets48.assets,6844,836B6A14,1070
0,0,COM3D2x64_Data\sharedassets49.assets,7096,40D6E82A,1070
0,0,COM3D2x64_Data\sharedassets5.assets,7024,1242BD34,1070
0,0,COM3D2x64_Data\sharedassets50.assets,9172,9D3EB56A,1070
0,0,COM3D2x64_Data\sharedassets51.assets,9280,24DB4BA8,1070
0,0,COM3D2x64_Data\sharedassets52.assets,9268,849CC76D,1070
0,0,COM3D2x64_Data\sharedassets53.assets,8320,851C5673,1070
0,0,COM3D2x64_Data\sharedassets54.assets,6472,C796E480,1070
0,0,COM3D2x64_Data\sharedassets55.assets,8164,B51B9DA6,1070
0,0,COM3D2x64_Data\sharedassets56.assets,792572,794501EE,1070
0,0,COM3D2x64_Data\sharedassets56.assets.resS,6506584,427886ED,1070
0,0,COM3D2x64_Data\sharedassets57.assets,12280,531EBD0C,1070
0,0,COM3D2x64_Data\sharedassets58.assets,6532,9A74FEC0,1070
0,0,COM3D2x64_Data\sharedassets59.assets,6640,4760210A,1070
0,0,COM3D2x64_Data\sharedassets6.assets,6004,E23927D6,1070
0,0,COM3D2x64_Data\sharedassets60.assets,6508,97F119D5,1070
0,0,COM3D2x64_Data\sharedassets61.assets,6004,B98ACEFC,1070
0,0,COM3D2x64_Data\sharedassets62.assets,12364,527B2D90,1070
0,0,COM3D2x64_Data\sharedassets63.assets,9064,E3CDA806,1070
0,0,COM3D2x64_Data\sharedassets64.assets,9100,E759A7B4,1070
0,0,COM3D2x64_Data\sharedassets65.assets,12364,527B2D90,1070
0,0,COM3D2x64_Data\sharedassets66.assets,9304,B9DBF283,1070
0,0,COM3D2x64_Data\sharedassets67.assets,9100,E759A7B4,1070
0,0,COM3D2x64_Data\sharedassets68.assets,9244,0A59BCAA,1070
0,0,COM3D2x64_Data\sharedassets69.assets,9280,24DB4BA8,1070
0,0,COM3D2x64_Data\sharedassets7.assets,6808,C1BCAA45,1070
0,0,COM3D2x64_Data\sharedassets70.assets,6556,D5FAAE20,1070
0,0,COM3D2x64_Data\sharedassets71.assets,9268,849CC76D,1070
0,0,COM3D2x64_Data\sharedassets72.assets,42236436,EF106474,1070
0,0,COM3D2x64_Data\sharedassets72.assets.resS,87400,8BA6C322,1070
0,0,COM3D2x64_Data\sharedassets73.assets,38246404,3E4A5336,1070
0,0,COM3D2x64_Data\sharedassets74.assets,32874500,3F5EA312,1070
0,0,COM3D2x64_Data\sharedassets75.assets,36735572,A8BF9AD9,1070
0,0,COM3D2x64_Data\sharedassets75.assets.resS,174776,5B619AF1,1070
0,0,COM3D2x64_Data\sharedassets76.assets,41277256,68B759F0,1070
0,0,COM3D2x64_Data\sharedassets77.assets,39399008,6A74AC88,1070
0,0,COM3D2x64_Data\sharedassets8.assets,6088,7C1831BD,1070
0,0,COM3D2x64_Data\sharedassets9.assets,6916,E074EF16,1070
0,0,COM3D2x64_Data\Managed\Accessibility.dll,10752,5CB31E4E,1070
0,0,COM3D2x64_Data\Managed\Assembly-CSharp-firstpass.dll,784384,3C160D16,1070
0,0,COM3D2x64_Data\Managed\Assembly-CSharp.dll,4404736,7E1DA153,1070
0,0,COM3D2x64_Data\Managed\Assembly-UnityScript-firstpass.dll,65024,A1B2AF63,1070
0,0,COM3D2x64_Data\Managed\Boo.Lang.dll,126976,28383F70,1070
0,0,COM3D2x64_Data\Managed\BouncyCastle.Crypto.dll,2236416,5A4C4F07,1070
0,0,COM3D2x64_Data\Managed\FoveUnityPlugin.dll,28672,A6EA882B,1070
0,0,COM3D2x64_Data\Managed\Ionic.Zlib.dll,102400,7C9E7DD2,1070
0,0,COM3D2x64_Data\Managed\JsonFx.Json.dll,70144,A0F0CFCB,1070
0,0,COM3D2x64_Data\Managed\LeapCSharp.NET3.5.dll,82432,38E38212,1070
0,0,COM3D2x64_Data\Managed\Mono.Data.Tds.dll,96256,2965324B,1070
0,0,COM3D2x64_Data\Managed\Mono.Posix.dll,184320,0CE35BE3,1070
0,0,COM3D2x64_Data\Managed\Mono.Security.dll,294912,66EB9979,1070
0,0,COM3D2x64_Data\Managed\Mono.WebBrowser.dll,172032,137B736F,1070
0,0,COM3D2x64_Data\Managed\mscorlib.dll,2590208,5166389B,1070
0,0,COM3D2x64_Data\Managed\Newtonsoft.Json.dll,494592,5C881B73,1070
0,0,COM3D2x64_Data\Managed\System.Configuration.dll,124928,72952344,1070
0,0,COM3D2x64_Data\Managed\System.Core.dll,297472,9E3EE5D7,1070
0,0,COM3D2x64_Data\Managed\System.Data.dll,856064,DDDB80CD,1070
0,0,COM3D2x64_Data\Managed\System.dll,1679360,13922617,1070
0,0,COM3D2x64_Data\Managed\System.Drawing.Design.dll,29696,E7B53FF9,1070
0,0,COM3D2x64_Data\Managed\System.Drawing.dll,448512,C4B2E872,1070
0,0,COM3D2x64_Data\Managed\System.EnterpriseServices.dll,46592,2C72A9FE,1070
0,0,COM3D2x64_Data\Managed\System.Runtime.Serialization.dll,155648,3F244D36,1070
0,0,COM3D2x64_Data\Managed\System.Security.dll,135168,1CE94C57,1070
0,0,COM3D2x64_Data\Managed\System.Transactions.dll,27648,45299FCF,1070
0,0,COM3D2x64_Data\Managed\System.Windows.Forms.dll,3053568,56394001,1070
0,0,COM3D2x64_Data\Managed\System.Xml.dll,1270272,4581A35B,1070
0,0,COM3D2x64_Data\Managed\System.Xml.Linq.dll,106496,E844371C,1070
0,0,COM3D2x64_Data\Managed\UnityEngine.dll,1393152,2C35388C,1070
0,0,COM3D2x64_Data\Managed\UnityEngine.dll.mdb,449828,8610375E,1070
0,0,COM3D2x64_Data\Managed\UnityEngine.Networking.dll,253952,2BDF701F,1070
0,0,COM3D2x64_Data\Managed\UnityEngine.UI.dll,245760,FA552B2D,1070
0,0,COM3D2x64_Data\Managed\UnityEngine.VR.dll,3072,A4582CD6,1070
0,0,COM3D2x64_Data\Managed\UnityScript.Lang.dll,13824,0DA8F681,1070
0,0,COM3D2x64_Data\Managed\zxing.unity.dll,430592,9FD1F198,1070
0,0,COM3D2x64_Data\Mono\mono.dll,2618816,0BEA8C0F,1070
0,0,COM3D2x64_Data\Mono\MonoPosixHelper.dll,113664,9B5E1E4D,1070
0,0,COM3D2x64_Data\Mono\etc\mono\browscap.ini,311984,CE6C0AB3,1070
0,0,COM3D2x64_Data\Mono\etc\mono\config,1691,A635914A,1070
0,0,COM3D2x64_Data\Mono\etc\mono\1.0\DefaultWsdlHelpGenerator.aspx,58196,10E814BF,1070
0,0,COM3D2x64_Data\Mono\etc\mono\1.0\machine.config,17258,EDE1AC59,1070
0,0,COM3D2x64_Data\Mono\etc\mono\2.0\DefaultWsdlHelpGenerator.aspx,60453,F3869A34,1070
0,0,COM3D2x64_Data\Mono\etc\mono\2.0\machine.config,27625,73C91C24,1070
0,0,COM3D2x64_Data\Mono\etc\mono\2.0\settings.map,2618,A1A3C29F,1070
0,0,COM3D2x64_Data\Mono\etc\mono\2.0\web.config,11686,534A9960,1070
0,0,COM3D2x64_Data\Mono\etc\mono\2.0\Browsers\Compat.browser,1605,2E178A0B,1070
0,0,COM3D2x64_Data\Mono\etc\mono\mconfig\config.xml,25817,80B2033A,1070
0,0,COM3D2x64_Data\Plugins\Audio360.dll,1499136,2D77400A,1070
0,0,COM3D2x64_Data\Plugins\AVProVideo.dll,891392,A3612D4B,1070
0,0,COM3D2x64_Data\Plugins\clothpp.dll,112128,7C3264A4,1070
0,0,COM3D2x64_Data\Plugins\cm3d2.dll,2151936,48625657,1070
0,0,COM3D2x64_Data\Plugins\device_hook.dll,731136,8E59B7A5,1070
0,0,COM3D2x64_Data\Plugins\FoveClient.dll,1849384,58C8B4F6,1070
0,0,COM3D2x64_Data\Plugins\LeapC.dll,2516992,FBDD3767,1070
0,0,COM3D2x64_Data\Plugins\openvr_api.dll,318272,44432E0F,1070
0,0,COM3D2x64_Data\Plugins\OVRGamepad.dll,12800,2C526135,1070
0,0,COM3D2x64_Data\Plugins\OVRPlugin.dll,1898408,5DD05B6C,1070
0,0,COM3D2x64_Data\Resources\unity default resources,752360,71DB1AEA,1070
0,0,COM3D2x64_Data\Resources\unity_builtin_extra,284012,91145F7F,1070
0,0,GameData\csv.arc,2710633,39B1D2F5,1070
0,0,GameData\motion2.arc,92213656,D7A7ABF0,1070
0,0,GameData\motion_cos021_2.arc,323647,5697AC81,1061
0,0,GameData\motion_denkigai2017w_2.arc,1466874,DEACF6A8,1070
0,0,GameData\parts2.arc,114906094,C5C1CB74,1070
0,0,GameData\parts_shop016_2.arc,171410,3D70CEC4,1060
0,0,GameData\paths.dat,637,138A00DE,1070
0,0,GameData\prioritymaterial.arc,274427,98F13D60,1070
0,0,GameData\script.arc,11687409,3E01151B,1070
0,0,GameData\script_exm001_2.arc,2738,7DFDDDE5,1070
0,0,GameData\script_old_2.arc,142260,95DF5B8F,1070
0,0,GameData\sound2.arc,2831373,17A6CBF3,1050
0,0,GameData\system2.arc,8174796,866AE591,1060
0,0,GameData\voice2.arc,42469361,FEF153A5,1070
0,0,GameData_20\paths.dat,5091,D094E2BE,1580
0,0,GameData_20\prioritymaterial.arc,221488,580931AC,1582
0,0,manual\favicon.ico,370070,687492C6,1050
0,0,manual\index.html,71545,035C59F0,1060
0,0,manual\css\close.png,1250,304A1D8C,1050
0,0,manual\css\common.css,3409,BA5B06EB,1050
0,0,manual\css\index.css,6614,38725E3B,1050
0,0,manual\css\lightbox.css,3674,9235D408,1050
0,0,manual\css\loading.gif,1279,72456323,1050
0,0,manual\css\next.png,1682,E0895D01,1050
0,0,manual\css\prev.png,1666,12F2027E,1050
0,0,manual\img\casino01.jpg,272694,C6FE6781,1050
0,0,manual\img\clubstatus.jpg,36546,DAA11F1D,1050
0,0,manual\img\com3d2_logo.png,100187,28605834,1050
0,0,manual\img\comp01.jpg,54909,F2AE5CE1,1050
0,0,manual\img\comp02.jpg,87599,493340A0,1050
0,0,manual\img\config.jpg,156802,1871EF55,1050
0,0,manual\img\dance01.jpg,305648,B87D0340,1050
0,0,manual\img\dance02.jpg,345535,27BEFAE3,1050
0,0,manual\img\edit01.jpg,312602,CB3E64D0,1050
0,0,manual\img\edit02.jpg,278318,878B2857,1050
0,0,manual\img\event01.jpg,194983,E4E03D42,1050
0,0,manual\img\facilitysetting01.jpg,338947,40D2A7D3,1050
0,0,manual\img\facilitysetting02.jpg,185709,12E0C653,1050
0,0,manual\img\facilitysetting03.jpg,267150,D08D54B7,1050
0,0,manual\img\kashizuki01.jpg,210954,8E6084EA,1050
0,0,manual\img\kashizuki02.jpg,209895,BD363567,1050
0,0,manual\img\kashizuki03.jpg,215560,D28EDBD6,1050
0,0,manual\img\kiss_logo.png,6459,7966A6E9,1050
0,0,manual\img\maidmanagement01.jpg,242517,21B3E491,1050
0,0,manual\img\maidmanagement02.jpg,140237,945D483D,1050
0,0,manual\img\maidmanagement03.jpg,208300,B7C8F3CD,1050
0,0,manual\img\mainmenu01.jpg,208641,7218A847,1060
0,0,manual\img\mainmenu02.jpg,193956,4C7EF1A8,1050
0,0,manual\img\myroom.jpg,225108,398BA2D8,1050
0,0,manual\img\myroom.psd,1301284,E3472053,1050
0,0,manual\img\reminiscence01.jpg,236014,B0302E74,1050
0,0,manual\img\schedule01.jpg,198475,6AD2FF8C,1050
0,0,manual\img\schedule02.jpg,240595,AE23B15D,1050
0,0,manual\img\shitsu_mode.jpg,166109,966737E0,1050
0,0,manual\img\shop.jpg,216722,67700EE6,1050
0,0,manual\img\studio.jpg,328576,FC7FDE83,1050
0,0,manual\img\system01.jpg,67204,A61273B1,1050
0,0,manual\img\yotogi01.jpg,283179,93847FCE,1050
0,0,manual\img\yotogi02.jpg,278963,0959D75C,1050
0,0,manual\img\yotogi03.jpg,243961,20F88D92,1050
0,0,manual\sys\common.js,240,976D3DF4,1050
0,0,manual\sys\jquery-3.1.0.min.js,86351,AE6B746B,1050
0,0,manual\sys\jquery.lazy.min.js,5022,FEEB9C66,1050
0,0,manual\sys\lightbox.js,18410,F90AE353,1050
