0,0,COM3D2.exe,6594048,22973B8C,2003
0,0,COM3D2x64.exe,22841856,A9562BF9,1080
0,0,COM3D2x64_Data\app.info,27,F9A266E7,1080
0,0,COM3D2x64_Data\globalgamemanagers,3909260,B20741A2,1080
0,0,COM3D2x64_Data\globalgamemanagers.assets,206556,8852F586,1080
0,0,COM3D2x64_Data\level0,182052,90207E33,1080
0,0,COM3D2x64_Data\level1,198716,B95BDDC3,1080
0,0,COM3D2x64_Data\level10,207028,2C1C003B,1080
0,0,COM3D2x64_Data\level11,182580,49476940,1080
0,0,COM3D2x64_Data\level12,247284,0A8BCC89,1080
0,0,COM3D2x64_Data\level13,183044,D60A7801,1080
0,0,COM3D2x64_Data\level14,636308,0E574212,1080
0,0,COM3D2x64_Data\level15,6948,B0941BB4,1080
0,0,COM3D2x64_Data\level16,184508,F82F0297,1080
0,0,COM3D2x64_Data\level17,4664,BF384BF7,1080
0,0,COM3D2x64_Data\level18,201196,5C8F30B8,1080
0,0,COM3D2x64_Data\level19,189436,1D397E47,1080
0,0,COM3D2x64_Data\level2,200076,DF6AF51E,1080
0,0,COM3D2x64_Data\level20,806548,FD898B36,1080
0,0,COM3D2x64_Data\level21,261164,F59B1BEC,1080
0,0,COM3D2x64_Data\level22,936188,2A679BED,1080
0,0,COM3D2x64_Data\level23,261876,DB5EB2C6,1080
0,0,COM3D2x64_Data\level24,458548,D62F4F29,1080
0,0,COM3D2x64_Data\level25,204548,5E4509C8,1080
0,0,COM3D2x64_Data\level26,1702236,1A1E60B5,1080
0,0,COM3D2x64_Data\level27,966196,1348AE83,1080
0,0,COM3D2x64_Data\level28,204548,9F9DE1EC,1080
0,0,COM3D2x64_Data\level29,939492,B6CACD4C,1080
0,0,COM3D2x64_Data\level3,977980,117BF52B,1080
0,0,COM3D2x64_Data\level30,197172,42F17D7C,1080
0,0,COM3D2x64_Data\level31,304204,2D0182A8,1080
0,0,COM3D2x64_Data\level32,27904,116EAED6,1080
0,0,COM3D2x64_Data\level32.resS,131232,437C95D8,1080
0,0,COM3D2x64_Data\level33,51676,92F733E3,1080
0,0,COM3D2x64_Data\level34,56036,0818C511,1080
0,0,COM3D2x64_Data\level35,6832,4DE64E5F,1080
0,0,COM3D2x64_Data\level36,182948,42C458A1,1080
0,0,COM3D2x64_Data\level37,1427508,CFA413AC,1080
0,0,COM3D2x64_Data\level38,1284140,EB84D22F,1080
0,0,COM3D2x64_Data\level39,1305740,9D1E8C9C,1080
0,0,COM3D2x64_Data\level4,1064036,C8FA8C3D,1080
0,0,COM3D2x64_Data\level40,277660,81DD0575,1080
0,0,COM3D2x64_Data\level41,240732,4808C38E,1080
0,0,COM3D2x64_Data\level42,267028,2887552C,1080
0,0,COM3D2x64_Data\level43,1200972,28F131BA,1080
0,0,COM3D2x64_Data\level44,1265428,DAF03BE2,1080
0,0,COM3D2x64_Data\level45,1390852,E11018CC,1080
0,0,COM3D2x64_Data\level46,270580,AC30579B,1080
0,0,COM3D2x64_Data\level47,233492,1CBDCBDA,1080
0,0,COM3D2x64_Data\level48,293628,6BF25FB8,1080
0,0,COM3D2x64_Data\level49,251668,FF76DCB4,1080
0,0,COM3D2x64_Data\level5,1009692,C2BA43E4,1080
0,0,COM3D2x64_Data\level50,1225876,62114CD8,1080
0,0,COM3D2x64_Data\level51,235412,5BC67C0F,1080
0,0,COM3D2x64_Data\level52,482452,F1204B11,1080
0,0,COM3D2x64_Data\level53,362844,73E1F3A7,1080
0,0,COM3D2x64_Data\level54,204860,41AC863C,1080
0,0,COM3D2x64_Data\level55,1127836,DEE14A68,1080
0,0,COM3D2x64_Data\level56,878468,97FF0A57,1080
0,0,COM3D2x64_Data\level57,885756,EA4213CA,1080
0,0,COM3D2x64_Data\level58,1127836,07F79CEE,1080
0,0,COM3D2x64_Data\level59,1008452,B4FF5FE3,1080
0,0,COM3D2x64_Data\level6,183036,331E7892,1080
0,0,COM3D2x64_Data\level60,797020,018423AB,1080
0,0,COM3D2x64_Data\level61,1083404,659BF60C,1080
0,0,COM3D2x64_Data\level62,1184420,54CE45E4,1080
0,0,COM3D2x64_Data\level63,537924,61AF5752,1080
0,0,COM3D2x64_Data\level64,769228,4EE7949C,1080
0,0,COM3D2x64_Data\level65,257828,F02B2580,1080
0,0,COM3D2x64_Data\level66,254196,4C53BBFF,1080
0,0,COM3D2x64_Data\level67,297900,0C68265F,1080
0,0,COM3D2x64_Data\level68,320036,2F9727A2,1080
0,0,COM3D2x64_Data\level69,248428,3499C663,1080
0,0,COM3D2x64_Data\level7,738356,9693F431,1080
0,0,COM3D2x64_Data\level70,308388,AF080B65,1080
0,0,COM3D2x64_Data\level8,213012,26CF1640,1080
0,0,COM3D2x64_Data\level9,270628,1D803D1F,1080
0,0,COM3D2x64_Data\resources.assets,376925992,9041C8E7,1080
0,0,COM3D2x64_Data\resources.assets.resS,1609991200,6CDC7325,1080
0,0,COM3D2x64_Data\resources.resource,692096,84F04AA0,1080
0,0,COM3D2x64_Data\sharedassets0.assets,115224544,A57CEA29,1080
0,0,COM3D2x64_Data\sharedassets0.assets.resS,121728032,D7EB5908,1080
0,0,COM3D2x64_Data\sharedassets1.assets,6136,CB30E542,1080
0,0,COM3D2x64_Data\sharedassets10.assets,6004,06CC2804,1080
0,0,COM3D2x64_Data\sharedassets11.assets,5980,4FF625C9,1080
0,0,COM3D2x64_Data\sharedassets12.assets,6220,425B4FFE,1080
0,0,COM3D2x64_Data\sharedassets13.assets,6004,A5BF67FE,1080
0,0,COM3D2x64_Data\sharedassets14.assets,6604,CA8D85E0,1080
0,0,COM3D2x64_Data\sharedassets15.assets,4540,928DA4F6,1080
0,0,COM3D2x64_Data\sharedassets16.assets,6040,120D76AA,1080
0,0,COM3D2x64_Data\sharedassets17.assets,4132,AE29CD46,1080
0,0,COM3D2x64_Data\sharedassets18.assets,6760,3CC3874B,1080
0,0,COM3D2x64_Data\sharedassets19.assets,6112,B842245D,1080
0,0,COM3D2x64_Data\sharedassets2.assets,6196,A4B6318C,1080
0,0,COM3D2x64_Data\sharedassets20.assets,12292,29F46AFB,1080
0,0,COM3D2x64_Data\sharedassets21.assets,6184,34E81A9A,1080
0,0,COM3D2x64_Data\sharedassets22.assets,12520,96F7D73A,1080
0,0,COM3D2x64_Data\sharedassets23.assets,6220,9CB1EFC8,1080
0,0,COM3D2x64_Data\sharedassets24.assets,6340,F82DB8B0,1080
0,0,COM3D2x64_Data\sharedassets25.assets,6076,407F0177,1080
0,0,COM3D2x64_Data\sharedassets26.assets,6928,C85B1421,1080
0,0,COM3D2x64_Data\sharedassets27.assets,12496,304C93E2,1080
0,0,COM3D2x64_Data\sharedassets28.assets,6076,4CB30885,1080
0,0,COM3D2x64_Data\sharedassets29.assets,12496,304C93E2,1080
0,0,COM3D2x64_Data\sharedassets3.assets,7780,3879F5E0,1080
0,0,COM3D2x64_Data\sharedassets30.assets,6004,5D52EAF8,1080
0,0,COM3D2x64_Data\sharedassets31.assets,18126752,AA302673,1080
0,0,COM3D2x64_Data\sharedassets32.assets,12328,3F19DC8E,1080
0,0,COM3D2x64_Data\sharedassets33.assets,4420,C4751A3E,1080
0,0,COM3D2x64_Data\sharedassets34.assets,4324,BBF6C651,1080
0,0,COM3D2x64_Data\sharedassets35.assets,4264,B738C027,1080
0,0,COM3D2x64_Data\sharedassets36.assets,6016,41EA8E2B,1080
0,0,COM3D2x64_Data\sharedassets37.assets,12292,B72298F1,1080
0,0,COM3D2x64_Data\sharedassets38.assets,12292,72F5F4CE,1080
0,0,COM3D2x64_Data\sharedassets39.assets,12292,A340E7BC,1080
0,0,COM3D2x64_Data\sharedassets4.assets,12748,D2A45FC1,1080
0,0,COM3D2x64_Data\sharedassets40.assets,7084,F2FA4A61,1080
0,0,COM3D2x64_Data\sharedassets41.assets,6844,B3390B58,1080
0,0,COM3D2x64_Data\sharedassets42.assets,7096,2EA52E3D,1080
0,0,COM3D2x64_Data\sharedassets43.assets,9184,854D7599,1080
0,0,COM3D2x64_Data\sharedassets44.assets,9292,719F26A0,1080
0,0,COM3D2x64_Data\sharedassets45.assets,9280,33DB8481,1080
0,0,COM3D2x64_Data\sharedassets46.assets,8320,EFADFAE6,1080
0,0,COM3D2x64_Data\sharedassets47.assets,6472,C78DFD1F,1080
0,0,COM3D2x64_Data\sharedassets48.assets,8164,801A0E8F,1080
0,0,COM3D2x64_Data\sharedassets49.assets,792572,583DD234,1080
0,0,COM3D2x64_Data\sharedassets49.assets.resS,6506584,427886ED,1080
0,0,COM3D2x64_Data\sharedassets5.assets,7024,C10CAA94,1080
0,0,COM3D2x64_Data\sharedassets50.assets,12292,4CCC713D,1080
0,0,COM3D2x64_Data\sharedassets51.assets,6532,8393B6FC,1080
0,0,COM3D2x64_Data\sharedassets52.assets,6640,8774EC3A,1080
0,0,COM3D2x64_Data\sharedassets53.assets,6508,21A332ED,1080
0,0,COM3D2x64_Data\sharedassets54.assets,6004,0EC3072C,1080
0,0,COM3D2x64_Data\sharedassets55.assets,12376,646202CD,1080
0,0,COM3D2x64_Data\sharedassets56.assets,9076,3B8B804D,1080
0,0,COM3D2x64_Data\sharedassets57.assets,9112,3B55B273,1080
0,0,COM3D2x64_Data\sharedassets58.assets,12376,646202CD,1080
0,0,COM3D2x64_Data\sharedassets59.assets,9316,E57C465B,1080
0,0,COM3D2x64_Data\sharedassets6.assets,6004,C9B09178,1080
0,0,COM3D2x64_Data\sharedassets60.assets,9112,3B55B273,1080
0,0,COM3D2x64_Data\sharedassets61.assets,9256,D0179167,1080
0,0,COM3D2x64_Data\sharedassets62.assets,9292,719F26A0,1080
0,0,COM3D2x64_Data\sharedassets63.assets,6556,F62D2790,1080
0,0,COM3D2x64_Data\sharedassets64.assets,9280,33DB8481,1080
0,0,COM3D2x64_Data\sharedassets65.assets,42236436,9961174E,1080
0,0,COM3D2x64_Data\sharedassets65.assets.resS,87400,8BA6C322,1080
0,0,COM3D2x64_Data\sharedassets66.assets,38246404,12755B39,1080
0,0,COM3D2x64_Data\sharedassets67.assets,32874500,345B0E06,1080
0,0,COM3D2x64_Data\sharedassets68.assets,36735572,B1E98769,1080
0,0,COM3D2x64_Data\sharedassets68.assets.resS,174776,5B619AF1,1080
0,0,COM3D2x64_Data\sharedassets69.assets,41277256,75D43185,1080
0,0,COM3D2x64_Data\sharedassets7.assets,6808,DD1E3FBB,1080
0,0,COM3D2x64_Data\sharedassets70.assets,39399008,8DF838C8,1080
0,0,COM3D2x64_Data\sharedassets8.assets,6088,97D6BBFE,1080
0,0,COM3D2x64_Data\sharedassets9.assets,6916,A08EEB9A,1080
0,0,COM3D2x64_Data\Managed\Accessibility.dll,10752,5CB31E4E,1080
0,0,COM3D2x64_Data\Managed\Assembly-CSharp-firstpass.dll,785408,C670FF5E,1080
0,0,COM3D2x64_Data\Managed\Assembly-CSharp.dll,4405248,31E4A7A3,1080
0,0,COM3D2x64_Data\Managed\Assembly-UnityScript-firstpass.dll,65024,82FBE37D,1080
0,0,COM3D2x64_Data\Managed\Boo.Lang.dll,126976,28383F70,1080
0,0,COM3D2x64_Data\Managed\BouncyCastle.Crypto.dll,2236416,5A4C4F07,1080
0,0,COM3D2x64_Data\Managed\FoveUnityPlugin.dll,28672,A6EA882B,1080
0,0,COM3D2x64_Data\Managed\Ionic.Zlib.dll,102400,7C9E7DD2,1080
0,0,COM3D2x64_Data\Managed\JsonFx.Json.dll,70144,A0F0CFCB,1080
0,0,COM3D2x64_Data\Managed\LeapCSharp.NET3.5.dll,82432,38E38212,1080
0,0,COM3D2x64_Data\Managed\Mono.Data.Tds.dll,96256,2965324B,1080
0,0,COM3D2x64_Data\Managed\Mono.Posix.dll,184320,0CE35BE3,1080
0,0,COM3D2x64_Data\Managed\Mono.Security.dll,294912,66EB9979,1080
0,0,COM3D2x64_Data\Managed\Mono.WebBrowser.dll,172032,137B736F,1080
0,0,COM3D2x64_Data\Managed\mscorlib.dll,2590208,5166389B,1080
0,0,COM3D2x64_Data\Managed\Newtonsoft.Json.dll,494592,5C881B73,1080
0,0,COM3D2x64_Data\Managed\System.Configuration.dll,124928,72952344,1080
0,0,COM3D2x64_Data\Managed\System.Core.dll,297472,9E3EE5D7,1080
0,0,COM3D2x64_Data\Managed\System.Data.dll,856064,DDDB80CD,1080
0,0,COM3D2x64_Data\Managed\System.dll,1679360,13922617,1080
0,0,COM3D2x64_Data\Managed\System.Drawing.Design.dll,29696,E7B53FF9,1080
0,0,COM3D2x64_Data\Managed\System.Drawing.dll,448512,C4B2E872,1080
0,0,COM3D2x64_Data\Managed\System.EnterpriseServices.dll,46592,2C72A9FE,1080
0,0,COM3D2x64_Data\Managed\System.Security.dll,135168,1CE94C57,1080
0,0,COM3D2x64_Data\Managed\System.Transactions.dll,27648,45299FCF,1080
0,0,COM3D2x64_Data\Managed\System.Windows.Forms.dll,3053568,56394001,1080
0,0,COM3D2x64_Data\Managed\System.Xml.dll,1270272,4581A35B,1080
0,0,COM3D2x64_Data\Managed\System.Xml.Linq.dll,106496,E844371C,1080
0,0,COM3D2x64_Data\Managed\UnityEngine.dll,1393152,2C35388C,1080
0,0,COM3D2x64_Data\Managed\UnityEngine.dll.mdb,449828,8610375E,1080
0,0,COM3D2x64_Data\Managed\UnityEngine.Networking.dll,253952,2BDF701F,1080
0,0,COM3D2x64_Data\Managed\UnityEngine.UI.dll,245760,FA552B2D,1080
0,0,COM3D2x64_Data\Managed\UnityEngine.VR.dll,3072,A4582CD6,1080
0,0,COM3D2x64_Data\Managed\UnityScript.Lang.dll,13824,0DA8F681,1080
0,0,COM3D2x64_Data\Managed\zxing.unity.dll,430592,9FD1F198,1080
0,0,COM3D2x64_Data\Mono\mono.dll,2618816,0BEA8C0F,1080
0,0,COM3D2x64_Data\Mono\MonoPosixHelper.dll,113664,9B5E1E4D,1080
0,0,COM3D2x64_Data\Mono\etc\mono\browscap.ini,311984,CE6C0AB3,1080
0,0,COM3D2x64_Data\Mono\etc\mono\config,1691,A635914A,1080
0,0,COM3D2x64_Data\Mono\etc\mono\1.0\DefaultWsdlHelpGenerator.aspx,58196,10E814BF,1080
0,0,COM3D2x64_Data\Mono\etc\mono\1.0\machine.config,17258,EDE1AC59,1080
0,0,COM3D2x64_Data\Mono\etc\mono\2.0\DefaultWsdlHelpGenerator.aspx,60453,F3869A34,1080
0,0,COM3D2x64_Data\Mono\etc\mono\2.0\machine.config,27625,73C91C24,1080
0,0,COM3D2x64_Data\Mono\etc\mono\2.0\settings.map,2618,A1A3C29F,1080
0,0,COM3D2x64_Data\Mono\etc\mono\2.0\web.config,11686,534A9960,1080
0,0,COM3D2x64_Data\Mono\etc\mono\2.0\Browsers\Compat.browser,1605,2E178A0B,1080
0,0,COM3D2x64_Data\Mono\etc\mono\mconfig\config.xml,25817,80B2033A,1080
0,0,COM3D2x64_Data\Plugins\Audio360.dll,1499136,2D77400A,1080
0,0,COM3D2x64_Data\Plugins\AVProVideo.dll,891392,A3612D4B,1080
0,0,COM3D2x64_Data\Plugins\clothpp.dll,112128,7C3264A4,1080
0,0,COM3D2x64_Data\Plugins\cm3d2.dll,2151936,48625657,1080
0,0,COM3D2x64_Data\Plugins\device_hook.dll,731136,8E59B7A5,1080
0,0,COM3D2x64_Data\Plugins\FoveClient.dll,1849384,58C8B4F6,1080
0,0,COM3D2x64_Data\Plugins\LeapC.dll,2516992,FBDD3767,1080
0,0,COM3D2x64_Data\Plugins\openvr_api.dll,318272,44432E0F,1080
0,0,COM3D2x64_Data\Plugins\OVRGamepad.dll,12800,2C526135,1080
0,0,COM3D2x64_Data\Plugins\OVRLipSync.dll,2512296,391C1F4C,1080
0,0,COM3D2x64_Data\Plugins\OVRPlugin.dll,1898408,5DD05B6C,1080
0,0,COM3D2x64_Data\Resources\unity default resources,752360,71DB1AEA,1080
0,0,COM3D2x64_Data\Resources\unity_builtin_extra,284012,91145F7F,1080
0,0,GameData\csv.arc,2716633,27AA6954,1080
0,0,GameData\motion2.arc,94271734,E52D013A,1080
0,0,GameData\motion_cos021_2.arc,323647,5697AC81,1061
0,0,GameData\motion_denkigai2017w_2.arc,1466874,DEACF6A8,1070
0,0,GameData\parts2.arc,117967139,ABC28F77,1080
0,0,GameData\parts_shop016_2.arc,171410,3D70CEC4,1060
0,0,GameData\paths.dat,1322,6213ABEF,1080
0,0,GameData\prioritymaterial.arc,276756,82DDC397,1080
0,0,GameData\script.arc,11701269,63A0622B,1080
0,0,GameData\script_exm001_2.arc,2738,7DFDDDE5,1070
0,0,GameData\script_old_2.arc,142260,4B435A2C,1080
0,0,GameData\sound2.arc,2831373,17A6CBF3,1050
0,0,GameData\system2.arc,8174796,866AE591,1060
0,0,GameData\voice2.arc,42469361,A6A5B0EB,1080
0,0,GameData_20\paths.dat,5091,D094E2BE,1580
0,0,GameData_20\prioritymaterial.arc,221488,580931AC,1582
0,0,manual\favicon.ico,370070,687492C6,1050
0,0,manual\index.html,71545,035C59F0,1060
0,0,manual\css\close.png,1250,304A1D8C,1050
0,0,manual\css\common.css,3409,BA5B06EB,1050
0,0,manual\css\index.css,6614,38725E3B,1050
0,0,manual\css\lightbox.css,3674,9235D408,1050
0,0,manual\css\loading.gif,1279,72456323,1050
0,0,manual\css\next.png,1682,E0895D01,1050
0,0,manual\css\prev.png,1666,12F2027E,1050
0,0,manual\img\casino01.jpg,272694,C6FE6781,1050
0,0,manual\img\clubstatus.jpg,36546,DAA11F1D,1050
0,0,manual\img\com3d2_logo.png,100187,28605834,1050
0,0,manual\img\comp01.jpg,54909,F2AE5CE1,1050
0,0,manual\img\comp02.jpg,87599,493340A0,1050
0,0,manual\img\config.jpg,156802,1871EF55,1050
0,0,manual\img\dance01.jpg,305648,B87D0340,1050
0,0,manual\img\dance02.jpg,345535,27BEFAE3,1050
0,0,manual\img\edit01.jpg,312602,CB3E64D0,1050
0,0,manual\img\edit02.jpg,278318,878B2857,1050
0,0,manual\img\event01.jpg,194983,E4E03D42,1050
0,0,manual\img\facilitysetting01.jpg,338947,40D2A7D3,1050
0,0,manual\img\facilitysetting02.jpg,185709,12E0C653,1050
0,0,manual\img\facilitysetting03.jpg,267150,D08D54B7,1050
0,0,manual\img\kashizuki01.jpg,210954,8E6084EA,1050
0,0,manual\img\kashizuki02.jpg,209895,BD363567,1050
0,0,manual\img\kashizuki03.jpg,215560,D28EDBD6,1050
0,0,manual\img\kiss_logo.png,6459,7966A6E9,1050
0,0,manual\img\maidmanagement01.jpg,242517,21B3E491,1050
0,0,manual\img\maidmanagement02.jpg,140237,945D483D,1050
0,0,manual\img\maidmanagement03.jpg,208300,B7C8F3CD,1050
0,0,manual\img\mainmenu01.jpg,208641,7218A847,1060
0,0,manual\img\mainmenu02.jpg,193956,4C7EF1A8,1050
0,0,manual\img\myroom.jpg,225108,398BA2D8,1050
0,0,manual\img\myroom.psd,1301284,E3472053,1050
0,0,manual\img\reminiscence01.jpg,236014,B0302E74,1050
0,0,manual\img\schedule01.jpg,198475,6AD2FF8C,1050
0,0,manual\img\schedule02.jpg,240595,AE23B15D,1050
0,0,manual\img\shitsu_mode.jpg,166109,966737E0,1050
0,0,manual\img\shop.jpg,216722,67700EE6,1050
0,0,manual\img\studio.jpg,328576,FC7FDE83,1050
0,0,manual\img\system01.jpg,67204,A61273B1,1050
0,0,manual\img\yotogi01.jpg,283179,93847FCE,1050
0,0,manual\img\yotogi02.jpg,278963,0959D75C,1050
0,0,manual\img\yotogi03.jpg,243961,20F88D92,1050
0,0,manual\sys\common.js,240,976D3DF4,1050
0,0,manual\sys\jquery-3.1.0.min.js,86351,AE6B746B,1050
0,0,manual\sys\jquery.lazy.min.js,5022,FEEB9C66,1050
0,0,manual\sys\lightbox.js,18410,F90AE353,1050
