0,0,COM3D2OHx64.exe,22841856,858642A8,33603
share,../com3d2data\GameData\cbl\csv_cbl.arc,GameData\csv_cbl.arc,1378090,EB0FFEC7,23608
share,../com3d2data\GameData\cbl\script_cbl.arc,GameData\script_cbl.arc,7408764,5588BFD4,23609
share,../com3d2data\GameData\cbl\script_cbl_gp001_2.arc,GameData\script_cbl_gp001_2.arc,239502,67F7B29D,23603
share,../com3d2data\GameData\cbl\script_cbl_personal_om003_gp001_2.arc,GameData\script_cbl_personal_om003_gp001_2.arc,21714,0FDABF0F,23603
share,../com3d2data\GameData\cbl\script_cbl_personal_om004_gp001_2.arc,GameData\script_cbl_personal_om004_gp001_2.arc,2834,2479B8E8,23603
share,../com3d2data\GameData\cbl\script_cbl_personal_om005_gp001_2.arc,GameData\script_cbl_personal_om005_gp001_2.arc,2850,687AE685,23603
share,../com3d2data\GameData\cbl\script_cbl_personal_om006_gp001_2.arc,GameData\script_cbl_personal_om006_gp001_2.arc,21730,79A2A3E8,23603
share,../com3d2data\GameData\cbl\script_cbl_personal_om007_gp001_2.arc,GameData\script_cbl_personal_om007_gp001_2.arc,21714,AEBD5B2B,23603
share,../com3d2data\GameData\cbl\script_cbl_personal_om008_gp001_2.arc,GameData\script_cbl_personal_om008_gp001_2.arc,2850,AC7EB573,23603
share,../com3d2data\GameData\cbl\script_cbl_personal_om011_gp001_2.arc,GameData\script_cbl_personal_om011_gp001_2.arc,2850,063DDD8A,23603
share,../com3d2data\GameData\cbl\voice_cbl_s2.arc,GameData\voice_cbl_s2.arc,279680650,35750E59,23603
share,../com3d2data\GameData\patch\csv.arc,GameData\csv.arc,36385796,74589BC4,23617
share,../com3d2data\GameData\patch\csv_dance_hhs_2.arc,GameData\csv_dance_hhs_2.arc,726,9CA90E9E,23602
share,../com3d2data\GameData\patch\csv_dance_smt_2.arc,GameData\csv_dance_smt_2.arc,675,3D8E6627,23602
share,../com3d2data\GameData\patch\csv_dance_sse_2.arc,GameData\csv_dance_sse_2.arc,689,43A8D6EB,23602
share,../com3d2data\GameData\patch\parts_cas043_2.arc,GameData\parts_cas043_2.arc,168119,E964F6CD,23603
share,../com3d2data\GameData\patch\parts_dlc386_2.arc,GameData\parts_dlc386_2.arc,2936771,60E19E5B,23603
share,../com3d2data\GameData\patch\parts_dlc519_2.arc,GameData\parts_dlc519_2.arc,198242,07457421,23603
share,../com3d2data\GameData\patch\parts_gp001fb_2.arc,GameData\parts_gp001fb_2.arc,1655782,2510019F,23603
share,../com3d2data\GameData\patch\parts_gp003_2.arc,GameData\parts_gp003_2.arc,156493013,99EC3785,23603
share,../com3d2data\GameData\patch\parts_oldplus011hair2_2.arc,GameData\parts_oldplus011hair2_2.arc,4114,5AB34B52,23603
share,../com3d2data\GameData\patch\parts2.arc,GameData\parts2.arc,223628527,346C3C55,23603
share,../com3d2data\GameData\patch\paths.dat,GameData\paths.dat,18373,43E82E12,23616
share,../com3d2data\GameData\patch\prioritymaterial.arc,GameData\prioritymaterial.arc,832495,19C47240,23610
share,../com3d2data\GameData\patch\sound_dance_hhs_2.arc,GameData\sound_dance_hhs_2.arc,16074594,8B5FEAC3,23602
share,../com3d2data\GameData\patch\sound_dance_smt_2.arc,GameData\sound_dance_smt_2.arc,19977733,A59062F4,23602
share,../com3d2data\GameData\patch\sound_dance_sse_2.arc,GameData\sound_dance_sse_2.arc,18108115,02AC4595,23602
share,../com3d2data\GameData\patch\system2.arc,GameData\system2.arc,31209027,609EE3AF,23602
share,../com3d2data\GameData_20\material_dlc386_2.arc,GameData_20\material_dlc386_2.arc,13175,04C29D9A,1719
share,../com3d2data\GameData_20\menu_dlc386_2.arc,GameData_20\menu_dlc386_2.arc,8185,C2706C1B,1719
share,../com3d2data\GameData_20\model_cas043_2.arc,GameData_20\model_cas043_2.arc,166537,75FE857B,1719
share,../com3d2data\GameData_20\model_dlc386_2.arc,GameData_20\model_dlc386_2.arc,1890415,007766B6,1719
share,../com3d2data\GameData_20\model_dlc519_2.arc,GameData_20\model_dlc519_2.arc,196038,1C30BEC7,1719
share,../com3d2data\GameData_20\paths.dat,GameData_20\paths.dat,14991,6FE8F413,1814
share,../com3d2data\GameData_20\prioritymaterial.arc,GameData_20\prioritymaterial.arc,440997,3D621988,1814
share,../com3d2data\GameData_20\texture_dlc386_2.arc,GameData_20\texture_dlc386_2.arc,1022342,D0C27F2F,1719
