0,0,COM3D2x64_Data\Managed\Assembly-CSharp.dll,5885952,188CDCB9,23403
0,0,COM3D2x64.exe,22841856,A9562BF9,23403
share,../com3d2data\GameData\ja\voice2.arc,GameData\voice2.arc,922716160,F4D4375E,23403
share,../com3d2data\GameData\ja_script\script.arc,GameData\script.arc,16319058,745C41CF,23404
share,../com3d2data\GameData\ja_script\script_gp002_2.arc,GameData\script_gp002_2.arc,1505840,54E79EE5,23403
share,../com3d2data\GameData\ja_script\script_omytgc021_2.arc,GameData\script_omytgc021_2.arc,13186,A524FAC8,23403
share,../com3d2data\GameData\ja_script\script_omytgc022_2.arc,GameData\script_omytgc022_2.arc,169513,8650ED0D,23403
share,../com3d2data\GameData\ja_script\script_omytgc032_2.arc,GameData\script_omytgc032_2.arc,238667,346D4099,23403
share,../com3d2data\GameData\ja_script\script_omytgc033_2.arc,GameData\script_omytgc033_2.arc,33186,CA843BF6,23403
share,../com3d2data\GameData\ja_script\script_ordermade001_2.arc,GameData\script_ordermade001_2.arc,185320,DE852660,23403
share,../com3d2data\GameData\ja_script\script_ordermade002_2.arc,GameData\script_ordermade002_2.arc,107414,D21AE921,23403
share,../com3d2data\GameData\ja_script\script_ordermade003_2.arc,GameData\script_ordermade003_2.arc,108541,BAA6B1C2,23403
share,../com3d2data\GameData\ja_script\script_ordermade004_2.arc,GameData\script_ordermade004_2.arc,122797,A112FD77,23403
share,../com3d2data\GameData\ja_script\script_personal_om001_2.arc,GameData\script_personal_om001_2.arc,153346,176FB540,23403
share,../com3d2data\GameData\ja_script\script_personal_om002_2.arc,GameData\script_personal_om002_2.arc,85297,DC341E9D,23403
share,../com3d2data\GameData\ja_script\script_personal_om003_2.arc,GameData\script_personal_om003_2.arc,112141,A4416512,23403
share,../com3d2data\GameData\ja_script\script_personal_om004_2.arc,GameData\script_personal_om004_2.arc,164858,1BEF5979,23403
share,../com3d2data\GameData\ja_script\script_personal_om005_2.arc,GameData\script_personal_om005_2.arc,134064,2FF15BD2,23403
share,../com3d2data\GameData\ja_script\script_personal_om006_2.arc,GameData\script_personal_om006_2.arc,111776,14742BE0,23403
share,../com3d2data\GameData\ja_script\script_personal_om007_2.arc,GameData\script_personal_om007_2.arc,134724,F103C4AB,23403
share,../com3d2data\GameData\ja_script\script_personal_om008_2.arc,GameData\script_personal_om008_2.arc,121513,88D89B8E,23403
share,../com3d2data\GameData\ja_script\script_personal_om010_2.arc,GameData\script_personal_om010_2.arc,72836,2783559A,23403
share,../com3d2data\GameData\ja_script\script_personal_om011_2.arc,GameData\script_personal_om011_2.arc,68425,5465FF33,23403
share,../com3d2data\GameData\ja_script\script_personal_om012_2.arc,GameData\script_personal_om012_2.arc,117470,80A3837D,23403
share,../com3d2data\GameData\ja_script\script_smsp001_2.arc,GameData\script_smsp001_2.arc,355749,76B1D310,23403
share,../com3d2data\GameData\ja_script\script_smsp001_add_2.arc,GameData\script_smsp001_add_2.arc,343495,9858AE7F,23403
share,../com3d2data\GameData\ja_script\script_smsp001_add2_2.arc,GameData\script_smsp001_add2_2.arc,72858,37FA77CA,23403
share,../com3d2data\GameData\ja_script\script_teikoku001_2.arc,GameData\script_teikoku001_2.arc,47522,819F63B5,23403
share,../com3d2data\GameData\ja_script\script_valentine2024_2.arc,GameData\script_valentine2024_2.arc,11746,31679D90,23403
share,../com3d2data\GameData\patch\csv.arc,GameData\csv.arc,35022928,9D531CA1,23413
share,../com3d2data\GameData\patch\parts_cas135_2.arc,GameData\parts_cas135_2.arc,5387228,0515149A,23401
share,../com3d2data\GameData\patch\parts_dlc286_2.arc,GameData\parts_dlc286_2.arc,78160,D8D34456,23403
share,../com3d2data\GameData\patch\parts_dlc389_2.arc,GameData\parts_dlc389_2.arc,1936963,5532AD1A,23403
share,../com3d2data\GameData\patch\parts_gp003_2.arc,GameData\parts_gp003_2.arc,156439453,CD161679,23403
share,../com3d2data\GameData\patch\parts_personal_om005_2.arc,GameData\parts_personal_om005_2.arc,11772919,5F0C7010,23403
share,../com3d2data\GameData\patch\parts_studio001_2.arc,GameData\parts_studio001_2.arc,72054,1BC66A72,23401
share,../com3d2data\GameData\patch\parts_x001_2.arc,GameData\parts_x001_2.arc,38904481,3D48389B,23403
share,../com3d2data\GameData\patch\paths.dat,GameData\paths.dat,17928,17072250,23407
share,../com3d2data\GameData\patch\prioritymaterial.arc,GameData\prioritymaterial.arc,820080,7409DC33,23402
share,../com3d2data\GameData_20\material_dlc170_2.arc,GameData_20\material_dlc170_2.arc,2754,72F99E90,1717
share,../com3d2data\GameData_20\menu_dlc286_2.arc,GameData_20\menu_dlc286_2.arc,2565,07A4E46E,1717
share,../com3d2data\GameData_20\menu_studio001_2.arc,GameData_20\menu_studio001_2.arc,58562,DBEECC6F,1717
share,../com3d2data\GameData_20\model_dlc081_2.arc,GameData_20\model_dlc081_2.arc,232289,7997B915,1717
share,../com3d2data\GameData_20\model_dlc170_2.arc,GameData_20\model_dlc170_2.arc,801873,1707FCC8,1717
share,../com3d2data\GameData_20\model_dlc389_2.arc,GameData_20\model_dlc389_2.arc,1945949,2E55ED67,1717
share,../com3d2data\GameData_20\model_x001_2.arc,GameData_20\model_x001_2.arc,278133,F40C9EA5,1717
share,../com3d2data\GameData_20\texture_cas135_2.arc,GameData_20\texture_cas135_2.arc,5232067,D7612E82,1717
