0,0,CM3D2_ED_x64.exe,20583936,B1EAF740,100
0,0,CM3D2_ED_x64_Data\globalgamemanagers,1321188,414ABA56,100
0,0,CM3D2_ED_x64_Data\globalgamemanagers.assets,117360,62C7B96C,100
0,0,CM3D2_ED_x64_Data\level0,181772,55CF8205,100
0,0,CM3D2_ED_x64_Data\level1,183636,EC081413,100
0,0,CM3D2_ED_x64_Data\level2,182980,9D274D46,100
0,0,CM3D2_ED_x64_Data\level3,463164,864D4759,100
0,0,CM3D2_ED_x64_Data\level4,199804,4A44A554,100
0,0,CM3D2_ED_x64_Data\level5,180596,779400AB,100
0,0,CM3D2_ED_x64_Data\level6,655596,1D65C31F,100
0,0,CM3D2_ED_x64_Data\level7,4640,01F0D51F,100
0,0,CM3D2_ED_x64_Data\resources.assets,255488128,73A97B67,100
0,0,CM3D2_ED_x64_Data\resources.assets.resS,254301640,ECE18C13,100
0,0,CM3D2_ED_x64_Data\resources.resource,1881344,3B685E1E,100
0,0,CM3D2_ED_x64_Data\sharedassets0.assets,16443280,7DF01210,100
0,0,CM3D2_ED_x64_Data\sharedassets0.assets.resS,121722544,B9E60AEA,100
0,0,CM3D2_ED_x64_Data\sharedassets1.assets,5716,59EB480C,100
0,0,CM3D2_ED_x64_Data\sharedassets2.assets,5692,2E278192,100
0,0,CM3D2_ED_x64_Data\sharedassets3.assets,6424,A2EBC19D,100
0,0,CM3D2_ED_x64_Data\sharedassets4.assets,5812,830F1121,100
0,0,CM3D2_ED_x64_Data\sharedassets5.assets,5632,7F30DB4A,100
0,0,CM3D2_ED_x64_Data\sharedassets6.assets,243904,67DC55E0,100
0,0,CM3D2_ED_x64_Data\sharedassets6.assets.resS,3014992,7A4A6504,100
0,0,CM3D2_ED_x64_Data\sharedassets7.assets,4132,D43397B8,100
0,0,CM3D2_ED_x64_Data\Managed\Accessibility.dll,10752,13FD3ED9,100
0,0,CM3D2_ED_x64_Data\Managed\Assembly-CSharp-firstpass.dll,243200,3677A13C,100
0,0,CM3D2_ED_x64_Data\Managed\Assembly-CSharp.dll,2812416,4A426D6E,100
0,0,CM3D2_ED_x64_Data\Managed\Assembly-UnityScript-firstpass.dll,65024,EE46F26E,100
0,0,CM3D2_ED_x64_Data\Managed\Boo.Lang.dll,126976,2961823B,100
0,0,CM3D2_ED_x64_Data\Managed\JsonFx.Json.dll,70144,A0F0CFCB,100
0,0,CM3D2_ED_x64_Data\Managed\Mono.Data.Tds.dll,96256,4ED940ED,100
0,0,CM3D2_ED_x64_Data\Managed\Mono.Posix.dll,184320,F00B4C62,100
0,0,CM3D2_ED_x64_Data\Managed\Mono.Security.dll,294912,3FA600CD,100
0,0,CM3D2_ED_x64_Data\Managed\Mono.WebBrowser.dll,172032,A98D69A0,100
0,0,CM3D2_ED_x64_Data\Managed\mscorlib.dll,2589696,4568A35E,100
0,0,CM3D2_ED_x64_Data\Managed\Pathfinding.ClipperLib.dll,58880,149E4ABF,100
0,0,CM3D2_ED_x64_Data\Managed\Pathfinding.Ionic.Zip.Reduced.dll,240640,D72B9E5C,100
0,0,CM3D2_ED_x64_Data\Managed\Pathfinding.JsonFx.dll,56832,8BE47BC0,100
0,0,CM3D2_ED_x64_Data\Managed\Pathfinding.Poly2Tri.dll,36352,799D7C4C,100
0,0,CM3D2_ED_x64_Data\Managed\System.Configuration.dll,124928,24523EFD,100
0,0,CM3D2_ED_x64_Data\Managed\System.Core.dll,299008,A3A67F6F,100
0,0,CM3D2_ED_x64_Data\Managed\System.Data.dll,856064,18E177C5,100
0,0,CM3D2_ED_x64_Data\Managed\System.dll,1678848,2E7970E9,100
0,0,CM3D2_ED_x64_Data\Managed\System.Drawing.Design.dll,29696,E7B53FF9,100
0,0,CM3D2_ED_x64_Data\Managed\System.Drawing.dll,448512,C4B2E872,100
0,0,CM3D2_ED_x64_Data\Managed\System.EnterpriseServices.dll,46592,0A9D3830,100
0,0,CM3D2_ED_x64_Data\Managed\System.Security.dll,135168,1AA7A81E,100
0,0,CM3D2_ED_x64_Data\Managed\System.Transactions.dll,27648,BED43DAE,100
0,0,CM3D2_ED_x64_Data\Managed\System.Windows.Forms.dll,3053568,56394001,100
0,0,CM3D2_ED_x64_Data\Managed\System.Xml.dll,1270272,A4AED8C1,100
0,0,CM3D2_ED_x64_Data\Managed\System.Xml.Linq.dll,106496,51F4A5F9,100
0,0,CM3D2_ED_x64_Data\Managed\UnityEngine.dll,967680,153A254C,100
0,0,CM3D2_ED_x64_Data\Managed\UnityEngine.dll.mdb,352768,D9523B96,100
0,0,CM3D2_ED_x64_Data\Managed\UnityEngine.Networking.dll,230912,5EA309B6,100
0,0,CM3D2_ED_x64_Data\Managed\UnityEngine.UI.dll,218624,F7261221,100
0,0,CM3D2_ED_x64_Data\Managed\UnityScript.Lang.dll,14336,D4C6167B,100
0,0,CM3D2_ED_x64_Data\Mono\mono.dll,2612696,DD29CD1C,100
0,0,CM3D2_ED_x64_Data\Mono\etc\mono\browscap.ini,311984,CE6C0AB3,100
0,0,CM3D2_ED_x64_Data\Mono\etc\mono\config,1691,A635914A,100
0,0,CM3D2_ED_x64_Data\Mono\etc\mono\1.0\DefaultWsdlHelpGenerator.aspx,58196,10E814BF,100
0,0,CM3D2_ED_x64_Data\Mono\etc\mono\1.0\machine.config,17258,EDE1AC59,100
0,0,CM3D2_ED_x64_Data\Mono\etc\mono\2.0\DefaultWsdlHelpGenerator.aspx,60453,F3869A34,100
0,0,CM3D2_ED_x64_Data\Mono\etc\mono\2.0\machine.config,27625,73C91C24,100
0,0,CM3D2_ED_x64_Data\Mono\etc\mono\2.0\settings.map,2618,A1A3C29F,100
0,0,CM3D2_ED_x64_Data\Mono\etc\mono\2.0\web.config,11686,534A9960,100
0,0,CM3D2_ED_x64_Data\Mono\etc\mono\2.0\Browsers\Compat.browser,1605,2E178A0B,100
0,0,CM3D2_ED_x64_Data\Mono\etc\mono\mconfig\config.xml,25817,80B2033A,100
0,0,CM3D2_ED_x64_Data\Plugins\cm3d2_x64.dll,1512960,0A8F8009,100
0,0,CM3D2_ED_x64_Data\Plugins\device_hook.dll,87552,65F0207E,100
0,0,CM3D2_ED_x64_Data\Resources\unity default resources,1567340,7C6C8FA5,100
0,0,CM3D2_ED_x64_Data\Resources\unity_builtin_extra,86104,3DF0AB54,100
0,0,GameData\paths.dat,1602,556E083F,1272
0,0,GameData\sound_20160401.arc,71992707,4B97A414,100
