0,0,COM3D2OHx64_Data\Managed\Accessibility.dll,12288,521A42C4,34701
0,0,COM3D2OHx64_Data\Managed\Assembly-CSharp.dll,6661120,9F531B6A,34701
0,0,COM3D2OHx64_Data\Managed\Assembly-CSharp-firstpass.dll,878592,40FD1CF4,34701
0,0,COM3D2OHx64_Data\Managed\BouncyCastle.Crypto.dll,2236416,5A4C4F07,34701
0,0,COM3D2OHx64_Data\Managed\FoveUnityPlugin.dll,28672,A6EA882B,34701
0,0,COM3D2OHx64_Data\Managed\ICSharpCode.SharpZipLib.dll,200704,D3160A1C,34701
0,0,COM3D2OHx64_Data\Managed\Ionic.Zlib.dll,102400,7C9E7DD2,34701
0,0,COM3D2OHx64_Data\Managed\JsonFx.Json.dll,70144,A0F0CFCB,34701
0,0,COM3D2OHx64_Data\Managed\LeapCSharp.NET3.5.dll,82432,38E38212,34701
0,0,COM3D2OHx64_Data\Managed\MagicaCloth.dll,380416,D581EEBF,34701
0,0,COM3D2OHx64_Data\Managed\MagicaClothV2.dll,453120,F50B72CF,34701
0,0,COM3D2OHx64_Data\Managed\MessagePack.Annotations.dll,8192,61674D0F,34701
0,0,COM3D2OHx64_Data\Managed\MessagePack.dll,331776,EF44DB47,34701
0,0,COM3D2OHx64_Data\Managed\Microsoft.NET.StringTools.dll,30336,C3CACDD5,34701
0,0,COM3D2OHx64_Data\Managed\Mono.Posix.dll,214528,E714DBE5,34701
0,0,COM3D2OHx64_Data\Managed\Mono.Security.dll,241152,E13CDC4F,34701
0,0,COM3D2OHx64_Data\Managed\Mono.WebBrowser.dll,166912,DEA873F6,34701
0,0,COM3D2OHx64_Data\Managed\mscorlib.dll,4631552,C56BEBD6,34701
0,0,COM3D2OHx64_Data\Managed\netstandard.dll,90112,975FFBBE,34701
0,0,COM3D2OHx64_Data\Managed\Newtonsoft.Json.dll,691712,8CEF25D0,34701
0,0,COM3D2OHx64_Data\Managed\System.ComponentModel.Composition.dll,257024,CD6FC8DC,34701
0,0,COM3D2OHx64_Data\Managed\System.Configuration.dll,124928,EFDF7155,34701
0,0,COM3D2OHx64_Data\Managed\System.Core.dll,1113088,794737A1,34701
0,0,COM3D2OHx64_Data\Managed\System.Data.DataSetExtensions.dll,29696,363CF571,34701
0,0,COM3D2OHx64_Data\Managed\System.Data.dll,2125312,32374B27,34701
0,0,COM3D2OHx64_Data\Managed\System.dll,2639872,BAFC36A3,34701
0,0,COM3D2OHx64_Data\Managed\System.Drawing.Design.dll,29696,E7B53FF9,34701
0,0,COM3D2OHx64_Data\Managed\System.Drawing.dll,489984,194DEA33,34701
0,0,COM3D2OHx64_Data\Managed\System.EnterpriseServices.dll,44544,F00DC395,34701
0,0,COM3D2OHx64_Data\Managed\System.IO.Compression.dll,114688,DBEA1F77,34701
0,0,COM3D2OHx64_Data\Managed\System.IO.Compression.FileSystem.dll,18432,63C90522,34701
0,0,COM3D2OHx64_Data\Managed\System.IO.Hashing.dll,50488,2F1659E0,34701
0,0,COM3D2OHx64_Data\Managed\System.Memory.dll,4608,F0BBFFDF,34701
0,0,COM3D2OHx64_Data\Managed\System.Net.Http.dll,122880,AB522EA5,34701
0,0,COM3D2OHx64_Data\Managed\System.Numerics.dll,119296,C190A4F5,34701
0,0,COM3D2OHx64_Data\Managed\System.Runtime.CompilerServices.Unsafe.dll,18024,8C9A1A8B,34701
0,0,COM3D2OHx64_Data\Managed\System.Runtime.dll,12288,58AE9F48,34701
0,0,COM3D2OHx64_Data\Managed\System.Runtime.Serialization.dll,934400,FA4E2031,34701
0,0,COM3D2OHx64_Data\Managed\System.Security.dll,320000,254A33AD,34701
0,0,COM3D2OHx64_Data\Managed\System.ServiceModel.Internals.dll,215040,81075AAD,34701
0,0,COM3D2OHx64_Data\Managed\System.Transactions.dll,35328,12E658B2,34701
0,0,COM3D2OHx64_Data\Managed\System.Windows.Forms.dll,3053568,56394001,34701
0,0,COM3D2OHx64_Data\Managed\System.Xml.dll,3160064,6F621FF0,34701
0,0,COM3D2OHx64_Data\Managed\System.Xml.Linq.dll,136704,64AFBAF8,34701
0,0,COM3D2OHx64_Data\Managed\Unity.AI.Navigation.dll,20480,6322BCA2,34701
0,0,COM3D2OHx64_Data\Managed\Unity.Burst.dll,304640,579C1958,34701
0,0,COM3D2OHx64_Data\Managed\Unity.Burst.Unsafe.dll,5632,D504B969,34701
0,0,COM3D2OHx64_Data\Managed\Unity.Collections.dll,451072,215056F9,34701
0,0,COM3D2OHx64_Data\Managed\Unity.Collections.LowLevel.ILSupport.dll,5120,254B34EA,34701
0,0,COM3D2OHx64_Data\Managed\Unity.InputSystem.dll,1128960,1FFA184C,34701
0,0,COM3D2OHx64_Data\Managed\Unity.InputSystem.ForUI.dll,4608,BF60CB18,34701
0,0,COM3D2OHx64_Data\Managed\Unity.Mathematics.dll,752128,610E4BCA,34701
0,0,COM3D2OHx64_Data\Managed\Unity.MemoryProfiler.dll,7168,B9CFE27F,34701
0,0,COM3D2OHx64_Data\Managed\Unity.Profiling.Core.dll,10240,02598CD8,34701
0,0,COM3D2OHx64_Data\Managed\Unity.RenderPipeline.Universal.ShaderLibrary.dll,8704,36493D12,34701
0,0,COM3D2OHx64_Data\Managed\Unity.RenderPipelines.Core.Runtime.dll,532480,424CF899,34701
0,0,COM3D2OHx64_Data\Managed\Unity.RenderPipelines.Core.ShaderLibrary.dll,5120,8F0D5CCC,34701
0,0,COM3D2OHx64_Data\Managed\Unity.RenderPipelines.ShaderGraph.ShaderGraphLibrary.dll,5120,444D6C69,34701
0,0,COM3D2OHx64_Data\Managed\Unity.RenderPipelines.Universal.2D.Internal.dll,5632,F05E7778,34701
0,0,COM3D2OHx64_Data\Managed\Unity.RenderPipelines.Universal.Config.Runtime.dll,5632,06AFB29B,34701
0,0,COM3D2OHx64_Data\Managed\Unity.RenderPipelines.Universal.Runtime.dll,787968,01E4A13E,34701
0,0,COM3D2OHx64_Data\Managed\Unity.RenderPipelines.Universal.Shaders.dll,5120,DF908E20,34701
0,0,COM3D2OHx64_Data\Managed\Unity.TextMeshPro.dll,380928,C8D968A5,34701
0,0,COM3D2OHx64_Data\Managed\Unity.Timeline.dll,128000,D6A9D7C6,34701
0,0,COM3D2OHx64_Data\Managed\Unity.XR.CoreUtils.dll,89088,E62F9B4B,34701
0,0,COM3D2OHx64_Data\Managed\Unity.XR.Management.dll,17408,CC8AC77D,34701
0,0,COM3D2OHx64_Data\Managed\Unity.XR.OpenXR.dll,175104,0BC81DD3,34701
0,0,COM3D2OHx64_Data\Managed\Unity.XR.OpenXR.Features.ConformanceAutomation.dll,7680,9243CEDF,34701
0,0,COM3D2OHx64_Data\Managed\Unity.XR.OpenXR.Features.MetaQuestSupport.dll,5632,588944F4,34701
0,0,COM3D2OHx64_Data\Managed\Unity.XR.OpenXR.Features.MockRuntime.dll,10752,131AA78D,34701
0,0,COM3D2OHx64_Data\Managed\Unity.XR.OpenXR.Features.OculusQuestSupport.dll,5632,67F67117,34701
0,0,COM3D2OHx64_Data\Managed\Unity.XR.OpenXR.Features.RuntimeDebugger.dll,6656,3DD9C1B3,34701
0,0,COM3D2OHx64_Data\Managed\UnityEngine.AccessibilityModule.dll,23984,3C33A4A7,34701
0,0,COM3D2OHx64_Data\Managed\UnityEngine.AIModule.dll,58792,023E7626,34701
0,0,COM3D2OHx64_Data\Managed\UnityEngine.AndroidJNIModule.dll,95144,01482C31,34701
0,0,COM3D2OHx64_Data\Managed\UnityEngine.AnimationModule.dll,164272,74D40B07,34701
0,0,COM3D2OHx64_Data\Managed\UnityEngine.ARModule.dll,21424,1C9C3021,34701
0,0,COM3D2OHx64_Data\Managed\UnityEngine.AssetBundleModule.dll,33200,2729F0BE,34701
0,0,COM3D2OHx64_Data\Managed\UnityEngine.AudioModule.dll,71592,84AC5CAC,34701
0,0,COM3D2OHx64_Data\Managed\UnityEngine.ClothModule.dll,26544,5303D1F9,34701
0,0,COM3D2OHx64_Data\Managed\UnityEngine.ClusterInputModule.dll,21936,D5513369,34701
0,0,COM3D2OHx64_Data\Managed\UnityEngine.ClusterRendererModule.dll,22440,EA240EE4,34701
0,0,COM3D2OHx64_Data\Managed\UnityEngine.ContentLoadModule.dll,27560,1AAC4C2F,34701
0,0,COM3D2OHx64_Data\Managed\UnityEngine.CoreModule.dll,1393584,8395E488,34701
0,0,COM3D2OHx64_Data\Managed\UnityEngine.CrashReportingModule.dll,21416,DCE84CFE,34701
0,0,COM3D2OHx64_Data\Managed\UnityEngine.DirectorModule.dll,25000,9C2EFB7D,34701
0,0,COM3D2OHx64_Data\Managed\UnityEngine.dll,126896,C144F735,34701
0,0,COM3D2OHx64_Data\Managed\UnityEngine.DSPGraphModule.dll,29616,51D3A23A,34701
0,0,COM3D2OHx64_Data\Managed\UnityEngine.GameCenterModule.dll,40368,88170C4D,34701
0,0,COM3D2OHx64_Data\Managed\UnityEngine.GIModule.dll,20400,4DCDF279,34701
0,0,COM3D2OHx64_Data\Managed\UnityEngine.GridModule.dll,25520,9CA34B4E,34701
0,0,COM3D2OHx64_Data\Managed\UnityEngine.HotReloadModule.dll,20400,77E48EEE,34701
0,0,COM3D2OHx64_Data\Managed\UnityEngine.ImageConversionModule.dll,24496,4C942DD1,34701
0,0,COM3D2OHx64_Data\Managed\UnityEngine.IMGUIModule.dll,191400,F4929849,34701
0,0,COM3D2OHx64_Data\Managed\UnityEngine.InputLegacyModule.dll,39336,85D05EAF,34701
0,0,COM3D2OHx64_Data\Managed\UnityEngine.InputModule.dll,23984,D39C0663,34701
0,0,COM3D2OHx64_Data\Managed\UnityEngine.JSONSerializeModule.dll,22440,AEEFE8E7,34701
0,0,COM3D2OHx64_Data\Managed\UnityEngine.LocalizationModule.dll,21416,FF054019,34701
0,0,COM3D2OHx64_Data\Managed\UnityEngine.NVIDIAModule.dll,34216,458A9FE6,34701
0,0,COM3D2OHx64_Data\Managed\UnityEngine.ParticleSystemModule.dll,161704,8E49A63F,34701
0,0,COM3D2OHx64_Data\Managed\UnityEngine.PerformanceReportingModule.dll,20912,4845577B,34701
0,0,COM3D2OHx64_Data\Managed\UnityEngine.Physics2DModule.dll,141744,CC777DF3,34701
0,0,COM3D2OHx64_Data\Managed\UnityEngine.PhysicsModule.dll,138664,EFC48F24,34701
0,0,COM3D2OHx64_Data\Managed\UnityEngine.ProfilerModule.dll,20392,36C53566,34701
0,0,COM3D2OHx64_Data\Managed\UnityEngine.PropertiesModule.dll,155560,6C8B4651,34701
0,0,COM3D2OHx64_Data\Managed\UnityEngine.RuntimeInitializeOnLoadManagerInitializerModule.dll,20392,77C2F93D,34701
0,0,COM3D2OHx64_Data\Managed\UnityEngine.ScreenCaptureModule.dll,21424,6B3D6A64,34701
0,0,COM3D2OHx64_Data\Managed\UnityEngine.SharedInternalsModule.dll,33192,92E11996,34701
0,0,COM3D2OHx64_Data\Managed\UnityEngine.SpatialTracking.dll,11776,4EBEE735,34701
0,0,COM3D2OHx64_Data\Managed\UnityEngine.SpriteMaskModule.dll,22440,E8321785,34701
0,0,COM3D2OHx64_Data\Managed\UnityEngine.SpriteShapeModule.dll,26536,4EC177F0,34701
0,0,COM3D2OHx64_Data\Managed\UnityEngine.StreamingModule.dll,20912,E85CB39D,34701
0,0,COM3D2OHx64_Data\Managed\UnityEngine.SubstanceModule.dll,25008,A1D29237,34701
0,0,COM3D2OHx64_Data\Managed\UnityEngine.SubsystemsModule.dll,35240,77311A6B,34701
0,0,COM3D2OHx64_Data\Managed\UnityEngine.TerrainModule.dll,101296,6155099F,34701
0,0,COM3D2OHx64_Data\Managed\UnityEngine.TerrainPhysicsModule.dll,21416,111C8BCA,34701
0,0,COM3D2OHx64_Data\Managed\UnityEngine.TextCoreFontEngineModule.dll,72616,EC737FB0,34701
0,0,COM3D2OHx64_Data\Managed\UnityEngine.TextCoreTextEngineModule.dll,249256,C257FC4B,34701
0,0,COM3D2OHx64_Data\Managed\UnityEngine.TextRenderingModule.dll,39344,5EA0AB61,34701
0,0,COM3D2OHx64_Data\Managed\UnityEngine.TilemapModule.dll,47024,5A48F0B2,34701
0,0,COM3D2OHx64_Data\Managed\UnityEngine.TLSModule.dll,27056,35F87DAA,34701
0,0,COM3D2OHx64_Data\Managed\UnityEngine.UI.dll,265728,D0223A47,34701
0,0,COM3D2OHx64_Data\Managed\UnityEngine.UIElementsModule.dll,1536424,449C7CA3,34701
0,0,COM3D2OHx64_Data\Managed\UnityEngine.UIModule.dll,36784,4387CF59,34701
0,0,COM3D2OHx64_Data\Managed\UnityEngine.UmbraModule.dll,20392,42081088,34701
0,0,COM3D2OHx64_Data\Managed\UnityEngine.UnityAnalyticsCommonModule.dll,21416,C68AEF7B,34701
0,0,COM3D2OHx64_Data\Managed\UnityEngine.UnityAnalyticsModule.dll,44976,C4F1ABCB,34701
0,0,COM3D2OHx64_Data\Managed\UnityEngine.UnityConnectModule.dll,22448,E7A10745,34701
0,0,COM3D2OHx64_Data\Managed\UnityEngine.UnityCurlModule.dll,21936,A6F3885D,34701
0,0,COM3D2OHx64_Data\Managed\UnityEngine.UnityTestProtocolModule.dll,20392,930FB553,34701
0,0,COM3D2OHx64_Data\Managed\UnityEngine.UnityWebRequestAssetBundleModule.dll,23472,8B1F1704,34701
0,0,COM3D2OHx64_Data\Managed\UnityEngine.UnityWebRequestAudioModule.dll,22952,423F90E9,34701
0,0,COM3D2OHx64_Data\Managed\UnityEngine.UnityWebRequestModule.dll,58792,3FD74CA0,34701
0,0,COM3D2OHx64_Data\Managed\UnityEngine.UnityWebRequestTextureModule.dll,21936,B74AEFF0,34701
0,0,COM3D2OHx64_Data\Managed\UnityEngine.UnityWebRequestWWWModule.dll,31656,50CE5BD6,34701
0,0,COM3D2OHx64_Data\Managed\UnityEngine.VehiclesModule.dll,24496,B14D2EA8,34701
0,0,COM3D2OHx64_Data\Managed\UnityEngine.VFXModule.dll,58800,2D09FE04,34701
0,0,COM3D2OHx64_Data\Managed\UnityEngine.VideoModule.dll,41384,E827C805,34701
0,0,COM3D2OHx64_Data\Managed\UnityEngine.VirtualTexturingModule.dll,36264,35C1934F,34701
0,0,COM3D2OHx64_Data\Managed\UnityEngine.VRModule.dll,27056,349C7D41,34701
0,0,COM3D2OHx64_Data\Managed\UnityEngine.WindModule.dll,21416,3FE7AAE0,34701
0,0,COM3D2OHx64_Data\Managed\UnityEngine.XR.LegacyInputHelpers.dll,23552,C663EF63,34701
0,0,COM3D2OHx64_Data\Managed\UnityEngine.XRModule.dll,71080,C0FA6272,34701
0,0,COM3D2OHx64_Data\Managed\Win32.dll,13312,7781C2A2,34701
0,0,COM3D2OHx64_Data\Managed\zxing.unity.dll,430592,9FD1F198,34701
0,0,COM3D2OHx64_Data\Plugins\x86_64\assimp.dll,4388864,7C910D84,34701
0,0,COM3D2OHx64_Data\Plugins\x86_64\Audio360.dll,1956352,0D4B8E9D,34701
0,0,COM3D2OHx64_Data\Plugins\x86_64\AVProVideo.dll,886272,278352F0,34701
0,0,COM3D2OHx64_Data\Plugins\x86_64\clothpp.dll,112128,7C3264A4,34701
0,0,COM3D2OHx64_Data\Plugins\x86_64\cm3d2.dll,2265088,CA67D1AD,34701
0,0,COM3D2OHx64_Data\Plugins\x86_64\device_hook.dll,738816,F61E7CED,34701
0,0,COM3D2OHx64_Data\Plugins\x86_64\FbxExporterCore.dll,12491776,CBAA51C1,34701
0,0,COM3D2OHx64_Data\Plugins\x86_64\FoveClient.dll,1849384,58C8B4F6,34701
0,0,COM3D2OHx64_Data\Plugins\x86_64\LeapC.dll,2516992,FBDD3767,34701
0,0,COM3D2OHx64_Data\Plugins\x86_64\lib_burst_generated.dll,948736,02D9F03F,34701
0,0,COM3D2OHx64_Data\Plugins\x86_64\openvr_api.dll,318272,44432E0F,34701
0,0,COM3D2OHx64_Data\Plugins\x86_64\openxr_loader.dll,2036224,E575B607,34701
0,0,COM3D2OHx64_Data\Plugins\x86_64\OVRGamepad.dll,12800,2C526135,34701
0,0,COM3D2OHx64_Data\Plugins\x86_64\OVRLipSync.dll,2512296,391C1F4C,34701
0,0,COM3D2OHx64_Data\Plugins\x86_64\UnityOpenXR.dll,831488,5149404B,34701
0,0,COM3D2OHx64_Data\Plugins\x86_64\Win32-WebView.dll,504832,382AEE66,34701
0,0,COM3D2OHx64_Data\Resources\unity default resources,1564240,3770D3F6,34701
0,0,COM3D2OHx64_Data\Resources\unity_builtin_extra,428296,672A45D0,34701
0,0,COM3D2OHx64_Data\UnitySubsystems\UnityOpenXR\UnitySubsystemsManifest.json,334,EA0D329E,34701
0,0,COM3D2OHx64_Data\app.info,42,6CD75754,34701
0,0,COM3D2OHx64_Data\boot.config,128,B97400A3,34701
0,0,COM3D2OHx64_Data\globalgamemanagers,5430036,D2EB69AF,34701
0,0,COM3D2OHx64_Data\globalgamemanagers.assets,464776,ABA0D0E5,34701
0,0,COM3D2OHx64_Data\globalgamemanagers.assets.resS,2796240,F6707524,34701
0,0,COM3D2OHx64_Data\level0,362844,F7DC2A49,34701
0,0,COM3D2OHx64_Data\level1,385780,7232E7B9,34701
0,0,COM3D2OHx64_Data\level2,796588,4050AD29,34701
0,0,COM3D2OHx64_Data\level3,1312516,174BC8E2,34701
0,0,COM3D2OHx64_Data\level4,1359892,C4AF11AF,34701
0,0,COM3D2OHx64_Data\level5,364876,97EC825C,34701
0,0,COM3D2OHx64_Data\level6,465500,45D18F3E,34701
0,0,COM3D2OHx64_Data\level7,363372,1038BA6F,34701
0,0,COM3D2OHx64_Data\level8,476172,B98DC4D0,34701
0,0,COM3D2OHx64_Data\level9,367580,51BB5A72,34701
0,0,COM3D2OHx64_Data\level10,755956,7E335637,34701
0,0,COM3D2OHx64_Data\level11,4996,9F537E66,34701
0,0,COM3D2OHx64_Data\level12,365364,F616517B,34701
0,0,COM3D2OHx64_Data\level13,1192,B54D70CF,34701
0,0,COM3D2OHx64_Data\level14,382164,EA8C6D48,34701
0,0,COM3D2OHx64_Data\level15,371924,462E05F3,34701
0,0,COM3D2OHx64_Data\level16,1050452,AD46DA82,34701
0,0,COM3D2OHx64_Data\level17,469820,032018AB,34701
0,0,COM3D2OHx64_Data\level18,1180372,1DEBAAEF,34701
0,0,COM3D2OHx64_Data\level19,448692,DBA9E2D0,34701
0,0,COM3D2OHx64_Data\level20,2246564,FF44F248,34701
0,0,COM3D2OHx64_Data\level21,1210756,66B502A2,34701
0,0,COM3D2OHx64_Data\level22,1183548,450D4D58,34701
0,0,COM3D2OHx64_Data\level23,488236,E80F46E8,34701
0,0,COM3D2OHx64_Data\level24,29832,954435FC,34701
0,0,COM3D2OHx64_Data\level24.resS,131232,DEC6292A,34701
0,0,COM3D2OHx64_Data\level25,58924,D1AE60D4,34701
0,0,COM3D2OHx64_Data\level26,64856,FAF2788A,34701
0,0,COM3D2OHx64_Data\level27,4032,D0478CA8,34701
0,0,COM3D2OHx64_Data\level28,363764,AC652F0C,34701
0,0,COM3D2OHx64_Data\level29,1686772,08D61681,34701
0,0,COM3D2OHx64_Data\level30,1541092,72D7B049,34701
0,0,COM3D2OHx64_Data\level31,1562956,D7508C84,34701
0,0,COM3D2OHx64_Data\level32,1454324,59BCC5C3,34701
0,0,COM3D2OHx64_Data\level33,1524516,D26C33D6,34701
0,0,COM3D2OHx64_Data\level34,1652132,43E3D542,34701
0,0,COM3D2OHx64_Data\level35,1380476,84808DFE,34701
0,0,COM3D2OHx64_Data\level36,1123364,13C2F687,34701
0,0,COM3D2OHx64_Data\level37,1130724,83881D50,34701
0,0,COM3D2OHx64_Data\level38,1380476,9D187E57,34701
0,0,COM3D2OHx64_Data\level39,1260796,25E991EE,34701
0,0,COM3D2OHx64_Data\level40,1042060,95DD3E06,34701
0,0,COM3D2OHx64_Data\level41,1337660,031B641F,34701
0,0,COM3D2OHx64_Data\level42,1481172,9E960ECF,34701
0,0,COM3D2OHx64_Data\level43,1441556,4FA8F4E7,34701
0,0,COM3D2OHx64_Data\level44,1015116,4EE9ED00,34701
0,0,COM3D2OHx64_Data\level45,440900,7B4B9D77,34701
0,0,COM3D2OHx64_Data\level46,437172,FBCBCACF,34701
0,0,COM3D2OHx64_Data\level47,481916,2A665878,34701
0,0,COM3D2OHx64_Data\level48,504684,619A15C4,34701
0,0,COM3D2OHx64_Data\level49,431164,E5B4C51C,34701
0,0,COM3D2OHx64_Data\level50,492732,1D26131F,34701
0,0,COM3D2OHx64_Data\level51,1142188,DD0E9DEF,34701
0,0,COM3D2OHx64_Data\level52,1061052,64436AAA,34701
0,0,COM3D2OHx64_Data\level53,485100,54EE33DC,34701
0,0,COM3D2OHx64_Data\level54,507820,CA9F8616,34701
0,0,COM3D2OHx64_Data\level55,498156,748996FF,34701
0,0,COM3D2OHx64_Data\level56,1142172,06C553F6,34701
0,0,COM3D2OHx64_Data\level57,1104348,98EDE714,34701
0,0,COM3D2OHx64_Data\level58,490988,CF002B6E,34701
0,0,COM3D2OHx64_Data\level59,475156,D7075697,34701
0,0,COM3D2OHx64_Data\level60,456308,9D50FD9D,34701
0,0,COM3D2OHx64_Data\level61,1491364,45DD4896,34701
0,0,COM3D2OHx64_Data\level62,1430452,7279848D,34701
0,0,COM3D2OHx64_Data\level63,547724,B815E1C9,34701
0,0,COM3D2OHx64_Data\level64,439324,CEB3CC88,34701
0,0,COM3D2OHx64_Data\level65,1370556,EF8F1245,34701
0,0,COM3D2OHx64_Data\level66,1069324,DA7FD096,34701
0,0,COM3D2OHx64_Data\level67,1548188,545565A4,34701
0,0,COM3D2OHx64_Data\level68,1488628,A1C4A26F,34701
0,0,COM3D2OHx64_Data\level69,1686788,D510FC55,34701
0,0,COM3D2OHx64_Data\level70,1652148,ABEC92B6,34701
0,0,COM3D2OHx64_Data\level71,1488972,ECFDB7C2,34701
0,0,COM3D2OHx64_Data\level72,1454332,7F60CB56,34701
0,0,COM3D2OHx64_Data\level73,452708,D573EA7D,34701
0,0,COM3D2OHx64_Data\level74,442884,59F3E003,34701
0,0,COM3D2OHx64_Data\level75,1124812,1E1819FF,34701
0,0,COM3D2OHx64_Data\level76,918740,FD411E5F,34701
0,0,COM3D2OHx64_Data\level77,1024796,56ACFDF5,34701
0,0,COM3D2OHx64_Data\level78,915796,3DD12AEF,34701
0,0,COM3D2OHx64_Data\level79,1124356,08182A41,34701
0,0,COM3D2OHx64_Data\level80,1823756,432EC3AD,34701
0,0,COM3D2OHx64_Data\level81,1774228,11250E3D,34701
0,0,COM3D2OHx64_Data\level82,1212052,9A3329E9,34701
0,0,COM3D2OHx64_Data\level83,1155580,6D850917,34701
0,0,COM3D2OHx64_Data\level84,1634716,52283B6A,34701
0,0,COM3D2OHx64_Data\level85,1739500,1C5685FC,34701
0,0,COM3D2OHx64_Data\level86,1153316,7ABC76E9,34701
0,0,COM3D2OHx64_Data\level87,1062652,F339C446,34701
0,0,COM3D2OHx64_Data\level88,1810716,FD446CEC,34701
0,0,COM3D2OHx64_Data\level89,1698620,4F104D9A,34701
0,0,COM3D2OHx64_Data\level90,515100,483A2440,34701
0,0,COM3D2OHx64_Data\level91,535404,4F76CA56,34701
0,0,COM3D2OHx64_Data\level92,626132,C31505E9,34701
0,0,COM3D2OHx64_Data\level93,563076,A7016C56,34701
0,0,COM3D2OHx64_Data\level93.resS,131232,F174E031,34701
0,0,COM3D2OHx64_Data\level94,510004,6016D344,34701
0,0,COM3D2OHx64_Data\level95,624244,0601F2CD,34701
0,0,COM3D2OHx64_Data\level96,533924,2C245F3F,34701
0,0,COM3D2OHx64_Data\level97,1867924,FE415BCD,34701
0,0,COM3D2OHx64_Data\level98,1592412,9A041BE7,34701
0,0,COM3D2OHx64_Data\level99,1403196,8BB8CE5A,34701
0,0,COM3D2OHx64_Data\level100,1246756,EA0CCF1E,34701
0,0,COM3D2OHx64_Data\level101,1340468,BB4BC699,34701
0,0,COM3D2OHx64_Data\level102,1537044,BD448FCE,34701
0,0,COM3D2OHx64_Data\level103,1436284,176A795A,34701
0,0,COM3D2OHx64_Data\level104,1006668,446E77B1,34701
0,0,COM3D2OHx64_Data\level105,606548,57803B31,34701
0,0,COM3D2OHx64_Data\level106,1077836,4EDE6E72,34701
0,0,COM3D2OHx64_Data\level107,994972,0B67DDA6,34701
0,0,COM3D2OHx64_Data\level108,1008364,68A5F77F,34701
0,0,COM3D2OHx64_Data\level109,969684,FC68C004,34701
0,0,COM3D2OHx64_Data\level110,950212,AF9393E1,34701
0,0,COM3D2OHx64_Data\level111,439420,953593BF,34701
0,0,COM3D2OHx64_Data\level112,924156,053E8ED3,34701
0,0,COM3D2OHx64_Data\level113,579828,F7302129,34701
0,0,COM3D2OHx64_Data\level114,584140,51870F3F,34701
0,0,COM3D2OHx64_Data\level115,610172,027B7CBC,34701
0,0,COM3D2OHx64_Data\level116,608524,94964DD6,34701
0,0,COM3D2OHx64_Data\level117,610308,5C033BE2,34701
0,0,COM3D2OHx64_Data\level118,612748,AB4FD70A,34701
0,0,COM3D2OHx64_Data\level119,544612,35704ACA,34701
0,0,COM3D2OHx64_Data\level120,548940,6D8462D0,34701
0,0,COM3D2OHx64_Data\level121,573804,3778EB85,34701
0,0,COM3D2OHx64_Data\level122,605212,6B6DCC98,34701
0,0,COM3D2OHx64_Data\level123,574948,50328FC1,34701
0,0,COM3D2OHx64_Data\level124,578020,DDD908ED,34701
0,0,COM3D2OHx64_Data\level125,566820,05DB4A3B,34701
0,0,COM3D2OHx64_Data\level126,606332,0B2825B8,34701
0,0,COM3D2OHx64_Data\level127,1100180,BB2F9324,34701
0,0,COM3D2OHx64_Data\resources.assets,529481828,E9718701,34701
0,0,COM3D2OHx64_Data\resources.assets.resS,2078340816,A363A4F1,34701
0,0,COM3D2OHx64_Data\resources.resource,1348992,64168176,34701
0,0,COM3D2OHx64_Data\RuntimeInitializeOnLoads.json,5033,28107410,34701
0,0,COM3D2OHx64_Data\ScriptingAssemblies.json,4320,117970F4,34701
0,0,COM3D2OHx64_Data\sharedassets0.assets,31770932,D3270D87,34701
0,0,COM3D2OHx64_Data\sharedassets0.assets.resS,28071648,6B7564F2,34701
0,0,COM3D2OHx64_Data\sharedassets1.assets,2301,51251721,34701
0,0,COM3D2OHx64_Data\sharedassets2.assets,2601,61953478,34701
0,0,COM3D2OHx64_Data\sharedassets3.assets,9009,0E3B1445,34701
0,0,COM3D2OHx64_Data\sharedassets4.assets,3333,045A8C37,34701
0,0,COM3D2OHx64_Data\sharedassets5.assets,2205,05D2876D,34701
0,0,COM3D2OHx64_Data\sharedassets6.assets,3201,A4F30B6D,34701
0,0,COM3D2OHx64_Data\sharedassets7.assets,2133,84B71583,34701
0,0,COM3D2OHx64_Data\sharedassets8.assets,2541,3753CCAF,34701
0,0,COM3D2OHx64_Data\sharedassets9.assets,2325,D41115B7,34701
0,0,COM3D2OHx64_Data\sharedassets10.assets,2721,8F809AF1,34701
0,0,COM3D2OHx64_Data\sharedassets11.assets,553,D199962E,34701
0,0,COM3D2OHx64_Data\sharedassets12.assets,2193,2F4AADCE,34701
0,0,COM3D2OHx64_Data\sharedassets13.assets,277,FCF73EA0,34701
0,0,COM3D2OHx64_Data\sharedassets14.assets,2877,0A48D0E2,34701
0,0,COM3D2OHx64_Data\sharedassets15.assets,2277,81E2BD7D,34701
0,0,COM3D2OHx64_Data\sharedassets16.assets,8841,1AE7A007,34701
0,0,COM3D2OHx64_Data\sharedassets17.assets,2373,8A13AE01,34701
0,0,COM3D2OHx64_Data\sharedassets18.assets,8877,93A8FA68,34701
0,0,COM3D2OHx64_Data\sharedassets19.assets,2361,ADF58EC4,34701
0,0,COM3D2OHx64_Data\sharedassets20.assets,3153,D027E694,34701
0,0,COM3D2OHx64_Data\sharedassets21.assets,8853,7E1C704E,34701
0,0,COM3D2OHx64_Data\sharedassets22.assets,8853,7E1C704E,34701
0,0,COM3D2OHx64_Data\sharedassets23.assets,2648,AFD70D32,34701
0,0,COM3D2OHx64_Data\sharedassets24.assets,10456,650973BD,34701
0,0,COM3D2OHx64_Data\sharedassets25.assets,597,3106F270,34701
0,0,COM3D2OHx64_Data\sharedassets26.assets,501,FC7A9585,34701
0,0,COM3D2OHx64_Data\sharedassets27.assets,505,141E5187,34701
0,0,COM3D2OHx64_Data\sharedassets28.assets,2137,8597F417,34701
0,0,COM3D2OHx64_Data\sharedassets29.assets,8841,D0CD0B79,34701
0,0,COM3D2OHx64_Data\sharedassets30.assets,8841,A50390A3,34701
0,0,COM3D2OHx64_Data\sharedassets31.assets,8841,33AEC0B1,34701
0,0,COM3D2OHx64_Data\sharedassets32.assets,5565,CD6A5F34,34701
0,0,COM3D2OHx64_Data\sharedassets33.assets,5673,82D97888,34701
0,0,COM3D2OHx64_Data\sharedassets34.assets,5661,EB30939B,34701
0,0,COM3D2OHx64_Data\sharedassets35.assets,8925,E0799968,34701
0,0,COM3D2OHx64_Data\sharedassets36.assets,5433,F7063F52,34701
0,0,COM3D2OHx64_Data\sharedassets37.assets,5469,1AE3D0DA,34701
0,0,COM3D2OHx64_Data\sharedassets38.assets,8925,E0799968,34701
0,0,COM3D2OHx64_Data\sharedassets39.assets,5625,E6D2FE2B,34701
0,0,COM3D2OHx64_Data\sharedassets40.assets,5493,863E4590,34701
0,0,COM3D2OHx64_Data\sharedassets41.assets,5637,0A76C964,34701
0,0,COM3D2OHx64_Data\sharedassets42.assets,8841,B0FD107D,34701
0,0,COM3D2OHx64_Data\sharedassets43.assets,5673,82D97888,34701
0,0,COM3D2OHx64_Data\sharedassets44.assets,5661,EB30939B,34701
0,0,COM3D2OHx64_Data\sharedassets45.assets,6450,E1D859F5,34701
0,0,COM3D2OHx64_Data\sharedassets45.assets.resS,87408,84350FBB,34701
0,0,COM3D2OHx64_Data\sharedassets45.resource,41406086,938147B5,34701
0,0,COM3D2OHx64_Data\sharedassets46.assets,3362,12131670,34701
0,0,COM3D2OHx64_Data\sharedassets46.resource,36841226,318CE5DA,34701
0,0,COM3D2OHx64_Data\sharedassets47.assets,3322,0B4FD8F6,34701
0,0,COM3D2OHx64_Data\sharedassets47.resource,32680665,5F8810A9,34701
0,0,COM3D2OHx64_Data\sharedassets48.assets,17266,10F653BE,34701
0,0,COM3D2OHx64_Data\sharedassets48.assets.resS,174784,C6783C52,34701
0,0,COM3D2OHx64_Data\sharedassets48.resource,35964702,CC2B1BFE,34701
0,0,COM3D2OHx64_Data\sharedassets49.assets,3346,9E3FCD09,34701
0,0,COM3D2OHx64_Data\sharedassets49.resource,40585017,61D6AACB,34701
0,0,COM3D2OHx64_Data\sharedassets50.assets,3562,7E806B1E,34701
0,0,COM3D2OHx64_Data\sharedassets50.resource,38610538,C2CDB3C3,34701
0,0,COM3D2OHx64_Data\sharedassets51.assets,3014356,585702B9,34701
0,0,COM3D2OHx64_Data\sharedassets51.assets.resS,611744,E0F83BD4,34701
0,0,COM3D2OHx64_Data\sharedassets52.assets,5769,9F28F87E,34701
0,0,COM3D2OHx64_Data\sharedassets53.assets,2697,3C8A926A,34701
0,0,COM3D2OHx64_Data\sharedassets54.assets,2697,3C8A926A,34701
0,0,COM3D2OHx64_Data\sharedassets55.assets,2697,3C8A926A,34701
0,0,COM3D2OHx64_Data\sharedassets56.assets,8853,29AC3BBD,34701
0,0,COM3D2OHx64_Data\sharedassets57.assets,5673,8C9816C3,34701
0,0,COM3D2OHx64_Data\sharedassets58.assets,2613,AE787B1B,34701
0,0,COM3D2OHx64_Data\sharedassets59.assets,55760,4F1B9A76,34701
0,0,COM3D2OHx64_Data\sharedassets59.assets.resS,174784,F8E8E9F8,34701
0,0,COM3D2OHx64_Data\sharedassets60.assets,2625,805C09E5,34701
0,0,COM3D2OHx64_Data\sharedassets61.assets,756768,2950FA25,34701
0,0,COM3D2OHx64_Data\sharedassets61.assets.resS,1310896,5596E62C,34701
0,0,COM3D2OHx64_Data\sharedassets61.resource,1657856,B35361D0,34701
0,0,COM3D2OHx64_Data\sharedassets62.assets,5541,553D3D65,34701
0,0,COM3D2OHx64_Data\sharedassets63.assets,3415164,CE079F88,34701
0,0,COM3D2OHx64_Data\sharedassets63.assets.resS,6226160,5BDA7B19,34701
0,0,COM3D2OHx64_Data\sharedassets64.assets,2649,D841F891,34701
0,0,COM3D2OHx64_Data\sharedassets65.assets,10101,87F15E23,34701
0,0,COM3D2OHx64_Data\sharedassets66.assets,5661,EB30939B,34701
0,0,COM3D2OHx64_Data\sharedassets67.assets,8877,C6E73545,34701
0,0,COM3D2OHx64_Data\sharedassets68.assets,5661,10B16ADD,34701
0,0,COM3D2OHx64_Data\sharedassets69.assets,8841,D0CD0B79,34701
0,0,COM3D2OHx64_Data\sharedassets70.assets,5661,EB30939B,34701
0,0,COM3D2OHx64_Data\sharedassets71.assets,8877,C6E73545,34701
0,0,COM3D2OHx64_Data\sharedassets72.assets,6609,1F1D568A,34701
0,0,COM3D2OHx64_Data\sharedassets73.assets,2973,9FD04DA8,34701
0,0,COM3D2OHx64_Data\sharedassets74.assets,2481,3F80C367,34701
0,0,COM3D2OHx64_Data\sharedassets75.assets,7876,9824E56C,34701
0,0,COM3D2OHx64_Data\sharedassets75.resource,2729248,FCB8D689,34701
0,0,COM3D2OHx64_Data\sharedassets76.assets,7689,A5FEE305,34701
0,0,COM3D2OHx64_Data\sharedassets77.assets,4389,2BAB0C50,34701
0,0,COM3D2OHx64_Data\sharedassets78.assets,3753,04E23616,34701
0,0,COM3D2OHx64_Data\sharedassets79.assets,352924,454DAD9C,34701
0,0,COM3D2OHx64_Data\sharedassets79.assets.resS,2272064,E37F670D,34701
0,0,COM3D2OHx64_Data\sharedassets79.resource,6236928,E2AEF877,34701
0,0,COM3D2OHx64_Data\sharedassets80.assets,6568072,4F8000A1,34701
0,0,COM3D2OHx64_Data\sharedassets80.assets.resS,10944,57B9B85D,34701
0,0,COM3D2OHx64_Data\sharedassets80.resource,2053248,CCA7A7B1,34701
0,0,COM3D2OHx64_Data\sharedassets81.assets,6525,F546B127,34701
0,0,COM3D2OHx64_Data\sharedassets82.assets,8985,5C4822B0,34701
0,0,COM3D2OHx64_Data\sharedassets83.assets,5781,3F12E57D,34701
0,0,COM3D2OHx64_Data\sharedassets84.assets,5956,7B8B6877,34701
0,0,COM3D2OHx64_Data\sharedassets84.resource,1239072,9EF23F8B,34701
0,0,COM3D2OHx64_Data\sharedassets85.assets,9189,96CA4814,34701
0,0,COM3D2OHx64_Data\sharedassets86.assets,9045,3F7BB429,34701
0,0,COM3D2OHx64_Data\sharedassets87.assets,5721,38FA4C7B,34701
0,0,COM3D2OHx64_Data\sharedassets88.assets,9540,3E8B282F,34701
0,0,COM3D2OHx64_Data\sharedassets88.resource,1500320,468304E6,34701
0,0,COM3D2OHx64_Data\sharedassets89.assets,6081,ABF06F38,34701
0,0,COM3D2OHx64_Data\sharedassets90.assets,2853,845DB798,34701
0,0,COM3D2OHx64_Data\sharedassets91.assets,2853,845DB798,34701
0,0,COM3D2OHx64_Data\sharedassets92.assets,2769,82E4874A,34701
0,0,COM3D2OHx64_Data\sharedassets93.assets,2433,D8E508C2,34701
0,0,COM3D2OHx64_Data\sharedassets94.assets,2769,82E4874A,34701
0,0,COM3D2OHx64_Data\sharedassets95.assets,2865,0EB10960,34701
0,0,COM3D2OHx64_Data\sharedassets96.assets,2769,82E4874A,34701
0,0,COM3D2OHx64_Data\sharedassets97.assets,9021,574E5BDD,34701
0,0,COM3D2OHx64_Data\sharedassets98.assets,5709,7B989ADE,34701
0,0,COM3D2OHx64_Data\sharedassets99.assets,393656,95D343EF,34701
0,0,COM3D2OHx64_Data\sharedassets99.assets.resS,2184656,EE6A6E48,34701
0,0,COM3D2OHx64_Data\sharedassets100.assets,5940,E5788A78,34701
0,0,COM3D2OHx64_Data\sharedassets100.resource,2752064,01AB8E9E,34701
0,0,COM3D2OHx64_Data\sharedassets101.assets,9117,9B8186C2,34701
0,0,COM3D2OHx64_Data\sharedassets102.assets,9105,049FA1E4,34701
0,0,COM3D2OHx64_Data\sharedassets103.assets,5781,A03CC8AA,34701
0,0,COM3D2OHx64_Data\sharedassets104.assets,3316,72A52037,34701
0,0,COM3D2OHx64_Data\sharedassets104.resource,6331360,376DAB75,34701
0,0,COM3D2OHx64_Data\sharedassets105.assets,3189,E0BD5DBD,34701
0,0,COM3D2OHx64_Data\sharedassets106.assets,83284,D5CC4BAA,34701
0,0,COM3D2OHx64_Data\sharedassets106.resource,8838560,027F254D,34701
0,0,COM3D2OHx64_Data\sharedassets107.assets,4341,A76CD8BA,34701
0,0,COM3D2OHx64_Data\sharedassets108.assets,7425,1A0512DA,34701
0,0,COM3D2OHx64_Data\sharedassets109.assets,4233,6CEBBEF9,34701
0,0,COM3D2OHx64_Data\sharedassets110.assets,613456,FA7492C2,34701
0,0,COM3D2OHx64_Data\sharedassets110.assets.resS,6138656,2613FE39,34701
0,0,COM3D2OHx64_Data\sharedassets111.assets,2649,FAF57AEA,34701
0,0,COM3D2OHx64_Data\sharedassets112.assets,3213,58916969,34701
0,0,COM3D2OHx64_Data\sharedassets113.assets,3117,31558D32,34701
0,0,COM3D2OHx64_Data\sharedassets114.assets,3117,31558D32,34701
0,0,COM3D2OHx64_Data\sharedassets115.assets,3117,31558D32,34701
0,0,COM3D2OHx64_Data\sharedassets116.assets,3117,31558D32,34701
0,0,COM3D2OHx64_Data\sharedassets117.assets,3117,31558D32,34701
0,0,COM3D2OHx64_Data\sharedassets118.assets,3117,31558D32,34701
0,0,COM3D2OHx64_Data\sharedassets119.assets,2769,82E4874A,34701
0,0,COM3D2OHx64_Data\sharedassets120.assets,2769,82E4874A,34701
0,0,COM3D2OHx64_Data\sharedassets121.assets,2769,82E4874A,34701
0,0,COM3D2OHx64_Data\sharedassets122.assets,2769,82E4874A,34701
0,0,COM3D2OHx64_Data\sharedassets123.assets,2769,82E4874A,34701
0,0,COM3D2OHx64_Data\sharedassets124.assets,2769,82E4874A,34701
0,0,COM3D2OHx64_Data\sharedassets125.assets,2769,82E4874A,34701
0,0,COM3D2OHx64_Data\sharedassets126.assets,3117,31558D32,34701
0,0,COM3D2OHx64_Data\sharedassets127.assets,210016,C76E4D96,34701
0,0,COM3D2OHx64_Data\sharedassets127.assets.resS,174784,F8825DB8,34701
0,0,MonoBleedingEdge\EmbedRuntime\mono-2.0-bdwgc.dll,7897520,FE7710D9,34701
0,0,MonoBleedingEdge\EmbedRuntime\MonoPosixHelper.dll,611240,4AE2D700,34701
0,0,MonoBleedingEdge\etc\mono\2.0\Browsers\Compat.browser,1605,2E178A0B,34701
0,0,MonoBleedingEdge\etc\mono\2.0\DefaultWsdlHelpGenerator.aspx,60575,95F9D0B4,34701
0,0,MonoBleedingEdge\etc\mono\2.0\machine.config,29066,42543B8B,34701
0,0,MonoBleedingEdge\etc\mono\2.0\settings.map,2622,AD5340F9,34701
0,0,MonoBleedingEdge\etc\mono\2.0\web.config,11635,1A75EBAD,34701
0,0,MonoBleedingEdge\etc\mono\4.0\Browsers\Compat.browser,1605,2E178A0B,34701
0,0,MonoBleedingEdge\etc\mono\4.0\DefaultWsdlHelpGenerator.aspx,60575,95F9D0B4,34701
0,0,MonoBleedingEdge\etc\mono\4.0\machine.config,33598,86F603C4,34701
0,0,MonoBleedingEdge\etc\mono\4.0\settings.map,2622,DC24A240,34701
0,0,MonoBleedingEdge\etc\mono\4.0\web.config,18802,36D8BA3E,34701
0,0,MonoBleedingEdge\etc\mono\4.5\Browsers\Compat.browser,1605,2E178A0B,34701
0,0,MonoBleedingEdge\etc\mono\4.5\DefaultWsdlHelpGenerator.aspx,60575,95F9D0B4,34701
0,0,MonoBleedingEdge\etc\mono\4.5\machine.config,34056,C446A9EB,34701
0,0,MonoBleedingEdge\etc\mono\4.5\settings.map,2622,DC24A240,34701
0,0,MonoBleedingEdge\etc\mono\4.5\web.config,18811,4F48BC13,34701
0,0,MonoBleedingEdge\etc\mono\mconfig\config.xml,25817,80B2033A,34701
0,0,MonoBleedingEdge\etc\mono\browscap.ini,311984,CE6C0AB3,34701
0,0,MonoBleedingEdge\etc\mono\config,3815,88FA6D93,34701
0,0,COM3D2OHx64.exe,666624,D2BCD96C,34701
0,0,UnityCrashHandler64.exe,1185192,C66B68F9,34701
0,0,UnityPlayer.dll,31100840,07C78E1D,34701
share,../com3d2data\GameData\cbl\csv_cbl.arc,GameData\csv_cbl.arc,1518068,A1856029,24709
share,../com3d2data\GameData\cbl\script_cbl.arc,GameData\script_cbl.arc,7601817,09A1665D,24709
share,../com3d2data\GameData\patch\csv.arc,GameData\csv.arc,47307273,6C4B84D3,24709
share,../com3d2data\GameData\patch\csv_bv001_2.arc,GameData\csv_bv001_2.arc,1394,3419AABB,24701
share,../com3d2data\GameData\patch\parts_bv001_2.arc,GameData\parts_bv001_2.arc,3442,396F38D6,24701
share,../com3d2data\GameData\patch\parts_cas141_2.arc,GameData\parts_cas141_2.arc,87794,C8B8F370,24701
share,../com3d2data\GameData\patch\parts_dlc388_2.arc,GameData\parts_dlc388_2.arc,554850,AFA69AA0,24701
share,../com3d2data\GameData\patch\parts_dlc475_2.arc,GameData\parts_dlc475_2.arc,14108761,97487DDB,24701
share,../com3d2data\GameData\patch\parts_dlc522_2.arc,GameData\parts_dlc522_2.arc,429964,7411FE60,24701
share,../com3d2data\GameData\patch\parts_dlc538_2.arc,GameData\parts_dlc538_2.arc,3394,FE9038EE,24701
share,../com3d2data\GameData\patch\parts_oldplus011hair1_2.arc,GameData\parts_oldplus011hair1_2.arc,2850,7E45A630,24701
share,../com3d2data\GameData\patch\parts_ordermade_pure_2.arc,GameData\parts_ordermade_pure_2.arc,577624,AD5B0F50,24701
share,../com3d2data\GameData\patch\parts2.arc,GameData\parts2.arc,235126291,436FD127,24706
share,../com3d2data\GameData\patch\paths.dat,GameData\paths.dat,21299,DF7D6669,24710
share,../com3d2data\GameData\patch\prioritymaterial.arc,GameData\prioritymaterial.arc,904341,6FF4733A,24706
share,../com3d2data\GameData\patch\system2.arc,GameData\system2.arc,121854644,CAE840AF,24701
share,../com3d2data\GameData_20\menu_bv001_2.arc,GameData_20\menu_bv001_2.arc,3682,074B851C,1754
share,../com3d2data\GameData_20\menu_dlc538_2.arc,GameData_20\menu_dlc538_2.arc,3650,5108511A,1754
share,../com3d2data\GameData_20\model_cas141_2.arc,GameData_20\model_cas141_2.arc,86614,EA312133,1754
share,../com3d2data\GameData_20\model_dlc388_2.arc,GameData_20\model_dlc388_2.arc,552662,27F4BA27,1754
share,../com3d2data\GameData_20\model_dlc475_2.arc,GameData_20\model_dlc475_2.arc,1558632,69F41A60,1754
share,../com3d2data\GameData_20\model_dlc522_2.arc,GameData_20\model_dlc522_2.arc,428795,5FCFC9AA,1754
share,../com3d2data\GameData_20\paths.dat,GameData_20\paths.dat,15824,2CF0C625,1846
share,../com3d2data\GameData_20\prioritymaterial.arc,GameData_20\prioritymaterial.arc,468249,84D0D658,1847
