0,0,COM3D2x64_Data\Managed\Accessibility.dll,10752,5CB31E4E,1540
0,0,COM3D2x64_Data\Managed\Assembly-CSharp.dll,5448704,CE5A760B,1540
0,0,COM3D2x64_Data\Managed\Assembly-CSharp-firstpass.dll,787456,8BEB5E7A,1540
0,0,COM3D2x64_Data\Managed\Assembly-UnityScript-firstpass.dll,65024,5187C728,1540
0,0,COM3D2x64_Data\Managed\Boo.Lang.dll,126976,28383F70,1540
0,0,COM3D2x64_Data\Managed\BouncyCastle.Crypto.dll,2236416,5A4C4F07,1540
0,0,COM3D2x64_Data\Managed\FoveUnityPlugin.dll,28672,A6EA882B,1540
0,0,COM3D2x64_Data\Managed\ICSharpCode.SharpZipLib.dll,200704,D3160A1C,1540
0,0,COM3D2x64_Data\Managed\Ionic.Zlib.dll,102400,7C9E7DD2,1540
0,0,COM3D2x64_Data\Managed\JsonFx.Json.dll,70144,A0F0CFCB,1540
0,0,COM3D2x64_Data\Managed\LeapCSharp.NET3.5.dll,82432,38E38212,1540
0,0,COM3D2x64_Data\Managed\Mono.Data.Tds.dll,96256,2965324B,1540
0,0,COM3D2x64_Data\Managed\Mono.Posix.dll,184320,0CE35BE3,1540
0,0,COM3D2x64_Data\Managed\Mono.Security.dll,294912,66EB9979,1540
0,0,COM3D2x64_Data\Managed\Mono.WebBrowser.dll,172032,137B736F,1540
0,0,COM3D2x64_Data\Managed\mscorlib.dll,2590208,5166389B,1540
0,0,COM3D2x64_Data\Managed\Newtonsoft.Json.dll,494592,5C881B73,1540
0,0,COM3D2x64_Data\Managed\System.Configuration.dll,124928,72952344,1540
0,0,COM3D2x64_Data\Managed\System.Core.dll,297472,9E3EE5D7,1540
0,0,COM3D2x64_Data\Managed\System.Data.dll,856064,DDDB80CD,1540
0,0,COM3D2x64_Data\Managed\System.dll,1679360,13922617,1540
0,0,COM3D2x64_Data\Managed\System.Drawing.Design.dll,29696,E7B53FF9,1540
0,0,COM3D2x64_Data\Managed\System.Drawing.dll,448512,C4B2E872,1540
0,0,COM3D2x64_Data\Managed\System.EnterpriseServices.dll,46592,2C72A9FE,1540
0,0,COM3D2x64_Data\Managed\System.Security.dll,135168,1CE94C57,1540
0,0,COM3D2x64_Data\Managed\System.Transactions.dll,27648,45299FCF,1540
0,0,COM3D2x64_Data\Managed\System.Windows.Forms.dll,3053568,56394001,1540
0,0,COM3D2x64_Data\Managed\System.Xml.dll,1270272,4581A35B,1540
0,0,COM3D2x64_Data\Managed\System.Xml.Linq.dll,106496,E844371C,1540
0,0,COM3D2x64_Data\Managed\UnityEngine.dll,1393152,2C35388C,1540
0,0,COM3D2x64_Data\Managed\UnityEngine.dll.mdb,449828,8610375E,1540
0,0,COM3D2x64_Data\Managed\UnityEngine.Networking.dll,253952,2BDF701F,1540
0,0,COM3D2x64_Data\Managed\UnityEngine.UI.dll,245760,FA552B2D,1540
0,0,COM3D2x64_Data\Managed\UnityEngine.VR.dll,3072,A4582CD6,1540
0,0,COM3D2x64_Data\Managed\UnityScript.Lang.dll,13824,0DA8F681,1540
0,0,COM3D2x64_Data\Managed\Win32.dll,13312,7781C2A2,1540
0,0,COM3D2x64_Data\Managed\zxing.unity.dll,430592,9FD1F198,1540
0,0,COM3D2x64_Data\Mono\etc\mono\1.0\DefaultWsdlHelpGenerator.aspx,58196,10E814BF,1540
0,0,COM3D2x64_Data\Mono\etc\mono\1.0\machine.config,17258,EDE1AC59,1540
0,0,COM3D2x64_Data\Mono\etc\mono\2.0\Browsers\Compat.browser,1605,2E178A0B,1540
0,0,COM3D2x64_Data\Mono\etc\mono\2.0\DefaultWsdlHelpGenerator.aspx,60453,F3869A34,1540
0,0,COM3D2x64_Data\Mono\etc\mono\2.0\machine.config,27625,73C91C24,1540
0,0,COM3D2x64_Data\Mono\etc\mono\2.0\settings.map,2618,A1A3C29F,1540
0,0,COM3D2x64_Data\Mono\etc\mono\2.0\web.config,11686,534A9960,1540
0,0,COM3D2x64_Data\Mono\etc\mono\mconfig\config.xml,25817,80B2033A,1540
0,0,COM3D2x64_Data\Mono\etc\mono\browscap.ini,311984,CE6C0AB3,1540
0,0,COM3D2x64_Data\Mono\etc\mono\config,1691,A635914A,1540
0,0,COM3D2x64_Data\Mono\mono.dll,2618816,0BEA8C0F,1540
0,0,COM3D2x64_Data\Mono\MonoPosixHelper.dll,113664,9B5E1E4D,1540
0,0,COM3D2x64_Data\Plugins\assimp.dll,4388864,7C910D84,1540
0,0,COM3D2x64_Data\Plugins\Audio360.dll,1499136,2D77400A,1540
0,0,COM3D2x64_Data\Plugins\AVProVideo.dll,891392,A3612D4B,1540
0,0,COM3D2x64_Data\Plugins\clothpp.dll,112128,7C3264A4,1540
0,0,COM3D2x64_Data\Plugins\cm3d2.dll,2082304,3263084E,1540
0,0,COM3D2x64_Data\Plugins\device_hook.dll,738816,F61E7CED,1540
0,0,COM3D2x64_Data\Plugins\FbxExporterCore.dll,12491776,CBAA51C1,1540
0,0,COM3D2x64_Data\Plugins\FoveClient.dll,1849384,58C8B4F6,1540
0,0,COM3D2x64_Data\Plugins\LeapC.dll,2516992,FBDD3767,1540
0,0,COM3D2x64_Data\Plugins\openvr_api.dll,318272,44432E0F,1540
0,0,COM3D2x64_Data\Plugins\OVRGamepad.dll,12800,2C526135,1540
0,0,COM3D2x64_Data\Plugins\OVRLipSync.dll,2512296,391C1F4C,1540
0,0,COM3D2x64_Data\Plugins\OVRPlugin.dll,1898408,5DD05B6C,1540
0,0,COM3D2x64_Data\Plugins\Win32-WebView.dll,504832,382AEE66,1540
0,0,COM3D2x64_Data\Resources\unity default resources,752360,71DB1AEA,1540
0,0,COM3D2x64_Data\Resources\unity_builtin_extra,284012,91145F7F,1540
0,0,COM3D2x64_Data\app.info,27,F9A266E7,1540
0,0,COM3D2x64_Data\globalgamemanagers,4463044,B9B57648,1540
0,0,COM3D2x64_Data\globalgamemanagers.assets,244036,69579B15,1540
0,0,COM3D2x64_Data\level0,325508,4C54828A,1540
0,0,COM3D2x64_Data\level1,348652,34299664,1540
0,0,COM3D2x64_Data\level2,343484,15B14678,1540
0,0,COM3D2x64_Data\level3,1203556,B76B63A5,1540
0,0,COM3D2x64_Data\level4,1212980,02858437,1540
0,0,COM3D2x64_Data\level5,1301092,968782BD,1540
0,0,COM3D2x64_Data\level6,327004,5A050CCB,1540
0,0,COM3D2x64_Data\level7,1057044,CF7A916B,1540
0,0,COM3D2x64_Data\level8,357876,2165A652,1540
0,0,COM3D2x64_Data\level9,417164,700C408A,1540
0,0,COM3D2x64_Data\level10,352364,067B146D,1540
0,0,COM3D2x64_Data\level11,326020,FA98C7BC,1540
0,0,COM3D2x64_Data\level12,393468,3EEB1742,1540
0,0,COM3D2x64_Data\level13,329132,19B85C0F,1540
0,0,COM3D2x64_Data\level14,825644,4E4A2060,1540
0,0,COM3D2x64_Data\level15,7476,051DB040,1540
0,0,COM3D2x64_Data\level16,327964,CB3A4D4E,1540
0,0,COM3D2x64_Data\level17,4664,A78D5E5E,1540
0,0,COM3D2x64_Data\level18,344652,C99C19FB,1540
0,0,COM3D2x64_Data\level19,334348,F3AF40B7,1540
0,0,COM3D2x64_Data\level20,955516,25B39386,1540
0,0,COM3D2x64_Data\level21,427172,0D90BA5B,1540
0,0,COM3D2x64_Data\level22,1085156,1BF847DB,1540
0,0,COM3D2x64_Data\level23,410652,F49DAA91,1540
0,0,COM3D2x64_Data\level24,680988,282E2D8F,1540
0,0,COM3D2x64_Data\level25,347988,AFB8526A,1540
0,0,COM3D2x64_Data\level26,2187804,76FADC98,1540
0,0,COM3D2x64_Data\level27,1115164,F67D1EEC,1540
0,0,COM3D2x64_Data\level28,347988,329BCCD2,1540
0,0,COM3D2x64_Data\level29,1088436,6F564597,1540
0,0,COM3D2x64_Data\level30,340612,5528B86D,1540
0,0,COM3D2x64_Data\level31,447724,E971E115,1540
0,0,COM3D2x64_Data\level32,27904,42538662,1540
0,0,COM3D2x64_Data\level32.resS,131232,851AC384,1540
0,0,COM3D2x64_Data\level33,51676,DEBF6B8A,1540
0,0,COM3D2x64_Data\level34,56036,930272E1,1540
0,0,COM3D2x64_Data\level35,6832,306C6B75,1540
0,0,COM3D2x64_Data\level36,326412,6EA20277,1540
0,0,COM3D2x64_Data\level37,1576484,928ED429,1540
0,0,COM3D2x64_Data\level38,1433116,E40424BA,1540
0,0,COM3D2x64_Data\level39,1454716,12BC3EF0,1540
0,0,COM3D2x64_Data\level40,444068,2056467E,1540
0,0,COM3D2x64_Data\level41,395436,DC4D31A3,1540
0,0,COM3D2x64_Data\level42,426596,FD2DCBA9,1540
0,0,COM3D2x64_Data\level43,1349948,4B63C0AE,1540
0,0,COM3D2x64_Data\level44,1414404,F2E57ECB,1540
0,0,COM3D2x64_Data\level45,1539828,8FFEAC3C,1540
0,0,COM3D2x64_Data\level46,414036,31DAEADA,1540
0,0,COM3D2x64_Data\level47,381132,376A6C51,1540
0,0,COM3D2x64_Data\level48,439500,E24135DD,1540
0,0,COM3D2x64_Data\level49,396724,6D267A22,1540
0,0,COM3D2x64_Data\level50,1374852,A60B87D5,1540
0,0,COM3D2x64_Data\level51,381284,3E726B95,1540
0,0,COM3D2x64_Data\level52,659484,0A87980E,1540
0,0,COM3D2x64_Data\level53,537868,E8B0ED20,1540
0,0,COM3D2x64_Data\level54,349900,CA4B42B4,1540
0,0,COM3D2x64_Data\level55,1276812,A29BA407,1540
0,0,COM3D2x64_Data\level56,1027436,C8CD9C45,1540
0,0,COM3D2x64_Data\level57,1034676,68986B48,1540
0,0,COM3D2x64_Data\level58,1276812,EEFC4151,1540
0,0,COM3D2x64_Data\level59,1157372,C6038A34,1540
0,0,COM3D2x64_Data\level60,945988,D7AA6FA4,1540
0,0,COM3D2x64_Data\level61,1232380,6E76A626,1540
0,0,COM3D2x64_Data\level62,1333396,0E590FE0,1540
0,0,COM3D2x64_Data\level63,681380,93EC99B4,1540
0,0,COM3D2x64_Data\level64,918204,BD5990C6,1540
0,0,COM3D2x64_Data\level65,401340,A9C40196,1540
0,0,COM3D2x64_Data\level66,397708,431C5087,1540
0,0,COM3D2x64_Data\level67,441420,E82E2C75,1540
0,0,COM3D2x64_Data\level68,463548,5A49557E,1540
0,0,COM3D2x64_Data\level69,391948,F393DDDA,1540
0,0,COM3D2x64_Data\level70,451908,960C0A36,1540
0,0,COM3D2x64_Data\level71,1040348,74973B37,1540
0,0,COM3D2x64_Data\level72,964748,9C76F4BB,1540
0,0,COM3D2x64_Data\level73,444628,CACC47FC,1540
0,0,COM3D2x64_Data\level74,466772,3C4E3BC6,1540
0,0,COM3D2x64_Data\level75,457356,2530978F,1540
0,0,COM3D2x64_Data\level76,1044756,6AD4706E,1540
0,0,COM3D2x64_Data\level77,1005028,AAFF2699,1540
0,0,COM3D2x64_Data\level78,450404,DF1A8719,1540
0,0,COM3D2x64_Data\level79,434924,DAEA93ED,1540
0,0,COM3D2x64_Data\level80,416596,568CD9E2,1540
0,0,COM3D2x64_Data\level81,359636,5438312A,1540
0,0,COM3D2x64_Data\level82,1384148,350BEFA9,1540
0,0,COM3D2x64_Data\level83,1324900,2DC96A46,1540
0,0,COM3D2x64_Data\level84,503420,51B3CF48,1540
0,0,COM3D2x64_Data\level85,405524,7BF5713E,1540
0,0,COM3D2x64_Data\level86,1252916,68A4CB6D,1540
0,0,COM3D2x64_Data\level87,970748,52D3F7E9,1540
0,0,COM3D2x64_Data\level88,1429220,825BFF45,1540
0,0,COM3D2x64_Data\level89,1370372,3E22BD9F,1540
0,0,COM3D2x64_Data\level90,1576492,1FF2A80B,1540
0,0,COM3D2x64_Data\level91,1539836,C7EB6BA3,1540
0,0,COM3D2x64_Data\level92,1371524,B6374C91,1540
0,0,COM3D2x64_Data\level93,1337468,41014B1F,1540
0,0,COM3D2x64_Data\level94,418132,DF7720EA,1540
0,0,COM3D2x64_Data\level95,406748,28D5EF4C,1540
0,0,COM3D2x64_Data\level96,1050628,3163656A,1540
0,0,COM3D2x64_Data\level97,851916,D4141DA3,1540
0,0,COM3D2x64_Data\level98,958684,A334B4EB,1540
0,0,COM3D2x64_Data\level99,852876,979AD8FF,1540
0,0,COM3D2x64_Data\level100,1030260,AB21F687,1540
0,0,COM3D2x64_Data\level101,1693604,B9963780,1540
0,0,COM3D2x64_Data\level102,1644676,CA91EB84,1540
0,0,COM3D2x64_Data\level103,1113452,62A078E8,1540
0,0,COM3D2x64_Data\level104,1057124,C3716322,1540
0,0,COM3D2x64_Data\level105,1512580,57CFB7C5,1540
0,0,COM3D2x64_Data\level106,1611508,F975B5E4,1540
0,0,COM3D2x64_Data\level107,1055020,D53D40FB,1540
0,0,COM3D2x64_Data\level108,970564,DA20BBA2,1540
0,0,COM3D2x64_Data\level109,1679516,F7859575,1540
0,0,COM3D2x64_Data\level110,1576324,568A1648,1540
0,0,COM3D2x64_Data\level111,468060,FD297852,1540
0,0,COM3D2x64_Data\level112,487836,5514F8D2,1540
0,0,COM3D2x64_Data\level113,576324,8E5A7740,1540
0,0,COM3D2x64_Data\level114,535436,432CF469,1540
0,0,COM3D2x64_Data\level114.resS,131232,9337BCA3,1540
0,0,COM3D2x64_Data\level115,463116,2A092646,1540
0,0,COM3D2x64_Data\level116,562332,F29716DC,1540
0,0,COM3D2x64_Data\level117,486436,D27643A1,1540
0,0,COM3D2x64_Data\level118,1399940,CE566B8B,1540
0,0,COM3D2x64_Data\level119,1476788,A21ED843,1540
0,0,COM3D2x64_Data\level120,1304892,E798957C,1540
0,0,COM3D2x64_Data\level121,1135908,4B6AF236,1540
0,0,COM3D2x64_Data\level122,1223348,AF67BE7A,1540
0,0,COM3D2x64_Data\resources.assets,402156800,D37AC2FD,1540
0,0,COM3D2x64_Data\resources.assets.resS,1799939812,B4E66390,1540
0,0,COM3D2x64_Data\resources.resource,727392,54F90BDA,1540
0,0,COM3D2x64_Data\sharedassets0.assets,115226516,F3F097DF,1540
0,0,COM3D2x64_Data\sharedassets0.assets.resS,28071636,A1AB9432,1540
0,0,COM3D2x64_Data\sharedassets1.assets,6256,2B10A5FF,1540
0,0,COM3D2x64_Data\sharedassets2.assets,6292,A94F4760,1540
0,0,COM3D2x64_Data\sharedassets3.assets,7972,9B0113B4,1540
0,0,COM3D2x64_Data\sharedassets4.assets,12916,56CCD862,1540
0,0,COM3D2x64_Data\sharedassets5.assets,7156,0CC0E04B,1540
0,0,COM3D2x64_Data\sharedassets6.assets,6136,007C2838,1540
0,0,COM3D2x64_Data\sharedassets7.assets,6976,072028E4,1540
0,0,COM3D2x64_Data\sharedassets8.assets,6136,190E3211,1540
0,0,COM3D2x64_Data\sharedassets9.assets,7096,F0B65545,1540
0,0,COM3D2x64_Data\sharedassets10.assets,6112,945D7F0D,1540
0,0,COM3D2x64_Data\sharedassets11.assets,6088,A714732A,1540
0,0,COM3D2x64_Data\sharedassets12.assets,6328,B831E9EC,1540
0,0,COM3D2x64_Data\sharedassets13.assets,6232,22E7A1C5,1540
0,0,COM3D2x64_Data\sharedassets14.assets,6688,4FC1D12D,1540
0,0,COM3D2x64_Data\sharedassets15.assets,4564,2A991DA6,1540
0,0,COM3D2x64_Data\sharedassets16.assets,6148,5CDDFB86,1540
0,0,COM3D2x64_Data\sharedassets17.assets,4132,DDFC4326,1540
0,0,COM3D2x64_Data\sharedassets18.assets,6868,783CF688,1540
0,0,COM3D2x64_Data\sharedassets19.assets,6232,8443D8C0,1540
0,0,COM3D2x64_Data\sharedassets20.assets,30936236,00A81A99,1540
0,0,COM3D2x64_Data\sharedassets21.assets,6292,B4F5758B,1540
0,0,COM3D2x64_Data\sharedassets22.assets,48052092,9C82F61E,1540
0,0,COM3D2x64_Data\sharedassets23.assets,6316,09417B0A,1540
0,0,COM3D2x64_Data\sharedassets24.assets,6376,0D0FA7F6,1540
0,0,COM3D2x64_Data\sharedassets25.assets,6184,F233A8CA,1540
0,0,COM3D2x64_Data\sharedassets26.assets,7096,0A62F072,1540
0,0,COM3D2x64_Data\sharedassets27.assets,39516308,AF6CCD4D,1540
0,0,COM3D2x64_Data\sharedassets28.assets,6184,096AB213,1540
0,0,COM3D2x64_Data\sharedassets29.assets,12664,C9622BDF,1540
0,0,COM3D2x64_Data\sharedassets30.assets,6112,57BCE6E3,1540
0,0,COM3D2x64_Data\sharedassets31.assets,18126856,5FB7399D,1540
0,0,COM3D2x64_Data\sharedassets32.assets,12328,96D83EED,1540
0,0,COM3D2x64_Data\sharedassets33.assets,4420,07B580C4,1540
0,0,COM3D2x64_Data\sharedassets34.assets,4324,2BDC5B5A,1540
0,0,COM3D2x64_Data\sharedassets35.assets,4264,1628CCFB,1540
0,0,COM3D2x64_Data\sharedassets36.assets,6124,CFC00234,1540
0,0,COM3D2x64_Data\sharedassets37.assets,145550532,5ECAD085,1540
0,0,COM3D2x64_Data\sharedassets38.assets,135254532,17903DAF,1540
0,0,COM3D2x64_Data\sharedassets39.assets,127532532,1057CE9E,1540
0,0,COM3D2x64_Data\sharedassets40.assets,7228,7C0A29D3,1540
0,0,COM3D2x64_Data\sharedassets41.assets,6976,F839AB48,1540
0,0,COM3D2x64_Data\sharedassets42.assets,6940,C534C167,1540
0,0,COM3D2x64_Data\sharedassets43.assets,9388,7EF8E7B6,1540
0,0,COM3D2x64_Data\sharedassets44.assets,9496,7AA778D9,1540
0,0,COM3D2x64_Data\sharedassets45.assets,9484,8B7F14D1,1540
0,0,COM3D2x64_Data\sharedassets46.assets,8524,3CA4CD99,1540
0,0,COM3D2x64_Data\sharedassets47.assets,6592,BB158545,1540
0,0,COM3D2x64_Data\sharedassets48.assets,8332,99FF60BD,1540
0,0,COM3D2x64_Data\sharedassets49.assets,792692,29938706,1540
0,0,COM3D2x64_Data\sharedassets49.assets.resS,6506584,427886ED,1540
0,0,COM3D2x64_Data\sharedassets50.assets,141689532,AD5F7014,1540
0,0,COM3D2x64_Data\sharedassets51.assets,6580,F8EC749C,1540
0,0,COM3D2x64_Data\sharedassets52.assets,6748,BF75150D,1540
0,0,COM3D2x64_Data\sharedassets53.assets,6520,B3EE1BE3,1540
0,0,COM3D2x64_Data\sharedassets54.assets,6124,CF56255B,1540
0,0,COM3D2x64_Data\sharedassets55.assets,128819620,DFA1C481,1540
0,0,COM3D2x64_Data\sharedassets56.assets,9256,E258B7BA,1540
0,0,COM3D2x64_Data\sharedassets57.assets,9280,BBF2F1DD,1540
0,0,COM3D2x64_Data\sharedassets58.assets,12712,EF3D9DEC,1540
0,0,COM3D2x64_Data\sharedassets59.assets,9484,CEAAA981,1540
0,0,COM3D2x64_Data\sharedassets60.assets,9292,1E2D40D7,1540
0,0,COM3D2x64_Data\sharedassets61.assets,9460,5B5FA1D9,1540
0,0,COM3D2x64_Data\sharedassets62.assets,9496,5143EBFC,1540
0,0,COM3D2x64_Data\sharedassets63.assets,6652,F13AE6AA,1540
0,0,COM3D2x64_Data\sharedassets64.assets,9460,AE25A179,1540
0,0,COM3D2x64_Data\sharedassets65.assets,42236540,FEDE320F,1540
0,0,COM3D2x64_Data\sharedassets65.assets.resS,87400,8BA6C322,1540
0,0,COM3D2x64_Data\sharedassets66.assets,38246508,20A7BB7B,1540
0,0,COM3D2x64_Data\sharedassets67.assets,32874604,5AC98A53,1540
0,0,COM3D2x64_Data\sharedassets68.assets,36735684,64CE7969,1540
0,0,COM3D2x64_Data\sharedassets68.assets.resS,174776,5B619AF1,1540
0,0,COM3D2x64_Data\sharedassets69.assets,41277360,A3EA8EDD,1540
0,0,COM3D2x64_Data\sharedassets70.assets,39399112,127F39DA,1540
0,0,COM3D2x64_Data\sharedassets71.assets,3017148,04C922C7,1540
0,0,COM3D2x64_Data\sharedassets71.assets.resS,611728,7BFBEAAE,1540
0,0,COM3D2x64_Data\sharedassets72.assets,9508,5A009066,1540
0,0,COM3D2x64_Data\sharedassets73.assets,6508,2EB20888,1540
0,0,COM3D2x64_Data\sharedassets74.assets,6508,2EB20888,1540
0,0,COM3D2x64_Data\sharedassets75.assets,6508,2EB20888,1540
0,0,COM3D2x64_Data\sharedassets76.assets,12604,D4620819,1540
0,0,COM3D2x64_Data\sharedassets77.assets,9460,D2D809A1,1540
0,0,COM3D2x64_Data\sharedassets78.assets,6472,B31FD0C5,1540
0,0,COM3D2x64_Data\sharedassets79.assets,59364,CEB8C1AA,1540
0,0,COM3D2x64_Data\sharedassets79.assets.resS,174776,B51EE5DC,1540
0,0,COM3D2x64_Data\sharedassets80.assets,6484,DB0A80C5,1540
0,0,COM3D2x64_Data\sharedassets81.assets,6736,498DEBA2,1540
0,0,COM3D2x64_Data\sharedassets82.assets,759664,8236C8C8,1540
0,0,COM3D2x64_Data\sharedassets82.assets.resS,1310880,58801C35,1540
0,0,COM3D2x64_Data\sharedassets82.resource,1178176,90268BF4,1540
0,0,COM3D2x64_Data\sharedassets83.assets,9316,8D505A93,1540
0,0,COM3D2x64_Data\sharedassets84.assets,52838324,CD482332,1540
0,0,COM3D2x64_Data\sharedassets84.assets.resS,6226112,B3E98769,1540
0,0,COM3D2x64_Data\sharedassets85.assets,6580,FF95AC6E,1540
0,0,COM3D2x64_Data\sharedassets86.assets,13852,7F53EDDF,1540
0,0,COM3D2x64_Data\sharedassets87.assets,9448,6E3B5D2A,1540
0,0,COM3D2x64_Data\sharedassets88.assets,12616,0444D034,1540
0,0,COM3D2x64_Data\sharedassets89.assets,9436,C96520E4,1540
0,0,COM3D2x64_Data\sharedassets90.assets,12628,C25E1845,1540
0,0,COM3D2x64_Data\sharedassets91.assets,9484,8B7F14D1,1540
0,0,COM3D2x64_Data\sharedassets92.assets,12616,0444D034,1540
0,0,COM3D2x64_Data\sharedassets93.assets,10384,D9DBB7BA,1540
0,0,COM3D2x64_Data\sharedassets94.assets,6868,9C7F7403,1540
0,0,COM3D2x64_Data\sharedassets95.assets,6436,854AF83A,1540
0,0,COM3D2x64_Data\sharedassets96.assets,11692,6C752008,1540
0,0,COM3D2x64_Data\sharedassets96.resource,2729184,2D4064D6,1540
0,0,COM3D2x64_Data\sharedassets97.assets,11560,29A22A82,1540
0,0,COM3D2x64_Data\sharedassets98.assets,8296,E6CB9128,1540
0,0,COM3D2x64_Data\sharedassets99.assets,7612,A2DBDFC3,1540
0,0,COM3D2x64_Data\sharedassets100.assets,353884,BF46D8B2,1540
0,0,COM3D2x64_Data\sharedassets100.assets.resS,2272048,E50143CB,1540
0,0,COM3D2x64_Data\sharedassets100.resource,6236800,C7E9CFDE,1540
0,0,COM3D2x64_Data\sharedassets101.assets,6568304,427CDB6F,1540
0,0,COM3D2x64_Data\sharedassets101.assets.resS,10936,3B0D7ADF,1540
0,0,COM3D2x64_Data\sharedassets101.resource,1136352,956B5452,1540
0,0,COM3D2x64_Data\sharedassets102.assets,10252,E5F59A5A,1540
0,0,COM3D2x64_Data\sharedassets103.assets,12796,600799D9,1540
0,0,COM3D2x64_Data\sharedassets104.assets,9592,E566DB7D,1540
0,0,COM3D2x64_Data\sharedassets105.assets,9716,19573B55,1540
0,0,COM3D2x64_Data\sharedassets105.resource,1003968,52A085C2,1540
0,0,COM3D2x64_Data\sharedassets106.assets,12916,8FDEE798,1540
0,0,COM3D2x64_Data\sharedassets107.assets,12856,975A404A,1540
0,0,COM3D2x64_Data\sharedassets108.assets,9532,1EF5D305,1540
0,0,COM3D2x64_Data\sharedassets109.assets,13300,77849A60,1540
0,0,COM3D2x64_Data\sharedassets109.resource,1166848,2709F6C2,1540
0,0,COM3D2x64_Data\sharedassets110.assets,9844,7824A1B3,1540
0,0,COM3D2x64_Data\sharedassets111.assets,6652,F986E4D3,1540
0,0,COM3D2x64_Data\sharedassets112.assets,6652,F986E4D3,1540
0,0,COM3D2x64_Data\sharedassets113.assets,6616,4A189ECE,1540
0,0,COM3D2x64_Data\sharedassets114.assets,6340,D981348A,1540
0,0,COM3D2x64_Data\sharedassets115.assets,6616,4A189ECE,1540
0,0,COM3D2x64_Data\sharedassets116.assets,6712,1817EAAC,1540
0,0,COM3D2x64_Data\sharedassets117.assets,6616,4A189ECE,1540
0,0,COM3D2x64_Data\sharedassets118.assets,153076520,4A5CB49A,1540
0,0,COM3D2x64_Data\sharedassets119.assets,9520,D68C0F3A,1540
0,0,COM3D2x64_Data\sharedassets120.assets,394864,D76AE162,1540
0,0,COM3D2x64_Data\sharedassets120.assets.resS,2184640,DF887086,1540
0,0,COM3D2x64_Data\sharedassets121.assets,9700,5DC0435F,1540
0,0,COM3D2x64_Data\sharedassets121.resource,2751968,AE761A89,1540
0,0,COM3D2x64_Data\sharedassets122.assets,12844,B27A3389,1540
0,0,GameData\csv.arc,9052673,AF79C48E,1542
0,0,GameData\csv_enpublic.arc,449122,38A8FE6F,1540
0,0,GameData\language.arc,687608,43B82D57,1549
0,0,GameData\motion2.arc,22621675,A075E230,1540
0,0,GameData\parts2.arc,152381291,3C1D1448,1540
0,0,GameData\paths.dat,10277,F1D724B0,1544
0,0,GameData\prioritymaterial.arc,430938,AFD9F456,1546
0,0,GameData\script.arc,3853025,EA6166DF,1542
0,0,GameData\sound2.arc,6181152,2D5B88B7,1501
0,0,GameData\system_enpublic_2.arc,1040568,16239324,1540
0,0,GameData\system2.arc,11932490,04CCA0C0,1540
0,0,COM3D2.exe,7992832,55518915,2007
0,0,COM3D2x64.exe,22841856,A9562BF9,1041
