0,0,CM3D2OH.exe,7707136,A913B79B,1007
0,0,CM3D2OHx86.exe,11632128,19E472F9,143
0,0,LICENSE,19099,328E95A1,1430
0,0,CM3D2OHx86_Data\level0,171112,81AA385C,1430
0,0,CM3D2OHx86_Data\level1,239256,DCE82205,1430
0,0,CM3D2OHx86_Data\level10,4376,D06024D6,1430
0,0,CM3D2OHx86_Data\level11,159936,DBECFA7F,1430
0,0,CM3D2OHx86_Data\level12,4376,72AB674E,1430
0,0,CM3D2OHx86_Data\level13,173512,0DBA7485,1430
0,0,CM3D2OHx86_Data\level14,235680,FF09EA6E,1430
0,0,CM3D2OHx86_Data\level15,372136,384C46A0,1430
0,0,CM3D2OHx86_Data\level16,177344,5AF49D85,1430
0,0,CM3D2OHx86_Data\level17,449712,6757FEA6,1430
0,0,CM3D2OHx86_Data\level18,220432,B9C25870,1430
0,0,CM3D2OHx86_Data\level19,558304,653C092E,1430
0,0,CM3D2OHx86_Data\level2,494776,AACAD7FB,1430
0,0,CM3D2OHx86_Data\level20,1061440,EB4B765E,1430
0,0,CM3D2OHx86_Data\level21,437504,84744574,1430
0,0,CM3D2OHx86_Data\level22,507864,1EE4BC07,1430
0,0,CM3D2OHx86_Data\level23,692400,DEEC8B5B,1430
0,0,CM3D2OHx86_Data\level24,612096,92E62856,1430
0,0,CM3D2OHx86_Data\level3,564656,A763A49D,1430
0,0,CM3D2OHx86_Data\level4,157280,47FE97FE,1430
0,0,CM3D2OHx86_Data\level5,193880,F848EBEF,1430
0,0,CM3D2OHx86_Data\level6,156856,70FB9BF4,1430
0,0,CM3D2OHx86_Data\level7,181200,F862B8D2,1430
0,0,CM3D2OHx86_Data\level8,157704,69D2401F,1430
0,0,CM3D2OHx86_Data\level9,459528,372E1255,1430
0,0,CM3D2OHx86_Data\mainData,1088360,1EFD33AA,1430
0,0,CM3D2OHx86_Data\PlayerConnectionConfigFile,21,7F99C1F4,1430
0,0,CM3D2OHx86_Data\resources.assets,347439464,8B560DA2,1430
0,0,CM3D2OHx86_Data\sharedassets0.assets,237469640,FDA0B0A2,1430
0,0,CM3D2OHx86_Data\sharedassets1.assets,6649432,18831461,1430
0,0,CM3D2OHx86_Data\sharedassets10.assets,4554008,98515EB0,1430
0,0,CM3D2OHx86_Data\sharedassets11.assets,4112,B9847E5D,1430
0,0,CM3D2OHx86_Data\sharedassets12.assets,4200984,80589881,1430
0,0,CM3D2OHx86_Data\sharedassets13.assets,4112,486A72EE,1430
0,0,CM3D2OHx86_Data\sharedassets14.assets,119196164,6D29DA76,1430
0,0,CM3D2OHx86_Data\sharedassets15.assets,3691836,F583B8FF,1430
0,0,CM3D2OHx86_Data\sharedassets16.assets,1587716,400231EF,1430
0,0,CM3D2OHx86_Data\sharedassets17.assets,5408,197263BD,1430
0,0,CM3D2OHx86_Data\sharedassets18.assets,72712,D8BD2788,1430
0,0,CM3D2OHx86_Data\sharedassets19.assets,5496,64251771,1430
0,0,CM3D2OHx86_Data\sharedassets2.assets,10497844,887C97A2,1430
0,0,CM3D2OHx86_Data\sharedassets20.assets,1423828,251584DE,1430
0,0,CM3D2OHx86_Data\sharedassets21.assets,5598924,E5760B46,1430
0,0,CM3D2OHx86_Data\sharedassets22.assets,39509552,1F4065E8,1430
0,0,CM3D2OHx86_Data\sharedassets23.assets,67724960,8C1FCB94,1430
0,0,CM3D2OHx86_Data\sharedassets24.assets,67946676,8DF5DDAE,1430
0,0,CM3D2OHx86_Data\sharedassets25.assets,57361460,0BA65808,1430
0,0,CM3D2OHx86_Data\sharedassets3.assets,36843980,BBF72A12,1430
0,0,CM3D2OHx86_Data\sharedassets4.assets,6952228,00E84066,1430
0,0,CM3D2OHx86_Data\sharedassets5.assets,503424,BE239939,1430
0,0,CM3D2OHx86_Data\sharedassets6.assets,11891708,2B0AF754,1430
0,0,CM3D2OHx86_Data\sharedassets7.assets,466396,D3C535DD,1430
0,0,CM3D2OHx86_Data\sharedassets8.assets,5368,D4C0A19A,1430
0,0,CM3D2OHx86_Data\sharedassets9.assets,1388576,659AE5BE,1430
0,0,CM3D2OHx86_Data\Managed\Accessibility.dll,10752,C80413DC,1430
0,0,CM3D2OHx86_Data\Managed\Assembly-CSharp-firstpass.dll,556544,C18DE83A,1430
0,0,CM3D2OHx86_Data\Managed\Assembly-CSharp.dll,2279424,24BF6599,1430
0,0,CM3D2OHx86_Data\Managed\Assembly-UnityScript-firstpass.dll,65024,43E61C81,1430
0,0,CM3D2OHx86_Data\Managed\Boo.Lang.dll,126976,E379C12B,1430
0,0,CM3D2OHx86_Data\Managed\Ionic.Zlib.dll,102400,7C9E7DD2,1430
0,0,CM3D2OHx86_Data\Managed\JsonFx.Json.dll,70144,A0F0CFCB,1430
0,0,CM3D2OHx86_Data\Managed\Mono.Data.Tds.dll,96256,10E297D4,1430
0,0,CM3D2OHx86_Data\Managed\Mono.Posix.dll,184320,82B6C163,1430
0,0,CM3D2OHx86_Data\Managed\Mono.Security.dll,294912,C759B90F,1430
0,0,CM3D2OHx86_Data\Managed\Mono.WebBrowser.dll,172032,3BD66294,1430
0,0,CM3D2OHx86_Data\Managed\mscorlib.dll,2590208,54064D59,1430
0,0,CM3D2OHx86_Data\Managed\System.Configuration.dll,124928,CA10261D,1430
0,0,CM3D2OHx86_Data\Managed\System.Core.dll,300032,615F5AFE,1430
0,0,CM3D2OHx86_Data\Managed\System.Data.dll,856064,E7FF9373,1430
0,0,CM3D2OHx86_Data\Managed\System.dll,1678848,0F9C1035,1430
0,0,CM3D2OHx86_Data\Managed\System.Drawing.Design.dll,29696,E7B53FF9,1430
0,0,CM3D2OHx86_Data\Managed\System.Drawing.dll,448512,C4B2E872,1430
0,0,CM3D2OHx86_Data\Managed\System.EnterpriseServices.dll,46592,4FFDA4D6,1430
0,0,CM3D2OHx86_Data\Managed\System.Security.dll,135168,B020F0F1,1430
0,0,CM3D2OHx86_Data\Managed\System.Transactions.dll,27648,E3B069A5,1430
0,0,CM3D2OHx86_Data\Managed\System.Windows.Forms.dll,3053568,56394001,1430
0,0,CM3D2OHx86_Data\Managed\System.Xml.dll,1270272,C76991B8,1430
0,0,CM3D2OHx86_Data\Managed\System.Xml.Linq.dll,106496,1E91F41B,1430
0,0,CM3D2OHx86_Data\Managed\UnityEngine.dll,614912,EDA0EE35,1430
0,0,CM3D2OHx86_Data\Managed\UnityEngine.UI.dll,176128,59066003,1430
0,0,CM3D2OHx86_Data\Managed\UnityScript.Lang.dll,14336,7309FF69,1430
0,0,CM3D2OHx86_Data\Managed\zxing.unity.dll,430592,9FD1F198,1430
0,0,CM3D2OHx86_Data\Mono\mono.dll,2103296,6E4591F8,1430
0,0,CM3D2OHx86_Data\Mono\etc\mono\browscap.ini,311984,CE6C0AB3,1430
0,0,CM3D2OHx86_Data\Mono\etc\mono\config,1691,A635914A,1430
0,0,CM3D2OHx86_Data\Mono\etc\mono\1.0\DefaultWsdlHelpGenerator.aspx,58196,10E814BF,1430
0,0,CM3D2OHx86_Data\Mono\etc\mono\1.0\machine.config,17259,82F1AD8B,1430
0,0,CM3D2OHx86_Data\Mono\etc\mono\2.0\DefaultWsdlHelpGenerator.aspx,60453,F3869A34,1430
0,0,CM3D2OHx86_Data\Mono\etc\mono\2.0\machine.config,27626,4F6C3F79,1430
0,0,CM3D2OHx86_Data\Mono\etc\mono\2.0\settings.map,2618,A1A3C29F,1430
0,0,CM3D2OHx86_Data\Mono\etc\mono\2.0\web.config,11686,534A9960,1430
0,0,CM3D2OHx86_Data\Mono\etc\mono\2.0\Browsers\Compat.browser,1605,2E178A0B,1430
0,0,CM3D2OHx86_Data\Mono\etc\mono\mconfig\config.xml,25817,80B2033A,1430
0,0,CM3D2OHx86_Data\Plugins\cm3d2_hole_x86.dll,266240,5C01E01F,1430
0,0,CM3D2OHx86_Data\Plugins\cm3d2_x86.dll,1330176,1C5F4B8A,1430
0,0,CM3D2OHx86_Data\Plugins\device_hook.dll,98816,32DA7957,1430
0,0,CM3D2OHx86_Data\Resources\unity default resources,1571709,31020360,1430
0,0,CM3D2OHx86_Data\Resources\unity_builtin_extra,372672,B51FCBBC,1430
0,0,GameData\bg_pp001_2.arc,1237157,C9D912F7,1220
0,0,GameData\csv.arc,2609072,B972965C,1430
0,0,GameData\csv_addpose001.arc,1235,D06FCA6D,1220
0,0,GameData\csv_cbl.arc,652415,3725BFE7,1411
0,0,GameData\csv_pp001_2.arc,10034,29181748,1370
0,0,GameData\csv_urayome001_2.arc,1714,1D92B577,1401
0,0,GameData\csv_vp001_2.arc,2082,25E58CEB,1160
0,0,GameData\material2.arc,207669,1E308A48,1313
0,0,GameData\material_denkigai2015s003_2.arc,7106,0C82D791,1150
0,0,GameData\material_denkigai2015wTowelR.arc,1602,618192B9,1360
0,0,GameData\material_dlc055_2.arc,5282,11A93109,1280
0,0,GameData\material_dlsite_2.arc,1762,C5A837EA,1150
0,0,GameData\material_shop001_2.arc,1762,D98CED1C,1150
0,0,GameData\material_shop002_2.arc,1762,956BB00E,1150
0,0,GameData\material_shop003_2.arc,1762,38CEBFF2,1150
0,0,GameData\material_shop005_2.arc,1714,3E621A32,1150
0,0,GameData\material_shop007_2.arc,2578,C8CE627C,1150
0,0,GameData\material_vp001_2.arc,11890,8CB043B0,1400
0,0,GameData\material_yomeido003_2.arc,1522,0689A7AC,1240
0,0,GameData\menu2.arc,239183,456CA15F,1420
0,0,GameData\menu_denkigai2015s001_2.arc,6594,8B3E849F,1160
0,0,GameData\menu_denkigai2015s003_2.arc,4338,D294CE88,1150
0,0,GameData\menu_denkigai2015wTowelR.arc,1282,CECEE1FC,1360
0,0,GameData\menu_denkigai2016s_2.arc,1346,4A9440B1,1351
0,0,GameData\menu_dlc026_2.arc,3778,69453D54,1190
0,0,GameData\menu_dlc028_2.arc,3874,DE3F1C31,1200
0,0,GameData\menu_dlc041_2.arc,6786,97F738D3,1380
0,0,GameData\menu_dlc061_2.arc,3810,F99C1D4E,1290
0,0,GameData\menu_dlc065_2.arc,7602,D9387834,1380
0,0,GameData\menu_dlc074_2.arc,5618,24C559D7,1312
0,0,GameData\menu_dlc100_2.arc,1250,DFF94E9A,1400
0,0,GameData\menu_dlsite_2.arc,1954,B2268BA7,1150
0,0,GameData\menu_personal002_2.arc,1282,5687650C,1310
0,0,GameData\menu_shop001_2.arc,3314,35207C87,1150
0,0,GameData\menu_shop005_2.arc,1378,0C9AF725,1150
0,0,GameData\menu_vp001_2.arc,19138,7C7AFD9C,1400
0,0,GameData\menu_yomeido003_2.arc,1234,4D6F619D,1240
0,0,GameData\menu_yomeidogp_wedding_2.arc,3954,C251B12C,1320
0,0,GameData\model2.arc,13629623,D248C55F,1420
0,0,GameData\model_denkigai2015s003_2.arc,394665,41A48185,1150
0,0,GameData\model_denkigai2015wTowelR.arc,38258,FB570A24,1360
0,0,GameData\model_dlc005_2.arc,175424,F7DD7D82,1270
0,0,GameData\model_dlc046_2.arc,155690,83B34173,1220
0,0,GameData\model_dlc073_2.arc,267037,47D33A06,1320
0,0,GameData\model_dlc100_2.arc,691347,7C3D679D,1400
0,0,GameData\model_dlsite_2.arc,197173,24366C43,1150
0,0,GameData\model_shop001_2.arc,115215,9C941FAF,1150
0,0,GameData\model_shop002_2.arc,251253,743C3D97,1150
0,0,GameData\model_shop003_2.arc,185433,A15EC70A,1150
0,0,GameData\model_shop005_2.arc,150103,FB5341FA,1150
0,0,GameData\model_shop007_2.arc,288759,80615CBD,1150
0,0,GameData\model_vp001_2.arc,647957,D68B5D2F,1400
0,0,GameData\motion_cbl2.arc,18781367,CE3C6303,1400
0,0,GameData\motion_cbl_addpose001.arc,902201,447E5863,1220
0,0,GameData\motion_cbl_pp002_2.arc,62463881,9CEF1E84,1360
0,0,GameData\motion_cbl_vp001_2.arc,141603,80D0D160,1160
0,0,GameData\motion_cbl_ytgc003_2.arc,296091,68096F71,1340
0,0,GameData\motion_cbl_ytgc002_2.arc,2475220,008FABF0,1160
0,0,GameData\paths.dat,2831,D612F8B9,1430
0,0,GameData\prioritymaterial.arc,146519,6B02E80D,1430
0,0,GameData\script_cbl.arc,2359600,A385CDDC,1430
0,0,GameData\script_cbl_addpose001.arc,1219,0C884F57,1220
0,0,GameData\script_cbl_denkigai2016s_2.arc,81434,8C81CD11,1370
0,0,GameData\script_cbl_denkigai2016sSukumizu_2.arc,28002,5783CE35,1370
0,0,GameData\script_cbl_personal001_2.arc,340451,B4150145,1260
0,0,GameData\script_cbl_personal003_2.arc,233458,FEF36EF9,1420
0,0,GameData\texture3.arc,21386296,0B1286F5,1420
0,0,GameData\texture_addpose001.arc,23943,1D529A44,1220
0,0,GameData\texture_denkigai2015wTowelR.arc,133065,FE4BDC34,1360
0,0,GameData\texture_dlc004_2.arc,4805734,C8E5CFB4,1200
0,0,GameData\texture_dlc046_2.arc,596960,FC606BA5,1220
0,0,GameData\texture_vp001_2.arc,755269,18D5027D,1400
0,0,GameData\texture_yomeido003_2.arc,117248,0EE72B42,1240
0,0,GameData\sound2.arc,12017684,3FAA939B,1330
0,0,GameData\system_cbl.arc,535,0B028230,1419
0,0,GameData\voice_cbl2.arc,9627083,76D43E7B,1090
0,0,manual\data\005.png,459612,3AF928C5,1170
0,0,manual\data\010.png,800070,5269304C,1170
0,0,PhotoModeData\Mod\Motion\readme.txt,146,3BF5AF4D,1220
0,0,Preset\8_ren_1_yosiko.preset,55432,D54FD70C,1220
0,0,Preset\8_ren_2_ayumi.preset,51097,3C44F9DB,1220
0,0,Preset\8_ren_3_sakura.preset,52635,33F54D90,1220
0,0,Preset\8_ren_4_ai.preset,46819,9B6E5960,1220
