0,0,CM3D2OH.exe,9101312,BFC22264,1004
0,0,CM3D2OHx64.exe,14914560,1CE8D13F,110
0,0,CM3D2OHx64_Data\level0,154376,2CAD5415,110
0,0,CM3D2OHx64_Data\level1,220752,C8125C5F,110
0,0,CM3D2OHx64_Data\level10,4376,D4D0A5DE,110
0,0,CM3D2OHx64_Data\level11,143184,FE319107,110
0,0,CM3D2OHx64_Data\level12,4376,4E98A60C,110
0,0,CM3D2OHx64_Data\level13,140880,8223AC14,110
0,0,CM3D2OHx64_Data\level14,193328,EDD2AC8B,110
0,0,CM3D2OHx64_Data\level15,352000,9DF35BE8,110
0,0,CM3D2OHx64_Data\level2,475288,3D3FBD74,110
0,0,CM3D2OHx64_Data\level3,545944,63253785,110
0,0,CM3D2OHx64_Data\level4,140528,04B6D41C,110
0,0,CM3D2OHx64_Data\level5,177144,BA702B0D,110
0,0,CM3D2OHx64_Data\level6,140120,F7C888E4,110
0,0,CM3D2OHx64_Data\level7,164464,53C7985F,110
0,0,CM3D2OHx64_Data\level8,140120,95BD5B35,110
0,0,CM3D2OHx64_Data\level9,428944,D2640D11,110
0,0,CM3D2OHx64_Data\mainData,853200,8C97CCF4,110
0,0,CM3D2OHx64_Data\PlayerConnectionConfigFile,21,EDF61A1A,110
0,0,CM3D2OHx64_Data\resources.assets,213655292,5D3299EF,110
0,0,CM3D2OHx64_Data\sharedassets0.assets,236804000,7CB4F00E,110
0,0,CM3D2OHx64_Data\sharedassets1.assets,6998796,B853C0B1,110
0,0,CM3D2OHx64_Data\sharedassets10.assets,3854600,5EB577C2,110
0,0,CM3D2OHx64_Data\sharedassets11.assets,4112,BC649B26,110
0,0,CM3D2OHx64_Data\sharedassets12.assets,4200896,3C7095E7,110
0,0,CM3D2OHx64_Data\sharedassets13.assets,4112,91CEB118,110
0,0,CM3D2OHx64_Data\sharedassets14.assets,2814296,DEA43362,110
0,0,CM3D2OHx64_Data\sharedassets15.assets,3691748,7C9613F5,110
0,0,CM3D2OHx64_Data\sharedassets16.assets,32510400,A73E44C2,110
0,0,CM3D2OHx64_Data\sharedassets16.assets.resS,1857256,5A8E845B,110
0,0,CM3D2OHx64_Data\sharedassets2.assets,9797652,6B426BDC,110
0,0,CM3D2OHx64_Data\sharedassets3.assets,155814788,C67795DC,110
0,0,CM3D2OHx64_Data\sharedassets3.assets.resS,3985350,98874744,110
0,0,CM3D2OHx64_Data\sharedassets4.assets,6952140,F212C12D,110
0,0,CM3D2OHx64_Data\sharedassets5.assets,503336,2E24C95B,110
0,0,CM3D2OHx64_Data\sharedassets6.assets,11891548,209A3381,110
0,0,CM3D2OHx64_Data\sharedassets7.assets,466308,89E4093A,110
0,0,CM3D2OHx64_Data\sharedassets8.assets,5280,3FA4DDD8,110
0,0,CM3D2OHx64_Data\sharedassets9.assets,466308,089EE6B3,110
0,0,CM3D2OHx64_Data\Managed\Accessibility.dll,10752,A358E135,110
0,0,CM3D2OHx64_Data\Managed\Assembly-CSharp-firstpass.dll,167936,72460DA2,110
0,0,CM3D2OHx64_Data\Managed\Assembly-CSharp.dll,1867264,7D060D75,110
0,0,CM3D2OHx64_Data\Managed\Assembly-UnityScript-firstpass.dll,65024,6E970F1B,110
0,0,CM3D2OHx64_Data\Managed\Boo.Lang.dll,126976,B1FDC6B6,110
0,0,CM3D2OHx64_Data\Managed\JsonFx.Json.dll,70144,A0F0CFCB,110
0,0,CM3D2OHx64_Data\Managed\Mono.Data.Tds.dll,96256,DE9FBD55,110
0,0,CM3D2OHx64_Data\Managed\Mono.Posix.dll,184320,A333AAF5,110
0,0,CM3D2OHx64_Data\Managed\Mono.Security.dll,294912,D5BB48FC,110
0,0,CM3D2OHx64_Data\Managed\Mono.WebBrowser.dll,172032,5D310803,110
0,0,CM3D2OHx64_Data\Managed\mscorlib.dll,2590208,5A5FF75C,110
0,0,CM3D2OHx64_Data\Managed\System.Configuration.dll,124928,F88CF714,110
0,0,CM3D2OHx64_Data\Managed\System.Core.dll,300032,0504C277,110
0,0,CM3D2OHx64_Data\Managed\System.Data.dll,856064,1DE4F5EB,110
0,0,CM3D2OHx64_Data\Managed\System.dll,1678848,08B8E16D,110
0,0,CM3D2OHx64_Data\Managed\System.Drawing.Design.dll,29696,E7B53FF9,110
0,0,CM3D2OHx64_Data\Managed\System.Drawing.dll,448512,C4B2E872,110
0,0,CM3D2OHx64_Data\Managed\System.EnterpriseServices.dll,46592,1B56067D,110
0,0,CM3D2OHx64_Data\Managed\System.Security.dll,135168,A9F5B9F1,110
0,0,CM3D2OHx64_Data\Managed\System.Transactions.dll,27648,DE82E2C6,110
0,0,CM3D2OHx64_Data\Managed\System.Windows.Forms.dll,3053568,56394001,110
0,0,CM3D2OHx64_Data\Managed\System.Xml.dll,1270272,BCE39995,110
0,0,CM3D2OHx64_Data\Managed\System.Xml.Linq.dll,106496,1062D683,110
0,0,CM3D2OHx64_Data\Managed\UnityEngine.dll,614912,9B33F0CD,110
0,0,CM3D2OHx64_Data\Managed\UnityEngine.UI.dll,176128,078A6C17,110
0,0,CM3D2OHx64_Data\Managed\UnityScript.Lang.dll,14336,FAB8DDA9,110
0,0,CM3D2OHx64_Data\Mono\mono.dll,2601984,5E0870C0,110
0,0,CM3D2OHx64_Data\Mono\etc\mono\browscap.ini,311984,CE6C0AB3,110
0,0,CM3D2OHx64_Data\Mono\etc\mono\config,1691,A635914A,110
0,0,CM3D2OHx64_Data\Mono\etc\mono\1.0\DefaultWsdlHelpGenerator.aspx,58196,10E814BF,110
0,0,CM3D2OHx64_Data\Mono\etc\mono\1.0\machine.config,17259,82F1AD8B,110
0,0,CM3D2OHx64_Data\Mono\etc\mono\2.0\DefaultWsdlHelpGenerator.aspx,60453,F3869A34,110
0,0,CM3D2OHx64_Data\Mono\etc\mono\2.0\machine.config,27626,4F6C3F79,110
0,0,CM3D2OHx64_Data\Mono\etc\mono\2.0\settings.map,2618,A1A3C29F,110
0,0,CM3D2OHx64_Data\Mono\etc\mono\2.0\web.config,11686,534A9960,110
0,0,CM3D2OHx64_Data\Mono\etc\mono\2.0\Browsers\Compat.browser,1605,2E178A0B,110
0,0,CM3D2OHx64_Data\Mono\etc\mono\mconfig\config.xml,25817,80B2033A,110
0,0,CM3D2OHx64_Data\Plugins\cm3d2_hole_x64.dll,339968,0D474C6D,110
0,0,CM3D2OHx64_Data\Plugins\cm3d2_x64.dll,1473536,4677D0C8,110
0,0,CM3D2OHx64_Data\Plugins\device_hook.dll,87552,65F0207E,110
0,0,CM3D2OHx64_Data\Resources\unity default resources,1571709,31020360,110
0,0,CM3D2OHx64_Data\Resources\unity_builtin_extra,372672,3A678224,110
0,0,GameData\csv.arc,1388836,6637E6C8,110
0,0,GameData\csv_cbl.arc,144488,BA7884DA,110
0,0,GameData\material2.arc,30840,B7AACB55,109
0,0,GameData\menu2.arc,160575,53AFF8A2,109
0,0,GameData\model2.arc,3205252,746D64FA,109
0,0,GameData\paths.dat,361,EE67E1FC,110
0,0,GameData\script_cbl.arc,1251680,1F68AB0F,110
0,0,GameData\texture2.arc,700882567,805D0803,109
0,0,GameData\voice_cbl2.arc,9627083,76D43E7B,109
