0,0,COM3D2x64_Data\Managed\Accessibility.dll,10752,5CB31E4E,24500
0,0,COM3D2x64_Data\Managed\Assembly-CSharp.dll,6146560,8E21A8FB,24500
0,0,COM3D2x64_Data\Managed\Assembly-CSharp-firstpass.dll,788480,9D54E118,24500
0,0,COM3D2x64_Data\Managed\Assembly-UnityScript-firstpass.dll,65024,37736DC0,24500
0,0,COM3D2x64_Data\Managed\Boo.Lang.dll,126976,28383F70,24500
0,0,COM3D2x64_Data\Managed\BouncyCastle.Crypto.dll,2236416,5A4C4F07,24500
0,0,COM3D2x64_Data\Managed\FoveUnityPlugin.dll,28672,A6EA882B,24500
0,0,COM3D2x64_Data\Managed\ICSharpCode.SharpZipLib.dll,200704,D3160A1C,24500
0,0,COM3D2x64_Data\Managed\Ionic.Zlib.dll,102400,7C9E7DD2,24500
0,0,COM3D2x64_Data\Managed\JsonFx.Json.dll,70144,A0F0CFCB,24500
0,0,COM3D2x64_Data\Managed\LeapCSharp.NET3.5.dll,82432,38E38212,24500
0,0,COM3D2x64_Data\Managed\Mono.Data.Tds.dll,96256,2965324B,24500
0,0,COM3D2x64_Data\Managed\Mono.Posix.dll,184320,0CE35BE3,24500
0,0,COM3D2x64_Data\Managed\Mono.Security.dll,294912,66EB9979,24500
0,0,COM3D2x64_Data\Managed\Mono.WebBrowser.dll,172032,137B736F,24500
0,0,COM3D2x64_Data\Managed\mscorlib.dll,2590208,5166389B,24500
0,0,COM3D2x64_Data\Managed\Newtonsoft.Json.dll,494592,5C881B73,24500
0,0,COM3D2x64_Data\Managed\System.Configuration.dll,124928,72952344,24500
0,0,COM3D2x64_Data\Managed\System.Core.dll,297472,9E3EE5D7,24500
0,0,COM3D2x64_Data\Managed\System.Data.dll,856064,DDDB80CD,24500
0,0,COM3D2x64_Data\Managed\System.dll,1679360,13922617,24500
0,0,COM3D2x64_Data\Managed\System.Drawing.Design.dll,29696,E7B53FF9,24500
0,0,COM3D2x64_Data\Managed\System.Drawing.dll,448512,C4B2E872,24500
0,0,COM3D2x64_Data\Managed\System.EnterpriseServices.dll,46592,2C72A9FE,24500
0,0,COM3D2x64_Data\Managed\System.Security.dll,135168,1CE94C57,24500
0,0,COM3D2x64_Data\Managed\System.Transactions.dll,27648,45299FCF,24500
0,0,COM3D2x64_Data\Managed\System.Windows.Forms.dll,3053568,56394001,24500
0,0,COM3D2x64_Data\Managed\System.Xml.dll,1270272,4581A35B,24500
0,0,COM3D2x64_Data\Managed\System.Xml.Linq.dll,106496,E844371C,24500
0,0,COM3D2x64_Data\Managed\UnityEngine.dll,1393152,2C35388C,24500
0,0,COM3D2x64_Data\Managed\UnityEngine.dll.mdb,449828,8610375E,24500
0,0,COM3D2x64_Data\Managed\UnityEngine.Networking.dll,253952,2BDF701F,24500
0,0,COM3D2x64_Data\Managed\UnityEngine.UI.dll,245760,FA552B2D,24500
0,0,COM3D2x64_Data\Managed\UnityEngine.VR.dll,3072,A4582CD6,24500
0,0,COM3D2x64_Data\Managed\UnityScript.Lang.dll,13824,0DA8F681,24500
0,0,COM3D2x64_Data\Managed\Win32.dll,13312,7781C2A2,24500
0,0,COM3D2x64_Data\Managed\zxing.unity.dll,430592,9FD1F198,24500
0,0,COM3D2x64_Data\Mono\etc\mono\1.0\DefaultWsdlHelpGenerator.aspx,58196,10E814BF,24500
0,0,COM3D2x64_Data\Mono\etc\mono\1.0\machine.config,17258,EDE1AC59,24500
0,0,COM3D2x64_Data\Mono\etc\mono\2.0\Browsers\Compat.browser,1605,2E178A0B,24500
0,0,COM3D2x64_Data\Mono\etc\mono\2.0\DefaultWsdlHelpGenerator.aspx,60453,F3869A34,24500
0,0,COM3D2x64_Data\Mono\etc\mono\2.0\machine.config,27625,73C91C24,24500
0,0,COM3D2x64_Data\Mono\etc\mono\2.0\settings.map,2618,A1A3C29F,24500
0,0,COM3D2x64_Data\Mono\etc\mono\2.0\web.config,11686,534A9960,24500
0,0,COM3D2x64_Data\Mono\etc\mono\mconfig\config.xml,25817,80B2033A,24500
0,0,COM3D2x64_Data\Mono\etc\mono\browscap.ini,311984,CE6C0AB3,24500
0,0,COM3D2x64_Data\Mono\etc\mono\config,1691,A635914A,24500
0,0,COM3D2x64_Data\Mono\mono.dll,2618816,0BEA8C0F,24500
0,0,COM3D2x64_Data\Mono\MonoPosixHelper.dll,113664,9B5E1E4D,24500
0,0,COM3D2x64_Data\Plugins\assimp.dll,4388864,7C910D84,24500
0,0,COM3D2x64_Data\Plugins\Audio360.dll,1956352,0D4B8E9D,24500
0,0,COM3D2x64_Data\Plugins\AVProVideo.dll,886272,278352F0,24500
0,0,COM3D2x64_Data\Plugins\clothpp.dll,112128,7C3264A4,24500
0,0,COM3D2x64_Data\Plugins\cm3d2.dll,2265088,CA67D1AD,24500
0,0,COM3D2x64_Data\Plugins\device_hook.dll,738816,F61E7CED,24500
0,0,COM3D2x64_Data\Plugins\FbxExporterCore.dll,12491776,CBAA51C1,24500
0,0,COM3D2x64_Data\Plugins\FoveClient.dll,1849384,58C8B4F6,24500
0,0,COM3D2x64_Data\Plugins\LeapC.dll,2516992,FBDD3767,24500
0,0,COM3D2x64_Data\Plugins\openvr_api.dll,318272,44432E0F,24500
0,0,COM3D2x64_Data\Plugins\OVRGamepad.dll,12800,2C526135,24500
0,0,COM3D2x64_Data\Plugins\OVRLipSync.dll,2512296,391C1F4C,24500
0,0,COM3D2x64_Data\Plugins\OVRPlugin.dll,1898408,5DD05B6C,24500
0,0,COM3D2x64_Data\Plugins\Win32-WebView.dll,504832,382AEE66,24500
0,0,COM3D2x64_Data\Resources\unity default resources,752360,71DB1AEA,24500
0,0,COM3D2x64_Data\Resources\unity_builtin_extra,284012,91145F7F,24500
0,0,COM3D2x64_Data\app.info,27,F9A266E7,24500
0,0,COM3D2x64_Data\globalgamemanagers,5368140,3C0039A1,24500
0,0,COM3D2x64_Data\globalgamemanagers.assets,257676,2A2E181E,24500
0,0,COM3D2x64_Data\level0,356324,BA07E7FC,24500
0,0,COM3D2x64_Data\level1,379468,51F8AC12,24500
0,0,COM3D2x64_Data\level2,374300,9A0210BE,24500
0,0,COM3D2x64_Data\level3,1291404,83625444,24500
0,0,COM3D2x64_Data\level4,1245508,DF9D38C6,24500
0,0,COM3D2x64_Data\level5,1344508,BC9AA608,24500
0,0,COM3D2x64_Data\level6,358308,B9BFFE7B,24500
0,0,COM3D2x64_Data\level7,1091388,6B688AC1,24500
0,0,COM3D2x64_Data\level8,388884,51E90EB3,24500
0,0,COM3D2x64_Data\level9,455428,10D51019,24500
0,0,COM3D2x64_Data\level10,383500,322956DC,24500
0,0,COM3D2x64_Data\level11,356836,13D059CF,24500
0,0,COM3D2x64_Data\level12,470756,2FAACA14,24500
0,0,COM3D2x64_Data\level13,360948,4BAED8AD,24500
0,0,COM3D2x64_Data\level14,913588,C0A46FBF,24500
0,0,COM3D2x64_Data\level15,7524,A0131AE2,24500
0,0,COM3D2x64_Data\level16,358780,1C34C76C,24500
0,0,COM3D2x64_Data\level17,4664,BD01E57F,24500
0,0,COM3D2x64_Data\level18,375468,7E43A789,24500
0,0,COM3D2x64_Data\level19,365148,3456583B,24500
0,0,COM3D2x64_Data\level20,987956,C7FB6F44,24500
0,0,COM3D2x64_Data\level21,468436,90DAE189,24500
0,0,COM3D2x64_Data\level22,1117604,89BC9BC1,24500
0,0,COM3D2x64_Data\level23,441468,A8D2F7F0,24500
0,0,COM3D2x64_Data\level24,711820,F0004E30,24500
0,0,COM3D2x64_Data\level25,378804,D570AA09,24500
0,0,COM3D2x64_Data\level26,2235316,58C1B1BC,24500
0,0,COM3D2x64_Data\level27,1147620,0F8FBEBB,24500
0,0,COM3D2x64_Data\level28,378804,65524966,24500
0,0,COM3D2x64_Data\level29,1120924,4973AB81,24500
0,0,COM3D2x64_Data\level30,371428,3BC4DEF5,24500
0,0,COM3D2x64_Data\level31,478540,89214EA7,24500
0,0,COM3D2x64_Data\level32,27904,214C3CAF,24500
0,0,COM3D2x64_Data\level32.resS,131232,851AC384,24500
0,0,COM3D2x64_Data\level33,51676,D489D36D,24500
0,0,COM3D2x64_Data\level34,56036,EEE8B2A6,24500
0,0,COM3D2x64_Data\level35,6824,77FD6CEC,24500
0,0,COM3D2x64_Data\level36,357228,571116DF,24500
0,0,COM3D2x64_Data\level37,1608916,D25BAAC0,24500
0,0,COM3D2x64_Data\level38,1465556,6A2A1502,24500
0,0,COM3D2x64_Data\level39,1487148,CBE1ACEC,24500
0,0,COM3D2x64_Data\level40,474884,195E8FBC,24500
0,0,COM3D2x64_Data\level41,426252,00876147,24500
0,0,COM3D2x64_Data\level42,457668,065C99D8,24500
0,0,COM3D2x64_Data\level43,1382556,F6D3D6DD,24500
0,0,COM3D2x64_Data\level44,1447020,AF9FE1AA,24500
0,0,COM3D2x64_Data\level45,1572428,0E23C184,24500
0,0,COM3D2x64_Data\level46,444852,51559D1F,24500
0,0,COM3D2x64_Data\level47,411948,9710A6BC,24500
0,0,COM3D2x64_Data\level48,470316,DBCD7435,24500
0,0,COM3D2x64_Data\level49,427524,95DA215D,24500
0,0,COM3D2x64_Data\level50,1407300,4666DB70,24500
0,0,COM3D2x64_Data\level51,412212,62108B1A,24500
0,0,COM3D2x64_Data\level52,772628,5635EB3E,24500
0,0,COM3D2x64_Data\level53,653308,65C94DE0,24500
0,0,COM3D2x64_Data\level54,380972,8F2A9107,24500
0,0,COM3D2x64_Data\level55,1309260,F0935D7D,24500
0,0,COM3D2x64_Data\level56,1060052,12A54AB3,24500
0,0,COM3D2x64_Data\level57,1067340,360B9C50,24500
0,0,COM3D2x64_Data\level58,1309268,30B9D8F8,24500
0,0,COM3D2x64_Data\level59,1190068,559E9036,24500
0,0,COM3D2x64_Data\level60,978596,39B35324,24500
0,0,COM3D2x64_Data\level61,1264980,012A6B51,24500
0,0,COM3D2x64_Data\level62,1365996,88394A48,24500
0,0,COM3D2x64_Data\level63,712188,7BEC9C0A,24500
0,0,COM3D2x64_Data\level64,950820,C1A80325,24500
0,0,COM3D2x64_Data\level65,432164,DCC102A7,24500
0,0,COM3D2x64_Data\level66,428532,6874177E,24500
0,0,COM3D2x64_Data\level67,472236,5FA0EF8D,24500
0,0,COM3D2x64_Data\level68,494372,F8630416,24500
0,0,COM3D2x64_Data\level69,422764,59381BBB,24500
0,0,COM3D2x64_Data\level70,482724,A8AC7D27,24500
0,0,COM3D2x64_Data\level71,1072836,890C1751,24500
0,0,COM3D2x64_Data\level72,997404,65DC72B3,24500
0,0,COM3D2x64_Data\level73,475564,A1AAB594,24500
0,0,COM3D2x64_Data\level74,497708,70FB6344,24500
0,0,COM3D2x64_Data\level75,488284,DC49D1E4,24500
0,0,COM3D2x64_Data\level76,1077244,024B5934,24500
0,0,COM3D2x64_Data\level77,1037684,F15FEDD2,24500
0,0,COM3D2x64_Data\level78,481332,C3E9F001,24500
0,0,COM3D2x64_Data\level79,465860,0607096A,24500
0,0,COM3D2x64_Data\level80,447532,BE49DAA0,24500
0,0,COM3D2x64_Data\level81,390452,FFF0483E,24500
0,0,COM3D2x64_Data\level82,1416628,11A69903,24500
0,0,COM3D2x64_Data\level83,1357556,8E24BA05,24500
0,0,COM3D2x64_Data\level84,534324,93491B27,24500
0,0,COM3D2x64_Data\level85,436340,333EC299,24500
0,0,COM3D2x64_Data\level86,1285580,8D821220,24500
0,0,COM3D2x64_Data\level87,1003420,7E39C1CE,24500
0,0,COM3D2x64_Data\level88,1462060,9DF6CB3F,24500
0,0,COM3D2x64_Data\level89,1403196,440ACF66,24500
0,0,COM3D2x64_Data\level90,1608932,F321F0D5,24500
0,0,COM3D2x64_Data\level91,1572444,D09DF200,24500
0,0,COM3D2x64_Data\level92,1404340,42D7F1D2,24500
0,0,COM3D2x64_Data\level93,1370284,C660C304,24500
0,0,COM3D2x64_Data\level94,457292,9ADCF76C,24500
0,0,COM3D2x64_Data\level95,437764,BDE1C474,24500
0,0,COM3D2x64_Data\level96,1081548,EAA9CC57,24500
0,0,COM3D2x64_Data\level97,882836,92437BFA,24500
0,0,COM3D2x64_Data\level98,989604,60272315,24500
0,0,COM3D2x64_Data\level99,883812,EE5C442E,24500
0,0,COM3D2x64_Data\level100,1062804,4D466110,24500
0,0,COM3D2x64_Data\level101,1726436,17FDFD5D,24500
0,0,COM3D2x64_Data\level102,1677500,3890E55B,24500
0,0,COM3D2x64_Data\level103,1145948,9368B9C6,24500
0,0,COM3D2x64_Data\level104,1089780,86897F4D,24500
0,0,COM3D2x64_Data\level105,1545252,C6A21B20,24500
0,0,COM3D2x64_Data\level106,1644180,B0E44F54,24500
0,0,COM3D2x64_Data\level107,1087684,43B4F63B,24500
0,0,COM3D2x64_Data\level108,1003228,2B04C05F,24500
0,0,COM3D2x64_Data\level109,1712180,5434F841,24500
0,0,COM3D2x64_Data\level110,1608996,353927BE,24500
0,0,COM3D2x64_Data\level111,498996,EAA18D8B,24500
0,0,COM3D2x64_Data\level112,518772,4B90D992,24500
0,0,COM3D2x64_Data\level113,607252,94D6B8F7,24500
0,0,COM3D2x64_Data\level114,566692,C877554B,24500
0,0,COM3D2x64_Data\level114.resS,131232,9337BCA3,24500
0,0,COM3D2x64_Data\level115,494052,7345E68D,24500
0,0,COM3D2x64_Data\level116,593260,F19C1046,24500
0,0,COM3D2x64_Data\level117,517364,E19797D9,24500
0,0,COM3D2x64_Data\level118,1766844,860E3500,24500
0,0,COM3D2x64_Data\level119,1509412,F805F97C,24500
0,0,COM3D2x64_Data\level120,1337420,9BC0CC18,24500
0,0,COM3D2x64_Data\level121,1168572,D0FA489E,24500
0,0,COM3D2x64_Data\level122,1255996,116CFC9E,24500
0,0,COM3D2x64_Data\level123,1447340,734D06E9,24500
0,0,COM3D2x64_Data\level124,1353044,F8945ED5,24500
0,0,COM3D2x64_Data\level125,970612,F8CDE9C3,24500
0,0,COM3D2x64_Data\level126,588140,6133B51D,24500
0,0,COM3D2x64_Data\level127,1033492,E9EA0A98,24500
0,0,COM3D2x64_Data\level128,956172,00C479A5,24500
0,0,COM3D2x64_Data\level129,737940,457593B3,24500
0,0,COM3D2x64_Data\level130,970756,B19FB917,24500
0,0,COM3D2x64_Data\level131,930340,853CD47A,24500
0,0,COM3D2x64_Data\level132,896028,487B4EF4,24500
0,0,COM3D2x64_Data\level133,870596,1CA9DA96,24500
0,0,COM3D2x64_Data\level134,561484,09243B1C,24500
0,0,COM3D2x64_Data\level135,565684,4A24E19B,24500
0,0,COM3D2x64_Data\level136,591060,713D7B60,24500
0,0,COM3D2x64_Data\level137,589460,E9589ECC,24500
0,0,COM3D2x64_Data\level138,591196,D2B1A8AB,24500
0,0,COM3D2x64_Data\level139,593572,4CA6EA32,24500
0,0,COM3D2x64_Data\level140,527780,99B68E8A,24500
0,0,COM3D2x64_Data\level141,531996,E97A5BCD,24500
0,0,COM3D2x64_Data\level142,556220,3A4F3389,24500
0,0,COM3D2x64_Data\level143,586556,D620EDBA,24500
0,0,COM3D2x64_Data\level144,557348,ED19B441,24500
0,0,COM3D2x64_Data\level145,560340,613DE108,24500
0,0,COM3D2x64_Data\level146,549412,AE01048C,24500
0,0,COM3D2x64_Data\level147,587268,BD12CFE3,24500
0,0,COM3D2x64_Data\level148,462260,DBF4D595,24500
0,0,COM3D2x64_Data\level149,363572,32782233,24500
0,0,COM3D2x64_Data\level150,445796,4BB9B93E,24500
0,0,COM3D2x64_Data\level150.resS,131232,9337BCA3,24500
0,0,COM3D2x64_Data\level151,1031484,60D7E474,24500
0,0,COM3D2x64_Data\level152,1375932,1FC15D30,24500
0,0,COM3D2x64_Data\level153,414036,9C1BEF7E,24500
0,0,COM3D2x64_Data\level154,453852,FB9D320D,24500
0,0,COM3D2x64_Data\level155,460460,A83BEE95,24500
0,0,COM3D2x64_Data\resources.assets,473442276,1EFB6E8B,24500
0,0,COM3D2x64_Data\resources.assets.resS,2077015224,EA7DDDA5,24500
0,0,COM3D2x64_Data\resources.resource,1348672,632087DF,24500
0,0,COM3D2x64_Data\sharedassets0.assets,115228100,D8872882,24500
0,0,COM3D2x64_Data\sharedassets0.assets.resS,28071636,8A34135A,24500
0,0,COM3D2x64_Data\sharedassets1.assets,6256,AB77EA33,24500
0,0,COM3D2x64_Data\sharedassets2.assets,6292,EA89D00B,24500
0,0,COM3D2x64_Data\sharedassets3.assets,8296,675494B5,24500
0,0,COM3D2x64_Data\sharedassets4.assets,12964,8508935F,24500
0,0,COM3D2x64_Data\sharedassets5.assets,7276,994E41B9,24500
0,0,COM3D2x64_Data\sharedassets6.assets,6160,30BF2DA7,24500
0,0,COM3D2x64_Data\sharedassets7.assets,6988,0A64664E,24500
0,0,COM3D2x64_Data\sharedassets8.assets,6148,7EB8528E,24500
0,0,COM3D2x64_Data\sharedassets9.assets,7108,ED5BC7F4,24500
0,0,COM3D2x64_Data\sharedassets10.assets,6124,58B6AB78,24500
0,0,COM3D2x64_Data\sharedassets11.assets,6088,EE6B051B,24500
0,0,COM3D2x64_Data\sharedassets12.assets,6448,050D64DA,24500
0,0,COM3D2x64_Data\sharedassets13.assets,6280,FF60CDD1,24500
0,0,COM3D2x64_Data\sharedassets14.assets,6916,BF3976D9,24500
0,0,COM3D2x64_Data\sharedassets15.assets,4576,A67D878B,24500
0,0,COM3D2x64_Data\sharedassets16.assets,6148,AAD8C7F5,24500
0,0,COM3D2x64_Data\sharedassets17.assets,4132,B4298CBB,24500
0,0,COM3D2x64_Data\sharedassets18.assets,6868,ACB0D469,24500
0,0,COM3D2x64_Data\sharedassets19.assets,6232,788CA409,24500
0,0,COM3D2x64_Data\sharedassets20.assets,12676,B0C9B4F8,24500
0,0,COM3D2x64_Data\sharedassets21.assets,6328,BA174F99,24500
0,0,COM3D2x64_Data\sharedassets22.assets,12736,C12BBCD6,24500
0,0,COM3D2x64_Data\sharedassets23.assets,6316,CC2E73C4,24500
0,0,COM3D2x64_Data\sharedassets24.assets,6376,277FA673,24500
0,0,COM3D2x64_Data\sharedassets25.assets,6184,3B0170CA,24500
0,0,COM3D2x64_Data\sharedassets26.assets,7108,CAF67494,24500
0,0,COM3D2x64_Data\sharedassets27.assets,12712,037CCC11,24500
0,0,COM3D2x64_Data\sharedassets28.assets,6184,46DC8882,24500
0,0,COM3D2x64_Data\sharedassets29.assets,12712,037CCC11,24500
0,0,COM3D2x64_Data\sharedassets30.assets,6112,AA643F26,24500
0,0,COM3D2x64_Data\sharedassets31.assets,18126856,84774DBE,24500
0,0,COM3D2x64_Data\sharedassets32.assets,12328,7722CAB4,24500
0,0,COM3D2x64_Data\sharedassets33.assets,4420,0D992E68,24500
0,0,COM3D2x64_Data\sharedassets34.assets,4324,CD7F54F3,24500
0,0,COM3D2x64_Data\sharedassets35.assets,4264,A9B8BD31,24500
0,0,COM3D2x64_Data\sharedassets36.assets,6124,236CDBEC,24500
0,0,COM3D2x64_Data\sharedassets37.assets,12676,E7E0DE52,24500
0,0,COM3D2x64_Data\sharedassets38.assets,12676,6985CB20,24500
0,0,COM3D2x64_Data\sharedassets39.assets,12676,DBFCC988,24500
0,0,COM3D2x64_Data\sharedassets40.assets,7228,321CA6EF,24500
0,0,COM3D2x64_Data\sharedassets41.assets,6976,43409CD2,24500
0,0,COM3D2x64_Data\sharedassets42.assets,7264,4EA32834,24500
0,0,COM3D2x64_Data\sharedassets43.assets,9400,8F233380,24500
0,0,COM3D2x64_Data\sharedassets44.assets,9508,E4230333,24500
0,0,COM3D2x64_Data\sharedassets45.assets,9496,ADB4AEC2,24500
0,0,COM3D2x64_Data\sharedassets46.assets,8560,D5803A56,24500
0,0,COM3D2x64_Data\sharedassets47.assets,6592,EBBCDEA5,24500
0,0,COM3D2x64_Data\sharedassets48.assets,8332,BA9637BF,24500
0,0,COM3D2x64_Data\sharedassets49.assets,792692,B32C86B5,24500
0,0,COM3D2x64_Data\sharedassets49.assets.resS,6506584,427886ED,24500
0,0,COM3D2x64_Data\sharedassets50.assets,12676,303D53C3,24500
0,0,COM3D2x64_Data\sharedassets51.assets,6592,B1A888F9,24500
0,0,COM3D2x64_Data\sharedassets52.assets,6928,486E40BE,24500
0,0,COM3D2x64_Data\sharedassets53.assets,6724,CFD76C5B,24500
0,0,COM3D2x64_Data\sharedassets54.assets,6136,CC65EB4F,24500
0,0,COM3D2x64_Data\sharedassets55.assets,12760,334F3B89,24500
0,0,COM3D2x64_Data\sharedassets56.assets,9292,FCA24FAA,24500
0,0,COM3D2x64_Data\sharedassets57.assets,9328,5577C23F,24500
0,0,COM3D2x64_Data\sharedassets58.assets,12760,334F3B89,24500
0,0,COM3D2x64_Data\sharedassets59.assets,9532,211DF4E5,24500
0,0,COM3D2x64_Data\sharedassets60.assets,9328,5577C23F,24500
0,0,COM3D2x64_Data\sharedassets61.assets,9472,9FD8666D,24500
0,0,COM3D2x64_Data\sharedassets62.assets,9508,E4230333,24500
0,0,COM3D2x64_Data\sharedassets63.assets,6652,73D84A97,24500
0,0,COM3D2x64_Data\sharedassets64.assets,9496,ADB4AEC2,24500
0,0,COM3D2x64_Data\sharedassets65.assets,42236540,7E26C56D,24500
0,0,COM3D2x64_Data\sharedassets65.assets.resS,87400,8BA6C322,24500
0,0,COM3D2x64_Data\sharedassets66.assets,38246508,E9DD2E91,24500
0,0,COM3D2x64_Data\sharedassets67.assets,32874604,C0465332,24500
0,0,COM3D2x64_Data\sharedassets68.assets,36735684,B309723E,24500
0,0,COM3D2x64_Data\sharedassets68.assets.resS,174776,5B619AF1,24500
0,0,COM3D2x64_Data\sharedassets69.assets,41277360,B60D0DD7,24500
0,0,COM3D2x64_Data\sharedassets70.assets,39399112,AC283214,24500
0,0,COM3D2x64_Data\sharedassets71.assets,3017228,D7BC9B5C,24500
0,0,COM3D2x64_Data\sharedassets71.assets.resS,611728,7BFBEAAE,24500
0,0,COM3D2x64_Data\sharedassets72.assets,9556,A6FBD665,24500
0,0,COM3D2x64_Data\sharedassets73.assets,6508,59B4F5F1,24500
0,0,COM3D2x64_Data\sharedassets74.assets,6508,59B4F5F1,24500
0,0,COM3D2x64_Data\sharedassets75.assets,6508,59B4F5F1,24500
0,0,COM3D2x64_Data\sharedassets76.assets,12688,E646F31D,24500
0,0,COM3D2x64_Data\sharedassets77.assets,9508,A1018E61,24500
0,0,COM3D2x64_Data\sharedassets78.assets,6472,464724DF,24500
0,0,COM3D2x64_Data\sharedassets79.assets,59364,67913434,24500
0,0,COM3D2x64_Data\sharedassets79.assets.resS,174776,B51EE5DC,24500
0,0,COM3D2x64_Data\sharedassets80.assets,6484,1303715A,24500
0,0,COM3D2x64_Data\sharedassets81.assets,6736,7EE71F2C,24500
0,0,COM3D2x64_Data\sharedassets82.assets,759744,01A3C8C1,24500
0,0,COM3D2x64_Data\sharedassets82.assets.resS,1310880,58801C35,24500
0,0,COM3D2x64_Data\sharedassets82.resource,1178176,90268BF4,24500
0,0,COM3D2x64_Data\sharedassets83.assets,9376,57B2E97F,24500
0,0,COM3D2x64_Data\sharedassets84.assets,3412512,9090F386,24500
0,0,COM3D2x64_Data\sharedassets84.assets.resS,6226112,B3E98769,24500
0,0,COM3D2x64_Data\sharedassets85.assets,6580,A1DDCB61,24500
0,0,COM3D2x64_Data\sharedassets86.assets,13936,94B32F93,24500
0,0,COM3D2x64_Data\sharedassets87.assets,9496,ADB4AEC2,24500
0,0,COM3D2x64_Data\sharedassets88.assets,12712,88240F70,24500
0,0,COM3D2x64_Data\sharedassets89.assets,9496,78803E99,24500
0,0,COM3D2x64_Data\sharedassets90.assets,12676,E7E0DE52,24500
0,0,COM3D2x64_Data\sharedassets91.assets,9496,ADB4AEC2,24500
0,0,COM3D2x64_Data\sharedassets92.assets,12712,88240F70,24500
0,0,COM3D2x64_Data\sharedassets93.assets,10444,FA44DA9C,24500
0,0,COM3D2x64_Data\sharedassets94.assets,6928,A8DD2ECD,24500
0,0,COM3D2x64_Data\sharedassets95.assets,6436,31AB3732,24500
0,0,COM3D2x64_Data\sharedassets96.assets,11732,5DCBA504,24500
0,0,COM3D2x64_Data\sharedassets96.resource,2729184,2D4064D6,24500
0,0,COM3D2x64_Data\sharedassets97.assets,11596,8BDFF329,24500
0,0,COM3D2x64_Data\sharedassets98.assets,8296,019D51B4,24500
0,0,COM3D2x64_Data\sharedassets99.assets,7612,A0E75473,24500
0,0,COM3D2x64_Data\sharedassets100.assets,353948,EAD5EC57,24500
0,0,COM3D2x64_Data\sharedassets100.assets.resS,2272048,E50143CB,24500
0,0,COM3D2x64_Data\sharedassets100.resource,6236800,C7E9CFDE,24500
0,0,COM3D2x64_Data\sharedassets101.assets,6568400,6FE9D5B6,24500
0,0,COM3D2x64_Data\sharedassets101.assets.resS,10936,3B0D7ADF,24500
0,0,COM3D2x64_Data\sharedassets101.resource,1136352,956B5452,24500
0,0,COM3D2x64_Data\sharedassets102.assets,10312,F9863A50,24500
0,0,COM3D2x64_Data\sharedassets103.assets,12844,089E1C47,24500
0,0,COM3D2x64_Data\sharedassets104.assets,9640,8530F8BA,24500
0,0,COM3D2x64_Data\sharedassets105.assets,9764,A45A053A,24500
0,0,COM3D2x64_Data\sharedassets105.resource,1003968,52A085C2,24500
0,0,COM3D2x64_Data\sharedassets106.assets,13000,8E971E8C,24500
0,0,COM3D2x64_Data\sharedassets107.assets,12904,3D3F1247,24500
0,0,COM3D2x64_Data\sharedassets108.assets,9580,1A4E85CF,24500
0,0,COM3D2x64_Data\sharedassets109.assets,13348,508A59F8,24500
0,0,COM3D2x64_Data\sharedassets109.resource,1166848,2709F6C2,24500
0,0,COM3D2x64_Data\sharedassets110.assets,9892,91044FBC,24500
0,0,COM3D2x64_Data\sharedassets111.assets,6664,BF22F3B4,24500
0,0,COM3D2x64_Data\sharedassets112.assets,6664,BF22F3B4,24500
0,0,COM3D2x64_Data\sharedassets113.assets,6628,53639440,24500
0,0,COM3D2x64_Data\sharedassets114.assets,6340,B9CBE921,24500
0,0,COM3D2x64_Data\sharedassets115.assets,6628,53639440,24500
0,0,COM3D2x64_Data\sharedassets116.assets,6724,61157474,24500
0,0,COM3D2x64_Data\sharedassets117.assets,6628,53639440,24500
0,0,COM3D2x64_Data\sharedassets118.assets,12856,3729211F,24500
0,0,COM3D2x64_Data\sharedassets119.assets,9544,D1022D1E,24500
0,0,COM3D2x64_Data\sharedassets120.assets,394920,E486C781,24500
0,0,COM3D2x64_Data\sharedassets120.assets.resS,2184640,DF887086,24500
0,0,COM3D2x64_Data\sharedassets121.assets,9748,C6ED6A80,24500
0,0,COM3D2x64_Data\sharedassets121.resource,2751968,AE761A89,24500
0,0,COM3D2x64_Data\sharedassets122.assets,12928,B32CA86E,24500
0,0,COM3D2x64_Data\sharedassets123.assets,12964,1F9654B9,24500
0,0,COM3D2x64_Data\sharedassets124.assets,9640,05D1A09F,24500
0,0,COM3D2x64_Data\sharedassets125.assets,7172,1048F938,24500
0,0,COM3D2x64_Data\sharedassets125.resource,6331552,B816A215,24500
0,0,COM3D2x64_Data\sharedassets126.assets,7048,8E082EBF,24500
0,0,COM3D2x64_Data\sharedassets127.assets,86916,D5404687,24500
0,0,COM3D2x64_Data\sharedassets127.resource,8838816,EBFF12DA,24500
0,0,COM3D2x64_Data\sharedassets128.assets,8200,EE7DF856,24500
0,0,COM3D2x64_Data\sharedassets129.assets,7840,CD931C32,24500
0,0,COM3D2x64_Data\sharedassets130.assets,11332,74ED5B68,24500
0,0,COM3D2x64_Data\sharedassets131.assets,8140,F9864036,24500
0,0,COM3D2x64_Data\sharedassets132.assets,615896,386A6A8F,24500
0,0,COM3D2x64_Data\sharedassets132.assets.resS,6138632,73B447A4,24500
0,0,COM3D2x64_Data\sharedassets133.assets,7024,88755D94,24500
0,0,COM3D2x64_Data\sharedassets134.assets,6928,C5550EE7,24500
0,0,COM3D2x64_Data\sharedassets135.assets,6928,C5550EE7,24500
0,0,COM3D2x64_Data\sharedassets136.assets,6928,C5550EE7,24500
0,0,COM3D2x64_Data\sharedassets137.assets,6928,C5550EE7,24500
0,0,COM3D2x64_Data\sharedassets138.assets,6928,C5550EE7,24500
0,0,COM3D2x64_Data\sharedassets139.assets,6928,C5550EE7,24500
0,0,COM3D2x64_Data\sharedassets140.assets,6628,53639440,24500
0,0,COM3D2x64_Data\sharedassets141.assets,6628,53639440,24500
0,0,COM3D2x64_Data\sharedassets142.assets,6628,53639440,24500
0,0,COM3D2x64_Data\sharedassets143.assets,6628,53639440,24500
0,0,COM3D2x64_Data\sharedassets144.assets,6628,53639440,24500
0,0,COM3D2x64_Data\sharedassets145.assets,6628,53639440,24500
0,0,COM3D2x64_Data\sharedassets146.assets,6628,53639440,24500
0,0,COM3D2x64_Data\sharedassets147.assets,6928,C5550EE7,24500
0,0,COM3D2x64_Data\sharedassets148.assets,6448,5D2D1DBD,24500
0,0,COM3D2x64_Data\sharedassets149.assets,6160,197E160C,24500
0,0,COM3D2x64_Data\sharedassets150.assets,7276,0D4DD82C,24500
0,0,COM3D2x64_Data\sharedassets151.assets,213676,C8789007,24500
0,0,COM3D2x64_Data\sharedassets151.assets.resS,174776,583F8A72,24500
0,0,COM3D2x64_Data\sharedassets152.assets,10260,6559F774,24500
0,0,COM3D2x64_Data\sharedassets153.assets,6448,538B2345,24500
0,0,COM3D2x64_Data\sharedassets154.assets,6448,4D05558D,24500
0,0,COM3D2x64_Data\sharedassets155.assets,6568,7FD53449,24500
0,0,COM3D2x64.exe,22841856,A9562BF9,24500
share,../com3d2data\GameData\ja_script\script.arc,GameData\script.arc,16825776,1ACABF9A,24500
share,../com3d2data\GameData\ja_script\script_denkigai2018s_2.arc,GameData\script_denkigai2018s_2.arc,13650,A89062D9,24500
share,../com3d2data\GameData\ja_script\script_gp001_2.arc,GameData\script_gp001_2.arc,2534538,CCF5906D,24500
share,../com3d2data\GameData\ja_script\script_gp002_2.arc,GameData\script_gp002_2.arc,1510202,AF1300D3,24500
share,../com3d2data\GameData\ja_script\script_gp002p5_2.arc,GameData\script_gp002p5_2.arc,244915,659C0E1D,24500
share,../com3d2data\GameData\ja_script\script_nightpool001_add2_2.arc,GameData\script_nightpool001_add2_2.arc,8482,93B87853,24500
share,../com3d2data\GameData\ja_script\script_personal_om011_2.arc,GameData\script_personal_om011_2.arc,238072,43B20324,24500
share,../com3d2data\GameData\ja_script\script_personal_om011_gp002_2.arc,GameData\script_personal_om011_gp002_2.arc,35618,E7B088BC,24500
share,../com3d2data\GameData\ja_script\script_personal_om012_gp002_2.arc,GameData\script_personal_om012_gp002_2.arc,35522,8692ACF1,24500
share,../com3d2data\GameData\ja_script\script_secondhome001_2.arc,GameData\script_secondhome001_2.arc,21138,DA0F0BCD,24500
share,../com3d2data\GameData\patch\csv.arc,GameData\csv.arc,46019665,956EED58,24500
share,../com3d2data\GameData\patch\parts_cafesp001_2.arc,GameData\parts_cafesp001_2.arc,205238,D5C47D9B,24500
share,../com3d2data\GameData\patch\parts_cas069_2.arc,GameData\parts_cas069_2.arc,177123,39C1BBBF,24500
share,../com3d2data\GameData\patch\parts_cas146_2.arc,GameData\parts_cas146_2.arc,81962,925829F2,24500
share,../com3d2data\GameData\patch\parts_cw007cloth2_2.arc,GameData\parts_cw007cloth2_2.arc,221240,EAC3D2B3,24500
share,../com3d2data\GameData\patch\parts_dlc529_2.arc,GameData\parts_dlc529_2.arc,355536,27F8B0E3,24500
share,../com3d2data\GameData\patch\parts_personal_om004_2.arc,GameData\parts_personal_om004_2.arc,16786,A34EF970,24500
share,../com3d2data\GameData\patch\parts_sp006cloth1_2.arc,GameData\parts_sp006cloth1_2.arc,1742121,A48D2877,24500
share,../com3d2data\GameData\patch\prioritymaterial.arc,GameData\prioritymaterial.arc,877408,56BC22AF,24500
share,../com3d2data\GameData\patch\system2.arc,GameData\system2.arc,113160769,45A9CF63,24405
share,../com3d2data\GameData_20\material_cas069_2.arc,GameData_20\material_cas069_2.arc,1762,7B4D07CF,1748
share,../com3d2data\GameData_20\material_sp006cloth1_2.arc,GameData_20\material_sp006cloth1_2.arc,5778,ACB7ACA2,1748
share,../com3d2data\GameData_20\menu_cas069_2.arc,GameData_20\menu_cas069_2.arc,3634,47BE304F,1748
share,../com3d2data\GameData_20\menu_dlc112_2.arc,GameData_20\menu_dlc112_2.arc,1826,64D3475B,1748
share,../com3d2data\GameData_20\menu_dlc529_2.arc,GameData_20\menu_dlc529_2.arc,3426,DB386466,1748
share,../com3d2data\GameData_20\model_cas069_2.arc,GameData_20\model_cas069_2.arc,172908,C07975D5,1748
share,../com3d2data\GameData_20\model_cas146_2.arc,GameData_20\model_cas146_2.arc,80800,827D109C,1748
share,../com3d2data\GameData_20\model_cw007cloth2_2.arc,GameData_20\model_cw007cloth2_2.arc,217700,DAC6F05B,1748
share,../com3d2data\GameData_20\model_dlc529_2.arc,GameData_20\model_dlc529_2.arc,345000,4BE5C790,1748
share,../com3d2data\GameData_20\model_sp006cloth1_2.arc,GameData_20\model_sp006cloth1_2.arc,1733170,84FC8AE0,1748
share,../com3d2data\GameData_20\paths.dat,GameData_20\paths.dat,15489,ECDF320C,1839
share,../com3d2data\GameData_20\prioritymaterial.arc,GameData_20\prioritymaterial.arc,454635,1DDA0063,1838
share,../com3d2data\GameData_20\texture_cafesp001_2.arc,GameData_20\texture_cafesp001_2.arc,205507,2E1A9EDF,1748
share,../com3d2data\GameData_20\texture_dlc529_2.arc,GameData_20\texture_dlc529_2.arc,7970,B67E60CD,1748
