0,0,CM3D2.exe,9558016,7808DA5C,1004
0,0,CM3D2x86.exe,11631104,9C99BCBC,118
0,0,CM3D2x86_Data\level0,154376,5390FCAE,118
0,0,CM3D2x86_Data\level1,157696,D91E0A4A,118
0,0,CM3D2x86_Data\level10,140120,98ACB2AA,118
0,0,CM3D2x86_Data\level11,164464,E8A6C259,118
0,0,CM3D2x86_Data\level12,140536,1F81F517,118
0,0,CM3D2x86_Data\level13,460720,1F014BF3,118
0,0,CM3D2x86_Data\level14,4376,5F635B73,118
0,0,CM3D2x86_Data\level15,143184,5BD29D0D,118
0,0,CM3D2x86_Data\level16,4376,613726A1,118
0,0,CM3D2x86_Data\level17,151560,17219BF6,118
0,0,CM3D2x86_Data\level18,193328,ECDD04B8,118
0,0,CM3D2x86_Data\level19,352992,6645FC65,118
0,0,CM3D2x86_Data\level2,355160,10BBF06B,118
0,0,CM3D2x86_Data\level20,160592,5827FAEB,118
0,0,CM3D2x86_Data\level21,430992,C745DB48,118
0,0,CM3D2x86_Data\level3,475288,C5F8B055,118
0,0,CM3D2x86_Data\level4,547920,B3D5F25C,118
0,0,CM3D2x86_Data\level5,140528,8C493C1D,118
0,0,CM3D2x86_Data\level6,287312,576F8234,118
0,0,CM3D2x86_Data\level7,180952,0A68C710,118
0,0,CM3D2x86_Data\level8,177144,5766C258,118
0,0,CM3D2x86_Data\level9,150136,CB922DDA,118
0,0,CM3D2x86_Data\mainData,870120,D1A5EB2F,118
0,0,CM3D2x86_Data\PlayerConnectionConfigFile,21,EECA4DF4,118
0,0,CM3D2x86_Data\resources.assets,216233592,CD93FA17,118
0,0,CM3D2x86_Data\sharedassets0.assets,237505760,08B94F72,118
0,0,CM3D2x86_Data\sharedassets1.assets,6998796,25962A01,118
0,0,CM3D2x86_Data\sharedassets10.assets,5256,6C0FD51D,118
0,0,CM3D2x86_Data\sharedassets11.assets,466308,CE369002,118
0,0,CM3D2x86_Data\sharedassets12.assets,5280,407BB383,118
0,0,CM3D2x86_Data\sharedassets13.assets,927400,35F3375E,118
0,0,CM3D2x86_Data\sharedassets14.assets,2458016,726792A5,118
0,0,CM3D2x86_Data\sharedassets15.assets,4112,1F8CC39F,118
0,0,CM3D2x86_Data\sharedassets16.assets,4200896,71056592,118
0,0,CM3D2x86_Data\sharedassets17.assets,4112,4515C19E,118
0,0,CM3D2x86_Data\sharedassets18.assets,49616896,25AD87CF,118
0,0,CM3D2x86_Data\sharedassets19.assets,3691748,51C0743E,118
0,0,CM3D2x86_Data\sharedassets2.assets,3514196,6260AEE0,118
0,0,CM3D2x86_Data\sharedassets20.assets,1587628,CEE0CF77,118
0,0,CM3D2x86_Data\sharedassets21.assets,5328,73451E58,118
0,0,CM3D2x86_Data\sharedassets22.assets,72624,8D59CD9F,118
0,0,CM3D2x86_Data\sharedassets3.assets,16004680,1AF72AF7,118
0,0,CM3D2x86_Data\sharedassets4.assets,36843892,0EB2071F,118
0,0,CM3D2x86_Data\sharedassets5.assets,6952140,E635D86D,118
0,0,CM3D2x86_Data\sharedassets6.assets,503336,513EAA56,118
0,0,CM3D2x86_Data\sharedassets7.assets,5464,CD5D619A,118
0,0,CM3D2x86_Data\sharedassets8.assets,355444,E868FC13,118
0,0,CM3D2x86_Data\sharedassets9.assets,11891548,37EC1798,118
0,0,CM3D2x86_Data\Managed\Accessibility.dll,10752,A358E135,118
0,0,CM3D2x86_Data\Managed\Assembly-CSharp-firstpass.dll,170496,5614BFC8,118
0,0,CM3D2x86_Data\Managed\Assembly-CSharp.dll,1866240,5E2781E2,118
0,0,CM3D2x86_Data\Managed\Assembly-UnityScript-firstpass.dll,65024,0B960A33,118
0,0,CM3D2x86_Data\Managed\Boo.Lang.dll,126976,B1FDC6B6,118
0,0,CM3D2x86_Data\Managed\JsonFx.Json.dll,70144,A0F0CFCB,118
0,0,CM3D2x86_Data\Managed\Mono.Data.Tds.dll,96256,DE9FBD55,118
0,0,CM3D2x86_Data\Managed\Mono.Posix.dll,184320,A333AAF5,118
0,0,CM3D2x86_Data\Managed\Mono.Security.dll,294912,D5BB48FC,118
0,0,CM3D2x86_Data\Managed\Mono.WebBrowser.dll,172032,5D310803,118
0,0,CM3D2x86_Data\Managed\mscorlib.dll,2590208,5A5FF75C,118
0,0,CM3D2x86_Data\Managed\System.Configuration.dll,124928,F88CF714,118
0,0,CM3D2x86_Data\Managed\System.Core.dll,300032,0504C277,118
0,0,CM3D2x86_Data\Managed\System.Data.dll,856064,1DE4F5EB,118
0,0,CM3D2x86_Data\Managed\System.dll,1678848,08B8E16D,118
0,0,CM3D2x86_Data\Managed\System.Drawing.Design.dll,29696,E7B53FF9,118
0,0,CM3D2x86_Data\Managed\System.Drawing.dll,448512,C4B2E872,118
0,0,CM3D2x86_Data\Managed\System.EnterpriseServices.dll,46592,1B56067D,118
0,0,CM3D2x86_Data\Managed\System.Security.dll,135168,A9F5B9F1,118
0,0,CM3D2x86_Data\Managed\System.Transactions.dll,27648,DE82E2C6,118
0,0,CM3D2x86_Data\Managed\System.Windows.Forms.dll,3053568,56394001,118
0,0,CM3D2x86_Data\Managed\System.Xml.dll,1270272,BCE39995,118
0,0,CM3D2x86_Data\Managed\System.Xml.Linq.dll,106496,1062D683,118
0,0,CM3D2x86_Data\Managed\UnityEngine.dll,614912,ECC4324A,118
0,0,CM3D2x86_Data\Managed\UnityEngine.UI.dll,176128,078A6C17,118
0,0,CM3D2x86_Data\Managed\UnityScript.Lang.dll,14336,FAB8DDA9,118
0,0,CM3D2x86_Data\Mono\mono.dll,2103296,36130890,118
0,0,CM3D2x86_Data\Mono\etc\mono\browscap.ini,311984,CE6C0AB3,118
0,0,CM3D2x86_Data\Mono\etc\mono\config,1691,A635914A,118
0,0,CM3D2x86_Data\Mono\etc\mono\1.0\DefaultWsdlHelpGenerator.aspx,58196,10E814BF,118
0,0,CM3D2x86_Data\Mono\etc\mono\1.0\machine.config,17259,82F1AD8B,118
0,0,CM3D2x86_Data\Mono\etc\mono\2.0\DefaultWsdlHelpGenerator.aspx,60453,F3869A34,118
0,0,CM3D2x86_Data\Mono\etc\mono\2.0\machine.config,27626,4F6C3F79,118
0,0,CM3D2x86_Data\Mono\etc\mono\2.0\settings.map,2618,A1A3C29F,118
0,0,CM3D2x86_Data\Mono\etc\mono\2.0\web.config,11686,534A9960,118
0,0,CM3D2x86_Data\Mono\etc\mono\2.0\Browsers\Compat.browser,1605,2E178A0B,118
0,0,CM3D2x86_Data\Mono\etc\mono\mconfig\config.xml,25817,80B2033A,118
0,0,CM3D2x86_Data\Plugins\cm3d2_x86.dll,1297920,8AF255BC,118
0,0,CM3D2x86_Data\Plugins\device_hook.dll,77312,7EEF9868,118
0,0,CM3D2x86_Data\Resources\unity default resources,1571709,31020360,118
0,0,CM3D2x86_Data\Resources\unity_builtin_extra,372672,FDDE8793,118
0,0,GameData\csv.arc,1533237,0D756B1D,117
0,0,GameData\csv_vp001_2.arc,2082,25E58CEB,116
0,0,GameData\material2.arc,102655,704BD3F7,117
0,0,GameData\material_denkigai2015s003_2.arc,7106,0C82D791,115
0,0,GameData\material_dlsite_2.arc,1762,C5A837EA,115
0,0,GameData\material_shop001_2.arc,1762,D98CED1C,115
0,0,GameData\material_shop002_2.arc,1762,956BB00E,115
0,0,GameData\material_shop003_2.arc,1762,38CEBFF2,115
0,0,GameData\material_shop005_2.arc,1714,3E621A32,115
0,0,GameData\material_shop007_2.arc,2578,C8CE627C,115
0,0,GameData\material_vp001_2.arc,9554,066C9CA9,115
0,0,GameData\menu2.arc,217532,8E2205C3,117
0,0,GameData\menu_denkigai2015s001_2.arc,6594,8B3E849F,116
0,0,GameData\menu_denkigai2015s003_2.arc,4338,D294CE88,115
0,0,GameData\menu_dlsite_2.arc,1954,B2268BA7,115
0,0,GameData\menu_shop001_2.arc,3314,35207C87,115
0,0,GameData\menu_shop005_2.arc,1378,0C9AF725,115
0,0,GameData\menu_vp001_2.arc,18546,5FFF33DA,115
0,0,GameData\model2.arc,12131417,0402ABE9,117
0,0,GameData\model_denkigai2015s003_2.arc,394665,41A48185,115
0,0,GameData\model_dlsite_2.arc,197173,24366C43,115
0,0,GameData\model_shop001_2.arc,115215,9C941FAF,115
0,0,GameData\model_shop002_2.arc,251253,743C3D97,115
0,0,GameData\model_shop003_2.arc,185433,A15EC70A,115
0,0,GameData\model_shop005_2.arc,150103,FB5341FA,115
0,0,GameData\model_shop007_2.arc,288759,80615CBD,115
0,0,GameData\model_vp001_2.arc,290407,A19508D6,115
0,0,GameData\motion2.arc,59974795,C5D87C88,117
0,0,GameData\motion_vp001_2.arc,141579,7857F9CD,116
0,0,GameData\paths.dat,862,F05FD7CA,117
0,0,GameData\prioritymaterial.arc,79985,4E99FBA3,117
0,0,GameData\script.arc,13440922,195C01ED,117
0,0,GameData\sound2.arc,7402763,5D761564,117
0,0,GameData\texture2.arc,748712227,393809F6,113
0,0,GameData\texture3.arc,5763653,3C5A4AFD,117
0,0,GameData\voice2.arc,290990258,55953CD2,101
0,0,manual\data\004.png,699424,54A4DC50,101
0,0,manual\data\007.png,453984,97E623F5,101
0,0,manual\data\008.png,553674,7B23C3DF,101
0,0,manual\data\013.png,673884,992CEEC5,101
0,0,Preset\1_junshin.preset,43021,0D00795A,101
0,0,Preset\2_coodere.preset,43516,E9EBB0F2,101
0,0,Preset\3_tsundere.preset,48900,D0EF8B9E,101
0,0,Preset\4_default.preset,43697,C5E392BE,101
0,0,Preset\5_pretty_junshin.preset,40739,D9262BEF,101
0,0,Preset\6_pretty_coodere.preset,39554,E54D5766,101
0,0,Preset\7_pretty_tsundere.preset,38235,CA8437BB,101
