0,0,CM3D2OHVRx64.exe,20615680,01597BAB,1300
0,0,CM3D2OHVRx64_DirectToRift.exe,465408,ED45B3A7,130
0,0,CM3D2OHVRx64_Data\globalgamemanagers,1235356,726473C6,130
0,0,CM3D2OHVRx64_Data\globalgamemanagers.assets,85256,DF312FE8,130
0,0,CM3D2OHVRx64_Data\level0,181788,D77B0328,130
0,0,CM3D2OHVRx64_Data\level1,199764,7C527BCE,130
0,0,CM3D2OHVRx64_Data\level10,540812,5471174A,130
0,0,CM3D2OHVRx64_Data\level11,4640,4B2FBC3B,130
0,0,CM3D2OHVRx64_Data\level12,184396,820BA46F,130
0,0,CM3D2OHVRx64_Data\level13,4640,BD64ED6A,130
0,0,CM3D2OHVRx64_Data\level14,196220,A3AC82EE,130
0,0,CM3D2OHVRx64_Data\level15,267020,4FFFEA16,130
0,0,CM3D2OHVRx64_Data\level16,443996,2F12FA1C,130
0,0,CM3D2OHVRx64_Data\level17,207332,4D791E77,130
0,0,CM3D2OHVRx64_Data\level18,530388,4EF7DBCC,130
0,0,CM3D2OHVRx64_Data\level19,258092,942E4DD9,130
0,0,CM3D2OHVRx64_Data\level2,280188,99196FD2,130
0,0,CM3D2OHVRx64_Data\level20,652852,D17CBE3A,130
0,0,CM3D2OHVRx64_Data\level21,767332,6D6E8081,130
0,0,CM3D2OHVRx64_Data\level22,512060,8D8C481F,130
0,0,CM3D2OHVRx64_Data\level3,589828,9B54B081,130
0,0,CM3D2OHVRx64_Data\level4,630380,1620B70E,130
0,0,CM3D2OHVRx64_Data\level5,182836,F9431731,130
0,0,CM3D2OHVRx64_Data\level6,226908,42975037,130
0,0,CM3D2OHVRx64_Data\level7,182340,C6715264,130
0,0,CM3D2OHVRx64_Data\level8,209772,43476DD4,130
0,0,CM3D2OHVRx64_Data\level9,182844,4DB3EE34,130
0,0,CM3D2OHVRx64_Data\resources.assets,242557428,419C5235,130
0,0,CM3D2OHVRx64_Data\resources.assets.resS,229221732,9957513C,130
0,0,CM3D2OHVRx64_Data\sharedassets0.assets,16452296,B7149FC6,130
0,0,CM3D2OHVRx64_Data\sharedassets0.assets.resS,121722544,B9E60AEA,130
0,0,CM3D2OHVRx64_Data\sharedassets1.assets,5812,9A439143,130
0,0,CM3D2OHVRx64_Data\sharedassets10.assets,6136,1CC72E84,130
0,0,CM3D2OHVRx64_Data\sharedassets11.assets,4132,81845BF4,130
0,0,CM3D2OHVRx64_Data\sharedassets12.assets,5716,44B65AAE,130
0,0,CM3D2OHVRx64_Data\sharedassets13.assets,4132,A71220D3,130
0,0,CM3D2OHVRx64_Data\sharedassets14.assets,6280,3C6722FD,130
0,0,CM3D2OHVRx64_Data\sharedassets15.assets,5680,45BBDF36,130
0,0,CM3D2OHVRx64_Data\sharedassets16.assets,215176,CB5A4638,130
0,0,CM3D2OHVRx64_Data\sharedassets16.assets.resS,51968,C41BC4E7,130
0,0,CM3D2OHVRx64_Data\sharedassets17.assets,5752,671F6609,130
0,0,CM3D2OHVRx64_Data\sharedassets18.assets,74056,BCE07726,130
0,0,CM3D2OHVRx64_Data\sharedassets19.assets,5884,6A9FA132,130
0,0,CM3D2OHVRx64_Data\sharedassets2.assets,6028,0DE63545,130
0,0,CM3D2OHVRx64_Data\sharedassets20.assets,8020,0D30A6D3,130
0,0,CM3D2OHVRx64_Data\sharedassets21.assets,6220,69D5EB9F,130
0,0,CM3D2OHVRx64_Data\sharedassets22.assets,39511600,FB509E30,130
0,0,CM3D2OHVRx64_Data\sharedassets3.assets,1310136,0781EB81,130
0,0,CM3D2OHVRx64_Data\sharedassets4.assets,6352,58C6822A,130
0,0,CM3D2OHVRx64_Data\sharedassets5.assets,5680,BC44908B,130
0,0,CM3D2OHVRx64_Data\sharedassets6.assets,6160,FFB0368F,130
0,0,CM3D2OHVRx64_Data\sharedassets7.assets,5656,764EDEA4,130
0,0,CM3D2OHVRx64_Data\sharedassets8.assets,5680,0939D14A,130
0,0,CM3D2OHVRx64_Data\sharedassets9.assets,5680,2A822873,130
0,0,CM3D2OHVRx64_Data\Managed\Accessibility.dll,10752,67D4623D,130
0,0,CM3D2OHVRx64_Data\Managed\Assembly-CSharp-firstpass.dll,284160,88958841,130
0,0,CM3D2OHVRx64_Data\Managed\Assembly-CSharp.dll,2284032,197A5027,130
0,0,CM3D2OHVRx64_Data\Managed\Assembly-UnityScript-firstpass.dll,65024,2E324885,130
0,0,CM3D2OHVRx64_Data\Managed\Boo.Lang.dll,126976,AA8D6FE9,130
0,0,CM3D2OHVRx64_Data\Managed\JsonFx.Json.dll,70144,A0F0CFCB,130
0,0,CM3D2OHVRx64_Data\Managed\Mono.Data.Tds.dll,96256,45AD281A,130
0,0,CM3D2OHVRx64_Data\Managed\Mono.Posix.dll,184320,29648DFE,130
0,0,CM3D2OHVRx64_Data\Managed\Mono.Security.dll,294912,47C69D18,130
0,0,CM3D2OHVRx64_Data\Managed\Mono.WebBrowser.dll,172032,7C128360,130
0,0,CM3D2OHVRx64_Data\Managed\mscorlib.dll,2589696,7FC818D1,130
0,0,CM3D2OHVRx64_Data\Managed\System.Configuration.dll,124928,F6B1A6D0,130
0,0,CM3D2OHVRx64_Data\Managed\System.Core.dll,299008,53040774,130
0,0,CM3D2OHVRx64_Data\Managed\System.Data.dll,856064,84A5413E,130
0,0,CM3D2OHVRx64_Data\Managed\System.dll,1678848,CA8E0A02,130
0,0,CM3D2OHVRx64_Data\Managed\System.Drawing.Design.dll,29696,E7B53FF9,130
0,0,CM3D2OHVRx64_Data\Managed\System.Drawing.dll,448512,C4B2E872,130
0,0,CM3D2OHVRx64_Data\Managed\System.EnterpriseServices.dll,46592,F19375E9,130
0,0,CM3D2OHVRx64_Data\Managed\System.Security.dll,135168,96C5745E,130
0,0,CM3D2OHVRx64_Data\Managed\System.Transactions.dll,27648,B61D2893,130
0,0,CM3D2OHVRx64_Data\Managed\System.Windows.Forms.dll,3053568,56394001,130
0,0,CM3D2OHVRx64_Data\Managed\System.Xml.dll,1270272,6574B461,130
0,0,CM3D2OHVRx64_Data\Managed\System.Xml.Linq.dll,106496,D836EA3D,130
0,0,CM3D2OHVRx64_Data\Managed\UnityEngine.dll,968704,D485D834,130
0,0,CM3D2OHVRx64_Data\Managed\UnityEngine.dll.mdb,353141,267D11E9,130
0,0,CM3D2OHVRx64_Data\Managed\UnityEngine.Networking.dll,230912,C88C6376,130
0,0,CM3D2OHVRx64_Data\Managed\UnityEngine.UI.dll,218624,CF89E333,130
0,0,CM3D2OHVRx64_Data\Managed\UnityScript.Lang.dll,14336,A603E1B9,130
0,0,CM3D2OHVRx64_Data\Mono\mono.dll,2612696,7118EB7A,130
0,0,CM3D2OHVRx64_Data\Mono\etc\mono\browscap.ini,311984,CE6C0AB3,130
0,0,CM3D2OHVRx64_Data\Mono\etc\mono\config,1691,A635914A,130
0,0,CM3D2OHVRx64_Data\Mono\etc\mono\1.0\DefaultWsdlHelpGenerator.aspx,58196,10E814BF,130
0,0,CM3D2OHVRx64_Data\Mono\etc\mono\1.0\machine.config,17258,EDE1AC59,130
0,0,CM3D2OHVRx64_Data\Mono\etc\mono\2.0\DefaultWsdlHelpGenerator.aspx,60453,F3869A34,130
0,0,CM3D2OHVRx64_Data\Mono\etc\mono\2.0\machine.config,27625,73C91C24,130
0,0,CM3D2OHVRx64_Data\Mono\etc\mono\2.0\settings.map,2618,A1A3C29F,130
0,0,CM3D2OHVRx64_Data\Mono\etc\mono\2.0\web.config,11686,534A9960,130
0,0,CM3D2OHVRx64_Data\Mono\etc\mono\2.0\Browsers\Compat.browser,1605,2E178A0B,130
0,0,CM3D2OHVRx64_Data\Mono\etc\mono\mconfig\config.xml,25817,80B2033A,130
0,0,CM3D2OHVRx64_Data\Plugins\cm3d2_hole_x64.dll,339968,09BB14AC,130
0,0,CM3D2OHVRx64_Data\Plugins\cm3d2_x64.dll,1514496,40A9A5BB,130
0,0,CM3D2OHVRx64_Data\Plugins\device_hook.dll,87552,65F0207E,130
0,0,CM3D2OHVRx64_Data\Plugins\openvr_api.dll,314688,158B5A3F,130
0,0,CM3D2OHVRx64_Data\Plugins\OVRGamepad.dll,12800,2C526135,130
0,0,CM3D2OHVRx64_Data\Plugins\OVRPlugin.dll,383400,E360893E,130
0,0,CM3D2OHVRx64_Data\Resources\unity default resources,1571476,64CB035D,130
0,0,CM3D2OHVRx64_Data\Resources\unity_builtin_extra,130744,E32CD1B3,130
0,0,GameData\material_vr.arc,6184,D2EAFD73,130
0,0,GameData\menu_vr.arc,3407,D3B43CF5,130
0,0,GameData\model_vr.arc,866449,B84B7620,130
0,0,GameData\paths.dat,1635,5FBF96B5,1301
0,0,GameData\texture_vr.arc,1111256,DF651968,130
