0,0,CM3D2OHVRx64.exe,14915584,EEBFF07A,117
0,0,CM3D2OHVRx64_DirectToRift.exe,465408,ED45B3A7,117
0,0,CM3D2OHVRx64_Data\level0,154392,86167E65,117
0,0,CM3D2OHVRx64_Data\level1,220768,3D75EF23,117
0,0,CM3D2OHVRx64_Data\level10,4376,3D86EC13,117
0,0,CM3D2OHVRx64_Data\level11,143200,EB7D3968,117
0,0,CM3D2OHVRx64_Data\level12,4376,69ED09D6,117
0,0,CM3D2OHVRx64_Data\level13,151528,38FB3CDD,117
0,0,CM3D2OHVRx64_Data\level14,193344,B18B1BF8,117
0,0,CM3D2OHVRx64_Data\level15,353008,6EA36CFF,117
0,0,CM3D2OHVRx64_Data\level16,160608,7AEAF0E7,117
0,0,CM3D2OHVRx64_Data\level17,431008,567EE87C,117
0,0,CM3D2OHVRx64_Data\level2,475304,331E34AF,117
0,0,CM3D2OHVRx64_Data\level3,547936,6494F457,117
0,0,CM3D2OHVRx64_Data\level4,140544,916A0963,117
0,0,CM3D2OHVRx64_Data\level5,177160,878A4E46,117
0,0,CM3D2OHVRx64_Data\level6,140136,0EA9158A,117
0,0,CM3D2OHVRx64_Data\level7,164480,F972CF46,117
0,0,CM3D2OHVRx64_Data\level8,140552,FB5EED5F,117
0,0,CM3D2OHVRx64_Data\level9,442808,8BD9FE06,117
0,0,CM3D2OHVRx64_Data\mainData,871928,E29B0DDE,117
0,0,CM3D2OHVRx64_Data\PlayerConnectionConfigFile,21,40ECA0C6,117
0,0,CM3D2OHVRx64_Data\resources.assets,222243788,501A4FB5,117
0,0,CM3D2OHVRx64_Data\sharedassets0.assets,237507784,4D421399,117
0,0,CM3D2OHVRx64_Data\sharedassets1.assets,6998796,3CFB4D4A,117
0,0,CM3D2OHVRx64_Data\sharedassets10.assets,4553928,05EE3FB3,117
0,0,CM3D2OHVRx64_Data\sharedassets11.assets,4112,D08B830E,117
0,0,CM3D2OHVRx64_Data\sharedassets12.assets,4200896,3AB7F6CE,117
0,0,CM3D2OHVRx64_Data\sharedassets13.assets,4112,C4467E4F,117
0,0,CM3D2OHVRx64_Data\sharedassets14.assets,52425872,FB3D1D43,117
0,0,CM3D2OHVRx64_Data\sharedassets15.assets,3691748,CF55946A,117
0,0,CM3D2OHVRx64_Data\sharedassets16.assets,1587628,07F9EB76,117
0,0,CM3D2OHVRx64_Data\sharedassets17.assets,5328,F112FDBA,117
0,0,CM3D2OHVRx64_Data\sharedassets18.assets,72624,1C1EBBD8,117
0,0,CM3D2OHVRx64_Data\sharedassets2.assets,10846524,CB21DB65,117
0,0,CM3D2OHVRx64_Data\sharedassets3.assets,36843892,4637ECCB,117
0,0,CM3D2OHVRx64_Data\sharedassets4.assets,6952140,C595A8DB,117
0,0,CM3D2OHVRx64_Data\sharedassets5.assets,503336,1CFAA49C,117
0,0,CM3D2OHVRx64_Data\sharedassets6.assets,11891548,E38D3C8C,117
0,0,CM3D2OHVRx64_Data\sharedassets7.assets,466308,7550E5B7,117
0,0,CM3D2OHVRx64_Data\sharedassets8.assets,5280,C5000705,117
0,0,CM3D2OHVRx64_Data\sharedassets9.assets,927400,D03CCDD9,117
0,0,CM3D2OHVRx64_Data\Managed\Accessibility.dll,10752,A358E135,117
0,0,CM3D2OHVRx64_Data\Managed\Assembly-CSharp-firstpass.dll,175104,F4007885,117
0,0,CM3D2OHVRx64_Data\Managed\Assembly-CSharp.dll,1970176,1FD29FF9,117
0,0,CM3D2OHVRx64_Data\Managed\Assembly-UnityScript-firstpass.dll,65024,E5D7C035,117
0,0,CM3D2OHVRx64_Data\Managed\Boo.Lang.dll,126976,B1FDC6B6,117
0,0,CM3D2OHVRx64_Data\Managed\JsonFx.Json.dll,70144,A0F0CFCB,117
0,0,CM3D2OHVRx64_Data\Managed\Mono.Data.Tds.dll,96256,DE9FBD55,117
0,0,CM3D2OHVRx64_Data\Managed\Mono.Posix.dll,184320,A333AAF5,117
0,0,CM3D2OHVRx64_Data\Managed\Mono.Security.dll,294912,D5BB48FC,117
0,0,CM3D2OHVRx64_Data\Managed\Mono.WebBrowser.dll,172032,5D310803,117
0,0,CM3D2OHVRx64_Data\Managed\mscorlib.dll,2590208,5A5FF75C,117
0,0,CM3D2OHVRx64_Data\Managed\System.Configuration.dll,124928,F88CF714,117
0,0,CM3D2OHVRx64_Data\Managed\System.Core.dll,300032,0504C277,117
0,0,CM3D2OHVRx64_Data\Managed\System.Data.dll,856064,1DE4F5EB,117
0,0,CM3D2OHVRx64_Data\Managed\System.dll,1678848,08B8E16D,117
0,0,CM3D2OHVRx64_Data\Managed\System.Drawing.Design.dll,29696,E7B53FF9,117
0,0,CM3D2OHVRx64_Data\Managed\System.Drawing.dll,448512,C4B2E872,117
0,0,CM3D2OHVRx64_Data\Managed\System.EnterpriseServices.dll,46592,1B56067D,117
0,0,CM3D2OHVRx64_Data\Managed\System.Security.dll,135168,A9F5B9F1,117
0,0,CM3D2OHVRx64_Data\Managed\System.Transactions.dll,27648,DE82E2C6,117
0,0,CM3D2OHVRx64_Data\Managed\System.Windows.Forms.dll,3053568,56394001,117
0,0,CM3D2OHVRx64_Data\Managed\System.Xml.dll,1270272,BCE39995,117
0,0,CM3D2OHVRx64_Data\Managed\System.Xml.Linq.dll,106496,1062D683,117
0,0,CM3D2OHVRx64_Data\Managed\UnityEngine.dll,614912,6F2B6F30,117
0,0,CM3D2OHVRx64_Data\Managed\UnityEngine.UI.dll,176128,380C2545,117
0,0,CM3D2OHVRx64_Data\Managed\UnityScript.Lang.dll,14336,FAB8DDA9,117
0,0,CM3D2OHVRx64_Data\Mono\mono.dll,2601984,5E0870C0,117
0,0,CM3D2OHVRx64_Data\Mono\etc\mono\browscap.ini,311984,CE6C0AB3,117
0,0,CM3D2OHVRx64_Data\Mono\etc\mono\config,1691,A635914A,117
0,0,CM3D2OHVRx64_Data\Mono\etc\mono\1.0\DefaultWsdlHelpGenerator.aspx,58196,10E814BF,117
0,0,CM3D2OHVRx64_Data\Mono\etc\mono\1.0\machine.config,17259,82F1AD8B,117
0,0,CM3D2OHVRx64_Data\Mono\etc\mono\2.0\DefaultWsdlHelpGenerator.aspx,60453,F3869A34,117
0,0,CM3D2OHVRx64_Data\Mono\etc\mono\2.0\machine.config,27626,4F6C3F79,117
0,0,CM3D2OHVRx64_Data\Mono\etc\mono\2.0\settings.map,2618,A1A3C29F,117
0,0,CM3D2OHVRx64_Data\Mono\etc\mono\2.0\web.config,11686,534A9960,117
0,0,CM3D2OHVRx64_Data\Mono\etc\mono\2.0\Browsers\Compat.browser,1605,2E178A0B,117
0,0,CM3D2OHVRx64_Data\Mono\etc\mono\mconfig\config.xml,25817,80B2033A,117
0,0,CM3D2OHVRx64_Data\Plugins\cm3d2_hole_x64.dll,339968,09BB14AC,117
0,0,CM3D2OHVRx64_Data\Plugins\cm3d2_x64.dll,1505792,4FD5B91F,117
0,0,CM3D2OHVRx64_Data\Plugins\device_hook.dll,87552,65F0207E,117
0,0,CM3D2OHVRx64_Data\Plugins\OculusPlugin.dll,302080,B873E721,117
0,0,CM3D2OHVRx64_Data\Plugins\OVRGamepad.dll,12800,46477987,117
0,0,CM3D2OHVRx64_Data\Plugins\OVRPlugin.dll,354304,F04E9B58,117
0,0,CM3D2OHVRx64_Data\Resources\unity default resources,1571709,31020360,117
0,0,CM3D2OHVRx64_Data\Resources\unity_builtin_extra,372672,13813718,117
0,0,GameData\material_vr.arc,1393,E8F3D878,100
0,0,GameData\menu_vr.arc,1262,6510B03E,100
0,0,GameData\model_vr.arc,70824,C9DCB2E5,100
0,0,GameData\texture_vr.arc,470392,5F59D9B6,100
