0,0,CM3D2VRx64.exe,20625408,3A29955C,1310
0,0,CM3D2VRx64_DirectToRift.exe,465408,ED45B3A7,1310
0,0,LICENSE,3453,541AF859,1310
0,0,CM3D2VRx64_Data\globalgamemanagers,1286068,F0FDA2FB,1310
0,0,CM3D2VRx64_Data\globalgamemanagers.assets,92120,806865FA,1310
0,0,CM3D2VRx64_Data\level0,181788,C80FA4D4,1310
0,0,CM3D2VRx64_Data\level1,199764,41ABF00B,1310
0,0,CM3D2VRx64_Data\level10,194444,E4E6D59F,1310
0,0,CM3D2VRx64_Data\level11,182340,DCA56171,1310
0,0,CM3D2VRx64_Data\level12,209772,D67DD61F,1310
0,0,CM3D2VRx64_Data\level13,182844,3CCBEE7B,1310
0,0,CM3D2VRx64_Data\level14,564228,4593BD49,1310
0,0,CM3D2VRx64_Data\level15,4640,BC099C8A,1310
0,0,CM3D2VRx64_Data\level16,184396,9425BE7C,1310
0,0,CM3D2VRx64_Data\level17,4640,438654E3,1310
0,0,CM3D2VRx64_Data\level18,196220,C7579B66,1310
0,0,CM3D2VRx64_Data\level19,267020,C22D0690,1310
0,0,CM3D2VRx64_Data\level2,199652,EA218CDF,1310
0,0,CM3D2VRx64_Data\level20,443996,C57D8D19,1310
0,0,CM3D2VRx64_Data\level21,207332,79030E9A,1310
0,0,CM3D2VRx64_Data\level22,530388,4DDBC98D,1310
0,0,CM3D2VRx64_Data\level23,258092,20C8FA27,1310
0,0,CM3D2VRx64_Data\level24,284364,E2127022,1310
0,0,CM3D2VRx64_Data\level25,206116,D4BD645F,1310
0,0,CM3D2VRx64_Data\level26,652852,F9664D0A,1310
0,0,CM3D2VRx64_Data\level27,767332,F5A4B2C4,1310
0,0,CM3D2VRx64_Data\level28,512060,9079298B,1310
0,0,CM3D2VRx64_Data\level3,420316,376411F8,1310
0,0,CM3D2VRx64_Data\level4,589828,CC3AFDFB,1310
0,0,CM3D2VRx64_Data\level5,630380,578C0DC8,1310
0,0,CM3D2VRx64_Data\level6,182836,684410D6,1310
0,0,CM3D2VRx64_Data\level7,356468,13B923F4,1310
0,0,CM3D2VRx64_Data\level8,231284,E8F2FB1B,1310
0,0,CM3D2VRx64_Data\level9,226908,5B1B29EB,1310
0,0,CM3D2VRx64_Data\resources.assets,245140164,358BCB14,1310
0,0,CM3D2VRx64_Data\resources.assets.resS,231150068,2F330392,1310
0,0,CM3D2VRx64_Data\sharedassets0.assets,16452384,10E00F6D,1310
0,0,CM3D2VRx64_Data\sharedassets0.assets.resS,121722544,0DEE3272,1310
0,0,CM3D2VRx64_Data\sharedassets1.assets,5812,04574CD6,1310
0,0,CM3D2VRx64_Data\sharedassets10.assets,5656,91752120,1310
0,0,CM3D2VRx64_Data\sharedassets11.assets,5656,9A91F65C,1310
0,0,CM3D2VRx64_Data\sharedassets12.assets,5680,AF61A9F5,1310
0,0,CM3D2VRx64_Data\sharedassets13.assets,5680,12C4C7DE,1310
0,0,CM3D2VRx64_Data\sharedassets14.assets,6232,20D782FB,1310
0,0,CM3D2VRx64_Data\sharedassets15.assets,4132,6E60E688,1310
0,0,CM3D2VRx64_Data\sharedassets16.assets,5716,BEA0C139,1310
0,0,CM3D2VRx64_Data\sharedassets17.assets,4132,0A770545,1310
0,0,CM3D2VRx64_Data\sharedassets18.assets,6280,0C187112,1310
0,0,CM3D2VRx64_Data\sharedassets19.assets,5680,E7421C16,1310
0,0,CM3D2VRx64_Data\sharedassets2.assets,5860,D0F37387,1310
0,0,CM3D2VRx64_Data\sharedassets20.assets,215176,D51E0771,1310
0,0,CM3D2VRx64_Data\sharedassets20.assets.resS,51968,C41BC4E7,1310
0,0,CM3D2VRx64_Data\sharedassets21.assets,5752,FAF445FE,1310
0,0,CM3D2VRx64_Data\sharedassets22.assets,74056,63BFFCF8,1310
0,0,CM3D2VRx64_Data\sharedassets23.assets,5884,5D01A6EC,1310
0,0,CM3D2VRx64_Data\sharedassets24.assets,5764,458E155C,1310
0,0,CM3D2VRx64_Data\sharedassets25.assets,5764,237F4374,1310
0,0,CM3D2VRx64_Data\sharedassets26.assets,8020,7719C728,1310
0,0,CM3D2VRx64_Data\sharedassets27.assets,6220,0E1E8EAF,1310
0,0,CM3D2VRx64_Data\sharedassets28.assets,39511600,A04AEA6E,1310
0,0,CM3D2VRx64_Data\sharedassets3.assets,6232,A9477A92,1310
0,0,CM3D2VRx64_Data\sharedassets4.assets,1310136,E13591A4,1310
0,0,CM3D2VRx64_Data\sharedassets5.assets,6352,5072F685,1310
0,0,CM3D2VRx64_Data\sharedassets6.assets,5680,0597BC6C,1310
0,0,CM3D2VRx64_Data\sharedassets7.assets,5956,E7B17CAD,1310
0,0,CM3D2VRx64_Data\sharedassets8.assets,5836,A37C0EBB,1310
0,0,CM3D2VRx64_Data\sharedassets9.assets,6160,445D4E95,1310
0,0,CM3D2VRx64_Data\Managed\Accessibility.dll,10752,67D4623D,1310
0,0,CM3D2VRx64_Data\Managed\Assembly-CSharp-firstpass.dll,276480,AD988E23,1310
0,0,CM3D2VRx64_Data\Managed\Assembly-CSharp.dll,2320384,0F9A2E68,1310
0,0,CM3D2VRx64_Data\Managed\Assembly-UnityScript-firstpass.dll,65024,9672435F,1310
0,0,CM3D2VRx64_Data\Managed\Boo.Lang.dll,126976,AA8D6FE9,1310
0,0,CM3D2VRx64_Data\Managed\JsonFx.Json.dll,70144,A0F0CFCB,1310
0,0,CM3D2VRx64_Data\Managed\LeapCSharp.NET3.5.dll,96080,CF6AC469,1310
0,0,CM3D2VRx64_Data\Managed\Mono.Data.Tds.dll,96256,45AD281A,1310
0,0,CM3D2VRx64_Data\Managed\Mono.Posix.dll,184320,29648DFE,1310
0,0,CM3D2VRx64_Data\Managed\Mono.Security.dll,294912,47C69D18,1310
0,0,CM3D2VRx64_Data\Managed\Mono.WebBrowser.dll,172032,7C128360,1310
0,0,CM3D2VRx64_Data\Managed\mscorlib.dll,2589696,7FC818D1,1310
0,0,CM3D2VRx64_Data\Managed\System.Configuration.dll,124928,F6B1A6D0,1310
0,0,CM3D2VRx64_Data\Managed\System.Core.dll,299008,53040774,1310
0,0,CM3D2VRx64_Data\Managed\System.Data.dll,856064,84A5413E,1310
0,0,CM3D2VRx64_Data\Managed\System.dll,1678848,CA8E0A02,1310
0,0,CM3D2VRx64_Data\Managed\System.Drawing.Design.dll,29696,E7B53FF9,1310
0,0,CM3D2VRx64_Data\Managed\System.Drawing.dll,448512,C4B2E872,1310
0,0,CM3D2VRx64_Data\Managed\System.EnterpriseServices.dll,46592,F19375E9,1310
0,0,CM3D2VRx64_Data\Managed\System.Security.dll,135168,96C5745E,1310
0,0,CM3D2VRx64_Data\Managed\System.Transactions.dll,27648,B61D2893,1310
0,0,CM3D2VRx64_Data\Managed\System.Windows.Forms.dll,3053568,56394001,1310
0,0,CM3D2VRx64_Data\Managed\System.Xml.dll,1270272,6574B461,1310
0,0,CM3D2VRx64_Data\Managed\System.Xml.Linq.dll,106496,D836EA3D,1310
0,0,CM3D2VRx64_Data\Managed\UnityEngine.dll,968704,F9738E15,1310
0,0,CM3D2VRx64_Data\Managed\UnityEngine.dll.mdb,353184,300BB4F4,1310
0,0,CM3D2VRx64_Data\Managed\UnityEngine.Networking.dll,230912,D5D1EF2D,1310
0,0,CM3D2VRx64_Data\Managed\UnityEngine.UI.dll,218624,C7049BDC,1310
0,0,CM3D2VRx64_Data\Managed\UnityScript.Lang.dll,14336,A603E1B9,1310
0,0,CM3D2VRx64_Data\Mono\mono.dll,2612696,2F54641B,1310
0,0,CM3D2VRx64_Data\Mono\etc\mono\browscap.ini,311984,CE6C0AB3,1310
0,0,CM3D2VRx64_Data\Mono\etc\mono\config,1691,A635914A,1310
0,0,CM3D2VRx64_Data\Mono\etc\mono\1.0\DefaultWsdlHelpGenerator.aspx,58196,10E814BF,1310
0,0,CM3D2VRx64_Data\Mono\etc\mono\1.0\machine.config,17258,EDE1AC59,1310
0,0,CM3D2VRx64_Data\Mono\etc\mono\2.0\DefaultWsdlHelpGenerator.aspx,60453,F3869A34,1310
0,0,CM3D2VRx64_Data\Mono\etc\mono\2.0\machine.config,27625,73C91C24,1310
0,0,CM3D2VRx64_Data\Mono\etc\mono\2.0\settings.map,2618,A1A3C29F,1310
0,0,CM3D2VRx64_Data\Mono\etc\mono\2.0\web.config,11686,534A9960,1310
0,0,CM3D2VRx64_Data\Mono\etc\mono\2.0\Browsers\Compat.browser,1605,2E178A0B,1310
0,0,CM3D2VRx64_Data\Mono\etc\mono\mconfig\config.xml,25817,80B2033A,1310
0,0,CM3D2VRx64_Data\Plugins\cm3d2_x64.dll,1515008,E3BA070E,1310
0,0,CM3D2VRx64_Data\Plugins\device_hook.dll,87552,65F0207E,1310
0,0,CM3D2VRx64_Data\Plugins\LeapC.dll,2516992,FBDD3767,1310
0,0,CM3D2VRx64_Data\Plugins\openvr_api.dll,318272,44432E0F,1310
0,0,CM3D2VRx64_Data\Plugins\OVRGamepad.dll,12800,2C526135,1310
0,0,CM3D2VRx64_Data\Plugins\OVRPlugin.dll,383400,E360893E,1310
0,0,CM3D2VRx64_Data\Resources\unity default resources,1571188,B4F11EC7,1310
0,0,CM3D2VRx64_Data\Resources\unity_builtin_extra,130744,F32D0767,1310
0,0,GameData\material_vr.arc,6184,D2EAFD73,130
0,0,GameData\menu_vr.arc,3407,D3B43CF5,130
0,0,GameData\model_vr.arc,866449,B84B7620,130
0,0,GameData\paths.dat,1775,A7C8D802,1310
0,0,GameData\texture_vr.arc,1111256,DF651968,130
