0,0,CM3D2x64.exe,20649984,6EFB2A0D,1691
0,0,GameData\material_dlc028_2.arc,8882,8BE4415C,1691
0,0,GameData\material_dlc412_2.arc,16850,B8975C41,1691
0,0,GameData\menu2.arc,245468,50E165D6,1691
0,0,GameData\menu_cas002_2.arc,3234,B376662F,1691
0,0,GameData\menu_cas030_2.arc,3874,6028B3BE,1691
0,0,GameData\menu_cas056_2.arc,3890,7F6480A2,1691
0,0,GameData\menu_cas064_2.arc,3746,743A5DCF,1691
0,0,GameData\menu_cw001cloth3_2.arc,6994,F7D9910B,1691
0,0,GameData\menu_denkigai2017s_2.arc,8642,ED615547,1691
0,0,GameData\menu_denkigai2017w_2.arc,4210,5A0BE53C,1691
0,0,GameData\menu_dlc001_2.arc,3954,7D6E4233,1691
0,0,GameData\menu_dlc017_2.arc,3394,486DB42A,1691
0,0,GameData\menu_dlc158_2.arc,1250,BD65297C,1691
0,0,GameData\menu_dlc184_2.arc,3346,5D28E953,1691
0,0,GameData\menu_dlc202_2.arc,3298,6020A7E0,1691
0,0,GameData\menu_dlc206_2.arc,3394,CAC7F5BB,1691
0,0,GameData\menu_dlc227_2.arc,1234,432C150D,1691
0,0,GameData\menu_dlc228_2.arc,1234,77F54BF8,1691
0,0,GameData\menu_dlc230_2.arc,1170,F4DCC0AA,1691
0,0,GameData\menu_dlc230nh_2.arc,1202,4F46042A,1691
0,0,GameData\menu_dlc232_2.arc,1826,3B896447,1691
0,0,GameData\menu_dlc281_2.arc,1234,55D6233E,1691
0,0,GameData\menu_dlc282_2.arc,1234,8AA0E036,1691
0,0,GameData\menu_dlc293_2.arc,1234,0D9FCDF7,1691
0,0,GameData\menu_dlc297_2.arc,1234,45E20486,1691
0,0,GameData\menu_dlc322_2.arc,3138,2A035FB8,1691
0,0,GameData\menu_dlc324_2.arc,31458,30DAF5BE,1691
0,0,GameData\menu_dlc339_2.arc,3154,EEE967A4,1691
0,0,GameData\menu_dlc360_2.arc,1170,05EB0AAA,1691
0,0,GameData\menu_dlc367_2.arc,3410,C3A781BD,1691
0,0,GameData\menu_dlc368_2.arc,6114,83EAB547,1691
0,0,GameData\menu_dlc379_2.arc,2978,756E6CCC,1691
0,0,GameData\menu_dlc394_2.arc,3298,20BB0E24,1691
0,0,GameData\menu_dlc412_2.arc,2962,13740778,1691
0,0,GameData\menu_dlcdenkigai2017s_2.arc,7602,6B6DD0C1,1691
0,0,GameData\menu_dlcdenkigai2017w_2.arc,11282,DA66FC65,1691
0,0,GameData\menu_gp001_2.arc,6711,C3862D3E,1691
0,0,GameData\menu_kissevent2017march_2.arc,106624,14291926,1631
0,0,GameData\menu_magazine002_2.arc,12994,C2587640,1691
0,0,GameData\menu_sp001cloth1_2.arc,3314,31F028BF,1691
0,0,GameData\menu_vp001_2.arc,22178,56017FAF,1691
0,0,GameData\model2.arc,14269988,3E2E7F1F,1691
0,0,GameData\model_3d21reserve_2.arc,97321,682B7108,1691
0,0,GameData\model_denkigai2017w_2.arc,564294,4C2FF2C5,1691
0,0,GameData\model_denkigai2019s_2.arc,161179,BAFBA2FA,1691
0,0,GameData\model_dlc028_2.arc,1613633,3B524EF3,1691
0,0,GameData\model_dlc331_2.arc,382339,7535D433,1691
0,0,GameData\model_dlc368_2.arc,90479,8CC752F9,1691
0,0,GameData\model_dlc412_2.arc,236630,17161F9C,1691
0,0,GameData\model_dlcdenkigai2017w_2.arc,564322,D9E3D918,1691
0,0,GameData\model_dlcdenkigai2019s_2.arc,161184,75ECD4CA,1691
0,0,GameData\model_sp001cloth1_2.arc,57746,E9F326F1,1691
0,0,GameData\model_vp001_2.arc,647949,3A47B5A0,1691
0,0,GameData\paths.dat,13146,07560DA1,1719
0,0,GameData\prioritymaterial.arc,379585,0843EA2E,1719
0,0,GameData\texture_kissevent2017march_2.arc,79432604,C7DD457A,1631
