0,0,CM3D2OHVRx64.exe,20649984,0A92CEB6,1431
0,0,CM3D2OHVRx64_DirectToRift.exe,465408,ED45B3A7,1431
0,0,CM3D2OHVRx64_Data\globalgamemanagers,1434876,4D44DD03,1431
0,0,CM3D2OHVRx64_Data\globalgamemanagers.assets,137300,2477452C,1431
0,0,CM3D2OHVRx64_Data\level0,189228,736722FB,1431
0,0,CM3D2OHVRx64_Data\level1,207204,B960006B,1431
0,0,CM3D2OHVRx64_Data\level10,548252,CD6F684C,1431
0,0,CM3D2OHVRx64_Data\level11,4640,DBFBA102,1431
0,0,CM3D2OHVRx64_Data\level12,191852,CE7F80FA,1431
0,0,CM3D2OHVRx64_Data\level13,4640,68B41371,1431
0,0,CM3D2OHVRx64_Data\level14,209972,138B4C9A,1431
0,0,CM3D2OHVRx64_Data\level15,279916,62AD143B,1431
0,0,CM3D2OHVRx64_Data\level16,451436,90D36CA8,1431
0,0,CM3D2OHVRx64_Data\level17,214772,0CE4643B,1431
0,0,CM3D2OHVRx64_Data\level18,537844,FDC70F89,1431
0,0,CM3D2OHVRx64_Data\level19,265532,4698936B,1431
0,0,CM3D2OHVRx64_Data\level2,287644,D4A52CCB,1431
0,0,CM3D2OHVRx64_Data\level20,660292,016DDCFE,1431
0,0,CM3D2OHVRx64_Data\level21,1268236,B01998BE,1431
0,0,CM3D2OHVRx64_Data\level22,519500,93B458FB,1431
0,0,CM3D2OHVRx64_Data\level23,612484,DBE86DD1,1431
0,0,CM3D2OHVRx64_Data\level24,843692,1AB7354E,1431
0,0,CM3D2OHVRx64_Data\level25,704636,D25A2309,1431
0,0,CM3D2OHVRx64_Data\level3,597268,A814DBA7,1431
0,0,CM3D2OHVRx64_Data\level4,637820,04B56FFF,1431
0,0,CM3D2OHVRx64_Data\level5,190276,57773B39,1431
0,0,CM3D2OHVRx64_Data\level6,234348,DA3DB0C5,1431
0,0,CM3D2OHVRx64_Data\level7,189780,1A05CE67,1431
0,0,CM3D2OHVRx64_Data\level8,217228,89FDF32B,1431
0,0,CM3D2OHVRx64_Data\level9,190812,53CA2F41,1431
0,0,CM3D2OHVRx64_Data\resources.assets,252194872,F92B2C48,1431
0,0,CM3D2OHVRx64_Data\resources.assets.resS,408837944,9320649C,1431
0,0,CM3D2OHVRx64_Data\sharedassets0.assets,16482976,9F7FB86D,1431
0,0,CM3D2OHVRx64_Data\sharedassets0.assets.resS,121728032,3D69BF0B,1431
0,0,CM3D2OHVRx64_Data\sharedassets1.assets,5920,47D03ECF,1431
0,0,CM3D2OHVRx64_Data\sharedassets10.assets,6244,F7795112,1431
0,0,CM3D2OHVRx64_Data\sharedassets11.assets,4132,FB87316C,1431
0,0,CM3D2OHVRx64_Data\sharedassets12.assets,5824,D2C23574,1431
0,0,CM3D2OHVRx64_Data\sharedassets13.assets,4132,689CACB9,1431
0,0,CM3D2OHVRx64_Data\sharedassets14.assets,6544,CE6258D9,1431
0,0,CM3D2OHVRx64_Data\sharedassets15.assets,5788,B1483F02,1431
0,0,CM3D2OHVRx64_Data\sharedassets16.assets,215280,EF636168,1431
0,0,CM3D2OHVRx64_Data\sharedassets16.assets.resS,51968,C41BC4E7,1431
0,0,CM3D2OHVRx64_Data\sharedassets17.assets,5860,2857FFA7,1431
0,0,CM3D2OHVRx64_Data\sharedassets18.assets,74160,2D5C9BB5,1431
0,0,CM3D2OHVRx64_Data\sharedassets19.assets,5992,AD6219E1,1431
0,0,CM3D2OHVRx64_Data\sharedassets2.assets,6136,2A31B462,1431
0,0,CM3D2OHVRx64_Data\sharedassets20.assets,8128,92822885,1431
0,0,CM3D2OHVRx64_Data\sharedassets21.assets,6484,EF619ED2,1431
0,0,CM3D2OHVRx64_Data\sharedassets22.assets,39511712,C5A8DAFF,1431
0,0,CM3D2OHVRx64_Data\sharedassets23.assets,67700952,4565A4D4,1431
0,0,CM3D2OHVRx64_Data\sharedassets24.assets,67690184,C59203A7,1431
0,0,CM3D2OHVRx64_Data\sharedassets25.assets,47233820,9375DFFC,1431
0,0,CM3D2OHVRx64_Data\sharedassets25.resource,3813344,7B95E5D4,1431
0,0,CM3D2OHVRx64_Data\sharedassets3.assets,1310240,CBD17112,1431
0,0,CM3D2OHVRx64_Data\sharedassets4.assets,6460,7A4799A6,1431
0,0,CM3D2OHVRx64_Data\sharedassets5.assets,5788,266790B7,1431
0,0,CM3D2OHVRx64_Data\sharedassets6.assets,6268,5F1953F5,1431
0,0,CM3D2OHVRx64_Data\sharedassets7.assets,5764,C8AACB87,1431
0,0,CM3D2OHVRx64_Data\sharedassets8.assets,5788,981C250E,1431
0,0,CM3D2OHVRx64_Data\sharedassets9.assets,5812,963D6325,1431
0,0,CM3D2OHVRx64_Data\Managed\Accessibility.dll,10752,594EE943,1431
0,0,CM3D2OHVRx64_Data\Managed\Assembly-CSharp-firstpass.dll,695296,568E8286,1431
0,0,CM3D2OHVRx64_Data\Managed\Assembly-CSharp.dll,2621440,659D927E,1431
0,0,CM3D2OHVRx64_Data\Managed\Assembly-UnityScript-firstpass.dll,65024,8CB2B3B5,1431
0,0,CM3D2OHVRx64_Data\Managed\Boo.Lang.dll,126976,9ADD3789,1431
0,0,CM3D2OHVRx64_Data\Managed\Ionic.Zlib.dll,102400,7C9E7DD2,1431
0,0,CM3D2OHVRx64_Data\Managed\JsonFx.Json.dll,70144,A0F0CFCB,1431
0,0,CM3D2OHVRx64_Data\Managed\LeapCSharp.NET3.5.dll,82432,38E38212,1431
0,0,CM3D2OHVRx64_Data\Managed\Mono.Data.Tds.dll,96256,DDA7BAB7,1431
0,0,CM3D2OHVRx64_Data\Managed\Mono.Posix.dll,184320,C7063ABB,1431
0,0,CM3D2OHVRx64_Data\Managed\Mono.Security.dll,294912,8C7E67B3,1431
0,0,CM3D2OHVRx64_Data\Managed\Mono.WebBrowser.dll,172032,541986C3,1431
0,0,CM3D2OHVRx64_Data\Managed\mscorlib.dll,2589696,AFA570E5,1431
0,0,CM3D2OHVRx64_Data\Managed\System.Configuration.dll,124928,D5F2A804,1431
0,0,CM3D2OHVRx64_Data\Managed\System.Core.dll,297472,BCE2218F,1431
0,0,CM3D2OHVRx64_Data\Managed\System.Data.dll,856064,F1D38D2E,1431
0,0,CM3D2OHVRx64_Data\Managed\System.dll,1679360,288F722A,1431
0,0,CM3D2OHVRx64_Data\Managed\System.Drawing.Design.dll,29696,E7B53FF9,1431
0,0,CM3D2OHVRx64_Data\Managed\System.Drawing.dll,448512,C4B2E872,1431
0,0,CM3D2OHVRx64_Data\Managed\System.EnterpriseServices.dll,46592,75A19B93,1431
0,0,CM3D2OHVRx64_Data\Managed\System.Security.dll,135168,365C74A7,1431
0,0,CM3D2OHVRx64_Data\Managed\System.Transactions.dll,27648,203D65C1,1431
0,0,CM3D2OHVRx64_Data\Managed\System.Windows.Forms.dll,3053568,56394001,1431
0,0,CM3D2OHVRx64_Data\Managed\System.Xml.dll,1270272,9B79033F,1431
0,0,CM3D2OHVRx64_Data\Managed\System.Xml.Linq.dll,106496,B3ACF139,1431
0,0,CM3D2OHVRx64_Data\Managed\UnityEngine.dll,972800,B3EB425F,1431
0,0,CM3D2OHVRx64_Data\Managed\UnityEngine.dll.mdb,353934,02424F6C,1431
0,0,CM3D2OHVRx64_Data\Managed\UnityEngine.Networking.dll,230912,EBC88F56,1431
0,0,CM3D2OHVRx64_Data\Managed\UnityEngine.UI.dll,219136,8E43BC11,1431
0,0,CM3D2OHVRx64_Data\Managed\UnityScript.Lang.dll,14336,13EE284D,1431
0,0,CM3D2OHVRx64_Data\Managed\zxing.unity.dll,430592,9FD1F198,1431
0,0,CM3D2OHVRx64_Data\Mono\mono.dll,2612696,2A5A1006,1431
0,0,CM3D2OHVRx64_Data\Mono\etc\mono\browscap.ini,311984,CE6C0AB3,1431
0,0,CM3D2OHVRx64_Data\Mono\etc\mono\config,1691,A635914A,1431
0,0,CM3D2OHVRx64_Data\Mono\etc\mono\1.0\DefaultWsdlHelpGenerator.aspx,58196,10E814BF,1431
0,0,CM3D2OHVRx64_Data\Mono\etc\mono\1.0\machine.config,17258,EDE1AC59,1431
0,0,CM3D2OHVRx64_Data\Mono\etc\mono\2.0\DefaultWsdlHelpGenerator.aspx,60453,F3869A34,1431
0,0,CM3D2OHVRx64_Data\Mono\etc\mono\2.0\machine.config,27625,73C91C24,1431
0,0,CM3D2OHVRx64_Data\Mono\etc\mono\2.0\settings.map,2618,A1A3C29F,1431
0,0,CM3D2OHVRx64_Data\Mono\etc\mono\2.0\web.config,11686,534A9960,1431
0,0,CM3D2OHVRx64_Data\Mono\etc\mono\2.0\Browsers\Compat.browser,1605,2E178A0B,1431
0,0,CM3D2OHVRx64_Data\Mono\etc\mono\mconfig\config.xml,25817,80B2033A,1431
0,0,CM3D2OHVRx64_Data\Plugins\cm3d2_hole_x64.dll,339968,09BB14AC,1431
0,0,CM3D2OHVRx64_Data\Plugins\cm3d2_x64.dll,1543680,6027F7CE,1431
0,0,CM3D2OHVRx64_Data\Plugins\device_hook.dll,116736,CF35F038,1431
0,0,CM3D2OHVRx64_Data\Plugins\LeapC.dll,2516992,FBDD3767,1431
0,0,CM3D2OHVRx64_Data\Plugins\openvr_api.dll,318272,44432E0F,1431
0,0,CM3D2OHVRx64_Data\Plugins\OVRGamepad.dll,12800,2C526135,1431
0,0,CM3D2OHVRx64_Data\Plugins\OVRPlugin.dll,1894312,38EDD831,1431
0,0,CM3D2OHVRx64_Data\Plugins\OVRPlugin.dll__140,399272,D560055D,1431
0,0,CM3D2OHVRx64_Data\Resources\unity default resources,1544700,7137E221,1431
0,0,CM3D2OHVRx64_Data\Resources\unity_builtin_extra,142196,DF9A5755,1431
0,0,GameData\material_vr.arc,6184,D2EAFD73,130
0,0,GameData\menu_vr.arc,3407,D3B43CF5,130
0,0,GameData\model_vr.arc,866449,B84B7620,130
0,0,GameData\texture_vr.arc,1111256,DF651968,130
