0,0,CM3D2.exe,7570944,4D2347D8,1010
0,0,CM3D2x86.exe,16834560,3CE36063,1620
0,0,LICENSE,25204,17CCA6C1,1620
0,0,CM3D2x86_Data\globalgamemanagers,2179636,79DCAD99,1620
0,0,CM3D2x86_Data\globalgamemanagers.assets,163484,6FB457F9,1620
0,0,CM3D2x86_Data\level0,276876,AB76112F,1620
0,0,CM3D2x86_Data\level1,294868,782F2844,1620
0,0,CM3D2x86_Data\level10,289548,B14A7404,1620
0,0,CM3D2x86_Data\level11,277428,9220370C,1620
0,0,CM3D2x86_Data\level12,304860,834472EB,1620
0,0,CM3D2x86_Data\level13,278444,4B5D4595,1620
0,0,CM3D2x86_Data\level14,659332,DEDB31FE,1620
0,0,CM3D2x86_Data\level15,4640,98E9FA1D,1620
0,0,CM3D2x86_Data\level16,279484,B77D8EC0,1620
0,0,CM3D2x86_Data\level17,4640,1090D72F,1620
0,0,CM3D2x86_Data\level18,297604,289A69A0,1620
0,0,CM3D2x86_Data\level19,397596,E0F57198,1620
0,0,CM3D2x86_Data\level2,294756,4DA276A0,1620
0,0,CM3D2x86_Data\level20,539092,FC4A0E4E,1620
0,0,CM3D2x86_Data\level21,303020,7A583248,1620
0,0,CM3D2x86_Data\level22,625484,264C1BF8,1620
0,0,CM3D2x86_Data\level23,362932,22B47562,1620
0,0,CM3D2x86_Data\level24,398332,4E5AD684,1620
0,0,CM3D2x86_Data\level25,301236,D1F43D4B,1620
0,0,CM3D2x86_Data\level26,747948,40EDB5D3,1620
0,0,CM3D2x86_Data\level27,1416452,A5DAA882,1620
0,0,CM3D2x86_Data\level28,607156,A870E66C,1620
0,0,CM3D2x86_Data\level29,301292,3D56CDCB,1620
0,0,CM3D2x86_Data\level3,518828,84F44B83,1620
0,0,CM3D2x86_Data\level30,700124,549EF5D8,1620
0,0,CM3D2x86_Data\level31,931348,A0B569C9,1620
0,0,CM3D2x86_Data\level32,792276,4CBFE169,1620
0,0,CM3D2x86_Data\level33,293228,6155C1C3,1620
0,0,CM3D2x86_Data\level34,639436,D69013B0,1620
0,0,CM3D2x86_Data\level35,914492,87130B47,1620
0,0,CM3D2x86_Data\level36,632604,1C0E6336,1620
0,0,CM3D2x86_Data\level37,855260,10A12C2E,1620
0,0,CM3D2x86_Data\level38,405228,7825064C,1620
0,0,CM3D2x86_Data\level39,27784,76CAC081,1620
0,0,CM3D2x86_Data\level39.resS,131232,DF682E61,1620
0,0,CM3D2x86_Data\level4,684924,AD201ED8,1620
0,0,CM3D2x86_Data\level40,38492,011854A7,1620
0,0,CM3D2x86_Data\level41,44076,1291F3E6,1620
0,0,CM3D2x86_Data\level42,39992,C84B1AD8,1620
0,0,CM3D2x86_Data\level43,277764,C631E9C6,1620
0,0,CM3D2x86_Data\level44,644748,8B1142AD,1620
0,0,CM3D2x86_Data\level45,356020,AE1E14EF,1620
0,0,CM3D2x86_Data\level46,352620,105F8041,1620
0,0,CM3D2x86_Data\level47,346156,7A0E8CAD,1620
0,0,CM3D2x86_Data\level48,409652,51A2DB67,1620
0,0,CM3D2x86_Data\level49,422020,33FDCCC5,1620
0,0,CM3D2x86_Data\level5,707988,748A747C,1620
0,0,CM3D2x86_Data\level50,398636,3861D7E0,1620
0,0,CM3D2x86_Data\level6,277924,4F5E68EC,1620
0,0,CM3D2x86_Data\level7,451412,3FDB423C,1620
0,0,CM3D2x86_Data\level8,326420,E78B7EB1,1620
0,0,CM3D2x86_Data\level9,321996,29683F3C,1620
0,0,CM3D2x86_Data\resources.assets,280513732,87B1ABBB,1620
0,0,CM3D2x86_Data\resources.assets.resS,577750420,DD1CEE5A,1620
0,0,CM3D2x86_Data\sharedassets0.assets,16483168,18D17BA7,1620
0,0,CM3D2x86_Data\sharedassets0.assets.resS,121728032,BCB828A4,1620
0,0,CM3D2x86_Data\sharedassets1.assets,5956,9E0EF4A7,1620
0,0,CM3D2x86_Data\sharedassets10.assets,5800,A24F0921,1620
0,0,CM3D2x86_Data\sharedassets11.assets,5800,ECCA40BF,1620
0,0,CM3D2x86_Data\sharedassets12.assets,5824,9285D39F,1620
0,0,CM3D2x86_Data\sharedassets13.assets,5848,16F4856A,1620
0,0,CM3D2x86_Data\sharedassets14.assets,6376,4DA67DC1,1620
0,0,CM3D2x86_Data\sharedassets15.assets,4132,3BF00E65,1620
0,0,CM3D2x86_Data\sharedassets16.assets,5860,62D44EB1,1620
0,0,CM3D2x86_Data\sharedassets17.assets,4132,AF8E9CC5,1620
0,0,CM3D2x86_Data\sharedassets18.assets,6580,5C199AC4,1620
0,0,CM3D2x86_Data\sharedassets19.assets,5824,95124E4B,1620
0,0,CM3D2x86_Data\sharedassets2.assets,6004,859C186B,1620
0,0,CM3D2x86_Data\sharedassets20.assets,215320,BB0558CF,1620
0,0,CM3D2x86_Data\sharedassets20.assets.resS,51968,C41BC4E7,1620
0,0,CM3D2x86_Data\sharedassets21.assets,5896,B584855E,1620
0,0,CM3D2x86_Data\sharedassets22.assets,74200,DF04DE97,1620
0,0,CM3D2x86_Data\sharedassets23.assets,6028,580A0F1C,1620
0,0,CM3D2x86_Data\sharedassets24.assets,5920,882BC62B,1620
0,0,CM3D2x86_Data\sharedassets25.assets,5908,FD06C15F,1620
0,0,CM3D2x86_Data\sharedassets26.assets,8164,A9E5D6AD,1620
0,0,CM3D2x86_Data\sharedassets27.assets,6604,7C8A54B8,1620
0,0,CM3D2x86_Data\sharedassets28.assets,39511744,A5AC2B2C,1620
0,0,CM3D2x86_Data\sharedassets29.assets,5908,0BF3ACAE,1620
0,0,CM3D2x86_Data\sharedassets3.assets,6376,87E965A7,1620
0,0,CM3D2x86_Data\sharedassets30.assets,67700992,25E3E2B1,1620
0,0,CM3D2x86_Data\sharedassets31.assets,67690216,B3B63C29,1620
0,0,CM3D2x86_Data\sharedassets32.assets,47233852,946F9C0E,1620
0,0,CM3D2x86_Data\sharedassets32.resource,3813344,7B95E5D4,1620
0,0,CM3D2x86_Data\sharedassets33.assets,5824,45D5A1A5,1620
0,0,CM3D2x86_Data\sharedassets34.assets,80175012,CB8C7338,1620
0,0,CM3D2x86_Data\sharedassets35.assets,84139396,66A69DAE,1620
0,0,CM3D2x86_Data\sharedassets36.assets,48988508,C3F225A7,1620
0,0,CM3D2x86_Data\sharedassets37.assets,111395748,36A3E122,1620
0,0,CM3D2x86_Data\sharedassets37.assets.resS,7296672,0E6CF936,1620
0,0,CM3D2x86_Data\sharedassets38.assets,55916816,06E05297,1620
0,0,CM3D2x86_Data\sharedassets39.assets,27512,DE6B3CF7,1620
0,0,CM3D2x86_Data\sharedassets39.assets.resS,174776,7D821248,1620
0,0,CM3D2x86_Data\sharedassets4.assets,1310280,5CE15332,1620
0,0,CM3D2x86_Data\sharedassets40.assets,55004,0DEC308B,1620
0,0,CM3D2x86_Data\sharedassets40.assets.resS,786464,17681AC8,1620
0,0,CM3D2x86_Data\sharedassets41.assets,4432,DE2CD012,1620
0,0,CM3D2x86_Data\sharedassets42.assets,1032124,7EADBA95,1620
0,0,CM3D2x86_Data\sharedassets42.assets.resS,5417776,A41251E2,1620
0,0,CM3D2x86_Data\sharedassets43.assets,5836,E17C0F8B,1620
0,0,CM3D2x86_Data\sharedassets44.assets,130769172,6E3B993E,1620
0,0,CM3D2x86_Data\sharedassets45.assets,86031244,C087561E,1620
0,0,CM3D2x86_Data\sharedassets45.assets.resS,87400,0DB2AE3E,1620
0,0,CM3D2x86_Data\sharedassets46.assets,77322220,A7BCA84E,1620
0,0,CM3D2x86_Data\sharedassets47.assets,83356072,38CDF3BE,1620
0,0,CM3D2x86_Data\sharedassets48.assets,81435928,4992D2FA,1620
0,0,CM3D2x86_Data\sharedassets48.assets.resS,174776,08EE0C0E,1620
0,0,CM3D2x86_Data\sharedassets49.assets,75087788,F2E7F674,1620
0,0,CM3D2x86_Data\sharedassets5.assets,6484,808E16FE,1620
0,0,CM3D2x86_Data\sharedassets50.assets,66802316,D06F79C2,1620
0,0,CM3D2x86_Data\sharedassets6.assets,5824,E5D20F40,1620
0,0,CM3D2x86_Data\sharedassets7.assets,6088,634106D4,1620
0,0,CM3D2x86_Data\sharedassets8.assets,5980,9CF75805,1620
0,0,CM3D2x86_Data\sharedassets9.assets,6364,4AD64F66,1620
0,0,CM3D2x86_Data\Managed\Accessibility.dll,10752,594EE943,1620
0,0,CM3D2x86_Data\Managed\Assembly-CSharp-firstpass.dll,773120,BA450DD1,1620
0,0,CM3D2x86_Data\Managed\Assembly-CSharp.dll,3162112,2DA56942,1620
0,0,CM3D2x86_Data\Managed\Assembly-UnityScript-firstpass.dll,65024,6CF9DD68,1620
0,0,CM3D2x86_Data\Managed\Boo.Lang.dll,126976,9ADD3789,1620
0,0,CM3D2x86_Data\Managed\FoveUnityPlugin.dll,28672,A6EA882B,1620
0,0,CM3D2x86_Data\Managed\Ionic.Zlib.dll,102400,7C9E7DD2,1620
0,0,CM3D2x86_Data\Managed\JsonFx.Json.dll,70144,A0F0CFCB,1620
0,0,CM3D2x86_Data\Managed\LeapCSharp.NET3.5.dll,82432,38E38212,1620
0,0,CM3D2x86_Data\Managed\Mono.Data.Tds.dll,96256,DDA7BAB7,1620
0,0,CM3D2x86_Data\Managed\Mono.Posix.dll,184320,C7063ABB,1620
0,0,CM3D2x86_Data\Managed\Mono.Security.dll,294912,8C7E67B3,1620
0,0,CM3D2x86_Data\Managed\Mono.WebBrowser.dll,172032,541986C3,1620
0,0,CM3D2x86_Data\Managed\mscorlib.dll,2589696,AFA570E5,1620
0,0,CM3D2x86_Data\Managed\System.Configuration.dll,124928,D5F2A804,1620
0,0,CM3D2x86_Data\Managed\System.Core.dll,297472,BCE2218F,1620
0,0,CM3D2x86_Data\Managed\System.Data.dll,856064,F1D38D2E,1620
0,0,CM3D2x86_Data\Managed\System.dll,1679360,288F722A,1620
0,0,CM3D2x86_Data\Managed\System.Drawing.Design.dll,29696,E7B53FF9,1620
0,0,CM3D2x86_Data\Managed\System.Drawing.dll,448512,C4B2E872,1620
0,0,CM3D2x86_Data\Managed\System.EnterpriseServices.dll,46592,75A19B93,1620
0,0,CM3D2x86_Data\Managed\System.Security.dll,135168,365C74A7,1620
0,0,CM3D2x86_Data\Managed\System.Transactions.dll,27648,203D65C1,1620
0,0,CM3D2x86_Data\Managed\System.Windows.Forms.dll,3053568,56394001,1620
0,0,CM3D2x86_Data\Managed\System.Xml.dll,1270272,9B79033F,1620
0,0,CM3D2x86_Data\Managed\System.Xml.Linq.dll,106496,B3ACF139,1620
0,0,CM3D2x86_Data\Managed\UnityEngine.dll,972800,C8810FF6,1620
0,0,CM3D2x86_Data\Managed\UnityEngine.dll.mdb,353934,00DADFA5,1620
0,0,CM3D2x86_Data\Managed\UnityEngine.Networking.dll,230912,EBC88F56,1620
0,0,CM3D2x86_Data\Managed\UnityEngine.UI.dll,219136,8E43BC11,1620
0,0,CM3D2x86_Data\Managed\UnityScript.Lang.dll,14336,13EE284D,1620
0,0,CM3D2x86_Data\Managed\zxing.unity.dll,430592,9FD1F198,1620
0,0,CM3D2x86_Data\Mono\mono.dll,2114008,1F0AD6CA,1620
0,0,CM3D2x86_Data\Mono\etc\mono\browscap.ini,311984,CE6C0AB3,1620
0,0,CM3D2x86_Data\Mono\etc\mono\config,1691,A635914A,1620
0,0,CM3D2x86_Data\Mono\etc\mono\1.0\DefaultWsdlHelpGenerator.aspx,58196,10E814BF,1620
0,0,CM3D2x86_Data\Mono\etc\mono\1.0\machine.config,17258,EDE1AC59,1620
0,0,CM3D2x86_Data\Mono\etc\mono\2.0\DefaultWsdlHelpGenerator.aspx,60453,F3869A34,1620
0,0,CM3D2x86_Data\Mono\etc\mono\2.0\machine.config,27625,73C91C24,1620
0,0,CM3D2x86_Data\Mono\etc\mono\2.0\settings.map,2618,A1A3C29F,1620
0,0,CM3D2x86_Data\Mono\etc\mono\2.0\web.config,11686,534A9960,1620
0,0,CM3D2x86_Data\Mono\etc\mono\2.0\Browsers\Compat.browser,1605,2E178A0B,1620
0,0,CM3D2x86_Data\Mono\etc\mono\mconfig\config.xml,25817,80B2033A,1620
0,0,CM3D2x86_Data\Plugins\AVProVideo.dll,658944,C4385B2E,1620
0,0,CM3D2x86_Data\Plugins\cm3d2_x86.dll,1332224,1D64FB22,1620
0,0,CM3D2x86_Data\Plugins\device_hook.dll,379904,C1E78F00,1620
0,0,CM3D2x86_Data\Plugins\FoveClient.dll,1849384,58C8B4F6,1620
0,0,CM3D2x86_Data\Plugins\LeapC.dll,2157568,131511D6,1620
0,0,CM3D2x86_Data\Plugins\openvr_api.dll,271168,6635C4E5,1620
0,0,CM3D2x86_Data\Plugins\OVRGamepad.dll,10752,409680CC,1620
0,0,CM3D2x86_Data\Plugins\OVRPlugin.dll,322984,1E8715A0,1620
0,0,CM3D2x86_Data\Resources\unity default resources,1544700,7137E221,1620
0,0,CM3D2x86_Data\Resources\unity_builtin_extra,142196,65224570,1620
0,0,GameData\script.arc,14639943,0C201462,1620
0,0,GameData\script_addpose001.arc,1194,9F2EDF3C,1220
0,0,GameData\script_bugbug_2.arc,4034,26124644,1582
0,0,GameData\script_cos002_2.arc,73673,25ADB37D,1610
0,0,GameData\script_cos005_2.arc,1698,FDA1E978,1380
0,0,GameData\script_denkigai2015w_2.arc,41666,24C0863D,1480
0,0,GameData\script_denkigai2015wPants_2.arc,12658,57896547,1220
0,0,GameData\script_denkigai2016s_2.arc,135147,6150004D,1370
0,0,GameData\script_denkigai2017w_2.arc,4338,70AFCB22,1590
0,0,GameData\script_magazine001_2.arc,59602,D547478D,1400
0,0,GameData\script_magazine002_2.arc,5650,EB8AACB6,1610
0,0,GameData\script_omytgc001_2.arc,216394,50F0FD29,1620
0,0,GameData\script_personal001_2.arc,2692708,21539E69,1582
0,0,GameData\script_personal002_2.arc,145826,6B1A6E1D,1582
0,0,GameData\script_personal003_2.arc,928676,336C1FDC,1582
0,0,GameData\script_personal004_2.arc,249357,FB1BAA60,1610
0,0,GameData\script_pp001_2.arc,185117,CFB825ED,1520
0,0,GameData\script_pp002_2.arc,174309,E3A3EC53,1582
0,0,GameData\script_pp003_2.arc,239973,39CFA137,1510
0,0,GameData\script_ytgc005_2.arc,18898,11456C1A,1340
0,0,GameData\script_ytgc006_2.arc,218689,B2CF5373,1340
0,0,GameData\script_ytgc007_2.arc,9474,1DD722E9,1540
0,0,GameData\script_ytgc008_2.arc,134059,62EAF572,1400
0,0,GameData\script_ytgc009_2.arc,288425,A69AB7BA,1540
0,0,GameData\script_ytgc010_2.arc,21714,43E60670,1433
0,0,GameData\script_ytgc015_2.arc,3330,4D771C35,1540
0,0,GameData\script_ytgc017_2.arc,11890,EECA4E09,1582
0,0,GameData\script_ytgc018_2.arc,29410,96F7702C,1582
0,0,GameData\script_xmas2016_2.arc,4338,7FAFBB83,1433
0,0,GameData\motion2.arc,105425928,12BE8263,1620
0,0,GameData\motion_3d21reserve_2.arc,153689,39D74597,1590
0,0,GameData\motion_addpose001.arc,902194,517CF6C8,1220
0,0,GameData\motion_denkigai2017w_2.arc,495241,BD386A45,1590
0,0,GameData\motion_pp001_2.arc,615858,0E432519,1220
0,0,GameData\motion_pp002_2.arc,57428957,EF952E37,1360
0,0,GameData\motion_vp001_2.arc,141579,7857F9CD,1160
0,0,GameData\voice3.arc,104364649,0FFB9047,1590
0,0,manual\data\004.png,699424,54A4DC50,1010
0,0,manual\data\007.png,453984,97E623F5,1010
0,0,manual\data\008.png,553674,7B23C3DF,1010
0,0,manual\data\013.png,673884,992CEEC5,1010
0,0,Preset\1_junshin.preset,43021,0D00795A,1010
0,0,Preset\2_coodere.preset,43516,E9EBB0F2,1010
0,0,Preset\3_tsundere.preset,48900,D0EF8B9E,1010
0,0,Preset\4_default.preset,43697,C5E392BE,1010
0,0,Preset\5_pretty_junshin.preset,40739,D9262BEF,1010
0,0,Preset\6_pretty_coodere.preset,39554,E54D5766,1010
0,0,Preset\7_pretty_tsundere.preset,38235,CA8437BB,1010
share,GameData\patch\bg_pp001_2.arc,GameData\bg_pp001_2.arc,1237157,C9D912F7,1220
share,GameData\patch\csv.arc,GameData\csv.arc,3720816,E5D22B19,1620
share,GameData\patch\csv_addpose001.arc,GameData\csv_addpose001.arc,1235,D06FCA6D,1220
share,GameData\patch\csv_pp001_2.arc,GameData\csv_pp001_2.arc,10034,29181748,1370
share,GameData\patch\csv_pp002_2.arc,GameData\csv_pp002_2.arc,450,65BCF215,1462
share,GameData\patch\csv_urayome001_2.arc,GameData\csv_urayome001_2.arc,1714,1D92B577,1401
share,GameData\patch\csv_vrcom_2.arc,GameData\csv_vrcom_2.arc,5650,BC36D221,1510
share,GameData\patch\csv_vp001_2.arc,GameData\csv_vp001_2.arc,2082,25E58CEB,1160
share,GameData\patch\material2.arc,GameData\material2.arc,229048,E742A8C7,1590
share,GameData\patch\material_denkigai2015s003_2.arc,GameData\material_denkigai2015s003_2.arc,7106,0C82D791,1150
share,GameData\patch\material_denkigai2015wTowelR.arc,GameData\material_denkigai2015wTowelR.arc,1602,618192B9,1360
share,GameData\patch\material_dlc055_2.arc,GameData\material_dlc055_2.arc,5282,11A93109,1280
share,GameData\patch\material_dlc107_2.arc,GameData\material_dlc107_2.arc,5218,F9837138,1590
share,GameData\patch\material_dlsite_2.arc,GameData\material_dlsite_2.arc,1762,C5A837EA,1150
share,GameData\patch\material_shop001_2.arc,GameData\material_shop001_2.arc,1762,D98CED1C,1150
share,GameData\patch\material_shop002_2.arc,GameData\material_shop002_2.arc,1762,956BB00E,1150
share,GameData\patch\material_shop003_2.arc,GameData\material_shop003_2.arc,1762,38CEBFF2,1150
share,GameData\patch\material_shop005_2.arc,GameData\material_shop005_2.arc,1714,3E621A32,1150
share,GameData\patch\material_shop007_2.arc,GameData\material_shop007_2.arc,2578,C8CE627C,1150
share,GameData\patch\material_vp001_2.arc,GameData\material_vp001_2.arc,11890,8CB043B0,1400
share,GameData\patch\material_yomeido003_2.arc,GameData\material_yomeido003_2.arc,1522,0689A7AC,1240
share,GameData\patch\menu2.arc,GameData\menu2.arc,234331,0E516D98,1590
share,GameData\patch\menu_denkigai2015s001_2.arc,GameData\menu_denkigai2015s001_2.arc,6594,8B3E849F,1160
share,GameData\patch\menu_denkigai2015s003_2.arc,GameData\menu_denkigai2015s003_2.arc,4338,D294CE88,1150
share,GameData\patch\menu_denkigai2015wTowelR.arc,GameData\menu_denkigai2015wTowelR.arc,1282,CECEE1FC,1360
share,GameData\patch\menu_denkigai2016s_2.arc,GameData\menu_denkigai2016s_2.arc,1346,4A9440B1,1351
share,GameData\patch\menu_denkigai2016w_2.arc,GameData\menu_denkigai2016w_2.arc,15154,C8D64D3B,1450
share,GameData\patch\menu_denkigai2017s_2.arc,GameData\menu_denkigai2017s_2.arc,1218,267B1338,1540
share,GameData\patch\menu_dlcdenkigai2016w_2.arc,GameData\menu_dlcdenkigai2016w_2.arc,13522,45E7F667,1450
share,GameData\patch\menu_dlcdenkigai2017s_2.arc,GameData\menu_dlcdenkigai2017s_2.arc,1218,A6C83B5D,1540
share,GameData\patch\menu_dlc026_2.arc,GameData\menu_dlc026_2.arc,3778,69453D54,1190
share,GameData\patch\menu_dlc028_2.arc,GameData\menu_dlc028_2.arc,3874,DE3F1C31,1200
share,GameData\patch\menu_dlc041_2.arc,GameData\menu_dlc041_2.arc,6786,97F738D3,1380
share,GameData\patch\menu_dlc042_2.arc,GameData\menu_dlc042_2.arc,1154,EE4016C0,1440
share,GameData\patch\menu_dlc049_2.arc,GameData\menu_dlc049_2.arc,3106,E30D6F4C,1522
share,GameData\patch\menu_dlc061_2.arc,GameData\menu_dlc061_2.arc,3810,F99C1D4E,1290
share,GameData\patch\menu_dlc065_2.arc,GameData\menu_dlc065_2.arc,7602,D9387834,1380
share,GameData\patch\menu_dlc074_2.arc,GameData\menu_dlc074_2.arc,5618,24C559D7,1312
share,GameData\patch\menu_dlc100_2.arc,GameData\menu_dlc100_2.arc,1250,DFF94E9A,1400
share,GameData\patch\menu_dlc101_2.arc,GameData\menu_dlc101_2.arc,1218,44DB4049,1481
share,GameData\patch\menu_dlc107_2.arc,GameData\menu_dlc107_2.arc,1746,A6C9E7C4,1590
share,GameData\patch\menu_dlc189_2.arc,GameData\menu_dlc189_2.arc,2258,5A9F3DE9,1590
share,GameData\patch\menu_dlsite_2.arc,GameData\menu_dlsite_2.arc,1954,B2268BA7,1150
share,GameData\patch\menu_kissevent2017march.arc,GameData\menu_kissevent2017march.arc,281,FF4EEB9B,1522
share,GameData\patch\menu_kissevent2017march_2.arc,GameData\menu_kissevent2017march_2.arc,106629,421A1F33,1522
share,GameData\patch\menu_magazine002_2.arc,GameData\menu_magazine002_2.arc,12498,691C1126,1471
share,GameData\patch\menu_personal002_2.arc,GameData\menu_personal002_2.arc,1282,5687650C,1310
share,GameData\patch\menu_shop001_2.arc,GameData\menu_shop001_2.arc,3314,35207C87,1150
share,GameData\patch\menu_shop005_2.arc,GameData\menu_shop005_2.arc,1378,0C9AF725,1150
share,GameData\patch\menu_vp001_2.arc,GameData\menu_vp001_2.arc,19138,7C7AFD9C,1400
share,GameData\patch\menu_yomeido003_2.arc,GameData\menu_yomeido003_2.arc,1234,4D6F619D,1240
share,GameData\patch\menu_yomeidogp_wedding_2.arc,GameData\menu_yomeidogp_wedding_2.arc,3954,C251B12C,1320
share,GameData\patch\model2.arc,GameData\model2.arc,13844073,D7CFB3E2,1610
share,GameData\patch\model_denkigai2015s003_2.arc,GameData\model_denkigai2015s003_2.arc,394665,41A48185,1150
share,GameData\patch\model_denkigai2015wTowelR.arc,GameData\model_denkigai2015wTowelR.arc,38258,FB570A24,1360
share,GameData\patch\model_denkigai2017s_2.arc,GameData\model_denkigai2017s_2.arc,462663,8917104A,1582
share,GameData\patch\model_dlcdenkigai2017s_2.arc,GameData\model_dlcdenkigai2017s_2.arc,462667,9F0C3D54,1582
share,GameData\patch\model_dlc005_2.arc,GameData\model_dlc005_2.arc,175424,F7DD7D82,1270
share,GameData\patch\model_dlc046_2.arc,GameData\model_dlc046_2.arc,155690,83B34173,1220
share,GameData\patch\model_dlc073_2.arc,GameData\model_dlc073_2.arc,267037,47D33A06,1320
share,GameData\patch\model_dlc100_2.arc,GameData\model_dlc100_2.arc,691347,7C3D679D,1400
share,GameData\patch\model_dlc109_2.arc,GameData\model_dlc109_2.arc,137998,8FCCF513,1460
share,GameData\patch\model_dlc151_2.arc,GameData\model_dlc151_2.arc,213532,8C3C80C3,1520
share,GameData\patch\model_dlc209_2.arc,GameData\model_dlc209_2.arc,1360811,72C67140,1610
share,GameData\patch\model_dlsite_2.arc,GameData\model_dlsite_2.arc,197173,24366C43,1150
share,GameData\patch\model_shop001_2.arc,GameData\model_shop001_2.arc,115215,9C941FAF,1150
share,GameData\patch\model_shop002_2.arc,GameData\model_shop002_2.arc,251253,743C3D97,1150
share,GameData\patch\model_shop003_2.arc,GameData\model_shop003_2.arc,185433,A15EC70A,1150
share,GameData\patch\model_shop005_2.arc,GameData\model_shop005_2.arc,150103,FB5341FA,1150
share,GameData\patch\model_shop007_2.arc,GameData\model_shop007_2.arc,288759,80615CBD,1150
share,GameData\patch\model_vp001_2.arc,GameData\model_vp001_2.arc,647957,D68B5D2F,1400
share,GameData\patch\paths.dat,GameData\paths.dat,7555,C0C760E9,1620
share,GameData\patch\prioritymaterial.arc,GameData\prioritymaterial.arc,255904,371F59ED,1620
share,GameData\patch\sound2.arc,GameData\sound2.arc,12751123,D3C5ED01,1490
share,GameData\patch\script_share_vrcom_2.arc,GameData\script_share_vrcom_2.arc,34850,FAC1DDAC,1560
share,GameData\patch\texture3.arc,GameData\texture3.arc,11553910,47E9B6D4,1590
share,GameData\patch\texture_addpose001.arc,GameData\texture_addpose001.arc,23943,1D529A44,1220
share,GameData\patch\texture_denkigai2015wTowelR.arc,GameData\texture_denkigai2015wTowelR.arc,133065,FE4BDC34,1360
share,GameData\patch\texture_denkigai2016w_2.arc,GameData\texture_denkigai2016w_2.arc,10105247,3B4641C3,1450
share,GameData\patch\texture_dlcdenkigai2016w_2.arc,GameData\texture_dlcdenkigai2016w_2.arc,10105332,90868016,1450
share,GameData\patch\texture_kissevent2017march.arc,GameData\texture_kissevent2017march.arc,281,FF4EEB9B,1522
share,GameData\patch\texture_kissevent2017march_2.arc,GameData\texture_kissevent2017march_2.arc,79432605,C1FCD24F,1522
share,GameData\patch\texture_dlc004_2.arc,GameData\texture_dlc004_2.arc,4805734,C8E5CFB4,1200
share,GameData\patch\texture_dlc046_2.arc,GameData\texture_dlc046_2.arc,596960,FC606BA5,1220
share,GameData\patch\texture_dlc107_2.arc,GameData\texture_dlc107_2.arc,913018,88EAC715,1590
share,GameData\patch\texture_vp001_2.arc,GameData\texture_vp001_2.arc,755269,18D5027D,1400
share,GameData\patch\texture_yomeido003_2.arc,GameData\texture_yomeido003_2.arc,117248,0EE72B42,1240
share,GameData\patch\material_vr.arc,GameData\material_vr.arc,6184,D2EAFD73,130
share,GameData\patch\menu_vr.arc,GameData\menu_vr.arc,3407,D3B43CF5,130
share,GameData\patch\model_vr.arc,GameData\model_vr.arc,866449,B84B7620,130
share,GameData\patch\texture_vr.arc,GameData\texture_vr.arc,1111256,DF651968,130
share,PhotoModeData\Mod\Motion\readme.txt,PhotoModeData\Mod\Motion\readme.txt,146,3BF5AF4D,1220
share,Preset\8_ren_1_yosiko.preset,Preset\8_ren_1_yosiko.preset,55432,D54FD70C,1220
share,Preset\8_ren_2_ayumi.preset,Preset\8_ren_2_ayumi.preset,51097,3C44F9DB,1220
share,Preset\8_ren_3_sakura.preset,Preset\8_ren_3_sakura.preset,52635,33F54D90,1220
share,Preset\8_ren_4_ai.preset,Preset\8_ren_4_ai.preset,46819,9B6E5960,1220
