0,0,CM3D2.exe,9558016,7808DA5C,1004
0,0,CM3D2x86.exe,11632128,015E8BDA,120
0,0,CM3D2x86_Data\level0,154376,1B5E1EF6,120
0,0,CM3D2x86_Data\level1,157696,462FFC84,120
0,0,CM3D2x86_Data\level10,140120,FE2006AB,120
0,0,CM3D2x86_Data\level11,164464,F7A0674A,120
0,0,CM3D2x86_Data\level12,140536,487C6F92,120
0,0,CM3D2x86_Data\level13,462544,8B287B68,120
0,0,CM3D2x86_Data\level14,4376,267253F1,120
0,0,CM3D2x86_Data\level15,143184,03CD06E5,120
0,0,CM3D2x86_Data\level16,4376,04678E06,120
0,0,CM3D2x86_Data\level17,151560,E5B04F4C,120
0,0,CM3D2x86_Data\level18,212712,1319D08A,120
0,0,CM3D2x86_Data\level19,352992,3029576A,120
0,0,CM3D2x86_Data\level2,356048,35FCD636,120
0,0,CM3D2x86_Data\level20,160592,E51E51B1,120
0,0,CM3D2x86_Data\level21,430992,3782E5C3,120
0,0,CM3D2x86_Data\level22,203520,5A37EE24,120
0,0,CM3D2x86_Data\level3,475288,EF910E8D,120
0,0,CM3D2x86_Data\level4,547920,F675074A,120
0,0,CM3D2x86_Data\level5,140528,C69D61C3,120
0,0,CM3D2x86_Data\level6,287312,4B7CFB03,120
0,0,CM3D2x86_Data\level7,180952,4CD918A3,120
0,0,CM3D2x86_Data\level8,177144,BB23002E,120
0,0,CM3D2x86_Data\level9,150136,1411F3A0,120
0,0,CM3D2x86_Data\mainData,896880,00F1C4A8,120
0,0,CM3D2x86_Data\PlayerConnectionConfigFile,21,44040CB0,120
0,0,CM3D2x86_Data\resources.assets,218340200,94F77478,120
0,0,CM3D2x86_Data\sharedassets0.assets,237511808,F3D4E508,120
0,0,CM3D2x86_Data\sharedassets1.assets,6998796,0787054A,120
0,0,CM3D2x86_Data\sharedassets10.assets,5256,8C4F8E67,120
0,0,CM3D2x86_Data\sharedassets11.assets,466308,C2F35163,120
0,0,CM3D2x86_Data\sharedassets12.assets,5280,13DC37FD,120
0,0,CM3D2x86_Data\sharedassets13.assets,927400,6B99C4E3,120
0,0,CM3D2x86_Data\sharedassets14.assets,2458056,7B19D531,120
0,0,CM3D2x86_Data\sharedassets15.assets,4112,63975425,120
0,0,CM3D2x86_Data\sharedassets16.assets,4200896,1D041986,120
0,0,CM3D2x86_Data\sharedassets17.assets,4112,BA94C642,120
0,0,CM3D2x86_Data\sharedassets18.assets,49616896,97B18C92,120
0,0,CM3D2x86_Data\sharedassets19.assets,3691748,6B461E03,120
0,0,CM3D2x86_Data\sharedassets2.assets,3514196,C3AAC8AF,120
0,0,CM3D2x86_Data\sharedassets20.assets,1587628,1FADD2A1,120
0,0,CM3D2x86_Data\sharedassets21.assets,5328,E67016D8,120
0,0,CM3D2x86_Data\sharedassets22.assets,72624,0BDD2B5A,120
0,0,CM3D2x86_Data\sharedassets23.assets,5416,EC00027C,120
0,0,CM3D2x86_Data\sharedassets3.assets,16004896,328BD2E1,120
0,0,CM3D2x86_Data\sharedassets4.assets,36843892,B42D267C,120
0,0,CM3D2x86_Data\sharedassets5.assets,6952140,F897332A,120
0,0,CM3D2x86_Data\sharedassets6.assets,503336,050094B5,120
0,0,CM3D2x86_Data\sharedassets7.assets,5464,E3C1BAF1,120
0,0,CM3D2x86_Data\sharedassets8.assets,355444,7D342DE8,120
0,0,CM3D2x86_Data\sharedassets9.assets,11891548,0908CE88,120
0,0,CM3D2x86_Data\Managed\Accessibility.dll,10752,A358E135,120
0,0,CM3D2x86_Data\Managed\Assembly-CSharp-firstpass.dll,170496,EED028C5,120
0,0,CM3D2x86_Data\Managed\Assembly-CSharp.dll,1955840,81054F37,120
0,0,CM3D2x86_Data\Managed\Assembly-UnityScript-firstpass.dll,65024,0D2C5392,120
0,0,CM3D2x86_Data\Managed\Boo.Lang.dll,126976,B1FDC6B6,120
0,0,CM3D2x86_Data\Managed\JsonFx.Json.dll,70144,A0F0CFCB,120
0,0,CM3D2x86_Data\Managed\Mono.Data.Tds.dll,96256,DE9FBD55,120
0,0,CM3D2x86_Data\Managed\Mono.Posix.dll,184320,A333AAF5,120
0,0,CM3D2x86_Data\Managed\Mono.Security.dll,294912,D5BB48FC,120
0,0,CM3D2x86_Data\Managed\Mono.WebBrowser.dll,172032,5D310803,120
0,0,CM3D2x86_Data\Managed\mscorlib.dll,2590208,5A5FF75C,120
0,0,CM3D2x86_Data\Managed\System.Configuration.dll,124928,F88CF714,120
0,0,CM3D2x86_Data\Managed\System.Core.dll,300032,0504C277,120
0,0,CM3D2x86_Data\Managed\System.Data.dll,856064,1DE4F5EB,120
0,0,CM3D2x86_Data\Managed\System.dll,1678848,08B8E16D,120
0,0,CM3D2x86_Data\Managed\System.Drawing.Design.dll,29696,E7B53FF9,120
0,0,CM3D2x86_Data\Managed\System.Drawing.dll,448512,C4B2E872,120
0,0,CM3D2x86_Data\Managed\System.EnterpriseServices.dll,46592,1B56067D,120
0,0,CM3D2x86_Data\Managed\System.Security.dll,135168,A9F5B9F1,120
0,0,CM3D2x86_Data\Managed\System.Transactions.dll,27648,DE82E2C6,120
0,0,CM3D2x86_Data\Managed\System.Windows.Forms.dll,3053568,56394001,120
0,0,CM3D2x86_Data\Managed\System.Xml.dll,1270272,BCE39995,120
0,0,CM3D2x86_Data\Managed\System.Xml.Linq.dll,106496,1062D683,120
0,0,CM3D2x86_Data\Managed\UnityEngine.dll,614912,6749BBED,120
0,0,CM3D2x86_Data\Managed\UnityEngine.UI.dll,176128,380C2545,120
0,0,CM3D2x86_Data\Managed\UnityScript.Lang.dll,14336,FAB8DDA9,120
0,0,CM3D2x86_Data\Mono\mono.dll,2103296,36130890,120
0,0,CM3D2x86_Data\Mono\etc\mono\browscap.ini,311984,CE6C0AB3,120
0,0,CM3D2x86_Data\Mono\etc\mono\config,1691,A635914A,120
0,0,CM3D2x86_Data\Mono\etc\mono\1.0\DefaultWsdlHelpGenerator.aspx,58196,10E814BF,120
0,0,CM3D2x86_Data\Mono\etc\mono\1.0\machine.config,17259,82F1AD8B,120
0,0,CM3D2x86_Data\Mono\etc\mono\2.0\DefaultWsdlHelpGenerator.aspx,60453,F3869A34,120
0,0,CM3D2x86_Data\Mono\etc\mono\2.0\machine.config,27626,4F6C3F79,120
0,0,CM3D2x86_Data\Mono\etc\mono\2.0\settings.map,2618,A1A3C29F,120
0,0,CM3D2x86_Data\Mono\etc\mono\2.0\web.config,11686,534A9960,120
0,0,CM3D2x86_Data\Mono\etc\mono\2.0\Browsers\Compat.browser,1605,2E178A0B,120
0,0,CM3D2x86_Data\Mono\etc\mono\mconfig\config.xml,25817,80B2033A,120
0,0,CM3D2x86_Data\Plugins\cm3d2_x86.dll,1299456,BD019A37,120
0,0,CM3D2x86_Data\Plugins\device_hook.dll,77312,7EEF9868,120
0,0,CM3D2x86_Data\Resources\unity default resources,1571709,31020360,120
0,0,CM3D2x86_Data\Resources\unity_builtin_extra,372672,D43832AF,120
0,0,GameData\csv.arc,1571865,C346C1D6,1200
0,0,GameData\csv_vp001_2.arc,2082,25E58CEB,1160
0,0,GameData\material2.arc,102655,704BD3F7,1170
0,0,GameData\material_denkigai2015s003_2.arc,7106,0C82D791,1150
0,0,GameData\material_dlsite_2.arc,1762,C5A837EA,1150
0,0,GameData\material_shop001_2.arc,1762,D98CED1C,1150
0,0,GameData\material_shop002_2.arc,1762,956BB00E,1150
0,0,GameData\material_shop003_2.arc,1762,38CEBFF2,1150
0,0,GameData\material_shop005_2.arc,1714,3E621A32,1150
0,0,GameData\material_shop007_2.arc,2578,C8CE627C,1150
0,0,GameData\material_vp001_2.arc,9554,066C9CA9,1150
0,0,GameData\menu2.arc,218108,010D4B80,1190
0,0,GameData\menu_denkigai2015s001_2.arc,6594,8B3E849F,1160
0,0,GameData\menu_denkigai2015s003_2.arc,4338,D294CE88,1150
0,0,GameData\menu_dlc026_2.arc,3778,69453D54,1190
0,0,GameData\menu_dlc028_2.arc,3874,DE3F1C31,1200
0,0,GameData\menu_dlsite_2.arc,1954,B2268BA7,1150
0,0,GameData\menu_shop001_2.arc,3314,35207C87,1150
0,0,GameData\menu_shop005_2.arc,1378,0C9AF725,1150
0,0,GameData\menu_vp001_2.arc,18546,5FFF33DA,1150
0,0,GameData\model2.arc,12131417,0402ABE9,1170
0,0,GameData\model_denkigai2015s003_2.arc,394665,41A48185,1150
0,0,GameData\model_dlsite_2.arc,197173,24366C43,1150
0,0,GameData\model_shop001_2.arc,115215,9C941FAF,1150
0,0,GameData\model_shop002_2.arc,251253,743C3D97,1150
0,0,GameData\model_shop003_2.arc,185433,A15EC70A,1150
0,0,GameData\model_shop005_2.arc,150103,FB5341FA,1150
0,0,GameData\model_shop007_2.arc,288759,80615CBD,1150
0,0,GameData\model_vp001_2.arc,290407,A19508D6,1150
0,0,GameData\motion2.arc,59974795,C5D87C88,1170
0,0,GameData\motion_vp001_2.arc,141579,7857F9CD,1160
0,0,GameData\paths.dat,1121,6DBB8545,1200
0,0,GameData\prioritymaterial.arc,91771,0E856EBC,1200
0,0,GameData\script.arc,12969000,9C9A0BF2,1200
0,0,GameData\script_personal001_2.arc,27618,F5E27537,1200
0,0,GameData\sound2.arc,7402763,5D761564,1170
0,0,GameData\texture3.arc,6972555,0938FBCE,1200
0,0,GameData\texture_dlc004_2.arc,4805734,C8E5CFB4,1200
