0,0,COM3D2OHx64_Data\Managed\Accessibility.dll,12288,521A42C4,34602
0,0,COM3D2OHx64_Data\Managed\Assembly-CSharp.dll,6461440,9AF83C2E,34602
0,0,COM3D2OHx64_Data\Managed\Assembly-CSharp-firstpass.dll,878592,40FD1CF4,34602
0,0,COM3D2OHx64_Data\Managed\BouncyCastle.Crypto.dll,2236416,5A4C4F07,34602
0,0,COM3D2OHx64_Data\Managed\FoveUnityPlugin.dll,28672,A6EA882B,34602
0,0,COM3D2OHx64_Data\Managed\ICSharpCode.SharpZipLib.dll,200704,D3160A1C,34602
0,0,COM3D2OHx64_Data\Managed\Ionic.Zlib.dll,102400,7C9E7DD2,34602
0,0,COM3D2OHx64_Data\Managed\JsonFx.Json.dll,70144,A0F0CFCB,34602
0,0,COM3D2OHx64_Data\Managed\LeapCSharp.NET3.5.dll,82432,38E38212,34602
0,0,COM3D2OHx64_Data\Managed\MagicaCloth.dll,380416,D581EEBF,34602
0,0,COM3D2OHx64_Data\Managed\MagicaClothV2.dll,453120,F50B72CF,34602
0,0,COM3D2OHx64_Data\Managed\MessagePack.Annotations.dll,8192,61674D0F,34602
0,0,COM3D2OHx64_Data\Managed\MessagePack.dll,331776,EF44DB47,34602
0,0,COM3D2OHx64_Data\Managed\Microsoft.NET.StringTools.dll,30336,C3CACDD5,34602
0,0,COM3D2OHx64_Data\Managed\Mono.Posix.dll,214528,E714DBE5,34602
0,0,COM3D2OHx64_Data\Managed\Mono.Security.dll,241152,E13CDC4F,34602
0,0,COM3D2OHx64_Data\Managed\Mono.WebBrowser.dll,166912,DEA873F6,34602
0,0,COM3D2OHx64_Data\Managed\mscorlib.dll,4631552,C56BEBD6,34602
0,0,COM3D2OHx64_Data\Managed\netstandard.dll,90112,975FFBBE,34602
0,0,COM3D2OHx64_Data\Managed\Newtonsoft.Json.dll,691712,8CEF25D0,34602
0,0,COM3D2OHx64_Data\Managed\System.ComponentModel.Composition.dll,257024,CD6FC8DC,34602
0,0,COM3D2OHx64_Data\Managed\System.Configuration.dll,124928,EFDF7155,34602
0,0,COM3D2OHx64_Data\Managed\System.Core.dll,1113088,794737A1,34602
0,0,COM3D2OHx64_Data\Managed\System.Data.DataSetExtensions.dll,29696,363CF571,34602
0,0,COM3D2OHx64_Data\Managed\System.Data.dll,2125312,32374B27,34602
0,0,COM3D2OHx64_Data\Managed\System.dll,2639872,BAFC36A3,34602
0,0,COM3D2OHx64_Data\Managed\System.Drawing.Design.dll,29696,E7B53FF9,34602
0,0,COM3D2OHx64_Data\Managed\System.Drawing.dll,489984,194DEA33,34602
0,0,COM3D2OHx64_Data\Managed\System.EnterpriseServices.dll,44544,F00DC395,34602
0,0,COM3D2OHx64_Data\Managed\System.IO.Compression.dll,114688,DBEA1F77,34602
0,0,COM3D2OHx64_Data\Managed\System.IO.Compression.FileSystem.dll,18432,63C90522,34602
0,0,COM3D2OHx64_Data\Managed\System.IO.Hashing.dll,50488,2F1659E0,34602
0,0,COM3D2OHx64_Data\Managed\System.Memory.dll,4608,F0BBFFDF,34602
0,0,COM3D2OHx64_Data\Managed\System.Net.Http.dll,122880,AB522EA5,34602
0,0,COM3D2OHx64_Data\Managed\System.Numerics.dll,119296,C190A4F5,34602
0,0,COM3D2OHx64_Data\Managed\System.Runtime.CompilerServices.Unsafe.dll,18024,8C9A1A8B,34602
0,0,COM3D2OHx64_Data\Managed\System.Runtime.dll,12288,58AE9F48,34602
0,0,COM3D2OHx64_Data\Managed\System.Runtime.Serialization.dll,934400,FA4E2031,34602
0,0,COM3D2OHx64_Data\Managed\System.Security.dll,320000,254A33AD,34602
0,0,COM3D2OHx64_Data\Managed\System.ServiceModel.Internals.dll,215040,81075AAD,34602
0,0,COM3D2OHx64_Data\Managed\System.Transactions.dll,35328,12E658B2,34602
0,0,COM3D2OHx64_Data\Managed\System.Windows.Forms.dll,3053568,56394001,34602
0,0,COM3D2OHx64_Data\Managed\System.Xml.dll,3160064,6F621FF0,34602
0,0,COM3D2OHx64_Data\Managed\System.Xml.Linq.dll,136704,64AFBAF8,34602
0,0,COM3D2OHx64_Data\Managed\Unity.AI.Navigation.dll,20480,6322BCA2,34602
0,0,COM3D2OHx64_Data\Managed\Unity.Burst.dll,304640,579C1958,34602
0,0,COM3D2OHx64_Data\Managed\Unity.Burst.Unsafe.dll,5632,D504B969,34602
0,0,COM3D2OHx64_Data\Managed\Unity.Collections.dll,451072,215056F9,34602
0,0,COM3D2OHx64_Data\Managed\Unity.Collections.LowLevel.ILSupport.dll,5120,254B34EA,34602
0,0,COM3D2OHx64_Data\Managed\Unity.InputSystem.dll,1128960,1FFA184C,34602
0,0,COM3D2OHx64_Data\Managed\Unity.InputSystem.ForUI.dll,4608,BF60CB18,34602
0,0,COM3D2OHx64_Data\Managed\Unity.Mathematics.dll,752128,610E4BCA,34602
0,0,COM3D2OHx64_Data\Managed\Unity.MemoryProfiler.dll,7168,B9CFE27F,34602
0,0,COM3D2OHx64_Data\Managed\Unity.Profiling.Core.dll,10240,02598CD8,34602
0,0,COM3D2OHx64_Data\Managed\Unity.RenderPipeline.Universal.ShaderLibrary.dll,8704,36493D12,34602
0,0,COM3D2OHx64_Data\Managed\Unity.RenderPipelines.Core.Runtime.dll,532480,424CF899,34602
0,0,COM3D2OHx64_Data\Managed\Unity.RenderPipelines.Core.ShaderLibrary.dll,5120,8F0D5CCC,34602
0,0,COM3D2OHx64_Data\Managed\Unity.RenderPipelines.ShaderGraph.ShaderGraphLibrary.dll,5120,444D6C69,34602
0,0,COM3D2OHx64_Data\Managed\Unity.RenderPipelines.Universal.2D.Internal.dll,5632,F05E7778,34602
0,0,COM3D2OHx64_Data\Managed\Unity.RenderPipelines.Universal.Config.Runtime.dll,5632,06AFB29B,34602
0,0,COM3D2OHx64_Data\Managed\Unity.RenderPipelines.Universal.Runtime.dll,787968,01E4A13E,34602
0,0,COM3D2OHx64_Data\Managed\Unity.RenderPipelines.Universal.Shaders.dll,5120,DF908E20,34602
0,0,COM3D2OHx64_Data\Managed\Unity.TextMeshPro.dll,380928,C8D968A5,34602
0,0,COM3D2OHx64_Data\Managed\Unity.Timeline.dll,128000,D6A9D7C6,34602
0,0,COM3D2OHx64_Data\Managed\Unity.XR.CoreUtils.dll,89088,E62F9B4B,34602
0,0,COM3D2OHx64_Data\Managed\Unity.XR.Management.dll,17408,CC8AC77D,34602
0,0,COM3D2OHx64_Data\Managed\Unity.XR.OpenXR.dll,175104,0BC81DD3,34602
0,0,COM3D2OHx64_Data\Managed\Unity.XR.OpenXR.Features.ConformanceAutomation.dll,7680,9243CEDF,34602
0,0,COM3D2OHx64_Data\Managed\Unity.XR.OpenXR.Features.MetaQuestSupport.dll,5632,588944F4,34602
0,0,COM3D2OHx64_Data\Managed\Unity.XR.OpenXR.Features.MockRuntime.dll,10752,131AA78D,34602
0,0,COM3D2OHx64_Data\Managed\Unity.XR.OpenXR.Features.OculusQuestSupport.dll,5632,67F67117,34602
0,0,COM3D2OHx64_Data\Managed\Unity.XR.OpenXR.Features.RuntimeDebugger.dll,6656,3DD9C1B3,34602
0,0,COM3D2OHx64_Data\Managed\UnityEngine.AccessibilityModule.dll,23984,3C33A4A7,34602
0,0,COM3D2OHx64_Data\Managed\UnityEngine.AIModule.dll,58792,023E7626,34602
0,0,COM3D2OHx64_Data\Managed\UnityEngine.AndroidJNIModule.dll,95144,01482C31,34602
0,0,COM3D2OHx64_Data\Managed\UnityEngine.AnimationModule.dll,164272,74D40B07,34602
0,0,COM3D2OHx64_Data\Managed\UnityEngine.ARModule.dll,21424,1C9C3021,34602
0,0,COM3D2OHx64_Data\Managed\UnityEngine.AssetBundleModule.dll,33200,2729F0BE,34602
0,0,COM3D2OHx64_Data\Managed\UnityEngine.AudioModule.dll,71592,84AC5CAC,34602
0,0,COM3D2OHx64_Data\Managed\UnityEngine.ClothModule.dll,26544,5303D1F9,34602
0,0,COM3D2OHx64_Data\Managed\UnityEngine.ClusterInputModule.dll,21936,D5513369,34602
0,0,COM3D2OHx64_Data\Managed\UnityEngine.ClusterRendererModule.dll,22440,EA240EE4,34602
0,0,COM3D2OHx64_Data\Managed\UnityEngine.ContentLoadModule.dll,27560,1AAC4C2F,34602
0,0,COM3D2OHx64_Data\Managed\UnityEngine.CoreModule.dll,1393584,8395E488,34602
0,0,COM3D2OHx64_Data\Managed\UnityEngine.CrashReportingModule.dll,21416,DCE84CFE,34602
0,0,COM3D2OHx64_Data\Managed\UnityEngine.DirectorModule.dll,25000,9C2EFB7D,34602
0,0,COM3D2OHx64_Data\Managed\UnityEngine.dll,126896,C144F735,34602
0,0,COM3D2OHx64_Data\Managed\UnityEngine.DSPGraphModule.dll,29616,51D3A23A,34602
0,0,COM3D2OHx64_Data\Managed\UnityEngine.GameCenterModule.dll,40368,88170C4D,34602
0,0,COM3D2OHx64_Data\Managed\UnityEngine.GIModule.dll,20400,4DCDF279,34602
0,0,COM3D2OHx64_Data\Managed\UnityEngine.GridModule.dll,25520,9CA34B4E,34602
0,0,COM3D2OHx64_Data\Managed\UnityEngine.HotReloadModule.dll,20400,77E48EEE,34602
0,0,COM3D2OHx64_Data\Managed\UnityEngine.ImageConversionModule.dll,24496,4C942DD1,34602
0,0,COM3D2OHx64_Data\Managed\UnityEngine.IMGUIModule.dll,191400,F4929849,34602
0,0,COM3D2OHx64_Data\Managed\UnityEngine.InputLegacyModule.dll,39336,85D05EAF,34602
0,0,COM3D2OHx64_Data\Managed\UnityEngine.InputModule.dll,23984,D39C0663,34602
0,0,COM3D2OHx64_Data\Managed\UnityEngine.JSONSerializeModule.dll,22440,AEEFE8E7,34602
0,0,COM3D2OHx64_Data\Managed\UnityEngine.LocalizationModule.dll,21416,FF054019,34602
0,0,COM3D2OHx64_Data\Managed\UnityEngine.NVIDIAModule.dll,34216,458A9FE6,34602
0,0,COM3D2OHx64_Data\Managed\UnityEngine.ParticleSystemModule.dll,161704,8E49A63F,34602
0,0,COM3D2OHx64_Data\Managed\UnityEngine.PerformanceReportingModule.dll,20912,4845577B,34602
0,0,COM3D2OHx64_Data\Managed\UnityEngine.Physics2DModule.dll,141744,CC777DF3,34602
0,0,COM3D2OHx64_Data\Managed\UnityEngine.PhysicsModule.dll,138664,EFC48F24,34602
0,0,COM3D2OHx64_Data\Managed\UnityEngine.ProfilerModule.dll,20392,36C53566,34602
0,0,COM3D2OHx64_Data\Managed\UnityEngine.PropertiesModule.dll,155560,6C8B4651,34602
0,0,COM3D2OHx64_Data\Managed\UnityEngine.RuntimeInitializeOnLoadManagerInitializerModule.dll,20392,77C2F93D,34602
0,0,COM3D2OHx64_Data\Managed\UnityEngine.ScreenCaptureModule.dll,21424,6B3D6A64,34602
0,0,COM3D2OHx64_Data\Managed\UnityEngine.SharedInternalsModule.dll,33192,92E11996,34602
0,0,COM3D2OHx64_Data\Managed\UnityEngine.SpatialTracking.dll,11776,4EBEE735,34602
0,0,COM3D2OHx64_Data\Managed\UnityEngine.SpriteMaskModule.dll,22440,E8321785,34602
0,0,COM3D2OHx64_Data\Managed\UnityEngine.SpriteShapeModule.dll,26536,4EC177F0,34602
0,0,COM3D2OHx64_Data\Managed\UnityEngine.StreamingModule.dll,20912,E85CB39D,34602
0,0,COM3D2OHx64_Data\Managed\UnityEngine.SubstanceModule.dll,25008,A1D29237,34602
0,0,COM3D2OHx64_Data\Managed\UnityEngine.SubsystemsModule.dll,35240,77311A6B,34602
0,0,COM3D2OHx64_Data\Managed\UnityEngine.TerrainModule.dll,101296,6155099F,34602
0,0,COM3D2OHx64_Data\Managed\UnityEngine.TerrainPhysicsModule.dll,21416,111C8BCA,34602
0,0,COM3D2OHx64_Data\Managed\UnityEngine.TextCoreFontEngineModule.dll,72616,EC737FB0,34602
0,0,COM3D2OHx64_Data\Managed\UnityEngine.TextCoreTextEngineModule.dll,249256,C257FC4B,34602
0,0,COM3D2OHx64_Data\Managed\UnityEngine.TextRenderingModule.dll,39344,5EA0AB61,34602
0,0,COM3D2OHx64_Data\Managed\UnityEngine.TilemapModule.dll,47024,5A48F0B2,34602
0,0,COM3D2OHx64_Data\Managed\UnityEngine.TLSModule.dll,27056,35F87DAA,34602
0,0,COM3D2OHx64_Data\Managed\UnityEngine.UI.dll,265728,D0223A47,34602
0,0,COM3D2OHx64_Data\Managed\UnityEngine.UIElementsModule.dll,1536424,449C7CA3,34602
0,0,COM3D2OHx64_Data\Managed\UnityEngine.UIModule.dll,36784,4387CF59,34602
0,0,COM3D2OHx64_Data\Managed\UnityEngine.UmbraModule.dll,20392,42081088,34602
0,0,COM3D2OHx64_Data\Managed\UnityEngine.UnityAnalyticsCommonModule.dll,21416,C68AEF7B,34602
0,0,COM3D2OHx64_Data\Managed\UnityEngine.UnityAnalyticsModule.dll,44976,C4F1ABCB,34602
0,0,COM3D2OHx64_Data\Managed\UnityEngine.UnityConnectModule.dll,22448,E7A10745,34602
0,0,COM3D2OHx64_Data\Managed\UnityEngine.UnityCurlModule.dll,21936,A6F3885D,34602
0,0,COM3D2OHx64_Data\Managed\UnityEngine.UnityTestProtocolModule.dll,20392,930FB553,34602
0,0,COM3D2OHx64_Data\Managed\UnityEngine.UnityWebRequestAssetBundleModule.dll,23472,8B1F1704,34602
0,0,COM3D2OHx64_Data\Managed\UnityEngine.UnityWebRequestAudioModule.dll,22952,423F90E9,34602
0,0,COM3D2OHx64_Data\Managed\UnityEngine.UnityWebRequestModule.dll,58792,3FD74CA0,34602
0,0,COM3D2OHx64_Data\Managed\UnityEngine.UnityWebRequestTextureModule.dll,21936,B74AEFF0,34602
0,0,COM3D2OHx64_Data\Managed\UnityEngine.UnityWebRequestWWWModule.dll,31656,50CE5BD6,34602
0,0,COM3D2OHx64_Data\Managed\UnityEngine.VehiclesModule.dll,24496,B14D2EA8,34602
0,0,COM3D2OHx64_Data\Managed\UnityEngine.VFXModule.dll,58800,2D09FE04,34602
0,0,COM3D2OHx64_Data\Managed\UnityEngine.VideoModule.dll,41384,E827C805,34602
0,0,COM3D2OHx64_Data\Managed\UnityEngine.VirtualTexturingModule.dll,36264,35C1934F,34602
0,0,COM3D2OHx64_Data\Managed\UnityEngine.VRModule.dll,27056,349C7D41,34602
0,0,COM3D2OHx64_Data\Managed\UnityEngine.WindModule.dll,21416,3FE7AAE0,34602
0,0,COM3D2OHx64_Data\Managed\UnityEngine.XR.LegacyInputHelpers.dll,23552,C663EF63,34602
0,0,COM3D2OHx64_Data\Managed\UnityEngine.XRModule.dll,71080,C0FA6272,34602
0,0,COM3D2OHx64_Data\Managed\Win32.dll,13312,7781C2A2,34602
0,0,COM3D2OHx64_Data\Managed\zxing.unity.dll,430592,9FD1F198,34602
0,0,COM3D2OHx64_Data\Plugins\x86_64\assimp.dll,4388864,7C910D84,34602
0,0,COM3D2OHx64_Data\Plugins\x86_64\Audio360.dll,1956352,0D4B8E9D,34602
0,0,COM3D2OHx64_Data\Plugins\x86_64\AVProVideo.dll,886272,278352F0,34602
0,0,COM3D2OHx64_Data\Plugins\x86_64\clothpp.dll,112128,7C3264A4,34602
0,0,COM3D2OHx64_Data\Plugins\x86_64\cm3d2.dll,2265088,CA67D1AD,34602
0,0,COM3D2OHx64_Data\Plugins\x86_64\device_hook.dll,738816,F61E7CED,34602
0,0,COM3D2OHx64_Data\Plugins\x86_64\FbxExporterCore.dll,12491776,CBAA51C1,34602
0,0,COM3D2OHx64_Data\Plugins\x86_64\FoveClient.dll,1849384,58C8B4F6,34602
0,0,COM3D2OHx64_Data\Plugins\x86_64\LeapC.dll,2516992,FBDD3767,34602
0,0,COM3D2OHx64_Data\Plugins\x86_64\lib_burst_generated.dll,948736,705EFD92,34602
0,0,COM3D2OHx64_Data\Plugins\x86_64\openvr_api.dll,318272,44432E0F,34602
0,0,COM3D2OHx64_Data\Plugins\x86_64\openxr_loader.dll,2036224,E575B607,34602
0,0,COM3D2OHx64_Data\Plugins\x86_64\OVRGamepad.dll,12800,2C526135,34602
0,0,COM3D2OHx64_Data\Plugins\x86_64\OVRLipSync.dll,2512296,391C1F4C,34602
0,0,COM3D2OHx64_Data\Plugins\x86_64\UnityOpenXR.dll,831488,5149404B,34602
0,0,COM3D2OHx64_Data\Plugins\x86_64\Win32-WebView.dll,504832,382AEE66,34602
0,0,COM3D2OHx64_Data\Resources\unity default resources,1564240,3770D3F6,34602
0,0,COM3D2OHx64_Data\Resources\unity_builtin_extra,428296,672A45D0,34602
0,0,COM3D2OHx64_Data\UnitySubsystems\UnityOpenXR\UnitySubsystemsManifest.json,334,EA0D329E,34602
0,0,COM3D2OHx64_Data\app.info,42,6CD75754,34602
0,0,COM3D2OHx64_Data\boot.config,128,E0D23A52,34602
0,0,COM3D2OHx64_Data\globalgamemanagers,5400948,99F7D9E9,34602
0,0,COM3D2OHx64_Data\globalgamemanagers.assets,453544,B0E063AE,34602
0,0,COM3D2OHx64_Data\globalgamemanagers.assets.resS,2796240,F6707524,34602
0,0,COM3D2OHx64_Data\level0,362844,3FEC3258,34602
0,0,COM3D2OHx64_Data\level1,385780,3DDA94A9,34602
0,0,COM3D2OHx64_Data\level2,796588,0CFD5D42,34602
0,0,COM3D2OHx64_Data\level3,1312516,BA7AD0ED,34602
0,0,COM3D2OHx64_Data\level4,1359892,F9865EBB,34602
0,0,COM3D2OHx64_Data\level5,364876,B75C0886,34602
0,0,COM3D2OHx64_Data\level6,465500,36CA59B4,34602
0,0,COM3D2OHx64_Data\level7,363372,434CFD60,34602
0,0,COM3D2OHx64_Data\level8,476172,632FEAF0,34602
0,0,COM3D2OHx64_Data\level9,367580,8C115293,34602
0,0,COM3D2OHx64_Data\level10,755956,CAEC9C43,34602
0,0,COM3D2OHx64_Data\level11,4996,D6C46D10,34602
0,0,COM3D2OHx64_Data\level12,365364,362C9CFA,34602
0,0,COM3D2OHx64_Data\level13,1192,298D82B8,34602
0,0,COM3D2OHx64_Data\level14,382164,51F14BE0,34602
0,0,COM3D2OHx64_Data\level15,371924,E2577078,34602
0,0,COM3D2OHx64_Data\level16,1050452,DEE45B19,34602
0,0,COM3D2OHx64_Data\level17,469820,952FFE0B,34602
0,0,COM3D2OHx64_Data\level18,1180372,00A1BF69,34602
0,0,COM3D2OHx64_Data\level19,448692,E5B32B5A,34602
0,0,COM3D2OHx64_Data\level20,2246564,D15BB79E,34602
0,0,COM3D2OHx64_Data\level21,1210756,3A056DDA,34602
0,0,COM3D2OHx64_Data\level22,1183548,1F2D1077,34602
0,0,COM3D2OHx64_Data\level23,488236,F4C3EF12,34602
0,0,COM3D2OHx64_Data\level24,29832,E403446C,34602
0,0,COM3D2OHx64_Data\level24.resS,131232,DEC6292A,34602
0,0,COM3D2OHx64_Data\level25,58924,D95864B9,34602
0,0,COM3D2OHx64_Data\level26,64856,C497CC21,34602
0,0,COM3D2OHx64_Data\level27,4032,043271D0,34602
0,0,COM3D2OHx64_Data\level28,363764,BDE578F0,34602
0,0,COM3D2OHx64_Data\level29,1686772,D71B93F2,34602
0,0,COM3D2OHx64_Data\level30,1541092,4EF0CB39,34602
0,0,COM3D2OHx64_Data\level31,1562956,81E39C2C,34602
0,0,COM3D2OHx64_Data\level32,1454324,D421BB57,34602
0,0,COM3D2OHx64_Data\level33,1524516,CD74936F,34602
0,0,COM3D2OHx64_Data\level34,1652132,0DC13D43,34602
0,0,COM3D2OHx64_Data\level35,1380476,074FB83C,34602
0,0,COM3D2OHx64_Data\level36,1123364,A96C42CC,34602
0,0,COM3D2OHx64_Data\level37,1130724,FD74CA5F,34602
0,0,COM3D2OHx64_Data\level38,1380476,1ED74B95,34602
0,0,COM3D2OHx64_Data\level39,1260796,B58779AD,34602
0,0,COM3D2OHx64_Data\level40,1042060,BBF8284E,34602
0,0,COM3D2OHx64_Data\level41,1337660,56F4CF45,34602
0,0,COM3D2OHx64_Data\level42,1481172,90BA383F,34602
0,0,COM3D2OHx64_Data\level43,1441556,D279B503,34602
0,0,COM3D2OHx64_Data\level44,1015116,16411BBF,34602
0,0,COM3D2OHx64_Data\level45,440900,E221AB59,34602
0,0,COM3D2OHx64_Data\level46,437172,CBB59800,34602
0,0,COM3D2OHx64_Data\level47,481916,8BF68A1C,34602
0,0,COM3D2OHx64_Data\level48,504684,DE3545D5,34602
0,0,COM3D2OHx64_Data\level49,431164,7E457034,34602
0,0,COM3D2OHx64_Data\level50,492732,43C9A4BF,34602
0,0,COM3D2OHx64_Data\level51,1142188,1E18F350,34602
0,0,COM3D2OHx64_Data\level52,1061052,EF31B272,34602
0,0,COM3D2OHx64_Data\level53,485100,70ABC3F1,34602
0,0,COM3D2OHx64_Data\level54,507820,72EE3468,34602
0,0,COM3D2OHx64_Data\level55,498156,2E865BEF,34602
0,0,COM3D2OHx64_Data\level56,1142172,1E812BD6,34602
0,0,COM3D2OHx64_Data\level57,1104348,A975EA4A,34602
0,0,COM3D2OHx64_Data\level58,490988,74A65483,34602
0,0,COM3D2OHx64_Data\level59,475156,2B2F9FBD,34602
0,0,COM3D2OHx64_Data\level60,456308,1A7981E0,34602
0,0,COM3D2OHx64_Data\level61,1491364,CFE9FD44,34602
0,0,COM3D2OHx64_Data\level62,1430452,A6B51491,34602
0,0,COM3D2OHx64_Data\level63,547724,F97C8A92,34602
0,0,COM3D2OHx64_Data\level64,439324,028BC86A,34602
0,0,COM3D2OHx64_Data\level65,1370556,3E9C1949,34602
0,0,COM3D2OHx64_Data\level66,1069324,5A9D2D53,34602
0,0,COM3D2OHx64_Data\level67,1548188,2893C00D,34602
0,0,COM3D2OHx64_Data\level68,1488628,50C2D5A1,34602
0,0,COM3D2OHx64_Data\level69,1686788,B088C361,34602
0,0,COM3D2OHx64_Data\level70,1652148,1E0E8901,34602
0,0,COM3D2OHx64_Data\level71,1488972,3BDEAC23,34602
0,0,COM3D2OHx64_Data\level72,1454332,9829AA2B,34602
0,0,COM3D2OHx64_Data\level73,452708,0DD6B16F,34602
0,0,COM3D2OHx64_Data\level74,442884,71BB6E96,34602
0,0,COM3D2OHx64_Data\level75,1124812,50B142D3,34602
0,0,COM3D2OHx64_Data\level76,918740,7B455B3E,34602
0,0,COM3D2OHx64_Data\level77,1024796,81D790EC,34602
0,0,COM3D2OHx64_Data\level78,915796,A59280A4,34602
0,0,COM3D2OHx64_Data\level79,1124356,847C5FB1,34602
0,0,COM3D2OHx64_Data\level80,1823756,D6824E07,34602
0,0,COM3D2OHx64_Data\level81,1774228,B5294C75,34602
0,0,COM3D2OHx64_Data\level82,1212052,878E0446,34602
0,0,COM3D2OHx64_Data\level83,1155580,18182A94,34602
0,0,COM3D2OHx64_Data\level84,1634716,A0BEE001,34602
0,0,COM3D2OHx64_Data\level85,1739500,9CE87B44,34602
0,0,COM3D2OHx64_Data\level86,1153316,AE19B182,34602
0,0,COM3D2OHx64_Data\level87,1062652,1C25E16C,34602
0,0,COM3D2OHx64_Data\level88,1810716,0A6729AD,34602
0,0,COM3D2OHx64_Data\level89,1698620,4BE2DC74,34602
0,0,COM3D2OHx64_Data\level90,515100,FD9FB944,34602
0,0,COM3D2OHx64_Data\level91,535404,BC956A0D,34602
0,0,COM3D2OHx64_Data\level92,626132,A00CBC22,34602
0,0,COM3D2OHx64_Data\level93,563076,CB0DADD8,34602
0,0,COM3D2OHx64_Data\level93.resS,131232,F174E031,34602
0,0,COM3D2OHx64_Data\level94,510004,E81A3B4D,34602
0,0,COM3D2OHx64_Data\level95,624244,1A1D0A0D,34602
0,0,COM3D2OHx64_Data\level96,533924,B67C9117,34602
0,0,COM3D2OHx64_Data\level97,1867924,79170456,34602
0,0,COM3D2OHx64_Data\level98,1592412,6D4C3875,34602
0,0,COM3D2OHx64_Data\level99,1403196,B1FD6DB6,34602
0,0,COM3D2OHx64_Data\level100,1246756,BC3D08B4,34602
0,0,COM3D2OHx64_Data\level101,1340468,A5DBE7C6,34602
0,0,COM3D2OHx64_Data\level102,1537044,D31C4E0C,34602
0,0,COM3D2OHx64_Data\level103,1436284,EF084023,34602
0,0,COM3D2OHx64_Data\level104,1006668,736B04F7,34602
0,0,COM3D2OHx64_Data\level105,606548,CB8E478D,34602
0,0,COM3D2OHx64_Data\level106,1077836,B303A017,34602
0,0,COM3D2OHx64_Data\level107,994972,2A177B5B,34602
0,0,COM3D2OHx64_Data\level108,1008364,822FE78E,34602
0,0,COM3D2OHx64_Data\level109,969684,E9F9639A,34602
0,0,COM3D2OHx64_Data\level110,950212,A3C35A70,34602
0,0,COM3D2OHx64_Data\level111,439420,F72F254D,34602
0,0,COM3D2OHx64_Data\level112,924156,A4DA0FD7,34602
0,0,COM3D2OHx64_Data\level113,579828,AD99DB42,34602
0,0,COM3D2OHx64_Data\level114,584140,3A1C73E1,34602
0,0,COM3D2OHx64_Data\level115,610172,88905323,34602
0,0,COM3D2OHx64_Data\level116,608524,FC35185F,34602
0,0,COM3D2OHx64_Data\level117,610308,7D4A809D,34602
0,0,COM3D2OHx64_Data\level118,612748,95B8ACD6,34602
0,0,COM3D2OHx64_Data\level119,544612,E5E2CDFF,34602
0,0,COM3D2OHx64_Data\level120,548940,807D8283,34602
0,0,COM3D2OHx64_Data\level121,573804,D2F8B352,34602
0,0,COM3D2OHx64_Data\level122,605212,1450EFF2,34602
0,0,COM3D2OHx64_Data\level123,574948,F668A2B9,34602
0,0,COM3D2OHx64_Data\level124,578020,77A4A5F6,34602
0,0,COM3D2OHx64_Data\level125,566820,C0F586A6,34602
0,0,COM3D2OHx64_Data\level126,606332,137D01AC,34602
0,0,COM3D2OHx64_Data\level127,1100180,BF0FF10D,34602
0,0,COM3D2OHx64_Data\resources.assets,529312292,DB3FDFC5,34602
0,0,COM3D2OHx64_Data\resources.assets.resS,2073195648,5811A673,34602
0,0,COM3D2OHx64_Data\resources.resource,1348992,64168176,34602
0,0,COM3D2OHx64_Data\RuntimeInitializeOnLoads.json,5033,28107410,34602
0,0,COM3D2OHx64_Data\ScriptingAssemblies.json,4320,117970F4,34602
0,0,COM3D2OHx64_Data\sharedassets0.assets,31770932,5A8BFA52,34602
0,0,COM3D2OHx64_Data\sharedassets0.assets.resS,28071648,6B7564F2,34602
0,0,COM3D2OHx64_Data\sharedassets1.assets,2301,0316EBDF,34602
0,0,COM3D2OHx64_Data\sharedassets2.assets,2601,B8E52465,34602
0,0,COM3D2OHx64_Data\sharedassets3.assets,9009,4A70A3BA,34602
0,0,COM3D2OHx64_Data\sharedassets4.assets,3333,ABA5686B,34602
0,0,COM3D2OHx64_Data\sharedassets5.assets,2205,F4F422D4,34602
0,0,COM3D2OHx64_Data\sharedassets6.assets,3201,10793DFF,34602
0,0,COM3D2OHx64_Data\sharedassets7.assets,2133,C99A63A3,34602
0,0,COM3D2OHx64_Data\sharedassets8.assets,2541,474396AF,34602
0,0,COM3D2OHx64_Data\sharedassets9.assets,2325,B963E08E,34602
0,0,COM3D2OHx64_Data\sharedassets10.assets,2721,CF417CAC,34602
0,0,COM3D2OHx64_Data\sharedassets11.assets,553,F6172827,34602
0,0,COM3D2OHx64_Data\sharedassets12.assets,2193,770ACA70,34602
0,0,COM3D2OHx64_Data\sharedassets13.assets,277,5598D60C,34602
0,0,COM3D2OHx64_Data\sharedassets14.assets,2877,2A25BA1F,34602
0,0,COM3D2OHx64_Data\sharedassets15.assets,2277,47CF9719,34602
0,0,COM3D2OHx64_Data\sharedassets16.assets,8841,1A372358,34602
0,0,COM3D2OHx64_Data\sharedassets17.assets,2373,6AC596D6,34602
0,0,COM3D2OHx64_Data\sharedassets18.assets,8877,2BC362C7,34602
0,0,COM3D2OHx64_Data\sharedassets19.assets,2361,BFCFD251,34602
0,0,COM3D2OHx64_Data\sharedassets20.assets,3153,5573ED5A,34602
0,0,COM3D2OHx64_Data\sharedassets21.assets,8853,4565698E,34602
0,0,COM3D2OHx64_Data\sharedassets22.assets,8853,4565698E,34602
0,0,COM3D2OHx64_Data\sharedassets23.assets,2648,F0DD3472,34602
0,0,COM3D2OHx64_Data\sharedassets24.assets,10456,B00B831B,34602
0,0,COM3D2OHx64_Data\sharedassets25.assets,597,6B0422F6,34602
0,0,COM3D2OHx64_Data\sharedassets26.assets,501,DDB81C9D,34602
0,0,COM3D2OHx64_Data\sharedassets27.assets,505,07892F1D,34602
0,0,COM3D2OHx64_Data\sharedassets28.assets,2137,281F2A03,34602
0,0,COM3D2OHx64_Data\sharedassets29.assets,8841,5C85E168,34602
0,0,COM3D2OHx64_Data\sharedassets30.assets,8841,808CF309,34602
0,0,COM3D2OHx64_Data\sharedassets31.assets,8841,603998CD,34602
0,0,COM3D2OHx64_Data\sharedassets32.assets,5565,0F6BB46D,34602
0,0,COM3D2OHx64_Data\sharedassets33.assets,5673,15A79789,34602
0,0,COM3D2OHx64_Data\sharedassets34.assets,5661,AB15E0B5,34602
0,0,COM3D2OHx64_Data\sharedassets35.assets,8925,7E23EB99,34602
0,0,COM3D2OHx64_Data\sharedassets36.assets,5433,A94EC237,34602
0,0,COM3D2OHx64_Data\sharedassets37.assets,5469,73F64F5C,34602
0,0,COM3D2OHx64_Data\sharedassets38.assets,8925,7E23EB99,34602
0,0,COM3D2OHx64_Data\sharedassets39.assets,5625,CEF6DAA2,34602
0,0,COM3D2OHx64_Data\sharedassets40.assets,5493,77E6EFC0,34602
0,0,COM3D2OHx64_Data\sharedassets41.assets,5637,AAE4B402,34602
0,0,COM3D2OHx64_Data\sharedassets42.assets,8841,BEFF0EC5,34602
0,0,COM3D2OHx64_Data\sharedassets43.assets,5673,15A79789,34602
0,0,COM3D2OHx64_Data\sharedassets44.assets,5661,AB15E0B5,34602
0,0,COM3D2OHx64_Data\sharedassets45.assets,6450,03FFDDCD,34602
0,0,COM3D2OHx64_Data\sharedassets45.assets.resS,87408,84350FBB,34602
0,0,COM3D2OHx64_Data\sharedassets45.resource,41406086,938147B5,34602
0,0,COM3D2OHx64_Data\sharedassets46.assets,3362,15D99013,34602
0,0,COM3D2OHx64_Data\sharedassets46.resource,36841226,318CE5DA,34602
0,0,COM3D2OHx64_Data\sharedassets47.assets,3322,A1E0FDC2,34602
0,0,COM3D2OHx64_Data\sharedassets47.resource,32680665,5F8810A9,34602
0,0,COM3D2OHx64_Data\sharedassets48.assets,17266,DCB011EE,34602
0,0,COM3D2OHx64_Data\sharedassets48.assets.resS,174784,C6783C52,34602
0,0,COM3D2OHx64_Data\sharedassets48.resource,35964702,CC2B1BFE,34602
0,0,COM3D2OHx64_Data\sharedassets49.assets,3346,4AA1274C,34602
0,0,COM3D2OHx64_Data\sharedassets49.resource,40585017,61D6AACB,34602
0,0,COM3D2OHx64_Data\sharedassets50.assets,3562,2B13FEE7,34602
0,0,COM3D2OHx64_Data\sharedassets50.resource,38610538,C2CDB3C3,34602
0,0,COM3D2OHx64_Data\sharedassets51.assets,3014356,ED6E03DA,34602
0,0,COM3D2OHx64_Data\sharedassets51.assets.resS,611744,E0F83BD4,34602
0,0,COM3D2OHx64_Data\sharedassets52.assets,5769,2F6DFE59,34602
0,0,COM3D2OHx64_Data\sharedassets53.assets,2697,220C9B6F,34602
0,0,COM3D2OHx64_Data\sharedassets54.assets,2697,220C9B6F,34602
0,0,COM3D2OHx64_Data\sharedassets55.assets,2697,220C9B6F,34602
0,0,COM3D2OHx64_Data\sharedassets56.assets,8853,C0B7BEA5,34602
0,0,COM3D2OHx64_Data\sharedassets57.assets,5673,50784787,34602
0,0,COM3D2OHx64_Data\sharedassets58.assets,2613,67471A42,34602
0,0,COM3D2OHx64_Data\sharedassets59.assets,55760,58B3BAFF,34602
0,0,COM3D2OHx64_Data\sharedassets59.assets.resS,174784,F8E8E9F8,34602
0,0,COM3D2OHx64_Data\sharedassets60.assets,2625,51B15245,34602
0,0,COM3D2OHx64_Data\sharedassets61.assets,756768,AADE679F,34602
0,0,COM3D2OHx64_Data\sharedassets61.assets.resS,1310896,5596E62C,34602
0,0,COM3D2OHx64_Data\sharedassets61.resource,1657856,B35361D0,34602
0,0,COM3D2OHx64_Data\sharedassets62.assets,5541,8120C055,34602
0,0,COM3D2OHx64_Data\sharedassets63.assets,3415164,7FDAA75D,34602
0,0,COM3D2OHx64_Data\sharedassets63.assets.resS,6226160,5BDA7B19,34602
0,0,COM3D2OHx64_Data\sharedassets64.assets,2649,C52538AE,34602
0,0,COM3D2OHx64_Data\sharedassets65.assets,10101,147940C5,34602
0,0,COM3D2OHx64_Data\sharedassets66.assets,5661,AB15E0B5,34602
0,0,COM3D2OHx64_Data\sharedassets67.assets,8877,DDEDC035,34602
0,0,COM3D2OHx64_Data\sharedassets68.assets,5661,5DD4F6B0,34602
0,0,COM3D2OHx64_Data\sharedassets69.assets,8841,5C85E168,34602
0,0,COM3D2OHx64_Data\sharedassets70.assets,5661,AB15E0B5,34602
0,0,COM3D2OHx64_Data\sharedassets71.assets,8877,DDEDC035,34602
0,0,COM3D2OHx64_Data\sharedassets72.assets,6609,63535291,34602
0,0,COM3D2OHx64_Data\sharedassets73.assets,2973,CAD47832,34602
0,0,COM3D2OHx64_Data\sharedassets74.assets,2481,006D60CB,34602
0,0,COM3D2OHx64_Data\sharedassets75.assets,7876,12B80139,34602
0,0,COM3D2OHx64_Data\sharedassets75.resource,2729248,FCB8D689,34602
0,0,COM3D2OHx64_Data\sharedassets76.assets,7689,9A945BF8,34602
0,0,COM3D2OHx64_Data\sharedassets77.assets,4389,1D31AA4B,34602
0,0,COM3D2OHx64_Data\sharedassets78.assets,3753,B1743B69,34602
0,0,COM3D2OHx64_Data\sharedassets79.assets,352924,22581264,34602
0,0,COM3D2OHx64_Data\sharedassets79.assets.resS,2272064,E37F670D,34602
0,0,COM3D2OHx64_Data\sharedassets79.resource,6236928,E2AEF877,34602
0,0,COM3D2OHx64_Data\sharedassets80.assets,6568072,C2D52E2E,34602
0,0,COM3D2OHx64_Data\sharedassets80.assets.resS,10944,57B9B85D,34602
0,0,COM3D2OHx64_Data\sharedassets80.resource,2053248,CCA7A7B1,34602
0,0,COM3D2OHx64_Data\sharedassets81.assets,6525,DC785573,34602
0,0,COM3D2OHx64_Data\sharedassets82.assets,8985,9293199A,34602
0,0,COM3D2OHx64_Data\sharedassets83.assets,5781,B24B609F,34602
0,0,COM3D2OHx64_Data\sharedassets84.assets,5956,E12627C9,34602
0,0,COM3D2OHx64_Data\sharedassets84.resource,1239072,9EF23F8B,34602
0,0,COM3D2OHx64_Data\sharedassets85.assets,9189,DC70F717,34602
0,0,COM3D2OHx64_Data\sharedassets86.assets,9045,078EDA47,34602
0,0,COM3D2OHx64_Data\sharedassets87.assets,5721,5193EE65,34602
0,0,COM3D2OHx64_Data\sharedassets88.assets,9540,8F8351E9,34602
0,0,COM3D2OHx64_Data\sharedassets88.resource,1500320,468304E6,34602
0,0,COM3D2OHx64_Data\sharedassets89.assets,6081,D045E78D,34602
0,0,COM3D2OHx64_Data\sharedassets90.assets,2853,BEEC4D6F,34602
0,0,COM3D2OHx64_Data\sharedassets91.assets,2853,BEEC4D6F,34602
0,0,COM3D2OHx64_Data\sharedassets92.assets,2769,2325E320,34602
0,0,COM3D2OHx64_Data\sharedassets93.assets,2433,2CD115BA,34602
0,0,COM3D2OHx64_Data\sharedassets94.assets,2769,2325E320,34602
0,0,COM3D2OHx64_Data\sharedassets95.assets,2865,030E14CB,34602
0,0,COM3D2OHx64_Data\sharedassets96.assets,2769,2325E320,34602
0,0,COM3D2OHx64_Data\sharedassets97.assets,9021,7A3044BD,34602
0,0,COM3D2OHx64_Data\sharedassets98.assets,5709,FFECBE6F,34602
0,0,COM3D2OHx64_Data\sharedassets99.assets,393656,2C90FDB2,34602
0,0,COM3D2OHx64_Data\sharedassets99.assets.resS,2184656,EE6A6E48,34602
0,0,COM3D2OHx64_Data\sharedassets100.assets,5940,F3277437,34602
0,0,COM3D2OHx64_Data\sharedassets100.resource,2752064,01AB8E9E,34602
0,0,COM3D2OHx64_Data\sharedassets101.assets,9117,48FA88BD,34602
0,0,COM3D2OHx64_Data\sharedassets102.assets,9105,88EBD304,34602
0,0,COM3D2OHx64_Data\sharedassets103.assets,5781,C8826FD2,34602
0,0,COM3D2OHx64_Data\sharedassets104.assets,3316,B921DE44,34602
0,0,COM3D2OHx64_Data\sharedassets104.resource,6331360,376DAB75,34602
0,0,COM3D2OHx64_Data\sharedassets105.assets,3189,9883C7B7,34602
0,0,COM3D2OHx64_Data\sharedassets106.assets,83284,86626787,34602
0,0,COM3D2OHx64_Data\sharedassets106.resource,8838560,027F254D,34602
0,0,COM3D2OHx64_Data\sharedassets107.assets,4341,69D23251,34602
0,0,COM3D2OHx64_Data\sharedassets108.assets,7425,9BFE495B,34602
0,0,COM3D2OHx64_Data\sharedassets109.assets,4233,C53B841C,34602
0,0,COM3D2OHx64_Data\sharedassets110.assets,613456,C506AC56,34602
0,0,COM3D2OHx64_Data\sharedassets110.assets.resS,6138656,2613FE39,34602
0,0,COM3D2OHx64_Data\sharedassets111.assets,2649,EEECD60E,34602
0,0,COM3D2OHx64_Data\sharedassets112.assets,3213,2AB8DE34,34602
0,0,COM3D2OHx64_Data\sharedassets113.assets,3117,FCE147CD,34602
0,0,COM3D2OHx64_Data\sharedassets114.assets,3117,FCE147CD,34602
0,0,COM3D2OHx64_Data\sharedassets115.assets,3117,FCE147CD,34602
0,0,COM3D2OHx64_Data\sharedassets116.assets,3117,FCE147CD,34602
0,0,COM3D2OHx64_Data\sharedassets117.assets,3117,FCE147CD,34602
0,0,COM3D2OHx64_Data\sharedassets118.assets,3117,FCE147CD,34602
0,0,COM3D2OHx64_Data\sharedassets119.assets,2769,2325E320,34602
0,0,COM3D2OHx64_Data\sharedassets120.assets,2769,2325E320,34602
0,0,COM3D2OHx64_Data\sharedassets121.assets,2769,2325E320,34602
0,0,COM3D2OHx64_Data\sharedassets122.assets,2769,2325E320,34602
0,0,COM3D2OHx64_Data\sharedassets123.assets,2769,2325E320,34602
0,0,COM3D2OHx64_Data\sharedassets124.assets,2769,2325E320,34602
0,0,COM3D2OHx64_Data\sharedassets125.assets,2769,2325E320,34602
0,0,COM3D2OHx64_Data\sharedassets126.assets,3117,FCE147CD,34602
0,0,COM3D2OHx64_Data\sharedassets127.assets,210016,5309DFF5,34602
0,0,COM3D2OHx64_Data\sharedassets127.assets.resS,174784,F8825DB8,34602
0,0,MonoBleedingEdge\EmbedRuntime\mono-2.0-bdwgc.dll,7897520,FE7710D9,34602
0,0,MonoBleedingEdge\EmbedRuntime\MonoPosixHelper.dll,611240,4AE2D700,34602
0,0,MonoBleedingEdge\etc\mono\2.0\Browsers\Compat.browser,1605,2E178A0B,34602
0,0,MonoBleedingEdge\etc\mono\2.0\DefaultWsdlHelpGenerator.aspx,60575,95F9D0B4,34602
0,0,MonoBleedingEdge\etc\mono\2.0\machine.config,29066,42543B8B,34602
0,0,MonoBleedingEdge\etc\mono\2.0\settings.map,2622,AD5340F9,34602
0,0,MonoBleedingEdge\etc\mono\2.0\web.config,11635,1A75EBAD,34602
0,0,MonoBleedingEdge\etc\mono\4.0\Browsers\Compat.browser,1605,2E178A0B,34602
0,0,MonoBleedingEdge\etc\mono\4.0\DefaultWsdlHelpGenerator.aspx,60575,95F9D0B4,34602
0,0,MonoBleedingEdge\etc\mono\4.0\machine.config,33598,86F603C4,34602
0,0,MonoBleedingEdge\etc\mono\4.0\settings.map,2622,DC24A240,34602
0,0,MonoBleedingEdge\etc\mono\4.0\web.config,18802,36D8BA3E,34602
0,0,MonoBleedingEdge\etc\mono\4.5\Browsers\Compat.browser,1605,2E178A0B,34602
0,0,MonoBleedingEdge\etc\mono\4.5\DefaultWsdlHelpGenerator.aspx,60575,95F9D0B4,34602
0,0,MonoBleedingEdge\etc\mono\4.5\machine.config,34056,C446A9EB,34602
0,0,MonoBleedingEdge\etc\mono\4.5\settings.map,2622,DC24A240,34602
0,0,MonoBleedingEdge\etc\mono\4.5\web.config,18811,4F48BC13,34602
0,0,MonoBleedingEdge\etc\mono\mconfig\config.xml,25817,80B2033A,34602
0,0,MonoBleedingEdge\etc\mono\browscap.ini,311984,CE6C0AB3,34602
0,0,MonoBleedingEdge\etc\mono\config,3815,88FA6D93,34602
0,0,COM3D2OHx64.exe,666624,D2BCD96C,34603
0,0,UnityCrashHandler64.exe,1185192,C66B68F9,34602
0,0,UnityPlayer.dll,31100840,07C78E1D,34602
share,../com3d2data\GameData\cbl\csv_cbl.arc,GameData\csv_cbl.arc,1459380,A9942869,24602
share,../com3d2data\GameData\cbl\script_cbl.arc,GameData\script_cbl.arc,7491346,8A39700E,24602
share,../com3d2data\GameData\patch\csv.arc,GameData\csv.arc,46790519,802695FB,24605
share,../com3d2data\GameData\patch\parts_accswim_2.arc,GameData\parts_accswim_2.arc,632583,471CEBD0,24602
share,../com3d2data\GameData\patch\parts_cas010_2.arc,GameData\parts_cas010_2.arc,93958,ADCDBA70,24602
share,../com3d2data\GameData\patch\parts_cas036_2.arc,GameData\parts_cas036_2.arc,15704835,CD57DF9C,24602
share,../com3d2data\GameData\patch\parts_dlc294_2.arc,GameData\parts_dlc294_2.arc,292392,A6792345,24602
share,../com3d2data\GameData\patch\parts_dlc414_2.arc,GameData\parts_dlc414_2.arc,9252949,8653C411,24602
share,../com3d2data\GameData\patch\parts_dlc437_2.arc,GameData\parts_dlc437_2.arc,22395183,B1FD5507,24602
share,../com3d2data\GameData\patch\parts_dlc512_2.arc,GameData\parts_dlc512_2.arc,464857,B5295780,24603
share,../com3d2data\GameData\patch\parts_dlc551_2.arc,GameData\parts_dlc551_2.arc,329289,A347A4A3,24602
share,../com3d2data\GameData\patch\parts2.arc,GameData\parts2.arc,231871098,BE74A278,24602
share,../com3d2data\GameData\patch\paths.dat,GameData\paths.dat,20557,444A7102,24601
share,../com3d2data\GameData\patch\prioritymaterial.arc,GameData\prioritymaterial.arc,884094,AA46A5FC,24602
share,../com3d2data\GameData\patch\system_chronicle_2.arc,GameData\system_chronicle_2.arc,1037290,A3BFB94D,24602
share,../com3d2data\GameData\patch\system2.arc,GameData\system2.arc,113629922,D3104638,24603
share,../com3d2data\GameData_20\material_cas036_2.arc,GameData_20\material_cas036_2.arc,6578,757441C2,1751
share,../com3d2data\GameData_20\material_magazine001_2.arc,GameData_20\material_magazine001_2.arc,10312250,FC1938E9,1751
share,../com3d2data\GameData_20\menu_dlc294_2.arc,GameData_20\menu_dlc294_2.arc,1234,324EC8C6,1751
share,../com3d2data\GameData_20\model_cas010_2.arc,GameData_20\model_cas010_2.arc,92792,23A38F6A,1751
share,../com3d2data\GameData_20\model_cas036_2.arc,GameData_20\model_cas036_2.arc,1489264,436406D4,1751
share,../com3d2data\GameData_20\model_dlc114_2.arc,GameData_20\model_dlc114_2.arc,313631,F9381ABD,1751
share,../com3d2data\GameData_20\model_dlc294_2.arc,GameData_20\model_dlc294_2.arc,89184,DA8FCA88,1751
share,../com3d2data\GameData_20\model_dlc414_2.arc,GameData_20\model_dlc414_2.arc,954847,991E8918,1751
share,../com3d2data\GameData_20\model_dlc437_2.arc,GameData_20\model_dlc437_2.arc,509448,A85B419B,1751
share,../com3d2data\GameData_20\model_dlc551_2.arc,GameData_20\model_dlc551_2.arc,328698,9D6D370C,1751
