0,0,CM3D2OHx64_Data\Managed\Accessibility.dll,10752,594EE943,1710
0,0,CM3D2OHx64_Data\Managed\Assembly-CSharp.dll,3253760,291B7723,1710
0,0,CM3D2OHx64_Data\Managed\Assembly-CSharp-firstpass.dll,780288,AAFC3EF2,1710
0,0,CM3D2OHx64_Data\Managed\Assembly-UnityScript-firstpass.dll,65024,ECDBCC41,1710
0,0,CM3D2OHx64_Data\Managed\Boo.Lang.dll,126976,9ADD3789,1710
0,0,CM3D2OHx64_Data\Managed\FoveUnityPlugin.dll,28672,A6EA882B,1710
0,0,CM3D2OHx64_Data\Managed\Ionic.Zlib.dll,102400,7C9E7DD2,1710
0,0,CM3D2OHx64_Data\Managed\JsonFx.Json.dll,70144,A0F0CFCB,1710
0,0,CM3D2OHx64_Data\Managed\LeapCSharp.NET3.5.dll,82432,38E38212,1710
0,0,CM3D2OHx64_Data\Managed\Mono.Data.Tds.dll,96256,DDA7BAB7,1710
0,0,CM3D2OHx64_Data\Managed\Mono.Posix.dll,184320,C7063ABB,1710
0,0,CM3D2OHx64_Data\Managed\Mono.Security.dll,294912,8C7E67B3,1710
0,0,CM3D2OHx64_Data\Managed\Mono.WebBrowser.dll,172032,541986C3,1710
0,0,CM3D2OHx64_Data\Managed\mscorlib.dll,2589696,AFA570E5,1710
0,0,CM3D2OHx64_Data\Managed\System.Configuration.dll,124928,D5F2A804,1710
0,0,CM3D2OHx64_Data\Managed\System.Core.dll,297472,BCE2218F,1710
0,0,CM3D2OHx64_Data\Managed\System.Data.dll,856064,F1D38D2E,1710
0,0,CM3D2OHx64_Data\Managed\System.dll,1679360,288F722A,1710
0,0,CM3D2OHx64_Data\Managed\System.Drawing.Design.dll,29696,E7B53FF9,1710
0,0,CM3D2OHx64_Data\Managed\System.Drawing.dll,448512,C4B2E872,1710
0,0,CM3D2OHx64_Data\Managed\System.EnterpriseServices.dll,46592,75A19B93,1710
0,0,CM3D2OHx64_Data\Managed\System.Security.dll,135168,365C74A7,1710
0,0,CM3D2OHx64_Data\Managed\System.Transactions.dll,27648,203D65C1,1710
0,0,CM3D2OHx64_Data\Managed\System.Windows.Forms.dll,3053568,56394001,1710
0,0,CM3D2OHx64_Data\Managed\System.Xml.dll,1270272,9B79033F,1710
0,0,CM3D2OHx64_Data\Managed\System.Xml.Linq.dll,106496,B3ACF139,1710
0,0,CM3D2OHx64_Data\Managed\UnityEngine.dll,972800,B3EB425F,1710
0,0,CM3D2OHx64_Data\Managed\UnityEngine.dll.mdb,353934,02424F6C,1710
0,0,CM3D2OHx64_Data\Managed\UnityEngine.Networking.dll,230912,EBC88F56,1710
0,0,CM3D2OHx64_Data\Managed\UnityEngine.UI.dll,219136,8E43BC11,1710
0,0,CM3D2OHx64_Data\Managed\UnityScript.Lang.dll,14336,13EE284D,1710
0,0,CM3D2OHx64_Data\Managed\zxing.unity.dll,430592,9FD1F198,1710
0,0,CM3D2OHx64_Data\Mono\etc\mono\1.0\DefaultWsdlHelpGenerator.aspx,58196,10E814BF,1710
0,0,CM3D2OHx64_Data\Mono\etc\mono\1.0\machine.config,17258,EDE1AC59,1710
0,0,CM3D2OHx64_Data\Mono\etc\mono\2.0\Browsers\Compat.browser,1605,2E178A0B,1710
0,0,CM3D2OHx64_Data\Mono\etc\mono\2.0\DefaultWsdlHelpGenerator.aspx,60453,F3869A34,1710
0,0,CM3D2OHx64_Data\Mono\etc\mono\2.0\machine.config,27625,73C91C24,1710
0,0,CM3D2OHx64_Data\Mono\etc\mono\2.0\settings.map,2618,A1A3C29F,1710
0,0,CM3D2OHx64_Data\Mono\etc\mono\2.0\web.config,11686,534A9960,1710
0,0,CM3D2OHx64_Data\Mono\etc\mono\mconfig\config.xml,25817,80B2033A,1710
0,0,CM3D2OHx64_Data\Mono\etc\mono\browscap.ini,311984,CE6C0AB3,1710
0,0,CM3D2OHx64_Data\Mono\etc\mono\config,1691,A635914A,1710
0,0,CM3D2OHx64_Data\Mono\mono.dll,2612696,2A5A1006,1710
0,0,CM3D2OHx64_Data\Plugins\AVProVideo.dll,813056,60B54FA5,1710
0,0,CM3D2OHx64_Data\Plugins\cm3d2_hole_x64.dll,366592,ADDE8928,1710
0,0,CM3D2OHx64_Data\Plugins\cm3d2_x64.dll,1545216,E57EE95D,1710
0,0,CM3D2OHx64_Data\Plugins\device_hook.dll,401920,34332562,1710
0,0,CM3D2OHx64_Data\Plugins\FoveClient.dll,1849384,58C8B4F6,1710
0,0,CM3D2OHx64_Data\Plugins\LeapC.dll,2516992,FBDD3767,1710
0,0,CM3D2OHx64_Data\Plugins\openvr_api.dll,318272,44432E0F,1710
0,0,CM3D2OHx64_Data\Plugins\OVRGamepad.dll,12800,2C526135,1710
0,0,CM3D2OHx64_Data\Plugins\OVRPlugin.dll,1894312,38EDD831,1710
0,0,CM3D2OHx64_Data\Resources\unity default resources,1544700,7137E221,1710
0,0,CM3D2OHx64_Data\Resources\unity_builtin_extra,142196,DF9A5755,1710
0,0,CM3D2OHx64_Data\globalgamemanagers,2276772,0FBDA0D3,1710
0,0,CM3D2OHx64_Data\globalgamemanagers.assets,163484,C25FE69F,1710
0,0,CM3D2OHx64_Data\level0,276868,67E4A93F,1710
0,0,CM3D2OHx64_Data\level1,294860,191A57A0,1710
0,0,CM3D2OHx64_Data\level2,377596,58AA9E32,1710
0,0,CM3D2OHx64_Data\level3,684916,A4828490,1710
0,0,CM3D2OHx64_Data\level4,707980,CD8F5A82,1710
0,0,CM3D2OHx64_Data\level5,277916,8C1BD703,1710
0,0,CM3D2OHx64_Data\level6,321988,CE401707,1710
0,0,CM3D2OHx64_Data\level7,277420,24405BA2,1710
0,0,CM3D2OHx64_Data\level8,304852,15AB13F9,1710
0,0,CM3D2OHx64_Data\level9,278436,2D99BC21,1710
0,0,CM3D2OHx64_Data\level10,651956,1D83BF40,1710
0,0,CM3D2OHx64_Data\level11,4640,1ABC81CC,1710
0,0,CM3D2OHx64_Data\level12,279476,2FC94833,1710
0,0,CM3D2OHx64_Data\level13,4640,92C5ACFE,1710
0,0,CM3D2OHx64_Data\level14,297596,AF887A38,1710
0,0,CM3D2OHx64_Data\level15,397588,33CFD17E,1710
0,0,CM3D2OHx64_Data\level16,539084,0EEAAD62,1710
0,0,CM3D2OHx64_Data\level17,303012,7F4B8669,1710
0,0,CM3D2OHx64_Data\level18,625476,8A8B7B93,1710
0,0,CM3D2OHx64_Data\level19,362924,5D77A299,1710
0,0,CM3D2OHx64_Data\level20,747940,3B000AEA,1710
0,0,CM3D2OHx64_Data\level21,1416444,8D18DE13,1710
0,0,CM3D2OHx64_Data\level22,607148,1D54ADE0,1710
0,0,CM3D2OHx64_Data\level23,700116,5BAEAD49,1710
0,0,CM3D2OHx64_Data\level24,931340,A6CA35F0,1710
0,0,CM3D2OHx64_Data\level25,792268,97C8D441,1710
0,0,CM3D2OHx64_Data\level26,639428,1E9152CF,1710
0,0,CM3D2OHx64_Data\level27,914484,A8EB5460,1710
0,0,CM3D2OHx64_Data\level28,632596,D50085C1,1710
0,0,CM3D2OHx64_Data\level29,855252,72BFB195,1710
0,0,CM3D2OHx64_Data\level30,405220,55388884,1710
0,0,CM3D2OHx64_Data\level31,27784,2F9E34AF,1710
0,0,CM3D2OHx64_Data\level31.resS,131232,EB296BB9,1710
0,0,CM3D2OHx64_Data\level32,38492,9C15D5F9,1710
0,0,CM3D2OHx64_Data\level33,44076,975B726F,1710
0,0,CM3D2OHx64_Data\level34,39992,B9FD4BA8,1710
0,0,CM3D2OHx64_Data\level35,277756,A347A935,1710
0,0,CM3D2OHx64_Data\level36,644740,937933F0,1710
0,0,CM3D2OHx64_Data\level37,356012,CA3B718F,1710
0,0,CM3D2OHx64_Data\level38,352612,F0D940CB,1710
0,0,CM3D2OHx64_Data\level39,346148,C855FA6A,1710
0,0,CM3D2OHx64_Data\level40,409644,9E11FFD6,1710
0,0,CM3D2OHx64_Data\level41,422012,186BC233,1710
0,0,CM3D2OHx64_Data\level42,398628,DB200687,1710
0,0,CM3D2OHx64_Data\resources.assets,281513060,39241B7A,1710
0,0,CM3D2OHx64_Data\resources.assets.resS,578372716,0DAD6FD5,1710
0,0,CM3D2OHx64_Data\sharedassets0.assets,16483168,3761835F,1710
0,0,CM3D2OHx64_Data\sharedassets0.assets.resS,121728032,BCB828A4,1710
0,0,CM3D2OHx64_Data\sharedassets1.assets,5956,74C9EE0F,1710
0,0,CM3D2OHx64_Data\sharedassets2.assets,6172,ADB62587,1710
0,0,CM3D2OHx64_Data\sharedassets3.assets,1310280,41944F40,1710
0,0,CM3D2OHx64_Data\sharedassets4.assets,6484,7FE9F4B3,1710
0,0,CM3D2OHx64_Data\sharedassets5.assets,5824,F35CA18D,1710
0,0,CM3D2OHx64_Data\sharedassets6.assets,6364,8629959F,1710
0,0,CM3D2OHx64_Data\sharedassets7.assets,5800,BBCF5626,1710
0,0,CM3D2OHx64_Data\sharedassets8.assets,5824,DDD4548D,1710
0,0,CM3D2OHx64_Data\sharedassets9.assets,5848,10A0D2F5,1710
0,0,CM3D2OHx64_Data\sharedassets10.assets,6388,250846DD,1710
0,0,CM3D2OHx64_Data\sharedassets11.assets,4132,740B4B07,1710
0,0,CM3D2OHx64_Data\sharedassets12.assets,5860,9B4E6792,1710
0,0,CM3D2OHx64_Data\sharedassets13.assets,4132,E075D9A7,1710
0,0,CM3D2OHx64_Data\sharedassets14.assets,6580,969E2250,1710
0,0,CM3D2OHx64_Data\sharedassets15.assets,5824,D954526F,1710
0,0,CM3D2OHx64_Data\sharedassets16.assets,215320,0112800B,1710
0,0,CM3D2OHx64_Data\sharedassets16.assets.resS,51968,C41BC4E7,1710
0,0,CM3D2OHx64_Data\sharedassets17.assets,5896,F200C855,1710
0,0,CM3D2OHx64_Data\sharedassets18.assets,74200,5CF46150,1710
0,0,CM3D2OHx64_Data\sharedassets19.assets,6028,FAA45334,1710
0,0,CM3D2OHx64_Data\sharedassets20.assets,8164,C9A31738,1710
0,0,CM3D2OHx64_Data\sharedassets21.assets,6604,BCE96353,1710
0,0,CM3D2OHx64_Data\sharedassets22.assets,39511744,30FF5623,1710
0,0,CM3D2OHx64_Data\sharedassets23.assets,67700992,D7BAD926,1710
0,0,CM3D2OHx64_Data\sharedassets24.assets,67690216,456CBAFC,1710
0,0,CM3D2OHx64_Data\sharedassets25.assets,47233852,7DA1E8F8,1710
0,0,CM3D2OHx64_Data\sharedassets25.resource,3813344,7B95E5D4,1710
0,0,CM3D2OHx64_Data\sharedassets26.assets,80175012,3E8630C8,1710
0,0,CM3D2OHx64_Data\sharedassets27.assets,84139396,796C1121,1710
0,0,CM3D2OHx64_Data\sharedassets28.assets,48988508,6B880870,1710
0,0,CM3D2OHx64_Data\sharedassets29.assets,111395772,6ED827B0,1710
0,0,CM3D2OHx64_Data\sharedassets29.assets.resS,7296672,0E6CF936,1710
0,0,CM3D2OHx64_Data\sharedassets30.assets,55916816,562B5767,1710
0,0,CM3D2OHx64_Data\sharedassets31.assets,27512,72E814A0,1710
0,0,CM3D2OHx64_Data\sharedassets31.assets.resS,174776,7D821248,1710
0,0,CM3D2OHx64_Data\sharedassets32.assets,55004,598C4125,1710
0,0,CM3D2OHx64_Data\sharedassets32.assets.resS,786464,17681AC8,1710
0,0,CM3D2OHx64_Data\sharedassets33.assets,4432,49DC9C1B,1710
0,0,CM3D2OHx64_Data\sharedassets34.assets,1032148,11E6B77F,1710
0,0,CM3D2OHx64_Data\sharedassets34.assets.resS,5417776,A41251E2,1710
0,0,CM3D2OHx64_Data\sharedassets35.assets,5836,08787D54,1710
0,0,CM3D2OHx64_Data\sharedassets36.assets,130769172,A7E7BE36,1710
0,0,CM3D2OHx64_Data\sharedassets37.assets,86031244,82811065,1710
0,0,CM3D2OHx64_Data\sharedassets37.assets.resS,87400,0DB2AE3E,1710
0,0,CM3D2OHx64_Data\sharedassets38.assets,77322220,C71ED654,1710
0,0,CM3D2OHx64_Data\sharedassets39.assets,83356072,DDC4533D,1710
0,0,CM3D2OHx64_Data\sharedassets40.assets,81435928,19FE839D,1710
0,0,CM3D2OHx64_Data\sharedassets40.assets.resS,174776,08EE0C0E,1710
0,0,CM3D2OHx64_Data\sharedassets41.assets,75087788,1EF09998,1710
0,0,CM3D2OHx64_Data\sharedassets42.assets,66802316,C339F2DC,1710
0,0,GameData\csv_cbl.arc,796275,12B65A55,1719
0,0,GameData\motion_cbl_3d21reserve_2.arc,153695,115A5573,1590
0,0,GameData\motion_cbl_addpose001.arc,902201,447E5863,1220
0,0,GameData\motion_cbl_denkigai2016sOkou_2.arc,3995894,0D95C322,1540
0,0,GameData\motion_cbl_denkigai2017w_2.arc,495249,EFAA6DB8,1590
0,0,GameData\motion_cbl_denkigai2019s_2.arc,753520,6B178D48,1672
0,0,GameData\motion_cbl_pp002_2.arc,62463881,9CEF1E84,1360
0,0,GameData\motion_cbl_vp001_2.arc,141603,80D0D160,1160
0,0,GameData\motion_cbl_ytgc002_2.arc,2475220,008FABF0,1160
0,0,GameData\motion_cbl_ytgc003_2.arc,296091,68096F71,1340
0,0,GameData\motion_cbl_ytgc012_2.arc,1627105,BDF311CC,1540
0,0,GameData\motion_cbl2.arc,39147788,94600C7D,1610
0,0,GameData\script_cbl.arc,3653614,13B2332B,17210
0,0,GameData\script_cbl_addpose001.arc,1219,0C884F57,1220
0,0,GameData\script_cbl_denkigai2016s_2.arc,81434,8C81CD11,1370
0,0,GameData\script_cbl_denkigai2016sSukumizu_2.arc,28002,5783CE35,1370
0,0,GameData\script_cbl_personal001.arc,333,811BEAE8,1
0,0,GameData\script_cbl_personal001_2.arc,625052,215396EB,1611
0,0,GameData\script_cbl_personal002_2.arc,166886,F7E3EB78,1610
0,0,GameData\script_cbl_personal003_2.arc,396946,B189C32B,1610
0,0,GameData\script_cbl_personal004_2.arc,160622,04EE02E6,1610
0,0,GameData\script_cbl_ytgc013_2.arc,56402,E88B36D7,1673
0,0,GameData\system_cbl.arc,535,0B028230,1419
0,0,GameData\voice_cbl2.arc,20099011,B8440DE3,1610
0,0,manual\data\005.png,459612,3AF928C5,1170
0,0,manual\data\010.png,800070,5269304C,1170
0,0,CM3D2OH.exe,7510016,9C76F45A,1012
0,0,CM3D2OHx64.exe,20649984,0A92CEB6,1714
0,0,CM3D2OHx64_VR.bat,78,B607902C,1672
0,0,LICENSE,25204,17CCA6C1,1672
share,GameData\patch\bg_pp001_2.arc,GameData\bg_pp001_2.arc,1237157,C9D912F7,1220
share,GameData\patch\csv.arc,GameData\csv.arc,4190109,AE88F959,1744
share,GameData\patch\csv_addpose001.arc,GameData\csv_addpose001.arc,1235,D06FCA6D,1220
share,GameData\patch\csv_pp001_2.arc,GameData\csv_pp001_2.arc,10034,29181748,1370
share,GameData\patch\csv_pp002_2.arc,GameData\csv_pp002_2.arc,450,65BCF215,1462
share,GameData\patch\csv_urayome001_2.arc,GameData\csv_urayome001_2.arc,1714,1D92B577,1401
share,GameData\patch\csv_vp001_2.arc,GameData\csv_vp001_2.arc,2082,25E58CEB,1160
share,GameData\patch\csv_vrcom_2.arc,GameData\csv_vrcom_2.arc,5650,BC36D221,1510
share,GameData\patch\material_cw005cloth4_2.arc,GameData\material_cw005cloth4_2.arc,31586,74059A93,1661
share,GameData\patch\material_denkigai2015s003_2.arc,GameData\material_denkigai2015s003_2.arc,7106,0C82D791,1150
share,GameData\patch\material_denkigai2015wTowelR.arc,GameData\material_denkigai2015wTowelR.arc,1602,618192B9,1360
share,GameData\patch\material_denkigai2016w_2.arc,GameData\material_denkigai2016w_2.arc,18802,B122AD16,1700
share,GameData\patch\material_denkigai2017w_2.arc,GameData\material_denkigai2017w_2.arc,6018,00561DC2,1713
share,GameData\patch\material_denkigai2017wtshirt_2.arc,GameData\material_denkigai2017wtshirt_2.arc,2418,F6E9FB90,1674
share,GameData\patch\material_denkigai2019stshirt_2.arc,GameData\material_denkigai2019stshirt_2.arc,1586,BA3332E0,1680
share,GameData\patch\material_dlc004_2.arc,GameData\material_dlc004_2.arc,4972,A5B8E657,1700
share,GameData\patch\material_dlc028_2.arc,GameData\material_dlc028_2.arc,8882,3E9E9177,1707
share,GameData\patch\material_dlc034_2.arc,GameData\material_dlc034_2.arc,9426,C1C7E085,1700
share,GameData\patch\material_dlc037_2.arc,GameData\material_dlc037_2.arc,5154,9BA28966,1700
share,GameData\patch\material_dlc040_2.arc,GameData\material_dlc040_2.arc,5042,B7B69F5F,1700
share,GameData\patch\material_dlc042_2.arc,GameData\material_dlc042_2.arc,9602,96FF4BEA,1700
share,GameData\patch\material_dlc046_2.arc,GameData\material_dlc046_2.arc,4210,A2B3A6D9,1695
share,GameData\patch\material_dlc049_2.arc,GameData\material_dlc049_2.arc,13698,DEF631C9,1700
share,GameData\patch\material_dlc055_2.arc,GameData\material_dlc055_2.arc,5282,11A93109,1280
share,GameData\patch\material_dlc093_2.arc,GameData\material_dlc093_2.arc,13586,D911AC0A,1695
share,GameData\patch\material_dlc107_2.arc,GameData\material_dlc107_2.arc,5218,F9837138,1590
share,GameData\patch\material_dlc108_2.arc,GameData\material_dlc108_2.arc,13698,93BCAC65,1695
share,GameData\patch\material_dlc134_2.arc,GameData\material_dlc134_2.arc,2626,E85B6124,1700
share,GameData\patch\material_dlc146_2.arc,GameData\material_dlc146_2.arc,2594,A86BF4E4,1700
share,GameData\patch\material_dlc150_2.arc,GameData\material_dlc150_2.arc,26498,8FE30EF3,1700
share,GameData\patch\material_dlc166_2.arc,GameData\material_dlc166_2.arc,9650,838D53DB,1700
share,GameData\patch\material_dlc191_2.arc,GameData\material_dlc191_2.arc,35282,6918122F,1695
share,GameData\patch\material_dlc192_2.arc,GameData\material_dlc192_2.arc,5058,BD463091,1700
share,GameData\patch\material_dlc196_2.arc,GameData\material_dlc196_2.arc,2546,6A2B65C0,1701
share,GameData\patch\material_dlc211_2.arc,GameData\material_dlc211_2.arc,2530,032AEDA1,1705
share,GameData\patch\material_dlc213_2.arc,GameData\material_dlc213_2.arc,1682,2339899B,1714
share,GameData\patch\material_dlc249_2.arc,GameData\material_dlc249_2.arc,1746,72817BB5,1707
share,GameData\patch\material_dlc256_2.arc,GameData\material_dlc256_2.arc,3378,CFF1F232,1673
share,GameData\patch\material_dlc267_2.arc,GameData\material_dlc267_2.arc,5186,11ED6A88,1673
share,GameData\patch\material_dlc278_2.arc,GameData\material_dlc278_2.arc,3794,94EE71BB,1651
share,GameData\patch\material_dlc326_2.arc,GameData\material_dlc326_2.arc,1613,CDE6C26D,1700
share,GameData\patch\material_dlc353_2.arc,GameData\material_dlc353_2.arc,1762,C3E9BB20,1673
share,GameData\patch\material_dlc356_2.arc,GameData\material_dlc356_2.arc,38338,802E0C1D,1674
share,GameData\patch\material_dlc357_2.arc,GameData\material_dlc357_2.arc,55938,3D8DE6D9,1674
share,GameData\patch\material_dlc358_2.arc,GameData\material_dlc358_2.arc,18754,C73B56B1,1673
share,GameData\patch\material_dlc359_2.arc,GameData\material_dlc359_2.arc,35026,E141B1FB,1674
share,GameData\patch\material_dlc363_2.arc,GameData\material_dlc363_2.arc,3794,14C1B1A5,1673
share,GameData\patch\material_dlc412_2.arc,GameData\material_dlc412_2.arc,16850,B8975C41,1691
share,GameData\patch\material_dlc427_2.arc,GameData\material_dlc427_2.arc,13675,3B3359A5,1695
share,GameData\patch\material_dlc444_2.arc,GameData\material_dlc444_2.arc,1730,722E5805,1707
share,GameData\patch\material_dlc467_2.arc,GameData\material_dlc467_2.arc,1794,8518A3EB,1704
share,GameData\patch\material_dlcdenkigai2016w_2.arc,GameData\material_dlcdenkigai2016w_2.arc,13698,DFDB1621,1700
share,GameData\patch\material_dlcdenkigai2017w_2.arc,GameData\material_dlcdenkigai2017w_2.arc,6034,3D6212BE,1713
share,GameData\patch\material_dlsite_2.arc,GameData\material_dlsite_2.arc,4018,FC0DCC28,1700
share,GameData\patch\material_kissevent2017march_2.arc,GameData\material_kissevent2017march_2.arc,7570,5886DD16,1714
share,GameData\patch\material_magazine003_2.arc,GameData\material_magazine003_2.arc,30594,697EA347,1695
share,GameData\patch\material_shop001_2.arc,GameData\material_shop001_2.arc,1762,D98CED1C,1150
share,GameData\patch\material_shop002_2.arc,GameData\material_shop002_2.arc,1762,956BB00E,1150
share,GameData\patch\material_shop003_2.arc,GameData\material_shop003_2.arc,1762,38CEBFF2,1150
share,GameData\patch\material_shop005_2.arc,GameData\material_shop005_2.arc,1714,3E621A32,1150
share,GameData\patch\material_shop007_2.arc,GameData\material_shop007_2.arc,2578,C8CE627C,1150
share,GameData\patch\material_sp005cloth2_2.arc,GameData\material_sp005cloth2_2.arc,1810,3AE810F9,1641
share,GameData\patch\material_vac001_2.arc,GameData\material_vac001_2.arc,5266,46CD10D7,1673
share,GameData\patch\material_vp001_2.arc,GameData\material_vp001_2.arc,11890,8CB043B0,1400
share,GameData\patch\material_vr.arc,GameData\material_vr.arc,6184,D2EAFD73,130
share,GameData\patch\material_yomeido003_2.arc,GameData\material_yomeido003_2.arc,1522,0689A7AC,1240
share,GameData\patch\material2.arc,GameData\material2.arc,229132,AAF9ECF3,1714
share,GameData\patch\menu_accessory_yandere001_2.arc,GameData\menu_accessory_yandere001_2.arc,5362,7EC2A149,1712
share,GameData\patch\menu_accessory_yandere002_2.arc,GameData\menu_accessory_yandere002_2.arc,2834,8C56D1D9,1712
share,GameData\patch\menu_cas002_2.arc,GameData\menu_cas002_2.arc,3234,B376662F,1691
share,GameData\patch\menu_cas005_2.arc,GameData\menu_cas005_2.arc,3314,B1151824,1674
share,GameData\patch\menu_cas006_2.arc,GameData\menu_cas006_2.arc,4002,E91BC560,1713
share,GameData\patch\menu_cas007_2.arc,GameData\menu_cas007_2.arc,3714,EA919FC3,1693
share,GameData\patch\menu_cas017_2.arc,GameData\menu_cas017_2.arc,3938,EBF4794F,1693
share,GameData\patch\menu_cas018_2.arc,GameData\menu_cas018_2.arc,3794,E3E0301F,1693
share,GameData\patch\menu_cas027_2.arc,GameData\menu_cas027_2.arc,4194,3B712034,1693
share,GameData\patch\menu_cas029_2.arc,GameData\menu_cas029_2.arc,3778,58C0365D,1693
share,GameData\patch\menu_cas030_2.arc,GameData\menu_cas030_2.arc,3874,6028B3BE,1691
share,GameData\patch\menu_cas031_2.arc,GameData\menu_cas031_2.arc,3906,7CC4BAC7,1673
share,GameData\patch\menu_cas044_2.arc,GameData\menu_cas044_2.arc,3218,C0415674,1673
share,GameData\patch\menu_cas049_2.arc,GameData\menu_cas049_2.arc,3266,8BE78307,1693
share,GameData\patch\menu_cas056_2.arc,GameData\menu_cas056_2.arc,3890,7F6480A2,1691
share,GameData\patch\menu_cas062_2.arc,GameData\menu_cas062_2.arc,3138,17F6B4B8,1680
share,GameData\patch\menu_cas064_2.arc,GameData\menu_cas064_2.arc,3746,743A5DCF,1691
share,GameData\patch\menu_cas087_2.arc,GameData\menu_cas087_2.arc,3138,A1235198,1705
share,GameData\patch\menu_cas099_2.arc,GameData\menu_cas099_2.arc,3410,7F19AAC8,1705
share,GameData\patch\menu_cas101_2.arc,GameData\menu_cas101_2.arc,3266,58C5BCAD,1705
share,GameData\patch\menu_com3d2cbp_2.arc,GameData\menu_com3d2cbp_2.arc,3506,334A88E0,1673
share,GameData\patch\menu_cw001cloth3_2.arc,GameData\menu_cw001cloth3_2.arc,6994,F7D9910B,1691
share,GameData\patch\menu_cw002cloth1_2.arc,GameData\menu_cw002cloth1_2.arc,3762,B0366A81,1674
share,GameData\patch\menu_cw004cloth2_2.arc,GameData\menu_cw004cloth2_2.arc,3330,F61401F7,1673
share,GameData\patch\menu_cw005cloth1_2.arc,GameData\menu_cw005cloth1_2.arc,3282,14FBC0F8,1681
share,GameData\patch\menu_cw005cloth4_2.arc,GameData\menu_cw005cloth4_2.arc,23554,B15A0E72,1661
share,GameData\patch\menu_cw007cloth1_2.arc,GameData\menu_cw007cloth1_2.arc,9410,0CC26EE4,1693
share,GameData\patch\menu_denkigai2015s001_2.arc,GameData\menu_denkigai2015s001_2.arc,6594,8B3E849F,1160
share,GameData\patch\menu_denkigai2015s003_2.arc,GameData\menu_denkigai2015s003_2.arc,4338,D294CE88,1150
share,GameData\patch\menu_denkigai2015wTowelR.arc,GameData\menu_denkigai2015wTowelR.arc,1282,CECEE1FC,1360
share,GameData\patch\menu_denkigai2016s_2.arc,GameData\menu_denkigai2016s_2.arc,5298,ABC5BCBA,1680
share,GameData\patch\menu_denkigai2016w_2.arc,GameData\menu_denkigai2016w_2.arc,15154,C8D64D3B,1450
share,GameData\patch\menu_denkigai2017s_2.arc,GameData\menu_denkigai2017s_2.arc,8642,ED615547,1691
share,GameData\patch\menu_denkigai2017w_2.arc,GameData\menu_denkigai2017w_2.arc,4210,A57A8E1E,1694
share,GameData\patch\menu_denkigai2017wTshirt_2.arc,GameData\menu_denkigai2017wTshirt_2.arc,1330,C86D3E8E,1674
share,GameData\patch\menu_denkigai2019s_2.arc,GameData\menu_denkigai2019s_2.arc,9794,8105F4C2,1674
share,GameData\patch\menu_denkigai2019sTshirt_2.arc,GameData\menu_denkigai2019sTshirt_2.arc,1314,1585420D,1680
share,GameData\patch\menu_denkigai2019w_2.arc,GameData\menu_denkigai2019w_2.arc,5938,C4A9AA0F,1674
share,GameData\patch\menu_denkigai2020w_2.arc,GameData\menu_denkigai2020w_2.arc,9186,51DF1F95,1673
share,GameData\patch\menu_dlc001_2.arc,GameData\menu_dlc001_2.arc,3954,7D6E4233,1691
share,GameData\patch\menu_dlc004_2.arc,GameData\menu_dlc004_2.arc,3311,A9F2A96A,1700
share,GameData\patch\menu_dlc005_2.arc,GameData\menu_dlc005_2.arc,3586,73F33290,1693
share,GameData\patch\menu_dlc012_2.arc,GameData\menu_dlc012_2.arc,6626,6C5BEA26,1693
share,GameData\patch\menu_dlc017_2.arc,GameData\menu_dlc017_2.arc,3394,486DB42A,1691
share,GameData\patch\menu_dlc026_2.arc,GameData\menu_dlc026_2.arc,3778,69453D54,1190
share,GameData\patch\menu_dlc028_2.arc,GameData\menu_dlc028_2.arc,3874,DE3F1C31,1200
share,GameData\patch\menu_dlc033_2.arc,GameData\menu_dlc033_2.arc,7314,04421C06,1693
share,GameData\patch\menu_dlc034_2.arc,GameData\menu_dlc034_2.arc,3714,84E7DC58,1674
share,GameData\patch\menu_dlc040_2.arc,GameData\menu_dlc040_2.arc,3234,18422919,1700
share,GameData\patch\menu_dlc041_2.arc,GameData\menu_dlc041_2.arc,6786,97F738D3,1380
share,GameData\patch\menu_dlc042_2.arc,GameData\menu_dlc042_2.arc,1154,EE4016C0,1440
share,GameData\patch\menu_dlc049_2.arc,GameData\menu_dlc049_2.arc,5666,6A7F0162,1673
share,GameData\patch\menu_dlc061_2.arc,GameData\menu_dlc061_2.arc,3810,F99C1D4E,1290
share,GameData\patch\menu_dlc065_2.arc,GameData\menu_dlc065_2.arc,7602,D9387834,1380
share,GameData\patch\menu_dlc074_2.arc,GameData\menu_dlc074_2.arc,5618,24C559D7,1312
share,GameData\patch\menu_dlc077_2.arc,GameData\menu_dlc077_2.arc,9394,B0735D2F,1693
share,GameData\patch\menu_dlc078_2.arc,GameData\menu_dlc078_2.arc,2338,46D1542F,1673
share,GameData\patch\menu_dlc084_2.arc,GameData\menu_dlc084_2.arc,1362,514D4584,1694
share,GameData\patch\menu_dlc100_2.arc,GameData\menu_dlc100_2.arc,1250,DFF94E9A,1400
share,GameData\patch\menu_dlc101_2.arc,GameData\menu_dlc101_2.arc,1218,44DB4049,1481
share,GameData\patch\menu_dlc107_2.arc,GameData\menu_dlc107_2.arc,1746,A6C9E7C4,1590
share,GameData\patch\menu_dlc111_2.arc,GameData\menu_dlc111_2.arc,1330,480BC0DC,1674
share,GameData\patch\menu_dlc121_2.arc,GameData\menu_dlc121_2.arc,3314,61796D1D,1681
share,GameData\patch\menu_dlc123_2.arc,GameData\menu_dlc123_2.arc,7714,595B8C3C,1674
share,GameData\patch\menu_dlc126_2.arc,GameData\menu_dlc126_2.arc,2050,7471540B,1673
share,GameData\patch\menu_dlc139_2.arc,GameData\menu_dlc139_2.arc,1346,405521A3,1694
share,GameData\patch\menu_dlc140_2.arc,GameData\menu_dlc140_2.arc,1218,DF957030,1680
share,GameData\patch\menu_dlc141_2.arc,GameData\menu_dlc141_2.arc,1218,206CE641,1680
share,GameData\patch\menu_dlc143_2.arc,GameData\menu_dlc143_2.arc,3890,B5ED6650,1693
share,GameData\patch\menu_dlc158_2.arc,GameData\menu_dlc158_2.arc,1250,BD65297C,1691
share,GameData\patch\menu_dlc170_2.arc,GameData\menu_dlc170_2.arc,1266,8DD047BD,1674
share,GameData\patch\menu_dlc184_2.arc,GameData\menu_dlc184_2.arc,3346,5D28E953,1691
share,GameData\patch\menu_dlc189_2.arc,GameData\menu_dlc189_2.arc,2258,5A9F3DE9,1590
share,GameData\patch\menu_dlc192_2.arc,GameData\menu_dlc192_2.arc,3458,B345C368,1700
share,GameData\patch\menu_dlc202_2.arc,GameData\menu_dlc202_2.arc,6594,7C41E999,1693
share,GameData\patch\menu_dlc203_2.arc,GameData\menu_dlc203_2.arc,3922,C3AF937A,1693
share,GameData\patch\menu_dlc204_2.arc,GameData\menu_dlc204_2.arc,3842,4DD62ADC,1674
share,GameData\patch\menu_dlc206_2.arc,GameData\menu_dlc206_2.arc,3394,CAC7F5BB,1691
share,GameData\patch\menu_dlc207_2.arc,GameData\menu_dlc207_2.arc,3826,A49C0682,1713
share,GameData\patch\menu_dlc227_2.arc,GameData\menu_dlc227_2.arc,1234,432C150D,1691
share,GameData\patch\menu_dlc228_2.arc,GameData\menu_dlc228_2.arc,1234,77F54BF8,1691
share,GameData\patch\menu_dlc230_2.arc,GameData\menu_dlc230_2.arc,1170,F4DCC0AA,1691
share,GameData\patch\menu_dlc230nh_2.arc,GameData\menu_dlc230nh_2.arc,1202,4F46042A,1691
share,GameData\patch\menu_dlc232_2.arc,GameData\menu_dlc232_2.arc,4146,689CEBFB,1693
share,GameData\patch\menu_dlc254_2.arc,GameData\menu_dlc254_2.arc,1282,5C51B209,1693
share,GameData\patch\menu_dlc281_2.arc,GameData\menu_dlc281_2.arc,1234,55D6233E,1691
share,GameData\patch\menu_dlc282_2.arc,GameData\menu_dlc282_2.arc,1234,8AA0E036,1691
share,GameData\patch\menu_dlc283_2.arc,GameData\menu_dlc283_2.arc,1202,25C4EE86,1673
share,GameData\patch\menu_dlc286_2.arc,GameData\menu_dlc286_2.arc,2566,EFA25BE2,1710
share,GameData\patch\menu_dlc293_2.arc,GameData\menu_dlc293_2.arc,1234,0D9FCDF7,1691
share,GameData\patch\menu_dlc296_2.arc,GameData\menu_dlc296_2.arc,1202,58D912BD,1703
share,GameData\patch\menu_dlc297_2.arc,GameData\menu_dlc297_2.arc,1234,45E20486,1691
share,GameData\patch\menu_dlc298_2.arc,GameData\menu_dlc298_2.arc,1314,754C44EE,1693
share,GameData\patch\menu_dlc317_2.arc,GameData\menu_dlc317_2.arc,3986,D34D5869,1707
share,GameData\patch\menu_dlc322_2.arc,GameData\menu_dlc322_2.arc,3138,2A035FB8,1691
share,GameData\patch\menu_dlc324_2.arc,GameData\menu_dlc324_2.arc,31458,30DAF5BE,1691
share,GameData\patch\menu_dlc326_2.arc,GameData\menu_dlc326_2.arc,1670,5771A643,1709
share,GameData\patch\menu_dlc331_2.arc,GameData\menu_dlc331_2.arc,3330,78103186,1673
share,GameData\patch\menu_dlc336_2.arc,GameData\menu_dlc336_2.arc,19170,293428D3,1693
share,GameData\patch\menu_dlc339_2.arc,GameData\menu_dlc339_2.arc,3154,EEE967A4,1691
share,GameData\patch\menu_dlc340_2.arc,GameData\menu_dlc340_2.arc,10226,2E6EC41E,1673
share,GameData\patch\menu_dlc350_2.arc,GameData\menu_dlc350_2.arc,1298,88354072,1694
share,GameData\patch\menu_dlc351_2.arc,GameData\menu_dlc351_2.arc,3426,5992BB0B,1681
share,GameData\patch\menu_dlc353_2.arc,GameData\menu_dlc353_2.arc,1346,250C9D39,1673
share,GameData\patch\menu_dlc357_2.arc,GameData\menu_dlc357_2.arc,29714,34062D3F,1673
share,GameData\patch\menu_dlc358_2.arc,GameData\menu_dlc358_2.arc,21186,9A988520,1673
share,GameData\patch\menu_dlc359_2.arc,GameData\menu_dlc359_2.arc,17554,EA7AC5BA,1673
share,GameData\patch\menu_dlc360_2.arc,GameData\menu_dlc360_2.arc,1170,05EB0AAA,1691
share,GameData\patch\menu_dlc363_2.arc,GameData\menu_dlc363_2.arc,1234,FF56BE27,1673
share,GameData\patch\menu_dlc367_2.arc,GameData\menu_dlc367_2.arc,3410,C3A781BD,1691
share,GameData\patch\menu_dlc368_2.arc,GameData\menu_dlc368_2.arc,6114,83EAB547,1691
share,GameData\patch\menu_dlc376_2.arc,GameData\menu_dlc376_2.arc,1218,2A07F130,1680
share,GameData\patch\menu_dlc377_2.arc,GameData\menu_dlc377_2.arc,1218,09E45563,1680
share,GameData\patch\menu_dlc379_2.arc,GameData\menu_dlc379_2.arc,2978,756E6CCC,1691
share,GameData\patch\menu_dlc387_2.arc,GameData\menu_dlc387_2.arc,3378,5BD32D7E,1680
share,GameData\patch\menu_dlc389_2.arc,GameData\menu_dlc389_2.arc,3138,EBFFCABE,1680
share,GameData\patch\menu_dlc394_2.arc,GameData\menu_dlc394_2.arc,3298,20BB0E24,1691
share,GameData\patch\menu_dlc403_2.arc,GameData\menu_dlc403_2.arc,3618,7D6C2F01,1681
share,GameData\patch\menu_dlc412_2.arc,GameData\menu_dlc412_2.arc,2962,13740778,1691
share,GameData\patch\menu_dlc413_2.arc,GameData\menu_dlc413_2.arc,2690,5DEB66A2,1681
share,GameData\patch\menu_dlc423_2.arc,GameData\menu_dlc423_2.arc,3245,ACA7F98F,1702
share,GameData\patch\menu_dlc433_2.arc,GameData\menu_dlc433_2.arc,1042,080D91D6,1681
share,GameData\patch\menu_dlc442_2.arc,GameData\menu_dlc442_2.arc,3858,76F05916,1713
share,GameData\patch\menu_dlc487_2.arc,GameData\menu_dlc487_2.arc,3202,E04AF4BF,1711
share,GameData\patch\menu_dlcdenkigai2016s_2.arc,GameData\menu_dlcdenkigai2016s_2.arc,4226,37F98EE6,1680
share,GameData\patch\menu_dlcdenkigai2016w_2.arc,GameData\menu_dlcdenkigai2016w_2.arc,13522,45E7F667,1450
share,GameData\patch\menu_dlcdenkigai2017s_2.arc,GameData\menu_dlcdenkigai2017s_2.arc,7602,6B6DD0C1,1691
share,GameData\patch\menu_dlcdenkigai2017w_2.arc,GameData\menu_dlcdenkigai2017w_2.arc,11762,EBA84B5A,1694
share,GameData\patch\menu_dlcdenkigai2019s_2.arc,GameData\menu_dlcdenkigai2019s_2.arc,7266,F30AC64C,1674
share,GameData\patch\menu_dlcdenkigai2019w_2.arc,GameData\menu_dlcdenkigai2019w_2.arc,4466,6CACEAA5,1674
share,GameData\patch\menu_dlsite_2.arc,GameData\menu_dlsite_2.arc,1954,B2268BA7,1150
share,GameData\patch\menu_gp001_2.arc,GameData\menu_gp001_2.arc,6711,C3862D3E,1691
share,GameData\patch\menu_kissevent2017march.arc,GameData\menu_kissevent2017march.arc,281,FF4EEB9B,1522
share,GameData\patch\menu_kissevent2017march_2.arc,GameData\menu_kissevent2017march_2.arc,106624,14291926,1631
share,GameData\patch\menu_magazine002_2.arc,GameData\menu_magazine002_2.arc,12994,C2587640,1691
share,GameData\patch\menu_magazine003_2.arc,GameData\menu_magazine003_2.arc,8338,9C318343,1713
share,GameData\patch\menu_nijiyomec_2.arc,GameData\menu_nijiyomec_2.arc,6738,7CDA2CFB,1673
share,GameData\patch\menu_oldplus009cloth_2.arc,GameData\menu_oldplus009cloth_2.arc,9526,A9DA7A7A,1693
share,GameData\patch\menu_ordermade002_2.arc,GameData\menu_ordermade002_2.arc,1346,DF7DAA64,1673
share,GameData\patch\menu_personal_om008_2.arc,GameData\menu_personal_om008_2.arc,6816,A49BE66E,1680
share,GameData\patch\menu_personal002_2.arc,GameData\menu_personal002_2.arc,1282,5687650C,1310
share,GameData\patch\menu_personal004_2.arc,GameData\menu_personal004_2.arc,3906,43F24318,1693
share,GameData\patch\menu_shop001_2.arc,GameData\menu_shop001_2.arc,3314,35207C87,1150
share,GameData\patch\menu_shop005_2.arc,GameData\menu_shop005_2.arc,1378,0C9AF725,1150
share,GameData\patch\menu_sp001cloth1_2.arc,GameData\menu_sp001cloth1_2.arc,3314,31F028BF,1691
share,GameData\patch\menu_sp003cloth3_2.arc,GameData\menu_sp003cloth3_2.arc,9826,4C326B5D,1672
share,GameData\patch\menu_sp004cloth2_2.arc,GameData\menu_sp004cloth2_2.arc,3586,EC937EC6,1693
share,GameData\patch\menu_sp005cloth2_2.arc,GameData\menu_sp005cloth2_2.arc,3666,CDB7D350,1673
share,GameData\patch\menu_vac001.arc,GameData\menu_vac001.arc,317,11490F18,1640
share,GameData\patch\menu_vac001_2.arc,GameData\menu_vac001_2.arc,24162,C5F8DFA9,1640
share,GameData\patch\menu_vp001_2.arc,GameData\menu_vp001_2.arc,22178,56017FAF,1691
share,GameData\patch\menu_vr.arc,GameData\menu_vr.arc,3407,D3B43CF5,130
share,GameData\patch\menu_x001_2.arc,GameData\menu_x001_2.arc,4482,CAC61B00,1700
share,GameData\patch\menu_yomeido003_2.arc,GameData\menu_yomeido003_2.arc,1234,4D6F619D,1240
share,GameData\patch\menu_yomeidogp_wedding_2.arc,GameData\menu_yomeidogp_wedding_2.arc,3954,C251B12C,1320
share,GameData\patch\menu2.arc,GameData\menu2.arc,249437,B348C2CC,1713
share,GameData\patch\model_3d21reserve_2.arc,GameData\model_3d21reserve_2.arc,97321,682B7108,1691
share,GameData\patch\model_cas006_2.arc,GameData\model_cas006_2.arc,187503,5FECB9B3,1713
share,GameData\patch\model_cas031_2.arc,GameData\model_cas031_2.arc,1275040,257EA812,1673
share,GameData\patch\model_cas036_2.arc,GameData\model_cas036_2.arc,1489335,6E729DBD,1709
share,GameData\patch\model_cas056_2.arc,GameData\model_cas056_2.arc,118607,12631C7E,1680
share,GameData\patch\model_cas064_2.arc,GameData\model_cas064_2.arc,115977,2CAED863,1709
share,GameData\patch\model_cas084_2.arc,GameData\model_cas084_2.arc,799717,0FE9A23B,1693
share,GameData\patch\model_cas099_2.arc,GameData\model_cas099_2.arc,119969,D53949C8,1709
share,GameData\patch\model_cas113_2.arc,GameData\model_cas113_2.arc,474671,B252F0A2,1714
share,GameData\patch\model_com3d2cbp_2.arc,GameData\model_com3d2cbp_2.arc,186624,4DC6333D,1673
share,GameData\patch\model_cw001cloth1_2.arc,GameData\model_cw001cloth1_2.arc,107314,C52E5E4E,1681
share,GameData\patch\model_cw001cloth2_2.arc,GameData\model_cw001cloth2_2.arc,194657,F622B758,1673
share,GameData\patch\model_cw004cloth1_2.arc,GameData\model_cw004cloth1_2.arc,876986,21C7BD90,1701
share,GameData\patch\model_cw004cloth2_2.arc,GameData\model_cw004cloth2_2.arc,315112,C85E6F0F,1673
share,GameData\patch\model_cw004cloth3_2.arc,GameData\model_cw004cloth3_2.arc,392490,222D6E03,1714
share,GameData\patch\model_cw005cloth3_2.arc,GameData\model_cw005cloth3_2.arc,1787568,5851FA8F,1673
share,GameData\patch\model_cw005cloth4_2.arc,GameData\model_cw005cloth4_2.arc,797916,99503A91,1661
share,GameData\patch\model_cw007cloth1_2.arc,GameData\model_cw007cloth1_2.arc,702932,B1ACE3C1,1673
share,GameData\patch\model_denkigai2015s003_2.arc,GameData\model_denkigai2015s003_2.arc,394665,41A48185,1150
share,GameData\patch\model_denkigai2015wTowelR.arc,GameData\model_denkigai2015wTowelR.arc,38258,FB570A24,1360
share,GameData\patch\model_denkigai2016w_2.arc,GameData\model_denkigai2016w_2.arc,55330,157E15CF,1700
share,GameData\patch\model_denkigai2017s_2.arc,GameData\model_denkigai2017s_2.arc,462663,8917104A,1582
share,GameData\patch\model_denkigai2017w_2.arc,GameData\model_denkigai2017w_2.arc,939600,A16ABB12,1713
share,GameData\patch\model_denkigai2017wTshirt_2.arc,GameData\model_denkigai2017wTshirt_2.arc,293648,C0ABFC47,1674
share,GameData\patch\model_denkigai2019s_2.arc,GameData\model_denkigai2019s_2.arc,161179,BAFBA2FA,1691
share,GameData\patch\model_denkigai2019sTshirt_2.arc,GameData\model_denkigai2019sTshirt_2.arc,188041,2210617D,1680
share,GameData\patch\model_denkigai2020w_2.arc,GameData\model_denkigai2020w_2.arc,587840,0341A245,1705
share,GameData\patch\model_dlc004_2.arc,GameData\model_dlc004_2.arc,285465,562BF6E1,1700
share,GameData\patch\model_dlc005_2.arc,GameData\model_dlc005_2.arc,1056726,868455F2,1693
share,GameData\patch\model_dlc009_2.arc,GameData\model_dlc009_2.arc,49486,C34F426D,1709
share,GameData\patch\model_dlc015_2.arc,GameData\model_dlc015_2.arc,838535,61A4FE6B,1707
share,GameData\patch\model_dlc028_2.arc,GameData\model_dlc028_2.arc,1608203,DD69B2A2,1707
share,GameData\patch\model_dlc029_2.arc,GameData\model_dlc029_2.arc,422954,480FDAAF,1703
share,GameData\patch\model_dlc034_2.arc,GameData\model_dlc034_2.arc,215459,8DC01A47,1700
share,GameData\patch\model_dlc037_2.arc,GameData\model_dlc037_2.arc,38466,D6B5EEBC,1700
share,GameData\patch\model_dlc040_2.arc,GameData\model_dlc040_2.arc,286010,5EB9D24E,1700
share,GameData\patch\model_dlc042_2.arc,GameData\model_dlc042_2.arc,31458,3A6B72F6,1700
share,GameData\patch\model_dlc046_2.arc,GameData\model_dlc046_2.arc,4650987,89C2EC2D,1695
share,GameData\patch\model_dlc049_2.arc,GameData\model_dlc049_2.arc,1293953,3F7880CC,1714
share,GameData\patch\model_dlc073_2.arc,GameData\model_dlc073_2.arc,267037,47D33A06,1320
share,GameData\patch\model_dlc089_2.arc,GameData\model_dlc089_2.arc,123571,864E9111,1712
share,GameData\patch\model_dlc093_2.arc,GameData\model_dlc093_2.arc,480013,E13DFECC,1695
share,GameData\patch\model_dlc100_2.arc,GameData\model_dlc100_2.arc,691347,7C3D679D,1400
share,GameData\patch\model_dlc108_2.arc,GameData\model_dlc108_2.arc,548791,B33F0FE5,1695
share,GameData\patch\model_dlc109_2.arc,GameData\model_dlc109_2.arc,137998,8FCCF513,1460
share,GameData\patch\model_dlc126_2.arc,GameData\model_dlc126_2.arc,480713,A5D9E5F6,1701
share,GameData\patch\model_dlc134_2.arc,GameData\model_dlc134_2.arc,44306,74970F84,1700
share,GameData\patch\model_dlc139_2.arc,GameData\model_dlc139_2.arc,256344,0DBAAA90,1704
share,GameData\patch\model_dlc146_2.arc,GameData\model_dlc146_2.arc,603378,6A6A4D37,1700
share,GameData\patch\model_dlc150_2.arc,GameData\model_dlc150_2.arc,612679,AE5E65C9,1700
share,GameData\patch\model_dlc151_2.arc,GameData\model_dlc151_2.arc,213532,8C3C80C3,1520
share,GameData\patch\model_dlc154_2.arc,GameData\model_dlc154_2.arc,592473,747CD3BA,1704
share,GameData\patch\model_dlc166_2.arc,GameData\model_dlc166_2.arc,135727,51F3F8AB,1700
share,GameData\patch\model_dlc170_2.arc,GameData\model_dlc170_2.arc,536708,170F3493,1701
share,GameData\patch\model_dlc180_2.arc,GameData\model_dlc180_2.arc,782394,8DF14FAA,1709
share,GameData\patch\model_dlc182_2.arc,GameData\model_dlc182_2.arc,778404,8851D648,1712
share,GameData\patch\model_dlc183_2.arc,GameData\model_dlc183_2.arc,311722,A5ADEBFA,1712
share,GameData\patch\model_dlc191_2.arc,GameData\model_dlc191_2.arc,2167029,A26D66D3,1695
share,GameData\patch\model_dlc192_2.arc,GameData\model_dlc192_2.arc,206013,3FA5CBFD,1700
share,GameData\patch\model_dlc196_2.arc,GameData\model_dlc196_2.arc,735258,B553D8CC,1701
share,GameData\patch\model_dlc204_2.arc,GameData\model_dlc204_2.arc,587029,B36E0E24,1707
share,GameData\patch\model_dlc206_2.arc,GameData\model_dlc206_2.arc,645607,3578836D,1673
share,GameData\patch\model_dlc208_2.arc,GameData\model_dlc208_2.arc,725410,80DF97AC,1710
share,GameData\patch\model_dlc209_2.arc,GameData\model_dlc209_2.arc,1360811,72C67140,1610
share,GameData\patch\model_dlc211_2.arc,GameData\model_dlc211_2.arc,1667780,77406BC9,1705
share,GameData\patch\model_dlc213_2.arc,GameData\model_dlc213_2.arc,2542013,D5BD4479,1714
share,GameData\patch\model_dlc256_2.arc,GameData\model_dlc256_2.arc,434902,AC96EDE7,1673
share,GameData\patch\model_dlc267_2.arc,GameData\model_dlc267_2.arc,506888,4758395D,1673
share,GameData\patch\model_dlc268_2.arc,GameData\model_dlc268_2.arc,463350,1F545CEE,1650
share,GameData\patch\model_dlc278_2.arc,GameData\model_dlc278_2.arc,944175,D859BA41,1651
share,GameData\patch\model_dlc283_2.arc,GameData\model_dlc283_2.arc,212022,6658BAFF,1673
share,GameData\patch\model_dlc284_2.arc,GameData\model_dlc284_2.arc,532360,049DC38B,1695
share,GameData\patch\model_dlc285_2.arc,GameData\model_dlc285_2.arc,228222,3CAEB711,1681
share,GameData\patch\model_dlc286_2.arc,GameData\model_dlc286_2.arc,73886,A3DC40BE,1680
share,GameData\patch\model_dlc301_2.arc,GameData\model_dlc301_2.arc,2770802,FC56BD36,1711
share,GameData\patch\model_dlc302_2.arc,GameData\model_dlc302_2.arc,1975498,7F93CFBD,1673
share,GameData\patch\model_dlc303_2.arc,GameData\model_dlc303_2.arc,2689842,AC3B4D66,1673
share,GameData\patch\model_dlc304_2.arc,GameData\model_dlc304_2.arc,2557508,A0A84D30,1711
share,GameData\patch\model_dlc314_2.arc,GameData\model_dlc314_2.arc,102779,FAAA5FC9,1694
share,GameData\patch\model_dlc326_2.arc,GameData\model_dlc326_2.arc,414816,3627573F,1700
share,GameData\patch\model_dlc330_2.arc,GameData\model_dlc330_2.arc,1413403,92E3085E,1673
share,GameData\patch\model_dlc331_2.arc,GameData\model_dlc331_2.arc,382339,7535D433,1691
share,GameData\patch\model_dlc334_2.arc,GameData\model_dlc334_2.arc,95277,59FC66FC,1711
share,GameData\patch\model_dlc345_2.arc,GameData\model_dlc345_2.arc,305826,0FD82634,1711
share,GameData\patch\model_dlc351_2.arc,GameData\model_dlc351_2.arc,413320,A3A5DB8E,1681
share,GameData\patch\model_dlc353_2.arc,GameData\model_dlc353_2.arc,964407,DB9B8FA4,1673
share,GameData\patch\model_dlc356_2.arc,GameData\model_dlc356_2.arc,1144913,B1A02CF9,1673
share,GameData\patch\model_dlc357_2.arc,GameData\model_dlc357_2.arc,4511946,3D1CDF76,1673
share,GameData\patch\model_dlc358_2.arc,GameData\model_dlc358_2.arc,4341633,D9163415,1673
share,GameData\patch\model_dlc359_2.arc,GameData\model_dlc359_2.arc,1530334,2F02195C,1673
share,GameData\patch\model_dlc360_2.arc,GameData\model_dlc360_2.arc,23714,7C145E45,1680
share,GameData\patch\model_dlc361_2.arc,GameData\model_dlc361_2.arc,2330878,71265BA2,1705
share,GameData\patch\model_dlc362_2.arc,GameData\model_dlc362_2.arc,624379,447A4556,1673
share,GameData\patch\model_dlc363_2.arc,GameData\model_dlc363_2.arc,858107,39F745BC,1673
share,GameData\patch\model_dlc367_2.arc,GameData\model_dlc367_2.arc,58994,4024DDE9,1673
share,GameData\patch\model_dlc368_2.arc,GameData\model_dlc368_2.arc,90479,8CC752F9,1691
share,GameData\patch\model_dlc375_2.arc,GameData\model_dlc375_2.arc,500696,59515BDE,1713
share,GameData\patch\model_dlc376_2.arc,GameData\model_dlc376_2.arc,236654,FACBF978,1680
share,GameData\patch\model_dlc386_2.arc,GameData\model_dlc386_2.arc,1888319,67E72AB1,1680
share,GameData\patch\model_dlc389_2.arc,GameData\model_dlc389_2.arc,1838431,BE165C26,1680
share,GameData\patch\model_dlc392_2.arc,GameData\model_dlc392_2.arc,1183842,3E471248,1693
share,GameData\patch\model_dlc394_2.arc,GameData\model_dlc394_2.arc,2128670,706A4A3B,1680
share,GameData\patch\model_dlc395_2.arc,GameData\model_dlc395_2.arc,511319,E5B0E542,1680
share,GameData\patch\model_dlc396_2.arc,GameData\model_dlc396_2.arc,1604124,578E77AD,1701
share,GameData\patch\model_dlc397_2.arc,GameData\model_dlc397_2.arc,2657340,F0DC461B,1680
share,GameData\patch\model_dlc412_2.arc,GameData\model_dlc412_2.arc,236630,17161F9C,1691
share,GameData\patch\model_dlc423_2.arc,GameData\model_dlc423_2.arc,243350,94469F2C,1702
share,GameData\patch\model_dlc427_2.arc,GameData\model_dlc427_2.arc,600586,7CED21DC,1695
share,GameData\patch\model_dlc436_2.arc,GameData\model_dlc436_2.arc,223044,CD18EBF4,1693
share,GameData\patch\model_dlc437_2.arc,GameData\model_dlc437_2.arc,487670,9F92E91D,1701
share,GameData\patch\model_dlc442_2.arc,GameData\model_dlc442_2.arc,440085,016F78C4,1695
share,GameData\patch\model_dlc444_2.arc,GameData\model_dlc444_2.arc,361781,26EC151D,1707
share,GameData\patch\model_dlc451_2.arc,GameData\model_dlc451_2.arc,537128,294D7840,1701
share,GameData\patch\model_dlc454_2.arc,GameData\model_dlc454_2.arc,305477,3C5B484C,1707
share,GameData\patch\model_dlc466_2.arc,GameData\model_dlc466_2.arc,220212,079C3F8B,1704
share,GameData\patch\model_dlc475_2.arc,GameData\model_dlc475_2.arc,1346312,4FF6E0E7,1709
share,GameData\patch\model_dlc477_2.arc,GameData\model_dlc477_2.arc,373498,A6DC190B,1704
share,GameData\patch\model_dlc479_2.arc,GameData\model_dlc479_2.arc,519307,21162246,1705
share,GameData\patch\model_dlc481_2.arc,GameData\model_dlc481_2.arc,136727,34D702AE,1707
share,GameData\patch\model_dlc482_2.arc,GameData\model_dlc482_2.arc,71140,A2E0B7E9,1712
share,GameData\patch\model_dlc490_2.arc,GameData\model_dlc490_2.arc,276916,BA5686FF,1713
share,GameData\patch\model_dlc491_2.arc,GameData\model_dlc491_2.arc,470878,5763577F,1712
share,GameData\patch\model_dlcdenkigai2016w_2.arc,GameData\model_dlcdenkigai2016w_2.arc,55330,E3C7479D,1700
share,GameData\patch\model_dlcdenkigai2017s_2.arc,GameData\model_dlcdenkigai2017s_2.arc,462667,9F0C3D54,1582
share,GameData\patch\model_dlcdenkigai2017w_2.arc,GameData\model_dlcdenkigai2017w_2.arc,939629,3656E10F,1713
share,GameData\patch\model_dlcdenkigai2019s_2.arc,GameData\model_dlcdenkigai2019s_2.arc,161184,75ECD4CA,1691
share,GameData\patch\model_dlsite_2.arc,GameData\model_dlsite_2.arc,1805566,01B92BA3,1700
share,GameData\patch\model_kissevent2017march_2.arc,GameData\model_kissevent2017march_2.arc,2128743,A7BC1C9A,1714
share,GameData\patch\model_magazine003_2.arc,GameData\model_magazine003_2.arc,2063765,4EEFED4C,1695
share,GameData\patch\model_oldplus002hair1_2.arc,GameData\model_oldplus002hair1_2.arc,184829,2DAE518E,1673
share,GameData\patch\model_oldplus004hair1_2.arc,GameData\model_oldplus004hair1_2.arc,1514942,A6F62CED,1703
share,GameData\patch\model_oldplus009cloth_2.arc,GameData\model_oldplus009cloth_2.arc,1864338,851C2BDB,1693
share,GameData\patch\model_oldplus010hair1_2.arc,GameData\model_oldplus010hair1_2.arc,1110706,205C2EE8,1712
share,GameData\patch\model_personal_om008_2.arc,GameData\model_personal_om008_2.arc,219850,C445C67C,1680
share,GameData\patch\model_personal004_2.arc,GameData\model_personal004_2.arc,239957,612D60C1,1681
share,GameData\patch\model_pp002_2.arc,GameData\model_pp002_2.arc,25586,6BC54342,1673
share,GameData\patch\model_shop001_2.arc,GameData\model_shop001_2.arc,115215,9C941FAF,1150
share,GameData\patch\model_shop002_2.arc,GameData\model_shop002_2.arc,251253,743C3D97,1150
share,GameData\patch\model_shop003_2.arc,GameData\model_shop003_2.arc,185433,A15EC70A,1150
share,GameData\patch\model_shop005_2.arc,GameData\model_shop005_2.arc,150103,FB5341FA,1150
share,GameData\patch\model_shop007_2.arc,GameData\model_shop007_2.arc,288759,80615CBD,1150
share,GameData\patch\model_sp001cloth1_2.arc,GameData\model_sp001cloth1_2.arc,57746,E9F326F1,1691
share,GameData\patch\model_sp002cloth2_2.arc,GameData\model_sp002cloth2_2.arc,1816544,0767F20F,1672
share,GameData\patch\model_sp003cloth3_2.arc,GameData\model_sp003cloth3_2.arc,2950224,4B3AAFE9,1672
share,GameData\patch\model_sp005cloth2_2.arc,GameData\model_sp005cloth2_2.arc,300283,8FA9F82B,1673
share,GameData\patch\model_vp001_2.arc,GameData\model_vp001_2.arc,647949,3A47B5A0,1691
share,GameData\patch\model_vr.arc,GameData\model_vr.arc,866449,B84B7620,130
share,GameData\patch\model_x001plus_2.arc,GameData\model_x001plus_2.arc,475922,3208B986,1711
share,GameData\patch\model2.arc,GameData\model2.arc,19528098,75965283,1714
share,GameData\patch\paths.dat,GameData\paths.dat,14481,76B7AA52,1790
share,GameData\patch\prioritymaterial.arc,GameData\prioritymaterial.arc,420049,6C5F97FE,1790
share,GameData\patch\script_share_vrcom_2.arc,GameData\script_share_vrcom_2.arc,34850,FAC1DDAC,1560
share,GameData\patch\sound2.arc,GameData\sound2.arc,12751123,D3C5ED01,1490
share,GameData\patch\texture_addpose001.arc,GameData\texture_addpose001.arc,23943,1D529A44,1220
share,GameData\patch\texture_cas036_2.arc,GameData\texture_cas036_2.arc,13921021,F351949B,1703
share,GameData\patch\texture_cas113_2.arc,GameData\texture_cas113_2.arc,46625568,DA17DB22,1714
share,GameData\patch\texture_cr002_2.arc,GameData\texture_cr002_2.arc,6402,370E3B9E,1680
share,GameData\patch\texture_cw005cloth4_2.arc,GameData\texture_cw005cloth4_2.arc,91545191,1DE51460,1661
share,GameData\patch\texture_denkigai2015wTowelR.arc,GameData\texture_denkigai2015wTowelR.arc,133065,FE4BDC34,1360
share,GameData\patch\texture_denkigai2016w_2.arc,GameData\texture_denkigai2016w_2.arc,10105247,3B4641C3,1450
share,GameData\patch\texture_dlc004_2.arc,GameData\texture_dlc004_2.arc,4805734,C8E5CFB4,1200
share,GameData\patch\texture_dlc046_2.arc,GameData\texture_dlc046_2.arc,596960,FC606BA5,1220
share,GameData\patch\texture_dlc107_2.arc,GameData\texture_dlc107_2.arc,913018,88EAC715,1590
share,GameData\patch\texture_dlc121_2.arc,GameData\texture_dlc121_2.arc,1276165,72A24D1E,1673
share,GameData\patch\texture_dlc183_2.arc,GameData\texture_dlc183_2.arc,27113252,3EBC9B13,1712
share,GameData\patch\texture_dlc205_2.arc,GameData\texture_dlc205_2.arc,71995,709036D0,1704
share,GameData\patch\texture_dlc249_2.arc,GameData\texture_dlc249_2.arc,12600750,1A053818,1707
share,GameData\patch\texture_dlc267_2.arc,GameData\texture_dlc267_2.arc,2311226,F39D6830,1650
share,GameData\patch\texture_dlc279_2.arc,GameData\texture_dlc279_2.arc,6149999,3FE86171,1650
share,GameData\patch\texture_dlc356_2.arc,GameData\texture_dlc356_2.arc,54635001,3E70ED43,1674
share,GameData\patch\texture_dlc357_2.arc,GameData\texture_dlc357_2.arc,42210965,78465BE6,1674
share,GameData\patch\texture_dlc358_2.arc,GameData\texture_dlc358_2.arc,33834979,13781722,1673
share,GameData\patch\texture_dlc359_2.arc,GameData\texture_dlc359_2.arc,104915998,0608F8F7,1674
share,GameData\patch\texture_dlc375_2.arc,GameData\texture_dlc375_2.arc,26574746,CF488AC2,1713
share,GameData\patch\texture_dlc377_2.arc,GameData\texture_dlc377_2.arc,2633057,26D05E58,1714
share,GameData\patch\texture_dlc405_2.arc,GameData\texture_dlc405_2.arc,4522596,88C6BA04,1702
share,GameData\patch\texture_dlc437_2.arc,GameData\texture_dlc437_2.arc,21879700,33F6A0A2,1701
share,GameData\patch\texture_dlc475_2.arc,GameData\texture_dlc475_2.arc,12536415,52B32AF3,1709
share,GameData\patch\texture_dlcdenkigai2016w_2.arc,GameData\texture_dlcdenkigai2016w_2.arc,10105332,90868016,1450
share,GameData\patch\texture_kissevent2017march.arc,GameData\texture_kissevent2017march.arc,281,FF4EEB9B,1522
share,GameData\patch\texture_kissevent2017march_2.arc,GameData\texture_kissevent2017march_2.arc,79432604,C7DD457A,1631
share,GameData\patch\texture_magazine003_2.arc,GameData\texture_magazine003_2.arc,56853288,18ADF07A,1700
share,GameData\patch\texture_vac001_2.arc,GameData\texture_vac001_2.arc,1265168,4979EB36,1673
share,GameData\patch\texture_vp001_2.arc,GameData\texture_vp001_2.arc,755269,18D5027D,1400
share,GameData\patch\texture_vr.arc,GameData\texture_vr.arc,1111256,DF651968,130
share,GameData\patch\texture_yomeido003_2.arc,GameData\texture_yomeido003_2.arc,117248,0EE72B42,1240
share,GameData\patch\texture_yomeidokanteidan2_godmaid_2.arc,GameData\texture_yomeidokanteidan2_godmaid_2.arc,8610,1B1349B1,1673
share,GameData\patch\texture2.arc,GameData\texture2.arc,748712227,393809F6,1130
share,GameData\patch\texture3.arc,GameData\texture3.arc,19048400,BEBD686F,1681
share,PhotoModeData\Mod\Motion\readme.txt,PhotoModeData\Mod\Motion\readme.txt,146,3BF5AF4D,1220
share,Preset\8_ren_1_yosiko.preset,Preset\8_ren_1_yosiko.preset,55432,D54FD70C,1220
share,Preset\8_ren_2_ayumi.preset,Preset\8_ren_2_ayumi.preset,51097,3C44F9DB,1220
share,Preset\8_ren_3_sakura.preset,Preset\8_ren_3_sakura.preset,52635,33F54D90,1220
share,Preset\8_ren_4_ai.preset,Preset\8_ren_4_ai.preset,46819,9B6E5960,1220
