0,COM3D2.exe,6369280,65EB5029
0,COM3D2x64.exe,22841856,A9562BF9
0,LICENSE,27762,E50DA863
0,setup.ini,150,78095DD6
0,uninst.exe,901120,459D2E02
0,COM3D2x64_Data\app.info,27,F9A266E7
0,COM3D2x64_Data\globalgamemanagers,3806348,99049CD0
0,COM3D2x64_Data\globalgamemanagers.assets,202828,6672EF5D
0,COM3D2x64_Data\level0,180580,BB548BA1
0,COM3D2x64_Data\level1,197228,DB454AEC
0,COM3D2x64_Data\level10,205540,34A22D59
0,COM3D2x64_Data\level11,181092,94002DE6
0,COM3D2x64_Data\level12,245812,9E6D0C1F
0,COM3D2x64_Data\level13,181572,6BAD5429
0,COM3D2x64_Data\level14,626972,CC81D904
0,COM3D2x64_Data\level15,6948,4B142A6A
0,COM3D2x64_Data\level16,183036,4AFAB0C0
0,COM3D2x64_Data\level17,4664,A9F4C0E2
0,COM3D2x64_Data\level18,199724,0E3C0146
0,COM3D2x64_Data\level19,187948,57261E5D
0,COM3D2x64_Data\level2,198604,F5FB871B
0,COM3D2x64_Data\level20,797716,439731AE
0,COM3D2x64_Data\level21,270844,702B02DD
0,COM3D2x64_Data\level22,927372,C2325AFA
0,COM3D2x64_Data\level23,260404,648DDAB9
0,COM3D2x64_Data\level24,457196,62FBEB5D
0,COM3D2x64_Data\level25,203060,B3C1EF9E
0,COM3D2x64_Data\level26,643364,54E78FFD
0,COM3D2x64_Data\level27,1700764,B2AEBB95
0,COM3D2x64_Data\level28,957380,D0CDAF6B
0,COM3D2x64_Data\level29,203060,9664325E
0,COM3D2x64_Data\level3,976340,65E9F14E
0,COM3D2x64_Data\level30,586692,F3D9E99D
0,COM3D2x64_Data\level31,833548,09154E38
0,COM3D2x64_Data\level32,930676,00B38F6C
0,COM3D2x64_Data\level33,195684,870D0086
0,COM3D2x64_Data\level34,543404,96859F81
0,COM3D2x64_Data\level35,804956,AE669858
0,COM3D2x64_Data\level36,537020,C9D3BBB9
0,COM3D2x64_Data\level37,684876,524CAFB6
0,COM3D2x64_Data\level38,302732,D48C388F
0,COM3D2x64_Data\level39,27904,3A2DA04B
0,COM3D2x64_Data\level39.resS,131232,740D6D28
0,COM3D2x64_Data\level4,1055220,8EE5C76F
0,COM3D2x64_Data\level40,51676,CD72BE10
0,COM3D2x64_Data\level41,56036,E9EDADEE
0,COM3D2x64_Data\level42,6656,F2C5D58F
0,COM3D2x64_Data\level43,181476,FA4960B5
0,COM3D2x64_Data\level44,1418676,671FDB42
0,COM3D2x64_Data\level45,1275308,E1C64298
0,COM3D2x64_Data\level46,1296908,EFC43292
0,COM3D2x64_Data\level47,279772,173D08BC
0,COM3D2x64_Data\level48,239260,DDF43A0F
0,COM3D2x64_Data\level49,265556,8A4AB6B8
0,COM3D2x64_Data\level5,1008204,B372F893
0,COM3D2x64_Data\level50,1192140,9E599CB6
0,COM3D2x64_Data\level51,1256612,6AC3BE15
0,COM3D2x64_Data\level52,1382020,4348E3F3
0,COM3D2x64_Data\level53,269108,4ED02D28
0,COM3D2x64_Data\level54,233172,700E2C7E
0,COM3D2x64_Data\level55,294364,8D0E92BE
0,COM3D2x64_Data\level56,250796,BF28F51C
0,COM3D2x64_Data\level57,1217060,6A1DF745
0,COM3D2x64_Data\level58,234556,E0B08FEE
0,COM3D2x64_Data\level59,480964,B0000847
0,COM3D2x64_Data\level6,181564,BBD331E2
0,COM3D2x64_Data\level60,365092,1C44757D
0,COM3D2x64_Data\level61,203372,38A74481
0,COM3D2x64_Data\level62,1119020,1814C093
0,COM3D2x64_Data\level63,869636,C31B4671
0,COM3D2x64_Data\level64,876924,7482747F
0,COM3D2x64_Data\level65,1119020,9C741E33
0,COM3D2x64_Data\level66,999620,61CE2B32
0,COM3D2x64_Data\level67,788188,29C5724B
0,COM3D2x64_Data\level68,1074588,AAD83DF7
0,COM3D2x64_Data\level69,1175588,225072D1
0,COM3D2x64_Data\level7,733268,EEF6EF08
0,COM3D2x64_Data\level70,536436,5693C21F
0,COM3D2x64_Data\level71,760412,C45C0B2B
0,COM3D2x64_Data\level8,211540,81E0C2A7
0,COM3D2x64_Data\level9,268820,9EADFDA4
0,COM3D2x64_Data\resources.assets,373549680,98C0D551
0,COM3D2x64_Data\resources.assets.resS,1591267532,BCE04EDE
0,COM3D2x64_Data\resources.resource,692096,84F04AA0
0,COM3D2x64_Data\sharedassets0.assets,115224544,B0BC782B
0,COM3D2x64_Data\sharedassets0.assets.resS,121728032,8555D8D4
0,COM3D2x64_Data\sharedassets1.assets,6136,04FA4B4A
0,COM3D2x64_Data\sharedassets10.assets,6004,E09CDE67
0,COM3D2x64_Data\sharedassets11.assets,5980,DB4E3538
0,COM3D2x64_Data\sharedassets12.assets,6220,57375190
0,COM3D2x64_Data\sharedassets13.assets,6004,185CD273
0,COM3D2x64_Data\sharedassets14.assets,6604,6A882F65
0,COM3D2x64_Data\sharedassets15.assets,4540,A9430B3C
0,COM3D2x64_Data\sharedassets16.assets,6040,52C3ABBD
0,COM3D2x64_Data\sharedassets17.assets,4132,B61816BE
0,COM3D2x64_Data\sharedassets18.assets,6760,19FD9261
0,COM3D2x64_Data\sharedassets19.assets,6112,E6AF5DED
0,COM3D2x64_Data\sharedassets2.assets,6196,831EAA26
0,COM3D2x64_Data\sharedassets20.assets,12232,CFB00787
0,COM3D2x64_Data\sharedassets21.assets,6460,1A89080A
0,COM3D2x64_Data\sharedassets22.assets,12460,6ED3F20E
0,COM3D2x64_Data\sharedassets23.assets,6220,EF2C50D8
0,COM3D2x64_Data\sharedassets24.assets,6280,F1A69103
0,COM3D2x64_Data\sharedassets25.assets,6076,87CE63E2
0,COM3D2x64_Data\sharedassets26.assets,215068,3757E0F9
0,COM3D2x64_Data\sharedassets27.assets,6928,194481C7
0,COM3D2x64_Data\sharedassets28.assets,12436,87C1AA18
0,COM3D2x64_Data\sharedassets29.assets,6076,980D17BB
0,COM3D2x64_Data\sharedassets3.assets,7720,0D6CB406
0,COM3D2x64_Data\sharedassets30.assets,1320732,C19942B6
0,COM3D2x64_Data\sharedassets31.assets,8500,73BFD35E
0,COM3D2x64_Data\sharedassets32.assets,12436,87C1AA18
0,COM3D2x64_Data\sharedassets33.assets,6004,72652DCF
0,COM3D2x64_Data\sharedassets34.assets,38183308,DC213FEE
0,COM3D2x64_Data\sharedassets35.assets,7792,0027DDDA
0,COM3D2x64_Data\sharedassets36.assets,13346004,1C0A4352
0,COM3D2x64_Data\sharedassets37.assets,6220,A54E6677
0,COM3D2x64_Data\sharedassets38.assets,18126752,E74B48BE
0,COM3D2x64_Data\sharedassets39.assets,12328,7EF5466E
0,COM3D2x64_Data\sharedassets4.assets,12688,C43881D3
0,COM3D2x64_Data\sharedassets40.assets,4420,0CFCFE41
0,COM3D2x64_Data\sharedassets41.assets,4324,C4914BD7
0,COM3D2x64_Data\sharedassets42.assets,4264,68DF52D3
0,COM3D2x64_Data\sharedassets43.assets,6016,CF1D2ABD
0,COM3D2x64_Data\sharedassets44.assets,12232,D82578A8
0,COM3D2x64_Data\sharedassets45.assets,12232,55711FEB
0,COM3D2x64_Data\sharedassets46.assets,12232,26E226F7
0,COM3D2x64_Data\sharedassets47.assets,6940,51A2164F
0,COM3D2x64_Data\sharedassets48.assets,6844,177BF91E
0,COM3D2x64_Data\sharedassets49.assets,7096,B2F9F446
0,COM3D2x64_Data\sharedassets5.assets,7024,7025C9E8
0,COM3D2x64_Data\sharedassets50.assets,9124,34DA46C3
0,COM3D2x64_Data\sharedassets51.assets,9232,A09972B8
0,COM3D2x64_Data\sharedassets52.assets,9220,130CCC05
0,COM3D2x64_Data\sharedassets53.assets,8320,A1CC0844
0,COM3D2x64_Data\sharedassets54.assets,6424,8EAE003D
0,COM3D2x64_Data\sharedassets55.assets,8044,DEB1AFB7
0,COM3D2x64_Data\sharedassets56.assets,792524,8C4720C0
0,COM3D2x64_Data\sharedassets56.assets.resS,6506584,427886ED
0,COM3D2x64_Data\sharedassets57.assets,12232,5A330579
0,COM3D2x64_Data\sharedassets58.assets,6484,F64FEA71
0,COM3D2x64_Data\sharedassets59.assets,6640,94A50450
0,COM3D2x64_Data\sharedassets6.assets,6004,8C72261C
0,COM3D2x64_Data\sharedassets60.assets,6448,F6C43F2A
0,COM3D2x64_Data\sharedassets61.assets,6004,8E2054B9
0,COM3D2x64_Data\sharedassets62.assets,12316,9C4B939A
0,COM3D2x64_Data\sharedassets63.assets,9016,FE943EDD
0,COM3D2x64_Data\sharedassets64.assets,9052,56F1C866
0,COM3D2x64_Data\sharedassets65.assets,12316,9C4B939A
0,COM3D2x64_Data\sharedassets66.assets,9256,3C9A6BA9
0,COM3D2x64_Data\sharedassets67.assets,9052,56F1C866
0,COM3D2x64_Data\sharedassets68.assets,9196,DD7CDCF7
0,COM3D2x64_Data\sharedassets69.assets,9232,A09972B8
0,COM3D2x64_Data\sharedassets7.assets,6808,E9762D8A
0,COM3D2x64_Data\sharedassets70.assets,6556,6F89C9F5
0,COM3D2x64_Data\sharedassets71.assets,9220,130CCC05
0,COM3D2x64_Data\sharedassets8.assets,6088,06B2383B
0,COM3D2x64_Data\sharedassets9.assets,6904,4D64DF92
0,COM3D2x64_Data\Managed\Accessibility.dll,10752,5CB31E4E
0,COM3D2x64_Data\Managed\Assembly-CSharp-firstpass.dll,781824,AC578992
0,COM3D2x64_Data\Managed\Assembly-CSharp.dll,4339712,C48E3808
0,COM3D2x64_Data\Managed\Assembly-UnityScript-firstpass.dll,65024,22FB3219
0,COM3D2x64_Data\Managed\Boo.Lang.dll,126976,28383F70
0,COM3D2x64_Data\Managed\BouncyCastle.Crypto.dll,2236416,5A4C4F07
0,COM3D2x64_Data\Managed\FoveUnityPlugin.dll,28672,A6EA882B
0,COM3D2x64_Data\Managed\Ionic.Zlib.dll,102400,7C9E7DD2
0,COM3D2x64_Data\Managed\JsonFx.Json.dll,70144,A0F0CFCB
0,COM3D2x64_Data\Managed\LeapCSharp.NET3.5.dll,82432,38E38212
0,COM3D2x64_Data\Managed\Mono.Data.Tds.dll,96256,2965324B
0,COM3D2x64_Data\Managed\Mono.Posix.dll,184320,0CE35BE3
0,COM3D2x64_Data\Managed\Mono.Security.dll,294912,66EB9979
0,COM3D2x64_Data\Managed\Mono.WebBrowser.dll,172032,137B736F
0,COM3D2x64_Data\Managed\mscorlib.dll,2590208,5166389B
0,COM3D2x64_Data\Managed\Newtonsoft.Json.dll,494592,5C881B73
0,COM3D2x64_Data\Managed\System.Configuration.dll,124928,72952344
0,COM3D2x64_Data\Managed\System.Core.dll,297472,9E3EE5D7
0,COM3D2x64_Data\Managed\System.Data.dll,856064,DDDB80CD
0,COM3D2x64_Data\Managed\System.dll,1679360,13922617
0,COM3D2x64_Data\Managed\System.Drawing.Design.dll,29696,E7B53FF9
0,COM3D2x64_Data\Managed\System.Drawing.dll,448512,C4B2E872
0,COM3D2x64_Data\Managed\System.EnterpriseServices.dll,46592,2C72A9FE
0,COM3D2x64_Data\Managed\System.Security.dll,135168,1CE94C57
0,COM3D2x64_Data\Managed\System.Transactions.dll,27648,45299FCF
0,COM3D2x64_Data\Managed\System.Windows.Forms.dll,3053568,56394001
0,COM3D2x64_Data\Managed\System.Xml.dll,1270272,4581A35B
0,COM3D2x64_Data\Managed\System.Xml.Linq.dll,106496,E844371C
0,COM3D2x64_Data\Managed\UnityEngine.dll,1393152,2C35388C
0,COM3D2x64_Data\Managed\UnityEngine.dll.mdb,449828,8610375E
0,COM3D2x64_Data\Managed\UnityEngine.Networking.dll,253952,2BDF701F
0,COM3D2x64_Data\Managed\UnityEngine.UI.dll,245760,FA552B2D
0,COM3D2x64_Data\Managed\UnityEngine.VR.dll,3072,A4582CD6
0,COM3D2x64_Data\Managed\UnityScript.Lang.dll,13824,0DA8F681
0,COM3D2x64_Data\Managed\zxing.unity.dll,430592,9FD1F198
0,COM3D2x64_Data\Mono\mono.dll,2618816,0BEA8C0F
0,COM3D2x64_Data\Mono\MonoPosixHelper.dll,113664,9B5E1E4D
0,COM3D2x64_Data\Mono\etc\mono\browscap.ini,311984,CE6C0AB3
0,COM3D2x64_Data\Mono\etc\mono\config,1691,A635914A
0,COM3D2x64_Data\Mono\etc\mono\1.0\DefaultWsdlHelpGenerator.aspx,58196,10E814BF
0,COM3D2x64_Data\Mono\etc\mono\1.0\machine.config,17258,EDE1AC59
0,COM3D2x64_Data\Mono\etc\mono\2.0\DefaultWsdlHelpGenerator.aspx,60453,F3869A34
0,COM3D2x64_Data\Mono\etc\mono\2.0\machine.config,27625,73C91C24
0,COM3D2x64_Data\Mono\etc\mono\2.0\settings.map,2618,A1A3C29F
0,COM3D2x64_Data\Mono\etc\mono\2.0\web.config,11686,534A9960
0,COM3D2x64_Data\Mono\etc\mono\2.0\Browsers\Compat.browser,1605,2E178A0B
0,COM3D2x64_Data\Mono\etc\mono\mconfig\config.xml,25817,80B2033A
0,COM3D2x64_Data\Plugins\AVProVideo.dll,813056,60B54FA5
0,COM3D2x64_Data\Plugins\clothpp.dll,112128,7C3264A4
0,COM3D2x64_Data\Plugins\cm3d2.dll,2151936,48625657
0,COM3D2x64_Data\Plugins\device_hook.dll,731136,8E59B7A5
0,COM3D2x64_Data\Plugins\FoveClient.dll,1849384,58C8B4F6
0,COM3D2x64_Data\Plugins\LeapC.dll,2516992,FBDD3767
0,COM3D2x64_Data\Plugins\openvr_api.dll,318272,44432E0F
0,COM3D2x64_Data\Plugins\OVRGamepad.dll,12800,2C526135
0,COM3D2x64_Data\Plugins\OVRPlugin.dll,1898408,5DD05B6C
0,COM3D2x64_Data\Resources\unity default resources,752360,71DB1AEA
0,COM3D2x64_Data\Resources\unity_builtin_extra,284012,91145F7F
0,GameData\csv.arc,2601423,D19D9361
0,GameData\csv_legacy.arc,850,4C95FB24
0,GameData\motion.arc.bz2,2432450301,E76FFF4C
0,GameData\parts.arc,2934048880,A69E90F3
0,GameData\paths.dat,145,E7D0EEDD
0,GameData\prioritymaterial.arc,261604,A405EF6C
0,GameData\script.arc,17810974,D2CC28B5
0,GameData\sound.arc,157041046,4AB91693
0,GameData\system.arc,89879595,18F443F9
0,GameData\movie\BLD_LS.ine,22791913,AB3137E0
0,GameData\movie\BLD_T.ine,22602251,DCBA4B10
0,GameData\movie\DDF_LS.ine,38076300,A0B80FCC
0,GameData\movie\DDF_T.ine,37916793,A360A97A
0,GameData\movie\ETY_LS.ine,15507482,23F7FF67
0,GameData\movie\ETY_T.ine,15333219,D33B61AC
0,GameData\movie\KAD_LS.ine,41471254,0F866C62
0,GameData\movie\KAD_T.ine,20761455,5A501651
0,GameData\movie\KNT_LS.ine,43946866,73DBB004
0,GameData\movie\KNT_T.ine,45111647,5E002634
0,GameData\movie\LUM_LS.ine,22789367,FFBB3BA0
0,GameData\movie\LUM_T.ine,22658036,A92D689E
0,GameData\movie\MOE_LS.ine,27993876,2871241B
0,GameData\movie\MOE_LS2.ine,21382992,D31B1EF4
0,GameData\movie\MOE_T.ine,21321165,ED788866
0,GameData\movie\NMF_LS.ine,24424370,753A82D7
0,GameData\movie\NMF_T.ine,24114474,20F5ECB0
0,GameData\movie\RTY_LS.ine,37327982,6ABD85C2
0,GameData\movie\RTY_T.ine,41743328,0F91FFA2
0,GameData\movie\SCL_LS.ine,41342935,3F70863C
0,GameData\movie\SCL_T.ine,45170891,31403817
0,manual\favicon.ico,370070,687492C6
0,manual\index.html,69700,5B0DFF1D
0,manual\css\close.png,1250,304A1D8C
0,manual\css\common.css,3409,BA5B06EB
0,manual\css\index.css,6140,A6E45C12
0,manual\css\lightbox.css,3674,9235D408
0,manual\css\loading.gif,1279,72456323
0,manual\css\next.png,1682,E0895D01
0,manual\css\prev.png,1666,12F2027E
0,manual\img\casino01.jpg,272694,C6FE6781
0,manual\img\clubstatus.jpg,36546,DAA11F1D
0,manual\img\com3d2_logo.png,100187,28605834
0,manual\img\comp01.jpg,54909,F2AE5CE1
0,manual\img\comp02.jpg,87599,493340A0
0,manual\img\config.jpg,156802,1871EF55
0,manual\img\dance01.jpg,305648,B87D0340
0,manual\img\dance02.jpg,345535,27BEFAE3
0,manual\img\edit01.jpg,312602,CB3E64D0
0,manual\img\edit02.jpg,278318,878B2857
0,manual\img\event01.jpg,194983,E4E03D42
0,manual\img\facilitysetting01.jpg,338947,40D2A7D3
0,manual\img\facilitysetting02.jpg,185709,12E0C653
0,manual\img\facilitysetting03.jpg,267150,D08D54B7
0,manual\img\kashizuki01.jpg,210954,8E6084EA
0,manual\img\kashizuki02.jpg,209895,BD363567
0,manual\img\kashizuki03.jpg,215560,D28EDBD6
0,manual\img\kiss_logo.png,6459,7966A6E9
0,manual\img\maidmanagement01.jpg,242517,21B3E491
0,manual\img\maidmanagement02.jpg,140237,945D483D
0,manual\img\maidmanagement03.jpg,208300,B7C8F3CD
0,manual\img\mainmenu01.jpg,162713,F925FDAB
0,manual\img\mainmenu02.jpg,193956,4C7EF1A8
0,manual\img\myroom.jpg,225108,398BA2D8
0,manual\img\myroom.psd,1301284,E3472053
0,manual\img\reminiscence01.jpg,236014,B0302E74
0,manual\img\schedule01.jpg,198475,6AD2FF8C
0,manual\img\schedule02.jpg,240595,AE23B15D
0,manual\img\shitsu_mode.jpg,166109,966737E0
0,manual\img\shop.jpg,216722,67700EE6
0,manual\img\studio.jpg,328576,FC7FDE83
0,manual\img\system01.jpg,67204,A61273B1
0,manual\img\Thumbs.db,28160,FA50362C
0,manual\img\yotogi01.jpg,283179,93847FCE
0,manual\img\yotogi02.jpg,278963,0959D75C
0,manual\img\yotogi03.jpg,243961,20F88D92
0,manual\sys\.DS_Store,6148,6D88006A
0,manual\sys\common.js,240,976D3DF4
0,manual\sys\jquery-3.1.0.min.js,86351,AE6B746B
0,manual\sys\jquery.lazy.min.js,5022,FEEB9C66
0,manual\sys\lightbox.js,18410,F90AE353
0,MyRoom\Room_000.room,2761,6E3ADA1B
0,MyRoom\Room_001.room,4840,BC98F946
0,MyRoom\Room_002.room,2962,5D0A161E
0,MyRoom\Room_003.room,2101,1E9572A8
0,MyRoom\Room_004.room,4285,DB387556
0,Preset\pre_mazime.preset,52783,890A8290
0,Preset\pre_muku.preset,56947,C9C49EDA
0,Preset\pre_rindere.preset,53618,78671BC3
1,GameData\voice.arc,134437047,C04A42BB
1,GameData\voice_a.arc,1496485048,989AC17A
1,GameData\voice_b.arc,1529371952,791D8FED
1,GameData\voice_c.arc,1560706560,44F2852A
1,GameData\voice_d.arc,207009947,BA61F943
1,GameData\voice_e.arc,497482099,181827A2
1,GameData\voice_f.arc,311118464,05620C32
1,GameData\voice_g.arc,57900967,67812F23
