0,0,COM3D2.exe,6607360,9C604F0A,2005
0,0,COM3D2x64.exe,22841856,A9562BF9,1170
0,0,LICENSE,31205,24BAD003,1170
0,0,COM3D2x64_Data\app.info,27,F9A266E7,1170
0,0,COM3D2x64_Data\globalgamemanagers,4106636,F703ABFF,1170
0,0,COM3D2x64_Data\globalgamemanagers.assets,225908,D532474B,1170
0,0,COM3D2x64_Data\level0,277076,DEF53EFD,1170
0,0,COM3D2x64_Data\level1,295052,E1F81F83,1170
0,0,COM3D2x64_Data\level10,302036,4D296B14,1170
0,0,COM3D2x64_Data\level11,277588,BFB64E07,1170
0,0,COM3D2x64_Data\level12,344764,201309A8,1170
0,0,COM3D2x64_Data\level13,279020,510CFAAD,1170
0,0,COM3D2x64_Data\level14,765148,B9433298,1170
0,0,COM3D2x64_Data\level15,6948,0501D69A,1170
0,0,COM3D2x64_Data\level16,279516,22EC40A5,1170
0,0,COM3D2x64_Data\level17,4664,4FDE4B74,1170
0,0,COM3D2x64_Data\level18,296204,63A9A249,1170
0,0,COM3D2x64_Data\level19,284396,EA859EDD,1170
0,0,COM3D2x64_Data\level2,295036,D993FC54,1170
0,0,COM3D2x64_Data\level20,903012,D7258B60,1170
0,0,COM3D2x64_Data\level21,360572,8D2D1F88,1170
0,0,COM3D2x64_Data\level22,1032652,8C832A6C,1170
0,0,COM3D2x64_Data\level23,356836,C626455F,1170
0,0,COM3D2x64_Data\level24,553508,C0FEF541,1170
0,0,COM3D2x64_Data\level25,299556,948A4D6B,1170
0,0,COM3D2x64_Data\level26,1925460,C895095C,1170
0,0,COM3D2x64_Data\level27,1062660,9D72C8F7,1170
0,0,COM3D2x64_Data\level28,299556,952B83C3,1170
0,0,COM3D2x64_Data\level29,1035956,A1EC3816,1170
0,0,COM3D2x64_Data\level3,1072940,ABA2FC0C,1170
0,0,COM3D2x64_Data\level30,292180,FF729B31,1170
0,0,COM3D2x64_Data\level31,399212,7367D8C1,1170
0,0,COM3D2x64_Data\level32,27904,2E83F022,1170
0,0,COM3D2x64_Data\level32.resS,131232,437C95D8,1170
0,0,COM3D2x64_Data\level33,51676,B820A7C1,1170
0,0,COM3D2x64_Data\level34,56036,95C4D82B,1170
0,0,COM3D2x64_Data\level35,6832,43B8E826,1170
0,0,COM3D2x64_Data\level36,277964,52856269,1170
0,0,COM3D2x64_Data\level37,1523972,AFDE9D0F,1170
0,0,COM3D2x64_Data\level38,1380604,62A90C5B,1170
0,0,COM3D2x64_Data\level39,1402204,246947C3,1170
0,0,COM3D2x64_Data\level4,1160500,62F88EE6,1170
0,0,COM3D2x64_Data\level40,372668,38602213,1170
0,0,COM3D2x64_Data\level41,335756,774D4652,1170
0,0,COM3D2x64_Data\level42,362036,83105D9E,1170
0,0,COM3D2x64_Data\level43,1297436,0B7BEDDC,1170
0,0,COM3D2x64_Data\level44,1361892,9A4E2C83,1170
0,0,COM3D2x64_Data\level45,1487316,902556B6,1170
0,0,COM3D2x64_Data\level46,365588,CF5E4131,1170
0,0,COM3D2x64_Data\level47,328500,35ECA0B5,1170
0,0,COM3D2x64_Data\level48,388636,CBAAF036,1170
0,0,COM3D2x64_Data\level49,346676,12F8083C,1170
0,0,COM3D2x64_Data\level5,1162388,91C52C30,1170
0,0,COM3D2x64_Data\level50,1322356,7C705833,1170
0,0,COM3D2x64_Data\level51,330412,749C930F,1170
0,0,COM3D2x64_Data\level52,577460,5C434435,1170
0,0,COM3D2x64_Data\level53,457756,2BA03708,1170
0,0,COM3D2x64_Data\level54,299868,5BF606EE,1170
0,0,COM3D2x64_Data\level55,1224300,FF6C97A3,1170
0,0,COM3D2x64_Data\level56,974932,4260563A,1170
0,0,COM3D2x64_Data\level57,982220,848A1BF8,1170
0,0,COM3D2x64_Data\level58,1224300,B9D541FB,1170
0,0,COM3D2x64_Data\level59,1104916,44CBD59E,1170
0,0,COM3D2x64_Data\level6,278060,B695829A,1170
0,0,COM3D2x64_Data\level60,893484,FAF98F99,1170
0,0,COM3D2x64_Data\level61,1179868,67179AFE,1170
0,0,COM3D2x64_Data\level62,1280884,1D121F2F,1170
0,0,COM3D2x64_Data\level63,632932,371CD9AE,1170
0,0,COM3D2x64_Data\level64,865708,A578097D,1170
0,0,COM3D2x64_Data\level65,352836,DBD01533,1170
0,0,COM3D2x64_Data\level66,349204,63A3C4D4,1170
0,0,COM3D2x64_Data\level67,392908,72CA3A5F,1170
0,0,COM3D2x64_Data\level68,415060,B43036C4,1170
0,0,COM3D2x64_Data\level69,343436,F9A51398,1170
0,0,COM3D2x64_Data\level7,840212,01D06FF9,1170
0,0,COM3D2x64_Data\level70,403396,10962D78,1170
0,0,COM3D2x64_Data\level71,987868,2A1BCD90,1170
0,0,COM3D2x64_Data\level72,912284,813D3C8A,1170
0,0,COM3D2x64_Data\level73,396124,BD7DF291,1170
0,0,COM3D2x64_Data\level74,418268,1C625486,1170
0,0,COM3D2x64_Data\level75,408844,41092A94,1170
0,0,COM3D2x64_Data\level76,992300,FC780431,1170
0,0,COM3D2x64_Data\level77,952572,5FD59C19,1170
0,0,COM3D2x64_Data\level78,430572,CF80C106,1170
0,0,COM3D2x64_Data\level8,308020,62E991FD,1170
0,0,COM3D2x64_Data\level9,365972,5FF48D4A,1170
0,0,COM3D2x64_Data\resources.assets,388302056,9842DEC4,1170
0,0,COM3D2x64_Data\resources.assets.resS,1682355684,24B647EE,1170
0,0,COM3D2x64_Data\resources.resource,727392,54F90BDA,1170
0,0,COM3D2x64_Data\sharedassets0.assets,115225860,C80D22BA,1170
0,0,COM3D2x64_Data\sharedassets0.assets.resS,121744416,653FAAB8,1170
0,0,COM3D2x64_Data\sharedassets1.assets,6244,00F25BE9,1170
0,0,COM3D2x64_Data\sharedassets10.assets,6088,BC6CAD5C,1170
0,0,COM3D2x64_Data\sharedassets11.assets,6064,F9B5E467,1170
0,0,COM3D2x64_Data\sharedassets12.assets,6316,49A0C73A,1170
0,0,COM3D2x64_Data\sharedassets13.assets,6136,15FB5CDA,1170
0,0,COM3D2x64_Data\sharedassets14.assets,6724,920A37ED,1170
0,0,COM3D2x64_Data\sharedassets15.assets,4540,053AD2CD,1170
0,0,COM3D2x64_Data\sharedassets16.assets,6124,D5F22C15,1170
0,0,COM3D2x64_Data\sharedassets17.assets,4132,53479837,1170
0,0,COM3D2x64_Data\sharedassets18.assets,6844,C0CD735F,1170
0,0,COM3D2x64_Data\sharedassets19.assets,6184,D510AFC2,1170
0,0,COM3D2x64_Data\sharedassets2.assets,6268,E8A2AE93,1170
0,0,COM3D2x64_Data\sharedassets20.assets,12364,E3646BFE,1170
0,0,COM3D2x64_Data\sharedassets21.assets,6292,5A1FC505,1170
0,0,COM3D2x64_Data\sharedassets22.assets,12592,F0BCB545,1170
0,0,COM3D2x64_Data\sharedassets23.assets,6292,265438E8,1170
0,0,COM3D2x64_Data\sharedassets24.assets,6412,DA3FADD9,1170
0,0,COM3D2x64_Data\sharedassets25.assets,6160,A6DEC39F,1170
0,0,COM3D2x64_Data\sharedassets26.assets,7072,467A6989,1170
0,0,COM3D2x64_Data\sharedassets27.assets,12568,F0E99395,1170
0,0,COM3D2x64_Data\sharedassets28.assets,6160,3DA899A1,1170
0,0,COM3D2x64_Data\sharedassets29.assets,12568,F0E99395,1170
0,0,COM3D2x64_Data\sharedassets3.assets,7852,B5726F0F,1170
0,0,COM3D2x64_Data\sharedassets30.assets,6088,2DF8ACBF,1170
0,0,COM3D2x64_Data\sharedassets31.assets,18126832,12BBEEA4,1170
0,0,COM3D2x64_Data\sharedassets32.assets,12328,3434CBD4,1170
0,0,COM3D2x64_Data\sharedassets33.assets,4420,6A1683A9,1170
0,0,COM3D2x64_Data\sharedassets34.assets,4324,2FE88CBF,1170
0,0,COM3D2x64_Data\sharedassets35.assets,4264,D5E824B9,1170
0,0,COM3D2x64_Data\sharedassets36.assets,6100,13F25F8F,1170
0,0,COM3D2x64_Data\sharedassets37.assets,12364,801278A1,1170
0,0,COM3D2x64_Data\sharedassets38.assets,12364,3B0D777C,1170
0,0,COM3D2x64_Data\sharedassets39.assets,12364,FB15667C,1170
0,0,COM3D2x64_Data\sharedassets4.assets,12820,7E015E43,1170
0,0,COM3D2x64_Data\sharedassets40.assets,7168,8A84E964,1170
0,0,COM3D2x64_Data\sharedassets41.assets,6928,6F1A4D78,1170
0,0,COM3D2x64_Data\sharedassets42.assets,7180,27716940,1170
0,0,COM3D2x64_Data\sharedassets43.assets,9256,5F136AB3,1170
0,0,COM3D2x64_Data\sharedassets44.assets,9364,8A394C23,1170
0,0,COM3D2x64_Data\sharedassets45.assets,9352,06B56B71,1170
0,0,COM3D2x64_Data\sharedassets46.assets,8404,41720392,1170
0,0,COM3D2x64_Data\sharedassets47.assets,6556,8F970475,1170
0,0,COM3D2x64_Data\sharedassets48.assets,8248,0C80B2F8,1170
0,0,COM3D2x64_Data\sharedassets49.assets,792660,C4CDB9A2,1170
0,0,COM3D2x64_Data\sharedassets49.assets.resS,6506584,427886ED,1170
0,0,COM3D2x64_Data\sharedassets5.assets,7120,2245A879,1170
0,0,COM3D2x64_Data\sharedassets50.assets,12364,DB17851D,1170
0,0,COM3D2x64_Data\sharedassets51.assets,6616,17FA548F,1170
0,0,COM3D2x64_Data\sharedassets52.assets,6724,2F6E34A4,1170
0,0,COM3D2x64_Data\sharedassets53.assets,6568,60ACA314,1170
0,0,COM3D2x64_Data\sharedassets54.assets,6088,DABB1BBE,1170
0,0,COM3D2x64_Data\sharedassets55.assets,12448,62338DB5,1170
0,0,COM3D2x64_Data\sharedassets56.assets,9148,014F780D,1170
0,0,COM3D2x64_Data\sharedassets57.assets,9184,A410BA26,1170
0,0,COM3D2x64_Data\sharedassets58.assets,12448,62338DB5,1170
0,0,COM3D2x64_Data\sharedassets59.assets,9388,E16ED0C7,1170
0,0,COM3D2x64_Data\sharedassets6.assets,6088,3378DF28,1170
0,0,COM3D2x64_Data\sharedassets60.assets,9184,A410BA26,1170
0,0,COM3D2x64_Data\sharedassets61.assets,9328,EE09F233,1170
0,0,COM3D2x64_Data\sharedassets62.assets,9364,8A394C23,1170
0,0,COM3D2x64_Data\sharedassets63.assets,6640,3C1622A3,1170
0,0,COM3D2x64_Data\sharedassets64.assets,9352,06B56B71,1170
0,0,COM3D2x64_Data\sharedassets65.assets,42236516,B5C926A7,1170
0,0,COM3D2x64_Data\sharedassets65.assets.resS,87400,8BA6C322,1170
0,0,COM3D2x64_Data\sharedassets66.assets,38246484,A92CC0EC,1170
0,0,COM3D2x64_Data\sharedassets67.assets,32874580,5F140A3C,1170
0,0,COM3D2x64_Data\sharedassets68.assets,36735660,A964494C,1170
0,0,COM3D2x64_Data\sharedassets68.assets.resS,174776,5B619AF1,1170
0,0,COM3D2x64_Data\sharedassets69.assets,41277336,672F29F0,1170
0,0,COM3D2x64_Data\sharedassets7.assets,6928,5A4B3452,1170
0,0,COM3D2x64_Data\sharedassets70.assets,39399088,DA1A4957,1170
0,0,COM3D2x64_Data\sharedassets71.assets,3016916,7C0E081A,1170
0,0,COM3D2x64_Data\sharedassets71.assets.resS,611728,7BFBEAAE,1170
0,0,COM3D2x64_Data\sharedassets72.assets,9412,544210C5,1170
0,0,COM3D2x64_Data\sharedassets73.assets,6484,571E0BEC,1170
0,0,COM3D2x64_Data\sharedassets74.assets,6484,571E0BEC,1170
0,0,COM3D2x64_Data\sharedassets75.assets,6484,571E0BEC,1170
0,0,COM3D2x64_Data\sharedassets76.assets,12376,6D93ADA5,1170
0,0,COM3D2x64_Data\sharedassets77.assets,9364,381B20DA,1170
0,0,COM3D2x64_Data\sharedassets78.assets,7468,C84EF449,1170
0,0,COM3D2x64_Data\sharedassets8.assets,6172,CC34E72E,1170
0,0,COM3D2x64_Data\sharedassets9.assets,7060,71342C70,1170
0,0,COM3D2x64_Data\Managed\Accessibility.dll,10752,5CB31E4E,1170
0,0,COM3D2x64_Data\Managed\Assembly-CSharp-firstpass.dll,783872,5D4BB44D,1170
0,0,COM3D2x64_Data\Managed\Assembly-CSharp.dll,4936704,D4C1E540,1170
0,0,COM3D2x64_Data\Managed\Assembly-UnityScript-firstpass.dll,65024,23C075AA,1170
0,0,COM3D2x64_Data\Managed\Boo.Lang.dll,126976,28383F70,1170
0,0,COM3D2x64_Data\Managed\BouncyCastle.Crypto.dll,2236416,5A4C4F07,1170
0,0,COM3D2x64_Data\Managed\FoveUnityPlugin.dll,28672,A6EA882B,1170
0,0,COM3D2x64_Data\Managed\ICSharpCode.SharpZipLib.dll,200704,D3160A1C,1170
0,0,COM3D2x64_Data\Managed\Ionic.Zlib.dll,102400,7C9E7DD2,1170
0,0,COM3D2x64_Data\Managed\JsonFx.Json.dll,70144,A0F0CFCB,1170
0,0,COM3D2x64_Data\Managed\LeapCSharp.NET3.5.dll,82432,38E38212,1170
0,0,COM3D2x64_Data\Managed\Mono.Data.Tds.dll,96256,2965324B,1170
0,0,COM3D2x64_Data\Managed\Mono.Posix.dll,184320,0CE35BE3,1170
0,0,COM3D2x64_Data\Managed\Mono.Security.dll,294912,66EB9979,1170
0,0,COM3D2x64_Data\Managed\Mono.WebBrowser.dll,172032,137B736F,1170
0,0,COM3D2x64_Data\Managed\mscorlib.dll,2590208,5166389B,1170
0,0,COM3D2x64_Data\Managed\Newtonsoft.Json.dll,494592,5C881B73,1170
0,0,COM3D2x64_Data\Managed\System.Configuration.dll,124928,72952344,1170
0,0,COM3D2x64_Data\Managed\System.Core.dll,297472,9E3EE5D7,1170
0,0,COM3D2x64_Data\Managed\System.Data.dll,856064,DDDB80CD,1170
0,0,COM3D2x64_Data\Managed\System.dll,1679360,13922617,1170
0,0,COM3D2x64_Data\Managed\System.Drawing.Design.dll,29696,E7B53FF9,1170
0,0,COM3D2x64_Data\Managed\System.Drawing.dll,448512,C4B2E872,1170
0,0,COM3D2x64_Data\Managed\System.EnterpriseServices.dll,46592,2C72A9FE,1170
0,0,COM3D2x64_Data\Managed\System.Security.dll,135168,1CE94C57,1170
0,0,COM3D2x64_Data\Managed\System.Transactions.dll,27648,45299FCF,1170
0,0,COM3D2x64_Data\Managed\System.Windows.Forms.dll,3053568,56394001,1170
0,0,COM3D2x64_Data\Managed\System.Xml.dll,1270272,4581A35B,1170
0,0,COM3D2x64_Data\Managed\System.Xml.Linq.dll,106496,E844371C,1170
0,0,COM3D2x64_Data\Managed\UnityEngine.dll,1393152,2C35388C,1170
0,0,COM3D2x64_Data\Managed\UnityEngine.dll.mdb,449828,8610375E,1170
0,0,COM3D2x64_Data\Managed\UnityEngine.Networking.dll,253952,2BDF701F,1170
0,0,COM3D2x64_Data\Managed\UnityEngine.UI.dll,245760,FA552B2D,1170
0,0,COM3D2x64_Data\Managed\UnityEngine.VR.dll,3072,A4582CD6,1170
0,0,COM3D2x64_Data\Managed\UnityScript.Lang.dll,13824,0DA8F681,1170
0,0,COM3D2x64_Data\Managed\zxing.unity.dll,430592,9FD1F198,1170
0,0,COM3D2x64_Data\Mono\mono.dll,2618816,0BEA8C0F,1170
0,0,COM3D2x64_Data\Mono\MonoPosixHelper.dll,113664,9B5E1E4D,1170
0,0,COM3D2x64_Data\Mono\etc\mono\browscap.ini,311984,CE6C0AB3,1170
0,0,COM3D2x64_Data\Mono\etc\mono\config,1691,A635914A,1170
0,0,COM3D2x64_Data\Mono\etc\mono\1.0\DefaultWsdlHelpGenerator.aspx,58196,10E814BF,1170
0,0,COM3D2x64_Data\Mono\etc\mono\1.0\machine.config,17258,EDE1AC59,1170
0,0,COM3D2x64_Data\Mono\etc\mono\2.0\DefaultWsdlHelpGenerator.aspx,60453,F3869A34,1170
0,0,COM3D2x64_Data\Mono\etc\mono\2.0\machine.config,27625,73C91C24,1170
0,0,COM3D2x64_Data\Mono\etc\mono\2.0\settings.map,2618,A1A3C29F,1170
0,0,COM3D2x64_Data\Mono\etc\mono\2.0\web.config,11686,534A9960,1170
0,0,COM3D2x64_Data\Mono\etc\mono\2.0\Browsers\Compat.browser,1605,2E178A0B,1170
0,0,COM3D2x64_Data\Mono\etc\mono\mconfig\config.xml,25817,80B2033A,1170
0,0,COM3D2x64_Data\Plugins\assimp.dll,4388864,7C910D84,1170
0,0,COM3D2x64_Data\Plugins\Audio360.dll,1499136,2D77400A,1170
0,0,COM3D2x64_Data\Plugins\AVProVideo.dll,891392,A3612D4B,1170
0,0,COM3D2x64_Data\Plugins\clothpp.dll,112128,7C3264A4,1170
0,0,COM3D2x64_Data\Plugins\cm3d2.dll,2092032,FB380F6E,1170
0,0,COM3D2x64_Data\Plugins\device_hook.dll,738816,F61E7CED,1170
0,0,COM3D2x64_Data\Plugins\FoveClient.dll,1849384,58C8B4F6,1170
0,0,COM3D2x64_Data\Plugins\LeapC.dll,2516992,FBDD3767,1170
0,0,COM3D2x64_Data\Plugins\openvr_api.dll,318272,44432E0F,1170
0,0,COM3D2x64_Data\Plugins\OVRGamepad.dll,12800,2C526135,1170
0,0,COM3D2x64_Data\Plugins\OVRLipSync.dll,2512296,391C1F4C,1170
0,0,COM3D2x64_Data\Plugins\OVRPlugin.dll,1898408,5DD05B6C,1170
0,0,COM3D2x64_Data\Resources\unity default resources,752360,71DB1AEA,1170
0,0,COM3D2x64_Data\Resources\unity_builtin_extra,284012,91145F7F,1170
0,0,GameData\bg_kissevent2018_sp_card_2.arc,493322,140250D1,1100
0,0,GameData\bg_sp001_2.arc,16204240,91030B15,1000
0,0,GameData\csv.arc,3094452,8C1AF35D,1170
0,0,GameData\csv_old_2.arc,1746,7AD2A97C,1150
0,0,GameData\csv_ordermade001_2.arc,770,422A7575,1150
0,0,GameData\motion2.arc,102921243,12C6A175,1170
0,0,GameData\motion_3d21reserve_2.arc,153931,C630D84E,1100
0,0,GameData\motion_cos021_2.arc,323647,5697AC81,1061
0,0,GameData\motion_denkigai2017w_2.arc,1466874,DEACF6A8,1070
0,0,GameData\parts2.arc,147937052,4E517A61,1170
0,0,GameData\parts_magazine003_2.arc,201385,3A5B273D,1120
0,0,GameData\parts_omvr.arc,3206509,4F0D0480,1120
0,0,GameData\parts_kissevent2018_2.arc,5570,005BBD00,1100
0,0,GameData\parts_shop016_2.arc,171410,3D70CEC4,1060
0,0,GameData\paths.dat,2722,85EA3A80,1170
0,0,GameData\prioritymaterial.arc,287917,BD79ECCD,1170
0,0,GameData\script.arc,11765757,3801B3AB,1170
0,0,GameData\script_charaevent001_2.arc,30674,FD2BB099,1090
0,0,GameData\script_charaevent002ntr_2.arc,16114,A039DACC,1150
0,0,GameData\script_cos021_2.arc,109385,684D92BB,1140
0,0,GameData\script_denkigai2017w_2.arc,430750,44E8DF34,1140
0,0,GameData\script_exm001_2.arc,2738,7DFDDDE5,1070
0,0,GameData\script_old_2.arc,543442,998673E0,1150
0,0,GameData\script_ordermade001_2.arc,113700,7B9A8D03,1150
0,0,GameData\script_share_karaoke_2.arc,1939,6A7D34A5,1000
0,0,GameData\sound2.arc,2831373,17A6CBF3,1050
0,0,GameData\system2.arc,10720595,37094157,1150
0,0,GameData\voice2.arc,282742866,31C5FDD2,1150
0,0,GameData_20\material_denkigai2015w_2.arc,3490,F06AAABE,1090
0,0,GameData_20\material_dlc195_2.arc,1746,ECFBFE17,1090
0,0,GameData_20\material_dlcdenkigai2015w_2.arc,3522,D35394D7,1090
0,0,GameData_20\material_dlcdenkigai2017w_2.arc,3506,40FF8AFA,1090
0,0,GameData_20\material_kissevent2017march_2.arc,3538,7A6FC5CF,1090
0,0,GameData_20\menu_dlc195_2.arc,1170,BF163DDC,1090
0,0,GameData_20\model_denkigai2015w_2.arc,174373,F9233759,1090
0,0,GameData_20\model_dlc195_2.arc,583563,16C95E54,1090
0,0,GameData_20\model_dlcdenkigai2015w_2.arc,174400,BE6E5467,1090
0,0,GameData_20\model_dlcdenkigai2017w_2.arc,181384,6D5B735E,1090
0,0,GameData_20\model_kissevent2017march_2.arc,190682,21F32FCB,1090
0,0,GameData_20\texture_dlc195_2.arc,16075880,456A4C76,1090
0,0,GameData_20\paths.dat,5091,D094E2BE,1580
0,0,GameData_20\prioritymaterial.arc,221488,580931AC,1582
0,0,GameData_20\material_denkigai2015s003_2.arc,7106,0C82D791,1150
0,0,GameData_20\material_denkigai2015wTowelR.arc,1602,618192B9,1360
0,0,GameData_20\material_dlc055_2.arc,5282,11A93109,1280
0,0,GameData_20\material_dlsite_2.arc,1762,C5A837EA,1150
0,0,GameData_20\material_shop001_2.arc,1762,D98CED1C,1150
0,0,GameData_20\material_shop002_2.arc,1762,956BB00E,1150
0,0,GameData_20\material_shop003_2.arc,1762,38CEBFF2,1150
0,0,GameData_20\material_shop005_2.arc,1714,3E621A32,1150
0,0,GameData_20\material_shop007_2.arc,2578,C8CE627C,1150
0,0,GameData_20\material_vp001_2.arc,11890,8CB043B0,1400
0,0,GameData_20\material_yomeido003_2.arc,1522,0689A7AC,1240
0,0,GameData_20\menu_denkigai2015s001_2.arc,6594,8B3E849F,1160
0,0,GameData_20\menu_denkigai2015s003_2.arc,4338,D294CE88,1150
0,0,GameData_20\menu_denkigai2015wTowelR.arc,1282,CECEE1FC,1360
0,0,GameData_20\menu_denkigai2016s_2.arc,1346,4A9440B1,1351
0,0,GameData_20\menu_denkigai2016w_2.arc,15154,C8D64D3B,1450
0,0,GameData_20\menu_denkigai2017s_2.arc,1218,267B1338,1540
0,0,GameData_20\menu_dlcdenkigai2016w_2.arc,13522,45E7F667,1450
0,0,GameData_20\menu_dlcdenkigai2017s_2.arc,1218,A6C83B5D,1540
0,0,GameData_20\menu_dlc026_2.arc,3778,69453D54,1190
0,0,GameData_20\menu_dlc028_2.arc,3874,DE3F1C31,1200
0,0,GameData_20\menu_dlc041_2.arc,6786,97F738D3,1380
0,0,GameData_20\menu_dlc042_2.arc,1154,EE4016C0,1440
0,0,GameData_20\menu_dlc049_2.arc,3106,E30D6F4C,1522
0,0,GameData_20\menu_dlc061_2.arc,3810,F99C1D4E,1290
0,0,GameData_20\menu_dlc065_2.arc,7602,D9387834,1380
0,0,GameData_20\menu_dlc074_2.arc,5618,24C559D7,1312
0,0,GameData_20\menu_dlc100_2.arc,1250,DFF94E9A,1400
0,0,GameData_20\menu_dlc101_2.arc,1218,44DB4049,1481
0,0,GameData_20\menu_dlsite_2.arc,1954,B2268BA7,1150
0,0,GameData_20\menu_magazine002_2.arc,12498,691C1126,1471
0,0,GameData_20\menu_personal002_2.arc,1282,5687650C,1310
0,0,GameData_20\menu_shop001_2.arc,3314,35207C87,1150
0,0,GameData_20\menu_shop005_2.arc,1378,0C9AF725,1150
0,0,GameData_20\menu_vp001_2.arc,19138,7C7AFD9C,1400
0,0,GameData_20\menu_yomeido003_2.arc,1234,4D6F619D,1240
0,0,GameData_20\menu_yomeidogp_wedding_2.arc,3954,C251B12C,1320
0,0,GameData_20\model_denkigai2015s003_2.arc,394665,41A48185,1150
0,0,GameData_20\model_denkigai2015wTowelR.arc,38258,FB570A24,1360
0,0,GameData_20\model_denkigai2017s_2.arc,462663,8917104A,1582
0,0,GameData_20\model_dlcdenkigai2017s_2.arc,462667,9F0C3D54,1582
0,0,GameData_20\model_dlc005_2.arc,175424,F7DD7D82,1270
0,0,GameData_20\model_dlc046_2.arc,155690,83B34173,1220
0,0,GameData_20\model_dlc073_2.arc,267037,47D33A06,1320
0,0,GameData_20\model_dlc100_2.arc,691347,7C3D679D,1400
0,0,GameData_20\model_dlc109_2.arc,137998,8FCCF513,1460
0,0,GameData_20\model_dlc151_2.arc,213532,8C3C80C3,1520
0,0,GameData_20\model_dlsite_2.arc,197173,24366C43,1150
0,0,GameData_20\model_shop001_2.arc,115215,9C941FAF,1150
0,0,GameData_20\model_shop002_2.arc,251253,743C3D97,1150
0,0,GameData_20\model_shop003_2.arc,185433,A15EC70A,1150
0,0,GameData_20\model_shop005_2.arc,150103,FB5341FA,1150
0,0,GameData_20\model_shop007_2.arc,288759,80615CBD,1150
0,0,GameData_20\model_vp001_2.arc,647957,D68B5D2F,1400
0,0,GameData_20\texture_denkigai2015wTowelR.arc,133065,FE4BDC34,1360
0,0,GameData_20\texture_denkigai2016w_2.arc,10105247,3B4641C3,1450
0,0,GameData_20\texture_dlcdenkigai2016w_2.arc,10105332,90868016,1450
0,0,GameData_20\texture_kissevent2017march.arc,281,FF4EEB9B,1522
0,0,GameData_20\texture_kissevent2017march_2.arc,79432605,C1FCD24F,1522
0,0,GameData_20\texture_dlc004_2.arc,4805734,C8E5CFB4,1200
0,0,GameData_20\texture_dlc046_2.arc,596960,FC606BA5,1220
0,0,GameData_20\texture_vp001_2.arc,755269,18D5027D,1400
0,0,GameData_20\texture_yomeido003_2.arc,117248,0EE72B42,1240
0,0,manual\favicon.ico,370070,687492C6,1050
0,0,manual\index.html,71545,035C59F0,1060
0,0,manual\css\close.png,1250,304A1D8C,1050
0,0,manual\css\common.css,3409,BA5B06EB,1050
0,0,manual\css\index.css,6614,38725E3B,1050
0,0,manual\css\lightbox.css,3674,9235D408,1050
0,0,manual\css\loading.gif,1279,72456323,1050
0,0,manual\css\next.png,1682,E0895D01,1050
0,0,manual\css\prev.png,1666,12F2027E,1050
0,0,manual\img\casino01.jpg,272694,C6FE6781,1050
0,0,manual\img\clubstatus.jpg,36546,DAA11F1D,1050
0,0,manual\img\com3d2_logo.png,100187,28605834,1050
0,0,manual\img\comp01.jpg,54909,F2AE5CE1,1050
0,0,manual\img\comp02.jpg,87599,493340A0,1050
0,0,manual\img\config.jpg,156802,1871EF55,1050
0,0,manual\img\dance01.jpg,305648,B87D0340,1050
0,0,manual\img\dance02.jpg,345535,27BEFAE3,1050
0,0,manual\img\edit01.jpg,312602,CB3E64D0,1050
0,0,manual\img\edit02.jpg,278318,878B2857,1050
0,0,manual\img\event01.jpg,194983,E4E03D42,1050
0,0,manual\img\facilitysetting01.jpg,338947,40D2A7D3,1050
0,0,manual\img\facilitysetting02.jpg,185709,12E0C653,1050
0,0,manual\img\facilitysetting03.jpg,267150,D08D54B7,1050
0,0,manual\img\kashizuki01.jpg,210954,8E6084EA,1050
0,0,manual\img\kashizuki02.jpg,209895,BD363567,1050
0,0,manual\img\kashizuki03.jpg,215560,D28EDBD6,1050
0,0,manual\img\kiss_logo.png,6459,7966A6E9,1050
0,0,manual\img\maidmanagement01.jpg,242517,21B3E491,1050
0,0,manual\img\maidmanagement02.jpg,140237,945D483D,1050
0,0,manual\img\maidmanagement03.jpg,208300,B7C8F3CD,1050
0,0,manual\img\mainmenu01.jpg,208641,7218A847,1060
0,0,manual\img\mainmenu02.jpg,193956,4C7EF1A8,1050
0,0,manual\img\myroom.jpg,225108,398BA2D8,1050
0,0,manual\img\myroom.psd,1301284,E3472053,1050
0,0,manual\img\reminiscence01.jpg,236014,B0302E74,1050
0,0,manual\img\schedule01.jpg,198475,6AD2FF8C,1050
0,0,manual\img\schedule02.jpg,240595,AE23B15D,1050
0,0,manual\img\shitsu_mode.jpg,166109,966737E0,1050
0,0,manual\img\shop.jpg,216722,67700EE6,1050
0,0,manual\img\studio.jpg,328576,FC7FDE83,1050
0,0,manual\img\system01.jpg,67204,A61273B1,1050
0,0,manual\img\yotogi01.jpg,283179,93847FCE,1050
0,0,manual\img\yotogi02.jpg,278963,0959D75C,1050
0,0,manual\img\yotogi03.jpg,243961,20F88D92,1050
0,0,manual\sys\common.js,240,976D3DF4,1050
0,0,manual\sys\jquery-3.1.0.min.js,86351,AE6B746B,1050
0,0,manual\sys\jquery.lazy.min.js,5022,FEEB9C66,1050
0,0,manual\sys\lightbox.js,18410,F90AE353,1050
