0,0,COM3D2.exe,6607360,B7BB12CE,2006
0,0,COM3D2x64.exe,22841856,A9562BF9,1260
0,0,LICENSE,31205,24BAD003,1260
0,0,COM3D2x64_Data\app.info,27,F9A266E7,1260
0,0,COM3D2x64_Data\globalgamemanagers,4247380,58A2A87C,1260
0,0,COM3D2x64_Data\globalgamemanagers.assets,229300,81860C64,1260
0,0,COM3D2x64_Data\level0,305412,F1FAD00B,1260
0,0,COM3D2x64_Data\level1,328260,D1BEC640,1260
0,0,COM3D2x64_Data\level10,330388,08C28B97,1260
0,0,COM3D2x64_Data\level11,305924,0DB8946C,1260
0,0,COM3D2x64_Data\level12,373156,66A90BDE,1260
0,0,COM3D2x64_Data\level13,307372,E68F4E77,1260
0,0,COM3D2x64_Data\level14,800532,6C7D2096,1260
0,0,COM3D2x64_Data\level15,7412,CE9F949E,1260
0,0,COM3D2x64_Data\level16,307868,B34987BC,1260
0,0,COM3D2x64_Data\level17,4664,51BF0BFB,1260
0,0,COM3D2x64_Data\level18,324556,6AFEDA7A,1260
0,0,COM3D2x64_Data\level19,312732,76764D37,1260
0,0,COM3D2x64_Data\level2,323388,BAF40AC7,1260
0,0,COM3D2x64_Data\level20,933268,643E4511,1260
0,0,COM3D2x64_Data\level21,400300,4F435007,1260
0,0,COM3D2x64_Data\level22,1062908,2CEE962E,1260
0,0,COM3D2x64_Data\level23,389396,85864FE6,1260
0,0,COM3D2x64_Data\level24,651092,9B66F4D3,1260
0,0,COM3D2x64_Data\level25,327892,C68AD251,1260
0,0,COM3D2x64_Data\level26,2146548,AB983DB0,1260
0,0,COM3D2x64_Data\level27,1092916,E23A8965,1260
0,0,COM3D2x64_Data\level28,327892,AD1D9C8C,1260
0,0,COM3D2x64_Data\level29,1066220,D179B326,1260
0,0,COM3D2x64_Data\level3,1210396,399139F6,1260
0,0,COM3D2x64_Data\level30,320516,4BA46C4D,1260
0,0,COM3D2x64_Data\level31,427604,125B6C83,1260
0,0,COM3D2x64_Data\level32,27904,469690F4,1260
0,0,COM3D2x64_Data\level32.resS,131232,437C95D8,1260
0,0,COM3D2x64_Data\level33,51676,D81388B0,1260
0,0,COM3D2x64_Data\level34,56036,5D4BEDEA,1260
0,0,COM3D2x64_Data\level35,6832,54C13CCB,1260
0,0,COM3D2x64_Data\level36,306316,954AD55C,1260
0,0,COM3D2x64_Data\level37,1554236,35277DD4,1260
0,0,COM3D2x64_Data\level38,1410868,3FDCD105,1260
0,0,COM3D2x64_Data\level39,1432468,C4F85D90,1260
0,0,COM3D2x64_Data\level4,1190764,8653140D,1260
0,0,COM3D2x64_Data\level40,412060,E9AA1172,1260
0,0,COM3D2x64_Data\level41,372636,310B10DC,1260
0,0,COM3D2x64_Data\level42,402380,ED3114B2,1260
0,0,COM3D2x64_Data\level43,1327700,8BFE79F9,1260
0,0,COM3D2x64_Data\level44,1392156,F68A1F6F,1260
0,0,COM3D2x64_Data\level45,1517564,489B29C3,1260
0,0,COM3D2x64_Data\level46,393940,25FAECD4,1260
0,0,COM3D2x64_Data\level47,356852,6449CFEA,1260
0,0,COM3D2x64_Data\level48,416988,01C02BA7,1260
0,0,COM3D2x64_Data\level49,375012,78D05162,1260
0,0,COM3D2x64_Data\level5,1214492,CC81DE65,1260
0,0,COM3D2x64_Data\level50,1352604,0AC434BD,1260
0,0,COM3D2x64_Data\level51,358764,818807D4,1260
0,0,COM3D2x64_Data\level52,606764,283F4C2F,1260
0,0,COM3D2x64_Data\level53,486044,9BC62A4F,1260
0,0,COM3D2x64_Data\level54,328220,2EE0D4D2,1260
0,0,COM3D2x64_Data\level55,1254564,AA1C931F,1260
0,0,COM3D2x64_Data\level56,1005188,FB719598,1260
0,0,COM3D2x64_Data\level57,1012476,0B30282A,1260
0,0,COM3D2x64_Data\level58,1254564,E80F35EE,1260
0,0,COM3D2x64_Data\level59,1135156,DE189C8B,1260
0,0,COM3D2x64_Data\level6,306396,8DF2948F,1260
0,0,COM3D2x64_Data\level60,923724,DCB54B43,1260
0,0,COM3D2x64_Data\level61,1210132,BC8C14EA,1260
0,0,COM3D2x64_Data\level62,1311148,15F326D4,1260
0,0,COM3D2x64_Data\level63,661284,B3A94419,1260
0,0,COM3D2x64_Data\level64,895956,30F66023,1260
0,0,COM3D2x64_Data\level65,381220,293C1FBC,1260
0,0,COM3D2x64_Data\level66,377588,B605B373,1260
0,0,COM3D2x64_Data\level67,421300,8E05C73E,1260
0,0,COM3D2x64_Data\level68,443428,198BEE85,1260
0,0,COM3D2x64_Data\level69,371828,CBA5D886,1260
0,0,COM3D2x64_Data\level7,1027564,774D2BD6,1260
0,0,COM3D2x64_Data\level70,431788,9ABD847B,1260
0,0,COM3D2x64_Data\level71,1018132,9A333BA4,1260
0,0,COM3D2x64_Data\level72,942532,85783B25,1260
0,0,COM3D2x64_Data\level73,424508,68FCB55D,1260
0,0,COM3D2x64_Data\level74,446652,ABD9C1E6,1260
0,0,COM3D2x64_Data\level75,437236,FE213631,1260
0,0,COM3D2x64_Data\level76,1022540,82AF038F,1260
0,0,COM3D2x64_Data\level77,982828,25707698,1260
0,0,COM3D2x64_Data\level78,430284,1E6CC5DD,1260
0,0,COM3D2x64_Data\level79,414804,BE90AF0E,1260
0,0,COM3D2x64_Data\level8,337764,5E73CBF7,1260
0,0,COM3D2x64_Data\level80,396476,0F3AB552,1260
0,0,COM3D2x64_Data\level81,338996,EB3BBC3E,1260
0,0,COM3D2x64_Data\level82,1361948,21848E21,1260
0,0,COM3D2x64_Data\level83,1302684,9E03DC49,1260
0,0,COM3D2x64_Data\level84,483300,04C24DCB,1260
0,0,COM3D2x64_Data\level85,381684,2C3AB64B,1260
0,0,COM3D2x64_Data\level86,1235516,19C9A9D0,1260
0,0,COM3D2x64_Data\level87,948532,C3580644,1260
0,0,COM3D2x64_Data\level9,394332,3C775F05,1260
0,0,COM3D2x64_Data\resources.assets,391017984,77E46467,1260
0,0,COM3D2x64_Data\resources.assets.resS,1703429248,CB429D4D,1260
0,0,COM3D2x64_Data\resources.resource,727392,54F90BDA,1260
0,0,COM3D2x64_Data\sharedassets0.assets,115228420,1F45F8E0,1260
0,0,COM3D2x64_Data\sharedassets0.assets.resS,121744416,255B44E0,1260
0,0,COM3D2x64_Data\sharedassets1.assets,6304,F9626DEA,1260
0,0,COM3D2x64_Data\sharedassets10.assets,6136,C368BC0F,1260
0,0,COM3D2x64_Data\sharedassets11.assets,6112,94CD3780,1260
0,0,COM3D2x64_Data\sharedassets12.assets,6364,A3B00DD4,1260
0,0,COM3D2x64_Data\sharedassets13.assets,6184,CD8939ED,1260
0,0,COM3D2x64_Data\sharedassets14.assets,6736,3C89B217,1260
0,0,COM3D2x64_Data\sharedassets15.assets,4576,604500FF,1260
0,0,COM3D2x64_Data\sharedassets16.assets,6172,38EA3472,1260
0,0,COM3D2x64_Data\sharedassets17.assets,4132,1C9FFC30,1260
0,0,COM3D2x64_Data\sharedassets18.assets,6892,EAB88B15,1260
0,0,COM3D2x64_Data\sharedassets19.assets,6232,9F8BBBDB,1260
0,0,COM3D2x64_Data\sharedassets2.assets,6316,3C073687,1260
0,0,COM3D2x64_Data\sharedassets20.assets,12580,DC59263C,1260
0,0,COM3D2x64_Data\sharedassets21.assets,6340,BAF11B7A,1260
0,0,COM3D2x64_Data\sharedassets22.assets,12724,9403EA88,1260
0,0,COM3D2x64_Data\sharedassets23.assets,6340,D44D70EB,1260
0,0,COM3D2x64_Data\sharedassets24.assets,6412,AD45457A,1260
0,0,COM3D2x64_Data\sharedassets25.assets,6208,D3FC4DAA,1260
0,0,COM3D2x64_Data\sharedassets26.assets,7132,97DE6997,1260
0,0,COM3D2x64_Data\sharedassets27.assets,12700,607415EE,1260
0,0,COM3D2x64_Data\sharedassets28.assets,6208,B20ED06A,1260
0,0,COM3D2x64_Data\sharedassets29.assets,12700,607415EE,1260
0,0,COM3D2x64_Data\sharedassets3.assets,8008,C58D9378,1260
0,0,COM3D2x64_Data\sharedassets30.assets,6136,FD294137,1260
0,0,COM3D2x64_Data\sharedassets31.assets,18126880,79A0A3B1,1260
0,0,COM3D2x64_Data\sharedassets32.assets,12328,9F74B189,1260
0,0,COM3D2x64_Data\sharedassets33.assets,4420,5B8E5126,1260
0,0,COM3D2x64_Data\sharedassets34.assets,4324,E4B27FEC,1260
0,0,COM3D2x64_Data\sharedassets35.assets,4264,951FB83A,1260
0,0,COM3D2x64_Data\sharedassets36.assets,6148,F2DA575D,1260
0,0,COM3D2x64_Data\sharedassets37.assets,12580,BB978AEA,1260
0,0,COM3D2x64_Data\sharedassets38.assets,12580,ABE6AF28,1260
0,0,COM3D2x64_Data\sharedassets39.assets,12580,2AE8DB7C,1260
0,0,COM3D2x64_Data\sharedassets4.assets,12952,8B78BE35,1260
0,0,COM3D2x64_Data\sharedassets40.assets,7228,0F5077E3,1260
0,0,COM3D2x64_Data\sharedassets41.assets,6988,1D0A4871,1260
0,0,COM3D2x64_Data\sharedassets42.assets,7264,5A26FAC3,1260
0,0,COM3D2x64_Data\sharedassets43.assets,9400,E5BE9A83,1260
0,0,COM3D2x64_Data\sharedassets44.assets,9508,71D3A284,1260
0,0,COM3D2x64_Data\sharedassets45.assets,9496,8032C54E,1260
0,0,COM3D2x64_Data\sharedassets46.assets,8488,4BF57B1E,1260
0,0,COM3D2x64_Data\sharedassets47.assets,6604,9FB6AFB7,1260
0,0,COM3D2x64_Data\sharedassets48.assets,8356,C95FA050,1260
0,0,COM3D2x64_Data\sharedassets49.assets,792708,A13F5055,1260
0,0,COM3D2x64_Data\sharedassets49.assets.resS,6506584,427886ED,1260
0,0,COM3D2x64_Data\sharedassets5.assets,7144,DFC9E302,1260
0,0,COM3D2x64_Data\sharedassets50.assets,12580,D2DEB5B3,1260
0,0,COM3D2x64_Data\sharedassets51.assets,6664,CB819C1F,1260
0,0,COM3D2x64_Data\sharedassets52.assets,6760,3DCC9180,1260
0,0,COM3D2x64_Data\sharedassets53.assets,6592,80EB2576,1260
0,0,COM3D2x64_Data\sharedassets54.assets,6136,485C9B00,1260
0,0,COM3D2x64_Data\sharedassets55.assets,12664,484FB160,1260
0,0,COM3D2x64_Data\sharedassets56.assets,9292,959B5DBD,1260
0,0,COM3D2x64_Data\sharedassets57.assets,9328,8AAB7D5D,1260
0,0,COM3D2x64_Data\sharedassets58.assets,12664,484FB160,1260
0,0,COM3D2x64_Data\sharedassets59.assets,9532,60C86BEF,1260
0,0,COM3D2x64_Data\sharedassets6.assets,6136,4C64F57C,1260
0,0,COM3D2x64_Data\sharedassets60.assets,9328,8AAB7D5D,1260
0,0,COM3D2x64_Data\sharedassets61.assets,9472,24722151,1260
0,0,COM3D2x64_Data\sharedassets62.assets,9508,71D3A284,1260
0,0,COM3D2x64_Data\sharedassets63.assets,6676,FEFCD383,1260
0,0,COM3D2x64_Data\sharedassets64.assets,9496,8032C54E,1260
0,0,COM3D2x64_Data\sharedassets65.assets,42236564,C8155223,1260
0,0,COM3D2x64_Data\sharedassets65.assets.resS,87400,8BA6C322,1260
0,0,COM3D2x64_Data\sharedassets66.assets,38246532,75555D33,1260
0,0,COM3D2x64_Data\sharedassets67.assets,32874628,4D5404EA,1260
0,0,COM3D2x64_Data\sharedassets68.assets,36735708,07613919,1260
0,0,COM3D2x64_Data\sharedassets68.assets.resS,174776,5B619AF1,1260
0,0,COM3D2x64_Data\sharedassets69.assets,41277384,C6D6FE88,1260
0,0,COM3D2x64_Data\sharedassets7.assets,7012,1270A4E0,1260
0,0,COM3D2x64_Data\sharedassets70.assets,39399136,0108D58B,1260
0,0,COM3D2x64_Data\sharedassets71.assets,3017132,AB75FB94,1260
0,0,COM3D2x64_Data\sharedassets71.assets.resS,611728,7BFBEAAE,1260
0,0,COM3D2x64_Data\sharedassets72.assets,9556,91DCAEEE,1260
0,0,COM3D2x64_Data\sharedassets73.assets,6532,86FBFFC9,1260
0,0,COM3D2x64_Data\sharedassets74.assets,6532,86FBFFC9,1260
0,0,COM3D2x64_Data\sharedassets75.assets,6532,86FBFFC9,1260
0,0,COM3D2x64_Data\sharedassets76.assets,12592,332E9B9F,1260
0,0,COM3D2x64_Data\sharedassets77.assets,9508,59F23A3A,1260
0,0,COM3D2x64_Data\sharedassets78.assets,6496,B1D7241E,1260
0,0,COM3D2x64_Data\sharedassets79.assets,59388,417C501F,1260
0,0,COM3D2x64_Data\sharedassets79.assets.resS,174776,B51EE5DC,1260
0,0,COM3D2x64_Data\sharedassets8.assets,6172,A607FBB1,1260
0,0,COM3D2x64_Data\sharedassets80.assets,6508,8B51294A,1260
0,0,COM3D2x64_Data\sharedassets81.assets,6748,42F355C8,1260
0,0,COM3D2x64_Data\sharedassets82.assets,759784,1387660C,1260
0,0,COM3D2x64_Data\sharedassets82.assets.resS,1313704,3444C1DB,1260
0,0,COM3D2x64_Data\sharedassets82.resource,1178176,90268BF4,1260
0,0,COM3D2x64_Data\sharedassets83.assets,9364,5299139A,1260
0,0,COM3D2x64_Data\sharedassets84.assets,3412536,C845743F,1260
0,0,COM3D2x64_Data\sharedassets84.assets.resS,6226112,B3E98769,1260
0,0,COM3D2x64_Data\sharedassets85.assets,6604,2DF863EA,1260
0,0,COM3D2x64_Data\sharedassets86.assets,25592,78510E09,1260
0,0,COM3D2x64_Data\sharedassets86.assets.resS,46528,D3D45DD7,1260
0,0,COM3D2x64_Data\sharedassets87.assets,9496,8032C54E,1260
0,0,COM3D2x64_Data\sharedassets9.assets,7108,689595B4,1260
0,0,COM3D2x64_Data\Managed\Accessibility.dll,10752,5CB31E4E,1260
0,0,COM3D2x64_Data\Managed\Assembly-CSharp-firstpass.dll,783872,486B2D1D,1260
0,0,COM3D2x64_Data\Managed\Assembly-CSharp.dll,5104640,BF471544,1260
0,0,COM3D2x64_Data\Managed\Assembly-UnityScript-firstpass.dll,65024,C4F1CDF7,1260
0,0,COM3D2x64_Data\Managed\Boo.Lang.dll,126976,28383F70,1260
0,0,COM3D2x64_Data\Managed\BouncyCastle.Crypto.dll,2236416,5A4C4F07,1260
0,0,COM3D2x64_Data\Managed\FoveUnityPlugin.dll,28672,A6EA882B,1260
0,0,COM3D2x64_Data\Managed\ICSharpCode.SharpZipLib.dll,200704,D3160A1C,1260
0,0,COM3D2x64_Data\Managed\Ionic.Zlib.dll,102400,7C9E7DD2,1260
0,0,COM3D2x64_Data\Managed\JsonFx.Json.dll,70144,A0F0CFCB,1260
0,0,COM3D2x64_Data\Managed\LeapCSharp.NET3.5.dll,82432,38E38212,1260
0,0,COM3D2x64_Data\Managed\Mono.Data.Tds.dll,96256,2965324B,1260
0,0,COM3D2x64_Data\Managed\Mono.Posix.dll,184320,0CE35BE3,1260
0,0,COM3D2x64_Data\Managed\Mono.Security.dll,294912,66EB9979,1260
0,0,COM3D2x64_Data\Managed\Mono.WebBrowser.dll,172032,137B736F,1260
0,0,COM3D2x64_Data\Managed\mscorlib.dll,2590208,5166389B,1260
0,0,COM3D2x64_Data\Managed\Newtonsoft.Json.dll,494592,5C881B73,1260
0,0,COM3D2x64_Data\Managed\System.Configuration.dll,124928,72952344,1260
0,0,COM3D2x64_Data\Managed\System.Core.dll,297472,9E3EE5D7,1260
0,0,COM3D2x64_Data\Managed\System.Data.dll,856064,DDDB80CD,1260
0,0,COM3D2x64_Data\Managed\System.dll,1679360,13922617,1260
0,0,COM3D2x64_Data\Managed\System.Drawing.Design.dll,29696,E7B53FF9,1260
0,0,COM3D2x64_Data\Managed\System.Drawing.dll,448512,C4B2E872,1260
0,0,COM3D2x64_Data\Managed\System.EnterpriseServices.dll,46592,2C72A9FE,1260
0,0,COM3D2x64_Data\Managed\System.Security.dll,135168,1CE94C57,1260
0,0,COM3D2x64_Data\Managed\System.Transactions.dll,27648,45299FCF,1260
0,0,COM3D2x64_Data\Managed\System.Windows.Forms.dll,3053568,56394001,1260
0,0,COM3D2x64_Data\Managed\System.Xml.dll,1270272,4581A35B,1260
0,0,COM3D2x64_Data\Managed\System.Xml.Linq.dll,106496,E844371C,1260
0,0,COM3D2x64_Data\Managed\UnityEngine.dll,1393152,2C35388C,1260
0,0,COM3D2x64_Data\Managed\UnityEngine.dll.mdb,449828,8610375E,1260
0,0,COM3D2x64_Data\Managed\UnityEngine.Networking.dll,253952,2BDF701F,1260
0,0,COM3D2x64_Data\Managed\UnityEngine.UI.dll,245760,FA552B2D,1260
0,0,COM3D2x64_Data\Managed\UnityEngine.VR.dll,3072,A4582CD6,1260
0,0,COM3D2x64_Data\Managed\UnityScript.Lang.dll,13824,0DA8F681,1260
0,0,COM3D2x64_Data\Managed\zxing.unity.dll,430592,9FD1F198,1260
0,0,COM3D2x64_Data\Mono\mono.dll,2618816,0BEA8C0F,1260
0,0,COM3D2x64_Data\Mono\MonoPosixHelper.dll,113664,9B5E1E4D,1260
0,0,COM3D2x64_Data\Mono\etc\mono\browscap.ini,311984,CE6C0AB3,1260
0,0,COM3D2x64_Data\Mono\etc\mono\config,1691,A635914A,1260
0,0,COM3D2x64_Data\Mono\etc\mono\1.0\DefaultWsdlHelpGenerator.aspx,58196,10E814BF,1260
0,0,COM3D2x64_Data\Mono\etc\mono\1.0\machine.config,17258,EDE1AC59,1260
0,0,COM3D2x64_Data\Mono\etc\mono\2.0\DefaultWsdlHelpGenerator.aspx,60453,F3869A34,1260
0,0,COM3D2x64_Data\Mono\etc\mono\2.0\machine.config,27625,73C91C24,1260
0,0,COM3D2x64_Data\Mono\etc\mono\2.0\settings.map,2618,A1A3C29F,1260
0,0,COM3D2x64_Data\Mono\etc\mono\2.0\web.config,11686,534A9960,1260
0,0,COM3D2x64_Data\Mono\etc\mono\2.0\Browsers\Compat.browser,1605,2E178A0B,1260
0,0,COM3D2x64_Data\Mono\etc\mono\mconfig\config.xml,25817,80B2033A,1260
0,0,COM3D2x64_Data\Plugins\assimp.dll,4388864,7C910D84,1260
0,0,COM3D2x64_Data\Plugins\Audio360.dll,1499136,2D77400A,1260
0,0,COM3D2x64_Data\Plugins\AVProVideo.dll,891392,A3612D4B,1260
0,0,COM3D2x64_Data\Plugins\clothpp.dll,112128,7C3264A4,1260
0,0,COM3D2x64_Data\Plugins\cm3d2.dll,2100736,74B315EF,1260
0,0,COM3D2x64_Data\Plugins\device_hook.dll,738816,F61E7CED,1260
0,0,COM3D2x64_Data\Plugins\FoveClient.dll,1849384,58C8B4F6,1260
0,0,COM3D2x64_Data\Plugins\LeapC.dll,2516992,FBDD3767,1260
0,0,COM3D2x64_Data\Plugins\openvr_api.dll,318272,44432E0F,1260
0,0,COM3D2x64_Data\Plugins\OVRGamepad.dll,12800,2C526135,1260
0,0,COM3D2x64_Data\Plugins\OVRLipSync.dll,2512296,391C1F4C,1260
0,0,COM3D2x64_Data\Plugins\OVRPlugin.dll,1898408,5DD05B6C,1260
0,0,COM3D2x64_Data\Resources\unity default resources,752360,71DB1AEA,1260
0,0,COM3D2x64_Data\Resources\unity_builtin_extra,284012,91145F7F,1260
0,0,GameData\bg_kissevent2018_sp_card_2.arc,493322,140250D1,1100
0,0,GameData\bg_sp001_2.arc,16204240,91030B15,1000
0,0,GameData\csv.arc,4600922,453C55AD,1260
0,0,GameData\csv_gp001_2.arc,30290,531A2004,1250
0,0,GameData\csv_old_2.arc,1746,7AD2A97C,1150
0,0,GameData\csv_ordermade001_2.arc,770,422A7575,1150
0,0,GameData\motion2.arc,117240264,075AEE97,1260
0,0,GameData\motion_3d21reserve_2.arc,153931,C630D84E,1100
0,0,GameData\motion_charaevent001_2.arc,1620106,06D07D92,1250
0,0,GameData\motion_charaevent002_2.arc,437689,A5EFDC3F,1230
0,0,GameData\motion_charaevent004_2.arc,1873028,B7C13F05,1250
0,0,GameData\motion_charaevent005_2.arc,585864,6CB6FD23,1250
0,0,GameData\motion_cos021_2.arc,323647,5697AC81,1061
0,0,GameData\motion_denkigai2017w_2.arc,1466874,DEACF6A8,1070
0,0,GameData\motion_gp001_2.arc,43858002,FC720138,1260
0,0,GameData\motion_kissnohi001_2.arc,158459,BD4D598E,1200
0,0,GameData\motion_omytgc002_2.arc,2519856,1A256F35,1260
0,0,GameData\parts2.arc,153130611,9C6CDEB8,1250
0,0,GameData\parts_dlc209_2.arc,1363413,BF1ABBC0,1171
0,0,GameData\parts_dlc216_2.arc,932171,E7454670,1200
0,0,GameData\parts_dlc232_2.arc,3682,115DEE3E,1250
0,0,GameData\parts_gp001_2.arc,45293283,8FDBD530,1260
0,0,GameData\parts_magazine003_2.arc,201385,3A5B273D,1120
0,0,GameData\parts_omvr.arc,3206509,4F0D0480,1120
0,0,GameData\parts_kissevent2018_2.arc,5570,005BBD00,1100
0,0,GameData\parts_shop016_2.arc,171410,3D70CEC4,1060
0,0,GameData\parts_sp002cloth1_2.arc,10930,46512519,1250
0,0,GameData\parts_vac001_2.arc,6706,959CBD1B,1250
0,0,GameData\paths.dat,4282,7009E1C9,1260
0,0,GameData\prioritymaterial.arc,316628,A59B5450,1260
0,0,GameData\script.arc,12104401,D87777E3,1260
0,0,GameData\script_charaevent001_2.arc,30674,FD2BB099,1090
0,0,GameData\script_charaevent002ntr_2.arc,16114,A039DACC,1150
0,0,GameData\script_charaevent004ntr_2.arc,16450,5334480E,1220
0,0,GameData\script_cos021_2.arc,109385,684D92BB,1140
0,0,GameData\script_denkigai2017w_2.arc,430750,44E8DF34,1140
0,0,GameData\script_denkigai2018s_2.arc,10274,96AE23D5,1191
0,0,GameData\script_exm001_2.arc,2738,7DFDDDE5,1070
0,0,GameData\script_gp001_2.arc,705865,D2341CCB,1250
0,0,GameData\script_old_2.arc,619189,05900591,1250
0,0,GameData\script_omytgc001_2.arc,8338,3D4B84BA,1250
0,0,GameData\script_omytgc003_2.arc,4402,0FF93434,1250
0,0,GameData\script_ordermade001_2.arc,116201,357EC67E,1180
0,0,GameData\script_ordermade002_2.arc,1618,8884C475,1210
0,0,GameData\script_ordermade003_2.arc,1570,29033AAD,1210
0,0,GameData\script_ordermade004_2.arc,1618,4C783E62,1210
0,0,GameData\script_personal_om001_2.arc,5314,520D3EE4,1210
0,0,GameData\script_personal_om001plus_2.arc,3618,398FD328,1220
0,0,GameData\script_personal_om002_2.arc,5794,AE80C769,1250
0,0,GameData\script_personal_om003_2.arc,5138,08ADE2A5,1260
0,0,GameData\script_share_karaoke_2.arc,8074,468A97FC,1250
0,0,GameData\sound2.arc,2831373,17A6CBF3,1050
0,0,GameData\system2.arc,11544153,52D88860,1240
0,0,GameData\system_gp001_2.arc,6701489,CA268CBA,1230
0,0,GameData\voice2.arc,290927757,4A9F23CB,1250
0,0,GameData\voice_gp001_2.arc,125113963,C8247800,1250
0,0,GameData_20\bg_vp001_2.arc,283046,A7A90EE1,1190
0,0,GameData_20\material_denkigai2015w_2.arc,3490,F06AAABE,1090
0,0,GameData_20\material_dlc195_2.arc,1746,ECFBFE17,1090
0,0,GameData_20\material_dlcdenkigai2015w_2.arc,3522,D35394D7,1090
0,0,GameData_20\material_dlcdenkigai2017w_2.arc,3506,40FF8AFA,1090
0,0,GameData_20\material_kissevent2017march_2.arc,3538,7A6FC5CF,1090
0,0,GameData_20\menu_dlc195_2.arc,1170,BF163DDC,1090
0,0,GameData_20\model_denkigai2015w_2.arc,174373,F9233759,1090
0,0,GameData_20\model_dlc195_2.arc,583563,16C95E54,1090
0,0,GameData_20\model_dlcdenkigai2015w_2.arc,174400,BE6E5467,1090
0,0,GameData_20\model_dlcdenkigai2017w_2.arc,181384,6D5B735E,1090
0,0,GameData_20\model_kissevent2017march_2.arc,190682,21F32FCB,1090
0,0,GameData_20\texture_dlc195_2.arc,16075880,456A4C76,1090
0,0,GameData_20\paths.dat,5091,D094E2BE,1580
0,0,GameData_20\prioritymaterial.arc,221488,580931AC,1582
0,0,GameData_20\material_denkigai2015s003_2.arc,7106,0C82D791,1150
0,0,GameData_20\material_denkigai2015wTowelR.arc,1602,618192B9,1360
0,0,GameData_20\material_dlc055_2.arc,5282,11A93109,1280
0,0,GameData_20\material_dlsite_2.arc,1762,C5A837EA,1150
0,0,GameData_20\material_shop001_2.arc,1762,D98CED1C,1150
0,0,GameData_20\material_shop002_2.arc,1762,956BB00E,1150
0,0,GameData_20\material_shop003_2.arc,1762,38CEBFF2,1150
0,0,GameData_20\material_shop005_2.arc,1714,3E621A32,1150
0,0,GameData_20\material_shop007_2.arc,2578,C8CE627C,1150
0,0,GameData_20\material_vp001_2.arc,11890,8CB043B0,1400
0,0,GameData_20\material_yomeido003_2.arc,1522,0689A7AC,1240
0,0,GameData_20\menu_denkigai2015s001_2.arc,6594,8B3E849F,1160
0,0,GameData_20\menu_denkigai2015s003_2.arc,4338,D294CE88,1150
0,0,GameData_20\menu_denkigai2015wTowelR.arc,1282,CECEE1FC,1360
0,0,GameData_20\menu_denkigai2016s_2.arc,1346,4A9440B1,1351
0,0,GameData_20\menu_denkigai2016w_2.arc,15154,C8D64D3B,1450
0,0,GameData_20\menu_denkigai2017s_2.arc,1218,267B1338,1540
0,0,GameData_20\menu_dlcdenkigai2016w_2.arc,13522,45E7F667,1450
0,0,GameData_20\menu_dlcdenkigai2017s_2.arc,1218,A6C83B5D,1540
0,0,GameData_20\menu_dlc026_2.arc,3778,69453D54,1190
0,0,GameData_20\menu_dlc028_2.arc,3874,DE3F1C31,1200
0,0,GameData_20\menu_dlc041_2.arc,6786,97F738D3,1380
0,0,GameData_20\menu_dlc042_2.arc,1154,EE4016C0,1440
0,0,GameData_20\menu_dlc049_2.arc,3106,E30D6F4C,1522
0,0,GameData_20\menu_dlc061_2.arc,3810,F99C1D4E,1290
0,0,GameData_20\menu_dlc065_2.arc,7602,D9387834,1380
0,0,GameData_20\menu_dlc074_2.arc,5618,24C559D7,1312
0,0,GameData_20\menu_dlc100_2.arc,1250,DFF94E9A,1400
0,0,GameData_20\menu_dlc101_2.arc,1218,44DB4049,1481
0,0,GameData_20\menu_dlsite_2.arc,1954,B2268BA7,1150
0,0,GameData_20\menu_kissevent2017march.arc,281,FF4EEB9B,1522
0,0,GameData_20\menu_kissevent2017march_2.arc,106624,14291926,1631
0,0,GameData_20\menu_magazine002_2.arc,12498,691C1126,1471
0,0,GameData_20\menu_personal002_2.arc,1282,5687650C,1310
0,0,GameData_20\menu_shop001_2.arc,3314,35207C87,1150
0,0,GameData_20\menu_shop005_2.arc,1378,0C9AF725,1150
0,0,GameData_20\menu_vp001_2.arc,19138,7C7AFD9C,1400
0,0,GameData_20\menu_yomeido003_2.arc,1234,4D6F619D,1240
0,0,GameData_20\menu_yomeidogp_wedding_2.arc,3954,C251B12C,1320
0,0,GameData_20\model_denkigai2015s003_2.arc,394665,41A48185,1150
0,0,GameData_20\model_denkigai2015wTowelR.arc,38258,FB570A24,1360
0,0,GameData_20\model_denkigai2017s_2.arc,462663,8917104A,1582
0,0,GameData_20\model_dlcdenkigai2017s_2.arc,462667,9F0C3D54,1582
0,0,GameData_20\model_dlc005_2.arc,175424,F7DD7D82,1270
0,0,GameData_20\model_dlc046_2.arc,155690,83B34173,1220
0,0,GameData_20\model_dlc073_2.arc,267037,47D33A06,1320
0,0,GameData_20\model_dlc100_2.arc,691347,7C3D679D,1400
0,0,GameData_20\model_dlc109_2.arc,137998,8FCCF513,1460
0,0,GameData_20\model_dlc151_2.arc,213532,8C3C80C3,1520
0,0,GameData_20\model_dlsite_2.arc,197173,24366C43,1150
0,0,GameData_20\model_shop001_2.arc,115215,9C941FAF,1150
0,0,GameData_20\model_shop002_2.arc,251253,743C3D97,1150
0,0,GameData_20\model_shop003_2.arc,185433,A15EC70A,1150
0,0,GameData_20\model_shop005_2.arc,150103,FB5341FA,1150
0,0,GameData_20\model_shop007_2.arc,288759,80615CBD,1150
0,0,GameData_20\model_vp001_2.arc,647957,D68B5D2F,1400
0,0,GameData_20\texture_denkigai2015wTowelR.arc,133065,FE4BDC34,1360
0,0,GameData_20\texture_denkigai2016w_2.arc,10105247,3B4641C3,1450
0,0,GameData_20\texture_dlcdenkigai2016w_2.arc,10105332,90868016,1450
0,0,GameData_20\texture_kissevent2017march.arc,281,FF4EEB9B,1522
0,0,GameData_20\texture_kissevent2017march_2.arc,79432604,C7DD457A,1631
0,0,GameData_20\texture_dlc004_2.arc,4805734,C8E5CFB4,1200
0,0,GameData_20\texture_dlc046_2.arc,596960,FC606BA5,1220
0,0,GameData_20\texture_vp001_2.arc,755269,18D5027D,1400
0,0,GameData_20\texture_yomeido003_2.arc,117248,0EE72B42,1240
0,0,manual\favicon.ico,370070,687492C6,1050
0,0,manual\index.html,71545,035C59F0,1060
0,0,manual\css\close.png,1250,304A1D8C,1050
0,0,manual\css\common.css,3409,BA5B06EB,1050
0,0,manual\css\index.css,6614,38725E3B,1050
0,0,manual\css\lightbox.css,3674,9235D408,1050
0,0,manual\css\loading.gif,1279,72456323,1050
0,0,manual\css\next.png,1682,E0895D01,1050
0,0,manual\css\prev.png,1666,12F2027E,1050
0,0,manual\img\casino01.jpg,272694,C6FE6781,1050
0,0,manual\img\clubstatus.jpg,36546,DAA11F1D,1050
0,0,manual\img\com3d2_logo.png,100187,28605834,1050
0,0,manual\img\comp01.jpg,54909,F2AE5CE1,1050
0,0,manual\img\comp02.jpg,87599,493340A0,1050
0,0,manual\img\config.jpg,156802,1871EF55,1050
0,0,manual\img\dance01.jpg,305648,B87D0340,1050
0,0,manual\img\dance02.jpg,345535,27BEFAE3,1050
0,0,manual\img\edit01.jpg,312602,CB3E64D0,1050
0,0,manual\img\edit02.jpg,278318,878B2857,1050
0,0,manual\img\event01.jpg,194983,E4E03D42,1050
0,0,manual\img\facilitysetting01.jpg,338947,40D2A7D3,1050
0,0,manual\img\facilitysetting02.jpg,185709,12E0C653,1050
0,0,manual\img\facilitysetting03.jpg,267150,D08D54B7,1050
0,0,manual\img\kashizuki01.jpg,210954,8E6084EA,1050
0,0,manual\img\kashizuki02.jpg,209895,BD363567,1050
0,0,manual\img\kashizuki03.jpg,215560,D28EDBD6,1050
0,0,manual\img\kiss_logo.png,6459,7966A6E9,1050
0,0,manual\img\maidmanagement01.jpg,242517,21B3E491,1050
0,0,manual\img\maidmanagement02.jpg,140237,945D483D,1050
0,0,manual\img\maidmanagement03.jpg,208300,B7C8F3CD,1050
0,0,manual\img\mainmenu01.jpg,208641,7218A847,1060
0,0,manual\img\mainmenu02.jpg,193956,4C7EF1A8,1050
0,0,manual\img\myroom.jpg,225108,398BA2D8,1050
0,0,manual\img\myroom.psd,1301284,E3472053,1050
0,0,manual\img\reminiscence01.jpg,236014,B0302E74,1050
0,0,manual\img\schedule01.jpg,198475,6AD2FF8C,1050
0,0,manual\img\schedule02.jpg,240595,AE23B15D,1050
0,0,manual\img\shitsu_mode.jpg,166109,966737E0,1050
0,0,manual\img\shop.jpg,216722,67700EE6,1050
0,0,manual\img\studio.jpg,328576,FC7FDE83,1050
0,0,manual\img\system01.jpg,67204,A61273B1,1050
0,0,manual\img\yotogi01.jpg,283179,93847FCE,1050
0,0,manual\img\yotogi02.jpg,278963,0959D75C,1050
0,0,manual\img\yotogi03.jpg,243961,20F88D92,1050
0,0,manual\sys\common.js,240,976D3DF4,1050
0,0,manual\sys\jquery-3.1.0.min.js,86351,AE6B746B,1050
0,0,manual\sys\jquery.lazy.min.js,5022,FEEB9C66,1050
0,0,manual\sys\lightbox.js,18410,F90AE353,1050
