0,0,COM3D2x64_Data\Managed\Accessibility.dll,10752,5CB31E4E,30300
0,0,COM3D2x64_Data\Managed\Assembly-CSharp.dll,5852672,7F6B9358,30301
0,0,COM3D2x64_Data\Managed\Assembly-CSharp-firstpass.dll,785920,7AF2896E,30300
0,0,COM3D2x64_Data\Managed\Assembly-UnityScript-firstpass.dll,65024,22545BBE,30300
0,0,COM3D2x64_Data\Managed\Boo.Lang.dll,126976,28383F70,30300
0,0,COM3D2x64_Data\Managed\BouncyCastle.Crypto.dll,2236416,5A4C4F07,30300
0,0,COM3D2x64_Data\Managed\FoveUnityPlugin.dll,28672,A6EA882B,30300
0,0,COM3D2x64_Data\Managed\ICSharpCode.SharpZipLib.dll,200704,D3160A1C,30300
0,0,COM3D2x64_Data\Managed\Ionic.Zlib.dll,102400,7C9E7DD2,30300
0,0,COM3D2x64_Data\Managed\JsonFx.Json.dll,70144,A0F0CFCB,30300
0,0,COM3D2x64_Data\Managed\LeapCSharp.NET3.5.dll,82432,38E38212,30300
0,0,COM3D2x64_Data\Managed\Mono.Data.Tds.dll,96256,2965324B,30300
0,0,COM3D2x64_Data\Managed\Mono.Posix.dll,184320,0CE35BE3,30300
0,0,COM3D2x64_Data\Managed\Mono.Security.dll,294912,66EB9979,30300
0,0,COM3D2x64_Data\Managed\Mono.WebBrowser.dll,172032,137B736F,30300
0,0,COM3D2x64_Data\Managed\mscorlib.dll,2590208,5166389B,30300
0,0,COM3D2x64_Data\Managed\Newtonsoft.Json.dll,494592,5C881B73,30300
0,0,COM3D2x64_Data\Managed\System.Configuration.dll,124928,72952344,30300
0,0,COM3D2x64_Data\Managed\System.Core.dll,297472,9E3EE5D7,30300
0,0,COM3D2x64_Data\Managed\System.Data.dll,856064,DDDB80CD,30300
0,0,COM3D2x64_Data\Managed\System.dll,1679360,13922617,30300
0,0,COM3D2x64_Data\Managed\System.Drawing.Design.dll,29696,E7B53FF9,30300
0,0,COM3D2x64_Data\Managed\System.Drawing.dll,448512,C4B2E872,30300
0,0,COM3D2x64_Data\Managed\System.EnterpriseServices.dll,46592,2C72A9FE,30300
0,0,COM3D2x64_Data\Managed\System.Security.dll,135168,1CE94C57,30300
0,0,COM3D2x64_Data\Managed\System.Transactions.dll,27648,45299FCF,30300
0,0,COM3D2x64_Data\Managed\System.Windows.Forms.dll,3053568,56394001,30300
0,0,COM3D2x64_Data\Managed\System.Xml.dll,1270272,4581A35B,30300
0,0,COM3D2x64_Data\Managed\System.Xml.Linq.dll,106496,E844371C,30300
0,0,COM3D2x64_Data\Managed\UnityEngine.dll,1393152,2C35388C,30300
0,0,COM3D2x64_Data\Managed\UnityEngine.dll.mdb,449828,8610375E,30300
0,0,COM3D2x64_Data\Managed\UnityEngine.Networking.dll,253952,2BDF701F,30300
0,0,COM3D2x64_Data\Managed\UnityEngine.UI.dll,245760,FA552B2D,30300
0,0,COM3D2x64_Data\Managed\UnityEngine.VR.dll,3072,A4582CD6,30300
0,0,COM3D2x64_Data\Managed\UnityScript.Lang.dll,13824,0DA8F681,30300
0,0,COM3D2x64_Data\Managed\Win32.dll,13312,7781C2A2,30300
0,0,COM3D2x64_Data\Managed\zxing.unity.dll,430592,9FD1F198,30300
0,0,COM3D2x64_Data\Mono\etc\mono\1.0\DefaultWsdlHelpGenerator.aspx,58196,10E814BF,30300
0,0,COM3D2x64_Data\Mono\etc\mono\1.0\machine.config,17258,EDE1AC59,30300
0,0,COM3D2x64_Data\Mono\etc\mono\2.0\Browsers\Compat.browser,1605,2E178A0B,30300
0,0,COM3D2x64_Data\Mono\etc\mono\2.0\DefaultWsdlHelpGenerator.aspx,60453,F3869A34,30300
0,0,COM3D2x64_Data\Mono\etc\mono\2.0\machine.config,27625,73C91C24,30300
0,0,COM3D2x64_Data\Mono\etc\mono\2.0\settings.map,2618,A1A3C29F,30300
0,0,COM3D2x64_Data\Mono\etc\mono\2.0\web.config,11686,534A9960,30300
0,0,COM3D2x64_Data\Mono\etc\mono\mconfig\config.xml,25817,80B2033A,30300
0,0,COM3D2x64_Data\Mono\etc\mono\browscap.ini,311984,CE6C0AB3,30300
0,0,COM3D2x64_Data\Mono\etc\mono\config,1691,A635914A,30300
0,0,COM3D2x64_Data\Mono\mono.dll,2618816,0BEA8C0F,30300
0,0,COM3D2x64_Data\Mono\MonoPosixHelper.dll,113664,9B5E1E4D,30300
0,0,COM3D2x64_Data\Plugins\assimp.dll,4388864,7C910D84,30300
0,0,COM3D2x64_Data\Plugins\Audio360.dll,1956352,0D4B8E9D,30300
0,0,COM3D2x64_Data\Plugins\AVProVideo.dll,886272,278352F0,30300
0,0,COM3D2x64_Data\Plugins\clothpp.dll,112128,7C3264A4,30300
0,0,COM3D2x64_Data\Plugins\cm3d2.dll,2083328,2C43296A,30300
0,0,COM3D2x64_Data\Plugins\device_hook.dll,738816,F61E7CED,30300
0,0,COM3D2x64_Data\Plugins\FbxExporterCore.dll,12491776,CBAA51C1,30300
0,0,COM3D2x64_Data\Plugins\FoveClient.dll,1849384,58C8B4F6,30300
0,0,COM3D2x64_Data\Plugins\LeapC.dll,2516992,FBDD3767,30300
0,0,COM3D2x64_Data\Plugins\openvr_api.dll,318272,44432E0F,30300
0,0,COM3D2x64_Data\Plugins\OVRGamepad.dll,12800,2C526135,30300
0,0,COM3D2x64_Data\Plugins\OVRLipSync.dll,2512296,391C1F4C,30300
0,0,COM3D2x64_Data\Plugins\OVRPlugin.dll,1898408,5DD05B6C,30300
0,0,COM3D2x64_Data\Plugins\Win32-WebView.dll,504832,382AEE66,30300
0,0,COM3D2x64_Data\Resources\unity default resources,752360,71DB1AEA,30300
0,0,COM3D2x64_Data\Resources\unity_builtin_extra,284012,91145F7F,30300
0,0,COM3D2x64_Data\app.info,27,F9A266E7,30300
0,0,COM3D2x64_Data\globalgamemanagers,4536188,5ED2DB5A,30300
0,0,COM3D2x64_Data\globalgamemanagers.assets,254564,B81FF18A,30300
0,0,COM3D2x64_Data\level0,329772,83CCD81B,30300
0,0,COM3D2x64_Data\level1,352916,E1377D63,30300
0,0,COM3D2x64_Data\level2,347748,FED5CA5D,30300
0,0,COM3D2x64_Data\level3,1207844,0DCADBCB,30300
0,0,COM3D2x64_Data\level4,1218396,122F266B,30300
0,0,COM3D2x64_Data\level5,1312548,0CAA34FA,30300
0,0,COM3D2x64_Data\level6,331268,9CBFB6DF,30300
0,0,COM3D2x64_Data\level7,1066108,E02AEC9D,30300
0,0,COM3D2x64_Data\level8,362140,63C0B227,30300
0,0,COM3D2x64_Data\level9,421428,7DBD4C13,30300
0,0,COM3D2x64_Data\level10,356628,43984DF4,30300
0,0,COM3D2x64_Data\level11,330300,ED5846D1,30300
0,0,COM3D2x64_Data\level12,397732,74AECE0F,30300
0,0,COM3D2x64_Data\level13,333412,E7748E1C,30300
0,0,COM3D2x64_Data\level14,831412,4E1338A8,30300
0,0,COM3D2x64_Data\level15,7476,6D88BB4C,30300
0,0,COM3D2x64_Data\level16,332228,FC0D374A,30300
0,0,COM3D2x64_Data\level17,4664,BE11E972,30300
0,0,COM3D2x64_Data\level18,348916,558138B4,30300
0,0,COM3D2x64_Data\level19,338612,C1EAFF21,30300
0,0,COM3D2x64_Data\level20,960852,9CCA76C3,30300
0,0,COM3D2x64_Data\level21,431436,95EE86CD,30300
0,0,COM3D2x64_Data\level22,1090508,F3B785F3,30300
0,0,COM3D2x64_Data\level23,414916,F9200A76,30300
0,0,COM3D2x64_Data\level24,685268,856EE889,30300
0,0,COM3D2x64_Data\level25,352268,A65ED4A7,30300
0,0,COM3D2x64_Data\level26,2202388,DC144D83,30300
0,0,COM3D2x64_Data\level27,1120516,DBACFA5E,30300
0,0,COM3D2x64_Data\level28,352268,B1FC8F43,30300
0,0,COM3D2x64_Data\level29,1093820,3027FAB1,30300
0,0,COM3D2x64_Data\level30,344892,F8E3A5D0,30300
0,0,COM3D2x64_Data\level31,451988,2D197242,30300
0,0,COM3D2x64_Data\level32,27904,E7D8C2FB,30300
0,0,COM3D2x64_Data\level32.resS,131232,851AC384,30300
0,0,COM3D2x64_Data\level33,51676,4EE38F86,30300
0,0,COM3D2x64_Data\level34,56036,4E66E9F5,30300
0,0,COM3D2x64_Data\level35,6944,2F6F2900,30300
0,0,COM3D2x64_Data\level36,330676,2836C38B,30300
0,0,COM3D2x64_Data\level37,1581820,06F887BD,30300
0,0,COM3D2x64_Data\level38,1438452,C527A17E,30300
0,0,COM3D2x64_Data\level39,1460052,AA60A56C,30300
0,0,COM3D2x64_Data\level40,448332,C676CF9B,30300
0,0,COM3D2x64_Data\level41,399716,3390531A,30300
0,0,COM3D2x64_Data\level42,430860,523C909A,30300
0,0,COM3D2x64_Data\level43,1355452,BEA6DA44,30300
0,0,COM3D2x64_Data\level44,1419924,00E34313,30300
0,0,COM3D2x64_Data\level45,1545332,B90F0DD9,30300
0,0,COM3D2x64_Data\level46,418300,C98819B5,30300
0,0,COM3D2x64_Data\level47,385396,5F439A7A,30300
0,0,COM3D2x64_Data\level48,443764,8B7B6B37,30300
0,0,COM3D2x64_Data\level49,400988,07DB5D22,30300
0,0,COM3D2x64_Data\level50,1380204,791B2D9B,30300
0,0,COM3D2x64_Data\level51,385548,A88C662D,30300
0,0,COM3D2x64_Data\level52,663748,A6D9EB91,30300
0,0,COM3D2x64_Data\level53,542148,75CE5179,30300
0,0,COM3D2x64_Data\level54,354164,E8E07000,30300
0,0,COM3D2x64_Data\level55,1282164,239615AD,30300
0,0,COM3D2x64_Data\level56,1032940,038FE915,30300
0,0,COM3D2x64_Data\level57,1040228,3256401D,30300
0,0,COM3D2x64_Data\level58,1282172,38015CDE,30300
0,0,COM3D2x64_Data\level59,1162924,D2830514,30300
0,0,COM3D2x64_Data\level60,951492,09CF8C83,30300
0,0,COM3D2x64_Data\level61,1237900,F5D1310C,30300
0,0,COM3D2x64_Data\level62,1338900,3282F2A5,30300
0,0,COM3D2x64_Data\level63,685652,B08A3C28,30300
0,0,COM3D2x64_Data\level64,923724,0EC0CFE3,30300
0,0,COM3D2x64_Data\level65,405604,39EC2F0F,30300
0,0,COM3D2x64_Data\level66,401972,A77CDF92,30300
0,0,COM3D2x64_Data\level67,445684,5BD56BA9,30300
0,0,COM3D2x64_Data\level68,467812,BFFE077F,30300
0,0,COM3D2x64_Data\level69,396212,BAE1B969,30300
0,0,COM3D2x64_Data\level70,456172,465B9902,30300
0,0,COM3D2x64_Data\level71,1045732,3504FB2C,30300
0,0,COM3D2x64_Data\level72,970300,DE9C4B49,30300
0,0,COM3D2x64_Data\level73,449004,AA6C913B,30300
0,0,COM3D2x64_Data\level74,471148,1C3404F8,30300
0,0,COM3D2x64_Data\level75,461732,4A46C8D0,30300
0,0,COM3D2x64_Data\level76,1050140,84010C0E,30300
0,0,COM3D2x64_Data\level77,1010580,C085005E,30300
0,0,COM3D2x64_Data\level78,454780,ED8AE487,30300
0,0,COM3D2x64_Data\level79,439300,F9399235,30300
0,0,COM3D2x64_Data\level80,420988,14E4A034,30300
0,0,COM3D2x64_Data\level81,363916,F55EBCCC,30300
0,0,COM3D2x64_Data\level82,1389532,3C6441B5,30300
0,0,COM3D2x64_Data\level83,1330452,0E8C0349,30300
0,0,COM3D2x64_Data\level84,507788,5F82FFE8,30300
0,0,COM3D2x64_Data\level85,409788,F9C90BB8,30300
0,0,COM3D2x64_Data\level86,1258468,DC8DB52E,30300
0,0,COM3D2x64_Data\level87,976308,D26AFD10,30300
0,0,COM3D2x64_Data\level88,1434948,6B888674,30300
0,0,COM3D2x64_Data\level89,1376084,689CBC90,30300
0,0,COM3D2x64_Data\level90,1581828,3FE50ED7,30300
0,0,COM3D2x64_Data\level91,1545340,4CEA617A,30300
0,0,COM3D2x64_Data\level92,1377244,BA40636E,30300
0,0,COM3D2x64_Data\level93,1343188,815FF691,30300
0,0,COM3D2x64_Data\level94,430740,1E3AA1B2,30300
0,0,COM3D2x64_Data\level95,411188,86A963EB,30300
0,0,COM3D2x64_Data\level96,1054996,EE47175B,30300
0,0,COM3D2x64_Data\level97,856284,42D5722E,30300
0,0,COM3D2x64_Data\level98,963052,999FD7A4,30300
0,0,COM3D2x64_Data\level99,857252,DEEBE56F,30300
0,0,COM3D2x64_Data\level100,1035708,F7C07013,30300
0,0,COM3D2x64_Data\level101,1699332,FCC34E2C,30300
0,0,COM3D2x64_Data\level102,1650396,1EA31B46,30300
0,0,COM3D2x64_Data\level103,1118844,01472F00,30300
0,0,COM3D2x64_Data\level104,1062684,732BC896,30300
0,0,COM3D2x64_Data\level105,1518140,793D0D94,30300
0,0,COM3D2x64_Data\level106,1617068,06A73498,30300
0,0,COM3D2x64_Data\level107,1060580,9E9659CD,30300
0,0,COM3D2x64_Data\level108,976124,77434DA0,30300
0,0,COM3D2x64_Data\level109,1685076,95233DDE,30300
0,0,COM3D2x64_Data\level110,1581884,A0F19479,30300
0,0,COM3D2x64_Data\level111,472436,5D6A2859,30300
0,0,COM3D2x64_Data\level112,492228,346CE0AF,30300
0,0,COM3D2x64_Data\level113,580700,026D311D,30300
0,0,COM3D2x64_Data\level114,540156,C98B21E1,30300
0,0,COM3D2x64_Data\level114.resS,131232,9337BCA3,30300
0,0,COM3D2x64_Data\level115,467492,06E580CD,30300
0,0,COM3D2x64_Data\level116,566724,C4F6DE10,30300
0,0,COM3D2x64_Data\level117,490812,961173A4,30300
0,0,COM3D2x64_Data\level118,1739732,BFA1FE1C,30300
0,0,COM3D2x64_Data\level119,1482300,95DF63FD,30300
0,0,COM3D2x64_Data\level120,1310340,393A1511,30300
0,0,COM3D2x64_Data\level121,1141468,5E81A168,30300
0,0,COM3D2x64_Data\level122,1228908,BA38E5F3,30300
0,0,COM3D2x64_Data\level123,1420236,B3BBE2E9,30300
0,0,COM3D2x64_Data\level124,1325964,9300454E,30300
0,0,COM3D2x64_Data\level125,944060,34A5CAAF,30300
0,0,COM3D2x64_Data\level126,561596,B9820A34,30300
0,0,COM3D2x64_Data\level127,1006948,F31E8247,30300
0,0,COM3D2x64_Data\level128,929612,27275C64,30300
0,0,COM3D2x64_Data\resources.assets,437829232,96A9AF21,30300
0,0,COM3D2x64_Data\resources.assets.resS,1798653612,B9FE68AC,30300
0,0,COM3D2x64_Data\resources.resource,727392,54F90BDA,30300
0,0,COM3D2x64_Data\sharedassets0.assets,115226588,3A452B84,30300
0,0,COM3D2x64_Data\sharedassets0.assets.resS,28071636,ECEFB46B,30300
0,0,COM3D2x64_Data\sharedassets1.assets,6256,D224F661,30300
0,0,COM3D2x64_Data\sharedassets2.assets,6292,3C64C545,30300
0,0,COM3D2x64_Data\sharedassets3.assets,7972,E15391CD,30300
0,0,COM3D2x64_Data\sharedassets4.assets,12964,39C5A5F3,30300
0,0,COM3D2x64_Data\sharedassets5.assets,7228,BEB72C0B,30300
0,0,COM3D2x64_Data\sharedassets6.assets,6136,50FA9EC6,30300
0,0,COM3D2x64_Data\sharedassets7.assets,6976,42C39FD2,30300
0,0,COM3D2x64_Data\sharedassets8.assets,6136,3BBE0BBB,30300
0,0,COM3D2x64_Data\sharedassets9.assets,7096,6C87FB8F,30300
0,0,COM3D2x64_Data\sharedassets10.assets,6112,4CB5DB83,30300
0,0,COM3D2x64_Data\sharedassets11.assets,6088,EBAC8798,30300
0,0,COM3D2x64_Data\sharedassets12.assets,6328,08770A69,30300
0,0,COM3D2x64_Data\sharedassets13.assets,6232,D36CB6DB,30300
0,0,COM3D2x64_Data\sharedassets14.assets,6688,11995CDA,30300
0,0,COM3D2x64_Data\sharedassets15.assets,4564,586AB771,30300
0,0,COM3D2x64_Data\sharedassets16.assets,6148,6F9B4A23,30300
0,0,COM3D2x64_Data\sharedassets17.assets,4132,DE8CC832,30300
0,0,COM3D2x64_Data\sharedassets18.assets,6868,59AC90AB,30300
0,0,COM3D2x64_Data\sharedassets19.assets,6232,C5392E64,30300
0,0,COM3D2x64_Data\sharedassets20.assets,12676,BB38E252,30300
0,0,COM3D2x64_Data\sharedassets21.assets,6292,36551076,30300
0,0,COM3D2x64_Data\sharedassets22.assets,12736,3415C69B,30300
0,0,COM3D2x64_Data\sharedassets23.assets,6316,2E35BB32,30300
0,0,COM3D2x64_Data\sharedassets24.assets,6376,B4146BE8,30300
0,0,COM3D2x64_Data\sharedassets25.assets,6184,97D9BDBF,30300
0,0,COM3D2x64_Data\sharedassets26.assets,7096,96CDAE86,30300
0,0,COM3D2x64_Data\sharedassets27.assets,12712,A8286CB5,30300
0,0,COM3D2x64_Data\sharedassets28.assets,6184,12E0F146,30300
0,0,COM3D2x64_Data\sharedassets29.assets,12712,A8286CB5,30300
0,0,COM3D2x64_Data\sharedassets30.assets,6112,E56B8911,30300
0,0,COM3D2x64_Data\sharedassets31.assets,18126856,CE68B2A6,30300
0,0,COM3D2x64_Data\sharedassets32.assets,12328,0F1DBBE3,30300
0,0,COM3D2x64_Data\sharedassets33.assets,4420,96CC5020,30300
0,0,COM3D2x64_Data\sharedassets34.assets,4324,3335B230,30300
0,0,COM3D2x64_Data\sharedassets35.assets,4264,EADEDC08,30300
0,0,COM3D2x64_Data\sharedassets36.assets,6124,54830E4C,30300
0,0,COM3D2x64_Data\sharedassets37.assets,12676,782BBD30,30300
0,0,COM3D2x64_Data\sharedassets38.assets,12676,2A42341A,30300
0,0,COM3D2x64_Data\sharedassets39.assets,12676,77DEF8BF,30300
0,0,COM3D2x64_Data\sharedassets40.assets,7228,97C1A868,30300
0,0,COM3D2x64_Data\sharedassets41.assets,6976,3578AB46,30300
0,0,COM3D2x64_Data\sharedassets42.assets,7252,7D63AE4D,30300
0,0,COM3D2x64_Data\sharedassets43.assets,9400,FF1C835A,30300
0,0,COM3D2x64_Data\sharedassets44.assets,9508,F053B982,30300
0,0,COM3D2x64_Data\sharedassets45.assets,9496,DD0FC0A4,30300
0,0,COM3D2x64_Data\sharedassets46.assets,8560,DEC75EFB,30300
0,0,COM3D2x64_Data\sharedassets47.assets,6592,91111961,30300
0,0,COM3D2x64_Data\sharedassets48.assets,8332,BA34C04F,30300
0,0,COM3D2x64_Data\sharedassets49.assets,792692,67A33FD4,30300
0,0,COM3D2x64_Data\sharedassets49.assets.resS,6506584,427886ED,30300
0,0,COM3D2x64_Data\sharedassets50.assets,12676,A20A8576,30300
0,0,COM3D2x64_Data\sharedassets51.assets,6580,CF132897,30300
0,0,COM3D2x64_Data\sharedassets52.assets,6748,22085D77,30300
0,0,COM3D2x64_Data\sharedassets53.assets,6520,F2F1925B,30300
0,0,COM3D2x64_Data\sharedassets54.assets,6124,80F45ECD,30300
0,0,COM3D2x64_Data\sharedassets55.assets,12760,D2037721,30300
0,0,COM3D2x64_Data\sharedassets56.assets,9292,945E719A,30300
0,0,COM3D2x64_Data\sharedassets57.assets,9328,DE045913,30300
0,0,COM3D2x64_Data\sharedassets58.assets,12760,D2037721,30300
0,0,COM3D2x64_Data\sharedassets59.assets,9532,57A87CF5,30300
0,0,COM3D2x64_Data\sharedassets60.assets,9328,DE045913,30300
0,0,COM3D2x64_Data\sharedassets61.assets,9472,548D28C7,30300
0,0,COM3D2x64_Data\sharedassets62.assets,9508,F053B982,30300
0,0,COM3D2x64_Data\sharedassets63.assets,6652,8270DB8C,30300
0,0,COM3D2x64_Data\sharedassets64.assets,9496,DD0FC0A4,30300
0,0,COM3D2x64_Data\sharedassets65.assets,42236540,BB1DCE9D,30300
0,0,COM3D2x64_Data\sharedassets65.assets.resS,87400,8BA6C322,30300
0,0,COM3D2x64_Data\sharedassets66.assets,38246508,04566486,30300
0,0,COM3D2x64_Data\sharedassets67.assets,32874604,68EA7A6B,30300
0,0,COM3D2x64_Data\sharedassets68.assets,36735684,ABA24C13,30300
0,0,COM3D2x64_Data\sharedassets68.assets.resS,174776,5B619AF1,30300
0,0,COM3D2x64_Data\sharedassets69.assets,41277360,33E2FB8C,30300
0,0,COM3D2x64_Data\sharedassets70.assets,39399112,B8A3C870,30300
0,0,COM3D2x64_Data\sharedassets71.assets,3017228,AD1A1991,30300
0,0,COM3D2x64_Data\sharedassets71.assets.resS,611728,7BFBEAAE,30300
0,0,COM3D2x64_Data\sharedassets72.assets,9556,C13D6228,30300
0,0,COM3D2x64_Data\sharedassets73.assets,6508,78241708,30300
0,0,COM3D2x64_Data\sharedassets74.assets,6508,78241708,30300
0,0,COM3D2x64_Data\sharedassets75.assets,6508,78241708,30300
0,0,COM3D2x64_Data\sharedassets76.assets,12688,8EA507E8,30300
0,0,COM3D2x64_Data\sharedassets77.assets,9508,B09A948F,30300
0,0,COM3D2x64_Data\sharedassets78.assets,6472,D08E7E36,30300
0,0,COM3D2x64_Data\sharedassets79.assets,59364,B2430C6B,30300
0,0,COM3D2x64_Data\sharedassets79.assets.resS,174776,B51EE5DC,30300
0,0,COM3D2x64_Data\sharedassets80.assets,6484,39C62322,30300
0,0,COM3D2x64_Data\sharedassets81.assets,6736,936D0594,30300
0,0,COM3D2x64_Data\sharedassets82.assets,759744,3CF77794,30300
0,0,COM3D2x64_Data\sharedassets82.assets.resS,1310880,58801C35,30300
0,0,COM3D2x64_Data\sharedassets82.resource,1178176,90268BF4,30300
0,0,COM3D2x64_Data\sharedassets83.assets,9376,6FD827C9,30300
0,0,COM3D2x64_Data\sharedassets84.assets,3412512,53D2B5FC,30300
0,0,COM3D2x64_Data\sharedassets84.assets.resS,6226112,B3E98769,30300
0,0,COM3D2x64_Data\sharedassets85.assets,6580,68EEA3E5,30300
0,0,COM3D2x64_Data\sharedassets86.assets,13936,3284B74C,30300
0,0,COM3D2x64_Data\sharedassets87.assets,9496,DD0FC0A4,30300
0,0,COM3D2x64_Data\sharedassets88.assets,12712,5582D61A,30300
0,0,COM3D2x64_Data\sharedassets89.assets,9496,B78772A6,30300
0,0,COM3D2x64_Data\sharedassets90.assets,12676,782BBD30,30300
0,0,COM3D2x64_Data\sharedassets91.assets,9496,DD0FC0A4,30300
0,0,COM3D2x64_Data\sharedassets92.assets,12712,5582D61A,30300
0,0,COM3D2x64_Data\sharedassets93.assets,10444,67538FA1,30300
0,0,COM3D2x64_Data\sharedassets94.assets,6928,07CE3F48,30300
0,0,COM3D2x64_Data\sharedassets95.assets,6436,D56C4B18,30300
0,0,COM3D2x64_Data\sharedassets96.assets,11732,6B5E993D,30300
0,0,COM3D2x64_Data\sharedassets96.resource,2729184,2D4064D6,30300
0,0,COM3D2x64_Data\sharedassets97.assets,11596,F0359D3A,30300
0,0,COM3D2x64_Data\sharedassets98.assets,8296,8412FAC6,30300
0,0,COM3D2x64_Data\sharedassets99.assets,7612,521266F4,30300
0,0,COM3D2x64_Data\sharedassets100.assets,353948,41B38AF2,30300
0,0,COM3D2x64_Data\sharedassets100.assets.resS,2272048,E50143CB,30300
0,0,COM3D2x64_Data\sharedassets100.resource,6236800,C7E9CFDE,30300
0,0,COM3D2x64_Data\sharedassets101.assets,6568400,CAC069F4,30300
0,0,COM3D2x64_Data\sharedassets101.assets.resS,10936,3B0D7ADF,30300
0,0,COM3D2x64_Data\sharedassets101.resource,1136352,956B5452,30300
0,0,COM3D2x64_Data\sharedassets102.assets,10312,E70342E4,30300
0,0,COM3D2x64_Data\sharedassets103.assets,12844,F713CD5D,30300
0,0,COM3D2x64_Data\sharedassets104.assets,9640,7243BFFE,30300
0,0,COM3D2x64_Data\sharedassets105.assets,9764,DCBC70E8,30300
0,0,COM3D2x64_Data\sharedassets105.resource,1003968,52A085C2,30300
0,0,COM3D2x64_Data\sharedassets106.assets,13000,E6BB8C7D,30300
0,0,COM3D2x64_Data\sharedassets107.assets,12904,533301CD,30300
0,0,COM3D2x64_Data\sharedassets108.assets,9580,684CD75B,30300
0,0,COM3D2x64_Data\sharedassets109.assets,13348,3D191DE0,30300
0,0,COM3D2x64_Data\sharedassets109.resource,1166848,2709F6C2,30300
0,0,COM3D2x64_Data\sharedassets110.assets,9892,BA4EA6DD,30300
0,0,COM3D2x64_Data\sharedassets111.assets,6664,A295AE09,30300
0,0,COM3D2x64_Data\sharedassets112.assets,6664,A295AE09,30300
0,0,COM3D2x64_Data\sharedassets113.assets,6628,571894B0,30300
0,0,COM3D2x64_Data\sharedassets114.assets,6340,9ADF1320,30300
0,0,COM3D2x64_Data\sharedassets115.assets,6628,571894B0,30300
0,0,COM3D2x64_Data\sharedassets116.assets,6724,7BF94D5B,30300
0,0,COM3D2x64_Data\sharedassets117.assets,6628,571894B0,30300
0,0,COM3D2x64_Data\sharedassets118.assets,12856,3A78237D,30300
0,0,COM3D2x64_Data\sharedassets119.assets,9544,8EFA5BAC,30300
0,0,COM3D2x64_Data\sharedassets120.assets,394920,4F0C9575,30300
0,0,COM3D2x64_Data\sharedassets120.assets.resS,2184640,DF887086,30300
0,0,COM3D2x64_Data\sharedassets121.assets,9748,03121952,30300
0,0,COM3D2x64_Data\sharedassets121.resource,2751968,AE761A89,30300
0,0,COM3D2x64_Data\sharedassets122.assets,12928,A570C985,30300
0,0,COM3D2x64_Data\sharedassets123.assets,12964,A23AF96F,30300
0,0,COM3D2x64_Data\sharedassets124.assets,9640,EA7080C4,30300
0,0,COM3D2x64_Data\sharedassets125.assets,7172,FA6C4175,30300
0,0,COM3D2x64_Data\sharedassets125.resource,6331552,B816A215,30300
0,0,COM3D2x64_Data\sharedassets126.assets,7048,E81CC711,30300
0,0,COM3D2x64_Data\sharedassets127.assets,86916,F41956BA,30300
0,0,COM3D2x64_Data\sharedassets127.resource,8838816,EBFF12DA,30300
0,0,COM3D2x64_Data\sharedassets128.assets,8200,C68D5589,30300
0,0,GameData\motion_3d21reserve_2.arc,153931,C630D84E,1100
0,0,GameData\motion_charaevent001_2.arc,1620106,06D07D92,1250
0,0,GameData\motion_charaevent002_2.arc,529007,1EE16A3C,1310
0,0,GameData\motion_charaevent004_2.arc,1931901,7BD7A6FB,1480
0,0,GameData\motion_charaevent005_2.arc,677366,64D8BC97,1310
0,0,GameData\motion_charaevent007_2.arc,1419293,1825E020,1280
0,0,GameData\motion_cos021_2.arc,323647,5697AC81,1061
0,0,GameData\motion_denkigai2017w_2.arc,1466874,DEACF6A8,1070
0,0,GameData\motion_dlc305_2.arc,25222244,4CA16527,1550
0,0,GameData\motion_dlc326_2.arc,1631206,BBE138BD,20300
0,0,GameData\motion_gp001_2.arc,44501550,AA93BEF1,1312
0,0,GameData\motion_gp002_2.arc,112574503,FC80466D,1590
0,0,GameData\motion_gp002p1_2.arc,45329079,CE174AA1,1620
0,0,GameData\motion_gp002p2_2.arc,188952,22E9C5B5,1550
0,0,GameData\motion_karaoke002_2.arc,28789453,C9190C57,1550
0,0,GameData\motion_karaoke003_2.arc,79208956,7035A61A,1630
0,0,GameData\motion_karaoke004_2.arc,35778249,EFF08A08,1550
0,0,GameData\motion_karaoke005_2.arc,33941499,FF27ABBD,1630
0,0,GameData\motion_kissnohi001_2.arc,158459,BD4D598E,1200
0,0,GameData\motion_omytgc002_2.arc,2611175,C672249A,1310
0,0,GameData\motion_omytgc013_2.arc,157707,6F04671D,1480
0,0,GameData\motion_omytgc015_2.arc,1631206,2DCA2474,20300
0,0,GameData\motion_personal_om005_2.arc,16232604,DF69DE56,1301
0,0,GameData\motion2.arc,273872624,E5E66E11,20300
0,0,GameData\script.arc,14411526,C48E5FA5,20300
0,0,GameData\script_acosh002_2.arc,27346,018AB628,1550
0,0,GameData\script_acosh003_2.arc,11810,9D9C96BE,1560
0,0,GameData\script_av001_2.arc,86914,3356AF70,20300
0,0,GameData\script_charaevent001_2.arc,67083,767837F0,1560
0,0,GameData\script_charaevent002_2.arc,10802,D6A8F525,1560
0,0,GameData\script_charaevent002ntr_2.arc,30530,5662AC19,1560
0,0,GameData\script_charaevent003_2.arc,13282,0ED4D03D,1560
0,0,GameData\script_charaevent003ntr_2.arc,48882,9738FE00,1560
0,0,GameData\script_charaevent004ntr_2.arc,48482,89D39803,1560
0,0,GameData\script_charaevent005ntr_2.arc,49234,5BB65AE6,1560
0,0,GameData\script_charaevent006_2.arc,6850,ABCBCA52,1432
0,0,GameData\script_charaevent006ntr_2.arc,34914,25BAC93A,1560
0,0,GameData\script_charaevent007ntr_2.arc,40866,D96F4830,1560
0,0,GameData\script_charaevent008ntr_2.arc,17218,7466AA81,1560
0,0,GameData\script_charaevent009ntr_2.arc,36066,FB256FAD,1560
0,0,GameData\script_charaevent010_2.arc,72285,22942850,1560
0,0,GameData\script_charaevent011_2.arc,53778,9758B5C0,1560
0,0,GameData\script_charaevent012_2.arc,32338,B535AE55,1560
0,0,GameData\script_charaevent012add_2.arc,32306,5B23E078,1560
0,0,GameData\script_charaevent014_2.arc,40162,CFCA3A9C,1560
0,0,GameData\script_charaevent014add_2.arc,39634,22C865A2,1560
0,0,GameData\script_charaevent015_2.arc,6722,14739805,1560
0,0,GameData\script_cos021_2.arc,109385,684D92BB,1140
0,0,GameData\script_crshop002_2.arc,4914,0BF80AC7,1560
0,0,GameData\script_crshop004_2.arc,9042,1A7953C6,1560
0,0,GameData\script_cw005_2.arc,6594,396171A3,1620
0,0,GameData\script_denkigai2017w_2.arc,430750,44E8DF34,1140
0,0,GameData\script_denkigai2018s_2.arc,10274,96AE23D5,1191
0,0,GameData\script_dlc247_2.arc,26514,BF160EF4,1310
0,0,GameData\script_dlc251_2.arc,22658,0C0DAA32,1310
0,0,GameData\script_dlc255_2.arc,5922,D1AE825D,1310
0,0,GameData\script_dlc272_2.arc,8866,229A3C4C,1310
0,0,GameData\script_dlc280_2.arc,3506,0B54F783,1320
0,0,GameData\script_dlc306_2.arc,11714,3E5A71F5,1620
0,0,GameData\script_exm001_2.arc,2738,7DFDDDE5,1070
0,0,GameData\script_gp001_2.arc,2543039,01BE5E2D,20200
0,0,GameData\script_gp001fb_2.arc,27234,BDA86D77,1560
0,0,GameData\script_gp002_2.arc,1397587,0253C423,1570
0,0,GameData\script_gp002p1_2.arc,6946,178DFCC4,1620
0,0,GameData\script_gp002p2_2.arc,2484360,F920E0B6,1431
0,0,GameData\script_gp002p5_2.arc,89365,D7B20B16,1560
0,0,GameData\script_magazine003_2.arc,14066,2D7ED3EB,1600
0,0,GameData\script_old_2.arc,652303,1BF060EC,20301
0,0,GameData\script_oldplus001_2.arc,86618,867CC37B,1560
0,0,GameData\script_oldplus002_2.arc,36802,DC82EEF5,1560
0,0,GameData\script_oldplus003_2.arc,66990,DAAE747F,1560
0,0,GameData\script_oldplus004_2.arc,24434,32D99E0A,1560
0,0,GameData\script_oldplus005_2.arc,37970,5BC053B4,1560
0,0,GameData\script_omytgc001_2.arc,54354,4F59E426,1380
0,0,GameData\script_omytgc003_2.arc,24754,7AC3F3E7,20200
0,0,GameData\script_omytgc003plus_2.arc,6690,A20613ED,1560
0,0,GameData\script_omytgc004_2.arc,60050,8AA7649B,1560
0,0,GameData\script_omytgc005_2.arc,24770,1A258D0F,1630
0,0,GameData\script_omytgc006_2.arc,11330,9CDE204D,1630
0,0,GameData\script_omytgc011_2.arc,40434,58D82FBA,1460
0,0,GameData\script_omytgc017_2.arc,4882,9CCCB2AD,1550
0,0,GameData\script_omytgc018_2.arc,43650,6F887725,1530
0,0,GameData\script_omytgc019_2.arc,60290,7839DECC,1550
0,0,GameData\script_omytgc021_add2_2.arc,1122,0C6AE0FB,20300
0,0,GameData\script_omytgc022_2.arc,147475,D364370B,1631
0,0,GameData\script_ordermade001_2.arc,161497,C6257D2E,1620
0,0,GameData\script_ordermade002_2.arc,96392,AE03F120,20200
0,0,GameData\script_ordermade003_2.arc,72580,05016677,20200
0,0,GameData\script_ordermade004_2.arc,67932,ADE56B0B,20300
0,0,GameData\script_personal_om001_2.arc,61170,7A9F2B17,1560
0,0,GameData\script_personal_om001plus_2.arc,64498,ED8B6BCD,1560
0,0,GameData\script_personal_om002_2.arc,66786,AF2C6E93,1560
0,0,GameData\script_personal_om002plus_2.arc,100186,EA96B97F,1560
0,0,GameData\script_personal_om003_2.arc,62210,9584A491,1560
0,0,GameData\script_personal_om003_gp001fb_2.arc,15746,24351033,20100
0,0,GameData\script_personal_om003plus_2.arc,28290,7709EFBB,1560
0,0,GameData\script_personal_om004_2.arc,115339,7C0E66A5,1620
0,0,GameData\script_personal_om004plus_2.arc,44146,6226012D,1560
0,0,GameData\script_personal_om005_2.arc,96327,7DABD7A9,1620
0,0,GameData\script_personal_om005plus_2.arc,57330,2588AFA5,1560
0,0,GameData\script_personal_om006_2.arc,71527,AEAFD59A,1620
0,0,GameData\script_personal_om007_2.arc,56690,B32667B5,1560
0,0,GameData\script_personal_om007plus_2.arc,15186,EBBC7D70,1560
0,0,GameData\script_personal_om008_2.arc,100902,BC1B8C2D,20200
0,0,GameData\script_personal_om008plus_2.arc,27378,AA63271E,1560
0,0,GameData\script_personal_om009_2.arc,76384,7388402F,1560
0,0,GameData\script_personal_om010_2.arc,4530,F9D86B7E,1540
0,0,GameData\script_personal_om011_2.arc,27938,573F0A43,20200
0,0,GameData\script_sp001_2.arc,2562,F985BE42,1480
0,0,GameData\script_sp006_2.arc,27250,1E97D6FD,1560
0,0,GameData\script_sp007_2.arc,53362,5A413681,1630
0,0,GameData\script_valentine2021_2.arc,22930,0C65A77A,1590
0,0,GameData\voice2.arc,563467645,828EACDF,20200
0,0,launch_resource\update\kiss_update_core.dll,671232,63D337A9,20000
0,0,launch_resource\update\update.exe,547840,A36E3FE8,20000
0,0,manual\css\close.png,1250,304A1D8C,1050
0,0,manual\css\common.css,3409,BA5B06EB,1050
0,0,manual\css\index.css,6614,38725E3B,1050
0,0,manual\css\lightbox.css,3674,9235D408,1050
0,0,manual\css\loading.gif,1279,72456323,1050
0,0,manual\css\next.png,1682,E0895D01,1050
0,0,manual\css\prev.png,1666,12F2027E,1050
0,0,manual\img\casino01.jpg,272694,C6FE6781,1050
0,0,manual\img\clubstatus.jpg,36546,DAA11F1D,1050
0,0,manual\img\com3d2_logo.png,100187,28605834,1050
0,0,manual\img\comp01.jpg,54909,F2AE5CE1,1050
0,0,manual\img\comp02.jpg,87599,493340A0,1050
0,0,manual\img\config.jpg,156802,1871EF55,1050
0,0,manual\img\dance01.jpg,305648,B87D0340,1050
0,0,manual\img\dance02.jpg,345535,27BEFAE3,1050
0,0,manual\img\edit01.jpg,312602,CB3E64D0,1050
0,0,manual\img\edit02.jpg,278318,878B2857,1050
0,0,manual\img\event01.jpg,194983,E4E03D42,1050
0,0,manual\img\facilitysetting01.jpg,338947,40D2A7D3,1050
0,0,manual\img\facilitysetting02.jpg,185709,12E0C653,1050
0,0,manual\img\facilitysetting03.jpg,267150,D08D54B7,1050
0,0,manual\img\kashizuki01.jpg,210954,8E6084EA,1050
0,0,manual\img\kashizuki02.jpg,209895,BD363567,1050
0,0,manual\img\kashizuki03.jpg,215560,D28EDBD6,1050
0,0,manual\img\kiss_logo.png,6459,7966A6E9,1050
0,0,manual\img\maidmanagement01.jpg,242517,21B3E491,1050
0,0,manual\img\maidmanagement02.jpg,140237,945D483D,1050
0,0,manual\img\maidmanagement03.jpg,208300,B7C8F3CD,1050
0,0,manual\img\mainmenu01.jpg,208641,7218A847,1060
0,0,manual\img\mainmenu02.jpg,193956,4C7EF1A8,1050
0,0,manual\img\myroom.jpg,225108,398BA2D8,1050
0,0,manual\img\myroom.psd,1301284,E3472053,1050
0,0,manual\img\reminiscence01.jpg,236014,B0302E74,1050
0,0,manual\img\schedule01.jpg,198475,6AD2FF8C,1050
0,0,manual\img\schedule02.jpg,240595,AE23B15D,1050
0,0,manual\img\shitsu_mode.jpg,166109,966737E0,1050
0,0,manual\img\shop.jpg,216722,67700EE6,1050
0,0,manual\img\studio.jpg,328576,FC7FDE83,1050
0,0,manual\img\system01.jpg,67204,A61273B1,1050
0,0,manual\img\yotogi01.jpg,283179,93847FCE,1050
0,0,manual\img\yotogi02.jpg,278963,0959D75C,1050
0,0,manual\img\yotogi03.jpg,243961,20F88D92,1050
0,0,manual\sys\common.js,240,976D3DF4,1050
0,0,manual\sys\jquery.lazy.min.js,5022,FEEB9C66,1050
0,0,manual\sys\jquery-3.1.0.min.js,86351,AE6B746B,1050
0,0,manual\sys\lightbox.js,18410,F90AE353,1050
0,0,manual\favicon.ico,370070,687492C6,1050
0,0,manual\index.html,71545,035C59F0,1060
0,0,COM3D2.exe,8811008,6A755836,2023
0,0,COM3D2x64.exe,22841856,A9562BF9,30301
0,0,LICENSE,31205,24BAD003,1500
share,GameData\patch\bg_gp001_2.arc,GameData\bg_gp001_2.arc,4536165,D14D2721,1560
share,GameData\patch\bg_gp001fb_2.arc,GameData\bg_gp001fb_2.arc,74085,9CF8EBCF,1520
share,GameData\patch\bg_gp002p1_2.arc,GameData\bg_gp002p1_2.arc,4520463,D2A69A41,1560
share,GameData\patch\bg_kissevent2018_sp_card_2.arc,GameData\bg_kissevent2018_sp_card_2.arc,493322,140250D1,1100
share,GameData\patch\bg_sp001_2.arc,GameData\bg_sp001_2.arc,16204240,91030B15,1000
share,GameData\patch\bg_sp004_2.arc,GameData\bg_sp004_2.arc,36120782,D70323E9,1530
share,GameData\patch\csv.arc,GameData\csv.arc,10385425,DE6E8AFC,20300
share,GameData\patch\csv_3d21reserve2_2.arc,GameData\csv_3d21reserve2_2.arc,51058,6AD913F3,1380
share,GameData\patch\csv_denkigai2018wpcard_2.arc,GameData\csv_denkigai2018wpcard_2.arc,450,CD1D6826,1331
share,GameData\patch\csv_dlc305_2.arc,GameData\csv_dlc305_2.arc,67779,3D73BCB9,1380
share,GameData\patch\csv_gp001_2.arc,GameData\csv_gp001_2.arc,89204,9BB06354,1420
share,GameData\patch\csv_jp.arc,GameData\csv_jp.arc,14963,9C524993,1470
share,GameData\patch\csv_old_2.arc,GameData\csv_old_2.arc,1746,7AD2A97C,1150
share,GameData\patch\csv_ordermade001_2.arc,GameData\csv_ordermade001_2.arc,770,422A7575,1150
share,GameData\patch\csv_personal_om006_2.arc,GameData\csv_personal_om006_2.arc,1426,AB118368,1350
share,GameData\patch\csv_personal_om010_2.arc,GameData\csv_personal_om010_2.arc,1490,AA0632D5,1540
share,GameData\patch\parts_cas013_2.arc,GameData\parts_cas013_2.arc,1554,314DD9D9,1480
share,GameData\patch\parts_cas014_2.arc,GameData\parts_cas014_2.arc,1538,A0E9107C,1550
share,GameData\patch\parts_cas031_2.arc,GameData\parts_cas031_2.arc,1263261,331A64CB,1550
share,GameData\patch\parts_cas040_2.arc,GameData\parts_cas040_2.arc,213144,B642B720,20300
share,GameData\patch\parts_cas044_2.arc,GameData\parts_cas044_2.arc,3586,F823AB8D,1570
share,GameData\patch\parts_cas049_2.arc,GameData\parts_cas049_2.arc,499043,FC8B4029,20300
share,GameData\patch\parts_cas050_2.arc,GameData\parts_cas050_2.arc,364956,7F3CA9CA,20300
share,GameData\patch\parts_cas051_2.arc,GameData\parts_cas051_2.arc,558752,BC026C0D,20300
share,GameData\patch\parts_cas052_2.arc,GameData\parts_cas052_2.arc,573621,4786C375,20300
share,GameData\patch\parts_cas053_2.arc,GameData\parts_cas053_2.arc,613214,5BF69854,20300
share,GameData\patch\parts_cas054_2.arc,GameData\parts_cas054_2.arc,1239675,28F5D7F0,20300
share,GameData\patch\parts_cas055_2.arc,GameData\parts_cas055_2.arc,2869988,4174DFC3,20300
share,GameData\patch\parts_cas056_2.arc,GameData\parts_cas056_2.arc,120767,28DC052C,1630
share,GameData\patch\parts_cas062_2.arc,GameData\parts_cas062_2.arc,3538,EDE27A94,1630
share,GameData\patch\parts_com3d2cbp_2.arc,GameData\parts_com3d2cbp_2.arc,197948,415AD83E,1460
share,GameData\patch\parts_cr002_2.arc,GameData\parts_cr002_2.arc,54258,748FF69B,20300
share,GameData\patch\parts_cw001cloth2_2.arc,GameData\parts_cw001cloth2_2.arc,196199,EAF4C9F1,1460
share,GameData\patch\parts_cw001cloth3_2.arc,GameData\parts_cw001cloth3_2.arc,4370,1F2FFFCD,1380
share,GameData\patch\parts_cw002cloth1_2.arc,GameData\parts_cw002cloth1_2.arc,4130,3F8513BA,1580
share,GameData\patch\parts_cw002cloth4_2.arc,GameData\parts_cw002cloth4_2.arc,207274,BDB622DC,20300
share,GameData\patch\parts_cw004cloth2_2.arc,GameData\parts_cw004cloth2_2.arc,320099,D4550380,1560
share,GameData\patch\parts_cw005cloth3_2.arc,GameData\parts_cw005cloth3_2.arc,1798437,07194B0C,1530
share,GameData\patch\parts_cw005cloth4_2.arc,GameData\parts_cw005cloth4_2.arc,93385493,76CDAC9F,1501
share,GameData\patch\parts_cw007cloth1_2.arc,GameData\parts_cw007cloth1_2.arc,719603,CD9097CC,1560
share,GameData\patch\parts_denkigai2017wTshirt_2.arc,GameData\parts_denkigai2017wTshirt_2.arc,297032,11CE6EF6,1620
share,GameData\patch\parts_denkigai2019s_2.arc,GameData\parts_denkigai2019s_2.arc,6781461,7B9C3BEC,1580
share,GameData\patch\parts_denkigai2020w_2.arc,GameData\parts_denkigai2020w_2.arc,3986,4F526500,1550
share,GameData\patch\parts_dlc068_2.arc,GameData\parts_dlc068_2.arc,2066,E2A47102,1540
share,GameData\patch\parts_dlc140_2.arc,GameData\parts_dlc140_2.arc,186952,20156B6E,1630
share,GameData\patch\parts_dlc141_2.arc,GameData\parts_dlc141_2.arc,1522,BC86E86A,1630
share,GameData\patch\parts_dlc209_2.arc,GameData\parts_dlc209_2.arc,1363413,BF1ABBC0,1171
share,GameData\patch\parts_dlc216_2.arc,GameData\parts_dlc216_2.arc,932171,E7454670,1200
share,GameData\patch\parts_dlc232_2.arc,GameData\parts_dlc232_2.arc,5522,E0A9E5A3,1630
share,GameData\patch\parts_dlc240_2.arc,GameData\parts_dlc240_2.arc,2306,890A5A33,1530
share,GameData\patch\parts_dlc241_2.arc,GameData\parts_dlc241_2.arc,1618,5C4797C1,1380
share,GameData\patch\parts_dlc256_2.arc,GameData\parts_dlc256_2.arc,459473,67DE15EB,1480
share,GameData\patch\parts_dlc256ns_2.arc,GameData\parts_dlc256ns_2.arc,464943,902A8184,1480
share,GameData\patch\parts_dlc265_2.arc,GameData\parts_dlc265_2.arc,1461885,9DC90DB1,20300
share,GameData\patch\parts_dlc267_2.arc,GameData\parts_dlc267_2.arc,2827817,95D40D44,1480
share,GameData\patch\parts_dlc267ns_2.arc,GameData\parts_dlc267ns_2.arc,2827831,320F93A5,1480
share,GameData\patch\parts_dlc268_2.arc,GameData\parts_dlc268_2.arc,465617,1FC74BD4,1320
share,GameData\patch\parts_dlc268ns_2.arc,GameData\parts_dlc268ns_2.arc,465634,269DB210,1320
share,GameData\patch\parts_dlc279_2.arc,GameData\parts_dlc279_2.arc,6171073,DF439D14,1331
share,GameData\patch\parts_dlc283_2.arc,GameData\parts_dlc283_2.arc,214283,48402BBC,1550
share,GameData\patch\parts_dlc286_2.arc,GameData\parts_dlc286_2.arc,76043,8B261DCE,1630
share,GameData\patch\parts_dlc290_2.arc,GameData\parts_dlc290_2.arc,382701,B48E55B1,20300
share,GameData\patch\parts_dlc301_2.arc,GameData\parts_dlc301_2.arc,2032332,7D478CC1,1510
share,GameData\patch\parts_dlc302_2.arc,GameData\parts_dlc302_2.arc,1988437,E207724F,1510
share,GameData\patch\parts_dlc303_2.arc,GameData\parts_dlc303_2.arc,2715150,2D1CFC1F,1510
share,GameData\patch\parts_dlc304_2.arc,GameData\parts_dlc304_2.arc,1704802,5CDB51EF,1510
share,GameData\patch\parts_dlc320_2.arc,GameData\parts_dlc320_2.arc,94639,DC5A14A4,1470
share,GameData\patch\parts_dlc330_2.arc,GameData\parts_dlc330_2.arc,1416901,40AFFED8,1631
share,GameData\patch\parts_dlc331_2.arc,GameData\parts_dlc331_2.arc,3970,B15D6CCC,1490
share,GameData\patch\parts_dlc340_2.arc,GameData\parts_dlc340_2.arc,10642,53349B16,1540
share,GameData\patch\parts_dlc353_2.arc,GameData\parts_dlc353_2.arc,967380,18CA7CF1,1540
share,GameData\patch\parts_dlc354_2.arc,GameData\parts_dlc354_2.arc,427649,CB75934F,20300
share,GameData\patch\parts_dlc355_2.arc,GameData\parts_dlc355_2.arc,348168,5CF6F6A0,1540
share,GameData\patch\parts_dlc356_2.arc,GameData\parts_dlc356_2.arc,57433481,02936498,1540
share,GameData\patch\parts_dlc357_2.arc,GameData\parts_dlc357_2.arc,47375026,F7C5D388,1540
share,GameData\patch\parts_dlc358_2.arc,GameData\parts_dlc358_2.arc,39458721,5960F3DB,1550
share,GameData\patch\parts_dlc359_2.arc,GameData\parts_dlc359_2.arc,109291930,A2D75D7D,1540
share,GameData\patch\parts_dlc360_2.arc,GameData\parts_dlc360_2.arc,25794,0E5F85A5,1630
share,GameData\patch\parts_dlc362_2.arc,GameData\parts_dlc362_2.arc,628510,A1368035,1550
share,GameData\patch\parts_dlc363_2.arc,GameData\parts_dlc363_2.arc,1602,014DA2DF,1530
share,GameData\patch\parts_dlc367_2.arc,GameData\parts_dlc367_2.arc,61138,2D8C88EB,1550
share,GameData\patch\parts_dlc376_2.arc,GameData\parts_dlc376_2.arc,239783,34214152,1630
share,GameData\patch\parts_dlc377_2.arc,GameData\parts_dlc377_2.arc,234919,3ACDCA89,20300
share,GameData\patch\parts_dlc386_2.arc,GameData\parts_dlc386_2.arc,1893976,7B363123,20300
share,GameData\patch\parts_dlc387_2.arc,GameData\parts_dlc387_2.arc,3762,C2E05343,1630
share,GameData\patch\parts_dlc389_2.arc,GameData\parts_dlc389_2.arc,1843830,9980CBC1,1630
share,GameData\patch\parts_dlc394_2.arc,GameData\parts_dlc394_2.arc,2137908,F5FD4484,1630
share,GameData\patch\parts_dlc395_2.arc,GameData\parts_dlc395_2.arc,516949,B3180629,1630
share,GameData\patch\parts_dlc396_2.arc,GameData\parts_dlc396_2.arc,1619232,D55D18E3,20300
share,GameData\patch\parts_dlc397_2.arc,GameData\parts_dlc397_2.arc,3712250,6DAA79F0,1630
share,GameData\patch\parts_dlcdenkigai2019s_2.arc,GameData\parts_dlcdenkigai2019s_2.arc,214482,9FBF86BB,1580
share,GameData\patch\parts_dlcdenkigai2019w_2.arc,GameData\parts_dlcdenkigai2019w_2.arc,15362,070EFED5,1580
share,GameData\patch\parts_gp001_2.arc,GameData\parts_gp001_2.arc,62139719,F73DA4FA,1630
share,GameData\patch\parts_gp001fb_2.arc,GameData\parts_gp001fb_2.arc,1465604,E3980FBD,1580
share,GameData\patch\parts_gp003_2.arc,GameData\parts_gp003_2.arc,50627352,46CBDF2B,1590
share,GameData\patch\parts_karaoke001_2.arc,GameData\parts_karaoke001_2.arc,453245,11C970D3,1280
share,GameData\patch\parts_kissevent2018_2.arc,GameData\parts_kissevent2018_2.arc,195634,BA449716,1610
share,GameData\patch\parts_magazine003_2.arc,GameData\parts_magazine003_2.arc,201385,3A5B273D,1120
share,GameData\patch\parts_nijiyomec_2.arc,GameData\parts_nijiyomec_2.arc,18114,53C76F14,1560
share,GameData\patch\parts_oldplus002hair1_2.arc,GameData\parts_oldplus002hair1_2.arc,187032,40716AA1,20300
share,GameData\patch\parts_oldplus005hair2_2.arc,GameData\parts_oldplus005hair2_2.arc,47826,3A8C3553,1550
share,GameData\patch\parts_oldplus006hair2_2.arc,GameData\parts_oldplus006hair2_2.arc,402927,CAB5CFFA,1540
share,GameData\patch\parts_omvr.arc,GameData\parts_omvr.arc,3206509,4F0D0480,1120
share,GameData\patch\parts_personal_om003_2.arc,GameData\parts_personal_om003_2.arc,80308,C95BDA51,1600
share,GameData\patch\parts_personal_om004_2.arc,GameData\parts_personal_om004_2.arc,18738,B11C1D9D,1580
share,GameData\patch\parts_personal_om006_2.arc,GameData\parts_personal_om006_2.arc,307194,3FCB0A15,1331
share,GameData\patch\parts_personal_om008_2.arc,GameData\parts_personal_om008_2.arc,258907,A05740A2,1630
share,GameData\patch\parts_personal_om010_2.arc,GameData\parts_personal_om010_2.arc,20132696,E36F644B,1540
share,GameData\patch\parts_personal_om011hair_2.arc,GameData\parts_personal_om011hair_2.arc,8794412,8045F402,20300
share,GameData\patch\parts_shop013_2.arc,GameData\parts_shop013_2.arc,4786,3F8C0C9D,1580
share,GameData\patch\parts_shop016_2.arc,GameData\parts_shop016_2.arc,171410,3D70CEC4,1060
share,GameData\patch\parts_shop019_2.arc,GameData\parts_shop019_2.arc,196310,38FDFDA0,1560
share,GameData\patch\parts_sp001_2.arc,GameData\parts_sp001_2.arc,168563,1ECED52E,1560
share,GameData\patch\parts_sp002cloth1_2.arc,GameData\parts_sp002cloth1_2.arc,10930,46512519,1250
share,GameData\patch\parts_sp002cloth2_2.arc,GameData\parts_sp002cloth2_2.arc,1825089,3BCD25A8,1352
share,GameData\patch\parts_sp003cloth3_2.arc,GameData\parts_sp003cloth3_2.arc,2970776,D1820E11,1530
share,GameData\patch\parts_sp005cloth2_2.arc,GameData\parts_sp005cloth2_2.arc,307133,F9B6103A,1560
share,GameData\patch\parts_sp006cloth1_2.arc,GameData\parts_sp006cloth1_2.arc,105662,BC6BE872,20300
share,GameData\patch\parts_vac001_2.arc,GameData\parts_vac001_2.arc,1271224,0597E526,1540
share,GameData\patch\parts_vp001_2.arc,GameData\parts_vp001_2.arc,183378,02F0471A,20300
share,GameData\patch\parts2.arc,GameData\parts2.arc,179030123,26AABD65,20300
share,GameData\patch\paths.dat,GameData\paths.dat,12426,A53F71FA,20300
share,GameData\patch\prioritymaterial.arc,GameData\prioritymaterial.arc,470554,FAE5FDD8,20300
share,GameData\patch\script_share_karaoke_2.arc,GameData\script_share_karaoke_2.arc,8354,23EC7857,1500
share,GameData\patch\sound2.arc,GameData\sound2.arc,52585295,395B1F59,20200
share,GameData\patch\system_gp001_2.arc,GameData\system_gp001_2.arc,7478491,A3D9E534,1420
share,GameData\patch\system_gp002_2.arc,GameData\system_gp002_2.arc,3352431,A85DA78B,1350
share,GameData\patch\system_gp003_2.arc,GameData\system_gp003_2.arc,13346,A2E59BD5,1630
share,GameData\patch\system2.arc,GameData\system2.arc,15064072,F8ECF3D5,20300
share,GameData\patch\voice_gp001_2.arc,GameData\voice_gp001_2.arc,128499501,74943317,1270
share,GameData\patch\voice_ordermade002_2.arc,GameData\voice_ordermade002_2.arc,4034461,8F5E74E5,1550
share,GameData\patch\voice_ordermade002_solo_2.arc,GameData\voice_ordermade002_solo_2.arc,4034470,80F11421,1550
share,GameData\patch\voice_personal_om005_2.arc,GameData\voice_personal_om005_2.arc,77014392,941AFD15,1420
share,GameData\patch\voice_personal_om008_2.arc,GameData\voice_personal_om008_2.arc,738018,CFD7E516,1540
share,GameData\patch\voice_personal_om010_2.arc,GameData\voice_personal_om010_2.arc,120212,0DC709ED,1540
share,GameData_20\bg_pp001_2.arc,GameData_20\bg_pp001_2.arc,1237157,C9D912F7,1220
share,GameData_20\bg_vp001_2.arc,GameData_20\bg_vp001_2.arc,283046,A7A90EE1,1190
share,GameData_20\material_cw005cloth4_2.arc,GameData_20\material_cw005cloth4_2.arc,31586,74059A93,1661
share,GameData_20\material_denkigai2015s003_2.arc,GameData_20\material_denkigai2015s003_2.arc,7106,0C82D791,1150
share,GameData_20\material_denkigai2015w_2.arc,GameData_20\material_denkigai2015w_2.arc,3490,F06AAABE,1090
share,GameData_20\material_denkigai2015wTowelR.arc,GameData_20\material_denkigai2015wTowelR.arc,1602,618192B9,1360
share,GameData_20\material_denkigai2017w_2.arc,GameData_20\material_denkigai2017w_2.arc,4290,0748142E,1674
share,GameData_20\material_denkigai2017wtshirt_2.arc,GameData_20\material_denkigai2017wtshirt_2.arc,2418,F6E9FB90,1674
share,GameData_20\material_denkigai2019stshirt_2.arc,GameData_20\material_denkigai2019stshirt_2.arc,1586,BA3332E0,1680
share,GameData_20\material_dlc055_2.arc,GameData_20\material_dlc055_2.arc,5282,11A93109,1280
share,GameData_20\material_dlc107_2.arc,GameData_20\material_dlc107_2.arc,5218,F9837138,1590
share,GameData_20\material_dlc195_2.arc,GameData_20\material_dlc195_2.arc,1746,ECFBFE17,1090
share,GameData_20\material_dlc256_2.arc,GameData_20\material_dlc256_2.arc,3378,CFF1F232,1673
share,GameData_20\material_dlc267_2.arc,GameData_20\material_dlc267_2.arc,5186,11ED6A88,1673
share,GameData_20\material_dlc278_2.arc,GameData_20\material_dlc278_2.arc,3794,94EE71BB,1651
share,GameData_20\material_dlc353_2.arc,GameData_20\material_dlc353_2.arc,1762,C3E9BB20,1673
share,GameData_20\material_dlc356_2.arc,GameData_20\material_dlc356_2.arc,38338,802E0C1D,1674
share,GameData_20\material_dlc357_2.arc,GameData_20\material_dlc357_2.arc,55938,3D8DE6D9,1674
share,GameData_20\material_dlc358_2.arc,GameData_20\material_dlc358_2.arc,18754,C73B56B1,1673
share,GameData_20\material_dlc359_2.arc,GameData_20\material_dlc359_2.arc,35026,E141B1FB,1674
share,GameData_20\material_dlc363_2.arc,GameData_20\material_dlc363_2.arc,3794,14C1B1A5,1673
share,GameData_20\material_dlcdenkigai2015w_2.arc,GameData_20\material_dlcdenkigai2015w_2.arc,3522,D35394D7,1090
share,GameData_20\material_dlcdenkigai2017w_2.arc,GameData_20\material_dlcdenkigai2017w_2.arc,4322,13A2A5F9,1674
share,GameData_20\material_dlsite_2.arc,GameData_20\material_dlsite_2.arc,1762,C5A837EA,1150
share,GameData_20\material_kissevent2017march_2.arc,GameData_20\material_kissevent2017march_2.arc,4674,8D9C5966,1680
share,GameData_20\material_shop001_2.arc,GameData_20\material_shop001_2.arc,1762,D98CED1C,1150
share,GameData_20\material_shop002_2.arc,GameData_20\material_shop002_2.arc,1762,956BB00E,1150
share,GameData_20\material_shop003_2.arc,GameData_20\material_shop003_2.arc,1762,38CEBFF2,1150
share,GameData_20\material_shop005_2.arc,GameData_20\material_shop005_2.arc,1714,3E621A32,1150
share,GameData_20\material_shop007_2.arc,GameData_20\material_shop007_2.arc,2578,C8CE627C,1150
share,GameData_20\material_sp005cloth2_2.arc,GameData_20\material_sp005cloth2_2.arc,1810,3AE810F9,1641
share,GameData_20\material_vac001_2.arc,GameData_20\material_vac001_2.arc,5266,46CD10D7,1673
share,GameData_20\material_vp001_2.arc,GameData_20\material_vp001_2.arc,11890,8CB043B0,1400
share,GameData_20\material_yomeido003_2.arc,GameData_20\material_yomeido003_2.arc,1522,0689A7AC,1240
share,GameData_20\menu_cas005_2.arc,GameData_20\menu_cas005_2.arc,3314,B1151824,1674
share,GameData_20\menu_cas017_2.arc,GameData_20\menu_cas017_2.arc,3890,E49C2415,1674
share,GameData_20\menu_cas031_2.arc,GameData_20\menu_cas031_2.arc,3906,7CC4BAC7,1673
share,GameData_20\menu_cas044_2.arc,GameData_20\menu_cas044_2.arc,3218,C0415674,1673
share,GameData_20\menu_cas062_2.arc,GameData_20\menu_cas062_2.arc,3138,17F6B4B8,1680
share,GameData_20\menu_com3d2cbp_2.arc,GameData_20\menu_com3d2cbp_2.arc,3506,334A88E0,1673
share,GameData_20\menu_cw001cloth3_2.arc,GameData_20\menu_cw001cloth3_2.arc,3986,E090A9CA,1672
share,GameData_20\menu_cw002cloth1_2.arc,GameData_20\menu_cw002cloth1_2.arc,3762,B0366A81,1674
share,GameData_20\menu_cw004cloth2_2.arc,GameData_20\menu_cw004cloth2_2.arc,3330,F61401F7,1673
share,GameData_20\menu_cw005cloth4_2.arc,GameData_20\menu_cw005cloth4_2.arc,23554,B15A0E72,1661
share,GameData_20\menu_cw007cloth1_2.arc,GameData_20\menu_cw007cloth1_2.arc,6386,0ECE11C0,1673
share,GameData_20\menu_denkigai2015s001_2.arc,GameData_20\menu_denkigai2015s001_2.arc,6594,8B3E849F,1160
share,GameData_20\menu_denkigai2015s003_2.arc,GameData_20\menu_denkigai2015s003_2.arc,4338,D294CE88,1150
share,GameData_20\menu_denkigai2015wTowelR.arc,GameData_20\menu_denkigai2015wTowelR.arc,1282,CECEE1FC,1360
share,GameData_20\menu_denkigai2016s_2.arc,GameData_20\menu_denkigai2016s_2.arc,5298,ABC5BCBA,1680
share,GameData_20\menu_denkigai2016w_2.arc,GameData_20\menu_denkigai2016w_2.arc,15154,C8D64D3B,1450
share,GameData_20\menu_denkigai2017s_2.arc,GameData_20\menu_denkigai2017s_2.arc,4690,FD8D5340,1630
share,GameData_20\menu_denkigai2017w_2.arc,GameData_20\menu_denkigai2017w_2.arc,1250,D6D909E4,1670
share,GameData_20\menu_denkigai2017wTshirt_2.arc,GameData_20\menu_denkigai2017wTshirt_2.arc,1330,C86D3E8E,1674
share,GameData_20\menu_denkigai2019s_2.arc,GameData_20\menu_denkigai2019s_2.arc,9794,8105F4C2,1674
share,GameData_20\menu_denkigai2019sTshirt_2.arc,GameData_20\menu_denkigai2019sTshirt_2.arc,1314,1585420D,1680
share,GameData_20\menu_denkigai2019w_2.arc,GameData_20\menu_denkigai2019w_2.arc,5938,C4A9AA0F,1674
share,GameData_20\menu_denkigai2020w_2.arc,GameData_20\menu_denkigai2020w_2.arc,9186,51DF1F95,1673
share,GameData_20\menu_dlc026_2.arc,GameData_20\menu_dlc026_2.arc,3778,69453D54,1190
share,GameData_20\menu_dlc028_2.arc,GameData_20\menu_dlc028_2.arc,3874,DE3F1C31,1200
share,GameData_20\menu_dlc033_2.arc,GameData_20\menu_dlc033_2.arc,3762,640F79E9,1674
share,GameData_20\menu_dlc034_2.arc,GameData_20\menu_dlc034_2.arc,3714,84E7DC58,1674
share,GameData_20\menu_dlc041_2.arc,GameData_20\menu_dlc041_2.arc,6786,97F738D3,1380
share,GameData_20\menu_dlc042_2.arc,GameData_20\menu_dlc042_2.arc,1154,EE4016C0,1440
share,GameData_20\menu_dlc049_2.arc,GameData_20\menu_dlc049_2.arc,5666,6A7F0162,1673
share,GameData_20\menu_dlc061_2.arc,GameData_20\menu_dlc061_2.arc,3810,F99C1D4E,1290
share,GameData_20\menu_dlc065_2.arc,GameData_20\menu_dlc065_2.arc,7602,D9387834,1380
share,GameData_20\menu_dlc074_2.arc,GameData_20\menu_dlc074_2.arc,5618,24C559D7,1312
share,GameData_20\menu_dlc078_2.arc,GameData_20\menu_dlc078_2.arc,2338,46D1542F,1673
share,GameData_20\menu_dlc100_2.arc,GameData_20\menu_dlc100_2.arc,1250,DFF94E9A,1400
share,GameData_20\menu_dlc101_2.arc,GameData_20\menu_dlc101_2.arc,1218,44DB4049,1481
share,GameData_20\menu_dlc107_2.arc,GameData_20\menu_dlc107_2.arc,1746,A6C9E7C4,1590
share,GameData_20\menu_dlc111_2.arc,GameData_20\menu_dlc111_2.arc,1330,480BC0DC,1674
share,GameData_20\menu_dlc121_2.arc,GameData_20\menu_dlc121_2.arc,3314,71F5DE66,1674
share,GameData_20\menu_dlc123_2.arc,GameData_20\menu_dlc123_2.arc,7714,595B8C3C,1674
share,GameData_20\menu_dlc126_2.arc,GameData_20\menu_dlc126_2.arc,2050,7471540B,1673
share,GameData_20\menu_dlc140_2.arc,GameData_20\menu_dlc140_2.arc,1218,DF957030,1680
share,GameData_20\menu_dlc141_2.arc,GameData_20\menu_dlc141_2.arc,1218,206CE641,1680
share,GameData_20\menu_dlc170_2.arc,GameData_20\menu_dlc170_2.arc,1266,8DD047BD,1674
share,GameData_20\menu_dlc189_2.arc,GameData_20\menu_dlc189_2.arc,2258,5A9F3DE9,1590
share,GameData_20\menu_dlc195_2.arc,GameData_20\menu_dlc195_2.arc,1170,BF163DDC,1090
share,GameData_20\menu_dlc204_2.arc,GameData_20\menu_dlc204_2.arc,3842,4DD62ADC,1674
share,GameData_20\menu_dlc207_2.arc,GameData_20\menu_dlc207_2.arc,3922,552F051C,1630
share,GameData_20\menu_dlc232_2.arc,GameData_20\menu_dlc232_2.arc,1202,D254CEDC,1680
share,GameData_20\menu_dlc283_2.arc,GameData_20\menu_dlc283_2.arc,1202,25C4EE86,1673
share,GameData_20\menu_dlc324_2.arc,GameData_20\menu_dlc324_2.arc,1374,689A4C67,1673
share,GameData_20\menu_dlc331_2.arc,GameData_20\menu_dlc331_2.arc,3330,78103186,1673
share,GameData_20\menu_dlc340_2.arc,GameData_20\menu_dlc340_2.arc,10226,2E6EC41E,1673
share,GameData_20\menu_dlc353_2.arc,GameData_20\menu_dlc353_2.arc,1346,250C9D39,1673
share,GameData_20\menu_dlc357_2.arc,GameData_20\menu_dlc357_2.arc,29714,34062D3F,1673
share,GameData_20\menu_dlc358_2.arc,GameData_20\menu_dlc358_2.arc,21186,9A988520,1673
share,GameData_20\menu_dlc359_2.arc,GameData_20\menu_dlc359_2.arc,17554,EA7AC5BA,1673
share,GameData_20\menu_dlc363_2.arc,GameData_20\menu_dlc363_2.arc,1234,FF56BE27,1673
share,GameData_20\menu_dlc376_2.arc,GameData_20\menu_dlc376_2.arc,1218,2A07F130,1680
share,GameData_20\menu_dlc377_2.arc,GameData_20\menu_dlc377_2.arc,1218,09E45563,1680
share,GameData_20\menu_dlc387_2.arc,GameData_20\menu_dlc387_2.arc,3378,5BD32D7E,1680
share,GameData_20\menu_dlc389_2.arc,GameData_20\menu_dlc389_2.arc,3138,EBFFCABE,1680
share,GameData_20\menu_dlc396_2.arc,GameData_20\menu_dlc396_2.arc,3762,FF96ECF1,1681
share,GameData_20\menu_dlcdenkigai2016s_2.arc,GameData_20\menu_dlcdenkigai2016s_2.arc,4226,37F98EE6,1680
share,GameData_20\menu_dlcdenkigai2016w_2.arc,GameData_20\menu_dlcdenkigai2016w_2.arc,13522,45E7F667,1450
share,GameData_20\menu_dlcdenkigai2017s_2.arc,GameData_20\menu_dlcdenkigai2017s_2.arc,4706,B5EE5D43,1630
share,GameData_20\menu_dlcdenkigai2019s_2.arc,GameData_20\menu_dlcdenkigai2019s_2.arc,7266,F30AC64C,1674
share,GameData_20\menu_dlcdenkigai2019w_2.arc,GameData_20\menu_dlcdenkigai2019w_2.arc,4466,6CACEAA5,1674
share,GameData_20\menu_dlsite_2.arc,GameData_20\menu_dlsite_2.arc,1954,B2268BA7,1150
share,GameData_20\menu_kissevent2017march.arc,GameData_20\menu_kissevent2017march.arc,281,FF4EEB9B,1522
share,GameData_20\menu_kissevent2017march_2.arc,GameData_20\menu_kissevent2017march_2.arc,106624,14291926,1631
share,GameData_20\menu_magazine002_2.arc,GameData_20\menu_magazine002_2.arc,12498,691C1126,1471
share,GameData_20\menu_nijiyomec_2.arc,GameData_20\menu_nijiyomec_2.arc,6738,7CDA2CFB,1673
share,GameData_20\menu_ordermade002_2.arc,GameData_20\menu_ordermade002_2.arc,1346,DF7DAA64,1673
share,GameData_20\menu_personal_om008_2.arc,GameData_20\menu_personal_om008_2.arc,6816,A49BE66E,1680
share,GameData_20\menu_personal002_2.arc,GameData_20\menu_personal002_2.arc,1282,5687650C,1310
share,GameData_20\menu_shop001_2.arc,GameData_20\menu_shop001_2.arc,3314,35207C87,1150
share,GameData_20\menu_shop005_2.arc,GameData_20\menu_shop005_2.arc,1378,0C9AF725,1150
share,GameData_20\menu_sp003cloth3_2.arc,GameData_20\menu_sp003cloth3_2.arc,9826,4C326B5D,1672
share,GameData_20\menu_sp005cloth2_2.arc,GameData_20\menu_sp005cloth2_2.arc,3666,CDB7D350,1673
share,GameData_20\menu_vac001.arc,GameData_20\menu_vac001.arc,317,11490F18,1640
share,GameData_20\menu_vac001_2.arc,GameData_20\menu_vac001_2.arc,24162,C5F8DFA9,1640
share,GameData_20\menu_vp001_2.arc,GameData_20\menu_vp001_2.arc,22034,A305F11D,1674
share,GameData_20\menu_yomeido003_2.arc,GameData_20\menu_yomeido003_2.arc,1234,4D6F619D,1240
share,GameData_20\menu_yomeidogp_wedding_2.arc,GameData_20\menu_yomeidogp_wedding_2.arc,3954,C251B12C,1320
share,GameData_20\model_cas031_2.arc,GameData_20\model_cas031_2.arc,1275040,257EA812,1673
share,GameData_20\model_cas056_2.arc,GameData_20\model_cas056_2.arc,118607,12631C7E,1680
share,GameData_20\model_com3d2cbp_2.arc,GameData_20\model_com3d2cbp_2.arc,186624,4DC6333D,1673
share,GameData_20\model_cw001cloth2_2.arc,GameData_20\model_cw001cloth2_2.arc,194657,F622B758,1673
share,GameData_20\model_cw002cloth4_2.arc,GameData_20\model_cw002cloth4_2.arc,205723,6F695F14,1681
share,GameData_20\model_cw004cloth2_2.arc,GameData_20\model_cw004cloth2_2.arc,315112,C85E6F0F,1673
share,GameData_20\model_cw005cloth3_2.arc,GameData_20\model_cw005cloth3_2.arc,1787568,5851FA8F,1673
share,GameData_20\model_cw005cloth4_2.arc,GameData_20\model_cw005cloth4_2.arc,797916,99503A91,1661
share,GameData_20\model_cw007cloth1_2.arc,GameData_20\model_cw007cloth1_2.arc,702932,B1ACE3C1,1673
share,GameData_20\model_denkigai2015s003_2.arc,GameData_20\model_denkigai2015s003_2.arc,394665,41A48185,1150
share,GameData_20\model_denkigai2015w_2.arc,GameData_20\model_denkigai2015w_2.arc,174373,F9233759,1090
share,GameData_20\model_denkigai2015wTowelR.arc,GameData_20\model_denkigai2015wTowelR.arc,38258,FB570A24,1360
share,GameData_20\model_denkigai2017s_2.arc,GameData_20\model_denkigai2017s_2.arc,462663,8917104A,1582
share,GameData_20\model_denkigai2017w_2.arc,GameData_20\model_denkigai2017w_2.arc,181379,5EECA15C,1674
share,GameData_20\model_denkigai2017wTshirt_2.arc,GameData_20\model_denkigai2017wTshirt_2.arc,293648,C0ABFC47,1674
share,GameData_20\model_denkigai2019sTshirt_2.arc,GameData_20\model_denkigai2019sTshirt_2.arc,188041,2210617D,1680
share,GameData_20\model_dlc005_2.arc,GameData_20\model_dlc005_2.arc,799521,9B6E1D63,1672
share,GameData_20\model_dlc046_2.arc,GameData_20\model_dlc046_2.arc,155690,83B34173,1220
share,GameData_20\model_dlc073_2.arc,GameData_20\model_dlc073_2.arc,267037,47D33A06,1320
share,GameData_20\model_dlc100_2.arc,GameData_20\model_dlc100_2.arc,691347,7C3D679D,1400
share,GameData_20\model_dlc109_2.arc,GameData_20\model_dlc109_2.arc,137998,8FCCF513,1460
share,GameData_20\model_dlc151_2.arc,GameData_20\model_dlc151_2.arc,213532,8C3C80C3,1520
share,GameData_20\model_dlc195_2.arc,GameData_20\model_dlc195_2.arc,583563,16C95E54,1090
share,GameData_20\model_dlc206_2.arc,GameData_20\model_dlc206_2.arc,645607,3578836D,1673
share,GameData_20\model_dlc208_2.arc,GameData_20\model_dlc208_2.arc,448882,C4D10B97,1673
share,GameData_20\model_dlc209_2.arc,GameData_20\model_dlc209_2.arc,1360811,72C67140,1610
share,GameData_20\model_dlc256_2.arc,GameData_20\model_dlc256_2.arc,434902,AC96EDE7,1673
share,GameData_20\model_dlc267_2.arc,GameData_20\model_dlc267_2.arc,506888,4758395D,1673
share,GameData_20\model_dlc268_2.arc,GameData_20\model_dlc268_2.arc,463350,1F545CEE,1650
share,GameData_20\model_dlc278_2.arc,GameData_20\model_dlc278_2.arc,944175,D859BA41,1651
share,GameData_20\model_dlc283_2.arc,GameData_20\model_dlc283_2.arc,212022,6658BAFF,1673
share,GameData_20\model_dlc286_2.arc,GameData_20\model_dlc286_2.arc,73886,A3DC40BE,1680
share,GameData_20\model_dlc301_2.arc,GameData_20\model_dlc301_2.arc,2019393,151AA044,1673
share,GameData_20\model_dlc302_2.arc,GameData_20\model_dlc302_2.arc,1975498,7F93CFBD,1673
share,GameData_20\model_dlc303_2.arc,GameData_20\model_dlc303_2.arc,2689842,AC3B4D66,1673
share,GameData_20\model_dlc304_2.arc,GameData_20\model_dlc304_2.arc,1691856,560A4120,1673
share,GameData_20\model_dlc330_2.arc,GameData_20\model_dlc330_2.arc,1413403,92E3085E,1673
share,GameData_20\model_dlc353_2.arc,GameData_20\model_dlc353_2.arc,964407,DB9B8FA4,1673
share,GameData_20\model_dlc354_2.arc,GameData_20\model_dlc354_2.arc,425496,1EF45300,1681
share,GameData_20\model_dlc356_2.arc,GameData_20\model_dlc356_2.arc,1144913,B1A02CF9,1673
share,GameData_20\model_dlc357_2.arc,GameData_20\model_dlc357_2.arc,4511946,3D1CDF76,1673
share,GameData_20\model_dlc358_2.arc,GameData_20\model_dlc358_2.arc,4341633,D9163415,1673
share,GameData_20\model_dlc359_2.arc,GameData_20\model_dlc359_2.arc,1530334,2F02195C,1673
share,GameData_20\model_dlc360_2.arc,GameData_20\model_dlc360_2.arc,23714,7C145E45,1680
share,GameData_20\model_dlc362_2.arc,GameData_20\model_dlc362_2.arc,624379,447A4556,1673
share,GameData_20\model_dlc363_2.arc,GameData_20\model_dlc363_2.arc,858107,39F745BC,1673
share,GameData_20\model_dlc367_2.arc,GameData_20\model_dlc367_2.arc,58994,4024DDE9,1673
share,GameData_20\model_dlc376_2.arc,GameData_20\model_dlc376_2.arc,236654,FACBF978,1680
share,GameData_20\model_dlc386_2.arc,GameData_20\model_dlc386_2.arc,1888319,F1A8ED0B,1681
share,GameData_20\model_dlc389_2.arc,GameData_20\model_dlc389_2.arc,1838431,BE165C26,1680
share,GameData_20\model_dlc394_2.arc,GameData_20\model_dlc394_2.arc,2128670,706A4A3B,1680
share,GameData_20\model_dlc395_2.arc,GameData_20\model_dlc395_2.arc,511319,E5B0E542,1680
share,GameData_20\model_dlc396_2.arc,GameData_20\model_dlc396_2.arc,1604124,20C7B9D2,1681
share,GameData_20\model_dlc397_2.arc,GameData_20\model_dlc397_2.arc,2657340,F0DC461B,1680
share,GameData_20\model_dlcdenkigai2015w_2.arc,GameData_20\model_dlcdenkigai2015w_2.arc,174400,BE6E5467,1090
share,GameData_20\model_dlcdenkigai2017s_2.arc,GameData_20\model_dlcdenkigai2017s_2.arc,462667,9F0C3D54,1582
share,GameData_20\model_dlcdenkigai2017w_2.arc,GameData_20\model_dlcdenkigai2017w_2.arc,181408,29336B3A,1674
share,GameData_20\model_dlsite_2.arc,GameData_20\model_dlsite_2.arc,680593,F831F0E0,1680
share,GameData_20\model_kissevent2017march_2.arc,GameData_20\model_kissevent2017march_2.arc,378287,9EF61AC7,1680
share,GameData_20\model_oldplus002hair1_2.arc,GameData_20\model_oldplus002hair1_2.arc,184829,2DAE518E,1673
share,GameData_20\model_ordermade002_2.arc,GameData_20\model_ordermade002_2.arc,503977,6C062FF7,1681
share,GameData_20\model_personal_om008_2.arc,GameData_20\model_personal_om008_2.arc,219850,C445C67C,1680
share,GameData_20\model_pp002_2.arc,GameData_20\model_pp002_2.arc,25586,6BC54342,1673
share,GameData_20\model_shop001_2.arc,GameData_20\model_shop001_2.arc,115215,9C941FAF,1150
share,GameData_20\model_shop002_2.arc,GameData_20\model_shop002_2.arc,251253,743C3D97,1150
share,GameData_20\model_shop003_2.arc,GameData_20\model_shop003_2.arc,185433,A15EC70A,1150
share,GameData_20\model_shop005_2.arc,GameData_20\model_shop005_2.arc,150103,FB5341FA,1150
share,GameData_20\model_shop007_2.arc,GameData_20\model_shop007_2.arc,288759,80615CBD,1150
share,GameData_20\model_sp002cloth2_2.arc,GameData_20\model_sp002cloth2_2.arc,1816544,0767F20F,1672
share,GameData_20\model_sp003cloth3_2.arc,GameData_20\model_sp003cloth3_2.arc,2950224,4B3AAFE9,1672
share,GameData_20\model_sp005cloth2_2.arc,GameData_20\model_sp005cloth2_2.arc,300283,8FA9F82B,1673
share,GameData_20\model_sp006cloth1_2.arc,GameData_20\model_sp006cloth1_2.arc,103511,DEBB0FCC,1681
share,GameData_20\model_vp001_2.arc,GameData_20\model_vp001_2.arc,647957,D68B5D2F,1400
share,GameData_20\paths.dat,GameData_20\paths.dat,12750,A3A2EB62,1709
share,GameData_20\prioritymaterial.arc,GameData_20\prioritymaterial.arc,354359,6D77A6B9,1709
share,GameData_20\texture_addpose001.arc,GameData_20\texture_addpose001.arc,23943,1D529A44,1220
share,GameData_20\texture_cr002_2.arc,GameData_20\texture_cr002_2.arc,6402,370E3B9E,1680
share,GameData_20\texture_cw005cloth4_2.arc,GameData_20\texture_cw005cloth4_2.arc,91545191,1DE51460,1661
share,GameData_20\texture_denkigai2015wTowelR.arc,GameData_20\texture_denkigai2015wTowelR.arc,133065,FE4BDC34,1360
share,GameData_20\texture_denkigai2016w_2.arc,GameData_20\texture_denkigai2016w_2.arc,10105247,3B4641C3,1450
share,GameData_20\texture_dlc004_2.arc,GameData_20\texture_dlc004_2.arc,4805734,C8E5CFB4,1200
share,GameData_20\texture_dlc046_2.arc,GameData_20\texture_dlc046_2.arc,596960,FC606BA5,1220
share,GameData_20\texture_dlc107_2.arc,GameData_20\texture_dlc107_2.arc,913018,88EAC715,1590
share,GameData_20\texture_dlc121_2.arc,GameData_20\texture_dlc121_2.arc,1276165,72A24D1E,1673
share,GameData_20\texture_dlc183_2.arc,GameData_20\texture_dlc183_2.arc,27984504,2ECFF2B5,1673
share,GameData_20\texture_dlc195_2.arc,GameData_20\texture_dlc195_2.arc,16075880,456A4C76,1090
share,GameData_20\texture_dlc267_2.arc,GameData_20\texture_dlc267_2.arc,2311226,F39D6830,1650
share,GameData_20\texture_dlc279_2.arc,GameData_20\texture_dlc279_2.arc,6149999,3FE86171,1650
share,GameData_20\texture_dlc356_2.arc,GameData_20\texture_dlc356_2.arc,54635001,3E70ED43,1674
share,GameData_20\texture_dlc357_2.arc,GameData_20\texture_dlc357_2.arc,42210965,78465BE6,1674
share,GameData_20\texture_dlc358_2.arc,GameData_20\texture_dlc358_2.arc,33834979,13781722,1673
share,GameData_20\texture_dlc359_2.arc,GameData_20\texture_dlc359_2.arc,104915998,0608F8F7,1674
share,GameData_20\texture_dlcdenkigai2016w_2.arc,GameData_20\texture_dlcdenkigai2016w_2.arc,10105332,90868016,1450
share,GameData_20\texture_kissevent2017march.arc,GameData_20\texture_kissevent2017march.arc,281,FF4EEB9B,1522
share,GameData_20\texture_kissevent2017march_2.arc,GameData_20\texture_kissevent2017march_2.arc,79432604,C7DD457A,1631
share,GameData_20\texture_vac001_2.arc,GameData_20\texture_vac001_2.arc,1265168,4979EB36,1673
share,GameData_20\texture_vp001_2.arc,GameData_20\texture_vp001_2.arc,755269,18D5027D,1400
share,GameData_20\texture_yomeido003_2.arc,GameData_20\texture_yomeido003_2.arc,117248,0EE72B42,1240
share,GameData_20\texture_yomeidokanteidan2_godmaid_2.arc,GameData_20\texture_yomeidokanteidan2_godmaid_2.arc,8610,1B1349B1,1673
