0,0,GameData\csv.arc,6110663,6AFB123B,1333
0,0,GameData\csv_cbl.arc,782697,3E708AE6,1333
0,0,GameData\csv_personal_om005plus.arc,2822,443A0F56,1000
0,0,GameData\motion_cbl_omytgc001.arc,39430887,E063544A,1000
0,0,GameData\motion_cbl_omytgc002.arc,34215915,341167EF,1000
0,0,GameData\motion_charaevent001.arc,25341181,5443E7DC,1000
0,0,GameData\motion_charaevent002.arc,30177646,660C87CB,1000
0,0,GameData\motion_charaevent003.arc,30226592,0392F4C7,1000
0,0,GameData\motion_charaevent004.arc,14028537,420FB26B,1000
0,0,GameData\motion_omytgc001.arc,67866085,87E8C29D,1000
0,0,GameData\motion_omytgc002.arc,55834146,B9B4F924,1000
0,0,GameData\parts_charaevent002.arc,1862968,4E561505,1000
0,0,GameData\parts_omytgc002.arc,1862938,DBC7FAA5,1000
0,0,GameData\paths.dat,5904,9BDEA77E,1333
0,0,GameData\script.arc,12708807,2E348133,1333
0,0,GameData\script_cbl.arc,5900031,13C08970,1333
0,0,GameData\script_cbl_personal_om005plus.arc,102019,92E46CE5,1000
0,0,GameData\script_personal_om005plus.arc,520089,19C30664,1000
0,0,GameData\script_share_karaoke_2.arc,8158,9FD5683F,1333
0,0,GameData\sound2.arc,4012002,5B1CA5F5,1333
0,0,GameData\system_omytgc001.arc,53087,CCCF099E,1000
0,0,GameData\system_omytgc002.arc,46443,65C8BDED,1000
0,0,GameData\voice_personal_om005plus.arc,239538753,812EE8A3,1000