0,0,COM3D2OHx64_Data\Managed\Accessibility.dll,10752,5CB31E4E,1501
0,0,COM3D2OHx64_Data\Managed\Assembly-CSharp.dll,5527552,657F0DAF,1501
0,0,COM3D2OHx64_Data\Managed\Assembly-CSharp-firstpass.dll,791040,C62A1BC5,1501
0,0,COM3D2OHx64_Data\Managed\Assembly-UnityScript-firstpass.dll,65024,0F3CA537,1501
0,0,COM3D2OHx64_Data\Managed\Boo.Lang.dll,126976,28383F70,1501
0,0,COM3D2OHx64_Data\Managed\BouncyCastle.Crypto.dll,2236416,5A4C4F07,1501
0,0,COM3D2OHx64_Data\Managed\FoveUnityPlugin.dll,28672,A6EA882B,1501
0,0,COM3D2OHx64_Data\Managed\ICSharpCode.SharpZipLib.dll,200704,D3160A1C,1501
0,0,COM3D2OHx64_Data\Managed\Ionic.Zlib.dll,102400,7C9E7DD2,1501
0,0,COM3D2OHx64_Data\Managed\JsonFx.Json.dll,70144,A0F0CFCB,1501
0,0,COM3D2OHx64_Data\Managed\LeapCSharp.NET3.5.dll,82432,38E38212,1501
0,0,COM3D2OHx64_Data\Managed\Mono.Data.Tds.dll,96256,2965324B,1501
0,0,COM3D2OHx64_Data\Managed\Mono.Posix.dll,184320,0CE35BE3,1501
0,0,COM3D2OHx64_Data\Managed\Mono.Security.dll,294912,66EB9979,1501
0,0,COM3D2OHx64_Data\Managed\Mono.WebBrowser.dll,172032,137B736F,1501
0,0,COM3D2OHx64_Data\Managed\mscorlib.dll,2590208,5166389B,1501
0,0,COM3D2OHx64_Data\Managed\Newtonsoft.Json.dll,494592,5C881B73,1501
0,0,COM3D2OHx64_Data\Managed\System.Configuration.dll,124928,72952344,1501
0,0,COM3D2OHx64_Data\Managed\System.Core.dll,297472,9E3EE5D7,1501
0,0,COM3D2OHx64_Data\Managed\System.Data.dll,856064,DDDB80CD,1501
0,0,COM3D2OHx64_Data\Managed\System.dll,1679360,13922617,1501
0,0,COM3D2OHx64_Data\Managed\System.Drawing.Design.dll,29696,E7B53FF9,1501
0,0,COM3D2OHx64_Data\Managed\System.Drawing.dll,448512,C4B2E872,1501
0,0,COM3D2OHx64_Data\Managed\System.EnterpriseServices.dll,46592,2C72A9FE,1501
0,0,COM3D2OHx64_Data\Managed\System.Security.dll,135168,1CE94C57,1501
0,0,COM3D2OHx64_Data\Managed\System.Transactions.dll,27648,45299FCF,1501
0,0,COM3D2OHx64_Data\Managed\System.Windows.Forms.dll,3053568,56394001,1501
0,0,COM3D2OHx64_Data\Managed\System.Xml.dll,1270272,4581A35B,1501
0,0,COM3D2OHx64_Data\Managed\System.Xml.Linq.dll,106496,E844371C,1501
0,0,COM3D2OHx64_Data\Managed\UnityEngine.dll,1393152,2C35388C,1501
0,0,COM3D2OHx64_Data\Managed\UnityEngine.dll.mdb,449828,8610375E,1501
0,0,COM3D2OHx64_Data\Managed\UnityEngine.Networking.dll,253952,2BDF701F,1501
0,0,COM3D2OHx64_Data\Managed\UnityEngine.UI.dll,245760,FA552B2D,1501
0,0,COM3D2OHx64_Data\Managed\UnityEngine.VR.dll,3072,A4582CD6,1501
0,0,COM3D2OHx64_Data\Managed\UnityScript.Lang.dll,13824,0DA8F681,1501
0,0,COM3D2OHx64_Data\Managed\Win32.dll,13312,7781C2A2,1501
0,0,COM3D2OHx64_Data\Managed\zxing.unity.dll,430592,9FD1F198,1501
0,0,COM3D2OHx64_Data\Mono\etc\mono\1.0\DefaultWsdlHelpGenerator.aspx,58196,10E814BF,1501
0,0,COM3D2OHx64_Data\Mono\etc\mono\1.0\machine.config,17258,EDE1AC59,1501
0,0,COM3D2OHx64_Data\Mono\etc\mono\2.0\Browsers\Compat.browser,1605,2E178A0B,1501
0,0,COM3D2OHx64_Data\Mono\etc\mono\2.0\DefaultWsdlHelpGenerator.aspx,60453,F3869A34,1501
0,0,COM3D2OHx64_Data\Mono\etc\mono\2.0\machine.config,27625,73C91C24,1501
0,0,COM3D2OHx64_Data\Mono\etc\mono\2.0\settings.map,2618,A1A3C29F,1501
0,0,COM3D2OHx64_Data\Mono\etc\mono\2.0\web.config,11686,534A9960,1501
0,0,COM3D2OHx64_Data\Mono\etc\mono\mconfig\config.xml,25817,80B2033A,1501
0,0,COM3D2OHx64_Data\Mono\etc\mono\browscap.ini,311984,CE6C0AB3,1501
0,0,COM3D2OHx64_Data\Mono\etc\mono\config,1691,A635914A,1501
0,0,COM3D2OHx64_Data\Mono\mono.dll,2618816,0BEA8C0F,1501
0,0,COM3D2OHx64_Data\Mono\MonoPosixHelper.dll,113664,9B5E1E4D,1501
0,0,COM3D2OHx64_Data\Plugins\assimp.dll,4388864,7C910D84,1501
0,0,COM3D2OHx64_Data\Plugins\Audio360.dll,1499136,2D77400A,1501
0,0,COM3D2OHx64_Data\Plugins\AVProVideo.dll,891392,A3612D4B,1501
0,0,COM3D2OHx64_Data\Plugins\clothpp.dll,112128,7C3264A4,1501
0,0,COM3D2OHx64_Data\Plugins\cm3d2.dll,2078720,470280AC,1501
0,0,COM3D2OHx64_Data\Plugins\device_hook.dll,738816,F61E7CED,1501
0,0,COM3D2OHx64_Data\Plugins\FbxExporterCore.dll,12491776,CBAA51C1,1501
0,0,COM3D2OHx64_Data\Plugins\FoveClient.dll,1849384,58C8B4F6,1501
0,0,COM3D2OHx64_Data\Plugins\LeapC.dll,2516992,FBDD3767,1501
0,0,COM3D2OHx64_Data\Plugins\openvr_api.dll,318272,44432E0F,1501
0,0,COM3D2OHx64_Data\Plugins\OVRGamepad.dll,12800,2C526135,1501
0,0,COM3D2OHx64_Data\Plugins\OVRLipSync.dll,2512296,391C1F4C,1501
0,0,COM3D2OHx64_Data\Plugins\OVRPlugin.dll,1898408,5DD05B6C,1501
0,0,COM3D2OHx64_Data\Plugins\Win32-WebView.dll,504832,382AEE66,1501
0,0,COM3D2OHx64_Data\Resources\unity default resources,752360,71DB1AEA,1501
0,0,COM3D2OHx64_Data\Resources\unity_builtin_extra,284012,91145F7F,1501
0,0,COM3D2OHx64_Data\app.info,42,6CD75754,1501
0,0,COM3D2OHx64_Data\globalgamemanagers,4462844,D7C38718,1501
0,0,COM3D2OHx64_Data\globalgamemanagers.assets,244036,00A2BA66,1501
0,0,COM3D2OHx64_Data\level0,325484,AF8E593E,1501
0,0,COM3D2OHx64_Data\level1,348628,994DF63E,1501
0,0,COM3D2OHx64_Data\level2,740260,4194F7E7,1501
0,0,COM3D2OHx64_Data\level3,1212932,C654D249,1501
0,0,COM3D2OHx64_Data\level4,1301084,89FB35A7,1501
0,0,COM3D2OHx64_Data\level5,326980,90692605,1501
0,0,COM3D2OHx64_Data\level6,417140,57B77FEF,1501
0,0,COM3D2OHx64_Data\level7,325996,C6CD3EAA,1501
0,0,COM3D2OHx64_Data\level8,393444,8A263DC3,1501
0,0,COM3D2OHx64_Data\level9,329108,C6732AB8,1501
0,0,COM3D2OHx64_Data\level10,696836,12DE78D4,1501
0,0,COM3D2OHx64_Data\level11,7476,051DB040,1501
0,0,COM3D2OHx64_Data\level12,327940,F06C12B0,1501
0,0,COM3D2OHx64_Data\level13,4664,A78D5E5E,1501
0,0,COM3D2OHx64_Data\level14,344628,7E0CF867,1501
0,0,COM3D2OHx64_Data\level15,334324,B8D65667,1501
0,0,COM3D2OHx64_Data\level16,955468,92D21C09,1501
0,0,COM3D2OHx64_Data\level17,427148,B93EFE06,1501
0,0,COM3D2OHx64_Data\level18,1085108,E2AADB66,1501
0,0,COM3D2OHx64_Data\level19,410628,F995D526,1501
0,0,COM3D2OHx64_Data\level20,2187796,13641BA4,1501
0,0,COM3D2OHx64_Data\level21,1115116,0921CB40,1501
0,0,COM3D2OHx64_Data\level22,1088388,F30C6DD8,1501
0,0,COM3D2OHx64_Data\level23,447676,49548A68,1501
0,0,COM3D2OHx64_Data\level24,27904,DB86E7AD,1501
0,0,COM3D2OHx64_Data\level24.resS,131232,851AC384,1501
0,0,COM3D2OHx64_Data\level25,51676,9CBD4E9A,1501
0,0,COM3D2OHx64_Data\level26,56036,D0DB8446,1501
0,0,COM3D2OHx64_Data\level27,6832,74A7DC6B,1501
0,0,COM3D2OHx64_Data\level28,326388,ED052668,1501
0,0,COM3D2OHx64_Data\level29,1576436,F8B80A43,1501
0,0,COM3D2OHx64_Data\level30,1433068,FF78E6C6,1501
0,0,COM3D2OHx64_Data\level31,1454668,8C1B96F3,1501
0,0,COM3D2OHx64_Data\level32,1349900,30F84647,1501
0,0,COM3D2OHx64_Data\level33,1414356,5A5058D5,1501
0,0,COM3D2OHx64_Data\level34,1539780,0AE49B2A,1501
0,0,COM3D2OHx64_Data\level35,1276764,5AAB9CBA,1501
0,0,COM3D2OHx64_Data\level36,1027388,C071C0FA,1501
0,0,COM3D2OHx64_Data\level37,1034628,D6753440,1501
0,0,COM3D2OHx64_Data\level38,1276764,84F5831A,1501
0,0,COM3D2OHx64_Data\level39,1157324,BA09AC11,1501
0,0,COM3D2OHx64_Data\level40,945940,83AB0420,1501
0,0,COM3D2OHx64_Data\level41,1232332,F4DE3397,1501
0,0,COM3D2OHx64_Data\level42,1374804,37AA8470,1501
0,0,COM3D2OHx64_Data\level43,1333348,D651F2A0,1501
0,0,COM3D2OHx64_Data\level44,918156,84EE9378,1501
0,0,COM3D2OHx64_Data\level45,401292,8BD031CC,1501
0,0,COM3D2OHx64_Data\level46,397660,29C27616,1501
0,0,COM3D2OHx64_Data\level47,441372,EACC86C6,1501
0,0,COM3D2OHx64_Data\level48,463500,957D7916,1501
0,0,COM3D2OHx64_Data\level49,391900,4F6906A0,1501
0,0,COM3D2OHx64_Data\level50,451860,C6E23C36,1501
0,0,COM3D2OHx64_Data\level51,1040300,F2A9C627,1501
0,0,COM3D2OHx64_Data\level52,964700,843E9E38,1501
0,0,COM3D2OHx64_Data\level53,444580,D94D6CB7,1501
0,0,COM3D2OHx64_Data\level54,466724,5636D346,1501
0,0,COM3D2OHx64_Data\level55,457308,7A8F3704,1501
0,0,COM3D2OHx64_Data\level56,1044708,5B0DEB50,1501
0,0,COM3D2OHx64_Data\level57,1004980,A6AE8BE7,1501
0,0,COM3D2OHx64_Data\level58,450356,8C1E09E3,1501
0,0,COM3D2OHx64_Data\level59,434876,8C5BD7C1,1501
0,0,COM3D2OHx64_Data\level60,416548,169708FE,1501
0,0,COM3D2OHx64_Data\level61,1384100,EF67C579,1501
0,0,COM3D2OHx64_Data\level62,1324852,905C89FD,1501
0,0,COM3D2OHx64_Data\level63,503372,65209357,1501
0,0,COM3D2OHx64_Data\level64,405500,4AB39106,1501
0,0,COM3D2OHx64_Data\level65,1252868,C04BE2A3,1501
0,0,COM3D2OHx64_Data\level66,970700,2CACA97B,1501
0,0,COM3D2OHx64_Data\level67,1429172,C89F9802,1501
0,0,COM3D2OHx64_Data\level68,1370324,A9A5D871,1501
0,0,COM3D2OHx64_Data\level69,1576444,B941FC16,1501
0,0,COM3D2OHx64_Data\level70,1539788,9A45B77A,1501
0,0,COM3D2OHx64_Data\level71,1371476,658AC658,1501
0,0,COM3D2OHx64_Data\level72,1337420,CD103186,1501
0,0,COM3D2OHx64_Data\level73,418108,6F5EAAFC,1501
0,0,COM3D2OHx64_Data\level74,406740,1E23898E,1501
0,0,COM3D2OHx64_Data\level75,1050580,82A8A9B6,1501
0,0,COM3D2OHx64_Data\level76,851868,612EEA7C,1501
0,0,COM3D2OHx64_Data\level77,958636,C1340D9B,1501
0,0,COM3D2OHx64_Data\level78,852828,D6020A2E,1501
0,0,COM3D2OHx64_Data\level79,1030196,2BE851AB,1501
0,0,COM3D2OHx64_Data\level80,1693556,F588CC1F,1501
0,0,COM3D2OHx64_Data\level81,1644628,FDEAB6C4,1501
0,0,COM3D2OHx64_Data\level82,1113404,C49564FC,1501
0,0,COM3D2OHx64_Data\level83,1057076,EC9277FA,1501
0,0,COM3D2OHx64_Data\level84,1512532,44ED1837,1501
0,0,COM3D2OHx64_Data\level85,1611460,C60C3890,1501
0,0,COM3D2OHx64_Data\level86,1054972,C73739A6,1501
0,0,COM3D2OHx64_Data\level87,970516,814C09DC,1501
0,0,COM3D2OHx64_Data\level88,1679468,074C1744,1501
0,0,COM3D2OHx64_Data\level89,1576276,9B95EEAF,1501
0,0,COM3D2OHx64_Data\level90,468012,11BF0B86,1501
0,0,COM3D2OHx64_Data\level91,487788,9D6B0F94,1501
0,0,COM3D2OHx64_Data\level92,576276,DFA5D696,1501
0,0,COM3D2OHx64_Data\level93,535412,FC567D8E,1501
0,0,COM3D2OHx64_Data\level93.resS,131232,9337BCA3,1501
0,0,COM3D2OHx64_Data\level94,463068,F9E06429,1501
0,0,COM3D2OHx64_Data\level95,562284,5967EE17,1501
0,0,COM3D2OHx64_Data\level96,486388,05D64DDD,1501
0,0,COM3D2OHx64_Data\resources.assets,423678984,D1652CFD,1501
0,0,COM3D2OHx64_Data\resources.assets.resS,1792904064,0FF968FC,1501
0,0,COM3D2OHx64_Data\resources.resource,727392,54F90BDA,1501
0,0,COM3D2OHx64_Data\sharedassets0.assets,115226516,F3F097DF,1501
0,0,COM3D2OHx64_Data\sharedassets0.assets.resS,28071636,A1AB9432,1501
0,0,COM3D2OHx64_Data\sharedassets1.assets,6256,F37DE86E,1501
0,0,COM3D2OHx64_Data\sharedassets2.assets,6556,4FCFA807,1501
0,0,COM3D2OHx64_Data\sharedassets3.assets,12916,2607149C,1501
0,0,COM3D2OHx64_Data\sharedassets4.assets,7156,3C917573,1501
0,0,COM3D2OHx64_Data\sharedassets5.assets,6136,1F3DAE00,1501
0,0,COM3D2OHx64_Data\sharedassets6.assets,7096,E9524995,1501
0,0,COM3D2OHx64_Data\sharedassets7.assets,6088,68616DF0,1501
0,0,COM3D2OHx64_Data\sharedassets8.assets,6328,449E220C,1501
0,0,COM3D2OHx64_Data\sharedassets9.assets,6232,BA71FD76,1501
0,0,COM3D2OHx64_Data\sharedassets10.assets,6652,4BEA3BB0,1501
0,0,COM3D2OHx64_Data\sharedassets11.assets,4564,2A991DA6,1501
0,0,COM3D2OHx64_Data\sharedassets12.assets,6148,F6872E00,1501
0,0,COM3D2OHx64_Data\sharedassets13.assets,4132,DDFC4326,1501
0,0,COM3D2OHx64_Data\sharedassets14.assets,6868,AA6674D1,1501
0,0,COM3D2OHx64_Data\sharedassets15.assets,6232,F6B00BFB,1501
0,0,COM3D2OHx64_Data\sharedassets16.assets,30936236,32D9F8BA,1501
0,0,COM3D2OHx64_Data\sharedassets17.assets,6292,02E07DAD,1501
0,0,COM3D2OHx64_Data\sharedassets18.assets,48052092,C9FDC070,1501
0,0,COM3D2OHx64_Data\sharedassets19.assets,6316,A8A119C8,1501
0,0,COM3D2OHx64_Data\sharedassets20.assets,7096,8180B5E3,1501
0,0,COM3D2OHx64_Data\sharedassets21.assets,39516308,6877BA2E,1501
0,0,COM3D2OHx64_Data\sharedassets22.assets,12664,28A67381,1501
0,0,COM3D2OHx64_Data\sharedassets23.assets,18126856,E361EA07,1501
0,0,COM3D2OHx64_Data\sharedassets24.assets,12328,3F3F58BE,1501
0,0,COM3D2OHx64_Data\sharedassets25.assets,4420,E23DD2B6,1501
0,0,COM3D2OHx64_Data\sharedassets26.assets,4324,251392FA,1501
0,0,COM3D2OHx64_Data\sharedassets27.assets,4264,534ED5C8,1501
0,0,COM3D2OHx64_Data\sharedassets28.assets,6124,CFC00234,1501
0,0,COM3D2OHx64_Data\sharedassets29.assets,145550532,C2AC4182,1501
0,0,COM3D2OHx64_Data\sharedassets30.assets,135254532,928B4C23,1501
0,0,COM3D2OHx64_Data\sharedassets31.assets,127532532,3DBA65C4,1501
0,0,COM3D2OHx64_Data\sharedassets32.assets,9388,662B5294,1501
0,0,COM3D2OHx64_Data\sharedassets33.assets,9496,DB8FC2AF,1501
0,0,COM3D2OHx64_Data\sharedassets34.assets,9484,073D571F,1501
0,0,COM3D2OHx64_Data\sharedassets35.assets,128819620,AB857426,1501
0,0,COM3D2OHx64_Data\sharedassets36.assets,9256,4CD6F047,1501
0,0,COM3D2OHx64_Data\sharedassets37.assets,9280,159972BF,1501
0,0,COM3D2OHx64_Data\sharedassets38.assets,12712,83E0B142,1501
0,0,COM3D2OHx64_Data\sharedassets39.assets,9484,19B3F08C,1501
0,0,COM3D2OHx64_Data\sharedassets40.assets,9292,D07CFD85,1501
0,0,COM3D2OHx64_Data\sharedassets41.assets,9460,BCE388D7,1501
0,0,COM3D2OHx64_Data\sharedassets42.assets,141689532,A1A86596,1501
0,0,COM3D2OHx64_Data\sharedassets43.assets,9496,A80FF053,1501
0,0,COM3D2OHx64_Data\sharedassets44.assets,9460,BECBF646,1501
0,0,COM3D2OHx64_Data\sharedassets45.assets,42236540,22B702AF,1501
0,0,COM3D2OHx64_Data\sharedassets45.assets.resS,87400,8BA6C322,1501
0,0,COM3D2OHx64_Data\sharedassets46.assets,38246508,9B065D91,1501
0,0,COM3D2OHx64_Data\sharedassets47.assets,32874604,82DE3F06,1501
0,0,COM3D2OHx64_Data\sharedassets48.assets,36735684,4B3581A0,1501
0,0,COM3D2OHx64_Data\sharedassets48.assets.resS,174776,5B619AF1,1501
0,0,COM3D2OHx64_Data\sharedassets49.assets,41277360,4B77E35E,1501
0,0,COM3D2OHx64_Data\sharedassets50.assets,39399112,A06D6BD6,1501
0,0,COM3D2OHx64_Data\sharedassets51.assets,3017148,61818102,1501
0,0,COM3D2OHx64_Data\sharedassets51.assets.resS,611728,7BFBEAAE,1501
0,0,COM3D2OHx64_Data\sharedassets52.assets,9508,2D1E40ED,1501
0,0,COM3D2OHx64_Data\sharedassets53.assets,6508,810E9793,1501
0,0,COM3D2OHx64_Data\sharedassets54.assets,6508,810E9793,1501
0,0,COM3D2OHx64_Data\sharedassets55.assets,6508,810E9793,1501
0,0,COM3D2OHx64_Data\sharedassets56.assets,12604,941E32C9,1501
0,0,COM3D2OHx64_Data\sharedassets57.assets,9460,9FA3FBF2,1501
0,0,COM3D2OHx64_Data\sharedassets58.assets,6472,E4946995,1501
0,0,COM3D2OHx64_Data\sharedassets59.assets,59364,61665350,1501
0,0,COM3D2OHx64_Data\sharedassets59.assets.resS,174776,B51EE5DC,1501
0,0,COM3D2OHx64_Data\sharedassets60.assets,6484,A26C8407,1501
0,0,COM3D2OHx64_Data\sharedassets61.assets,759664,BBB8A8D4,1501
0,0,COM3D2OHx64_Data\sharedassets61.assets.resS,1310880,58801C35,1501
0,0,COM3D2OHx64_Data\sharedassets61.resource,1178176,90268BF4,1501
0,0,COM3D2OHx64_Data\sharedassets62.assets,9316,404C908A,1501
0,0,COM3D2OHx64_Data\sharedassets63.assets,52838324,68EA50F5,1501
0,0,COM3D2OHx64_Data\sharedassets63.assets.resS,6226112,B3E98769,1501
0,0,COM3D2OHx64_Data\sharedassets64.assets,6580,19A088E3,1501
0,0,COM3D2OHx64_Data\sharedassets65.assets,13852,B51466BD,1501
0,0,COM3D2OHx64_Data\sharedassets66.assets,9448,2340AF79,1501
0,0,COM3D2OHx64_Data\sharedassets67.assets,12616,4F83B849,1501
0,0,COM3D2OHx64_Data\sharedassets68.assets,9436,AD729AA8,1501
0,0,COM3D2OHx64_Data\sharedassets69.assets,12628,E44DBCB4,1501
0,0,COM3D2OHx64_Data\sharedassets70.assets,9484,073D571F,1501
0,0,COM3D2OHx64_Data\sharedassets71.assets,12616,4F83B849,1501
0,0,COM3D2OHx64_Data\sharedassets72.assets,10384,D0003E12,1501
0,0,COM3D2OHx64_Data\sharedassets73.assets,6868,6CBC009F,1501
0,0,COM3D2OHx64_Data\sharedassets74.assets,6436,1796B862,1501
0,0,COM3D2OHx64_Data\sharedassets75.assets,11692,497FBCD8,1501
0,0,COM3D2OHx64_Data\sharedassets75.resource,2729184,2D4064D6,1501
0,0,COM3D2OHx64_Data\sharedassets76.assets,11560,0433E5AD,1501
0,0,COM3D2OHx64_Data\sharedassets77.assets,8296,08A8F918,1501
0,0,COM3D2OHx64_Data\sharedassets78.assets,7612,B7402BA7,1501
0,0,COM3D2OHx64_Data\sharedassets79.assets,353884,5DABB9C3,1501
0,0,COM3D2OHx64_Data\sharedassets79.assets.resS,2272048,E50143CB,1501
0,0,COM3D2OHx64_Data\sharedassets79.resource,6236800,C7E9CFDE,1501
0,0,COM3D2OHx64_Data\sharedassets80.assets,6568304,4B156831,1501
0,0,COM3D2OHx64_Data\sharedassets80.assets.resS,10936,3B0D7ADF,1501
0,0,COM3D2OHx64_Data\sharedassets80.resource,1136352,956B5452,1501
0,0,COM3D2OHx64_Data\sharedassets81.assets,10252,0DD17523,1501
0,0,COM3D2OHx64_Data\sharedassets82.assets,12796,C69296A4,1501
0,0,COM3D2OHx64_Data\sharedassets83.assets,9592,70C7A8BA,1501
0,0,COM3D2OHx64_Data\sharedassets84.assets,9716,48B1D7B4,1501
0,0,COM3D2OHx64_Data\sharedassets84.resource,1003968,52A085C2,1501
0,0,COM3D2OHx64_Data\sharedassets85.assets,12916,03306B82,1501
0,0,COM3D2OHx64_Data\sharedassets86.assets,12856,BFD8C854,1501
0,0,COM3D2OHx64_Data\sharedassets87.assets,9532,5E1E8DE3,1501
0,0,COM3D2OHx64_Data\sharedassets88.assets,13300,D5820A9B,1501
0,0,COM3D2OHx64_Data\sharedassets88.resource,1166848,2709F6C2,1501
0,0,COM3D2OHx64_Data\sharedassets89.assets,9844,ED37D916,1501
0,0,COM3D2OHx64_Data\sharedassets90.assets,6652,F97A9B67,1501
0,0,COM3D2OHx64_Data\sharedassets91.assets,6652,F97A9B67,1501
0,0,COM3D2OHx64_Data\sharedassets92.assets,6616,60014DCD,1501
0,0,COM3D2OHx64_Data\sharedassets93.assets,6340,C4F1697B,1501
0,0,COM3D2OHx64_Data\sharedassets94.assets,6616,60014DCD,1501
0,0,COM3D2OHx64_Data\sharedassets95.assets,6712,21DD26DF,1501
0,0,COM3D2OHx64_Data\sharedassets96.assets,6616,60014DCD,1501
0,0,COM3D2OHx64.exe,22841856,858642A8,1501
share,GameData\patch\parts_cw005cloth4_2.arc,GameData\parts_cw005cloth4_2.arc,93385493,76CDAC9F,1501
