0,0,COM3D2x64_Data\Managed\Accessibility.dll,10752,5CB31E4E,24400
0,0,COM3D2x64_Data\Managed\Assembly-CSharp.dll,6129152,86E126DD,24400
0,0,COM3D2x64_Data\Managed\Assembly-CSharp-firstpass.dll,788480,9D54E118,24400
0,0,COM3D2x64_Data\Managed\Assembly-UnityScript-firstpass.dll,65024,10161425,24400
0,0,COM3D2x64_Data\Managed\Boo.Lang.dll,126976,28383F70,24400
0,0,COM3D2x64_Data\Managed\BouncyCastle.Crypto.dll,2236416,5A4C4F07,24400
0,0,COM3D2x64_Data\Managed\FoveUnityPlugin.dll,28672,A6EA882B,24400
0,0,COM3D2x64_Data\Managed\ICSharpCode.SharpZipLib.dll,200704,D3160A1C,24400
0,0,COM3D2x64_Data\Managed\Ionic.Zlib.dll,102400,7C9E7DD2,24400
0,0,COM3D2x64_Data\Managed\JsonFx.Json.dll,70144,A0F0CFCB,24400
0,0,COM3D2x64_Data\Managed\LeapCSharp.NET3.5.dll,82432,38E38212,24400
0,0,COM3D2x64_Data\Managed\Mono.Data.Tds.dll,96256,2965324B,24400
0,0,COM3D2x64_Data\Managed\Mono.Posix.dll,184320,0CE35BE3,24400
0,0,COM3D2x64_Data\Managed\Mono.Security.dll,294912,66EB9979,24400
0,0,COM3D2x64_Data\Managed\Mono.WebBrowser.dll,172032,137B736F,24400
0,0,COM3D2x64_Data\Managed\mscorlib.dll,2590208,5166389B,24400
0,0,COM3D2x64_Data\Managed\Newtonsoft.Json.dll,494592,5C881B73,24400
0,0,COM3D2x64_Data\Managed\System.Configuration.dll,124928,72952344,24400
0,0,COM3D2x64_Data\Managed\System.Core.dll,297472,9E3EE5D7,24400
0,0,COM3D2x64_Data\Managed\System.Data.dll,856064,DDDB80CD,24400
0,0,COM3D2x64_Data\Managed\System.dll,1679360,13922617,24400
0,0,COM3D2x64_Data\Managed\System.Drawing.Design.dll,29696,E7B53FF9,24400
0,0,COM3D2x64_Data\Managed\System.Drawing.dll,448512,C4B2E872,24400
0,0,COM3D2x64_Data\Managed\System.EnterpriseServices.dll,46592,2C72A9FE,24400
0,0,COM3D2x64_Data\Managed\System.Security.dll,135168,1CE94C57,24400
0,0,COM3D2x64_Data\Managed\System.Transactions.dll,27648,45299FCF,24400
0,0,COM3D2x64_Data\Managed\System.Windows.Forms.dll,3053568,56394001,24400
0,0,COM3D2x64_Data\Managed\System.Xml.dll,1270272,4581A35B,24400
0,0,COM3D2x64_Data\Managed\System.Xml.Linq.dll,106496,E844371C,24400
0,0,COM3D2x64_Data\Managed\UnityEngine.dll,1393152,2C35388C,24400
0,0,COM3D2x64_Data\Managed\UnityEngine.dll.mdb,449828,8610375E,24400
0,0,COM3D2x64_Data\Managed\UnityEngine.Networking.dll,253952,2BDF701F,24400
0,0,COM3D2x64_Data\Managed\UnityEngine.UI.dll,245760,FA552B2D,24400
0,0,COM3D2x64_Data\Managed\UnityEngine.VR.dll,3072,A4582CD6,24400
0,0,COM3D2x64_Data\Managed\UnityScript.Lang.dll,13824,0DA8F681,24400
0,0,COM3D2x64_Data\Managed\Win32.dll,13312,7781C2A2,24400
0,0,COM3D2x64_Data\Managed\zxing.unity.dll,430592,9FD1F198,24400
0,0,COM3D2x64_Data\Mono\etc\mono\1.0\DefaultWsdlHelpGenerator.aspx,58196,10E814BF,24400
0,0,COM3D2x64_Data\Mono\etc\mono\1.0\machine.config,17258,EDE1AC59,24400
0,0,COM3D2x64_Data\Mono\etc\mono\2.0\Browsers\Compat.browser,1605,2E178A0B,24400
0,0,COM3D2x64_Data\Mono\etc\mono\2.0\DefaultWsdlHelpGenerator.aspx,60453,F3869A34,24400
0,0,COM3D2x64_Data\Mono\etc\mono\2.0\machine.config,27625,73C91C24,24400
0,0,COM3D2x64_Data\Mono\etc\mono\2.0\settings.map,2618,A1A3C29F,24400
0,0,COM3D2x64_Data\Mono\etc\mono\2.0\web.config,11686,534A9960,24400
0,0,COM3D2x64_Data\Mono\etc\mono\mconfig\config.xml,25817,80B2033A,24400
0,0,COM3D2x64_Data\Mono\etc\mono\browscap.ini,311984,CE6C0AB3,24400
0,0,COM3D2x64_Data\Mono\etc\mono\config,1691,A635914A,24400
0,0,COM3D2x64_Data\Mono\mono.dll,2618816,0BEA8C0F,24400
0,0,COM3D2x64_Data\Mono\MonoPosixHelper.dll,113664,9B5E1E4D,24400
0,0,COM3D2x64_Data\Plugins\assimp.dll,4388864,7C910D84,24400
0,0,COM3D2x64_Data\Plugins\Audio360.dll,1956352,0D4B8E9D,24400
0,0,COM3D2x64_Data\Plugins\AVProVideo.dll,886272,278352F0,24400
0,0,COM3D2x64_Data\Plugins\clothpp.dll,112128,7C3264A4,24400
0,0,COM3D2x64_Data\Plugins\cm3d2.dll,2265088,CA67D1AD,24400
0,0,COM3D2x64_Data\Plugins\device_hook.dll,738816,F61E7CED,24400
0,0,COM3D2x64_Data\Plugins\FbxExporterCore.dll,12491776,CBAA51C1,24400
0,0,COM3D2x64_Data\Plugins\FoveClient.dll,1849384,58C8B4F6,24400
0,0,COM3D2x64_Data\Plugins\LeapC.dll,2516992,FBDD3767,24400
0,0,COM3D2x64_Data\Plugins\openvr_api.dll,318272,44432E0F,24400
0,0,COM3D2x64_Data\Plugins\OVRGamepad.dll,12800,2C526135,24400
0,0,COM3D2x64_Data\Plugins\OVRLipSync.dll,2512296,391C1F4C,24400
0,0,COM3D2x64_Data\Plugins\OVRPlugin.dll,1898408,5DD05B6C,24400
0,0,COM3D2x64_Data\Plugins\Win32-WebView.dll,504832,382AEE66,24400
0,0,COM3D2x64_Data\Resources\unity default resources,752360,71DB1AEA,24400
0,0,COM3D2x64_Data\Resources\unity_builtin_extra,284012,91145F7F,24400
0,0,COM3D2x64_Data\app.info,27,F9A266E7,24400
0,0,COM3D2x64_Data\globalgamemanagers,5298012,D71785CE,24400
0,0,COM3D2x64_Data\globalgamemanagers.assets,256612,1EDFDB33,24400
0,0,COM3D2x64_Data\level0,356324,1EF8F8F4,24400
0,0,COM3D2x64_Data\level1,379468,FAA24ED9,24400
0,0,COM3D2x64_Data\level2,374300,7FBE45F4,24400
0,0,COM3D2x64_Data\level3,1291404,250416B5,24400
0,0,COM3D2x64_Data\level4,1245436,ED7CF131,24400
0,0,COM3D2x64_Data\level5,1344508,345834EF,24400
0,0,COM3D2x64_Data\level6,358308,36D35C6C,24400
0,0,COM3D2x64_Data\level7,1091388,2F8B1BD7,24400
0,0,COM3D2x64_Data\level8,388884,B42F4F11,24400
0,0,COM3D2x64_Data\level9,455428,B3D893A0,24400
0,0,COM3D2x64_Data\level10,383500,AD9B2103,24400
0,0,COM3D2x64_Data\level11,356836,1F31BB5D,24400
0,0,COM3D2x64_Data\level12,470756,103B45A9,24400
0,0,COM3D2x64_Data\level13,360948,A1D5C831,24400
0,0,COM3D2x64_Data\level14,913588,CAB2B6BE,24400
0,0,COM3D2x64_Data\level15,7524,208D84AA,24400
0,0,COM3D2x64_Data\level16,358780,56397282,24400
0,0,COM3D2x64_Data\level17,4664,3E7CCB95,24400
0,0,COM3D2x64_Data\level18,375468,56BB7802,24400
0,0,COM3D2x64_Data\level19,365148,F20C3021,24400
0,0,COM3D2x64_Data\level20,987884,44477C00,24400
0,0,COM3D2x64_Data\level21,468436,12C97978,24400
0,0,COM3D2x64_Data\level22,1117532,3D787874,24400
0,0,COM3D2x64_Data\level23,441468,48086217,24400
0,0,COM3D2x64_Data\level24,711820,2E97885F,24400
0,0,COM3D2x64_Data\level25,378804,F0BF6CF5,24400
0,0,COM3D2x64_Data\level26,2235316,396B65C4,24400
0,0,COM3D2x64_Data\level27,1147548,5D8D67F1,24400
0,0,COM3D2x64_Data\level28,378804,BA36B473,24400
0,0,COM3D2x64_Data\level29,1120852,7A033F1E,24400
0,0,COM3D2x64_Data\level30,371428,905A1D22,24400
0,0,COM3D2x64_Data\level31,478540,94752FB1,24400
0,0,COM3D2x64_Data\level32,27904,C01C29E3,24400
0,0,COM3D2x64_Data\level32.resS,131232,851AC384,24400
0,0,COM3D2x64_Data\level33,51676,A6459284,24400
0,0,COM3D2x64_Data\level34,56036,754197B3,24400
0,0,COM3D2x64_Data\level35,6824,B9442EE8,24400
0,0,COM3D2x64_Data\level36,357228,518FA3FF,24400
0,0,COM3D2x64_Data\level37,1608844,1A540A3B,24400
0,0,COM3D2x64_Data\level38,1465484,3EDDA3B0,24400
0,0,COM3D2x64_Data\level39,1487076,CB665DBE,24400
0,0,COM3D2x64_Data\level40,474884,654A84D6,24400
0,0,COM3D2x64_Data\level41,426252,3A437B87,24400
0,0,COM3D2x64_Data\level42,457668,FA7E4AF7,24400
0,0,COM3D2x64_Data\level43,1382484,6AE89BEA,24400
0,0,COM3D2x64_Data\level44,1446948,FE6FF213,24400
0,0,COM3D2x64_Data\level45,1572356,918EB596,24400
0,0,COM3D2x64_Data\level46,444852,26708E42,24400
0,0,COM3D2x64_Data\level47,411948,3EECF734,24400
0,0,COM3D2x64_Data\level48,470316,ECEB318C,24400
0,0,COM3D2x64_Data\level49,427524,6E7BE37D,24400
0,0,COM3D2x64_Data\level50,1407228,3C54AD93,24400
0,0,COM3D2x64_Data\level51,412212,7D316865,24400
0,0,COM3D2x64_Data\level52,772628,5977F0E0,24400
0,0,COM3D2x64_Data\level53,653100,CE5E1A29,24400
0,0,COM3D2x64_Data\level54,380972,6F3C3808,24400
0,0,COM3D2x64_Data\level55,1309188,56D77C4A,24400
0,0,COM3D2x64_Data\level56,1059980,8AB3D541,24400
0,0,COM3D2x64_Data\level57,1067268,39F0A223,24400
0,0,COM3D2x64_Data\level58,1309196,3FEBE787,24400
0,0,COM3D2x64_Data\level59,1189996,7A27CC25,24400
0,0,COM3D2x64_Data\level60,978524,FC2DC7D5,24400
0,0,COM3D2x64_Data\level61,1264908,8D3ACC6F,24400
0,0,COM3D2x64_Data\level62,1365924,89295172,24400
0,0,COM3D2x64_Data\level63,712188,8DB83E09,24400
0,0,COM3D2x64_Data\level64,950748,CD916A49,24400
0,0,COM3D2x64_Data\level65,432164,6DEEEDE3,24400
0,0,COM3D2x64_Data\level66,428532,61E7D3B0,24400
0,0,COM3D2x64_Data\level67,472236,906E693C,24400
0,0,COM3D2x64_Data\level68,494372,5F18FB23,24400
0,0,COM3D2x64_Data\level69,422764,87D3CE1D,24400
0,0,COM3D2x64_Data\level70,482724,BF333573,24400
0,0,COM3D2x64_Data\level71,1072764,CD57EBDF,24400
0,0,COM3D2x64_Data\level72,997332,E5308B46,24400
0,0,COM3D2x64_Data\level73,475564,F1BBCC89,24400
0,0,COM3D2x64_Data\level74,497708,1E36ED7E,24400
0,0,COM3D2x64_Data\level75,488284,4E49CC1F,24400
0,0,COM3D2x64_Data\level76,1077172,2F0E8ED8,24400
0,0,COM3D2x64_Data\level77,1037612,8CB6D4BB,24400
0,0,COM3D2x64_Data\level78,481332,D272BD65,24400
0,0,COM3D2x64_Data\level79,465860,DEF5BDFF,24400
0,0,COM3D2x64_Data\level80,447532,C0A0A865,24400
0,0,COM3D2x64_Data\level81,390452,E16B4E0E,24400
0,0,COM3D2x64_Data\level82,1416556,11A22F6D,24400
0,0,COM3D2x64_Data\level83,1357484,F41A9C20,24400
0,0,COM3D2x64_Data\level84,534324,F46CBE78,24400
0,0,COM3D2x64_Data\level85,436340,7C4DD47D,24400
0,0,COM3D2x64_Data\level86,1285508,7E601A13,24400
0,0,COM3D2x64_Data\level87,1003348,44EC077D,24400
0,0,COM3D2x64_Data\level88,1461988,4C8756E1,24400
0,0,COM3D2x64_Data\level89,1403124,6B7DDAEB,24400
0,0,COM3D2x64_Data\level90,1608860,36DDA763,24400
0,0,COM3D2x64_Data\level91,1572372,61DE64BB,24400
0,0,COM3D2x64_Data\level92,1404268,0F68061A,24400
0,0,COM3D2x64_Data\level93,1370212,80D83098,24400
0,0,COM3D2x64_Data\level94,457292,FBB64FA2,24400
0,0,COM3D2x64_Data\level95,437764,A8BF7990,24400
0,0,COM3D2x64_Data\level96,1081548,D5425B9A,24400
0,0,COM3D2x64_Data\level97,882836,19F52DDD,24400
0,0,COM3D2x64_Data\level98,989604,8B81AEC8,24400
0,0,COM3D2x64_Data\level99,883812,A6F2A0CF,24400
0,0,COM3D2x64_Data\level100,1062732,1A97FE27,24400
0,0,COM3D2x64_Data\level101,1726364,82EB1E30,24400
0,0,COM3D2x64_Data\level102,1677428,EE072996,24400
0,0,COM3D2x64_Data\level103,1145876,B0F7F31A,24400
0,0,COM3D2x64_Data\level104,1089708,E875DFBF,24400
0,0,COM3D2x64_Data\level105,1545180,D3BD840A,24400
0,0,COM3D2x64_Data\level106,1644108,078535F2,24400
0,0,COM3D2x64_Data\level107,1087612,2BE248CA,24400
0,0,COM3D2x64_Data\level108,1003156,B849BD63,24400
0,0,COM3D2x64_Data\level109,1712108,CCB7733E,24400
0,0,COM3D2x64_Data\level110,1608924,E8DB508F,24400
0,0,COM3D2x64_Data\level111,498996,B65BC81D,24400
0,0,COM3D2x64_Data\level112,518772,68952CA3,24400
0,0,COM3D2x64_Data\level113,607252,CA6BEB75,24400
0,0,COM3D2x64_Data\level114,566692,143E43C5,24400
0,0,COM3D2x64_Data\level114.resS,131232,9337BCA3,24400
0,0,COM3D2x64_Data\level115,494052,2980F666,24400
0,0,COM3D2x64_Data\level116,593260,3F56C5C3,24400
0,0,COM3D2x64_Data\level117,517364,95DCEFE8,24400
0,0,COM3D2x64_Data\level118,1766772,4ECD2E46,24400
0,0,COM3D2x64_Data\level119,1509340,EDF0F18F,24400
0,0,COM3D2x64_Data\level120,1337348,694EB1DB,24400
0,0,COM3D2x64_Data\level121,1168500,08E97A9A,24400
0,0,COM3D2x64_Data\level122,1255924,71DEFF14,24400
0,0,COM3D2x64_Data\level123,1447268,3F9D180D,24400
0,0,COM3D2x64_Data\level124,1352972,25D9820E,24400
0,0,COM3D2x64_Data\level125,970612,C972297F,24400
0,0,COM3D2x64_Data\level126,588140,63DF3F38,24400
0,0,COM3D2x64_Data\level127,1033492,15982903,24400
0,0,COM3D2x64_Data\level128,956172,6E41EE4C,24400
0,0,COM3D2x64_Data\level129,737940,32154DB2,24400
0,0,COM3D2x64_Data\level130,970756,BB1AE3EE,24400
0,0,COM3D2x64_Data\level131,930340,4AE43D18,24400
0,0,COM3D2x64_Data\level132,896028,94A58EFB,24400
0,0,COM3D2x64_Data\level133,870596,88832370,24400
0,0,COM3D2x64_Data\level134,561484,D356A71B,24400
0,0,COM3D2x64_Data\level135,565684,58C87BAA,24400
0,0,COM3D2x64_Data\level136,591060,C58FF3D1,24400
0,0,COM3D2x64_Data\level137,589460,0A77CA77,24400
0,0,COM3D2x64_Data\level138,591196,82B88D1B,24400
0,0,COM3D2x64_Data\level139,593572,59A8DD18,24400
0,0,COM3D2x64_Data\level140,527780,652951E4,24400
0,0,COM3D2x64_Data\level141,531996,7904F364,24400
0,0,COM3D2x64_Data\level142,556220,DD02001A,24400
0,0,COM3D2x64_Data\level143,586556,480CB82E,24400
0,0,COM3D2x64_Data\level144,557348,375780B8,24400
0,0,COM3D2x64_Data\level145,560340,26A67420,24400
0,0,COM3D2x64_Data\level146,549412,7E2644BB,24400
0,0,COM3D2x64_Data\level147,587268,400242D2,24400
0,0,COM3D2x64_Data\level148,462260,B0C11462,24400
0,0,COM3D2x64_Data\level149,363572,2F32056E,24400
0,0,COM3D2x64_Data\level150,445796,546588A0,24400
0,0,COM3D2x64_Data\level150.resS,131232,9337BCA3,24400
0,0,COM3D2x64_Data\level151,1031484,7D6F8634,24400
0,0,COM3D2x64_Data\level152,1375932,A6FE6C58,24400
0,0,COM3D2x64_Data\level153,414036,2DDC6626,24400
0,0,COM3D2x64_Data\level154,453852,5D3F558E,24400
0,0,COM3D2x64_Data\level155,457940,46A5CF46,24400
0,0,COM3D2x64_Data\resources.assets,472845868,99CA5C7C,24400
0,0,COM3D2x64_Data\resources.assets.resS,2071422816,4FF88495,24400
0,0,COM3D2x64_Data\resources.resource,1348672,632087DF,24400
0,0,COM3D2x64_Data\sharedassets0.assets,115228100,7B87CE3F,24400
0,0,COM3D2x64_Data\sharedassets0.assets.resS,28071636,8A34135A,24400
0,0,COM3D2x64_Data\sharedassets1.assets,6256,4C86A747,24400
0,0,COM3D2x64_Data\sharedassets2.assets,6292,08AE4076,24400
0,0,COM3D2x64_Data\sharedassets3.assets,8296,26DD4910,24400
0,0,COM3D2x64_Data\sharedassets4.assets,12964,DDA39CE6,24400
0,0,COM3D2x64_Data\sharedassets5.assets,7276,5D928982,24400
0,0,COM3D2x64_Data\sharedassets6.assets,6160,E3BBAD28,24400
0,0,COM3D2x64_Data\sharedassets7.assets,6988,2D730462,24400
0,0,COM3D2x64_Data\sharedassets8.assets,6148,FF06756B,24400
0,0,COM3D2x64_Data\sharedassets9.assets,7108,EA6C09F4,24400
0,0,COM3D2x64_Data\sharedassets10.assets,6124,36A89595,24400
0,0,COM3D2x64_Data\sharedassets11.assets,6088,3F51990A,24400
0,0,COM3D2x64_Data\sharedassets12.assets,6448,844CF8F6,24400
0,0,COM3D2x64_Data\sharedassets13.assets,6280,C6C98E02,24400
0,0,COM3D2x64_Data\sharedassets14.assets,6916,D6CBF09A,24400
0,0,COM3D2x64_Data\sharedassets15.assets,4576,F0AFAAD9,24400
0,0,COM3D2x64_Data\sharedassets16.assets,6148,5B61CCCE,24400
0,0,COM3D2x64_Data\sharedassets17.assets,4132,A60CCC41,24400
0,0,COM3D2x64_Data\sharedassets18.assets,6868,2DAE3D2D,24400
0,0,COM3D2x64_Data\sharedassets19.assets,6232,1DE73B62,24400
0,0,COM3D2x64_Data\sharedassets20.assets,12676,5B29A3F9,24400
0,0,COM3D2x64_Data\sharedassets21.assets,6328,2CD04E7B,24400
0,0,COM3D2x64_Data\sharedassets22.assets,12736,FA5A86A6,24400
0,0,COM3D2x64_Data\sharedassets23.assets,6316,5C35EBAA,24400
0,0,COM3D2x64_Data\sharedassets24.assets,6376,B1ADB729,24400
0,0,COM3D2x64_Data\sharedassets25.assets,6184,3E491AF3,24400
0,0,COM3D2x64_Data\sharedassets26.assets,7108,1F5D2012,24400
0,0,COM3D2x64_Data\sharedassets27.assets,12712,8125BF44,24400
0,0,COM3D2x64_Data\sharedassets28.assets,6184,2D910955,24400
0,0,COM3D2x64_Data\sharedassets29.assets,12712,8125BF44,24400
0,0,COM3D2x64_Data\sharedassets30.assets,6112,0297DA10,24400
0,0,COM3D2x64_Data\sharedassets31.assets,18126856,63C24D37,24400
0,0,COM3D2x64_Data\sharedassets32.assets,12328,0CD9C757,24400
0,0,COM3D2x64_Data\sharedassets33.assets,4420,8FA80D31,24400
0,0,COM3D2x64_Data\sharedassets34.assets,4324,93F0F9BD,24400
0,0,COM3D2x64_Data\sharedassets35.assets,4264,89D82C06,24400
0,0,COM3D2x64_Data\sharedassets36.assets,6124,8C50C846,24400
0,0,COM3D2x64_Data\sharedassets37.assets,12676,4D19F1A7,24400
0,0,COM3D2x64_Data\sharedassets38.assets,12676,49A561F7,24400
0,0,COM3D2x64_Data\sharedassets39.assets,12676,86315909,24400
0,0,COM3D2x64_Data\sharedassets40.assets,7228,FE3EFD07,24400
0,0,COM3D2x64_Data\sharedassets41.assets,6976,D3B7864D,24400
0,0,COM3D2x64_Data\sharedassets42.assets,7264,EC181E4C,24400
0,0,COM3D2x64_Data\sharedassets43.assets,9400,BAD209AE,24400
0,0,COM3D2x64_Data\sharedassets44.assets,9508,A781D4F1,24400
0,0,COM3D2x64_Data\sharedassets45.assets,9496,8FFEFD3A,24400
0,0,COM3D2x64_Data\sharedassets46.assets,8560,A36E63D1,24400
0,0,COM3D2x64_Data\sharedassets47.assets,6592,2C913049,24400
0,0,COM3D2x64_Data\sharedassets48.assets,8332,ACF467C6,24400
0,0,COM3D2x64_Data\sharedassets49.assets,792692,05B534A4,24400
0,0,COM3D2x64_Data\sharedassets49.assets.resS,6506584,427886ED,24400
0,0,COM3D2x64_Data\sharedassets50.assets,12676,5F2382DA,24400
0,0,COM3D2x64_Data\sharedassets51.assets,6592,5C5D774C,24400
0,0,COM3D2x64_Data\sharedassets52.assets,6928,C290CD30,24400
0,0,COM3D2x64_Data\sharedassets53.assets,6724,CD0DD070,24400
0,0,COM3D2x64_Data\sharedassets54.assets,6136,9FF27014,24400
0,0,COM3D2x64_Data\sharedassets55.assets,12760,33A1DFA6,24400
0,0,COM3D2x64_Data\sharedassets56.assets,9292,F0CD8D6F,24400
0,0,COM3D2x64_Data\sharedassets57.assets,9328,DFF85FF8,24400
0,0,COM3D2x64_Data\sharedassets58.assets,12760,33A1DFA6,24400
0,0,COM3D2x64_Data\sharedassets59.assets,9532,48EEA658,24400
0,0,COM3D2x64_Data\sharedassets60.assets,9328,DFF85FF8,24400
0,0,COM3D2x64_Data\sharedassets61.assets,9472,2661BDB7,24400
0,0,COM3D2x64_Data\sharedassets62.assets,9508,A781D4F1,24400
0,0,COM3D2x64_Data\sharedassets63.assets,6652,60C2975A,24400
0,0,COM3D2x64_Data\sharedassets64.assets,9496,8FFEFD3A,24400
0,0,COM3D2x64_Data\sharedassets65.assets,42236540,72EB79ED,24400
0,0,COM3D2x64_Data\sharedassets65.assets.resS,87400,8BA6C322,24400
0,0,COM3D2x64_Data\sharedassets66.assets,38246508,1DF91BFF,24400
0,0,COM3D2x64_Data\sharedassets67.assets,32874604,9F4AB568,24400
0,0,COM3D2x64_Data\sharedassets68.assets,36735684,9FD8463F,24400
0,0,COM3D2x64_Data\sharedassets68.assets.resS,174776,5B619AF1,24400
0,0,COM3D2x64_Data\sharedassets69.assets,41277360,4EEF1D54,24400
0,0,COM3D2x64_Data\sharedassets70.assets,39399112,5A1858A6,24400
0,0,COM3D2x64_Data\sharedassets71.assets,3017228,248AF524,24400
0,0,COM3D2x64_Data\sharedassets71.assets.resS,611728,7BFBEAAE,24400
0,0,COM3D2x64_Data\sharedassets72.assets,9556,B6EEAC03,24400
0,0,COM3D2x64_Data\sharedassets73.assets,6508,DF7F4E8D,24400
0,0,COM3D2x64_Data\sharedassets74.assets,6508,DF7F4E8D,24400
0,0,COM3D2x64_Data\sharedassets75.assets,6508,DF7F4E8D,24400
0,0,COM3D2x64_Data\sharedassets76.assets,12688,D940B4B0,24400
0,0,COM3D2x64_Data\sharedassets77.assets,9508,E963D2AC,24400
0,0,COM3D2x64_Data\sharedassets78.assets,6472,F20ED8C8,24400
0,0,COM3D2x64_Data\sharedassets79.assets,59364,AB712F09,24400
0,0,COM3D2x64_Data\sharedassets79.assets.resS,174776,B51EE5DC,24400
0,0,COM3D2x64_Data\sharedassets80.assets,6484,9382F95D,24400
0,0,COM3D2x64_Data\sharedassets81.assets,6736,30DE9BAB,24400
0,0,COM3D2x64_Data\sharedassets82.assets,759744,7CAC770A,24400
0,0,COM3D2x64_Data\sharedassets82.assets.resS,1310880,58801C35,24400
0,0,COM3D2x64_Data\sharedassets82.resource,1178176,90268BF4,24400
0,0,COM3D2x64_Data\sharedassets83.assets,9376,81CE73AF,24400
0,0,COM3D2x64_Data\sharedassets84.assets,3412512,0B739E2E,24400
0,0,COM3D2x64_Data\sharedassets84.assets.resS,6226112,B3E98769,24400
0,0,COM3D2x64_Data\sharedassets85.assets,6580,3ABC45E0,24400
0,0,COM3D2x64_Data\sharedassets86.assets,13936,46FAD400,24400
0,0,COM3D2x64_Data\sharedassets87.assets,9496,8FFEFD3A,24400
0,0,COM3D2x64_Data\sharedassets88.assets,12712,4BF8B177,24400
0,0,COM3D2x64_Data\sharedassets89.assets,9496,DA3282EA,24400
0,0,COM3D2x64_Data\sharedassets90.assets,12676,4D19F1A7,24400
0,0,COM3D2x64_Data\sharedassets91.assets,9496,8FFEFD3A,24400
0,0,COM3D2x64_Data\sharedassets92.assets,12712,4BF8B177,24400
0,0,COM3D2x64_Data\sharedassets93.assets,10444,16976122,24400
0,0,COM3D2x64_Data\sharedassets94.assets,6928,A07F07B7,24400
0,0,COM3D2x64_Data\sharedassets95.assets,6436,C0FD200E,24400
0,0,COM3D2x64_Data\sharedassets96.assets,11732,4AD37DED,24400
0,0,COM3D2x64_Data\sharedassets96.resource,2729184,2D4064D6,24400
0,0,COM3D2x64_Data\sharedassets97.assets,11596,906F6B44,24400
0,0,COM3D2x64_Data\sharedassets98.assets,8296,0D350D47,24400
0,0,COM3D2x64_Data\sharedassets99.assets,7612,D8B051DB,24400
0,0,COM3D2x64_Data\sharedassets100.assets,353948,52CF7B02,24400
0,0,COM3D2x64_Data\sharedassets100.assets.resS,2272048,E50143CB,24400
0,0,COM3D2x64_Data\sharedassets100.resource,6236800,C7E9CFDE,24400
0,0,COM3D2x64_Data\sharedassets101.assets,6568400,5120F733,24400
0,0,COM3D2x64_Data\sharedassets101.assets.resS,10936,3B0D7ADF,24400
0,0,COM3D2x64_Data\sharedassets101.resource,1136352,956B5452,24400
0,0,COM3D2x64_Data\sharedassets102.assets,10312,3554A473,24400
0,0,COM3D2x64_Data\sharedassets103.assets,12844,16281793,24400
0,0,COM3D2x64_Data\sharedassets104.assets,9640,8AE06194,24400
0,0,COM3D2x64_Data\sharedassets105.assets,9764,78E7756E,24400
0,0,COM3D2x64_Data\sharedassets105.resource,1003968,52A085C2,24400
0,0,COM3D2x64_Data\sharedassets106.assets,13000,14D24FC5,24400
0,0,COM3D2x64_Data\sharedassets107.assets,12904,B2736FBA,24400
0,0,COM3D2x64_Data\sharedassets108.assets,9580,461F1278,24400
0,0,COM3D2x64_Data\sharedassets109.assets,13348,6F406F63,24400
0,0,COM3D2x64_Data\sharedassets109.resource,1166848,2709F6C2,24400
0,0,COM3D2x64_Data\sharedassets110.assets,9892,12351863,24400
0,0,COM3D2x64_Data\sharedassets111.assets,6664,AFFDEDA6,24400
0,0,COM3D2x64_Data\sharedassets112.assets,6664,AFFDEDA6,24400
0,0,COM3D2x64_Data\sharedassets113.assets,6628,E5EFE7CF,24400
0,0,COM3D2x64_Data\sharedassets114.assets,6340,EC2A637F,24400
0,0,COM3D2x64_Data\sharedassets115.assets,6628,E5EFE7CF,24400
0,0,COM3D2x64_Data\sharedassets116.assets,6724,BD28133C,24400
0,0,COM3D2x64_Data\sharedassets117.assets,6628,E5EFE7CF,24400
0,0,COM3D2x64_Data\sharedassets118.assets,12856,A56DFD1B,24400
0,0,COM3D2x64_Data\sharedassets119.assets,9544,85E89267,24400
0,0,COM3D2x64_Data\sharedassets120.assets,394920,56E82F1A,24400
0,0,COM3D2x64_Data\sharedassets120.assets.resS,2184640,DF887086,24400
0,0,COM3D2x64_Data\sharedassets121.assets,9748,F1F1EB80,24400
0,0,COM3D2x64_Data\sharedassets121.resource,2751968,AE761A89,24400
0,0,COM3D2x64_Data\sharedassets122.assets,12928,FC06D573,24400
0,0,COM3D2x64_Data\sharedassets123.assets,12964,977D2B86,24400
0,0,COM3D2x64_Data\sharedassets124.assets,9640,4AE6B6EE,24400
0,0,COM3D2x64_Data\sharedassets125.assets,7172,33ED5EC5,24400
0,0,COM3D2x64_Data\sharedassets125.resource,6331552,B816A215,24400
0,0,COM3D2x64_Data\sharedassets126.assets,7048,D84C066D,24400
0,0,COM3D2x64_Data\sharedassets127.assets,86916,90E11082,24400
0,0,COM3D2x64_Data\sharedassets127.resource,8838816,EBFF12DA,24400
0,0,COM3D2x64_Data\sharedassets128.assets,8200,AC53914F,24400
0,0,COM3D2x64_Data\sharedassets129.assets,7840,02239D66,24400
0,0,COM3D2x64_Data\sharedassets130.assets,11332,E55E5F11,24400
0,0,COM3D2x64_Data\sharedassets131.assets,8140,AEBFD4A4,24400
0,0,COM3D2x64_Data\sharedassets132.assets,615896,04D96DE1,24400
0,0,COM3D2x64_Data\sharedassets132.assets.resS,6138632,73B447A4,24400
0,0,COM3D2x64_Data\sharedassets133.assets,7024,1E36765B,24400
0,0,COM3D2x64_Data\sharedassets134.assets,6928,E7D8F6C8,24400
0,0,COM3D2x64_Data\sharedassets135.assets,6928,E7D8F6C8,24400
0,0,COM3D2x64_Data\sharedassets136.assets,6928,E7D8F6C8,24400
0,0,COM3D2x64_Data\sharedassets137.assets,6928,E7D8F6C8,24400
0,0,COM3D2x64_Data\sharedassets138.assets,6928,E7D8F6C8,24400
0,0,COM3D2x64_Data\sharedassets139.assets,6928,E7D8F6C8,24400
0,0,COM3D2x64_Data\sharedassets140.assets,6628,E5EFE7CF,24400
0,0,COM3D2x64_Data\sharedassets141.assets,6628,E5EFE7CF,24400
0,0,COM3D2x64_Data\sharedassets142.assets,6628,E5EFE7CF,24400
0,0,COM3D2x64_Data\sharedassets143.assets,6628,E5EFE7CF,24400
0,0,COM3D2x64_Data\sharedassets144.assets,6628,E5EFE7CF,24400
0,0,COM3D2x64_Data\sharedassets145.assets,6628,E5EFE7CF,24400
0,0,COM3D2x64_Data\sharedassets146.assets,6628,E5EFE7CF,24400
0,0,COM3D2x64_Data\sharedassets147.assets,6928,E7D8F6C8,24400
0,0,COM3D2x64_Data\sharedassets148.assets,6448,3484D4FC,24400
0,0,COM3D2x64_Data\sharedassets149.assets,6160,C13CCF89,24400
0,0,COM3D2x64_Data\sharedassets150.assets,7276,02D3AD74,24400
0,0,COM3D2x64_Data\sharedassets151.assets,213676,B1A542B6,24400
0,0,COM3D2x64_Data\sharedassets151.assets.resS,174776,583F8A72,24400
0,0,COM3D2x64_Data\sharedassets152.assets,10260,05AA1498,24400
0,0,COM3D2x64_Data\sharedassets153.assets,6448,C1498C9C,24400
0,0,COM3D2x64_Data\sharedassets154.assets,6448,A08BB632,24400
0,0,COM3D2x64_Data\sharedassets155.assets,6568,DD02CBE7,24400
0,0,COM3D2x64.exe,22841856,A9562BF9,24401
share,../com3d2data\GameData\ja\motion_omytgc035_2.arc,GameData\motion_omytgc035_2.arc,626379,5C67B1FA,24400
share,../com3d2data\GameData\ja\voice2.arc,GameData\voice2.arc,978689805,76ABD21C,24401
share,../com3d2data\GameData\ja_script\script.arc,GameData\script.arc,16643957,C287AE53,24401
share,../com3d2data\GameData\ja_script\script_dateplan001_2.arc,GameData\script_dateplan001_2.arc,2514,3616DD6A,24400
share,../com3d2data\GameData\ja_script\script_personal_om008_2.arc,GameData\script_personal_om008_2.arc,251849,9AEEA588,24400
share,../com3d2data\GameData\ja_script\script_personal_om012_gp002_2.arc,GameData\script_personal_om012_gp002_2.arc,32130,05B5697D,24401
share,../com3d2data\GameData\ja_script\script_select001_2.arc,GameData\script_select001_2.arc,1058,FC13B2F8,24401
share,../com3d2data\GameData\ja_script\script_trio002_2.arc,GameData\script_trio002_2.arc,8834,ACF4BB92,24401
share,../com3d2data\GameData\ja_script\script_valentine2025_2.arc,GameData\script_valentine2025_2.arc,11522,181ABC2F,24400
share,../com3d2data\GameData\ja_script\script_x_galplus_2.arc,GameData\script_x_galplus_2.arc,16162,B8EAFA5F,24400
share,../com3d2data\GameData\ja_script\script_x001_2.arc,GameData\script_x001_2.arc,23155861,1FD6CF4D,24400
share,../com3d2data\GameData\ja_script\script_x001plus_2.arc,GameData\script_x001plus_2.arc,23472311,77E9552A,24400
share,../com3d2data\GameData\patch\csv.arc,GameData\csv.arc,44841489,508EB1A3,24400
share,../com3d2data\GameData\patch\csv_dance_hhs_2.arc,GameData\csv_dance_hhs_2.arc,818,E0195413,24401
share,../com3d2data\GameData\patch\csv_dance_smt_2.arc,GameData\csv_dance_smt_2.arc,770,6B48DF0B,24401
share,../com3d2data\GameData\patch\csv_dance_sse_2.arc,GameData\csv_dance_sse_2.arc,786,A9BBB348,24401
share,../com3d2data\GameData\patch\parts_dlc363_2.arc,GameData\parts_dlc363_2.arc,11514704,647316E5,24400
share,../com3d2data\GameData\patch\parts2.arc,GameData\parts2.arc,224248176,47C1067E,24400
share,../com3d2data\GameData\patch\paths.dat,GameData\paths.dat,19704,EB710363,24400
share,../com3d2data\GameData\patch\prioritymaterial.arc,GameData\prioritymaterial.arc,867220,0D204E22,24400
share,../com3d2data\GameData\patch\sound_dance_hhs_2.arc,GameData\sound_dance_hhs_2.arc,16074673,9745C9D8,24401
share,../com3d2data\GameData\patch\sound_dance_smt_2.arc,GameData\sound_dance_smt_2.arc,19977815,0A32078B,24401
share,../com3d2data\GameData\patch\sound_dance_sse_2.arc,GameData\sound_dance_sse_2.arc,18108195,40971188,24401
share,../com3d2data\GameData\patch\sound_maidtaisou_2.arc,GameData\sound_maidtaisou_2.arc,7299538,D151932F,24401
share,../com3d2data\GameData\patch\system2.arc,GameData\system2.arc,48370542,A9C0B681,24400
share,../com3d2data\GameData_20\material_cas133_2.arc,GameData_20\material_cas133_2.arc,2546,0E77C955,1744
share,../com3d2data\GameData_20\material_denkigai2021s_2.arc,GameData_20\material_denkigai2021s_2.arc,1730,5A8CFCE7,1744
share,../com3d2data\GameData_20\material_dlc004_2.arc,GameData_20\material_dlc004_2.arc,5042,54116788,1744
share,../com3d2data\GameData_20\material_dlc007_2.arc,GameData_20\material_dlc007_2.arc,5122,7C7A291B,1744
share,../com3d2data\GameData_20\material_dlc326_2.arc,GameData_20\material_dlc326_2.arc,1682,5D16A84A,1744
share,../com3d2data\GameData_20\material_dlc386_2.arc,GameData_20\material_dlc386_2.arc,13250,4D9AA74F,1744
share,../com3d2data\GameData_20\material_dlc414_2.arc,GameData_20\material_dlc414_2.arc,13474,9E58194A,1744
share,../com3d2data\GameData_20\material_dlc427_2.arc,GameData_20\material_dlc427_2.arc,13746,1B72758F,1744
share,../com3d2data\GameData_20\material_dlc437hair_2.arc,GameData_20\material_dlc437hair_2.arc,1746,F7DF6102,1744
share,../com3d2data\GameData_20\material_dlc488_2.arc,GameData_20\material_dlc488_2.arc,1714,1AA5F731,1744
share,../com3d2data\GameData_20\menu_cas133_2.arc,GameData_20\menu_cas133_2.arc,8962,B2C49D27,1744
share,../com3d2data\GameData_20\menu_cas134_2.arc,GameData_20\menu_cas134_2.arc,9090,F8D6780D,1744
share,../com3d2data\GameData_20\menu_dlc004_2.arc,GameData_20\menu_dlc004_2.arc,3362,F70C6943,1744
share,../com3d2data\GameData_20\menu_dlc286_2.arc,GameData_20\menu_dlc286_2.arc,2626,18F6964C,1744
share,../com3d2data\GameData_20\menu_dlc326_2.arc,GameData_20\menu_dlc326_2.arc,1730,625DC929,1744
share,../com3d2data\GameData_20\menu_dlc363_2.arc,GameData_20\menu_dlc363_2.arc,2050,28BB461D,1744
share,../com3d2data\GameData_20\menu_dlc386_2.arc,GameData_20\menu_dlc386_2.arc,8242,43DF28B0,1744
share,../com3d2data\GameData_20\menu_dlc399_2.arc,GameData_20\menu_dlc399_2.arc,1234,9EC7D1A9,1744
share,../com3d2data\GameData_20\menu_dlc414_2.arc,GameData_20\menu_dlc414_2.arc,3666,01397BC6,1744
share,../com3d2data\GameData_20\menu_dlc423_2.arc,GameData_20\menu_dlc423_2.arc,3298,861496D6,1744
share,../com3d2data\GameData_20\menu_dlc487_2.arc,GameData_20\menu_dlc487_2.arc,3266,52969574,1744
share,../com3d2data\GameData_20\menu_dlc526_2.arc,GameData_20\menu_dlc526_2.arc,4258,988E8441,1744
share,../com3d2data\GameData_20\menu_gp001_2.arc,GameData_20\menu_gp001_2.arc,6770,59BE68C7,1744
share,../com3d2data\GameData_20\menu_oldplus009cloth_2.arc,GameData_20\menu_oldplus009cloth_2.arc,9602,4E06F551,1744
share,../com3d2data\GameData_20\menu_personal_om008_2.arc,GameData_20\menu_personal_om008_2.arc,6866,2468F845,1744
share,../com3d2data\GameData_20\model_cas043_2.arc,GameData_20\model_cas043_2.arc,166587,C4122F7E,1744
share,../com3d2data\GameData_20\model_cas056_2.arc,GameData_20\model_cas056_2.arc,515645,4C84558A,1744
share,../com3d2data\GameData_20\model_cas064_2.arc,GameData_20\model_cas064_2.arc,116026,0A8CC175,1744
share,../com3d2data\GameData_20\model_cas099_2.arc,GameData_20\model_cas099_2.arc,120018,F24B9C93,1744
share,../com3d2data\GameData_20\model_cas113_2.arc,GameData_20\model_cas113_2.arc,474721,DDA747D5,1744
share,../com3d2data\GameData_20\model_cas133_2.arc,GameData_20\model_cas133_2.arc,1797049,9CFB4397,1744
share,../com3d2data\GameData_20\model_cw004cloth1_2.arc,GameData_20\model_cw004cloth1_2.arc,877052,EEB61B76,1744
share,../com3d2data\GameData_20\model_cw004cloth3_2.arc,GameData_20\model_cw004cloth3_2.arc,392556,2C567671,1744
share,../com3d2data\GameData_20\model_cw007cloth2_2.arc,GameData_20\model_cw007cloth2_2.arc,198050,99EE2B6C,1744
share,../com3d2data\GameData_20\model_denkigai2020s_2.arc,GameData_20\model_denkigai2020s_2.arc,70702,A7C3EBB2,1744
share,../com3d2data\GameData_20\model_dlc004_2.arc,GameData_20\model_dlc004_2.arc,285512,53E9912D,1744
share,../com3d2data\GameData_20\model_dlc007_2.arc,GameData_20\model_dlc007_2.arc,72986,85596DB7,1744
share,../com3d2data\GameData_20\model_dlc038_2.arc,GameData_20\model_dlc038_2.arc,171553,12426AA2,1744
share,../com3d2data\GameData_20\model_dlc264_2.arc,GameData_20\model_dlc264_2.arc,1284137,3BAA1822,1744
share,../com3d2data\GameData_20\model_dlc314_2.arc,GameData_20\model_dlc314_2.arc,102829,E3EE6B88,1744
share,../com3d2data\GameData_20\model_dlc317_2.arc,GameData_20\model_dlc317_2.arc,4235399,79891393,1744
share,../com3d2data\GameData_20\model_dlc326_2.arc,GameData_20\model_dlc326_2.arc,414866,4374BB67,1744
share,../com3d2data\GameData_20\model_dlc345_2.arc,GameData_20\model_dlc345_2.arc,305873,22B2B3C4,1744
share,../com3d2data\GameData_20\model_dlc363_2.arc,GameData_20\model_dlc363_2.arc,910499,3673CAEF,1744
share,../com3d2data\GameData_20\model_dlc392_2.arc,GameData_20\model_dlc392_2.arc,1183892,E5FCC07F,1744
share,../com3d2data\GameData_20\model_dlc414_2.arc,GameData_20\model_dlc414_2.arc,399533,EA325852,1744
share,../com3d2data\GameData_20\model_dlc423_2.arc,GameData_20\model_dlc423_2.arc,243401,53F93DDE,1744
share,../com3d2data\GameData_20\model_dlc437_2.arc,GameData_20\model_dlc437_2.arc,487721,9BBC736D,1744
share,../com3d2data\GameData_20\model_dlc437hair_2.arc,GameData_20\model_dlc437hair_2.arc,354059,D48CD13B,1744
share,../com3d2data\GameData_20\model_dlc450_2.arc,GameData_20\model_dlc450_2.arc,508820,CFFA2D48,1744
share,../com3d2data\GameData_20\model_dlc451_2.arc,GameData_20\model_dlc451_2.arc,537178,E56CAB81,1744
share,../com3d2data\GameData_20\model_dlc462_2.arc,GameData_20\model_dlc462_2.arc,337274,335419B3,1744
share,../com3d2data\GameData_20\model_dlc466_2.arc,GameData_20\model_dlc466_2.arc,220262,A2895402,1744
share,../com3d2data\GameData_20\model_dlc475_2.arc,GameData_20\model_dlc475_2.arc,1346362,9820A575,1744
share,../com3d2data\GameData_20\model_dlc505_2.arc,GameData_20\model_dlc505_2.arc,114740,AF1B0F13,1744
share,../com3d2data\GameData_20\model_dlc508_2.arc,GameData_20\model_dlc508_2.arc,1171745,91EBD4B1,1744
share,../com3d2data\GameData_20\model_dlc510_2.arc,GameData_20\model_dlc510_2.arc,1798570,28BA1A40,1744
share,../com3d2data\GameData_20\model_dlc513_2.arc,GameData_20\model_dlc513_2.arc,142742,C92F2E78,1744
share,../com3d2data\GameData_20\model_dlc519_2.arc,GameData_20\model_dlc519_2.arc,196088,933B2E23,1744
share,../com3d2data\GameData_20\model_dlc520_2.arc,GameData_20\model_dlc520_2.arc,647048,A82B87A1,1744
share,../com3d2data\GameData_20\model_dlc527_2.arc,GameData_20\model_dlc527_2.arc,263958,D13DC3A3,1744
share,../com3d2data\GameData_20\model_dlc528_2.arc,GameData_20\model_dlc528_2.arc,508021,E5631015,1744
share,../com3d2data\GameData_20\model_dlc536_2.arc,GameData_20\model_dlc536_2.arc,1135095,9F93E2F2,1744
share,../com3d2data\GameData_20\model_personal_om008_2.arc,GameData_20\model_personal_om008_2.arc,219900,95ED3847,1744
share,../com3d2data\GameData_20\paths.dat,GameData_20\paths.dat,15335,2E63AA64,1831
share,../com3d2data\GameData_20\prioritymaterial.arc,GameData_20\prioritymaterial.arc,452595,23992E1F,1831
share,../com3d2data\GameData_20\texture_cas113_2.arc,GameData_20\texture_cas113_2.arc,46625634,E6F2E799,1744
share,../com3d2data\GameData_20\texture_cas139_2.arc,GameData_20\texture_cas139_2.arc,8118853,61331B0E,1744
share,../com3d2data\GameData_20\texture_dlc004_2.arc,GameData_20\texture_dlc004_2.arc,4805793,1C7DB786,1744
share,../com3d2data\GameData_20\texture_dlc363_2.arc,GameData_20\texture_dlc363_2.arc,10910542,60E1B3DE,1744
share,../com3d2data\GameData_20\texture_dlc377_2.arc,GameData_20\texture_dlc377_2.arc,2633123,5A9C0F72,1744
share,../com3d2data\GameData_20\texture_dlc386_2.arc,GameData_20\texture_dlc386_2.arc,1022408,504C11D3,1744
share,../com3d2data\GameData_20\texture_dlc405_2.arc,GameData_20\texture_dlc405_2.arc,4522663,AD657DA6,1744
share,../com3d2data\GameData_20\texture_dlc414_2.arc,GameData_20\texture_dlc414_2.arc,8276290,844E9DDA,1744
share,../com3d2data\GameData_20\texture_dlc437_2.arc,GameData_20\texture_dlc437_2.arc,21879766,37D74A80,1744
share,../com3d2data\GameData_20\texture_dlc475_2.arc,GameData_20\texture_dlc475_2.arc,12536480,61782DA5,1744
share,../com3d2data\GameData_20\texture_dlc526_2.arc,GameData_20\texture_dlc526_2.arc,8210,1462E6A1,1744
share,../com3d2data\GameData_20\texture_dlc536_2.arc,GameData_20\texture_dlc536_2.arc,20742956,B73EA101,1744
