0,0,COM3D2x64_Data\Managed\Accessibility.dll,10752,5CB31E4E,24501
0,0,COM3D2x64_Data\Managed\Assembly-CSharp.dll,6149632,89ECACA5,24501
0,0,COM3D2x64_Data\Managed\Assembly-CSharp-firstpass.dll,788480,9D54E118,24501
0,0,COM3D2x64_Data\Managed\Assembly-UnityScript-firstpass.dll,65024,22078507,24501
0,0,COM3D2x64_Data\Managed\Boo.Lang.dll,126976,28383F70,24501
0,0,COM3D2x64_Data\Managed\BouncyCastle.Crypto.dll,2236416,5A4C4F07,24501
0,0,COM3D2x64_Data\Managed\FoveUnityPlugin.dll,28672,A6EA882B,24501
0,0,COM3D2x64_Data\Managed\ICSharpCode.SharpZipLib.dll,200704,D3160A1C,24501
0,0,COM3D2x64_Data\Managed\Ionic.Zlib.dll,102400,7C9E7DD2,24501
0,0,COM3D2x64_Data\Managed\JsonFx.Json.dll,70144,A0F0CFCB,24501
0,0,COM3D2x64_Data\Managed\LeapCSharp.NET3.5.dll,82432,38E38212,24501
0,0,COM3D2x64_Data\Managed\Mono.Data.Tds.dll,96256,2965324B,24501
0,0,COM3D2x64_Data\Managed\Mono.Posix.dll,184320,0CE35BE3,24501
0,0,COM3D2x64_Data\Managed\Mono.Security.dll,294912,66EB9979,24501
0,0,COM3D2x64_Data\Managed\Mono.WebBrowser.dll,172032,137B736F,24501
0,0,COM3D2x64_Data\Managed\mscorlib.dll,2590208,5166389B,24501
0,0,COM3D2x64_Data\Managed\Newtonsoft.Json.dll,494592,5C881B73,24501
0,0,COM3D2x64_Data\Managed\System.Configuration.dll,124928,72952344,24501
0,0,COM3D2x64_Data\Managed\System.Core.dll,297472,9E3EE5D7,24501
0,0,COM3D2x64_Data\Managed\System.Data.dll,856064,DDDB80CD,24501
0,0,COM3D2x64_Data\Managed\System.dll,1679360,13922617,24501
0,0,COM3D2x64_Data\Managed\System.Drawing.Design.dll,29696,E7B53FF9,24501
0,0,COM3D2x64_Data\Managed\System.Drawing.dll,448512,C4B2E872,24501
0,0,COM3D2x64_Data\Managed\System.EnterpriseServices.dll,46592,2C72A9FE,24501
0,0,COM3D2x64_Data\Managed\System.Security.dll,135168,1CE94C57,24501
0,0,COM3D2x64_Data\Managed\System.Transactions.dll,27648,45299FCF,24501
0,0,COM3D2x64_Data\Managed\System.Windows.Forms.dll,3053568,56394001,24501
0,0,COM3D2x64_Data\Managed\System.Xml.dll,1270272,4581A35B,24501
0,0,COM3D2x64_Data\Managed\System.Xml.Linq.dll,106496,E844371C,24501
0,0,COM3D2x64_Data\Managed\UnityEngine.dll,1393152,2C35388C,24501
0,0,COM3D2x64_Data\Managed\UnityEngine.dll.mdb,449828,8610375E,24501
0,0,COM3D2x64_Data\Managed\UnityEngine.Networking.dll,253952,2BDF701F,24501
0,0,COM3D2x64_Data\Managed\UnityEngine.UI.dll,245760,FA552B2D,24501
0,0,COM3D2x64_Data\Managed\UnityEngine.VR.dll,3072,A4582CD6,24501
0,0,COM3D2x64_Data\Managed\UnityScript.Lang.dll,13824,0DA8F681,24501
0,0,COM3D2x64_Data\Managed\Win32.dll,13312,7781C2A2,24501
0,0,COM3D2x64_Data\Managed\zxing.unity.dll,430592,9FD1F198,24501
0,0,COM3D2x64_Data\Mono\etc\mono\1.0\DefaultWsdlHelpGenerator.aspx,58196,10E814BF,24501
0,0,COM3D2x64_Data\Mono\etc\mono\1.0\machine.config,17258,EDE1AC59,24501
0,0,COM3D2x64_Data\Mono\etc\mono\2.0\Browsers\Compat.browser,1605,2E178A0B,24501
0,0,COM3D2x64_Data\Mono\etc\mono\2.0\DefaultWsdlHelpGenerator.aspx,60453,F3869A34,24501
0,0,COM3D2x64_Data\Mono\etc\mono\2.0\machine.config,27625,73C91C24,24501
0,0,COM3D2x64_Data\Mono\etc\mono\2.0\settings.map,2618,A1A3C29F,24501
0,0,COM3D2x64_Data\Mono\etc\mono\2.0\web.config,11686,534A9960,24501
0,0,COM3D2x64_Data\Mono\etc\mono\mconfig\config.xml,25817,80B2033A,24501
0,0,COM3D2x64_Data\Mono\etc\mono\browscap.ini,311984,CE6C0AB3,24501
0,0,COM3D2x64_Data\Mono\etc\mono\config,1691,A635914A,24501
0,0,COM3D2x64_Data\Mono\mono.dll,2618816,0BEA8C0F,24501
0,0,COM3D2x64_Data\Mono\MonoPosixHelper.dll,113664,9B5E1E4D,24501
0,0,COM3D2x64_Data\Plugins\assimp.dll,4388864,7C910D84,24501
0,0,COM3D2x64_Data\Plugins\Audio360.dll,1956352,0D4B8E9D,24501
0,0,COM3D2x64_Data\Plugins\AVProVideo.dll,886272,278352F0,24501
0,0,COM3D2x64_Data\Plugins\clothpp.dll,112128,7C3264A4,24501
0,0,COM3D2x64_Data\Plugins\cm3d2.dll,2265088,CA67D1AD,24501
0,0,COM3D2x64_Data\Plugins\device_hook.dll,738816,F61E7CED,24501
0,0,COM3D2x64_Data\Plugins\FbxExporterCore.dll,12491776,CBAA51C1,24501
0,0,COM3D2x64_Data\Plugins\FoveClient.dll,1849384,58C8B4F6,24501
0,0,COM3D2x64_Data\Plugins\LeapC.dll,2516992,FBDD3767,24501
0,0,COM3D2x64_Data\Plugins\openvr_api.dll,318272,44432E0F,24501
0,0,COM3D2x64_Data\Plugins\OVRGamepad.dll,12800,2C526135,24501
0,0,COM3D2x64_Data\Plugins\OVRLipSync.dll,2512296,391C1F4C,24501
0,0,COM3D2x64_Data\Plugins\OVRPlugin.dll,1898408,5DD05B6C,24501
0,0,COM3D2x64_Data\Plugins\Win32-WebView.dll,504832,382AEE66,24501
0,0,COM3D2x64_Data\Resources\unity default resources,752360,71DB1AEA,24501
0,0,COM3D2x64_Data\Resources\unity_builtin_extra,284012,91145F7F,24501
0,0,COM3D2x64_Data\app.info,27,F9A266E7,24501
0,0,COM3D2x64_Data\globalgamemanagers,5370220,EC716393,24501
0,0,COM3D2x64_Data\globalgamemanagers.assets,257676,18F56B0A,24501
0,0,COM3D2x64_Data\level0,356324,BA07E7FC,24501
0,0,COM3D2x64_Data\level1,379468,9AF14AB7,24501
0,0,COM3D2x64_Data\level2,374300,DCBA69BE,24501
0,0,COM3D2x64_Data\level3,1291404,14E2448B,24501
0,0,COM3D2x64_Data\level4,1245508,93114548,24501
0,0,COM3D2x64_Data\level5,1344508,72CA3AED,24501
0,0,COM3D2x64_Data\level6,358308,4A2FC94B,24501
0,0,COM3D2x64_Data\level7,1091388,73EF7D53,24501
0,0,COM3D2x64_Data\level8,388884,F1B088AA,24501
0,0,COM3D2x64_Data\level9,455428,4CAE7912,24501
0,0,COM3D2x64_Data\level10,383500,322956DC,24501
0,0,COM3D2x64_Data\level11,356836,F6EECB54,24501
0,0,COM3D2x64_Data\level12,470756,1A0C93F5,24501
0,0,COM3D2x64_Data\level13,360948,87B5B398,24501
0,0,COM3D2x64_Data\level14,913588,52AC083A,24501
0,0,COM3D2x64_Data\level15,7524,A0131AE2,24501
0,0,COM3D2x64_Data\level16,358780,2DD09C8C,24501
0,0,COM3D2x64_Data\level17,4664,BD01E57F,24501
0,0,COM3D2x64_Data\level18,375468,2C9B8DCD,24501
0,0,COM3D2x64_Data\level19,365148,BE51C9A8,24501
0,0,COM3D2x64_Data\level20,987956,3D0B2620,24501
0,0,COM3D2x64_Data\level21,468436,432DFCC1,24501
0,0,COM3D2x64_Data\level22,1117604,37A34FA2,24501
0,0,COM3D2x64_Data\level23,441468,EEC8C1BA,24501
0,0,COM3D2x64_Data\level24,711820,9800F6B8,24501
0,0,COM3D2x64_Data\level25,378804,F17F265B,24501
0,0,COM3D2x64_Data\level26,2235316,2373E6EF,24501
0,0,COM3D2x64_Data\level27,1147620,072B1183,24501
0,0,COM3D2x64_Data\level28,378804,11CD2B01,24501
0,0,COM3D2x64_Data\level29,1120924,1811C11A,24501
0,0,COM3D2x64_Data\level30,371428,3BC4DEF5,24501
0,0,COM3D2x64_Data\level31,478540,89214EA7,24501
0,0,COM3D2x64_Data\level32,27904,E38967B3,24501
0,0,COM3D2x64_Data\level32.resS,131232,851AC384,24501
0,0,COM3D2x64_Data\level33,51676,21C962EC,24501
0,0,COM3D2x64_Data\level34,56036,DC62DD00,24501
0,0,COM3D2x64_Data\level35,6824,5C004C3A,24501
0,0,COM3D2x64_Data\level36,357228,571116DF,24501
0,0,COM3D2x64_Data\level37,1608916,66E1FE33,24501
0,0,COM3D2x64_Data\level38,1465556,8BC7F0BF,24501
0,0,COM3D2x64_Data\level39,1487148,D95D21DB,24501
0,0,COM3D2x64_Data\level40,474884,1C1F734F,24501
0,0,COM3D2x64_Data\level41,426252,870FCA43,24501
0,0,COM3D2x64_Data\level42,457668,68C22F33,24501
0,0,COM3D2x64_Data\level43,1382556,38B7D876,24501
0,0,COM3D2x64_Data\level44,1447020,EC6076A9,24501
0,0,COM3D2x64_Data\level45,1572428,60A2561E,24501
0,0,COM3D2x64_Data\level46,444852,90F46F3C,24501
0,0,COM3D2x64_Data\level47,411948,F383643A,24501
0,0,COM3D2x64_Data\level48,470316,0CD845B3,24501
0,0,COM3D2x64_Data\level49,427524,B452B42D,24501
0,0,COM3D2x64_Data\level50,1407300,76FB9EE7,24501
0,0,COM3D2x64_Data\level51,412212,88E47585,24501
0,0,COM3D2x64_Data\level52,772628,B51DE976,24501
0,0,COM3D2x64_Data\level53,653308,18DFDBB2,24501
0,0,COM3D2x64_Data\level54,380972,8F2A9107,24501
0,0,COM3D2x64_Data\level55,1309260,BD76AE5E,24501
0,0,COM3D2x64_Data\level56,1060052,9BA2414E,24501
0,0,COM3D2x64_Data\level57,1067340,C0448540,24501
0,0,COM3D2x64_Data\level58,1309268,2AFB89C8,24501
0,0,COM3D2x64_Data\level59,1190068,28F4E01B,24501
0,0,COM3D2x64_Data\level60,978596,DC75BC7B,24501
0,0,COM3D2x64_Data\level61,1264980,4CE8F20E,24501
0,0,COM3D2x64_Data\level62,1365996,974C7FDA,24501
0,0,COM3D2x64_Data\level63,712188,8C590DB3,24501
0,0,COM3D2x64_Data\level64,950820,6CA94160,24501
0,0,COM3D2x64_Data\level65,432164,DCC102A7,24501
0,0,COM3D2x64_Data\level66,428532,6874177E,24501
0,0,COM3D2x64_Data\level67,472236,5FA0EF8D,24501
0,0,COM3D2x64_Data\level68,494372,9915DB93,24501
0,0,COM3D2x64_Data\level69,422764,59381BBB,24501
0,0,COM3D2x64_Data\level70,482724,948602F8,24501
0,0,COM3D2x64_Data\level71,1072836,22FF271A,24501
0,0,COM3D2x64_Data\level72,997404,D270A704,24501
0,0,COM3D2x64_Data\level73,475564,EA2C4CBB,24501
0,0,COM3D2x64_Data\level74,497708,9A85FC4E,24501
0,0,COM3D2x64_Data\level75,488284,9C5C829E,24501
0,0,COM3D2x64_Data\level76,1077244,1CC7479A,24501
0,0,COM3D2x64_Data\level77,1037684,5EFD2377,24501
0,0,COM3D2x64_Data\level78,481332,550C7C45,24501
0,0,COM3D2x64_Data\level79,465860,59F50C60,24501
0,0,COM3D2x64_Data\level80,447532,690A757D,24501
0,0,COM3D2x64_Data\level81,390452,4A54489B,24501
0,0,COM3D2x64_Data\level82,1416628,A742D1BF,24501
0,0,COM3D2x64_Data\level83,1357556,6E74277D,24501
0,0,COM3D2x64_Data\level84,534324,16200D5C,24501
0,0,COM3D2x64_Data\level85,436340,28642C6E,24501
0,0,COM3D2x64_Data\level86,1285580,689FEFC5,24501
0,0,COM3D2x64_Data\level87,1003420,D5F08E9C,24501
0,0,COM3D2x64_Data\level88,1462060,976F609F,24501
0,0,COM3D2x64_Data\level89,1403196,F90CCB8F,24501
0,0,COM3D2x64_Data\level90,1608932,5E17B77F,24501
0,0,COM3D2x64_Data\level91,1572444,0AF3CA80,24501
0,0,COM3D2x64_Data\level92,1404340,0C6638D7,24501
0,0,COM3D2x64_Data\level93,1370284,2788A4E7,24501
0,0,COM3D2x64_Data\level94,457292,AB95FC26,24501
0,0,COM3D2x64_Data\level95,437764,37E48CAF,24501
0,0,COM3D2x64_Data\level96,1081548,F24B1333,24501
0,0,COM3D2x64_Data\level97,882836,C79CC3D8,24501
0,0,COM3D2x64_Data\level98,989604,DD2335A2,24501
0,0,COM3D2x64_Data\level99,883812,8F6E29B4,24501
0,0,COM3D2x64_Data\level100,1062804,6612CC6D,24501
0,0,COM3D2x64_Data\level101,1726436,7508F7B5,24501
0,0,COM3D2x64_Data\level102,1677500,E00549F7,24501
0,0,COM3D2x64_Data\level103,1145948,80872269,24501
0,0,COM3D2x64_Data\level104,1089780,338A1D56,24501
0,0,COM3D2x64_Data\level105,1545252,B911B3CF,24501
0,0,COM3D2x64_Data\level106,1644180,15623BC8,24501
0,0,COM3D2x64_Data\level107,1087684,E6C5AFE8,24501
0,0,COM3D2x64_Data\level108,1003228,7987045D,24501
0,0,COM3D2x64_Data\level109,1712180,EDD53C39,24501
0,0,COM3D2x64_Data\level110,1608996,75DF18CE,24501
0,0,COM3D2x64_Data\level111,498996,E215535E,24501
0,0,COM3D2x64_Data\level112,518772,48170EA7,24501
0,0,COM3D2x64_Data\level113,607252,C17BEE73,24501
0,0,COM3D2x64_Data\level114,566692,4390A570,24501
0,0,COM3D2x64_Data\level114.resS,131232,9337BCA3,24501
0,0,COM3D2x64_Data\level115,494052,79AE7FA0,24501
0,0,COM3D2x64_Data\level116,593260,ECD228D4,24501
0,0,COM3D2x64_Data\level117,517364,EC39A27B,24501
0,0,COM3D2x64_Data\level118,1766844,E3F4F4B3,24501
0,0,COM3D2x64_Data\level119,1509412,3CA3CBB9,24501
0,0,COM3D2x64_Data\level120,1337420,F710A4E1,24501
0,0,COM3D2x64_Data\level121,1168572,B9C51DD6,24501
0,0,COM3D2x64_Data\level122,1255996,5C6FD9A1,24501
0,0,COM3D2x64_Data\level123,1447340,1582B360,24501
0,0,COM3D2x64_Data\level124,1353044,F9CDA1AC,24501
0,0,COM3D2x64_Data\level125,970612,4E312A71,24501
0,0,COM3D2x64_Data\level126,588140,C5D9B315,24501
0,0,COM3D2x64_Data\level127,1033492,65A3242E,24501
0,0,COM3D2x64_Data\level128,956172,71DCBDDF,24501
0,0,COM3D2x64_Data\level129,737940,FC59D46D,24501
0,0,COM3D2x64_Data\level130,970756,1B05ADB1,24501
0,0,COM3D2x64_Data\level131,930340,05F5301D,24501
0,0,COM3D2x64_Data\level132,896028,D94D3DFD,24501
0,0,COM3D2x64_Data\level133,870596,18274F4B,24501
0,0,COM3D2x64_Data\level134,561484,7F39A389,24501
0,0,COM3D2x64_Data\level135,565684,08343435,24501
0,0,COM3D2x64_Data\level136,591060,51B55355,24501
0,0,COM3D2x64_Data\level137,589460,5CAD4B81,24501
0,0,COM3D2x64_Data\level138,591196,C722332A,24501
0,0,COM3D2x64_Data\level139,593572,3675E743,24501
0,0,COM3D2x64_Data\level140,527780,93850C2B,24501
0,0,COM3D2x64_Data\level141,531996,EF8DB483,24501
0,0,COM3D2x64_Data\level142,556220,07A20296,24501
0,0,COM3D2x64_Data\level143,586556,DCD2AEBC,24501
0,0,COM3D2x64_Data\level144,557348,CB0689E8,24501
0,0,COM3D2x64_Data\level145,560340,31030EDF,24501
0,0,COM3D2x64_Data\level146,549412,DE24C5B4,24501
0,0,COM3D2x64_Data\level147,587268,84F21EF3,24501
0,0,COM3D2x64_Data\level148,462260,84EAC5D4,24501
0,0,COM3D2x64_Data\level149,363572,E0EFCA42,24501
0,0,COM3D2x64_Data\level150,445796,B6EC8442,24501
0,0,COM3D2x64_Data\level150.resS,131232,9337BCA3,24501
0,0,COM3D2x64_Data\level151,1031484,DFF24920,24501
0,0,COM3D2x64_Data\level152,1375988,4224985A,24501
0,0,COM3D2x64_Data\level153,414036,22FCFD44,24501
0,0,COM3D2x64_Data\level154,453852,1B9246EF,24501
0,0,COM3D2x64_Data\level155,460460,AF9196B1,24501
0,0,COM3D2x64_Data\resources.assets,473456020,FAE28915,24501
0,0,COM3D2x64_Data\resources.assets.resS,2077015224,EA7DDDA5,24501
0,0,COM3D2x64_Data\resources.resource,1348672,632087DF,24501
0,0,COM3D2x64_Data\sharedassets0.assets,115228100,D8872882,24501
0,0,COM3D2x64_Data\sharedassets0.assets.resS,28071636,8A34135A,24501
0,0,COM3D2x64_Data\sharedassets1.assets,6256,12929E9B,24501
0,0,COM3D2x64_Data\sharedassets2.assets,6292,5D24F83A,24501
0,0,COM3D2x64_Data\sharedassets3.assets,8296,12313874,24501
0,0,COM3D2x64_Data\sharedassets4.assets,12964,E03E97E7,24501
0,0,COM3D2x64_Data\sharedassets5.assets,7276,F2E8BEA2,24501
0,0,COM3D2x64_Data\sharedassets6.assets,6160,0FD5E667,24501
0,0,COM3D2x64_Data\sharedassets7.assets,6988,03B904F6,24501
0,0,COM3D2x64_Data\sharedassets8.assets,6148,F912A20D,24501
0,0,COM3D2x64_Data\sharedassets9.assets,7108,C0AF68AB,24501
0,0,COM3D2x64_Data\sharedassets10.assets,6124,58B6AB78,24501
0,0,COM3D2x64_Data\sharedassets11.assets,6088,E2E0372C,24501
0,0,COM3D2x64_Data\sharedassets12.assets,6448,58C7A778,24501
0,0,COM3D2x64_Data\sharedassets13.assets,6280,F0C80BFD,24501
0,0,COM3D2x64_Data\sharedassets14.assets,6916,0AF4A887,24501
0,0,COM3D2x64_Data\sharedassets15.assets,4576,A67D878B,24501
0,0,COM3D2x64_Data\sharedassets16.assets,6148,F7C39909,24501
0,0,COM3D2x64_Data\sharedassets17.assets,4132,B4298CBB,24501
0,0,COM3D2x64_Data\sharedassets18.assets,6868,3E8CFC29,24501
0,0,COM3D2x64_Data\sharedassets19.assets,6232,E0E00E7A,24501
0,0,COM3D2x64_Data\sharedassets20.assets,12676,10D753DF,24501
0,0,COM3D2x64_Data\sharedassets21.assets,6328,10741087,24501
0,0,COM3D2x64_Data\sharedassets22.assets,12736,5F90E860,24501
0,0,COM3D2x64_Data\sharedassets23.assets,6316,4EC6E1DD,24501
0,0,COM3D2x64_Data\sharedassets24.assets,6376,83FE267F,24501
0,0,COM3D2x64_Data\sharedassets25.assets,6184,CCFFFEB5,24501
0,0,COM3D2x64_Data\sharedassets26.assets,7108,DF676A30,24501
0,0,COM3D2x64_Data\sharedassets27.assets,12712,67AAF1CD,24501
0,0,COM3D2x64_Data\sharedassets28.assets,6184,B12206FD,24501
0,0,COM3D2x64_Data\sharedassets29.assets,12712,67AAF1CD,24501
0,0,COM3D2x64_Data\sharedassets30.assets,6112,AA643F26,24501
0,0,COM3D2x64_Data\sharedassets31.assets,18126856,D7CB98D2,24501
0,0,COM3D2x64_Data\sharedassets32.assets,12328,2CFDBA93,24501
0,0,COM3D2x64_Data\sharedassets33.assets,4420,17E72136,24501
0,0,COM3D2x64_Data\sharedassets34.assets,4324,C347DBA3,24501
0,0,COM3D2x64_Data\sharedassets35.assets,4264,28A3FD8D,24501
0,0,COM3D2x64_Data\sharedassets36.assets,6124,236CDBEC,24501
0,0,COM3D2x64_Data\sharedassets37.assets,12676,18B0CF9B,24501
0,0,COM3D2x64_Data\sharedassets38.assets,12676,FB172971,24501
0,0,COM3D2x64_Data\sharedassets39.assets,12676,68D3BCC1,24501
0,0,COM3D2x64_Data\sharedassets40.assets,7228,4589BD83,24501
0,0,COM3D2x64_Data\sharedassets41.assets,6976,80B9EBC5,24501
0,0,COM3D2x64_Data\sharedassets42.assets,7264,14737C0E,24501
0,0,COM3D2x64_Data\sharedassets43.assets,9400,644E1D55,24501
0,0,COM3D2x64_Data\sharedassets44.assets,9508,0D7F2B87,24501
0,0,COM3D2x64_Data\sharedassets45.assets,9496,44E88676,24501
0,0,COM3D2x64_Data\sharedassets46.assets,8560,F380826C,24501
0,0,COM3D2x64_Data\sharedassets47.assets,6592,3B84808C,24501
0,0,COM3D2x64_Data\sharedassets48.assets,8332,F38ECBA7,24501
0,0,COM3D2x64_Data\sharedassets49.assets,792692,65B4744F,24501
0,0,COM3D2x64_Data\sharedassets49.assets.resS,6506584,427886ED,24501
0,0,COM3D2x64_Data\sharedassets50.assets,12676,654FD84B,24501
0,0,COM3D2x64_Data\sharedassets51.assets,6592,6A098AF2,24501
0,0,COM3D2x64_Data\sharedassets52.assets,6928,1DBB36C3,24501
0,0,COM3D2x64_Data\sharedassets53.assets,6724,C9BBF140,24501
0,0,COM3D2x64_Data\sharedassets54.assets,6136,CC65EB4F,24501
0,0,COM3D2x64_Data\sharedassets55.assets,12760,19885302,24501
0,0,COM3D2x64_Data\sharedassets56.assets,9292,8C2D8FB7,24501
0,0,COM3D2x64_Data\sharedassets57.assets,9328,87851854,24501
0,0,COM3D2x64_Data\sharedassets58.assets,12760,19885302,24501
0,0,COM3D2x64_Data\sharedassets59.assets,9532,657893B0,24501
0,0,COM3D2x64_Data\sharedassets60.assets,9328,87851854,24501
0,0,COM3D2x64_Data\sharedassets61.assets,9472,781720E1,24501
0,0,COM3D2x64_Data\sharedassets62.assets,9508,0D7F2B87,24501
0,0,COM3D2x64_Data\sharedassets63.assets,6652,F373252E,24501
0,0,COM3D2x64_Data\sharedassets64.assets,9496,44E88676,24501
0,0,COM3D2x64_Data\sharedassets65.assets,42236540,32A5C2D3,24501
0,0,COM3D2x64_Data\sharedassets65.assets.resS,87400,8BA6C322,24501
0,0,COM3D2x64_Data\sharedassets66.assets,38246508,40F12111,24501
0,0,COM3D2x64_Data\sharedassets67.assets,32874604,A9D19F29,24501
0,0,COM3D2x64_Data\sharedassets68.assets,36735684,3D516436,24501
0,0,COM3D2x64_Data\sharedassets68.assets.resS,174776,5B619AF1,24501
0,0,COM3D2x64_Data\sharedassets69.assets,41277360,7FA9B847,24501
0,0,COM3D2x64_Data\sharedassets70.assets,39399112,D4C33C25,24501
0,0,COM3D2x64_Data\sharedassets71.assets,3017228,FE6F2039,24501
0,0,COM3D2x64_Data\sharedassets71.assets.resS,611728,7BFBEAAE,24501
0,0,COM3D2x64_Data\sharedassets72.assets,9556,035B41C3,24501
0,0,COM3D2x64_Data\sharedassets73.assets,6508,E859E83A,24501
0,0,COM3D2x64_Data\sharedassets74.assets,6508,E859E83A,24501
0,0,COM3D2x64_Data\sharedassets75.assets,6508,E859E83A,24501
0,0,COM3D2x64_Data\sharedassets76.assets,12688,E4943A4F,24501
0,0,COM3D2x64_Data\sharedassets77.assets,9508,485DA6D5,24501
0,0,COM3D2x64_Data\sharedassets78.assets,6472,FCD37F8F,24501
0,0,COM3D2x64_Data\sharedassets79.assets,59364,CD171670,24501
0,0,COM3D2x64_Data\sharedassets79.assets.resS,174776,B51EE5DC,24501
0,0,COM3D2x64_Data\sharedassets80.assets,6484,A9972A0A,24501
0,0,COM3D2x64_Data\sharedassets81.assets,6736,BB2C940A,24501
0,0,COM3D2x64_Data\sharedassets82.assets,759744,D2E0849A,24501
0,0,COM3D2x64_Data\sharedassets82.assets.resS,1310880,58801C35,24501
0,0,COM3D2x64_Data\sharedassets82.resource,1178176,90268BF4,24501
0,0,COM3D2x64_Data\sharedassets83.assets,9376,C7A7DF2A,24501
0,0,COM3D2x64_Data\sharedassets84.assets,3412512,84051D6F,24501
0,0,COM3D2x64_Data\sharedassets84.assets.resS,6226112,B3E98769,24501
0,0,COM3D2x64_Data\sharedassets85.assets,6580,B932E5BC,24501
0,0,COM3D2x64_Data\sharedassets86.assets,13936,AABC980F,24501
0,0,COM3D2x64_Data\sharedassets87.assets,9496,44E88676,24501
0,0,COM3D2x64_Data\sharedassets88.assets,12712,42D809AB,24501
0,0,COM3D2x64_Data\sharedassets89.assets,9496,833A377F,24501
0,0,COM3D2x64_Data\sharedassets90.assets,12676,18B0CF9B,24501
0,0,COM3D2x64_Data\sharedassets91.assets,9496,44E88676,24501
0,0,COM3D2x64_Data\sharedassets92.assets,12712,42D809AB,24501
0,0,COM3D2x64_Data\sharedassets93.assets,10444,B4761C05,24501
0,0,COM3D2x64_Data\sharedassets94.assets,6928,24418D5C,24501
0,0,COM3D2x64_Data\sharedassets95.assets,6436,AF584439,24501
0,0,COM3D2x64_Data\sharedassets96.assets,11732,B3CC3090,24501
0,0,COM3D2x64_Data\sharedassets96.resource,2729184,2D4064D6,24501
0,0,COM3D2x64_Data\sharedassets97.assets,11596,6B5A53D0,24501
0,0,COM3D2x64_Data\sharedassets98.assets,8296,013E6818,24501
0,0,COM3D2x64_Data\sharedassets99.assets,7612,D0D7E622,24501
0,0,COM3D2x64_Data\sharedassets100.assets,353948,81FBAF9B,24501
0,0,COM3D2x64_Data\sharedassets100.assets.resS,2272048,E50143CB,24501
0,0,COM3D2x64_Data\sharedassets100.resource,6236800,C7E9CFDE,24501
0,0,COM3D2x64_Data\sharedassets101.assets,6568400,EEC632EB,24501
0,0,COM3D2x64_Data\sharedassets101.assets.resS,10936,3B0D7ADF,24501
0,0,COM3D2x64_Data\sharedassets101.resource,1136352,956B5452,24501
0,0,COM3D2x64_Data\sharedassets102.assets,10312,DD76D9DC,24501
0,0,COM3D2x64_Data\sharedassets103.assets,12844,020C9A3F,24501
0,0,COM3D2x64_Data\sharedassets104.assets,9640,CA326042,24501
0,0,COM3D2x64_Data\sharedassets105.assets,9764,8BE08941,24501
0,0,COM3D2x64_Data\sharedassets105.resource,1003968,52A085C2,24501
0,0,COM3D2x64_Data\sharedassets106.assets,13000,FB392A68,24501
0,0,COM3D2x64_Data\sharedassets107.assets,12904,A316BC1F,24501
0,0,COM3D2x64_Data\sharedassets108.assets,9580,20B8EE3D,24501
0,0,COM3D2x64_Data\sharedassets109.assets,13348,DDB2FE62,24501
0,0,COM3D2x64_Data\sharedassets109.resource,1166848,2709F6C2,24501
0,0,COM3D2x64_Data\sharedassets110.assets,9892,BDC8D9FD,24501
0,0,COM3D2x64_Data\sharedassets111.assets,6664,31A5993E,24501
0,0,COM3D2x64_Data\sharedassets112.assets,6664,31A5993E,24501
0,0,COM3D2x64_Data\sharedassets113.assets,6628,CAA73EA6,24501
0,0,COM3D2x64_Data\sharedassets114.assets,6340,52A00343,24501
0,0,COM3D2x64_Data\sharedassets115.assets,6628,CAA73EA6,24501
0,0,COM3D2x64_Data\sharedassets116.assets,6724,704BF611,24501
0,0,COM3D2x64_Data\sharedassets117.assets,6628,CAA73EA6,24501
0,0,COM3D2x64_Data\sharedassets118.assets,12856,8E82A22A,24501
0,0,COM3D2x64_Data\sharedassets119.assets,9544,BD5700F5,24501
0,0,COM3D2x64_Data\sharedassets120.assets,394920,F6C0C3DF,24501
0,0,COM3D2x64_Data\sharedassets120.assets.resS,2184640,DF887086,24501
0,0,COM3D2x64_Data\sharedassets121.assets,9748,1F7F0550,24501
0,0,COM3D2x64_Data\sharedassets121.resource,2751968,AE761A89,24501
0,0,COM3D2x64_Data\sharedassets122.assets,12928,B772CF45,24501
0,0,COM3D2x64_Data\sharedassets123.assets,12964,B41B03B1,24501
0,0,COM3D2x64_Data\sharedassets124.assets,9640,6B67BBCC,24501
0,0,COM3D2x64_Data\sharedassets125.assets,7172,4C6B705C,24501
0,0,COM3D2x64_Data\sharedassets125.resource,6331552,B816A215,24501
0,0,COM3D2x64_Data\sharedassets126.assets,7048,962F717C,24501
0,0,COM3D2x64_Data\sharedassets127.assets,86916,8036F449,24501
0,0,COM3D2x64_Data\sharedassets127.resource,8838816,EBFF12DA,24501
0,0,COM3D2x64_Data\sharedassets128.assets,8200,727D60EA,24501
0,0,COM3D2x64_Data\sharedassets129.assets,7840,2768199C,24501
0,0,COM3D2x64_Data\sharedassets130.assets,11332,25D5C447,24501
0,0,COM3D2x64_Data\sharedassets131.assets,8140,F28EECE8,24501
0,0,COM3D2x64_Data\sharedassets132.assets,615896,7C7B5493,24501
0,0,COM3D2x64_Data\sharedassets132.assets.resS,6138632,73B447A4,24501
0,0,COM3D2x64_Data\sharedassets133.assets,7024,63794F18,24501
0,0,COM3D2x64_Data\sharedassets134.assets,6928,98EC5BB8,24501
0,0,COM3D2x64_Data\sharedassets135.assets,6928,98EC5BB8,24501
0,0,COM3D2x64_Data\sharedassets136.assets,6928,98EC5BB8,24501
0,0,COM3D2x64_Data\sharedassets137.assets,6928,98EC5BB8,24501
0,0,COM3D2x64_Data\sharedassets138.assets,6928,98EC5BB8,24501
0,0,COM3D2x64_Data\sharedassets139.assets,6928,98EC5BB8,24501
0,0,COM3D2x64_Data\sharedassets140.assets,6628,CAA73EA6,24501
0,0,COM3D2x64_Data\sharedassets141.assets,6628,CAA73EA6,24501
0,0,COM3D2x64_Data\sharedassets142.assets,6628,CAA73EA6,24501
0,0,COM3D2x64_Data\sharedassets143.assets,6628,CAA73EA6,24501
0,0,COM3D2x64_Data\sharedassets144.assets,6628,CAA73EA6,24501
0,0,COM3D2x64_Data\sharedassets145.assets,6628,CAA73EA6,24501
0,0,COM3D2x64_Data\sharedassets146.assets,6628,CAA73EA6,24501
0,0,COM3D2x64_Data\sharedassets147.assets,6928,98EC5BB8,24501
0,0,COM3D2x64_Data\sharedassets148.assets,6448,45BF4413,24501
0,0,COM3D2x64_Data\sharedassets149.assets,6160,446548F0,24501
0,0,COM3D2x64_Data\sharedassets150.assets,7276,0A221BB8,24501
0,0,COM3D2x64_Data\sharedassets151.assets,213676,8CAEE49F,24501
0,0,COM3D2x64_Data\sharedassets151.assets.resS,174776,583F8A72,24501
0,0,COM3D2x64_Data\sharedassets152.assets,10260,E53F56FA,24501
0,0,COM3D2x64_Data\sharedassets153.assets,6448,C9A5EB0E,24501
0,0,COM3D2x64_Data\sharedassets154.assets,6448,D1EAC231,24501
0,0,COM3D2x64_Data\sharedassets155.assets,6568,79B9A952,24501
0,0,COM3D2x64.exe,22841856,A9562BF9,24501
share,../com3d2data\GameData\ja_script\script.arc,GameData\script.arc,16887540,77FE2345,24505
share,../com3d2data\GameData\ja_script\script_omytgc032_add2_2.arc,GameData\script_omytgc032_add2_2.arc,4338,46F4AD18,24501
share,../com3d2data\GameData\ja_script\script_personal_om005_2.arc,GameData\script_personal_om005_2.arc,257708,EAA73F6E,24501
share,../com3d2data\GameData\ja_script\script_personal_om006_2.arc,GameData\script_personal_om006_2.arc,243397,6D34A3E6,24501
share,../com3d2data\GameData\ja_script\script_personal_om007_2.arc,GameData\script_personal_om007_2.arc,260229,5CA08BB2,24501
share,../com3d2data\GameData\ja_script\script_personal_om008_2.arc,GameData\script_personal_om008_2.arc,252923,4DDB2677,24501
share,../com3d2data\GameData\ja_script\script_personal_om011_2.arc,GameData\script_personal_om011_2.arc,239153,DF1FFC98,24501
share,../com3d2data\GameData\ja_script\script_personal_om012_2.arc,GameData\script_personal_om012_2.arc,245969,4CA0AFE8,24501
share,../com3d2data\GameData\ja_script\script_rotakara002_2.arc,GameData\script_rotakara002_2.arc,78324,21C2B914,24501
share,../com3d2data\GameData\ja_script\script_rotakara002add_2.arc,GameData\script_rotakara002add_2.arc,156211,8BDB4184,24501
share,../com3d2data\GameData\patch\csv.arc,GameData\csv.arc,46101985,479DA663,24505
share,../com3d2data\GameData\patch\parts_cas135_2.arc,GameData\parts_cas135_2.arc,5780151,5E26BF0B,24501
share,../com3d2data\GameData\patch\parts2.arc,GameData\parts2.arc,231721123,5963BC8B,24501
share,../com3d2data\GameData\patch\paths.dat,GameData\paths.dat,20293,FD14EA70,24505
share,../com3d2data\GameData\patch\prioritymaterial.arc,GameData\prioritymaterial.arc,883400,CF932636,24501
share,../com3d2data\GameData\patch\system_cw011_2.arc,GameData\system_cw011_2.arc,282393148,EE1FC87D,24501
share,../com3d2data\GameData_20\material_cas135_2.arc,GameData_20\material_cas135_2.arc,4866,14F86D4C,1749
share,../com3d2data\GameData_20\model_cas135_2.arc,GameData_20\model_cas135_2.arc,383793,10C4EE04,1749
share,../com3d2data\GameData_20\model_dlc519_2.arc,GameData_20\model_dlc519_2.arc,1083748,B94E1F6C,1749
share,../com3d2data\GameData_20\paths.dat,GameData_20\paths.dat,15509,B7AB196F,1840
share,../com3d2data\GameData_20\prioritymaterial.arc,GameData_20\prioritymaterial.arc,455985,54BBE903,1840
