0,0,GameData\motion_3d21reserve_2.arc,153753,E03CA185,1744
0,0,GameData\script.arc,14855814,FBE213A3,1786
0,0,GameData\script_omytgc007_2.arc,2850,6EB77287,1752
0,0,CM3D2.exe,7596032,A501A287,1013
0,0,CM3D2x64.exe,20649984,6EFB2A0D,1754
share,GameData\patch\material_cas036_2.arc,GameData\material_cas036_2.arc,6578,757441C2,1751
share,GameData\patch\material_cas069_2.arc,GameData\material_cas069_2.arc,1762,7B4D07CF,1748
share,GameData\patch\material_cas133_2.arc,GameData\material_cas133_2.arc,2546,0E77C955,1744
share,GameData\patch\material_cas135_2.arc,GameData\material_cas135_2.arc,4866,14F86D4C,1749
share,GameData\patch\material_denkigai2021s_2.arc,GameData\material_denkigai2021s_2.arc,1730,5A8CFCE7,1744
share,GameData\patch\material_dlc004_2.arc,GameData\material_dlc004_2.arc,5042,54116788,1744
share,GameData\patch\material_dlc007_2.arc,GameData\material_dlc007_2.arc,5122,7C7A291B,1744
share,GameData\patch\material_dlc218_2.arc,GameData\material_dlc218_2.arc,1682,4B5A22C3,1741
share,GameData\patch\material_dlc326_2.arc,GameData\material_dlc326_2.arc,1682,5D16A84A,1744
share,GameData\patch\material_dlc386_2.arc,GameData\material_dlc386_2.arc,13250,4D9AA74F,1744
share,GameData\patch\material_dlc414_2.arc,GameData\material_dlc414_2.arc,13474,9E58194A,1744
share,GameData\patch\material_dlc427_2.arc,GameData\material_dlc427_2.arc,13746,1B72758F,1744
share,GameData\patch\material_dlc437hair_2.arc,GameData\material_dlc437hair_2.arc,1746,F7DF6102,1744
share,GameData\patch\material_dlc488_2.arc,GameData\material_dlc488_2.arc,1714,1AA5F731,1744
share,GameData\patch\material_magazine001_2.arc,GameData\material_magazine001_2.arc,10312250,FC1938E9,1751
share,GameData\patch\material_sp006cloth1_2.arc,GameData\material_sp006cloth1_2.arc,5778,ACB7ACA2,1748
share,GameData\patch\material2.arc,GameData\material2.arc,234106,BAF1811C,1752
share,GameData\patch\menu_bv001_2.arc,GameData\menu_bv001_2.arc,3682,074B851C,1754
share,GameData\patch\menu_cas069_2.arc,GameData\menu_cas069_2.arc,3634,47BE304F,1748
share,GameData\patch\menu_cas133_2.arc,GameData\menu_cas133_2.arc,8962,B2C49D27,1744
share,GameData\patch\menu_cas134_2.arc,GameData\menu_cas134_2.arc,9090,F8D6780D,1744
share,GameData\patch\menu_dlc004_2.arc,GameData\menu_dlc004_2.arc,3362,F70C6943,1744
share,GameData\patch\menu_dlc112_2.arc,GameData\menu_dlc112_2.arc,1826,64D3475B,1748
share,GameData\patch\menu_dlc286_2.arc,GameData\menu_dlc286_2.arc,2626,18F6964C,1744
share,GameData\patch\menu_dlc294_2.arc,GameData\menu_dlc294_2.arc,1234,324EC8C6,1751
share,GameData\patch\menu_dlc323_2.arc,GameData\menu_dlc323_2.arc,3666,C13032B8,1752
share,GameData\patch\menu_dlc326_2.arc,GameData\menu_dlc326_2.arc,1730,625DC929,1744
share,GameData\patch\menu_dlc361_2.arc,GameData\menu_dlc361_2.arc,1218,CE7AA7A8,1746
share,GameData\patch\menu_dlc363_2.arc,GameData\menu_dlc363_2.arc,2034,AAF5EDC6,1746
share,GameData\patch\menu_dlc386_2.arc,GameData\menu_dlc386_2.arc,8242,43DF28B0,1744
share,GameData\patch\menu_dlc394_2.arc,GameData\menu_dlc394_2.arc,12482,B10CC376,1747
share,GameData\patch\menu_dlc399_2.arc,GameData\menu_dlc399_2.arc,1234,9EC7D1A9,1744
share,GameData\patch\menu_dlc414_2.arc,GameData\menu_dlc414_2.arc,3666,01397BC6,1744
share,GameData\patch\menu_dlc423_2.arc,GameData\menu_dlc423_2.arc,3298,861496D6,1744
share,GameData\patch\menu_dlc487_2.arc,GameData\menu_dlc487_2.arc,3266,52969574,1744
share,GameData\patch\menu_dlc523_2.arc,GameData\menu_dlc523_2.arc,4130,2EDD2BBF,1747
share,GameData\patch\menu_dlc526_2.arc,GameData\menu_dlc526_2.arc,4258,988E8441,1744
share,GameData\patch\menu_dlc527_2.arc,GameData\menu_dlc527_2.arc,3922,2E0ADAA8,1750
share,GameData\patch\menu_dlc529_2.arc,GameData\menu_dlc529_2.arc,3426,DB386466,1748
share,GameData\patch\menu_dlc538_2.arc,GameData\menu_dlc538_2.arc,3650,5108511A,1754
share,GameData\patch\menu_dlc552_2.arc,GameData\menu_dlc552_2.arc,23218,17C31D4F,1750
share,GameData\patch\menu_dlc553_2.arc,GameData\menu_dlc553_2.arc,21010,312CD453,1750
share,GameData\patch\menu_gp001_2.arc,GameData\menu_gp001_2.arc,6770,59BE68C7,1744
share,GameData\patch\menu_karaoke001_2.arc,GameData\menu_karaoke001_2.arc,3922,5A836B72,1750
share,GameData\patch\menu_kissevent2017march_2.arc,GameData\menu_kissevent2017march_2.arc,106784,C73EFD41,1747
share,GameData\patch\menu_oldplus009cloth_2.arc,GameData\menu_oldplus009cloth_2.arc,9602,4E06F551,1744
share,GameData\patch\menu_personal_om008_2.arc,GameData\menu_personal_om008_2.arc,6866,2468F845,1744
share,GameData\patch\menu2.arc,GameData\menu2.arc,257034,86B964D5,1751
share,GameData\patch\model_cas010_2.arc,GameData\model_cas010_2.arc,92792,23A38F6A,1751
share,GameData\patch\model_cas036_2.arc,GameData\model_cas036_2.arc,1489264,436406D4,1751
share,GameData\patch\model_cas043_2.arc,GameData\model_cas043_2.arc,166587,C4122F7E,1744
share,GameData\patch\model_cas056_2.arc,GameData\model_cas056_2.arc,515645,4C84558A,1744
share,GameData\patch\model_cas064_2.arc,GameData\model_cas064_2.arc,116026,0A8CC175,1744
share,GameData\patch\model_cas069_2.arc,GameData\model_cas069_2.arc,172908,C07975D5,1748
share,GameData\patch\model_cas099_2.arc,GameData\model_cas099_2.arc,120018,F24B9C93,1744
share,GameData\patch\model_cas113_2.arc,GameData\model_cas113_2.arc,474721,DDA747D5,1744
share,GameData\patch\model_cas133_2.arc,GameData\model_cas133_2.arc,1797049,9CFB4397,1744
share,GameData\patch\model_cas135_2.arc,GameData\model_cas135_2.arc,383793,10C4EE04,1749
share,GameData\patch\model_cas141_2.arc,GameData\model_cas141_2.arc,86614,EA312133,1754
share,GameData\patch\model_cas142_2.arc,GameData\model_cas142_2.arc,214189,20B4BA6D,1750
share,GameData\patch\model_cas146_2.arc,GameData\model_cas146_2.arc,80800,827D109C,1748
share,GameData\patch\model_cw004cloth1_2.arc,GameData\model_cw004cloth1_2.arc,877052,EEB61B76,1744
share,GameData\patch\model_cw004cloth3_2.arc,GameData\model_cw004cloth3_2.arc,392556,2C567671,1744
share,GameData\patch\model_cw007cloth2_2.arc,GameData\model_cw007cloth2_2.arc,217700,DAC6F05B,1748
share,GameData\patch\model_denkigai2020s_2.arc,GameData\model_denkigai2020s_2.arc,70702,A7C3EBB2,1744
share,GameData\patch\model_dlc004_2.arc,GameData\model_dlc004_2.arc,285512,53E9912D,1744
share,GameData\patch\model_dlc007_2.arc,GameData\model_dlc007_2.arc,72986,85596DB7,1744
share,GameData\patch\model_dlc028_2.arc,GameData\model_dlc028_2.arc,1608201,B20E1DD0,1752
share,GameData\patch\model_dlc036_2.arc,GameData\model_dlc036_2.arc,2284004,AAE6B056,1753
share,GameData\patch\model_dlc037_2.arc,GameData\model_dlc037_2.arc,1743109,5ACA4EE6,1752
share,GameData\patch\model_dlc038_2.arc,GameData\model_dlc038_2.arc,171553,12426AA2,1744
share,GameData\patch\model_dlc114_2.arc,GameData\model_dlc114_2.arc,313631,F9381ABD,1751
share,GameData\patch\model_dlc218_2.arc,GameData\model_dlc218_2.arc,506142,548AFA2F,1741
share,GameData\patch\model_dlc264_2.arc,GameData\model_dlc264_2.arc,1284137,3BAA1822,1744
share,GameData\patch\model_dlc294_2.arc,GameData\model_dlc294_2.arc,89184,DA8FCA88,1751
share,GameData\patch\model_dlc314_2.arc,GameData\model_dlc314_2.arc,102829,E3EE6B88,1744
share,GameData\patch\model_dlc317_2.arc,GameData\model_dlc317_2.arc,4235399,79891393,1744
share,GameData\patch\model_dlc326_2.arc,GameData\model_dlc326_2.arc,414866,4374BB67,1744
share,GameData\patch\model_dlc345_2.arc,GameData\model_dlc345_2.arc,305873,22B2B3C4,1744
share,GameData\patch\model_dlc361_2.arc,GameData\model_dlc361_2.arc,2831298,4199C5F0,1746
share,GameData\patch\model_dlc363_2.arc,GameData\model_dlc363_2.arc,858109,8BD01DD1,1746
share,GameData\patch\model_dlc368_2.arc,GameData\model_dlc368_2.arc,228834,D8234312,1745
share,GameData\patch\model_dlc384_2.arc,GameData\model_dlc384_2.arc,1299376,60369D3D,1753
share,GameData\patch\model_dlc388_2.arc,GameData\model_dlc388_2.arc,552662,27F4BA27,1754
share,GameData\patch\model_dlc392_2.arc,GameData\model_dlc392_2.arc,1183892,E5FCC07F,1744
share,GameData\patch\model_dlc414_2.arc,GameData\model_dlc414_2.arc,955367,D4DC9841,1752
share,GameData\patch\model_dlc423_2.arc,GameData\model_dlc423_2.arc,243401,53F93DDE,1744
share,GameData\patch\model_dlc437_2.arc,GameData\model_dlc437_2.arc,509448,A85B419B,1751
share,GameData\patch\model_dlc437hair_2.arc,GameData\model_dlc437hair_2.arc,354059,D48CD13B,1744
share,GameData\patch\model_dlc450_2.arc,GameData\model_dlc450_2.arc,508820,CFFA2D48,1744
share,GameData\patch\model_dlc451_2.arc,GameData\model_dlc451_2.arc,537178,E56CAB81,1744
share,GameData\patch\model_dlc462_2.arc,GameData\model_dlc462_2.arc,337274,335419B3,1744
share,GameData\patch\model_dlc466_2.arc,GameData\model_dlc466_2.arc,220262,A2895402,1744
share,GameData\patch\model_dlc475_2.arc,GameData\model_dlc475_2.arc,1558632,69F41A60,1754
share,GameData\patch\model_dlc499_2.arc,GameData\model_dlc499_2.arc,1217029,01F20E86,1752
share,GameData\patch\model_dlc505_2.arc,GameData\model_dlc505_2.arc,114740,AF1B0F13,1744
share,GameData\patch\model_dlc508_2.arc,GameData\model_dlc508_2.arc,1171745,91EBD4B1,1744
share,GameData\patch\model_dlc510_2.arc,GameData\model_dlc510_2.arc,1798570,28BA1A40,1744
share,GameData\patch\model_dlc512_2.arc,GameData\model_dlc512_2.arc,463683,B099D4C1,1752
share,GameData\patch\model_dlc513_2.arc,GameData\model_dlc513_2.arc,142742,C92F2E78,1744
share,GameData\patch\model_dlc519_2.arc,GameData\model_dlc519_2.arc,1083748,B94E1F6C,1749
share,GameData\patch\model_dlc520_2.arc,GameData\model_dlc520_2.arc,647048,A82B87A1,1744
share,GameData\patch\model_dlc522_2.arc,GameData\model_dlc522_2.arc,428795,5FCFC9AA,1754
share,GameData\patch\model_dlc527_2.arc,GameData\model_dlc527_2.arc,263958,9E330927,1750
share,GameData\patch\model_dlc528_2.arc,GameData\model_dlc528_2.arc,1494027,45D5AB2F,1745
share,GameData\patch\model_dlc529_2.arc,GameData\model_dlc529_2.arc,345000,4BE5C790,1748
share,GameData\patch\model_dlc536_2.arc,GameData\model_dlc536_2.arc,1135095,9F93E2F2,1744
share,GameData\patch\model_dlc543_2.arc,GameData\model_dlc543_2.arc,451611,22BFDA92,1747
share,GameData\patch\model_dlc551_2.arc,GameData\model_dlc551_2.arc,328698,9D6D370C,1751
share,GameData\patch\model_kissevent2017march_2.arc,GameData\model_kissevent2017march_2.arc,2481232,88866912,1747
share,GameData\patch\model_oldplus011cloth_2.arc,GameData\model_oldplus011cloth_2.arc,204370,BE9D89E8,1745
share,GameData\patch\model_personal_om008_2.arc,GameData\model_personal_om008_2.arc,219900,95ED3847,1744
share,GameData\patch\model_sp006cloth1_2.arc,GameData\model_sp006cloth1_2.arc,1733170,84FC8AE0,1748
share,GameData\patch\model2.arc,GameData\model2.arc,20864461,3377252E,1754
share,GameData\patch\paths.dat,GameData\paths.dat,15824,2CF0C625,1846
share,GameData\patch\prioritymaterial.arc,GameData\prioritymaterial.arc,468249,84D0D658,1847
share,GameData\patch\sound_magazine001_2.arc,GameData\sound_magazine001_2.arc,4290,8848CB81,1751
share,GameData\patch\sound_magazine002_2.arc,GameData\sound_magazine002_2.arc,690,72CBE3A4,1751
share,GameData\patch\texture_cafesp001_2.arc,GameData\texture_cafesp001_2.arc,205507,2E1A9EDF,1748
share,GameData\patch\texture_cas113_2.arc,GameData\texture_cas113_2.arc,46625634,E6F2E799,1744
share,GameData\patch\texture_cas139_2.arc,GameData\texture_cas139_2.arc,8118853,61331B0E,1744
share,GameData\patch\texture_charaevent_pride_2.arc,GameData\texture_charaevent_pride_2.arc,13250,C74EA680,1747
share,GameData\patch\texture_dlc004_2.arc,GameData\texture_dlc004_2.arc,4805793,1C7DB786,1744
share,GameData\patch\texture_dlc323_2.arc,GameData\texture_dlc323_2.arc,10482,F3B8882B,1752
share,GameData\patch\texture_dlc361_2.arc,GameData\texture_dlc361_2.arc,29567498,BD5402B6,1746
share,GameData\patch\texture_dlc363_2.arc,GameData\texture_dlc363_2.arc,10616586,1DB6B7B6,1746
share,GameData\patch\texture_dlc377_2.arc,GameData\texture_dlc377_2.arc,2633123,5A9C0F72,1744
share,GameData\patch\texture_dlc386_2.arc,GameData\texture_dlc386_2.arc,1022408,504C11D3,1744
share,GameData\patch\texture_dlc394_2.arc,GameData\texture_dlc394_2.arc,9090,D1A6C15B,1747
share,GameData\patch\texture_dlc405_2.arc,GameData\texture_dlc405_2.arc,4522663,AD657DA6,1744
share,GameData\patch\texture_dlc414_2.arc,GameData\texture_dlc414_2.arc,8276290,844E9DDA,1744
share,GameData\patch\texture_dlc437_2.arc,GameData\texture_dlc437_2.arc,21879766,37D74A80,1744
share,GameData\patch\texture_dlc475_2.arc,GameData\texture_dlc475_2.arc,12536480,61782DA5,1744
share,GameData\patch\texture_dlc523_2.arc,GameData\texture_dlc523_2.arc,8370,67C77597,1747
share,GameData\patch\texture_dlc526_2.arc,GameData\texture_dlc526_2.arc,8210,1462E6A1,1744
share,GameData\patch\texture_dlc529_2.arc,GameData\texture_dlc529_2.arc,7970,B67E60CD,1748
share,GameData\patch\texture_dlc536_2.arc,GameData\texture_dlc536_2.arc,20742956,B73EA101,1744
share,GameData\patch\texture_dlc545_2.arc,GameData\texture_dlc545_2.arc,10562,F3127853,1747
share,GameData\patch\texture_kissevent2017march_2.arc,GameData\texture_kissevent2017march_2.arc,79439191,B0244CA0,1747
share,GameData\patch\texture3.arc,GameData\texture3.arc,19072464,B133F21C,1751
share,GameData\patch\voice_magazine001_2.arc,GameData\voice_magazine001_2.arc,62050,737B1E36,1751
