0,0,CM3D2OH.exe,7485440,3AE3DEAF,1010
0,0,CM3D2OHx86.exe,16834560,08D88BD9,1600
0,0,LICENSE,25204,17CCA6C1,1600
0,0,CM3D2OHx86_Data\globalgamemanagers,2143700,191C5EE8,1600
0,0,CM3D2OHx86_Data\globalgamemanagers.assets,161476,B5F4B3BE,1600
0,0,CM3D2OHx86_Data\level0,192508,43DEC480,1600
0,0,CM3D2OHx86_Data\level1,210500,973F6CAC,1600
0,0,CM3D2OHx86_Data\level10,551612,0D79FA2B,1600
0,0,CM3D2OHx86_Data\level11,4640,8B45AD08,1600
0,0,CM3D2OHx86_Data\level12,195116,D22F60A0,1600
0,0,CM3D2OHx86_Data\level13,4640,9E5E3892,1600
0,0,CM3D2OHx86_Data\level14,213236,42588387,1600
0,0,CM3D2OHx86_Data\level15,313228,FAD4FF4B,1600
0,0,CM3D2OHx86_Data\level16,454708,0F6A2F10,1600
0,0,CM3D2OHx86_Data\level17,218652,C2EAB2C6,1600
0,0,CM3D2OHx86_Data\level18,541116,30016D49,1600
0,0,CM3D2OHx86_Data\level19,278612,819A25B5,1600
0,0,CM3D2OHx86_Data\level2,293236,5B5ED53B,1600
0,0,CM3D2OHx86_Data\level20,663580,C31596CB,1600
0,0,CM3D2OHx86_Data\level21,1332132,1351AD4C,1600
0,0,CM3D2OHx86_Data\level22,522772,9AD11131,1600
0,0,CM3D2OHx86_Data\level23,615756,6172ED93,1600
0,0,CM3D2OHx86_Data\level24,846964,1CF9C2BD,1600
0,0,CM3D2OHx86_Data\level25,707908,0C084685,1600
0,0,CM3D2OHx86_Data\level26,555068,4ED0ED6A,1600
0,0,CM3D2OHx86_Data\level27,830124,CB08ED1F,1600
0,0,CM3D2OHx86_Data\level28,548236,340C8914,1600
0,0,CM3D2OHx86_Data\level29,770892,F1B475D7,1600
0,0,CM3D2OHx86_Data\level3,600540,96D26D54,1600
0,0,CM3D2OHx86_Data\level30,320860,3220B0C1,1600
0,0,CM3D2OHx86_Data\level31,27784,F0FB7F86,1600
0,0,CM3D2OHx86_Data\level31.resS,131232,DF682E61,1600
0,0,CM3D2OHx86_Data\level32,38492,0FCAE99A,1600
0,0,CM3D2OHx86_Data\level33,44076,C3A47AE1,1600
0,0,CM3D2OHx86_Data\level34,39992,5448D4CC,1600
0,0,CM3D2OHx86_Data\level35,193380,75CC27D0,1600
0,0,CM3D2OHx86_Data\level36,560380,3762B9FB,1600
0,0,CM3D2OHx86_Data\level37,271636,F7BC8FBF,1600
0,0,CM3D2OHx86_Data\level38,268236,11AFE555,1600
0,0,CM3D2OHx86_Data\level39,261788,DDFFBCBC,1600
0,0,CM3D2OHx86_Data\level4,623620,25508AE6,1600
0,0,CM3D2OHx86_Data\level40,325284,607879C5,1600
0,0,CM3D2OHx86_Data\level41,337652,81A67A9C,1600
0,0,CM3D2OHx86_Data\level42,314252,76A772E9,1600
0,0,CM3D2OHx86_Data\level5,193556,C58B8307,1600
0,0,CM3D2OHx86_Data\level6,237628,C5F2735E,1600
0,0,CM3D2OHx86_Data\level7,193044,AA72645D,1600
0,0,CM3D2OHx86_Data\level8,220492,019338B9,1600
0,0,CM3D2OHx86_Data\level9,194076,506C9725,1600
0,0,CM3D2OHx86_Data\resources.assets,280169588,86F93AFC,1600
0,0,CM3D2OHx86_Data\resources.assets.resS,561759468,E140623B,1600
0,0,CM3D2OHx86_Data\sharedassets0.assets,16483128,FB134CD0,1600
0,0,CM3D2OHx86_Data\sharedassets0.assets.resS,121728032,BCB828A4,1600
0,0,CM3D2OHx86_Data\sharedassets1.assets,5920,2A53CA5F,1600
0,0,CM3D2OHx86_Data\sharedassets10.assets,6244,3E274C96,1600
0,0,CM3D2OHx86_Data\sharedassets11.assets,4132,D4CDAB85,1600
0,0,CM3D2OHx86_Data\sharedassets12.assets,5824,3EEBC57B,1600
0,0,CM3D2OHx86_Data\sharedassets13.assets,4132,549A0F21,1600
0,0,CM3D2OHx86_Data\sharedassets14.assets,6544,FA9F60C6,1600
0,0,CM3D2OHx86_Data\sharedassets15.assets,5788,997B09F5,1600
0,0,CM3D2OHx86_Data\sharedassets16.assets,215280,634C0F83,1600
0,0,CM3D2OHx86_Data\sharedassets16.assets.resS,51968,C41BC4E7,1600
0,0,CM3D2OHx86_Data\sharedassets17.assets,5860,29194CD0,1600
0,0,CM3D2OHx86_Data\sharedassets18.assets,74160,478F18DA,1600
0,0,CM3D2OHx86_Data\sharedassets19.assets,6004,57941D18,1600
0,0,CM3D2OHx86_Data\sharedassets2.assets,6136,5C708B4C,1600
0,0,CM3D2OHx86_Data\sharedassets20.assets,8128,4AA2AD87,1600
0,0,CM3D2OHx86_Data\sharedassets21.assets,6580,F9E50645,1600
0,0,CM3D2OHx86_Data\sharedassets22.assets,39511712,B5B09284,1600
0,0,CM3D2OHx86_Data\sharedassets23.assets,67700952,6123151F,1600
0,0,CM3D2OHx86_Data\sharedassets24.assets,67690184,06792D77,1600
0,0,CM3D2OHx86_Data\sharedassets25.assets,47233820,6D5D4782,1600
0,0,CM3D2OHx86_Data\sharedassets25.resource,3813344,7B95E5D4,1600
0,0,CM3D2OHx86_Data\sharedassets26.assets,80174972,34F49D08,1600
0,0,CM3D2OHx86_Data\sharedassets27.assets,84139364,25681FA7,1600
0,0,CM3D2OHx86_Data\sharedassets28.assets,48988468,DD5BE11D,1600
0,0,CM3D2OHx86_Data\sharedassets29.assets,111395708,2B402541,1600
0,0,CM3D2OHx86_Data\sharedassets29.assets.resS,7296672,0E6CF936,1600
0,0,CM3D2OHx86_Data\sharedassets3.assets,1310240,E5FCE2BF,1600
0,0,CM3D2OHx86_Data\sharedassets30.assets,55916784,571748E3,1600
0,0,CM3D2OHx86_Data\sharedassets31.assets,27512,943D506B,1600
0,0,CM3D2OHx86_Data\sharedassets31.assets.resS,174776,7D821248,1600
0,0,CM3D2OHx86_Data\sharedassets32.assets,55004,D2C8DB7E,1600
0,0,CM3D2OHx86_Data\sharedassets32.assets.resS,786464,17681AC8,1600
0,0,CM3D2OHx86_Data\sharedassets33.assets,4432,14A22DC9,1600
0,0,CM3D2OHx86_Data\sharedassets34.assets,1032124,EC028687,1600
0,0,CM3D2OHx86_Data\sharedassets34.assets.resS,5417776,A41251E2,1600
0,0,CM3D2OHx86_Data\sharedassets35.assets,5800,0A768CD2,1600
0,0,CM3D2OHx86_Data\sharedassets36.assets,130769132,CA467D90,1600
0,0,CM3D2OHx86_Data\sharedassets37.assets,86031212,8046DFCD,1600
0,0,CM3D2OHx86_Data\sharedassets37.assets.resS,87400,0DB2AE3E,1600
0,0,CM3D2OHx86_Data\sharedassets38.assets,77322188,344A2857,1600
0,0,CM3D2OHx86_Data\sharedassets39.assets,83356040,D3D297B3,1600
0,0,CM3D2OHx86_Data\sharedassets4.assets,6448,C3E11F2E,1600
0,0,CM3D2OHx86_Data\sharedassets40.assets,81435888,6F4DD93C,1600
0,0,CM3D2OHx86_Data\sharedassets40.assets.resS,174776,08EE0C0E,1600
0,0,CM3D2OHx86_Data\sharedassets41.assets,75087756,89AD1957,1600
0,0,CM3D2OHx86_Data\sharedassets42.assets,66802284,29EFD5A1,1600
0,0,CM3D2OHx86_Data\sharedassets5.assets,5788,958C4987,1600
0,0,CM3D2OHx86_Data\sharedassets6.assets,6268,E91F2E52,1600
0,0,CM3D2OHx86_Data\sharedassets7.assets,5764,E39153D0,1600
0,0,CM3D2OHx86_Data\sharedassets8.assets,5788,63D6C317,1600
0,0,CM3D2OHx86_Data\sharedassets9.assets,5812,1059C5C8,1600
0,0,CM3D2OHx86_Data\Managed\Accessibility.dll,10752,594EE943,1600
0,0,CM3D2OHx86_Data\Managed\Assembly-CSharp-firstpass.dll,778240,55EDD065,1600
0,0,CM3D2OHx86_Data\Managed\Assembly-CSharp.dll,3190784,43AFFECF,1600
0,0,CM3D2OHx86_Data\Managed\Assembly-UnityScript-firstpass.dll,65024,DADB365A,1600
0,0,CM3D2OHx86_Data\Managed\Boo.Lang.dll,126976,9ADD3789,1600
0,0,CM3D2OHx86_Data\Managed\FoveUnityPlugin.dll,28672,A6EA882B,1600
0,0,CM3D2OHx86_Data\Managed\Ionic.Zlib.dll,102400,7C9E7DD2,1600
0,0,CM3D2OHx86_Data\Managed\JsonFx.Json.dll,70144,A0F0CFCB,1600
0,0,CM3D2OHx86_Data\Managed\LeapCSharp.NET3.5.dll,82432,38E38212,1600
0,0,CM3D2OHx86_Data\Managed\Mono.Data.Tds.dll,96256,DDA7BAB7,1600
0,0,CM3D2OHx86_Data\Managed\Mono.Posix.dll,184320,C7063ABB,1600
0,0,CM3D2OHx86_Data\Managed\Mono.Security.dll,294912,8C7E67B3,1600
0,0,CM3D2OHx86_Data\Managed\Mono.WebBrowser.dll,172032,541986C3,1600
0,0,CM3D2OHx86_Data\Managed\mscorlib.dll,2589696,AFA570E5,1600
0,0,CM3D2OHx86_Data\Managed\System.Configuration.dll,124928,D5F2A804,1600
0,0,CM3D2OHx86_Data\Managed\System.Core.dll,297472,BCE2218F,1600
0,0,CM3D2OHx86_Data\Managed\System.Data.dll,856064,F1D38D2E,1600
0,0,CM3D2OHx86_Data\Managed\System.dll,1679360,288F722A,1600
0,0,CM3D2OHx86_Data\Managed\System.Drawing.Design.dll,29696,E7B53FF9,1600
0,0,CM3D2OHx86_Data\Managed\System.Drawing.dll,448512,C4B2E872,1600
0,0,CM3D2OHx86_Data\Managed\System.EnterpriseServices.dll,46592,75A19B93,1600
0,0,CM3D2OHx86_Data\Managed\System.Security.dll,135168,365C74A7,1600
0,0,CM3D2OHx86_Data\Managed\System.Transactions.dll,27648,203D65C1,1600
0,0,CM3D2OHx86_Data\Managed\System.Windows.Forms.dll,3053568,56394001,1600
0,0,CM3D2OHx86_Data\Managed\System.Xml.dll,1270272,9B79033F,1600
0,0,CM3D2OHx86_Data\Managed\System.Xml.Linq.dll,106496,B3ACF139,1600
0,0,CM3D2OHx86_Data\Managed\UnityEngine.dll,972800,C8810FF6,1600
0,0,CM3D2OHx86_Data\Managed\UnityEngine.dll.mdb,353934,00DADFA5,1600
0,0,CM3D2OHx86_Data\Managed\UnityEngine.Networking.dll,230912,EBC88F56,1600
0,0,CM3D2OHx86_Data\Managed\UnityEngine.UI.dll,219136,8E43BC11,1600
0,0,CM3D2OHx86_Data\Managed\UnityScript.Lang.dll,14336,13EE284D,1600
0,0,CM3D2OHx86_Data\Managed\zxing.unity.dll,430592,9FD1F198,1600
0,0,CM3D2OHx86_Data\Mono\mono.dll,2114008,1F0AD6CA,1600
0,0,CM3D2OHx86_Data\Mono\etc\mono\browscap.ini,311984,CE6C0AB3,1600
0,0,CM3D2OHx86_Data\Mono\etc\mono\config,1691,A635914A,1600
0,0,CM3D2OHx86_Data\Mono\etc\mono\1.0\DefaultWsdlHelpGenerator.aspx,58196,10E814BF,1600
0,0,CM3D2OHx86_Data\Mono\etc\mono\1.0\machine.config,17258,EDE1AC59,1600
0,0,CM3D2OHx86_Data\Mono\etc\mono\2.0\DefaultWsdlHelpGenerator.aspx,60453,F3869A34,1600
0,0,CM3D2OHx86_Data\Mono\etc\mono\2.0\machine.config,27625,73C91C24,1600
0,0,CM3D2OHx86_Data\Mono\etc\mono\2.0\settings.map,2618,A1A3C29F,1600
0,0,CM3D2OHx86_Data\Mono\etc\mono\2.0\web.config,11686,534A9960,1600
0,0,CM3D2OHx86_Data\Mono\etc\mono\2.0\Browsers\Compat.browser,1605,2E178A0B,1600
0,0,CM3D2OHx86_Data\Mono\etc\mono\mconfig\config.xml,25817,80B2033A,1600
0,0,CM3D2OHx86_Data\Plugins\AVProVideo.dll,658944,C4385B2E,1600
0,0,CM3D2OHx86_Data\Plugins\cm3d2_hole_x86.dll,266240,5C01E01F,1600
0,0,CM3D2OHx86_Data\Plugins\cm3d2_x86.dll,1332224,1D64FB22,1600
0,0,CM3D2OHx86_Data\Plugins\device_hook.dll,379904,C1E78F00,1600
0,0,CM3D2OHx86_Data\Plugins\FoveClient.dll,1849384,58C8B4F6,1600
0,0,CM3D2OHx86_Data\Plugins\LeapC.dll,2157568,131511D6,1600
0,0,CM3D2OHx86_Data\Plugins\openvr_api.dll,271168,6635C4E5,1600
0,0,CM3D2OHx86_Data\Plugins\OVRGamepad.dll,10752,409680CC,1600
0,0,CM3D2OHx86_Data\Plugins\OVRPlugin.dll,1956264,BA51F5D9,1600
0,0,CM3D2OHx86_Data\Resources\unity default resources,1544700,7137E221,1600
0,0,CM3D2OHx86_Data\Resources\unity_builtin_extra,142196,65224570,1600
0,0,GameData\csv_cbl.arc,763458,370A3FEB,1600
0,0,GameData\motion_cbl2.arc,33280681,D6FEAEBA,1530
0,0,GameData\motion_cbl_3d21reserve_2.arc,153695,115A5573,1590
0,0,GameData\motion_cbl_addpose001.arc,902201,447E5863,1220
0,0,GameData\motion_cbl_denkigai2016sOkou_2.arc,3995894,0D95C322,1540
0,0,GameData\motion_cbl_denkigai2017w_2.arc,495249,EFAA6DB8,1590
0,0,GameData\motion_cbl_pp002_2.arc,62463881,9CEF1E84,1360
0,0,GameData\motion_cbl_vp001_2.arc,141603,80D0D160,1160
0,0,GameData\motion_cbl_ytgc003_2.arc,296091,68096F71,1340
0,0,GameData\motion_cbl_ytgc002_2.arc,2475220,008FABF0,1160
0,0,GameData\motion_cbl_ytgc012_2.arc,1627105,BDF311CC,1540
0,0,GameData\script_cbl.arc,3332795,DC131238,16000
0,0,GameData\script_cbl_addpose001.arc,1219,0C884F57,1220
0,0,GameData\script_cbl_denkigai2016s_2.arc,81434,8C81CD11,1370
0,0,GameData\script_cbl_denkigai2016sSukumizu_2.arc,28002,5783CE35,1370
0,0,GameData\script_cbl_personal001_2.arc,340451,B4150145,1260
0,0,GameData\script_cbl_personal003_2.arc,236357,DDEC86E4,1520
0,0,GameData\script_cbl_personal004_2.arc,3106,D3DBC0BA,1520
0,0,GameData\system_cbl.arc,535,0B028230,1419
0,0,GameData\voice_cbl2.arc,9627083,76D43E7B,1090
0,0,manual\data\005.png,459612,3AF928C5,1170
0,0,manual\data\010.png,800070,5269304C,1170
share,GameData\patch\bg_pp001_2.arc,GameData\bg_pp001_2.arc,1237157,C9D912F7,1220
share,GameData\patch\csv.arc,GameData\csv.arc,3712533,95C617E1,1600
share,GameData\patch\csv_addpose001.arc,GameData\csv_addpose001.arc,1235,D06FCA6D,1220
share,GameData\patch\csv_pp001_2.arc,GameData\csv_pp001_2.arc,10034,29181748,1370
share,GameData\patch\csv_pp002_2.arc,GameData\csv_pp002_2.arc,450,65BCF215,1462
share,GameData\patch\csv_urayome001_2.arc,GameData\csv_urayome001_2.arc,1714,1D92B577,1401
share,GameData\patch\csv_vrcom_2.arc,GameData\csv_vrcom_2.arc,5650,BC36D221,1510
share,GameData\patch\csv_vp001_2.arc,GameData\csv_vp001_2.arc,2082,25E58CEB,1160
share,GameData\patch\material2.arc,GameData\material2.arc,229048,E742A8C7,1590
share,GameData\patch\material_denkigai2015s003_2.arc,GameData\material_denkigai2015s003_2.arc,7106,0C82D791,1150
share,GameData\patch\material_denkigai2015wTowelR.arc,GameData\material_denkigai2015wTowelR.arc,1602,618192B9,1360
share,GameData\patch\material_dlc055_2.arc,GameData\material_dlc055_2.arc,5282,11A93109,1280
share,GameData\patch\material_dlc107_2.arc,GameData\material_dlc107_2.arc,5218,F9837138,1590
share,GameData\patch\material_dlsite_2.arc,GameData\material_dlsite_2.arc,1762,C5A837EA,1150
share,GameData\patch\material_shop001_2.arc,GameData\material_shop001_2.arc,1762,D98CED1C,1150
share,GameData\patch\material_shop002_2.arc,GameData\material_shop002_2.arc,1762,956BB00E,1150
share,GameData\patch\material_shop003_2.arc,GameData\material_shop003_2.arc,1762,38CEBFF2,1150
share,GameData\patch\material_shop005_2.arc,GameData\material_shop005_2.arc,1714,3E621A32,1150
share,GameData\patch\material_shop007_2.arc,GameData\material_shop007_2.arc,2578,C8CE627C,1150
share,GameData\patch\material_vp001_2.arc,GameData\material_vp001_2.arc,11890,8CB043B0,1400
share,GameData\patch\material_yomeido003_2.arc,GameData\material_yomeido003_2.arc,1522,0689A7AC,1240
share,GameData\patch\menu2.arc,GameData\menu2.arc,234331,0E516D98,1590
share,GameData\patch\menu_denkigai2015s001_2.arc,GameData\menu_denkigai2015s001_2.arc,6594,8B3E849F,1160
share,GameData\patch\menu_denkigai2015s003_2.arc,GameData\menu_denkigai2015s003_2.arc,4338,D294CE88,1150
share,GameData\patch\menu_denkigai2015wTowelR.arc,GameData\menu_denkigai2015wTowelR.arc,1282,CECEE1FC,1360
share,GameData\patch\menu_denkigai2016s_2.arc,GameData\menu_denkigai2016s_2.arc,1346,4A9440B1,1351
share,GameData\patch\menu_denkigai2016w_2.arc,GameData\menu_denkigai2016w_2.arc,15154,C8D64D3B,1450
share,GameData\patch\menu_denkigai2017s_2.arc,GameData\menu_denkigai2017s_2.arc,1218,267B1338,1540
share,GameData\patch\menu_dlcdenkigai2016w_2.arc,GameData\menu_dlcdenkigai2016w_2.arc,13522,45E7F667,1450
share,GameData\patch\menu_dlcdenkigai2017s_2.arc,GameData\menu_dlcdenkigai2017s_2.arc,1218,A6C83B5D,1540
share,GameData\patch\menu_dlc026_2.arc,GameData\menu_dlc026_2.arc,3778,69453D54,1190
share,GameData\patch\menu_dlc028_2.arc,GameData\menu_dlc028_2.arc,3874,DE3F1C31,1200
share,GameData\patch\menu_dlc041_2.arc,GameData\menu_dlc041_2.arc,6786,97F738D3,1380
share,GameData\patch\menu_dlc042_2.arc,GameData\menu_dlc042_2.arc,1154,EE4016C0,1440
share,GameData\patch\menu_dlc049_2.arc,GameData\menu_dlc049_2.arc,3106,E30D6F4C,1522
share,GameData\patch\menu_dlc061_2.arc,GameData\menu_dlc061_2.arc,3810,F99C1D4E,1290
share,GameData\patch\menu_dlc065_2.arc,GameData\menu_dlc065_2.arc,7602,D9387834,1380
share,GameData\patch\menu_dlc074_2.arc,GameData\menu_dlc074_2.arc,5618,24C559D7,1312
share,GameData\patch\menu_dlc100_2.arc,GameData\menu_dlc100_2.arc,1250,DFF94E9A,1400
share,GameData\patch\menu_dlc101_2.arc,GameData\menu_dlc101_2.arc,1218,44DB4049,1481
share,GameData\patch\menu_dlc107_2.arc,GameData\menu_dlc107_2.arc,1746,A6C9E7C4,1590
share,GameData\patch\menu_dlc189_2.arc,GameData\menu_dlc189_2.arc,2258,5A9F3DE9,1590
share,GameData\patch\menu_dlsite_2.arc,GameData\menu_dlsite_2.arc,1954,B2268BA7,1150
share,GameData\patch\menu_kissevent2017march.arc,GameData\menu_kissevent2017march.arc,281,FF4EEB9B,1522
share,GameData\patch\menu_kissevent2017march_2.arc,GameData\menu_kissevent2017march_2.arc,106629,421A1F33,1522
share,GameData\patch\menu_magazine002_2.arc,GameData\menu_magazine002_2.arc,12498,691C1126,1471
share,GameData\patch\menu_personal002_2.arc,GameData\menu_personal002_2.arc,1282,5687650C,1310
share,GameData\patch\menu_shop001_2.arc,GameData\menu_shop001_2.arc,3314,35207C87,1150
share,GameData\patch\menu_shop005_2.arc,GameData\menu_shop005_2.arc,1378,0C9AF725,1150
share,GameData\patch\menu_vp001_2.arc,GameData\menu_vp001_2.arc,19138,7C7AFD9C,1400
share,GameData\patch\menu_yomeido003_2.arc,GameData\menu_yomeido003_2.arc,1234,4D6F619D,1240
share,GameData\patch\menu_yomeidogp_wedding_2.arc,GameData\menu_yomeidogp_wedding_2.arc,3954,C251B12C,1320
share,GameData\patch\model2.arc,GameData\model2.arc,13980518,EE7BA11F,1590
share,GameData\patch\model_denkigai2015s003_2.arc,GameData\model_denkigai2015s003_2.arc,394665,41A48185,1150
share,GameData\patch\model_denkigai2015wTowelR.arc,GameData\model_denkigai2015wTowelR.arc,38258,FB570A24,1360
share,GameData\patch\model_denkigai2017s_2.arc,GameData\model_denkigai2017s_2.arc,462663,8917104A,1582
share,GameData\patch\model_dlcdenkigai2017s_2.arc,GameData\model_dlcdenkigai2017s_2.arc,462667,9F0C3D54,1582
share,GameData\patch\model_dlc005_2.arc,GameData\model_dlc005_2.arc,175424,F7DD7D82,1270
share,GameData\patch\model_dlc046_2.arc,GameData\model_dlc046_2.arc,155690,83B34173,1220
share,GameData\patch\model_dlc073_2.arc,GameData\model_dlc073_2.arc,267037,47D33A06,1320
share,GameData\patch\model_dlc100_2.arc,GameData\model_dlc100_2.arc,691347,7C3D679D,1400
share,GameData\patch\model_dlc109_2.arc,GameData\model_dlc109_2.arc,137998,8FCCF513,1460
share,GameData\patch\model_dlc151_2.arc,GameData\model_dlc151_2.arc,213532,8C3C80C3,1520
share,GameData\patch\model_dlsite_2.arc,GameData\model_dlsite_2.arc,197173,24366C43,1150
share,GameData\patch\model_shop001_2.arc,GameData\model_shop001_2.arc,115215,9C941FAF,1150
share,GameData\patch\model_shop002_2.arc,GameData\model_shop002_2.arc,251253,743C3D97,1150
share,GameData\patch\model_shop003_2.arc,GameData\model_shop003_2.arc,185433,A15EC70A,1150
share,GameData\patch\model_shop005_2.arc,GameData\model_shop005_2.arc,150103,FB5341FA,1150
share,GameData\patch\model_shop007_2.arc,GameData\model_shop007_2.arc,288759,80615CBD,1150
share,GameData\patch\model_vp001_2.arc,GameData\model_vp001_2.arc,647957,D68B5D2F,1400
share,GameData\patch\paths.dat,GameData\paths.dat,6677,48043D60,1600
share,GameData\patch\prioritymaterial.arc,GameData\prioritymaterial.arc,244129,A8D59B85,1600
share,GameData\patch\sound2.arc,GameData\sound2.arc,12751123,D3C5ED01,1490
share,GameData\patch\script_share_vrcom_2.arc,GameData\script_share_vrcom_2.arc,34850,FAC1DDAC,1560
share,GameData\patch\texture3.arc,GameData\texture3.arc,11553910,47E9B6D4,1590
share,GameData\patch\texture_addpose001.arc,GameData\texture_addpose001.arc,23943,1D529A44,1220
share,GameData\patch\texture_denkigai2015wTowelR.arc,GameData\texture_denkigai2015wTowelR.arc,133065,FE4BDC34,1360
share,GameData\patch\texture_denkigai2016w_2.arc,GameData\texture_denkigai2016w_2.arc,10105247,3B4641C3,1450
share,GameData\patch\texture_dlcdenkigai2016w_2.arc,GameData\texture_dlcdenkigai2016w_2.arc,10105332,90868016,1450
share,GameData\patch\texture_kissevent2017march.arc,GameData\texture_kissevent2017march.arc,281,FF4EEB9B,1522
share,GameData\patch\texture_kissevent2017march_2.arc,GameData\texture_kissevent2017march_2.arc,79432605,C1FCD24F,1522
share,GameData\patch\texture_dlc004_2.arc,GameData\texture_dlc004_2.arc,4805734,C8E5CFB4,1200
share,GameData\patch\texture_dlc046_2.arc,GameData\texture_dlc046_2.arc,596960,FC606BA5,1220
share,GameData\patch\texture_dlc107_2.arc,GameData\texture_dlc107_2.arc,913018,88EAC715,1590
share,GameData\patch\texture_vp001_2.arc,GameData\texture_vp001_2.arc,755269,18D5027D,1400
share,GameData\patch\texture_yomeido003_2.arc,GameData\texture_yomeido003_2.arc,117248,0EE72B42,1240
share,GameData\patch\material_vr.arc,GameData\material_vr.arc,6184,D2EAFD73,130
share,GameData\patch\menu_vr.arc,GameData\menu_vr.arc,3407,D3B43CF5,130
share,GameData\patch\model_vr.arc,GameData\model_vr.arc,866449,B84B7620,130
share,GameData\patch\texture_vr.arc,GameData\texture_vr.arc,1111256,DF651968,130
share,PhotoModeData\Mod\Motion\readme.txt,PhotoModeData\Mod\Motion\readme.txt,146,3BF5AF4D,1220
share,Preset\8_ren_1_yosiko.preset,Preset\8_ren_1_yosiko.preset,55432,D54FD70C,1220
share,Preset\8_ren_2_ayumi.preset,Preset\8_ren_2_ayumi.preset,51097,3C44F9DB,1220
share,Preset\8_ren_3_sakura.preset,Preset\8_ren_3_sakura.preset,52635,33F54D90,1220
share,Preset\8_ren_4_ai.preset,Preset\8_ren_4_ai.preset,46819,9B6E5960,1220
