0,0,CM3D2.exe,9558016,7808DA5C,1004
0,0,CM3D2x86.exe,11631104,9C99BCBC,116
0,0,CM3D2x86_Data\level0,154376,090A1A84,116
0,0,CM3D2x86_Data\level1,209928,20BF092F,116
0,0,CM3D2x86_Data\level10,140120,05140CD8,116
0,0,CM3D2x86_Data\level11,164464,0C576CE8,116
0,0,CM3D2x86_Data\level12,140120,7540488A,116
0,0,CM3D2x86_Data\level13,460720,987ED943,116
0,0,CM3D2x86_Data\level14,4376,93C95BED,116
0,0,CM3D2x86_Data\level15,143184,6DBA969C,116
0,0,CM3D2x86_Data\level16,4376,8689025B,116
0,0,CM3D2x86_Data\level17,140880,819CA899,116
0,0,CM3D2x86_Data\level18,193328,A8DCF51A,116
0,0,CM3D2x86_Data\level19,352992,2727D0AD,116
0,0,CM3D2x86_Data\level2,428536,534754B0,116
0,0,CM3D2x86_Data\level20,160592,F4B19D71,116
0,0,CM3D2x86_Data\level21,430992,E705C3A8,116
0,0,CM3D2x86_Data\level3,475288,FBE401B4,116
0,0,CM3D2x86_Data\level4,547920,BE99E79F,116
0,0,CM3D2x86_Data\level5,140528,7E3117D2,116
0,0,CM3D2x86_Data\level6,277152,E3D5E1E3,116
0,0,CM3D2x86_Data\level7,180952,95A88EBA,116
0,0,CM3D2x86_Data\level8,177144,8DFE4459,116
0,0,CM3D2x86_Data\level9,150136,7D184059,116
0,0,CM3D2x86_Data\mainData,853456,79DC1EBA,116
0,0,CM3D2x86_Data\PlayerConnectionConfigFile,21,404ECE8A,116
0,0,CM3D2x86_Data\resources.assets,214592672,0D884503,116
0,0,CM3D2x86_Data\sharedassets0.assets,237505168,A3683DA0,116
0,0,CM3D2x86_Data\sharedassets1.assets,6998796,D88C6639,116
0,0,CM3D2x86_Data\sharedassets10.assets,5256,11580C64,116
0,0,CM3D2x86_Data\sharedassets11.assets,466308,C80AE8C6,116
0,0,CM3D2x86_Data\sharedassets12.assets,5280,E73DD150,116
0,0,CM3D2x86_Data\sharedassets13.assets,466308,1CE53F15,116
0,0,CM3D2x86_Data\sharedassets14.assets,2458016,1C0E5D24,116
0,0,CM3D2x86_Data\sharedassets15.assets,4112,A730A4FA,116
0,0,CM3D2x86_Data\sharedassets16.assets,4200896,ACD2DA2D,116
0,0,CM3D2x86_Data\sharedassets17.assets,4112,E7664EDC,116
0,0,CM3D2x86_Data\sharedassets18.assets,5320,F5FA94E2,116
0,0,CM3D2x86_Data\sharedassets19.assets,3691748,0D5E2FC7,116
0,0,CM3D2x86_Data\sharedassets2.assets,5612280,8E778A64,116
0,0,CM3D2x86_Data\sharedassets20.assets,1587628,96ABE758,116
0,0,CM3D2x86_Data\sharedassets21.assets,5328,57E32262,116
0,0,CM3D2x86_Data\sharedassets22.assets,72624,A34455D0,116
0,0,CM3D2x86_Data\sharedassets3.assets,13906728,B10BD875,116
0,0,CM3D2x86_Data\sharedassets4.assets,36843892,DC758E11,116
0,0,CM3D2x86_Data\sharedassets5.assets,6952140,6CA382FE,116
0,0,CM3D2x86_Data\sharedassets6.assets,503336,8ECB72AB,116
0,0,CM3D2x86_Data\sharedassets7.assets,5456,CD9D4CB4,116
0,0,CM3D2x86_Data\sharedassets8.assets,355444,45CE4BFA,116
0,0,CM3D2x86_Data\sharedassets9.assets,11891548,19BB94BE,116
0,0,CM3D2x86_Data\Managed\Accessibility.dll,10752,A358E135,116
0,0,CM3D2x86_Data\Managed\Assembly-CSharp-firstpass.dll,170496,070596EF,116
0,0,CM3D2x86_Data\Managed\Assembly-CSharp.dll,1850368,3FDD6565,116
0,0,CM3D2x86_Data\Managed\Assembly-UnityScript-firstpass.dll,65024,29C447DE,116
0,0,CM3D2x86_Data\Managed\Boo.Lang.dll,126976,B1FDC6B6,116
0,0,CM3D2x86_Data\Managed\JsonFx.Json.dll,70144,A0F0CFCB,116
0,0,CM3D2x86_Data\Managed\Mono.Data.Tds.dll,96256,DE9FBD55,116
0,0,CM3D2x86_Data\Managed\Mono.Posix.dll,184320,A333AAF5,116
0,0,CM3D2x86_Data\Managed\Mono.Security.dll,294912,D5BB48FC,116
0,0,CM3D2x86_Data\Managed\Mono.WebBrowser.dll,172032,5D310803,116
0,0,CM3D2x86_Data\Managed\mscorlib.dll,2590208,5A5FF75C,116
0,0,CM3D2x86_Data\Managed\System.Configuration.dll,124928,F88CF714,116
0,0,CM3D2x86_Data\Managed\System.Core.dll,300032,0504C277,116
0,0,CM3D2x86_Data\Managed\System.Data.dll,856064,1DE4F5EB,116
0,0,CM3D2x86_Data\Managed\System.dll,1678848,08B8E16D,116
0,0,CM3D2x86_Data\Managed\System.Drawing.Design.dll,29696,E7B53FF9,116
0,0,CM3D2x86_Data\Managed\System.Drawing.dll,448512,C4B2E872,116
0,0,CM3D2x86_Data\Managed\System.EnterpriseServices.dll,46592,1B56067D,116
0,0,CM3D2x86_Data\Managed\System.Security.dll,135168,A9F5B9F1,116
0,0,CM3D2x86_Data\Managed\System.Transactions.dll,27648,DE82E2C6,116
0,0,CM3D2x86_Data\Managed\System.Windows.Forms.dll,3053568,56394001,116
0,0,CM3D2x86_Data\Managed\System.Xml.dll,1270272,BCE39995,116
0,0,CM3D2x86_Data\Managed\System.Xml.Linq.dll,106496,1062D683,116
0,0,CM3D2x86_Data\Managed\UnityEngine.dll,614912,ECC4324A,116
0,0,CM3D2x86_Data\Managed\UnityEngine.UI.dll,176128,078A6C17,116
0,0,CM3D2x86_Data\Managed\UnityScript.Lang.dll,14336,FAB8DDA9,116
0,0,CM3D2x86_Data\Mono\mono.dll,2103296,36130890,116
0,0,CM3D2x86_Data\Mono\etc\mono\browscap.ini,311984,CE6C0AB3,116
0,0,CM3D2x86_Data\Mono\etc\mono\config,1691,A635914A,116
0,0,CM3D2x86_Data\Mono\etc\mono\1.0\DefaultWsdlHelpGenerator.aspx,58196,10E814BF,116
0,0,CM3D2x86_Data\Mono\etc\mono\1.0\machine.config,17259,82F1AD8B,116
0,0,CM3D2x86_Data\Mono\etc\mono\2.0\DefaultWsdlHelpGenerator.aspx,60453,F3869A34,116
0,0,CM3D2x86_Data\Mono\etc\mono\2.0\machine.config,27626,4F6C3F79,116
0,0,CM3D2x86_Data\Mono\etc\mono\2.0\settings.map,2618,A1A3C29F,116
0,0,CM3D2x86_Data\Mono\etc\mono\2.0\web.config,11686,534A9960,116
0,0,CM3D2x86_Data\Mono\etc\mono\2.0\Browsers\Compat.browser,1605,2E178A0B,116
0,0,CM3D2x86_Data\Mono\etc\mono\mconfig\config.xml,25817,80B2033A,116
0,0,CM3D2x86_Data\Plugins\cm3d2_x86.dll,1297920,8AF255BC,116
0,0,CM3D2x86_Data\Plugins\device_hook.dll,77312,7EEF9868,116
0,0,CM3D2x86_Data\Resources\unity default resources,1571709,31020360,116
0,0,CM3D2x86_Data\Resources\unity_builtin_extra,372672,FDDE8793,116
0,0,GameData\csv.arc,1474238,0C9C361F,116
0,0,GameData\csv_vp001_2.arc,2082,25E58CEB,116
0,0,GameData\material2.arc,100292,955CBE63,115
0,0,GameData\material_denkigai2015s003_2.arc,7106,0C82D791,115
0,0,GameData\material_dlsite_2.arc,1762,C5A837EA,115
0,0,GameData\material_shop001_2.arc,1762,D98CED1C,115
0,0,GameData\material_shop002_2.arc,1762,956BB00E,115
0,0,GameData\material_shop003_2.arc,1762,38CEBFF2,115
0,0,GameData\material_shop005_2.arc,1714,3E621A32,115
0,0,GameData\material_shop007_2.arc,2578,C8CE627C,115
0,0,GameData\material_vp001_2.arc,9554,066C9CA9,115
0,0,GameData\menu2.arc,213607,185FB4EA,116
0,0,GameData\menu_denkigai2015s001_2.arc,6594,8B3E849F,116
0,0,GameData\menu_denkigai2015s003_2.arc,4338,D294CE88,115
0,0,GameData\menu_dlsite_2.arc,1954,B2268BA7,115
0,0,GameData\menu_shop001_2.arc,3314,35207C87,115
0,0,GameData\menu_shop005_2.arc,1378,0C9AF725,115
0,0,GameData\menu_vp001_2.arc,18546,5FFF33DA,115
0,0,GameData\model2.arc,11897975,A92B7FD1,115
0,0,GameData\model_denkigai2015s003_2.arc,394665,41A48185,115
0,0,GameData\model_dlsite_2.arc,197173,24366C43,115
0,0,GameData\model_shop001_2.arc,115215,9C941FAF,115
0,0,GameData\model_shop002_2.arc,251253,743C3D97,115
0,0,GameData\model_shop003_2.arc,185433,A15EC70A,115
0,0,GameData\model_shop005_2.arc,150103,FB5341FA,115
0,0,GameData\model_shop007_2.arc,288759,80615CBD,115
0,0,GameData\model_vp001_2.arc,290407,A19508D6,115
0,0,GameData\motion2.arc,59483116,BFE0DE90,115
0,0,GameData\motion_vp001_2.arc,141579,7857F9CD,116
0,0,GameData\paths.dat,769,001DCBDE,116
0,0,GameData\prioritymaterial.arc,78637,866F0F96,116
0,0,GameData\script.arc,12135322,F983A727,116
0,0,GameData\sound2.arc,7107886,4EDEB0E1,114
0,0,GameData\texture2.arc,748712227,393809F6,113
0,0,GameData\texture3.arc,65637,C9E3D8B4,115
0,0,GameData\voice2.arc,290990258,55953CD2,101
0,0,manual\data\004.png,699424,54A4DC50,101
0,0,manual\data\007.png,453984,97E623F5,101
0,0,manual\data\008.png,553674,7B23C3DF,101
0,0,manual\data\013.png,673884,992CEEC5,101
0,0,Preset\1_junshin.preset,43021,0D00795A,101
0,0,Preset\2_coodere.preset,43516,E9EBB0F2,101
0,0,Preset\3_tsundere.preset,48900,D0EF8B9E,101
0,0,Preset\4_default.preset,43697,C5E392BE,101
0,0,Preset\5_pretty_junshin.preset,40739,D9262BEF,101
0,0,Preset\6_pretty_coodere.preset,39554,E54D5766,101
0,0,Preset\7_pretty_tsundere.preset,38235,CA8437BB,101
