0,0,CR EditSystem_Data\Managed\Accessibility.dll,12288,A6B03066,11300
0,0,CR EditSystem_Data\Managed\Assembly-CSharp.dll,2482688,60B08973,11300
0,0,CR EditSystem_Data\Managed\Assembly-CSharp-firstpass.dll,597504,D4948565,11300
0,0,CR EditSystem_Data\Managed\DemiLib.dll,11264,8BB8AD9F,11300
0,0,CR EditSystem_Data\Managed\DOTween.dll,158720,F49BD5A3,11300
0,0,CR EditSystem_Data\Managed\DOTweenPro.dll,15872,9F4B62E8,11300
0,0,CR EditSystem_Data\Managed\JsonFx.Json.dll,70144,A0F0CFCB,11300
0,0,CR EditSystem_Data\Managed\MagicaCloth.dll,359424,BC533703,11300
0,0,CR EditSystem_Data\Managed\MessagePack.Annotations.dll,6144,2C9BA845,11300
0,0,CR EditSystem_Data\Managed\MessagePack.dll,302080,DCD25D93,11300
0,0,CR EditSystem_Data\Managed\Mono.Data.Sqlite.dll,166912,458B648F,11300
0,0,CR EditSystem_Data\Managed\Mono.Posix.dll,212480,1D5703BE,11300
0,0,CR EditSystem_Data\Managed\Mono.Security.dll,309248,30F85061,11300
0,0,CR EditSystem_Data\Managed\Mono.WebBrowser.dll,166912,F0EAE869,11300
0,0,CR EditSystem_Data\Managed\mscorlib.dll,4073472,37AEAF3F,11300
0,0,CR EditSystem_Data\Managed\NavMeshComponents.dll,16896,792BDA7B,11300
0,0,CR EditSystem_Data\Managed\netstandard.dll,84992,35758195,11300
0,0,CR EditSystem_Data\Managed\Novell.Directory.Ldap.dll,247296,5C9D4D42,11300
0,0,CR EditSystem_Data\Managed\Purchasing.Common.dll,12288,FD3DFBAC,11300
0,0,CR EditSystem_Data\Managed\System.Buffers.dll,27992,1A7783D0,11300
0,0,CR EditSystem_Data\Managed\System.ComponentModel.Composition.dll,256512,5D852BAE,11300
0,0,CR EditSystem_Data\Managed\System.ComponentModel.DataAnnotations.dll,84480,E0D3B897,11300
0,0,CR EditSystem_Data\Managed\System.Configuration.dll,124928,0449A8B7,11300
0,0,CR EditSystem_Data\Managed\System.Core.dll,1046016,67F5E02D,11300
0,0,CR EditSystem_Data\Managed\System.Data.dll,2081280,566B7ECE,11300
0,0,CR EditSystem_Data\Managed\System.Design.dll,282112,D95394F5,11300
0,0,CR EditSystem_Data\Managed\System.Diagnostics.StackTrace.dll,6656,FA544B72,11300
0,0,CR EditSystem_Data\Managed\System.DirectoryServices.dll,93184,C1BF919F,11300
0,0,CR EditSystem_Data\Managed\System.dll,2750976,41C45F57,11300
0,0,CR EditSystem_Data\Managed\System.Drawing.Design.dll,29696,DBDC539C,11300
0,0,CR EditSystem_Data\Managed\System.Drawing.dll,603696,D0553FB3,11300
0,0,CR EditSystem_Data\Managed\System.EnterpriseServices.dll,44544,ECCB9906,11300
0,0,CR EditSystem_Data\Managed\System.Globalization.Extensions.dll,6144,7AED6150,11300
0,0,CR EditSystem_Data\Managed\System.IO.Compression.dll,98816,63D2D9A4,11300
0,0,CR EditSystem_Data\Managed\System.IO.Compression.FileSystem.dll,23040,02497CE9,11300
0,0,CR EditSystem_Data\Managed\System.Memory.dll,148760,AA9535EF,11300
0,0,CR EditSystem_Data\Managed\System.Net.Http.dll,115200,9B024414,11300
0,0,CR EditSystem_Data\Managed\System.Numerics.dll,114176,BAB24A8A,11300
0,0,CR EditSystem_Data\Managed\System.Numerics.Vectors.dll,102912,081BF7D7,11300
0,0,CR EditSystem_Data\Managed\System.Runtime.CompilerServices.Unsafe.dll,23600,F3CFB256,11300
0,0,CR EditSystem_Data\Managed\System.Runtime.dll,12800,5380EB8D,11300
0,0,CR EditSystem_Data\Managed\System.Runtime.Serialization.dll,928256,105FE45D,11300
0,0,CR EditSystem_Data\Managed\System.Runtime.Serialization.Formatters.Soap.dll,38400,CEA6CB8D,11300
0,0,CR EditSystem_Data\Managed\System.Runtime.Serialization.Xml.dll,7168,CDCB2181,11300
0,0,CR EditSystem_Data\Managed\System.Security.dll,184320,6A1F6F68,11300
0,0,CR EditSystem_Data\Managed\System.ServiceModel.Internals.dll,214528,B7CE6DDF,11300
0,0,CR EditSystem_Data\Managed\System.Threading.Tasks.Extensions.dll,33048,3B626F92,11300
0,0,CR EditSystem_Data\Managed\System.Transactions.dll,34304,B7F89CBC,11300
0,0,CR EditSystem_Data\Managed\System.Web.ApplicationServices.dll,33792,DC4D2127,11300
0,0,CR EditSystem_Data\Managed\System.Web.dll,3154944,CBB3E871,11300
0,0,CR EditSystem_Data\Managed\System.Web.Services.dll,727040,5061A4B8,11300
0,0,CR EditSystem_Data\Managed\System.Windows.Forms.dll,2896384,7EB1358B,11300
0,0,CR EditSystem_Data\Managed\System.Xml.dll,3137536,B565C00D,11300
0,0,CR EditSystem_Data\Managed\System.Xml.Linq.dll,119296,73DE91C3,11300
0,0,CR EditSystem_Data\Managed\System.Xml.XPath.XDocument.dll,5120,D922626E,11300
0,0,CR EditSystem_Data\Managed\UniRx.dll,422912,6DB4719D,11300
0,0,CR EditSystem_Data\Managed\UniTask.Addressables.dll,9728,1A4F3A75,11300
0,0,CR EditSystem_Data\Managed\UniTask.dll,499712,841EA1DC,11300
0,0,CR EditSystem_Data\Managed\UniTask.DOTween.dll,3584,CA12BFF4,11300
0,0,CR EditSystem_Data\Managed\UniTask.Linq.dll,675840,68FF51CD,11300
0,0,CR EditSystem_Data\Managed\UniTask.TextMeshPro.dll,11776,26F01098,11300
0,0,CR EditSystem_Data\Managed\Unity.Addressables.dll,86528,72097FFB,11300
0,0,CR EditSystem_Data\Managed\Unity.Analytics.DataPrivacy.dll,7680,B7751942,11300
0,0,CR EditSystem_Data\Managed\Unity.Burst.Cecil.dll,346624,2EE1EDD2,11300
0,0,CR EditSystem_Data\Managed\Unity.Burst.Cecil.Mdb.dll,44544,AD666C0B,11300
0,0,CR EditSystem_Data\Managed\Unity.Burst.Cecil.Pdb.dll,87040,12E4E3C2,11300
0,0,CR EditSystem_Data\Managed\Unity.Burst.Cecil.Rocks.dll,28160,D6C36536,11300
0,0,CR EditSystem_Data\Managed\Unity.Burst.dll,298496,87FF3175,11300
0,0,CR EditSystem_Data\Managed\Unity.Burst.Unsafe.dll,5632,D504B969,11300
0,0,CR EditSystem_Data\Managed\Unity.Collections.dll,340480,15CC3929,11300
0,0,CR EditSystem_Data\Managed\Unity.Collections.LowLevel.ILSupport.dll,4096,0C2DE885,11300
0,0,CR EditSystem_Data\Managed\Unity.Jobs.dll,10752,CEA5101F,11300
0,0,CR EditSystem_Data\Managed\Unity.Mathematics.dll,723968,D43326E5,11300
0,0,CR EditSystem_Data\Managed\Unity.Postprocessing.Runtime.dll,150016,CCDD10E2,11300
0,0,CR EditSystem_Data\Managed\Unity.RenderPipelines.Core.Runtime.dll,217600,2771B153,11300
0,0,CR EditSystem_Data\Managed\Unity.RenderPipelines.Core.ShaderLibrary.dll,3584,AE16BC89,11300
0,0,CR EditSystem_Data\Managed\Unity.RenderPipelines.ShaderGraph.ShaderGraphLibrary.dll,3584,4E12BE31,11300
0,0,CR EditSystem_Data\Managed\Unity.ResourceManager.dll,95744,BFDC290D,11300
0,0,CR EditSystem_Data\Managed\Unity.ScriptableBuildPipeline.dll,7680,6FBF0A34,11300
0,0,CR EditSystem_Data\Managed\Unity.TextMeshPro.dll,370688,0B655441,11300
0,0,CR EditSystem_Data\Managed\Unity.Timeline.dll,111616,BC9DCC0B,11300
0,0,CR EditSystem_Data\Managed\Unity.VisualEffectGraph.Runtime.dll,44544,F99A8329,11300
0,0,CR EditSystem_Data\Managed\UnityEngine.AccessibilityModule.dll,12800,8755B009,11300
0,0,CR EditSystem_Data\Managed\UnityEngine.Advertisements.dll,35328,255631A3,11300
0,0,CR EditSystem_Data\Managed\UnityEngine.AIModule.dll,45568,BA81D03B,11300
0,0,CR EditSystem_Data\Managed\UnityEngine.AndroidJNIModule.dll,68096,2851AC4A,11300
0,0,CR EditSystem_Data\Managed\UnityEngine.AnimationModule.dll,150016,C33C75C6,11300
0,0,CR EditSystem_Data\Managed\UnityEngine.ARModule.dll,10240,FC5E5334,11300
0,0,CR EditSystem_Data\Managed\UnityEngine.AssetBundleModule.dll,22528,33EDBE88,11300
0,0,CR EditSystem_Data\Managed\UnityEngine.AudioModule.dll,59392,DFF1FFCC,11300
0,0,CR EditSystem_Data\Managed\UnityEngine.ClothModule.dll,15360,51193C61,11300
0,0,CR EditSystem_Data\Managed\UnityEngine.ClusterInputModule.dll,10752,9C27FCE1,11300
0,0,CR EditSystem_Data\Managed\UnityEngine.ClusterRendererModule.dll,11264,A6C8B1B1,11300
0,0,CR EditSystem_Data\Managed\UnityEngine.CoreModule.dll,1147904,226AC4A2,11300
0,0,CR EditSystem_Data\Managed\UnityEngine.CrashReportingModule.dll,10240,87F63418,11300
0,0,CR EditSystem_Data\Managed\UnityEngine.DirectorModule.dll,13824,24BA9137,11300
0,0,CR EditSystem_Data\Managed\UnityEngine.dll,92672,A4BA3B58,11300
0,0,CR EditSystem_Data\Managed\UnityEngine.DSPGraphModule.dll,18432,0D1234C5,11300
0,0,CR EditSystem_Data\Managed\UnityEngine.GameCenterModule.dll,28160,DC25973D,11300
0,0,CR EditSystem_Data\Managed\UnityEngine.GIModule.dll,9216,7D8CDC04,11300
0,0,CR EditSystem_Data\Managed\UnityEngine.GridModule.dll,14336,DCD4C096,11300
0,0,CR EditSystem_Data\Managed\UnityEngine.HotReloadModule.dll,9216,270BDD78,11300
0,0,CR EditSystem_Data\Managed\UnityEngine.ImageConversionModule.dll,13312,DF43939C,11300
0,0,CR EditSystem_Data\Managed\UnityEngine.IMGUIModule.dll,160768,A69C743A,11300
0,0,CR EditSystem_Data\Managed\UnityEngine.InputLegacyModule.dll,26112,0D8098C7,11300
0,0,CR EditSystem_Data\Managed\UnityEngine.InputModule.dll,12800,A1E38EC8,11300
0,0,CR EditSystem_Data\Managed\UnityEngine.JSONSerializeModule.dll,11264,DB83BCC9,11300
0,0,CR EditSystem_Data\Managed\UnityEngine.LocalizationModule.dll,10240,DA2EABAF,11300
0,0,CR EditSystem_Data\Managed\UnityEngine.Monetization.dll,29184,D4F4BD38,11300
0,0,CR EditSystem_Data\Managed\UnityEngine.ParticleSystemModule.dll,142848,C2EFF2F0,11300
0,0,CR EditSystem_Data\Managed\UnityEngine.PerformanceReportingModule.dll,9728,AE1DB001,11300
0,0,CR EditSystem_Data\Managed\UnityEngine.Physics2DModule.dll,107008,DC885E4A,11300
0,0,CR EditSystem_Data\Managed\UnityEngine.PhysicsModule.dll,96768,E1349911,11300
0,0,CR EditSystem_Data\Managed\UnityEngine.ProfilerModule.dll,9216,04DB7C00,11300
0,0,CR EditSystem_Data\Managed\UnityEngine.Purchasing.AppleCore.dll,5120,6622AD88,11300
0,0,CR EditSystem_Data\Managed\UnityEngine.Purchasing.AppleMacosStub.dll,5120,1DBA019A,11300
0,0,CR EditSystem_Data\Managed\UnityEngine.Purchasing.AppleStub.dll,5120,ABDDCB19,11300
0,0,CR EditSystem_Data\Managed\UnityEngine.Purchasing.Codeless.dll,13824,7CC2BBBE,11300
0,0,CR EditSystem_Data\Managed\UnityEngine.Purchasing.dll,28160,06918553,11300
0,0,CR EditSystem_Data\Managed\UnityEngine.Purchasing.SecurityCore.dll,7680,A2E25916,11300
0,0,CR EditSystem_Data\Managed\UnityEngine.Purchasing.SecurityStub.dll,6144,44850924,11300
0,0,CR EditSystem_Data\Managed\UnityEngine.Purchasing.Stores.dll,141312,95DF38E2,11300
0,0,CR EditSystem_Data\Managed\UnityEngine.Purchasing.WinRTCore.dll,6144,8BE12BA5,11300
0,0,CR EditSystem_Data\Managed\UnityEngine.Purchasing.WinRTStub.dll,4096,6442ABBC,11300
0,0,CR EditSystem_Data\Managed\UnityEngine.RuntimeInitializeOnLoadManagerInitializerModule.dll,9216,9854D817,11300
0,0,CR EditSystem_Data\Managed\UnityEngine.ScreenCaptureModule.dll,10240,CFBC78F8,11300
0,0,CR EditSystem_Data\Managed\UnityEngine.SharedInternalsModule.dll,21504,A54FD28A,11300
0,0,CR EditSystem_Data\Managed\UnityEngine.SpatialTracking.dll,10752,16A4388C,11300
0,0,CR EditSystem_Data\Managed\UnityEngine.SpriteMaskModule.dll,10752,16B79287,11300
0,0,CR EditSystem_Data\Managed\UnityEngine.SpriteShapeModule.dll,14336,5AD9E21F,11300
0,0,CR EditSystem_Data\Managed\UnityEngine.StreamingModule.dll,10240,82333BB0,11300
0,0,CR EditSystem_Data\Managed\UnityEngine.SubstanceModule.dll,13824,AD427148,11300
0,0,CR EditSystem_Data\Managed\UnityEngine.SubsystemsModule.dll,24064,8A34E93D,11300
0,0,CR EditSystem_Data\Managed\UnityEngine.TerrainModule.dll,81920,F78F68A8,11300
0,0,CR EditSystem_Data\Managed\UnityEngine.TerrainPhysicsModule.dll,10240,1EEAC843,11300
0,0,CR EditSystem_Data\Managed\UnityEngine.TextCoreModule.dll,186880,6C9544DB,11300
0,0,CR EditSystem_Data\Managed\UnityEngine.TextRenderingModule.dll,28160,272FE823,11300
0,0,CR EditSystem_Data\Managed\UnityEngine.TilemapModule.dll,26624,77B2F1C2,11300
0,0,CR EditSystem_Data\Managed\UnityEngine.TLSModule.dll,15872,6372F20D,11300
0,0,CR EditSystem_Data\Managed\UnityEngine.UI.dll,230912,3679BD33,11300
0,0,CR EditSystem_Data\Managed\UnityEngine.UIElementsModule.dll,798720,1EDAD515,11300
0,0,CR EditSystem_Data\Managed\UnityEngine.UIElementsNativeModule.dll,47616,51E8201D,11300
0,0,CR EditSystem_Data\Managed\UnityEngine.UIModule.dll,24064,B4BA171A,11300
0,0,CR EditSystem_Data\Managed\UnityEngine.UmbraModule.dll,9216,3851F56F,11300
0,0,CR EditSystem_Data\Managed\UnityEngine.UNETModule.dll,78848,90E69702,11300
0,0,CR EditSystem_Data\Managed\UnityEngine.UnityAnalyticsModule.dll,33792,075604E4,11300
0,0,CR EditSystem_Data\Managed\UnityEngine.UnityConnectModule.dll,11264,29F47B6B,11300
0,0,CR EditSystem_Data\Managed\UnityEngine.UnityCurlModule.dll,10752,BD9D1965,11300
0,0,CR EditSystem_Data\Managed\UnityEngine.UnityTestProtocolModule.dll,9216,B970C0AF,11300
0,0,CR EditSystem_Data\Managed\UnityEngine.UnityWebRequestAssetBundleModule.dll,12288,22EC1329,11300
0,0,CR EditSystem_Data\Managed\UnityEngine.UnityWebRequestAudioModule.dll,11776,0312E3BE,11300
0,0,CR EditSystem_Data\Managed\UnityEngine.UnityWebRequestModule.dll,44544,207C3659,11300
0,0,CR EditSystem_Data\Managed\UnityEngine.UnityWebRequestTextureModule.dll,11264,CB601B5B,11300
0,0,CR EditSystem_Data\Managed\UnityEngine.UnityWebRequestWWWModule.dll,20480,C52A59BF,11300
0,0,CR EditSystem_Data\Managed\UnityEngine.VehiclesModule.dll,13312,94F5FA96,11300
0,0,CR EditSystem_Data\Managed\UnityEngine.VFXModule.dll,39936,D2776207,11300
0,0,CR EditSystem_Data\Managed\UnityEngine.VideoModule.dll,29696,F9EF57D9,11300
0,0,CR EditSystem_Data\Managed\UnityEngine.VirtualTexturingModule.dll,23552,6DCB7BE9,11300
0,0,CR EditSystem_Data\Managed\UnityEngine.VRModule.dll,15360,7D1969FA,11300
0,0,CR EditSystem_Data\Managed\UnityEngine.WindModule.dll,10240,BAA2E379,11300
0,0,CR EditSystem_Data\Managed\UnityEngine.XR.LegacyInputHelpers.dll,22016,E666E7AB,11300
0,0,CR EditSystem_Data\Managed\UnityEngine.XRModule.dll,56320,6873B071,11300
0,0,CR EditSystem_Data\Plugins\x86_64\Audio360.dll,1499136,2D77400A,11300
0,0,CR EditSystem_Data\Plugins\x86_64\AVProVideo.dll,891392,A3612D4B,11300
0,0,CR EditSystem_Data\Plugins\x86_64\crc.dll,1925120,7452FE3C,11300
0,0,CR EditSystem_Data\Plugins\x86_64\device_hook.dll,733696,16904EAF,11300
0,0,CR EditSystem_Data\Plugins\x86_64\lib_burst_generated.dll,254464,AAC27263,11300
0,0,CR EditSystem_Data\Plugins\x86_64\lib_burst_generated.txt,119426,65F1A244,11300
0,0,CR EditSystem_Data\Resources\unity default resources,4844872,6E8547D1,11300
0,0,CR EditSystem_Data\Resources\unity_builtin_extra,398936,25E410E2,11300
0,0,CR EditSystem_Data\StreamingAssets\aa\AddressablesLink\link.xml,572,8602114D,11300
0,0,CR EditSystem_Data\StreamingAssets\aa\catalog.json,885,951910E7,11300
0,0,CR EditSystem_Data\StreamingAssets\aa\settings.json,860,2C318CC1,11300
0,0,CR EditSystem_Data\app.info,18,37D455F7,11300
0,0,CR EditSystem_Data\boot.config,49,56DD06A5,11300
0,0,CR EditSystem_Data\globalgamemanagers,255772,F1ABA0E1,11300
0,0,CR EditSystem_Data\globalgamemanagers.assets,412868,7F195DA7,11300
0,0,CR EditSystem_Data\level0,24236,43CAF105,11300
0,0,CR EditSystem_Data\level1,848420,AFAFE98F,11300
0,0,CR EditSystem_Data\resources.assets,6793932,C3128719,11300
0,0,CR EditSystem_Data\resources.assets.resS,8930364,4E6512CD,11300
0,0,CR EditSystem_Data\RuntimeInitializeOnLoads.json,2359,2DA601AD,11300
0,0,CR EditSystem_Data\ScriptingAssemblies.json,4328,0A6BA662,11300
0,0,CR EditSystem_Data\sharedassets0.assets,3809424,909CF72F,11300
0,0,CR EditSystem_Data\sharedassets0.assets.resS,2654208,E6C7A319,11300
0,0,CR EditSystem_Data\sharedassets1.assets,427560,8CF23E54,11300
0,0,CR EditSystem_Data\sharedassets1.assets.resS,59564,75BEB53E,11300
0,0,GameData\assets\bg.aba,62525183,CD0F9622,10300
0,0,GameData\assets\bg.ct,711,A16ECEA5,10300
0,0,GameData\assets\csv.aba,70187,88EDA53C,11300
0,0,GameData\assets\csv.ct,635,3E08DE76,11300
0,0,GameData\assets\parts_2.aba,70087998,8A8F0AE9,11300
0,0,GameData\assets\parts_2.ct,8650,ABA9A0BC,11300
0,0,GameData\assets\partsmeta.aba,79831,10BB502B,11300
0,0,GameData\assets\partsmeta.ct,12448,05EC2A2A,11300
0,0,GameData\assets\system.aba,644597,C021C10C,11300
0,0,GameData\assets\system.ct,10852,D16235B3,11300
0,0,GameData\dlc\parts_bcc4_gp003_2.aba,2372500,EC8AE752,10700
0,0,GameData\dlc\parts_bcc4_gp003_2.ct,979,3D0EFEE6,10700
0,0,GameData\dlc\parts_cas040_2.aba,204642,F416204B,11100
0,0,GameData\dlc\parts_cas040_2.ct,487,FD86A727,11100
0,0,GameData\dlc\parts_com3d2_hair_2.aba,691403,78F90758,11100
0,0,GameData\dlc\parts_com3d2_hair_2.ct,666,5C948F1D,11100
0,0,GameData\dlc\parts_cr002_gp003_2.aba,6953,846C3296,10800
0,0,GameData\dlc\parts_cr002_gp003_2.ct,312,2FD7C199,10800
0,0,GameData\dlc\parts_cr003_gp003_2.aba,3769,7F1E47A6,10700
0,0,GameData\dlc\parts_cr003_gp003_2.ct,324,208522F0,10700
0,0,GameData\dlc\parts_cr004_gp003_2.aba,3977,7B0AF844,10900
0,0,GameData\dlc\parts_cr004_gp003_2.ct,327,9954D22B,10900
0,0,GameData\dlc\parts_cr005_gp003_2.aba,5913,BBD9A767,11200
0,0,GameData\dlc\parts_cr005_gp003_2.ct,440,F9326FDE,11200
0,0,GameData\dlc\parts_denkigai2021s_2.aba,469495,57265BE7,11201
0,0,GameData\dlc\parts_denkigai2021s_2.ct,991,65899E0A,11201
0,0,GameData\dlc\parts_dlc230_2.aba,132650,D2AB4C6B,11300
0,0,GameData\dlc\parts_dlc230_2.ct,593,97B1229F,11300
0,0,GameData\dlc\parts_dlc248_2.aba,346619,5EF5E7B3,11200
0,0,GameData\dlc\parts_dlc248_2.ct,490,03572E42,11200
0,0,GameData\dlc\parts_dlc265_2.aba,1239750,FA8E7CDB,11100
0,0,GameData\dlc\parts_dlc265_2.ct,490,9FBF49A7,11100
0,0,GameData\dlc\parts_dlc266_2.aba,2879,B3A1D7A1,11300
0,0,GameData\dlc\parts_dlc266_2.ct,310,883F2C9A,11300
0,0,GameData\dlc\parts_dlc290_2.aba,322330,2F453F9D,11100
0,0,GameData\dlc\parts_dlc290_2.ct,490,5E610549,11100
0,0,GameData\dlc\parts_dlc304_2.aba,746956,DD71B564,10800
0,0,GameData\dlc\parts_dlc304_2.ct,726,AF62293E,10800
0,0,GameData\dlc\parts_dlc309_2.aba,2831,A86284E3,11300
0,0,GameData\dlc\parts_dlc309_2.ct,307,00644E81,11300
0,0,GameData\dlc\parts_dlc377_2.aba,223953,C70E87E3,11100
0,0,GameData\dlc\parts_dlc377_2.ct,490,AAD8912E,11100
0,0,GameData\dlc\parts_dlc391_gp003_2.aba,3227,E5A11F29,10700
0,0,GameData\dlc\parts_dlc391_gp003_2.ct,331,74476FC0,10700
0,0,GameData\dlc\parts_dlc392_gp003_2.aba,4203,A2A591DD,10700
0,0,GameData\dlc\parts_dlc392_gp003_2.ct,331,1D1EF1B5,10700
0,0,GameData\dlc\parts_dlc395_gp003_2.aba,4123,0242E8CD,10700
0,0,GameData\dlc\parts_dlc395_gp003_2.ct,328,7B28FBA1,10700
0,0,GameData\dlc\parts_dlc396_gp003_2.aba,3467,D8321B24,10700
0,0,GameData\dlc\parts_dlc396_gp003_2.ct,328,24629BF1,10700
0,0,GameData\dlc\parts_dlc397_gp003_2.aba,3979,B5326215,10700
0,0,GameData\dlc\parts_dlc397_gp003_2.ct,331,F7C4A0FA,10700
0,0,GameData\dlc\parts_dlc398cloth_gp003_2.aba,3093,F82AFF5F,10700
0,0,GameData\dlc\parts_dlc398cloth_gp003_2.ct,347,B219980E,10700
0,0,GameData\dlc\parts_dlc398hair_gp003_2.aba,36945725,45705442,11202
0,0,GameData\dlc\parts_dlc398hair_gp003_2.ct,7990,7B5DA1FA,11202
0,0,GameData\dlc\parts_dlc399hair_gp003_2.aba,48341575,2B2E957C,11201
0,0,GameData\dlc\parts_dlc399hair_gp003_2.ct,8000,FD761B6B,11201
0,0,GameData\dlc\parts_dlc415_gp003_2.aba,24486642,A3DE63F1,11200
0,0,GameData\dlc\parts_dlc415_gp003_2.ct,4246,E6B4C40A,11200
0,0,GameData\dlc\parts_dlc416_gp003_2.aba,60624396,2F885237,11300
0,0,GameData\dlc\parts_dlc416_gp003_2.ct,6172,C5B91E8E,11300
0,0,GameData\dlc\parts_dlc417_gp003_2.aba,98240924,B937D22D,11300
0,0,GameData\dlc\parts_dlc417_gp003_2.ct,9668,30567A2B,11300
0,0,GameData\dlc\parts_dlc418_gp003_2.aba,57214295,94330253,11300
0,0,GameData\dlc\parts_dlc418_gp003_2.ct,4212,4BB449FE,11300
0,0,GameData\dlc\parts_dlc419_gp003_2.aba,24105365,8DE4F408,11200
0,0,GameData\dlc\parts_dlc419_gp003_2.ct,4165,E74579DE,11200
0,0,GameData\dlc\parts_dlc420_gp003_2.aba,25657624,36A81ABD,11201
0,0,GameData\dlc\parts_dlc420_gp003_2.ct,6137,DAF3B803,11201
0,0,GameData\dlc\parts_dlc427_gp003_2.aba,1433273,118FF80C,11200
0,0,GameData\dlc\parts_dlc427_gp003_2.ct,558,57DD4A54,11200
0,0,GameData\dlc\parts_dlc428_gp003_2.aba,2829056,0C56E0E4,11200
0,0,GameData\dlc\parts_dlc428_gp003_2.ct,899,9BFCAE1E,11200
0,0,GameData\dlc\parts_dlc431_gp003_2.aba,2779,98EB5D49,11300
0,0,GameData\dlc\parts_dlc431_gp003_2.ct,328,A21ED5DA,11300
0,0,GameData\dlc\parts_dlc433_gp003_2.aba,193741,79864F27,11201
0,0,GameData\dlc\parts_dlc433_gp003_2.ct,873,93EBC12C,11201
0,0,GameData\dlc\parts_dlc434_gp003_2.aba,12667,617A145D,11201
0,0,GameData\dlc\parts_dlc434_gp003_2.ct,432,C5F5B457,11201
0,0,GameData\dlc\parts_dlcfacetex001_2.aba,33581,8FB5B4CB,11200
0,0,GameData\dlc\parts_dlcfacetex001_2.ct,569,D7CCB50C,11200
0,0,GameData\dlc\parts_gp001fb_2.aba,3409,C0B3E493,11300
0,0,GameData\dlc\parts_gp001fb_2.ct,314,033174C2,11300
0,0,GameData\dlc\parts_kissevent2018_mask_gp003_2.aba,2647,F26F648E,10800
0,0,GameData\dlc\parts_kissevent2018_mask_gp003_2.ct,376,C70C27ED,10800
0,0,GameData\dlc\parts_maidcafe4_gp003_2.aba,3713,738C4121,10700
0,0,GameData\dlc\parts_maidcafe4_gp003_2.ct,343,F330B4FD,10700
0,0,GameData\dlc\parts_nijiyomec_2.aba,2629,03E471FB,11300
0,0,GameData\dlc\parts_nijiyomec_2.ct,317,872C8E67,11300
0,0,GameData\dlc\parts_oldplus002hair1_2.aba,173756,7E870CA5,11100
0,0,GameData\dlc\parts_oldplus002hair1_2.ct,521,EB7AEB42,11100
0,0,GameData\dlc\parts_oldplus005hair2_2.aba,2817,80F6B7E7,11300
0,0,GameData\dlc\parts_oldplus005hair2_2.ct,343,5CAC6762,11300
0,0,GameData\dlc\parts_oldplus007hair2_2.aba,2865,49B42344,11300
0,0,GameData\dlc\parts_oldplus007hair2_2.ct,340,F9DB295F,11300
0,0,GameData\dlc\parts_oldplus008hair1_gp003_2.aba,73450773,60639311,11200
0,0,GameData\dlc\parts_oldplus008hair1_gp003_2.ct,6230,1DBBC992,11200
0,0,GameData\dlc\parts_oldplus008hair2_gp003_2.aba,53097890,616EF0D3,11300
0,0,GameData\dlc\parts_oldplus008hair2_gp003_2.ct,4197,31623327,11300
0,0,GameData\dlc\parts_personal_om007_2.aba,347576,D0218D78,10800
0,0,GameData\dlc\parts_personal_om007_2.ct,628,04C6D17C,10800
0,0,GameData\dlc\parts_personal_om009_2.aba,47704142,A050EB94,11200
0,0,GameData\dlc\parts_personal_om009_2.ct,7855,F20EDFB3,11200
0,0,GameData\dlc\parts_personal_om011_gp003_2.aba,4963415,B25E86F8,11201
0,0,GameData\dlc\parts_personal_om011_gp003_2.ct,909,A221C8C1,11201
0,0,GameData\dlc\parts_personal_om011hair_gp003_2.aba,60672965,689A0C0D,11300
0,0,GameData\dlc\parts_personal_om011hair_gp003_2.ct,11632,5ACDDE69,11300
0,0,GameData\dlc\parts_personal_om012_gp003_2.aba,1413345,E6EF1D2B,11200
0,0,GameData\dlc\parts_personal_om012_gp003_2.ct,749,7FE520E3,11200
0,0,GameData\dlc\parts_personal_om012hair_gp003_2.aba,58975739,B80C2379,11200
0,0,GameData\dlc\parts_personal_om012hair_gp003_2.ct,4226,09D771B8,11200
0,0,GameData\dlc\parts_shop011_gp003_2.aba,5624765,6DFB8D1D,10700
0,0,GameData\dlc\parts_shop011_gp003_2.ct,1279,C383844D,10700
0,0,GameData\dlc\parts_shop014_gp003_2.aba,2749,8E91E2CF,10700
0,0,GameData\dlc\parts_shop014_gp003_2.ct,334,224D10CA,10700
0,0,GameData\dlc\parts_shop016_gp003_2.aba,3133,34F7B95E,10700
0,0,GameData\dlc\parts_shop016_gp003_2.ct,334,0D967FFD,10700
0,0,GameData\dlc\parts_shop018_gp003_2.aba,4237,48E79B7A,10700
0,0,GameData\dlc\parts_shop018_gp003_2.ct,334,DE7BC485,10700
0,0,GameData\dlc\parts_shop019_gp003_2.aba,4125,5A4CB9F4,10700
0,0,GameData\dlc\parts_shop019_gp003_2.ct,337,722642C3,10700
0,0,GameData\dlc\parts_vp001_2.aba,140848,B373C2D2,11100
0,0,GameData\dlc\parts_vp001_2.ct,483,12CCFC7B,11100
0,0,MonoBleedingEdge\EmbedRuntime\mono-2.0-bdwgc.dll,4979288,8F8D2BF3,11300
0,0,MonoBleedingEdge\EmbedRuntime\MonoPosixHelper.dll,780288,7D043EE5,11300
0,0,MonoBleedingEdge\etc\mono\2.0\Browsers\Compat.browser,1605,2E178A0B,11300
0,0,MonoBleedingEdge\etc\mono\2.0\DefaultWsdlHelpGenerator.aspx,60575,95F9D0B4,11300
0,0,MonoBleedingEdge\etc\mono\2.0\machine.config,29116,95068D9C,11300
0,0,MonoBleedingEdge\etc\mono\2.0\settings.map,2622,AD5340F9,11300
0,0,MonoBleedingEdge\etc\mono\2.0\web.config,11686,534A9960,11300
0,0,MonoBleedingEdge\etc\mono\4.0\Browsers\Compat.browser,1605,2E178A0B,11300
0,0,MonoBleedingEdge\etc\mono\4.0\DefaultWsdlHelpGenerator.aspx,60575,95F9D0B4,11300
0,0,MonoBleedingEdge\etc\mono\4.0\machine.config,33648,C2F58754,11300
0,0,MonoBleedingEdge\etc\mono\4.0\settings.map,2622,DC24A240,11300
0,0,MonoBleedingEdge\etc\mono\4.0\web.config,18848,46DCAC4D,11300
0,0,MonoBleedingEdge\etc\mono\4.5\Browsers\Compat.browser,1605,2E178A0B,11300
0,0,MonoBleedingEdge\etc\mono\4.5\DefaultWsdlHelpGenerator.aspx,60575,95F9D0B4,11300
0,0,MonoBleedingEdge\etc\mono\4.5\machine.config,34106,E7E2F2D3,11300
0,0,MonoBleedingEdge\etc\mono\4.5\settings.map,2622,DC24A240,11300
0,0,MonoBleedingEdge\etc\mono\4.5\web.config,18857,C3DF527D,11300
0,0,MonoBleedingEdge\etc\mono\mconfig\config.xml,25817,80B2033A,11300
0,0,MonoBleedingEdge\etc\mono\browscap.ini,311984,CE6C0AB3,11300
0,0,MonoBleedingEdge\etc\mono\config,3276,B5C7D62E,11300
0,0,CR EditSystem.exe,653824,A78B2AF7,11300
0,0,CR Launcher.exe,6199296,3043369E,110000
0,0,UnityCrashHandler64.exe,1232984,B16BF2A1,11300
0,0,UnityPlayer.dll,28234840,909C1A97,11300
