0,0,CM3D2OH.exe,9101312,BFC22264,1004
0,0,CM3D2OHx64.exe,14914560,1CE8D13F,113
0,0,CM3D2OHx64_Data\level0,154376,46B77650,113
0,0,CM3D2OHx64_Data\level1,220752,F44AA271,113
0,0,CM3D2OHx64_Data\level10,4376,187AA540,113
0,0,CM3D2OHx64_Data\level11,143184,F6D458F3,113
0,0,CM3D2OHx64_Data\level12,4376,8232A692,113
0,0,CM3D2OHx64_Data\level13,140880,4B92E884,113
0,0,CM3D2OHx64_Data\level14,193328,6E21471E,113
0,0,CM3D2OHx64_Data\level15,352992,9D4CC1CE,113
0,0,CM3D2OHx64_Data\level16,160592,6B6D6981,113
0,0,CM3D2OHx64_Data\level17,430992,92C6CAB8,113
0,0,CM3D2OHx64_Data\level2,475288,B8FA5D54,113
0,0,CM3D2OHx64_Data\level3,547920,060315F3,113
0,0,CM3D2OHx64_Data\level4,140528,372C0361,113
0,0,CM3D2OHx64_Data\level5,177144,58CF97E0,113
0,0,CM3D2OHx64_Data\level6,140120,61EE05D6,113
0,0,CM3D2OHx64_Data\level7,164464,9D112928,113
0,0,CM3D2OHx64_Data\level8,140120,8C5D8EEA,113
0,0,CM3D2OHx64_Data\level9,428944,3C1AB50E,113
0,0,CM3D2OHx64_Data\mainData,844880,D5707569,113
0,0,CM3D2OHx64_Data\PlayerConnectionConfigFile,21,9E4C6D6A,113
0,0,CM3D2OHx64_Data\resources.assets,219980812,F2107F1F,113
0,0,CM3D2OHx64_Data\sharedassets0.assets,236803936,64D1737B,113
0,0,CM3D2OHx64_Data\sharedassets1.assets,6998796,EFFE8C15,113
0,0,CM3D2OHx64_Data\sharedassets10.assets,3854600,47804BAC,113
0,0,CM3D2OHx64_Data\sharedassets11.assets,4112,04D8FC43,113
0,0,CM3D2OHx64_Data\sharedassets12.assets,4200896,BA57F08E,113
0,0,CM3D2OHx64_Data\sharedassets13.assets,4112,2972D67D,113
0,0,CM3D2OHx64_Data\sharedassets14.assets,2814296,0B574A87,113
0,0,CM3D2OHx64_Data\sharedassets15.assets,3691748,A2383048,113
0,0,CM3D2OHx64_Data\sharedassets16.assets,1587628,3BC2EC53,113
0,0,CM3D2OHx64_Data\sharedassets17.assets,5328,2C5FF919,113
0,0,CM3D2OHx64_Data\sharedassets18.assets,72624,85181BF0,113
0,0,CM3D2OHx64_Data\sharedassets2.assets,10846308,905FF57B,113
0,0,CM3D2OHx64_Data\sharedassets3.assets,36866556,35CDB144,113
0,0,CM3D2OHx64_Data\sharedassets4.assets,6952140,CBB37473,113
0,0,CM3D2OHx64_Data\sharedassets5.assets,503336,EC9DE8EC,113
0,0,CM3D2OHx64_Data\sharedassets6.assets,11891548,E9D10C4F,113
0,0,CM3D2OHx64_Data\sharedassets7.assets,466308,EDF3C11F,113
0,0,CM3D2OHx64_Data\sharedassets8.assets,5280,A2F0695A,113
0,0,CM3D2OHx64_Data\sharedassets9.assets,466308,6C892E96,113
0,0,CM3D2OHx64_Data\Managed\Accessibility.dll,10752,A358E135,113
0,0,CM3D2OHx64_Data\Managed\Assembly-CSharp-firstpass.dll,173568,27CE20BE,113
0,0,CM3D2OHx64_Data\Managed\Assembly-CSharp.dll,1878016,3B0AC0A0,113
0,0,CM3D2OHx64_Data\Managed\Assembly-UnityScript-firstpass.dll,65024,2EF02C29,113
0,0,CM3D2OHx64_Data\Managed\Boo.Lang.dll,126976,B1FDC6B6,113
0,0,CM3D2OHx64_Data\Managed\JsonFx.Json.dll,70144,A0F0CFCB,113
0,0,CM3D2OHx64_Data\Managed\Mono.Data.Tds.dll,96256,DE9FBD55,113
0,0,CM3D2OHx64_Data\Managed\Mono.Posix.dll,184320,A333AAF5,113
0,0,CM3D2OHx64_Data\Managed\Mono.Security.dll,294912,D5BB48FC,113
0,0,CM3D2OHx64_Data\Managed\Mono.WebBrowser.dll,172032,5D310803,113
0,0,CM3D2OHx64_Data\Managed\mscorlib.dll,2590208,5A5FF75C,113
0,0,CM3D2OHx64_Data\Managed\System.Configuration.dll,124928,F88CF714,113
0,0,CM3D2OHx64_Data\Managed\System.Core.dll,300032,0504C277,113
0,0,CM3D2OHx64_Data\Managed\System.Data.dll,856064,1DE4F5EB,113
0,0,CM3D2OHx64_Data\Managed\System.dll,1678848,08B8E16D,113
0,0,CM3D2OHx64_Data\Managed\System.Drawing.Design.dll,29696,E7B53FF9,113
0,0,CM3D2OHx64_Data\Managed\System.Drawing.dll,448512,C4B2E872,113
0,0,CM3D2OHx64_Data\Managed\System.EnterpriseServices.dll,46592,1B56067D,113
0,0,CM3D2OHx64_Data\Managed\System.Security.dll,135168,A9F5B9F1,113
0,0,CM3D2OHx64_Data\Managed\System.Transactions.dll,27648,DE82E2C6,113
0,0,CM3D2OHx64_Data\Managed\System.Windows.Forms.dll,3053568,56394001,113
0,0,CM3D2OHx64_Data\Managed\System.Xml.dll,1270272,BCE39995,113
0,0,CM3D2OHx64_Data\Managed\System.Xml.Linq.dll,106496,1062D683,113
0,0,CM3D2OHx64_Data\Managed\UnityEngine.dll,614912,9B33F0CD,113
0,0,CM3D2OHx64_Data\Managed\UnityEngine.UI.dll,176128,078A6C17,113
0,0,CM3D2OHx64_Data\Managed\UnityScript.Lang.dll,14336,FAB8DDA9,113
0,0,CM3D2OHx64_Data\Mono\mono.dll,2601984,5E0870C0,113
0,0,CM3D2OHx64_Data\Mono\etc\mono\browscap.ini,311984,CE6C0AB3,113
0,0,CM3D2OHx64_Data\Mono\etc\mono\config,1691,A635914A,113
0,0,CM3D2OHx64_Data\Mono\etc\mono\1.0\DefaultWsdlHelpGenerator.aspx,58196,10E814BF,113
0,0,CM3D2OHx64_Data\Mono\etc\mono\1.0\machine.config,17259,82F1AD8B,113
0,0,CM3D2OHx64_Data\Mono\etc\mono\2.0\DefaultWsdlHelpGenerator.aspx,60453,F3869A34,113
0,0,CM3D2OHx64_Data\Mono\etc\mono\2.0\machine.config,27626,4F6C3F79,113
0,0,CM3D2OHx64_Data\Mono\etc\mono\2.0\settings.map,2618,A1A3C29F,113
0,0,CM3D2OHx64_Data\Mono\etc\mono\2.0\web.config,11686,534A9960,113
0,0,CM3D2OHx64_Data\Mono\etc\mono\2.0\Browsers\Compat.browser,1605,2E178A0B,113
0,0,CM3D2OHx64_Data\Mono\etc\mono\mconfig\config.xml,25817,80B2033A,113
0,0,CM3D2OHx64_Data\Plugins\cm3d2_hole_x64.dll,339968,0D474C6D,113
0,0,CM3D2OHx64_Data\Plugins\cm3d2_x64.dll,1481216,0929FB15,113
0,0,CM3D2OHx64_Data\Plugins\device_hook.dll,87552,65F0207E,113
0,0,CM3D2OHx64_Data\Resources\unity default resources,1571709,31020360,113
0,0,CM3D2OHx64_Data\Resources\unity_builtin_extra,372672,3A678224,113
0,0,GameData\csv.arc,1450266,17398CD6,113
0,0,GameData\csv_cbl.arc,146048,5ADBA515,112
0,0,GameData\material2.arc,41309,8666D363,113
0,0,GameData\menu2.arc,166849,ADAE5A21,113
0,0,GameData\model2.arc,4019758,C5DB24B7,113
0,0,GameData\paths.dat,375,1EA5BDEF,113
0,0,GameData\prioritymaterial.arc,76436,EB476AFB,113
0,0,GameData\script_cbl.arc,1430569,705C0A9A,112
0,0,GameData\texture2.arc,748712227,393809F6,113
0,0,GameData\voice_cbl2.arc,9627083,76D43E7B,109
