0,0,COM3D2.exe,6682624,9EB5434A,2006
0,0,COM3D2x64.exe,22841856,A9562BF9,1020
0,0,COM3D2x64_Data\app.info,27,F9A266E7,1432
0,0,COM3D2x64_Data\globalgamemanagers,4421676,BBDA722F,1432
0,0,COM3D2x64_Data\globalgamemanagers.assets,242364,161C4187,1432
0,0,COM3D2x64_Data\level0,325508,B8812EBA,1432
0,0,COM3D2x64_Data\level1,348652,F47DDE4D,1432
0,0,COM3D2x64_Data\level10,352364,CECF56B8,1432
0,0,COM3D2x64_Data\level100,1030236,0A88DA43,1432
0,0,COM3D2x64_Data\level101,1693580,AD72D4AD,1432
0,0,COM3D2x64_Data\level102,1644652,2C63257E,1432
0,0,COM3D2x64_Data\level103,1113428,82854A77,1432
0,0,COM3D2x64_Data\level104,1057100,11465986,1432
0,0,COM3D2x64_Data\level105,1512556,B868B615,1432
0,0,COM3D2x64_Data\level106,1611484,97B719A9,1432
0,0,COM3D2x64_Data\level11,326020,4744A0DE,1432
0,0,COM3D2x64_Data\level12,393468,A25B047D,1432
0,0,COM3D2x64_Data\level13,329132,C35F6ECE,1432
0,0,COM3D2x64_Data\level14,825644,BFAD65E8,1432
0,0,COM3D2x64_Data\level15,7476,57006C6F,1432
0,0,COM3D2x64_Data\level16,327964,DFFB8AD5,1432
0,0,COM3D2x64_Data\level17,4664,955CAA7E,1432
0,0,COM3D2x64_Data\level18,344652,C2883F17,1432
0,0,COM3D2x64_Data\level19,334348,93DF8821,1432
0,0,COM3D2x64_Data\level2,343484,5A873228,1432
0,0,COM3D2x64_Data\level20,955492,D3A1CF52,1432
0,0,COM3D2x64_Data\level21,427172,86F02220,1432
0,0,COM3D2x64_Data\level22,1085132,7D1D5D2E,1432
0,0,COM3D2x64_Data\level23,410652,0E49AC99,1432
0,0,COM3D2x64_Data\level24,680988,0B6F71D0,1432
0,0,COM3D2x64_Data\level25,347988,807916A4,1432
0,0,COM3D2x64_Data\level26,2187804,ED0E70D4,1432
0,0,COM3D2x64_Data\level27,1115140,6BF73282,1432
0,0,COM3D2x64_Data\level28,347988,560E4E89,1432
0,0,COM3D2x64_Data\level29,1088412,0D6C5B8F,1432
0,0,COM3D2x64_Data\level3,1200804,3A94C140,1432
0,0,COM3D2x64_Data\level30,340612,08F704CD,1432
0,0,COM3D2x64_Data\level31,447700,7C9FF5E5,1432
0,0,COM3D2x64_Data\level32,27904,66FB0DE3,1432
0,0,COM3D2x64_Data\level32.resS,131232,851AC384,1432
0,0,COM3D2x64_Data\level33,51676,C376C4FE,1432
0,0,COM3D2x64_Data\level34,56036,4F045DFC,1432
0,0,COM3D2x64_Data\level35,6832,7A8FEDA3,1432
0,0,COM3D2x64_Data\level36,326412,1CB64D26,1432
0,0,COM3D2x64_Data\level37,1576460,1C9E69E2,1432
0,0,COM3D2x64_Data\level38,1433092,ED63C39E,1432
0,0,COM3D2x64_Data\level39,1454692,8E1989B4,1432
0,0,COM3D2x64_Data\level4,1212956,754DCF44,1432
0,0,COM3D2x64_Data\level40,444068,952E2682,1432
0,0,COM3D2x64_Data\level41,395436,B1F944B4,1432
0,0,COM3D2x64_Data\level42,426596,DB5FB386,1432
0,0,COM3D2x64_Data\level43,1349924,7ED45BE8,1432
0,0,COM3D2x64_Data\level44,1414380,C49308D9,1432
0,0,COM3D2x64_Data\level45,1539804,2F8D28BA,1432
0,0,COM3D2x64_Data\level46,414036,F9769D5E,1432
0,0,COM3D2x64_Data\level47,381132,81BEE19F,1432
0,0,COM3D2x64_Data\level48,439500,B164625D,1432
0,0,COM3D2x64_Data\level49,396724,387D8210,1432
0,0,COM3D2x64_Data\level5,1284076,8F203740,1432
0,0,COM3D2x64_Data\level50,1374828,58356AF2,1432
0,0,COM3D2x64_Data\level51,381284,502CA105,1432
0,0,COM3D2x64_Data\level52,659484,76C3F812,1432
0,0,COM3D2x64_Data\level53,537868,10202418,1432
0,0,COM3D2x64_Data\level54,349900,AB40C143,1432
0,0,COM3D2x64_Data\level55,1276788,21B53348,1432
0,0,COM3D2x64_Data\level56,1027412,08EE7B8B,1432
0,0,COM3D2x64_Data\level57,1034652,46D62CB7,1432
0,0,COM3D2x64_Data\level58,1276788,F11F7826,1432
0,0,COM3D2x64_Data\level59,1157348,9F268CAC,1432
0,0,COM3D2x64_Data\level6,327004,370E68CA,1432
0,0,COM3D2x64_Data\level60,945964,105AB0AC,1432
0,0,COM3D2x64_Data\level61,1232356,25D2FC79,1432
0,0,COM3D2x64_Data\level62,1333372,30F3CF1D,1432
0,0,COM3D2x64_Data\level63,681380,268D3253,1432
0,0,COM3D2x64_Data\level64,918180,8A94553B,1432
0,0,COM3D2x64_Data\level65,401316,0F893CE3,1432
0,0,COM3D2x64_Data\level66,397684,961E7CE6,1432
0,0,COM3D2x64_Data\level67,441396,D513F9EC,1432
0,0,COM3D2x64_Data\level68,463524,6A94BF4D,1432
0,0,COM3D2x64_Data\level69,391924,3A14A4C4,1432
0,0,COM3D2x64_Data\level7,1057044,F3B9B3BF,1432
0,0,COM3D2x64_Data\level70,451884,3727E8EC,1432
0,0,COM3D2x64_Data\level71,1040324,E72F48F1,1432
0,0,COM3D2x64_Data\level72,964724,7198604C,1432
0,0,COM3D2x64_Data\level73,444604,978DCADA,1432
0,0,COM3D2x64_Data\level74,466748,A5640391,1432
0,0,COM3D2x64_Data\level75,457332,FFEBE8BC,1432
0,0,COM3D2x64_Data\level76,1044732,AA7EDFE9,1432
0,0,COM3D2x64_Data\level77,1005004,030FDF86,1432
0,0,COM3D2x64_Data\level78,450380,273FF72D,1432
0,0,COM3D2x64_Data\level79,434900,D060D7E4,1432
0,0,COM3D2x64_Data\level8,357876,65EFABE7,1432
0,0,COM3D2x64_Data\level80,416572,52EDD5D6,1432
0,0,COM3D2x64_Data\level81,359636,136E8054,1432
0,0,COM3D2x64_Data\level82,1384124,C49DBB5B,1432
0,0,COM3D2x64_Data\level83,1324876,51A8B866,1432
0,0,COM3D2x64_Data\level84,503396,555BF962,1432
0,0,COM3D2x64_Data\level85,405524,C3A422D6,1432
0,0,COM3D2x64_Data\level86,1252892,12721A82,1432
0,0,COM3D2x64_Data\level87,970724,3C71BDCC,1432
0,0,COM3D2x64_Data\level88,1429196,E2354057,1432
0,0,COM3D2x64_Data\level89,1370348,B4FE2E88,1432
0,0,COM3D2x64_Data\level9,417164,09AD7252,1432
0,0,COM3D2x64_Data\level90,1576468,F0BC3073,1432
0,0,COM3D2x64_Data\level91,1539812,873AAD18,1432
0,0,COM3D2x64_Data\level92,1371500,0488472A,1432
0,0,COM3D2x64_Data\level93,1337444,713B0B61,1432
0,0,COM3D2x64_Data\level94,418132,83EF7B41,1432
0,0,COM3D2x64_Data\level95,406748,5C1EEF4B,1432
0,0,COM3D2x64_Data\level96,1050604,6ACB214E,1432
0,0,COM3D2x64_Data\level97,851892,4D20A5B4,1432
0,0,COM3D2x64_Data\level98,958660,4FD84B76,1432
0,0,COM3D2x64_Data\level99,852852,E96836C0,1432
0,0,COM3D2x64_Data\resources.assets,410356464,4F7C0E3C,1432
0,0,COM3D2x64_Data\resources.assets.resS,1768719924,B41C7BF3,1432
0,0,COM3D2x64_Data\resources.resource,727392,54F90BDA,1432
0,0,COM3D2x64_Data\sharedassets0.assets,115226516,50DF9249,1432
0,0,COM3D2x64_Data\sharedassets0.assets.resS,28071636,A1AB9432,1432
0,0,COM3D2x64_Data\sharedassets1.assets,6256,A29CD601,1432
0,0,COM3D2x64_Data\sharedassets10.assets,6112,85C17CF2,1432
0,0,COM3D2x64_Data\sharedassets100.assets,353884,D4813BA4,1432
0,0,COM3D2x64_Data\sharedassets100.assets.resS,2272048,E50143CB,1432
0,0,COM3D2x64_Data\sharedassets100.resource,6236800,C7E9CFDE,1432
0,0,COM3D2x64_Data\sharedassets101.assets,6568304,F282B3CE,1432
0,0,COM3D2x64_Data\sharedassets101.assets.resS,10936,3B0D7ADF,1432
0,0,COM3D2x64_Data\sharedassets101.resource,1136352,956B5452,1432
0,0,COM3D2x64_Data\sharedassets102.assets,10252,BDBE87E2,1432
0,0,COM3D2x64_Data\sharedassets103.assets,12796,358B173D,1432
0,0,COM3D2x64_Data\sharedassets104.assets,9592,123B8CEB,1432
0,0,COM3D2x64_Data\sharedassets105.assets,9716,DEC665C1,1432
0,0,COM3D2x64_Data\sharedassets105.resource,1003968,52A085C2,1432
0,0,COM3D2x64_Data\sharedassets106.assets,12916,1BC9916E,1432
0,0,COM3D2x64_Data\sharedassets11.assets,6088,24381913,1432
0,0,COM3D2x64_Data\sharedassets12.assets,6328,D84B51B8,1432
0,0,COM3D2x64_Data\sharedassets13.assets,6232,4A5E13A6,1432
0,0,COM3D2x64_Data\sharedassets14.assets,6688,705886DA,1432
0,0,COM3D2x64_Data\sharedassets15.assets,4564,370F3B53,1432
0,0,COM3D2x64_Data\sharedassets16.assets,6148,08E0D599,1432
0,0,COM3D2x64_Data\sharedassets17.assets,4132,D2E295A5,1432
0,0,COM3D2x64_Data\sharedassets18.assets,6868,BAB1B993,1432
0,0,COM3D2x64_Data\sharedassets19.assets,6232,794B9719,1432
0,0,COM3D2x64_Data\sharedassets2.assets,6292,204D240D,1432
0,0,COM3D2x64_Data\sharedassets20.assets,30936236,18C6A83E,1432
0,0,COM3D2x64_Data\sharedassets21.assets,6292,B4DBD7E2,1432
0,0,COM3D2x64_Data\sharedassets22.assets,48052092,B53B4224,1432
0,0,COM3D2x64_Data\sharedassets23.assets,6316,135A7842,1432
0,0,COM3D2x64_Data\sharedassets24.assets,6376,010B1D3C,1432
0,0,COM3D2x64_Data\sharedassets25.assets,6184,57F33083,1432
0,0,COM3D2x64_Data\sharedassets26.assets,7096,DFADA12F,1432
0,0,COM3D2x64_Data\sharedassets27.assets,39516308,BBD04A90,1432
0,0,COM3D2x64_Data\sharedassets28.assets,6184,7749AAB3,1432
0,0,COM3D2x64_Data\sharedassets29.assets,12664,6BF4852D,1432
0,0,COM3D2x64_Data\sharedassets3.assets,7972,C91AAECB,1432
0,0,COM3D2x64_Data\sharedassets30.assets,6112,F43AB789,1432
0,0,COM3D2x64_Data\sharedassets31.assets,18126856,03D1633C,1432
0,0,COM3D2x64_Data\sharedassets32.assets,12328,714D0776,1432
0,0,COM3D2x64_Data\sharedassets33.assets,4420,95993808,1432
0,0,COM3D2x64_Data\sharedassets34.assets,4324,4A5E1FBE,1432
0,0,COM3D2x64_Data\sharedassets35.assets,4264,5411C8B2,1432
0,0,COM3D2x64_Data\sharedassets36.assets,6124,12A36333,1432
0,0,COM3D2x64_Data\sharedassets37.assets,145550532,5C7B73E1,1432
0,0,COM3D2x64_Data\sharedassets38.assets,135254532,7BD727A1,1432
0,0,COM3D2x64_Data\sharedassets39.assets,127532532,CA5EAAF2,1432
0,0,COM3D2x64_Data\sharedassets4.assets,12916,437C48E4,1432
0,0,COM3D2x64_Data\sharedassets40.assets,7228,2F7DB8F8,1432
0,0,COM3D2x64_Data\sharedassets41.assets,6976,F2081630,1432
0,0,COM3D2x64_Data\sharedassets42.assets,7252,A483B21E,1432
0,0,COM3D2x64_Data\sharedassets43.assets,9388,FEE88765,1432
0,0,COM3D2x64_Data\sharedassets44.assets,9496,C1AA893D,1432
0,0,COM3D2x64_Data\sharedassets45.assets,9484,E8F39B6F,1432
0,0,COM3D2x64_Data\sharedassets46.assets,8524,101CE249,1432
0,0,COM3D2x64_Data\sharedassets47.assets,6592,D9D9DD5F,1432
0,0,COM3D2x64_Data\sharedassets48.assets,8332,8460BE1E,1432
0,0,COM3D2x64_Data\sharedassets49.assets,792692,080983B1,1432
0,0,COM3D2x64_Data\sharedassets49.assets.resS,6506584,427886ED,1432
0,0,COM3D2x64_Data\sharedassets5.assets,7144,41116840,1432
0,0,COM3D2x64_Data\sharedassets50.assets,141689532,D21D358A,1432
0,0,COM3D2x64_Data\sharedassets51.assets,6580,4049E078,1432
0,0,COM3D2x64_Data\sharedassets52.assets,6748,B850AD1A,1432
0,0,COM3D2x64_Data\sharedassets53.assets,6520,F8E276C3,1432
0,0,COM3D2x64_Data\sharedassets54.assets,6124,64DD0314,1432
0,0,COM3D2x64_Data\sharedassets55.assets,128819620,4D737896,1432
0,0,COM3D2x64_Data\sharedassets56.assets,9256,5BD5F24F,1432
0,0,COM3D2x64_Data\sharedassets57.assets,9280,AC1E2801,1432
0,0,COM3D2x64_Data\sharedassets58.assets,12712,69913257,1432
0,0,COM3D2x64_Data\sharedassets59.assets,9484,C0754A6A,1432
0,0,COM3D2x64_Data\sharedassets6.assets,6136,EA768DED,1432
0,0,COM3D2x64_Data\sharedassets60.assets,9292,D6F62CC3,1432
0,0,COM3D2x64_Data\sharedassets61.assets,9460,EA57531B,1432
0,0,COM3D2x64_Data\sharedassets62.assets,9496,EA4E1A18,1432
0,0,COM3D2x64_Data\sharedassets63.assets,6652,5A83C76A,1432
0,0,COM3D2x64_Data\sharedassets64.assets,9460,30E59AD2,1432
0,0,COM3D2x64_Data\sharedassets65.assets,42236540,78BA96C9,1432
0,0,COM3D2x64_Data\sharedassets65.assets.resS,87400,8BA6C322,1432
0,0,COM3D2x64_Data\sharedassets66.assets,38246508,2A0BBD95,1432
0,0,COM3D2x64_Data\sharedassets67.assets,32874604,BC1F97A9,1432
0,0,COM3D2x64_Data\sharedassets68.assets,36735684,FF5407E5,1432
0,0,COM3D2x64_Data\sharedassets68.assets.resS,174776,5B619AF1,1432
0,0,COM3D2x64_Data\sharedassets69.assets,41277360,D2EC23D8,1432
0,0,COM3D2x64_Data\sharedassets7.assets,6976,34AD1A29,1432
0,0,COM3D2x64_Data\sharedassets70.assets,39399112,E078B812,1432
0,0,COM3D2x64_Data\sharedassets71.assets,3017148,1F0CCF71,1432
0,0,COM3D2x64_Data\sharedassets71.assets.resS,611728,7BFBEAAE,1432
0,0,COM3D2x64_Data\sharedassets72.assets,9508,B9FEE49B,1432
0,0,COM3D2x64_Data\sharedassets73.assets,6508,31C66469,1432
0,0,COM3D2x64_Data\sharedassets74.assets,6508,31C66469,1432
0,0,COM3D2x64_Data\sharedassets75.assets,6508,31C66469,1432
0,0,COM3D2x64_Data\sharedassets76.assets,12604,733BA53F,1432
0,0,COM3D2x64_Data\sharedassets77.assets,9460,D8092AA0,1432
0,0,COM3D2x64_Data\sharedassets78.assets,6472,68374CB1,1432
0,0,COM3D2x64_Data\sharedassets79.assets,59364,793279D4,1432
0,0,COM3D2x64_Data\sharedassets79.assets.resS,174776,B51EE5DC,1432
0,0,COM3D2x64_Data\sharedassets8.assets,6136,8537FD47,1432
0,0,COM3D2x64_Data\sharedassets80.assets,6484,1B673D0C,1432
0,0,COM3D2x64_Data\sharedassets81.assets,6736,54A0EEBB,1432
0,0,COM3D2x64_Data\sharedassets82.assets,759664,9C0EC6B4,1432
0,0,COM3D2x64_Data\sharedassets82.assets.resS,1310880,58801C35,1432
0,0,COM3D2x64_Data\sharedassets82.resource,1178176,90268BF4,1432
0,0,COM3D2x64_Data\sharedassets83.assets,9316,6DB277D6,1432
0,0,COM3D2x64_Data\sharedassets84.assets,52838324,9D48B6D8,1432
0,0,COM3D2x64_Data\sharedassets84.assets.resS,6226112,B3E98769,1432
0,0,COM3D2x64_Data\sharedassets85.assets,6580,9E863C0B,1432
0,0,COM3D2x64_Data\sharedassets86.assets,13852,5272F4A6,1432
0,0,COM3D2x64_Data\sharedassets87.assets,9448,0C6A69E5,1432
0,0,COM3D2x64_Data\sharedassets88.assets,12616,CB093896,1432
0,0,COM3D2x64_Data\sharedassets89.assets,9436,1A125B92,1432
0,0,COM3D2x64_Data\sharedassets9.assets,7096,98646C92,1432
0,0,COM3D2x64_Data\sharedassets90.assets,12628,CECFD44C,1432
0,0,COM3D2x64_Data\sharedassets91.assets,9484,E8F39B6F,1432
0,0,COM3D2x64_Data\sharedassets92.assets,12616,CB093896,1432
0,0,COM3D2x64_Data\sharedassets93.assets,10384,453D2C52,1432
0,0,COM3D2x64_Data\sharedassets94.assets,6868,91B2F19C,1432
0,0,COM3D2x64_Data\sharedassets95.assets,6436,60B87A04,1432
0,0,COM3D2x64_Data\sharedassets96.assets,11692,66C66CDB,1432
0,0,COM3D2x64_Data\sharedassets96.resource,2729184,2D4064D6,1432
0,0,COM3D2x64_Data\sharedassets97.assets,11560,1CD512F0,1432
0,0,COM3D2x64_Data\sharedassets98.assets,8296,A0EF730C,1432
0,0,COM3D2x64_Data\sharedassets99.assets,7612,4CA57E13,1432
0,0,COM3D2x64_Data\Managed\Accessibility.dll,10752,5CB31E4E,1432
0,0,COM3D2x64_Data\Managed\Assembly-CSharp-firstpass.dll,785920,C0E8E1AB,1432
0,0,COM3D2x64_Data\Managed\Assembly-CSharp.dll,5370880,4403FB7A,1432
0,0,COM3D2x64_Data\Managed\Assembly-UnityScript-firstpass.dll,65024,AED4D1A0,1432
0,0,COM3D2x64_Data\Managed\Boo.Lang.dll,126976,28383F70,1432
0,0,COM3D2x64_Data\Managed\BouncyCastle.Crypto.dll,2236416,5A4C4F07,1432
0,0,COM3D2x64_Data\Managed\FoveUnityPlugin.dll,28672,A6EA882B,1432
0,0,COM3D2x64_Data\Managed\ICSharpCode.SharpZipLib.dll,200704,D3160A1C,1432
0,0,COM3D2x64_Data\Managed\Ionic.Zlib.dll,102400,7C9E7DD2,1432
0,0,COM3D2x64_Data\Managed\JsonFx.Json.dll,70144,A0F0CFCB,1432
0,0,COM3D2x64_Data\Managed\LeapCSharp.NET3.5.dll,82432,38E38212,1432
0,0,COM3D2x64_Data\Managed\Mono.Data.Tds.dll,96256,2965324B,1432
0,0,COM3D2x64_Data\Managed\Mono.Posix.dll,184320,0CE35BE3,1432
0,0,COM3D2x64_Data\Managed\Mono.Security.dll,294912,66EB9979,1432
0,0,COM3D2x64_Data\Managed\Mono.WebBrowser.dll,172032,137B736F,1432
0,0,COM3D2x64_Data\Managed\mscorlib.dll,2590208,5166389B,1432
0,0,COM3D2x64_Data\Managed\Newtonsoft.Json.dll,494592,5C881B73,1432
0,0,COM3D2x64_Data\Managed\System.Configuration.dll,124928,72952344,1432
0,0,COM3D2x64_Data\Managed\System.Core.dll,297472,9E3EE5D7,1432
0,0,COM3D2x64_Data\Managed\System.Data.dll,856064,DDDB80CD,1432
0,0,COM3D2x64_Data\Managed\System.dll,1679360,13922617,1432
0,0,COM3D2x64_Data\Managed\System.Drawing.Design.dll,29696,E7B53FF9,1432
0,0,COM3D2x64_Data\Managed\System.Drawing.dll,448512,C4B2E872,1432
0,0,COM3D2x64_Data\Managed\System.EnterpriseServices.dll,46592,2C72A9FE,1432
0,0,COM3D2x64_Data\Managed\System.Security.dll,135168,1CE94C57,1432
0,0,COM3D2x64_Data\Managed\System.Transactions.dll,27648,45299FCF,1432
0,0,COM3D2x64_Data\Managed\System.Windows.Forms.dll,3053568,56394001,1432
0,0,COM3D2x64_Data\Managed\System.Xml.dll,1270272,4581A35B,1432
0,0,COM3D2x64_Data\Managed\System.Xml.Linq.dll,106496,E844371C,1432
0,0,COM3D2x64_Data\Managed\UnityEngine.dll,1393152,2C35388C,1432
0,0,COM3D2x64_Data\Managed\UnityEngine.dll.mdb,449828,8610375E,1432
0,0,COM3D2x64_Data\Managed\UnityEngine.Networking.dll,253952,2BDF701F,1432
0,0,COM3D2x64_Data\Managed\UnityEngine.UI.dll,245760,FA552B2D,1432
0,0,COM3D2x64_Data\Managed\UnityEngine.VR.dll,3072,A4582CD6,1432
0,0,COM3D2x64_Data\Managed\UnityScript.Lang.dll,13824,0DA8F681,1432
0,0,COM3D2x64_Data\Managed\Win32.dll,13312,7781C2A2,1432
0,0,COM3D2x64_Data\Managed\zxing.unity.dll,430592,9FD1F198,1432
0,0,COM3D2x64_Data\Mono\mono.dll,2618816,0BEA8C0F,1432
0,0,COM3D2x64_Data\Mono\MonoPosixHelper.dll,113664,9B5E1E4D,1432
0,0,COM3D2x64_Data\Mono\etc\mono\browscap.ini,311984,CE6C0AB3,1432
0,0,COM3D2x64_Data\Mono\etc\mono\config,1691,A635914A,1432
0,0,COM3D2x64_Data\Mono\etc\mono\1.0\DefaultWsdlHelpGenerator.aspx,58196,10E814BF,1432
0,0,COM3D2x64_Data\Mono\etc\mono\1.0\machine.config,17258,EDE1AC59,1432
0,0,COM3D2x64_Data\Mono\etc\mono\2.0\DefaultWsdlHelpGenerator.aspx,60453,F3869A34,1432
0,0,COM3D2x64_Data\Mono\etc\mono\2.0\machine.config,27625,73C91C24,1432
0,0,COM3D2x64_Data\Mono\etc\mono\2.0\settings.map,2618,A1A3C29F,1432
0,0,COM3D2x64_Data\Mono\etc\mono\2.0\web.config,11686,534A9960,1432
0,0,COM3D2x64_Data\Mono\etc\mono\2.0\Browsers\Compat.browser,1605,2E178A0B,1432
0,0,COM3D2x64_Data\Mono\etc\mono\mconfig\config.xml,25817,80B2033A,1432
0,0,COM3D2x64_Data\Plugins\assimp.dll,4388864,7C910D84,1432
0,0,COM3D2x64_Data\Plugins\Audio360.dll,1499136,2D77400A,1432
0,0,COM3D2x64_Data\Plugins\AVProVideo.dll,891392,A3612D4B,1432
0,0,COM3D2x64_Data\Plugins\clothpp.dll,112128,7C3264A4,1432
0,0,COM3D2x64_Data\Plugins\cm3d2.dll,2088448,554FCBFF,1432
0,0,COM3D2x64_Data\Plugins\device_hook.dll,738816,F61E7CED,1432
0,0,COM3D2x64_Data\Plugins\FoveClient.dll,1849384,58C8B4F6,1432
0,0,COM3D2x64_Data\Plugins\LeapC.dll,2516992,FBDD3767,1432
0,0,COM3D2x64_Data\Plugins\openvr_api.dll,318272,44432E0F,1432
0,0,COM3D2x64_Data\Plugins\OVRGamepad.dll,12800,2C526135,1432
0,0,COM3D2x64_Data\Plugins\OVRLipSync.dll,2512296,391C1F4C,1432
0,0,COM3D2x64_Data\Plugins\OVRPlugin.dll,1898408,5DD05B6C,1432
0,0,COM3D2x64_Data\Plugins\Win32-WebView.dll,504832,382AEE66,1432
0,0,COM3D2x64_Data\Resources\unity default resources,752360,71DB1AEA,1432
0,0,COM3D2x64_Data\Resources\unity_builtin_extra,284012,91145F7F,1432
0,0,GameData\csv.arc,6818381,77A056BD,1437
0,0,GameData\language.arc,406282,F30CB175,1437
0,0,GameData\motion2.arc,182206657,A1DA2B66,1430
0,0,GameData\parts2.arc,151768372,3AF4756B,1370
0,0,GameData\paths.dat,7492,CC33C635,1437
0,0,GameData\prioritymaterial.arc,379060,EF1E25D4,1437
0,0,GameData\script.arc,3695316,10F75DF0,1437
0,0,GameData\sound2.arc,4094217,BA4C4711,1430
0,0,GameData\system2.arc,14628459,035A5837,1420
