0,0,COM3D2.exe,6385664,4A099346,2001
0,0,COM3D2x64.exe,22841856,A9562BF9,1020
0,0,COM3D2x64_Data\app.info,27,F9A266E7,1020
0,0,COM3D2x64_Data\globalgamemanagers,3842172,21EA0BD2,1020
0,0,COM3D2x64_Data\globalgamemanagers.assets,202828,20E49892,1020
0,0,COM3D2x64_Data\level0,180764,4FA2D0E4,1020
0,0,COM3D2x64_Data\level1,197428,5849FFB1,1020
0,0,COM3D2x64_Data\level10,205740,E58E8763,1020
0,0,COM3D2x64_Data\level11,181292,C33AEA18,1020
0,0,COM3D2x64_Data\level12,245996,E05506E9,1020
0,0,COM3D2x64_Data\level13,181756,F355B86E,1020
0,0,COM3D2x64_Data\level14,627156,75C4B3DC,1020
0,0,COM3D2x64_Data\level15,6948,4B142A6A,1020
0,0,COM3D2x64_Data\level16,183220,07D2CC57,1020
0,0,COM3D2x64_Data\level17,4664,A9F4C0E2,1020
0,0,COM3D2x64_Data\level18,199908,34C9664D,1020
0,0,COM3D2x64_Data\level19,188148,188CD879,1020
0,0,COM3D2x64_Data\level2,198788,76E12AD5,1020
0,0,COM3D2x64_Data\level20,798156,A9B04485,1020
0,0,COM3D2x64_Data\level21,259876,7839C321,1020
0,0,COM3D2x64_Data\level22,927796,F1904491,1020
0,0,COM3D2x64_Data\level23,260588,0EFC0798,1020
0,0,COM3D2x64_Data\level24,457260,17425899,1020
0,0,COM3D2x64_Data\level25,203260,B903925C,1020
0,0,COM3D2x64_Data\level26,643548,91F668ED,1020
0,0,COM3D2x64_Data\level27,1700948,CFBB922C,1020
0,0,COM3D2x64_Data\level28,957820,492FDF6F,1020
0,0,COM3D2x64_Data\level29,203260,DB581FD9,1020
0,0,COM3D2x64_Data\level3,976684,109E36D8,1020
0,0,COM3D2x64_Data\level30,586892,8474E74B,1020
0,0,COM3D2x64_Data\level31,833732,F5A5B987,1020
0,0,COM3D2x64_Data\level32,931116,14C66AAF,1020
0,0,COM3D2x64_Data\level33,195884,BFF3667D,1020
0,0,COM3D2x64_Data\level34,543604,788C9456,1020
0,0,COM3D2x64_Data\level35,805156,FFAF032C,1020
0,0,COM3D2x64_Data\level36,537220,F984D9C7,1020
0,0,COM3D2x64_Data\level37,685076,F08E75E6,1020
0,0,COM3D2x64_Data\level38,302916,2C9451AE,1020
0,0,COM3D2x64_Data\level39,27904,AEE5420E,1020
0,0,COM3D2x64_Data\level39.resS,131232,740D6D28,1020
0,0,COM3D2x64_Data\level4,1055660,3BD3C174,1020
0,0,COM3D2x64_Data\level40,51676,6D9D549F,1020
0,0,COM3D2x64_Data\level41,56036,546AD7AE,1020
0,0,COM3D2x64_Data\level42,6656,E48A0BF9,1020
0,0,COM3D2x64_Data\level43,181660,F28E7BDE,1020
0,0,COM3D2x64_Data\level44,1419116,0A203A61,1020
0,0,COM3D2x64_Data\level45,1275748,4D6B830B,1020
0,0,COM3D2x64_Data\level46,1297348,F25DB5B4,1020
0,0,COM3D2x64_Data\level47,276372,4B4825AC,1020
0,0,COM3D2x64_Data\level48,239444,8031DF65,1020
0,0,COM3D2x64_Data\level49,265740,9914BFB7,1020
0,0,COM3D2x64_Data\level5,1008404,5F0FE3B8,1020
0,0,COM3D2x64_Data\level50,1192580,11DA5139,1020
0,0,COM3D2x64_Data\level51,1257052,545C8A2C,1020
0,0,COM3D2x64_Data\level52,1382460,C044042F,1020
0,0,COM3D2x64_Data\level53,269292,297BFA4E,1020
0,0,COM3D2x64_Data\level54,232204,BD624FB7,1020
0,0,COM3D2x64_Data\level55,292340,9CEF9DAC,1020
0,0,COM3D2x64_Data\level56,250380,DAF4549A,1020
0,0,COM3D2x64_Data\level57,1217500,D9E65A80,1020
0,0,COM3D2x64_Data\level58,234124,A6D8D617,1020
0,0,COM3D2x64_Data\level59,481164,013E95E1,1020
0,0,COM3D2x64_Data\level6,181748,CD96C9C1,1020
0,0,COM3D2x64_Data\level60,361556,C6A2EBF5,1020
0,0,COM3D2x64_Data\level61,203572,EE4831C7,1020
0,0,COM3D2x64_Data\level62,1119444,D7BD3BD3,1020
0,0,COM3D2x64_Data\level63,870076,106F4AD4,1020
0,0,COM3D2x64_Data\level64,877364,81700D65,1020
0,0,COM3D2x64_Data\level65,1119444,2C394A39,1020
0,0,COM3D2x64_Data\level66,1000060,6E48C6E2,1020
0,0,COM3D2x64_Data\level67,788628,D16A36D3,1020
0,0,COM3D2x64_Data\level68,1075012,37C6FF21,1020
0,0,COM3D2x64_Data\level69,1176028,2C95BDC5,1020
0,0,COM3D2x64_Data\level7,737068,AF4329C2,1020
0,0,COM3D2x64_Data\level70,536636,12603BBB,1020
0,0,COM3D2x64_Data\level71,760852,DE3B3ABD,1020
0,0,COM3D2x64_Data\level72,256540,88A6860C,1020
0,0,COM3D2x64_Data\level73,252908,1FABD7AF,1020
0,0,COM3D2x64_Data\level74,296612,8AF38992,1020
0,0,COM3D2x64_Data\level75,318748,E015F4CC,1020
0,0,COM3D2x64_Data\level76,247140,0DDB68F4,1020
0,0,COM3D2x64_Data\level77,307100,EC76E759,1020
0,0,COM3D2x64_Data\level8,211724,6C10C8C6,1020
0,0,COM3D2x64_Data\level9,269340,BD4F1B74,1020
0,0,COM3D2x64_Data\resources.assets,374833192,3A575838,1020
0,0,COM3D2x64_Data\resources.assets.resS,1606202616,79CEDB53,1020
0,0,COM3D2x64_Data\resources.resource,692096,84F04AA0,1020
0,0,COM3D2x64_Data\sharedassets0.assets,115224616,F61A65FF,1020
0,0,COM3D2x64_Data\sharedassets0.assets.resS,121728032,D7EB5908,1020
0,0,COM3D2x64_Data\sharedassets1.assets,6136,A01DDC00,1020
0,0,COM3D2x64_Data\sharedassets10.assets,6004,E09CDE67,1020
0,0,COM3D2x64_Data\sharedassets11.assets,5980,CC7AC3B3,1020
0,0,COM3D2x64_Data\sharedassets12.assets,6220,48E559B6,1020
0,0,COM3D2x64_Data\sharedassets13.assets,6004,DBC02F02,1020
0,0,COM3D2x64_Data\sharedassets14.assets,6604,C3F4122D,1020
0,0,COM3D2x64_Data\sharedassets15.assets,4540,A9430B3C,1020
0,0,COM3D2x64_Data\sharedassets16.assets,6040,83EC8BCC,1020
0,0,COM3D2x64_Data\sharedassets17.assets,4132,B61816BE,1020
0,0,COM3D2x64_Data\sharedassets18.assets,6760,B73BF4DE,1020
0,0,COM3D2x64_Data\sharedassets19.assets,6112,DC4B99F3,1020
0,0,COM3D2x64_Data\sharedassets2.assets,6196,7C70549C,1020
0,0,COM3D2x64_Data\sharedassets20.assets,12232,D6D0BFAE,1020
0,0,COM3D2x64_Data\sharedassets21.assets,6184,E98AB03A,1020
0,0,COM3D2x64_Data\sharedassets22.assets,12460,2C3F126B,1020
0,0,COM3D2x64_Data\sharedassets23.assets,6220,F2C57928,1020
0,0,COM3D2x64_Data\sharedassets24.assets,6340,9E9699BB,1020
0,0,COM3D2x64_Data\sharedassets25.assets,6076,FD79813B,1020
0,0,COM3D2x64_Data\sharedassets26.assets,215068,CF61183C,1020
0,0,COM3D2x64_Data\sharedassets27.assets,6928,A354B257,1020
0,0,COM3D2x64_Data\sharedassets28.assets,12436,9AC272D6,1020
0,0,COM3D2x64_Data\sharedassets29.assets,6076,E2BAF562,1020
0,0,COM3D2x64_Data\sharedassets3.assets,7780,7B4CBFFB,1020
0,0,COM3D2x64_Data\sharedassets30.assets,1320732,11415527,1020
0,0,COM3D2x64_Data\sharedassets31.assets,8500,EE1623B6,1020
0,0,COM3D2x64_Data\sharedassets32.assets,12436,9AC272D6,1020
0,0,COM3D2x64_Data\sharedassets33.assets,6004,72652DCF,1020
0,0,COM3D2x64_Data\sharedassets34.assets,38183308,06017FEB,1020
0,0,COM3D2x64_Data\sharedassets35.assets,7792,A330653E,1020
0,0,COM3D2x64_Data\sharedassets36.assets,13346004,1850D9C1,1020
0,0,COM3D2x64_Data\sharedassets37.assets,6220,A54E6677,1020
0,0,COM3D2x64_Data\sharedassets38.assets,18126752,F648DD88,1020
0,0,COM3D2x64_Data\sharedassets39.assets,12328,A1348CF1,1020
0,0,COM3D2x64_Data\sharedassets4.assets,12688,81B1D6A9,1020
0,0,COM3D2x64_Data\sharedassets40.assets,4420,1CB41B21,1020
0,0,COM3D2x64_Data\sharedassets41.assets,4324,98DEFBEE,1020
0,0,COM3D2x64_Data\sharedassets42.assets,4264,4DCA5127,1020
0,0,COM3D2x64_Data\sharedassets43.assets,6016,CF1D2ABD,1020
0,0,COM3D2x64_Data\sharedassets44.assets,12232,5AF8E75F,1020
0,0,COM3D2x64_Data\sharedassets45.assets,12232,4FBF9A01,1020
0,0,COM3D2x64_Data\sharedassets46.assets,12232,ADD86AF1,1020
0,0,COM3D2x64_Data\sharedassets47.assets,7084,3D95B6D6,1020
0,0,COM3D2x64_Data\sharedassets48.assets,6844,A73C6287,1020
0,0,COM3D2x64_Data\sharedassets49.assets,7096,CF71F83A,1020
0,0,COM3D2x64_Data\sharedassets5.assets,7024,49F6B335,1020
0,0,COM3D2x64_Data\sharedassets50.assets,9124,7DBFC5ED,1020
0,0,COM3D2x64_Data\sharedassets51.assets,9232,61854CFB,1020
0,0,COM3D2x64_Data\sharedassets52.assets,9220,D210F246,1020
0,0,COM3D2x64_Data\sharedassets53.assets,8320,BD83FA2A,1020
0,0,COM3D2x64_Data\sharedassets54.assets,6472,284F1E1B,1020
0,0,COM3D2x64_Data\sharedassets55.assets,8164,6D3944B1,1020
0,0,COM3D2x64_Data\sharedassets56.assets,792572,07FEECC1,1020
0,0,COM3D2x64_Data\sharedassets56.assets.resS,6506584,427886ED,1020
0,0,COM3D2x64_Data\sharedassets57.assets,12232,9ADFD3B1,1020
0,0,COM3D2x64_Data\sharedassets58.assets,6532,9979B05A,1020
0,0,COM3D2x64_Data\sharedassets59.assets,6640,D25170BC,1020
0,0,COM3D2x64_Data\sharedassets6.assets,6004,E32727FA,1020
0,0,COM3D2x64_Data\sharedassets60.assets,6508,D4DC1C8A,1020
0,0,COM3D2x64_Data\sharedassets61.assets,6004,8E2054B9,1020
0,0,COM3D2x64_Data\sharedassets62.assets,12316,6311848B,1020
0,0,COM3D2x64_Data\sharedassets63.assets,9016,87BAE896,1020
0,0,COM3D2x64_Data\sharedassets64.assets,9052,AE5105EE,1020
0,0,COM3D2x64_Data\sharedassets65.assets,12316,6311848B,1020
0,0,COM3D2x64_Data\sharedassets66.assets,9256,C2C52C1F,1020
0,0,COM3D2x64_Data\sharedassets67.assets,9052,AE5105EE,1020
0,0,COM3D2x64_Data\sharedassets68.assets,9196,03618880,1020
0,0,COM3D2x64_Data\sharedassets69.assets,9232,61854CFB,1020
0,0,COM3D2x64_Data\sharedassets7.assets,6808,7D765D46,1020
0,0,COM3D2x64_Data\sharedassets70.assets,6556,C6F5F4BD,1020
0,0,COM3D2x64_Data\sharedassets71.assets,9220,D210F246,1020
0,0,COM3D2x64_Data\sharedassets72.assets,42236436,FBC9659C,1020
0,0,COM3D2x64_Data\sharedassets72.assets.resS,87400,8BA6C322,1020
0,0,COM3D2x64_Data\sharedassets73.assets,38246404,B5FDA943,1020
0,0,COM3D2x64_Data\sharedassets74.assets,32874500,E43D4286,1020
0,0,COM3D2x64_Data\sharedassets75.assets,36735572,C7EEBC87,1020
0,0,COM3D2x64_Data\sharedassets75.assets.resS,174776,5B619AF1,1020
0,0,COM3D2x64_Data\sharedassets76.assets,41277256,6E27C13E,1020
0,0,COM3D2x64_Data\sharedassets77.assets,39399008,D2102167,1020
0,0,COM3D2x64_Data\sharedassets8.assets,6088,026CCC6A,1020
0,0,COM3D2x64_Data\sharedassets9.assets,6916,1CDC3AC2,1020
0,0,COM3D2x64_Data\Managed\Accessibility.dll,10752,5CB31E4E,1020
0,0,COM3D2x64_Data\Managed\Assembly-CSharp-firstpass.dll,784384,3C160D16,1020
0,0,COM3D2x64_Data\Managed\Assembly-CSharp.dll,4354048,D06E6C9C,1020
0,0,COM3D2x64_Data\Managed\Assembly-UnityScript-firstpass.dll,65024,B100F473,1020
0,0,COM3D2x64_Data\Managed\Boo.Lang.dll,126976,28383F70,1020
0,0,COM3D2x64_Data\Managed\BouncyCastle.Crypto.dll,2236416,5A4C4F07,1020
0,0,COM3D2x64_Data\Managed\FoveUnityPlugin.dll,28672,A6EA882B,1020
0,0,COM3D2x64_Data\Managed\Ionic.Zlib.dll,102400,7C9E7DD2,1020
0,0,COM3D2x64_Data\Managed\JsonFx.Json.dll,70144,A0F0CFCB,1020
0,0,COM3D2x64_Data\Managed\LeapCSharp.NET3.5.dll,82432,38E38212,1020
0,0,COM3D2x64_Data\Managed\Mono.Data.Tds.dll,96256,2965324B,1020
0,0,COM3D2x64_Data\Managed\Mono.Posix.dll,184320,0CE35BE3,1020
0,0,COM3D2x64_Data\Managed\Mono.Security.dll,294912,66EB9979,1020
0,0,COM3D2x64_Data\Managed\Mono.WebBrowser.dll,172032,137B736F,1020
0,0,COM3D2x64_Data\Managed\mscorlib.dll,2590208,5166389B,1020
0,0,COM3D2x64_Data\Managed\Newtonsoft.Json.dll,494592,5C881B73,1020
0,0,COM3D2x64_Data\Managed\System.Configuration.dll,124928,72952344,1020
0,0,COM3D2x64_Data\Managed\System.Core.dll,297472,9E3EE5D7,1020
0,0,COM3D2x64_Data\Managed\System.Data.dll,856064,DDDB80CD,1020
0,0,COM3D2x64_Data\Managed\System.dll,1679360,13922617,1020
0,0,COM3D2x64_Data\Managed\System.Drawing.Design.dll,29696,E7B53FF9,1020
0,0,COM3D2x64_Data\Managed\System.Drawing.dll,448512,C4B2E872,1020
0,0,COM3D2x64_Data\Managed\System.EnterpriseServices.dll,46592,2C72A9FE,1020
0,0,COM3D2x64_Data\Managed\System.Security.dll,135168,1CE94C57,1020
0,0,COM3D2x64_Data\Managed\System.Transactions.dll,27648,45299FCF,1020
0,0,COM3D2x64_Data\Managed\System.Windows.Forms.dll,3053568,56394001,1020
0,0,COM3D2x64_Data\Managed\System.Xml.dll,1270272,4581A35B,1020
0,0,COM3D2x64_Data\Managed\System.Xml.Linq.dll,106496,E844371C,1020
0,0,COM3D2x64_Data\Managed\UnityEngine.dll,1393152,2C35388C,1020
0,0,COM3D2x64_Data\Managed\UnityEngine.dll.mdb,449828,8610375E,1020
0,0,COM3D2x64_Data\Managed\UnityEngine.Networking.dll,253952,2BDF701F,1020
0,0,COM3D2x64_Data\Managed\UnityEngine.UI.dll,245760,FA552B2D,1020
0,0,COM3D2x64_Data\Managed\UnityEngine.VR.dll,3072,A4582CD6,1020
0,0,COM3D2x64_Data\Managed\UnityScript.Lang.dll,13824,0DA8F681,1020
0,0,COM3D2x64_Data\Managed\zxing.unity.dll,430592,9FD1F198,1020
0,0,COM3D2x64_Data\Mono\mono.dll,2618816,0BEA8C0F,1020
0,0,COM3D2x64_Data\Mono\MonoPosixHelper.dll,113664,9B5E1E4D,1020
0,0,COM3D2x64_Data\Mono\etc\mono\browscap.ini,311984,CE6C0AB3,1020
0,0,COM3D2x64_Data\Mono\etc\mono\config,1691,A635914A,1020
0,0,COM3D2x64_Data\Mono\etc\mono\1.0\DefaultWsdlHelpGenerator.aspx,58196,10E814BF,1020
0,0,COM3D2x64_Data\Mono\etc\mono\1.0\machine.config,17258,EDE1AC59,1020
0,0,COM3D2x64_Data\Mono\etc\mono\2.0\DefaultWsdlHelpGenerator.aspx,60453,F3869A34,1020
0,0,COM3D2x64_Data\Mono\etc\mono\2.0\machine.config,27625,73C91C24,1020
0,0,COM3D2x64_Data\Mono\etc\mono\2.0\settings.map,2618,A1A3C29F,1020
0,0,COM3D2x64_Data\Mono\etc\mono\2.0\web.config,11686,534A9960,1020
0,0,COM3D2x64_Data\Mono\etc\mono\2.0\Browsers\Compat.browser,1605,2E178A0B,1020
0,0,COM3D2x64_Data\Mono\etc\mono\mconfig\config.xml,25817,80B2033A,1020
0,0,COM3D2x64_Data\Plugins\AVProVideo.dll,813056,60B54FA5,1020
0,0,COM3D2x64_Data\Plugins\clothpp.dll,112128,7C3264A4,1020
0,0,COM3D2x64_Data\Plugins\cm3d2.dll,2151936,48625657,1020
0,0,COM3D2x64_Data\Plugins\device_hook.dll,731136,8E59B7A5,1020
0,0,COM3D2x64_Data\Plugins\FoveClient.dll,1849384,58C8B4F6,1020
0,0,COM3D2x64_Data\Plugins\LeapC.dll,2516992,FBDD3767,1020
0,0,COM3D2x64_Data\Plugins\openvr_api.dll,318272,44432E0F,1020
0,0,COM3D2x64_Data\Plugins\OVRGamepad.dll,12800,2C526135,1020
0,0,COM3D2x64_Data\Plugins\OVRPlugin.dll,1898408,5DD05B6C,1020
0,0,COM3D2x64_Data\Resources\unity default resources,752360,71DB1AEA,1020
0,0,COM3D2x64_Data\Resources\unity_builtin_extra,284012,91145F7F,1020
0,0,GameData\csv.arc,2708285,D025B4B4,1020
0,0,GameData\motion2.arc,70114245,C2D7769F,1020
0,0,GameData\parts2.arc,36806455,BAF62987,1020
0,0,GameData\paths.dat,533,1DC2D6B5,1020
0,0,GameData\prioritymaterial.arc,271484,7FE620DE,1020
0,0,GameData\script.arc,11693157,BC006716,1020
0,0,GameData\sound2.arc,2831373,17A6CBF3,1020
0,0,GameData\system2.arc,6894180,3B814469,1020
0,0,GameData\voice2.arc,39171801,FF844D18,1020
0,0,GameData_20\paths.dat,5091,D094E2BE,1580
0,0,GameData_20\prioritymaterial.arc,221488,580931AC,1582
0,0,manual\favicon.ico,370070,687492C6,1020
0,0,manual\index.html,71764,8768F62A,1020
0,0,manual\css\close.png,1250,304A1D8C,1020
0,0,manual\css\common.css,3409,BA5B06EB,1020
0,0,manual\css\index.css,6614,38725E3B,1020
0,0,manual\css\lightbox.css,3674,9235D408,1020
0,0,manual\css\loading.gif,1279,72456323,1020
0,0,manual\css\next.png,1682,E0895D01,1020
0,0,manual\css\prev.png,1666,12F2027E,1020
0,0,manual\img\casino01.jpg,272694,C6FE6781,1020
0,0,manual\img\clubstatus.jpg,36546,DAA11F1D,1020
0,0,manual\img\com3d2_logo.png,100187,28605834,1020
0,0,manual\img\comp01.jpg,54909,F2AE5CE1,1020
0,0,manual\img\comp02.jpg,87599,493340A0,1020
0,0,manual\img\config.jpg,156802,1871EF55,1020
0,0,manual\img\dance01.jpg,305648,B87D0340,1020
0,0,manual\img\dance02.jpg,345535,27BEFAE3,1020
0,0,manual\img\edit01.jpg,312602,CB3E64D0,1020
0,0,manual\img\edit02.jpg,278318,878B2857,1020
0,0,manual\img\event01.jpg,194983,E4E03D42,1020
0,0,manual\img\facilitysetting01.jpg,338947,40D2A7D3,1020
0,0,manual\img\facilitysetting02.jpg,185709,12E0C653,1020
0,0,manual\img\facilitysetting03.jpg,267150,D08D54B7,1020
0,0,manual\img\kashizuki01.jpg,210954,8E6084EA,1020
0,0,manual\img\kashizuki02.jpg,209895,BD363567,1020
0,0,manual\img\kashizuki03.jpg,215560,D28EDBD6,1020
0,0,manual\img\kiss_logo.png,6459,7966A6E9,1020
0,0,manual\img\maidmanagement01.jpg,242517,21B3E491,1020
0,0,manual\img\maidmanagement02.jpg,140237,945D483D,1020
0,0,manual\img\maidmanagement03.jpg,208300,B7C8F3CD,1020
0,0,manual\img\mainmenu01.jpg,162713,F925FDAB,1020
0,0,manual\img\mainmenu02.jpg,193956,4C7EF1A8,1020
0,0,manual\img\myroom.jpg,225108,398BA2D8,1020
0,0,manual\img\myroom.psd,1301284,E3472053,1020
0,0,manual\img\reminiscence01.jpg,236014,B0302E74,1020
0,0,manual\img\schedule01.jpg,198475,6AD2FF8C,1020
0,0,manual\img\schedule02.jpg,240595,AE23B15D,1020
0,0,manual\img\shitsu_mode.jpg,166109,966737E0,1020
0,0,manual\img\shop.jpg,216722,67700EE6,1020
0,0,manual\img\studio.jpg,328576,FC7FDE83,1020
0,0,manual\img\system01.jpg,67204,A61273B1,1020
0,0,manual\img\yotogi01.jpg,283179,93847FCE,1020
0,0,manual\img\yotogi02.jpg,278963,0959D75C,1020
0,0,manual\img\yotogi03.jpg,243961,20F88D92,1020
0,0,manual\sys\common.js,240,976D3DF4,1020
0,0,manual\sys\jquery-3.1.0.min.js,86351,AE6B746B,1020
0,0,manual\sys\jquery.lazy.min.js,5022,FEEB9C66,1020
0,0,manual\sys\lightbox.js,18410,F90AE353,1020
