0,0,CM3D2_EF.exe,20649984,C5454F12,1470
0,0,CM3D2_EF_Data\globalgamemanagers,1804164,7E684BE8,1470
0,0,CM3D2_EF_Data\globalgamemanagers.assets,152044,3E9AD098,1470
0,0,CM3D2_EF_Data\level0,189260,E103F274,1470
0,0,CM3D2_EF_Data\level1,207252,7C54A0F2,1470
0,0,CM3D2_EF_Data\level2,428812,6CCB2A3D,1470
0,0,CM3D2_EF_Data\level3,191140,26144CA3,1470
0,0,CM3D2_EF_Data\level4,481300,FDD4BE7B,1470
0,0,CM3D2_EF_Data\level5,190980,C7C83747,1470
0,0,CM3D2_EF_Data\level6,4640,D8B2146B,1470
0,0,CM3D2_EF_Data\level7,4640,82B5DB16,1470
0,0,CM3D2_EF_Data\level8,189188,289F3DF8,1470
0,0,CM3D2_EF_Data\resources.assets,236927760,446585D5,1470
0,0,CM3D2_EF_Data\resources.assets.resS,433714400,5BA048C0,1470
0,0,CM3D2_EF_Data\resources.resource,1740544,71E3E308,1470
0,0,CM3D2_EF_Data\sharedassets0.assets,16483040,895E8EF0,1470
0,0,CM3D2_EF_Data\sharedassets0.assets.resS,121728032,217CBB40,1470
0,0,CM3D2_EF_Data\sharedassets1.assets,5920,E0885D1A,1470
0,0,CM3D2_EF_Data\sharedassets2.assets,6340,5D39EC9C,1470
0,0,CM3D2_EF_Data\sharedassets3.assets,5824,C2B6D399,1470
0,0,CM3D2_EF_Data\sharedassets4.assets,6688,B8DE3D2F,1470
0,0,CM3D2_EF_Data\sharedassets5.assets,5824,43613912,1470
0,0,CM3D2_EF_Data\sharedassets6.assets,4132,7813A6FB,1470
0,0,CM3D2_EF_Data\sharedassets7.assets,4132,FF57BD41,1470
0,0,CM3D2_EF_Data\sharedassets8.assets,72784,2AF06965,1470
0,0,CM3D2_EF_Data\Managed\Accessibility.dll,10752,594EE943,1470
0,0,CM3D2_EF_Data\Managed\Assembly-CSharp-firstpass.dll,631808,D23FC4BB,1470
0,0,CM3D2_EF_Data\Managed\Assembly-CSharp.dll,2796032,162DCB53,1470
0,0,CM3D2_EF_Data\Managed\Assembly-UnityScript-firstpass.dll,65024,12D22847,1470
0,0,CM3D2_EF_Data\Managed\Assembly-UnityScript.dll,2560,A04EAA8E,1470
0,0,CM3D2_EF_Data\Managed\Boo.Lang.dll,126976,9ADD3789,1470
0,0,CM3D2_EF_Data\Managed\Ionic.Zlib.dll,102400,7C9E7DD2,1470
0,0,CM3D2_EF_Data\Managed\JsonFx.Json.dll,70144,A0F0CFCB,1470
0,0,CM3D2_EF_Data\Managed\Mono.Data.Tds.dll,96256,DDA7BAB7,1470
0,0,CM3D2_EF_Data\Managed\Mono.Posix.dll,184320,C7063ABB,1470
0,0,CM3D2_EF_Data\Managed\Mono.Security.dll,294912,8C7E67B3,1470
0,0,CM3D2_EF_Data\Managed\Mono.WebBrowser.dll,172032,541986C3,1470
0,0,CM3D2_EF_Data\Managed\mscorlib.dll,2589696,AFA570E5,1470
0,0,CM3D2_EF_Data\Managed\System.Configuration.dll,124928,D5F2A804,1470
0,0,CM3D2_EF_Data\Managed\System.Core.dll,297472,BCE2218F,1470
0,0,CM3D2_EF_Data\Managed\System.Data.dll,856064,F1D38D2E,1470
0,0,CM3D2_EF_Data\Managed\System.dll,1679360,288F722A,1470
0,0,CM3D2_EF_Data\Managed\System.Drawing.Design.dll,29696,E7B53FF9,1470
0,0,CM3D2_EF_Data\Managed\System.Drawing.dll,448512,C4B2E872,1470
0,0,CM3D2_EF_Data\Managed\System.EnterpriseServices.dll,46592,75A19B93,1470
0,0,CM3D2_EF_Data\Managed\System.Security.dll,135168,365C74A7,1470
0,0,CM3D2_EF_Data\Managed\System.Transactions.dll,27648,203D65C1,1470
0,0,CM3D2_EF_Data\Managed\System.Windows.Forms.dll,3053568,56394001,1470
0,0,CM3D2_EF_Data\Managed\System.Xml.dll,1270272,9B79033F,1470
0,0,CM3D2_EF_Data\Managed\System.Xml.Linq.dll,106496,B3ACF139,1470
0,0,CM3D2_EF_Data\Managed\UnityEngine.dll,972800,B3EB425F,1470
0,0,CM3D2_EF_Data\Managed\UnityEngine.dll.mdb,353934,02424F6C,1470
0,0,CM3D2_EF_Data\Managed\UnityEngine.Networking.dll,230912,EBC88F56,1470
0,0,CM3D2_EF_Data\Managed\UnityEngine.UI.dll,219136,8E43BC11,1470
0,0,CM3D2_EF_Data\Managed\UnityScript.Lang.dll,14336,13EE284D,1470
0,0,CM3D2_EF_Data\Managed\zxing.unity.dll,430592,9FD1F198,1470
0,0,CM3D2_EF_Data\Mono\mono.dll,2612696,2A5A1006,1470
0,0,CM3D2_EF_Data\Mono\etc\mono\browscap.ini,311984,CE6C0AB3,1470
0,0,CM3D2_EF_Data\Mono\etc\mono\config,1691,A635914A,1470
0,0,CM3D2_EF_Data\Mono\etc\mono\1.0\DefaultWsdlHelpGenerator.aspx,58196,10E814BF,1470
0,0,CM3D2_EF_Data\Mono\etc\mono\1.0\machine.config,17258,EDE1AC59,1470
0,0,CM3D2_EF_Data\Mono\etc\mono\2.0\DefaultWsdlHelpGenerator.aspx,60453,F3869A34,1470
0,0,CM3D2_EF_Data\Mono\etc\mono\2.0\machine.config,27625,73C91C24,1470
0,0,CM3D2_EF_Data\Mono\etc\mono\2.0\settings.map,2618,A1A3C29F,1470
0,0,CM3D2_EF_Data\Mono\etc\mono\2.0\web.config,11686,534A9960,1470
0,0,CM3D2_EF_Data\Mono\etc\mono\2.0\Browsers\Compat.browser,1605,2E178A0B,1470
0,0,CM3D2_EF_Data\Mono\etc\mono\mconfig\config.xml,25817,80B2033A,1470
0,0,CM3D2_EF_Data\Plugins\AVProVideo.dll,813056,60B54FA5,1470
0,0,CM3D2_EF_Data\Plugins\cm3d2_x64.dll,1544704,E3190A4C,1470
0,0,CM3D2_EF_Data\Plugins\device_hook.dll,393216,D1A0EF4C,1470
0,0,CM3D2_EF_Data\Resources\unity default resources,1544700,7137E221,1470
0,0,CM3D2_EF_Data\Resources\unity_builtin_extra,142196,DF9A5755,1470
0,0,CM3D2_EF_Data\StreamingAssets\UFEIntroShort.mp4,1386356,3F606E7D,1470
0,0,CM3D2_EF_Data\StreamingAssets\UFEIntroShort.ogv,681378,EBB347FE,1470
0,0,GameData\paths.dat,3889,DAC5D312,1475
0,0,GameData\sound_20170401.arc,59103938,5A2069B8,1470
