0,0,COM3D2OH.exe,6623232,E30BEDE0,2006
0,0,COM3D2OHx64.exe,22841856,858642A8,1500
0,0,LICENSE,31205,24BAD003,1500
0,0,COM3D2OHx64_Data\app.info,42,6CD75754,1500
0,0,COM3D2OHx64_Data\globalgamemanagers,4462796,24CFEE42,1500
0,0,COM3D2OHx64_Data\globalgamemanagers.assets,244036,00A2BA66,1500
0,0,COM3D2OHx64_Data\level0,325484,AF8E593E,1500
0,0,COM3D2OHx64_Data\level1,348628,64FB15DA,1500
0,0,COM3D2OHx64_Data\level10,696836,C59EF0E6,1500
0,0,COM3D2OHx64_Data\level11,7476,051DB040,1500
0,0,COM3D2OHx64_Data\level12,327940,C4709F16,1500
0,0,COM3D2OHx64_Data\level13,4664,A78D5E5E,1500
0,0,COM3D2OHx64_Data\level14,344628,96FBA67D,1500
0,0,COM3D2OHx64_Data\level15,334324,B6739EF8,1500
0,0,COM3D2OHx64_Data\level16,955468,DB3F5484,1500
0,0,COM3D2OHx64_Data\level17,427148,CC412F82,1500
0,0,COM3D2OHx64_Data\level18,1085108,CA36FAA6,1500
0,0,COM3D2OHx64_Data\level19,410628,D4EFF67C,1500
0,0,COM3D2OHx64_Data\level2,740260,ADAB6BFE,1500
0,0,COM3D2OHx64_Data\level20,2187796,F3228C7D,1500
0,0,COM3D2OHx64_Data\level21,1115116,C72C6AFE,1500
0,0,COM3D2OHx64_Data\level22,1088388,AA5EF993,1500
0,0,COM3D2OHx64_Data\level23,447676,49548A68,1500
0,0,COM3D2OHx64_Data\level24,27904,B1C5FBA1,1500
0,0,COM3D2OHx64_Data\level24.resS,131232,851AC384,1500
0,0,COM3D2OHx64_Data\level25,51676,47F9E151,1500
0,0,COM3D2OHx64_Data\level26,56036,97D4A954,1500
0,0,COM3D2OHx64_Data\level27,6832,74A7DC6B,1500
0,0,COM3D2OHx64_Data\level28,326388,ED052668,1500
0,0,COM3D2OHx64_Data\level29,1576436,00279A4B,1500
0,0,COM3D2OHx64_Data\level3,1212932,EA6A1E54,1500
0,0,COM3D2OHx64_Data\level30,1433068,2F32799F,1500
0,0,COM3D2OHx64_Data\level31,1454668,93315D5A,1500
0,0,COM3D2OHx64_Data\level32,1349900,EB3DB63E,1500
0,0,COM3D2OHx64_Data\level33,1414356,8A8A6DD7,1500
0,0,COM3D2OHx64_Data\level34,1539780,7991329C,1500
0,0,COM3D2OHx64_Data\level35,1276764,2400B78A,1500
0,0,COM3D2OHx64_Data\level36,1027388,20134A7A,1500
0,0,COM3D2OHx64_Data\level37,1034628,C2B31D0F,1500
0,0,COM3D2OHx64_Data\level38,1276764,1DBDD83E,1500
0,0,COM3D2OHx64_Data\level39,1157324,71BD60FD,1500
0,0,COM3D2OHx64_Data\level4,1301084,A2F8A823,1500
0,0,COM3D2OHx64_Data\level40,945940,C728A609,1500
0,0,COM3D2OHx64_Data\level41,1232332,8B8526FF,1500
0,0,COM3D2OHx64_Data\level42,1374804,B1727C58,1500
0,0,COM3D2OHx64_Data\level43,1333348,8621E565,1500
0,0,COM3D2OHx64_Data\level44,918156,DF9344FB,1500
0,0,COM3D2OHx64_Data\level45,401292,8BD031CC,1500
0,0,COM3D2OHx64_Data\level46,397660,29C27616,1500
0,0,COM3D2OHx64_Data\level47,441372,EACC86C6,1500
0,0,COM3D2OHx64_Data\level48,463500,1306F20E,1500
0,0,COM3D2OHx64_Data\level49,391900,4F6906A0,1500
0,0,COM3D2OHx64_Data\level5,326980,515A1B26,1500
0,0,COM3D2OHx64_Data\level50,451860,C1F63E2D,1500
0,0,COM3D2OHx64_Data\level51,1040300,CE0442AC,1500
0,0,COM3D2OHx64_Data\level52,964700,3F6F5D5F,1500
0,0,COM3D2OHx64_Data\level53,444580,D94D6CB7,1500
0,0,COM3D2OHx64_Data\level54,466724,5636D346,1500
0,0,COM3D2OHx64_Data\level55,457308,7A8F3704,1500
0,0,COM3D2OHx64_Data\level56,1044708,CEACCB87,1500
0,0,COM3D2OHx64_Data\level57,1004980,CB852649,1500
0,0,COM3D2OHx64_Data\level58,450356,8C1E09E3,1500
0,0,COM3D2OHx64_Data\level59,434876,1AFAC04B,1500
0,0,COM3D2OHx64_Data\level6,417140,179A1462,1500
0,0,COM3D2OHx64_Data\level60,416548,169708FE,1500
0,0,COM3D2OHx64_Data\level61,1384100,66044264,1500
0,0,COM3D2OHx64_Data\level62,1324852,FB8F6CC3,1500
0,0,COM3D2OHx64_Data\level63,503372,0F919C99,1500
0,0,COM3D2OHx64_Data\level64,405500,F24C9F55,1500
0,0,COM3D2OHx64_Data\level65,1252868,28E0E0EA,1500
0,0,COM3D2OHx64_Data\level66,970700,767C4E28,1500
0,0,COM3D2OHx64_Data\level67,1429172,C985BB99,1500
0,0,COM3D2OHx64_Data\level68,1370324,3A5BC535,1500
0,0,COM3D2OHx64_Data\level69,1576444,BA059A2C,1500
0,0,COM3D2OHx64_Data\level7,325996,9452DF02,1500
0,0,COM3D2OHx64_Data\level70,1539788,2F8CA916,1500
0,0,COM3D2OHx64_Data\level71,1371476,22655004,1500
0,0,COM3D2OHx64_Data\level72,1337420,5747AC0D,1500
0,0,COM3D2OHx64_Data\level73,418108,3D384E09,1500
0,0,COM3D2OHx64_Data\level74,406740,8770E1C9,1500
0,0,COM3D2OHx64_Data\level75,1050580,9E2C8AD9,1500
0,0,COM3D2OHx64_Data\level76,851868,E4C7ACBA,1500
0,0,COM3D2OHx64_Data\level77,958636,0628339A,1500
0,0,COM3D2OHx64_Data\level78,852828,7034AD36,1500
0,0,COM3D2OHx64_Data\level79,1030196,F6336713,1500
0,0,COM3D2OHx64_Data\level8,393444,F9BF1AC2,1500
0,0,COM3D2OHx64_Data\level80,1693556,760A617B,1500
0,0,COM3D2OHx64_Data\level81,1644628,E969DB0F,1500
0,0,COM3D2OHx64_Data\level82,1113404,226D80A6,1500
0,0,COM3D2OHx64_Data\level83,1057076,713D3B29,1500
0,0,COM3D2OHx64_Data\level84,1512532,0E07B31D,1500
0,0,COM3D2OHx64_Data\level85,1611460,05DC56EB,1500
0,0,COM3D2OHx64_Data\level86,1054972,F7F7EC4F,1500
0,0,COM3D2OHx64_Data\level87,970516,6AAD8CDF,1500
0,0,COM3D2OHx64_Data\level88,1679468,6C6F4ECF,1500
0,0,COM3D2OHx64_Data\level89,1576276,84C3532B,1500
0,0,COM3D2OHx64_Data\level9,329108,98621266,1500
0,0,COM3D2OHx64_Data\level90,468012,98D810F7,1500
0,0,COM3D2OHx64_Data\level91,487788,039DFB78,1500
0,0,COM3D2OHx64_Data\level92,576276,E1E813D2,1500
0,0,COM3D2OHx64_Data\level93,535412,28B9EBF2,1500
0,0,COM3D2OHx64_Data\level93.resS,131232,9337BCA3,1500
0,0,COM3D2OHx64_Data\level94,463068,CA331C81,1500
0,0,COM3D2OHx64_Data\level95,562284,7BDF2A07,1500
0,0,COM3D2OHx64_Data\level96,486388,0290B961,1500
0,0,COM3D2OHx64_Data\resources.assets,423678648,01D240E7,1500
0,0,COM3D2OHx64_Data\resources.assets.resS,1792904064,0FF968FC,1500
0,0,COM3D2OHx64_Data\resources.resource,727392,54F90BDA,1500
0,0,COM3D2OHx64_Data\sharedassets0.assets,115226516,F3F097DF,1500
0,0,COM3D2OHx64_Data\sharedassets0.assets.resS,28071636,A1AB9432,1500
0,0,COM3D2OHx64_Data\sharedassets1.assets,6256,6A75B121,1500
0,0,COM3D2OHx64_Data\sharedassets10.assets,6652,635F373E,1500
0,0,COM3D2OHx64_Data\sharedassets11.assets,4564,2A991DA6,1500
0,0,COM3D2OHx64_Data\sharedassets12.assets,6148,58C3902E,1500
0,0,COM3D2OHx64_Data\sharedassets13.assets,4132,DDFC4326,1500
0,0,COM3D2OHx64_Data\sharedassets14.assets,6868,BCD40AE7,1500
0,0,COM3D2OHx64_Data\sharedassets15.assets,6232,44C082C9,1500
0,0,COM3D2OHx64_Data\sharedassets16.assets,30936236,D40AAB56,1500
0,0,COM3D2OHx64_Data\sharedassets17.assets,6292,D2194FC2,1500
0,0,COM3D2OHx64_Data\sharedassets18.assets,48052092,4623D216,1500
0,0,COM3D2OHx64_Data\sharedassets19.assets,6316,9029C5C2,1500
0,0,COM3D2OHx64_Data\sharedassets2.assets,6556,B37C7873,1500
0,0,COM3D2OHx64_Data\sharedassets20.assets,7096,FE3BF7BE,1500
0,0,COM3D2OHx64_Data\sharedassets21.assets,39516308,01DB36EF,1500
0,0,COM3D2OHx64_Data\sharedassets22.assets,12664,B797B441,1500
0,0,COM3D2OHx64_Data\sharedassets23.assets,18126856,E361EA07,1500
0,0,COM3D2OHx64_Data\sharedassets24.assets,12328,C0B904DA,1500
0,0,COM3D2OHx64_Data\sharedassets25.assets,4420,218637F1,1500
0,0,COM3D2OHx64_Data\sharedassets26.assets,4324,E6A877BD,1500
0,0,COM3D2OHx64_Data\sharedassets27.assets,4264,534ED5C8,1500
0,0,COM3D2OHx64_Data\sharedassets28.assets,6124,CFC00234,1500
0,0,COM3D2OHx64_Data\sharedassets29.assets,145550532,B91B6753,1500
0,0,COM3D2OHx64_Data\sharedassets3.assets,12916,DD524DC8,1500
0,0,COM3D2OHx64_Data\sharedassets30.assets,135254532,862CD7A4,1500
0,0,COM3D2OHx64_Data\sharedassets31.assets,127532532,CF3BB4A7,1500
0,0,COM3D2OHx64_Data\sharedassets32.assets,9388,E3BC0B70,1500
0,0,COM3D2OHx64_Data\sharedassets33.assets,9496,C6D86DDE,1500
0,0,COM3D2OHx64_Data\sharedassets34.assets,9484,1A6AF86E,1500
0,0,COM3D2OHx64_Data\sharedassets35.assets,128819620,EECD9FD8,1500
0,0,COM3D2OHx64_Data\sharedassets36.assets,9256,F66585B9,1500
0,0,COM3D2OHx64_Data\sharedassets37.assets,9280,6C5EE53D,1500
0,0,COM3D2OHx64_Data\sharedassets38.assets,12712,721F9B13,1500
0,0,COM3D2OHx64_Data\sharedassets39.assets,9484,66476FAE,1500
0,0,COM3D2OHx64_Data\sharedassets4.assets,7156,EDD83519,1500
0,0,COM3D2OHx64_Data\sharedassets40.assets,9292,6ACF887B,1500
0,0,COM3D2OHx64_Data\sharedassets41.assets,9460,A1B427A6,1500
0,0,COM3D2OHx64_Data\sharedassets42.assets,141689532,9EE90ABB,1500
0,0,COM3D2OHx64_Data\sharedassets43.assets,9496,B5585F22,1500
0,0,COM3D2OHx64_Data\sharedassets44.assets,9460,68AAAF3C,1500
0,0,COM3D2OHx64_Data\sharedassets45.assets,42236540,22B702AF,1500
0,0,COM3D2OHx64_Data\sharedassets45.assets.resS,87400,8BA6C322,1500
0,0,COM3D2OHx64_Data\sharedassets46.assets,38246508,9B065D91,1500
0,0,COM3D2OHx64_Data\sharedassets47.assets,32874604,82DE3F06,1500
0,0,COM3D2OHx64_Data\sharedassets48.assets,36735684,4B4F7771,1500
0,0,COM3D2OHx64_Data\sharedassets48.assets.resS,174776,5B619AF1,1500
0,0,COM3D2OHx64_Data\sharedassets49.assets,41277360,4B77E35E,1500
0,0,COM3D2OHx64_Data\sharedassets5.assets,6136,A1AB774B,1500
0,0,COM3D2OHx64_Data\sharedassets50.assets,39399112,1AED3030,1500
0,0,COM3D2OHx64_Data\sharedassets51.assets,3017148,60EA61AC,1500
0,0,COM3D2OHx64_Data\sharedassets51.assets.resS,611728,7BFBEAAE,1500
0,0,COM3D2OHx64_Data\sharedassets52.assets,9508,23754465,1500
0,0,COM3D2OHx64_Data\sharedassets53.assets,6508,810E9793,1500
0,0,COM3D2OHx64_Data\sharedassets54.assets,6508,810E9793,1500
0,0,COM3D2OHx64_Data\sharedassets55.assets,6508,810E9793,1500
0,0,COM3D2OHx64_Data\sharedassets56.assets,12604,3FF4ED07,1500
0,0,COM3D2OHx64_Data\sharedassets57.assets,9460,86540A62,1500
0,0,COM3D2OHx64_Data\sharedassets58.assets,6472,E4946995,1500
0,0,COM3D2OHx64_Data\sharedassets59.assets,59364,B92B001B,1500
0,0,COM3D2OHx64_Data\sharedassets59.assets.resS,174776,B51EE5DC,1500
0,0,COM3D2OHx64_Data\sharedassets6.assets,7096,E2E8BDE5,1500
0,0,COM3D2OHx64_Data\sharedassets60.assets,6484,A26C8407,1500
0,0,COM3D2OHx64_Data\sharedassets61.assets,759664,9E03B268,1500
0,0,COM3D2OHx64_Data\sharedassets61.assets.resS,1310880,58801C35,1500
0,0,COM3D2OHx64_Data\sharedassets61.resource,1178176,90268BF4,1500
0,0,COM3D2OHx64_Data\sharedassets62.assets,9316,143E770F,1500
0,0,COM3D2OHx64_Data\sharedassets63.assets,52838324,DCF7FD07,1500
0,0,COM3D2OHx64_Data\sharedassets63.assets.resS,6226112,B3E98769,1500
0,0,COM3D2OHx64_Data\sharedassets64.assets,6580,3B52B058,1500
0,0,COM3D2OHx64_Data\sharedassets65.assets,13852,4746A051,1500
0,0,COM3D2OHx64_Data\sharedassets66.assets,9448,3AB75EE9,1500
0,0,COM3D2OHx64_Data\sharedassets67.assets,12616,B5016FA0,1500
0,0,COM3D2OHx64_Data\sharedassets68.assets,9436,3D6006CD,1500
0,0,COM3D2OHx64_Data\sharedassets69.assets,12628,C3C04341,1500
0,0,COM3D2OHx64_Data\sharedassets7.assets,6088,8632DE34,1500
0,0,COM3D2OHx64_Data\sharedassets70.assets,9484,1A6AF86E,1500
0,0,COM3D2OHx64_Data\sharedassets71.assets,12616,B5016FA0,1500
0,0,COM3D2OHx64_Data\sharedassets72.assets,10384,7E61BB1E,1500
0,0,COM3D2OHx64_Data\sharedassets73.assets,6868,F32A2A8B,1500
0,0,COM3D2OHx64_Data\sharedassets74.assets,6436,4902A6B4,1500
0,0,COM3D2OHx64_Data\sharedassets75.assets,11692,27572AAA,1500
0,0,COM3D2OHx64_Data\sharedassets75.resource,2729184,2D4064D6,1500
0,0,COM3D2OHx64_Data\sharedassets76.assets,11560,7389AF80,1500
0,0,COM3D2OHx64_Data\sharedassets77.assets,8296,6A548814,1500
0,0,COM3D2OHx64_Data\sharedassets78.assets,7612,F6A4C5ED,1500
0,0,COM3D2OHx64_Data\sharedassets79.assets,353884,BA323500,1500
0,0,COM3D2OHx64_Data\sharedassets79.assets.resS,2272048,E50143CB,1500
0,0,COM3D2OHx64_Data\sharedassets79.resource,6236800,C7E9CFDE,1500
0,0,COM3D2OHx64_Data\sharedassets8.assets,6328,42D1E6F4,1500
0,0,COM3D2OHx64_Data\sharedassets80.assets,6568304,7F05D874,1500
0,0,COM3D2OHx64_Data\sharedassets80.assets.resS,10936,3B0D7ADF,1500
0,0,COM3D2OHx64_Data\sharedassets80.resource,1136352,956B5452,1500
0,0,COM3D2OHx64_Data\sharedassets81.assets,10252,01D4DF38,1500
0,0,COM3D2OHx64_Data\sharedassets82.assets,12796,F325AF81,1500
0,0,COM3D2OHx64_Data\sharedassets83.assets,9592,1DFE98E8,1500
0,0,COM3D2OHx64_Data\sharedassets84.assets,9716,34143152,1500
0,0,COM3D2OHx64_Data\sharedassets84.resource,1003968,52A085C2,1500
0,0,COM3D2OHx64_Data\sharedassets85.assets,12916,57362775,1500
0,0,COM3D2OHx64_Data\sharedassets86.assets,12856,87E73DFF,1500
0,0,COM3D2OHx64_Data\sharedassets87.assets,9532,5442C9F3,1500
0,0,COM3D2OHx64_Data\sharedassets88.assets,13300,ECA221E1,1500
0,0,COM3D2OHx64_Data\sharedassets88.resource,1166848,2709F6C2,1500
0,0,COM3D2OHx64_Data\sharedassets89.assets,9844,FF4ED327,1500
0,0,COM3D2OHx64_Data\sharedassets9.assets,6232,58BD6924,1500
0,0,COM3D2OHx64_Data\sharedassets90.assets,6652,2240DDF0,1500
0,0,COM3D2OHx64_Data\sharedassets91.assets,6652,2240DDF0,1500
0,0,COM3D2OHx64_Data\sharedassets92.assets,6616,BC66F561,1500
0,0,COM3D2OHx64_Data\sharedassets93.assets,6340,DBEB1D46,1500
0,0,COM3D2OHx64_Data\sharedassets94.assets,6616,BC66F561,1500
0,0,COM3D2OHx64_Data\sharedassets95.assets,6712,FDBA9E73,1500
0,0,COM3D2OHx64_Data\sharedassets96.assets,6616,BC66F561,1500
0,0,COM3D2OHx64_Data\Managed\Accessibility.dll,10752,5CB31E4E,1500
0,0,COM3D2OHx64_Data\Managed\Assembly-CSharp-firstpass.dll,791040,C62A1BC5,1500
0,0,COM3D2OHx64_Data\Managed\Assembly-CSharp.dll,5526528,CEACB5AE,1500
0,0,COM3D2OHx64_Data\Managed\Assembly-UnityScript-firstpass.dll,65024,8B79091A,1500
0,0,COM3D2OHx64_Data\Managed\Boo.Lang.dll,126976,28383F70,1500
0,0,COM3D2OHx64_Data\Managed\BouncyCastle.Crypto.dll,2236416,5A4C4F07,1500
0,0,COM3D2OHx64_Data\Managed\FoveUnityPlugin.dll,28672,A6EA882B,1500
0,0,COM3D2OHx64_Data\Managed\ICSharpCode.SharpZipLib.dll,200704,D3160A1C,1500
0,0,COM3D2OHx64_Data\Managed\Ionic.Zlib.dll,102400,7C9E7DD2,1500
0,0,COM3D2OHx64_Data\Managed\JsonFx.Json.dll,70144,A0F0CFCB,1500
0,0,COM3D2OHx64_Data\Managed\LeapCSharp.NET3.5.dll,82432,38E38212,1500
0,0,COM3D2OHx64_Data\Managed\Mono.Data.Tds.dll,96256,2965324B,1500
0,0,COM3D2OHx64_Data\Managed\Mono.Posix.dll,184320,0CE35BE3,1500
0,0,COM3D2OHx64_Data\Managed\Mono.Security.dll,294912,66EB9979,1500
0,0,COM3D2OHx64_Data\Managed\Mono.WebBrowser.dll,172032,137B736F,1500
0,0,COM3D2OHx64_Data\Managed\mscorlib.dll,2590208,5166389B,1500
0,0,COM3D2OHx64_Data\Managed\Newtonsoft.Json.dll,494592,5C881B73,1500
0,0,COM3D2OHx64_Data\Managed\System.Configuration.dll,124928,72952344,1500
0,0,COM3D2OHx64_Data\Managed\System.Core.dll,297472,9E3EE5D7,1500
0,0,COM3D2OHx64_Data\Managed\System.Data.dll,856064,DDDB80CD,1500
0,0,COM3D2OHx64_Data\Managed\System.dll,1679360,13922617,1500
0,0,COM3D2OHx64_Data\Managed\System.Drawing.Design.dll,29696,E7B53FF9,1500
0,0,COM3D2OHx64_Data\Managed\System.Drawing.dll,448512,C4B2E872,1500
0,0,COM3D2OHx64_Data\Managed\System.EnterpriseServices.dll,46592,2C72A9FE,1500
0,0,COM3D2OHx64_Data\Managed\System.Security.dll,135168,1CE94C57,1500
0,0,COM3D2OHx64_Data\Managed\System.Transactions.dll,27648,45299FCF,1500
0,0,COM3D2OHx64_Data\Managed\System.Windows.Forms.dll,3053568,56394001,1500
0,0,COM3D2OHx64_Data\Managed\System.Xml.dll,1270272,4581A35B,1500
0,0,COM3D2OHx64_Data\Managed\System.Xml.Linq.dll,106496,E844371C,1500
0,0,COM3D2OHx64_Data\Managed\UnityEngine.dll,1393152,2C35388C,1500
0,0,COM3D2OHx64_Data\Managed\UnityEngine.dll.mdb,449828,8610375E,1500
0,0,COM3D2OHx64_Data\Managed\UnityEngine.Networking.dll,253952,2BDF701F,1500
0,0,COM3D2OHx64_Data\Managed\UnityEngine.UI.dll,245760,FA552B2D,1500
0,0,COM3D2OHx64_Data\Managed\UnityEngine.VR.dll,3072,A4582CD6,1500
0,0,COM3D2OHx64_Data\Managed\UnityScript.Lang.dll,13824,0DA8F681,1500
0,0,COM3D2OHx64_Data\Managed\Win32.dll,13312,7781C2A2,1500
0,0,COM3D2OHx64_Data\Managed\zxing.unity.dll,430592,9FD1F198,1500
0,0,COM3D2OHx64_Data\Mono\mono.dll,2618816,0BEA8C0F,1500
0,0,COM3D2OHx64_Data\Mono\MonoPosixHelper.dll,113664,9B5E1E4D,1500
0,0,COM3D2OHx64_Data\Mono\etc\mono\browscap.ini,311984,CE6C0AB3,1500
0,0,COM3D2OHx64_Data\Mono\etc\mono\config,1691,A635914A,1500
0,0,COM3D2OHx64_Data\Mono\etc\mono\1.0\DefaultWsdlHelpGenerator.aspx,58196,10E814BF,1500
0,0,COM3D2OHx64_Data\Mono\etc\mono\1.0\machine.config,17258,EDE1AC59,1500
0,0,COM3D2OHx64_Data\Mono\etc\mono\2.0\DefaultWsdlHelpGenerator.aspx,60453,F3869A34,1500
0,0,COM3D2OHx64_Data\Mono\etc\mono\2.0\machine.config,27625,73C91C24,1500
0,0,COM3D2OHx64_Data\Mono\etc\mono\2.0\settings.map,2618,A1A3C29F,1500
0,0,COM3D2OHx64_Data\Mono\etc\mono\2.0\web.config,11686,534A9960,1500
0,0,COM3D2OHx64_Data\Mono\etc\mono\2.0\Browsers\Compat.browser,1605,2E178A0B,1500
0,0,COM3D2OHx64_Data\Mono\etc\mono\mconfig\config.xml,25817,80B2033A,1500
0,0,COM3D2OHx64_Data\Plugins\assimp.dll,4388864,7C910D84,1500
0,0,COM3D2OHx64_Data\Plugins\Audio360.dll,1499136,2D77400A,1500
0,0,COM3D2OHx64_Data\Plugins\AVProVideo.dll,891392,A3612D4B,1500
0,0,COM3D2OHx64_Data\Plugins\clothpp.dll,112128,7C3264A4,1500
0,0,COM3D2OHx64_Data\Plugins\cm3d2.dll,2088960,542B1DEC,1500
0,0,COM3D2OHx64_Data\Plugins\device_hook.dll,738816,F61E7CED,1500
0,0,COM3D2OHx64_Data\Plugins\FbxExporterCore.dll,12491776,CBAA51C1,1500
0,0,COM3D2OHx64_Data\Plugins\FoveClient.dll,1849384,58C8B4F6,1500
0,0,COM3D2OHx64_Data\Plugins\LeapC.dll,2516992,FBDD3767,1500
0,0,COM3D2OHx64_Data\Plugins\openvr_api.dll,318272,44432E0F,1500
0,0,COM3D2OHx64_Data\Plugins\OVRGamepad.dll,12800,2C526135,1500
0,0,COM3D2OHx64_Data\Plugins\OVRLipSync.dll,2512296,391C1F4C,1500
0,0,COM3D2OHx64_Data\Plugins\OVRPlugin.dll,1898408,5DD05B6C,1500
0,0,COM3D2OHx64_Data\Plugins\Win32-WebView.dll,504832,382AEE66,1500
0,0,COM3D2OHx64_Data\Resources\unity default resources,752360,71DB1AEA,1500
0,0,COM3D2OHx64_Data\Resources\unity_builtin_extra,284012,91145F7F,1500
0,0,GameData\csv_cbl.arc,850920,827F8799,1500
0,0,GameData\motion_cbl2.arc,22222457,FD0F6146,1280
0,0,GameData\motion_cbl_3d21reserve_2.arc,153938,9CB83B59,1120
0,0,GameData\motion_cbl_denkigai2019s_2.arc,753524,B6E084B2,1410
0,0,GameData\motion_cbl_kissnohi001_2.arc,158468,9CE47192,1200
0,0,GameData\motion_cbl_vp001_2.arc,1659046,62219F7A,1250
0,0,GameData\script_cbl.arc,4366154,7F17B2E5,1500
0,0,GameData\script_cbl_omytgc001_2.arc,212278,5759B805,1210
0,0,GameData\script_cbl_ordermade001_2.arc,36866,2E4CD733,1210
0,0,GameData\script_cbl_ordermade002_2.arc,36466,DD7811A4,1210
0,0,GameData\script_cbl_ordermade003_2.arc,3026,080F3688,1250
0,0,GameData\script_cbl_ordermade004_2.arc,3250,96221889,1250
0,0,GameData\script_cbl_personal_om002_2.arc,1730,BC1779C2,1250
0,0,GameData\script_cbl_personal_om003plus_2.arc,5282,34A5C955,1360
0,0,GameData\script_cbl_personal_om004_2.arc,1954,3FEFD65F,1280
0,0,GameData\script_cbl_personal_om004plus_2.arc,5490,15D3F64F,1360
0,0,GameData\script_cbl_personal_om005plus_2.arc,5058,9471327B,1360
0,0,GameData\script_cbl_personal_om007_2.arc,2546,36DB0761,1460
0,0,GameData\script_cbl_personal_om008_2.arc,6162,D4E7C510,1460
0,0,GameData\script_cbl_s2.arc,1170205,611FCB43,1230
0,0,GameData\voice_cbl_s2.arc,179107734,F560AF3C,1480
0,0,manual\index.html,52620,3D3D5ACF,1170
0,0,manual\css\index.css,7168,D11B8AF5,1170
0,0,manual\img\chu-blip2.jpg,78933,95522903,1170
0,0,manual\img\com3d2wcls2_logo.png,107288,47D023F7,1170
0,0,manual\img\config.jpg,167519,C5E4FAF3,1170
0,0,manual\img\menu001.jpg,13885,25B66329,1170
0,0,manual\img\menu002.jpg,24247,87A4205F,1170
0,0,manual\img\yotogi04.jpg,239859,141EC205,1170
0,0,manual\img\yotogi05.jpg,187720,9C93EE69,1170
share,GameData\patch\bg_kissevent2018_sp_card_2.arc,GameData\bg_kissevent2018_sp_card_2.arc,493322,140250D1,1100
share,GameData\patch\bg_sp001_2.arc,GameData\bg_sp001_2.arc,16204240,91030B15,1000
share,GameData\patch\bg_sp004_2.arc,GameData\bg_sp004_2.arc,35284425,D79D7E66,1290
share,GameData\patch\csv.arc,GameData\csv.arc,7628509,68ADB420,1500
share,GameData\patch\csv_3d21reserve2_2.arc,GameData\csv_3d21reserve2_2.arc,51058,6AD913F3,1380
share,GameData\patch\csv_dlc305_2.arc,GameData\csv_dlc305_2.arc,67779,3D73BCB9,1380
share,GameData\patch\csv_denkigai2018wpcard_2.arc,GameData\csv_denkigai2018wpcard_2.arc,450,CD1D6826,1331
share,GameData\patch\csv_gp001_2.arc,GameData\csv_gp001_2.arc,89204,9BB06354,1420
share,GameData\patch\csv_jp.arc,GameData\csv_jp.arc,14963,9C524993,1470
share,GameData\patch\csv_personal_om006_2.arc,GameData\csv_personal_om006_2.arc,1426,AB118368,1350
share,GameData\patch\csv_old_2.arc,GameData\csv_old_2.arc,1746,7AD2A97C,1150
share,GameData\patch\csv_ordermade001_2.arc,GameData\csv_ordermade001_2.arc,770,422A7575,1150
share,GameData\patch\parts2.arc,GameData\parts2.arc,164504639,25787618,1480
share,GameData\patch\parts_cas013_2.arc,GameData\parts_cas013_2.arc,1554,314DD9D9,1480
share,GameData\patch\parts_cas014_2.arc,GameData\parts_cas014_2.arc,1554,EB2539A7,1480
share,GameData\patch\parts_com3d2cbp_2.arc,GameData\parts_com3d2cbp_2.arc,197948,415AD83E,1460
share,GameData\patch\parts_cw001cloth2_2.arc,GameData\parts_cw001cloth2_2.arc,196199,EAF4C9F1,1460
share,GameData\patch\parts_cw001cloth3_2.arc,GameData\parts_cw001cloth3_2.arc,4370,1F2FFFCD,1380
share,GameData\patch\parts_denkigai2019s_2.arc,GameData\parts_denkigai2019s_2.arc,6565399,1351B41C,1352
share,GameData\patch\parts_dlc209_2.arc,GameData\parts_dlc209_2.arc,1363413,BF1ABBC0,1171
share,GameData\patch\parts_dlc216_2.arc,GameData\parts_dlc216_2.arc,932171,E7454670,1200
share,GameData\patch\parts_dlc232_2.arc,GameData\parts_dlc232_2.arc,3682,115DEE3E,1250
share,GameData\patch\parts_dlc241_2.arc,GameData\parts_dlc241_2.arc,1618,5C4797C1,1380
share,GameData\patch\parts_dlc256_2.arc,GameData\parts_dlc256_2.arc,459473,67DE15EB,1480
share,GameData\patch\parts_dlc256ns_2.arc,GameData\parts_dlc256ns_2.arc,464943,902A8184,1480
share,GameData\patch\parts_dlc267_2.arc,GameData\parts_dlc267_2.arc,2827817,95D40D44,1480
share,GameData\patch\parts_dlc267ns_2.arc,GameData\parts_dlc267ns_2.arc,2827831,320F93A5,1480
share,GameData\patch\parts_dlc268_2.arc,GameData\parts_dlc268_2.arc,465617,1FC74BD4,1320
share,GameData\patch\parts_dlc268ns_2.arc,GameData\parts_dlc268ns_2.arc,465634,269DB210,1320
share,GameData\patch\parts_dlc279_2.arc,GameData\parts_dlc279_2.arc,6171073,DF439D14,1331
share,GameData\patch\parts_dlc320_2.arc,GameData\parts_dlc320_2.arc,94639,DC5A14A4,1470
share,GameData\patch\parts_dlc331_2.arc,GameData\parts_dlc331_2.arc,3970,B15D6CCC,1490
share,GameData\patch\parts_gp001_2.arc,GameData\parts_gp001_2.arc,62132696,2ADBAD1F,1440
share,GameData\patch\parts_gp001fb_2.arc,GameData\parts_gp001fb_2.arc,16658,80188791,1490
share,GameData\patch\parts_karaoke001_2.arc,GameData\parts_karaoke001_2.arc,453245,11C970D3,1280
share,GameData\patch\parts_magazine003_2.arc,GameData\parts_magazine003_2.arc,201385,3A5B273D,1120
share,GameData\patch\parts_omvr.arc,GameData\parts_omvr.arc,3206509,4F0D0480,1120
share,GameData\patch\parts_personal_om003_2.arc,GameData\parts_personal_om003_2.arc,78703,5113D874,1460
share,GameData\patch\parts_personal_om006_2.arc,GameData\parts_personal_om006_2.arc,307194,3FCB0A15,1331
share,GameData\patch\parts_kissevent2018_2.arc,GameData\parts_kissevent2018_2.arc,5570,005BBD00,1100
share,GameData\patch\parts_shop016_2.arc,GameData\parts_shop016_2.arc,171410,3D70CEC4,1060
share,GameData\patch\parts_sp002cloth1_2.arc,GameData\parts_sp002cloth1_2.arc,10930,46512519,1250
share,GameData\patch\parts_sp002cloth2_2.arc,GameData\parts_sp002cloth2_2.arc,1825089,3BCD25A8,1352
share,GameData\patch\parts_sp003cloth3_2.arc,GameData\parts_sp003cloth3_2.arc,2971010,1DD812CE,1410
share,GameData\patch\parts_sp005cloth2_2.arc,GameData\parts_sp005cloth2_2.arc,303977,DCB548A3,1460
share,GameData\patch\parts_vac001_2.arc,GameData\parts_vac001_2.arc,6706,959CBD1B,1250
share,GameData\patch\paths.dat,GameData\paths.dat,8905,B4D12681,1500
share,GameData\patch\prioritymaterial.arc,GameData\prioritymaterial.arc,410259,7DE4E7EC,1500
share,GameData\patch\script_share_karaoke_2.arc,GameData\script_share_karaoke_2.arc,8354,23EC7857,1500
share,GameData\patch\sound2.arc,GameData\sound2.arc,6204667,462329B7,1500
share,GameData\patch\system2.arc,GameData\system2.arc,14628459,035A5837,1420
share,GameData\patch\system_gp001_2.arc,GameData\system_gp001_2.arc,7478491,A3D9E534,1420
share,GameData\patch\system_gp002_2.arc,GameData\system_gp002_2.arc,3352431,A85DA78B,1350
share,GameData\patch\voice_gp001_2.arc,GameData\voice_gp001_2.arc,128499501,74943317,1270
share,GameData\patch\voice_personal_om005_2.arc,GameData\voice_personal_om005_2.arc,77014392,941AFD15,1420
share,GameData\patch\voice_personal_om008_2.arc,GameData\voice_personal_om008_2.arc,536157,7ADCFB18,1460
share,GameData_20\bg_vp001_2.arc,GameData_20\bg_vp001_2.arc,283046,A7A90EE1,1190
share,GameData_20\material_denkigai2015w_2.arc,GameData_20\material_denkigai2015w_2.arc,3490,F06AAABE,1090
share,GameData_20\material_dlc195_2.arc,GameData_20\material_dlc195_2.arc,1746,ECFBFE17,1090
share,GameData_20\material_dlcdenkigai2015w_2.arc,GameData_20\material_dlcdenkigai2015w_2.arc,3522,D35394D7,1090
share,GameData_20\material_dlcdenkigai2017w_2.arc,GameData_20\material_dlcdenkigai2017w_2.arc,3506,40FF8AFA,1090
share,GameData_20\material_kissevent2017march_2.arc,GameData_20\material_kissevent2017march_2.arc,3538,7A6FC5CF,1090
share,GameData_20\menu_dlc195_2.arc,GameData_20\menu_dlc195_2.arc,1170,BF163DDC,1090
share,GameData_20\model_denkigai2015w_2.arc,GameData_20\model_denkigai2015w_2.arc,174373,F9233759,1090
share,GameData_20\model_dlc195_2.arc,GameData_20\model_dlc195_2.arc,583563,16C95E54,1090
share,GameData_20\model_dlcdenkigai2015w_2.arc,GameData_20\model_dlcdenkigai2015w_2.arc,174400,BE6E5467,1090
share,GameData_20\model_dlcdenkigai2017w_2.arc,GameData_20\model_dlcdenkigai2017w_2.arc,181384,6D5B735E,1090
share,GameData_20\model_kissevent2017march_2.arc,GameData_20\model_kissevent2017march_2.arc,190682,21F32FCB,1090
share,GameData_20\texture_dlc195_2.arc,GameData_20\texture_dlc195_2.arc,16075880,456A4C76,1090
share,GameData_20\paths.dat,GameData_20\paths.dat,5091,D094E2BE,1580
share,GameData_20\prioritymaterial.arc,GameData_20\prioritymaterial.arc,221488,580931AC,1582
share,GameData_20\material_denkigai2015s003_2.arc,GameData_20\material_denkigai2015s003_2.arc,7106,0C82D791,1150
share,GameData_20\material_denkigai2015wTowelR.arc,GameData_20\material_denkigai2015wTowelR.arc,1602,618192B9,1360
share,GameData_20\material_dlc055_2.arc,GameData_20\material_dlc055_2.arc,5282,11A93109,1280
share,GameData_20\material_dlsite_2.arc,GameData_20\material_dlsite_2.arc,1762,C5A837EA,1150
share,GameData_20\material_shop001_2.arc,GameData_20\material_shop001_2.arc,1762,D98CED1C,1150
share,GameData_20\material_shop002_2.arc,GameData_20\material_shop002_2.arc,1762,956BB00E,1150
share,GameData_20\material_shop003_2.arc,GameData_20\material_shop003_2.arc,1762,38CEBFF2,1150
share,GameData_20\material_shop005_2.arc,GameData_20\material_shop005_2.arc,1714,3E621A32,1150
share,GameData_20\material_shop007_2.arc,GameData_20\material_shop007_2.arc,2578,C8CE627C,1150
share,GameData_20\material_vp001_2.arc,GameData_20\material_vp001_2.arc,11890,8CB043B0,1400
share,GameData_20\material_yomeido003_2.arc,GameData_20\material_yomeido003_2.arc,1522,0689A7AC,1240
share,GameData_20\menu_denkigai2015s001_2.arc,GameData_20\menu_denkigai2015s001_2.arc,6594,8B3E849F,1160
share,GameData_20\menu_denkigai2015s003_2.arc,GameData_20\menu_denkigai2015s003_2.arc,4338,D294CE88,1150
share,GameData_20\menu_denkigai2015wTowelR.arc,GameData_20\menu_denkigai2015wTowelR.arc,1282,CECEE1FC,1360
share,GameData_20\menu_denkigai2016s_2.arc,GameData_20\menu_denkigai2016s_2.arc,1346,4A9440B1,1351
share,GameData_20\menu_denkigai2016w_2.arc,GameData_20\menu_denkigai2016w_2.arc,15154,C8D64D3B,1450
share,GameData_20\menu_denkigai2017s_2.arc,GameData_20\menu_denkigai2017s_2.arc,1218,267B1338,1540
share,GameData_20\menu_dlcdenkigai2016w_2.arc,GameData_20\menu_dlcdenkigai2016w_2.arc,13522,45E7F667,1450
share,GameData_20\menu_dlcdenkigai2017s_2.arc,GameData_20\menu_dlcdenkigai2017s_2.arc,1218,A6C83B5D,1540
share,GameData_20\menu_dlc026_2.arc,GameData_20\menu_dlc026_2.arc,3778,69453D54,1190
share,GameData_20\menu_dlc028_2.arc,GameData_20\menu_dlc028_2.arc,3874,DE3F1C31,1200
share,GameData_20\menu_dlc041_2.arc,GameData_20\menu_dlc041_2.arc,6786,97F738D3,1380
share,GameData_20\menu_dlc042_2.arc,GameData_20\menu_dlc042_2.arc,1154,EE4016C0,1440
share,GameData_20\menu_dlc049_2.arc,GameData_20\menu_dlc049_2.arc,3106,E30D6F4C,1522
share,GameData_20\menu_dlc061_2.arc,GameData_20\menu_dlc061_2.arc,3810,F99C1D4E,1290
share,GameData_20\menu_dlc065_2.arc,GameData_20\menu_dlc065_2.arc,7602,D9387834,1380
share,GameData_20\menu_dlc074_2.arc,GameData_20\menu_dlc074_2.arc,5618,24C559D7,1312
share,GameData_20\menu_dlc100_2.arc,GameData_20\menu_dlc100_2.arc,1250,DFF94E9A,1400
share,GameData_20\menu_dlc101_2.arc,GameData_20\menu_dlc101_2.arc,1218,44DB4049,1481
share,GameData_20\menu_dlsite_2.arc,GameData_20\menu_dlsite_2.arc,1954,B2268BA7,1150
share,GameData_20\menu_kissevent2017march.arc,GameData_20\menu_kissevent2017march.arc,281,FF4EEB9B,1522
share,GameData_20\menu_kissevent2017march_2.arc,GameData_20\menu_kissevent2017march_2.arc,106624,14291926,1631
share,GameData_20\menu_magazine002_2.arc,GameData_20\menu_magazine002_2.arc,12498,691C1126,1471
share,GameData_20\menu_personal002_2.arc,GameData_20\menu_personal002_2.arc,1282,5687650C,1310
share,GameData_20\menu_shop001_2.arc,GameData_20\menu_shop001_2.arc,3314,35207C87,1150
share,GameData_20\menu_shop005_2.arc,GameData_20\menu_shop005_2.arc,1378,0C9AF725,1150
share,GameData_20\menu_vp001_2.arc,GameData_20\menu_vp001_2.arc,19138,7C7AFD9C,1400
share,GameData_20\menu_yomeido003_2.arc,GameData_20\menu_yomeido003_2.arc,1234,4D6F619D,1240
share,GameData_20\menu_yomeidogp_wedding_2.arc,GameData_20\menu_yomeidogp_wedding_2.arc,3954,C251B12C,1320
share,GameData_20\model_denkigai2015s003_2.arc,GameData_20\model_denkigai2015s003_2.arc,394665,41A48185,1150
share,GameData_20\model_denkigai2015wTowelR.arc,GameData_20\model_denkigai2015wTowelR.arc,38258,FB570A24,1360
share,GameData_20\model_denkigai2017s_2.arc,GameData_20\model_denkigai2017s_2.arc,462663,8917104A,1582
share,GameData_20\model_dlcdenkigai2017s_2.arc,GameData_20\model_dlcdenkigai2017s_2.arc,462667,9F0C3D54,1582
share,GameData_20\model_dlc005_2.arc,GameData_20\model_dlc005_2.arc,175424,F7DD7D82,1270
share,GameData_20\model_dlc046_2.arc,GameData_20\model_dlc046_2.arc,155690,83B34173,1220
share,GameData_20\model_dlc073_2.arc,GameData_20\model_dlc073_2.arc,267037,47D33A06,1320
share,GameData_20\model_dlc100_2.arc,GameData_20\model_dlc100_2.arc,691347,7C3D679D,1400
share,GameData_20\model_dlc109_2.arc,GameData_20\model_dlc109_2.arc,137998,8FCCF513,1460
share,GameData_20\model_dlc151_2.arc,GameData_20\model_dlc151_2.arc,213532,8C3C80C3,1520
share,GameData_20\model_dlsite_2.arc,GameData_20\model_dlsite_2.arc,197173,24366C43,1150
share,GameData_20\model_shop001_2.arc,GameData_20\model_shop001_2.arc,115215,9C941FAF,1150
share,GameData_20\model_shop002_2.arc,GameData_20\model_shop002_2.arc,251253,743C3D97,1150
share,GameData_20\model_shop003_2.arc,GameData_20\model_shop003_2.arc,185433,A15EC70A,1150
share,GameData_20\model_shop005_2.arc,GameData_20\model_shop005_2.arc,150103,FB5341FA,1150
share,GameData_20\model_shop007_2.arc,GameData_20\model_shop007_2.arc,288759,80615CBD,1150
share,GameData_20\model_vp001_2.arc,GameData_20\model_vp001_2.arc,647957,D68B5D2F,1400
share,GameData_20\texture_denkigai2015wTowelR.arc,GameData_20\texture_denkigai2015wTowelR.arc,133065,FE4BDC34,1360
share,GameData_20\texture_denkigai2016w_2.arc,GameData_20\texture_denkigai2016w_2.arc,10105247,3B4641C3,1450
share,GameData_20\texture_dlcdenkigai2016w_2.arc,GameData_20\texture_dlcdenkigai2016w_2.arc,10105332,90868016,1450
share,GameData_20\texture_kissevent2017march.arc,GameData_20\texture_kissevent2017march.arc,281,FF4EEB9B,1522
share,GameData_20\texture_kissevent2017march_2.arc,GameData_20\texture_kissevent2017march_2.arc,79432604,C7DD457A,1631
share,GameData_20\texture_dlc004_2.arc,GameData_20\texture_dlc004_2.arc,4805734,C8E5CFB4,1200
share,GameData_20\texture_dlc046_2.arc,GameData_20\texture_dlc046_2.arc,596960,FC606BA5,1220
share,GameData_20\texture_vp001_2.arc,GameData_20\texture_vp001_2.arc,755269,18D5027D,1400
share,GameData_20\texture_yomeido003_2.arc,GameData_20\texture_yomeido003_2.arc,117248,0EE72B42,1240
