0,0,CM3D2x64.exe,14913024,267C4E4A,101
0,0,CM3D2.exe,6248448,E5768F9F,101
0,0,CM3D2x64_Data\level0,147760,DC9A914F,101
0,0,CM3D2x64_Data\level1,203312,70E3C048,101
0,0,CM3D2x64_Data\level10,133488,A1DD89B2,101
0,0,CM3D2x64_Data\level11,157848,B0FB86B3,101
0,0,CM3D2x64_Data\level12,133488,79618B18,101
0,0,CM3D2x64_Data\level13,416376,2C946403,101
0,0,CM3D2x64_Data\level14,4376,8D293BE2,101
0,0,CM3D2x64_Data\level15,136568,13FFA330,101
0,0,CM3D2x64_Data\level16,4376,5F813654,101
0,0,CM3D2x64_Data\level17,134248,56634D79,101
0,0,CM3D2x64_Data\level18,186712,5494F123,101
0,0,CM3D2x64_Data\level2,420176,8CD832A8,101
0,0,CM3D2x64_Data\level3,614216,274FCD0B,101
0,0,CM3D2x64_Data\level4,539312,8DDC060F,101
0,0,CM3D2x64_Data\level5,133912,C9E31AC1,101
0,0,CM3D2x64_Data\level6,270536,7EAC71FD,101
0,0,CM3D2x64_Data\level7,174336,DE2C78F7,101
0,0,CM3D2x64_Data\level8,170528,6DCD236B,101
0,0,CM3D2x64_Data\level9,143520,B83CA81A,101
0,0,CM3D2x64_Data\mainData,803648,AC00A668,101
0,0,CM3D2x64_Data\PlayerConnectionConfigFile,19,A77C9E98,101
0,0,CM3D2x64_Data\resources.assets,206867000,0002F15B,101
0,0,CM3D2x64_Data\sharedassets0.assets,236451064,AD249E0B,101
0,0,CM3D2x64_Data\sharedassets1.assets,6998796,4FC6980F,101
0,0,CM3D2x64_Data\sharedassets10.assets,5256,0CA62269,101
0,0,CM3D2x64_Data\sharedassets11.assets,466308,6C732190,101
0,0,CM3D2x64_Data\sharedassets12.assets,5280,1125FA4D,101
0,0,CM3D2x64_Data\sharedassets13.assets,466308,C5A2A582,101
0,0,CM3D2x64_Data\sharedassets14.assets,1758656,282D8352,101
0,0,CM3D2x64_Data\sharedassets15.assets,4112,7565AAD3,101
0,0,CM3D2x64_Data\sharedassets16.assets,4200896,21CDF11A,101
0,0,CM3D2x64_Data\sharedassets17.assets,4112,6F1170DF,101
0,0,CM3D2x64_Data\sharedassets18.assets,5320,ED7F59C2,101
0,0,CM3D2x64_Data\sharedassets19.assets,3691748,CD2F3A49,101
0,0,CM3D2x64_Data\sharedassets2.assets,5612280,BF54779F,101
0,0,CM3D2x64_Data\sharedassets3.assets,13382352,D3457E4C,101
0,0,CM3D2x64_Data\sharedassets4.assets,170642964,C2799CAD,101
0,0,CM3D2x64_Data\sharedassets4.assets.resS,3985350,98874744,101
0,0,CM3D2x64_Data\sharedassets5.assets,6952140,CD9393B8,101
0,0,CM3D2x64_Data\sharedassets6.assets,503336,A05B74B2,101
0,0,CM3D2x64_Data\sharedassets7.assets,5456,20654570,101
0,0,CM3D2x64_Data\sharedassets8.assets,355444,AE599878,101
0,0,CM3D2x64_Data\sharedassets9.assets,11891476,C36DF9F0,101
0,0,CM3D2x64_Data\Managed\Accessibility.dll,10752,E4E77DC7,101
0,0,CM3D2x64_Data\Managed\Assembly-CSharp-firstpass.dll,163328,81FB0827,101
0,0,CM3D2x64_Data\Managed\Assembly-CSharp.dll,1750016,BEB533F9,101
0,0,CM3D2x64_Data\Managed\Assembly-UnityScript-firstpass.dll,65024,03E56834,101
0,0,CM3D2x64_Data\Managed\Boo.Lang.dll,126976,1E4A828D,101
0,0,CM3D2x64_Data\Managed\JsonFx.Json.dll,70144,A0F0CFCB,101
0,0,CM3D2x64_Data\Managed\Mono.Data.Tds.dll,96256,91E0BB7F,101
0,0,CM3D2x64_Data\Managed\Mono.Posix.dll,184320,2F4F12C4,101
0,0,CM3D2x64_Data\Managed\Mono.Security.dll,294912,DD165EC5,101
0,0,CM3D2x64_Data\Managed\Mono.WebBrowser.dll,172032,631F0611,101
0,0,CM3D2x64_Data\Managed\mscorlib.dll,2590208,E1020A4B,101
0,0,CM3D2x64_Data\Managed\System.Configuration.dll,124928,6B1D3776,101
0,0,CM3D2x64_Data\Managed\System.Core.dll,300032,95425E2C,101
0,0,CM3D2x64_Data\Managed\System.Data.dll,856064,AC9FDB6F,101
0,0,CM3D2x64_Data\Managed\System.dll,1678848,3731B01A,101
0,0,CM3D2x64_Data\Managed\System.Drawing.Design.dll,29696,E7B53FF9,101
0,0,CM3D2x64_Data\Managed\System.Drawing.dll,448512,C4B2E872,101
0,0,CM3D2x64_Data\Managed\System.EnterpriseServices.dll,46592,2719761F,101
0,0,CM3D2x64_Data\Managed\System.Security.dll,135168,051BE01E,101
0,0,CM3D2x64_Data\Managed\System.Transactions.dll,27648,4038EEFE,101
0,0,CM3D2x64_Data\Managed\System.Windows.Forms.dll,3053568,56394001,101
0,0,CM3D2x64_Data\Managed\System.Xml.dll,1270272,5C597B82,101
0,0,CM3D2x64_Data\Managed\System.Xml.Linq.dll,106496,8E124937,101
0,0,CM3D2x64_Data\Managed\UnityEngine.dll,612864,AB053A2C,101
0,0,CM3D2x64_Data\Managed\UnityEngine.UI.dll,176128,761D83BD,101
0,0,CM3D2x64_Data\Managed\UnityScript.Lang.dll,14336,4E18BC10,101
0,0,CM3D2x64_Data\Mono\mono.dll,2601984,FE106646,101
0,0,CM3D2x64_Data\Mono\etc\mono\browscap.ini,311984,CE6C0AB3,101
0,0,CM3D2x64_Data\Mono\etc\mono\config,1691,A635914A,101
0,0,CM3D2x64_Data\Mono\etc\mono\1.0\DefaultWsdlHelpGenerator.aspx,58196,10E814BF,101
0,0,CM3D2x64_Data\Mono\etc\mono\1.0\machine.config,17259,82F1AD8B,101
0,0,CM3D2x64_Data\Mono\etc\mono\2.0\DefaultWsdlHelpGenerator.aspx,60453,F3869A34,101
0,0,CM3D2x64_Data\Mono\etc\mono\2.0\machine.config,27626,4F6C3F79,101
0,0,CM3D2x64_Data\Mono\etc\mono\2.0\settings.map,2618,A1A3C29F,101
0,0,CM3D2x64_Data\Mono\etc\mono\2.0\web.config,11686,534A9960,101
0,0,CM3D2x64_Data\Mono\etc\mono\2.0\Browsers\Compat.browser,1605,2E178A0B,101
0,0,CM3D2x64_Data\Mono\etc\mono\mconfig\config.xml,25817,80B2033A,101
0,0,CM3D2x64_Data\Plugins\cm3d2_x64.dll,1473536,4677D0C8,101
0,0,CM3D2x64_Data\Plugins\device_hook.dll,87552,65F0207E,101
0,0,CM3D2x64_Data\Resources\unity default resources,1571709,31020360,101
0,0,CM3D2x64_Data\Resources\unity_builtin_extra,372672,3D91C1A2,101
0,0,GameData\csv.arc,968989,98E2A6E2,101
0,0,GameData\material2.arc,1630,490DD479,101
0,0,GameData\menu2.arc,115186,7C787A15,101
0,0,GameData\model2.arc,289823,2B0A87C9,101
0,0,GameData\motion2.arc,30036369,7E21EE72,101
0,0,GameData\script.arc,9821635,4F896135,101
0,0,GameData\sound2.arc,149306,86C70EAD,101
0,0,GameData\texture2.arc,622669718,A5FA93C6,101
0,0,GameData\voice2.arc,290990258,55953CD2,101
0,0,manual\data\004.png,699424,54A4DC50,101
0,0,manual\data\007.png,453984,97E623F5,101
0,0,manual\data\008.png,553674,7B23C3DF,101
0,0,manual\data\013.png,673884,992CEEC5,101
0,0,Preset\1_junshin.preset,43021,0D00795A,101
0,0,Preset\2_coodere.preset,43516,E9EBB0F2,101
0,0,Preset\3_tsundere.preset,48900,D0EF8B9E,101
0,0,Preset\4_default.preset,43697,C5E392BE,101
0,0,Preset\5_pretty_junshin.preset,40739,D9262BEF,101
0,0,Preset\6_pretty_coodere.preset,39554,E54D5766,101
0,0,Preset\7_pretty_tsundere.preset,38235,CA8437BB,101
