0,0,COM3D2x64_Data\Managed\Accessibility.dll,12288,778A87C9,34401
0,0,COM3D2x64_Data\Managed\Assembly-CSharp.dll,6330880,EBFDF70A,34401
0,0,COM3D2x64_Data\Managed\Assembly-CSharp-firstpass.dll,874496,76508A3A,34401
0,0,COM3D2x64_Data\Managed\BouncyCastle.Crypto.dll,2236416,5A4C4F07,34401
0,0,COM3D2x64_Data\Managed\FoveUnityPlugin.dll,28672,A6EA882B,34401
0,0,COM3D2x64_Data\Managed\ICSharpCode.SharpZipLib.dll,200704,D3160A1C,34401
0,0,COM3D2x64_Data\Managed\Ionic.Zlib.dll,102400,7C9E7DD2,34401
0,0,COM3D2x64_Data\Managed\JsonFx.Json.dll,70144,A0F0CFCB,34401
0,0,COM3D2x64_Data\Managed\LeapCSharp.NET3.5.dll,82432,38E38212,34401
0,0,COM3D2x64_Data\Managed\MagicaCloth.dll,380416,648339F7,34401
0,0,COM3D2x64_Data\Managed\MagicaClothV2.dll,419840,852BCA99,34401
0,0,COM3D2x64_Data\Managed\MessagePack.Annotations.dll,8192,D126FC16,34401
0,0,COM3D2x64_Data\Managed\MessagePack.dll,331776,366C40C7,34401
0,0,COM3D2x64_Data\Managed\Microsoft.NET.StringTools.dll,30336,C3CACDD5,34401
0,0,COM3D2x64_Data\Managed\Mono.Posix.dll,214528,968E9B9D,34401
0,0,COM3D2x64_Data\Managed\Mono.Security.dll,241152,90CD243C,34401
0,0,COM3D2x64_Data\Managed\Mono.WebBrowser.dll,166912,9EC422AF,34401
0,0,COM3D2x64_Data\Managed\mscorlib.dll,4631552,1CC22052,34401
0,0,COM3D2x64_Data\Managed\netstandard.dll,90112,975FFBBE,34401
0,0,COM3D2x64_Data\Managed\Newtonsoft.Json.dll,691712,8CEF25D0,34401
0,0,COM3D2x64_Data\Managed\System.ComponentModel.Composition.dll,257024,44EC5201,34401
0,0,COM3D2x64_Data\Managed\System.Configuration.dll,124928,5CF4B8F7,34401
0,0,COM3D2x64_Data\Managed\System.Core.dll,1113088,2602A15A,34401
0,0,COM3D2x64_Data\Managed\System.Data.DataSetExtensions.dll,29696,7A0640D6,34401
0,0,COM3D2x64_Data\Managed\System.Data.dll,2125312,07CEA976,34401
0,0,COM3D2x64_Data\Managed\System.dll,2637824,DC1055E7,34401
0,0,COM3D2x64_Data\Managed\System.Drawing.Design.dll,29696,E7B53FF9,34401
0,0,COM3D2x64_Data\Managed\System.Drawing.dll,489984,9C7932A7,34401
0,0,COM3D2x64_Data\Managed\System.EnterpriseServices.dll,44544,9D5266BB,34401
0,0,COM3D2x64_Data\Managed\System.IO.Compression.dll,114688,5A843287,34401
0,0,COM3D2x64_Data\Managed\System.IO.Compression.FileSystem.dll,18432,FE8B8424,34401
0,0,COM3D2x64_Data\Managed\System.Memory.dll,4608,F0BBFFDF,34401
0,0,COM3D2x64_Data\Managed\System.Net.Http.dll,122880,C982D760,34401
0,0,COM3D2x64_Data\Managed\System.Numerics.dll,119296,1947467C,34401
0,0,COM3D2x64_Data\Managed\System.Runtime.CompilerServices.Unsafe.dll,18024,8C9A1A8B,34401
0,0,COM3D2x64_Data\Managed\System.Runtime.dll,12288,58AE9F48,34401
0,0,COM3D2x64_Data\Managed\System.Runtime.Serialization.dll,934400,6800AA2B,34401
0,0,COM3D2x64_Data\Managed\System.Security.dll,320000,8BEA3DC4,34401
0,0,COM3D2x64_Data\Managed\System.ServiceModel.Internals.dll,215040,9655D9FB,34401
0,0,COM3D2x64_Data\Managed\System.Transactions.dll,35328,E2FF2F1E,34401
0,0,COM3D2x64_Data\Managed\System.Windows.Forms.dll,3053568,56394001,34401
0,0,COM3D2x64_Data\Managed\System.Xml.dll,3160064,6066CFE3,34401
0,0,COM3D2x64_Data\Managed\System.Xml.Linq.dll,136704,DDFB724A,34401
0,0,COM3D2x64_Data\Managed\Unity.AI.Navigation.dll,20480,6C3F29ED,34401
0,0,COM3D2x64_Data\Managed\Unity.Burst.dll,317440,861C1097,34401
0,0,COM3D2x64_Data\Managed\Unity.Burst.Unsafe.dll,5632,D504B969,34401
0,0,COM3D2x64_Data\Managed\Unity.Collections.dll,446976,3F8DAA02,34401
0,0,COM3D2x64_Data\Managed\Unity.Collections.LowLevel.ILSupport.dll,4608,15F3B0BE,34401
0,0,COM3D2x64_Data\Managed\Unity.InputSystem.dll,1102336,DA9C766A,34401
0,0,COM3D2x64_Data\Managed\Unity.InputSystem.ForUI.dll,4608,02BD34A0,34401
0,0,COM3D2x64_Data\Managed\Unity.Mathematics.dll,741376,DD7470DF,34401
0,0,COM3D2x64_Data\Managed\Unity.MemoryProfiler.dll,6144,F22A3638,34401
0,0,COM3D2x64_Data\Managed\Unity.Profiling.Core.dll,10240,2BC36CA8,34401
0,0,COM3D2x64_Data\Managed\Unity.RenderPipeline.Universal.ShaderLibrary.dll,8704,ADFE4196,34401
0,0,COM3D2x64_Data\Managed\Unity.RenderPipelines.Core.Runtime.dll,531968,2456B193,34401
0,0,COM3D2x64_Data\Managed\Unity.RenderPipelines.Core.ShaderLibrary.dll,5120,5B83D0F7,34401
0,0,COM3D2x64_Data\Managed\Unity.RenderPipelines.ShaderGraph.ShaderGraphLibrary.dll,5120,8F7B5D0F,34401
0,0,COM3D2x64_Data\Managed\Unity.RenderPipelines.Universal.Config.Runtime.dll,5632,84112225,34401
0,0,COM3D2x64_Data\Managed\Unity.RenderPipelines.Universal.Runtime.dll,782848,895A9D9B,34401
0,0,COM3D2x64_Data\Managed\Unity.RenderPipelines.Universal.Shaders.dll,5120,985CDE78,34401
0,0,COM3D2x64_Data\Managed\Unity.TextMeshPro.dll,380928,183F029B,34401
0,0,COM3D2x64_Data\Managed\Unity.Timeline.dll,128000,E0ABF95A,34401
0,0,COM3D2x64_Data\Managed\Unity.VisualScripting.Antlr3.Runtime.dll,86016,3268D00A,34401
0,0,COM3D2x64_Data\Managed\Unity.VisualScripting.Core.dll,627200,435DE069,34401
0,0,COM3D2x64_Data\Managed\Unity.VisualScripting.Flow.dll,404992,70E45AB1,34401
0,0,COM3D2x64_Data\Managed\Unity.VisualScripting.State.dll,32768,6AAA5B7C,34401
0,0,COM3D2x64_Data\Managed\Unity.XR.CoreUtils.dll,86016,CD4BDB33,34401
0,0,COM3D2x64_Data\Managed\Unity.XR.Management.dll,17408,137A5B7E,34401
0,0,COM3D2x64_Data\Managed\Unity.XR.OpenXR.dll,153088,84F58A4F,34401
0,0,COM3D2x64_Data\Managed\Unity.XR.OpenXR.Features.ConformanceAutomation.dll,8192,8881B4C6,34401
0,0,COM3D2x64_Data\Managed\Unity.XR.OpenXR.Features.MetaQuestSupport.dll,5632,FE40053F,34401
0,0,COM3D2x64_Data\Managed\Unity.XR.OpenXR.Features.MockRuntime.dll,10752,3A8D4AD1,34401
0,0,COM3D2x64_Data\Managed\Unity.XR.OpenXR.Features.OculusQuestSupport.dll,5632,6D9E0E6C,34401
0,0,COM3D2x64_Data\Managed\Unity.XR.OpenXR.Features.RuntimeDebugger.dll,6656,9B11A467,34401
0,0,COM3D2x64_Data\Managed\UnityEngine.AccessibilityModule.dll,22208,78C6C15D,34401
0,0,COM3D2x64_Data\Managed\UnityEngine.AIModule.dll,57024,A46DFD74,34401
0,0,COM3D2x64_Data\Managed\UnityEngine.AndroidJNIModule.dll,93376,B50A5AFB,34401
0,0,COM3D2x64_Data\Managed\UnityEngine.AnimationModule.dll,162496,241D474D,34401
0,0,COM3D2x64_Data\Managed\UnityEngine.ARModule.dll,19648,4A1D5F33,34401
0,0,COM3D2x64_Data\Managed\UnityEngine.AssetBundleModule.dll,31424,BBD1D7B1,34401
0,0,COM3D2x64_Data\Managed\UnityEngine.AudioModule.dll,69312,349E621F,34401
0,0,COM3D2x64_Data\Managed\UnityEngine.ClothModule.dll,24768,0D4371C4,34401
0,0,COM3D2x64_Data\Managed\UnityEngine.ClusterInputModule.dll,20160,B28C53A1,34401
0,0,COM3D2x64_Data\Managed\UnityEngine.ClusterRendererModule.dll,20672,918BC9BA,34401
0,0,COM3D2x64_Data\Managed\UnityEngine.ContentLoadModule.dll,25792,BB90FC09,34401
0,0,COM3D2x64_Data\Managed\UnityEngine.CoreModule.dll,1386688,48FD115A,34401
0,0,COM3D2x64_Data\Managed\UnityEngine.CrashReportingModule.dll,19648,41C76870,34401
0,0,COM3D2x64_Data\Managed\UnityEngine.DirectorModule.dll,23232,2CC1A420,34401
0,0,COM3D2x64_Data\Managed\UnityEngine.dll,125120,B56BB6D6,34401
0,0,COM3D2x64_Data\Managed\UnityEngine.DSPGraphModule.dll,27840,5F1EB63B,34401
0,0,COM3D2x64_Data\Managed\UnityEngine.GameCenterModule.dll,38592,B801B973,34401
0,0,COM3D2x64_Data\Managed\UnityEngine.GIModule.dll,18624,DA68DA5E,34401
0,0,COM3D2x64_Data\Managed\UnityEngine.GridModule.dll,23744,FF1520D8,34401
0,0,COM3D2x64_Data\Managed\UnityEngine.HotReloadModule.dll,18624,9E32D2C5,34401
0,0,COM3D2x64_Data\Managed\UnityEngine.ImageConversionModule.dll,22720,91655A3B,34401
0,0,COM3D2x64_Data\Managed\UnityEngine.IMGUIModule.dll,188608,DEA159BD,34401
0,0,COM3D2x64_Data\Managed\UnityEngine.InputLegacyModule.dll,37568,C1DB6A82,34401
0,0,COM3D2x64_Data\Managed\UnityEngine.InputModule.dll,22208,F997B8C7,34401
0,0,COM3D2x64_Data\Managed\UnityEngine.JSONSerializeModule.dll,20672,D57971D2,34401
0,0,COM3D2x64_Data\Managed\UnityEngine.LocalizationModule.dll,19648,AFDD1EBA,34401
0,0,COM3D2x64_Data\Managed\UnityEngine.NVIDIAModule.dll,32448,AA6EB95A,34401
0,0,COM3D2x64_Data\Managed\UnityEngine.ParticleSystemModule.dll,159424,1015EEB4,34401
0,0,COM3D2x64_Data\Managed\UnityEngine.PerformanceReportingModule.dll,19136,0306AACC,34401
0,0,COM3D2x64_Data\Managed\UnityEngine.Physics2DModule.dll,139968,A700CCF7,34401
0,0,COM3D2x64_Data\Managed\UnityEngine.PhysicsModule.dll,136896,4C25069F,34401
0,0,COM3D2x64_Data\Managed\UnityEngine.ProfilerModule.dll,18624,643CEF55,34401
0,0,COM3D2x64_Data\Managed\UnityEngine.PropertiesModule.dll,153792,EA69A163,34401
0,0,COM3D2x64_Data\Managed\UnityEngine.RuntimeInitializeOnLoadManagerInitializerModule.dll,18624,D76E22EE,34401
0,0,COM3D2x64_Data\Managed\UnityEngine.ScreenCaptureModule.dll,19648,541955E1,34401
0,0,COM3D2x64_Data\Managed\UnityEngine.SharedInternalsModule.dll,31424,4655484A,34401
0,0,COM3D2x64_Data\Managed\UnityEngine.SpatialTracking.dll,11776,80704D11,34401
0,0,COM3D2x64_Data\Managed\UnityEngine.SpriteMaskModule.dll,20160,28D62CA3,34401
0,0,COM3D2x64_Data\Managed\UnityEngine.SpriteShapeModule.dll,24768,9EA47AE4,34401
0,0,COM3D2x64_Data\Managed\UnityEngine.StreamingModule.dll,19136,8EBC9B33,34401
0,0,COM3D2x64_Data\Managed\UnityEngine.SubstanceModule.dll,23232,D79E791D,34401
0,0,COM3D2x64_Data\Managed\UnityEngine.SubsystemsModule.dll,33472,619F2CB8,34401
0,0,COM3D2x64_Data\Managed\UnityEngine.TerrainModule.dll,99520,C87BF8A8,34401
0,0,COM3D2x64_Data\Managed\UnityEngine.TerrainPhysicsModule.dll,19648,C362F820,34401
0,0,COM3D2x64_Data\Managed\UnityEngine.TextCoreFontEngineModule.dll,70848,91C2111D,34401
0,0,COM3D2x64_Data\Managed\UnityEngine.TextCoreTextEngineModule.dll,247488,47DA257F,34401
0,0,COM3D2x64_Data\Managed\UnityEngine.TextRenderingModule.dll,37568,64F4EAE3,34401
0,0,COM3D2x64_Data\Managed\UnityEngine.TilemapModule.dll,45248,86525F58,34401
0,0,COM3D2x64_Data\Managed\UnityEngine.TLSModule.dll,25280,28D4A9D2,34401
0,0,COM3D2x64_Data\Managed\UnityEngine.UI.dll,265728,B026644B,34401
0,0,COM3D2x64_Data\Managed\UnityEngine.UIElementsModule.dll,1526464,D2EF9FE4,34401
0,0,COM3D2x64_Data\Managed\UnityEngine.UIModule.dll,35008,16712D23,34401
0,0,COM3D2x64_Data\Managed\UnityEngine.UmbraModule.dll,18624,421ABF60,34401
0,0,COM3D2x64_Data\Managed\UnityEngine.UnityAnalyticsCommonModule.dll,19648,69C59A3E,34401
0,0,COM3D2x64_Data\Managed\UnityEngine.UnityAnalyticsModule.dll,43200,0E49D1A9,34401
0,0,COM3D2x64_Data\Managed\UnityEngine.UnityConnectModule.dll,20160,A5D5E39F,34401
0,0,COM3D2x64_Data\Managed\UnityEngine.UnityCurlModule.dll,20160,B71C41C4,34401
0,0,COM3D2x64_Data\Managed\UnityEngine.UnityTestProtocolModule.dll,18624,1E0DEBE9,34401
0,0,COM3D2x64_Data\Managed\UnityEngine.UnityWebRequestAssetBundleModule.dll,21696,69651A7A,34401
0,0,COM3D2x64_Data\Managed\UnityEngine.UnityWebRequestAudioModule.dll,21184,63F203EC,34401
0,0,COM3D2x64_Data\Managed\UnityEngine.UnityWebRequestModule.dll,56512,AF370A89,34401
0,0,COM3D2x64_Data\Managed\UnityEngine.UnityWebRequestTextureModule.dll,20160,6F60385C,34401
0,0,COM3D2x64_Data\Managed\UnityEngine.UnityWebRequestWWWModule.dll,29888,59764BF3,34401
0,0,COM3D2x64_Data\Managed\UnityEngine.VehiclesModule.dll,22720,195DA28D,34401
0,0,COM3D2x64_Data\Managed\UnityEngine.VFXModule.dll,57024,D3FF217B,34401
0,0,COM3D2x64_Data\Managed\UnityEngine.VideoModule.dll,39616,4592FDD4,34401
0,0,COM3D2x64_Data\Managed\UnityEngine.VirtualTexturingModule.dll,34496,1A77BE99,34401
0,0,COM3D2x64_Data\Managed\UnityEngine.VRModule.dll,25280,B7C1DF4D,34401
0,0,COM3D2x64_Data\Managed\UnityEngine.WindModule.dll,19648,34258888,34401
0,0,COM3D2x64_Data\Managed\UnityEngine.XR.LegacyInputHelpers.dll,23552,B6A6D19A,34401
0,0,COM3D2x64_Data\Managed\UnityEngine.XRModule.dll,69312,C01DB11A,34401
0,0,COM3D2x64_Data\Managed\Win32.dll,13312,7781C2A2,34401
0,0,COM3D2x64_Data\Managed\zxing.unity.dll,430592,9FD1F198,34401
0,0,COM3D2x64_Data\Plugins\x86_64\assimp.dll,4388864,7C910D84,34401
0,0,COM3D2x64_Data\Plugins\x86_64\Audio360.dll,1956352,0D4B8E9D,34401
0,0,COM3D2x64_Data\Plugins\x86_64\AVProVideo.dll,886272,278352F0,34401
0,0,COM3D2x64_Data\Plugins\x86_64\clothpp.dll,112128,7C3264A4,34401
0,0,COM3D2x64_Data\Plugins\x86_64\cm3d2.dll,2265088,CA67D1AD,34401
0,0,COM3D2x64_Data\Plugins\x86_64\device_hook.dll,738816,F61E7CED,34401
0,0,COM3D2x64_Data\Plugins\x86_64\FbxExporterCore.dll,12491776,CBAA51C1,34401
0,0,COM3D2x64_Data\Plugins\x86_64\FoveClient.dll,1849384,58C8B4F6,34401
0,0,COM3D2x64_Data\Plugins\x86_64\LeapC.dll,2516992,FBDD3767,34401
0,0,COM3D2x64_Data\Plugins\x86_64\lib_burst_generated.dll,1064960,8E53E010,34401
0,0,COM3D2x64_Data\Plugins\x86_64\openvr_api.dll,318272,44432E0F,34401
0,0,COM3D2x64_Data\Plugins\x86_64\openxr_loader.dll,1948672,A9899457,34401
0,0,COM3D2x64_Data\Plugins\x86_64\OVRGamepad.dll,12800,2C526135,34401
0,0,COM3D2x64_Data\Plugins\x86_64\OVRLipSync.dll,2512296,391C1F4C,34401
0,0,COM3D2x64_Data\Plugins\x86_64\UnityOpenXR.dll,740864,6285EC22,34401
0,0,COM3D2x64_Data\Plugins\x86_64\Win32-WebView.dll,504832,382AEE66,34401
0,0,COM3D2x64_Data\Resources\unity default resources,1564256,28AF3A61,34401
0,0,COM3D2x64_Data\Resources\unity_builtin_extra,428296,1A294B77,34401
0,0,COM3D2x64_Data\UnitySubsystems\UnityOpenXR\UnitySubsystemsManifest.json,334,076D4451,34401
0,0,COM3D2x64_Data\app.info,27,F9A266E7,34401
0,0,COM3D2x64_Data\boot.config,128,88B7337A,34401
0,0,COM3D2x64_Data\globalgamemanagers,5355860,3ED2081F,34401
0,0,COM3D2x64_Data\globalgamemanagers.assets,568248,B4FBB78B,34401
0,0,COM3D2x64_Data\globalgamemanagers.assets.resS,2796240,F6707524,34401
0,0,COM3D2x64_Data\level0,362852,F502983B,34401
0,0,COM3D2x64_Data\level1,385788,8385D648,34401
0,0,COM3D2x64_Data\level2,381452,66F26B72,34401
0,0,COM3D2x64_Data\level3,1274812,066EEAC0,34401
0,0,COM3D2x64_Data\level4,1312452,7FF58428,34401
0,0,COM3D2x64_Data\level5,1359900,DBAD113C,34401
0,0,COM3D2x64_Data\level6,364884,04534E20,34401
0,0,COM3D2x64_Data\level7,1099036,BB4B14C0,34401
0,0,COM3D2x64_Data\level8,396468,B4FC5086,34401
0,0,COM3D2x64_Data\level9,465508,A29AD46D,34401
0,0,COM3D2x64_Data\level10,390252,600C918A,34401
0,0,COM3D2x64_Data\level11,363380,E859F9AA,34401
0,0,COM3D2x64_Data\level12,476180,65B77032,34401
0,0,COM3D2x64_Data\level13,367588,8D691FF9,34401
0,0,COM3D2x64_Data\level14,916636,7832BABF,34401
0,0,COM3D2x64_Data\level15,4996,946E67E5,34401
0,0,COM3D2x64_Data\level16,365372,297D874D,34401
0,0,COM3D2x64_Data\level17,1192,43C11445,34401
0,0,COM3D2x64_Data\level18,382172,11989E4D,34401
0,0,COM3D2x64_Data\level19,371932,ECC98012,34401
0,0,COM3D2x64_Data\level20,1050388,51F3B69C,34401
0,0,COM3D2x64_Data\level21,469828,8C275C64,34401
0,0,COM3D2x64_Data\level22,1180308,6346EB03,34401
0,0,COM3D2x64_Data\level23,448700,8C776134,34401
0,0,COM3D2x64_Data\level24,714556,A31AFFC7,34401
0,0,COM3D2x64_Data\level25,386244,97C31B14,34401
0,0,COM3D2x64_Data\level26,2246572,482CC871,34401
0,0,COM3D2x64_Data\level27,1210692,0F17D23D,34401
0,0,COM3D2x64_Data\level28,386244,3CCEF5F9,34401
0,0,COM3D2x64_Data\level29,1183484,FE13F68D,34401
0,0,COM3D2x64_Data\level30,378644,2A34527F,34401
0,0,COM3D2x64_Data\level31,488244,E2871054,34401
0,0,COM3D2x64_Data\level32,29832,1DD25ABF,34401
0,0,COM3D2x64_Data\level32.resS,131232,DEC6292A,34401
0,0,COM3D2x64_Data\level33,58924,39E40892,34401
0,0,COM3D2x64_Data\level34,64856,341AA1D4,34401
0,0,COM3D2x64_Data\level35,4032,BDA21A17,34401
0,0,COM3D2x64_Data\level36,363772,EB3320AB,34401
0,0,COM3D2x64_Data\level37,1686708,88B9A80C,34401
0,0,COM3D2x64_Data\level38,1541028,AFDEED64,34401
0,0,COM3D2x64_Data\level39,1562892,A9F700E2,34401
0,0,COM3D2x64_Data\level40,461700,85473304,34401
0,0,COM3D2x64_Data\level41,420684,2746AADF,34401
0,0,COM3D2x64_Data\level42,462436,3EE9D47B,34401
0,0,COM3D2x64_Data\level43,1454260,61F88154,34401
0,0,COM3D2x64_Data\level44,1524452,9C973C97,34401
0,0,COM3D2x64_Data\level45,1652068,05D250F7,34401
0,0,COM3D2x64_Data\level46,457476,2657D266,34401
0,0,COM3D2x64_Data\level47,411820,2374BAF3,34401
0,0,COM3D2x64_Data\level48,463508,7A92BEC7,34401
0,0,COM3D2x64_Data\level49,430860,3A2AE868,34401
0,0,COM3D2x64_Data\level50,1481108,CD9C3DCB,34401
0,0,COM3D2x64_Data\level51,414788,A04F4660,34401
0,0,COM3D2x64_Data\level52,712852,9615FC92,34401
0,0,COM3D2x64_Data\level53,655108,B778CE87,34401
0,0,COM3D2x64_Data\level54,387636,6CE8661D,34401
0,0,COM3D2x64_Data\level55,1380412,A47E2391,34401
0,0,COM3D2x64_Data\level56,1123300,EB0E571C,34401
0,0,COM3D2x64_Data\level57,1130660,656A16AF,34401
0,0,COM3D2x64_Data\level58,1380412,44F89745,34401
0,0,COM3D2x64_Data\level59,1260732,2AE3AB28,34401
0,0,COM3D2x64_Data\level60,1041996,BFC030C9,34401
0,0,COM3D2x64_Data\level61,1337596,375E0353,34401
0,0,COM3D2x64_Data\level62,1441492,78F32B98,34401
0,0,COM3D2x64_Data\level63,730412,EB5A3A3B,34401
0,0,COM3D2x64_Data\level64,1015052,E5D7C85A,34401
0,0,COM3D2x64_Data\level65,440908,D71B1954,34401
0,0,COM3D2x64_Data\level66,437180,26B6F169,34401
0,0,COM3D2x64_Data\level67,481924,1AF3E09B,34401
0,0,COM3D2x64_Data\level68,504692,537A272E,34401
0,0,COM3D2x64_Data\level69,431172,051B3960,34401
0,0,COM3D2x64_Data\level70,492740,CCB1D5CF,34401
0,0,COM3D2x64_Data\level71,1142124,07CA55A4,34401
0,0,COM3D2x64_Data\level72,1060988,7A6FA7CC,34401
0,0,COM3D2x64_Data\level73,485108,62302359,34401
0,0,COM3D2x64_Data\level74,507828,F5046A3E,34401
0,0,COM3D2x64_Data\level75,498164,5D1FA8F0,34401
0,0,COM3D2x64_Data\level76,1142108,E7150EF7,34401
0,0,COM3D2x64_Data\level77,1104284,7C4A28DE,34401
0,0,COM3D2x64_Data\level78,490996,DAE42C27,34401
0,0,COM3D2x64_Data\level79,475164,28B10BCD,34401
0,0,COM3D2x64_Data\level80,456316,ECCCA466,34401
0,0,COM3D2x64_Data\level81,392628,07148761,34401
0,0,COM3D2x64_Data\level82,1491300,D15833F3,34401
0,0,COM3D2x64_Data\level83,1430388,8CE665E4,34401
0,0,COM3D2x64_Data\level84,547732,E8809DD6,34401
0,0,COM3D2x64_Data\level85,439332,91A8F5E5,34401
0,0,COM3D2x64_Data\level86,1370492,4E09A1E6,34401
0,0,COM3D2x64_Data\level87,1069260,1C48E90F,34401
0,0,COM3D2x64_Data\level88,1548124,06DE9064,34401
0,0,COM3D2x64_Data\level89,1488564,73E3BBB4,34401
0,0,COM3D2x64_Data\level90,1686724,095487CA,34401
0,0,COM3D2x64_Data\level91,1652084,696D1EC2,34401
0,0,COM3D2x64_Data\level92,1488908,77EDFD7D,34401
0,0,COM3D2x64_Data\level93,1454268,7DE447A2,34401
0,0,COM3D2x64_Data\level94,452716,101FC7F9,34401
0,0,COM3D2x64_Data\level95,442892,59608E39,34401
0,0,COM3D2x64_Data\level96,1124820,381AB70D,34401
0,0,COM3D2x64_Data\level97,918748,4F6A95FA,34401
0,0,COM3D2x64_Data\level98,1024804,019C3632,34401
0,0,COM3D2x64_Data\level99,915804,02B8AE76,34401
0,0,COM3D2x64_Data\level100,1124292,2902A6FF,34401
0,0,COM3D2x64_Data\level101,1823692,58BAD0F9,34401
0,0,COM3D2x64_Data\level102,1774164,9DF83BEE,34401
0,0,COM3D2x64_Data\level103,1211988,A697EB79,34401
0,0,COM3D2x64_Data\level104,1155516,42785A73,34401
0,0,COM3D2x64_Data\level105,1634500,9952CE98,34401
0,0,COM3D2x64_Data\level106,1739284,DAF8FA58,34401
0,0,COM3D2x64_Data\level107,1153252,81A0963A,34401
0,0,COM3D2x64_Data\level108,1062588,DC429962,34401
0,0,COM3D2x64_Data\level109,1810652,611F3E67,34401
0,0,COM3D2x64_Data\level110,1698556,96332C58,34401
0,0,COM3D2x64_Data\level111,515108,5FFF03A3,34401
0,0,COM3D2x64_Data\level112,535412,D4B5BEE6,34401
0,0,COM3D2x64_Data\level113,626140,C0907BA5,34401
0,0,COM3D2x64_Data\level114,563084,14868BE2,34401
0,0,COM3D2x64_Data\level114.resS,131232,F174E031,34401
0,0,COM3D2x64_Data\level115,510012,1CEDE0CD,34401
0,0,COM3D2x64_Data\level116,624252,EB83A448,34401
0,0,COM3D2x64_Data\level117,533932,FA04088B,34401
0,0,COM3D2x64_Data\level118,1867860,8B26A3A0,34401
0,0,COM3D2x64_Data\level119,1592348,351FEFFF,34401
0,0,COM3D2x64_Data\level120,1403148,9422A7FB,34401
0,0,COM3D2x64_Data\level121,1246692,D6783739,34401
0,0,COM3D2x64_Data\level122,1340404,0CA092B5,34401
0,0,COM3D2x64_Data\level123,1536980,CFE32959,34401
0,0,COM3D2x64_Data\level124,1436220,5D19F3FB,34401
0,0,COM3D2x64_Data\level125,1006676,91902898,34401
0,0,COM3D2x64_Data\level126,606556,784EBB64,34401
0,0,COM3D2x64_Data\level127,1077844,26E75549,34401
0,0,COM3D2x64_Data\level128,994980,D163884F,34401
0,0,COM3D2x64_Data\level129,361620,54A77CF7,34401
0,0,COM3D2x64_Data\level130,766404,AC4DD0F0,34401
0,0,COM3D2x64_Data\level131,1008372,C048A446,34401
0,0,COM3D2x64_Data\level132,969692,F33546AC,34401
0,0,COM3D2x64_Data\level133,950220,BB7B761D,34401
0,0,COM3D2x64_Data\level134,439428,69A9C59E,34401
0,0,COM3D2x64_Data\level135,924164,77BF2B5B,34401
0,0,COM3D2x64_Data\level136,579836,B9676FB8,34401
0,0,COM3D2x64_Data\level137,584148,66FB05FA,34401
0,0,COM3D2x64_Data\level138,610180,8342689C,34401
0,0,COM3D2x64_Data\level139,608532,3AE4460B,34401
0,0,COM3D2x64_Data\level140,610316,6934BFFC,34401
0,0,COM3D2x64_Data\level141,612756,11549B3C,34401
0,0,COM3D2x64_Data\level142,544620,D9A40638,34401
0,0,COM3D2x64_Data\level143,548948,3420B010,34401
0,0,COM3D2x64_Data\level144,573812,23163110,34401
0,0,COM3D2x64_Data\level145,605220,E973B85F,34401
0,0,COM3D2x64_Data\level146,574956,1A883E95,34401
0,0,COM3D2x64_Data\level147,578028,369A75EB,34401
0,0,COM3D2x64_Data\level148,566828,06D296B3,34401
0,0,COM3D2x64_Data\level149,606340,AC7083C9,34401
0,0,COM3D2x64_Data\level150,470084,83A1C96E,34401
0,0,COM3D2x64_Data\level151,370324,073BFCFF,34401
0,0,COM3D2x64_Data\level152,458844,28F93D00,34401
0,0,COM3D2x64_Data\level152.resS,131232,F174E031,34401
0,0,COM3D2x64_Data\level153,1100188,60A8B714,34401
0,0,COM3D2x64_Data\level154,1507684,2DD5A471,34401
0,0,COM3D2x64_Data\level155,419940,2206E572,34401
0,0,COM3D2x64_Data\level156,456436,EC347168,34401
0,0,COM3D2x64_Data\level157,465108,6B944118,34401
0,0,COM3D2x64_Data\resources.assets,528616964,837B0876,34401
0,0,COM3D2x64_Data\resources.assets.resS,2067603248,A313F9CA,34401
0,0,COM3D2x64_Data\resources.resource,1348992,64168176,34401
0,0,COM3D2x64_Data\RuntimeInitializeOnLoads.json,5254,DD57C130,34401
0,0,COM3D2x64_Data\ScriptingAssemblies.json,4395,31B91F14,34401
0,0,COM3D2x64_Data\sharedassets0.assets,31770932,53BD009A,34401
0,0,COM3D2x64_Data\sharedassets0.assets.resS,28071648,6B7564F2,34401
0,0,COM3D2x64_Data\sharedassets1.assets,2301,3EC70BCF,34401
0,0,COM3D2x64_Data\sharedassets2.assets,2337,A61D05F9,34401
0,0,COM3D2x64_Data\sharedassets3.assets,4305,9FFA3C6C,34401
0,0,COM3D2x64_Data\sharedassets4.assets,9009,0C10FF34,34401
0,0,COM3D2x64_Data\sharedassets5.assets,3333,28721FB8,34401
0,0,COM3D2x64_Data\sharedassets6.assets,2205,FD2E9884,34401
0,0,COM3D2x64_Data\sharedassets7.assets,3057,74259D60,34401
0,0,COM3D2x64_Data\sharedassets8.assets,2193,B4DF96AC,34401
0,0,COM3D2x64_Data\sharedassets9.assets,3201,4B883CCC,34401
0,0,COM3D2x64_Data\sharedassets10.assets,2137,58A9FCF2,34401
0,0,COM3D2x64_Data\sharedassets11.assets,2133,C2DFE11F,34401
0,0,COM3D2x64_Data\sharedassets12.assets,2541,DFCB74E9,34401
0,0,COM3D2x64_Data\sharedassets13.assets,2325,C90E7EC3,34401
0,0,COM3D2x64_Data\sharedassets14.assets,2961,9B0F736F,34401
0,0,COM3D2x64_Data\sharedassets15.assets,553,A3AA8E4F,34401
0,0,COM3D2x64_Data\sharedassets16.assets,2193,257370DF,34401
0,0,COM3D2x64_Data\sharedassets17.assets,277,63E59E3F,34401
0,0,COM3D2x64_Data\sharedassets18.assets,2877,FE1C579E,34401
0,0,COM3D2x64_Data\sharedassets19.assets,2277,9A03D3BE,34401
0,0,COM3D2x64_Data\sharedassets20.assets,8841,EEDB9198,34401
0,0,COM3D2x64_Data\sharedassets21.assets,2373,E2418D06,34401
0,0,COM3D2x64_Data\sharedassets22.assets,8877,ACCB244A,34401
0,0,COM3D2x64_Data\sharedassets23.assets,2361,B748F949,34401
0,0,COM3D2x64_Data\sharedassets24.assets,2421,7E2D8AB2,34401
0,0,COM3D2x64_Data\sharedassets25.assets,2413,58BF4941,34401
0,0,COM3D2x64_Data\sharedassets26.assets,3153,7A26FB07,34401
0,0,COM3D2x64_Data\sharedassets27.assets,8853,51531F94,34401
0,0,COM3D2x64_Data\sharedassets28.assets,2405,89B4992B,34401
0,0,COM3D2x64_Data\sharedassets29.assets,8853,51531F94,34401
0,0,COM3D2x64_Data\sharedassets30.assets,2125,D49D744C,34401
0,0,COM3D2x64_Data\sharedassets31.assets,2648,B0C5F413,34401
0,0,COM3D2x64_Data\sharedassets32.assets,10456,1D1018B8,34401
0,0,COM3D2x64_Data\sharedassets33.assets,597,2B2812A7,34401
0,0,COM3D2x64_Data\sharedassets34.assets,501,586ABE20,34401
0,0,COM3D2x64_Data\sharedassets35.assets,505,58AC1D2C,34401
0,0,COM3D2x64_Data\sharedassets36.assets,2137,D982F797,34401
0,0,COM3D2x64_Data\sharedassets37.assets,8841,68960B47,34401
0,0,COM3D2x64_Data\sharedassets38.assets,8841,6599FC66,34401
0,0,COM3D2x64_Data\sharedassets39.assets,8841,40060AD9,34401
0,0,COM3D2x64_Data\sharedassets40.assets,3201,615023DB,34401
0,0,COM3D2x64_Data\sharedassets41.assets,2961,2153DD2F,34401
0,0,COM3D2x64_Data\sharedassets42.assets,3381,5822321D,34401
0,0,COM3D2x64_Data\sharedassets43.assets,5565,8657098D,34401
0,0,COM3D2x64_Data\sharedassets44.assets,5673,AA9C331A,34401
0,0,COM3D2x64_Data\sharedassets45.assets,5661,FBF9845A,34401
0,0,COM3D2x64_Data\sharedassets46.assets,4653,DB1EC642,34401
0,0,COM3D2x64_Data\sharedassets47.assets,2601,C2730F13,34401
0,0,COM3D2x64_Data\sharedassets48.assets,4389,ECEBD245,34401
0,0,COM3D2x64_Data\sharedassets49.assets,800316,25B8C19E,34401
0,0,COM3D2x64_Data\sharedassets49.assets.resS,6507040,06B77963,34401
0,0,COM3D2x64_Data\sharedassets50.assets,8841,A09F52F4,34401
0,0,COM3D2x64_Data\sharedassets51.assets,2601,5845A600,34401
0,0,COM3D2x64_Data\sharedassets52.assets,2865,1ABAE047,34401
0,0,COM3D2x64_Data\sharedassets53.assets,2769,1364DBBA,34401
0,0,COM3D2x64_Data\sharedassets54.assets,2149,A8A9E51A,34401
0,0,COM3D2x64_Data\sharedassets55.assets,8925,66CC975E,34401
0,0,COM3D2x64_Data\sharedassets56.assets,5433,885064EC,34401
0,0,COM3D2x64_Data\sharedassets57.assets,5469,B116545B,34401
0,0,COM3D2x64_Data\sharedassets58.assets,8925,66CC975E,34401
0,0,COM3D2x64_Data\sharedassets59.assets,5625,C818AFDD,34401
0,0,COM3D2x64_Data\sharedassets60.assets,5493,746FD9AA,34401
0,0,COM3D2x64_Data\sharedassets61.assets,5637,0D9FD971,34401
0,0,COM3D2x64_Data\sharedassets62.assets,5673,AA9C331A,34401
0,0,COM3D2x64_Data\sharedassets63.assets,2697,855140A0,34401
0,0,COM3D2x64_Data\sharedassets64.assets,5661,FBF9845A,34401
0,0,COM3D2x64_Data\sharedassets65.assets,6450,1854DF09,34401
0,0,COM3D2x64_Data\sharedassets65.assets.resS,87408,84350FBB,34401
0,0,COM3D2x64_Data\sharedassets65.resource,41406086,938147B5,34401
0,0,COM3D2x64_Data\sharedassets66.assets,3362,981643BF,34401
0,0,COM3D2x64_Data\sharedassets66.resource,36841226,318CE5DA,34401
0,0,COM3D2x64_Data\sharedassets67.assets,3322,6E99D7F5,34401
0,0,COM3D2x64_Data\sharedassets67.resource,32680665,5F8810A9,34401
0,0,COM3D2x64_Data\sharedassets68.assets,17266,CF901ED4,34401
0,0,COM3D2x64_Data\sharedassets68.assets.resS,174784,C6783C52,34401
0,0,COM3D2x64_Data\sharedassets68.resource,35964702,CC2B1BFE,34401
0,0,COM3D2x64_Data\sharedassets69.assets,3346,381483E8,34401
0,0,COM3D2x64_Data\sharedassets69.resource,40585017,61D6AACB,34401
0,0,COM3D2x64_Data\sharedassets70.assets,3562,DF9609CC,34401
0,0,COM3D2x64_Data\sharedassets70.resource,38610538,C2CDB3C3,34401
0,0,COM3D2x64_Data\sharedassets71.assets,3014356,2670AB46,34401
0,0,COM3D2x64_Data\sharedassets71.assets.resS,611744,E0F83BD4,34401
0,0,COM3D2x64_Data\sharedassets72.assets,5769,FEB3E975,34401
0,0,COM3D2x64_Data\sharedassets73.assets,2697,6EC035C6,34401
0,0,COM3D2x64_Data\sharedassets74.assets,2697,6EC035C6,34401
0,0,COM3D2x64_Data\sharedassets75.assets,2697,6EC035C6,34401
0,0,COM3D2x64_Data\sharedassets76.assets,8853,45E7E3DC,34401
0,0,COM3D2x64_Data\sharedassets77.assets,5673,0C665EAA,34401
0,0,COM3D2x64_Data\sharedassets78.assets,2613,54011590,34401
0,0,COM3D2x64_Data\sharedassets79.assets,55760,273890EA,34401
0,0,COM3D2x64_Data\sharedassets79.assets.resS,174784,F8E8E9F8,34401
0,0,COM3D2x64_Data\sharedassets80.assets,2625,F76B55CB,34401
0,0,COM3D2x64_Data\sharedassets81.assets,2769,0C288BC3,34401
0,0,COM3D2x64_Data\sharedassets82.assets,756768,06ECD20C,34401
0,0,COM3D2x64_Data\sharedassets82.assets.resS,1310896,5596E62C,34401
0,0,COM3D2x64_Data\sharedassets82.resource,1657856,B35361D0,34401
0,0,COM3D2x64_Data\sharedassets83.assets,5541,78F85481,34401
0,0,COM3D2x64_Data\sharedassets84.assets,3415164,E1BBD8C8,34401
0,0,COM3D2x64_Data\sharedassets84.assets.resS,6226160,5BDA7B19,34401
0,0,COM3D2x64_Data\sharedassets85.assets,2649,770E7A56,34401
0,0,COM3D2x64_Data\sharedassets86.assets,10101,04604F17,34401
0,0,COM3D2x64_Data\sharedassets87.assets,5661,FBF9845A,34401
0,0,COM3D2x64_Data\sharedassets88.assets,8877,C363CF2A,34401
0,0,COM3D2x64_Data\sharedassets89.assets,5661,23D86F76,34401
0,0,COM3D2x64_Data\sharedassets90.assets,8841,68960B47,34401
0,0,COM3D2x64_Data\sharedassets91.assets,5661,FBF9845A,34401
0,0,COM3D2x64_Data\sharedassets92.assets,8877,C363CF2A,34401
0,0,COM3D2x64_Data\sharedassets93.assets,6609,985BC352,34401
0,0,COM3D2x64_Data\sharedassets94.assets,2973,BB6394F6,34401
0,0,COM3D2x64_Data\sharedassets95.assets,2481,C15B95EF,34401
0,0,COM3D2x64_Data\sharedassets96.assets,7876,704DF589,34401
0,0,COM3D2x64_Data\sharedassets96.resource,2729248,FCB8D689,34401
0,0,COM3D2x64_Data\sharedassets97.assets,7689,50E26756,34401
0,0,COM3D2x64_Data\sharedassets98.assets,4389,0D269345,34401
0,0,COM3D2x64_Data\sharedassets99.assets,3753,8E6F2371,34401
0,0,COM3D2x64_Data\sharedassets100.assets,352924,19116FFC,34401
0,0,COM3D2x64_Data\sharedassets100.assets.resS,2272064,E37F670D,34401
0,0,COM3D2x64_Data\sharedassets100.resource,6236928,E2AEF877,34401
0,0,COM3D2x64_Data\sharedassets101.assets,6568072,A00F10BC,34401
0,0,COM3D2x64_Data\sharedassets101.assets.resS,10944,57B9B85D,34401
0,0,COM3D2x64_Data\sharedassets101.resource,2053248,CCA7A7B1,34401
0,0,COM3D2x64_Data\sharedassets102.assets,6525,F64988D1,34401
0,0,COM3D2x64_Data\sharedassets103.assets,8985,792201C5,34401
0,0,COM3D2x64_Data\sharedassets104.assets,5781,73EE9A93,34401
0,0,COM3D2x64_Data\sharedassets105.assets,5956,2AD10C50,34401
0,0,COM3D2x64_Data\sharedassets105.resource,1239072,9EF23F8B,34401
0,0,COM3D2x64_Data\sharedassets106.assets,9189,F37292EE,34401
0,0,COM3D2x64_Data\sharedassets107.assets,9045,7F7F6288,34401
0,0,COM3D2x64_Data\sharedassets108.assets,5721,A517BEE5,34401
0,0,COM3D2x64_Data\sharedassets109.assets,9540,A5ACE096,34401
0,0,COM3D2x64_Data\sharedassets109.resource,1500320,468304E6,34401
0,0,COM3D2x64_Data\sharedassets110.assets,6081,159FFAF8,34401
0,0,COM3D2x64_Data\sharedassets111.assets,2853,B7F0A4BD,34401
0,0,COM3D2x64_Data\sharedassets112.assets,2853,B7F0A4BD,34401
0,0,COM3D2x64_Data\sharedassets113.assets,2769,2413329A,34401
0,0,COM3D2x64_Data\sharedassets114.assets,2433,2958DDA4,34401
0,0,COM3D2x64_Data\sharedassets115.assets,2769,2413329A,34401
0,0,COM3D2x64_Data\sharedassets116.assets,2865,EA58EE2F,34401
0,0,COM3D2x64_Data\sharedassets117.assets,2769,2413329A,34401
0,0,COM3D2x64_Data\sharedassets118.assets,9021,60E23E46,34401
0,0,COM3D2x64_Data\sharedassets119.assets,5709,D2533917,34401
0,0,COM3D2x64_Data\sharedassets120.assets,393656,E5795E81,34401
0,0,COM3D2x64_Data\sharedassets120.assets.resS,2184656,EE6A6E48,34401
0,0,COM3D2x64_Data\sharedassets121.assets,5940,5659F5FC,34401
0,0,COM3D2x64_Data\sharedassets121.resource,2752064,01AB8E9E,34401
0,0,COM3D2x64_Data\sharedassets122.assets,9117,945F08F9,34401
0,0,COM3D2x64_Data\sharedassets123.assets,9105,5717C0FD,34401
0,0,COM3D2x64_Data\sharedassets124.assets,5781,9B50C61C,34401
0,0,COM3D2x64_Data\sharedassets125.assets,3316,1C9C8B67,34401
0,0,COM3D2x64_Data\sharedassets125.resource,6331360,376DAB75,34401
0,0,COM3D2x64_Data\sharedassets126.assets,3189,A1A44594,34401
0,0,COM3D2x64_Data\sharedassets127.assets,83284,A0E59EA8,34401
0,0,COM3D2x64_Data\sharedassets127.resource,8838560,027F254D,34401
0,0,COM3D2x64_Data\sharedassets128.assets,4341,A950538E,34401
0,0,COM3D2x64_Data\sharedassets129.assets,2077,66447661,34401
0,0,COM3D2x64_Data\sharedassets130.assets,3933,E7373979,34401
0,0,COM3D2x64_Data\sharedassets131.assets,7425,C8F62D8F,34401
0,0,COM3D2x64_Data\sharedassets132.assets,4233,62D96B9E,34401
0,0,COM3D2x64_Data\sharedassets133.assets,613456,18681472,34401
0,0,COM3D2x64_Data\sharedassets133.assets.resS,6138656,2613FE39,34401
0,0,COM3D2x64_Data\sharedassets134.assets,2649,AFCF3D71,34401
0,0,COM3D2x64_Data\sharedassets135.assets,3213,EB246EB2,34401
0,0,COM3D2x64_Data\sharedassets136.assets,3117,7B856F80,34401
0,0,COM3D2x64_Data\sharedassets137.assets,3117,7B856F80,34401
0,0,COM3D2x64_Data\sharedassets138.assets,3117,7B856F80,34401
0,0,COM3D2x64_Data\sharedassets139.assets,3117,7B856F80,34401
0,0,COM3D2x64_Data\sharedassets140.assets,3117,7B856F80,34401
0,0,COM3D2x64_Data\sharedassets141.assets,3117,7B856F80,34401
0,0,COM3D2x64_Data\sharedassets142.assets,2769,2413329A,34401
0,0,COM3D2x64_Data\sharedassets143.assets,2769,2413329A,34401
0,0,COM3D2x64_Data\sharedassets144.assets,2769,2413329A,34401
0,0,COM3D2x64_Data\sharedassets145.assets,2769,2413329A,34401
0,0,COM3D2x64_Data\sharedassets146.assets,2769,2413329A,34401
0,0,COM3D2x64_Data\sharedassets147.assets,2769,2413329A,34401
0,0,COM3D2x64_Data\sharedassets148.assets,2769,2413329A,34401
0,0,COM3D2x64_Data\sharedassets149.assets,3117,7B856F80,34401
0,0,COM3D2x64_Data\sharedassets150.assets,2493,0A6B0F60,34401
0,0,COM3D2x64_Data\sharedassets151.assets,2205,56465467,34401
0,0,COM3D2x64_Data\sharedassets152.assets,3477,9BCDC414,34401
0,0,COM3D2x64_Data\sharedassets153.assets,210016,560FD06C,34401
0,0,COM3D2x64_Data\sharedassets153.assets.resS,174784,F8825DB8,34401
0,0,COM3D2x64_Data\sharedassets154.assets,6588,2B715EB5,34401
0,0,COM3D2x64_Data\sharedassets155.assets,2493,52AB9495,34401
0,0,COM3D2x64_Data\sharedassets156.assets,2493,BBD4CCB3,34401
0,0,COM3D2x64_Data\sharedassets157.assets,2613,45F509EC,34401
0,0,MonoBleedingEdge\EmbedRuntime\mono-2.0-bdwgc.dll,7895744,19AF8B01,34401
0,0,MonoBleedingEdge\EmbedRuntime\MonoPosixHelper.dll,609472,68524C42,34401
0,0,MonoBleedingEdge\etc\mono\2.0\Browsers\Compat.browser,1605,2E178A0B,34401
0,0,MonoBleedingEdge\etc\mono\2.0\DefaultWsdlHelpGenerator.aspx,60575,95F9D0B4,34401
0,0,MonoBleedingEdge\etc\mono\2.0\machine.config,29066,42543B8B,34401
0,0,MonoBleedingEdge\etc\mono\2.0\settings.map,2622,AD5340F9,34401
0,0,MonoBleedingEdge\etc\mono\2.0\web.config,11635,1A75EBAD,34401
0,0,MonoBleedingEdge\etc\mono\4.0\Browsers\Compat.browser,1605,2E178A0B,34401
0,0,MonoBleedingEdge\etc\mono\4.0\DefaultWsdlHelpGenerator.aspx,60575,95F9D0B4,34401
0,0,MonoBleedingEdge\etc\mono\4.0\machine.config,33598,86F603C4,34401
0,0,MonoBleedingEdge\etc\mono\4.0\settings.map,2622,DC24A240,34401
0,0,MonoBleedingEdge\etc\mono\4.0\web.config,18802,36D8BA3E,34401
0,0,MonoBleedingEdge\etc\mono\4.5\Browsers\Compat.browser,1605,2E178A0B,34401
0,0,MonoBleedingEdge\etc\mono\4.5\DefaultWsdlHelpGenerator.aspx,60575,95F9D0B4,34401
0,0,MonoBleedingEdge\etc\mono\4.5\machine.config,34056,C446A9EB,34401
0,0,MonoBleedingEdge\etc\mono\4.5\settings.map,2622,DC24A240,34401
0,0,MonoBleedingEdge\etc\mono\4.5\web.config,18811,4F48BC13,34401
0,0,MonoBleedingEdge\etc\mono\mconfig\config.xml,25817,80B2033A,34401
0,0,MonoBleedingEdge\etc\mono\browscap.ini,311984,CE6C0AB3,34401
0,0,MonoBleedingEdge\etc\mono\config,3815,88FA6D93,34401
0,0,COM3D2x64.exe,666624,19AE50FD,34401
0,0,UnityCrashHandler64.exe,1112768,1C830F9F,34401
0,0,UnityPlayer.dll,30996672,9C9085E6,34401
share,../com3d2data\GameData\ja\motion_omytgc035_2.arc,GameData\motion_omytgc035_2.arc,626379,5C67B1FA,24400
share,../com3d2data\GameData\ja\voice2.arc,GameData\voice2.arc,978689805,76ABD21C,24401
share,../com3d2data\GameData\ja_script\script.arc,GameData\script.arc,16643957,C287AE53,24401
share,../com3d2data\GameData\ja_script\script_dateplan001_2.arc,GameData\script_dateplan001_2.arc,2514,3616DD6A,24400
share,../com3d2data\GameData\ja_script\script_personal_om008_2.arc,GameData\script_personal_om008_2.arc,251849,9AEEA588,24400
share,../com3d2data\GameData\ja_script\script_personal_om012_gp002_2.arc,GameData\script_personal_om012_gp002_2.arc,32130,05B5697D,24401
share,../com3d2data\GameData\ja_script\script_select001_2.arc,GameData\script_select001_2.arc,1058,FC13B2F8,24401
share,../com3d2data\GameData\ja_script\script_trio002_2.arc,GameData\script_trio002_2.arc,8834,ACF4BB92,24401
share,../com3d2data\GameData\ja_script\script_valentine2025_2.arc,GameData\script_valentine2025_2.arc,11522,181ABC2F,24400
share,../com3d2data\GameData\ja_script\script_x_galplus_2.arc,GameData\script_x_galplus_2.arc,16162,B8EAFA5F,24400
share,../com3d2data\GameData\ja_script\script_x001_2.arc,GameData\script_x001_2.arc,23155861,1FD6CF4D,24400
share,../com3d2data\GameData\ja_script\script_x001plus_2.arc,GameData\script_x001plus_2.arc,23472311,77E9552A,24400
share,../com3d2data\GameData\patch\csv.arc,GameData\csv.arc,44841489,508EB1A3,24400
share,../com3d2data\GameData\patch\csv_dance_hhs_2.arc,GameData\csv_dance_hhs_2.arc,818,E0195413,24401
share,../com3d2data\GameData\patch\csv_dance_smt_2.arc,GameData\csv_dance_smt_2.arc,770,6B48DF0B,24401
share,../com3d2data\GameData\patch\csv_dance_sse_2.arc,GameData\csv_dance_sse_2.arc,786,A9BBB348,24401
share,../com3d2data\GameData\patch\parts_dlc363_2.arc,GameData\parts_dlc363_2.arc,11514704,647316E5,24400
share,../com3d2data\GameData\patch\parts2.arc,GameData\parts2.arc,224248176,47C1067E,24400
share,../com3d2data\GameData\patch\paths.dat,GameData\paths.dat,19704,EB710363,24400
share,../com3d2data\GameData\patch\prioritymaterial.arc,GameData\prioritymaterial.arc,867220,0D204E22,24400
share,../com3d2data\GameData\patch\sound_dance_hhs_2.arc,GameData\sound_dance_hhs_2.arc,16074673,9745C9D8,24401
share,../com3d2data\GameData\patch\sound_dance_smt_2.arc,GameData\sound_dance_smt_2.arc,19977815,0A32078B,24401
share,../com3d2data\GameData\patch\sound_dance_sse_2.arc,GameData\sound_dance_sse_2.arc,18108195,40971188,24401
share,../com3d2data\GameData\patch\sound_maidtaisou_2.arc,GameData\sound_maidtaisou_2.arc,7299538,D151932F,24401
share,../com3d2data\GameData\patch\system2.arc,GameData\system2.arc,48370542,A9C0B681,24400
share,../com3d2data\GameData_20\material_cas133_2.arc,GameData_20\material_cas133_2.arc,2546,0E77C955,1744
share,../com3d2data\GameData_20\material_denkigai2021s_2.arc,GameData_20\material_denkigai2021s_2.arc,1730,5A8CFCE7,1744
share,../com3d2data\GameData_20\material_dlc004_2.arc,GameData_20\material_dlc004_2.arc,5042,54116788,1744
share,../com3d2data\GameData_20\material_dlc007_2.arc,GameData_20\material_dlc007_2.arc,5122,7C7A291B,1744
share,../com3d2data\GameData_20\material_dlc326_2.arc,GameData_20\material_dlc326_2.arc,1682,5D16A84A,1744
share,../com3d2data\GameData_20\material_dlc386_2.arc,GameData_20\material_dlc386_2.arc,13250,4D9AA74F,1744
share,../com3d2data\GameData_20\material_dlc414_2.arc,GameData_20\material_dlc414_2.arc,13474,9E58194A,1744
share,../com3d2data\GameData_20\material_dlc427_2.arc,GameData_20\material_dlc427_2.arc,13746,1B72758F,1744
share,../com3d2data\GameData_20\material_dlc437hair_2.arc,GameData_20\material_dlc437hair_2.arc,1746,F7DF6102,1744
share,../com3d2data\GameData_20\material_dlc488_2.arc,GameData_20\material_dlc488_2.arc,1714,1AA5F731,1744
share,../com3d2data\GameData_20\menu_cas133_2.arc,GameData_20\menu_cas133_2.arc,8962,B2C49D27,1744
share,../com3d2data\GameData_20\menu_cas134_2.arc,GameData_20\menu_cas134_2.arc,9090,F8D6780D,1744
share,../com3d2data\GameData_20\menu_dlc004_2.arc,GameData_20\menu_dlc004_2.arc,3362,F70C6943,1744
share,../com3d2data\GameData_20\menu_dlc286_2.arc,GameData_20\menu_dlc286_2.arc,2626,18F6964C,1744
share,../com3d2data\GameData_20\menu_dlc326_2.arc,GameData_20\menu_dlc326_2.arc,1730,625DC929,1744
share,../com3d2data\GameData_20\menu_dlc363_2.arc,GameData_20\menu_dlc363_2.arc,2050,28BB461D,1744
share,../com3d2data\GameData_20\menu_dlc386_2.arc,GameData_20\menu_dlc386_2.arc,8242,43DF28B0,1744
share,../com3d2data\GameData_20\menu_dlc399_2.arc,GameData_20\menu_dlc399_2.arc,1234,9EC7D1A9,1744
share,../com3d2data\GameData_20\menu_dlc414_2.arc,GameData_20\menu_dlc414_2.arc,3666,01397BC6,1744
share,../com3d2data\GameData_20\menu_dlc423_2.arc,GameData_20\menu_dlc423_2.arc,3298,861496D6,1744
share,../com3d2data\GameData_20\menu_dlc487_2.arc,GameData_20\menu_dlc487_2.arc,3266,52969574,1744
share,../com3d2data\GameData_20\menu_dlc526_2.arc,GameData_20\menu_dlc526_2.arc,4258,988E8441,1744
share,../com3d2data\GameData_20\menu_gp001_2.arc,GameData_20\menu_gp001_2.arc,6770,59BE68C7,1744
share,../com3d2data\GameData_20\menu_oldplus009cloth_2.arc,GameData_20\menu_oldplus009cloth_2.arc,9602,4E06F551,1744
share,../com3d2data\GameData_20\menu_personal_om008_2.arc,GameData_20\menu_personal_om008_2.arc,6866,2468F845,1744
share,../com3d2data\GameData_20\model_cas043_2.arc,GameData_20\model_cas043_2.arc,166587,C4122F7E,1744
share,../com3d2data\GameData_20\model_cas056_2.arc,GameData_20\model_cas056_2.arc,515645,4C84558A,1744
share,../com3d2data\GameData_20\model_cas064_2.arc,GameData_20\model_cas064_2.arc,116026,0A8CC175,1744
share,../com3d2data\GameData_20\model_cas099_2.arc,GameData_20\model_cas099_2.arc,120018,F24B9C93,1744
share,../com3d2data\GameData_20\model_cas113_2.arc,GameData_20\model_cas113_2.arc,474721,DDA747D5,1744
share,../com3d2data\GameData_20\model_cas133_2.arc,GameData_20\model_cas133_2.arc,1797049,9CFB4397,1744
share,../com3d2data\GameData_20\model_cw004cloth1_2.arc,GameData_20\model_cw004cloth1_2.arc,877052,EEB61B76,1744
share,../com3d2data\GameData_20\model_cw004cloth3_2.arc,GameData_20\model_cw004cloth3_2.arc,392556,2C567671,1744
share,../com3d2data\GameData_20\model_cw007cloth2_2.arc,GameData_20\model_cw007cloth2_2.arc,198050,99EE2B6C,1744
share,../com3d2data\GameData_20\model_denkigai2020s_2.arc,GameData_20\model_denkigai2020s_2.arc,70702,A7C3EBB2,1744
share,../com3d2data\GameData_20\model_dlc004_2.arc,GameData_20\model_dlc004_2.arc,285512,53E9912D,1744
share,../com3d2data\GameData_20\model_dlc007_2.arc,GameData_20\model_dlc007_2.arc,72986,85596DB7,1744
share,../com3d2data\GameData_20\model_dlc038_2.arc,GameData_20\model_dlc038_2.arc,171553,12426AA2,1744
share,../com3d2data\GameData_20\model_dlc264_2.arc,GameData_20\model_dlc264_2.arc,1284137,3BAA1822,1744
share,../com3d2data\GameData_20\model_dlc314_2.arc,GameData_20\model_dlc314_2.arc,102829,E3EE6B88,1744
share,../com3d2data\GameData_20\model_dlc317_2.arc,GameData_20\model_dlc317_2.arc,4235399,79891393,1744
share,../com3d2data\GameData_20\model_dlc326_2.arc,GameData_20\model_dlc326_2.arc,414866,4374BB67,1744
share,../com3d2data\GameData_20\model_dlc345_2.arc,GameData_20\model_dlc345_2.arc,305873,22B2B3C4,1744
share,../com3d2data\GameData_20\model_dlc363_2.arc,GameData_20\model_dlc363_2.arc,910499,3673CAEF,1744
share,../com3d2data\GameData_20\model_dlc392_2.arc,GameData_20\model_dlc392_2.arc,1183892,E5FCC07F,1744
share,../com3d2data\GameData_20\model_dlc414_2.arc,GameData_20\model_dlc414_2.arc,399533,EA325852,1744
share,../com3d2data\GameData_20\model_dlc423_2.arc,GameData_20\model_dlc423_2.arc,243401,53F93DDE,1744
share,../com3d2data\GameData_20\model_dlc437_2.arc,GameData_20\model_dlc437_2.arc,487721,9BBC736D,1744
share,../com3d2data\GameData_20\model_dlc437hair_2.arc,GameData_20\model_dlc437hair_2.arc,354059,D48CD13B,1744
share,../com3d2data\GameData_20\model_dlc450_2.arc,GameData_20\model_dlc450_2.arc,508820,CFFA2D48,1744
share,../com3d2data\GameData_20\model_dlc451_2.arc,GameData_20\model_dlc451_2.arc,537178,E56CAB81,1744
share,../com3d2data\GameData_20\model_dlc462_2.arc,GameData_20\model_dlc462_2.arc,337274,335419B3,1744
share,../com3d2data\GameData_20\model_dlc466_2.arc,GameData_20\model_dlc466_2.arc,220262,A2895402,1744
share,../com3d2data\GameData_20\model_dlc475_2.arc,GameData_20\model_dlc475_2.arc,1346362,9820A575,1744
share,../com3d2data\GameData_20\model_dlc505_2.arc,GameData_20\model_dlc505_2.arc,114740,AF1B0F13,1744
share,../com3d2data\GameData_20\model_dlc508_2.arc,GameData_20\model_dlc508_2.arc,1171745,91EBD4B1,1744
share,../com3d2data\GameData_20\model_dlc510_2.arc,GameData_20\model_dlc510_2.arc,1798570,28BA1A40,1744
share,../com3d2data\GameData_20\model_dlc513_2.arc,GameData_20\model_dlc513_2.arc,142742,C92F2E78,1744
share,../com3d2data\GameData_20\model_dlc519_2.arc,GameData_20\model_dlc519_2.arc,196088,933B2E23,1744
share,../com3d2data\GameData_20\model_dlc520_2.arc,GameData_20\model_dlc520_2.arc,647048,A82B87A1,1744
share,../com3d2data\GameData_20\model_dlc527_2.arc,GameData_20\model_dlc527_2.arc,263958,D13DC3A3,1744
share,../com3d2data\GameData_20\model_dlc528_2.arc,GameData_20\model_dlc528_2.arc,508021,E5631015,1744
share,../com3d2data\GameData_20\model_dlc536_2.arc,GameData_20\model_dlc536_2.arc,1135095,9F93E2F2,1744
share,../com3d2data\GameData_20\model_personal_om008_2.arc,GameData_20\model_personal_om008_2.arc,219900,95ED3847,1744
share,../com3d2data\GameData_20\paths.dat,GameData_20\paths.dat,15335,2E63AA64,1831
share,../com3d2data\GameData_20\prioritymaterial.arc,GameData_20\prioritymaterial.arc,452595,23992E1F,1831
share,../com3d2data\GameData_20\texture_cas113_2.arc,GameData_20\texture_cas113_2.arc,46625634,E6F2E799,1744
share,../com3d2data\GameData_20\texture_cas139_2.arc,GameData_20\texture_cas139_2.arc,8118853,61331B0E,1744
share,../com3d2data\GameData_20\texture_dlc004_2.arc,GameData_20\texture_dlc004_2.arc,4805793,1C7DB786,1744
share,../com3d2data\GameData_20\texture_dlc363_2.arc,GameData_20\texture_dlc363_2.arc,10910542,60E1B3DE,1744
share,../com3d2data\GameData_20\texture_dlc377_2.arc,GameData_20\texture_dlc377_2.arc,2633123,5A9C0F72,1744
share,../com3d2data\GameData_20\texture_dlc386_2.arc,GameData_20\texture_dlc386_2.arc,1022408,504C11D3,1744
share,../com3d2data\GameData_20\texture_dlc405_2.arc,GameData_20\texture_dlc405_2.arc,4522663,AD657DA6,1744
share,../com3d2data\GameData_20\texture_dlc414_2.arc,GameData_20\texture_dlc414_2.arc,8276290,844E9DDA,1744
share,../com3d2data\GameData_20\texture_dlc437_2.arc,GameData_20\texture_dlc437_2.arc,21879766,37D74A80,1744
share,../com3d2data\GameData_20\texture_dlc475_2.arc,GameData_20\texture_dlc475_2.arc,12536480,61782DA5,1744
share,../com3d2data\GameData_20\texture_dlc526_2.arc,GameData_20\texture_dlc526_2.arc,8210,1462E6A1,1744
share,../com3d2data\GameData_20\texture_dlc536_2.arc,GameData_20\texture_dlc536_2.arc,20742956,B73EA101,1744
