0,0,CM3D2OH.exe,7707136,A913B79B,1007
0,0,CM3D2OHx86.exe,11632128,19E472F9,133
0,0,CM3D2OHx86_Data\level0,165464,7E3D4129,1330
0,0,CM3D2OHx86_Data\level1,233608,FBCE0B00,1330
0,0,CM3D2OHx86_Data\level10,4376,5C66C5BC,1330
0,0,CM3D2OHx86_Data\level11,154272,C4F71A31,1330
0,0,CM3D2OHx86_Data\level12,4376,9D59AC24,1330
0,0,CM3D2OHx86_Data\level13,167848,CBA82E55,1330
0,0,CM3D2OHx86_Data\level14,229968,0C6B38A7,1330
0,0,CM3D2OHx86_Data\level15,366440,3DA9529E,1330
0,0,CM3D2OHx86_Data\level16,171680,73A28D6F,1330
0,0,CM3D2OHx86_Data\level17,444064,66828897,1330
0,0,CM3D2OHx86_Data\level18,214784,16E0C94C,1330
0,0,CM3D2OHx86_Data\level19,552656,6EF00AFD,1330
0,0,CM3D2OHx86_Data\level2,489128,0509B4F5,1330
0,0,CM3D2OHx86_Data\level20,736400,607E2152,1330
0,0,CM3D2OHx86_Data\level21,431856,D7FD7E43,1330
0,0,CM3D2OHx86_Data\level22,502216,B83D4870,1330
0,0,CM3D2OHx86_Data\level3,559008,F5B655AA,1330
0,0,CM3D2OHx86_Data\level4,151616,AE9E69F3,1330
0,0,CM3D2OHx86_Data\level5,188232,C847BA45,1330
0,0,CM3D2OHx86_Data\level6,151192,20D1469E,1330
0,0,CM3D2OHx86_Data\level7,175552,F1791D94,1330
0,0,CM3D2OHx86_Data\level8,151624,C56C002B,1330
0,0,CM3D2OHx86_Data\level9,453864,F1022009,1330
0,0,CM3D2OHx86_Data\mainData,1059536,D59C3D35,1330
0,0,CM3D2OHx86_Data\PlayerConnectionConfigFile,21,360E971A,1330
0,0,CM3D2OHx86_Data\resources.assets,284639908,0DECF1DF,1330
0,0,CM3D2OHx86_Data\sharedassets0.assets,241515632,E74EEA70,1330
0,0,CM3D2OHx86_Data\sharedassets1.assets,6649340,D94D7AA9,1330
0,0,CM3D2OHx86_Data\sharedassets10.assets,4554000,67001DA7,1330
0,0,CM3D2OHx86_Data\sharedassets11.assets,4112,2AEA61A9,1330
0,0,CM3D2OHx86_Data\sharedassets12.assets,4200976,C40B3E8B,1330
0,0,CM3D2OHx86_Data\sharedassets13.assets,4112,F615750F,1330
0,0,CM3D2OHx86_Data\sharedassets14.assets,119196156,AA6D4280,1330
0,0,CM3D2OHx86_Data\sharedassets15.assets,3691828,0D75758E,1330
0,0,CM3D2OHx86_Data\sharedassets16.assets,275132,412B5B56,1330
0,0,CM3D2OHx86_Data\sharedassets17.assets,5400,9CED902C,1330
0,0,CM3D2OHx86_Data\sharedassets18.assets,72704,A8B96618,1330
0,0,CM3D2OHx86_Data\sharedassets19.assets,5488,E8D789AE,1330
0,0,CM3D2OHx86_Data\sharedassets2.assets,10497836,C9EE7D93,1330
0,0,CM3D2OHx86_Data\sharedassets20.assets,1423820,08AC6C63,1330
0,0,CM3D2OHx86_Data\sharedassets21.assets,5736,707B89E9,1330
0,0,CM3D2OHx86_Data\sharedassets22.assets,39509544,BA53BFC8,1330
0,0,CM3D2OHx86_Data\sharedassets23.assets,67724952,5AE42AA2,1330
0,0,CM3D2OHx86_Data\sharedassets3.assets,34784236,F065A733,1330
0,0,CM3D2OHx86_Data\sharedassets4.assets,6952220,CB3283BA,1330
0,0,CM3D2OHx86_Data\sharedassets5.assets,503416,0F1B34F8,1330
0,0,CM3D2OHx86_Data\sharedassets6.assets,11891628,6B6942ED,1330
0,0,CM3D2OHx86_Data\sharedassets7.assets,466388,CD6651BA,1330
0,0,CM3D2OHx86_Data\sharedassets8.assets,5360,54F2E6E7,1330
0,0,CM3D2OHx86_Data\sharedassets9.assets,927480,589D5552,1330
0,0,CM3D2OHx86_Data\Managed\Accessibility.dll,10752,C80413DC,1330
0,0,CM3D2OHx86_Data\Managed\Assembly-CSharp-firstpass.dll,448512,B01B4872,1330
0,0,CM3D2OHx86_Data\Managed\Assembly-CSharp.dll,2132480,6D7CA273,1330
0,0,CM3D2OHx86_Data\Managed\Assembly-UnityScript-firstpass.dll,65024,F095A1D1,1330
0,0,CM3D2OHx86_Data\Managed\Boo.Lang.dll,126976,E379C12B,1330
0,0,CM3D2OHx86_Data\Managed\JsonFx.Json.dll,70144,A0F0CFCB,1330
0,0,CM3D2OHx86_Data\Managed\Mono.Data.Tds.dll,96256,10E297D4,1330
0,0,CM3D2OHx86_Data\Managed\Mono.Posix.dll,184320,82B6C163,1330
0,0,CM3D2OHx86_Data\Managed\Mono.Security.dll,294912,C759B90F,1330
0,0,CM3D2OHx86_Data\Managed\Mono.WebBrowser.dll,172032,3BD66294,1330
0,0,CM3D2OHx86_Data\Managed\mscorlib.dll,2590208,54064D59,1330
0,0,CM3D2OHx86_Data\Managed\System.Configuration.dll,124928,CA10261D,1330
0,0,CM3D2OHx86_Data\Managed\System.Core.dll,300032,615F5AFE,1330
0,0,CM3D2OHx86_Data\Managed\System.Data.dll,856064,E7FF9373,1330
0,0,CM3D2OHx86_Data\Managed\System.dll,1678848,0F9C1035,1330
0,0,CM3D2OHx86_Data\Managed\System.Drawing.Design.dll,29696,E7B53FF9,1330
0,0,CM3D2OHx86_Data\Managed\System.Drawing.dll,448512,C4B2E872,1330
0,0,CM3D2OHx86_Data\Managed\System.EnterpriseServices.dll,46592,4FFDA4D6,1330
0,0,CM3D2OHx86_Data\Managed\System.Security.dll,135168,B020F0F1,1330
0,0,CM3D2OHx86_Data\Managed\System.Transactions.dll,27648,E3B069A5,1330
0,0,CM3D2OHx86_Data\Managed\System.Windows.Forms.dll,3053568,56394001,1330
0,0,CM3D2OHx86_Data\Managed\System.Xml.dll,1270272,C76991B8,1330
0,0,CM3D2OHx86_Data\Managed\System.Xml.Linq.dll,106496,1E91F41B,1330
0,0,CM3D2OHx86_Data\Managed\UnityEngine.dll,614912,EDA0EE35,1330
0,0,CM3D2OHx86_Data\Managed\UnityEngine.UI.dll,176128,59066003,1330
0,0,CM3D2OHx86_Data\Managed\UnityScript.Lang.dll,14336,7309FF69,1330
0,0,CM3D2OHx86_Data\Mono\mono.dll,2103296,6E4591F8,1330
0,0,CM3D2OHx86_Data\Mono\etc\mono\browscap.ini,311984,CE6C0AB3,1330
0,0,CM3D2OHx86_Data\Mono\etc\mono\config,1691,A635914A,1330
0,0,CM3D2OHx86_Data\Mono\etc\mono\1.0\DefaultWsdlHelpGenerator.aspx,58196,10E814BF,1330
0,0,CM3D2OHx86_Data\Mono\etc\mono\1.0\machine.config,17259,82F1AD8B,1330
0,0,CM3D2OHx86_Data\Mono\etc\mono\2.0\DefaultWsdlHelpGenerator.aspx,60453,F3869A34,1330
0,0,CM3D2OHx86_Data\Mono\etc\mono\2.0\machine.config,27626,4F6C3F79,1330
0,0,CM3D2OHx86_Data\Mono\etc\mono\2.0\settings.map,2618,A1A3C29F,1330
0,0,CM3D2OHx86_Data\Mono\etc\mono\2.0\web.config,11686,534A9960,1330
0,0,CM3D2OHx86_Data\Mono\etc\mono\2.0\Browsers\Compat.browser,1605,2E178A0B,1330
0,0,CM3D2OHx86_Data\Mono\etc\mono\mconfig\config.xml,25817,80B2033A,1330
0,0,CM3D2OHx86_Data\Plugins\cm3d2_hole_x86.dll,266240,5C01E01F,1330
0,0,CM3D2OHx86_Data\Plugins\cm3d2_x86.dll,1308160,E4C80ED6,1330
0,0,CM3D2OHx86_Data\Plugins\device_hook.dll,97280,05B93188,1330
0,0,CM3D2OHx86_Data\Resources\unity default resources,1571709,31020360,1330
0,0,CM3D2OHx86_Data\Resources\unity_builtin_extra,372672,B51FCBBC,1330
0,0,GameData\csv_cbl.arc,543327,0141D54C,1330
0,0,GameData\motion_cbl2.arc,434674,212D7235,1270
0,0,GameData\motion_cbl_addpose001.arc,902201,447E5863,1220
0,0,GameData\motion_cbl_vp001_2.arc,141603,80D0D160,1160
0,0,GameData\motion_cbl_ytgc002_2.arc,2475220,008FABF0,1160
0,0,GameData\script_cbl.arc,2078356,81AEA794,1330
0,0,GameData\script_cbl_addpose001.arc,1219,0C884F57,1220
0,0,GameData\script_cbl_personal001_2.arc,340451,B4150145,1260
0,0,GameData\voice_cbl2.arc,9627083,76D43E7B,1090
0,0,manual\data\005.png,459612,3AF928C5,1170
0,0,manual\data\010.png,800070,5269304C,1170
0,0,Preset\8_ren_1_yosiko.preset,55432,D54FD70C,1220
0,0,Preset\8_ren_2_ayumi.preset,51097,3C44F9DB,1220
0,0,Preset\8_ren_3_sakura.preset,52635,33F54D90,1220
0,0,Preset\8_ren_4_ai.preset,46819,9B6E5960,1220
share,../GameData\patch\bg_pp001_2.arc,GameData\bg_pp001_2.arc,1237157,C9D912F7,1220
share,../GameData\patch\csv.arc,GameData\csv.arc,2361360,45E18AC1,1330
share,../GameData\patch\csv_addpose001.arc,GameData\csv_addpose001.arc,1235,D06FCA6D,1220
share,../GameData\patch\csv_pp001_2.arc,GameData\csv_pp001_2.arc,10002,668119FA,1330
share,../GameData\patch\csv_vp001_2.arc,GameData\csv_vp001_2.arc,2082,25E58CEB,1160
share,../GameData\patch\material2.arc,GameData\material2.arc,207669,1E308A48,1313
share,../GameData\patch\material_denkigai2015s003_2.arc,GameData\material_denkigai2015s003_2.arc,7106,0C82D791,1150
share,../GameData\patch\material_dlc055_2.arc,GameData\material_dlc055_2.arc,5282,11A93109,1280
share,../GameData\patch\material_dlsite_2.arc,GameData\material_dlsite_2.arc,1762,C5A837EA,1150
share,../GameData\patch\material_shop001_2.arc,GameData\material_shop001_2.arc,1762,D98CED1C,1150
share,../GameData\patch\material_shop002_2.arc,GameData\material_shop002_2.arc,1762,956BB00E,1150
share,../GameData\patch\material_shop003_2.arc,GameData\material_shop003_2.arc,1762,38CEBFF2,1150
share,../GameData\patch\material_shop005_2.arc,GameData\material_shop005_2.arc,1714,3E621A32,1150
share,../GameData\patch\material_shop007_2.arc,GameData\material_shop007_2.arc,2578,C8CE627C,1150
share,../GameData\patch\material_vp001_2.arc,GameData\material_vp001_2.arc,9554,066C9CA9,1150
share,../GameData\patch\material_yomeido003_2.arc,GameData\material_yomeido003_2.arc,1522,0689A7AC,1240
share,../GameData\patch\menu2.arc,GameData\menu2.arc,227325,E2159374,1320
share,../GameData\patch\menu_denkigai2015s001_2.arc,GameData\menu_denkigai2015s001_2.arc,6594,8B3E849F,1160
share,../GameData\patch\menu_denkigai2015s003_2.arc,GameData\menu_denkigai2015s003_2.arc,4338,D294CE88,1150
share,../GameData\patch\menu_dlc026_2.arc,GameData\menu_dlc026_2.arc,3778,69453D54,1190
share,../GameData\patch\menu_dlc028_2.arc,GameData\menu_dlc028_2.arc,3874,DE3F1C31,1200
share,../GameData\patch\menu_dlc061_2.arc,GameData\menu_dlc061_2.arc,3810,F99C1D4E,1290
share,../GameData\patch\menu_dlc074_2.arc,GameData\menu_dlc074_2.arc,5618,24C559D7,1312
share,../GameData\patch\menu_dlsite_2.arc,GameData\menu_dlsite_2.arc,1954,B2268BA7,1150
share,../GameData\patch\menu_personal002_2.arc,GameData\menu_personal002_2.arc,1282,5687650C,1310
share,../GameData\patch\menu_shop001_2.arc,GameData\menu_shop001_2.arc,3314,35207C87,1150
share,../GameData\patch\menu_shop005_2.arc,GameData\menu_shop005_2.arc,1378,0C9AF725,1150
share,../GameData\patch\menu_vp001_2.arc,GameData\menu_vp001_2.arc,18546,5FFF33DA,1150
share,../GameData\patch\menu_yomeido003_2.arc,GameData\menu_yomeido003_2.arc,1234,4D6F619D,1240
share,../GameData\patch\menu_yomeidogp_wedding_2.arc,GameData\menu_yomeidogp_wedding_2.arc,3954,C251B12C,1320
share,../GameData\patch\model2.arc,GameData\model2.arc,13796294,06D831E7,1313
share,../GameData\patch\model_denkigai2015s003_2.arc,GameData\model_denkigai2015s003_2.arc,394665,41A48185,1150
share,../GameData\patch\model_dlc005_2.arc,GameData\model_dlc005_2.arc,175424,F7DD7D82,1270
share,../GameData\patch\model_dlc046_2.arc,GameData\model_dlc046_2.arc,155690,83B34173,1220
share,../GameData\patch\model_dlc073_2.arc,GameData\model_dlc073_2.arc,267037,47D33A06,1320
share,../GameData\patch\model_dlsite_2.arc,GameData\model_dlsite_2.arc,197173,24366C43,1150
share,../GameData\patch\model_shop001_2.arc,GameData\model_shop001_2.arc,115215,9C941FAF,1150
share,../GameData\patch\model_shop002_2.arc,GameData\model_shop002_2.arc,251253,743C3D97,1150
share,../GameData\patch\model_shop003_2.arc,GameData\model_shop003_2.arc,185433,A15EC70A,1150
share,../GameData\patch\model_shop005_2.arc,GameData\model_shop005_2.arc,150103,FB5341FA,1150
share,../GameData\patch\model_shop007_2.arc,GameData\model_shop007_2.arc,288759,80615CBD,1150
share,../GameData\patch\model_vp001_2.arc,GameData\model_vp001_2.arc,290407,A19508D6,1150
share,../GameData\patch\paths.dat,GameData\paths.dat,1818,97C4445D,1330
share,../GameData\patch\prioritymaterial.arc,GameData\prioritymaterial.arc,116360,B33E3C6F,1330
share,../GameData\patch\sound2.arc,GameData\sound2.arc,12017684,3FAA939B,1330
share,../GameData\patch\texture2.arc,GameData\texture2.arc,748712227,393809F6,1130
share,../GameData\patch\texture3.arc,GameData\texture3.arc,8293843,8B0C7889,1320
share,../GameData\patch\texture_addpose001.arc,GameData\texture_addpose001.arc,23943,1D529A44,1220
share,../GameData\patch\texture_dlc004_2.arc,GameData\texture_dlc004_2.arc,4805734,C8E5CFB4,1200
share,../GameData\patch\texture_dlc046_2.arc,GameData\texture_dlc046_2.arc,596960,FC606BA5,1220
share,../GameData\patch\texture_vp001_2.arc,GameData\texture_vp001_2.arc,562695,D458C6A6,1300
share,../GameData\patch\texture_yomeido003_2.arc,GameData\texture_yomeido003_2.arc,117248,0EE72B42,1240
share,../PhotoModeData\Mod\Motion\readme.txt,PhotoModeData\Mod\Motion\readme.txt,146,3BF5AF4D,1220
share,../Preset\8_ren_5_megumi.preset,Preset\8_ren_5_megumi.preset,55582,1A1581E0,100
share,../Preset\8_ren_6_yuna.preset,Preset\8_ren_6_yuna.preset,57622,57012A7A,100
share,../Preset\8_ren_7_mikoto.preset,Preset\8_ren_7_mikoto.preset,48611,92B0726A,100
share,../Preset\8_ren_8_ginga.preset,Preset\8_ren_8_ginga.preset,56746,03F237E7,100
share,../Preset\10_hhs_chara1.preset,Preset\10_hhs_chara1.preset,53411,AE77A9C4,100
share,../Preset\10_hhs_chara2.preset,Preset\10_hhs_chara2.preset,52008,16C3C8B4,100
share,../GameData\PP002\bg_pp002.arc,GameData\bg_pp002.arc,5985253,8436DDBE,100
share,../GameData\PP002\csv_pp002.arc,GameData\csv_pp002.arc,24830,2356F0F6,100
share,../GameData\PP002\material_pp002.arc,GameData\material_pp002.arc,34150,FA7EFBCD,100
share,../GameData\PP002\menu_pp002.arc,GameData\menu_pp002.arc,18901,79D576CD,100
share,../GameData\PP002\model_pp002.arc,GameData\model_pp002.arc,15995302,159F3C51,100
share,../GameData\PP002\sound_pp002.arc,GameData\sound_pp002.arc,18099381,BD887658,100
share,../GameData\PP002\system_pp002.arc,GameData\system_pp002.arc,333733,4B7D321A,100
share,../GameData\PP002\texture_pp002.arc,GameData\texture_pp002.arc,118744341,ADFC5198,100
share,../GameData\PP002\voice_pp002A.arc,GameData\voice_pp002A.arc,1582463025,8B4001CA,100
share,../GameData\PP002\voice_pp002B.arc,GameData\voice_pp002B.arc,1907624077,1FD50AAB,100
share,../GameData\PP002\script_cbl_pp002.arc,GameData\script_cbl_pp002.arc,503777,23AF5243,100
share,../GameData\PP002\motion_cbl_pp002.arc,GameData\motion_cbl_pp002.arc,91796875,A839A081,100
