0,0,COM3D2x64_Data\Managed\Assembly-CSharp.dll,5733376,FFA2449F,22903
0,0,COM3D2x64_Data\Managed\Assembly-CSharp-firstpass.dll,786944,5C1AFC62,22903
0,0,COM3D2x64_Data\Managed\Assembly-UnityScript-firstpass.dll,65024,2B75F670,22903
0,0,COM3D2x64_Data\Plugins\cm3d2.dll,1945600,AB07E108,22903
0,0,COM3D2.exe,11455488,51322366,2043
0,0,COM3D2x64.exe,22841856,A9562BF9,22904
share,GameData\ja\motion_charaevent011_2.arc,GameData\motion_charaevent011_2.arc,112730,51F861A9,22903
share,GameData\ja\motion_cres2_2.arc,GameData\motion_cres2_2.arc,112704,72871D2C,22903
share,GameData\ja\motion_eventplus_missy_2.arc,GameData\motion_eventplus_missy_2.arc,112736,F7FDA99D,22903
share,GameData\ja\motion_eventplus_secretary_2.arc,GameData\motion_eventplus_secretary_2.arc,112741,73D91E97,22903
share,GameData\ja\motion_eventplus_sister_2.arc,GameData\motion_eventplus_sister_2.arc,112738,38A8FB8E,22903
share,GameData\ja\motion_oldplus_cool_2.arc,GameData\motion_oldplus_cool_2.arc,112729,262E7096,22903
share,GameData\ja\motion_oldplus_pride_2.arc,GameData\motion_oldplus_pride_2.arc,112734,8B2ECF70,22903
share,GameData\ja\motion_oldplus_pure_2.arc,GameData\motion_oldplus_pure_2.arc,112733,684F1875,22903
share,GameData\ja\motion_omytgc013_2.arc,GameData\motion_omytgc013_2.arc,269698,86AC69BC,22903
share,GameData\ja\voice2.arc,GameData\voice2.arc,868286172,A4E20D69,22903
share,GameData\ja_script\script.arc,GameData\script.arc,15639063,6DD2780D,22903
share,GameData\ja_script\script_adultplus_black_add2_2.arc,GameData\script_adultplus_black_add2_2.arc,58914,A2E6269D,22903
share,GameData\ja_script\script_adultplus_black_add3_2.arc,GameData\script_adultplus_black_add3_2.arc,107993,F70A0F22,22903
share,GameData\ja_script\script_charaevent008_2.arc,GameData\script_charaevent008_2.arc,28466,5E40F6E0,22901
share,GameData\ja_script\script_denkigai2020s_2.arc,GameData\script_denkigai2020s_2.arc,4482,195B9502,22903
share,GameData\ja_script\script_denkigai2020w_2.arc,GameData\script_denkigai2020w_2.arc,21186,54A9295A,22903
share,GameData\ja_script\script_eventplus_missy_2.arc,GameData\script_eventplus_missy_2.arc,7346,AF43030F,22903
share,GameData\ja_script\script_eventplus_secretary_2.arc,GameData\script_eventplus_secretary_2.arc,7490,A9BC8798,22903
share,GameData\ja_script\script_eventplus_sister_2.arc,GameData\script_eventplus_sister_2.arc,7010,F63C2849,22903
share,GameData\ja_script\script_gp001_2.arc,GameData\script_gp001_2.arc,2586215,FB9798A1,22901
share,GameData\ja_script\script_gp002_2.arc,GameData\script_gp002_2.arc,1445990,C3DCF124,22903
share,GameData\ja_script\script_npc001_2.arc,GameData\script_npc001_2.arc,71791,B41CC79B,22903
share,GameData\ja_script\script_oldplus_cool_2.arc,GameData\script_oldplus_cool_2.arc,14690,D4C27279,22903
share,GameData\ja_script\script_oldplus_pride_2.arc,GameData\script_oldplus_pride_2.arc,14066,428E0271,22903
share,GameData\ja_script\script_oldplus_pure_2.arc,GameData\script_oldplus_pure_2.arc,7090,35E00A7B,22903
share,GameData\ja_script\script_omytgc008_2.arc,GameData\script_omytgc008_2.arc,42898,8C37B03B,22903
share,GameData\ja_script\script_omytgc013_2.arc,GameData\script_omytgc013_2.arc,39762,5B4E2AA9,22903
share,GameData\ja_script\script_personal_om003_2.arc,GameData\script_personal_om003_2.arc,101021,305A0DB6,22901
share,GameData\ja_script\script_personal_om007_2.arc,GameData\script_personal_om007_2.arc,126208,D85D153C,22903
share,GameData\ja_script\script_personal_om010_2.arc,GameData\script_personal_om010_2.arc,39618,75036B93,22903
share,GameData\ja_script\script_personal_om012_2.arc,GameData\script_personal_om012_2.arc,108522,1BBFBB08,22903
share,GameData\ja_script\script_smsp001_2.arc,GameData\script_smsp001_2.arc,354870,B9DCA8D7,22903
share,GameData\ja_script\script_smsp001_add_2.arc,GameData\script_smsp001_add_2.arc,342118,3B1CF35F,22903
share,GameData\ja_script\script_sp004_2.arc,GameData\script_sp004_2.arc,7698,4E055265,22903
share,GameData\ja_script\script_x001_2.arc,GameData\script_x001_2.arc,24025629,72BE559E,22903
share,GameData\ja_script\script_x001plus_2.arc,GameData\script_x001plus_2.arc,5650,6EA1EDC2,22903
share,GameData\patch\csv.arc,GameData\csv.arc,32030974,F9631817,22909
share,GameData\patch\parts_cas036_2.arc,GameData\parts_cas036_2.arc,15703458,BD84A9EE,22903
share,GameData\patch\parts_cas064_2.arc,GameData\parts_cas064_2.arc,121404,465B8C02,22903
share,GameData\patch\parts_cas099_2.arc,GameData\parts_cas099_2.arc,125059,7E933AC6,22903
share,GameData\patch\parts_cres2_2.arc,GameData\parts_cres2_2.arc,35017460,49CFE2EA,22903
share,GameData\patch\parts_dlc475_2.arc,GameData\parts_dlc475_2.arc,13896688,6FE17E99,22903
share,GameData\patch\parts2.arc,GameData\parts2.arc,181812909,3AEAA956,22902
share,GameData\patch\paths.dat,GameData\paths.dat,16335,DE3643FA,22906
share,GameData\patch\prioritymaterial.arc,GameData\prioritymaterial.arc,766237,DFCD2279,22905
share,GameData\patch\system2.arc,GameData\system2.arc,20661264,9953A2DB,22900
share,GameData_20\menu_dlc326_2.arc,GameData_20\menu_dlc326_2.arc,1670,5771A643,1709
share,GameData_20\model_cas036_2.arc,GameData_20\model_cas036_2.arc,1489335,6E729DBD,1709
share,GameData_20\model_cas064_2.arc,GameData_20\model_cas064_2.arc,115977,2CAED863,1709
share,GameData_20\model_cas099_2.arc,GameData_20\model_cas099_2.arc,119969,D53949C8,1709
share,GameData_20\model_dlc009_2.arc,GameData_20\model_dlc009_2.arc,49486,C34F426D,1709
share,GameData_20\model_dlc180_2.arc,GameData_20\model_dlc180_2.arc,782394,8DF14FAA,1709
share,GameData_20\model_dlc475_2.arc,GameData_20\model_dlc475_2.arc,1346312,4FF6E0E7,1709
share,GameData_20\paths.dat,GameData_20\paths.dat,14275,704B2670,1774
share,GameData_20\prioritymaterial.arc,GameData_20\prioritymaterial.arc,412373,56FA9633,1772
share,GameData_20\texture_dlc475_2.arc,GameData_20\texture_dlc475_2.arc,12536415,52B32AF3,1709
