0,0,CM3D2VRx64.exe,20649984,6EFB2A0D,1400
0,0,CM3D2VRx64_DirectToRift.exe,465408,ED45B3A7,1400
0,0,LICENSE,3453,541AF859,1400
0,0,CM3D2VRx64_Data\globalgamemanagers,1341372,8533D9A8,1400
0,0,CM3D2VRx64_Data\globalgamemanagers.assets,120920,0C961CD5,1400
0,0,CM3D2VRx64_Data\level0,184180,E3022D64,1400
0,0,CM3D2VRx64_Data\level1,202156,F777F915,1400
0,0,CM3D2VRx64_Data\level10,196836,E524012D,1400
0,0,CM3D2VRx64_Data\level11,184716,E329F341,1400
0,0,CM3D2VRx64_Data\level12,212164,70087F68,1400
0,0,CM3D2VRx64_Data\level13,185236,785CC9AC,1400
0,0,CM3D2VRx64_Data\level14,566604,1DADD3EC,1400
0,0,CM3D2VRx64_Data\level15,4640,FC866A4D,1400
0,0,CM3D2VRx64_Data\level16,186788,D167EF42,1400
0,0,CM3D2VRx64_Data\level17,4640,F4EE38FE,1400
0,0,CM3D2VRx64_Data\level18,204908,3295B750,1400
0,0,CM3D2VRx64_Data\level19,274796,3390D290,1400
0,0,CM3D2VRx64_Data\level2,202044,DF1C4B8D,1400
0,0,CM3D2VRx64_Data\level20,446372,44487656,1400
0,0,CM3D2VRx64_Data\level21,209708,E8E36BB2,1400
0,0,CM3D2VRx64_Data\level22,532780,9F7B80B5,1400
0,0,CM3D2VRx64_Data\level23,260484,38189851,1400
0,0,CM3D2VRx64_Data\level24,286740,6A9A052D,1400
0,0,CM3D2VRx64_Data\level25,208492,6FA0CACA,1400
0,0,CM3D2VRx64_Data\level26,655244,08A5523B,1400
0,0,CM3D2VRx64_Data\level27,1263172,04AAFFD7,1400
0,0,CM3D2VRx64_Data\level28,514436,1FC7B835,1400
0,0,CM3D2VRx64_Data\level29,208564,1B8AC6C1,1400
0,0,CM3D2VRx64_Data\level3,423756,DC35069C,1400
0,0,CM3D2VRx64_Data\level30,607420,7BE3661F,1400
0,0,CM3D2VRx64_Data\level31,838628,73E8A782,1400
0,0,CM3D2VRx64_Data\level32,699572,4AA983A1,1400
0,0,CM3D2VRx64_Data\level4,592204,0E6BC5C0,1400
0,0,CM3D2VRx64_Data\level5,632756,AA5549D1,1400
0,0,CM3D2VRx64_Data\level6,185228,1046F546,1400
0,0,CM3D2VRx64_Data\level7,358860,0618DE92,1400
0,0,CM3D2VRx64_Data\level8,233676,8283E62E,1400
0,0,CM3D2VRx64_Data\level9,229300,3126E0D4,1400
0,0,CM3D2VRx64_Data\resources.assets,248439224,5A43381E,1400
0,0,CM3D2VRx64_Data\resources.assets.resS,368744356,86378517,1400
0,0,CM3D2VRx64_Data\sharedassets0.assets,16482976,A6AE848B,1400
0,0,CM3D2VRx64_Data\sharedassets0.assets.resS,121728032,3D69BF0B,1400
0,0,CM3D2VRx64_Data\sharedassets1.assets,5920,EF44D387,1400
0,0,CM3D2VRx64_Data\sharedassets10.assets,5764,81CC27A4,1400
0,0,CM3D2VRx64_Data\sharedassets11.assets,5764,55BC2D8D,1400
0,0,CM3D2VRx64_Data\sharedassets12.assets,5788,2D1DF987,1400
0,0,CM3D2VRx64_Data\sharedassets13.assets,5788,83F82EB6,1400
0,0,CM3D2VRx64_Data\sharedassets14.assets,6340,77A1AA19,1400
0,0,CM3D2VRx64_Data\sharedassets15.assets,4132,94B3E8D9,1400
0,0,CM3D2VRx64_Data\sharedassets16.assets,5824,7BBCE705,1400
0,0,CM3D2VRx64_Data\sharedassets17.assets,4132,0239E830,1400
0,0,CM3D2VRx64_Data\sharedassets18.assets,6544,CFA991DF,1400
0,0,CM3D2VRx64_Data\sharedassets19.assets,5788,99BE63BB,1400
0,0,CM3D2VRx64_Data\sharedassets2.assets,5968,055EF66D,1400
0,0,CM3D2VRx64_Data\sharedassets20.assets,215280,5C1A3FF5,1400
0,0,CM3D2VRx64_Data\sharedassets20.assets.resS,51968,C41BC4E7,1400
0,0,CM3D2VRx64_Data\sharedassets21.assets,5860,11F99730,1400
0,0,CM3D2VRx64_Data\sharedassets22.assets,74160,530C73B1,1400
0,0,CM3D2VRx64_Data\sharedassets23.assets,5992,FF842671,1400
0,0,CM3D2VRx64_Data\sharedassets24.assets,5872,F3284BB7,1400
0,0,CM3D2VRx64_Data\sharedassets25.assets,5872,6704D455,1400
0,0,CM3D2VRx64_Data\sharedassets26.assets,8128,638948F1,1400
0,0,CM3D2VRx64_Data\sharedassets27.assets,6484,FD989814,1400
0,0,CM3D2VRx64_Data\sharedassets28.assets,39511712,E7AE45E1,1400
0,0,CM3D2VRx64_Data\sharedassets29.assets,5872,C23C6119,1400
0,0,CM3D2VRx64_Data\sharedassets3.assets,6340,9317D7D2,1400
0,0,CM3D2VRx64_Data\sharedassets30.assets,67700952,2367841A,1400
0,0,CM3D2VRx64_Data\sharedassets31.assets,67690184,18516713,1400
0,0,CM3D2VRx64_Data\sharedassets32.assets,47233820,20513D1B,1400
0,0,CM3D2VRx64_Data\sharedassets32.resource,3813344,7B95E5D4,1400
0,0,CM3D2VRx64_Data\sharedassets4.assets,1310240,FC43CA0E,1400
0,0,CM3D2VRx64_Data\sharedassets5.assets,6460,8D76AB26,1400
0,0,CM3D2VRx64_Data\sharedassets6.assets,5788,B4796690,1400
0,0,CM3D2VRx64_Data\sharedassets7.assets,6064,C13335CA,1400
0,0,CM3D2VRx64_Data\sharedassets8.assets,5944,41519313,1400
0,0,CM3D2VRx64_Data\sharedassets9.assets,6268,BBAA619C,1400
0,0,CM3D2VRx64_Data\Managed\Accessibility.dll,10752,594EE943,1400
0,0,CM3D2VRx64_Data\Managed\Assembly-CSharp-firstpass.dll,595456,4442B61E,1400
0,0,CM3D2VRx64_Data\Managed\Assembly-CSharp.dll,2493952,474D5F87,1400
0,0,CM3D2VRx64_Data\Managed\Assembly-UnityScript-firstpass.dll,65024,5AEED014,1400
0,0,CM3D2VRx64_Data\Managed\Boo.Lang.dll,126976,9ADD3789,1400
0,0,CM3D2VRx64_Data\Managed\JsonFx.Json.dll,70144,A0F0CFCB,1400
0,0,CM3D2VRx64_Data\Managed\LeapCSharp.NET3.5.dll,82432,38E38212,1400
0,0,CM3D2VRx64_Data\Managed\Mono.Data.Tds.dll,96256,DDA7BAB7,1400
0,0,CM3D2VRx64_Data\Managed\Mono.Posix.dll,184320,C7063ABB,1400
0,0,CM3D2VRx64_Data\Managed\Mono.Security.dll,294912,8C7E67B3,1400
0,0,CM3D2VRx64_Data\Managed\Mono.WebBrowser.dll,172032,541986C3,1400
0,0,CM3D2VRx64_Data\Managed\mscorlib.dll,2589696,AFA570E5,1400
0,0,CM3D2VRx64_Data\Managed\System.Configuration.dll,124928,D5F2A804,1400
0,0,CM3D2VRx64_Data\Managed\System.Core.dll,297472,BCE2218F,1400
0,0,CM3D2VRx64_Data\Managed\System.Data.dll,856064,F1D38D2E,1400
0,0,CM3D2VRx64_Data\Managed\System.dll,1679360,288F722A,1400
0,0,CM3D2VRx64_Data\Managed\System.Drawing.Design.dll,29696,E7B53FF9,1400
0,0,CM3D2VRx64_Data\Managed\System.Drawing.dll,448512,C4B2E872,1400
0,0,CM3D2VRx64_Data\Managed\System.EnterpriseServices.dll,46592,75A19B93,1400
0,0,CM3D2VRx64_Data\Managed\System.Security.dll,135168,365C74A7,1400
0,0,CM3D2VRx64_Data\Managed\System.Transactions.dll,27648,203D65C1,1400
0,0,CM3D2VRx64_Data\Managed\System.Windows.Forms.dll,3053568,56394001,1400
0,0,CM3D2VRx64_Data\Managed\System.Xml.dll,1270272,9B79033F,1400
0,0,CM3D2VRx64_Data\Managed\System.Xml.Linq.dll,106496,B3ACF139,1400
0,0,CM3D2VRx64_Data\Managed\UnityEngine.dll,972800,B3EB425F,1400
0,0,CM3D2VRx64_Data\Managed\UnityEngine.dll.mdb,353934,02424F6C,1400
0,0,CM3D2VRx64_Data\Managed\UnityEngine.Networking.dll,230912,EBC88F56,1400
0,0,CM3D2VRx64_Data\Managed\UnityEngine.UI.dll,219136,8E43BC11,1400
0,0,CM3D2VRx64_Data\Managed\UnityScript.Lang.dll,14336,13EE284D,1400
0,0,CM3D2VRx64_Data\Mono\mono.dll,2612696,2A5A1006,1400
0,0,CM3D2VRx64_Data\Mono\etc\mono\browscap.ini,311984,CE6C0AB3,1400
0,0,CM3D2VRx64_Data\Mono\etc\mono\config,1691,A635914A,1400
0,0,CM3D2VRx64_Data\Mono\etc\mono\1.0\DefaultWsdlHelpGenerator.aspx,58196,10E814BF,1400
0,0,CM3D2VRx64_Data\Mono\etc\mono\1.0\machine.config,17258,EDE1AC59,1400
0,0,CM3D2VRx64_Data\Mono\etc\mono\2.0\DefaultWsdlHelpGenerator.aspx,60453,F3869A34,1400
0,0,CM3D2VRx64_Data\Mono\etc\mono\2.0\machine.config,27625,73C91C24,1400
0,0,CM3D2VRx64_Data\Mono\etc\mono\2.0\settings.map,2618,A1A3C29F,1400
0,0,CM3D2VRx64_Data\Mono\etc\mono\2.0\web.config,11686,534A9960,1400
0,0,CM3D2VRx64_Data\Mono\etc\mono\2.0\Browsers\Compat.browser,1605,2E178A0B,1400
0,0,CM3D2VRx64_Data\Mono\etc\mono\mconfig\config.xml,25817,80B2033A,1400
0,0,CM3D2VRx64_Data\Plugins\cm3d2_x64.dll,1542656,E14B8436,1400
0,0,CM3D2VRx64_Data\Plugins\device_hook.dll,116224,52D7B853,1400
0,0,CM3D2VRx64_Data\Plugins\LeapC.dll,2516992,FBDD3767,1400
0,0,CM3D2VRx64_Data\Plugins\openvr_api.dll,318272,44432E0F,1400
0,0,CM3D2VRx64_Data\Plugins\OVRGamepad.dll,12800,2C526135,1400
0,0,CM3D2VRx64_Data\Plugins\OVRPlugin.dll,399272,D560055D,1400
0,0,CM3D2VRx64_Data\Resources\unity default resources,1544700,7137E221,1400
0,0,CM3D2VRx64_Data\Resources\unity_builtin_extra,128416,EB7E12DB,1400
0,0,GameData\material_vr.arc,6184,D2EAFD73,130
0,0,GameData\menu_vr.arc,3407,D3B43CF5,130
0,0,GameData\model_vr.arc,866449,B84B7620,130
0,0,GameData\texture_vr.arc,1111256,DF651968,130
