0,0,CM3D2OH.exe,7707136,A913B79B,1007
0,0,CM3D2OHx86.exe,16834560,08D88BD9,145
0,0,LICENSE,19099,328E95A1,1450
0,0,CM3D2OHx86_Data\globalgamemanagers,1340884,5F4A7A56,1450
0,0,CM3D2OHx86_Data\globalgamemanagers.assets,121164,64BE1E8B,1450
0,0,CM3D2OHx86_Data\level0,189212,54BA25C1,1450
0,0,CM3D2OHx86_Data\level1,207188,F2EF257B,1450
0,0,CM3D2OHx86_Data\level10,548236,2B415141,1450
0,0,CM3D2OHx86_Data\level11,4640,58B32C91,1450
0,0,CM3D2OHx86_Data\level12,191836,6DB04072,1450
0,0,CM3D2OHx86_Data\level13,4640,45C12680,1450
0,0,CM3D2OHx86_Data\level14,209956,527FC124,1450
0,0,CM3D2OHx86_Data\level15,304524,E86FB340,1450
0,0,CM3D2OHx86_Data\level16,451420,61394363,1450
0,0,CM3D2OHx86_Data\level17,215324,C89F4AC5,1450
0,0,CM3D2OHx86_Data\level18,537828,8DCEF0A4,1450
0,0,CM3D2OHx86_Data\level19,273068,3D20EF57,1450
0,0,CM3D2OHx86_Data\level2,287628,1601E3E7,1450
0,0,CM3D2OHx86_Data\level20,660276,F0AE0D82,1450
0,0,CM3D2OHx86_Data\level21,1291556,A7FE84AE,1450
0,0,CM3D2OHx86_Data\level22,519484,49D82F1E,1450
0,0,CM3D2OHx86_Data\level23,612468,F4B5B805,1450
0,0,CM3D2OHx86_Data\level24,843676,71FD80E8,1450
0,0,CM3D2OHx86_Data\level25,704620,0EC2E6B6,1450
0,0,CM3D2OHx86_Data\level26,551780,BA565ACB,1450
0,0,CM3D2OHx86_Data\level27,826836,1001B295,1450
0,0,CM3D2OHx86_Data\level3,597252,98B5ED73,1450
0,0,CM3D2OHx86_Data\level4,620132,A9B7D27B,1450
0,0,CM3D2OHx86_Data\level5,190260,014CFCEA,1450
0,0,CM3D2OHx86_Data\level6,234332,1679734B,1450
0,0,CM3D2OHx86_Data\level7,189764,E5531470,1450
0,0,CM3D2OHx86_Data\level8,217212,85D0DAD1,1450
0,0,CM3D2OHx86_Data\level9,190796,E510BB8B,1450
0,0,CM3D2OHx86_Data\resources.assets,250464192,BC2A687F,1450
0,0,CM3D2OHx86_Data\resources.assets.resS,409844948,1FF0ED99,1450
0,0,CM3D2OHx86_Data\sharedassets0.assets,16483040,85972594,1450
0,0,CM3D2OHx86_Data\sharedassets0.assets.resS,121728032,217CBB40,1450
0,0,CM3D2OHx86_Data\sharedassets1.assets,5920,A9A5E5A1,1450
0,0,CM3D2OHx86_Data\sharedassets10.assets,6244,FD193593,1450
0,0,CM3D2OHx86_Data\sharedassets11.assets,4132,A0CE92B7,1450
0,0,CM3D2OHx86_Data\sharedassets12.assets,5824,EBB10CDD,1450
0,0,CM3D2OHx86_Data\sharedassets13.assets,4132,6F1F8AE5,1450
0,0,CM3D2OHx86_Data\sharedassets14.assets,6544,EED33CC0,1450
0,0,CM3D2OHx86_Data\sharedassets15.assets,5788,FAF52ADF,1450
0,0,CM3D2OHx86_Data\sharedassets16.assets,215280,55337054,1450
0,0,CM3D2OHx86_Data\sharedassets16.assets.resS,51968,C41BC4E7,1450
0,0,CM3D2OHx86_Data\sharedassets17.assets,5860,9F8FEF90,1450
0,0,CM3D2OHx86_Data\sharedassets18.assets,74160,790308D5,1450
0,0,CM3D2OHx86_Data\sharedassets19.assets,6004,23395502,1450
0,0,CM3D2OHx86_Data\sharedassets2.assets,6136,A1A7E6D1,1450
0,0,CM3D2OHx86_Data\sharedassets20.assets,8128,C705C0F0,1450
0,0,CM3D2OHx86_Data\sharedassets21.assets,6580,C9A11213,1450
0,0,CM3D2OHx86_Data\sharedassets22.assets,39511712,8027B55D,1450
0,0,CM3D2OHx86_Data\sharedassets23.assets,67700952,C4A7C22A,1450
0,0,CM3D2OHx86_Data\sharedassets24.assets,67690184,7AAF3948,1450
0,0,CM3D2OHx86_Data\sharedassets25.assets,47233820,3A513923,1450
0,0,CM3D2OHx86_Data\sharedassets25.resource,3813344,7B95E5D4,1450
0,0,CM3D2OHx86_Data\sharedassets26.assets,80174972,53BA06D0,1450
0,0,CM3D2OHx86_Data\sharedassets27.assets,84139364,DCFB9CDE,1450
0,0,CM3D2OHx86_Data\sharedassets3.assets,1310240,16733AB5,1450
0,0,CM3D2OHx86_Data\sharedassets4.assets,6448,61970512,1450
0,0,CM3D2OHx86_Data\sharedassets5.assets,5788,190B0D01,1450
0,0,CM3D2OHx86_Data\sharedassets6.assets,6268,EE92FCD7,1450
0,0,CM3D2OHx86_Data\sharedassets7.assets,5764,1B2114D7,1450
0,0,CM3D2OHx86_Data\sharedassets8.assets,5788,F49CC908,1450
0,0,CM3D2OHx86_Data\sharedassets9.assets,5812,E7BDAA41,1450
0,0,CM3D2OHx86_Data\Managed\Accessibility.dll,10752,594EE943,1450
0,0,CM3D2OHx86_Data\Managed\Assembly-CSharp-firstpass.dll,556544,87D8E444,1450
0,0,CM3D2OHx86_Data\Managed\Assembly-CSharp.dll,2291200,CA5A85DF,1450
0,0,CM3D2OHx86_Data\Managed\Assembly-UnityScript-firstpass.dll,65024,0B504497,1450
0,0,CM3D2OHx86_Data\Managed\Boo.Lang.dll,126976,9ADD3789,1450
0,0,CM3D2OHx86_Data\Managed\Ionic.Zlib.dll,102400,7C9E7DD2,1450
0,0,CM3D2OHx86_Data\Managed\JsonFx.Json.dll,70144,A0F0CFCB,1450
0,0,CM3D2OHx86_Data\Managed\Mono.Data.Tds.dll,96256,DDA7BAB7,1450
0,0,CM3D2OHx86_Data\Managed\Mono.Posix.dll,184320,C7063ABB,1450
0,0,CM3D2OHx86_Data\Managed\Mono.Security.dll,294912,8C7E67B3,1450
0,0,CM3D2OHx86_Data\Managed\Mono.WebBrowser.dll,172032,541986C3,1450
0,0,CM3D2OHx86_Data\Managed\mscorlib.dll,2589696,AFA570E5,1450
0,0,CM3D2OHx86_Data\Managed\System.Configuration.dll,124928,D5F2A804,1450
0,0,CM3D2OHx86_Data\Managed\System.Core.dll,297472,BCE2218F,1450
0,0,CM3D2OHx86_Data\Managed\System.Data.dll,856064,F1D38D2E,1450
0,0,CM3D2OHx86_Data\Managed\System.dll,1679360,288F722A,1450
0,0,CM3D2OHx86_Data\Managed\System.Drawing.Design.dll,29696,E7B53FF9,1450
0,0,CM3D2OHx86_Data\Managed\System.Drawing.dll,448512,C4B2E872,1450
0,0,CM3D2OHx86_Data\Managed\System.EnterpriseServices.dll,46592,75A19B93,1450
0,0,CM3D2OHx86_Data\Managed\System.Security.dll,135168,365C74A7,1450
0,0,CM3D2OHx86_Data\Managed\System.Transactions.dll,27648,203D65C1,1450
0,0,CM3D2OHx86_Data\Managed\System.Windows.Forms.dll,3053568,56394001,1450
0,0,CM3D2OHx86_Data\Managed\System.Xml.dll,1270272,9B79033F,1450
0,0,CM3D2OHx86_Data\Managed\System.Xml.Linq.dll,106496,B3ACF139,1450
0,0,CM3D2OHx86_Data\Managed\UnityEngine.dll,972800,C8810FF6,1450
0,0,CM3D2OHx86_Data\Managed\UnityEngine.dll.mdb,353934,00DADFA5,1450
0,0,CM3D2OHx86_Data\Managed\UnityEngine.Networking.dll,230912,EBC88F56,1450
0,0,CM3D2OHx86_Data\Managed\UnityEngine.UI.dll,219136,8E43BC11,1450
0,0,CM3D2OHx86_Data\Managed\UnityScript.Lang.dll,14336,13EE284D,1450
0,0,CM3D2OHx86_Data\Managed\zxing.unity.dll,430592,9FD1F198,1450
0,0,CM3D2OHx86_Data\Mono\mono.dll,2114008,1F0AD6CA,1450
0,0,CM3D2OHx86_Data\Mono\etc\mono\browscap.ini,311984,CE6C0AB3,1450
0,0,CM3D2OHx86_Data\Mono\etc\mono\config,1691,A635914A,1450
0,0,CM3D2OHx86_Data\Mono\etc\mono\1.0\DefaultWsdlHelpGenerator.aspx,58196,10E814BF,1450
0,0,CM3D2OHx86_Data\Mono\etc\mono\1.0\machine.config,17258,EDE1AC59,1450
0,0,CM3D2OHx86_Data\Mono\etc\mono\2.0\DefaultWsdlHelpGenerator.aspx,60453,F3869A34,1450
0,0,CM3D2OHx86_Data\Mono\etc\mono\2.0\machine.config,27625,73C91C24,1450
0,0,CM3D2OHx86_Data\Mono\etc\mono\2.0\settings.map,2618,A1A3C29F,1450
0,0,CM3D2OHx86_Data\Mono\etc\mono\2.0\web.config,11686,534A9960,1450
0,0,CM3D2OHx86_Data\Mono\etc\mono\2.0\Browsers\Compat.browser,1605,2E178A0B,1450
0,0,CM3D2OHx86_Data\Mono\etc\mono\mconfig\config.xml,25817,80B2033A,1450
0,0,CM3D2OHx86_Data\Plugins\cm3d2_hole_x86.dll,266240,5C01E01F,1450
0,0,CM3D2OHx86_Data\Plugins\cm3d2_x86.dll,1330688,231FBE68,1450
0,0,CM3D2OHx86_Data\Plugins\device_hook.dll,371712,1686D487,1450
0,0,CM3D2OHx86_Data\Resources\unity default resources,1544700,7137E221,1450
0,0,CM3D2OHx86_Data\Resources\unity_builtin_extra,142196,65224570,1450
0,0,GameData\bg_pp001_2.arc,1237157,C9D912F7,1220
0,0,GameData\csv.arc,2879048,2BA02602,1450
0,0,GameData\csv_addpose001.arc,1235,D06FCA6D,1220
0,0,GameData\csv_cbl.arc,671928,FAF4CCDC,1450
0,0,GameData\csv_pp001_2.arc,10034,29181748,1370
0,0,GameData\csv_urayome001_2.arc,1714,1D92B577,1401
0,0,GameData\csv_vp001_2.arc,2082,25E58CEB,1160
0,0,GameData\material2.arc,210749,33A1BD54,1440
0,0,GameData\material_denkigai2015s003_2.arc,7106,0C82D791,1150
0,0,GameData\material_denkigai2015wTowelR.arc,1602,618192B9,1360
0,0,GameData\material_dlc055_2.arc,5282,11A93109,1280
0,0,GameData\material_dlsite_2.arc,1762,C5A837EA,1150
0,0,GameData\material_shop001_2.arc,1762,D98CED1C,1150
0,0,GameData\material_shop002_2.arc,1762,956BB00E,1150
0,0,GameData\material_shop003_2.arc,1762,38CEBFF2,1150
0,0,GameData\material_shop005_2.arc,1714,3E621A32,1150
0,0,GameData\material_shop007_2.arc,2578,C8CE627C,1150
0,0,GameData\material_vp001_2.arc,11890,8CB043B0,1400
0,0,GameData\material_yomeido003_2.arc,1522,0689A7AC,1240
0,0,GameData\menu2.arc,229871,789772BC,1440
0,0,GameData\menu_denkigai2015s001_2.arc,6594,8B3E849F,1160
0,0,GameData\menu_denkigai2015s003_2.arc,4338,D294CE88,1150
0,0,GameData\menu_denkigai2015wTowelR.arc,1282,CECEE1FC,1360
0,0,GameData\menu_denkigai2016s_2.arc,1346,4A9440B1,1351
0,0,GameData\menu_denkigai2016w_2.arc,15154,C8D64D3B,1450
0,0,GameData\menu_dlcdenkigai2016w_2.arc,13522,45E7F667,1450
0,0,GameData\menu_dlc026_2.arc,3778,69453D54,1190
0,0,GameData\menu_dlc028_2.arc,3874,DE3F1C31,1200
0,0,GameData\menu_dlc041_2.arc,6786,97F738D3,1380
0,0,GameData\menu_dlc042_2.arc,1154,EE4016C0,1440
0,0,GameData\menu_dlc061_2.arc,3810,F99C1D4E,1290
0,0,GameData\menu_dlc065_2.arc,7602,D9387834,1380
0,0,GameData\menu_dlc074_2.arc,5618,24C559D7,1312
0,0,GameData\menu_dlc100_2.arc,1250,DFF94E9A,1400
0,0,GameData\menu_dlsite_2.arc,1954,B2268BA7,1150
0,0,GameData\menu_personal002_2.arc,1282,5687650C,1310
0,0,GameData\menu_shop001_2.arc,3314,35207C87,1150
0,0,GameData\menu_shop005_2.arc,1378,0C9AF725,1150
0,0,GameData\menu_vp001_2.arc,19138,7C7AFD9C,1400
0,0,GameData\menu_yomeido003_2.arc,1234,4D6F619D,1240
0,0,GameData\menu_yomeidogp_wedding_2.arc,3954,C251B12C,1320
0,0,GameData\model2.arc,12275646,5E1277C4,1440
0,0,GameData\model_denkigai2015s003_2.arc,394665,41A48185,1150
0,0,GameData\model_denkigai2015wTowelR.arc,38258,FB570A24,1360
0,0,GameData\model_dlc005_2.arc,175424,F7DD7D82,1270
0,0,GameData\model_dlc046_2.arc,155690,83B34173,1220
0,0,GameData\model_dlc073_2.arc,267037,47D33A06,1320
0,0,GameData\model_dlc100_2.arc,691347,7C3D679D,1400
0,0,GameData\model_dlsite_2.arc,197173,24366C43,1150
0,0,GameData\model_shop001_2.arc,115215,9C941FAF,1150
0,0,GameData\model_shop002_2.arc,251253,743C3D97,1150
0,0,GameData\model_shop003_2.arc,185433,A15EC70A,1150
0,0,GameData\model_shop005_2.arc,150103,FB5341FA,1150
0,0,GameData\model_shop007_2.arc,288759,80615CBD,1150
0,0,GameData\model_vp001_2.arc,647957,D68B5D2F,1400
0,0,GameData\motion_cbl2.arc,18785381,85AD3E96,1450
0,0,GameData\motion_cbl_addpose001.arc,902201,447E5863,1220
0,0,GameData\motion_cbl_pp002_2.arc,62463881,9CEF1E84,1360
0,0,GameData\motion_cbl_vp001_2.arc,141603,80D0D160,1160
0,0,GameData\motion_cbl_ytgc002_2.arc,2475220,008FABF0,1160
0,0,GameData\motion_cbl_ytgc003_2.arc,296091,68096F71,1340
0,0,GameData\paths.dat,3484,CE37AD31,1450
0,0,GameData\prioritymaterial.arc,152825,84DEDF3E,1450
0,0,GameData\script_cbl.arc,2495319,8F99A42F,1450
0,0,GameData\script_cbl_addpose001.arc,1219,0C884F57,1220
0,0,GameData\script_cbl_denkigai2016sSukumizu_2.arc,28002,5783CE35,1370
0,0,GameData\script_cbl_denkigai2016s_2.arc,81434,8C81CD11,1370
0,0,GameData\script_cbl_personal001_2.arc,340451,B4150145,1260
0,0,GameData\script_cbl_personal003_2.arc,233458,FEF36EF9,1420
0,0,GameData\sound2.arc,12017684,3FAA939B,1330
0,0,GameData\system_cbl.arc,535,0B028230,1419
0,0,GameData\texture3.arc,9744594,BA1A4F6B,1450
0,0,GameData\texture_addpose001.arc,23943,1D529A44,1220
0,0,GameData\texture_denkigai2015wTowelR.arc,133065,FE4BDC34,1360
0,0,GameData\texture_denkigai2016w_2.arc,10105247,3B4641C3,1450
0,0,GameData\texture_dlcdenkigai2016w_2.arc,10105332,90868016,1450
0,0,GameData\texture_dlc004_2.arc,4805734,C8E5CFB4,1200
0,0,GameData\texture_dlc046_2.arc,596960,FC606BA5,1220
0,0,GameData\texture_vp001_2.arc,755269,18D5027D,1400
0,0,GameData\texture_yomeido003_2.arc,117248,0EE72B42,1240
0,0,GameData\voice_cbl2.arc,9627083,76D43E7B,1090
0,0,PhotoModeData\Mod\Motion\readme.txt,146,3BF5AF4D,1220
0,0,Preset\8_ren_1_yosiko.preset,55432,D54FD70C,1220
0,0,Preset\8_ren_2_ayumi.preset,51097,3C44F9DB,1220
0,0,Preset\8_ren_3_sakura.preset,52635,33F54D90,1220
0,0,Preset\8_ren_4_ai.preset,46819,9B6E5960,1220
0,0,manual\data\005.png,459612,3AF928C5,1170
0,0,manual\data\010.png,800070,5269304C,1170
