0,0,CM3D2VRx64.exe,20649984,6EFB2A0D,1401
0,0,CM3D2VRx64_DirectToRift.exe,465408,ED45B3A7,1401
0,0,LICENSE,3453,541AF859,1401
0,0,CM3D2VRx64_Data\globalgamemanagers,1386140,B1C39A6E,1401
0,0,CM3D2VRx64_Data\globalgamemanagers.assets,120920,0C961CD5,1401
0,0,CM3D2VRx64_Data\level0,184180,5CBDA10D,1401
0,0,CM3D2VRx64_Data\level1,202156,ACC9CA02,1401
0,0,CM3D2VRx64_Data\level10,196836,B3BC3297,1401
0,0,CM3D2VRx64_Data\level11,184716,A1AEAED8,1401
0,0,CM3D2VRx64_Data\level12,212164,77620083,1401
0,0,CM3D2VRx64_Data\level13,185236,CEC76ED4,1401
0,0,CM3D2VRx64_Data\level14,566604,1E25CC41,1401
0,0,CM3D2VRx64_Data\level15,4640,FC866A4D,1401
0,0,CM3D2VRx64_Data\level16,186788,65AE1053,1401
0,0,CM3D2VRx64_Data\level17,4640,F4EE38FE,1401
0,0,CM3D2VRx64_Data\level18,204908,541F9312,1401
0,0,CM3D2VRx64_Data\level19,274852,F4210AE4,1401
0,0,CM3D2VRx64_Data\level2,202044,D793D30B,1401
0,0,CM3D2VRx64_Data\level20,446372,0B2AB2ED,1401
0,0,CM3D2VRx64_Data\level21,209708,2D08D793,1401
0,0,CM3D2VRx64_Data\level22,532780,7C1FC6A7,1401
0,0,CM3D2VRx64_Data\level23,260484,C741E344,1401
0,0,CM3D2VRx64_Data\level24,286740,232843B2,1401
0,0,CM3D2VRx64_Data\level25,208492,4F1632C2,1401
0,0,CM3D2VRx64_Data\level26,655244,C781DD7D,1401
0,0,CM3D2VRx64_Data\level27,1263172,2626C049,1401
0,0,CM3D2VRx64_Data\level28,514436,ADAF76B7,1401
0,0,CM3D2VRx64_Data\level29,208564,2E5DCDE8,1401
0,0,CM3D2VRx64_Data\level3,423756,35AAE4B9,1401
0,0,CM3D2VRx64_Data\level30,607420,E501B819,1401
0,0,CM3D2VRx64_Data\level31,838628,59EDCA30,1401
0,0,CM3D2VRx64_Data\level32,699572,588C5EC4,1401
0,0,CM3D2VRx64_Data\level4,592204,4279DEE7,1401
0,0,CM3D2VRx64_Data\level5,632756,05F0AC7C,1401
0,0,CM3D2VRx64_Data\level6,185228,07CAB65E,1401
0,0,CM3D2VRx64_Data\level7,358860,0F2ECE01,1401
0,0,CM3D2VRx64_Data\level8,233676,DF45686D,1401
0,0,CM3D2VRx64_Data\level9,229300,688B7F68,1401
0,0,CM3D2VRx64_Data\resources.assets,248765144,7A711FC9,1401
0,0,CM3D2VRx64_Data\resources.assets.resS,402309764,626F8F1F,1401
0,0,CM3D2VRx64_Data\sharedassets0.assets,16482976,A6AE848B,1401
0,0,CM3D2VRx64_Data\sharedassets0.assets.resS,121728032,3D69BF0B,1401
0,0,CM3D2VRx64_Data\sharedassets1.assets,5920,4AEA95DD,1401
0,0,CM3D2VRx64_Data\sharedassets10.assets,5764,81CC27A4,1401
0,0,CM3D2VRx64_Data\sharedassets11.assets,5764,C19BC10D,1401
0,0,CM3D2VRx64_Data\sharedassets12.assets,5788,2D1DF987,1401
0,0,CM3D2VRx64_Data\sharedassets13.assets,5788,4DB15B3B,1401
0,0,CM3D2VRx64_Data\sharedassets14.assets,6340,DF35E061,1401
0,0,CM3D2VRx64_Data\sharedassets15.assets,4132,94B3E8D9,1401
0,0,CM3D2VRx64_Data\sharedassets16.assets,5824,6BA10444,1401
0,0,CM3D2VRx64_Data\sharedassets17.assets,4132,0239E830,1401
0,0,CM3D2VRx64_Data\sharedassets18.assets,6544,DB3C230A,1401
0,0,CM3D2VRx64_Data\sharedassets19.assets,5788,2930F7A6,1401
0,0,CM3D2VRx64_Data\sharedassets2.assets,5968,9ADC6D19,1401
0,0,CM3D2VRx64_Data\sharedassets20.assets,215280,0F33E444,1401
0,0,CM3D2VRx64_Data\sharedassets20.assets.resS,51968,C41BC4E7,1401
0,0,CM3D2VRx64_Data\sharedassets21.assets,5860,E9FC9B3C,1401
0,0,CM3D2VRx64_Data\sharedassets22.assets,74160,BE14496E,1401
0,0,CM3D2VRx64_Data\sharedassets23.assets,5992,6D51769D,1401
0,0,CM3D2VRx64_Data\sharedassets24.assets,5872,0B2D47BB,1401
0,0,CM3D2VRx64_Data\sharedassets25.assets,5872,9F01D859,1401
0,0,CM3D2VRx64_Data\sharedassets26.assets,8128,8A5C0577,1401
0,0,CM3D2VRx64_Data\sharedassets27.assets,6484,7BB34879,1401
0,0,CM3D2VRx64_Data\sharedassets28.assets,39511712,41AFD452,1401
0,0,CM3D2VRx64_Data\sharedassets29.assets,5872,3A396D15,1401
0,0,CM3D2VRx64_Data\sharedassets3.assets,6340,1FBABBCB,1401
0,0,CM3D2VRx64_Data\sharedassets30.assets,67700952,194D20B9,1401
0,0,CM3D2VRx64_Data\sharedassets31.assets,67690184,8F421B9C,1401
0,0,CM3D2VRx64_Data\sharedassets32.assets,47233820,D070267C,1401
0,0,CM3D2VRx64_Data\sharedassets32.resource,3813344,7B95E5D4,1401
0,0,CM3D2VRx64_Data\sharedassets4.assets,1310240,E6AB6962,1401
0,0,CM3D2VRx64_Data\sharedassets5.assets,6460,6AC4D5AD,1401
0,0,CM3D2VRx64_Data\sharedassets6.assets,5788,6EB3980D,1401
0,0,CM3D2VRx64_Data\sharedassets7.assets,6064,AC36F2ED,1401
0,0,CM3D2VRx64_Data\sharedassets8.assets,5944,2425DA09,1401
0,0,CM3D2VRx64_Data\sharedassets9.assets,6268,AC8DDCC5,1401
0,0,CM3D2VRx64_Data\Managed\Accessibility.dll,10752,594EE943,1401
0,0,CM3D2VRx64_Data\Managed\Assembly-CSharp-firstpass.dll,595456,EDBE8E89,1401
0,0,CM3D2VRx64_Data\Managed\Assembly-CSharp.dll,2494464,7066F1EE,1401
0,0,CM3D2VRx64_Data\Managed\Assembly-UnityScript-firstpass.dll,65024,DC795918,1401
0,0,CM3D2VRx64_Data\Managed\Boo.Lang.dll,126976,9ADD3789,1401
0,0,CM3D2VRx64_Data\Managed\JsonFx.Json.dll,70144,A0F0CFCB,1401
0,0,CM3D2VRx64_Data\Managed\LeapCSharp.NET3.5.dll,82432,38E38212,1401
0,0,CM3D2VRx64_Data\Managed\Mono.Data.Tds.dll,96256,DDA7BAB7,1401
0,0,CM3D2VRx64_Data\Managed\Mono.Posix.dll,184320,C7063ABB,1401
0,0,CM3D2VRx64_Data\Managed\Mono.Security.dll,294912,8C7E67B3,1401
0,0,CM3D2VRx64_Data\Managed\Mono.WebBrowser.dll,172032,541986C3,1401
0,0,CM3D2VRx64_Data\Managed\mscorlib.dll,2589696,AFA570E5,1401
0,0,CM3D2VRx64_Data\Managed\System.Configuration.dll,124928,D5F2A804,1401
0,0,CM3D2VRx64_Data\Managed\System.Core.dll,297472,BCE2218F,1401
0,0,CM3D2VRx64_Data\Managed\System.Data.dll,856064,F1D38D2E,1401
0,0,CM3D2VRx64_Data\Managed\System.dll,1679360,288F722A,1401
0,0,CM3D2VRx64_Data\Managed\System.Drawing.Design.dll,29696,E7B53FF9,1401
0,0,CM3D2VRx64_Data\Managed\System.Drawing.dll,448512,C4B2E872,1401
0,0,CM3D2VRx64_Data\Managed\System.EnterpriseServices.dll,46592,75A19B93,1401
0,0,CM3D2VRx64_Data\Managed\System.Security.dll,135168,365C74A7,1401
0,0,CM3D2VRx64_Data\Managed\System.Transactions.dll,27648,203D65C1,1401
0,0,CM3D2VRx64_Data\Managed\System.Windows.Forms.dll,3053568,56394001,1401
0,0,CM3D2VRx64_Data\Managed\System.Xml.dll,1270272,9B79033F,1401
0,0,CM3D2VRx64_Data\Managed\System.Xml.Linq.dll,106496,B3ACF139,1401
0,0,CM3D2VRx64_Data\Managed\UnityEngine.dll,972800,B3EB425F,1401
0,0,CM3D2VRx64_Data\Managed\UnityEngine.dll.mdb,353934,02424F6C,1401
0,0,CM3D2VRx64_Data\Managed\UnityEngine.Networking.dll,230912,EBC88F56,1401
0,0,CM3D2VRx64_Data\Managed\UnityEngine.UI.dll,219136,8E43BC11,1401
0,0,CM3D2VRx64_Data\Managed\UnityScript.Lang.dll,14336,13EE284D,1401
0,0,CM3D2VRx64_Data\Mono\mono.dll,2612696,2A5A1006,1401
0,0,CM3D2VRx64_Data\Mono\etc\mono\browscap.ini,311984,CE6C0AB3,1401
0,0,CM3D2VRx64_Data\Mono\etc\mono\config,1691,A635914A,1401
0,0,CM3D2VRx64_Data\Mono\etc\mono\1.0\DefaultWsdlHelpGenerator.aspx,58196,10E814BF,1401
0,0,CM3D2VRx64_Data\Mono\etc\mono\1.0\machine.config,17258,EDE1AC59,1401
0,0,CM3D2VRx64_Data\Mono\etc\mono\2.0\DefaultWsdlHelpGenerator.aspx,60453,F3869A34,1401
0,0,CM3D2VRx64_Data\Mono\etc\mono\2.0\machine.config,27625,73C91C24,1401
0,0,CM3D2VRx64_Data\Mono\etc\mono\2.0\settings.map,2618,A1A3C29F,1401
0,0,CM3D2VRx64_Data\Mono\etc\mono\2.0\web.config,11686,534A9960,1401
0,0,CM3D2VRx64_Data\Mono\etc\mono\2.0\Browsers\Compat.browser,1605,2E178A0B,1401
0,0,CM3D2VRx64_Data\Mono\etc\mono\mconfig\config.xml,25817,80B2033A,1401
0,0,CM3D2VRx64_Data\Plugins\cm3d2_x64.dll,1542656,E14B8436,1401
0,0,CM3D2VRx64_Data\Plugins\device_hook.dll,116224,52D7B853,1401
0,0,CM3D2VRx64_Data\Plugins\LeapC.dll,2516992,FBDD3767,1401
0,0,CM3D2VRx64_Data\Plugins\openvr_api.dll,318272,44432E0F,1401
0,0,CM3D2VRx64_Data\Plugins\OVRGamepad.dll,12800,2C526135,1401
0,0,CM3D2VRx64_Data\Plugins\OVRPlugin.dll,399272,D560055D,1401
0,0,CM3D2VRx64_Data\Resources\unity default resources,1544700,7137E221,1401
0,0,CM3D2VRx64_Data\Resources\unity_builtin_extra,128416,EB7E12DB,1401
0,0,GameData\material_vr.arc,6184,D2EAFD73,130
0,0,GameData\menu_vr.arc,3407,D3B43CF5,130
0,0,GameData\model_vr.arc,866449,B84B7620,130
0,0,GameData\texture_vr.arc,1111256,DF651968,130
