0,0,COM3D2OH.exe,6623232,E30BEDE0,2006
0,0,COM3D2OHx64.exe,22841856,858642A8,1260
0,0,LICENSE,31205,24BAD003,1260
0,0,COM3D2OHx64_Data\app.info,42,6CD75754,1260
0,0,COM3D2OHx64_Data\globalgamemanagers,4246556,4E600D67,1260
0,0,COM3D2OHx64_Data\globalgamemanagers.assets,229300,67A1D574,1260
0,0,COM3D2OHx64_Data\level0,305404,547683BB,1260
0,0,COM3D2OHx64_Data\level1,328252,228E9B43,1260
0,0,COM3D2OHx64_Data\level10,673740,2E70946F,1260
0,0,COM3D2OHx64_Data\level11,7412,CE9F949E,1260
0,0,COM3D2OHx64_Data\level12,307860,299A40EA,1260
0,0,COM3D2OHx64_Data\level13,4664,51BF0BFB,1260
0,0,COM3D2OHx64_Data\level14,324548,38F0A633,1260
0,0,COM3D2OHx64_Data\level15,312724,04884D03,1260
0,0,COM3D2OHx64_Data\level16,933260,3FAAD4AB,1260
0,0,COM3D2OHx64_Data\level17,400292,BCD75B12,1260
0,0,COM3D2OHx64_Data\level18,1062900,8311B94B,1260
0,0,COM3D2OHx64_Data\level19,389388,38BC9FE3,1260
0,0,COM3D2OHx64_Data\level2,719108,07E8279C,1260
0,0,COM3D2OHx64_Data\level20,2146540,3CB635B8,1260
0,0,COM3D2OHx64_Data\level21,1092908,4AA1916C,1260
0,0,COM3D2OHx64_Data\level22,1066212,04F8934B,1260
0,0,COM3D2OHx64_Data\level23,427596,F083EAAC,1260
0,0,COM3D2OHx64_Data\level24,27904,8CFE0788,1260
0,0,COM3D2OHx64_Data\level24.resS,131232,437C95D8,1260
0,0,COM3D2OHx64_Data\level25,51676,D81388B0,1260
0,0,COM3D2OHx64_Data\level26,56036,5D4BEDEA,1260
0,0,COM3D2OHx64_Data\level27,6832,54C13CCB,1260
0,0,COM3D2OHx64_Data\level28,306308,DBB00D9E,1260
0,0,COM3D2OHx64_Data\level29,1554228,DB034600,1260
0,0,COM3D2OHx64_Data\level3,1190756,C585105D,1260
0,0,COM3D2OHx64_Data\level30,1410860,419933EA,1260
0,0,COM3D2OHx64_Data\level31,1432460,DB2AE9B5,1260
0,0,COM3D2OHx64_Data\level32,1327692,0970B926,1260
0,0,COM3D2OHx64_Data\level33,1392148,0DCFD38B,1260
0,0,COM3D2OHx64_Data\level34,1517556,EF07AEEE,1260
0,0,COM3D2OHx64_Data\level35,1254556,7D4BA0A6,1260
0,0,COM3D2OHx64_Data\level36,1005180,7E317091,1260
0,0,COM3D2OHx64_Data\level37,1012468,564652FF,1260
0,0,COM3D2OHx64_Data\level38,1254556,CF455FA1,1260
0,0,COM3D2OHx64_Data\level39,1135148,38629B72,1260
0,0,COM3D2OHx64_Data\level4,1214484,EF812183,1260
0,0,COM3D2OHx64_Data\level40,923716,8FE30793,1260
0,0,COM3D2OHx64_Data\level41,1210124,530DE2C3,1260
0,0,COM3D2OHx64_Data\level42,1352596,61D0C43B,1260
0,0,COM3D2OHx64_Data\level43,1311140,0D7D4F61,1260
0,0,COM3D2OHx64_Data\level44,895948,898EE23A,1260
0,0,COM3D2OHx64_Data\level45,381212,BC58D630,1260
0,0,COM3D2OHx64_Data\level46,377580,18CD5690,1260
0,0,COM3D2OHx64_Data\level47,421292,FBC7E912,1260
0,0,COM3D2OHx64_Data\level48,443420,47DD6670,1260
0,0,COM3D2OHx64_Data\level49,371820,3E5E4A9B,1260
0,0,COM3D2OHx64_Data\level5,306388,58681B9A,1260
0,0,COM3D2OHx64_Data\level50,431780,187E8BC0,1260
0,0,COM3D2OHx64_Data\level51,1018124,8CA8CA2C,1260
0,0,COM3D2OHx64_Data\level52,942524,2038246F,1260
0,0,COM3D2OHx64_Data\level53,424500,9834789B,1260
0,0,COM3D2OHx64_Data\level54,446644,DCAA67CA,1260
0,0,COM3D2OHx64_Data\level55,437228,B24F7E83,1260
0,0,COM3D2OHx64_Data\level56,1022532,0039B89C,1260
0,0,COM3D2OHx64_Data\level57,982820,27950B3E,1260
0,0,COM3D2OHx64_Data\level58,430276,A502942B,1260
0,0,COM3D2OHx64_Data\level59,414796,242BC66C,1260
0,0,COM3D2OHx64_Data\level6,394324,BB956A67,1260
0,0,COM3D2OHx64_Data\level60,396468,2D4653D7,1260
0,0,COM3D2OHx64_Data\level61,1361940,B834A3B9,1260
0,0,COM3D2OHx64_Data\level62,1302676,8A7C3323,1260
0,0,COM3D2OHx64_Data\level63,483292,A69CF061,1260
0,0,COM3D2OHx64_Data\level64,381676,D942696E,1260
0,0,COM3D2OHx64_Data\level65,1235508,84E5DF6E,1260
0,0,COM3D2OHx64_Data\level66,948524,531E7BAD,1260
0,0,COM3D2OHx64_Data\level7,305916,05DD9121,1260
0,0,COM3D2OHx64_Data\level8,373148,0018BB80,1260
0,0,COM3D2OHx64_Data\level9,307364,0345C60C,1260
0,0,COM3D2OHx64_Data\resources.assets,391017984,869AC9BE,1260
0,0,COM3D2OHx64_Data\resources.assets.resS,1703429248,CB429D4D,1260
0,0,COM3D2OHx64_Data\resources.resource,727392,54F90BDA,1260
0,0,COM3D2OHx64_Data\sharedassets0.assets,115228420,1F45F8E0,1260
0,0,COM3D2OHx64_Data\sharedassets0.assets.resS,121744416,255B44E0,1260
0,0,COM3D2OHx64_Data\sharedassets1.assets,6304,F9626DEA,1260
0,0,COM3D2OHx64_Data\sharedassets10.assets,6676,74535F03,1260
0,0,COM3D2OHx64_Data\sharedassets11.assets,4576,604500FF,1260
0,0,COM3D2OHx64_Data\sharedassets12.assets,6172,38EA3472,1260
0,0,COM3D2OHx64_Data\sharedassets13.assets,4132,1C9FFC30,1260
0,0,COM3D2OHx64_Data\sharedassets14.assets,6892,EAB88B15,1260
0,0,COM3D2OHx64_Data\sharedassets15.assets,6232,9F8BBBDB,1260
0,0,COM3D2OHx64_Data\sharedassets16.assets,12580,DC59263C,1260
0,0,COM3D2OHx64_Data\sharedassets17.assets,6340,BAF11B7A,1260
0,0,COM3D2OHx64_Data\sharedassets18.assets,12724,9403EA88,1260
0,0,COM3D2OHx64_Data\sharedassets19.assets,6340,D44D70EB,1260
0,0,COM3D2OHx64_Data\sharedassets2.assets,6580,D4AE3F34,1260
0,0,COM3D2OHx64_Data\sharedassets20.assets,7132,97DE6997,1260
0,0,COM3D2OHx64_Data\sharedassets21.assets,12700,607415EE,1260
0,0,COM3D2OHx64_Data\sharedassets22.assets,12700,607415EE,1260
0,0,COM3D2OHx64_Data\sharedassets23.assets,18126880,79A0A3B1,1260
0,0,COM3D2OHx64_Data\sharedassets24.assets,12328,9F74B189,1260
0,0,COM3D2OHx64_Data\sharedassets25.assets,4420,5B8E5126,1260
0,0,COM3D2OHx64_Data\sharedassets26.assets,4324,E4B27FEC,1260
0,0,COM3D2OHx64_Data\sharedassets27.assets,4264,951FB83A,1260
0,0,COM3D2OHx64_Data\sharedassets28.assets,6148,F2DA575D,1260
0,0,COM3D2OHx64_Data\sharedassets29.assets,12580,BB978AEA,1260
0,0,COM3D2OHx64_Data\sharedassets3.assets,12952,8B78BE35,1260
0,0,COM3D2OHx64_Data\sharedassets30.assets,12580,ABE6AF28,1260
0,0,COM3D2OHx64_Data\sharedassets31.assets,12580,2AE8DB7C,1260
0,0,COM3D2OHx64_Data\sharedassets32.assets,9400,E5BE9A83,1260
0,0,COM3D2OHx64_Data\sharedassets33.assets,9508,71D3A284,1260
0,0,COM3D2OHx64_Data\sharedassets34.assets,9496,8032C54E,1260
0,0,COM3D2OHx64_Data\sharedassets35.assets,12664,484FB160,1260
0,0,COM3D2OHx64_Data\sharedassets36.assets,9292,959B5DBD,1260
0,0,COM3D2OHx64_Data\sharedassets37.assets,9328,8AAB7D5D,1260
0,0,COM3D2OHx64_Data\sharedassets38.assets,12664,484FB160,1260
0,0,COM3D2OHx64_Data\sharedassets39.assets,9532,60C86BEF,1260
0,0,COM3D2OHx64_Data\sharedassets4.assets,7144,DFC9E302,1260
0,0,COM3D2OHx64_Data\sharedassets40.assets,9328,8AAB7D5D,1260
0,0,COM3D2OHx64_Data\sharedassets41.assets,9472,24722151,1260
0,0,COM3D2OHx64_Data\sharedassets42.assets,12580,D2DEB5B3,1260
0,0,COM3D2OHx64_Data\sharedassets43.assets,9508,71D3A284,1260
0,0,COM3D2OHx64_Data\sharedassets44.assets,9496,8032C54E,1260
0,0,COM3D2OHx64_Data\sharedassets45.assets,42236564,84BBFC40,1260
0,0,COM3D2OHx64_Data\sharedassets45.assets.resS,87400,8BA6C322,1260
0,0,COM3D2OHx64_Data\sharedassets46.assets,38246532,2D4581AA,1260
0,0,COM3D2OHx64_Data\sharedassets47.assets,32874628,9750BB08,1260
0,0,COM3D2OHx64_Data\sharedassets48.assets,36735708,A1216F5B,1260
0,0,COM3D2OHx64_Data\sharedassets48.assets.resS,174776,5B619AF1,1260
0,0,COM3D2OHx64_Data\sharedassets49.assets,41277384,91C85DE8,1260
0,0,COM3D2OHx64_Data\sharedassets5.assets,6136,4C64F57C,1260
0,0,COM3D2OHx64_Data\sharedassets50.assets,39399136,30875A35,1260
0,0,COM3D2OHx64_Data\sharedassets51.assets,3017132,8272F9D8,1260
0,0,COM3D2OHx64_Data\sharedassets51.assets.resS,611728,7BFBEAAE,1260
0,0,COM3D2OHx64_Data\sharedassets52.assets,9556,49E1B599,1260
0,0,COM3D2OHx64_Data\sharedassets53.assets,6532,FCCF906A,1260
0,0,COM3D2OHx64_Data\sharedassets54.assets,6532,FCCF906A,1260
0,0,COM3D2OHx64_Data\sharedassets55.assets,6532,FCCF906A,1260
0,0,COM3D2OHx64_Data\sharedassets56.assets,12592,332E9B9F,1260
0,0,COM3D2OHx64_Data\sharedassets57.assets,9508,59F23A3A,1260
0,0,COM3D2OHx64_Data\sharedassets58.assets,6496,3E132357,1260
0,0,COM3D2OHx64_Data\sharedassets59.assets,59388,9E8EDC80,1260
0,0,COM3D2OHx64_Data\sharedassets59.assets.resS,174776,B51EE5DC,1260
0,0,COM3D2OHx64_Data\sharedassets6.assets,7108,689595B4,1260
0,0,COM3D2OHx64_Data\sharedassets60.assets,6508,C718D0ED,1260
0,0,COM3D2OHx64_Data\sharedassets61.assets,759784,5D94A4A1,1260
0,0,COM3D2OHx64_Data\sharedassets61.assets.resS,1313704,3444C1DB,1260
0,0,COM3D2OHx64_Data\sharedassets61.resource,1178176,90268BF4,1260
0,0,COM3D2OHx64_Data\sharedassets62.assets,9364,5299139A,1260
0,0,COM3D2OHx64_Data\sharedassets63.assets,3412536,3B70878B,1260
0,0,COM3D2OHx64_Data\sharedassets63.assets.resS,6226112,B3E98769,1260
0,0,COM3D2OHx64_Data\sharedassets64.assets,6604,2DF863EA,1260
0,0,COM3D2OHx64_Data\sharedassets65.assets,25592,FC0EFB27,1260
0,0,COM3D2OHx64_Data\sharedassets65.assets.resS,46528,D3D45DD7,1260
0,0,COM3D2OHx64_Data\sharedassets66.assets,9496,8032C54E,1260
0,0,COM3D2OHx64_Data\sharedassets7.assets,6112,94CD3780,1260
0,0,COM3D2OHx64_Data\sharedassets8.assets,6364,A3B00DD4,1260
0,0,COM3D2OHx64_Data\sharedassets9.assets,6184,CD8939ED,1260
0,0,COM3D2OHx64_Data\Managed\Accessibility.dll,10752,5CB31E4E,1260
0,0,COM3D2OHx64_Data\Managed\Assembly-CSharp-firstpass.dll,787456,DCEB9520,1260
0,0,COM3D2OHx64_Data\Managed\Assembly-CSharp.dll,5191680,EEE0ACE6,1260
0,0,COM3D2OHx64_Data\Managed\Assembly-UnityScript-firstpass.dll,65024,F5E8BECE,1260
0,0,COM3D2OHx64_Data\Managed\Boo.Lang.dll,126976,28383F70,1260
0,0,COM3D2OHx64_Data\Managed\BouncyCastle.Crypto.dll,2236416,5A4C4F07,1260
0,0,COM3D2OHx64_Data\Managed\FoveUnityPlugin.dll,28672,A6EA882B,1260
0,0,COM3D2OHx64_Data\Managed\ICSharpCode.SharpZipLib.dll,200704,D3160A1C,1260
0,0,COM3D2OHx64_Data\Managed\Ionic.Zlib.dll,102400,7C9E7DD2,1260
0,0,COM3D2OHx64_Data\Managed\JsonFx.Json.dll,70144,A0F0CFCB,1260
0,0,COM3D2OHx64_Data\Managed\LeapCSharp.NET3.5.dll,82432,38E38212,1260
0,0,COM3D2OHx64_Data\Managed\Mono.Data.Tds.dll,96256,2965324B,1260
0,0,COM3D2OHx64_Data\Managed\Mono.Posix.dll,184320,0CE35BE3,1260
0,0,COM3D2OHx64_Data\Managed\Mono.Security.dll,294912,66EB9979,1260
0,0,COM3D2OHx64_Data\Managed\Mono.WebBrowser.dll,172032,137B736F,1260
0,0,COM3D2OHx64_Data\Managed\mscorlib.dll,2590208,5166389B,1260
0,0,COM3D2OHx64_Data\Managed\Newtonsoft.Json.dll,494592,5C881B73,1260
0,0,COM3D2OHx64_Data\Managed\System.Configuration.dll,124928,72952344,1260
0,0,COM3D2OHx64_Data\Managed\System.Core.dll,297472,9E3EE5D7,1260
0,0,COM3D2OHx64_Data\Managed\System.Data.dll,856064,DDDB80CD,1260
0,0,COM3D2OHx64_Data\Managed\System.dll,1679360,13922617,1260
0,0,COM3D2OHx64_Data\Managed\System.Drawing.Design.dll,29696,E7B53FF9,1260
0,0,COM3D2OHx64_Data\Managed\System.Drawing.dll,448512,C4B2E872,1260
0,0,COM3D2OHx64_Data\Managed\System.EnterpriseServices.dll,46592,2C72A9FE,1260
0,0,COM3D2OHx64_Data\Managed\System.Security.dll,135168,1CE94C57,1260
0,0,COM3D2OHx64_Data\Managed\System.Transactions.dll,27648,45299FCF,1260
0,0,COM3D2OHx64_Data\Managed\System.Windows.Forms.dll,3053568,56394001,1260
0,0,COM3D2OHx64_Data\Managed\System.Xml.dll,1270272,4581A35B,1260
0,0,COM3D2OHx64_Data\Managed\System.Xml.Linq.dll,106496,E844371C,1260
0,0,COM3D2OHx64_Data\Managed\UnityEngine.dll,1393152,2C35388C,1260
0,0,COM3D2OHx64_Data\Managed\UnityEngine.dll.mdb,449828,8610375E,1260
0,0,COM3D2OHx64_Data\Managed\UnityEngine.Networking.dll,253952,2BDF701F,1260
0,0,COM3D2OHx64_Data\Managed\UnityEngine.UI.dll,245760,FA552B2D,1260
0,0,COM3D2OHx64_Data\Managed\UnityEngine.VR.dll,3072,A4582CD6,1260
0,0,COM3D2OHx64_Data\Managed\UnityScript.Lang.dll,13824,0DA8F681,1260
0,0,COM3D2OHx64_Data\Managed\zxing.unity.dll,430592,9FD1F198,1260
0,0,COM3D2OHx64_Data\Mono\mono.dll,2618816,0BEA8C0F,1260
0,0,COM3D2OHx64_Data\Mono\MonoPosixHelper.dll,113664,9B5E1E4D,1260
0,0,COM3D2OHx64_Data\Mono\etc\mono\browscap.ini,311984,CE6C0AB3,1260
0,0,COM3D2OHx64_Data\Mono\etc\mono\config,1691,A635914A,1260
0,0,COM3D2OHx64_Data\Mono\etc\mono\1.0\DefaultWsdlHelpGenerator.aspx,58196,10E814BF,1260
0,0,COM3D2OHx64_Data\Mono\etc\mono\1.0\machine.config,17258,EDE1AC59,1260
0,0,COM3D2OHx64_Data\Mono\etc\mono\2.0\DefaultWsdlHelpGenerator.aspx,60453,F3869A34,1260
0,0,COM3D2OHx64_Data\Mono\etc\mono\2.0\machine.config,27625,73C91C24,1260
0,0,COM3D2OHx64_Data\Mono\etc\mono\2.0\settings.map,2618,A1A3C29F,1260
0,0,COM3D2OHx64_Data\Mono\etc\mono\2.0\web.config,11686,534A9960,1260
0,0,COM3D2OHx64_Data\Mono\etc\mono\2.0\Browsers\Compat.browser,1605,2E178A0B,1260
0,0,COM3D2OHx64_Data\Mono\etc\mono\mconfig\config.xml,25817,80B2033A,1260
0,0,COM3D2OHx64_Data\Plugins\assimp.dll,4388864,7C910D84,1260
0,0,COM3D2OHx64_Data\Plugins\Audio360.dll,1499136,2D77400A,1260
0,0,COM3D2OHx64_Data\Plugins\AVProVideo.dll,891392,A3612D4B,1260
0,0,COM3D2OHx64_Data\Plugins\clothpp.dll,112128,7C3264A4,1260
0,0,COM3D2OHx64_Data\Plugins\cm3d2.dll,2100736,74B315EF,1260
0,0,COM3D2OHx64_Data\Plugins\device_hook.dll,738816,F61E7CED,1260
0,0,COM3D2OHx64_Data\Plugins\FoveClient.dll,1849384,58C8B4F6,1260
0,0,COM3D2OHx64_Data\Plugins\LeapC.dll,2516992,FBDD3767,1260
0,0,COM3D2OHx64_Data\Plugins\openvr_api.dll,318272,44432E0F,1260
0,0,COM3D2OHx64_Data\Plugins\OVRGamepad.dll,12800,2C526135,1260
0,0,COM3D2OHx64_Data\Plugins\OVRLipSync.dll,2512296,391C1F4C,1260
0,0,COM3D2OHx64_Data\Plugins\OVRPlugin.dll,1898408,5DD05B6C,1260
0,0,COM3D2OHx64_Data\Resources\unity default resources,752360,71DB1AEA,1260
0,0,COM3D2OHx64_Data\Resources\unity_builtin_extra,284012,91145F7F,1260
0,0,GameData\bg_kissevent2018_sp_card_2.arc,493322,140250D1,1100
0,0,GameData\bg_sp001_2.arc,16204240,91030B15,1000
0,0,GameData\csv.arc,4600922,453C55AD,1260
0,0,GameData\csv_cbl.arc,730329,41F1BA7E,1260
0,0,GameData\csv_gp001_2.arc,30290,531A2004,1250
0,0,GameData\csv_old_2.arc,1746,7AD2A97C,1150
0,0,GameData\csv_ordermade001_2.arc,770,422A7575,1150
0,0,GameData\motion_cbl2.arc,13460284,35E6C647,1210
0,0,GameData\motion_cbl_3d21reserve_2.arc,153938,9CB83B59,1120
0,0,GameData\motion_cbl_kissnohi001_2.arc,158468,9CE47192,1200
0,0,GameData\motion_cbl_vp001_2.arc,1659046,62219F7A,1250
0,0,GameData\parts2.arc,153130611,9C6CDEB8,1250
0,0,GameData\parts_dlc209_2.arc,1363413,BF1ABBC0,1171
0,0,GameData\parts_dlc216_2.arc,932171,E7454670,1200
0,0,GameData\parts_dlc232_2.arc,3682,115DEE3E,1250
0,0,GameData\parts_gp001_2.arc,45293283,8FDBD530,1260
0,0,GameData\parts_magazine003_2.arc,201385,3A5B273D,1120
0,0,GameData\parts_kissevent2018_2.arc,5570,005BBD00,1100
0,0,GameData\parts_omvr.arc,3206509,4F0D0480,1120
0,0,GameData\parts_sp002cloth1_2.arc,10930,46512519,1250
0,0,GameData\parts_vac001_2.arc,6706,959CBD1B,1250
0,0,GameData\paths.dat,4282,7009E1C9,1260
0,0,GameData\prioritymaterial.arc,316628,A59B5450,1260
0,0,GameData\script_cbl.arc,5628510,D8E7124B,1260
0,0,GameData\script_cbl_omytgc001_2.arc,212278,5759B805,1210
0,0,GameData\script_cbl_ordermade001_2.arc,36866,2E4CD733,1210
0,0,GameData\script_cbl_ordermade002_2.arc,36466,DD7811A4,1210
0,0,GameData\script_cbl_ordermade003_2.arc,3026,080F3688,1250
0,0,GameData\script_cbl_ordermade004_2.arc,3250,96221889,1250
0,0,GameData\script_cbl_personal_om002_2.arc,1730,BC1779C2,1250
0,0,GameData\script_cbl_s2.arc,1170205,611FCB43,1230
0,0,GameData\script_share_karaoke_2.arc,8074,468A97FC,1250
0,0,GameData\system2.arc,10823996,33D03055,1210
0,0,GameData\voice_cbl_s2.arc,32906282,98B4E1E9,1170
0,0,GameData\voice_gp001_2.arc,125113963,C8247800,1250
0,0,GameData_20\bg_vp001_2.arc,283046,A7A90EE1,1190
0,0,GameData_20\material_denkigai2015s003_2.arc,7106,0C82D791,1150
0,0,GameData_20\material_denkigai2015wTowelR.arc,1602,618192B9,1360
0,0,GameData_20\material_dlc055_2.arc,5282,11A93109,1280
0,0,GameData_20\material_dlsite_2.arc,1762,C5A837EA,1150
0,0,GameData_20\material_shop001_2.arc,1762,D98CED1C,1150
0,0,GameData_20\material_shop002_2.arc,1762,956BB00E,1150
0,0,GameData_20\material_shop003_2.arc,1762,38CEBFF2,1150
0,0,GameData_20\material_shop005_2.arc,1714,3E621A32,1150
0,0,GameData_20\material_shop007_2.arc,2578,C8CE627C,1150
0,0,GameData_20\material_vp001_2.arc,11890,8CB043B0,1400
0,0,GameData_20\material_yomeido003_2.arc,1522,0689A7AC,1240
0,0,GameData_20\menu_denkigai2015s001_2.arc,6594,8B3E849F,1160
0,0,GameData_20\menu_denkigai2015s003_2.arc,4338,D294CE88,1150
0,0,GameData_20\menu_denkigai2015wTowelR.arc,1282,CECEE1FC,1360
0,0,GameData_20\menu_denkigai2016s_2.arc,1346,4A9440B1,1351
0,0,GameData_20\menu_denkigai2016w_2.arc,15154,C8D64D3B,1450
0,0,GameData_20\menu_denkigai2017s_2.arc,1218,267B1338,1540
0,0,GameData_20\menu_dlcdenkigai2016w_2.arc,13522,45E7F667,1450
0,0,GameData_20\menu_dlcdenkigai2017s_2.arc,1218,A6C83B5D,1540
0,0,GameData_20\menu_dlc026_2.arc,3778,69453D54,1190
0,0,GameData_20\menu_dlc028_2.arc,3874,DE3F1C31,1200
0,0,GameData_20\menu_dlc041_2.arc,6786,97F738D3,1380
0,0,GameData_20\menu_dlc042_2.arc,1154,EE4016C0,1440
0,0,GameData_20\menu_dlc049_2.arc,3106,E30D6F4C,1522
0,0,GameData_20\menu_dlc061_2.arc,3810,F99C1D4E,1290
0,0,GameData_20\menu_dlc065_2.arc,7602,D9387834,1380
0,0,GameData_20\menu_dlc074_2.arc,5618,24C559D7,1312
0,0,GameData_20\menu_dlc100_2.arc,1250,DFF94E9A,1400
0,0,GameData_20\menu_dlc101_2.arc,1218,44DB4049,1481
0,0,GameData_20\menu_dlsite_2.arc,1954,B2268BA7,1150
0,0,GameData_20\menu_kissevent2017march.arc,281,FF4EEB9B,1522
0,0,GameData_20\menu_kissevent2017march_2.arc,106624,14291926,1631
0,0,GameData_20\menu_magazine002_2.arc,12498,691C1126,1471
0,0,GameData_20\menu_personal002_2.arc,1282,5687650C,1310
0,0,GameData_20\menu_shop001_2.arc,3314,35207C87,1150
0,0,GameData_20\menu_shop005_2.arc,1378,0C9AF725,1150
0,0,GameData_20\menu_vp001_2.arc,19138,7C7AFD9C,1400
0,0,GameData_20\menu_yomeido003_2.arc,1234,4D6F619D,1240
0,0,GameData_20\menu_yomeidogp_wedding_2.arc,3954,C251B12C,1320
0,0,GameData_20\model_denkigai2015s003_2.arc,394665,41A48185,1150
0,0,GameData_20\model_denkigai2015wTowelR.arc,38258,FB570A24,1360
0,0,GameData_20\model_denkigai2017s_2.arc,462663,8917104A,1582
0,0,GameData_20\model_dlcdenkigai2017s_2.arc,462667,9F0C3D54,1582
0,0,GameData_20\model_dlc005_2.arc,175424,F7DD7D82,1270
0,0,GameData_20\model_dlc046_2.arc,155690,83B34173,1220
0,0,GameData_20\model_dlc073_2.arc,267037,47D33A06,1320
0,0,GameData_20\model_dlc100_2.arc,691347,7C3D679D,1400
0,0,GameData_20\model_dlc109_2.arc,137998,8FCCF513,1460
0,0,GameData_20\model_dlc151_2.arc,213532,8C3C80C3,1520
0,0,GameData_20\model_dlsite_2.arc,197173,24366C43,1150
0,0,GameData_20\model_shop001_2.arc,115215,9C941FAF,1150
0,0,GameData_20\model_shop002_2.arc,251253,743C3D97,1150
0,0,GameData_20\model_shop003_2.arc,185433,A15EC70A,1150
0,0,GameData_20\model_shop005_2.arc,150103,FB5341FA,1150
0,0,GameData_20\model_shop007_2.arc,288759,80615CBD,1150
0,0,GameData_20\model_vp001_2.arc,647957,D68B5D2F,1400
0,0,GameData_20\texture_denkigai2015wTowelR.arc,133065,FE4BDC34,1360
0,0,GameData_20\texture_denkigai2016w_2.arc,10105247,3B4641C3,1450
0,0,GameData_20\texture_dlcdenkigai2016w_2.arc,10105332,90868016,1450
0,0,GameData_20\texture_kissevent2017march.arc,281,FF4EEB9B,1522
0,0,GameData_20\texture_kissevent2017march_2.arc,79432604,C7DD457A,1631
0,0,GameData_20\texture_dlc004_2.arc,4805734,C8E5CFB4,1200
0,0,GameData_20\texture_dlc046_2.arc,596960,FC606BA5,1220
0,0,GameData_20\texture_vp001_2.arc,755269,18D5027D,1400
0,0,GameData_20\texture_yomeido003_2.arc,117248,0EE72B42,1240
0,0,manual\index.html,52620,3D3D5ACF,1170
0,0,manual\css\index.css,7168,D11B8AF5,1170
0,0,manual\img\chu-blip2.jpg,78933,95522903,1170
0,0,manual\img\com3d2wcls2_logo.png,107288,47D023F7,1170
0,0,manual\img\config.jpg,167519,C5E4FAF3,1170
0,0,manual\img\menu001.jpg,13885,25B66329,1170
0,0,manual\img\menu002.jpg,24247,87A4205F,1170
0,0,manual\img\yotogi04.jpg,239859,141EC205,1170
0,0,manual\img\yotogi05.jpg,187720,9C93EE69,1170