0,0,COM3D2OHx64_Data\Managed\Assembly-CSharp.dll,5804544,9DF76E6F,22501
0,0,launch_resource\update\kiss_update_core.dll,671232,63D337A9,20701
0,0,launch_resource\update\update.exe,547840,A36E3FE8,20701
0,0,COM3D2OHx64.exe,22841856,858642A8,22502
share,GameData\ja\csv_cbl.arc,GameData\csv_cbl.arc,1156810,F88C1BF2,22604
share,GameData\ja\script_cbl.arc,GameData\script_cbl.arc,6426535,74DC6700,22604
share,GameData\ja\script_cbl_denkigai2017w_2.arc,GameData\script_cbl_denkigai2017w_2.arc,19186,596D0C66,22600
share,GameData\ja\script_cbl_gp001_2.arc,GameData\script_cbl_gp001_2.arc,239330,7F32193D,22600
share,GameData\ja\script_cbl_omytgc005_2.arc,GameData\script_cbl_omytgc005_2.arc,72172,2DF1CDD0,22601
share,GameData\ja\script_cbl_omytgc010_2.arc,GameData\script_cbl_omytgc010_2.arc,23746,098FC038,22600
share,GameData\ja\script_cbl_omytgc012_2.arc,GameData\script_cbl_omytgc012_2.arc,64082,A40CD2BB,22600
share,GameData\ja\script_cbl_omytgc017_2.arc,GameData\script_cbl_omytgc017_2.arc,93951,24FBB66E,22600
share,GameData\ja\script_cbl_omytgc019_2.arc,GameData\script_cbl_omytgc019_2.arc,23474,95C867BB,22600
share,GameData\ja\script_cbl_omytgc024_2.arc,GameData\script_cbl_omytgc024_2.arc,32306,0712A212,22600
share,GameData\ja\script_cbl_omytgc026_2.arc,GameData\script_cbl_omytgc026_2.arc,8018,038AC81E,22600
share,GameData\ja\script_cbl_omytgc026_add2_2.arc,GameData\script_cbl_omytgc026_add2_2.arc,4098,6261A931,22600
share,GameData\ja\script_cbl_omytgc029_2.arc,GameData\script_cbl_omytgc029_2.arc,85603,5C90F2A5,22600
share,GameData\ja\script_cbl_ordermade001_2.arc,GameData\script_cbl_ordermade001_2.arc,86197,885E0878,22600
share,GameData\ja\script_cbl_ordermade002_2.arc,GameData\script_cbl_ordermade002_2.arc,85883,17447FCF,22600
share,GameData\ja\script_cbl_ordermade003_2.arc,GameData\script_cbl_ordermade003_2.arc,61874,373CCCCA,22600
share,GameData\ja\script_cbl_ordermade004_2.arc,GameData\script_cbl_ordermade004_2.arc,57074,BD98E29D,22600
share,GameData\ja\script_cbl_personal_om001_2.arc,GameData\script_cbl_personal_om001_2.arc,51026,A8249625,22600
share,GameData\ja\script_cbl_personal_om002_2.arc,GameData\script_cbl_personal_om002_2.arc,52450,FCA93BB7,22600
share,GameData\ja\script_cbl_personal_om003_2.arc,GameData\script_cbl_personal_om003_2.arc,50994,80B5430F,22600
share,GameData\ja\script_cbl_personal_om003_gp001_2.arc,GameData\script_cbl_personal_om003_gp001_2.arc,21698,D7077428,22600
share,GameData\ja\script_cbl_personal_om004_2.arc,GameData\script_cbl_personal_om004_2.arc,52162,5670CE00,22600
share,GameData\ja\script_cbl_personal_om005_2.arc,GameData\script_cbl_personal_om005_2.arc,54754,33D34A96,22600
share,GameData\ja\script_cbl_personal_om006_2.arc,GameData\script_cbl_personal_om006_2.arc,50962,97F26A99,22600
share,GameData\ja\script_cbl_personal_om006_gp001_2.arc,GameData\script_cbl_personal_om006_gp001_2.arc,21714,3688619A,22600
share,GameData\ja\script_cbl_personal_om007_2.arc,GameData\script_cbl_personal_om007_2.arc,52962,28A8055F,22600
share,GameData\ja\script_cbl_personal_om007_gp001_2.arc,GameData\script_cbl_personal_om007_gp001_2.arc,21698,DB2E4609,22600
share,GameData\ja\script_cbl_personal_om008_2.arc,GameData\script_cbl_personal_om008_2.arc,61618,103F4E84,22600
share,GameData\ja\script_cbl_personal_om009_2.arc,GameData\script_cbl_personal_om009_2.arc,28722,1039494E,22600
share,GameData\ja\script_cbl_personal_om010_2.arc,GameData\script_cbl_personal_om010_2.arc,63090,5F7ED68A,22600
share,GameData\ja\script_cbl_personal_om011_2.arc,GameData\script_cbl_personal_om011_2.arc,81018,35049A5A,22600
share,GameData\ja\script_cbl_personal_om012_2.arc,GameData\script_cbl_personal_om012_2.arc,50514,E457B892,22600
share,GameData\ja\script_cbl_personal_om012link_2.arc,GameData\script_cbl_personal_om012link_2.arc,4514,B138A32B,22600
share,GameData\ja\voice_cbl_s2.arc,GameData\voice_cbl_s2.arc,193626121,E4FE4799,22501
share,GameData\patch\bg_personal_om007_2.arc,GameData\bg_personal_om007_2.arc,121236,B362ABA5,22501
share,GameData\patch\csv.arc,GameData\csv.arc,30631678,D5103C8A,22604
share,GameData\patch\parts_dlc256_2.arc,GameData\parts_dlc256_2.arc,1193257,F74D4328,22502
share,GameData\patch\parts_dlc270_2.arc,GameData\parts_dlc270_2.arc,864961,295CFFD9,22502
share,GameData\patch\parts_dlc340_2.arc,GameData\parts_dlc340_2.arc,2934508,6EA550AC,22502
share,GameData\patch\parts_dlc466_2.arc,GameData\parts_dlc466_2.arc,212101,769D15AF,22502
share,GameData\patch\parts_dlc477_2.arc,GameData\parts_dlc477_2.arc,376189,AC5C85EB,22502
share,GameData\patch\parts_oldplus004hair2_2.arc,GameData\parts_oldplus004hair2_2.arc,526116,0FEC4431,22502
share,GameData\patch\parts_personal_om001_2.arc,GameData\parts_personal_om001_2.arc,13060312,0E25B1B7,22502
share,GameData\patch\parts_personal_om002_2.arc,GameData\parts_personal_om002_2.arc,792058,E3D5B9B8,22502
share,GameData\patch\parts_personal_om005_2.arc,GameData\parts_personal_om005_2.arc,8554951,DBF08655,22502
share,GameData\patch\parts_personal_om006_2.arc,GameData\parts_personal_om006_2.arc,1312837,7AF4918B,22502
share,GameData\patch\parts_personal_om007_2.arc,GameData\parts_personal_om007_2.arc,1935474,07653941,22502
share,GameData\patch\paths.dat,GameData\paths.dat,15116,CCDB8C21,22506
share,GameData\patch\prioritymaterial.arc,GameData\prioritymaterial.arc,742200,439E959B,22506
share,GameData\patch\system_adultplus_black_2.arc,GameData\system_adultplus_black_2.arc,39970,D828875F,22501
share,GameData_20\material_dlc467_2.arc,GameData_20\material_dlc467_2.arc,1794,8518A3EB,1704
share,GameData_20\model_dlc139_2.arc,GameData_20\model_dlc139_2.arc,256344,0DBAAA90,1704
share,GameData_20\model_dlc154_2.arc,GameData_20\model_dlc154_2.arc,592473,747CD3BA,1704
share,GameData_20\model_dlc182_2.arc,GameData_20\model_dlc182_2.arc,236813,E4F42514,1704
share,GameData_20\model_dlc466_2.arc,GameData_20\model_dlc466_2.arc,220212,079C3F8B,1704
share,GameData_20\model_dlc477_2.arc,GameData_20\model_dlc477_2.arc,373498,A6DC190B,1704
share,GameData_20\paths.dat,GameData_20\paths.dat,14169,38F6763E,1762
share,GameData_20\prioritymaterial.arc,GameData_20\prioritymaterial.arc,406220,B162768C,1762
share,GameData_20\texture_dlc205_2.arc,GameData_20\texture_dlc205_2.arc,71995,709036D0,1704
