0,0,CM3D2.exe,9558016,7808DA5C,1004
0,0,CM3D2x64.exe,14915584,F9649DA5,120
0,0,CM3D2x64_Data\level0,154376,AC94817D,120
0,0,CM3D2x64_Data\level1,157696,25A7FDAF,120
0,0,CM3D2x64_Data\level10,140120,167ECCF5,120
0,0,CM3D2x64_Data\level11,164464,F915E76D,120
0,0,CM3D2x64_Data\level12,140536,635C1324,120
0,0,CM3D2x64_Data\level13,462544,EA7CB000,120
0,0,CM3D2x64_Data\level14,4376,E521A338,120
0,0,CM3D2x64_Data\level15,143184,6BF54CCF,120
0,0,CM3D2x64_Data\level16,4376,C7347ECF,120
0,0,CM3D2x64_Data\level17,151560,1888BF8A,120
0,0,CM3D2x64_Data\level18,212712,DDFFA0F9,120
0,0,CM3D2x64_Data\level19,352992,508E9B36,120
0,0,CM3D2x64_Data\level2,356048,8889B6F3,120
0,0,CM3D2x64_Data\level20,160592,0DE7C71C,120
0,0,CM3D2x64_Data\level21,430992,A81718FD,120
0,0,CM3D2x64_Data\level22,203520,C41CCFD7,120
0,0,CM3D2x64_Data\level3,475288,D5854824,120
0,0,CM3D2x64_Data\level4,547920,89CD18EE,120
0,0,CM3D2x64_Data\level5,140528,E92532D1,120
0,0,CM3D2x64_Data\level6,287312,DA2B36D5,120
0,0,CM3D2x64_Data\level7,180952,A978A810,120
0,0,CM3D2x64_Data\level8,177144,3545B9CB,120
0,0,CM3D2x64_Data\level9,150136,B4E53FDD,120
0,0,CM3D2x64_Data\mainData,896880,2BE966B4,120
0,0,CM3D2x64_Data\PlayerConnectionConfigFile,21,44040CB0,120
0,0,CM3D2x64_Data\resources.assets,218340200,1E53BC01,120
0,0,CM3D2x64_Data\sharedassets0.assets,237511808,5C104F6E,120
0,0,CM3D2x64_Data\sharedassets1.assets,6998796,34533EDF,120
0,0,CM3D2x64_Data\sharedassets10.assets,5256,B7AAAD36,120
0,0,CM3D2x64_Data\sharedassets11.assets,466308,F9193C6C,120
0,0,CM3D2x64_Data\sharedassets12.assets,5280,7B3B595D,120
0,0,CM3D2x64_Data\sharedassets13.assets,927400,6AB62A1F,120
0,0,CM3D2x64_Data\sharedassets14.assets,2458056,FA844D8F,120
0,0,CM3D2x64_Data\sharedassets15.assets,4112,F7A1FCAE,120
0,0,CM3D2x64_Data\sharedassets16.assets,4200896,14697912,120
0,0,CM3D2x64_Data\sharedassets17.assets,4112,2EA26EC9,120
0,0,CM3D2x64_Data\sharedassets18.assets,49616896,32AB7A31,120
0,0,CM3D2x64_Data\sharedassets19.assets,3691748,826A6EA0,120
0,0,CM3D2x64_Data\sharedassets2.assets,3514196,C2B37629,120
0,0,CM3D2x64_Data\sharedassets20.assets,1587628,8536F5AE,120
0,0,CM3D2x64_Data\sharedassets21.assets,5328,DFB988A2,120
0,0,CM3D2x64_Data\sharedassets22.assets,72624,2CB4CAFE,120
0,0,CM3D2x64_Data\sharedassets23.assets,5416,D4922413,120
0,0,CM3D2x64_Data\sharedassets3.assets,16004896,1DB3A65E,120
0,0,CM3D2x64_Data\sharedassets4.assets,36843892,383727DD,120
0,0,CM3D2x64_Data\sharedassets5.assets,6952140,8BB12D40,120
0,0,CM3D2x64_Data\sharedassets6.assets,503336,E58EE13F,120
0,0,CM3D2x64_Data\sharedassets7.assets,5464,55CB85FD,120
0,0,CM3D2x64_Data\sharedassets8.assets,355444,6E8D6997,120
0,0,CM3D2x64_Data\sharedassets9.assets,11891548,7B561B76,120
0,0,CM3D2x64_Data\Managed\Accessibility.dll,10752,A358E135,120
0,0,CM3D2x64_Data\Managed\Assembly-CSharp-firstpass.dll,170496,C6417931,120
0,0,CM3D2x64_Data\Managed\Assembly-CSharp.dll,1955840,B7F40D28,120
0,0,CM3D2x64_Data\Managed\Assembly-UnityScript-firstpass.dll,65024,611C5A37,120
0,0,CM3D2x64_Data\Managed\Boo.Lang.dll,126976,B1FDC6B6,120
0,0,CM3D2x64_Data\Managed\JsonFx.Json.dll,70144,A0F0CFCB,120
0,0,CM3D2x64_Data\Managed\Mono.Data.Tds.dll,96256,DE9FBD55,120
0,0,CM3D2x64_Data\Managed\Mono.Posix.dll,184320,A333AAF5,120
0,0,CM3D2x64_Data\Managed\Mono.Security.dll,294912,D5BB48FC,120
0,0,CM3D2x64_Data\Managed\Mono.WebBrowser.dll,172032,5D310803,120
0,0,CM3D2x64_Data\Managed\mscorlib.dll,2590208,5A5FF75C,120
0,0,CM3D2x64_Data\Managed\System.Configuration.dll,124928,F88CF714,120
0,0,CM3D2x64_Data\Managed\System.Core.dll,300032,0504C277,120
0,0,CM3D2x64_Data\Managed\System.Data.dll,856064,1DE4F5EB,120
0,0,CM3D2x64_Data\Managed\System.dll,1678848,08B8E16D,120
0,0,CM3D2x64_Data\Managed\System.Drawing.Design.dll,29696,E7B53FF9,120
0,0,CM3D2x64_Data\Managed\System.Drawing.dll,448512,C4B2E872,120
0,0,CM3D2x64_Data\Managed\System.EnterpriseServices.dll,46592,1B56067D,120
0,0,CM3D2x64_Data\Managed\System.Security.dll,135168,A9F5B9F1,120
0,0,CM3D2x64_Data\Managed\System.Transactions.dll,27648,DE82E2C6,120
0,0,CM3D2x64_Data\Managed\System.Windows.Forms.dll,3053568,56394001,120
0,0,CM3D2x64_Data\Managed\System.Xml.dll,1270272,BCE39995,120
0,0,CM3D2x64_Data\Managed\System.Xml.Linq.dll,106496,1062D683,120
0,0,CM3D2x64_Data\Managed\UnityEngine.dll,614912,6F2B6F30,120
0,0,CM3D2x64_Data\Managed\UnityEngine.UI.dll,176128,380C2545,120
0,0,CM3D2x64_Data\Managed\UnityScript.Lang.dll,14336,FAB8DDA9,120
0,0,CM3D2x64_Data\Mono\mono.dll,2601984,5E0870C0,120
0,0,CM3D2x64_Data\Mono\etc\mono\browscap.ini,311984,CE6C0AB3,120
0,0,CM3D2x64_Data\Mono\etc\mono\config,1691,A635914A,120
0,0,CM3D2x64_Data\Mono\etc\mono\1.0\DefaultWsdlHelpGenerator.aspx,58196,10E814BF,120
0,0,CM3D2x64_Data\Mono\etc\mono\1.0\machine.config,17259,82F1AD8B,120
0,0,CM3D2x64_Data\Mono\etc\mono\2.0\DefaultWsdlHelpGenerator.aspx,60453,F3869A34,120
0,0,CM3D2x64_Data\Mono\etc\mono\2.0\machine.config,27626,4F6C3F79,120
0,0,CM3D2x64_Data\Mono\etc\mono\2.0\settings.map,2618,A1A3C29F,120
0,0,CM3D2x64_Data\Mono\etc\mono\2.0\web.config,11686,534A9960,120
0,0,CM3D2x64_Data\Mono\etc\mono\2.0\Browsers\Compat.browser,1605,2E178A0B,120
0,0,CM3D2x64_Data\Mono\etc\mono\mconfig\config.xml,25817,80B2033A,120
0,0,CM3D2x64_Data\Plugins\cm3d2_x64.dll,1506816,D06D7E94,120
0,0,CM3D2x64_Data\Plugins\device_hook.dll,87552,65F0207E,120
0,0,CM3D2x64_Data\Resources\unity default resources,1571709,31020360,120
0,0,CM3D2x64_Data\Resources\unity_builtin_extra,372672,13813718,120
0,0,GameData\csv.arc,1571865,C346C1D6,1200
0,0,GameData\csv_vp001_2.arc,2082,25E58CEB,1160
0,0,GameData\material2.arc,102655,704BD3F7,1170
0,0,GameData\material_denkigai2015s003_2.arc,7106,0C82D791,1150
0,0,GameData\material_dlsite_2.arc,1762,C5A837EA,1150
0,0,GameData\material_shop001_2.arc,1762,D98CED1C,1150
0,0,GameData\material_shop002_2.arc,1762,956BB00E,1150
0,0,GameData\material_shop003_2.arc,1762,38CEBFF2,1150
0,0,GameData\material_shop005_2.arc,1714,3E621A32,1150
0,0,GameData\material_shop007_2.arc,2578,C8CE627C,1150
0,0,GameData\material_vp001_2.arc,9554,066C9CA9,1150
0,0,GameData\menu2.arc,218108,010D4B80,1190
0,0,GameData\menu_denkigai2015s001_2.arc,6594,8B3E849F,1160
0,0,GameData\menu_denkigai2015s003_2.arc,4338,D294CE88,1150
0,0,GameData\menu_dlc026_2.arc,3778,69453D54,1190
0,0,GameData\menu_dlc028_2.arc,3874,DE3F1C31,1200
0,0,GameData\menu_dlsite_2.arc,1954,B2268BA7,1150
0,0,GameData\menu_shop001_2.arc,3314,35207C87,1150
0,0,GameData\menu_shop005_2.arc,1378,0C9AF725,1150
0,0,GameData\menu_vp001_2.arc,18546,5FFF33DA,1150
0,0,GameData\model2.arc,12131417,0402ABE9,1170
0,0,GameData\model_denkigai2015s003_2.arc,394665,41A48185,1150
0,0,GameData\model_dlsite_2.arc,197173,24366C43,1150
0,0,GameData\model_shop001_2.arc,115215,9C941FAF,1150
0,0,GameData\model_shop002_2.arc,251253,743C3D97,1150
0,0,GameData\model_shop003_2.arc,185433,A15EC70A,1150
0,0,GameData\model_shop005_2.arc,150103,FB5341FA,1150
0,0,GameData\model_shop007_2.arc,288759,80615CBD,1150
0,0,GameData\model_vp001_2.arc,290407,A19508D6,1150
0,0,GameData\motion2.arc,59974795,C5D87C88,1170
0,0,GameData\motion_vp001_2.arc,141579,7857F9CD,1160
0,0,GameData\paths.dat,1121,6DBB8545,1200
0,0,GameData\prioritymaterial.arc,91771,0E856EBC,1200
0,0,GameData\script.arc,12969000,9C9A0BF2,1200
0,0,GameData\script_personal001_2.arc,27618,F5E27537,1200
0,0,GameData\sound2.arc,7402763,5D761564,1170
0,0,GameData\texture2.arc,748712227,393809F6,1130
0,0,GameData\texture3.arc,6972555,0938FBCE,1200
0,0,GameData\texture_dlc004_2.arc,4805734,C8E5CFB4,1200
0,0,GameData\voice2.arc,290990258,55953CD2,1010
0,0,manual\data\004.png,699424,54A4DC50,1010
0,0,manual\data\007.png,453984,97E623F5,1010
0,0,manual\data\008.png,553674,7B23C3DF,1010
0,0,manual\data\013.png,673884,992CEEC5,1010
0,0,Preset\1_junshin.preset,43021,0D00795A,1010
0,0,Preset\2_coodere.preset,43516,E9EBB0F2,1010
0,0,Preset\3_tsundere.preset,48900,D0EF8B9E,1010
0,0,Preset\4_default.preset,43697,C5E392BE,1010
0,0,Preset\5_pretty_junshin.preset,40739,D9262BEF,1010
0,0,Preset\6_pretty_coodere.preset,39554,E54D5766,1010
0,0,Preset\7_pretty_tsundere.preset,38235,CA8437BB,1010
