0,0,COM3D2.exe,6607360,B7BB12CE,2006
0,0,COM3D2x64.exe,22841856,A9562BF9,1220
0,0,LICENSE,31205,24BAD003,1220
0,0,COM3D2x64_Data\app.info,27,F9A266E7,1220
0,0,COM3D2x64_Data\globalgamemanagers,4125940,7F52EC5A,1220
0,0,COM3D2x64_Data\globalgamemanagers.assets,227316,2505ADF4,1220
0,0,COM3D2x64_Data\level0,277188,494FE160,1220
0,0,COM3D2x64_Data\level1,299868,1136206A,1220
0,0,COM3D2x64_Data\level10,302148,6B408836,1220
0,0,COM3D2x64_Data\level11,277700,431BBF71,1220
0,0,COM3D2x64_Data\level12,344420,A9C22CAD,1220
0,0,COM3D2x64_Data\level13,279132,73B96869,1220
0,0,COM3D2x64_Data\level14,761044,FFF12B02,1220
0,0,COM3D2x64_Data\level15,7356,1E855F9F,1220
0,0,COM3D2x64_Data\level16,279628,D718A3BA,1220
0,0,COM3D2x64_Data\level17,4664,D1D2291C,1220
0,0,COM3D2x64_Data\level18,296316,572E922C,1220
0,0,COM3D2x64_Data\level19,284508,BFEC7DF4,1220
0,0,COM3D2x64_Data\level2,295148,97F181CD,1220
0,0,COM3D2x64_Data\level20,903132,1EC94434,1220
0,0,COM3D2x64_Data\level21,367068,763AF450,1220
0,0,COM3D2x64_Data\level22,1032772,DD593F0E,1220
0,0,COM3D2x64_Data\level23,361116,3F6A7426,1220
0,0,COM3D2x64_Data\level24,554588,94A93E26,1220
0,0,COM3D2x64_Data\level25,299668,2124F99B,1220
0,0,COM3D2x64_Data\level26,1926852,DA634CEE,1220
0,0,COM3D2x64_Data\level27,1062780,EA7D78D6,1220
0,0,COM3D2x64_Data\level28,299668,5FE69CB9,1220
0,0,COM3D2x64_Data\level29,1036076,8BFE9D1B,1220
0,0,COM3D2x64_Data\level3,1119988,B6713C53,1220
0,0,COM3D2x64_Data\level30,292292,1C7FF224,1220
0,0,COM3D2x64_Data\level31,399324,A1F72F96,1220
0,0,COM3D2x64_Data\level32,27904,644B13B6,1220
0,0,COM3D2x64_Data\level32.resS,131232,437C95D8,1220
0,0,COM3D2x64_Data\level33,51676,F7C8B628,1220
0,0,COM3D2x64_Data\level34,56036,A07F0CC0,1220
0,0,COM3D2x64_Data\level35,6832,003FEBC3,1220
0,0,COM3D2x64_Data\level36,278076,8AB1BC9D,1220
0,0,COM3D2x64_Data\level37,1524092,EC6BC1EB,1220
0,0,COM3D2x64_Data\level38,1380724,3B3F9ED8,1220
0,0,COM3D2x64_Data\level39,1402324,2697D804,1220
0,0,COM3D2x64_Data\level4,1160620,294D6475,1220
0,0,COM3D2x64_Data\level40,383628,92D154E5,1220
0,0,COM3D2x64_Data\level41,344236,3D8656BF,1220
0,0,COM3D2x64_Data\level42,374060,F436CCC8,1220
0,0,COM3D2x64_Data\level43,1297556,36A702DB,1220
0,0,COM3D2x64_Data\level44,1362012,4DE678BF,1220
0,0,COM3D2x64_Data\level45,1487436,C56DAB75,1220
0,0,COM3D2x64_Data\level46,365700,BDB83C83,1220
0,0,COM3D2x64_Data\level47,328612,84CE1835,1220
0,0,COM3D2x64_Data\level48,388748,83AF2C57,1220
0,0,COM3D2x64_Data\level49,346788,8C543443,1220
0,0,COM3D2x64_Data\level5,1184252,6D5BC2A6,1220
0,0,COM3D2x64_Data\level50,1322476,76F92303,1220
0,0,COM3D2x64_Data\level51,330524,1B4C8B7A,1220
0,0,COM3D2x64_Data\level52,578540,7494CD94,1220
0,0,COM3D2x64_Data\level53,457868,9BD59FC0,1220
0,0,COM3D2x64_Data\level54,299980,FBE70164,1220
0,0,COM3D2x64_Data\level55,1224420,16549B44,1220
0,0,COM3D2x64_Data\level56,975052,90221782,1220
0,0,COM3D2x64_Data\level57,982340,83954B74,1220
0,0,COM3D2x64_Data\level58,1224420,2DED42A6,1220
0,0,COM3D2x64_Data\level59,1105036,8E1F6FDA,1220
0,0,COM3D2x64_Data\level6,278172,759A5FCD,1220
0,0,COM3D2x64_Data\level60,893604,A6352677,1220
0,0,COM3D2x64_Data\level61,1179988,48D76F60,1220
0,0,COM3D2x64_Data\level62,1281004,CCC193FC,1220
0,0,COM3D2x64_Data\level63,633044,879DAEA9,1220
0,0,COM3D2x64_Data\level64,865828,827279E3,1220
0,0,COM3D2x64_Data\level65,352948,272AD594,1220
0,0,COM3D2x64_Data\level66,349316,8B632F75,1220
0,0,COM3D2x64_Data\level67,393020,9BDCC334,1220
0,0,COM3D2x64_Data\level68,415172,65957F3E,1220
0,0,COM3D2x64_Data\level69,343548,490EAB69,1220
0,0,COM3D2x64_Data\level7,871988,293A983F,1220
0,0,COM3D2x64_Data\level70,403508,E789B8E5,1220
0,0,COM3D2x64_Data\level71,987988,BC28D25E,1220
0,0,COM3D2x64_Data\level72,912404,C533F19A,1220
0,0,COM3D2x64_Data\level73,396236,0286B295,1220
0,0,COM3D2x64_Data\level74,418380,E9862F97,1220
0,0,COM3D2x64_Data\level75,408956,4DA74978,1220
0,0,COM3D2x64_Data\level76,992420,6ADF3EA2,1220
0,0,COM3D2x64_Data\level77,952692,FB367871,1220
0,0,COM3D2x64_Data\level78,402004,3B4A968F,1220
0,0,COM3D2x64_Data\level79,386532,844D94B9,1220
0,0,COM3D2x64_Data\level8,308132,786CC69B,1220
0,0,COM3D2x64_Data\level80,368212,B47EE3E1,1220
0,0,COM3D2x64_Data\level81,310756,AF14AE60,1220
0,0,COM3D2x64_Data\level82,1331804,7898CDD1,1220
0,0,COM3D2x64_Data\level83,1272564,1E354F25,1220
0,0,COM3D2x64_Data\level84,455020,0FB25149,1220
0,0,COM3D2x64_Data\level9,366084,0176816B,1220
0,0,COM3D2x64_Data\resources.assets,387577352,2DEF1DD3,1220
0,0,COM3D2x64_Data\resources.assets.resS,1697527936,D5341823,1220
0,0,COM3D2x64_Data\resources.resource,727392,54F90BDA,1220
0,0,COM3D2x64_Data\sharedassets0.assets,115225860,9A3F186F,1220
0,0,COM3D2x64_Data\sharedassets0.assets.resS,121744416,653FAAB8,1220
0,0,COM3D2x64_Data\sharedassets1.assets,6244,139C7F4D,1220
0,0,COM3D2x64_Data\sharedassets10.assets,6088,4A90084A,1220
0,0,COM3D2x64_Data\sharedassets11.assets,6064,EC97F6E3,1220
0,0,COM3D2x64_Data\sharedassets12.assets,6304,1AE511EB,1220
0,0,COM3D2x64_Data\sharedassets13.assets,6136,B37FB54D,1220
0,0,COM3D2x64_Data\sharedassets14.assets,6700,61C44F40,1220
0,0,COM3D2x64_Data\sharedassets15.assets,4564,96FB54B7,1220
0,0,COM3D2x64_Data\sharedassets16.assets,6124,BC9A2AAE,1220
0,0,COM3D2x64_Data\sharedassets17.assets,4132,641FF843,1220
0,0,COM3D2x64_Data\sharedassets18.assets,6844,E38A55B9,1220
0,0,COM3D2x64_Data\sharedassets19.assets,6184,7D150A8D,1220
0,0,COM3D2x64_Data\sharedassets2.assets,6268,1FF907FA,1220
0,0,COM3D2x64_Data\sharedassets20.assets,12448,A2261D35,1220
0,0,COM3D2x64_Data\sharedassets21.assets,6280,B714782E,1220
0,0,COM3D2x64_Data\sharedassets22.assets,12592,3ABCC4C3,1220
0,0,COM3D2x64_Data\sharedassets23.assets,6304,EF6A701C,1220
0,0,COM3D2x64_Data\sharedassets24.assets,6412,132ED677,1220
0,0,COM3D2x64_Data\sharedassets25.assets,6160,71006234,1220
0,0,COM3D2x64_Data\sharedassets26.assets,7084,04078E38,1220
0,0,COM3D2x64_Data\sharedassets27.assets,12568,019E0BF3,1220
0,0,COM3D2x64_Data\sharedassets28.assets,6160,93AFCAE8,1220
0,0,COM3D2x64_Data\sharedassets29.assets,12568,019E0BF3,1220
0,0,COM3D2x64_Data\sharedassets3.assets,7948,FC070B12,1220
0,0,COM3D2x64_Data\sharedassets30.assets,6088,1C866C72,1220
0,0,COM3D2x64_Data\sharedassets31.assets,18126832,DCEB24E2,1220
0,0,COM3D2x64_Data\sharedassets32.assets,12328,2D6645D0,1220
0,0,COM3D2x64_Data\sharedassets33.assets,4420,102127BA,1220
0,0,COM3D2x64_Data\sharedassets34.assets,4324,C97A77F2,1220
0,0,COM3D2x64_Data\sharedassets35.assets,4264,9F3D9DB2,1220
0,0,COM3D2x64_Data\sharedassets36.assets,6100,A5D7C1AD,1220
0,0,COM3D2x64_Data\sharedassets37.assets,12448,C532FF3D,1220
0,0,COM3D2x64_Data\sharedassets38.assets,12448,AB93CA9E,1220
0,0,COM3D2x64_Data\sharedassets39.assets,12448,16BC7E04,1220
0,0,COM3D2x64_Data\sharedassets4.assets,12820,8F2C2772,1220
0,0,COM3D2x64_Data\sharedassets40.assets,7180,21911F4F,1220
0,0,COM3D2x64_Data\sharedassets41.assets,6952,A4DD23FF,1220
0,0,COM3D2x64_Data\sharedassets42.assets,7216,88DE9CC8,1220
0,0,COM3D2x64_Data\sharedassets43.assets,9268,3CA87538,1220
0,0,COM3D2x64_Data\sharedassets44.assets,9376,05CBC188,1220
0,0,COM3D2x64_Data\sharedassets45.assets,9364,9F3BDF73,1220
0,0,COM3D2x64_Data\sharedassets46.assets,8440,BDD3511C,1220
0,0,COM3D2x64_Data\sharedassets47.assets,6556,2E8EBFED,1220
0,0,COM3D2x64_Data\sharedassets48.assets,8260,98FB14CE,1220
0,0,COM3D2x64_Data\sharedassets49.assets,792660,EBD4DDC5,1220
0,0,COM3D2x64_Data\sharedassets49.assets.resS,6506584,427886ED,1220
0,0,COM3D2x64_Data\sharedassets5.assets,7108,9AF0DF76,1220
0,0,COM3D2x64_Data\sharedassets50.assets,12448,827B3E42,1220
0,0,COM3D2x64_Data\sharedassets51.assets,6616,76BA1F5A,1220
0,0,COM3D2x64_Data\sharedassets52.assets,6724,E3D645D4,1220
0,0,COM3D2x64_Data\sharedassets53.assets,6568,69B6E80D,1220
0,0,COM3D2x64_Data\sharedassets54.assets,6088,AA41F6A2,1220
0,0,COM3D2x64_Data\sharedassets55.assets,12532,53C5C1E6,1220
0,0,COM3D2x64_Data\sharedassets56.assets,9160,A95BB745,1220
0,0,COM3D2x64_Data\sharedassets57.assets,9196,86B812D4,1220
0,0,COM3D2x64_Data\sharedassets58.assets,12532,53C5C1E6,1220
0,0,COM3D2x64_Data\sharedassets59.assets,9400,A42F5172,1220
0,0,COM3D2x64_Data\sharedassets6.assets,6088,69857690,1220
0,0,COM3D2x64_Data\sharedassets60.assets,9196,86B812D4,1220
0,0,COM3D2x64_Data\sharedassets61.assets,9340,7C468AAB,1220
0,0,COM3D2x64_Data\sharedassets62.assets,9376,05CBC188,1220
0,0,COM3D2x64_Data\sharedassets63.assets,6640,A5235666,1220
0,0,COM3D2x64_Data\sharedassets64.assets,9364,9F3BDF73,1220
0,0,COM3D2x64_Data\sharedassets65.assets,42236516,B1417B3D,1220
0,0,COM3D2x64_Data\sharedassets65.assets.resS,87400,8BA6C322,1220
0,0,COM3D2x64_Data\sharedassets66.assets,38246484,32C0B1F0,1220
0,0,COM3D2x64_Data\sharedassets67.assets,32874580,C9D8F023,1220
0,0,COM3D2x64_Data\sharedassets68.assets,36735660,0A42B6AE,1220
0,0,COM3D2x64_Data\sharedassets68.assets.resS,174776,5B619AF1,1220
0,0,COM3D2x64_Data\sharedassets69.assets,41277336,260E6E71,1220
0,0,COM3D2x64_Data\sharedassets7.assets,6964,F9FF037A,1220
0,0,COM3D2x64_Data\sharedassets70.assets,39399088,3EC18AC9,1220
0,0,COM3D2x64_Data\sharedassets71.assets,3017004,6C425965,1220
0,0,COM3D2x64_Data\sharedassets71.assets.resS,611728,7BFBEAAE,1220
0,0,COM3D2x64_Data\sharedassets72.assets,9424,DE6D5917,1220
0,0,COM3D2x64_Data\sharedassets73.assets,6484,FEB591C3,1220
0,0,COM3D2x64_Data\sharedassets74.assets,6484,FEB591C3,1220
0,0,COM3D2x64_Data\sharedassets75.assets,6484,FEB591C3,1220
0,0,COM3D2x64_Data\sharedassets76.assets,12460,6C08B0D0,1220
0,0,COM3D2x64_Data\sharedassets77.assets,9376,75C65E8D,1220
0,0,COM3D2x64_Data\sharedassets78.assets,6448,DE9D7F04,1220
0,0,COM3D2x64_Data\sharedassets79.assets,59340,74BD0A3D,1220
0,0,COM3D2x64_Data\sharedassets79.assets.resS,174776,B51EE5DC,1220
0,0,COM3D2x64_Data\sharedassets8.assets,6172,46609591,1220
0,0,COM3D2x64_Data\sharedassets80.assets,6460,48640D5F,1220
0,0,COM3D2x64_Data\sharedassets81.assets,6700,1BBB3DD6,1220
0,0,COM3D2x64_Data\sharedassets82.assets,759648,37403500,1220
0,0,COM3D2x64_Data\sharedassets82.assets.resS,1313704,90EC873C,1220
0,0,COM3D2x64_Data\sharedassets82.resource,1178176,90268BF4,1220
0,0,COM3D2x64_Data\sharedassets83.assets,9232,E7D58E98,1220
0,0,COM3D2x64_Data\sharedassets84.assets,3412248,BC812398,1220
0,0,COM3D2x64_Data\sharedassets84.assets.resS,6226112,B3E98769,1220
0,0,COM3D2x64_Data\sharedassets9.assets,7072,97CB1FC5,1220
0,0,COM3D2x64_Data\Managed\Accessibility.dll,10752,5CB31E4E,1220
0,0,COM3D2x64_Data\Managed\Assembly-CSharp-firstpass.dll,783872,5D4BB44D,1220
0,0,COM3D2x64_Data\Managed\Assembly-CSharp.dll,5034496,A56BAB6D,1220
0,0,COM3D2x64_Data\Managed\Assembly-UnityScript-firstpass.dll,65024,1081435C,1220
0,0,COM3D2x64_Data\Managed\Boo.Lang.dll,126976,28383F70,1220
0,0,COM3D2x64_Data\Managed\BouncyCastle.Crypto.dll,2236416,5A4C4F07,1220
0,0,COM3D2x64_Data\Managed\FoveUnityPlugin.dll,28672,A6EA882B,1220
0,0,COM3D2x64_Data\Managed\ICSharpCode.SharpZipLib.dll,200704,D3160A1C,1220
0,0,COM3D2x64_Data\Managed\Ionic.Zlib.dll,102400,7C9E7DD2,1220
0,0,COM3D2x64_Data\Managed\JsonFx.Json.dll,70144,A0F0CFCB,1220
0,0,COM3D2x64_Data\Managed\LeapCSharp.NET3.5.dll,82432,38E38212,1220
0,0,COM3D2x64_Data\Managed\Mono.Data.Tds.dll,96256,2965324B,1220
0,0,COM3D2x64_Data\Managed\Mono.Posix.dll,184320,0CE35BE3,1220
0,0,COM3D2x64_Data\Managed\Mono.Security.dll,294912,66EB9979,1220
0,0,COM3D2x64_Data\Managed\Mono.WebBrowser.dll,172032,137B736F,1220
0,0,COM3D2x64_Data\Managed\mscorlib.dll,2590208,5166389B,1220
0,0,COM3D2x64_Data\Managed\Newtonsoft.Json.dll,494592,5C881B73,1220
0,0,COM3D2x64_Data\Managed\System.Configuration.dll,124928,72952344,1220
0,0,COM3D2x64_Data\Managed\System.Core.dll,297472,9E3EE5D7,1220
0,0,COM3D2x64_Data\Managed\System.Data.dll,856064,DDDB80CD,1220
0,0,COM3D2x64_Data\Managed\System.dll,1679360,13922617,1220
0,0,COM3D2x64_Data\Managed\System.Drawing.Design.dll,29696,E7B53FF9,1220
0,0,COM3D2x64_Data\Managed\System.Drawing.dll,448512,C4B2E872,1220
0,0,COM3D2x64_Data\Managed\System.EnterpriseServices.dll,46592,2C72A9FE,1220
0,0,COM3D2x64_Data\Managed\System.Security.dll,135168,1CE94C57,1220
0,0,COM3D2x64_Data\Managed\System.Transactions.dll,27648,45299FCF,1220
0,0,COM3D2x64_Data\Managed\System.Windows.Forms.dll,3053568,56394001,1220
0,0,COM3D2x64_Data\Managed\System.Xml.dll,1270272,4581A35B,1220
0,0,COM3D2x64_Data\Managed\System.Xml.Linq.dll,106496,E844371C,1220
0,0,COM3D2x64_Data\Managed\UnityEngine.dll,1393152,2C35388C,1220
0,0,COM3D2x64_Data\Managed\UnityEngine.dll.mdb,449828,8610375E,1220
0,0,COM3D2x64_Data\Managed\UnityEngine.Networking.dll,253952,2BDF701F,1220
0,0,COM3D2x64_Data\Managed\UnityEngine.UI.dll,245760,FA552B2D,1220
0,0,COM3D2x64_Data\Managed\UnityEngine.VR.dll,3072,A4582CD6,1220
0,0,COM3D2x64_Data\Managed\UnityScript.Lang.dll,13824,0DA8F681,1220
0,0,COM3D2x64_Data\Managed\zxing.unity.dll,430592,9FD1F198,1220
0,0,COM3D2x64_Data\Mono\mono.dll,2618816,0BEA8C0F,1220
0,0,COM3D2x64_Data\Mono\MonoPosixHelper.dll,113664,9B5E1E4D,1220
0,0,COM3D2x64_Data\Mono\etc\mono\browscap.ini,311984,CE6C0AB3,1220
0,0,COM3D2x64_Data\Mono\etc\mono\config,1691,A635914A,1220
0,0,COM3D2x64_Data\Mono\etc\mono\1.0\DefaultWsdlHelpGenerator.aspx,58196,10E814BF,1220
0,0,COM3D2x64_Data\Mono\etc\mono\1.0\machine.config,17258,EDE1AC59,1220
0,0,COM3D2x64_Data\Mono\etc\mono\2.0\DefaultWsdlHelpGenerator.aspx,60453,F3869A34,1220
0,0,COM3D2x64_Data\Mono\etc\mono\2.0\machine.config,27625,73C91C24,1220
0,0,COM3D2x64_Data\Mono\etc\mono\2.0\settings.map,2618,A1A3C29F,1220
0,0,COM3D2x64_Data\Mono\etc\mono\2.0\web.config,11686,534A9960,1220
0,0,COM3D2x64_Data\Mono\etc\mono\2.0\Browsers\Compat.browser,1605,2E178A0B,1220
0,0,COM3D2x64_Data\Mono\etc\mono\mconfig\config.xml,25817,80B2033A,1220
0,0,COM3D2x64_Data\Plugins\assimp.dll,4388864,7C910D84,1220
0,0,COM3D2x64_Data\Plugins\Audio360.dll,1499136,2D77400A,1220
0,0,COM3D2x64_Data\Plugins\AVProVideo.dll,891392,A3612D4B,1220
0,0,COM3D2x64_Data\Plugins\clothpp.dll,112128,7C3264A4,1220
0,0,COM3D2x64_Data\Plugins\cm3d2.dll,2100736,74B315EF,1220
0,0,COM3D2x64_Data\Plugins\device_hook.dll,738816,F61E7CED,1220
0,0,COM3D2x64_Data\Plugins\FoveClient.dll,1849384,58C8B4F6,1220
0,0,COM3D2x64_Data\Plugins\LeapC.dll,2516992,FBDD3767,1220
0,0,COM3D2x64_Data\Plugins\openvr_api.dll,318272,44432E0F,1220
0,0,COM3D2x64_Data\Plugins\OVRGamepad.dll,12800,2C526135,1220
0,0,COM3D2x64_Data\Plugins\OVRLipSync.dll,2512296,391C1F4C,1220
0,0,COM3D2x64_Data\Plugins\OVRPlugin.dll,1898408,5DD05B6C,1220
0,0,COM3D2x64_Data\Resources\unity default resources,752360,71DB1AEA,1220
0,0,COM3D2x64_Data\Resources\unity_builtin_extra,284012,91145F7F,1220
0,0,GameData\bg_kissevent2018_sp_card_2.arc,493322,140250D1,1100
0,0,GameData\bg_sp001_2.arc,16204240,91030B15,1000
0,0,GameData\csv.arc,3946911,FA8D2BB5,1220
0,0,GameData\csv_old_2.arc,1746,7AD2A97C,1150
0,0,GameData\csv_ordermade001_2.arc,770,422A7575,1150
0,0,GameData\motion2.arc,109027037,97AE4AF0,1210
0,0,GameData\motion_3d21reserve_2.arc,153931,C630D84E,1100
0,0,GameData\motion_charaevent004_2.arc,411292,14695BAD,1220
0,0,GameData\motion_cos021_2.arc,323647,5697AC81,1061
0,0,GameData\motion_denkigai2017w_2.arc,1466874,DEACF6A8,1070
0,0,GameData\motion_kissnohi001_2.arc,158459,BD4D598E,1200
0,0,GameData\parts2.arc,148143962,B0EF5F40,1220
0,0,GameData\parts_dlc209_2.arc,1363413,BF1ABBC0,1171
0,0,GameData\parts_dlc216_2.arc,932171,E7454670,1200
0,0,GameData\parts_magazine003_2.arc,201385,3A5B273D,1120
0,0,GameData\parts_omvr.arc,3206509,4F0D0480,1120
0,0,GameData\parts_kissevent2018_2.arc,5570,005BBD00,1100
0,0,GameData\parts_shop016_2.arc,171410,3D70CEC4,1060
0,0,GameData\paths.dat,3476,CE635CFE,1220
0,0,GameData\prioritymaterial.arc,305465,879B9EFC,1220
0,0,GameData\script.arc,11998228,0116E14C,1220
0,0,GameData\script_charaevent001_2.arc,30674,FD2BB099,1090
0,0,GameData\script_charaevent002ntr_2.arc,16114,A039DACC,1150
0,0,GameData\script_charaevent004ntr_2.arc,16450,5334480E,1220
0,0,GameData\script_cos021_2.arc,109385,684D92BB,1140
0,0,GameData\script_denkigai2017w_2.arc,430750,44E8DF34,1140
0,0,GameData\script_denkigai2018s_2.arc,10274,96AE23D5,1191
0,0,GameData\script_exm001_2.arc,2738,7DFDDDE5,1070
0,0,GameData\script_old_2.arc,607010,ADAB9FC0,1220
0,0,GameData\script_ordermade001_2.arc,116201,357EC67E,1180
0,0,GameData\script_ordermade002_2.arc,1618,8884C475,1210
0,0,GameData\script_ordermade003_2.arc,1570,29033AAD,1210
0,0,GameData\script_ordermade004_2.arc,1618,4C783E62,1210
0,0,GameData\script_personal_om001_2.arc,5314,520D3EE4,1210
0,0,GameData\script_personal_om001plus_2.arc,3618,398FD328,1220
0,0,GameData\script_share_karaoke_2.arc,8045,C6524318,1220
0,0,GameData\sound2.arc,2831373,17A6CBF3,1050
0,0,GameData\system2.arc,10823996,33D03055,1210
0,0,GameData\voice2.arc,282742866,31C5FDD2,1150
0,0,GameData_20\bg_vp001_2.arc,283046,A7A90EE1,1190
0,0,GameData_20\material_denkigai2015w_2.arc,3490,F06AAABE,1090
0,0,GameData_20\material_dlc195_2.arc,1746,ECFBFE17,1090
0,0,GameData_20\material_dlcdenkigai2015w_2.arc,3522,D35394D7,1090
0,0,GameData_20\material_dlcdenkigai2017w_2.arc,3506,40FF8AFA,1090
0,0,GameData_20\material_kissevent2017march_2.arc,3538,7A6FC5CF,1090
0,0,GameData_20\menu_dlc195_2.arc,1170,BF163DDC,1090
0,0,GameData_20\model_denkigai2015w_2.arc,174373,F9233759,1090
0,0,GameData_20\model_dlc195_2.arc,583563,16C95E54,1090
0,0,GameData_20\model_dlcdenkigai2015w_2.arc,174400,BE6E5467,1090
0,0,GameData_20\model_dlcdenkigai2017w_2.arc,181384,6D5B735E,1090
0,0,GameData_20\model_kissevent2017march_2.arc,190682,21F32FCB,1090
0,0,GameData_20\texture_dlc195_2.arc,16075880,456A4C76,1090
0,0,GameData_20\paths.dat,5091,D094E2BE,1580
0,0,GameData_20\prioritymaterial.arc,221488,580931AC,1582
0,0,GameData_20\material_denkigai2015s003_2.arc,7106,0C82D791,1150
0,0,GameData_20\material_denkigai2015wTowelR.arc,1602,618192B9,1360
0,0,GameData_20\material_dlc055_2.arc,5282,11A93109,1280
0,0,GameData_20\material_dlsite_2.arc,1762,C5A837EA,1150
0,0,GameData_20\material_shop001_2.arc,1762,D98CED1C,1150
0,0,GameData_20\material_shop002_2.arc,1762,956BB00E,1150
0,0,GameData_20\material_shop003_2.arc,1762,38CEBFF2,1150
0,0,GameData_20\material_shop005_2.arc,1714,3E621A32,1150
0,0,GameData_20\material_shop007_2.arc,2578,C8CE627C,1150
0,0,GameData_20\material_vp001_2.arc,11890,8CB043B0,1400
0,0,GameData_20\material_yomeido003_2.arc,1522,0689A7AC,1240
0,0,GameData_20\menu_denkigai2015s001_2.arc,6594,8B3E849F,1160
0,0,GameData_20\menu_denkigai2015s003_2.arc,4338,D294CE88,1150
0,0,GameData_20\menu_denkigai2015wTowelR.arc,1282,CECEE1FC,1360
0,0,GameData_20\menu_denkigai2016s_2.arc,1346,4A9440B1,1351
0,0,GameData_20\menu_denkigai2016w_2.arc,15154,C8D64D3B,1450
0,0,GameData_20\menu_denkigai2017s_2.arc,1218,267B1338,1540
0,0,GameData_20\menu_dlcdenkigai2016w_2.arc,13522,45E7F667,1450
0,0,GameData_20\menu_dlcdenkigai2017s_2.arc,1218,A6C83B5D,1540
0,0,GameData_20\menu_dlc026_2.arc,3778,69453D54,1190
0,0,GameData_20\menu_dlc028_2.arc,3874,DE3F1C31,1200
0,0,GameData_20\menu_dlc041_2.arc,6786,97F738D3,1380
0,0,GameData_20\menu_dlc042_2.arc,1154,EE4016C0,1440
0,0,GameData_20\menu_dlc049_2.arc,3106,E30D6F4C,1522
0,0,GameData_20\menu_dlc061_2.arc,3810,F99C1D4E,1290
0,0,GameData_20\menu_dlc065_2.arc,7602,D9387834,1380
0,0,GameData_20\menu_dlc074_2.arc,5618,24C559D7,1312
0,0,GameData_20\menu_dlc100_2.arc,1250,DFF94E9A,1400
0,0,GameData_20\menu_dlc101_2.arc,1218,44DB4049,1481
0,0,GameData_20\menu_dlsite_2.arc,1954,B2268BA7,1150
0,0,GameData_20\menu_magazine002_2.arc,12498,691C1126,1471
0,0,GameData_20\menu_personal002_2.arc,1282,5687650C,1310
0,0,GameData_20\menu_shop001_2.arc,3314,35207C87,1150
0,0,GameData_20\menu_shop005_2.arc,1378,0C9AF725,1150
0,0,GameData_20\menu_vp001_2.arc,19138,7C7AFD9C,1400
0,0,GameData_20\menu_yomeido003_2.arc,1234,4D6F619D,1240
0,0,GameData_20\menu_yomeidogp_wedding_2.arc,3954,C251B12C,1320
0,0,GameData_20\model_denkigai2015s003_2.arc,394665,41A48185,1150
0,0,GameData_20\model_denkigai2015wTowelR.arc,38258,FB570A24,1360
0,0,GameData_20\model_denkigai2017s_2.arc,462663,8917104A,1582
0,0,GameData_20\model_dlcdenkigai2017s_2.arc,462667,9F0C3D54,1582
0,0,GameData_20\model_dlc005_2.arc,175424,F7DD7D82,1270
0,0,GameData_20\model_dlc046_2.arc,155690,83B34173,1220
0,0,GameData_20\model_dlc073_2.arc,267037,47D33A06,1320
0,0,GameData_20\model_dlc100_2.arc,691347,7C3D679D,1400
0,0,GameData_20\model_dlc109_2.arc,137998,8FCCF513,1460
0,0,GameData_20\model_dlc151_2.arc,213532,8C3C80C3,1520
0,0,GameData_20\model_dlsite_2.arc,197173,24366C43,1150
0,0,GameData_20\model_shop001_2.arc,115215,9C941FAF,1150
0,0,GameData_20\model_shop002_2.arc,251253,743C3D97,1150
0,0,GameData_20\model_shop003_2.arc,185433,A15EC70A,1150
0,0,GameData_20\model_shop005_2.arc,150103,FB5341FA,1150
0,0,GameData_20\model_shop007_2.arc,288759,80615CBD,1150
0,0,GameData_20\model_vp001_2.arc,647957,D68B5D2F,1400
0,0,GameData_20\texture_denkigai2015wTowelR.arc,133065,FE4BDC34,1360
0,0,GameData_20\texture_denkigai2016w_2.arc,10105247,3B4641C3,1450
0,0,GameData_20\texture_dlcdenkigai2016w_2.arc,10105332,90868016,1450
0,0,GameData_20\texture_kissevent2017march.arc,281,FF4EEB9B,1522
0,0,GameData_20\texture_kissevent2017march_2.arc,79432605,C1FCD24F,1522
0,0,GameData_20\texture_dlc004_2.arc,4805734,C8E5CFB4,1200
0,0,GameData_20\texture_dlc046_2.arc,596960,FC606BA5,1220
0,0,GameData_20\texture_vp001_2.arc,755269,18D5027D,1400
0,0,GameData_20\texture_yomeido003_2.arc,117248,0EE72B42,1240
0,0,manual\favicon.ico,370070,687492C6,1050
0,0,manual\index.html,71545,035C59F0,1060
0,0,manual\css\close.png,1250,304A1D8C,1050
0,0,manual\css\common.css,3409,BA5B06EB,1050
0,0,manual\css\index.css,6614,38725E3B,1050
0,0,manual\css\lightbox.css,3674,9235D408,1050
0,0,manual\css\loading.gif,1279,72456323,1050
0,0,manual\css\next.png,1682,E0895D01,1050
0,0,manual\css\prev.png,1666,12F2027E,1050
0,0,manual\img\casino01.jpg,272694,C6FE6781,1050
0,0,manual\img\clubstatus.jpg,36546,DAA11F1D,1050
0,0,manual\img\com3d2_logo.png,100187,28605834,1050
0,0,manual\img\comp01.jpg,54909,F2AE5CE1,1050
0,0,manual\img\comp02.jpg,87599,493340A0,1050
0,0,manual\img\config.jpg,156802,1871EF55,1050
0,0,manual\img\dance01.jpg,305648,B87D0340,1050
0,0,manual\img\dance02.jpg,345535,27BEFAE3,1050
0,0,manual\img\edit01.jpg,312602,CB3E64D0,1050
0,0,manual\img\edit02.jpg,278318,878B2857,1050
0,0,manual\img\event01.jpg,194983,E4E03D42,1050
0,0,manual\img\facilitysetting01.jpg,338947,40D2A7D3,1050
0,0,manual\img\facilitysetting02.jpg,185709,12E0C653,1050
0,0,manual\img\facilitysetting03.jpg,267150,D08D54B7,1050
0,0,manual\img\kashizuki01.jpg,210954,8E6084EA,1050
0,0,manual\img\kashizuki02.jpg,209895,BD363567,1050
0,0,manual\img\kashizuki03.jpg,215560,D28EDBD6,1050
0,0,manual\img\kiss_logo.png,6459,7966A6E9,1050
0,0,manual\img\maidmanagement01.jpg,242517,21B3E491,1050
0,0,manual\img\maidmanagement02.jpg,140237,945D483D,1050
0,0,manual\img\maidmanagement03.jpg,208300,B7C8F3CD,1050
0,0,manual\img\mainmenu01.jpg,208641,7218A847,1060
0,0,manual\img\mainmenu02.jpg,193956,4C7EF1A8,1050
0,0,manual\img\myroom.jpg,225108,398BA2D8,1050
0,0,manual\img\myroom.psd,1301284,E3472053,1050
0,0,manual\img\reminiscence01.jpg,236014,B0302E74,1050
0,0,manual\img\schedule01.jpg,198475,6AD2FF8C,1050
0,0,manual\img\schedule02.jpg,240595,AE23B15D,1050
0,0,manual\img\shitsu_mode.jpg,166109,966737E0,1050
0,0,manual\img\shop.jpg,216722,67700EE6,1050
0,0,manual\img\studio.jpg,328576,FC7FDE83,1050
0,0,manual\img\system01.jpg,67204,A61273B1,1050
0,0,manual\img\yotogi01.jpg,283179,93847FCE,1050
0,0,manual\img\yotogi02.jpg,278963,0959D75C,1050
0,0,manual\img\yotogi03.jpg,243961,20F88D92,1050
0,0,manual\sys\common.js,240,976D3DF4,1050
0,0,manual\sys\jquery-3.1.0.min.js,86351,AE6B746B,1050
0,0,manual\sys\jquery.lazy.min.js,5022,FEEB9C66,1050
0,0,manual\sys\lightbox.js,18410,F90AE353,1050
