0,0,COM3D2x64_Data\Managed\Accessibility.dll,12288,521A42C4,34602
0,0,COM3D2x64_Data\Managed\Assembly-CSharp.dll,6371328,67B2E9FC,34602
0,0,COM3D2x64_Data\Managed\Assembly-CSharp-firstpass.dll,874496,63519FE8,34602
0,0,COM3D2x64_Data\Managed\BouncyCastle.Crypto.dll,2236416,5A4C4F07,34602
0,0,COM3D2x64_Data\Managed\FoveUnityPlugin.dll,28672,A6EA882B,34602
0,0,COM3D2x64_Data\Managed\ICSharpCode.SharpZipLib.dll,200704,D3160A1C,34602
0,0,COM3D2x64_Data\Managed\Ionic.Zlib.dll,102400,7C9E7DD2,34602
0,0,COM3D2x64_Data\Managed\JsonFx.Json.dll,70144,A0F0CFCB,34602
0,0,COM3D2x64_Data\Managed\LeapCSharp.NET3.5.dll,82432,38E38212,34602
0,0,COM3D2x64_Data\Managed\MagicaCloth.dll,380416,EEFB1E35,34602
0,0,COM3D2x64_Data\Managed\MagicaClothV2.dll,453120,DD8672E8,34602
0,0,COM3D2x64_Data\Managed\MessagePack.Annotations.dll,8192,4ED2DFE3,34602
0,0,COM3D2x64_Data\Managed\MessagePack.dll,331776,778C0193,34602
0,0,COM3D2x64_Data\Managed\Microsoft.NET.StringTools.dll,30336,C3CACDD5,34602
0,0,COM3D2x64_Data\Managed\Mono.Posix.dll,214528,E714DBE5,34602
0,0,COM3D2x64_Data\Managed\Mono.Security.dll,241152,E13CDC4F,34602
0,0,COM3D2x64_Data\Managed\Mono.WebBrowser.dll,166912,DEA873F6,34602
0,0,COM3D2x64_Data\Managed\mscorlib.dll,4631552,C56BEBD6,34602
0,0,COM3D2x64_Data\Managed\netstandard.dll,90112,975FFBBE,34602
0,0,COM3D2x64_Data\Managed\Newtonsoft.Json.dll,691712,8CEF25D0,34602
0,0,COM3D2x64_Data\Managed\System.ComponentModel.Composition.dll,257024,CD6FC8DC,34602
0,0,COM3D2x64_Data\Managed\System.Configuration.dll,124928,EFDF7155,34602
0,0,COM3D2x64_Data\Managed\System.Core.dll,1113088,794737A1,34602
0,0,COM3D2x64_Data\Managed\System.Data.DataSetExtensions.dll,29696,363CF571,34602
0,0,COM3D2x64_Data\Managed\System.Data.dll,2125312,32374B27,34602
0,0,COM3D2x64_Data\Managed\System.dll,2639872,BAFC36A3,34602
0,0,COM3D2x64_Data\Managed\System.Drawing.Design.dll,29696,E7B53FF9,34602
0,0,COM3D2x64_Data\Managed\System.Drawing.dll,489984,194DEA33,34602
0,0,COM3D2x64_Data\Managed\System.EnterpriseServices.dll,44544,F00DC395,34602
0,0,COM3D2x64_Data\Managed\System.IO.Compression.dll,114688,DBEA1F77,34602
0,0,COM3D2x64_Data\Managed\System.IO.Compression.FileSystem.dll,18432,63C90522,34602
0,0,COM3D2x64_Data\Managed\System.IO.Hashing.dll,50488,2F1659E0,34602
0,0,COM3D2x64_Data\Managed\System.Memory.dll,4608,F0BBFFDF,34602
0,0,COM3D2x64_Data\Managed\System.Net.Http.dll,122880,AB522EA5,34602
0,0,COM3D2x64_Data\Managed\System.Numerics.dll,119296,C190A4F5,34602
0,0,COM3D2x64_Data\Managed\System.Runtime.CompilerServices.Unsafe.dll,18024,8C9A1A8B,34602
0,0,COM3D2x64_Data\Managed\System.Runtime.dll,12288,58AE9F48,34602
0,0,COM3D2x64_Data\Managed\System.Runtime.Serialization.dll,934400,FA4E2031,34602
0,0,COM3D2x64_Data\Managed\System.Security.dll,320000,254A33AD,34602
0,0,COM3D2x64_Data\Managed\System.ServiceModel.Internals.dll,215040,81075AAD,34602
0,0,COM3D2x64_Data\Managed\System.Transactions.dll,35328,12E658B2,34602
0,0,COM3D2x64_Data\Managed\System.Windows.Forms.dll,3053568,56394001,34602
0,0,COM3D2x64_Data\Managed\System.Xml.dll,3160064,6F621FF0,34602
0,0,COM3D2x64_Data\Managed\System.Xml.Linq.dll,136704,64AFBAF8,34602
0,0,COM3D2x64_Data\Managed\Unity.AI.Navigation.dll,20480,5DB901F5,34602
0,0,COM3D2x64_Data\Managed\Unity.Burst.dll,304640,48D14704,34602
0,0,COM3D2x64_Data\Managed\Unity.Burst.Unsafe.dll,5632,D504B969,34602
0,0,COM3D2x64_Data\Managed\Unity.Collections.dll,451072,1BE4CE37,34602
0,0,COM3D2x64_Data\Managed\Unity.Collections.LowLevel.ILSupport.dll,5120,254B34EA,34602
0,0,COM3D2x64_Data\Managed\Unity.InputSystem.dll,1128960,4267EC11,34602
0,0,COM3D2x64_Data\Managed\Unity.InputSystem.ForUI.dll,4608,39E8473B,34602
0,0,COM3D2x64_Data\Managed\Unity.Mathematics.dll,752128,FB39F601,34602
0,0,COM3D2x64_Data\Managed\Unity.MemoryProfiler.dll,7168,A238E1FC,34602
0,0,COM3D2x64_Data\Managed\Unity.Profiling.Core.dll,10240,232778E8,34602
0,0,COM3D2x64_Data\Managed\Unity.RenderPipeline.Universal.ShaderLibrary.dll,8704,F8F74F70,34602
0,0,COM3D2x64_Data\Managed\Unity.RenderPipelines.Core.Runtime.dll,532480,21A971B0,34602
0,0,COM3D2x64_Data\Managed\Unity.RenderPipelines.Core.ShaderLibrary.dll,5120,46C80DF7,34602
0,0,COM3D2x64_Data\Managed\Unity.RenderPipelines.ShaderGraph.ShaderGraphLibrary.dll,5120,6701383C,34602
0,0,COM3D2x64_Data\Managed\Unity.RenderPipelines.Universal.2D.Internal.dll,5632,A452DB1E,34602
0,0,COM3D2x64_Data\Managed\Unity.RenderPipelines.Universal.Config.Runtime.dll,5632,9626911A,34602
0,0,COM3D2x64_Data\Managed\Unity.RenderPipelines.Universal.Runtime.dll,787968,726CC248,34602
0,0,COM3D2x64_Data\Managed\Unity.RenderPipelines.Universal.Shaders.dll,5120,766B6FE2,34602
0,0,COM3D2x64_Data\Managed\Unity.TextMeshPro.dll,380928,6F6F9C15,34602
0,0,COM3D2x64_Data\Managed\Unity.Timeline.dll,128000,7B437F96,34602
0,0,COM3D2x64_Data\Managed\Unity.XR.CoreUtils.dll,89088,3DD74E7B,34602
0,0,COM3D2x64_Data\Managed\Unity.XR.Management.dll,17408,7CC322D1,34602
0,0,COM3D2x64_Data\Managed\Unity.XR.OpenXR.dll,175104,E97FE76E,34602
0,0,COM3D2x64_Data\Managed\Unity.XR.OpenXR.Features.ConformanceAutomation.dll,7680,36F60547,34602
0,0,COM3D2x64_Data\Managed\Unity.XR.OpenXR.Features.MetaQuestSupport.dll,5632,FEA1CE0C,34602
0,0,COM3D2x64_Data\Managed\Unity.XR.OpenXR.Features.MockRuntime.dll,10752,A937B775,34602
0,0,COM3D2x64_Data\Managed\Unity.XR.OpenXR.Features.OculusQuestSupport.dll,5632,E1F2B211,34602
0,0,COM3D2x64_Data\Managed\Unity.XR.OpenXR.Features.RuntimeDebugger.dll,6656,99D3D1C7,34602
0,0,COM3D2x64_Data\Managed\UnityEngine.AccessibilityModule.dll,23984,3C33A4A7,34602
0,0,COM3D2x64_Data\Managed\UnityEngine.AIModule.dll,58792,023E7626,34602
0,0,COM3D2x64_Data\Managed\UnityEngine.AndroidJNIModule.dll,95144,01482C31,34602
0,0,COM3D2x64_Data\Managed\UnityEngine.AnimationModule.dll,164272,74D40B07,34602
0,0,COM3D2x64_Data\Managed\UnityEngine.ARModule.dll,21424,1C9C3021,34602
0,0,COM3D2x64_Data\Managed\UnityEngine.AssetBundleModule.dll,33200,2729F0BE,34602
0,0,COM3D2x64_Data\Managed\UnityEngine.AudioModule.dll,71592,84AC5CAC,34602
0,0,COM3D2x64_Data\Managed\UnityEngine.ClothModule.dll,26544,5303D1F9,34602
0,0,COM3D2x64_Data\Managed\UnityEngine.ClusterInputModule.dll,21936,D5513369,34602
0,0,COM3D2x64_Data\Managed\UnityEngine.ClusterRendererModule.dll,22440,EA240EE4,34602
0,0,COM3D2x64_Data\Managed\UnityEngine.ContentLoadModule.dll,27560,1AAC4C2F,34602
0,0,COM3D2x64_Data\Managed\UnityEngine.CoreModule.dll,1393584,8395E488,34602
0,0,COM3D2x64_Data\Managed\UnityEngine.CrashReportingModule.dll,21416,DCE84CFE,34602
0,0,COM3D2x64_Data\Managed\UnityEngine.DirectorModule.dll,25000,9C2EFB7D,34602
0,0,COM3D2x64_Data\Managed\UnityEngine.dll,126896,C144F735,34602
0,0,COM3D2x64_Data\Managed\UnityEngine.DSPGraphModule.dll,29616,51D3A23A,34602
0,0,COM3D2x64_Data\Managed\UnityEngine.GameCenterModule.dll,40368,88170C4D,34602
0,0,COM3D2x64_Data\Managed\UnityEngine.GIModule.dll,20400,4DCDF279,34602
0,0,COM3D2x64_Data\Managed\UnityEngine.GridModule.dll,25520,9CA34B4E,34602
0,0,COM3D2x64_Data\Managed\UnityEngine.HotReloadModule.dll,20400,77E48EEE,34602
0,0,COM3D2x64_Data\Managed\UnityEngine.ImageConversionModule.dll,24496,4C942DD1,34602
0,0,COM3D2x64_Data\Managed\UnityEngine.IMGUIModule.dll,191400,F4929849,34602
0,0,COM3D2x64_Data\Managed\UnityEngine.InputLegacyModule.dll,39336,85D05EAF,34602
0,0,COM3D2x64_Data\Managed\UnityEngine.InputModule.dll,23984,D39C0663,34602
0,0,COM3D2x64_Data\Managed\UnityEngine.JSONSerializeModule.dll,22440,AEEFE8E7,34602
0,0,COM3D2x64_Data\Managed\UnityEngine.LocalizationModule.dll,21416,FF054019,34602
0,0,COM3D2x64_Data\Managed\UnityEngine.NVIDIAModule.dll,34216,458A9FE6,34602
0,0,COM3D2x64_Data\Managed\UnityEngine.ParticleSystemModule.dll,161704,8E49A63F,34602
0,0,COM3D2x64_Data\Managed\UnityEngine.PerformanceReportingModule.dll,20912,4845577B,34602
0,0,COM3D2x64_Data\Managed\UnityEngine.Physics2DModule.dll,141744,CC777DF3,34602
0,0,COM3D2x64_Data\Managed\UnityEngine.PhysicsModule.dll,138664,EFC48F24,34602
0,0,COM3D2x64_Data\Managed\UnityEngine.ProfilerModule.dll,20392,36C53566,34602
0,0,COM3D2x64_Data\Managed\UnityEngine.PropertiesModule.dll,155560,6C8B4651,34602
0,0,COM3D2x64_Data\Managed\UnityEngine.RuntimeInitializeOnLoadManagerInitializerModule.dll,20392,77C2F93D,34602
0,0,COM3D2x64_Data\Managed\UnityEngine.ScreenCaptureModule.dll,21424,6B3D6A64,34602
0,0,COM3D2x64_Data\Managed\UnityEngine.SharedInternalsModule.dll,33192,92E11996,34602
0,0,COM3D2x64_Data\Managed\UnityEngine.SpatialTracking.dll,11776,90D462DD,34602
0,0,COM3D2x64_Data\Managed\UnityEngine.SpriteMaskModule.dll,22440,E8321785,34602
0,0,COM3D2x64_Data\Managed\UnityEngine.SpriteShapeModule.dll,26536,4EC177F0,34602
0,0,COM3D2x64_Data\Managed\UnityEngine.StreamingModule.dll,20912,E85CB39D,34602
0,0,COM3D2x64_Data\Managed\UnityEngine.SubstanceModule.dll,25008,A1D29237,34602
0,0,COM3D2x64_Data\Managed\UnityEngine.SubsystemsModule.dll,35240,77311A6B,34602
0,0,COM3D2x64_Data\Managed\UnityEngine.TerrainModule.dll,101296,6155099F,34602
0,0,COM3D2x64_Data\Managed\UnityEngine.TerrainPhysicsModule.dll,21416,111C8BCA,34602
0,0,COM3D2x64_Data\Managed\UnityEngine.TextCoreFontEngineModule.dll,72616,EC737FB0,34602
0,0,COM3D2x64_Data\Managed\UnityEngine.TextCoreTextEngineModule.dll,249256,C257FC4B,34602
0,0,COM3D2x64_Data\Managed\UnityEngine.TextRenderingModule.dll,39344,5EA0AB61,34602
0,0,COM3D2x64_Data\Managed\UnityEngine.TilemapModule.dll,47024,5A48F0B2,34602
0,0,COM3D2x64_Data\Managed\UnityEngine.TLSModule.dll,27056,35F87DAA,34602
0,0,COM3D2x64_Data\Managed\UnityEngine.UI.dll,265728,3CD9F1A0,34602
0,0,COM3D2x64_Data\Managed\UnityEngine.UIElementsModule.dll,1536424,449C7CA3,34602
0,0,COM3D2x64_Data\Managed\UnityEngine.UIModule.dll,36784,4387CF59,34602
0,0,COM3D2x64_Data\Managed\UnityEngine.UmbraModule.dll,20392,42081088,34602
0,0,COM3D2x64_Data\Managed\UnityEngine.UnityAnalyticsCommonModule.dll,21416,C68AEF7B,34602
0,0,COM3D2x64_Data\Managed\UnityEngine.UnityAnalyticsModule.dll,44976,C4F1ABCB,34602
0,0,COM3D2x64_Data\Managed\UnityEngine.UnityConnectModule.dll,22448,E7A10745,34602
0,0,COM3D2x64_Data\Managed\UnityEngine.UnityCurlModule.dll,21936,A6F3885D,34602
0,0,COM3D2x64_Data\Managed\UnityEngine.UnityTestProtocolModule.dll,20392,930FB553,34602
0,0,COM3D2x64_Data\Managed\UnityEngine.UnityWebRequestAssetBundleModule.dll,23472,8B1F1704,34602
0,0,COM3D2x64_Data\Managed\UnityEngine.UnityWebRequestAudioModule.dll,22952,423F90E9,34602
0,0,COM3D2x64_Data\Managed\UnityEngine.UnityWebRequestModule.dll,58792,3FD74CA0,34602
0,0,COM3D2x64_Data\Managed\UnityEngine.UnityWebRequestTextureModule.dll,21936,B74AEFF0,34602
0,0,COM3D2x64_Data\Managed\UnityEngine.UnityWebRequestWWWModule.dll,31656,50CE5BD6,34602
0,0,COM3D2x64_Data\Managed\UnityEngine.VehiclesModule.dll,24496,B14D2EA8,34602
0,0,COM3D2x64_Data\Managed\UnityEngine.VFXModule.dll,58800,2D09FE04,34602
0,0,COM3D2x64_Data\Managed\UnityEngine.VideoModule.dll,41384,E827C805,34602
0,0,COM3D2x64_Data\Managed\UnityEngine.VirtualTexturingModule.dll,36264,35C1934F,34602
0,0,COM3D2x64_Data\Managed\UnityEngine.VRModule.dll,27056,349C7D41,34602
0,0,COM3D2x64_Data\Managed\UnityEngine.WindModule.dll,21416,3FE7AAE0,34602
0,0,COM3D2x64_Data\Managed\UnityEngine.XR.LegacyInputHelpers.dll,23552,1F604967,34602
0,0,COM3D2x64_Data\Managed\UnityEngine.XRModule.dll,71080,C0FA6272,34602
0,0,COM3D2x64_Data\Managed\Win32.dll,13312,7781C2A2,34602
0,0,COM3D2x64_Data\Managed\zxing.unity.dll,430592,9FD1F198,34602
0,0,COM3D2x64_Data\Plugins\x86_64\assimp.dll,4388864,7C910D84,34602
0,0,COM3D2x64_Data\Plugins\x86_64\Audio360.dll,1956352,0D4B8E9D,34602
0,0,COM3D2x64_Data\Plugins\x86_64\AVProVideo.dll,886272,278352F0,34602
0,0,COM3D2x64_Data\Plugins\x86_64\clothpp.dll,112128,7C3264A4,34602
0,0,COM3D2x64_Data\Plugins\x86_64\cm3d2.dll,2265088,CA67D1AD,34602
0,0,COM3D2x64_Data\Plugins\x86_64\device_hook.dll,738816,F61E7CED,34602
0,0,COM3D2x64_Data\Plugins\x86_64\FbxExporterCore.dll,12491776,CBAA51C1,34602
0,0,COM3D2x64_Data\Plugins\x86_64\FoveClient.dll,1849384,58C8B4F6,34602
0,0,COM3D2x64_Data\Plugins\x86_64\LeapC.dll,2516992,FBDD3767,34602
0,0,COM3D2x64_Data\Plugins\x86_64\lib_burst_generated.dll,948736,5349EE01,34602
0,0,COM3D2x64_Data\Plugins\x86_64\openvr_api.dll,318272,44432E0F,34602
0,0,COM3D2x64_Data\Plugins\x86_64\openxr_loader.dll,2036224,E575B607,34602
0,0,COM3D2x64_Data\Plugins\x86_64\OVRGamepad.dll,12800,2C526135,34602
0,0,COM3D2x64_Data\Plugins\x86_64\OVRLipSync.dll,2512296,391C1F4C,34602
0,0,COM3D2x64_Data\Plugins\x86_64\UnityOpenXR.dll,831488,5149404B,34602
0,0,COM3D2x64_Data\Plugins\x86_64\Win32-WebView.dll,504832,382AEE66,34602
0,0,COM3D2x64_Data\Resources\unity default resources,1564240,3770D3F6,34602
0,0,COM3D2x64_Data\Resources\unity_builtin_extra,428296,672A45D0,34602
0,0,COM3D2x64_Data\UnitySubsystems\UnityOpenXR\UnitySubsystemsManifest.json,334,EA0D329E,34602
0,0,COM3D2x64_Data\app.info,27,F9A266E7,34602
0,0,COM3D2x64_Data\boot.config,128,794E317D,34602
0,0,COM3D2x64_Data\globalgamemanagers,5402116,EACBDF11,34602
0,0,COM3D2x64_Data\globalgamemanagers.assets,453368,40B997B1,34602
0,0,COM3D2x64_Data\globalgamemanagers.assets.resS,2796240,F6707524,34602
0,0,COM3D2x64_Data\level0,362852,98174F23,34602
0,0,COM3D2x64_Data\level1,385788,10C19191,34602
0,0,COM3D2x64_Data\level2,381452,5CC266FC,34602
0,0,COM3D2x64_Data\level3,1274812,2806D315,34602
0,0,COM3D2x64_Data\level4,1312524,FBBB41F8,34602
0,0,COM3D2x64_Data\level5,1359900,4C5227C6,34602
0,0,COM3D2x64_Data\level6,364884,5A15DA53,34602
0,0,COM3D2x64_Data\level7,1099036,79859FDC,34602
0,0,COM3D2x64_Data\level8,396468,EBA42534,34602
0,0,COM3D2x64_Data\level9,465508,8C013A89,34602
0,0,COM3D2x64_Data\level10,390252,BD54F000,34602
0,0,COM3D2x64_Data\level11,363380,E555E48C,34602
0,0,COM3D2x64_Data\level12,476180,249678F6,34602
0,0,COM3D2x64_Data\level13,367588,6565413D,34602
0,0,COM3D2x64_Data\level14,916636,D3E2CE84,34602
0,0,COM3D2x64_Data\level15,4996,BC2F7A8E,34602
0,0,COM3D2x64_Data\level16,365372,DD3775F4,34602
0,0,COM3D2x64_Data\level17,1192,6959642B,34602
0,0,COM3D2x64_Data\level18,382172,1E4CC712,34602
0,0,COM3D2x64_Data\level19,371932,0AB41A76,34602
0,0,COM3D2x64_Data\level20,1050460,305DD889,34602
0,0,COM3D2x64_Data\level21,469828,C5BB79D2,34602
0,0,COM3D2x64_Data\level22,1180380,4E3E1370,34602
0,0,COM3D2x64_Data\level23,448700,8E5FE6EC,34602
0,0,COM3D2x64_Data\level24,714556,A5E80DC4,34602
0,0,COM3D2x64_Data\level25,386244,2D76C08B,34602
0,0,COM3D2x64_Data\level26,2246572,5ADC2550,34602
0,0,COM3D2x64_Data\level27,1210764,36025B35,34602
0,0,COM3D2x64_Data\level28,386244,867B2E66,34602
0,0,COM3D2x64_Data\level29,1183556,DB842990,34602
0,0,COM3D2x64_Data\level30,378644,D7707823,34602
0,0,COM3D2x64_Data\level31,488244,DB0200B7,34602
0,0,COM3D2x64_Data\level32,29832,61C035B1,34602
0,0,COM3D2x64_Data\level32.resS,131232,DEC6292A,34602
0,0,COM3D2x64_Data\level33,58924,8D7682DC,34602
0,0,COM3D2x64_Data\level34,64856,A1887AB2,34602
0,0,COM3D2x64_Data\level35,4032,1674CB73,34602
0,0,COM3D2x64_Data\level36,363772,354CDA7A,34602
0,0,COM3D2x64_Data\level37,1686780,B84AD17B,34602
0,0,COM3D2x64_Data\level38,1541100,2CE77836,34602
0,0,COM3D2x64_Data\level39,1562964,55CA6863,34602
0,0,COM3D2x64_Data\level40,461700,8B0B27C2,34602
0,0,COM3D2x64_Data\level41,420684,1E77094C,34602
0,0,COM3D2x64_Data\level42,462436,AB5AC93C,34602
0,0,COM3D2x64_Data\level43,1454332,617CE787,34602
0,0,COM3D2x64_Data\level44,1524524,F7F85AFD,34602
0,0,COM3D2x64_Data\level45,1652140,48BC6F80,34602
0,0,COM3D2x64_Data\level46,457476,22F33BD0,34602
0,0,COM3D2x64_Data\level47,411820,2929C923,34602
0,0,COM3D2x64_Data\level48,463508,C04336E8,34602
0,0,COM3D2x64_Data\level49,430860,A01E8642,34602
0,0,COM3D2x64_Data\level50,1481180,93E4F47D,34602
0,0,COM3D2x64_Data\level51,414788,703501DE,34602
0,0,COM3D2x64_Data\level52,712852,0F4B8644,34602
0,0,COM3D2x64_Data\level53,655316,14C09D75,34602
0,0,COM3D2x64_Data\level54,387636,D96F92BC,34602
0,0,COM3D2x64_Data\level55,1380484,E6B9CA93,34602
0,0,COM3D2x64_Data\level56,1123372,01A2032B,34602
0,0,COM3D2x64_Data\level57,1130732,7124E6F5,34602
0,0,COM3D2x64_Data\level58,1380484,9AE877AD,34602
0,0,COM3D2x64_Data\level59,1260804,E632DACC,34602
0,0,COM3D2x64_Data\level60,1042068,D3D3F370,34602
0,0,COM3D2x64_Data\level61,1337668,48F127F2,34602
0,0,COM3D2x64_Data\level62,1441564,D5A5AD0F,34602
0,0,COM3D2x64_Data\level63,730412,C112E2EC,34602
0,0,COM3D2x64_Data\level64,1015124,B197444C,34602
0,0,COM3D2x64_Data\level65,440908,30A25F23,34602
0,0,COM3D2x64_Data\level66,437180,76FDFC02,34602
0,0,COM3D2x64_Data\level67,481924,E5EBF384,34602
0,0,COM3D2x64_Data\level68,504692,F32B9745,34602
0,0,COM3D2x64_Data\level69,431172,B8D2BB65,34602
0,0,COM3D2x64_Data\level70,492740,52C835E4,34602
0,0,COM3D2x64_Data\level71,1142196,ACC29640,34602
0,0,COM3D2x64_Data\level72,1061060,99FF8C9F,34602
0,0,COM3D2x64_Data\level73,485108,B99ED393,34602
0,0,COM3D2x64_Data\level74,507828,1C638861,34602
0,0,COM3D2x64_Data\level75,498164,406703B3,34602
0,0,COM3D2x64_Data\level76,1142180,0B3392A9,34602
0,0,COM3D2x64_Data\level77,1104356,37736790,34602
0,0,COM3D2x64_Data\level78,490996,C2865AE9,34602
0,0,COM3D2x64_Data\level79,475164,3FDCDD9A,34602
0,0,COM3D2x64_Data\level80,456316,FA3168F6,34602
0,0,COM3D2x64_Data\level81,392628,BF2BF4A9,34602
0,0,COM3D2x64_Data\level82,1491372,3C9B55DA,34602
0,0,COM3D2x64_Data\level83,1430460,C3048A1B,34602
0,0,COM3D2x64_Data\level84,547732,81C70265,34602
0,0,COM3D2x64_Data\level85,439332,43BA7AC1,34602
0,0,COM3D2x64_Data\level86,1370564,609ED5A6,34602
0,0,COM3D2x64_Data\level87,1069332,0575B10A,34602
0,0,COM3D2x64_Data\level88,1548196,97F575E0,34602
0,0,COM3D2x64_Data\level89,1488636,95F84E00,34602
0,0,COM3D2x64_Data\level90,1686796,1A2BB67C,34602
0,0,COM3D2x64_Data\level91,1652156,3ECF41D5,34602
0,0,COM3D2x64_Data\level92,1488980,642EDE14,34602
0,0,COM3D2x64_Data\level93,1454340,E6FC4EDF,34602
0,0,COM3D2x64_Data\level94,452716,49FDBC6C,34602
0,0,COM3D2x64_Data\level95,442892,D9314257,34602
0,0,COM3D2x64_Data\level96,1124820,C0BA6220,34602
0,0,COM3D2x64_Data\level97,918748,FA2310AF,34602
0,0,COM3D2x64_Data\level98,1024804,65FD0C87,34602
0,0,COM3D2x64_Data\level99,915804,15CB005A,34602
0,0,COM3D2x64_Data\level100,1124364,77E76C2C,34602
0,0,COM3D2x64_Data\level101,1823764,74F9F12E,34602
0,0,COM3D2x64_Data\level102,1774236,62B42206,34602
0,0,COM3D2x64_Data\level103,1212060,70A9EDFC,34602
0,0,COM3D2x64_Data\level104,1155588,93E880A4,34602
0,0,COM3D2x64_Data\level105,1634724,22BB08DE,34602
0,0,COM3D2x64_Data\level106,1739508,DFD6DD57,34602
0,0,COM3D2x64_Data\level107,1153324,ACC1ECE7,34602
0,0,COM3D2x64_Data\level108,1062660,A30F164E,34602
0,0,COM3D2x64_Data\level109,1810724,D30DAD9B,34602
0,0,COM3D2x64_Data\level110,1698628,6D52279C,34602
0,0,COM3D2x64_Data\level111,515108,3E81ED99,34602
0,0,COM3D2x64_Data\level112,535412,0479A166,34602
0,0,COM3D2x64_Data\level113,626140,0A967049,34602
0,0,COM3D2x64_Data\level114,563084,411FBD43,34602
0,0,COM3D2x64_Data\level114.resS,131232,F174E031,34602
0,0,COM3D2x64_Data\level115,510012,A1A05E36,34602
0,0,COM3D2x64_Data\level116,624252,611F8A88,34602
0,0,COM3D2x64_Data\level117,533932,810987BB,34602
0,0,COM3D2x64_Data\level118,1867932,A8B59690,34602
0,0,COM3D2x64_Data\level119,1592420,CED92AD0,34602
0,0,COM3D2x64_Data\level120,1403220,5D2E694B,34602
0,0,COM3D2x64_Data\level121,1246764,9C1FEEFA,34602
0,0,COM3D2x64_Data\level122,1340476,FDD13F1F,34602
0,0,COM3D2x64_Data\level123,1537052,3F498847,34602
0,0,COM3D2x64_Data\level124,1436292,CCACD6B9,34602
0,0,COM3D2x64_Data\level125,1006676,B3BF9644,34602
0,0,COM3D2x64_Data\level126,606556,26938FA0,34602
0,0,COM3D2x64_Data\level127,1077844,B1FAAD0A,34602
0,0,COM3D2x64_Data\level128,994980,2B5DD0B6,34602
0,0,COM3D2x64_Data\level129,361620,854B024A,34602
0,0,COM3D2x64_Data\level130,766404,8D47484C,34602
0,0,COM3D2x64_Data\level131,1008372,75A0E6B0,34602
0,0,COM3D2x64_Data\level132,969692,EA8C77F2,34602
0,0,COM3D2x64_Data\level133,950220,D765A4AA,34602
0,0,COM3D2x64_Data\level134,439428,485D9571,34602
0,0,COM3D2x64_Data\level135,924164,ACC94FFA,34602
0,0,COM3D2x64_Data\level136,579836,7BD35B29,34602
0,0,COM3D2x64_Data\level137,584148,36E58D21,34602
0,0,COM3D2x64_Data\level138,610180,68A24C8E,34602
0,0,COM3D2x64_Data\level139,608532,9766FA74,34602
0,0,COM3D2x64_Data\level140,610316,3A5F06D6,34602
0,0,COM3D2x64_Data\level141,612756,6FD5CF20,34602
0,0,COM3D2x64_Data\level142,544620,24D03FA0,34602
0,0,COM3D2x64_Data\level143,548948,07BBEF9A,34602
0,0,COM3D2x64_Data\level144,573812,3DAF5AA8,34602
0,0,COM3D2x64_Data\level145,605220,26DDC262,34602
0,0,COM3D2x64_Data\level146,574956,F85FE61C,34602
0,0,COM3D2x64_Data\level147,578028,CD427C5A,34602
0,0,COM3D2x64_Data\level148,566828,BFD4D2D7,34602
0,0,COM3D2x64_Data\level149,606340,3384A4E4,34602
0,0,COM3D2x64_Data\level150,470084,2E35E8A2,34602
0,0,COM3D2x64_Data\level151,370324,D1313820,34602
0,0,COM3D2x64_Data\level152,458844,B9A80F97,34602
0,0,COM3D2x64_Data\level152.resS,131232,F174E031,34602
0,0,COM3D2x64_Data\level153,1100188,0FC1D4DB,34602
0,0,COM3D2x64_Data\level154,1507740,254D2E29,34602
0,0,COM3D2x64_Data\level155,419940,F2F2209C,34602
0,0,COM3D2x64_Data\level156,456436,ACED13A4,34602
0,0,COM3D2x64_Data\level157,466588,693FE395,34602
0,0,COM3D2x64_Data\resources.assets,529312116,43AE1B13,34602
0,0,COM3D2x64_Data\resources.assets.resS,2073195648,5811A673,34602
0,0,COM3D2x64_Data\resources.resource,1348992,64168176,34602
0,0,COM3D2x64_Data\RuntimeInitializeOnLoads.json,5033,28107410,34602
0,0,COM3D2x64_Data\ScriptingAssemblies.json,4320,117970F4,34602
0,0,COM3D2x64_Data\sharedassets0.assets,31770932,9CC26636,34602
0,0,COM3D2x64_Data\sharedassets0.assets.resS,28071648,6B7564F2,34602
0,0,COM3D2x64_Data\sharedassets1.assets,2301,6C71AA35,34602
0,0,COM3D2x64_Data\sharedassets2.assets,2337,AFB3ABA7,34602
0,0,COM3D2x64_Data\sharedassets3.assets,4305,ABB674DF,34602
0,0,COM3D2x64_Data\sharedassets4.assets,9009,25226AB9,34602
0,0,COM3D2x64_Data\sharedassets5.assets,3333,3CBE9E53,34602
0,0,COM3D2x64_Data\sharedassets6.assets,2205,D5F08853,34602
0,0,COM3D2x64_Data\sharedassets7.assets,3057,5DAC819B,34602
0,0,COM3D2x64_Data\sharedassets8.assets,2193,183EE482,34602
0,0,COM3D2x64_Data\sharedassets9.assets,3201,22569ED8,34602
0,0,COM3D2x64_Data\sharedassets10.assets,2137,2209F82A,34602
0,0,COM3D2x64_Data\sharedassets11.assets,2133,0E3F213A,34602
0,0,COM3D2x64_Data\sharedassets12.assets,2541,7D3B25EB,34602
0,0,COM3D2x64_Data\sharedassets13.assets,2325,76297A5D,34602
0,0,COM3D2x64_Data\sharedassets14.assets,2961,74618755,34602
0,0,COM3D2x64_Data\sharedassets15.assets,553,0CCC5323,34602
0,0,COM3D2x64_Data\sharedassets16.assets,2193,A694D87F,34602
0,0,COM3D2x64_Data\sharedassets17.assets,277,28EBD054,34602
0,0,COM3D2x64_Data\sharedassets18.assets,2877,60D1544C,34602
0,0,COM3D2x64_Data\sharedassets19.assets,2277,C5020354,34602
0,0,COM3D2x64_Data\sharedassets20.assets,8841,42EFD6E2,34602
0,0,COM3D2x64_Data\sharedassets21.assets,2373,5FC3A91E,34602
0,0,COM3D2x64_Data\sharedassets22.assets,8877,8A71DB24,34602
0,0,COM3D2x64_Data\sharedassets23.assets,2361,E47BCB81,34602
0,0,COM3D2x64_Data\sharedassets24.assets,2421,E997206F,34602
0,0,COM3D2x64_Data\sharedassets25.assets,2413,D8F1B820,34602
0,0,COM3D2x64_Data\sharedassets26.assets,3153,DCA97405,34602
0,0,COM3D2x64_Data\sharedassets27.assets,8853,A6643FF6,34602
0,0,COM3D2x64_Data\sharedassets28.assets,2405,C91EC0D2,34602
0,0,COM3D2x64_Data\sharedassets29.assets,8853,A6643FF6,34602
0,0,COM3D2x64_Data\sharedassets30.assets,2125,27A9AE35,34602
0,0,COM3D2x64_Data\sharedassets31.assets,2648,539843C3,34602
0,0,COM3D2x64_Data\sharedassets32.assets,10456,3DD78D6D,34602
0,0,COM3D2x64_Data\sharedassets33.assets,597,DF1CA5CA,34602
0,0,COM3D2x64_Data\sharedassets34.assets,501,44C7C9FD,34602
0,0,COM3D2x64_Data\sharedassets35.assets,505,1481CBEE,34602
0,0,COM3D2x64_Data\sharedassets36.assets,2137,FC4E165F,34602
0,0,COM3D2x64_Data\sharedassets37.assets,8841,045D14D2,34602
0,0,COM3D2x64_Data\sharedassets38.assets,8841,C10124EB,34602
0,0,COM3D2x64_Data\sharedassets39.assets,8841,21B44F2F,34602
0,0,COM3D2x64_Data\sharedassets40.assets,3201,BF511324,34602
0,0,COM3D2x64_Data\sharedassets41.assets,2961,C54AA929,34602
0,0,COM3D2x64_Data\sharedassets42.assets,3381,06E0DFC1,34602
0,0,COM3D2x64_Data\sharedassets43.assets,5565,061E7743,34602
0,0,COM3D2x64_Data\sharedassets44.assets,5673,42BF4510,34602
0,0,COM3D2x64_Data\sharedassets45.assets,5661,FC0D322C,34602
0,0,COM3D2x64_Data\sharedassets46.assets,4653,71B70BB3,34602
0,0,COM3D2x64_Data\sharedassets47.assets,2601,0DEC57E7,34602
0,0,COM3D2x64_Data\sharedassets48.assets,4389,447A7442,34602
0,0,COM3D2x64_Data\sharedassets49.assets,800316,56E1251A,34602
0,0,COM3D2x64_Data\sharedassets49.assets.resS,6507040,06B77963,34602
0,0,COM3D2x64_Data\sharedassets50.assets,8841,FF72D927,34602
0,0,COM3D2x64_Data\sharedassets51.assets,2601,0469C263,34602
0,0,COM3D2x64_Data\sharedassets52.assets,2865,9D09C71C,34602
0,0,COM3D2x64_Data\sharedassets53.assets,2769,E2F65FEF,34602
0,0,COM3D2x64_Data\sharedassets54.assets,2149,2760F5CF,34602
0,0,COM3D2x64_Data\sharedassets55.assets,8925,676B5ED0,34602
0,0,COM3D2x64_Data\sharedassets56.assets,5433,6F7AA4C8,34602
0,0,COM3D2x64_Data\sharedassets57.assets,5469,A7181AA8,34602
0,0,COM3D2x64_Data\sharedassets58.assets,8925,676B5ED0,34602
0,0,COM3D2x64_Data\sharedassets59.assets,5625,C9BFC03F,34602
0,0,COM3D2x64_Data\sharedassets60.assets,5493,326E6172,34602
0,0,COM3D2x64_Data\sharedassets61.assets,5637,DA696478,34602
0,0,COM3D2x64_Data\sharedassets62.assets,5673,42BF4510,34602
0,0,COM3D2x64_Data\sharedassets63.assets,2697,85C1A9D1,34602
0,0,COM3D2x64_Data\sharedassets64.assets,5661,FC0D322C,34602
0,0,COM3D2x64_Data\sharedassets65.assets,6450,404C9D2E,34602
0,0,COM3D2x64_Data\sharedassets65.assets.resS,87408,84350FBB,34602
0,0,COM3D2x64_Data\sharedassets65.resource,41406086,938147B5,34602
0,0,COM3D2x64_Data\sharedassets66.assets,3362,3BCB357F,34602
0,0,COM3D2x64_Data\sharedassets66.resource,36841226,318CE5DA,34602
0,0,COM3D2x64_Data\sharedassets67.assets,3322,5B7C5883,34602
0,0,COM3D2x64_Data\sharedassets67.resource,32680665,5F8810A9,34602
0,0,COM3D2x64_Data\sharedassets68.assets,17266,E050FCC4,34602
0,0,COM3D2x64_Data\sharedassets68.assets.resS,174784,C6783C52,34602
0,0,COM3D2x64_Data\sharedassets68.resource,35964702,CC2B1BFE,34602
0,0,COM3D2x64_Data\sharedassets69.assets,3346,DC3C09FE,34602
0,0,COM3D2x64_Data\sharedassets69.resource,40585017,61D6AACB,34602
0,0,COM3D2x64_Data\sharedassets70.assets,3562,BF87FBAB,34602
0,0,COM3D2x64_Data\sharedassets70.resource,38610538,C2CDB3C3,34602
0,0,COM3D2x64_Data\sharedassets71.assets,3014356,1CF5AA3E,34602
0,0,COM3D2x64_Data\sharedassets71.assets.resS,611744,E0F83BD4,34602
0,0,COM3D2x64_Data\sharedassets72.assets,5769,97D5D72C,34602
0,0,COM3D2x64_Data\sharedassets73.assets,2697,7FB7D0D7,34602
0,0,COM3D2x64_Data\sharedassets74.assets,2697,7FB7D0D7,34602
0,0,COM3D2x64_Data\sharedassets75.assets,2697,7FB7D0D7,34602
0,0,COM3D2x64_Data\sharedassets76.assets,8853,986F4B1F,34602
0,0,COM3D2x64_Data\sharedassets77.assets,5673,7CF556B3,34602
0,0,COM3D2x64_Data\sharedassets78.assets,2613,BB89E2B2,34602
0,0,COM3D2x64_Data\sharedassets79.assets,55760,C46B5C2E,34602
0,0,COM3D2x64_Data\sharedassets79.assets.resS,174784,F8E8E9F8,34602
0,0,COM3D2x64_Data\sharedassets80.assets,2625,3F540091,34602
0,0,COM3D2x64_Data\sharedassets81.assets,2769,7951ED86,34602
0,0,COM3D2x64_Data\sharedassets82.assets,756768,0E32A246,34602
0,0,COM3D2x64_Data\sharedassets82.assets.resS,1310896,5596E62C,34602
0,0,COM3D2x64_Data\sharedassets82.resource,1657856,B35361D0,34602
0,0,COM3D2x64_Data\sharedassets83.assets,5541,72F215C3,34602
0,0,COM3D2x64_Data\sharedassets84.assets,3415164,EC0AF28B,34602
0,0,COM3D2x64_Data\sharedassets84.assets.resS,6226160,5BDA7B19,34602
0,0,COM3D2x64_Data\sharedassets85.assets,2649,2A4BA835,34602
0,0,COM3D2x64_Data\sharedassets86.assets,10101,254C1B68,34602
0,0,COM3D2x64_Data\sharedassets87.assets,5661,FC0D322C,34602
0,0,COM3D2x64_Data\sharedassets88.assets,8877,83D9F648,34602
0,0,COM3D2x64_Data\sharedassets89.assets,5661,0ACC2429,34602
0,0,COM3D2x64_Data\sharedassets90.assets,8841,045D14D2,34602
0,0,COM3D2x64_Data\sharedassets91.assets,5661,FC0D322C,34602
0,0,COM3D2x64_Data\sharedassets92.assets,8877,83D9F648,34602
0,0,COM3D2x64_Data\sharedassets93.assets,6609,AA188301,34602
0,0,COM3D2x64_Data\sharedassets94.assets,2973,9936B3C9,34602
0,0,COM3D2x64_Data\sharedassets95.assets,2481,3424FA40,34602
0,0,COM3D2x64_Data\sharedassets96.assets,7876,C1D15F7B,34602
0,0,COM3D2x64_Data\sharedassets96.resource,2729248,FCB8D689,34602
0,0,COM3D2x64_Data\sharedassets97.assets,7689,394FDB97,34602
0,0,COM3D2x64_Data\sharedassets98.assets,4389,E6C2DF3B,34602
0,0,COM3D2x64_Data\sharedassets99.assets,3753,50A6E3F0,34602
0,0,COM3D2x64_Data\sharedassets100.assets,352924,57E368AC,34602
0,0,COM3D2x64_Data\sharedassets100.assets.resS,2272064,E37F670D,34602
0,0,COM3D2x64_Data\sharedassets100.resource,6236928,E2AEF877,34602
0,0,COM3D2x64_Data\sharedassets101.assets,6568072,3F3120A1,34602
0,0,COM3D2x64_Data\sharedassets101.assets.resS,10944,57B9B85D,34602
0,0,COM3D2x64_Data\sharedassets101.resource,2053248,CCA7A7B1,34602
0,0,COM3D2x64_Data\sharedassets102.assets,6525,ABA27037,34602
0,0,COM3D2x64_Data\sharedassets103.assets,8985,52001D44,34602
0,0,COM3D2x64_Data\sharedassets104.assets,5781,6CFB0087,34602
0,0,COM3D2x64_Data\sharedassets105.assets,5956,327F6D2A,34602
0,0,COM3D2x64_Data\sharedassets105.resource,1239072,9EF23F8B,34602
0,0,COM3D2x64_Data\sharedassets106.assets,9189,1C67C88C,34602
0,0,COM3D2x64_Data\sharedassets107.assets,9045,3F1785AE,34602
0,0,COM3D2x64_Data\sharedassets108.assets,5721,C2C317AB,34602
0,0,COM3D2x64_Data\sharedassets109.assets,9540,21903EAE,34602
0,0,COM3D2x64_Data\sharedassets109.resource,1500320,468304E6,34602
0,0,COM3D2x64_Data\sharedassets110.assets,6081,5CC8D996,34602
0,0,COM3D2x64_Data\sharedassets111.assets,2853,98EC7976,34602
0,0,COM3D2x64_Data\sharedassets112.assets,2853,98EC7976,34602
0,0,COM3D2x64_Data\sharedassets113.assets,2769,247B8C57,34602
0,0,COM3D2x64_Data\sharedassets114.assets,2433,FBF9960D,34602
0,0,COM3D2x64_Data\sharedassets115.assets,2769,247B8C57,34602
0,0,COM3D2x64_Data\sharedassets116.assets,2865,1858959A,34602
0,0,COM3D2x64_Data\sharedassets117.assets,2769,247B8C57,34602
0,0,COM3D2x64_Data\sharedassets118.assets,9021,8356B5C8,34602
0,0,COM3D2x64_Data\sharedassets119.assets,5709,4F2AB022,34602
0,0,COM3D2x64_Data\sharedassets120.assets,393656,C8FECB24,34602
0,0,COM3D2x64_Data\sharedassets120.assets.resS,2184656,EE6A6E48,34602
0,0,COM3D2x64_Data\sharedassets121.assets,5940,D5AED729,34602
0,0,COM3D2x64_Data\sharedassets121.resource,2752064,01AB8E9E,34602
0,0,COM3D2x64_Data\sharedassets122.assets,9117,EF33C5CC,34602
0,0,COM3D2x64_Data\sharedassets123.assets,9105,8E2D2506,34602
0,0,COM3D2x64_Data\sharedassets124.assets,5781,16320FCA,34602
0,0,COM3D2x64_Data\sharedassets125.assets,3316,8CB9B4EB,34602
0,0,COM3D2x64_Data\sharedassets125.resource,6331360,376DAB75,34602
0,0,COM3D2x64_Data\sharedassets126.assets,3189,6F847D0F,34602
0,0,COM3D2x64_Data\sharedassets127.assets,83284,0C174679,34602
0,0,COM3D2x64_Data\sharedassets127.resource,8838560,027F254D,34602
0,0,COM3D2x64_Data\sharedassets128.assets,4341,557D0EA7,34602
0,0,COM3D2x64_Data\sharedassets129.assets,2077,32D677E1,34602
0,0,COM3D2x64_Data\sharedassets130.assets,3933,19BB3943,34602
0,0,COM3D2x64_Data\sharedassets131.assets,7425,0304B121,34602
0,0,COM3D2x64_Data\sharedassets132.assets,4233,F95B7B68,34602
0,0,COM3D2x64_Data\sharedassets133.assets,613456,274FA6AF,34602
0,0,COM3D2x64_Data\sharedassets133.assets.resS,6138656,2613FE39,34602
0,0,COM3D2x64_Data\sharedassets134.assets,2649,E27A8971,34602
0,0,COM3D2x64_Data\sharedassets135.assets,3213,ABCD1F7F,34602
0,0,COM3D2x64_Data\sharedassets136.assets,3117,29C472F7,34602
0,0,COM3D2x64_Data\sharedassets137.assets,3117,29C472F7,34602
0,0,COM3D2x64_Data\sharedassets138.assets,3117,29C472F7,34602
0,0,COM3D2x64_Data\sharedassets139.assets,3117,29C472F7,34602
0,0,COM3D2x64_Data\sharedassets140.assets,3117,29C472F7,34602
0,0,COM3D2x64_Data\sharedassets141.assets,3117,29C472F7,34602
0,0,COM3D2x64_Data\sharedassets142.assets,2769,247B8C57,34602
0,0,COM3D2x64_Data\sharedassets143.assets,2769,247B8C57,34602
0,0,COM3D2x64_Data\sharedassets144.assets,2769,247B8C57,34602
0,0,COM3D2x64_Data\sharedassets145.assets,2769,247B8C57,34602
0,0,COM3D2x64_Data\sharedassets146.assets,2769,247B8C57,34602
0,0,COM3D2x64_Data\sharedassets147.assets,2769,247B8C57,34602
0,0,COM3D2x64_Data\sharedassets148.assets,2769,247B8C57,34602
0,0,COM3D2x64_Data\sharedassets149.assets,3117,29C472F7,34602
0,0,COM3D2x64_Data\sharedassets150.assets,2493,5F24ABA3,34602
0,0,COM3D2x64_Data\sharedassets151.assets,2205,FFF6BE7B,34602
0,0,COM3D2x64_Data\sharedassets152.assets,3477,AA1F9279,34602
0,0,COM3D2x64_Data\sharedassets153.assets,210016,61C06DDE,34602
0,0,COM3D2x64_Data\sharedassets153.assets.resS,174784,F8825DB8,34602
0,0,COM3D2x64_Data\sharedassets154.assets,6588,0343976C,34602
0,0,COM3D2x64_Data\sharedassets155.assets,2493,DE71C714,34602
0,0,COM3D2x64_Data\sharedassets156.assets,2493,EFD3BEA3,34602
0,0,COM3D2x64_Data\sharedassets157.assets,2613,7AD76E42,34602
0,0,MonoBleedingEdge\EmbedRuntime\mono-2.0-bdwgc.dll,7897520,FE7710D9,34602
0,0,MonoBleedingEdge\EmbedRuntime\MonoPosixHelper.dll,611240,4AE2D700,34602
0,0,MonoBleedingEdge\etc\mono\2.0\Browsers\Compat.browser,1605,2E178A0B,34602
0,0,MonoBleedingEdge\etc\mono\2.0\DefaultWsdlHelpGenerator.aspx,60575,95F9D0B4,34602
0,0,MonoBleedingEdge\etc\mono\2.0\machine.config,29066,42543B8B,34602
0,0,MonoBleedingEdge\etc\mono\2.0\settings.map,2622,AD5340F9,34602
0,0,MonoBleedingEdge\etc\mono\2.0\web.config,11635,1A75EBAD,34602
0,0,MonoBleedingEdge\etc\mono\4.0\Browsers\Compat.browser,1605,2E178A0B,34602
0,0,MonoBleedingEdge\etc\mono\4.0\DefaultWsdlHelpGenerator.aspx,60575,95F9D0B4,34602
0,0,MonoBleedingEdge\etc\mono\4.0\machine.config,33598,86F603C4,34602
0,0,MonoBleedingEdge\etc\mono\4.0\settings.map,2622,DC24A240,34602
0,0,MonoBleedingEdge\etc\mono\4.0\web.config,18802,36D8BA3E,34602
0,0,MonoBleedingEdge\etc\mono\4.5\Browsers\Compat.browser,1605,2E178A0B,34602
0,0,MonoBleedingEdge\etc\mono\4.5\DefaultWsdlHelpGenerator.aspx,60575,95F9D0B4,34602
0,0,MonoBleedingEdge\etc\mono\4.5\machine.config,34056,C446A9EB,34602
0,0,MonoBleedingEdge\etc\mono\4.5\settings.map,2622,DC24A240,34602
0,0,MonoBleedingEdge\etc\mono\4.5\web.config,18811,4F48BC13,34602
0,0,MonoBleedingEdge\etc\mono\mconfig\config.xml,25817,80B2033A,34602
0,0,MonoBleedingEdge\etc\mono\browscap.ini,311984,CE6C0AB3,34602
0,0,MonoBleedingEdge\etc\mono\config,3815,88FA6D93,34602
0,0,COM3D2x64.exe,666624,F3BC2450,34603
0,0,UnityCrashHandler64.exe,1185192,C66B68F9,34602
0,0,UnityPlayer.dll,31100840,07C78E1D,34602
share,../com3d2data\GameData\ja\motion_soapempire001_2.arc,GameData\motion_soapempire001_2.arc,35353554,3B230E9D,24603
share,../com3d2data\GameData\ja\voice2.arc,GameData\voice2.arc,980307637,C5765782,24603
share,../com3d2data\GameData\ja_script\script.arc,GameData\script.arc,16989522,4BDB653E,24603
share,../com3d2data\GameData\ja_script\script_omytgc037_2.arc,GameData\script_omytgc037_2.arc,2578,6E7971FA,24602
share,../com3d2data\GameData\ja_script\script_rooftop001_2.arc,GameData\script_rooftop001_2.arc,3122,8E203543,24603
share,../com3d2data\GameData\patch\csv.arc,GameData\csv.arc,46790519,802695FB,24605
share,../com3d2data\GameData\patch\parts_accswim_2.arc,GameData\parts_accswim_2.arc,632583,471CEBD0,24602
share,../com3d2data\GameData\patch\parts_cas010_2.arc,GameData\parts_cas010_2.arc,93958,ADCDBA70,24602
share,../com3d2data\GameData\patch\parts_cas036_2.arc,GameData\parts_cas036_2.arc,15704835,CD57DF9C,24602
share,../com3d2data\GameData\patch\parts_dlc294_2.arc,GameData\parts_dlc294_2.arc,292392,A6792345,24602
share,../com3d2data\GameData\patch\parts_dlc414_2.arc,GameData\parts_dlc414_2.arc,9252949,8653C411,24602
share,../com3d2data\GameData\patch\parts_dlc437_2.arc,GameData\parts_dlc437_2.arc,22395183,B1FD5507,24602
share,../com3d2data\GameData\patch\parts_dlc512_2.arc,GameData\parts_dlc512_2.arc,464857,B5295780,24603
share,../com3d2data\GameData\patch\parts_dlc551_2.arc,GameData\parts_dlc551_2.arc,329289,A347A4A3,24602
share,../com3d2data\GameData\patch\parts2.arc,GameData\parts2.arc,231871098,BE74A278,24602
share,../com3d2data\GameData\patch\paths.dat,GameData\paths.dat,20557,444A7102,24601
share,../com3d2data\GameData\patch\prioritymaterial.arc,GameData\prioritymaterial.arc,884094,AA46A5FC,24602
share,../com3d2data\GameData\patch\system_chronicle_2.arc,GameData\system_chronicle_2.arc,1037290,A3BFB94D,24602
share,../com3d2data\GameData\patch\system2.arc,GameData\system2.arc,113629922,D3104638,24603
share,../com3d2data\GameData_20\material_cas036_2.arc,GameData_20\material_cas036_2.arc,6578,757441C2,1751
share,../com3d2data\GameData_20\material_magazine001_2.arc,GameData_20\material_magazine001_2.arc,10312250,FC1938E9,1751
share,../com3d2data\GameData_20\menu_dlc294_2.arc,GameData_20\menu_dlc294_2.arc,1234,324EC8C6,1751
share,../com3d2data\GameData_20\model_cas010_2.arc,GameData_20\model_cas010_2.arc,92792,23A38F6A,1751
share,../com3d2data\GameData_20\model_cas036_2.arc,GameData_20\model_cas036_2.arc,1489264,436406D4,1751
share,../com3d2data\GameData_20\model_dlc114_2.arc,GameData_20\model_dlc114_2.arc,313631,F9381ABD,1751
share,../com3d2data\GameData_20\model_dlc294_2.arc,GameData_20\model_dlc294_2.arc,89184,DA8FCA88,1751
share,../com3d2data\GameData_20\model_dlc414_2.arc,GameData_20\model_dlc414_2.arc,954847,991E8918,1751
share,../com3d2data\GameData_20\model_dlc437_2.arc,GameData_20\model_dlc437_2.arc,509448,A85B419B,1751
share,../com3d2data\GameData_20\model_dlc551_2.arc,GameData_20\model_dlc551_2.arc,328698,9D6D370C,1751
