0,0,CM3D2.exe,7793664,D44E2FA5,1007
0,0,CM3D2x86.exe,11632128,324F85F4,131
0,0,CM3D2x86_Data\level0,165088,CE4A9C10,1310
0,0,CM3D2x86_Data\level1,168392,3DADF5CA,1310
0,0,CM3D2x86_Data\level10,150816,A9255370,1310
0,0,CM3D2x86_Data\level11,175176,9A4F95A2,1310
0,0,CM3D2x86_Data\level12,151248,BFF2E537,1310
0,0,CM3D2x86_Data\level13,473240,524A03D0,1310
0,0,CM3D2x86_Data\level14,4376,CADE61D2,1310
0,0,CM3D2x86_Data\level15,153896,2B7DF31E,1310
0,0,CM3D2x86_Data\level16,4376,B5A1A073,1310
0,0,CM3D2x86_Data\level17,162256,B4F3FEDC,1310
0,0,CM3D2x86_Data\level18,224968,494DCB93,1310
0,0,CM3D2x86_Data\level19,366096,6F8526A8,1310
0,0,CM3D2x86_Data\level2,367640,76BDADB6,1310
0,0,CM3D2x86_Data\level20,171304,9EDED84D,1310
0,0,CM3D2x86_Data\level21,443688,1681F334,1310
0,0,CM3D2x86_Data\level22,214408,18F01AA4,1310
0,0,CM3D2x86_Data\level23,237184,E064A018,1310
0,0,CM3D2x86_Data\level24,170296,EAEA3A78,1310
0,0,CM3D2x86_Data\level25,552280,4E1F48DF,1310
0,0,CM3D2x86_Data\level26,640960,0E6AE91E,1310
0,0,CM3D2x86_Data\level27,431480,8FC35FF9,1310
0,0,CM3D2x86_Data\level3,488752,39E6B459,1310
0,0,CM3D2x86_Data\level4,558632,F5D92421,1310
0,0,CM3D2x86_Data\level5,151240,56C9DBF7,1310
0,0,CM3D2x86_Data\level6,298432,08484512,1310
0,0,CM3D2x86_Data\level7,191664,3F8FC00F,1310
0,0,CM3D2x86_Data\level8,187856,954D8D94,1310
0,0,CM3D2x86_Data\level9,160848,4897FF93,1310
0,0,CM3D2x86_Data\mainData,987288,57D14039,1310
0,0,CM3D2x86_Data\PlayerConnectionConfigFile,21,DC006A7A,1310
0,0,CM3D2x86_Data\resources.assets,224838680,2BBC2265,1310
0,0,CM3D2x86_Data\sharedassets0.assets,237163536,3CD2A8B2,1310
0,0,CM3D2x86_Data\sharedassets1.assets,6649276,73AB793D,1310
0,0,CM3D2x86_Data\sharedassets10.assets,5272,FCBDE1F4,1310
0,0,CM3D2x86_Data\sharedassets11.assets,466324,6118C264,1310
0,0,CM3D2x86_Data\sharedassets12.assets,5296,E02277E0,1310
0,0,CM3D2x86_Data\sharedassets13.assets,927416,B2DCD6C5,1310
0,0,CM3D2x86_Data\sharedassets14.assets,2458064,ABC3E8F8,1310
0,0,CM3D2x86_Data\sharedassets15.assets,4112,EB60A5B0,1310
0,0,CM3D2x86_Data\sharedassets16.assets,4200912,F2A9D58A,1310
0,0,CM3D2x86_Data\sharedassets17.assets,4112,E562B0D6,1310
0,0,CM3D2x86_Data\sharedassets18.assets,49276704,35047826,1310
0,0,CM3D2x86_Data\sharedassets19.assets,3691764,AC116C9A,1310
0,0,CM3D2x86_Data\sharedassets2.assets,3514212,4F7910D7,1310
0,0,CM3D2x86_Data\sharedassets20.assets,1587644,3211A39C,1310
0,0,CM3D2x86_Data\sharedassets21.assets,5336,4F955E91,1310
0,0,CM3D2x86_Data\sharedassets22.assets,72640,648382E4,1310
0,0,CM3D2x86_Data\sharedassets23.assets,5424,A469F158,1310
0,0,CM3D2x86_Data\sharedassets24.assets,5344,FBDF5F44,1310
0,0,CM3D2x86_Data\sharedassets25.assets,5344,2906933B,1310
0,0,CM3D2x86_Data\sharedassets26.assets,1423756,046F02DF,1310
0,0,CM3D2x86_Data\sharedassets27.assets,5648,BE31DD28,1310
0,0,CM3D2x86_Data\sharedassets28.assets,39509480,CCA57798,1310
0,0,CM3D2x86_Data\sharedassets3.assets,16005664,7ED170A3,1310
0,0,CM3D2x86_Data\sharedassets4.assets,36843908,1F502F08,1310
0,0,CM3D2x86_Data\sharedassets5.assets,6952156,257CFF0B,1310
0,0,CM3D2x86_Data\sharedassets6.assets,503352,5F0F8108,1310
0,0,CM3D2x86_Data\sharedassets7.assets,5472,75BDDC19,1310
0,0,CM3D2x86_Data\sharedassets8.assets,355452,4FAB0A79,1310
0,0,CM3D2x86_Data\sharedassets9.assets,11891564,DC28049F,1310
0,0,CM3D2x86_Data\Managed\Accessibility.dll,10752,C80413DC,1310
0,0,CM3D2x86_Data\Managed\Assembly-CSharp-firstpass.dll,171520,1AFA5A7D,1310
0,0,CM3D2x86_Data\Managed\Assembly-CSharp.dll,2054656,B95CFB88,1310
0,0,CM3D2x86_Data\Managed\Assembly-UnityScript-firstpass.dll,65024,CCC18543,1310
0,0,CM3D2x86_Data\Managed\Boo.Lang.dll,126976,E379C12B,1310
0,0,CM3D2x86_Data\Managed\JsonFx.Json.dll,70144,A0F0CFCB,1310
0,0,CM3D2x86_Data\Managed\Mono.Data.Tds.dll,96256,10E297D4,1310
0,0,CM3D2x86_Data\Managed\Mono.Posix.dll,184320,82B6C163,1310
0,0,CM3D2x86_Data\Managed\Mono.Security.dll,294912,C759B90F,1310
0,0,CM3D2x86_Data\Managed\Mono.WebBrowser.dll,172032,3BD66294,1310
0,0,CM3D2x86_Data\Managed\mscorlib.dll,2590208,54064D59,1310
0,0,CM3D2x86_Data\Managed\System.Configuration.dll,124928,CA10261D,1310
0,0,CM3D2x86_Data\Managed\System.Core.dll,300032,615F5AFE,1310
0,0,CM3D2x86_Data\Managed\System.Data.dll,856064,E7FF9373,1310
0,0,CM3D2x86_Data\Managed\System.dll,1678848,0F9C1035,1310
0,0,CM3D2x86_Data\Managed\System.Drawing.Design.dll,29696,E7B53FF9,1310
0,0,CM3D2x86_Data\Managed\System.Drawing.dll,448512,C4B2E872,1310
0,0,CM3D2x86_Data\Managed\System.EnterpriseServices.dll,46592,4FFDA4D6,1310
0,0,CM3D2x86_Data\Managed\System.Security.dll,135168,B020F0F1,1310
0,0,CM3D2x86_Data\Managed\System.Transactions.dll,27648,E3B069A5,1310
0,0,CM3D2x86_Data\Managed\System.Windows.Forms.dll,3053568,56394001,1310
0,0,CM3D2x86_Data\Managed\System.Xml.dll,1270272,C76991B8,1310
0,0,CM3D2x86_Data\Managed\System.Xml.Linq.dll,106496,1E91F41B,1310
0,0,CM3D2x86_Data\Managed\UnityEngine.dll,614912,EDA0EE35,1310
0,0,CM3D2x86_Data\Managed\UnityEngine.UI.dll,176128,59066003,1310
0,0,CM3D2x86_Data\Managed\UnityScript.Lang.dll,14336,7309FF69,1310
0,0,CM3D2x86_Data\Mono\mono.dll,2103296,6E4591F8,1310
0,0,CM3D2x86_Data\Mono\etc\mono\browscap.ini,311984,CE6C0AB3,1310
0,0,CM3D2x86_Data\Mono\etc\mono\config,1691,A635914A,1310
0,0,CM3D2x86_Data\Mono\etc\mono\1.0\DefaultWsdlHelpGenerator.aspx,58196,10E814BF,1310
0,0,CM3D2x86_Data\Mono\etc\mono\1.0\machine.config,17259,82F1AD8B,1310
0,0,CM3D2x86_Data\Mono\etc\mono\2.0\DefaultWsdlHelpGenerator.aspx,60453,F3869A34,1310
0,0,CM3D2x86_Data\Mono\etc\mono\2.0\machine.config,27626,4F6C3F79,1310
0,0,CM3D2x86_Data\Mono\etc\mono\2.0\settings.map,2618,A1A3C29F,1310
0,0,CM3D2x86_Data\Mono\etc\mono\2.0\web.config,11686,534A9960,1310
0,0,CM3D2x86_Data\Mono\etc\mono\2.0\Browsers\Compat.browser,1605,2E178A0B,1310
0,0,CM3D2x86_Data\Mono\etc\mono\mconfig\config.xml,25817,80B2033A,1310
0,0,CM3D2x86_Data\Plugins\cm3d2_x86.dll,1307648,DDFFECE1,1310
0,0,CM3D2x86_Data\Plugins\device_hook.dll,77312,7EEF9868,1310
0,0,CM3D2x86_Data\Resources\unity default resources,1571709,31020360,1310
0,0,CM3D2x86_Data\Resources\unity_builtin_extra,372672,B51FCBBC,1310
0,0,GameData\bg_pp001_2.arc,1237157,C9D912F7,1220
0,0,GameData\csv.arc,2021472,1193AE15,1310
0,0,GameData\csv_addpose001.arc,1235,D06FCA6D,1220
0,0,GameData\csv_vp001_2.arc,2082,25E58CEB,1160
0,0,GameData\material2.arc,196884,BED668DB,1220
0,0,GameData\material_denkigai2015s003_2.arc,7106,0C82D791,1150
0,0,GameData\material_dlc055_2.arc,5282,11A93109,1280
0,0,GameData\material_dlsite_2.arc,1762,C5A837EA,1150
0,0,GameData\material_shop001_2.arc,1762,D98CED1C,1150
0,0,GameData\material_shop002_2.arc,1762,956BB00E,1150
0,0,GameData\material_shop003_2.arc,1762,38CEBFF2,1150
0,0,GameData\material_shop005_2.arc,1714,3E621A32,1150
0,0,GameData\material_shop007_2.arc,2578,C8CE627C,1150
0,0,GameData\material_vp001_2.arc,9554,066C9CA9,1150
0,0,GameData\material_yomeido003_2.arc,1522,0689A7AC,1240
0,0,GameData\menu2.arc,223728,517493E9,1310
0,0,GameData\menu_denkigai2015s001_2.arc,6594,8B3E849F,1160
0,0,GameData\menu_denkigai2015s003_2.arc,4338,D294CE88,1150
0,0,GameData\menu_dlc026_2.arc,3778,69453D54,1190
0,0,GameData\menu_dlc028_2.arc,3874,DE3F1C31,1200
0,0,GameData\menu_dlc061_2.arc,3810,F99C1D4E,1290
0,0,GameData\menu_dlsite_2.arc,1954,B2268BA7,1150
0,0,GameData\menu_personal002_2.arc,1282,5687650C,1310
0,0,GameData\menu_shop001_2.arc,3314,35207C87,1150
0,0,GameData\menu_shop005_2.arc,1378,0C9AF725,1150
0,0,GameData\menu_vp001_2.arc,18546,5FFF33DA,1150
0,0,GameData\menu_yomeido003_2.arc,1234,4D6F619D,1240
0,0,GameData\menu_yomeidogp_wedding_2.arc,1266,A1CA3BA5,1290
0,0,GameData\model2.arc,12131735,DE965C29,1270
0,0,GameData\model_denkigai2015s003_2.arc,394665,41A48185,1150
0,0,GameData\model_dlc005_2.arc,175424,F7DD7D82,1270
0,0,GameData\model_dlc046_2.arc,155690,83B34173,1220
0,0,GameData\model_dlsite_2.arc,197173,24366C43,1150
0,0,GameData\model_shop001_2.arc,115215,9C941FAF,1150
0,0,GameData\model_shop002_2.arc,251253,743C3D97,1150
0,0,GameData\model_shop003_2.arc,185433,A15EC70A,1150
0,0,GameData\model_shop005_2.arc,150103,FB5341FA,1150
0,0,GameData\model_shop007_2.arc,288759,80615CBD,1150
0,0,GameData\model_vp001_2.arc,290407,A19508D6,1150
0,0,GameData\motion2.arc,65216957,6B7F00D2,1270
0,0,GameData\motion_addpose001.arc,902194,517CF6C8,1220
0,0,GameData\motion_pp001_2.arc,615858,0E432519,1220
0,0,GameData\motion_vp001_2.arc,141579,7857F9CD,1160
0,0,GameData\paths.dat,1775,A7C8D802,1310
0,0,GameData\prioritymaterial.arc,111276,76884F48,1310
0,0,GameData\script.arc,13220703,36B7D7EE,1310
0,0,GameData\script_addpose001.arc,1194,9F2EDF3C,1220
0,0,GameData\script_denkigai2015w_2.arc,40178,8634EE8F,1220
0,0,GameData\script_denkigai2015wPants_2.arc,12658,57896547,1220
0,0,GameData\script_personal001_2.arc,2696467,A7340AC6,1310
0,0,GameData\script_personal002_2.arc,85484,8C29135C,1310
0,0,GameData\script_pp001_2.arc,125957,E8FFB47F,1290
0,0,GameData\sound2.arc,7402763,5D761564,1170
0,0,GameData\texture3.arc,7681569,8D7CB462,1310
0,0,GameData\texture_addpose001.arc,23943,1D529A44,1220
0,0,GameData\texture_dlc004_2.arc,4805734,C8E5CFB4,1200
0,0,GameData\texture_dlc046_2.arc,596960,FC606BA5,1220
0,0,GameData\texture_vp001_2.arc,562695,D458C6A6,1300
0,0,GameData\texture_yomeido003_2.arc,117248,0EE72B42,1240
0,0,GameData\voice3.arc,101849461,061F0890,1250
0,0,manual\data\004.png,699424,54A4DC50,1010
0,0,manual\data\007.png,453984,97E623F5,1010
0,0,manual\data\008.png,553674,7B23C3DF,1010
0,0,manual\data\013.png,673884,992CEEC5,1010
0,0,PhotoModeData\Mod\Motion\readme.txt,146,3BF5AF4D,1220
0,0,Preset\1_junshin.preset,43021,0D00795A,1010
0,0,Preset\2_coodere.preset,43516,E9EBB0F2,1010
0,0,Preset\3_tsundere.preset,48900,D0EF8B9E,1010
0,0,Preset\4_default.preset,43697,C5E392BE,1010
0,0,Preset\5_pretty_junshin.preset,40739,D9262BEF,1010
0,0,Preset\6_pretty_coodere.preset,39554,E54D5766,1010
0,0,Preset\7_pretty_tsundere.preset,38235,CA8437BB,1010
0,0,Preset\8_ren_1_yosiko.preset,55432,D54FD70C,1220
0,0,Preset\8_ren_2_ayumi.preset,51097,3C44F9DB,1220
0,0,Preset\8_ren_3_sakura.preset,52635,33F54D90,1220
0,0,Preset\8_ren_4_ai.preset,46819,9B6E5960,1220