0,0,COM3D2OHx64_Data\app.info,42,6CD75754,1550
0,0,COM3D2OHx64_Data\globalgamemanagers,4489236,87071661,1550
0,0,COM3D2OHx64_Data\globalgamemanagers.assets,244188,6E240F6C,1550
0,0,COM3D2OHx64_Data\level0,325500,D59F2276,1550
0,0,COM3D2OHx64_Data\level1,348644,6A23413C,1550
0,0,COM3D2OHx64_Data\level10,696852,EC192EC6,1550
0,0,COM3D2OHx64_Data\level100,1135900,F5C3F899,1550
0,0,COM3D2OHx64_Data\level101,1223340,B804EDBD,1550
0,0,COM3D2OHx64_Data\level102,1414668,6D7FF1DA,1550
0,0,COM3D2OHx64_Data\level103,1320396,88C041FC,1550
0,0,COM3D2OHx64_Data\level11,7476,EC318985,1550
0,0,COM3D2OHx64_Data\level12,327956,5FFAF8F4,1550
0,0,COM3D2OHx64_Data\level13,4664,7F3611DC,1550
0,0,COM3D2OHx64_Data\level14,344644,BD057856,1550
0,0,COM3D2OHx64_Data\level15,334340,54EE32F6,1550
0,0,COM3D2OHx64_Data\level16,955508,712BB0F6,1550
0,0,COM3D2OHx64_Data\level17,427164,A43E9259,1550
0,0,COM3D2OHx64_Data\level18,1085148,53185E22,1550
0,0,COM3D2OHx64_Data\level19,410644,81FCB68E,1550
0,0,COM3D2OHx64_Data\level2,740276,0AD3F1D0,1550
0,0,COM3D2OHx64_Data\level20,2187796,41C66736,1550
0,0,COM3D2OHx64_Data\level21,1115156,5A28E231,1550
0,0,COM3D2OHx64_Data\level22,1088428,CF0D65DD,1550
0,0,COM3D2OHx64_Data\level23,447716,0968567C,1550
0,0,COM3D2OHx64_Data\level24,27904,C6F0669A,1550
0,0,COM3D2OHx64_Data\level24.resS,131232,851AC384,1550
0,0,COM3D2OHx64_Data\level25,51676,1C16211E,1550
0,0,COM3D2OHx64_Data\level26,56036,F9B87FDF,1550
0,0,COM3D2OHx64_Data\level27,6832,5D7DDB30,1550
0,0,COM3D2OHx64_Data\level28,326404,24C0EB69,1550
0,0,COM3D2OHx64_Data\level29,1576476,7E366B0F,1550
0,0,COM3D2OHx64_Data\level3,1212972,24FC158F,1550
0,0,COM3D2OHx64_Data\level30,1433108,9657F895,1550
0,0,COM3D2OHx64_Data\level31,1454708,45A60B2E,1550
0,0,COM3D2OHx64_Data\level32,1349940,4A8C5B52,1550
0,0,COM3D2OHx64_Data\level33,1414396,C9CA4B13,1550
0,0,COM3D2OHx64_Data\level34,1539820,F4AEE7D9,1550
0,0,COM3D2OHx64_Data\level35,1276804,7FCE92E4,1550
0,0,COM3D2OHx64_Data\level36,1027428,F18ABDDF,1550
0,0,COM3D2OHx64_Data\level37,1034668,E1F294B4,1550
0,0,COM3D2OHx64_Data\level38,1276804,CE595810,1550
0,0,COM3D2OHx64_Data\level39,1157364,3CCFA58F,1550
0,0,COM3D2OHx64_Data\level4,1301084,149B2B8C,1550
0,0,COM3D2OHx64_Data\level40,945980,A32DE928,1550
0,0,COM3D2OHx64_Data\level41,1232372,94CDF840,1550
0,0,COM3D2OHx64_Data\level42,1374844,93A48C8A,1550
0,0,COM3D2OHx64_Data\level43,1333388,6BDE731F,1550
0,0,COM3D2OHx64_Data\level44,918196,CF0D8068,1550
0,0,COM3D2OHx64_Data\level45,401332,67C224C8,1550
0,0,COM3D2OHx64_Data\level46,397700,AB1D7217,1550
0,0,COM3D2OHx64_Data\level47,441412,8EDD4EE5,1550
0,0,COM3D2OHx64_Data\level48,463540,57152902,1550
0,0,COM3D2OHx64_Data\level49,391940,A3E0A265,1550
0,0,COM3D2OHx64_Data\level5,326996,07F02B80,1550
0,0,COM3D2OHx64_Data\level50,451900,2723F08F,1550
0,0,COM3D2OHx64_Data\level51,1040340,B3F2BEB4,1550
0,0,COM3D2OHx64_Data\level52,964740,DBE6DEC3,1550
0,0,COM3D2OHx64_Data\level53,444620,C2FFA7BF,1550
0,0,COM3D2OHx64_Data\level54,466764,6E353D36,1550
0,0,COM3D2OHx64_Data\level55,457348,5A304BEB,1550
0,0,COM3D2OHx64_Data\level56,1044748,9A6EA791,1550
0,0,COM3D2OHx64_Data\level57,1005020,87E491AA,1550
0,0,COM3D2OHx64_Data\level58,450396,865EE1E8,1550
0,0,COM3D2OHx64_Data\level59,434916,A97BA1BB,1550
0,0,COM3D2OHx64_Data\level6,417156,7B3821C6,1550
0,0,COM3D2OHx64_Data\level60,416588,84DA3678,1550
0,0,COM3D2OHx64_Data\level61,1384140,5005E6E2,1550
0,0,COM3D2OHx64_Data\level62,1324892,844B29C3,1550
0,0,COM3D2OHx64_Data\level63,503412,631F2F61,1550
0,0,COM3D2OHx64_Data\level64,405516,2C792207,1550
0,0,COM3D2OHx64_Data\level65,1252908,14C25F1F,1550
0,0,COM3D2OHx64_Data\level66,970740,CFBE8D11,1550
0,0,COM3D2OHx64_Data\level67,1429212,74CF6BB7,1550
0,0,COM3D2OHx64_Data\level68,1370364,A7D6E97A,1550
0,0,COM3D2OHx64_Data\level69,1576484,E572731F,1550
0,0,COM3D2OHx64_Data\level7,326012,160F82E5,1550
0,0,COM3D2OHx64_Data\level70,1539828,41DE0FE0,1550
0,0,COM3D2OHx64_Data\level71,1371516,E79EBE48,1550
0,0,COM3D2OHx64_Data\level72,1337460,14C549A0,1550
0,0,COM3D2OHx64_Data\level73,426468,808D5CD7,1550
0,0,COM3D2OHx64_Data\level74,406900,6FC2A547,1550
0,0,COM3D2OHx64_Data\level75,1050620,A6EF7CBF,1550
0,0,COM3D2OHx64_Data\level76,851908,8418CB94,1550
0,0,COM3D2OHx64_Data\level77,958676,7A8B2F3F,1550
0,0,COM3D2OHx64_Data\level78,852868,73019798,1550
0,0,COM3D2OHx64_Data\level79,1030236,7C00D479,1550
0,0,COM3D2OHx64_Data\level8,393460,9259D921,1550
0,0,COM3D2OHx64_Data\level80,1693596,42904952,1550
0,0,COM3D2OHx64_Data\level81,1644668,72AF03C2,1550
0,0,COM3D2OHx64_Data\level82,1113444,C475407A,1550
0,0,COM3D2OHx64_Data\level83,1057116,145D15EA,1550
0,0,COM3D2OHx64_Data\level84,1512572,308ACBE7,1550
0,0,COM3D2OHx64_Data\level85,1611500,998AF25E,1550
0,0,COM3D2OHx64_Data\level86,1055012,ECB9A09E,1550
0,0,COM3D2OHx64_Data\level87,970556,2B6E7E74,1550
0,0,COM3D2OHx64_Data\level88,1679508,6EACA52D,1550
0,0,COM3D2OHx64_Data\level89,1576316,0AB88884,1550
0,0,COM3D2OHx64_Data\level9,329124,2036DC5E,1550
0,0,COM3D2OHx64_Data\level90,468052,ACBC7394,1550
0,0,COM3D2OHx64_Data\level91,487828,619052AF,1550
0,0,COM3D2OHx64_Data\level92,576316,1C176287,1550
0,0,COM3D2OHx64_Data\level93,535428,45C9655E,1550
0,0,COM3D2OHx64_Data\level93.resS,131232,9337BCA3,1550
0,0,COM3D2OHx64_Data\level94,463108,834D6C2A,1550
0,0,COM3D2OHx64_Data\level95,562324,5DCD1A1C,1550
0,0,COM3D2OHx64_Data\level96,486428,478E8884,1550
0,0,COM3D2OHx64_Data\level97,1399932,BFDA3AE4,1550
0,0,COM3D2OHx64_Data\level98,1476764,4C0C4997,1550
0,0,COM3D2OHx64_Data\level99,1304868,D70F7C0E,1550
0,0,COM3D2OHx64_Data\resources.assets,432218664,49D60DB5,1550
0,0,COM3D2OHx64_Data\resources.assets.resS,1797170652,9D87D8D0,1550
0,0,COM3D2OHx64_Data\resources.resource,727392,54F90BDA,1550
0,0,COM3D2OHx64_Data\sharedassets0.assets,115226516,E18EC20E,1550
0,0,COM3D2OHx64_Data\sharedassets0.assets.resS,28071636,A1AB9432,1550
0,0,COM3D2OHx64_Data\sharedassets1.assets,6256,F62A919E,1550
0,0,COM3D2OHx64_Data\sharedassets10.assets,6652,7AFBF667,1550
0,0,COM3D2OHx64_Data\sharedassets100.assets,9684,B6A9A271,1550
0,0,COM3D2OHx64_Data\sharedassets100.resource,2751968,AE761A89,1550
0,0,COM3D2OHx64_Data\sharedassets101.assets,12832,1F371A16,1550
0,0,COM3D2OHx64_Data\sharedassets102.assets,12904,18ED0BB0,1550
0,0,COM3D2OHx64_Data\sharedassets103.assets,9580,47A578ED,1550
0,0,COM3D2OHx64_Data\sharedassets11.assets,4564,791DCEC6,1550
0,0,COM3D2OHx64_Data\sharedassets12.assets,6148,C070DA46,1550
0,0,COM3D2OHx64_Data\sharedassets13.assets,4132,46590F49,1550
0,0,COM3D2OHx64_Data\sharedassets14.assets,6868,970EA167,1550
0,0,COM3D2OHx64_Data\sharedassets15.assets,6232,69425FEF,1550
0,0,COM3D2OHx64_Data\sharedassets16.assets,30936228,41ACC6EC,1550
0,0,COM3D2OHx64_Data\sharedassets17.assets,6292,477A5A88,1550
0,0,COM3D2OHx64_Data\sharedassets18.assets,48052084,C542150C,1550
0,0,COM3D2OHx64_Data\sharedassets19.assets,6316,E1FB8587,1550
0,0,COM3D2OHx64_Data\sharedassets2.assets,6556,B0DDFDAF,1550
0,0,COM3D2OHx64_Data\sharedassets20.assets,7096,4304D4F9,1550
0,0,COM3D2OHx64_Data\sharedassets21.assets,39516300,5A99B01B,1550
0,0,COM3D2OHx64_Data\sharedassets22.assets,12652,8E2BAB69,1550
0,0,COM3D2OHx64_Data\sharedassets23.assets,18126856,D12D83B4,1550
0,0,COM3D2OHx64_Data\sharedassets24.assets,12328,A1B2448F,1550
0,0,COM3D2OHx64_Data\sharedassets25.assets,4420,DBD1FD83,1550
0,0,COM3D2OHx64_Data\sharedassets26.assets,4324,85E9946F,1550
0,0,COM3D2OHx64_Data\sharedassets27.assets,4264,3DFA374C,1550
0,0,COM3D2OHx64_Data\sharedassets28.assets,6124,AB09F98D,1550
0,0,COM3D2OHx64_Data\sharedassets29.assets,145550524,D05B4859,1550
0,0,COM3D2OHx64_Data\sharedassets3.assets,12904,52931E92,1550
0,0,COM3D2OHx64_Data\sharedassets30.assets,135254524,0AA68F57,1550
0,0,COM3D2OHx64_Data\sharedassets31.assets,127532524,44A67C49,1550
0,0,COM3D2OHx64_Data\sharedassets32.assets,9376,7F4BEC2C,1550
0,0,COM3D2OHx64_Data\sharedassets33.assets,9484,A47B471C,1550
0,0,COM3D2OHx64_Data\sharedassets34.assets,9472,50089061,1550
0,0,COM3D2OHx64_Data\sharedassets35.assets,128819604,98837AC8,1550
0,0,COM3D2OHx64_Data\sharedassets36.assets,9244,913DF79A,1550
0,0,COM3D2OHx64_Data\sharedassets37.assets,9268,C0BE136D,1550
0,0,COM3D2OHx64_Data\sharedassets38.assets,12700,78AACC17,1550
0,0,COM3D2OHx64_Data\sharedassets39.assets,9472,E5D1B95E,1550
0,0,COM3D2OHx64_Data\sharedassets4.assets,7156,F72A67FF,1550
0,0,COM3D2OHx64_Data\sharedassets40.assets,9280,3DA65DC6,1550
0,0,COM3D2OHx64_Data\sharedassets41.assets,9448,3262B807,1550
0,0,COM3D2OHx64_Data\sharedassets42.assets,141689524,0A57B87A,1550
0,0,COM3D2OHx64_Data\sharedassets43.assets,9484,3445BC90,1550
0,0,COM3D2OHx64_Data\sharedassets44.assets,9448,5456A934,1550
0,0,COM3D2OHx64_Data\sharedassets45.assets,42236540,7FAD819D,1550
0,0,COM3D2OHx64_Data\sharedassets45.assets.resS,87400,8BA6C322,1550
0,0,COM3D2OHx64_Data\sharedassets46.assets,38246508,175A60AC,1550
0,0,COM3D2OHx64_Data\sharedassets47.assets,32874604,ED5AF91B,1550
0,0,COM3D2OHx64_Data\sharedassets48.assets,36735684,151636E3,1550
0,0,COM3D2OHx64_Data\sharedassets48.assets.resS,174776,5B619AF1,1550
0,0,COM3D2OHx64_Data\sharedassets49.assets,41277360,CD22D247,1550
0,0,COM3D2OHx64_Data\sharedassets5.assets,6136,D8945773,1550
0,0,COM3D2OHx64_Data\sharedassets50.assets,39399112,9D149C45,1550
0,0,COM3D2OHx64_Data\sharedassets51.assets,3017132,A079C7F5,1550
0,0,COM3D2OHx64_Data\sharedassets51.assets.resS,611728,7BFBEAAE,1550
0,0,COM3D2OHx64_Data\sharedassets52.assets,9496,34B46941,1550
0,0,COM3D2OHx64_Data\sharedassets53.assets,6508,AAF33CE4,1550
0,0,COM3D2OHx64_Data\sharedassets54.assets,6508,AAF33CE4,1550
0,0,COM3D2OHx64_Data\sharedassets55.assets,6508,AAF33CE4,1550
0,0,COM3D2OHx64_Data\sharedassets56.assets,12592,E1B37E88,1550
0,0,COM3D2OHx64_Data\sharedassets57.assets,9448,48EF7D9B,1550
0,0,COM3D2OHx64_Data\sharedassets58.assets,6472,32848D76,1550
0,0,COM3D2OHx64_Data\sharedassets59.assets,59364,0230AA35,1550
0,0,COM3D2OHx64_Data\sharedassets59.assets.resS,174776,B51EE5DC,1550
0,0,COM3D2OHx64_Data\sharedassets6.assets,7096,5AFD85F0,1550
0,0,COM3D2OHx64_Data\sharedassets60.assets,6484,747C60E4,1550
0,0,COM3D2OHx64_Data\sharedassets61.assets,759648,E027B672,1550
0,0,COM3D2OHx64_Data\sharedassets61.assets.resS,1310880,58801C35,1550
0,0,COM3D2OHx64_Data\sharedassets61.resource,1178176,90268BF4,1550
0,0,COM3D2OHx64_Data\sharedassets62.assets,9316,255D34E2,1550
0,0,COM3D2OHx64_Data\sharedassets63.assets,52838324,7BAF2098,1550
0,0,COM3D2OHx64_Data\sharedassets63.assets.resS,6226112,B3E98769,1550
0,0,COM3D2OHx64_Data\sharedassets64.assets,6580,EC8176DD,1550
0,0,COM3D2OHx64_Data\sharedassets65.assets,13840,B7A2E43C,1550
0,0,COM3D2OHx64_Data\sharedassets66.assets,9436,D6285EBB,1550
0,0,COM3D2OHx64_Data\sharedassets67.assets,12604,D0D06E32,1550
0,0,COM3D2OHx64_Data\sharedassets68.assets,9424,B4B4BD7B,1550
0,0,COM3D2OHx64_Data\sharedassets69.assets,12616,3DDD4BE3,1550
0,0,COM3D2OHx64_Data\sharedassets7.assets,6088,54D82D88,1550
0,0,COM3D2OHx64_Data\sharedassets70.assets,9472,50089061,1550
0,0,COM3D2OHx64_Data\sharedassets71.assets,12604,D0D06E32,1550
0,0,COM3D2OHx64_Data\sharedassets72.assets,10372,EC1484B2,1550
0,0,COM3D2OHx64_Data\sharedassets73.assets,6928,F497D7BC,1550
0,0,COM3D2OHx64_Data\sharedassets74.assets,6436,9DD85714,1550
0,0,COM3D2OHx64_Data\sharedassets75.assets,11692,CCABFD97,1550
0,0,COM3D2OHx64_Data\sharedassets75.resource,2729184,2D4064D6,1550
0,0,COM3D2OHx64_Data\sharedassets76.assets,11560,CEDCD26E,1550
0,0,COM3D2OHx64_Data\sharedassets77.assets,8296,A209A358,1550
0,0,COM3D2OHx64_Data\sharedassets78.assets,7612,ED84CC8B,1550
0,0,COM3D2OHx64_Data\sharedassets79.assets,353884,34154CE2,1550
0,0,COM3D2OHx64_Data\sharedassets79.assets.resS,2272048,E50143CB,1550
0,0,COM3D2OHx64_Data\sharedassets79.resource,6236800,C7E9CFDE,1550
0,0,COM3D2OHx64_Data\sharedassets8.assets,6328,5155D07C,1550
0,0,COM3D2OHx64_Data\sharedassets80.assets,6568288,E5DC2BA0,1550
0,0,COM3D2OHx64_Data\sharedassets80.assets.resS,10936,3B0D7ADF,1550
0,0,COM3D2OHx64_Data\sharedassets80.resource,1136352,956B5452,1550
0,0,COM3D2OHx64_Data\sharedassets81.assets,10240,CC856DD3,1550
0,0,COM3D2OHx64_Data\sharedassets82.assets,12784,B8FE2FFF,1550
0,0,COM3D2OHx64_Data\sharedassets83.assets,9580,900DF868,1550
0,0,COM3D2OHx64_Data\sharedassets84.assets,9700,59325876,1550
0,0,COM3D2OHx64_Data\sharedassets84.resource,1003968,52A085C2,1550
0,0,COM3D2OHx64_Data\sharedassets85.assets,12904,13D251E9,1550
0,0,COM3D2OHx64_Data\sharedassets86.assets,12844,172345B8,1550
0,0,COM3D2OHx64_Data\sharedassets87.assets,9520,C307E3C8,1550
0,0,COM3D2OHx64_Data\sharedassets88.assets,13292,3048A4F1,1550
0,0,COM3D2OHx64_Data\sharedassets88.resource,1166848,2709F6C2,1550
0,0,COM3D2OHx64_Data\sharedassets89.assets,9832,640A5B76,1550
0,0,COM3D2OHx64_Data\sharedassets9.assets,6232,C66CC58D,1550
0,0,COM3D2OHx64_Data\sharedassets90.assets,6652,51CCBEC8,1550
0,0,COM3D2OHx64_Data\sharedassets91.assets,6652,51CCBEC8,1550
0,0,COM3D2OHx64_Data\sharedassets92.assets,6616,E055A8B6,1550
0,0,COM3D2OHx64_Data\sharedassets93.assets,6340,8724F95E,1550
0,0,COM3D2OHx64_Data\sharedassets94.assets,6616,E055A8B6,1550
0,0,COM3D2OHx64_Data\sharedassets95.assets,6712,9C54BF89,1550
0,0,COM3D2OHx64_Data\sharedassets96.assets,6616,E055A8B6,1550
0,0,COM3D2OHx64_Data\sharedassets97.assets,153076504,FDD26106,1550
0,0,COM3D2OHx64_Data\sharedassets98.assets,9508,CB10B845,1550
0,0,COM3D2OHx64_Data\sharedassets99.assets,394864,72C6C925,1550
0,0,COM3D2OHx64_Data\sharedassets99.assets.resS,2184640,DF887086,1550
0,0,COM3D2OHx64_Data\Managed\Accessibility.dll,10752,5CB31E4E,1550
0,0,COM3D2OHx64_Data\Managed\Assembly-CSharp-firstpass.dll,791040,EE9DBFED,1550
0,0,COM3D2OHx64_Data\Managed\Assembly-CSharp.dll,5535232,1F63ADFF,1550
0,0,COM3D2OHx64_Data\Managed\Assembly-UnityScript-firstpass.dll,65024,48834E83,1550
0,0,COM3D2OHx64_Data\Managed\Boo.Lang.dll,126976,28383F70,1550
0,0,COM3D2OHx64_Data\Managed\BouncyCastle.Crypto.dll,2236416,5A4C4F07,1550
0,0,COM3D2OHx64_Data\Managed\FoveUnityPlugin.dll,28672,A6EA882B,1550
0,0,COM3D2OHx64_Data\Managed\ICSharpCode.SharpZipLib.dll,200704,D3160A1C,1550
0,0,COM3D2OHx64_Data\Managed\Ionic.Zlib.dll,102400,7C9E7DD2,1550
0,0,COM3D2OHx64_Data\Managed\JsonFx.Json.dll,70144,A0F0CFCB,1550
0,0,COM3D2OHx64_Data\Managed\LeapCSharp.NET3.5.dll,82432,38E38212,1550
0,0,COM3D2OHx64_Data\Managed\Mono.Data.Tds.dll,96256,2965324B,1550
0,0,COM3D2OHx64_Data\Managed\Mono.Posix.dll,184320,0CE35BE3,1550
0,0,COM3D2OHx64_Data\Managed\Mono.Security.dll,294912,66EB9979,1550
0,0,COM3D2OHx64_Data\Managed\Mono.WebBrowser.dll,172032,137B736F,1550
0,0,COM3D2OHx64_Data\Managed\mscorlib.dll,2590208,5166389B,1550
0,0,COM3D2OHx64_Data\Managed\Newtonsoft.Json.dll,494592,5C881B73,1550
0,0,COM3D2OHx64_Data\Managed\System.Configuration.dll,124928,72952344,1550
0,0,COM3D2OHx64_Data\Managed\System.Core.dll,297472,9E3EE5D7,1550
0,0,COM3D2OHx64_Data\Managed\System.Data.dll,856064,DDDB80CD,1550
0,0,COM3D2OHx64_Data\Managed\System.dll,1679360,13922617,1550
0,0,COM3D2OHx64_Data\Managed\System.Drawing.Design.dll,29696,E7B53FF9,1550
0,0,COM3D2OHx64_Data\Managed\System.Drawing.dll,448512,C4B2E872,1550
0,0,COM3D2OHx64_Data\Managed\System.EnterpriseServices.dll,46592,2C72A9FE,1550
0,0,COM3D2OHx64_Data\Managed\System.Security.dll,135168,1CE94C57,1550
0,0,COM3D2OHx64_Data\Managed\System.Transactions.dll,27648,45299FCF,1550
0,0,COM3D2OHx64_Data\Managed\System.Windows.Forms.dll,3053568,56394001,1550
0,0,COM3D2OHx64_Data\Managed\System.Xml.dll,1270272,4581A35B,1550
0,0,COM3D2OHx64_Data\Managed\System.Xml.Linq.dll,106496,E844371C,1550
0,0,COM3D2OHx64_Data\Managed\UnityEngine.dll,1393152,2C35388C,1550
0,0,COM3D2OHx64_Data\Managed\UnityEngine.dll.mdb,449828,8610375E,1550
0,0,COM3D2OHx64_Data\Managed\UnityEngine.Networking.dll,253952,2BDF701F,1550
0,0,COM3D2OHx64_Data\Managed\UnityEngine.UI.dll,245760,FA552B2D,1550
0,0,COM3D2OHx64_Data\Managed\UnityEngine.VR.dll,3072,A4582CD6,1550
0,0,COM3D2OHx64_Data\Managed\UnityScript.Lang.dll,13824,0DA8F681,1550
0,0,COM3D2OHx64_Data\Managed\Win32.dll,13312,7781C2A2,1550
0,0,COM3D2OHx64_Data\Managed\zxing.unity.dll,430592,9FD1F198,1550
0,0,COM3D2OHx64_Data\Mono\mono.dll,2618816,0BEA8C0F,1550
0,0,COM3D2OHx64_Data\Mono\MonoPosixHelper.dll,113664,9B5E1E4D,1550
0,0,COM3D2OHx64_Data\Mono\etc\mono\browscap.ini,311984,CE6C0AB3,1550
0,0,COM3D2OHx64_Data\Mono\etc\mono\config,1691,A635914A,1550
0,0,COM3D2OHx64_Data\Mono\etc\mono\1.0\DefaultWsdlHelpGenerator.aspx,58196,10E814BF,1550
0,0,COM3D2OHx64_Data\Mono\etc\mono\1.0\machine.config,17258,EDE1AC59,1550
0,0,COM3D2OHx64_Data\Mono\etc\mono\2.0\DefaultWsdlHelpGenerator.aspx,60453,F3869A34,1550
0,0,COM3D2OHx64_Data\Mono\etc\mono\2.0\machine.config,27625,73C91C24,1550
0,0,COM3D2OHx64_Data\Mono\etc\mono\2.0\settings.map,2618,A1A3C29F,1550
0,0,COM3D2OHx64_Data\Mono\etc\mono\2.0\web.config,11686,534A9960,1550
0,0,COM3D2OHx64_Data\Mono\etc\mono\2.0\Browsers\Compat.browser,1605,2E178A0B,1550
0,0,COM3D2OHx64_Data\Mono\etc\mono\mconfig\config.xml,25817,80B2033A,1550
0,0,COM3D2OHx64_Data\Plugins\assimp.dll,4388864,7C910D84,1550
0,0,COM3D2OHx64_Data\Plugins\Audio360.dll,1499136,2D77400A,1550
0,0,COM3D2OHx64_Data\Plugins\AVProVideo.dll,891392,A3612D4B,1550
0,0,COM3D2OHx64_Data\Plugins\clothpp.dll,112128,7C3264A4,1550
0,0,COM3D2OHx64_Data\Plugins\cm3d2.dll,2082304,3263084E,1550
0,0,COM3D2OHx64_Data\Plugins\device_hook.dll,738816,F61E7CED,1550
0,0,COM3D2OHx64_Data\Plugins\FbxExporterCore.dll,12491776,CBAA51C1,1550
0,0,COM3D2OHx64_Data\Plugins\FoveClient.dll,1849384,58C8B4F6,1550
0,0,COM3D2OHx64_Data\Plugins\LeapC.dll,2516992,FBDD3767,1550
0,0,COM3D2OHx64_Data\Plugins\openvr_api.dll,318272,44432E0F,1550
0,0,COM3D2OHx64_Data\Plugins\OVRGamepad.dll,12800,2C526135,1550
0,0,COM3D2OHx64_Data\Plugins\OVRLipSync.dll,2512296,391C1F4C,1550
0,0,COM3D2OHx64_Data\Plugins\OVRPlugin.dll,1898408,5DD05B6C,1550
0,0,COM3D2OHx64_Data\Plugins\Win32-WebView.dll,504832,382AEE66,1550
0,0,COM3D2OHx64_Data\Resources\unity default resources,752360,71DB1AEA,1550
0,0,COM3D2OHx64_Data\Resources\unity_builtin_extra,284012,91145F7F,1550
0,0,GameData\csv_cbl.arc,948248,DFB74C50,1550
0,0,GameData\motion_cbl_3d21reserve_2.arc,153938,9CB83B59,1120
0,0,GameData\motion_cbl_denkigai2019s_2.arc,753524,B6E084B2,1410
0,0,GameData\motion_cbl_dlc305_2.arc,25222249,152F79EB,1550
0,0,GameData\motion_cbl_karaoke002_2.arc,28789456,8DA918FB,1550
0,0,GameData\motion_cbl_karaoke004_2.arc,35778255,0E9382DD,1550
0,0,GameData\motion_cbl_kissnohi001_2.arc,158468,9CE47192,1200
0,0,GameData\motion_cbl_vp001_2.arc,1659046,62219F7A,1250
0,0,GameData\motion_cbl2.arc,22222457,FD0F6146,1280
0,0,GameData\script_cbl.arc,4630694,D8FE9B35,1550
0,0,GameData\script_cbl_omytgc001_2.arc,212278,5759B805,1210
0,0,GameData\script_cbl_omytgc004_2.arc,2354,88C30EE5,1510
0,0,GameData\script_cbl_ordermade001_2.arc,36866,2E4CD733,1210
0,0,GameData\script_cbl_ordermade002_2.arc,36466,DD7811A4,1210
0,0,GameData\script_cbl_ordermade003_2.arc,3026,080F3688,1250
0,0,GameData\script_cbl_ordermade004_2.arc,3250,96221889,1250
0,0,GameData\script_cbl_personal_om002_2.arc,1730,BC1779C2,1250
0,0,GameData\script_cbl_personal_om003plus_2.arc,5282,34A5C955,1360
0,0,GameData\script_cbl_personal_om004_2.arc,1954,3FEFD65F,1280
0,0,GameData\script_cbl_personal_om004plus_2.arc,5490,15D3F64F,1360
0,0,GameData\script_cbl_personal_om005plus_2.arc,5058,9471327B,1360
0,0,GameData\script_cbl_personal_om007_2.arc,2546,36DB0761,1460
0,0,GameData\script_cbl_personal_om008_2.arc,14178,C639755B,1520
0,0,GameData\script_cbl_personal_om008plus_2.arc,32802,FC4CFCFC,1540
0,0,GameData\script_cbl_s2.arc,1170205,611FCB43,1230
0,0,GameData\script_gp002_2.arc,1306263,A8897285,1530
0,0,GameData\voice_cbl_s2.arc,185722467,282DF657,1530
0,0,manual\css\index.css,7168,D11B8AF5,1170
0,0,manual\img\chu-blip2.jpg,78933,95522903,1170
0,0,manual\img\com3d2wcls2_logo.png,107288,47D023F7,1170
0,0,manual\img\config.jpg,167519,C5E4FAF3,1170
0,0,manual\img\menu001.jpg,13885,25B66329,1170
0,0,manual\img\menu002.jpg,24247,87A4205F,1170
0,0,manual\img\yotogi04.jpg,239859,141EC205,1170
0,0,manual\img\yotogi05.jpg,187720,9C93EE69,1170
0,0,manual\index.html,52620,3D3D5ACF,1170
0,0,COM3D2OH.exe,6623232,E30BEDE0,2006
0,0,COM3D2OHx64.exe,22841856,858642A8,1550
0,0,LICENSE,31205,24BAD003,1500
share,GameData\patch\bg_gp001fb_2.arc,GameData\bg_gp001fb_2.arc,74085,9CF8EBCF,1520
share,GameData\patch\bg_kissevent2018_sp_card_2.arc,GameData\bg_kissevent2018_sp_card_2.arc,493322,140250D1,1100
share,GameData\patch\bg_sp001_2.arc,GameData\bg_sp001_2.arc,16204240,91030B15,1000
share,GameData\patch\bg_sp004_2.arc,GameData\bg_sp004_2.arc,36120782,D70323E9,1530
share,GameData\patch\csv.arc,GameData\csv.arc,9283327,ACA32CF3,1550
share,GameData\patch\csv_3d21reserve2_2.arc,GameData\csv_3d21reserve2_2.arc,51058,6AD913F3,1380
share,GameData\patch\csv_denkigai2018wpcard_2.arc,GameData\csv_denkigai2018wpcard_2.arc,450,CD1D6826,1331
share,GameData\patch\csv_dlc305_2.arc,GameData\csv_dlc305_2.arc,67779,3D73BCB9,1380
share,GameData\patch\csv_gp001_2.arc,GameData\csv_gp001_2.arc,89204,9BB06354,1420
share,GameData\patch\csv_jp.arc,GameData\csv_jp.arc,14963,9C524993,1470
share,GameData\patch\csv_old_2.arc,GameData\csv_old_2.arc,1746,7AD2A97C,1150
share,GameData\patch\csv_ordermade001_2.arc,GameData\csv_ordermade001_2.arc,770,422A7575,1150
share,GameData\patch\csv_personal_om006_2.arc,GameData\csv_personal_om006_2.arc,1426,AB118368,1350
share,GameData\patch\csv_personal_om010_2.arc,GameData\csv_personal_om010_2.arc,1490,AA0632D5,1540
share,GameData\patch\parts_cas013_2.arc,GameData\parts_cas013_2.arc,1554,314DD9D9,1480
share,GameData\patch\parts_cas014_2.arc,GameData\parts_cas014_2.arc,1538,A0E9107C,1550
share,GameData\patch\parts_cas031_2.arc,GameData\parts_cas031_2.arc,1263261,331A64CB,1550
share,GameData\patch\parts_com3d2cbp_2.arc,GameData\parts_com3d2cbp_2.arc,197948,415AD83E,1460
share,GameData\patch\parts_cw001cloth2_2.arc,GameData\parts_cw001cloth2_2.arc,196199,EAF4C9F1,1460
share,GameData\patch\parts_cw001cloth3_2.arc,GameData\parts_cw001cloth3_2.arc,4370,1F2FFFCD,1380
share,GameData\patch\parts_cw004cloth2_2.arc,GameData\parts_cw004cloth2_2.arc,3714,303296EC,1550
share,GameData\patch\parts_cw005cloth3_2.arc,GameData\parts_cw005cloth3_2.arc,1798437,07194B0C,1530
share,GameData\patch\parts_cw005cloth4_2.arc,GameData\parts_cw005cloth4_2.arc,93385493,76CDAC9F,1501
share,GameData\patch\parts_denkigai2019s_2.arc,GameData\parts_denkigai2019s_2.arc,6772129,68051291,1550
share,GameData\patch\parts_denkigai2020w_2.arc,GameData\parts_denkigai2020w_2.arc,3986,4F526500,1550
share,GameData\patch\parts_dlc068_2.arc,GameData\parts_dlc068_2.arc,2066,E2A47102,1540
share,GameData\patch\parts_dlc209_2.arc,GameData\parts_dlc209_2.arc,1363413,BF1ABBC0,1171
share,GameData\patch\parts_dlc216_2.arc,GameData\parts_dlc216_2.arc,932171,E7454670,1200
share,GameData\patch\parts_dlc232_2.arc,GameData\parts_dlc232_2.arc,4834,0C730F07,1550
share,GameData\patch\parts_dlc240_2.arc,GameData\parts_dlc240_2.arc,2306,890A5A33,1530
share,GameData\patch\parts_dlc241_2.arc,GameData\parts_dlc241_2.arc,1618,5C4797C1,1380
share,GameData\patch\parts_dlc256_2.arc,GameData\parts_dlc256_2.arc,459473,67DE15EB,1480
share,GameData\patch\parts_dlc256ns_2.arc,GameData\parts_dlc256ns_2.arc,464943,902A8184,1480
share,GameData\patch\parts_dlc267_2.arc,GameData\parts_dlc267_2.arc,2827817,95D40D44,1480
share,GameData\patch\parts_dlc267ns_2.arc,GameData\parts_dlc267ns_2.arc,2827831,320F93A5,1480
share,GameData\patch\parts_dlc268_2.arc,GameData\parts_dlc268_2.arc,465617,1FC74BD4,1320
share,GameData\patch\parts_dlc268ns_2.arc,GameData\parts_dlc268ns_2.arc,465634,269DB210,1320
share,GameData\patch\parts_dlc279_2.arc,GameData\parts_dlc279_2.arc,6171073,DF439D14,1331
share,GameData\patch\parts_dlc283_2.arc,GameData\parts_dlc283_2.arc,214283,48402BBC,1550
share,GameData\patch\parts_dlc301_2.arc,GameData\parts_dlc301_2.arc,2032332,7D478CC1,1510
share,GameData\patch\parts_dlc302_2.arc,GameData\parts_dlc302_2.arc,1988437,E207724F,1510
share,GameData\patch\parts_dlc303_2.arc,GameData\parts_dlc303_2.arc,2715150,2D1CFC1F,1510
share,GameData\patch\parts_dlc304_2.arc,GameData\parts_dlc304_2.arc,1704802,5CDB51EF,1510
share,GameData\patch\parts_dlc320_2.arc,GameData\parts_dlc320_2.arc,94639,DC5A14A4,1470
share,GameData\patch\parts_dlc330_2.arc,GameData\parts_dlc330_2.arc,1413257,BE036852,1520
share,GameData\patch\parts_dlc331_2.arc,GameData\parts_dlc331_2.arc,3970,B15D6CCC,1490
share,GameData\patch\parts_dlc340_2.arc,GameData\parts_dlc340_2.arc,10642,53349B16,1540
share,GameData\patch\parts_dlc353_2.arc,GameData\parts_dlc353_2.arc,967380,18CA7CF1,1540
share,GameData\patch\parts_dlc355_2.arc,GameData\parts_dlc355_2.arc,348168,5CF6F6A0,1540
share,GameData\patch\parts_dlc356_2.arc,GameData\parts_dlc356_2.arc,57433481,02936498,1540
share,GameData\patch\parts_dlc357_2.arc,GameData\parts_dlc357_2.arc,47375026,F7C5D388,1540
share,GameData\patch\parts_dlc358_2.arc,GameData\parts_dlc358_2.arc,39458721,5960F3DB,1550
share,GameData\patch\parts_dlc359_2.arc,GameData\parts_dlc359_2.arc,109291930,A2D75D7D,1540
share,GameData\patch\parts_dlc362_2.arc,GameData\parts_dlc362_2.arc,628510,A1368035,1550
share,GameData\patch\parts_dlc363_2.arc,GameData\parts_dlc363_2.arc,1602,014DA2DF,1530
share,GameData\patch\parts_dlc367_2.arc,GameData\parts_dlc367_2.arc,61138,2D8C88EB,1550
share,GameData\patch\parts_dlcdenkigai2019s_2.arc,GameData\parts_dlcdenkigai2019s_2.arc,207704,AF29A65F,1550
share,GameData\patch\parts_gp001_2.arc,GameData\parts_gp001_2.arc,62133273,86553DC6,1550
share,GameData\patch\parts_gp001fb_2.arc,GameData\parts_gp001fb_2.arc,1465726,0B80F99F,1550
share,GameData\patch\parts_karaoke001_2.arc,GameData\parts_karaoke001_2.arc,453245,11C970D3,1280
share,GameData\patch\parts_kissevent2018_2.arc,GameData\parts_kissevent2018_2.arc,5570,005BBD00,1100
share,GameData\patch\parts_magazine003_2.arc,GameData\parts_magazine003_2.arc,201385,3A5B273D,1120
share,GameData\patch\parts_nijiyomec_2.arc,GameData\parts_nijiyomec_2.arc,17650,C9FFAD11,1550
share,GameData\patch\parts_oldplus002hair1_2.arc,GameData\parts_oldplus002hair1_2.arc,187027,D369C691,1530
share,GameData\patch\parts_oldplus005hair2_2.arc,GameData\parts_oldplus005hair2_2.arc,47826,3A8C3553,1550
share,GameData\patch\parts_oldplus006hair2_2.arc,GameData\parts_oldplus006hair2_2.arc,402927,CAB5CFFA,1540
share,GameData\patch\parts_omvr.arc,GameData\parts_omvr.arc,3206509,4F0D0480,1120
share,GameData\patch\parts_personal_om003_2.arc,GameData\parts_personal_om003_2.arc,80305,6327B22A,1540
share,GameData\patch\parts_personal_om006_2.arc,GameData\parts_personal_om006_2.arc,307194,3FCB0A15,1331
share,GameData\patch\parts_personal_om008_2.arc,GameData\parts_personal_om008_2.arc,37634,031E45C7,1550
share,GameData\patch\parts_personal_om010_2.arc,GameData\parts_personal_om010_2.arc,20132696,E36F644B,1540
share,GameData\patch\parts_shop016_2.arc,GameData\parts_shop016_2.arc,171410,3D70CEC4,1060
share,GameData\patch\parts_sp002cloth1_2.arc,GameData\parts_sp002cloth1_2.arc,10930,46512519,1250
share,GameData\patch\parts_sp002cloth2_2.arc,GameData\parts_sp002cloth2_2.arc,1825089,3BCD25A8,1352
share,GameData\patch\parts_sp003cloth3_2.arc,GameData\parts_sp003cloth3_2.arc,2970776,D1820E11,1530
share,GameData\patch\parts_sp005cloth2_2.arc,GameData\parts_sp005cloth2_2.arc,303977,DCB548A3,1460
share,GameData\patch\parts_vac001_2.arc,GameData\parts_vac001_2.arc,1271224,0597E526,1540
share,GameData\patch\parts2.arc,GameData\parts2.arc,166546538,F75FA840,1550
share,GameData\patch\paths.dat,GameData\paths.dat,10912,881178A1,1550
share,GameData\patch\prioritymaterial.arc,GameData\prioritymaterial.arc,441685,80477097,1550
share,GameData\patch\script_share_karaoke_2.arc,GameData\script_share_karaoke_2.arc,8354,23EC7857,1500
share,GameData\patch\sound2.arc,GameData\sound2.arc,6356310,7DC36897,1548
share,GameData\patch\system_gp001_2.arc,GameData\system_gp001_2.arc,7478491,A3D9E534,1420
share,GameData\patch\system_gp002_2.arc,GameData\system_gp002_2.arc,3352431,A85DA78B,1350
share,GameData\patch\system2.arc,GameData\system2.arc,14957442,C104C1F3,1549
share,GameData\patch\voice_gp001_2.arc,GameData\voice_gp001_2.arc,128499501,74943317,1270
share,GameData\patch\voice_ordermade002_2.arc,GameData\voice_ordermade002_2.arc,4034461,8F5E74E5,1550
share,GameData\patch\voice_ordermade002_solo_2.arc,GameData\voice_ordermade002_solo_2.arc,4034470,80F11421,1550
share,GameData\patch\voice_personal_om005_2.arc,GameData\voice_personal_om005_2.arc,77014392,941AFD15,1420
share,GameData\patch\voice_personal_om008_2.arc,GameData\voice_personal_om008_2.arc,738018,CFD7E516,1540
share,GameData\patch\voice_personal_om010_2.arc,GameData\voice_personal_om010_2.arc,120212,0DC709ED,1540
share,GameData_20\bg_vp001_2.arc,GameData_20\bg_vp001_2.arc,283046,A7A90EE1,1190
share,GameData_20\material_denkigai2015s003_2.arc,GameData_20\material_denkigai2015s003_2.arc,7106,0C82D791,1150
share,GameData_20\material_denkigai2015w_2.arc,GameData_20\material_denkigai2015w_2.arc,3490,F06AAABE,1090
share,GameData_20\material_denkigai2015wTowelR.arc,GameData_20\material_denkigai2015wTowelR.arc,1602,618192B9,1360
share,GameData_20\material_dlc055_2.arc,GameData_20\material_dlc055_2.arc,5282,11A93109,1280
share,GameData_20\material_dlc195_2.arc,GameData_20\material_dlc195_2.arc,1746,ECFBFE17,1090
share,GameData_20\material_dlcdenkigai2015w_2.arc,GameData_20\material_dlcdenkigai2015w_2.arc,3522,D35394D7,1090
share,GameData_20\material_dlcdenkigai2017w_2.arc,GameData_20\material_dlcdenkigai2017w_2.arc,3506,40FF8AFA,1090
share,GameData_20\material_dlsite_2.arc,GameData_20\material_dlsite_2.arc,1762,C5A837EA,1150
share,GameData_20\material_kissevent2017march_2.arc,GameData_20\material_kissevent2017march_2.arc,3538,7A6FC5CF,1090
share,GameData_20\material_shop001_2.arc,GameData_20\material_shop001_2.arc,1762,D98CED1C,1150
share,GameData_20\material_shop002_2.arc,GameData_20\material_shop002_2.arc,1762,956BB00E,1150
share,GameData_20\material_shop003_2.arc,GameData_20\material_shop003_2.arc,1762,38CEBFF2,1150
share,GameData_20\material_shop005_2.arc,GameData_20\material_shop005_2.arc,1714,3E621A32,1150
share,GameData_20\material_shop007_2.arc,GameData_20\material_shop007_2.arc,2578,C8CE627C,1150
share,GameData_20\material_vp001_2.arc,GameData_20\material_vp001_2.arc,11890,8CB043B0,1400
share,GameData_20\material_yomeido003_2.arc,GameData_20\material_yomeido003_2.arc,1522,0689A7AC,1240
share,GameData_20\menu_denkigai2015s001_2.arc,GameData_20\menu_denkigai2015s001_2.arc,6594,8B3E849F,1160
share,GameData_20\menu_denkigai2015s003_2.arc,GameData_20\menu_denkigai2015s003_2.arc,4338,D294CE88,1150
share,GameData_20\menu_denkigai2015wTowelR.arc,GameData_20\menu_denkigai2015wTowelR.arc,1282,CECEE1FC,1360
share,GameData_20\menu_denkigai2016s_2.arc,GameData_20\menu_denkigai2016s_2.arc,1346,4A9440B1,1351
share,GameData_20\menu_denkigai2016w_2.arc,GameData_20\menu_denkigai2016w_2.arc,15154,C8D64D3B,1450
share,GameData_20\menu_denkigai2017s_2.arc,GameData_20\menu_denkigai2017s_2.arc,1218,267B1338,1540
share,GameData_20\menu_denkigai2017w_2.arc,GameData_20\menu_denkigai2017w_2.arc,1250,D6D909E4,1670
share,GameData_20\menu_dlc026_2.arc,GameData_20\menu_dlc026_2.arc,3778,69453D54,1190
share,GameData_20\menu_dlc028_2.arc,GameData_20\menu_dlc028_2.arc,3874,DE3F1C31,1200
share,GameData_20\menu_dlc041_2.arc,GameData_20\menu_dlc041_2.arc,6786,97F738D3,1380
share,GameData_20\menu_dlc042_2.arc,GameData_20\menu_dlc042_2.arc,1154,EE4016C0,1440
share,GameData_20\menu_dlc049_2.arc,GameData_20\menu_dlc049_2.arc,3106,E30D6F4C,1522
share,GameData_20\menu_dlc061_2.arc,GameData_20\menu_dlc061_2.arc,3810,F99C1D4E,1290
share,GameData_20\menu_dlc065_2.arc,GameData_20\menu_dlc065_2.arc,7602,D9387834,1380
share,GameData_20\menu_dlc074_2.arc,GameData_20\menu_dlc074_2.arc,5618,24C559D7,1312
share,GameData_20\menu_dlc100_2.arc,GameData_20\menu_dlc100_2.arc,1250,DFF94E9A,1400
share,GameData_20\menu_dlc101_2.arc,GameData_20\menu_dlc101_2.arc,1218,44DB4049,1481
share,GameData_20\menu_dlc195_2.arc,GameData_20\menu_dlc195_2.arc,1170,BF163DDC,1090
share,GameData_20\menu_dlcdenkigai2016w_2.arc,GameData_20\menu_dlcdenkigai2016w_2.arc,13522,45E7F667,1450
share,GameData_20\menu_dlcdenkigai2017s_2.arc,GameData_20\menu_dlcdenkigai2017s_2.arc,1218,A6C83B5D,1540
share,GameData_20\menu_dlsite_2.arc,GameData_20\menu_dlsite_2.arc,1954,B2268BA7,1150
share,GameData_20\menu_kissevent2017march.arc,GameData_20\menu_kissevent2017march.arc,281,FF4EEB9B,1522
share,GameData_20\menu_kissevent2017march_2.arc,GameData_20\menu_kissevent2017march_2.arc,106624,14291926,1631
share,GameData_20\menu_magazine002_2.arc,GameData_20\menu_magazine002_2.arc,12498,691C1126,1471
share,GameData_20\menu_personal002_2.arc,GameData_20\menu_personal002_2.arc,1282,5687650C,1310
share,GameData_20\menu_shop001_2.arc,GameData_20\menu_shop001_2.arc,3314,35207C87,1150
share,GameData_20\menu_shop005_2.arc,GameData_20\menu_shop005_2.arc,1378,0C9AF725,1150
share,GameData_20\menu_vp001_2.arc,GameData_20\menu_vp001_2.arc,19138,7C7AFD9C,1400
share,GameData_20\menu_yomeido003_2.arc,GameData_20\menu_yomeido003_2.arc,1234,4D6F619D,1240
share,GameData_20\menu_yomeidogp_wedding_2.arc,GameData_20\menu_yomeidogp_wedding_2.arc,3954,C251B12C,1320
share,GameData_20\model_denkigai2015s003_2.arc,GameData_20\model_denkigai2015s003_2.arc,394665,41A48185,1150
share,GameData_20\model_denkigai2015w_2.arc,GameData_20\model_denkigai2015w_2.arc,174373,F9233759,1090
share,GameData_20\model_denkigai2015wTowelR.arc,GameData_20\model_denkigai2015wTowelR.arc,38258,FB570A24,1360
share,GameData_20\model_denkigai2017s_2.arc,GameData_20\model_denkigai2017s_2.arc,462663,8917104A,1582
share,GameData_20\model_dlc005_2.arc,GameData_20\model_dlc005_2.arc,175424,F7DD7D82,1270
share,GameData_20\model_dlc046_2.arc,GameData_20\model_dlc046_2.arc,155690,83B34173,1220
share,GameData_20\model_dlc073_2.arc,GameData_20\model_dlc073_2.arc,267037,47D33A06,1320
share,GameData_20\model_dlc100_2.arc,GameData_20\model_dlc100_2.arc,691347,7C3D679D,1400
share,GameData_20\model_dlc109_2.arc,GameData_20\model_dlc109_2.arc,137998,8FCCF513,1460
share,GameData_20\model_dlc151_2.arc,GameData_20\model_dlc151_2.arc,213532,8C3C80C3,1520
share,GameData_20\model_dlc195_2.arc,GameData_20\model_dlc195_2.arc,583563,16C95E54,1090
share,GameData_20\model_dlcdenkigai2015w_2.arc,GameData_20\model_dlcdenkigai2015w_2.arc,174400,BE6E5467,1090
share,GameData_20\model_dlcdenkigai2017s_2.arc,GameData_20\model_dlcdenkigai2017s_2.arc,462667,9F0C3D54,1582
share,GameData_20\model_dlcdenkigai2017w_2.arc,GameData_20\model_dlcdenkigai2017w_2.arc,181384,6D5B735E,1090
share,GameData_20\model_dlsite_2.arc,GameData_20\model_dlsite_2.arc,197173,24366C43,1150
share,GameData_20\model_kissevent2017march_2.arc,GameData_20\model_kissevent2017march_2.arc,190682,21F32FCB,1090
share,GameData_20\model_shop001_2.arc,GameData_20\model_shop001_2.arc,115215,9C941FAF,1150
share,GameData_20\model_shop002_2.arc,GameData_20\model_shop002_2.arc,251253,743C3D97,1150
share,GameData_20\model_shop003_2.arc,GameData_20\model_shop003_2.arc,185433,A15EC70A,1150
share,GameData_20\model_shop005_2.arc,GameData_20\model_shop005_2.arc,150103,FB5341FA,1150
share,GameData_20\model_shop007_2.arc,GameData_20\model_shop007_2.arc,288759,80615CBD,1150
share,GameData_20\model_vp001_2.arc,GameData_20\model_vp001_2.arc,647957,D68B5D2F,1400
share,GameData_20\paths.dat,GameData_20\paths.dat,5091,D094E2BE,1580
share,GameData_20\prioritymaterial.arc,GameData_20\prioritymaterial.arc,221488,580931AC,1582
share,GameData_20\texture_denkigai2015wTowelR.arc,GameData_20\texture_denkigai2015wTowelR.arc,133065,FE4BDC34,1360
share,GameData_20\texture_denkigai2016w_2.arc,GameData_20\texture_denkigai2016w_2.arc,10105247,3B4641C3,1450
share,GameData_20\texture_dlc004_2.arc,GameData_20\texture_dlc004_2.arc,4805734,C8E5CFB4,1200
share,GameData_20\texture_dlc046_2.arc,GameData_20\texture_dlc046_2.arc,596960,FC606BA5,1220
share,GameData_20\texture_dlc121_2.arc,GameData_20\texture_dlc121_2.arc,1276165,EB0914B5,1670
share,GameData_20\texture_dlc195_2.arc,GameData_20\texture_dlc195_2.arc,16075880,456A4C76,1090
share,GameData_20\texture_dlcdenkigai2016w_2.arc,GameData_20\texture_dlcdenkigai2016w_2.arc,10105332,90868016,1450
share,GameData_20\texture_kissevent2017march.arc,GameData_20\texture_kissevent2017march.arc,281,FF4EEB9B,1522
share,GameData_20\texture_kissevent2017march_2.arc,GameData_20\texture_kissevent2017march_2.arc,79432604,C7DD457A,1631
share,GameData_20\texture_vp001_2.arc,GameData_20\texture_vp001_2.arc,755269,18D5027D,1400
share,GameData_20\texture_yomeido003_2.arc,GameData_20\texture_yomeido003_2.arc,117248,0EE72B42,1240
