0,0,GameData\csv.arc,2557072,8FD62C4F,1391
0,0,GameData\paths.dat,2472,6EBE5F52,1390
0,0,GameData\prioritymaterial.arc,129404,673CCF32,1390
0,0,GameData\csv_cos006.arc,395,83EB1D3E,100
0,0,GameData\material_dlc091.arc,26832,C24C2510,100
0,0,GameData\material_dlc092.arc,26924,9A5C8141,100
0,0,GameData\material_dlc093.arc,35186,745D4A14,100
0,0,GameData\material_dlc094.arc,8397,E2A64935,100
0,0,GameData\menu_dlc091.arc,24765,A2EED8A4,100
0,0,GameData\menu_dlc092.arc,22531,15622227,100
0,0,GameData\menu_dlc093.arc,24433,CEB25010,100
0,0,GameData\menu_dlc094.arc,10696,884B56FD,100
0,0,GameData\model_dlc091.arc,1240075,71566FA5,100
0,0,GameData\model_dlc092.arc,745141,DA9A95FE,100
0,0,GameData\model_dlc093.arc,1675635,0083A112,100
0,0,GameData\model_dlc094.arc,259967,4CA6B704,100
0,0,GameData\script_cos006.arc,77744,0AB4326E,100
0,0,GameData\texture_dlc091.arc,32970910,D138BA4C,100
0,0,GameData\texture_dlc092.arc,8208734,0DFC0CB9,100
0,0,GameData\texture_dlc093.arc,65323316,542C1DD0,100
0,0,GameData\texture_dlc094.arc,14652613,6CCC361E,100
0,0,GameData\voice_cos006.arc,49819808,DDCC90A4,100
