0,0,COM3D2x64_Data\Managed\Accessibility.dll,10752,5CB31E4E,24701
0,0,COM3D2x64_Data\Managed\Assembly-CSharp.dll,6280704,E10E7016,24701
0,0,COM3D2x64_Data\Managed\Assembly-CSharp-firstpass.dll,788480,9D54E118,24701
0,0,COM3D2x64_Data\Managed\Assembly-UnityScript-firstpass.dll,65024,282ECCB0,24701
0,0,COM3D2x64_Data\Managed\Boo.Lang.dll,126976,28383F70,24701
0,0,COM3D2x64_Data\Managed\BouncyCastle.Crypto.dll,2236416,5A4C4F07,24701
0,0,COM3D2x64_Data\Managed\FoveUnityPlugin.dll,28672,A6EA882B,24701
0,0,COM3D2x64_Data\Managed\ICSharpCode.SharpZipLib.dll,200704,D3160A1C,24701
0,0,COM3D2x64_Data\Managed\Ionic.Zlib.dll,102400,7C9E7DD2,24701
0,0,COM3D2x64_Data\Managed\JsonFx.Json.dll,70144,A0F0CFCB,24701
0,0,COM3D2x64_Data\Managed\LeapCSharp.NET3.5.dll,82432,38E38212,24701
0,0,COM3D2x64_Data\Managed\Mono.Data.Tds.dll,96256,2965324B,24701
0,0,COM3D2x64_Data\Managed\Mono.Posix.dll,184320,0CE35BE3,24701
0,0,COM3D2x64_Data\Managed\Mono.Security.dll,294912,66EB9979,24701
0,0,COM3D2x64_Data\Managed\Mono.WebBrowser.dll,172032,137B736F,24701
0,0,COM3D2x64_Data\Managed\mscorlib.dll,2590208,5166389B,24701
0,0,COM3D2x64_Data\Managed\Newtonsoft.Json.dll,494592,5C881B73,24701
0,0,COM3D2x64_Data\Managed\System.Configuration.dll,124928,72952344,24701
0,0,COM3D2x64_Data\Managed\System.Core.dll,297472,9E3EE5D7,24701
0,0,COM3D2x64_Data\Managed\System.Data.dll,856064,DDDB80CD,24701
0,0,COM3D2x64_Data\Managed\System.dll,1679360,13922617,24701
0,0,COM3D2x64_Data\Managed\System.Drawing.Design.dll,29696,E7B53FF9,24701
0,0,COM3D2x64_Data\Managed\System.Drawing.dll,448512,C4B2E872,24701
0,0,COM3D2x64_Data\Managed\System.EnterpriseServices.dll,46592,2C72A9FE,24701
0,0,COM3D2x64_Data\Managed\System.Security.dll,135168,1CE94C57,24701
0,0,COM3D2x64_Data\Managed\System.Transactions.dll,27648,45299FCF,24701
0,0,COM3D2x64_Data\Managed\System.Windows.Forms.dll,3053568,56394001,24701
0,0,COM3D2x64_Data\Managed\System.Xml.dll,1270272,4581A35B,24701
0,0,COM3D2x64_Data\Managed\System.Xml.Linq.dll,106496,E844371C,24701
0,0,COM3D2x64_Data\Managed\UnityEngine.dll,1393152,2C35388C,24701
0,0,COM3D2x64_Data\Managed\UnityEngine.dll.mdb,449828,8610375E,24701
0,0,COM3D2x64_Data\Managed\UnityEngine.Networking.dll,253952,2BDF701F,24701
0,0,COM3D2x64_Data\Managed\UnityEngine.UI.dll,245760,FA552B2D,24701
0,0,COM3D2x64_Data\Managed\UnityEngine.VR.dll,3072,A4582CD6,24701
0,0,COM3D2x64_Data\Managed\UnityScript.Lang.dll,13824,0DA8F681,24701
0,0,COM3D2x64_Data\Managed\Win32.dll,13312,7781C2A2,24701
0,0,COM3D2x64_Data\Managed\zxing.unity.dll,430592,9FD1F198,24701
0,0,COM3D2x64_Data\Mono\etc\mono\1.0\DefaultWsdlHelpGenerator.aspx,58196,10E814BF,24701
0,0,COM3D2x64_Data\Mono\etc\mono\1.0\machine.config,17258,EDE1AC59,24701
0,0,COM3D2x64_Data\Mono\etc\mono\2.0\Browsers\Compat.browser,1605,2E178A0B,24701
0,0,COM3D2x64_Data\Mono\etc\mono\2.0\DefaultWsdlHelpGenerator.aspx,60453,F3869A34,24701
0,0,COM3D2x64_Data\Mono\etc\mono\2.0\machine.config,27625,73C91C24,24701
0,0,COM3D2x64_Data\Mono\etc\mono\2.0\settings.map,2618,A1A3C29F,24701
0,0,COM3D2x64_Data\Mono\etc\mono\2.0\web.config,11686,534A9960,24701
0,0,COM3D2x64_Data\Mono\etc\mono\mconfig\config.xml,25817,80B2033A,24701
0,0,COM3D2x64_Data\Mono\etc\mono\browscap.ini,311984,CE6C0AB3,24701
0,0,COM3D2x64_Data\Mono\etc\mono\config,1691,A635914A,24701
0,0,COM3D2x64_Data\Mono\mono.dll,2618816,0BEA8C0F,24701
0,0,COM3D2x64_Data\Mono\MonoPosixHelper.dll,113664,9B5E1E4D,24701
0,0,COM3D2x64_Data\Plugins\assimp.dll,4388864,7C910D84,24701
0,0,COM3D2x64_Data\Plugins\Audio360.dll,1956352,0D4B8E9D,24701
0,0,COM3D2x64_Data\Plugins\AVProVideo.dll,886272,278352F0,24701
0,0,COM3D2x64_Data\Plugins\clothpp.dll,112128,7C3264A4,24701
0,0,COM3D2x64_Data\Plugins\cm3d2.dll,2265088,CA67D1AD,24701
0,0,COM3D2x64_Data\Plugins\device_hook.dll,738816,F61E7CED,24701
0,0,COM3D2x64_Data\Plugins\FbxExporterCore.dll,12491776,CBAA51C1,24701
0,0,COM3D2x64_Data\Plugins\FoveClient.dll,1849384,58C8B4F6,24701
0,0,COM3D2x64_Data\Plugins\LeapC.dll,2516992,FBDD3767,24701
0,0,COM3D2x64_Data\Plugins\openvr_api.dll,318272,44432E0F,24701
0,0,COM3D2x64_Data\Plugins\OVRGamepad.dll,12800,2C526135,24701
0,0,COM3D2x64_Data\Plugins\OVRLipSync.dll,2512296,391C1F4C,24701
0,0,COM3D2x64_Data\Plugins\OVRPlugin.dll,1898408,5DD05B6C,24701
0,0,COM3D2x64_Data\Plugins\Win32-WebView.dll,504832,382AEE66,24701
0,0,COM3D2x64_Data\Resources\unity default resources,752360,71DB1AEA,24701
0,0,COM3D2x64_Data\Resources\unity_builtin_extra,284012,91145F7F,24701
0,0,COM3D2x64_Data\app.info,27,F9A266E7,24701
0,0,COM3D2x64_Data\globalgamemanagers,5400596,EF975C64,24701
0,0,COM3D2x64_Data\globalgamemanagers.assets,269164,1837B5CF,24701
0,0,COM3D2x64_Data\level0,356324,742B8757,24701
0,0,COM3D2x64_Data\level1,379468,E514D992,24701
0,0,COM3D2x64_Data\level2,374300,C3BE0EC9,24701
0,0,COM3D2x64_Data\level3,1292732,6823CCC9,24701
0,0,COM3D2x64_Data\level4,1245508,298FA3CC,24701
0,0,COM3D2x64_Data\level5,1344508,C9525F5B,24701
0,0,COM3D2x64_Data\level6,358308,257E7EC7,24701
0,0,COM3D2x64_Data\level7,1091388,0FA94D53,24701
0,0,COM3D2x64_Data\level8,388884,B428F8AD,24701
0,0,COM3D2x64_Data\level9,455428,8361E4E6,24701
0,0,COM3D2x64_Data\level10,383500,B332E8EB,24701
0,0,COM3D2x64_Data\level11,356836,9443F470,24701
0,0,COM3D2x64_Data\level12,470756,04AAA357,24701
0,0,COM3D2x64_Data\level13,360948,E136E47A,24701
0,0,COM3D2x64_Data\level14,913588,88E4E007,24701
0,0,COM3D2x64_Data\level15,7524,941F9192,24701
0,0,COM3D2x64_Data\level16,358780,381F615A,24701
0,0,COM3D2x64_Data\level17,4664,F117D846,24701
0,0,COM3D2x64_Data\level18,375468,2290113D,24701
0,0,COM3D2x64_Data\level19,365148,FCF20FF3,24701
0,0,COM3D2x64_Data\level20,987956,63E8DC75,24701
0,0,COM3D2x64_Data\level21,468436,822C462D,24701
0,0,COM3D2x64_Data\level22,1117604,2E48DD25,24701
0,0,COM3D2x64_Data\level23,441468,C3B736AC,24701
0,0,COM3D2x64_Data\level24,711820,F4AD421D,24701
0,0,COM3D2x64_Data\level25,378804,107A3B55,24701
0,0,COM3D2x64_Data\level26,2235316,62D2B530,24701
0,0,COM3D2x64_Data\level27,1147620,0CF0EC98,24701
0,0,COM3D2x64_Data\level28,378804,4553189F,24701
0,0,COM3D2x64_Data\level29,1120924,8BBA200C,24701
0,0,COM3D2x64_Data\level30,371428,69716B73,24701
0,0,COM3D2x64_Data\level31,478540,70BDBF07,24701
0,0,COM3D2x64_Data\level32,27904,B05C36B4,24701
0,0,COM3D2x64_Data\level32.resS,131232,851AC384,24701
0,0,COM3D2x64_Data\level33,51676,885924C9,24701
0,0,COM3D2x64_Data\level34,56036,1C836013,24701
0,0,COM3D2x64_Data\level35,6824,1898D4A6,24701
0,0,COM3D2x64_Data\level36,357228,D486F87B,24701
0,0,COM3D2x64_Data\level37,1608916,B54CA825,24701
0,0,COM3D2x64_Data\level38,1465556,8FCDF129,24701
0,0,COM3D2x64_Data\level39,1487148,84F7ED81,24701
0,0,COM3D2x64_Data\level40,474884,7526B8BF,24701
0,0,COM3D2x64_Data\level41,426252,D3FAB471,24701
0,0,COM3D2x64_Data\level42,457668,8B8E8DE2,24701
0,0,COM3D2x64_Data\level43,1382556,CDF53D19,24701
0,0,COM3D2x64_Data\level44,1447020,3F297781,24701
0,0,COM3D2x64_Data\level45,1572428,AB864A82,24701
0,0,COM3D2x64_Data\level46,444852,F2F432F3,24701
0,0,COM3D2x64_Data\level47,411948,4A367491,24701
0,0,COM3D2x64_Data\level48,470316,94E6B080,24701
0,0,COM3D2x64_Data\level49,427524,F91CD419,24701
0,0,COM3D2x64_Data\level50,1407300,CFAD3E28,24701
0,0,COM3D2x64_Data\level51,412212,6174CF3A,24701
0,0,COM3D2x64_Data\level52,772628,F2DC68D2,24701
0,0,COM3D2x64_Data\level53,653308,B5BE23D2,24701
0,0,COM3D2x64_Data\level54,380972,DB3883BC,24701
0,0,COM3D2x64_Data\level55,1309260,83105742,24701
0,0,COM3D2x64_Data\level56,1060052,F62B12A1,24701
0,0,COM3D2x64_Data\level57,1067340,B808EF5E,24701
0,0,COM3D2x64_Data\level58,1309268,F804B4ED,24701
0,0,COM3D2x64_Data\level59,1190068,5F09A443,24701
0,0,COM3D2x64_Data\level60,978596,3FC99F26,24701
0,0,COM3D2x64_Data\level61,1264980,DDBCABB2,24701
0,0,COM3D2x64_Data\level62,1365996,978BCC5F,24701
0,0,COM3D2x64_Data\level63,712188,B172A603,24701
0,0,COM3D2x64_Data\level64,950820,F78F6D59,24701
0,0,COM3D2x64_Data\level65,432164,94E133D8,24701
0,0,COM3D2x64_Data\level66,428532,8F5067E8,24701
0,0,COM3D2x64_Data\level67,472236,3FF7A1F6,24701
0,0,COM3D2x64_Data\level68,494372,41560EEF,24701
0,0,COM3D2x64_Data\level69,422764,D0453FBB,24701
0,0,COM3D2x64_Data\level70,482724,9DFEE4A7,24701
0,0,COM3D2x64_Data\level71,1072836,1DB3BE1B,24701
0,0,COM3D2x64_Data\level72,997404,AF268B2D,24701
0,0,COM3D2x64_Data\level73,475564,98B7552B,24701
0,0,COM3D2x64_Data\level74,497708,FAAA35FE,24701
0,0,COM3D2x64_Data\level75,488284,8F1CC124,24701
0,0,COM3D2x64_Data\level76,1077244,02FE0C9B,24701
0,0,COM3D2x64_Data\level77,1037684,39C04AF5,24701
0,0,COM3D2x64_Data\level78,481332,47701566,24701
0,0,COM3D2x64_Data\level79,465860,BE187DD1,24701
0,0,COM3D2x64_Data\level80,447532,4FF16579,24701
0,0,COM3D2x64_Data\level81,390452,163C0E5D,24701
0,0,COM3D2x64_Data\level82,1416628,5283E7A6,24701
0,0,COM3D2x64_Data\level83,1357556,00D4211F,24701
0,0,COM3D2x64_Data\level84,534324,7CFE5444,24701
0,0,COM3D2x64_Data\level85,436340,DD4113CD,24701
0,0,COM3D2x64_Data\level86,1285580,A2DBA8E9,24701
0,0,COM3D2x64_Data\level87,1003420,5C5A7A89,24701
0,0,COM3D2x64_Data\level88,1462060,313834DF,24701
0,0,COM3D2x64_Data\level89,1403196,9DBDD2A9,24701
0,0,COM3D2x64_Data\level90,1608932,AB13D342,24701
0,0,COM3D2x64_Data\level91,1572444,E843B4A7,24701
0,0,COM3D2x64_Data\level92,1404340,F4F0DBD1,24701
0,0,COM3D2x64_Data\level93,1370284,58E208A6,24701
0,0,COM3D2x64_Data\level94,457292,07AADD8A,24701
0,0,COM3D2x64_Data\level95,437764,A388FB94,24701
0,0,COM3D2x64_Data\level96,1081548,65BC0E46,24701
0,0,COM3D2x64_Data\level97,882836,8A7E8843,24701
0,0,COM3D2x64_Data\level98,989604,A159F61D,24701
0,0,COM3D2x64_Data\level99,883812,F0B98416,24701
0,0,COM3D2x64_Data\level100,1062804,E7CEAC19,24701
0,0,COM3D2x64_Data\level101,1726436,8FDA6B52,24701
0,0,COM3D2x64_Data\level102,1677500,991CD429,24701
0,0,COM3D2x64_Data\level103,1145948,97BFC304,24701
0,0,COM3D2x64_Data\level104,1089780,958DB8EE,24701
0,0,COM3D2x64_Data\level105,1545252,01668005,24701
0,0,COM3D2x64_Data\level106,1644180,98D42574,24701
0,0,COM3D2x64_Data\level107,1087684,945CBF19,24701
0,0,COM3D2x64_Data\level108,1003228,17392800,24701
0,0,COM3D2x64_Data\level109,1712180,4511FF84,24701
0,0,COM3D2x64_Data\level110,1608996,35B8EA24,24701
0,0,COM3D2x64_Data\level111,498996,6048FED8,24701
0,0,COM3D2x64_Data\level112,518772,788562DA,24701
0,0,COM3D2x64_Data\level113,607252,9309E400,24701
0,0,COM3D2x64_Data\level114,566692,B14994E7,24701
0,0,COM3D2x64_Data\level114.resS,131232,9337BCA3,24701
0,0,COM3D2x64_Data\level115,494052,1EB0270E,24701
0,0,COM3D2x64_Data\level116,593260,E1311E17,24701
0,0,COM3D2x64_Data\level117,517364,80C47483,24701
0,0,COM3D2x64_Data\level118,1766844,78282D87,24701
0,0,COM3D2x64_Data\level119,1509412,A9669CFA,24701
0,0,COM3D2x64_Data\level120,1337420,343080A5,24701
0,0,COM3D2x64_Data\level121,1168572,6958A5DD,24701
0,0,COM3D2x64_Data\level122,1255996,BFAC1957,24701
0,0,COM3D2x64_Data\level123,1447340,296EC42A,24701
0,0,COM3D2x64_Data\level124,1353044,509CCA68,24701
0,0,COM3D2x64_Data\level125,970612,5001DB75,24701
0,0,COM3D2x64_Data\level126,588140,A738365E,24701
0,0,COM3D2x64_Data\level127,1033492,E2E24359,24701
0,0,COM3D2x64_Data\level128,956172,0EED537C,24701
0,0,COM3D2x64_Data\level129,737940,98FB9EE8,24701
0,0,COM3D2x64_Data\level130,970756,5F44261D,24701
0,0,COM3D2x64_Data\level131,930340,DFBE1F0E,24701
0,0,COM3D2x64_Data\level132,896028,9885F020,24701
0,0,COM3D2x64_Data\level133,870596,0EE1F2D7,24701
0,0,COM3D2x64_Data\level134,561484,233C1D69,24701
0,0,COM3D2x64_Data\level135,565684,092163D4,24701
0,0,COM3D2x64_Data\level136,591060,2BE1004A,24701
0,0,COM3D2x64_Data\level137,589460,772033FC,24701
0,0,COM3D2x64_Data\level138,591196,41DDDC59,24701
0,0,COM3D2x64_Data\level139,593572,AA34582D,24701
0,0,COM3D2x64_Data\level140,527780,92693ACF,24701
0,0,COM3D2x64_Data\level141,531996,920347BA,24701
0,0,COM3D2x64_Data\level142,556220,63C63E8E,24701
0,0,COM3D2x64_Data\level143,586556,D4D41D97,24701
0,0,COM3D2x64_Data\level144,557348,238A921B,24701
0,0,COM3D2x64_Data\level145,560340,E8DFF9C4,24701
0,0,COM3D2x64_Data\level146,549412,963D67AC,24701
0,0,COM3D2x64_Data\level147,587268,67B74654,24701
0,0,COM3D2x64_Data\level148,462260,31BB7112,24701
0,0,COM3D2x64_Data\level149,363572,D83ACE7F,24701
0,0,COM3D2x64_Data\level150,445796,5361F0C4,24701
0,0,COM3D2x64_Data\level150.resS,131232,9337BCA3,24701
0,0,COM3D2x64_Data\level151,1031484,6A0308EB,24701
0,0,COM3D2x64_Data\level152,1375988,E9D4BF85,24701
0,0,COM3D2x64_Data\level153,414036,976538CA,24701
0,0,COM3D2x64_Data\level154,453852,3DAEA04C,24701
0,0,COM3D2x64_Data\level155,460460,CA1BC76D,24701
0,0,COM3D2x64_Data\level156,777436,46F0CB10,24701
0,0,COM3D2x64_Data\level156.resS,131232,9337BCA3,24701
0,0,COM3D2x64_Data\resources.assets,473660972,3B50DA0B,24701
0,0,COM3D2x64_Data\resources.assets.resS,2082160276,A05CE8F3,24701
0,0,COM3D2x64_Data\resources.resource,1348672,632087DF,24701
0,0,COM3D2x64_Data\sharedassets0.assets,115228100,23F50C73,24701
0,0,COM3D2x64_Data\sharedassets0.assets.resS,28071636,8A34135A,24701
0,0,COM3D2x64_Data\sharedassets1.assets,6256,51181FCE,24701
0,0,COM3D2x64_Data\sharedassets2.assets,6292,6E243769,24701
0,0,COM3D2x64_Data\sharedassets3.assets,8284,B1641617,24701
0,0,COM3D2x64_Data\sharedassets4.assets,12964,4E8CD925,24701
0,0,COM3D2x64_Data\sharedassets5.assets,7276,EBDA6EE5,24701
0,0,COM3D2x64_Data\sharedassets6.assets,6160,936541E1,24701
0,0,COM3D2x64_Data\sharedassets7.assets,6988,223B1B1E,24701
0,0,COM3D2x64_Data\sharedassets8.assets,6148,FC9FA94B,24701
0,0,COM3D2x64_Data\sharedassets9.assets,7108,C292EB36,24701
0,0,COM3D2x64_Data\sharedassets10.assets,6124,DB457644,24701
0,0,COM3D2x64_Data\sharedassets11.assets,6088,8F224995,24701
0,0,COM3D2x64_Data\sharedassets12.assets,6448,945CA462,24701
0,0,COM3D2x64_Data\sharedassets13.assets,6280,5FCE562D,24701
0,0,COM3D2x64_Data\sharedassets14.assets,6916,42618123,24701
0,0,COM3D2x64_Data\sharedassets15.assets,4576,589312B3,24701
0,0,COM3D2x64_Data\sharedassets16.assets,6148,D782EED9,24701
0,0,COM3D2x64_Data\sharedassets17.assets,4132,C520F808,24701
0,0,COM3D2x64_Data\sharedassets18.assets,6868,2B517409,24701
0,0,COM3D2x64_Data\sharedassets19.assets,6232,B472D540,24701
0,0,COM3D2x64_Data\sharedassets20.assets,12676,6BAB6E97,24701
0,0,COM3D2x64_Data\sharedassets21.assets,6328,A47E0C69,24701
0,0,COM3D2x64_Data\sharedassets22.assets,12736,878BFA2E,24701
0,0,COM3D2x64_Data\sharedassets23.assets,6316,350A163A,24701
0,0,COM3D2x64_Data\sharedassets24.assets,6376,7258CE09,24701
0,0,COM3D2x64_Data\sharedassets25.assets,6184,D90F1A4A,24701
0,0,COM3D2x64_Data\sharedassets26.assets,7108,A05F908E,24701
0,0,COM3D2x64_Data\sharedassets27.assets,12712,7CA143F7,24701
0,0,COM3D2x64_Data\sharedassets28.assets,6184,C45FF64F,24701
0,0,COM3D2x64_Data\sharedassets29.assets,12712,7CA143F7,24701
0,0,COM3D2x64_Data\sharedassets30.assets,6112,888CCB1C,24701
0,0,COM3D2x64_Data\sharedassets31.assets,18126856,73A78930,24701
0,0,COM3D2x64_Data\sharedassets32.assets,12328,4731102B,24701
0,0,COM3D2x64_Data\sharedassets33.assets,4420,12A591D1,24701
0,0,COM3D2x64_Data\sharedassets34.assets,4324,726FDF0D,24701
0,0,COM3D2x64_Data\sharedassets35.assets,4264,47FF86EC,24701
0,0,COM3D2x64_Data\sharedassets36.assets,6124,EF7EB7BF,24701
0,0,COM3D2x64_Data\sharedassets37.assets,12676,24393B16,24701
0,0,COM3D2x64_Data\sharedassets38.assets,12676,842EFC1B,24701
0,0,COM3D2x64_Data\sharedassets39.assets,12676,A5ACB261,24701
0,0,COM3D2x64_Data\sharedassets40.assets,7228,AE6179D0,24701
0,0,COM3D2x64_Data\sharedassets41.assets,6976,C70CC0E6,24701
0,0,COM3D2x64_Data\sharedassets42.assets,7264,EFA5E006,24701
0,0,COM3D2x64_Data\sharedassets43.assets,9400,6D07A2B3,24701
0,0,COM3D2x64_Data\sharedassets44.assets,9508,B05765BD,24701
0,0,COM3D2x64_Data\sharedassets45.assets,9496,FFE2975B,24701
0,0,COM3D2x64_Data\sharedassets46.assets,8560,737EBAA6,24701
0,0,COM3D2x64_Data\sharedassets47.assets,6592,076385D0,24701
0,0,COM3D2x64_Data\sharedassets48.assets,8332,5EE79D5E,24701
0,0,COM3D2x64_Data\sharedassets49.assets,792692,47E3B138,24701
0,0,COM3D2x64_Data\sharedassets49.assets.resS,6506584,427886ED,24701
0,0,COM3D2x64_Data\sharedassets50.assets,12676,D3DAAFC2,24701
0,0,COM3D2x64_Data\sharedassets51.assets,6592,991DA950,24701
0,0,COM3D2x64_Data\sharedassets52.assets,6928,76C09237,24701
0,0,COM3D2x64_Data\sharedassets53.assets,6724,3C77D68C,24701
0,0,COM3D2x64_Data\sharedassets54.assets,6136,E466431F,24701
0,0,COM3D2x64_Data\sharedassets55.assets,12760,1D8069BB,24701
0,0,COM3D2x64_Data\sharedassets56.assets,9292,32CB8A29,24701
0,0,COM3D2x64_Data\sharedassets57.assets,9328,3E7ADABE,24701
0,0,COM3D2x64_Data\sharedassets58.assets,12760,1D8069BB,24701
0,0,COM3D2x64_Data\sharedassets59.assets,9532,72673885,24701
0,0,COM3D2x64_Data\sharedassets60.assets,9328,3E7ADABE,24701
0,0,COM3D2x64_Data\sharedassets61.assets,9472,D01A0487,24701
0,0,COM3D2x64_Data\sharedassets62.assets,9508,B05765BD,24701
0,0,COM3D2x64_Data\sharedassets63.assets,6652,57CF8D0B,24701
0,0,COM3D2x64_Data\sharedassets64.assets,9496,FFE2975B,24701
0,0,COM3D2x64_Data\sharedassets65.assets,42236540,E69D0A0D,24701
0,0,COM3D2x64_Data\sharedassets65.assets.resS,87400,8BA6C322,24701
0,0,COM3D2x64_Data\sharedassets66.assets,38246508,56ABEAC2,24701
0,0,COM3D2x64_Data\sharedassets67.assets,32874604,A5827049,24701
0,0,COM3D2x64_Data\sharedassets68.assets,36735684,E5BD7A33,24701
0,0,COM3D2x64_Data\sharedassets68.assets.resS,174776,5B619AF1,24701
0,0,COM3D2x64_Data\sharedassets69.assets,41277360,958D8319,24701
0,0,COM3D2x64_Data\sharedassets70.assets,39399112,EAB89C2B,24701
0,0,COM3D2x64_Data\sharedassets71.assets,3017228,DB0017B6,24701
0,0,COM3D2x64_Data\sharedassets71.assets.resS,611728,7BFBEAAE,24701
0,0,COM3D2x64_Data\sharedassets72.assets,9556,5BF99AD3,24701
0,0,COM3D2x64_Data\sharedassets73.assets,6508,2C03730D,24701
0,0,COM3D2x64_Data\sharedassets74.assets,6508,2C03730D,24701
0,0,COM3D2x64_Data\sharedassets75.assets,6508,2C03730D,24701
0,0,COM3D2x64_Data\sharedassets76.assets,12688,DFB524CD,24701
0,0,COM3D2x64_Data\sharedassets77.assets,9508,43453C9D,24701
0,0,COM3D2x64_Data\sharedassets78.assets,6472,2DBBDB4D,24701
0,0,COM3D2x64_Data\sharedassets79.assets,59364,DB85BF0E,24701
0,0,COM3D2x64_Data\sharedassets79.assets.resS,174776,B51EE5DC,24701
0,0,COM3D2x64_Data\sharedassets80.assets,6484,65B7BCD8,24701
0,0,COM3D2x64_Data\sharedassets81.assets,6736,8FAB2454,24701
0,0,COM3D2x64_Data\sharedassets82.assets,759744,A80034E4,24701
0,0,COM3D2x64_Data\sharedassets82.assets.resS,1310880,58801C35,24701
0,0,COM3D2x64_Data\sharedassets82.resource,1178176,90268BF4,24701
0,0,COM3D2x64_Data\sharedassets83.assets,9376,7C50C50D,24701
0,0,COM3D2x64_Data\sharedassets84.assets,3412512,66E5B27F,24701
0,0,COM3D2x64_Data\sharedassets84.assets.resS,6226112,B3E98769,24701
0,0,COM3D2x64_Data\sharedassets85.assets,6580,DC6BB605,24701
0,0,COM3D2x64_Data\sharedassets86.assets,13936,682A5C58,24701
0,0,COM3D2x64_Data\sharedassets87.assets,9496,FFE2975B,24701
0,0,COM3D2x64_Data\sharedassets88.assets,12712,7417C4A7,24701
0,0,COM3D2x64_Data\sharedassets89.assets,9496,4D5A5A85,24701
0,0,COM3D2x64_Data\sharedassets90.assets,12676,24393B16,24701
0,0,COM3D2x64_Data\sharedassets91.assets,9496,FFE2975B,24701
0,0,COM3D2x64_Data\sharedassets92.assets,12712,7417C4A7,24701
0,0,COM3D2x64_Data\sharedassets93.assets,10444,50DD2485,24701
0,0,COM3D2x64_Data\sharedassets94.assets,6928,6A615896,24701
0,0,COM3D2x64_Data\sharedassets95.assets,6436,E3EF0B47,24701
0,0,COM3D2x64_Data\sharedassets96.assets,11732,A2B1B9AD,24701
0,0,COM3D2x64_Data\sharedassets96.resource,2729184,2D4064D6,24701
0,0,COM3D2x64_Data\sharedassets97.assets,11596,BA19F976,24701
0,0,COM3D2x64_Data\sharedassets98.assets,8296,F48BED09,24701
0,0,COM3D2x64_Data\sharedassets99.assets,7612,6E41C977,24701
0,0,COM3D2x64_Data\sharedassets100.assets,353948,E8B40D5F,24701
0,0,COM3D2x64_Data\sharedassets100.assets.resS,2272048,E50143CB,24701
0,0,COM3D2x64_Data\sharedassets100.resource,6236800,C7E9CFDE,24701
0,0,COM3D2x64_Data\sharedassets101.assets,6568400,36E3BA00,24701
0,0,COM3D2x64_Data\sharedassets101.assets.resS,10936,3B0D7ADF,24701
0,0,COM3D2x64_Data\sharedassets101.resource,1136352,956B5452,24701
0,0,COM3D2x64_Data\sharedassets102.assets,10312,FCCA30DE,24701
0,0,COM3D2x64_Data\sharedassets103.assets,12844,EB923C43,24701
0,0,COM3D2x64_Data\sharedassets104.assets,9640,31CDCA54,24701
0,0,COM3D2x64_Data\sharedassets105.assets,9764,C59F8A8D,24701
0,0,COM3D2x64_Data\sharedassets105.resource,1003968,52A085C2,24701
0,0,COM3D2x64_Data\sharedassets106.assets,13000,57988B38,24701
0,0,COM3D2x64_Data\sharedassets107.assets,12904,0C423D6E,24701
0,0,COM3D2x64_Data\sharedassets108.assets,9580,1FFA01B3,24701
0,0,COM3D2x64_Data\sharedassets109.assets,13348,E1DF57E7,24701
0,0,COM3D2x64_Data\sharedassets109.resource,1166848,2709F6C2,24701
0,0,COM3D2x64_Data\sharedassets110.assets,9892,DBA8DD17,24701
0,0,COM3D2x64_Data\sharedassets111.assets,6664,BEB8F5BA,24701
0,0,COM3D2x64_Data\sharedassets112.assets,6664,BEB8F5BA,24701
0,0,COM3D2x64_Data\sharedassets113.assets,6628,9A3B0B20,24701
0,0,COM3D2x64_Data\sharedassets114.assets,6340,59EDB079,24701
0,0,COM3D2x64_Data\sharedassets115.assets,6628,9A3B0B20,24701
0,0,COM3D2x64_Data\sharedassets116.assets,6724,60FAE02F,24701
0,0,COM3D2x64_Data\sharedassets117.assets,6628,9A3B0B20,24701
0,0,COM3D2x64_Data\sharedassets118.assets,12856,9E704ED4,24701
0,0,COM3D2x64_Data\sharedassets119.assets,9544,38AECDA4,24701
0,0,COM3D2x64_Data\sharedassets120.assets,394920,F4754419,24701
0,0,COM3D2x64_Data\sharedassets120.assets.resS,2184640,DF887086,24701
0,0,COM3D2x64_Data\sharedassets121.assets,9748,0DF36DD2,24701
0,0,COM3D2x64_Data\sharedassets121.resource,2751968,AE761A89,24701
0,0,COM3D2x64_Data\sharedassets122.assets,12928,692834C1,24701
0,0,COM3D2x64_Data\sharedassets123.assets,12964,03D1D5A5,24701
0,0,COM3D2x64_Data\sharedassets124.assets,9640,786137D2,24701
0,0,COM3D2x64_Data\sharedassets125.assets,7172,EB675A9A,24701
0,0,COM3D2x64_Data\sharedassets125.resource,6331552,B816A215,24701
0,0,COM3D2x64_Data\sharedassets126.assets,7048,9D6C614A,24701
0,0,COM3D2x64_Data\sharedassets127.assets,86916,9AE74429,24701
0,0,COM3D2x64_Data\sharedassets127.resource,8838816,EBFF12DA,24701
0,0,COM3D2x64_Data\sharedassets128.assets,8200,03E026A8,24701
0,0,COM3D2x64_Data\sharedassets129.assets,7840,F0B3CEDF,24701
0,0,COM3D2x64_Data\sharedassets130.assets,11332,7BEA8B53,24701
0,0,COM3D2x64_Data\sharedassets131.assets,8140,D525F89A,24701
0,0,COM3D2x64_Data\sharedassets132.assets,615896,5E4EA4AD,24701
0,0,COM3D2x64_Data\sharedassets132.assets.resS,6138632,73B447A4,24701
0,0,COM3D2x64_Data\sharedassets133.assets,7024,A4305468,24701
0,0,COM3D2x64_Data\sharedassets134.assets,6928,2FCA36DF,24701
0,0,COM3D2x64_Data\sharedassets135.assets,6928,2FCA36DF,24701
0,0,COM3D2x64_Data\sharedassets136.assets,6928,2FCA36DF,24701
0,0,COM3D2x64_Data\sharedassets137.assets,6928,2FCA36DF,24701
0,0,COM3D2x64_Data\sharedassets138.assets,6928,2FCA36DF,24701
0,0,COM3D2x64_Data\sharedassets139.assets,6928,2FCA36DF,24701
0,0,COM3D2x64_Data\sharedassets140.assets,6628,9A3B0B20,24701
0,0,COM3D2x64_Data\sharedassets141.assets,6628,9A3B0B20,24701
0,0,COM3D2x64_Data\sharedassets142.assets,6628,9A3B0B20,24701
0,0,COM3D2x64_Data\sharedassets143.assets,6628,9A3B0B20,24701
0,0,COM3D2x64_Data\sharedassets144.assets,6628,9A3B0B20,24701
0,0,COM3D2x64_Data\sharedassets145.assets,6628,9A3B0B20,24701
0,0,COM3D2x64_Data\sharedassets146.assets,6628,9A3B0B20,24701
0,0,COM3D2x64_Data\sharedassets147.assets,6928,2FCA36DF,24701
0,0,COM3D2x64_Data\sharedassets148.assets,6448,25674E5E,24701
0,0,COM3D2x64_Data\sharedassets149.assets,6160,904F5890,24701
0,0,COM3D2x64_Data\sharedassets150.assets,7276,7CE4D6CA,24701
0,0,COM3D2x64_Data\sharedassets151.assets,213676,1E9503D2,24701
0,0,COM3D2x64_Data\sharedassets151.assets.resS,174776,583F8A72,24701
0,0,COM3D2x64_Data\sharedassets152.assets,10260,90DF9C19,24701
0,0,COM3D2x64_Data\sharedassets153.assets,6448,3AF023A0,24701
0,0,COM3D2x64_Data\sharedassets154.assets,6448,65E7442D,24701
0,0,COM3D2x64_Data\sharedassets155.assets,6568,247209D7,24701
0,0,COM3D2x64_Data\sharedassets156.assets,31048,F9E5D550,24701
0,0,COM3D2x64_Data\sharedassets156.assets.resS,443916,A639F74F,24701
0,0,COM3D2x64.exe,22841856,A9562BF9,24701
share,../com3d2data\GameData\ja\voice2.arc,GameData\voice2.arc,1000644442,CFC4C919,24701
share,../com3d2data\GameData\ja_script\script.arc,GameData\script.arc,17187369,B2BB2A56,24712
share,../com3d2data\GameData\ja_script\script_bv001_2.arc,GameData\script_bv001_2.arc,1362,C0CA1A35,24701
share,../com3d2data\GameData\ja_script\script_cw007_2.arc,GameData\script_cw007_2.arc,7298,E608A1A0,24701
share,../com3d2data\GameData\ja_script\script_gp002_2.arc,GameData\script_gp002_2.arc,1511862,DE75A651,24701
share,../com3d2data\GameData\ja_script\script_omytgc037_2.arc,GameData\script_omytgc037_2.arc,9538,C4BC3D69,24701
share,../com3d2data\GameData\ja_script\script_omytgc038_2.arc,GameData\script_omytgc038_2.arc,15602,E43F4F5D,24701
share,../com3d2data\GameData\ja_script\script_ordermade003_2.arc,GameData\script_ordermade003_2.arc,227515,7446D38F,24701
share,../com3d2data\GameData\ja_script\script_personal_om012_2.arc,GameData\script_personal_om012_2.arc,250279,125A7660,24701
share,../com3d2data\GameData\ja_script\script_snackempire001_2.arc,GameData\script_snackempire001_2.arc,11922,49BEE1FF,24701
share,../com3d2data\GameData\ja_script\script_x001_2.arc,GameData\script_x001_2.arc,23155888,721B4813,24701
share,../com3d2data\GameData\ja_script\script_x001plus_2.arc,GameData\script_x001plus_2.arc,23472365,9CC6B3B8,24701
share,../com3d2data\GameData\ja_script\script_xx_bv001_2.arc,GameData\script_xx_bv001_2.arc,101658,35BF3EB3,24701
share,../com3d2data\GameData\patch\csv.arc,GameData\csv.arc,47307273,6C4B84D3,24709
share,../com3d2data\GameData\patch\csv_bv001_2.arc,GameData\csv_bv001_2.arc,1394,3419AABB,24701
share,../com3d2data\GameData\patch\parts_bv001_2.arc,GameData\parts_bv001_2.arc,3442,396F38D6,24701
share,../com3d2data\GameData\patch\parts_cas141_2.arc,GameData\parts_cas141_2.arc,87794,C8B8F370,24701
share,../com3d2data\GameData\patch\parts_dlc388_2.arc,GameData\parts_dlc388_2.arc,554850,AFA69AA0,24701
share,../com3d2data\GameData\patch\parts_dlc475_2.arc,GameData\parts_dlc475_2.arc,14108761,97487DDB,24701
share,../com3d2data\GameData\patch\parts_dlc522_2.arc,GameData\parts_dlc522_2.arc,429964,7411FE60,24701
share,../com3d2data\GameData\patch\parts_dlc538_2.arc,GameData\parts_dlc538_2.arc,3394,FE9038EE,24701
share,../com3d2data\GameData\patch\parts_oldplus011hair1_2.arc,GameData\parts_oldplus011hair1_2.arc,2850,7E45A630,24701
share,../com3d2data\GameData\patch\parts_ordermade_pure_2.arc,GameData\parts_ordermade_pure_2.arc,577624,AD5B0F50,24701
share,../com3d2data\GameData\patch\parts2.arc,GameData\parts2.arc,235126291,436FD127,24706
share,../com3d2data\GameData\patch\paths.dat,GameData\paths.dat,21299,DF7D6669,24710
share,../com3d2data\GameData\patch\prioritymaterial.arc,GameData\prioritymaterial.arc,904341,6FF4733A,24706
share,../com3d2data\GameData\patch\system2.arc,GameData\system2.arc,121854644,CAE840AF,24701
share,../com3d2data\GameData_20\menu_bv001_2.arc,GameData_20\menu_bv001_2.arc,3682,074B851C,1754
share,../com3d2data\GameData_20\menu_dlc538_2.arc,GameData_20\menu_dlc538_2.arc,3650,5108511A,1754
share,../com3d2data\GameData_20\model_cas141_2.arc,GameData_20\model_cas141_2.arc,86614,EA312133,1754
share,../com3d2data\GameData_20\model_dlc388_2.arc,GameData_20\model_dlc388_2.arc,552662,27F4BA27,1754
share,../com3d2data\GameData_20\model_dlc475_2.arc,GameData_20\model_dlc475_2.arc,1558632,69F41A60,1754
share,../com3d2data\GameData_20\model_dlc522_2.arc,GameData_20\model_dlc522_2.arc,428795,5FCFC9AA,1754
share,../com3d2data\GameData_20\paths.dat,GameData_20\paths.dat,15824,2CF0C625,1846
share,../com3d2data\GameData_20\prioritymaterial.arc,GameData_20\prioritymaterial.arc,468249,84D0D658,1847
