0,0,COM3D2OH.exe,6623232,E30BEDE0,2006
0,0,COM3D2OHx64.exe,22841856,858642A8,1410
0,0,LICENSE,31205,24BAD003,1410
0,0,COM3D2OHx64_Data\app.info,42,6CD75754,1410
0,0,COM3D2OHx64_Data\globalgamemanagers,4395844,089763BB,1410
0,0,COM3D2OHx64_Data\globalgamemanagers.assets,241444,8848854B,1410
0,0,COM3D2OHx64_Data\level0,325500,8046319B,1410
0,0,COM3D2OHx64_Data\level1,348644,A2261A21,1410
0,0,COM3D2OHx64_Data\level10,696852,53014AD9,1410
0,0,COM3D2OHx64_Data\level11,7476,3B1F6532,1410
0,0,COM3D2OHx64_Data\level12,327956,A255EAD7,1410
0,0,COM3D2OHx64_Data\level13,4664,E633C92B,1410
0,0,COM3D2OHx64_Data\level14,344644,656DE86B,1410
0,0,COM3D2OHx64_Data\level15,334340,575E09B6,1410
0,0,COM3D2OHx64_Data\level16,955436,18041E1C,1410
0,0,COM3D2OHx64_Data\level17,427164,41C90367,1410
0,0,COM3D2OHx64_Data\level18,1085092,5EEA8A15,1410
0,0,COM3D2OHx64_Data\level19,410644,B83FE2AE,1410
0,0,COM3D2OHx64_Data\level2,740276,D63F39AE,1410
0,0,COM3D2OHx64_Data\level20,2187796,69390DEB,1410
0,0,COM3D2OHx64_Data\level21,1115100,61EC3B3E,1410
0,0,COM3D2OHx64_Data\level22,1088404,617A0DAF,1410
0,0,COM3D2OHx64_Data\level23,447692,FB4C6EF8,1410
0,0,COM3D2OHx64_Data\level24,27904,6DEDD125,1410
0,0,COM3D2OHx64_Data\level24.resS,131232,851AC384,1410
0,0,COM3D2OHx64_Data\level25,51676,AAE5D16D,1410
0,0,COM3D2OHx64_Data\level26,56036,BB5819DC,1410
0,0,COM3D2OHx64_Data\level27,6832,2225F473,1410
0,0,COM3D2OHx64_Data\level28,326404,B3302EC5,1410
0,0,COM3D2OHx64_Data\level29,1576404,C4C0E14B,1410
0,0,COM3D2OHx64_Data\level3,1212948,F4610912,1410
0,0,COM3D2OHx64_Data\level30,1433036,790E89B5,1410
0,0,COM3D2OHx64_Data\level31,1454636,0E7410CD,1410
0,0,COM3D2OHx64_Data\level32,1349868,BEAEC36F,1410
0,0,COM3D2OHx64_Data\level33,1414340,C94C0E9B,1410
0,0,COM3D2OHx64_Data\level34,1539748,BF3C518C,1410
0,0,COM3D2OHx64_Data\level35,1276748,2DDD86AC,1410
0,0,COM3D2OHx64_Data\level36,1027356,9BC7A6A4,1410
0,0,COM3D2OHx64_Data\level37,1034644,26E468A7,1410
0,0,COM3D2OHx64_Data\level38,1276748,751C54D7,1410
0,0,COM3D2OHx64_Data\level39,1157340,FF5E478C,1410
0,0,COM3D2OHx64_Data\level4,1284068,60CE53CB,1410
0,0,COM3D2OHx64_Data\level40,945908,35277C2E,1410
0,0,COM3D2OHx64_Data\level41,1232316,FA447A8C,1410
0,0,COM3D2OHx64_Data\level42,1374788,C4358BE9,1410
0,0,COM3D2OHx64_Data\level43,1333316,063B4A58,1410
0,0,COM3D2OHx64_Data\level44,918140,64680A50,1410
0,0,COM3D2OHx64_Data\level45,401308,4B847B0E,1410
0,0,COM3D2OHx64_Data\level46,397676,476A25B1,1410
0,0,COM3D2OHx64_Data\level47,441388,D58B65B9,1410
0,0,COM3D2OHx64_Data\level48,463516,A82814A2,1410
0,0,COM3D2OHx64_Data\level49,391916,0B38644A,1410
0,0,COM3D2OHx64_Data\level5,326996,8FD4367A,1410
0,0,COM3D2OHx64_Data\level50,451876,A52E6D65,1410
0,0,COM3D2OHx64_Data\level51,1040316,A2E67676,1410
0,0,COM3D2OHx64_Data\level52,964716,37F427F9,1410
0,0,COM3D2OHx64_Data\level53,444596,DDD19D41,1410
0,0,COM3D2OHx64_Data\level54,466740,1161D083,1410
0,0,COM3D2OHx64_Data\level55,457324,90BBBB4A,1410
0,0,COM3D2OHx64_Data\level56,1044724,6AE68D85,1410
0,0,COM3D2OHx64_Data\level57,1004996,FFBABBF5,1410
0,0,COM3D2OHx64_Data\level58,450372,FE0296C4,1410
0,0,COM3D2OHx64_Data\level59,434892,607CD50E,1410
0,0,COM3D2OHx64_Data\level6,417156,3E848580,1410
0,0,COM3D2OHx64_Data\level60,416564,5CF46D96,1410
0,0,COM3D2OHx64_Data\level61,1384116,BE77C4F8,1410
0,0,COM3D2OHx64_Data\level62,1324868,54B0F01D,1410
0,0,COM3D2OHx64_Data\level63,503388,3348068F,1410
0,0,COM3D2OHx64_Data\level64,405516,B1130082,1410
0,0,COM3D2OHx64_Data\level65,1252884,7E0E9568,1410
0,0,COM3D2OHx64_Data\level66,970716,23C6C137,1410
0,0,COM3D2OHx64_Data\level67,1429188,7E1D7370,1410
0,0,COM3D2OHx64_Data\level68,1370340,6B67BEDE,1410
0,0,COM3D2OHx64_Data\level69,1576412,98A1F498,1410
0,0,COM3D2OHx64_Data\level7,326012,C4A32CCA,1410
0,0,COM3D2OHx64_Data\level70,1539756,660A5C03,1410
0,0,COM3D2OHx64_Data\level71,1371492,2BB9E0BA,1410
0,0,COM3D2OHx64_Data\level72,1337436,47B644DF,1410
0,0,COM3D2OHx64_Data\level73,373180,570858FD,1410
0,0,COM3D2OHx64_Data\level74,370748,A553E2F9,1410
0,0,COM3D2OHx64_Data\level75,1050596,A08E98C4,1410
0,0,COM3D2OHx64_Data\level76,851884,84EC2BD6,1410
0,0,COM3D2OHx64_Data\level77,958652,56AC4B8E,1410
0,0,COM3D2OHx64_Data\level78,852844,CB5D6D72,1410
0,0,COM3D2OHx64_Data\level79,1030212,0B4B3B5A,1410
0,0,COM3D2OHx64_Data\level8,393460,CFF036B5,1410
0,0,COM3D2OHx64_Data\level80,1693572,AEC3975F,1410
0,0,COM3D2OHx64_Data\level81,1644644,05DC8309,1410
0,0,COM3D2OHx64_Data\level82,1113420,F4016DDB,1410
0,0,COM3D2OHx64_Data\level83,1057092,E6F7BA0C,1410
0,0,COM3D2OHx64_Data\level84,1512532,8642CD38,1410
0,0,COM3D2OHx64_Data\level85,1611468,6FFA401C,1410
0,0,COM3D2OHx64_Data\level9,329124,402ACE0D,1410
0,0,COM3D2OHx64_Data\resources.assets,410009000,9CC643FF,1410
0,0,COM3D2OHx64_Data\resources.assets.resS,1764395340,A4DFCD3C,1410
0,0,COM3D2OHx64_Data\resources.resource,727392,54F90BDA,1410
0,0,COM3D2OHx64_Data\sharedassets0.assets,115226516,07E5A901,1410
0,0,COM3D2OHx64_Data\sharedassets0.assets.resS,28071636,A1AB9432,1410
0,0,COM3D2OHx64_Data\sharedassets1.assets,6256,5C856FD1,1410
0,0,COM3D2OHx64_Data\sharedassets10.assets,6652,B6E07BFE,1410
0,0,COM3D2OHx64_Data\sharedassets11.assets,4564,69B3C32C,1410
0,0,COM3D2OHx64_Data\sharedassets12.assets,6148,80529205,1410
0,0,COM3D2OHx64_Data\sharedassets13.assets,4132,D4EEE35B,1410
0,0,COM3D2OHx64_Data\sharedassets14.assets,6868,37CFC7E8,1410
0,0,COM3D2OHx64_Data\sharedassets15.assets,6232,AB375B09,1410
0,0,COM3D2OHx64_Data\sharedassets16.assets,12592,BD41D2AD,1410
0,0,COM3D2OHx64_Data\sharedassets17.assets,6292,0AEC1935,1410
0,0,COM3D2OHx64_Data\sharedassets18.assets,12688,AC3638F0,1410
0,0,COM3D2OHx64_Data\sharedassets19.assets,6316,B2DA8898,1410
0,0,COM3D2OHx64_Data\sharedassets2.assets,6556,6637E4BE,1410
0,0,COM3D2OHx64_Data\sharedassets20.assets,7096,CFBBDDBA,1410
0,0,COM3D2OHx64_Data\sharedassets21.assets,12664,362940CB,1410
0,0,COM3D2OHx64_Data\sharedassets22.assets,12664,362940CB,1410
0,0,COM3D2OHx64_Data\sharedassets23.assets,18126856,637CE2CD,1410
0,0,COM3D2OHx64_Data\sharedassets24.assets,12328,929D0000,1410
0,0,COM3D2OHx64_Data\sharedassets25.assets,4420,5B2FB45B,1410
0,0,COM3D2OHx64_Data\sharedassets26.assets,4324,F8E0360D,1410
0,0,COM3D2OHx64_Data\sharedassets27.assets,4264,8406B86A,1410
0,0,COM3D2OHx64_Data\sharedassets28.assets,6124,FA2899A5,1410
0,0,COM3D2OHx64_Data\sharedassets29.assets,12592,D7D5DE36,1410
0,0,COM3D2OHx64_Data\sharedassets3.assets,12916,AE07D877,1410
0,0,COM3D2OHx64_Data\sharedassets30.assets,12592,4CC77180,1410
0,0,COM3D2OHx64_Data\sharedassets31.assets,12592,C102D0F1,1410
0,0,COM3D2OHx64_Data\sharedassets32.assets,9352,BEB76770,1410
0,0,COM3D2OHx64_Data\sharedassets33.assets,9460,A5F129FD,1410
0,0,COM3D2OHx64_Data\sharedassets34.assets,9448,A0A62A48,1410
0,0,COM3D2OHx64_Data\sharedassets35.assets,12676,6C24D66E,1410
0,0,COM3D2OHx64_Data\sharedassets36.assets,9244,F52E4708,1410
0,0,COM3D2OHx64_Data\sharedassets37.assets,9280,1D6CB9B0,1410
0,0,COM3D2OHx64_Data\sharedassets38.assets,12676,6C24D66E,1410
0,0,COM3D2OHx64_Data\sharedassets39.assets,9484,B843A48F,1410
0,0,COM3D2OHx64_Data\sharedassets4.assets,7144,03B57A67,1410
0,0,COM3D2OHx64_Data\sharedassets40.assets,9280,1D6CB9B0,1410
0,0,COM3D2OHx64_Data\sharedassets41.assets,9424,606B5AB8,1410
0,0,COM3D2OHx64_Data\sharedassets42.assets,12592,6669A2C0,1410
0,0,COM3D2OHx64_Data\sharedassets43.assets,9460,A5F129FD,1410
0,0,COM3D2OHx64_Data\sharedassets44.assets,9448,A0A62A48,1410
0,0,COM3D2OHx64_Data\sharedassets45.assets,42236540,FC749FD6,1410
0,0,COM3D2OHx64_Data\sharedassets45.assets.resS,87400,8BA6C322,1410
0,0,COM3D2OHx64_Data\sharedassets46.assets,38246508,1F639AA1,1410
0,0,COM3D2OHx64_Data\sharedassets47.assets,32874604,D1F66312,1410
0,0,COM3D2OHx64_Data\sharedassets48.assets,36735684,A2AE4281,1410
0,0,COM3D2OHx64_Data\sharedassets48.assets.resS,174776,5B619AF1,1410
0,0,COM3D2OHx64_Data\sharedassets49.assets,41277360,53B35971,1410
0,0,COM3D2OHx64_Data\sharedassets5.assets,6136,57AFF783,1410
0,0,COM3D2OHx64_Data\sharedassets50.assets,39399112,5D4A8388,1410
0,0,COM3D2OHx64_Data\sharedassets51.assets,3017148,E4995E02,1410
0,0,COM3D2OHx64_Data\sharedassets51.assets.resS,611728,7BFBEAAE,1410
0,0,COM3D2OHx64_Data\sharedassets52.assets,9508,5F9769FF,1410
0,0,COM3D2OHx64_Data\sharedassets53.assets,6508,B4192604,1410
0,0,COM3D2OHx64_Data\sharedassets54.assets,6508,B4192604,1410
0,0,COM3D2OHx64_Data\sharedassets55.assets,6508,B4192604,1410
0,0,COM3D2OHx64_Data\sharedassets56.assets,12604,5E8E0483,1410
0,0,COM3D2OHx64_Data\sharedassets57.assets,9460,F25AC3BC,1410
0,0,COM3D2OHx64_Data\sharedassets58.assets,6472,77C0D3CD,1410
0,0,COM3D2OHx64_Data\sharedassets59.assets,59364,33F47EF6,1410
0,0,COM3D2OHx64_Data\sharedassets59.assets.resS,174776,B51EE5DC,1410
0,0,COM3D2OHx64_Data\sharedassets6.assets,7096,31E09F31,1410
0,0,COM3D2OHx64_Data\sharedassets60.assets,6484,393CD0E4,1410
0,0,COM3D2OHx64_Data\sharedassets61.assets,759664,75B0D583,1410
0,0,COM3D2OHx64_Data\sharedassets61.assets.resS,1310880,58801C35,1410
0,0,COM3D2OHx64_Data\sharedassets61.resource,1178176,90268BF4,1410
0,0,COM3D2OHx64_Data\sharedassets62.assets,9316,DBA0DB1B,1410
0,0,COM3D2OHx64_Data\sharedassets63.assets,3412512,199D5EB2,1410
0,0,COM3D2OHx64_Data\sharedassets63.assets.resS,6226112,B3E98769,1410
0,0,COM3D2OHx64_Data\sharedassets64.assets,6580,660795B5,1410
0,0,COM3D2OHx64_Data\sharedassets65.assets,13852,87255A75,1410
0,0,COM3D2OHx64_Data\sharedassets66.assets,9448,A0A62A48,1410
0,0,COM3D2OHx64_Data\sharedassets67.assets,12616,740B436E,1410
0,0,COM3D2OHx64_Data\sharedassets68.assets,9436,D9713491,1410
0,0,COM3D2OHx64_Data\sharedassets69.assets,12592,D7D5DE36,1410
0,0,COM3D2OHx64_Data\sharedassets7.assets,6088,EB820501,1410
0,0,COM3D2OHx64_Data\sharedassets70.assets,9448,A0A62A48,1410
0,0,COM3D2OHx64_Data\sharedassets71.assets,12616,740B436E,1410
0,0,COM3D2OHx64_Data\sharedassets72.assets,10384,AE024B93,1410
0,0,COM3D2OHx64_Data\sharedassets73.assets,6640,250A5A6B,1410
0,0,COM3D2OHx64_Data\sharedassets74.assets,6280,73E97D62,1410
0,0,COM3D2OHx64_Data\sharedassets75.assets,11692,12A90701,1410
0,0,COM3D2OHx64_Data\sharedassets75.resource,2729184,2D4064D6,1410
0,0,COM3D2OHx64_Data\sharedassets76.assets,11560,11C18D51,1410
0,0,COM3D2OHx64_Data\sharedassets77.assets,8296,42DC0F52,1410
0,0,COM3D2OHx64_Data\sharedassets78.assets,7612,F66B82CA,1410
0,0,COM3D2OHx64_Data\sharedassets79.assets,353884,3477EAD8,1410
0,0,COM3D2OHx64_Data\sharedassets79.assets.resS,2272048,E50143CB,1410
0,0,COM3D2OHx64_Data\sharedassets79.resource,6236800,C7E9CFDE,1410
0,0,COM3D2OHx64_Data\sharedassets8.assets,6328,B4757EC8,1410
0,0,COM3D2OHx64_Data\sharedassets80.assets,6568304,0C7EF944,1410
0,0,COM3D2OHx64_Data\sharedassets80.assets.resS,10936,3B0D7ADF,1410
0,0,COM3D2OHx64_Data\sharedassets80.resource,1136352,956B5452,1410
0,0,COM3D2OHx64_Data\sharedassets81.assets,10252,51887D6A,1410
0,0,COM3D2OHx64_Data\sharedassets82.assets,12796,0081B6ED,1410
0,0,COM3D2OHx64_Data\sharedassets83.assets,9592,99FCE86D,1410
0,0,COM3D2OHx64_Data\sharedassets84.assets,9716,676FDB93,1410
0,0,COM3D2OHx64_Data\sharedassets84.resource,1003968,52A085C2,1410
0,0,COM3D2OHx64_Data\sharedassets85.assets,12916,69121317,1410
0,0,COM3D2OHx64_Data\sharedassets9.assets,6232,64B6E79F,1410
0,0,COM3D2OHx64_Data\Managed\Accessibility.dll,10752,5CB31E4E,1410
0,0,COM3D2OHx64_Data\Managed\Assembly-CSharp-firstpass.dll,787456,42882535,1410
0,0,COM3D2OHx64_Data\Managed\Assembly-CSharp.dll,5437440,35AFA020,1410
0,0,COM3D2OHx64_Data\Managed\Assembly-UnityScript-firstpass.dll,65024,ABBA7394,1410
0,0,COM3D2OHx64_Data\Managed\Boo.Lang.dll,126976,28383F70,1410
0,0,COM3D2OHx64_Data\Managed\BouncyCastle.Crypto.dll,2236416,5A4C4F07,1410
0,0,COM3D2OHx64_Data\Managed\FoveUnityPlugin.dll,28672,A6EA882B,1410
0,0,COM3D2OHx64_Data\Managed\ICSharpCode.SharpZipLib.dll,200704,D3160A1C,1410
0,0,COM3D2OHx64_Data\Managed\Ionic.Zlib.dll,102400,7C9E7DD2,1410
0,0,COM3D2OHx64_Data\Managed\JsonFx.Json.dll,70144,A0F0CFCB,1410
0,0,COM3D2OHx64_Data\Managed\LeapCSharp.NET3.5.dll,82432,38E38212,1410
0,0,COM3D2OHx64_Data\Managed\Mono.Data.Tds.dll,96256,2965324B,1410
0,0,COM3D2OHx64_Data\Managed\Mono.Posix.dll,184320,0CE35BE3,1410
0,0,COM3D2OHx64_Data\Managed\Mono.Security.dll,294912,66EB9979,1410
0,0,COM3D2OHx64_Data\Managed\Mono.WebBrowser.dll,172032,137B736F,1410
0,0,COM3D2OHx64_Data\Managed\mscorlib.dll,2590208,5166389B,1410
0,0,COM3D2OHx64_Data\Managed\Newtonsoft.Json.dll,494592,5C881B73,1410
0,0,COM3D2OHx64_Data\Managed\System.Configuration.dll,124928,72952344,1410
0,0,COM3D2OHx64_Data\Managed\System.Core.dll,297472,9E3EE5D7,1410
0,0,COM3D2OHx64_Data\Managed\System.Data.dll,856064,DDDB80CD,1410
0,0,COM3D2OHx64_Data\Managed\System.dll,1679360,13922617,1410
0,0,COM3D2OHx64_Data\Managed\System.Drawing.Design.dll,29696,E7B53FF9,1410
0,0,COM3D2OHx64_Data\Managed\System.Drawing.dll,448512,C4B2E872,1410
0,0,COM3D2OHx64_Data\Managed\System.EnterpriseServices.dll,46592,2C72A9FE,1410
0,0,COM3D2OHx64_Data\Managed\System.Security.dll,135168,1CE94C57,1410
0,0,COM3D2OHx64_Data\Managed\System.Transactions.dll,27648,45299FCF,1410
0,0,COM3D2OHx64_Data\Managed\System.Windows.Forms.dll,3053568,56394001,1410
0,0,COM3D2OHx64_Data\Managed\System.Xml.dll,1270272,4581A35B,1410
0,0,COM3D2OHx64_Data\Managed\System.Xml.Linq.dll,106496,E844371C,1410
0,0,COM3D2OHx64_Data\Managed\UnityEngine.dll,1393152,2C35388C,1410
0,0,COM3D2OHx64_Data\Managed\UnityEngine.dll.mdb,449828,8610375E,1410
0,0,COM3D2OHx64_Data\Managed\UnityEngine.Networking.dll,253952,2BDF701F,1410
0,0,COM3D2OHx64_Data\Managed\UnityEngine.UI.dll,245760,FA552B2D,1410
0,0,COM3D2OHx64_Data\Managed\UnityEngine.VR.dll,3072,A4582CD6,1410
0,0,COM3D2OHx64_Data\Managed\UnityScript.Lang.dll,13824,0DA8F681,1410
0,0,COM3D2OHx64_Data\Managed\Win32.dll,13312,7781C2A2,1410
0,0,COM3D2OHx64_Data\Managed\zxing.unity.dll,430592,9FD1F198,1410
0,0,COM3D2OHx64_Data\Mono\mono.dll,2618816,0BEA8C0F,1410
0,0,COM3D2OHx64_Data\Mono\MonoPosixHelper.dll,113664,9B5E1E4D,1410
0,0,COM3D2OHx64_Data\Mono\etc\mono\browscap.ini,311984,CE6C0AB3,1410
0,0,COM3D2OHx64_Data\Mono\etc\mono\config,1691,A635914A,1410
0,0,COM3D2OHx64_Data\Mono\etc\mono\1.0\DefaultWsdlHelpGenerator.aspx,58196,10E814BF,1410
0,0,COM3D2OHx64_Data\Mono\etc\mono\1.0\machine.config,17258,EDE1AC59,1410
0,0,COM3D2OHx64_Data\Mono\etc\mono\2.0\DefaultWsdlHelpGenerator.aspx,60453,F3869A34,1410
0,0,COM3D2OHx64_Data\Mono\etc\mono\2.0\machine.config,27625,73C91C24,1410
0,0,COM3D2OHx64_Data\Mono\etc\mono\2.0\settings.map,2618,A1A3C29F,1410
0,0,COM3D2OHx64_Data\Mono\etc\mono\2.0\web.config,11686,534A9960,1410
0,0,COM3D2OHx64_Data\Mono\etc\mono\2.0\Browsers\Compat.browser,1605,2E178A0B,1410
0,0,COM3D2OHx64_Data\Mono\etc\mono\mconfig\config.xml,25817,80B2033A,1410
0,0,COM3D2OHx64_Data\Plugins\assimp.dll,4388864,7C910D84,1410
0,0,COM3D2OHx64_Data\Plugins\Audio360.dll,1499136,2D77400A,1410
0,0,COM3D2OHx64_Data\Plugins\AVProVideo.dll,891392,A3612D4B,1410
0,0,COM3D2OHx64_Data\Plugins\clothpp.dll,112128,7C3264A4,1410
0,0,COM3D2OHx64_Data\Plugins\cm3d2.dll,2100736,74B315EF,1410
0,0,COM3D2OHx64_Data\Plugins\device_hook.dll,738816,F61E7CED,1410
0,0,COM3D2OHx64_Data\Plugins\FoveClient.dll,1849384,58C8B4F6,1410
0,0,COM3D2OHx64_Data\Plugins\LeapC.dll,2516992,FBDD3767,1410
0,0,COM3D2OHx64_Data\Plugins\openvr_api.dll,318272,44432E0F,1410
0,0,COM3D2OHx64_Data\Plugins\OVRGamepad.dll,12800,2C526135,1410
0,0,COM3D2OHx64_Data\Plugins\OVRLipSync.dll,2512296,391C1F4C,1410
0,0,COM3D2OHx64_Data\Plugins\OVRPlugin.dll,1898408,5DD05B6C,1410
0,0,COM3D2OHx64_Data\Plugins\Win32-WebView.dll,504832,382AEE66,1410
0,0,COM3D2OHx64_Data\Resources\unity default resources,752360,71DB1AEA,1410
0,0,COM3D2OHx64_Data\Resources\unity_builtin_extra,284012,91145F7F,1410
0,0,COM3D2OHx64_Data\StreamingAssets\demo.html,683,A00BB8A2,1410
0,0,GameData\csv_cbl.arc,810008,75F9B77B,1410
0,0,GameData\motion_cbl2.arc,22222457,FD0F6146,1280
0,0,GameData\motion_cbl_3d21reserve_2.arc,153938,9CB83B59,1120
0,0,GameData\motion_cbl_denkigai2019s_2.arc,753524,B6E084B2,1410
0,0,GameData\motion_cbl_kissnohi001_2.arc,158468,9CE47192,1200
0,0,GameData\motion_cbl_vp001_2.arc,1659046,62219F7A,1250
0,0,GameData\script_cbl.arc,6023979,397D33F0,1410
0,0,GameData\script_cbl_omytgc001_2.arc,212278,5759B805,1210
0,0,GameData\script_cbl_ordermade001_2.arc,36866,2E4CD733,1210
0,0,GameData\script_cbl_ordermade002_2.arc,36466,DD7811A4,1210
0,0,GameData\script_cbl_ordermade003_2.arc,3026,080F3688,1250
0,0,GameData\script_cbl_ordermade004_2.arc,3250,96221889,1250
0,0,GameData\script_cbl_personal_om002_2.arc,1730,BC1779C2,1250
0,0,GameData\script_cbl_personal_om003plus_2.arc,5282,34A5C955,1360
0,0,GameData\script_cbl_personal_om004_2.arc,1954,3FEFD65F,1280
0,0,GameData\script_cbl_personal_om004plus_2.arc,5490,15D3F64F,1360
0,0,GameData\script_cbl_personal_om005plus_2.arc,5058,9471327B,1360
0,0,GameData\script_cbl_s2.arc,1170205,611FCB43,1230
0,0,GameData\voice_cbl_s2.arc,160897961,3132D9C8,1301
0,0,manual\index.html,52620,3D3D5ACF,1170
0,0,manual\css\index.css,7168,D11B8AF5,1170
0,0,manual\img\chu-blip2.jpg,78933,95522903,1170
0,0,manual\img\com3d2wcls2_logo.png,107288,47D023F7,1170
0,0,manual\img\config.jpg,167519,C5E4FAF3,1170
0,0,manual\img\menu001.jpg,13885,25B66329,1170
0,0,manual\img\menu002.jpg,24247,87A4205F,1170
0,0,manual\img\yotogi04.jpg,239859,141EC205,1170
0,0,manual\img\yotogi05.jpg,187720,9C93EE69,1170
share,GameData\patch\bg_kissevent2018_sp_card_2.arc,GameData\bg_kissevent2018_sp_card_2.arc,493322,140250D1,1100
share,GameData\patch\bg_sp001_2.arc,GameData\bg_sp001_2.arc,16204240,91030B15,1000
share,GameData\patch\bg_sp004_2.arc,GameData\bg_sp004_2.arc,35284425,D79D7E66,1290
share,GameData\patch\csv.arc,GameData\csv.arc,6646009,C0E3C89A,1410
share,GameData\patch\csv_3d21reserve2_2.arc,GameData\csv_3d21reserve2_2.arc,51058,6AD913F3,1380
share,GameData\patch\csv_dlc305_2.arc,GameData\csv_dlc305_2.arc,67779,3D73BCB9,1380
share,GameData\patch\csv_denkigai2018wpcard_2.arc,GameData\csv_denkigai2018wpcard_2.arc,450,CD1D6826,1331
share,GameData\patch\csv_gp001_2.arc,GameData\csv_gp001_2.arc,34178,AA372C5C,1270
share,GameData\patch\csv_jp.arc,GameData\csv_jp.arc,13747,BE714C79,1310
share,GameData\patch\csv_personal_om006_2.arc,GameData\csv_personal_om006_2.arc,1426,AB118368,1350
share,GameData\patch\csv_old_2.arc,GameData\csv_old_2.arc,1746,7AD2A97C,1150
share,GameData\patch\csv_ordermade001_2.arc,GameData\csv_ordermade001_2.arc,770,422A7575,1150
share,GameData\patch\parts2.arc,GameData\parts2.arc,164398901,07C7F79B,1410
share,GameData\patch\parts_cw001cloth3_2.arc,GameData\parts_cw001cloth3_2.arc,4370,1F2FFFCD,1380
share,GameData\patch\parts_denkigai2019s_2.arc,GameData\parts_denkigai2019s_2.arc,6565399,1351B41C,1352
share,GameData\patch\parts_dlc209_2.arc,GameData\parts_dlc209_2.arc,1363413,BF1ABBC0,1171
share,GameData\patch\parts_dlc216_2.arc,GameData\parts_dlc216_2.arc,932171,E7454670,1200
share,GameData\patch\parts_dlc232_2.arc,GameData\parts_dlc232_2.arc,3682,115DEE3E,1250
share,GameData\patch\parts_dlc241_2.arc,GameData\parts_dlc241_2.arc,1618,5C4797C1,1380
share,GameData\patch\parts_dlc267_2.arc,GameData\parts_dlc267_2.arc,2317684,C3E93D7B,1331
share,GameData\patch\parts_dlc268_2.arc,GameData\parts_dlc268_2.arc,465617,1FC74BD4,1320
share,GameData\patch\parts_dlc268ns_2.arc,GameData\parts_dlc268ns_2.arc,465634,269DB210,1320
share,GameData\patch\parts_dlc279_2.arc,GameData\parts_dlc279_2.arc,6171073,DF439D14,1331
share,GameData\patch\parts_gp001_2.arc,GameData\parts_gp001_2.arc,62132696,65C9D948,1410
share,GameData\patch\parts_karaoke001_2.arc,GameData\parts_karaoke001_2.arc,453245,11C970D3,1280
share,GameData\patch\parts_magazine003_2.arc,GameData\parts_magazine003_2.arc,201385,3A5B273D,1120
share,GameData\patch\parts_omvr.arc,GameData\parts_omvr.arc,3206509,4F0D0480,1120
share,GameData\patch\parts_personal_om006_2.arc,GameData\parts_personal_om006_2.arc,307194,3FCB0A15,1331
share,GameData\patch\parts_kissevent2018_2.arc,GameData\parts_kissevent2018_2.arc,5570,005BBD00,1100
share,GameData\patch\parts_shop016_2.arc,GameData\parts_shop016_2.arc,171410,3D70CEC4,1060
share,GameData\patch\parts_sp002cloth1_2.arc,GameData\parts_sp002cloth1_2.arc,10930,46512519,1250
share,GameData\patch\parts_sp002cloth2_2.arc,GameData\parts_sp002cloth2_2.arc,1825089,3BCD25A8,1352
share,GameData\patch\parts_sp003cloth3_2.arc,GameData\parts_sp003cloth3_2.arc,2971010,1DD812CE,1410
share,GameData\patch\parts_sp005cloth2_2.arc,GameData\parts_sp005cloth2_2.arc,23826,9ECA62AD,1312
share,GameData\patch\parts_vac001_2.arc,GameData\parts_vac001_2.arc,6706,959CBD1B,1250
share,GameData\patch\paths.dat,GameData\paths.dat,6658,415740B8,1410
share,GameData\patch\prioritymaterial.arc,GameData\prioritymaterial.arc,368948,B349A618,1410
share,GameData\patch\script_share_karaoke_2.arc,GameData\script_share_karaoke_2.arc,8158,9FD5683F,1333
share,GameData\patch\sound2.arc,GameData\sound2.arc,4054324,EC955071,1370
share,GameData\patch\system2.arc,GameData\system2.arc,14570363,A60F8067,1360
share,GameData\patch\system_gp001_2.arc,GameData\system_gp001_2.arc,6758158,C5047B0C,1301
share,GameData\patch\system_gp002_2.arc,GameData\system_gp002_2.arc,3352431,A85DA78B,1350
share,GameData\patch\voice_gp001_2.arc,GameData\voice_gp001_2.arc,128499501,74943317,1270
share,GameData_20\bg_vp001_2.arc,GameData_20\bg_vp001_2.arc,283046,A7A90EE1,1190
share,GameData_20\material_denkigai2015w_2.arc,GameData_20\material_denkigai2015w_2.arc,3490,F06AAABE,1090
share,GameData_20\material_dlc195_2.arc,GameData_20\material_dlc195_2.arc,1746,ECFBFE17,1090
share,GameData_20\material_dlcdenkigai2015w_2.arc,GameData_20\material_dlcdenkigai2015w_2.arc,3522,D35394D7,1090
share,GameData_20\material_dlcdenkigai2017w_2.arc,GameData_20\material_dlcdenkigai2017w_2.arc,3506,40FF8AFA,1090
share,GameData_20\material_kissevent2017march_2.arc,GameData_20\material_kissevent2017march_2.arc,3538,7A6FC5CF,1090
share,GameData_20\menu_dlc195_2.arc,GameData_20\menu_dlc195_2.arc,1170,BF163DDC,1090
share,GameData_20\model_denkigai2015w_2.arc,GameData_20\model_denkigai2015w_2.arc,174373,F9233759,1090
share,GameData_20\model_dlc195_2.arc,GameData_20\model_dlc195_2.arc,583563,16C95E54,1090
share,GameData_20\model_dlcdenkigai2015w_2.arc,GameData_20\model_dlcdenkigai2015w_2.arc,174400,BE6E5467,1090
share,GameData_20\model_dlcdenkigai2017w_2.arc,GameData_20\model_dlcdenkigai2017w_2.arc,181384,6D5B735E,1090
share,GameData_20\model_kissevent2017march_2.arc,GameData_20\model_kissevent2017march_2.arc,190682,21F32FCB,1090
share,GameData_20\texture_dlc195_2.arc,GameData_20\texture_dlc195_2.arc,16075880,456A4C76,1090
share,GameData_20\paths.dat,GameData_20\paths.dat,5091,D094E2BE,1580
share,GameData_20\prioritymaterial.arc,GameData_20\prioritymaterial.arc,221488,580931AC,1582
share,GameData_20\material_denkigai2015s003_2.arc,GameData_20\material_denkigai2015s003_2.arc,7106,0C82D791,1150
share,GameData_20\material_denkigai2015wTowelR.arc,GameData_20\material_denkigai2015wTowelR.arc,1602,618192B9,1360
share,GameData_20\material_dlc055_2.arc,GameData_20\material_dlc055_2.arc,5282,11A93109,1280
share,GameData_20\material_dlsite_2.arc,GameData_20\material_dlsite_2.arc,1762,C5A837EA,1150
share,GameData_20\material_shop001_2.arc,GameData_20\material_shop001_2.arc,1762,D98CED1C,1150
share,GameData_20\material_shop002_2.arc,GameData_20\material_shop002_2.arc,1762,956BB00E,1150
share,GameData_20\material_shop003_2.arc,GameData_20\material_shop003_2.arc,1762,38CEBFF2,1150
share,GameData_20\material_shop005_2.arc,GameData_20\material_shop005_2.arc,1714,3E621A32,1150
share,GameData_20\material_shop007_2.arc,GameData_20\material_shop007_2.arc,2578,C8CE627C,1150
share,GameData_20\material_vp001_2.arc,GameData_20\material_vp001_2.arc,11890,8CB043B0,1400
share,GameData_20\material_yomeido003_2.arc,GameData_20\material_yomeido003_2.arc,1522,0689A7AC,1240
share,GameData_20\menu_denkigai2015s001_2.arc,GameData_20\menu_denkigai2015s001_2.arc,6594,8B3E849F,1160
share,GameData_20\menu_denkigai2015s003_2.arc,GameData_20\menu_denkigai2015s003_2.arc,4338,D294CE88,1150
share,GameData_20\menu_denkigai2015wTowelR.arc,GameData_20\menu_denkigai2015wTowelR.arc,1282,CECEE1FC,1360
share,GameData_20\menu_denkigai2016s_2.arc,GameData_20\menu_denkigai2016s_2.arc,1346,4A9440B1,1351
share,GameData_20\menu_denkigai2016w_2.arc,GameData_20\menu_denkigai2016w_2.arc,15154,C8D64D3B,1450
share,GameData_20\menu_denkigai2017s_2.arc,GameData_20\menu_denkigai2017s_2.arc,1218,267B1338,1540
share,GameData_20\menu_dlcdenkigai2016w_2.arc,GameData_20\menu_dlcdenkigai2016w_2.arc,13522,45E7F667,1450
share,GameData_20\menu_dlcdenkigai2017s_2.arc,GameData_20\menu_dlcdenkigai2017s_2.arc,1218,A6C83B5D,1540
share,GameData_20\menu_dlc026_2.arc,GameData_20\menu_dlc026_2.arc,3778,69453D54,1190
share,GameData_20\menu_dlc028_2.arc,GameData_20\menu_dlc028_2.arc,3874,DE3F1C31,1200
share,GameData_20\menu_dlc041_2.arc,GameData_20\menu_dlc041_2.arc,6786,97F738D3,1380
share,GameData_20\menu_dlc042_2.arc,GameData_20\menu_dlc042_2.arc,1154,EE4016C0,1440
share,GameData_20\menu_dlc049_2.arc,GameData_20\menu_dlc049_2.arc,3106,E30D6F4C,1522
share,GameData_20\menu_dlc061_2.arc,GameData_20\menu_dlc061_2.arc,3810,F99C1D4E,1290
share,GameData_20\menu_dlc065_2.arc,GameData_20\menu_dlc065_2.arc,7602,D9387834,1380
share,GameData_20\menu_dlc074_2.arc,GameData_20\menu_dlc074_2.arc,5618,24C559D7,1312
share,GameData_20\menu_dlc100_2.arc,GameData_20\menu_dlc100_2.arc,1250,DFF94E9A,1400
share,GameData_20\menu_dlc101_2.arc,GameData_20\menu_dlc101_2.arc,1218,44DB4049,1481
share,GameData_20\menu_dlsite_2.arc,GameData_20\menu_dlsite_2.arc,1954,B2268BA7,1150
share,GameData_20\menu_kissevent2017march.arc,GameData_20\menu_kissevent2017march.arc,281,FF4EEB9B,1522
share,GameData_20\menu_kissevent2017march_2.arc,GameData_20\menu_kissevent2017march_2.arc,106624,14291926,1631
share,GameData_20\menu_magazine002_2.arc,GameData_20\menu_magazine002_2.arc,12498,691C1126,1471
share,GameData_20\menu_personal002_2.arc,GameData_20\menu_personal002_2.arc,1282,5687650C,1310
share,GameData_20\menu_shop001_2.arc,GameData_20\menu_shop001_2.arc,3314,35207C87,1150
share,GameData_20\menu_shop005_2.arc,GameData_20\menu_shop005_2.arc,1378,0C9AF725,1150
share,GameData_20\menu_vp001_2.arc,GameData_20\menu_vp001_2.arc,19138,7C7AFD9C,1400
share,GameData_20\menu_yomeido003_2.arc,GameData_20\menu_yomeido003_2.arc,1234,4D6F619D,1240
share,GameData_20\menu_yomeidogp_wedding_2.arc,GameData_20\menu_yomeidogp_wedding_2.arc,3954,C251B12C,1320
share,GameData_20\model_denkigai2015s003_2.arc,GameData_20\model_denkigai2015s003_2.arc,394665,41A48185,1150
share,GameData_20\model_denkigai2015wTowelR.arc,GameData_20\model_denkigai2015wTowelR.arc,38258,FB570A24,1360
share,GameData_20\model_denkigai2017s_2.arc,GameData_20\model_denkigai2017s_2.arc,462663,8917104A,1582
share,GameData_20\model_dlcdenkigai2017s_2.arc,GameData_20\model_dlcdenkigai2017s_2.arc,462667,9F0C3D54,1582
share,GameData_20\model_dlc005_2.arc,GameData_20\model_dlc005_2.arc,175424,F7DD7D82,1270
share,GameData_20\model_dlc046_2.arc,GameData_20\model_dlc046_2.arc,155690,83B34173,1220
share,GameData_20\model_dlc073_2.arc,GameData_20\model_dlc073_2.arc,267037,47D33A06,1320
share,GameData_20\model_dlc100_2.arc,GameData_20\model_dlc100_2.arc,691347,7C3D679D,1400
share,GameData_20\model_dlc109_2.arc,GameData_20\model_dlc109_2.arc,137998,8FCCF513,1460
share,GameData_20\model_dlc151_2.arc,GameData_20\model_dlc151_2.arc,213532,8C3C80C3,1520
share,GameData_20\model_dlsite_2.arc,GameData_20\model_dlsite_2.arc,197173,24366C43,1150
share,GameData_20\model_shop001_2.arc,GameData_20\model_shop001_2.arc,115215,9C941FAF,1150
share,GameData_20\model_shop002_2.arc,GameData_20\model_shop002_2.arc,251253,743C3D97,1150
share,GameData_20\model_shop003_2.arc,GameData_20\model_shop003_2.arc,185433,A15EC70A,1150
share,GameData_20\model_shop005_2.arc,GameData_20\model_shop005_2.arc,150103,FB5341FA,1150
share,GameData_20\model_shop007_2.arc,GameData_20\model_shop007_2.arc,288759,80615CBD,1150
share,GameData_20\model_vp001_2.arc,GameData_20\model_vp001_2.arc,647957,D68B5D2F,1400
share,GameData_20\texture_denkigai2015wTowelR.arc,GameData_20\texture_denkigai2015wTowelR.arc,133065,FE4BDC34,1360
share,GameData_20\texture_denkigai2016w_2.arc,GameData_20\texture_denkigai2016w_2.arc,10105247,3B4641C3,1450
share,GameData_20\texture_dlcdenkigai2016w_2.arc,GameData_20\texture_dlcdenkigai2016w_2.arc,10105332,90868016,1450
share,GameData_20\texture_kissevent2017march.arc,GameData_20\texture_kissevent2017march.arc,281,FF4EEB9B,1522
share,GameData_20\texture_kissevent2017march_2.arc,GameData_20\texture_kissevent2017march_2.arc,79432604,C7DD457A,1631
share,GameData_20\texture_dlc004_2.arc,GameData_20\texture_dlc004_2.arc,4805734,C8E5CFB4,1200
share,GameData_20\texture_dlc046_2.arc,GameData_20\texture_dlc046_2.arc,596960,FC606BA5,1220
share,GameData_20\texture_vp001_2.arc,GameData_20\texture_vp001_2.arc,755269,18D5027D,1400
share,GameData_20\texture_yomeido003_2.arc,GameData_20\texture_yomeido003_2.arc,117248,0EE72B42,1240
