0,0,CM3D2.exe,9558016,7808DA5C,1004
0,0,CM3D2x86.exe,11632128,015E8BDA,119
0,0,CM3D2x86_Data\level0,154376,6743231E,119
0,0,CM3D2x86_Data\level1,157696,0A9D7FCA,119
0,0,CM3D2x86_Data\level10,140120,93CFA46F,119
0,0,CM3D2x86_Data\level11,164464,9E87693B,119
0,0,CM3D2x86_Data\level12,140536,BDBCE297,119
0,0,CM3D2x86_Data\level13,460720,834DEE8B,119
0,0,CM3D2x86_Data\level14,4376,7A9F1220,119
0,0,CM3D2x86_Data\level15,143184,F02148B3,119
0,0,CM3D2x86_Data\level16,4376,81AADD7B,119
0,0,CM3D2x86_Data\level17,151560,18C8C3C5,119
0,0,CM3D2x86_Data\level18,212712,BC9B8710,119
0,0,CM3D2x86_Data\level19,352992,F40C5CF1,119
0,0,CM3D2x86_Data\level2,355160,EB0439A3,119
0,0,CM3D2x86_Data\level20,160592,A99A86C1,119
0,0,CM3D2x86_Data\level21,430992,79C46806,119
0,0,CM3D2x86_Data\level3,475288,5C03DE96,119
0,0,CM3D2x86_Data\level4,547920,ABA5248A,119
0,0,CM3D2x86_Data\level5,140528,816D070F,119
0,0,CM3D2x86_Data\level6,287312,14FD4EA2,119
0,0,CM3D2x86_Data\level7,180952,5D4636E8,119
0,0,CM3D2x86_Data\level8,177144,F71450CC,119
0,0,CM3D2x86_Data\level9,150136,6D9ABCBB,119
0,0,CM3D2x86_Data\mainData,884960,1E17A425,119
0,0,CM3D2x86_Data\PlayerConnectionConfigFile,21,22D0BFA5,119
0,0,CM3D2x86_Data\resources.assets,220140632,B40CC610,119
0,0,CM3D2x86_Data\sharedassets0.assets,237509960,BC8E8ABF,119
0,0,CM3D2x86_Data\sharedassets1.assets,6998796,270ADABE,119
0,0,CM3D2x86_Data\sharedassets10.assets,5256,D22986AE,119
0,0,CM3D2x86_Data\sharedassets11.assets,466308,C6640CD6,119
0,0,CM3D2x86_Data\sharedassets12.assets,5280,BEAD0E98,119
0,0,CM3D2x86_Data\sharedassets13.assets,927400,1E26A144,119
0,0,CM3D2x86_Data\sharedassets14.assets,2458016,5101BDF9,119
0,0,CM3D2x86_Data\sharedassets15.assets,4112,CBDFBCD2,119
0,0,CM3D2x86_Data\sharedassets16.assets,4200896,8F758DAF,119
0,0,CM3D2x86_Data\sharedassets17.assets,4112,4ABF3EE3,119
0,0,CM3D2x86_Data\sharedassets18.assets,49616896,2FF712B7,119
0,0,CM3D2x86_Data\sharedassets19.assets,3691748,8D303952,119
0,0,CM3D2x86_Data\sharedassets2.assets,3514196,2F9B80D2,119
0,0,CM3D2x86_Data\sharedassets20.assets,1587628,20578FA8,119
0,0,CM3D2x86_Data\sharedassets21.assets,5328,EA77691F,119
0,0,CM3D2x86_Data\sharedassets22.assets,72624,FAC5F810,119
0,0,CM3D2x86_Data\sharedassets3.assets,16004896,F844F93C,119
0,0,CM3D2x86_Data\sharedassets4.assets,36843892,AAD816E0,119
0,0,CM3D2x86_Data\sharedassets5.assets,6952140,BB088002,119
0,0,CM3D2x86_Data\sharedassets6.assets,503336,83900BC8,119
0,0,CM3D2x86_Data\sharedassets7.assets,5464,EF0CBC50,119
0,0,CM3D2x86_Data\sharedassets8.assets,355444,04823F50,119
0,0,CM3D2x86_Data\sharedassets9.assets,11891548,3E85B168,119
0,0,CM3D2x86_Data\Managed\Accessibility.dll,10752,A358E135,119
0,0,CM3D2x86_Data\Managed\Assembly-CSharp-firstpass.dll,170496,39A663BB,119
0,0,CM3D2x86_Data\Managed\Assembly-CSharp.dll,1925120,62F87AF9,119
0,0,CM3D2x86_Data\Managed\Assembly-UnityScript-firstpass.dll,65024,C1E1C4A5,119
0,0,CM3D2x86_Data\Managed\Boo.Lang.dll,126976,B1FDC6B6,119
0,0,CM3D2x86_Data\Managed\JsonFx.Json.dll,70144,A0F0CFCB,119
0,0,CM3D2x86_Data\Managed\Mono.Data.Tds.dll,96256,DE9FBD55,119
0,0,CM3D2x86_Data\Managed\Mono.Posix.dll,184320,A333AAF5,119
0,0,CM3D2x86_Data\Managed\Mono.Security.dll,294912,D5BB48FC,119
0,0,CM3D2x86_Data\Managed\Mono.WebBrowser.dll,172032,5D310803,119
0,0,CM3D2x86_Data\Managed\mscorlib.dll,2590208,5A5FF75C,119
0,0,CM3D2x86_Data\Managed\System.Configuration.dll,124928,F88CF714,119
0,0,CM3D2x86_Data\Managed\System.Core.dll,300032,0504C277,119
0,0,CM3D2x86_Data\Managed\System.Data.dll,856064,1DE4F5EB,119
0,0,CM3D2x86_Data\Managed\System.dll,1678848,08B8E16D,119
0,0,CM3D2x86_Data\Managed\System.Drawing.Design.dll,29696,E7B53FF9,119
0,0,CM3D2x86_Data\Managed\System.Drawing.dll,448512,C4B2E872,119
0,0,CM3D2x86_Data\Managed\System.EnterpriseServices.dll,46592,1B56067D,119
0,0,CM3D2x86_Data\Managed\System.Security.dll,135168,A9F5B9F1,119
0,0,CM3D2x86_Data\Managed\System.Transactions.dll,27648,DE82E2C6,119
0,0,CM3D2x86_Data\Managed\System.Windows.Forms.dll,3053568,56394001,119
0,0,CM3D2x86_Data\Managed\System.Xml.dll,1270272,BCE39995,119
0,0,CM3D2x86_Data\Managed\System.Xml.Linq.dll,106496,1062D683,119
0,0,CM3D2x86_Data\Managed\UnityEngine.dll,614912,6749BBED,119
0,0,CM3D2x86_Data\Managed\UnityEngine.UI.dll,176128,380C2545,119
0,0,CM3D2x86_Data\Managed\UnityScript.Lang.dll,14336,FAB8DDA9,119
0,0,CM3D2x86_Data\Mono\mono.dll,2103296,36130890,119
0,0,CM3D2x86_Data\Mono\etc\mono\browscap.ini,311984,CE6C0AB3,119
0,0,CM3D2x86_Data\Mono\etc\mono\config,1691,A635914A,119
0,0,CM3D2x86_Data\Mono\etc\mono\1.0\DefaultWsdlHelpGenerator.aspx,58196,10E814BF,119
0,0,CM3D2x86_Data\Mono\etc\mono\1.0\machine.config,17259,82F1AD8B,119
0,0,CM3D2x86_Data\Mono\etc\mono\2.0\DefaultWsdlHelpGenerator.aspx,60453,F3869A34,119
0,0,CM3D2x86_Data\Mono\etc\mono\2.0\machine.config,27626,4F6C3F79,119
0,0,CM3D2x86_Data\Mono\etc\mono\2.0\settings.map,2618,A1A3C29F,119
0,0,CM3D2x86_Data\Mono\etc\mono\2.0\web.config,11686,534A9960,119
0,0,CM3D2x86_Data\Mono\etc\mono\2.0\Browsers\Compat.browser,1605,2E178A0B,119
0,0,CM3D2x86_Data\Mono\etc\mono\mconfig\config.xml,25817,80B2033A,119
0,0,CM3D2x86_Data\Plugins\cm3d2_x86.dll,1299456,BD019A37,119
0,0,CM3D2x86_Data\Plugins\device_hook.dll,77312,7EEF9868,119
0,0,CM3D2x86_Data\Resources\unity default resources,1571709,31020360,119
0,0,CM3D2x86_Data\Resources\unity_builtin_extra,372672,D43832AF,119
0,0,GameData\csv.arc,1537973,100DE8DF,1190
0,0,GameData\csv_vp001_2.arc,2082,25E58CEB,1160
0,0,GameData\material2.arc,102655,704BD3F7,1170
0,0,GameData\material_denkigai2015s003_2.arc,7106,0C82D791,1150
0,0,GameData\material_dlsite_2.arc,1762,C5A837EA,1150
0,0,GameData\material_shop001_2.arc,1762,D98CED1C,1150
0,0,GameData\material_shop002_2.arc,1762,956BB00E,1150
0,0,GameData\material_shop003_2.arc,1762,38CEBFF2,1150
0,0,GameData\material_shop005_2.arc,1714,3E621A32,1150
0,0,GameData\material_shop007_2.arc,2578,C8CE627C,1150
0,0,GameData\material_vp001_2.arc,9554,066C9CA9,1150
0,0,GameData\menu2.arc,218108,010D4B80,1190
0,0,GameData\menu_denkigai2015s001_2.arc,6594,8B3E849F,1160
0,0,GameData\menu_denkigai2015s003_2.arc,4338,D294CE88,1150
0,0,GameData\menu_dlc026_2.arc,3778,69453D54,1190
0,0,GameData\menu_dlsite_2.arc,1954,B2268BA7,1150
0,0,GameData\menu_shop001_2.arc,3314,35207C87,1150
0,0,GameData\menu_shop005_2.arc,1378,0C9AF725,1150
0,0,GameData\menu_vp001_2.arc,18546,5FFF33DA,1150
0,0,GameData\model2.arc,12131417,0402ABE9,1170
0,0,GameData\model_denkigai2015s003_2.arc,394665,41A48185,1150
0,0,GameData\model_dlsite_2.arc,197173,24366C43,1150
0,0,GameData\model_shop001_2.arc,115215,9C941FAF,1150
0,0,GameData\model_shop002_2.arc,251253,743C3D97,1150
0,0,GameData\model_shop003_2.arc,185433,A15EC70A,1150
0,0,GameData\model_shop005_2.arc,150103,FB5341FA,1150
0,0,GameData\model_shop007_2.arc,288759,80615CBD,1150
0,0,GameData\model_vp001_2.arc,290407,A19508D6,1150
0,0,GameData\motion2.arc,59974795,C5D87C88,1170
0,0,GameData\motion_vp001_2.arc,141579,7857F9CD,1160
0,0,GameData\paths.dat,1071,89F454F1,1190
0,0,GameData\prioritymaterial.arc,79985,4E99FBA3,1170
0,0,GameData\script.arc,12947715,FED4EBFF,1190
0,0,GameData\sound2.arc,7402763,5D761564,1170
0,0,GameData\texture3.arc,5763653,3C5A4AFD,1170
