0,0,CM3D2.exe,6257152,9C5FAD73,1003
0,0,CM3D2x86.exe,11629568,B2599E30,105
0,0,CM3D2x86_Data\level0,154376,BF68DBA5,105
0,0,CM3D2x86_Data\level1,209928,4E8AA5BD,105
0,0,CM3D2x86_Data\level10,140120,539C693E,105
0,0,CM3D2x86_Data\level11,164464,ECEDF368,105
0,0,CM3D2x86_Data\level12,140120,078586EE,105
0,0,CM3D2x86_Data\level13,423024,4B645E63,105
0,0,CM3D2x86_Data\level14,4376,6FABE656,104
0,0,CM3D2x86_Data\level15,143184,442B3985,105
0,0,CM3D2x86_Data\level16,4376,7B6CE267,104
0,0,CM3D2x86_Data\level17,140880,B44BD474,105
0,0,CM3D2x86_Data\level18,193328,916F336D,105
0,0,CM3D2x86_Data\level19,400672,C792A28F,105
0,0,CM3D2x86_Data\level2,427672,1EC43827,105
0,0,CM3D2x86_Data\level3,621264,74795FF6,105
0,0,CM3D2x86_Data\level4,545944,AA721B74,105
0,0,CM3D2x86_Data\level5,140528,4AAC6F95,105
0,0,CM3D2x86_Data\level6,277152,467B9DA6,105
0,0,CM3D2x86_Data\level7,180952,3ABEB62F,105
0,0,CM3D2x86_Data\level8,177144,6DAE0023,105
0,0,CM3D2x86_Data\level9,150136,82AE443C,105
0,0,CM3D2x86_Data\mainData,846600,F6B69CAA,105
0,0,CM3D2x86_Data\PlayerConnectionConfigFile,21,4786B127,105
0,0,CM3D2x86_Data\resources.assets,207942080,826E23D4,105
0,0,CM3D2x86_Data\sharedassets0.assets,236803704,1E63FEEE,105
0,0,CM3D2x86_Data\sharedassets1.assets,6998796,84D10A6E,104
0,0,CM3D2x86_Data\sharedassets10.assets,5256,949C6D74,104
0,0,CM3D2x86_Data\sharedassets11.assets,466308,4F8BFD59,104
0,0,CM3D2x86_Data\sharedassets12.assets,5280,6E7BE166,104
0,0,CM3D2x86_Data\sharedassets13.assets,466308,9B544871,104
0,0,CM3D2x86_Data\sharedassets14.assets,1758656,462BBDF0,104
0,0,CM3D2x86_Data\sharedassets15.assets,4112,664BD2C6,104
0,0,CM3D2x86_Data\sharedassets16.assets,4200896,E57327F8,104
0,0,CM3D2x86_Data\sharedassets17.assets,4112,59545716,104
0,0,CM3D2x86_Data\sharedassets18.assets,5320,31FF6804,104
0,0,CM3D2x86_Data\sharedassets19.assets,3691748,112EB265,104
0,0,CM3D2x86_Data\sharedassets2.assets,5612280,F81B935D,104
0,0,CM3D2x86_Data\sharedassets20.assets,32511080,72592EC9,105
0,0,CM3D2x86_Data\sharedassets20.assets.resS,1857256,5A8E845B,105
0,0,CM3D2x86_Data\sharedassets3.assets,13906728,37D9A516,104
0,0,CM3D2x86_Data\sharedassets4.assets,170642964,3C10C48A,104
0,0,CM3D2x86_Data\sharedassets4.assets.resS,3985350,98874744,101
0,0,CM3D2x86_Data\sharedassets5.assets,6952140,4A8B0CE2,104
0,0,CM3D2x86_Data\sharedassets6.assets,503336,B1FB538E,104
0,0,CM3D2x86_Data\sharedassets7.assets,5456,7320BF45,104
0,0,CM3D2x86_Data\sharedassets8.assets,355444,FEE5465B,104
0,0,CM3D2x86_Data\sharedassets9.assets,11891548,286CC098,104
0,0,CM3D2x86_Data\Managed\Accessibility.dll,10752,E4E77DC7,101
0,0,CM3D2x86_Data\Managed\Assembly-CSharp-firstpass.dll,163328,6474A826,105
0,0,CM3D2x86_Data\Managed\Assembly-CSharp.dll,1779200,6F848F22,105
0,0,CM3D2x86_Data\Managed\Assembly-UnityScript-firstpass.dll,65024,29A8AD87,105
0,0,CM3D2x86_Data\Managed\Boo.Lang.dll,126976,1E4A828D,101
0,0,CM3D2x86_Data\Managed\JsonFx.Json.dll,70144,A0F0CFCB,101
0,0,CM3D2x86_Data\Managed\Mono.Data.Tds.dll,96256,91E0BB7F,101
0,0,CM3D2x86_Data\Managed\Mono.Posix.dll,184320,2F4F12C4,101
0,0,CM3D2x86_Data\Managed\Mono.Security.dll,294912,DD165EC5,101
0,0,CM3D2x86_Data\Managed\Mono.WebBrowser.dll,172032,631F0611,101
0,0,CM3D2x86_Data\Managed\mscorlib.dll,2590208,E1020A4B,101
0,0,CM3D2x86_Data\Managed\System.Configuration.dll,124928,6B1D3776,101
0,0,CM3D2x86_Data\Managed\System.Core.dll,300032,95425E2C,101
0,0,CM3D2x86_Data\Managed\System.Data.dll,856064,AC9FDB6F,101
0,0,CM3D2x86_Data\Managed\System.dll,1678848,3731B01A,101
0,0,CM3D2x86_Data\Managed\System.Drawing.Design.dll,29696,E7B53FF9,101
0,0,CM3D2x86_Data\Managed\System.Drawing.dll,448512,C4B2E872,101
0,0,CM3D2x86_Data\Managed\System.EnterpriseServices.dll,46592,2719761F,101
0,0,CM3D2x86_Data\Managed\System.Security.dll,135168,051BE01E,101
0,0,CM3D2x86_Data\Managed\System.Transactions.dll,27648,4038EEFE,101
0,0,CM3D2x86_Data\Managed\System.Windows.Forms.dll,3053568,56394001,101
0,0,CM3D2x86_Data\Managed\System.Xml.dll,1270272,5C597B82,101
0,0,CM3D2x86_Data\Managed\System.Xml.Linq.dll,106496,8E124937,101
0,0,CM3D2x86_Data\Managed\UnityEngine.dll,612864,64D03B85,101
0,0,CM3D2x86_Data\Managed\UnityEngine.UI.dll,176128,761D83BD,101
0,0,CM3D2x86_Data\Managed\UnityScript.Lang.dll,14336,4E18BC10,101
0,0,CM3D2x86_Data\Mono\mono.dll,2103296,43DE6274,101
0,0,CM3D2x86_Data\Mono\etc\mono\browscap.ini,311984,CE6C0AB3,101
0,0,CM3D2x86_Data\Mono\etc\mono\config,1691,A635914A,101
0,0,CM3D2x86_Data\Mono\etc\mono\1.0\DefaultWsdlHelpGenerator.aspx,58196,10E814BF,101
0,0,CM3D2x86_Data\Mono\etc\mono\1.0\machine.config,17259,82F1AD8B,101
0,0,CM3D2x86_Data\Mono\etc\mono\2.0\DefaultWsdlHelpGenerator.aspx,60453,F3869A34,101
0,0,CM3D2x86_Data\Mono\etc\mono\2.0\machine.config,27626,4F6C3F79,101
0,0,CM3D2x86_Data\Mono\etc\mono\2.0\settings.map,2618,A1A3C29F,101
0,0,CM3D2x86_Data\Mono\etc\mono\2.0\web.config,11686,534A9960,101
0,0,CM3D2x86_Data\Mono\etc\mono\2.0\Browsers\Compat.browser,1605,2E178A0B,101
0,0,CM3D2x86_Data\Mono\etc\mono\mconfig\config.xml,25817,80B2033A,101
0,0,CM3D2x86_Data\Plugins\cm3d2_x86.dll,1270784,BD05819F,101
0,0,CM3D2x86_Data\Plugins\device_hook.dll,77312,7EEF9868,101
0,0,CM3D2x86_Data\Resources\unity default resources,1571709,31020360,101
0,0,CM3D2x86_Data\Resources\unity_builtin_extra,372672,FA28C415,101
0,0,GameData\csv.arc,1336253,9B32192E,105
0,0,GameData\material2.arc,21723,03615CC8,105
0,0,GameData\menu2.arc,153918,ABD52878,105
0,0,GameData\model2.arc,2271465,9E51DBB3,105
0,0,GameData\motion2.arc,56275520,E5997346,105
0,0,GameData\paths.dat,88,018A2B0E,105
0,0,GameData\script.arc,9829535,8A989F86,105
0,0,GameData\sound2.arc,2048043,27281957,105
0,0,GameData\texture2.arc,622669718,A5FA93C6,101
0,0,GameData\voice2.arc,290990258,55953CD2,101
0,0,manual\data\004.png,699424,54A4DC50,101
0,0,manual\data\007.png,453984,97E623F5,101
0,0,manual\data\008.png,553674,7B23C3DF,101
0,0,manual\data\013.png,673884,992CEEC5,101
0,0,Preset\1_junshin.preset,43021,0D00795A,101
0,0,Preset\2_coodere.preset,43516,E9EBB0F2,101
0,0,Preset\3_tsundere.preset,48900,D0EF8B9E,101
0,0,Preset\4_default.preset,43697,C5E392BE,101
0,0,Preset\5_pretty_junshin.preset,40739,D9262BEF,101
0,0,Preset\6_pretty_coodere.preset,39554,E54D5766,101
0,0,Preset\7_pretty_tsundere.preset,38235,CA8437BB,101
