0,0,CM3D2.exe,9558016,7808DA5C,1004
0,0,CM3D2x64.exe,14914560,C06F8490,115
0,0,CM3D2x64_Data\level0,154376,95097154,115
0,0,CM3D2x64_Data\level1,209928,45B63376,115
0,0,CM3D2x64_Data\level10,140120,0EBBDCE8,115
0,0,CM3D2x64_Data\level11,164464,D83A8613,115
0,0,CM3D2x64_Data\level12,140120,21A202CF,115
0,0,CM3D2x64_Data\level13,458992,04D3E99B,115
0,0,CM3D2x64_Data\level14,4376,5A5FA23D,115
0,0,CM3D2x64_Data\level15,143184,B8872B1A,115
0,0,CM3D2x64_Data\level16,4376,963FE927,115
0,0,CM3D2x64_Data\level17,140880,6F730A86,115
0,0,CM3D2x64_Data\level18,193328,EF822F70,115
0,0,CM3D2x64_Data\level19,352992,F8AD0655,115
0,0,CM3D2x64_Data\level2,427672,3CE4275C,115
0,0,CM3D2x64_Data\level20,160592,F7556C5B,115
0,0,CM3D2x64_Data\level21,430992,B96B4D9F,115
0,0,CM3D2x64_Data\level3,475288,AB42F013,115
0,0,CM3D2x64_Data\level4,547920,5039CE2F,115
0,0,CM3D2x64_Data\level5,140528,4A88088A,115
0,0,CM3D2x64_Data\level6,277152,8E4FF123,115
0,0,CM3D2x64_Data\level7,180952,1B0F7A30,115
0,0,CM3D2x64_Data\level8,177144,799536FA,115
0,0,CM3D2x64_Data\level9,150136,B155713E,115
0,0,CM3D2x64_Data\mainData,847192,AC3E4C1A,115
0,0,CM3D2x64_Data\PlayerConnectionConfigFile,21,8EFA31BA,115
0,0,CM3D2x64_Data\resources.assets,215968448,0CF67ADF,115
0,0,CM3D2x64_Data\sharedassets0.assets,236804728,85AFF4AB,115
0,0,CM3D2x64_Data\sharedassets1.assets,6998796,2B38A0A4,115
0,0,CM3D2x64_Data\sharedassets10.assets,5256,50A59C63,115
0,0,CM3D2x64_Data\sharedassets11.assets,466308,6DC5FBC0,115
0,0,CM3D2x64_Data\sharedassets12.assets,5280,433D497E,115
0,0,CM3D2x64_Data\sharedassets13.assets,466308,6EB9D714,115
0,0,CM3D2x64_Data\sharedassets14.assets,2458016,3753D488,115
0,0,CM3D2x64_Data\sharedassets15.assets,4112,AED134C8,115
0,0,CM3D2x64_Data\sharedassets16.assets,4200896,CB2CFF98,115
0,0,CM3D2x64_Data\sharedassets17.assets,4112,B6E4CEB8,115
0,0,CM3D2x64_Data\sharedassets18.assets,5320,756405E3,115
0,0,CM3D2x64_Data\sharedassets19.assets,3691748,1E719209,115
0,0,CM3D2x64_Data\sharedassets2.assets,5612280,9DE58FF9,115
0,0,CM3D2x64_Data\sharedassets20.assets,1587628,DF7CADCF,115
0,0,CM3D2x64_Data\sharedassets21.assets,5328,7A0DF5C4,115
0,0,CM3D2x64_Data\sharedassets22.assets,72624,A853B259,115
0,0,CM3D2x64_Data\sharedassets3.assets,13906728,A9C671CB,115
0,0,CM3D2x64_Data\sharedassets4.assets,36843892,2BD775B7,115
0,0,CM3D2x64_Data\sharedassets5.assets,6952140,A4B7C602,115
0,0,CM3D2x64_Data\sharedassets6.assets,503336,F3AB2BD5,115
0,0,CM3D2x64_Data\sharedassets7.assets,5456,50D81A76,115
0,0,CM3D2x64_Data\sharedassets8.assets,355444,04B07A6F,115
0,0,CM3D2x64_Data\sharedassets9.assets,11891548,D60AA293,115
0,0,CM3D2x64_Data\Managed\Accessibility.dll,10752,A358E135,115
0,0,CM3D2x64_Data\Managed\Assembly-CSharp-firstpass.dll,170496,7231D1D1,115
0,0,CM3D2x64_Data\Managed\Assembly-CSharp.dll,1861632,DF620F9C,115
0,0,CM3D2x64_Data\Managed\Assembly-UnityScript-firstpass.dll,65024,B99678F5,115
0,0,CM3D2x64_Data\Managed\Boo.Lang.dll,126976,B1FDC6B6,115
0,0,CM3D2x64_Data\Managed\JsonFx.Json.dll,70144,A0F0CFCB,115
0,0,CM3D2x64_Data\Managed\Mono.Data.Tds.dll,96256,DE9FBD55,115
0,0,CM3D2x64_Data\Managed\Mono.Posix.dll,184320,A333AAF5,115
0,0,CM3D2x64_Data\Managed\Mono.Security.dll,294912,D5BB48FC,115
0,0,CM3D2x64_Data\Managed\Mono.WebBrowser.dll,172032,5D310803,115
0,0,CM3D2x64_Data\Managed\mscorlib.dll,2590208,5A5FF75C,115
0,0,CM3D2x64_Data\Managed\System.Configuration.dll,124928,F88CF714,115
0,0,CM3D2x64_Data\Managed\System.Core.dll,300032,0504C277,115
0,0,CM3D2x64_Data\Managed\System.Data.dll,856064,1DE4F5EB,115
0,0,CM3D2x64_Data\Managed\System.dll,1678848,08B8E16D,115
0,0,CM3D2x64_Data\Managed\System.Drawing.Design.dll,29696,E7B53FF9,115
0,0,CM3D2x64_Data\Managed\System.Drawing.dll,448512,C4B2E872,115
0,0,CM3D2x64_Data\Managed\System.EnterpriseServices.dll,46592,1B56067D,115
0,0,CM3D2x64_Data\Managed\System.Security.dll,135168,A9F5B9F1,115
0,0,CM3D2x64_Data\Managed\System.Transactions.dll,27648,DE82E2C6,115
0,0,CM3D2x64_Data\Managed\System.Windows.Forms.dll,3053568,56394001,115
0,0,CM3D2x64_Data\Managed\System.Xml.dll,1270272,BCE39995,115
0,0,CM3D2x64_Data\Managed\System.Xml.Linq.dll,106496,1062D683,115
0,0,CM3D2x64_Data\Managed\UnityEngine.dll,614912,9B33F0CD,115
0,0,CM3D2x64_Data\Managed\UnityEngine.UI.dll,176128,078A6C17,115
0,0,CM3D2x64_Data\Managed\UnityScript.Lang.dll,14336,FAB8DDA9,115
0,0,CM3D2x64_Data\Mono\mono.dll,2601984,5E0870C0,115
0,0,CM3D2x64_Data\Mono\etc\mono\browscap.ini,311984,CE6C0AB3,115
0,0,CM3D2x64_Data\Mono\etc\mono\config,1691,A635914A,115
0,0,CM3D2x64_Data\Mono\etc\mono\1.0\DefaultWsdlHelpGenerator.aspx,58196,10E814BF,115
0,0,CM3D2x64_Data\Mono\etc\mono\1.0\machine.config,17259,82F1AD8B,115
0,0,CM3D2x64_Data\Mono\etc\mono\2.0\DefaultWsdlHelpGenerator.aspx,60453,F3869A34,115
0,0,CM3D2x64_Data\Mono\etc\mono\2.0\machine.config,27626,4F6C3F79,115
0,0,CM3D2x64_Data\Mono\etc\mono\2.0\settings.map,2618,A1A3C29F,115
0,0,CM3D2x64_Data\Mono\etc\mono\2.0\web.config,11686,534A9960,115
0,0,CM3D2x64_Data\Mono\etc\mono\2.0\Browsers\Compat.browser,1605,2E178A0B,115
0,0,CM3D2x64_Data\Mono\etc\mono\mconfig\config.xml,25817,80B2033A,115
0,0,CM3D2x64_Data\Plugins\cm3d2_x64.dll,1505792,4FD5B91F,115
0,0,CM3D2x64_Data\Plugins\device_hook.dll,87552,65F0207E,115
0,0,CM3D2x64_Data\Resources\unity default resources,1571709,31020360,115
0,0,CM3D2x64_Data\Resources\unity_builtin_extra,372672,3A678224,115
0,0,GameData\csv.arc,1468403,9E43FC52,115
0,0,GameData\material2.arc,100292,955CBE63,115
0,0,GameData\material_denkigai2015s003_2.arc,7106,0C82D791,115
0,0,GameData\material_dlsite_2.arc,1762,C5A837EA,115
0,0,GameData\material_shop001_2.arc,1762,D98CED1C,115
0,0,GameData\material_shop002_2.arc,1762,956BB00E,115
0,0,GameData\material_shop003_2.arc,1762,38CEBFF2,115
0,0,GameData\material_shop005_2.arc,1714,3E621A32,115
0,0,GameData\material_shop007_2.arc,2578,C8CE627C,115
0,0,GameData\material_vp001_2.arc,9554,066C9CA9,115
0,0,GameData\menu2.arc,219356,B015867D,115
0,0,GameData\menu_denkigai2015s003_2.arc,4338,D294CE88,115
0,0,GameData\menu_dlsite_2.arc,1954,B2268BA7,115
0,0,GameData\menu_shop001_2.arc,3314,35207C87,115
0,0,GameData\menu_shop005_2.arc,1378,0C9AF725,115
0,0,GameData\menu_vp001_2.arc,18546,5FFF33DA,115
0,0,GameData\model2.arc,11897975,A92B7FD1,115
0,0,GameData\model_denkigai2015s003_2.arc,394665,41A48185,115
0,0,GameData\model_dlsite_2.arc,197173,24366C43,115
0,0,GameData\model_shop001_2.arc,115215,9C941FAF,115
0,0,GameData\model_shop002_2.arc,251253,743C3D97,115
0,0,GameData\model_shop003_2.arc,185433,A15EC70A,115
0,0,GameData\model_shop005_2.arc,150103,FB5341FA,115
0,0,GameData\model_shop007_2.arc,288759,80615CBD,115
0,0,GameData\model_vp001_2.arc,290407,A19508D6,115
0,0,GameData\motion2.arc,59483116,BFE0DE90,115
0,0,GameData\paths.dat,741,4D49C39C,115
0,0,GameData\prioritymaterial.arc,78637,866F0F96,115
0,0,GameData\script.arc,12214479,E86B01C4,115
0,0,GameData\sound2.arc,7107886,4EDEB0E1,114
0,0,GameData\texture2.arc,748712227,393809F6,113
0,0,GameData\texture3.arc,65637,C9E3D8B4,115
0,0,GameData\voice2.arc,290990258,55953CD2,101
0,0,manual\data\004.png,699424,54A4DC50,101
0,0,manual\data\007.png,453984,97E623F5,101
0,0,manual\data\008.png,553674,7B23C3DF,101
0,0,manual\data\013.png,673884,992CEEC5,101
0,0,Preset\1_junshin.preset,43021,0D00795A,101
0,0,Preset\2_coodere.preset,43516,E9EBB0F2,101
0,0,Preset\3_tsundere.preset,48900,D0EF8B9E,101
0,0,Preset\4_default.preset,43697,C5E392BE,101
0,0,Preset\5_pretty_junshin.preset,40739,D9262BEF,101
0,0,Preset\6_pretty_coodere.preset,39554,E54D5766,101
0,0,Preset\7_pretty_tsundere.preset,38235,CA8437BB,101
