0,0,GameData\csv.arc,6707983,B208E7AF,1422
0,0,GameData\csv_oldplus003.arc,2295,6DA887CD,1000
0,0,GameData\motion_charaevent001.arc,25341181,5443E7DC,1000
0,0,GameData\motion_charaevent002.arc,30177646,660C87CB,1000
0,0,GameData\motion_charaevent003.arc,30226592,0392F4C7,1000
0,0,GameData\motion_charaevent004.arc,14028537,420FB26B,1000
0,0,GameData\motion_omytgc001.arc,67866085,87E8C29D,1000
0,0,GameData\motion_omytgc002.arc,55834146,B9B4F924,1000
0,0,GameData\motion_oldplus003.arc,55991061,880A4EEC,1000
0,0,GameData\parts_charaevent002.arc,1862968,4E561505,1000
0,0,GameData\parts_oldplus003hair1.arc,19300517,71976C5F,1000
0,0,GameData\parts_oldplus003hair2.arc,29224600,05D095A4,1000
0,0,GameData\parts_omytgc002.arc,1862938,DBC7FAA5,1000
0,0,GameData\paths.dat,7047,D94E86E2,1422
0,0,GameData\prioritymaterial.arc,370195,A2C9225F,1422
0,0,GameData\script.arc,12814815,22EC8C46,1422
0,0,GameData\script_old_2.arc,597720,98EC0E08,1422
0,0,GameData\script_oldplus003.arc,290892,7C803C8E,1000
0,0,GameData\system_omytgc001.arc,53087,CCCF099E,1000
0,0,GameData\system_omytgc002.arc,46443,65C8BDED,1000
0,0,GameData\voice_oldplus003.arc,148770019,5A313927,1000