0,0,CM3D2.exe,7440384,A5103607,1009
0,0,CM3D2x64.exe,20649984,6EFB2A0D,1500
0,0,CM3D2x64_VR.bat,61,9085F4DD,1500
0,0,LICENSE,25204,17CCA6C1,1500
0,0,CM3D2x64_Data\globalgamemanagers,2038540,DBDD5317,1500
0,0,CM3D2x64_Data\globalgamemanagers.assets,160940,5261E18E,1500
0,0,CM3D2x64_Data\level0,192508,329D1420,1500
0,0,CM3D2x64_Data\level1,210500,490AB29B,1500
0,0,CM3D2x64_Data\level10,205180,DAC5A611,1500
0,0,CM3D2x64_Data\level11,193044,26DADFE0,1500
0,0,CM3D2x64_Data\level12,220492,4B408467,1500
0,0,CM3D2x64_Data\level13,194076,9DAB99AC,1500
0,0,CM3D2x64_Data\level14,574996,CCA082F3,1500
0,0,CM3D2x64_Data\level15,4640,0910D6D9,1500
0,0,CM3D2x64_Data\level16,195116,DEE7B33F,1500
0,0,CM3D2x64_Data\level17,4640,EBC9BCFC,1500
0,0,CM3D2x64_Data\level18,213236,5A8B24A5,1500
0,0,CM3D2x64_Data\level19,307804,DE50EC47,1500
0,0,CM3D2x64_Data\level2,210388,02E9175D,1500
0,0,CM3D2x64_Data\level20,454700,783FA76F,1500
0,0,CM3D2x64_Data\level21,218652,C36EF62D,1500
0,0,CM3D2x64_Data\level22,541108,37090EE2,1500
0,0,CM3D2x64_Data\level23,278612,4E7ECF7A,1500
0,0,CM3D2x64_Data\level24,313964,662880EE,1500
0,0,CM3D2x64_Data\level25,216852,706D96D3,1500
0,0,CM3D2x64_Data\level26,663572,D537B624,1500
0,0,CM3D2x64_Data\level27,1332132,6CAE4C29,1500
0,0,CM3D2x64_Data\level28,522764,E53836AD,1500
0,0,CM3D2x64_Data\level29,216924,7214FF25,1500
0,0,CM3D2x64_Data\level3,433100,C6EAA9B3,1500
0,0,CM3D2x64_Data\level30,615748,7AD1FE0B,1500
0,0,CM3D2x64_Data\level31,846956,564874C0,1500
0,0,CM3D2x64_Data\level32,707900,3FEB2869,1500
0,0,CM3D2x64_Data\level33,208860,B7981907,1500
0,0,CM3D2x64_Data\level34,555060,F50FA810,1500
0,0,CM3D2x64_Data\level35,830116,54CB57AD,1500
0,0,CM3D2x64_Data\level36,548228,043F7B2F,1500
0,0,CM3D2x64_Data\level37,770884,8D2EAD0C,1500
0,0,CM3D2x64_Data\level38,320852,7754E11E,1500
0,0,CM3D2x64_Data\level39,27784,CC9E9303,1500
0,0,CM3D2x64_Data\level39.resS,131232,EB296BB9,1500
0,0,CM3D2x64_Data\level4,600532,EBE84527,1500
0,0,CM3D2x64_Data\level40,38492,1DB99D51,1500
0,0,CM3D2x64_Data\level41,44076,27CBC430,1500
0,0,CM3D2x64_Data\level42,39992,91993E9C,1500
0,0,CM3D2x64_Data\level43,193380,C67DBEBF,1500
0,0,CM3D2x64_Data\level5,623620,677C328C,1500
0,0,CM3D2x64_Data\level6,193556,523363D8,1500
0,0,CM3D2x64_Data\level7,367092,F1201A23,1500
0,0,CM3D2x64_Data\level8,242052,1B7120D1,1500
0,0,CM3D2x64_Data\level9,237628,2FB9F7B9,1500
0,0,CM3D2x64_Data\resources.assets,275901636,8CA992A5,1500
0,0,CM3D2x64_Data\resources.assets.resS,554270088,A16286FF,1500
0,0,CM3D2x64_Data\sharedassets0.assets,16483048,38290FB0,1500
0,0,CM3D2x64_Data\sharedassets0.assets.resS,121728032,217CBB40,1500
0,0,CM3D2x64_Data\sharedassets1.assets,5920,EF1B2D30,1500
0,0,CM3D2x64_Data\sharedassets10.assets,5764,A1D4C25B,1500
0,0,CM3D2x64_Data\sharedassets11.assets,5764,5026E9BF,1500
0,0,CM3D2x64_Data\sharedassets12.assets,5788,04C2FB12,1500
0,0,CM3D2x64_Data\sharedassets13.assets,5812,ADACA9E2,1500
0,0,CM3D2x64_Data\sharedassets14.assets,6340,75389224,1500
0,0,CM3D2x64_Data\sharedassets15.assets,4132,9B36EEE7,1500
0,0,CM3D2x64_Data\sharedassets16.assets,5824,554C0E3B,1500
0,0,CM3D2x64_Data\sharedassets17.assets,4132,83C23D53,1500
0,0,CM3D2x64_Data\sharedassets18.assets,6544,EBB55E65,1500
0,0,CM3D2x64_Data\sharedassets19.assets,5788,26B3FE00,1500
0,0,CM3D2x64_Data\sharedassets2.assets,5968,2787D0D5,1500
0,0,CM3D2x64_Data\sharedassets20.assets,215280,2243D26C,1500
0,0,CM3D2x64_Data\sharedassets20.assets.resS,51968,C41BC4E7,1500
0,0,CM3D2x64_Data\sharedassets21.assets,5860,09157AF8,1500
0,0,CM3D2x64_Data\sharedassets22.assets,74160,F492A52A,1500
0,0,CM3D2x64_Data\sharedassets23.assets,6004,81BD8CA5,1500
0,0,CM3D2x64_Data\sharedassets24.assets,5884,066B334D,1500
0,0,CM3D2x64_Data\sharedassets25.assets,5872,5C6031B0,1500
0,0,CM3D2x64_Data\sharedassets26.assets,8128,3ADC1E86,1500
0,0,CM3D2x64_Data\sharedassets27.assets,6580,A4BE6310,1500
0,0,CM3D2x64_Data\sharedassets28.assets,39511712,C09A0A79,1500
0,0,CM3D2x64_Data\sharedassets29.assets,5872,5482CAD2,1500
0,0,CM3D2x64_Data\sharedassets3.assets,6340,F912D79A,1500
0,0,CM3D2x64_Data\sharedassets30.assets,67700952,263FE29F,1500
0,0,CM3D2x64_Data\sharedassets31.assets,67690184,8125A548,1500
0,0,CM3D2x64_Data\sharedassets32.assets,47233820,EF400DE6,1500
0,0,CM3D2x64_Data\sharedassets32.resource,3813344,7B95E5D4,1500
0,0,CM3D2x64_Data\sharedassets33.assets,5788,C9ADE542,1500
0,0,CM3D2x64_Data\sharedassets34.assets,80174972,B74E2053,1500
0,0,CM3D2x64_Data\sharedassets35.assets,84139364,84D5D71D,1500
0,0,CM3D2x64_Data\sharedassets36.assets,48988468,FBF57A47,1500
0,0,CM3D2x64_Data\sharedassets37.assets,111395708,2888644A,1500
0,0,CM3D2x64_Data\sharedassets37.assets.resS,7296672,0E6CF936,1500
0,0,CM3D2x64_Data\sharedassets38.assets,55916784,7CC486B1,1500
0,0,CM3D2x64_Data\sharedassets39.assets,27512,323A44BB,1500
0,0,CM3D2x64_Data\sharedassets39.assets.resS,174776,7D821248,1500
0,0,CM3D2x64_Data\sharedassets4.assets,1310240,9ACB30AF,1500
0,0,CM3D2x64_Data\sharedassets40.assets,55004,4AA1A853,1500
0,0,CM3D2x64_Data\sharedassets40.assets.resS,786464,17681AC8,1500
0,0,CM3D2x64_Data\sharedassets41.assets,4432,46BCC286,1500
0,0,CM3D2x64_Data\sharedassets42.assets,1032124,D956C2D9,1500
0,0,CM3D2x64_Data\sharedassets42.assets.resS,5417776,A41251E2,1500
0,0,CM3D2x64_Data\sharedassets43.assets,5800,F8F63C7B,1500
0,0,CM3D2x64_Data\sharedassets5.assets,6448,0F54D5C9,1500
0,0,CM3D2x64_Data\sharedassets6.assets,5788,DD4EA8DD,1500
0,0,CM3D2x64_Data\sharedassets7.assets,6064,710756E1,1500
0,0,CM3D2x64_Data\sharedassets8.assets,5944,2BE59648,1500
0,0,CM3D2x64_Data\sharedassets9.assets,6268,73E196F3,1500
0,0,CM3D2x64_Data\Managed\Accessibility.dll,10752,594EE943,1500
0,0,CM3D2x64_Data\Managed\Assembly-CSharp-firstpass.dll,773120,6B9BE383,1500
0,0,CM3D2x64_Data\Managed\Assembly-CSharp.dll,3080192,16FA345C,1500
0,0,CM3D2x64_Data\Managed\Assembly-UnityScript-firstpass.dll,65024,67782D85,1500
0,0,CM3D2x64_Data\Managed\Boo.Lang.dll,126976,9ADD3789,1500
0,0,CM3D2x64_Data\Managed\FoveUnityPlugin.dll,28672,A6EA882B,1500
0,0,CM3D2x64_Data\Managed\Ionic.Zlib.dll,102400,7C9E7DD2,1500
0,0,CM3D2x64_Data\Managed\JsonFx.Json.dll,70144,A0F0CFCB,1500
0,0,CM3D2x64_Data\Managed\LeapCSharp.NET3.5.dll,82432,38E38212,1500
0,0,CM3D2x64_Data\Managed\Mono.Data.Tds.dll,96256,DDA7BAB7,1500
0,0,CM3D2x64_Data\Managed\Mono.Posix.dll,184320,C7063ABB,1500
0,0,CM3D2x64_Data\Managed\Mono.Security.dll,294912,8C7E67B3,1500
0,0,CM3D2x64_Data\Managed\Mono.WebBrowser.dll,172032,541986C3,1500
0,0,CM3D2x64_Data\Managed\mscorlib.dll,2589696,AFA570E5,1500
0,0,CM3D2x64_Data\Managed\System.Configuration.dll,124928,D5F2A804,1500
0,0,CM3D2x64_Data\Managed\System.Core.dll,297472,BCE2218F,1500
0,0,CM3D2x64_Data\Managed\System.Data.dll,856064,F1D38D2E,1500
0,0,CM3D2x64_Data\Managed\System.dll,1679360,288F722A,1500
0,0,CM3D2x64_Data\Managed\System.Drawing.Design.dll,29696,E7B53FF9,1500
0,0,CM3D2x64_Data\Managed\System.Drawing.dll,448512,C4B2E872,1500
0,0,CM3D2x64_Data\Managed\System.EnterpriseServices.dll,46592,75A19B93,1500
0,0,CM3D2x64_Data\Managed\System.Security.dll,135168,365C74A7,1500
0,0,CM3D2x64_Data\Managed\System.Transactions.dll,27648,203D65C1,1500
0,0,CM3D2x64_Data\Managed\System.Windows.Forms.dll,3053568,56394001,1500
0,0,CM3D2x64_Data\Managed\System.Xml.dll,1270272,9B79033F,1500
0,0,CM3D2x64_Data\Managed\System.Xml.Linq.dll,106496,B3ACF139,1500
0,0,CM3D2x64_Data\Managed\UnityEngine.dll,972800,B3EB425F,1500
0,0,CM3D2x64_Data\Managed\UnityEngine.dll.mdb,353934,02424F6C,1500
0,0,CM3D2x64_Data\Managed\UnityEngine.Networking.dll,230912,EBC88F56,1500
0,0,CM3D2x64_Data\Managed\UnityEngine.UI.dll,219136,8E43BC11,1500
0,0,CM3D2x64_Data\Managed\UnityScript.Lang.dll,14336,13EE284D,1500
0,0,CM3D2x64_Data\Managed\zxing.unity.dll,430592,9FD1F198,1500
0,0,CM3D2x64_Data\Mono\mono.dll,2612696,2A5A1006,1500
0,0,CM3D2x64_Data\Mono\etc\mono\browscap.ini,311984,CE6C0AB3,1500
0,0,CM3D2x64_Data\Mono\etc\mono\config,1691,A635914A,1500
0,0,CM3D2x64_Data\Mono\etc\mono\1.0\DefaultWsdlHelpGenerator.aspx,58196,10E814BF,1500
0,0,CM3D2x64_Data\Mono\etc\mono\1.0\machine.config,17258,EDE1AC59,1500
0,0,CM3D2x64_Data\Mono\etc\mono\2.0\DefaultWsdlHelpGenerator.aspx,60453,F3869A34,1500
0,0,CM3D2x64_Data\Mono\etc\mono\2.0\machine.config,27625,73C91C24,1500
0,0,CM3D2x64_Data\Mono\etc\mono\2.0\settings.map,2618,A1A3C29F,1500
0,0,CM3D2x64_Data\Mono\etc\mono\2.0\web.config,11686,534A9960,1500
0,0,CM3D2x64_Data\Mono\etc\mono\2.0\Browsers\Compat.browser,1605,2E178A0B,1500
0,0,CM3D2x64_Data\Mono\etc\mono\mconfig\config.xml,25817,80B2033A,1500
0,0,CM3D2x64_Data\Plugins\AVProVideo.dll,813056,60B54FA5,1500
0,0,CM3D2x64_Data\Plugins\cm3d2_x64.dll,1545728,44A78F4B,1500
0,0,CM3D2x64_Data\Plugins\device_hook.dll,393216,D1A0EF4C,1500
0,0,CM3D2x64_Data\Plugins\FoveClient.dll,1849384,58C8B4F6,1500
0,0,CM3D2x64_Data\Plugins\LeapC.dll,2516992,FBDD3767,1500
0,0,CM3D2x64_Data\Plugins\openvr_api.dll,318272,44432E0F,1500
0,0,CM3D2x64_Data\Plugins\OVRGamepad.dll,12800,2C526135,1500
0,0,CM3D2x64_Data\Plugins\OVRPlugin.dll,1894312,38EDD831,1500
0,0,CM3D2x64_Data\Resources\unity default resources,1544700,7137E221,1500
0,0,CM3D2x64_Data\Resources\unity_builtin_extra,142196,DF9A5755,1500
0,0,GameData\script.arc,14244071,69F67C23,1500
0,0,GameData\script_addpose001.arc,1194,9F2EDF3C,1220
0,0,GameData\script_cos002_2.arc,72002,5BAAF903,1330
0,0,GameData\script_cos005_2.arc,1698,FDA1E978,1380
0,0,GameData\script_denkigai2015w_2.arc,41666,24C0863D,1480
0,0,GameData\script_denkigai2015wPants_2.arc,12658,57896547,1220
0,0,GameData\script_denkigai2016s_2.arc,135147,6150004D,1370
0,0,GameData\script_magazine001_2.arc,59602,D547478D,1400
0,0,GameData\script_personal001_2.arc,2686504,B192F655,1500
0,0,GameData\script_personal002_2.arc,138584,D826A20C,1500
0,0,GameData\script_personal003_2.arc,903016,0D0BF0B5,1500
0,0,GameData\script_pp001_2.arc,186284,61AF2780,1400
0,0,GameData\script_pp002_2.arc,161894,3930023C,1500
0,0,GameData\script_pp003_2.arc,235646,1A1FC302,1480
0,0,GameData\script_ytgc005_2.arc,18898,11456C1A,1340
0,0,GameData\script_ytgc006_2.arc,218689,B2CF5373,1340
0,0,GameData\script_ytgc008_2.arc,134059,62EAF572,1400
0,0,GameData\script_ytgc009_2.arc,288434,D9537E37,1400
0,0,GameData\script_ytgc010_2.arc,21714,43E60670,1433
0,0,GameData\script_xmas2016_2.arc,4338,7FAFBB83,1433
0,0,GameData\motion2.arc,103668609,488DFCE9,1490
0,0,GameData\motion_addpose001.arc,902194,517CF6C8,1220
0,0,GameData\motion_pp001_2.arc,615858,0E432519,1220
0,0,GameData\motion_pp002_2.arc,57428957,EF952E37,1360
0,0,GameData\motion_vp001_2.arc,141579,7857F9CD,1160
0,0,GameData\voice3.arc,101849461,061F0890,1250
0,0,manual\data\004.png,699424,54A4DC50,1010
0,0,manual\data\007.png,453984,97E623F5,1010
0,0,manual\data\008.png,553674,7B23C3DF,1010
0,0,manual\data\013.png,673884,992CEEC5,1010
0,0,Preset\1_junshin.preset,43021,0D00795A,1010
0,0,Preset\2_coodere.preset,43516,E9EBB0F2,1010
0,0,Preset\3_tsundere.preset,48900,D0EF8B9E,1010
0,0,Preset\4_default.preset,43697,C5E392BE,1010
0,0,Preset\5_pretty_junshin.preset,40739,D9262BEF,1010
0,0,Preset\6_pretty_coodere.preset,39554,E54D5766,1010
0,0,Preset\7_pretty_tsundere.preset,38235,CA8437BB,1010
share,GameData\patch\bg_pp001_2.arc,GameData\bg_pp001_2.arc,1237157,C9D912F7,1220
share,GameData\patch\csv.arc,GameData\csv.arc,3181369,CE62AD34,1500
share,GameData\patch\csv_addpose001.arc,GameData\csv_addpose001.arc,1235,D06FCA6D,1220
share,GameData\patch\csv_pp001_2.arc,GameData\csv_pp001_2.arc,10034,29181748,1370
share,GameData\patch\csv_pp002_2.arc,GameData\csv_pp002_2.arc,450,65BCF215,1462
share,GameData\patch\csv_urayome001_2.arc,GameData\csv_urayome001_2.arc,1714,1D92B577,1401
share,GameData\patch\csv_vp001_2.arc,GameData\csv_vp001_2.arc,2082,25E58CEB,1160
share,GameData\patch\material2.arc,GameData\material2.arc,214082,9A3968AB,1460
share,GameData\patch\material_denkigai2015s003_2.arc,GameData\material_denkigai2015s003_2.arc,7106,0C82D791,1150
share,GameData\patch\material_denkigai2015wTowelR.arc,GameData\material_denkigai2015wTowelR.arc,1602,618192B9,1360
share,GameData\patch\material_dlc055_2.arc,GameData\material_dlc055_2.arc,5282,11A93109,1280
share,GameData\patch\material_dlsite_2.arc,GameData\material_dlsite_2.arc,1762,C5A837EA,1150
share,GameData\patch\material_shop001_2.arc,GameData\material_shop001_2.arc,1762,D98CED1C,1150
share,GameData\patch\material_shop002_2.arc,GameData\material_shop002_2.arc,1762,956BB00E,1150
share,GameData\patch\material_shop003_2.arc,GameData\material_shop003_2.arc,1762,38CEBFF2,1150
share,GameData\patch\material_shop005_2.arc,GameData\material_shop005_2.arc,1714,3E621A32,1150
share,GameData\patch\material_shop007_2.arc,GameData\material_shop007_2.arc,2578,C8CE627C,1150
share,GameData\patch\material_vp001_2.arc,GameData\material_vp001_2.arc,11890,8CB043B0,1400
share,GameData\patch\material_yomeido003_2.arc,GameData\material_yomeido003_2.arc,1522,0689A7AC,1240
share,GameData\patch\menu2.arc,GameData\menu2.arc,230858,41CD9F15,1460
share,GameData\patch\menu_denkigai2015s001_2.arc,GameData\menu_denkigai2015s001_2.arc,6594,8B3E849F,1160
share,GameData\patch\menu_denkigai2015s003_2.arc,GameData\menu_denkigai2015s003_2.arc,4338,D294CE88,1150
share,GameData\patch\menu_denkigai2015wTowelR.arc,GameData\menu_denkigai2015wTowelR.arc,1282,CECEE1FC,1360
share,GameData\patch\menu_denkigai2016s_2.arc,GameData\menu_denkigai2016s_2.arc,1346,4A9440B1,1351
share,GameData\patch\menu_denkigai2016w_2.arc,GameData\menu_denkigai2016w_2.arc,15154,C8D64D3B,1450
share,GameData\patch\menu_dlcdenkigai2016w_2.arc,GameData\menu_dlcdenkigai2016w_2.arc,13522,45E7F667,1450
share,GameData\patch\menu_dlc026_2.arc,GameData\menu_dlc026_2.arc,3778,69453D54,1190
share,GameData\patch\menu_dlc028_2.arc,GameData\menu_dlc028_2.arc,3874,DE3F1C31,1200
share,GameData\patch\menu_dlc041_2.arc,GameData\menu_dlc041_2.arc,6786,97F738D3,1380
share,GameData\patch\menu_dlc042_2.arc,GameData\menu_dlc042_2.arc,1154,EE4016C0,1440
share,GameData\patch\menu_dlc061_2.arc,GameData\menu_dlc061_2.arc,3810,F99C1D4E,1290
share,GameData\patch\menu_dlc065_2.arc,GameData\menu_dlc065_2.arc,7602,D9387834,1380
share,GameData\patch\menu_dlc074_2.arc,GameData\menu_dlc074_2.arc,5618,24C559D7,1312
share,GameData\patch\menu_dlc100_2.arc,GameData\menu_dlc100_2.arc,1250,DFF94E9A,1400
share,GameData\patch\menu_dlc101_2.arc,GameData\menu_dlc101_2.arc,1218,44DB4049,1481
share,GameData\patch\menu_dlsite_2.arc,GameData\menu_dlsite_2.arc,1954,B2268BA7,1150
share,GameData\patch\menu_magazine002_2.arc,GameData\menu_magazine002_2.arc,12498,691C1126,1471
share,GameData\patch\menu_personal002_2.arc,GameData\menu_personal002_2.arc,1282,5687650C,1310
share,GameData\patch\menu_shop001_2.arc,GameData\menu_shop001_2.arc,3314,35207C87,1150
share,GameData\patch\menu_shop005_2.arc,GameData\menu_shop005_2.arc,1378,0C9AF725,1150
share,GameData\patch\menu_vp001_2.arc,GameData\menu_vp001_2.arc,19138,7C7AFD9C,1400
share,GameData\patch\menu_yomeido003_2.arc,GameData\menu_yomeido003_2.arc,1234,4D6F619D,1240
share,GameData\patch\menu_yomeidogp_wedding_2.arc,GameData\menu_yomeidogp_wedding_2.arc,3954,C251B12C,1320
share,GameData\patch\model2.arc,GameData\model2.arc,12337467,EC8FFA97,1460
share,GameData\patch\model_denkigai2015s003_2.arc,GameData\model_denkigai2015s003_2.arc,394665,41A48185,1150
share,GameData\patch\model_denkigai2015wTowelR.arc,GameData\model_denkigai2015wTowelR.arc,38258,FB570A24,1360
share,GameData\patch\model_dlc005_2.arc,GameData\model_dlc005_2.arc,175424,F7DD7D82,1270
share,GameData\patch\model_dlc046_2.arc,GameData\model_dlc046_2.arc,155690,83B34173,1220
share,GameData\patch\model_dlc073_2.arc,GameData\model_dlc073_2.arc,267037,47D33A06,1320
share,GameData\patch\model_dlc100_2.arc,GameData\model_dlc100_2.arc,691347,7C3D679D,1400
share,GameData\patch\model_dlc109_2.arc,GameData\model_dlc109_2.arc,137998,8FCCF513,1460
share,GameData\patch\model_dlsite_2.arc,GameData\model_dlsite_2.arc,197173,24366C43,1150
share,GameData\patch\model_shop001_2.arc,GameData\model_shop001_2.arc,115215,9C941FAF,1150
share,GameData\patch\model_shop002_2.arc,GameData\model_shop002_2.arc,251253,743C3D97,1150
share,GameData\patch\model_shop003_2.arc,GameData\model_shop003_2.arc,185433,A15EC70A,1150
share,GameData\patch\model_shop005_2.arc,GameData\model_shop005_2.arc,150103,FB5341FA,1150
share,GameData\patch\model_shop007_2.arc,GameData\model_shop007_2.arc,288759,80615CBD,1150
share,GameData\patch\model_vp001_2.arc,GameData\model_vp001_2.arc,647957,D68B5D2F,1400
share,GameData\patch\paths.dat,GameData\paths.dat,4060,0E7E0BEA,1500
share,GameData\patch\prioritymaterial.arc,GameData\prioritymaterial.arc,170615,B0947E1E,1500
share,GameData\patch\sound2.arc,GameData\sound2.arc,12751123,D3C5ED01,1490
share,GameData\patch\texture3.arc,GameData\texture3.arc,10035227,7C463DAB,1460
share,GameData\patch\texture_addpose001.arc,GameData\texture_addpose001.arc,23943,1D529A44,1220
share,GameData\patch\texture_denkigai2015wTowelR.arc,GameData\texture_denkigai2015wTowelR.arc,133065,FE4BDC34,1360
share,GameData\patch\texture_denkigai2016w_2.arc,GameData\texture_denkigai2016w_2.arc,10105247,3B4641C3,1450
share,GameData\patch\texture_dlcdenkigai2016w_2.arc,GameData\texture_dlcdenkigai2016w_2.arc,10105332,90868016,1450
share,GameData\patch\texture_dlc004_2.arc,GameData\texture_dlc004_2.arc,4805734,C8E5CFB4,1200
share,GameData\patch\texture_dlc046_2.arc,GameData\texture_dlc046_2.arc,596960,FC606BA5,1220
share,GameData\patch\texture_vp001_2.arc,GameData\texture_vp001_2.arc,755269,18D5027D,1400
share,GameData\patch\texture_yomeido003_2.arc,GameData\texture_yomeido003_2.arc,117248,0EE72B42,1240
share,GameData\patch\material_vr.arc,GameData\material_vr.arc,6184,D2EAFD73,130
share,GameData\patch\menu_vr.arc,GameData\menu_vr.arc,3407,D3B43CF5,130
share,GameData\patch\model_vr.arc,GameData\model_vr.arc,866449,B84B7620,130
share,GameData\patch\texture_vr.arc,GameData\texture_vr.arc,1111256,DF651968,130
share,GameData\patch\script_share_vrcom_2.arc,GameData\script_share_vrcom_2.arc,27842,6DA46AC8,1500
share,PhotoModeData\Mod\Motion\readme.txt,PhotoModeData\Mod\Motion\readme.txt,146,3BF5AF4D,1220
share,Preset\8_ren_1_yosiko.preset,Preset\8_ren_1_yosiko.preset,55432,D54FD70C,1220
share,Preset\8_ren_2_ayumi.preset,Preset\8_ren_2_ayumi.preset,51097,3C44F9DB,1220
share,Preset\8_ren_3_sakura.preset,Preset\8_ren_3_sakura.preset,52635,33F54D90,1220
share,Preset\8_ren_4_ai.preset,Preset\8_ren_4_ai.preset,46819,9B6E5960,1220
