0,0,COM3D2OHx64_Data\Managed\Accessibility.dll,10752,5CB31E4E,21700
0,0,COM3D2OHx64_Data\Managed\Assembly-CSharp.dll,5699584,2B9BBE08,21700
0,0,COM3D2OHx64_Data\Managed\Assembly-CSharp-firstpass.dll,789504,EDA7C636,21700
0,0,COM3D2OHx64_Data\Managed\Assembly-UnityScript-firstpass.dll,65024,FBE2136E,21700
0,0,COM3D2OHx64_Data\Managed\Boo.Lang.dll,126976,28383F70,21700
0,0,COM3D2OHx64_Data\Managed\BouncyCastle.Crypto.dll,2236416,5A4C4F07,21700
0,0,COM3D2OHx64_Data\Managed\FoveUnityPlugin.dll,28672,A6EA882B,21700
0,0,COM3D2OHx64_Data\Managed\ICSharpCode.SharpZipLib.dll,200704,D3160A1C,21700
0,0,COM3D2OHx64_Data\Managed\Ionic.Zlib.dll,102400,7C9E7DD2,21700
0,0,COM3D2OHx64_Data\Managed\JsonFx.Json.dll,70144,A0F0CFCB,21700
0,0,COM3D2OHx64_Data\Managed\LeapCSharp.NET3.5.dll,82432,38E38212,21700
0,0,COM3D2OHx64_Data\Managed\Mono.Data.Tds.dll,96256,2965324B,21700
0,0,COM3D2OHx64_Data\Managed\Mono.Posix.dll,184320,0CE35BE3,21700
0,0,COM3D2OHx64_Data\Managed\Mono.Security.dll,294912,66EB9979,21700
0,0,COM3D2OHx64_Data\Managed\Mono.WebBrowser.dll,172032,137B736F,21700
0,0,COM3D2OHx64_Data\Managed\mscorlib.dll,2590208,5166389B,21700
0,0,COM3D2OHx64_Data\Managed\Newtonsoft.Json.dll,494592,5C881B73,21700
0,0,COM3D2OHx64_Data\Managed\System.Configuration.dll,124928,72952344,21700
0,0,COM3D2OHx64_Data\Managed\System.Core.dll,297472,9E3EE5D7,21700
0,0,COM3D2OHx64_Data\Managed\System.Data.dll,856064,DDDB80CD,21700
0,0,COM3D2OHx64_Data\Managed\System.dll,1679360,13922617,21700
0,0,COM3D2OHx64_Data\Managed\System.Drawing.Design.dll,29696,E7B53FF9,21700
0,0,COM3D2OHx64_Data\Managed\System.Drawing.dll,448512,C4B2E872,21700
0,0,COM3D2OHx64_Data\Managed\System.EnterpriseServices.dll,46592,2C72A9FE,21700
0,0,COM3D2OHx64_Data\Managed\System.Security.dll,135168,1CE94C57,21700
0,0,COM3D2OHx64_Data\Managed\System.Transactions.dll,27648,45299FCF,21700
0,0,COM3D2OHx64_Data\Managed\System.Windows.Forms.dll,3053568,56394001,21700
0,0,COM3D2OHx64_Data\Managed\System.Xml.dll,1270272,4581A35B,21700
0,0,COM3D2OHx64_Data\Managed\System.Xml.Linq.dll,106496,E844371C,21700
0,0,COM3D2OHx64_Data\Managed\UnityEngine.dll,1393152,2C35388C,21700
0,0,COM3D2OHx64_Data\Managed\UnityEngine.dll.mdb,449828,8610375E,21700
0,0,COM3D2OHx64_Data\Managed\UnityEngine.Networking.dll,253952,2BDF701F,21700
0,0,COM3D2OHx64_Data\Managed\UnityEngine.UI.dll,245760,FA552B2D,21700
0,0,COM3D2OHx64_Data\Managed\UnityEngine.VR.dll,3072,A4582CD6,21700
0,0,COM3D2OHx64_Data\Managed\UnityScript.Lang.dll,13824,0DA8F681,21700
0,0,COM3D2OHx64_Data\Managed\Win32.dll,13312,7781C2A2,21700
0,0,COM3D2OHx64_Data\Managed\zxing.unity.dll,430592,9FD1F198,21700
0,0,COM3D2OHx64_Data\Mono\etc\mono\1.0\DefaultWsdlHelpGenerator.aspx,58196,10E814BF,21700
0,0,COM3D2OHx64_Data\Mono\etc\mono\1.0\machine.config,17258,EDE1AC59,21700
0,0,COM3D2OHx64_Data\Mono\etc\mono\2.0\Browsers\Compat.browser,1605,2E178A0B,21700
0,0,COM3D2OHx64_Data\Mono\etc\mono\2.0\DefaultWsdlHelpGenerator.aspx,60453,F3869A34,21700
0,0,COM3D2OHx64_Data\Mono\etc\mono\2.0\machine.config,27625,73C91C24,21700
0,0,COM3D2OHx64_Data\Mono\etc\mono\2.0\settings.map,2618,A1A3C29F,21700
0,0,COM3D2OHx64_Data\Mono\etc\mono\2.0\web.config,11686,534A9960,21700
0,0,COM3D2OHx64_Data\Mono\etc\mono\mconfig\config.xml,25817,80B2033A,21700
0,0,COM3D2OHx64_Data\Mono\etc\mono\browscap.ini,311984,CE6C0AB3,21700
0,0,COM3D2OHx64_Data\Mono\etc\mono\config,1691,A635914A,21700
0,0,COM3D2OHx64_Data\Mono\mono.dll,2618816,0BEA8C0F,21700
0,0,COM3D2OHx64_Data\Mono\MonoPosixHelper.dll,113664,9B5E1E4D,21700
0,0,COM3D2OHx64_Data\Plugins\assimp.dll,4388864,7C910D84,21700
0,0,COM3D2OHx64_Data\Plugins\Audio360.dll,1956352,0D4B8E9D,21700
0,0,COM3D2OHx64_Data\Plugins\AVProVideo.dll,886272,278352F0,21700
0,0,COM3D2OHx64_Data\Plugins\clothpp.dll,112128,7C3264A4,21700
0,0,COM3D2OHx64_Data\Plugins\cm3d2.dll,2083328,2C43296A,21700
0,0,COM3D2OHx64_Data\Plugins\device_hook.dll,738816,F61E7CED,21700
0,0,COM3D2OHx64_Data\Plugins\FbxExporterCore.dll,12491776,CBAA51C1,21700
0,0,COM3D2OHx64_Data\Plugins\FoveClient.dll,1849384,58C8B4F6,21700
0,0,COM3D2OHx64_Data\Plugins\LeapC.dll,2516992,FBDD3767,21700
0,0,COM3D2OHx64_Data\Plugins\openvr_api.dll,318272,44432E0F,21700
0,0,COM3D2OHx64_Data\Plugins\OVRGamepad.dll,12800,2C526135,21700
0,0,COM3D2OHx64_Data\Plugins\OVRLipSync.dll,2512296,391C1F4C,21700
0,0,COM3D2OHx64_Data\Plugins\OVRPlugin.dll,1898408,5DD05B6C,21700
0,0,COM3D2OHx64_Data\Plugins\Win32-WebView.dll,504832,382AEE66,21700
0,0,COM3D2OHx64_Data\Resources\unity default resources,752360,71DB1AEA,21700
0,0,COM3D2OHx64_Data\Resources\unity_builtin_extra,284012,91145F7F,21700
0,0,COM3D2OHx64_Data\app.info,42,6CD75754,21700
0,0,COM3D2OHx64_Data\globalgamemanagers,4778388,FB10921D,21700
0,0,COM3D2OHx64_Data\globalgamemanagers.assets,246620,1729A766,21700
0,0,COM3D2OHx64_Data\level0,337204,EFBEAD28,21700
0,0,COM3D2OHx64_Data\level1,360348,F6A6575C,21700
0,0,COM3D2OHx64_Data\level2,751980,D4BF2457,21700
0,0,COM3D2OHx64_Data\level3,1225820,989B3320,21700
0,0,COM3D2OHx64_Data\level4,1322492,2E10B7C5,21700
0,0,COM3D2OHx64_Data\level5,338700,587C7A42,21700
0,0,COM3D2OHx64_Data\level6,428844,81DED078,21700
0,0,COM3D2OHx64_Data\level7,337716,1A170D26,21700
0,0,COM3D2OHx64_Data\level8,450828,27D21A3F,21700
0,0,COM3D2OHx64_Data\level9,341828,7BD0C526,21700
0,0,COM3D2OHx64_Data\level10,708572,F897B229,21700
0,0,COM3D2OHx64_Data\level11,7524,9FCBCA92,21700
0,0,COM3D2OHx64_Data\level12,339660,7E79C1F0,21700
0,0,COM3D2OHx64_Data\level13,4664,2134299F,21700
0,0,COM3D2OHx64_Data\level14,356348,7A1A6BB2,21700
0,0,COM3D2OHx64_Data\level15,346028,4E6A9C32,21700
0,0,COM3D2OHx64_Data\level16,968292,88AD8CAA,21700
0,0,COM3D2OHx64_Data\level17,449268,BE5B975E,21700
0,0,COM3D2OHx64_Data\level18,1097932,E4435372,21700
0,0,COM3D2OHx64_Data\level19,422332,7674E0A4,21700
0,0,COM3D2OHx64_Data\level20,2215444,C4245585,21700
0,0,COM3D2OHx64_Data\level21,1127940,206550AF,21700
0,0,COM3D2OHx64_Data\level22,1101236,4BF13EB2,21700
0,0,COM3D2OHx64_Data\level23,459420,E0E5A366,21700
0,0,COM3D2OHx64_Data\level24,27904,7C532091,21700
0,0,COM3D2OHx64_Data\level24.resS,131232,851AC384,21700
0,0,COM3D2OHx64_Data\level25,51676,2D3219CE,21700
0,0,COM3D2OHx64_Data\level26,56036,B6942CF6,21700
0,0,COM3D2OHx64_Data\level27,6944,91B20EEC,21700
0,0,COM3D2OHx64_Data\level28,338108,C5E0D9F3,21700
0,0,COM3D2OHx64_Data\level29,1589252,79069876,21700
0,0,COM3D2OHx64_Data\level30,1445884,0A4AADE0,21700
0,0,COM3D2OHx64_Data\level31,1467484,D20DEF60,21700
0,0,COM3D2OHx64_Data\level32,1362884,A2F8335D,21700
0,0,COM3D2OHx64_Data\level33,1427340,9A128A5D,21700
0,0,COM3D2OHx64_Data\level34,1552764,C1D1F1AE,21700
0,0,COM3D2OHx64_Data\level35,1289580,22B5D63C,21700
0,0,COM3D2OHx64_Data\level36,1040380,9161B851,21700
0,0,COM3D2OHx64_Data\level37,1047668,0A452458,21700
0,0,COM3D2OHx64_Data\level38,1289588,155B5B9A,21700
0,0,COM3D2OHx64_Data\level39,1170396,B1BB0F74,21700
0,0,COM3D2OHx64_Data\level40,958932,A9255B03,21700
0,0,COM3D2OHx64_Data\level41,1245316,C0ACAF1E,21700
0,0,COM3D2OHx64_Data\level42,1387620,2ECB171C,21700
0,0,COM3D2OHx64_Data\level43,1346332,8D9514C3,21700
0,0,COM3D2OHx64_Data\level44,931140,D543F711,21700
0,0,COM3D2OHx64_Data\level45,413044,B22E639E,21700
0,0,COM3D2OHx64_Data\level46,409412,36C67A0A,21700
0,0,COM3D2OHx64_Data\level47,453116,59E3F409,21700
0,0,COM3D2OHx64_Data\level48,475252,E1A7D6AB,21700
0,0,COM3D2OHx64_Data\level49,403644,3E0B4355,21700
0,0,COM3D2OHx64_Data\level50,463604,C94988D0,21700
0,0,COM3D2OHx64_Data\level51,1053148,5864D05A,21700
0,0,COM3D2OHx64_Data\level52,977716,BEC9AE15,21700
0,0,COM3D2OHx64_Data\level53,456444,EAD74431,21700
0,0,COM3D2OHx64_Data\level54,478588,54A37A2A,21700
0,0,COM3D2OHx64_Data\level55,469164,D31DA34E,21700
0,0,COM3D2OHx64_Data\level56,1057564,539EC10F,21700
0,0,COM3D2OHx64_Data\level57,1018020,A2CAAA11,21700
0,0,COM3D2OHx64_Data\level58,462196,E2B3D65A,21700
0,0,COM3D2OHx64_Data\level59,446740,812F6E59,21700
0,0,COM3D2OHx64_Data\level60,428412,AC6E3E4E,21700
0,0,COM3D2OHx64_Data\level61,1396964,E8FCD74D,21700
0,0,COM3D2OHx64_Data\level62,1337876,6BEFB1C6,21700
0,0,COM3D2OHx64_Data\level63,515204,B0A6432F,21700
0,0,COM3D2OHx64_Data\level64,417204,72478904,21700
0,0,COM3D2OHx64_Data\level65,1265892,71DB888A,21700
0,0,COM3D2OHx64_Data\level66,983732,B86B9136,21700
0,0,COM3D2OHx64_Data\level67,1442372,122F4E7A,21700
0,0,COM3D2OHx64_Data\level68,1383524,76DFAFA8,21700
0,0,COM3D2OHx64_Data\level69,1589268,AF343373,21700
0,0,COM3D2OHx64_Data\level70,1552780,DC2060B7,21700
0,0,COM3D2OHx64_Data\level71,1384660,53AD1903,21700
0,0,COM3D2OHx64_Data\level72,1350604,BC7E49BA,21700
0,0,COM3D2OHx64_Data\level73,438172,36F0BBFB,21700
0,0,COM3D2OHx64_Data\level74,418644,754A1F58,21700
0,0,COM3D2OHx64_Data\level75,1062428,69D44D80,21700
0,0,COM3D2OHx64_Data\level76,863716,AB41AA35,21700
0,0,COM3D2OHx64_Data\level77,970484,AF80CD57,21700
0,0,COM3D2OHx64_Data\level78,864692,0D8BAC23,21700
0,0,COM3D2OHx64_Data\level79,1043132,A3327163,21700
0,0,COM3D2OHx64_Data\level80,1706756,2A52B3FB,21700
0,0,COM3D2OHx64_Data\level81,1657820,DF731A5E,21700
0,0,COM3D2OHx64_Data\level82,1126284,2681AB80,21700
0,0,COM3D2OHx64_Data\level83,1070116,2BF8E65B,21700
0,0,COM3D2OHx64_Data\level84,1525580,6FFFA1D0,21700
0,0,COM3D2OHx64_Data\level85,1624492,843424ED,21700
0,0,COM3D2OHx64_Data\level86,1068012,DFE7FF26,21700
0,0,COM3D2OHx64_Data\level87,983556,72309777,21700
0,0,COM3D2OHx64_Data\level88,1692508,6B1D02D8,21700
0,0,COM3D2OHx64_Data\level89,1589308,1CB9D0B5,21700
0,0,COM3D2OHx64_Data\level90,479876,AA7A6A75,21700
0,0,COM3D2OHx64_Data\level91,499652,362324BE,21700
0,0,COM3D2OHx64_Data\level92,588132,98009445,21700
0,0,COM3D2OHx64_Data\level93,547572,3408394E,21700
0,0,COM3D2OHx64_Data\level93.resS,131232,9337BCA3,21700
0,0,COM3D2OHx64_Data\level94,474932,D4B651C7,21700
0,0,COM3D2OHx64_Data\level95,574140,242A4B68,21700
0,0,COM3D2OHx64_Data\level96,498244,EE608E42,21700
0,0,COM3D2OHx64_Data\level97,1747172,8B91C3D7,21700
0,0,COM3D2OHx64_Data\level98,1489724,5EED23E3,21700
0,0,COM3D2OHx64_Data\level99,1317756,8F4E0AB6,21700
0,0,COM3D2OHx64_Data\level100,1148900,38C462CE,21700
0,0,COM3D2OHx64_Data\level101,1236324,7E332A67,21700
0,0,COM3D2OHx64_Data\level102,1427660,6465996D,21700
0,0,COM3D2OHx64_Data\level103,1333380,03F64AB4,21700
0,0,COM3D2OHx64_Data\level104,951492,8135B11B,21700
0,0,COM3D2OHx64_Data\level105,569020,0F371CE0,21700
0,0,COM3D2OHx64_Data\level106,1014372,0C8F9F93,21700
0,0,COM3D2OHx64_Data\level107,937052,2D7EB63B,21700
0,0,COM3D2OHx64_Data\level108,951636,B71FEC38,21700
0,0,COM3D2OHx64_Data\level109,911220,220559B3,21700
0,0,COM3D2OHx64_Data\level110,876892,FC66D71D,21700
0,0,COM3D2OHx64_Data\level111,851476,A513693A,21700
0,0,COM3D2OHx64_Data\level112,542364,83E1922C,21700
0,0,COM3D2OHx64_Data\level113,546564,16D53CDE,21700
0,0,COM3D2OHx64_Data\level114,571940,326CDAF1,21700
0,0,COM3D2OHx64_Data\level115,570340,CE645B16,21700
0,0,COM3D2OHx64_Data\level116,572076,BB85B5DA,21700
0,0,COM3D2OHx64_Data\level117,574452,BB72B259,21700
0,0,COM3D2OHx64_Data\level118,508660,CA194210,21700
0,0,COM3D2OHx64_Data\level119,512876,C44826D9,21700
0,0,COM3D2OHx64_Data\level120,537100,B6718CF3,21700
0,0,COM3D2OHx64_Data\level121,567436,6AC3F234,21700
0,0,COM3D2OHx64_Data\level122,538228,884388BD,21700
0,0,COM3D2OHx64_Data\level123,541220,191AE996,21700
0,0,COM3D2OHx64_Data\level124,530292,5B5DF7A4,21700
0,0,COM3D2OHx64_Data\level125,568148,93645847,21700
0,0,COM3D2OHx64_Data\resources.assets,440339864,152F343F,21700
0,0,COM3D2OHx64_Data\resources.assets.resS,1906737064,7D57A665,21700
0,0,COM3D2OHx64_Data\resources.resource,727392,54F90BDA,21700
0,0,COM3D2OHx64_Data\sharedassets0.assets,115227884,ED7DF223,21700
0,0,COM3D2OHx64_Data\sharedassets0.assets.resS,28071636,F98BCE21,21700
0,0,COM3D2OHx64_Data\sharedassets1.assets,6256,450ADB3C,21700
0,0,COM3D2OHx64_Data\sharedassets2.assets,6556,05866F9E,21700
0,0,COM3D2OHx64_Data\sharedassets3.assets,12964,3DB17D78,21700
0,0,COM3D2OHx64_Data\sharedassets4.assets,7264,87D438F6,21700
0,0,COM3D2OHx64_Data\sharedassets5.assets,6136,38954FB4,21700
0,0,COM3D2OHx64_Data\sharedassets6.assets,7096,495FCCF9,21700
0,0,COM3D2OHx64_Data\sharedassets7.assets,6088,A08BAC70,21700
0,0,COM3D2OHx64_Data\sharedassets8.assets,6448,5DDEC86C,21700
0,0,COM3D2OHx64_Data\sharedassets9.assets,6280,68CC46A0,21700
0,0,COM3D2OHx64_Data\sharedassets10.assets,6652,CD3CB5C3,21700
0,0,COM3D2OHx64_Data\sharedassets11.assets,4576,D957EAC0,21700
0,0,COM3D2OHx64_Data\sharedassets12.assets,6148,853CFE1A,21700
0,0,COM3D2OHx64_Data\sharedassets13.assets,4132,9971AD32,21700
0,0,COM3D2OHx64_Data\sharedassets14.assets,6868,518B1E1C,21700
0,0,COM3D2OHx64_Data\sharedassets15.assets,6232,925D371E,21700
0,0,COM3D2OHx64_Data\sharedassets16.assets,12676,13CEFD5F,21700
0,0,COM3D2OHx64_Data\sharedassets17.assets,6328,E9822096,21700
0,0,COM3D2OHx64_Data\sharedassets18.assets,12736,0AE7A133,21700
0,0,COM3D2OHx64_Data\sharedassets19.assets,6316,1E2B2D98,21700
0,0,COM3D2OHx64_Data\sharedassets20.assets,7108,27505A71,21700
0,0,COM3D2OHx64_Data\sharedassets21.assets,12712,1B748637,21700
0,0,COM3D2OHx64_Data\sharedassets22.assets,12712,1B748637,21700
0,0,COM3D2OHx64_Data\sharedassets23.assets,18126856,5CE52C16,21700
0,0,COM3D2OHx64_Data\sharedassets24.assets,12328,1624BDD2,21700
0,0,COM3D2OHx64_Data\sharedassets25.assets,4420,3A3D2D00,21700
0,0,COM3D2OHx64_Data\sharedassets26.assets,4324,16E23E66,21700
0,0,COM3D2OHx64_Data\sharedassets27.assets,4264,14E7F4BE,21700
0,0,COM3D2OHx64_Data\sharedassets28.assets,6124,709BA2FF,21700
0,0,COM3D2OHx64_Data\sharedassets29.assets,12676,B6043441,21700
0,0,COM3D2OHx64_Data\sharedassets30.assets,12676,364AE2F5,21700
0,0,COM3D2OHx64_Data\sharedassets31.assets,12676,FE614C6F,21700
0,0,COM3D2OHx64_Data\sharedassets32.assets,9400,D2982958,21700
0,0,COM3D2OHx64_Data\sharedassets33.assets,9508,5D6D2B97,21700
0,0,COM3D2OHx64_Data\sharedassets34.assets,9496,3915A229,21700
0,0,COM3D2OHx64_Data\sharedassets35.assets,12760,330D5D96,21700
0,0,COM3D2OHx64_Data\sharedassets36.assets,9292,5D4CC09E,21700
0,0,COM3D2OHx64_Data\sharedassets37.assets,9328,50BBBB2C,21700
0,0,COM3D2OHx64_Data\sharedassets38.assets,12760,330D5D96,21700
0,0,COM3D2OHx64_Data\sharedassets39.assets,9532,B92C3D3E,21700
0,0,COM3D2OHx64_Data\sharedassets40.assets,9328,50BBBB2C,21700
0,0,COM3D2OHx64_Data\sharedassets41.assets,9472,E0AAA22F,21700
0,0,COM3D2OHx64_Data\sharedassets42.assets,12676,06DD3EEE,21700
0,0,COM3D2OHx64_Data\sharedassets43.assets,9508,5D6D2B97,21700
0,0,COM3D2OHx64_Data\sharedassets44.assets,9496,3915A229,21700
0,0,COM3D2OHx64_Data\sharedassets45.assets,42236540,9D68FDFC,21700
0,0,COM3D2OHx64_Data\sharedassets45.assets.resS,87400,8BA6C322,21700
0,0,COM3D2OHx64_Data\sharedassets46.assets,38246508,95F0B2C4,21700
0,0,COM3D2OHx64_Data\sharedassets47.assets,32874604,54FDFE9E,21700
0,0,COM3D2OHx64_Data\sharedassets48.assets,36735684,6B025CFB,21700
0,0,COM3D2OHx64_Data\sharedassets48.assets.resS,174776,5B619AF1,21700
0,0,COM3D2OHx64_Data\sharedassets49.assets,41277360,79CAE3D1,21700
0,0,COM3D2OHx64_Data\sharedassets50.assets,39399112,E6234C45,21700
0,0,COM3D2OHx64_Data\sharedassets51.assets,3017228,2ECA08E4,21700
0,0,COM3D2OHx64_Data\sharedassets51.assets.resS,611728,7BFBEAAE,21700
0,0,COM3D2OHx64_Data\sharedassets52.assets,9556,5AE889BB,21700
0,0,COM3D2OHx64_Data\sharedassets53.assets,6508,DB711D5E,21700
0,0,COM3D2OHx64_Data\sharedassets54.assets,6508,DB711D5E,21700
0,0,COM3D2OHx64_Data\sharedassets55.assets,6508,DB711D5E,21700
0,0,COM3D2OHx64_Data\sharedassets56.assets,12688,B5E50243,21700
0,0,COM3D2OHx64_Data\sharedassets57.assets,9508,57D5C238,21700
0,0,COM3D2OHx64_Data\sharedassets58.assets,6472,A4E24F26,21700
0,0,COM3D2OHx64_Data\sharedassets59.assets,59364,92A15C92,21700
0,0,COM3D2OHx64_Data\sharedassets59.assets.resS,174776,B51EE5DC,21700
0,0,COM3D2OHx64_Data\sharedassets60.assets,6484,985EFA7D,21700
0,0,COM3D2OHx64_Data\sharedassets61.assets,759744,359253AF,21700
0,0,COM3D2OHx64_Data\sharedassets61.assets.resS,1310880,58801C35,21700
0,0,COM3D2OHx64_Data\sharedassets61.resource,1178176,90268BF4,21700
0,0,COM3D2OHx64_Data\sharedassets62.assets,9376,CBDF1974,21700
0,0,COM3D2OHx64_Data\sharedassets63.assets,3412512,71E889CD,21700
0,0,COM3D2OHx64_Data\sharedassets63.assets.resS,6226112,B3E98769,21700
0,0,COM3D2OHx64_Data\sharedassets64.assets,6580,52EDC9FE,21700
0,0,COM3D2OHx64_Data\sharedassets65.assets,13936,4A3F9B75,21700
0,0,COM3D2OHx64_Data\sharedassets66.assets,9496,3915A229,21700
0,0,COM3D2OHx64_Data\sharedassets67.assets,12712,7ACE2ABE,21700
0,0,COM3D2OHx64_Data\sharedassets68.assets,9496,BAF71B36,21700
0,0,COM3D2OHx64_Data\sharedassets69.assets,12676,B6043441,21700
0,0,COM3D2OHx64_Data\sharedassets70.assets,9496,3915A229,21700
0,0,COM3D2OHx64_Data\sharedassets71.assets,12712,7ACE2ABE,21700
0,0,COM3D2OHx64_Data\sharedassets72.assets,10444,C901F5F1,21700
0,0,COM3D2OHx64_Data\sharedassets73.assets,6928,29729D73,21700
0,0,COM3D2OHx64_Data\sharedassets74.assets,6436,4D755CFE,21700
0,0,COM3D2OHx64_Data\sharedassets75.assets,11732,AB796B43,21700
0,0,COM3D2OHx64_Data\sharedassets75.resource,2729184,2D4064D6,21700
0,0,COM3D2OHx64_Data\sharedassets76.assets,11596,7319434D,21700
0,0,COM3D2OHx64_Data\sharedassets77.assets,8296,730AF8FE,21700
0,0,COM3D2OHx64_Data\sharedassets78.assets,7612,4AC50A76,21700
0,0,COM3D2OHx64_Data\sharedassets79.assets,353948,5F9D5E26,21700
0,0,COM3D2OHx64_Data\sharedassets79.assets.resS,2272048,E50143CB,21700
0,0,COM3D2OHx64_Data\sharedassets79.resource,6236800,C7E9CFDE,21700
0,0,COM3D2OHx64_Data\sharedassets80.assets,6568400,126A2A21,21700
0,0,COM3D2OHx64_Data\sharedassets80.assets.resS,10936,3B0D7ADF,21700
0,0,COM3D2OHx64_Data\sharedassets80.resource,1136352,956B5452,21700
0,0,COM3D2OHx64_Data\sharedassets81.assets,10312,E96BCACF,21700
0,0,COM3D2OHx64_Data\sharedassets82.assets,12844,E2790708,21700
0,0,COM3D2OHx64_Data\sharedassets83.assets,9640,2E22A3E8,21700
0,0,COM3D2OHx64_Data\sharedassets84.assets,9764,9BBEC871,21700
0,0,COM3D2OHx64_Data\sharedassets84.resource,1003968,52A085C2,21700
0,0,COM3D2OHx64_Data\sharedassets85.assets,13000,48C17E7E,21700
0,0,COM3D2OHx64_Data\sharedassets86.assets,12904,1FA12C0C,21700
0,0,COM3D2OHx64_Data\sharedassets87.assets,9580,A872CCC1,21700
0,0,COM3D2OHx64_Data\sharedassets88.assets,13348,6C4747F4,21700
0,0,COM3D2OHx64_Data\sharedassets88.resource,1166848,2709F6C2,21700
0,0,COM3D2OHx64_Data\sharedassets89.assets,9892,BB1C4E41,21700
0,0,COM3D2OHx64_Data\sharedassets90.assets,6664,530E8B82,21700
0,0,COM3D2OHx64_Data\sharedassets91.assets,6664,530E8B82,21700
0,0,COM3D2OHx64_Data\sharedassets92.assets,6628,8B528CB7,21700
0,0,COM3D2OHx64_Data\sharedassets93.assets,6340,EB6B6CC7,21700
0,0,COM3D2OHx64_Data\sharedassets94.assets,6628,8B528CB7,21700
0,0,COM3D2OHx64_Data\sharedassets95.assets,6724,15B5F399,21700
0,0,COM3D2OHx64_Data\sharedassets96.assets,6628,8B528CB7,21700
0,0,COM3D2OHx64_Data\sharedassets97.assets,12856,D641934A,21700
0,0,COM3D2OHx64_Data\sharedassets98.assets,9544,3D1AB527,21700
0,0,COM3D2OHx64_Data\sharedassets99.assets,394920,BEDEEB70,21700
0,0,COM3D2OHx64_Data\sharedassets99.assets.resS,2184640,DF887086,21700
0,0,COM3D2OHx64_Data\sharedassets100.assets,9748,95353CEC,21700
0,0,COM3D2OHx64_Data\sharedassets100.resource,2751968,AE761A89,21700
0,0,COM3D2OHx64_Data\sharedassets101.assets,12928,E85A7B6E,21700
0,0,COM3D2OHx64_Data\sharedassets102.assets,12964,2052B095,21700
0,0,COM3D2OHx64_Data\sharedassets103.assets,9640,85253F42,21700
0,0,COM3D2OHx64_Data\sharedassets104.assets,7172,E24F68E9,21700
0,0,COM3D2OHx64_Data\sharedassets104.resource,6331552,B816A215,21700
0,0,COM3D2OHx64_Data\sharedassets105.assets,7048,5EFA7F43,21700
0,0,COM3D2OHx64_Data\sharedassets106.assets,86916,503EF483,21700
0,0,COM3D2OHx64_Data\sharedassets106.resource,8838816,EBFF12DA,21700
0,0,COM3D2OHx64_Data\sharedassets107.assets,8200,F5EA0329,21700
0,0,COM3D2OHx64_Data\sharedassets108.assets,11332,40B52973,21700
0,0,COM3D2OHx64_Data\sharedassets109.assets,8140,A7E574CA,21700
0,0,COM3D2OHx64_Data\sharedassets110.assets,615896,4965D897,21700
0,0,COM3D2OHx64_Data\sharedassets110.assets.resS,6138632,73B447A4,21700
0,0,COM3D2OHx64_Data\sharedassets111.assets,7024,7E06F7A6,21700
0,0,COM3D2OHx64_Data\sharedassets112.assets,6928,0FB9D865,21700
0,0,COM3D2OHx64_Data\sharedassets113.assets,6928,0FB9D865,21700
0,0,COM3D2OHx64_Data\sharedassets114.assets,6928,0FB9D865,21700
0,0,COM3D2OHx64_Data\sharedassets115.assets,6928,0FB9D865,21700
0,0,COM3D2OHx64_Data\sharedassets116.assets,6928,0FB9D865,21700
0,0,COM3D2OHx64_Data\sharedassets117.assets,6928,0FB9D865,21700
0,0,COM3D2OHx64_Data\sharedassets118.assets,6628,8B528CB7,21700
0,0,COM3D2OHx64_Data\sharedassets119.assets,6628,8B528CB7,21700
0,0,COM3D2OHx64_Data\sharedassets120.assets,6628,8B528CB7,21700
0,0,COM3D2OHx64_Data\sharedassets121.assets,6628,8B528CB7,21700
0,0,COM3D2OHx64_Data\sharedassets122.assets,6628,8B528CB7,21700
0,0,COM3D2OHx64_Data\sharedassets123.assets,6628,8B528CB7,21700
0,0,COM3D2OHx64_Data\sharedassets124.assets,6628,8B528CB7,21700
0,0,COM3D2OHx64_Data\sharedassets125.assets,6928,0FB9D865,21700
0,0,GameData\csv_cbl.arc,1105708,BFCDCB86,21700
0,0,GameData\motion_cbl_3d21reserve_2.arc,153938,9CB83B59,1120
0,0,GameData\motion_cbl_denkigai2019s_2.arc,753524,B6E084B2,1410
0,0,GameData\motion_cbl_dlc305_2.arc,25222249,152F79EB,1550
0,0,GameData\motion_cbl_karaoke002_2.arc,28789456,8DA918FB,1550
0,0,GameData\motion_cbl_karaoke004_2.arc,35778255,0E9382DD,1550
0,0,GameData\motion_cbl_kissnohi001_2.arc,158468,9CE47192,1200
0,0,GameData\motion_cbl_vp001_2.arc,1659046,62219F7A,1250
0,0,GameData\motion_cbl2.arc,57211516,0394840C,20100
0,0,GameData\script_cbl.arc,5030845,86E71B5D,21700
0,0,GameData\script_cbl_omytgc001_2.arc,212278,5759B805,1210
0,0,GameData\script_cbl_omytgc004_2.arc,2354,88C30EE5,1510
0,0,GameData\script_cbl_ordermade001_2.arc,39490,253A77F4,20800
0,0,GameData\script_cbl_ordermade002_2.arc,39090,193F3F42,20800
0,0,GameData\script_cbl_ordermade003_2.arc,11586,E1D4A34D,20800
0,0,GameData\script_cbl_ordermade004_2.arc,5698,726BA717,20800
0,0,GameData\script_cbl_personal_om002_2.arc,1730,BC1779C2,1250
0,0,GameData\script_cbl_personal_om003_2.arc,3266,E5D2DC7A,20800
0,0,GameData\script_cbl_personal_om003plus_2.arc,5282,34A5C955,1360
0,0,GameData\script_cbl_personal_om004_2.arc,4450,58D31076,20800
0,0,GameData\script_cbl_personal_om004plus_2.arc,5490,15D3F64F,1360
0,0,GameData\script_cbl_personal_om005_2.arc,3266,CD9C50AF,20800
0,0,GameData\script_cbl_personal_om005plus_2.arc,5058,9471327B,1360
0,0,GameData\script_cbl_personal_om006_2.arc,3266,F57A372F,20800
0,0,GameData\script_cbl_personal_om007_2.arc,5218,5C7D0810,20800
0,0,GameData\script_cbl_personal_om008_2.arc,16866,6A909C4E,20800
0,0,GameData\script_cbl_personal_om008plus_2.arc,32802,FC4CFCFC,1540
0,0,GameData\script_cbl_personal_om011_2.arc,8050,5107FD1C,20800
0,0,GameData\script_cbl_personal_om012_2.arc,7954,5F4FE759,21100
0,0,GameData\script_cbl_s2.arc,1170205,611FCB43,1230
0,0,GameData\script_gp002_2.arc,1306263,A8897285,1530
0,0,GameData\voice_cbl_s2.arc,185970975,644369EF,1630
0,0,launch_resource\update\kiss_update_core.dll,676864,7507F788,20700
0,0,launch_resource\update\update.exe,1077760,7A948DB0,20700
0,0,manual\css\index.css,7168,D11B8AF5,1170
0,0,manual\img\chu-blip2.jpg,78933,95522903,1170
0,0,manual\img\com3d2wcls2_logo.png,107288,47D023F7,1170
0,0,manual\img\config.jpg,167519,C5E4FAF3,1170
0,0,manual\img\menu001.jpg,13885,25B66329,1170
0,0,manual\img\menu002.jpg,24247,87A4205F,1170
0,0,manual\img\yotogi04.jpg,239859,141EC205,1170
0,0,manual\img\yotogi05.jpg,187720,9C93EE69,1170
0,0,manual\index.html,52620,3D3D5ACF,1170
0,0,COM3D2OH.exe,6430208,C8F6E71C,2023
0,0,COM3D2OHx64.exe,22841856,858642A8,21700
0,0,LICENSE,31205,24BAD003,1500
share,GameData\patch\bg_gp001_2.arc,GameData\bg_gp001_2.arc,4536165,D14D2721,1560
share,GameData\patch\bg_gp001fb_2.arc,GameData\bg_gp001fb_2.arc,74085,9CF8EBCF,1520
share,GameData\patch\bg_gp002p1_2.arc,GameData\bg_gp002p1_2.arc,4520463,D2A69A41,1560
share,GameData\patch\bg_kissevent2018_sp_card_2.arc,GameData\bg_kissevent2018_sp_card_2.arc,493322,140250D1,1100
share,GameData\patch\bg_sp001_2.arc,GameData\bg_sp001_2.arc,16204240,91030B15,1000
share,GameData\patch\bg_sp004_2.arc,GameData\bg_sp004_2.arc,36120782,D70323E9,1530
share,GameData\patch\csv.arc,GameData\csv.arc,17446773,DD00F6FF,21700
share,GameData\patch\csv_3d21reserve2_2.arc,GameData\csv_3d21reserve2_2.arc,51058,6AD913F3,1380
share,GameData\patch\csv_denkigai2018wpcard_2.arc,GameData\csv_denkigai2018wpcard_2.arc,450,CD1D6826,1331
share,GameData\patch\csv_denkigai2021s_2.arc,GameData\csv_denkigai2021s_2.arc,2530,FEA579BB,20800
share,GameData\patch\csv_dlc305_2.arc,GameData\csv_dlc305_2.arc,67779,3D73BCB9,1380
share,GameData\patch\csv_gp001_2.arc,GameData\csv_gp001_2.arc,89204,9BB06354,1420
share,GameData\patch\csv_gp001fb_2.arc,GameData\csv_gp001fb_2.arc,882,FCE085E8,20800
share,GameData\patch\csv_gp001fbp1_2.arc,GameData\csv_gp001fbp1_2.arc,37602,F880BD64,21001
share,GameData\patch\csv_jp.arc,GameData\csv_jp.arc,14963,9C524993,1470
share,GameData\patch\csv_old_2.arc,GameData\csv_old_2.arc,1746,7AD2A97C,1150
share,GameData\patch\csv_ordermade001_2.arc,GameData\csv_ordermade001_2.arc,770,422A7575,1150
share,GameData\patch\csv_personal_om006_2.arc,GameData\csv_personal_om006_2.arc,1426,AB118368,1350
share,GameData\patch\csv_personal_om010_2.arc,GameData\csv_personal_om010_2.arc,1490,AA0632D5,1540
share,GameData\patch\parts_3d21reserve_2.arc,GameData\parts_3d21reserve_2.arc,99486,7ABC2B64,20900
share,GameData\patch\parts_cas002_2.arc,GameData\parts_cas002_2.arc,3602,6E6DC929,20900
share,GameData\patch\parts_cas007_2.arc,GameData\parts_cas007_2.arc,4082,9963255A,21100
share,GameData\patch\parts_cas013_2.arc,GameData\parts_cas013_2.arc,1554,314DD9D9,1480
share,GameData\patch\parts_cas014_2.arc,GameData\parts_cas014_2.arc,1538,A0E9107C,1550
share,GameData\patch\parts_cas017_2.arc,GameData\parts_cas017_2.arc,4306,B4540859,21100
share,GameData\patch\parts_cas018_2.arc,GameData\parts_cas018_2.arc,4162,9FDF590E,21100
share,GameData\patch\parts_cas027_2.arc,GameData\parts_cas027_2.arc,4562,F9A3619D,21100
share,GameData\patch\parts_cas029_2.arc,GameData\parts_cas029_2.arc,4162,CBC72A12,21100
share,GameData\patch\parts_cas030_2.arc,GameData\parts_cas030_2.arc,4258,1C0E6C02,20900
share,GameData\patch\parts_cas031_2.arc,GameData\parts_cas031_2.arc,1263261,331A64CB,1550
share,GameData\patch\parts_cas036_2.arc,GameData\parts_cas036_2.arc,1094024,645F1993,21300
share,GameData\patch\parts_cas040_2.arc,GameData\parts_cas040_2.arc,213144,B642B720,20300
share,GameData\patch\parts_cas044_2.arc,GameData\parts_cas044_2.arc,3586,F823AB8D,1570
share,GameData\patch\parts_cas049_2.arc,GameData\parts_cas049_2.arc,499043,FC8B4029,20300
share,GameData\patch\parts_cas050_2.arc,GameData\parts_cas050_2.arc,364956,7F3CA9CA,20300
share,GameData\patch\parts_cas051_2.arc,GameData\parts_cas051_2.arc,558752,BC026C0D,20300
share,GameData\patch\parts_cas052_2.arc,GameData\parts_cas052_2.arc,573621,4786C375,20300
share,GameData\patch\parts_cas053_2.arc,GameData\parts_cas053_2.arc,613214,5BF69854,20300
share,GameData\patch\parts_cas054_2.arc,GameData\parts_cas054_2.arc,1239675,28F5D7F0,20300
share,GameData\patch\parts_cas055_2.arc,GameData\parts_cas055_2.arc,2869988,4174DFC3,20300
share,GameData\patch\parts_cas056_2.arc,GameData\parts_cas056_2.arc,124170,CBFD3F42,20900
share,GameData\patch\parts_cas062_2.arc,GameData\parts_cas062_2.arc,3538,EDE27A94,1630
share,GameData\patch\parts_cas064_2.arc,GameData\parts_cas064_2.arc,4130,41285B9B,20900
share,GameData\patch\parts_cas084_2.arc,GameData\parts_cas084_2.arc,830233,38AC8EC6,21100
share,GameData\patch\parts_com3d2cbp_2.arc,GameData\parts_com3d2cbp_2.arc,197948,415AD83E,1460
share,GameData\patch\parts_cr002_2.arc,GameData\parts_cr002_2.arc,54258,748FF69B,20300
share,GameData\patch\parts_cres2_2.arc,GameData\parts_cres2_2.arc,34422352,894018DB,21400
share,GameData\patch\parts_cw001cloth1_2.arc,GameData\parts_cw001cloth1_2.arc,108864,322ABA77,20500
share,GameData\patch\parts_cw001cloth2_2.arc,GameData\parts_cw001cloth2_2.arc,196199,EAF4C9F1,1460
share,GameData\patch\parts_cw001cloth3_2.arc,GameData\parts_cw001cloth3_2.arc,7234,115C80E3,20900
share,GameData\patch\parts_cw002cloth1_2.arc,GameData\parts_cw002cloth1_2.arc,4130,3F8513BA,1580
share,GameData\patch\parts_cw002cloth4_2.arc,GameData\parts_cw002cloth4_2.arc,207274,BDB622DC,20300
share,GameData\patch\parts_cw004cloth2_2.arc,GameData\parts_cw004cloth2_2.arc,320099,D4550380,1560
share,GameData\patch\parts_cw005cloth1_2.arc,GameData\parts_cw005cloth1_2.arc,3650,6C6B4D6F,20700
share,GameData\patch\parts_cw005cloth3_2.arc,GameData\parts_cw005cloth3_2.arc,1798437,07194B0C,1530
share,GameData\patch\parts_cw005cloth4_2.arc,GameData\parts_cw005cloth4_2.arc,93385493,76CDAC9F,1501
share,GameData\patch\parts_cw007cloth1_2.arc,GameData\parts_cw007cloth1_2.arc,722896,377270B7,21000
share,GameData\patch\parts_denkigai2017w_2.arc,GameData\parts_denkigai2017w_2.arc,1749,5B9DEB62,20900
share,GameData\patch\parts_denkigai2017wTshirt_2.arc,GameData\parts_denkigai2017wTshirt_2.arc,297032,11CE6EF6,1620
share,GameData\patch\parts_denkigai2019s_2.arc,GameData\parts_denkigai2019s_2.arc,6743432,3112F2BB,20900
share,GameData\patch\parts_denkigai2020w_2.arc,GameData\parts_denkigai2020w_2.arc,3986,4F526500,1550
share,GameData\patch\parts_dlc068_2.arc,GameData\parts_dlc068_2.arc,2066,E2A47102,1540
share,GameData\patch\parts_dlc140_2.arc,GameData\parts_dlc140_2.arc,186952,20156B6E,1630
share,GameData\patch\parts_dlc141_2.arc,GameData\parts_dlc141_2.arc,1522,BC86E86A,1630
share,GameData\patch\parts_dlc209_2.arc,GameData\parts_dlc209_2.arc,1363413,BF1ABBC0,1171
share,GameData\patch\parts_dlc215_2.arc,GameData\parts_dlc215_2.arc,2402,4E142C61,20900
share,GameData\patch\parts_dlc216_2.arc,GameData\parts_dlc216_2.arc,932171,E7454670,1200
share,GameData\patch\parts_dlc227_2.arc,GameData\parts_dlc227_2.arc,1586,B4421887,20900
share,GameData\patch\parts_dlc228_2.arc,GameData\parts_dlc228_2.arc,17362,CA81E5FE,20900
share,GameData\patch\parts_dlc230_2.arc,GameData\parts_dlc230_2.arc,1538,713A5F3F,20900
share,GameData\patch\parts_dlc230nh_2.arc,GameData\parts_dlc230nh_2.arc,1554,78B73D66,20900
share,GameData\patch\parts_dlc232_2.arc,GameData\parts_dlc232_2.arc,8018,576B319C,21100
share,GameData\patch\parts_dlc240_2.arc,GameData\parts_dlc240_2.arc,2306,890A5A33,1530
share,GameData\patch\parts_dlc241_2.arc,GameData\parts_dlc241_2.arc,1618,5C4797C1,1380
share,GameData\patch\parts_dlc254_2.arc,GameData\parts_dlc254_2.arc,1650,F7E7BFB1,21100
share,GameData\patch\parts_dlc256_2.arc,GameData\parts_dlc256_2.arc,459473,67DE15EB,1480
share,GameData\patch\parts_dlc256ns_2.arc,GameData\parts_dlc256ns_2.arc,464943,902A8184,1480
share,GameData\patch\parts_dlc265_2.arc,GameData\parts_dlc265_2.arc,1461885,9DC90DB1,20300
share,GameData\patch\parts_dlc267_2.arc,GameData\parts_dlc267_2.arc,2827817,95D40D44,1480
share,GameData\patch\parts_dlc267ns_2.arc,GameData\parts_dlc267ns_2.arc,2827831,320F93A5,1480
share,GameData\patch\parts_dlc268_2.arc,GameData\parts_dlc268_2.arc,465617,1FC74BD4,1320
share,GameData\patch\parts_dlc268ns_2.arc,GameData\parts_dlc268ns_2.arc,465634,269DB210,1320
share,GameData\patch\parts_dlc279_2.arc,GameData\parts_dlc279_2.arc,6171073,DF439D14,1331
share,GameData\patch\parts_dlc281_2.arc,GameData\parts_dlc281_2.arc,1602,B87FBD5C,20900
share,GameData\patch\parts_dlc282_2.arc,GameData\parts_dlc282_2.arc,1602,AFD6C793,20900
share,GameData\patch\parts_dlc283_2.arc,GameData\parts_dlc283_2.arc,214283,48402BBC,1550
share,GameData\patch\parts_dlc284_2.arc,GameData\parts_dlc284_2.arc,534508,B3F4541D,21600
share,GameData\patch\parts_dlc285_2.arc,GameData\parts_dlc285_2.arc,230365,BFC599A9,20500
share,GameData\patch\parts_dlc286_2.arc,GameData\parts_dlc286_2.arc,76043,8B261DCE,1630
share,GameData\patch\parts_dlc290_2.arc,GameData\parts_dlc290_2.arc,382701,B48E55B1,20300
share,GameData\patch\parts_dlc293_2.arc,GameData\parts_dlc293_2.arc,1586,CC44CFFE,20900
share,GameData\patch\parts_dlc297_2.arc,GameData\parts_dlc297_2.arc,1586,F934F3B5,20900
share,GameData\patch\parts_dlc298_2.arc,GameData\parts_dlc298_2.arc,1682,039EB67B,21100
share,GameData\patch\parts_dlc301_2.arc,GameData\parts_dlc301_2.arc,2032332,7D478CC1,1510
share,GameData\patch\parts_dlc302_2.arc,GameData\parts_dlc302_2.arc,1988437,E207724F,1510
share,GameData\patch\parts_dlc303_2.arc,GameData\parts_dlc303_2.arc,2715150,2D1CFC1F,1510
share,GameData\patch\parts_dlc304_2.arc,GameData\parts_dlc304_2.arc,1704802,5CDB51EF,1510
share,GameData\patch\parts_dlc314_2.arc,GameData\parts_dlc314_2.arc,104389,770F4A58,21300
share,GameData\patch\parts_dlc320_2.arc,GameData\parts_dlc320_2.arc,94639,DC5A14A4,1470
share,GameData\patch\parts_dlc330_2.arc,GameData\parts_dlc330_2.arc,1416901,40AFFED8,1631
share,GameData\patch\parts_dlc331_2.arc,GameData\parts_dlc331_2.arc,387759,1E7BE0CA,20800
share,GameData\patch\parts_dlc334_2.arc,GameData\parts_dlc334_2.arc,97412,48B386A9,21100
share,GameData\patch\parts_dlc336_2.arc,GameData\parts_dlc336_2.arc,8066,88BCFEC7,21100
share,GameData\patch\parts_dlc339_2.arc,GameData\parts_dlc339_2.arc,3538,BC6E3AC5,20900
share,GameData\patch\parts_dlc340_2.arc,GameData\parts_dlc340_2.arc,10642,53349B16,1540
share,GameData\patch\parts_dlc350_2.arc,GameData\parts_dlc350_2.arc,1666,CA6A5E98,21200
share,GameData\patch\parts_dlc351_2.arc,GameData\parts_dlc351_2.arc,421561,ED107EB9,20500
share,GameData\patch\parts_dlc353_2.arc,GameData\parts_dlc353_2.arc,967380,18CA7CF1,1540
share,GameData\patch\parts_dlc354_2.arc,GameData\parts_dlc354_2.arc,427649,CB75934F,20300
share,GameData\patch\parts_dlc355_2.arc,GameData\parts_dlc355_2.arc,348168,5CF6F6A0,1540
share,GameData\patch\parts_dlc356_2.arc,GameData\parts_dlc356_2.arc,57433481,02936498,1540
share,GameData\patch\parts_dlc357_2.arc,GameData\parts_dlc357_2.arc,47375026,F7C5D388,1540
share,GameData\patch\parts_dlc358_2.arc,GameData\parts_dlc358_2.arc,39458721,5960F3DB,1550
share,GameData\patch\parts_dlc359_2.arc,GameData\parts_dlc359_2.arc,109291930,A2D75D7D,1540
share,GameData\patch\parts_dlc360_2.arc,GameData\parts_dlc360_2.arc,26514,AB27B869,20900
share,GameData\patch\parts_dlc362_2.arc,GameData\parts_dlc362_2.arc,628510,A1368035,1550
share,GameData\patch\parts_dlc363_2.arc,GameData\parts_dlc363_2.arc,1602,014DA2DF,1530
share,GameData\patch\parts_dlc367_2.arc,GameData\parts_dlc367_2.arc,64050,9FA7B57C,20900
share,GameData\patch\parts_dlc368_2.arc,GameData\parts_dlc368_2.arc,4210,992FFAC6,20900
share,GameData\patch\parts_dlc376_2.arc,GameData\parts_dlc376_2.arc,239783,34214152,1630
share,GameData\patch\parts_dlc377_2.arc,GameData\parts_dlc377_2.arc,234919,3ACDCA89,20300
share,GameData\patch\parts_dlc379_2.arc,GameData\parts_dlc379_2.arc,3714,9A12C6E5,20900
share,GameData\patch\parts_dlc386_2.arc,GameData\parts_dlc386_2.arc,1893976,7B363123,20300
share,GameData\patch\parts_dlc387_2.arc,GameData\parts_dlc387_2.arc,3762,C2E05343,1630
share,GameData\patch\parts_dlc389_2.arc,GameData\parts_dlc389_2.arc,1843830,9980CBC1,1630
share,GameData\patch\parts_dlc392_2.arc,GameData\parts_dlc392_2.arc,1194956,2E5B0AFE,21000
share,GameData\patch\parts_dlc394_2.arc,GameData\parts_dlc394_2.arc,2140716,E2AEA74F,20900
share,GameData\patch\parts_dlc395_2.arc,GameData\parts_dlc395_2.arc,516949,B3180629,1630
share,GameData\patch\parts_dlc396_2.arc,GameData\parts_dlc396_2.arc,1619232,D55D18E3,20300
share,GameData\patch\parts_dlc397_2.arc,GameData\parts_dlc397_2.arc,3712250,6DAA79F0,1630
share,GameData\patch\parts_dlc403_2.arc,GameData\parts_dlc403_2.arc,4018,7012D328,20700
share,GameData\patch\parts_dlc412_2.arc,GameData\parts_dlc412_2.arc,250260,C4AEEB6C,20800
share,GameData\patch\parts_dlc413_2.arc,GameData\parts_dlc413_2.arc,3282,E7A89561,21000
share,GameData\patch\parts_dlc427_2.arc,GameData\parts_dlc427_2.arc,2824374,7295C322,20700
share,GameData\patch\parts_dlc436_2.arc,GameData\parts_dlc436_2.arc,224581,26250F84,21100
share,GameData\patch\parts_dlc442_2.arc,GameData\parts_dlc442_2.arc,442350,F0113A0C,21501
share,GameData\patch\parts_dlcdenkigai2017w_2.arc,GameData\parts_dlcdenkigai2017w_2.arc,1756,BE4AE431,20900
share,GameData\patch\parts_dlcdenkigai2019s_2.arc,GameData\parts_dlcdenkigai2019s_2.arc,176453,AA742E5C,20900
share,GameData\patch\parts_dlcdenkigai2019w_2.arc,GameData\parts_dlcdenkigai2019w_2.arc,15362,070EFED5,1580
share,GameData\patch\parts_dlcfacetex001_2.arc,GameData\parts_dlcfacetex001_2.arc,39618,1A98C1F9,20500
share,GameData\patch\parts_gp001_2.arc,GameData\parts_gp001_2.arc,62139719,101FA3E6,20900
share,GameData\patch\parts_gp001fb_2.arc,GameData\parts_gp001fb_2.arc,1655682,25F82731,21000
share,GameData\patch\parts_gp003_2.arc,GameData\parts_gp003_2.arc,153913036,99B2EC64,21700
share,GameData\patch\parts_karaoke001_2.arc,GameData\parts_karaoke001_2.arc,453245,11C970D3,1280
share,GameData\patch\parts_kissevent2018_2.arc,GameData\parts_kissevent2018_2.arc,195634,BA449716,1610
share,GameData\patch\parts_magazine003_2.arc,GameData\parts_magazine003_2.arc,2092486,745DC69F,21501
share,GameData\patch\parts_nijiyomec_2.arc,GameData\parts_nijiyomec_2.arc,18114,53C76F14,1560
share,GameData\patch\parts_oldplus002hair1_2.arc,GameData\parts_oldplus002hair1_2.arc,187032,40716AA1,20300
share,GameData\patch\parts_oldplus005hair2_2.arc,GameData\parts_oldplus005hair2_2.arc,47826,3A8C3553,1550
share,GameData\patch\parts_oldplus006hair2_2.arc,GameData\parts_oldplus006hair2_2.arc,402927,CAB5CFFA,1540
share,GameData\patch\parts_oldplus009cloth_2.arc,GameData\parts_oldplus009cloth_2.arc,1885119,9BE22C1D,21100
share,GameData\patch\parts_omvr.arc,GameData\parts_omvr.arc,3206509,4F0D0480,1120
share,GameData\patch\parts_personal_om003_2.arc,GameData\parts_personal_om003_2.arc,808314,862384FC,21501
share,GameData\patch\parts_personal_om004_2.arc,GameData\parts_personal_om004_2.arc,18738,B11C1D9D,1580
share,GameData\patch\parts_personal_om005_2.arc,GameData\parts_personal_om005_2.arc,3778,32C6DF55,20900
share,GameData\patch\parts_personal_om006_2.arc,GameData\parts_personal_om006_2.arc,423014,D7359DF9,20900
share,GameData\patch\parts_personal_om007_2.arc,GameData\parts_personal_om007_2.arc,3714,C83D1F12,20900
share,GameData\patch\parts_personal_om008_2.arc,GameData\parts_personal_om008_2.arc,10347444,3DA8F7FA,21200
share,GameData\patch\parts_personal_om009_2.arc,GameData\parts_personal_om009_2.arc,38647433,49F65DBA,20900
share,GameData\patch\parts_personal_om010_2.arc,GameData\parts_personal_om010_2.arc,20132696,E36F644B,1540
share,GameData\patch\parts_personal_om011hair_2.arc,GameData\parts_personal_om011hair_2.arc,8794412,8045F402,20300
share,GameData\patch\parts_personal_om012underwear_2.arc,GameData\parts_personal_om012underwear_2.arc,2786,27667338,20900
share,GameData\patch\parts_shop011_2.arc,GameData\parts_shop011_2.arc,1610793,7DC58B5C,21400
share,GameData\patch\parts_shop013_2.arc,GameData\parts_shop013_2.arc,4786,3F8C0C9D,1580
share,GameData\patch\parts_shop016_2.arc,GameData\parts_shop016_2.arc,618922,34D0C0A4,20900
share,GameData\patch\parts_shop019_2.arc,GameData\parts_shop019_2.arc,196310,38FDFDA0,1560
share,GameData\patch\parts_sp001_2.arc,GameData\parts_sp001_2.arc,168563,1ECED52E,1560
share,GameData\patch\parts_sp001cloth1_2.arc,GameData\parts_sp001cloth1_2.arc,62690,0E9AD6BF,20900
share,GameData\patch\parts_sp002cloth1_2.arc,GameData\parts_sp002cloth1_2.arc,10930,46512519,1250
share,GameData\patch\parts_sp002cloth2_2.arc,GameData\parts_sp002cloth2_2.arc,1825089,3BCD25A8,1352
share,GameData\patch\parts_sp003cloth3_2.arc,GameData\parts_sp003cloth3_2.arc,2970776,D1820E11,1530
share,GameData\patch\parts_sp004cloth2_2.arc,GameData\parts_sp004cloth2_2.arc,3954,C1224788,21100
share,GameData\patch\parts_sp005cloth2_2.arc,GameData\parts_sp005cloth2_2.arc,307133,F9B6103A,1560
share,GameData\patch\parts_sp006cloth1_2.arc,GameData\parts_sp006cloth1_2.arc,105662,BC6BE872,20300
share,GameData\patch\parts_vac001_2.arc,GameData\parts_vac001_2.arc,1271224,0597E526,1540
share,GameData\patch\parts_vp001_2.arc,GameData\parts_vp001_2.arc,315891,7624574E,20900
share,GameData\patch\parts_x001_2.arc,GameData\parts_x001_2.arc,5042,98AC30E5,21700
share,GameData\patch\parts2.arc,GameData\parts2.arc,180892026,AFC0FA11,21600
share,GameData\patch\paths.dat,GameData\paths.dat,13874,68CF3172,21700
share,GameData\patch\prioritymaterial.arc,GameData\prioritymaterial.arc,721072,63B8E6E4,21700
share,GameData\patch\script_share_karaoke_2.arc,GameData\script_share_karaoke_2.arc,8468,FC03F258,21400
share,GameData\patch\sound_maidotaiou_2.arc,GameData\sound_maidotaiou_2.arc,7299462,B7505B64,21300
share,GameData\patch\sound2.arc,GameData\sound2.arc,56269187,EDC652C0,21600
share,GameData\patch\system_gp001_2.arc,GameData\system_gp001_2.arc,7478491,A3D9E534,1420
share,GameData\patch\system_gp001fb_2.arc,GameData\system_gp001fb_2.arc,1681009,EFAA885E,20600
share,GameData\patch\system_gp002_2.arc,GameData\system_gp002_2.arc,3352431,A85DA78B,1350
share,GameData\patch\system_gp003_2.arc,GameData\system_gp003_2.arc,13346,A2E59BD5,1630
share,GameData\patch\system_karaoke010_2.arc,GameData\system_karaoke010_2.arc,498553543,95054915,21300
share,GameData\patch\system_omytgc005_2.arc,GameData\system_omytgc005_2.arc,20194,26C12082,21001
share,GameData\patch\system_personal_om009_2.arc,GameData\system_personal_om009_2.arc,7218,94257E0F,21001
share,GameData\patch\system2.arc,GameData\system2.arc,15219000,1752F762,21700
share,GameData\patch\voice_gp001_2.arc,GameData\voice_gp001_2.arc,128499501,74943317,1270
share,GameData\patch\voice_ordermade002_2.arc,GameData\voice_ordermade002_2.arc,4034461,8F5E74E5,1550
share,GameData\patch\voice_ordermade002_solo_2.arc,GameData\voice_ordermade002_solo_2.arc,4034470,80F11421,1550
share,GameData\patch\voice_personal_om005_2.arc,GameData\voice_personal_om005_2.arc,77014392,941AFD15,1420
share,GameData\patch\voice_personal_om008_2.arc,GameData\voice_personal_om008_2.arc,738018,CFD7E516,1540
share,GameData\patch\voice_personal_om010_2.arc,GameData\voice_personal_om010_2.arc,120212,0DC709ED,1540
share,GameData_20\bg_pp001_2.arc,GameData_20\bg_pp001_2.arc,1237157,C9D912F7,1220
share,GameData_20\bg_vp001_2.arc,GameData_20\bg_vp001_2.arc,283046,A7A90EE1,1190
share,GameData_20\material_cw005cloth4_2.arc,GameData_20\material_cw005cloth4_2.arc,31586,74059A93,1661
share,GameData_20\material_denkigai2015s003_2.arc,GameData_20\material_denkigai2015s003_2.arc,7106,0C82D791,1150
share,GameData_20\material_denkigai2015w_2.arc,GameData_20\material_denkigai2015w_2.arc,3490,F06AAABE,1090
share,GameData_20\material_denkigai2015wTowelR.arc,GameData_20\material_denkigai2015wTowelR.arc,1602,618192B9,1360
share,GameData_20\material_denkigai2017w_2.arc,GameData_20\material_denkigai2017w_2.arc,4290,0748142E,1674
share,GameData_20\material_denkigai2017wtshirt_2.arc,GameData_20\material_denkigai2017wtshirt_2.arc,2418,F6E9FB90,1674
share,GameData_20\material_denkigai2019stshirt_2.arc,GameData_20\material_denkigai2019stshirt_2.arc,1586,BA3332E0,1680
share,GameData_20\material_dlc028_2.arc,GameData_20\material_dlc028_2.arc,8882,8BE4415C,1691
share,GameData_20\material_dlc046_2.arc,GameData_20\material_dlc046_2.arc,4210,A2B3A6D9,1695
share,GameData_20\material_dlc055_2.arc,GameData_20\material_dlc055_2.arc,5282,11A93109,1280
share,GameData_20\material_dlc093_2.arc,GameData_20\material_dlc093_2.arc,13586,D911AC0A,1695
share,GameData_20\material_dlc107_2.arc,GameData_20\material_dlc107_2.arc,5218,F9837138,1590
share,GameData_20\material_dlc108_2.arc,GameData_20\material_dlc108_2.arc,13698,93BCAC65,1695
share,GameData_20\material_dlc146_2.arc,GameData_20\material_dlc146_2.arc,2594,A86BF4E4,1696
share,GameData_20\material_dlc191_2.arc,GameData_20\material_dlc191_2.arc,35282,6918122F,1695
share,GameData_20\material_dlc195_2.arc,GameData_20\material_dlc195_2.arc,1746,ECFBFE17,1090
share,GameData_20\material_dlc256_2.arc,GameData_20\material_dlc256_2.arc,3378,CFF1F232,1673
share,GameData_20\material_dlc267_2.arc,GameData_20\material_dlc267_2.arc,5186,11ED6A88,1673
share,GameData_20\material_dlc278_2.arc,GameData_20\material_dlc278_2.arc,3794,94EE71BB,1651
share,GameData_20\material_dlc353_2.arc,GameData_20\material_dlc353_2.arc,1762,C3E9BB20,1673
share,GameData_20\material_dlc356_2.arc,GameData_20\material_dlc356_2.arc,38338,802E0C1D,1674
share,GameData_20\material_dlc357_2.arc,GameData_20\material_dlc357_2.arc,55938,3D8DE6D9,1674
share,GameData_20\material_dlc358_2.arc,GameData_20\material_dlc358_2.arc,18754,C73B56B1,1673
share,GameData_20\material_dlc359_2.arc,GameData_20\material_dlc359_2.arc,35026,E141B1FB,1674
share,GameData_20\material_dlc363_2.arc,GameData_20\material_dlc363_2.arc,3794,14C1B1A5,1673
share,GameData_20\material_dlc412_2.arc,GameData_20\material_dlc412_2.arc,16850,B8975C41,1691
share,GameData_20\material_dlc427_2.arc,GameData_20\material_dlc427_2.arc,13675,3B3359A5,1695
share,GameData_20\material_dlcdenkigai2015w_2.arc,GameData_20\material_dlcdenkigai2015w_2.arc,3522,D35394D7,1090
share,GameData_20\material_dlcdenkigai2017w_2.arc,GameData_20\material_dlcdenkigai2017w_2.arc,4322,13A2A5F9,1674
share,GameData_20\material_dlsite_2.arc,GameData_20\material_dlsite_2.arc,1762,C5A837EA,1150
share,GameData_20\material_kissevent2017march_2.arc,GameData_20\material_kissevent2017march_2.arc,4674,8D9C5966,1680
share,GameData_20\material_magazine003_2.arc,GameData_20\material_magazine003_2.arc,30594,697EA347,1695
share,GameData_20\material_shop001_2.arc,GameData_20\material_shop001_2.arc,1762,D98CED1C,1150
share,GameData_20\material_shop002_2.arc,GameData_20\material_shop002_2.arc,1762,956BB00E,1150
share,GameData_20\material_shop003_2.arc,GameData_20\material_shop003_2.arc,1762,38CEBFF2,1150
share,GameData_20\material_shop005_2.arc,GameData_20\material_shop005_2.arc,1714,3E621A32,1150
share,GameData_20\material_shop007_2.arc,GameData_20\material_shop007_2.arc,2578,C8CE627C,1150
share,GameData_20\material_sp005cloth2_2.arc,GameData_20\material_sp005cloth2_2.arc,1810,3AE810F9,1641
share,GameData_20\material_vac001_2.arc,GameData_20\material_vac001_2.arc,5266,46CD10D7,1673
share,GameData_20\material_vp001_2.arc,GameData_20\material_vp001_2.arc,11890,8CB043B0,1400
share,GameData_20\material_yomeido003_2.arc,GameData_20\material_yomeido003_2.arc,1522,0689A7AC,1240
share,GameData_20\menu_cas002_2.arc,GameData_20\menu_cas002_2.arc,3234,B376662F,1691
share,GameData_20\menu_cas005_2.arc,GameData_20\menu_cas005_2.arc,3314,B1151824,1674
share,GameData_20\menu_cas007_2.arc,GameData_20\menu_cas007_2.arc,3714,EA919FC3,1693
share,GameData_20\menu_cas017_2.arc,GameData_20\menu_cas017_2.arc,3938,EBF4794F,1693
share,GameData_20\menu_cas018_2.arc,GameData_20\menu_cas018_2.arc,3794,E3E0301F,1693
share,GameData_20\menu_cas027_2.arc,GameData_20\menu_cas027_2.arc,4194,3B712034,1693
share,GameData_20\menu_cas029_2.arc,GameData_20\menu_cas029_2.arc,3778,58C0365D,1693
share,GameData_20\menu_cas030_2.arc,GameData_20\menu_cas030_2.arc,3874,6028B3BE,1691
share,GameData_20\menu_cas031_2.arc,GameData_20\menu_cas031_2.arc,3906,7CC4BAC7,1673
share,GameData_20\menu_cas044_2.arc,GameData_20\menu_cas044_2.arc,3218,C0415674,1673
share,GameData_20\menu_cas049_2.arc,GameData_20\menu_cas049_2.arc,3266,8BE78307,1693
share,GameData_20\menu_cas056_2.arc,GameData_20\menu_cas056_2.arc,3890,7F6480A2,1691
share,GameData_20\menu_cas062_2.arc,GameData_20\menu_cas062_2.arc,3138,17F6B4B8,1680
share,GameData_20\menu_cas064_2.arc,GameData_20\menu_cas064_2.arc,3746,743A5DCF,1691
share,GameData_20\menu_com3d2cbp_2.arc,GameData_20\menu_com3d2cbp_2.arc,3506,334A88E0,1673
share,GameData_20\menu_cw001cloth3_2.arc,GameData_20\menu_cw001cloth3_2.arc,6994,F7D9910B,1691
share,GameData_20\menu_cw002cloth1_2.arc,GameData_20\menu_cw002cloth1_2.arc,3762,B0366A81,1674
share,GameData_20\menu_cw004cloth2_2.arc,GameData_20\menu_cw004cloth2_2.arc,3330,F61401F7,1673
share,GameData_20\menu_cw005cloth1_2.arc,GameData_20\menu_cw005cloth1_2.arc,3282,14FBC0F8,1681
share,GameData_20\menu_cw005cloth4_2.arc,GameData_20\menu_cw005cloth4_2.arc,23554,B15A0E72,1661
share,GameData_20\menu_cw007cloth1_2.arc,GameData_20\menu_cw007cloth1_2.arc,9410,0CC26EE4,1693
share,GameData_20\menu_denkigai2015s001_2.arc,GameData_20\menu_denkigai2015s001_2.arc,6594,8B3E849F,1160
share,GameData_20\menu_denkigai2015s003_2.arc,GameData_20\menu_denkigai2015s003_2.arc,4338,D294CE88,1150
share,GameData_20\menu_denkigai2015wTowelR.arc,GameData_20\menu_denkigai2015wTowelR.arc,1282,CECEE1FC,1360
share,GameData_20\menu_denkigai2016s_2.arc,GameData_20\menu_denkigai2016s_2.arc,5298,ABC5BCBA,1680
share,GameData_20\menu_denkigai2016w_2.arc,GameData_20\menu_denkigai2016w_2.arc,15154,C8D64D3B,1450
share,GameData_20\menu_denkigai2017s_2.arc,GameData_20\menu_denkigai2017s_2.arc,8642,ED615547,1691
share,GameData_20\menu_denkigai2017w_2.arc,GameData_20\menu_denkigai2017w_2.arc,4210,A57A8E1E,1694
share,GameData_20\menu_denkigai2017wTshirt_2.arc,GameData_20\menu_denkigai2017wTshirt_2.arc,1330,C86D3E8E,1674
share,GameData_20\menu_denkigai2019s_2.arc,GameData_20\menu_denkigai2019s_2.arc,9794,8105F4C2,1674
share,GameData_20\menu_denkigai2019sTshirt_2.arc,GameData_20\menu_denkigai2019sTshirt_2.arc,1314,1585420D,1680
share,GameData_20\menu_denkigai2019w_2.arc,GameData_20\menu_denkigai2019w_2.arc,5938,C4A9AA0F,1674
share,GameData_20\menu_denkigai2020w_2.arc,GameData_20\menu_denkigai2020w_2.arc,9186,51DF1F95,1673
share,GameData_20\menu_dlc001_2.arc,GameData_20\menu_dlc001_2.arc,3954,7D6E4233,1691
share,GameData_20\menu_dlc005_2.arc,GameData_20\menu_dlc005_2.arc,3586,73F33290,1693
share,GameData_20\menu_dlc012_2.arc,GameData_20\menu_dlc012_2.arc,6626,6C5BEA26,1693
share,GameData_20\menu_dlc017_2.arc,GameData_20\menu_dlc017_2.arc,3394,486DB42A,1691
share,GameData_20\menu_dlc026_2.arc,GameData_20\menu_dlc026_2.arc,3778,69453D54,1190
share,GameData_20\menu_dlc028_2.arc,GameData_20\menu_dlc028_2.arc,3874,DE3F1C31,1200
share,GameData_20\menu_dlc033_2.arc,GameData_20\menu_dlc033_2.arc,7314,04421C06,1693
share,GameData_20\menu_dlc034_2.arc,GameData_20\menu_dlc034_2.arc,3714,84E7DC58,1674
share,GameData_20\menu_dlc041_2.arc,GameData_20\menu_dlc041_2.arc,6786,97F738D3,1380
share,GameData_20\menu_dlc042_2.arc,GameData_20\menu_dlc042_2.arc,1154,EE4016C0,1440
share,GameData_20\menu_dlc049_2.arc,GameData_20\menu_dlc049_2.arc,5666,6A7F0162,1673
share,GameData_20\menu_dlc061_2.arc,GameData_20\menu_dlc061_2.arc,3810,F99C1D4E,1290
share,GameData_20\menu_dlc065_2.arc,GameData_20\menu_dlc065_2.arc,7602,D9387834,1380
share,GameData_20\menu_dlc074_2.arc,GameData_20\menu_dlc074_2.arc,5618,24C559D7,1312
share,GameData_20\menu_dlc077_2.arc,GameData_20\menu_dlc077_2.arc,9394,B0735D2F,1693
share,GameData_20\menu_dlc078_2.arc,GameData_20\menu_dlc078_2.arc,2338,46D1542F,1673
share,GameData_20\menu_dlc084_2.arc,GameData_20\menu_dlc084_2.arc,1362,514D4584,1694
share,GameData_20\menu_dlc100_2.arc,GameData_20\menu_dlc100_2.arc,1250,DFF94E9A,1400
share,GameData_20\menu_dlc101_2.arc,GameData_20\menu_dlc101_2.arc,1218,44DB4049,1481
share,GameData_20\menu_dlc107_2.arc,GameData_20\menu_dlc107_2.arc,1746,A6C9E7C4,1590
share,GameData_20\menu_dlc111_2.arc,GameData_20\menu_dlc111_2.arc,1330,480BC0DC,1674
share,GameData_20\menu_dlc121_2.arc,GameData_20\menu_dlc121_2.arc,3314,61796D1D,1681
share,GameData_20\menu_dlc123_2.arc,GameData_20\menu_dlc123_2.arc,7714,595B8C3C,1674
share,GameData_20\menu_dlc126_2.arc,GameData_20\menu_dlc126_2.arc,2050,7471540B,1673
share,GameData_20\menu_dlc139_2.arc,GameData_20\menu_dlc139_2.arc,1346,405521A3,1694
share,GameData_20\menu_dlc140_2.arc,GameData_20\menu_dlc140_2.arc,1218,DF957030,1680
share,GameData_20\menu_dlc141_2.arc,GameData_20\menu_dlc141_2.arc,1218,206CE641,1680
share,GameData_20\menu_dlc143_2.arc,GameData_20\menu_dlc143_2.arc,3890,B5ED6650,1693
share,GameData_20\menu_dlc158_2.arc,GameData_20\menu_dlc158_2.arc,1250,BD65297C,1691
share,GameData_20\menu_dlc170_2.arc,GameData_20\menu_dlc170_2.arc,1266,8DD047BD,1674
share,GameData_20\menu_dlc184_2.arc,GameData_20\menu_dlc184_2.arc,3346,5D28E953,1691
share,GameData_20\menu_dlc189_2.arc,GameData_20\menu_dlc189_2.arc,2258,5A9F3DE9,1590
share,GameData_20\menu_dlc195_2.arc,GameData_20\menu_dlc195_2.arc,1170,BF163DDC,1090
share,GameData_20\menu_dlc202_2.arc,GameData_20\menu_dlc202_2.arc,6594,7C41E999,1693
share,GameData_20\menu_dlc203_2.arc,GameData_20\menu_dlc203_2.arc,3922,C3AF937A,1693
share,GameData_20\menu_dlc204_2.arc,GameData_20\menu_dlc204_2.arc,3842,4DD62ADC,1674
share,GameData_20\menu_dlc206_2.arc,GameData_20\menu_dlc206_2.arc,3394,CAC7F5BB,1691
share,GameData_20\menu_dlc207_2.arc,GameData_20\menu_dlc207_2.arc,3922,552F051C,1630
share,GameData_20\menu_dlc227_2.arc,GameData_20\menu_dlc227_2.arc,1234,432C150D,1691
share,GameData_20\menu_dlc228_2.arc,GameData_20\menu_dlc228_2.arc,1234,77F54BF8,1691
share,GameData_20\menu_dlc230_2.arc,GameData_20\menu_dlc230_2.arc,1170,F4DCC0AA,1691
share,GameData_20\menu_dlc230nh_2.arc,GameData_20\menu_dlc230nh_2.arc,1202,4F46042A,1691
share,GameData_20\menu_dlc232_2.arc,GameData_20\menu_dlc232_2.arc,4146,689CEBFB,1693
share,GameData_20\menu_dlc254_2.arc,GameData_20\menu_dlc254_2.arc,1282,5C51B209,1693
share,GameData_20\menu_dlc281_2.arc,GameData_20\menu_dlc281_2.arc,1234,55D6233E,1691
share,GameData_20\menu_dlc282_2.arc,GameData_20\menu_dlc282_2.arc,1234,8AA0E036,1691
share,GameData_20\menu_dlc283_2.arc,GameData_20\menu_dlc283_2.arc,1202,25C4EE86,1673
share,GameData_20\menu_dlc293_2.arc,GameData_20\menu_dlc293_2.arc,1234,0D9FCDF7,1691
share,GameData_20\menu_dlc297_2.arc,GameData_20\menu_dlc297_2.arc,1234,45E20486,1691
share,GameData_20\menu_dlc298_2.arc,GameData_20\menu_dlc298_2.arc,1314,754C44EE,1693
share,GameData_20\menu_dlc322_2.arc,GameData_20\menu_dlc322_2.arc,3138,2A035FB8,1691
share,GameData_20\menu_dlc324_2.arc,GameData_20\menu_dlc324_2.arc,31458,30DAF5BE,1691
share,GameData_20\menu_dlc331_2.arc,GameData_20\menu_dlc331_2.arc,3330,78103186,1673
share,GameData_20\menu_dlc336_2.arc,GameData_20\menu_dlc336_2.arc,19170,293428D3,1693
share,GameData_20\menu_dlc339_2.arc,GameData_20\menu_dlc339_2.arc,3154,EEE967A4,1691
share,GameData_20\menu_dlc340_2.arc,GameData_20\menu_dlc340_2.arc,10226,2E6EC41E,1673
share,GameData_20\menu_dlc350_2.arc,GameData_20\menu_dlc350_2.arc,1298,88354072,1694
share,GameData_20\menu_dlc351_2.arc,GameData_20\menu_dlc351_2.arc,3426,5992BB0B,1681
share,GameData_20\menu_dlc353_2.arc,GameData_20\menu_dlc353_2.arc,1346,250C9D39,1673
share,GameData_20\menu_dlc357_2.arc,GameData_20\menu_dlc357_2.arc,29714,34062D3F,1673
share,GameData_20\menu_dlc358_2.arc,GameData_20\menu_dlc358_2.arc,21186,9A988520,1673
share,GameData_20\menu_dlc359_2.arc,GameData_20\menu_dlc359_2.arc,17554,EA7AC5BA,1673
share,GameData_20\menu_dlc360_2.arc,GameData_20\menu_dlc360_2.arc,1170,05EB0AAA,1691
share,GameData_20\menu_dlc363_2.arc,GameData_20\menu_dlc363_2.arc,1234,FF56BE27,1673
share,GameData_20\menu_dlc367_2.arc,GameData_20\menu_dlc367_2.arc,3410,C3A781BD,1691
share,GameData_20\menu_dlc368_2.arc,GameData_20\menu_dlc368_2.arc,6114,83EAB547,1691
share,GameData_20\menu_dlc376_2.arc,GameData_20\menu_dlc376_2.arc,1218,2A07F130,1680
share,GameData_20\menu_dlc377_2.arc,GameData_20\menu_dlc377_2.arc,1218,09E45563,1680
share,GameData_20\menu_dlc379_2.arc,GameData_20\menu_dlc379_2.arc,2978,756E6CCC,1691
share,GameData_20\menu_dlc387_2.arc,GameData_20\menu_dlc387_2.arc,3378,5BD32D7E,1680
share,GameData_20\menu_dlc389_2.arc,GameData_20\menu_dlc389_2.arc,3138,EBFFCABE,1680
share,GameData_20\menu_dlc394_2.arc,GameData_20\menu_dlc394_2.arc,3298,20BB0E24,1691
share,GameData_20\menu_dlc396_2.arc,GameData_20\menu_dlc396_2.arc,3762,FF96ECF1,1681
share,GameData_20\menu_dlc403_2.arc,GameData_20\menu_dlc403_2.arc,3618,7D6C2F01,1681
share,GameData_20\menu_dlc412_2.arc,GameData_20\menu_dlc412_2.arc,2962,13740778,1691
share,GameData_20\menu_dlc413_2.arc,GameData_20\menu_dlc413_2.arc,2690,043ECB7A,1681
share,GameData_20\menu_dlc433_2.arc,GameData_20\menu_dlc433_2.arc,1042,080D91D6,1681
share,GameData_20\menu_dlcdenkigai2016s_2.arc,GameData_20\menu_dlcdenkigai2016s_2.arc,4226,37F98EE6,1680
share,GameData_20\menu_dlcdenkigai2016w_2.arc,GameData_20\menu_dlcdenkigai2016w_2.arc,13522,45E7F667,1450
share,GameData_20\menu_dlcdenkigai2017s_2.arc,GameData_20\menu_dlcdenkigai2017s_2.arc,7602,6B6DD0C1,1691
share,GameData_20\menu_dlcdenkigai2017w_2.arc,GameData_20\menu_dlcdenkigai2017w_2.arc,11762,EBA84B5A,1694
share,GameData_20\menu_dlcdenkigai2019s_2.arc,GameData_20\menu_dlcdenkigai2019s_2.arc,7266,F30AC64C,1674
share,GameData_20\menu_dlcdenkigai2019w_2.arc,GameData_20\menu_dlcdenkigai2019w_2.arc,4466,6CACEAA5,1674
share,GameData_20\menu_dlsite_2.arc,GameData_20\menu_dlsite_2.arc,1954,B2268BA7,1150
share,GameData_20\menu_gp001_2.arc,GameData_20\menu_gp001_2.arc,6711,C3862D3E,1691
share,GameData_20\menu_kissevent2017march.arc,GameData_20\menu_kissevent2017march.arc,281,FF4EEB9B,1522
share,GameData_20\menu_kissevent2017march_2.arc,GameData_20\menu_kissevent2017march_2.arc,106624,14291926,1631
share,GameData_20\menu_magazine002_2.arc,GameData_20\menu_magazine002_2.arc,12994,C2587640,1691
share,GameData_20\menu_nijiyomec_2.arc,GameData_20\menu_nijiyomec_2.arc,6738,7CDA2CFB,1673
share,GameData_20\menu_oldplus009cloth_2.arc,GameData_20\menu_oldplus009cloth_2.arc,9526,A9DA7A7A,1693
share,GameData_20\menu_ordermade002_2.arc,GameData_20\menu_ordermade002_2.arc,1346,DF7DAA64,1673
share,GameData_20\menu_personal_om008_2.arc,GameData_20\menu_personal_om008_2.arc,6816,A49BE66E,1680
share,GameData_20\menu_personal002_2.arc,GameData_20\menu_personal002_2.arc,1282,5687650C,1310
share,GameData_20\menu_personal004_2.arc,GameData_20\menu_personal004_2.arc,3906,43F24318,1693
share,GameData_20\menu_shop001_2.arc,GameData_20\menu_shop001_2.arc,3314,35207C87,1150
share,GameData_20\menu_shop005_2.arc,GameData_20\menu_shop005_2.arc,1378,0C9AF725,1150
share,GameData_20\menu_sp001cloth1_2.arc,GameData_20\menu_sp001cloth1_2.arc,3314,31F028BF,1691
share,GameData_20\menu_sp003cloth3_2.arc,GameData_20\menu_sp003cloth3_2.arc,9826,4C326B5D,1672
share,GameData_20\menu_sp004cloth2_2.arc,GameData_20\menu_sp004cloth2_2.arc,3586,EC937EC6,1693
share,GameData_20\menu_sp005cloth2_2.arc,GameData_20\menu_sp005cloth2_2.arc,3666,CDB7D350,1673
share,GameData_20\menu_vac001.arc,GameData_20\menu_vac001.arc,317,11490F18,1640
share,GameData_20\menu_vac001_2.arc,GameData_20\menu_vac001_2.arc,24162,C5F8DFA9,1640
share,GameData_20\menu_vp001_2.arc,GameData_20\menu_vp001_2.arc,22178,56017FAF,1691
share,GameData_20\menu_x001_2.arc,GameData_20\menu_x001_2.arc,4482,CAC61B00,1696
share,GameData_20\menu_yomeido003_2.arc,GameData_20\menu_yomeido003_2.arc,1234,4D6F619D,1240
share,GameData_20\menu_yomeidogp_wedding_2.arc,GameData_20\menu_yomeidogp_wedding_2.arc,3954,C251B12C,1320
share,GameData_20\menu2.arc,GameData_20\menu2.arc,245468,50E165D6,1691
share,GameData_20\model_3d21reserve_2.arc,GameData_20\model_3d21reserve_2.arc,97321,682B7108,1691
share,GameData_20\model_cas031_2.arc,GameData_20\model_cas031_2.arc,1275040,257EA812,1673
share,GameData_20\model_cas036_2.arc,GameData_20\model_cas036_2.arc,1091837,7B9087FD,1694
share,GameData_20\model_cas056_2.arc,GameData_20\model_cas056_2.arc,118607,12631C7E,1680
share,GameData_20\model_cas084_2.arc,GameData_20\model_cas084_2.arc,799717,0FE9A23B,1693
share,GameData_20\model_com3d2cbp_2.arc,GameData_20\model_com3d2cbp_2.arc,186624,4DC6333D,1673
share,GameData_20\model_cw001cloth1_2.arc,GameData_20\model_cw001cloth1_2.arc,107314,C52E5E4E,1681
share,GameData_20\model_cw001cloth2_2.arc,GameData_20\model_cw001cloth2_2.arc,194657,F622B758,1673
share,GameData_20\model_cw002cloth4_2.arc,GameData_20\model_cw002cloth4_2.arc,205723,6F695F14,1681
share,GameData_20\model_cw004cloth2_2.arc,GameData_20\model_cw004cloth2_2.arc,315112,C85E6F0F,1673
share,GameData_20\model_cw005cloth3_2.arc,GameData_20\model_cw005cloth3_2.arc,1787568,5851FA8F,1673
share,GameData_20\model_cw005cloth4_2.arc,GameData_20\model_cw005cloth4_2.arc,797916,99503A91,1661
share,GameData_20\model_cw007cloth1_2.arc,GameData_20\model_cw007cloth1_2.arc,702932,B1ACE3C1,1673
share,GameData_20\model_denkigai2015s003_2.arc,GameData_20\model_denkigai2015s003_2.arc,394665,41A48185,1150
share,GameData_20\model_denkigai2015w_2.arc,GameData_20\model_denkigai2015w_2.arc,174373,F9233759,1090
share,GameData_20\model_denkigai2015wTowelR.arc,GameData_20\model_denkigai2015wTowelR.arc,38258,FB570A24,1360
share,GameData_20\model_denkigai2017s_2.arc,GameData_20\model_denkigai2017s_2.arc,462663,8917104A,1582
share,GameData_20\model_denkigai2017w_2.arc,GameData_20\model_denkigai2017w_2.arc,564294,4C2FF2C5,1691
share,GameData_20\model_denkigai2017wTshirt_2.arc,GameData_20\model_denkigai2017wTshirt_2.arc,293648,C0ABFC47,1674
share,GameData_20\model_denkigai2019s_2.arc,GameData_20\model_denkigai2019s_2.arc,161179,BAFBA2FA,1691
share,GameData_20\model_denkigai2019sTshirt_2.arc,GameData_20\model_denkigai2019sTshirt_2.arc,188041,2210617D,1680
share,GameData_20\model_dlc005_2.arc,GameData_20\model_dlc005_2.arc,1056726,868455F2,1693
share,GameData_20\model_dlc028_2.arc,GameData_20\model_dlc028_2.arc,1608203,E3FAB2EA,1694
share,GameData_20\model_dlc046_2.arc,GameData_20\model_dlc046_2.arc,4650987,89C2EC2D,1695
share,GameData_20\model_dlc073_2.arc,GameData_20\model_dlc073_2.arc,267037,47D33A06,1320
share,GameData_20\model_dlc093_2.arc,GameData_20\model_dlc093_2.arc,480013,E13DFECC,1695
share,GameData_20\model_dlc100_2.arc,GameData_20\model_dlc100_2.arc,691347,7C3D679D,1400
share,GameData_20\model_dlc108_2.arc,GameData_20\model_dlc108_2.arc,548791,B33F0FE5,1695
share,GameData_20\model_dlc109_2.arc,GameData_20\model_dlc109_2.arc,137998,8FCCF513,1460
share,GameData_20\model_dlc146_2.arc,GameData_20\model_dlc146_2.arc,603378,6A6A4D37,1696
share,GameData_20\model_dlc151_2.arc,GameData_20\model_dlc151_2.arc,213532,8C3C80C3,1520
share,GameData_20\model_dlc191_2.arc,GameData_20\model_dlc191_2.arc,2167029,A26D66D3,1695
share,GameData_20\model_dlc195_2.arc,GameData_20\model_dlc195_2.arc,583563,16C95E54,1090
share,GameData_20\model_dlc206_2.arc,GameData_20\model_dlc206_2.arc,645607,3578836D,1673
share,GameData_20\model_dlc208_2.arc,GameData_20\model_dlc208_2.arc,448882,C4D10B97,1673
share,GameData_20\model_dlc209_2.arc,GameData_20\model_dlc209_2.arc,1360811,72C67140,1610
share,GameData_20\model_dlc256_2.arc,GameData_20\model_dlc256_2.arc,434902,AC96EDE7,1673
share,GameData_20\model_dlc267_2.arc,GameData_20\model_dlc267_2.arc,506888,4758395D,1673
share,GameData_20\model_dlc268_2.arc,GameData_20\model_dlc268_2.arc,463350,1F545CEE,1650
share,GameData_20\model_dlc278_2.arc,GameData_20\model_dlc278_2.arc,944175,D859BA41,1651
share,GameData_20\model_dlc283_2.arc,GameData_20\model_dlc283_2.arc,212022,6658BAFF,1673
share,GameData_20\model_dlc284_2.arc,GameData_20\model_dlc284_2.arc,532360,049DC38B,1695
share,GameData_20\model_dlc285_2.arc,GameData_20\model_dlc285_2.arc,228222,3CAEB711,1681
share,GameData_20\model_dlc286_2.arc,GameData_20\model_dlc286_2.arc,73886,A3DC40BE,1680
share,GameData_20\model_dlc301_2.arc,GameData_20\model_dlc301_2.arc,2019393,151AA044,1673
share,GameData_20\model_dlc302_2.arc,GameData_20\model_dlc302_2.arc,1975498,7F93CFBD,1673
share,GameData_20\model_dlc303_2.arc,GameData_20\model_dlc303_2.arc,2689842,AC3B4D66,1673
share,GameData_20\model_dlc304_2.arc,GameData_20\model_dlc304_2.arc,1691856,560A4120,1673
share,GameData_20\model_dlc314_2.arc,GameData_20\model_dlc314_2.arc,102779,FAAA5FC9,1694
share,GameData_20\model_dlc330_2.arc,GameData_20\model_dlc330_2.arc,1413403,92E3085E,1673
share,GameData_20\model_dlc331_2.arc,GameData_20\model_dlc331_2.arc,382339,7535D433,1691
share,GameData_20\model_dlc334_2.arc,GameData_20\model_dlc334_2.arc,95277,346E7EC4,1693
share,GameData_20\model_dlc351_2.arc,GameData_20\model_dlc351_2.arc,413320,A3A5DB8E,1681
share,GameData_20\model_dlc353_2.arc,GameData_20\model_dlc353_2.arc,964407,DB9B8FA4,1673
share,GameData_20\model_dlc354_2.arc,GameData_20\model_dlc354_2.arc,425496,1EF45300,1681
share,GameData_20\model_dlc356_2.arc,GameData_20\model_dlc356_2.arc,1144913,B1A02CF9,1673
share,GameData_20\model_dlc357_2.arc,GameData_20\model_dlc357_2.arc,4511946,3D1CDF76,1673
share,GameData_20\model_dlc358_2.arc,GameData_20\model_dlc358_2.arc,4341633,D9163415,1673
share,GameData_20\model_dlc359_2.arc,GameData_20\model_dlc359_2.arc,1530334,2F02195C,1673
share,GameData_20\model_dlc360_2.arc,GameData_20\model_dlc360_2.arc,23714,7C145E45,1680
share,GameData_20\model_dlc362_2.arc,GameData_20\model_dlc362_2.arc,624379,447A4556,1673
share,GameData_20\model_dlc363_2.arc,GameData_20\model_dlc363_2.arc,858107,39F745BC,1673
share,GameData_20\model_dlc367_2.arc,GameData_20\model_dlc367_2.arc,58994,4024DDE9,1673
share,GameData_20\model_dlc368_2.arc,GameData_20\model_dlc368_2.arc,90479,8CC752F9,1691
share,GameData_20\model_dlc376_2.arc,GameData_20\model_dlc376_2.arc,236654,FACBF978,1680
share,GameData_20\model_dlc386_2.arc,GameData_20\model_dlc386_2.arc,1888319,F1A8ED0B,1681
share,GameData_20\model_dlc389_2.arc,GameData_20\model_dlc389_2.arc,1838431,BE165C26,1680
share,GameData_20\model_dlc392_2.arc,GameData_20\model_dlc392_2.arc,1183842,3E471248,1693
share,GameData_20\model_dlc394_2.arc,GameData_20\model_dlc394_2.arc,2128670,706A4A3B,1680
share,GameData_20\model_dlc395_2.arc,GameData_20\model_dlc395_2.arc,511319,E5B0E542,1680
share,GameData_20\model_dlc396_2.arc,GameData_20\model_dlc396_2.arc,1604124,DD5C67E4,1695
share,GameData_20\model_dlc397_2.arc,GameData_20\model_dlc397_2.arc,2657340,F0DC461B,1680
share,GameData_20\model_dlc412_2.arc,GameData_20\model_dlc412_2.arc,236630,17161F9C,1691
share,GameData_20\model_dlc427_2.arc,GameData_20\model_dlc427_2.arc,600586,7CED21DC,1695
share,GameData_20\model_dlc436_2.arc,GameData_20\model_dlc436_2.arc,223044,CD18EBF4,1693
share,GameData_20\model_dlc442_2.arc,GameData_20\model_dlc442_2.arc,440085,016F78C4,1695
share,GameData_20\model_dlcdenkigai2015w_2.arc,GameData_20\model_dlcdenkigai2015w_2.arc,174400,BE6E5467,1090
share,GameData_20\model_dlcdenkigai2017s_2.arc,GameData_20\model_dlcdenkigai2017s_2.arc,462667,9F0C3D54,1582
share,GameData_20\model_dlcdenkigai2017w_2.arc,GameData_20\model_dlcdenkigai2017w_2.arc,564322,D9E3D918,1691
share,GameData_20\model_dlcdenkigai2019s_2.arc,GameData_20\model_dlcdenkigai2019s_2.arc,161184,75ECD4CA,1691
share,GameData_20\model_dlsite_2.arc,GameData_20\model_dlsite_2.arc,680593,F831F0E0,1680
share,GameData_20\model_kissevent2017march_2.arc,GameData_20\model_kissevent2017march_2.arc,378287,9EF61AC7,1680
share,GameData_20\model_magazine003_2.arc,GameData_20\model_magazine003_2.arc,2063765,4EEFED4C,1695
share,GameData_20\model_oldplus002hair1_2.arc,GameData_20\model_oldplus002hair1_2.arc,184829,2DAE518E,1673
share,GameData_20\model_oldplus009cloth_2.arc,GameData_20\model_oldplus009cloth_2.arc,1864338,851C2BDB,1693
share,GameData_20\model_ordermade002_2.arc,GameData_20\model_ordermade002_2.arc,503977,6C062FF7,1681
share,GameData_20\model_personal_om008_2.arc,GameData_20\model_personal_om008_2.arc,219850,C445C67C,1680
share,GameData_20\model_personal004_2.arc,GameData_20\model_personal004_2.arc,239957,612D60C1,1681
share,GameData_20\model_pp002_2.arc,GameData_20\model_pp002_2.arc,25586,6BC54342,1673
share,GameData_20\model_shop001_2.arc,GameData_20\model_shop001_2.arc,115215,9C941FAF,1150
share,GameData_20\model_shop002_2.arc,GameData_20\model_shop002_2.arc,251253,743C3D97,1150
share,GameData_20\model_shop003_2.arc,GameData_20\model_shop003_2.arc,185433,A15EC70A,1150
share,GameData_20\model_shop005_2.arc,GameData_20\model_shop005_2.arc,150103,FB5341FA,1150
share,GameData_20\model_shop007_2.arc,GameData_20\model_shop007_2.arc,288759,80615CBD,1150
share,GameData_20\model_sp001cloth1_2.arc,GameData_20\model_sp001cloth1_2.arc,57746,E9F326F1,1691
share,GameData_20\model_sp002cloth2_2.arc,GameData_20\model_sp002cloth2_2.arc,1816544,0767F20F,1672
share,GameData_20\model_sp003cloth3_2.arc,GameData_20\model_sp003cloth3_2.arc,2950224,4B3AAFE9,1672
share,GameData_20\model_sp005cloth2_2.arc,GameData_20\model_sp005cloth2_2.arc,300283,8FA9F82B,1673
share,GameData_20\model_sp006cloth1_2.arc,GameData_20\model_sp006cloth1_2.arc,103511,DEBB0FCC,1681
share,GameData_20\model_vp001_2.arc,GameData_20\model_vp001_2.arc,647949,3A47B5A0,1691
share,GameData_20\model2.arc,GameData_20\model2.arc,14269988,3E2E7F1F,1691
share,GameData_20\paths.dat,GameData_20\paths.dat,13602,6B078779,1736
share,GameData_20\prioritymaterial.arc,GameData_20\prioritymaterial.arc,391467,CC869498,1736
share,GameData_20\texture_addpose001.arc,GameData_20\texture_addpose001.arc,23943,1D529A44,1220
share,GameData_20\texture_cr002_2.arc,GameData_20\texture_cr002_2.arc,6402,370E3B9E,1680
share,GameData_20\texture_cw005cloth4_2.arc,GameData_20\texture_cw005cloth4_2.arc,91545191,1DE51460,1661
share,GameData_20\texture_denkigai2015wTowelR.arc,GameData_20\texture_denkigai2015wTowelR.arc,133065,FE4BDC34,1360
share,GameData_20\texture_denkigai2016w_2.arc,GameData_20\texture_denkigai2016w_2.arc,10105247,3B4641C3,1450
share,GameData_20\texture_dlc004_2.arc,GameData_20\texture_dlc004_2.arc,4805734,C8E5CFB4,1200
share,GameData_20\texture_dlc046_2.arc,GameData_20\texture_dlc046_2.arc,596960,FC606BA5,1220
share,GameData_20\texture_dlc107_2.arc,GameData_20\texture_dlc107_2.arc,913018,88EAC715,1590
share,GameData_20\texture_dlc121_2.arc,GameData_20\texture_dlc121_2.arc,1276165,72A24D1E,1673
share,GameData_20\texture_dlc183_2.arc,GameData_20\texture_dlc183_2.arc,27984504,2ECFF2B5,1673
share,GameData_20\texture_dlc195_2.arc,GameData_20\texture_dlc195_2.arc,16075880,456A4C76,1090
share,GameData_20\texture_dlc267_2.arc,GameData_20\texture_dlc267_2.arc,2311226,F39D6830,1650
share,GameData_20\texture_dlc279_2.arc,GameData_20\texture_dlc279_2.arc,6149999,3FE86171,1650
share,GameData_20\texture_dlc356_2.arc,GameData_20\texture_dlc356_2.arc,54635001,3E70ED43,1674
share,GameData_20\texture_dlc357_2.arc,GameData_20\texture_dlc357_2.arc,42210965,78465BE6,1674
share,GameData_20\texture_dlc358_2.arc,GameData_20\texture_dlc358_2.arc,33834979,13781722,1673
share,GameData_20\texture_dlc359_2.arc,GameData_20\texture_dlc359_2.arc,104915998,0608F8F7,1674
share,GameData_20\texture_dlcdenkigai2016w_2.arc,GameData_20\texture_dlcdenkigai2016w_2.arc,10105332,90868016,1450
share,GameData_20\texture_kissevent2017march.arc,GameData_20\texture_kissevent2017march.arc,281,FF4EEB9B,1522
share,GameData_20\texture_kissevent2017march_2.arc,GameData_20\texture_kissevent2017march_2.arc,79432604,C7DD457A,1631
share,GameData_20\texture_magazine003_2.arc,GameData_20\texture_magazine003_2.arc,56853288,18ADF07A,1696
share,GameData_20\texture_vac001_2.arc,GameData_20\texture_vac001_2.arc,1265168,4979EB36,1673
share,GameData_20\texture_vp001_2.arc,GameData_20\texture_vp001_2.arc,755269,18D5027D,1400
share,GameData_20\texture_yomeido003_2.arc,GameData_20\texture_yomeido003_2.arc,117248,0EE72B42,1240
share,GameData_20\texture_yomeidokanteidan2_godmaid_2.arc,GameData_20\texture_yomeidokanteidan2_godmaid_2.arc,8610,1B1349B1,1673
