0,0,COM3D2OH.exe,6623232,E30BEDE0,2006
0,0,COM3D2OHx64.exe,22841856,858642A8,1450
0,0,LICENSE,31205,24BAD003,1450
0,0,COM3D2OHx64_Data\app.info,42,6CD75754,1450
0,0,COM3D2OHx64_Data\globalgamemanagers,4422932,B27D634A,1450
0,0,COM3D2OHx64_Data\globalgamemanagers.assets,242148,6B12BCB1,1450
0,0,COM3D2OHx64_Data\level0,325500,512F6693,1450
0,0,COM3D2OHx64_Data\level1,348644,2AF87376,1450
0,0,COM3D2OHx64_Data\level10,696852,68106670,1450
0,0,COM3D2OHx64_Data\level11,7476,A17F87CF,1450
0,0,COM3D2OHx64_Data\level12,327956,97FEE65B,1450
0,0,COM3D2OHx64_Data\level13,4664,FF5B333B,1450
0,0,COM3D2OHx64_Data\level14,344644,C9746FD3,1450
0,0,COM3D2OHx64_Data\level15,334340,6363645C,1450
0,0,COM3D2OHx64_Data\level16,955484,596D4F4A,1450
0,0,COM3D2OHx64_Data\level17,427164,34789735,1450
0,0,COM3D2OHx64_Data\level18,1085124,BD5B0E0B,1450
0,0,COM3D2OHx64_Data\level19,410644,0AA025C9,1450
0,0,COM3D2OHx64_Data\level2,740276,9DEC56C4,1450
0,0,COM3D2OHx64_Data\level20,2187796,448F35E4,1450
0,0,COM3D2OHx64_Data\level21,1115132,80C111AD,1450
0,0,COM3D2OHx64_Data\level22,1088404,007930DA,1450
0,0,COM3D2OHx64_Data\level23,447692,86028598,1450
0,0,COM3D2OHx64_Data\level24,27904,C7A52DEC,1450
0,0,COM3D2OHx64_Data\level24.resS,131232,851AC384,1450
0,0,COM3D2OHx64_Data\level25,51676,836279E8,1450
0,0,COM3D2OHx64_Data\level26,56036,B011A8E8,1450
0,0,COM3D2OHx64_Data\level27,6832,60A573EE,1450
0,0,COM3D2OHx64_Data\level28,326404,E2A71167,1450
0,0,COM3D2OHx64_Data\level29,1576452,C6C3D8EA,1450
0,0,COM3D2OHx64_Data\level3,1212948,4E90FEEF,1450
0,0,COM3D2OHx64_Data\level30,1433084,C39831DF,1450
0,0,COM3D2OHx64_Data\level31,1454684,FBCE69C6,1450
0,0,COM3D2OHx64_Data\level32,1349916,C99E4711,1450
0,0,COM3D2OHx64_Data\level33,1414372,0F314884,1450
0,0,COM3D2OHx64_Data\level34,1539796,42C5F5C9,1450
0,0,COM3D2OHx64_Data\level35,1276780,9AA6DDCA,1450
0,0,COM3D2OHx64_Data\level36,1027404,338AF808,1450
0,0,COM3D2OHx64_Data\level37,1034644,0ED30EF9,1450
0,0,COM3D2OHx64_Data\level38,1276780,AC08A00E,1450
0,0,COM3D2OHx64_Data\level39,1157340,CEA4FB5F,1450
0,0,COM3D2OHx64_Data\level4,1284068,8705D906,1450
0,0,COM3D2OHx64_Data\level40,945956,4ACCBA62,1450
0,0,COM3D2OHx64_Data\level41,1232348,B3908964,1450
0,0,COM3D2OHx64_Data\level42,1374820,47284E9D,1450
0,0,COM3D2OHx64_Data\level43,1333364,AED125B9,1450
0,0,COM3D2OHx64_Data\level44,918172,A7DD088E,1450
0,0,COM3D2OHx64_Data\level45,401308,985B76EC,1450
0,0,COM3D2OHx64_Data\level46,397676,E8F92E64,1450
0,0,COM3D2OHx64_Data\level47,441388,412A32FC,1450
0,0,COM3D2OHx64_Data\level48,463516,9CA294F2,1450
0,0,COM3D2OHx64_Data\level49,391916,CA3FB296,1450
0,0,COM3D2OHx64_Data\level5,326996,737A2265,1450
0,0,COM3D2OHx64_Data\level50,451876,49DB1ECE,1450
0,0,COM3D2OHx64_Data\level51,1040316,12101F10,1450
0,0,COM3D2OHx64_Data\level52,964716,98B3D853,1450
0,0,COM3D2OHx64_Data\level53,444596,2C3D970A,1450
0,0,COM3D2OHx64_Data\level54,466740,2DD53387,1450
0,0,COM3D2OHx64_Data\level55,457324,0A9F8A07,1450
0,0,COM3D2OHx64_Data\level56,1044724,C775D23C,1450
0,0,COM3D2OHx64_Data\level57,1004996,9942B26A,1450
0,0,COM3D2OHx64_Data\level58,450372,8C98AD1D,1450
0,0,COM3D2OHx64_Data\level59,434892,83F6CB8B,1450
0,0,COM3D2OHx64_Data\level6,417156,A0F45B06,1450
0,0,COM3D2OHx64_Data\level60,416564,684B687F,1450
0,0,COM3D2OHx64_Data\level61,1384116,9DC10367,1450
0,0,COM3D2OHx64_Data\level62,1324868,2D1D856B,1450
0,0,COM3D2OHx64_Data\level63,503388,C5862ECD,1450
0,0,COM3D2OHx64_Data\level64,405516,F499E236,1450
0,0,COM3D2OHx64_Data\level65,1252884,E86A2E19,1450
0,0,COM3D2OHx64_Data\level66,970716,B1F4E8E1,1450
0,0,COM3D2OHx64_Data\level67,1429188,BF5487BD,1450
0,0,COM3D2OHx64_Data\level68,1370340,25E6A85D,1450
0,0,COM3D2OHx64_Data\level69,1576460,4D3B9336,1450
0,0,COM3D2OHx64_Data\level7,326012,9B7527D5,1450
0,0,COM3D2OHx64_Data\level70,1539804,D253B34C,1450
0,0,COM3D2OHx64_Data\level71,1371492,111AEABB,1450
0,0,COM3D2OHx64_Data\level72,1337436,3955000E,1450
0,0,COM3D2OHx64_Data\level73,418124,2221907A,1450
0,0,COM3D2OHx64_Data\level74,406740,06661CB6,1450
0,0,COM3D2OHx64_Data\level75,1050596,2B04355B,1450
0,0,COM3D2OHx64_Data\level76,851884,A663AE2E,1450
0,0,COM3D2OHx64_Data\level77,958652,F0DFF93D,1450
0,0,COM3D2OHx64_Data\level78,852844,28528D33,1450
0,0,COM3D2OHx64_Data\level79,1030212,AC6A72A7,1450
0,0,COM3D2OHx64_Data\level8,393460,1DB24E40,1450
0,0,COM3D2OHx64_Data\level80,1693572,48FE0703,1450
0,0,COM3D2OHx64_Data\level81,1644644,0DA07816,1450
0,0,COM3D2OHx64_Data\level82,1113420,E6C10466,1450
0,0,COM3D2OHx64_Data\level83,1057092,0FE205D8,1450
0,0,COM3D2OHx64_Data\level84,1512548,C18D8AF2,1450
0,0,COM3D2OHx64_Data\level85,1611476,A0EF02FB,1450
0,0,COM3D2OHx64_Data\level86,1054988,F2C15445,1450
0,0,COM3D2OHx64_Data\level87,970532,982DAEC4,1450
0,0,COM3D2OHx64_Data\level9,329124,74C97248,1450
0,0,COM3D2OHx64_Data\resources.assets,411543408,AE249830,1450
0,0,COM3D2OHx64_Data\resources.assets.resS,1771516164,E3D8FB44,1450
0,0,COM3D2OHx64_Data\resources.resource,727392,54F90BDA,1450
0,0,COM3D2OHx64_Data\sharedassets0.assets,115226516,229BF607,1450
0,0,COM3D2OHx64_Data\sharedassets0.assets.resS,28071636,A1AB9432,1450
0,0,COM3D2OHx64_Data\sharedassets1.assets,6256,3E1CAC24,1450
0,0,COM3D2OHx64_Data\sharedassets10.assets,6652,E02F2F60,1450
0,0,COM3D2OHx64_Data\sharedassets11.assets,4564,F2389E2C,1450
0,0,COM3D2OHx64_Data\sharedassets12.assets,6148,E2905E7C,1450
0,0,COM3D2OHx64_Data\sharedassets13.assets,4132,3ED90B3A,1450
0,0,COM3D2OHx64_Data\sharedassets14.assets,6868,B55FE7E1,1450
0,0,COM3D2OHx64_Data\sharedassets15.assets,6232,EB152FDD,1450
0,0,COM3D2OHx64_Data\sharedassets16.assets,30936236,C9B2FA1C,1450
0,0,COM3D2OHx64_Data\sharedassets17.assets,6292,1E042E8B,1450
0,0,COM3D2OHx64_Data\sharedassets18.assets,48052092,3252D300,1450
0,0,COM3D2OHx64_Data\sharedassets19.assets,6316,6BF6F09A,1450
0,0,COM3D2OHx64_Data\sharedassets2.assets,6556,DCE567A5,1450
0,0,COM3D2OHx64_Data\sharedassets20.assets,7096,BED245E0,1450
0,0,COM3D2OHx64_Data\sharedassets21.assets,39516308,350919E9,1450
0,0,COM3D2OHx64_Data\sharedassets22.assets,12664,67D4FA2A,1450
0,0,COM3D2OHx64_Data\sharedassets23.assets,18126856,F23CA83A,1450
0,0,COM3D2OHx64_Data\sharedassets24.assets,12328,C2DF92B8,1450
0,0,COM3D2OHx64_Data\sharedassets25.assets,4420,673FF1A5,1450
0,0,COM3D2OHx64_Data\sharedassets26.assets,4324,F0AB3D9B,1450
0,0,COM3D2OHx64_Data\sharedassets27.assets,4264,492DCE80,1450
0,0,COM3D2OHx64_Data\sharedassets28.assets,6124,B122020C,1450
0,0,COM3D2OHx64_Data\sharedassets29.assets,145550532,73F7FCE4,1450
0,0,COM3D2OHx64_Data\sharedassets3.assets,12916,8C7388EC,1450
0,0,COM3D2OHx64_Data\sharedassets30.assets,135254532,E5949C06,1450
0,0,COM3D2OHx64_Data\sharedassets31.assets,127532532,1F43EBE8,1450
0,0,COM3D2OHx64_Data\sharedassets32.assets,9388,D21FBD23,1450
0,0,COM3D2OHx64_Data\sharedassets33.assets,9496,DDBF3556,1450
0,0,COM3D2OHx64_Data\sharedassets34.assets,9484,D98CDEBC,1450
0,0,COM3D2OHx64_Data\sharedassets35.assets,128819620,8717E039,1450
0,0,COM3D2OHx64_Data\sharedassets36.assets,9256,A2994352,1450
0,0,COM3D2OHx64_Data\sharedassets37.assets,9280,7E34C23B,1450
0,0,COM3D2OHx64_Data\sharedassets38.assets,12712,48310FE3,1450
0,0,COM3D2OHx64_Data\sharedassets39.assets,9484,EB760815,1450
0,0,COM3D2OHx64_Data\sharedassets4.assets,7144,123B80F5,1450
0,0,COM3D2OHx64_Data\sharedassets40.assets,9292,6EA64981,1450
0,0,COM3D2OHx64_Data\sharedassets41.assets,9460,7FA0380F,1450
0,0,COM3D2OHx64_Data\sharedassets42.assets,141689532,C58BA32C,1450
0,0,COM3D2OHx64_Data\sharedassets43.assets,9496,AE3F07AA,1450
0,0,COM3D2OHx64_Data\sharedassets44.assets,9460,BEC86C46,1450
0,0,COM3D2OHx64_Data\sharedassets45.assets,42236540,B3A83494,1450
0,0,COM3D2OHx64_Data\sharedassets45.assets.resS,87400,8BA6C322,1450
0,0,COM3D2OHx64_Data\sharedassets46.assets,38246508,27FF9D8B,1450
0,0,COM3D2OHx64_Data\sharedassets47.assets,32874604,61842B5D,1450
0,0,COM3D2OHx64_Data\sharedassets48.assets,36735684,C1DB8749,1450
0,0,COM3D2OHx64_Data\sharedassets48.assets.resS,174776,5B619AF1,1450
0,0,COM3D2OHx64_Data\sharedassets49.assets,41277360,B138E420,1450
0,0,COM3D2OHx64_Data\sharedassets5.assets,6136,6E285EAD,1450
0,0,COM3D2OHx64_Data\sharedassets50.assets,39399112,10AD81F7,1450
0,0,COM3D2OHx64_Data\sharedassets51.assets,3017148,B1BF1E23,1450
0,0,COM3D2OHx64_Data\sharedassets51.assets.resS,611728,7BFBEAAE,1450
0,0,COM3D2OHx64_Data\sharedassets52.assets,9508,7CE37C5D,1450
0,0,COM3D2OHx64_Data\sharedassets53.assets,6508,57328490,1450
0,0,COM3D2OHx64_Data\sharedassets54.assets,6508,57328490,1450
0,0,COM3D2OHx64_Data\sharedassets55.assets,6508,57328490,1450
0,0,COM3D2OHx64_Data\sharedassets56.assets,12604,77F60E6C,1450
0,0,COM3D2OHx64_Data\sharedassets57.assets,9460,848DC486,1450
0,0,COM3D2OHx64_Data\sharedassets58.assets,6472,5746EB2F,1450
0,0,COM3D2OHx64_Data\sharedassets59.assets,59364,7E13C5F8,1450
0,0,COM3D2OHx64_Data\sharedassets59.assets.resS,174776,B51EE5DC,1450
0,0,COM3D2OHx64_Data\sharedassets6.assets,7096,C36C3722,1450
0,0,COM3D2OHx64_Data\sharedassets60.assets,6484,FF2F4803,1450
0,0,COM3D2OHx64_Data\sharedassets61.assets,759664,C928439A,1450
0,0,COM3D2OHx64_Data\sharedassets61.assets.resS,1310880,58801C35,1450
0,0,COM3D2OHx64_Data\sharedassets61.resource,1178176,90268BF4,1450
0,0,COM3D2OHx64_Data\sharedassets62.assets,9316,6BCCFCD5,1450
0,0,COM3D2OHx64_Data\sharedassets63.assets,52838324,67D6865F,1450
0,0,COM3D2OHx64_Data\sharedassets63.assets.resS,6226112,B3E98769,1450
0,0,COM3D2OHx64_Data\sharedassets64.assets,6580,1623E063,1450
0,0,COM3D2OHx64_Data\sharedassets65.assets,13852,3FB76102,1450
0,0,COM3D2OHx64_Data\sharedassets66.assets,9448,B1989B8E,1450
0,0,COM3D2OHx64_Data\sharedassets67.assets,12616,A1D19DE0,1450
0,0,COM3D2OHx64_Data\sharedassets68.assets,9436,C3604EE3,1450
0,0,COM3D2OHx64_Data\sharedassets69.assets,12628,EBFCD9D0,1450
0,0,COM3D2OHx64_Data\sharedassets7.assets,6088,84DE55CB,1450
0,0,COM3D2OHx64_Data\sharedassets70.assets,9484,D98CDEBC,1450
0,0,COM3D2OHx64_Data\sharedassets71.assets,12616,A1D19DE0,1450
0,0,COM3D2OHx64_Data\sharedassets72.assets,10384,8EA8A253,1450
0,0,COM3D2OHx64_Data\sharedassets73.assets,6868,8B8787ED,1450
0,0,COM3D2OHx64_Data\sharedassets74.assets,6436,F76C0B2E,1450
0,0,COM3D2OHx64_Data\sharedassets75.assets,11692,C0ABBB32,1450
0,0,COM3D2OHx64_Data\sharedassets75.resource,2729184,2D4064D6,1450
0,0,COM3D2OHx64_Data\sharedassets76.assets,11560,CB7764B0,1450
0,0,COM3D2OHx64_Data\sharedassets77.assets,8296,CC40707B,1450
0,0,COM3D2OHx64_Data\sharedassets78.assets,7612,6B699D0B,1450
0,0,COM3D2OHx64_Data\sharedassets79.assets,353884,2975D8BC,1450
0,0,COM3D2OHx64_Data\sharedassets79.assets.resS,2272048,E50143CB,1450
0,0,COM3D2OHx64_Data\sharedassets79.resource,6236800,C7E9CFDE,1450
0,0,COM3D2OHx64_Data\sharedassets8.assets,6328,A5CAEE56,1450
0,0,COM3D2OHx64_Data\sharedassets80.assets,6568304,B051DF6D,1450
0,0,COM3D2OHx64_Data\sharedassets80.assets.resS,10936,3B0D7ADF,1450
0,0,COM3D2OHx64_Data\sharedassets80.resource,1136352,956B5452,1450
0,0,COM3D2OHx64_Data\sharedassets81.assets,10252,B01C3F0A,1450
0,0,COM3D2OHx64_Data\sharedassets82.assets,12796,E4DC009D,1450
0,0,COM3D2OHx64_Data\sharedassets83.assets,9592,ED28BF9A,1450
0,0,COM3D2OHx64_Data\sharedassets84.assets,9716,3CC78027,1450
0,0,COM3D2OHx64_Data\sharedassets84.resource,1003968,52A085C2,1450
0,0,COM3D2OHx64_Data\sharedassets85.assets,12916,07C0D913,1450
0,0,COM3D2OHx64_Data\sharedassets86.assets,12856,CE296F33,1450
0,0,COM3D2OHx64_Data\sharedassets87.assets,9532,30C61E8D,1450
0,0,COM3D2OHx64_Data\sharedassets9.assets,6232,9CC088A7,1450
0,0,COM3D2OHx64_Data\Managed\Accessibility.dll,10752,5CB31E4E,1450
0,0,COM3D2OHx64_Data\Managed\Assembly-CSharp-firstpass.dll,789504,B4C5A9C6,1450
0,0,COM3D2OHx64_Data\Managed\Assembly-CSharp.dll,5456384,4D226BA1,1450
0,0,COM3D2OHx64_Data\Managed\Assembly-UnityScript-firstpass.dll,65024,B371AFD0,1450
0,0,COM3D2OHx64_Data\Managed\Boo.Lang.dll,126976,28383F70,1450
0,0,COM3D2OHx64_Data\Managed\BouncyCastle.Crypto.dll,2236416,5A4C4F07,1450
0,0,COM3D2OHx64_Data\Managed\FoveUnityPlugin.dll,28672,A6EA882B,1450
0,0,COM3D2OHx64_Data\Managed\ICSharpCode.SharpZipLib.dll,200704,D3160A1C,1450
0,0,COM3D2OHx64_Data\Managed\Ionic.Zlib.dll,102400,7C9E7DD2,1450
0,0,COM3D2OHx64_Data\Managed\JsonFx.Json.dll,70144,A0F0CFCB,1450
0,0,COM3D2OHx64_Data\Managed\LeapCSharp.NET3.5.dll,82432,38E38212,1450
0,0,COM3D2OHx64_Data\Managed\Mono.Data.Tds.dll,96256,2965324B,1450
0,0,COM3D2OHx64_Data\Managed\Mono.Posix.dll,184320,0CE35BE3,1450
0,0,COM3D2OHx64_Data\Managed\Mono.Security.dll,294912,66EB9979,1450
0,0,COM3D2OHx64_Data\Managed\Mono.WebBrowser.dll,172032,137B736F,1450
0,0,COM3D2OHx64_Data\Managed\mscorlib.dll,2590208,5166389B,1450
0,0,COM3D2OHx64_Data\Managed\Newtonsoft.Json.dll,494592,5C881B73,1450
0,0,COM3D2OHx64_Data\Managed\System.Configuration.dll,124928,72952344,1450
0,0,COM3D2OHx64_Data\Managed\System.Core.dll,297472,9E3EE5D7,1450
0,0,COM3D2OHx64_Data\Managed\System.Data.dll,856064,DDDB80CD,1450
0,0,COM3D2OHx64_Data\Managed\System.dll,1679360,13922617,1450
0,0,COM3D2OHx64_Data\Managed\System.Drawing.Design.dll,29696,E7B53FF9,1450
0,0,COM3D2OHx64_Data\Managed\System.Drawing.dll,448512,C4B2E872,1450
0,0,COM3D2OHx64_Data\Managed\System.EnterpriseServices.dll,46592,2C72A9FE,1450
0,0,COM3D2OHx64_Data\Managed\System.Security.dll,135168,1CE94C57,1450
0,0,COM3D2OHx64_Data\Managed\System.Transactions.dll,27648,45299FCF,1450
0,0,COM3D2OHx64_Data\Managed\System.Windows.Forms.dll,3053568,56394001,1450
0,0,COM3D2OHx64_Data\Managed\System.Xml.dll,1270272,4581A35B,1450
0,0,COM3D2OHx64_Data\Managed\System.Xml.Linq.dll,106496,E844371C,1450
0,0,COM3D2OHx64_Data\Managed\UnityEngine.dll,1393152,2C35388C,1450
0,0,COM3D2OHx64_Data\Managed\UnityEngine.dll.mdb,449828,8610375E,1450
0,0,COM3D2OHx64_Data\Managed\UnityEngine.Networking.dll,253952,2BDF701F,1450
0,0,COM3D2OHx64_Data\Managed\UnityEngine.UI.dll,245760,FA552B2D,1450
0,0,COM3D2OHx64_Data\Managed\UnityEngine.VR.dll,3072,A4582CD6,1450
0,0,COM3D2OHx64_Data\Managed\UnityScript.Lang.dll,13824,0DA8F681,1450
0,0,COM3D2OHx64_Data\Managed\Win32.dll,13312,7781C2A2,1450
0,0,COM3D2OHx64_Data\Managed\zxing.unity.dll,430592,9FD1F198,1450
0,0,COM3D2OHx64_Data\Mono\mono.dll,2618816,0BEA8C0F,1450
0,0,COM3D2OHx64_Data\Mono\MonoPosixHelper.dll,113664,9B5E1E4D,1450
0,0,COM3D2OHx64_Data\Mono\etc\mono\browscap.ini,311984,CE6C0AB3,1450
0,0,COM3D2OHx64_Data\Mono\etc\mono\config,1691,A635914A,1450
0,0,COM3D2OHx64_Data\Mono\etc\mono\1.0\DefaultWsdlHelpGenerator.aspx,58196,10E814BF,1450
0,0,COM3D2OHx64_Data\Mono\etc\mono\1.0\machine.config,17258,EDE1AC59,1450
0,0,COM3D2OHx64_Data\Mono\etc\mono\2.0\DefaultWsdlHelpGenerator.aspx,60453,F3869A34,1450
0,0,COM3D2OHx64_Data\Mono\etc\mono\2.0\machine.config,27625,73C91C24,1450
0,0,COM3D2OHx64_Data\Mono\etc\mono\2.0\settings.map,2618,A1A3C29F,1450
0,0,COM3D2OHx64_Data\Mono\etc\mono\2.0\web.config,11686,534A9960,1450
0,0,COM3D2OHx64_Data\Mono\etc\mono\2.0\Browsers\Compat.browser,1605,2E178A0B,1450
0,0,COM3D2OHx64_Data\Mono\etc\mono\mconfig\config.xml,25817,80B2033A,1450
0,0,COM3D2OHx64_Data\Plugins\assimp.dll,4388864,7C910D84,1450
0,0,COM3D2OHx64_Data\Plugins\Audio360.dll,1499136,2D77400A,1450
0,0,COM3D2OHx64_Data\Plugins\AVProVideo.dll,891392,A3612D4B,1450
0,0,COM3D2OHx64_Data\Plugins\clothpp.dll,112128,7C3264A4,1450
0,0,COM3D2OHx64_Data\Plugins\cm3d2.dll,2088448,554FCBFF,1450
0,0,COM3D2OHx64_Data\Plugins\device_hook.dll,738816,F61E7CED,1450
0,0,COM3D2OHx64_Data\Plugins\FoveClient.dll,1849384,58C8B4F6,1450
0,0,COM3D2OHx64_Data\Plugins\LeapC.dll,2516992,FBDD3767,1450
0,0,COM3D2OHx64_Data\Plugins\openvr_api.dll,318272,44432E0F,1450
0,0,COM3D2OHx64_Data\Plugins\OVRGamepad.dll,12800,2C526135,1450
0,0,COM3D2OHx64_Data\Plugins\OVRLipSync.dll,2512296,391C1F4C,1450
0,0,COM3D2OHx64_Data\Plugins\OVRPlugin.dll,1898408,5DD05B6C,1450
0,0,COM3D2OHx64_Data\Plugins\Win32-WebView.dll,504832,382AEE66,1450
0,0,COM3D2OHx64_Data\Resources\unity default resources,752360,71DB1AEA,1450
0,0,COM3D2OHx64_Data\Resources\unity_builtin_extra,284012,91145F7F,1450
0,0,GameData\csv_cbl.arc,829896,A698C7F3,1450
0,0,GameData\motion_cbl2.arc,22222457,FD0F6146,1280
0,0,GameData\motion_cbl_3d21reserve_2.arc,153938,9CB83B59,1120
0,0,GameData\motion_cbl_denkigai2019s_2.arc,753524,B6E084B2,1410
0,0,GameData\motion_cbl_kissnohi001_2.arc,158468,9CE47192,1200
0,0,GameData\motion_cbl_vp001_2.arc,1659046,62219F7A,1250
0,0,GameData\script_cbl.arc,6123916,7E9128A6,1450
0,0,GameData\script_cbl_omytgc001_2.arc,212278,5759B805,1210
0,0,GameData\script_cbl_ordermade001_2.arc,36866,2E4CD733,1210
0,0,GameData\script_cbl_ordermade002_2.arc,36466,DD7811A4,1210
0,0,GameData\script_cbl_ordermade003_2.arc,3026,080F3688,1250
0,0,GameData\script_cbl_ordermade004_2.arc,3250,96221889,1250
0,0,GameData\script_cbl_personal_om002_2.arc,1730,BC1779C2,1250
0,0,GameData\script_cbl_personal_om003plus_2.arc,5282,34A5C955,1360
0,0,GameData\script_cbl_personal_om004_2.arc,1954,3FEFD65F,1280
0,0,GameData\script_cbl_personal_om004plus_2.arc,5490,15D3F64F,1360
0,0,GameData\script_cbl_personal_om005plus_2.arc,5058,9471327B,1360
0,0,GameData\script_cbl_s2.arc,1170205,611FCB43,1230
0,0,GameData\voice_cbl_s2.arc,160897961,3132D9C8,1301
0,0,manual\index.html,52620,3D3D5ACF,1170
0,0,manual\css\index.css,7168,D11B8AF5,1170
0,0,manual\img\chu-blip2.jpg,78933,95522903,1170
0,0,manual\img\com3d2wcls2_logo.png,107288,47D023F7,1170
0,0,manual\img\config.jpg,167519,C5E4FAF3,1170
0,0,manual\img\menu001.jpg,13885,25B66329,1170
0,0,manual\img\menu002.jpg,24247,87A4205F,1170
0,0,manual\img\yotogi04.jpg,239859,141EC205,1170
0,0,manual\img\yotogi05.jpg,187720,9C93EE69,1170
share,GameData\patch\bg_kissevent2018_sp_card_2.arc,GameData\bg_kissevent2018_sp_card_2.arc,493322,140250D1,1100
share,GameData\patch\bg_sp001_2.arc,GameData\bg_sp001_2.arc,16204240,91030B15,1000
share,GameData\patch\bg_sp004_2.arc,GameData\bg_sp004_2.arc,35284425,D79D7E66,1290
share,GameData\patch\csv.arc,GameData\csv.arc,7104721,1B5F2734,1450
share,GameData\patch\csv_3d21reserve2_2.arc,GameData\csv_3d21reserve2_2.arc,51058,6AD913F3,1380
share,GameData\patch\csv_dlc305_2.arc,GameData\csv_dlc305_2.arc,67779,3D73BCB9,1380
share,GameData\patch\csv_denkigai2018wpcard_2.arc,GameData\csv_denkigai2018wpcard_2.arc,450,CD1D6826,1331
share,GameData\patch\csv_gp001_2.arc,GameData\csv_gp001_2.arc,89204,9BB06354,1420
share,GameData\patch\csv_jp.arc,GameData\csv_jp.arc,13747,BE714C79,1310
share,GameData\patch\csv_personal_om006_2.arc,GameData\csv_personal_om006_2.arc,1426,AB118368,1350
share,GameData\patch\csv_old_2.arc,GameData\csv_old_2.arc,1746,7AD2A97C,1150
share,GameData\patch\csv_ordermade001_2.arc,GameData\csv_ordermade001_2.arc,770,422A7575,1150
share,GameData\patch\parts2.arc,GameData\parts2.arc,164499763,768E383C,1440
share,GameData\patch\parts_cw001cloth3_2.arc,GameData\parts_cw001cloth3_2.arc,4370,1F2FFFCD,1380
share,GameData\patch\parts_denkigai2019s_2.arc,GameData\parts_denkigai2019s_2.arc,6565399,1351B41C,1352
share,GameData\patch\parts_dlc209_2.arc,GameData\parts_dlc209_2.arc,1363413,BF1ABBC0,1171
share,GameData\patch\parts_dlc216_2.arc,GameData\parts_dlc216_2.arc,932171,E7454670,1200
share,GameData\patch\parts_dlc232_2.arc,GameData\parts_dlc232_2.arc,3682,115DEE3E,1250
share,GameData\patch\parts_dlc241_2.arc,GameData\parts_dlc241_2.arc,1618,5C4797C1,1380
share,GameData\patch\parts_dlc267_2.arc,GameData\parts_dlc267_2.arc,2317684,C3E93D7B,1331
share,GameData\patch\parts_dlc268_2.arc,GameData\parts_dlc268_2.arc,465617,1FC74BD4,1320
share,GameData\patch\parts_dlc268ns_2.arc,GameData\parts_dlc268ns_2.arc,465634,269DB210,1320
share,GameData\patch\parts_dlc279_2.arc,GameData\parts_dlc279_2.arc,6171073,DF439D14,1331
share,GameData\patch\parts_gp001_2.arc,GameData\parts_gp001_2.arc,62132696,2ADBAD1F,1440
share,GameData\patch\parts_karaoke001_2.arc,GameData\parts_karaoke001_2.arc,453245,11C970D3,1280
share,GameData\patch\parts_magazine003_2.arc,GameData\parts_magazine003_2.arc,201385,3A5B273D,1120
share,GameData\patch\parts_omvr.arc,GameData\parts_omvr.arc,3206509,4F0D0480,1120
share,GameData\patch\parts_personal_om006_2.arc,GameData\parts_personal_om006_2.arc,307194,3FCB0A15,1331
share,GameData\patch\parts_kissevent2018_2.arc,GameData\parts_kissevent2018_2.arc,5570,005BBD00,1100
share,GameData\patch\parts_shop016_2.arc,GameData\parts_shop016_2.arc,171410,3D70CEC4,1060
share,GameData\patch\parts_sp002cloth1_2.arc,GameData\parts_sp002cloth1_2.arc,10930,46512519,1250
share,GameData\patch\parts_sp002cloth2_2.arc,GameData\parts_sp002cloth2_2.arc,1825089,3BCD25A8,1352
share,GameData\patch\parts_sp003cloth3_2.arc,GameData\parts_sp003cloth3_2.arc,2971010,1DD812CE,1410
share,GameData\patch\parts_sp005cloth2_2.arc,GameData\parts_sp005cloth2_2.arc,23826,9ECA62AD,1312
share,GameData\patch\parts_vac001_2.arc,GameData\parts_vac001_2.arc,6706,959CBD1B,1250
share,GameData\patch\paths.dat,GameData\paths.dat,7524,A3BD5F92,1450
share,GameData\patch\prioritymaterial.arc,GameData\prioritymaterial.arc,384061,BDFF3F49,1450
share,GameData\patch\script_share_karaoke_2.arc,GameData\script_share_karaoke_2.arc,8202,A841DA53,1436
share,GameData\patch\sound2.arc,GameData\sound2.arc,4094217,BA4C4711,1430
share,GameData\patch\system2.arc,GameData\system2.arc,14628459,035A5837,1420
share,GameData\patch\system_gp001_2.arc,GameData\system_gp001_2.arc,7478491,A3D9E534,1420
share,GameData\patch\system_gp002_2.arc,GameData\system_gp002_2.arc,3352431,A85DA78B,1350
share,GameData\patch\voice_gp001_2.arc,GameData\voice_gp001_2.arc,128499501,74943317,1270
share,GameData\patch\voice_personal_om005_2.arc,GameData\voice_personal_om005_2.arc,77014392,941AFD15,1420
share,GameData_20\bg_vp001_2.arc,GameData_20\bg_vp001_2.arc,283046,A7A90EE1,1190
share,GameData_20\material_denkigai2015w_2.arc,GameData_20\material_denkigai2015w_2.arc,3490,F06AAABE,1090
share,GameData_20\material_dlc195_2.arc,GameData_20\material_dlc195_2.arc,1746,ECFBFE17,1090
share,GameData_20\material_dlcdenkigai2015w_2.arc,GameData_20\material_dlcdenkigai2015w_2.arc,3522,D35394D7,1090
share,GameData_20\material_dlcdenkigai2017w_2.arc,GameData_20\material_dlcdenkigai2017w_2.arc,3506,40FF8AFA,1090
share,GameData_20\material_kissevent2017march_2.arc,GameData_20\material_kissevent2017march_2.arc,3538,7A6FC5CF,1090
share,GameData_20\menu_dlc195_2.arc,GameData_20\menu_dlc195_2.arc,1170,BF163DDC,1090
share,GameData_20\model_denkigai2015w_2.arc,GameData_20\model_denkigai2015w_2.arc,174373,F9233759,1090
share,GameData_20\model_dlc195_2.arc,GameData_20\model_dlc195_2.arc,583563,16C95E54,1090
share,GameData_20\model_dlcdenkigai2015w_2.arc,GameData_20\model_dlcdenkigai2015w_2.arc,174400,BE6E5467,1090
share,GameData_20\model_dlcdenkigai2017w_2.arc,GameData_20\model_dlcdenkigai2017w_2.arc,181384,6D5B735E,1090
share,GameData_20\model_kissevent2017march_2.arc,GameData_20\model_kissevent2017march_2.arc,190682,21F32FCB,1090
share,GameData_20\texture_dlc195_2.arc,GameData_20\texture_dlc195_2.arc,16075880,456A4C76,1090
share,GameData_20\paths.dat,GameData_20\paths.dat,5091,D094E2BE,1580
share,GameData_20\prioritymaterial.arc,GameData_20\prioritymaterial.arc,221488,580931AC,1582
share,GameData_20\material_denkigai2015s003_2.arc,GameData_20\material_denkigai2015s003_2.arc,7106,0C82D791,1150
share,GameData_20\material_denkigai2015wTowelR.arc,GameData_20\material_denkigai2015wTowelR.arc,1602,618192B9,1360
share,GameData_20\material_dlc055_2.arc,GameData_20\material_dlc055_2.arc,5282,11A93109,1280
share,GameData_20\material_dlsite_2.arc,GameData_20\material_dlsite_2.arc,1762,C5A837EA,1150
share,GameData_20\material_shop001_2.arc,GameData_20\material_shop001_2.arc,1762,D98CED1C,1150
share,GameData_20\material_shop002_2.arc,GameData_20\material_shop002_2.arc,1762,956BB00E,1150
share,GameData_20\material_shop003_2.arc,GameData_20\material_shop003_2.arc,1762,38CEBFF2,1150
share,GameData_20\material_shop005_2.arc,GameData_20\material_shop005_2.arc,1714,3E621A32,1150
share,GameData_20\material_shop007_2.arc,GameData_20\material_shop007_2.arc,2578,C8CE627C,1150
share,GameData_20\material_vp001_2.arc,GameData_20\material_vp001_2.arc,11890,8CB043B0,1400
share,GameData_20\material_yomeido003_2.arc,GameData_20\material_yomeido003_2.arc,1522,0689A7AC,1240
share,GameData_20\menu_denkigai2015s001_2.arc,GameData_20\menu_denkigai2015s001_2.arc,6594,8B3E849F,1160
share,GameData_20\menu_denkigai2015s003_2.arc,GameData_20\menu_denkigai2015s003_2.arc,4338,D294CE88,1150
share,GameData_20\menu_denkigai2015wTowelR.arc,GameData_20\menu_denkigai2015wTowelR.arc,1282,CECEE1FC,1360
share,GameData_20\menu_denkigai2016s_2.arc,GameData_20\menu_denkigai2016s_2.arc,1346,4A9440B1,1351
share,GameData_20\menu_denkigai2016w_2.arc,GameData_20\menu_denkigai2016w_2.arc,15154,C8D64D3B,1450
share,GameData_20\menu_denkigai2017s_2.arc,GameData_20\menu_denkigai2017s_2.arc,1218,267B1338,1540
share,GameData_20\menu_dlcdenkigai2016w_2.arc,GameData_20\menu_dlcdenkigai2016w_2.arc,13522,45E7F667,1450
share,GameData_20\menu_dlcdenkigai2017s_2.arc,GameData_20\menu_dlcdenkigai2017s_2.arc,1218,A6C83B5D,1540
share,GameData_20\menu_dlc026_2.arc,GameData_20\menu_dlc026_2.arc,3778,69453D54,1190
share,GameData_20\menu_dlc028_2.arc,GameData_20\menu_dlc028_2.arc,3874,DE3F1C31,1200
share,GameData_20\menu_dlc041_2.arc,GameData_20\menu_dlc041_2.arc,6786,97F738D3,1380
share,GameData_20\menu_dlc042_2.arc,GameData_20\menu_dlc042_2.arc,1154,EE4016C0,1440
share,GameData_20\menu_dlc049_2.arc,GameData_20\menu_dlc049_2.arc,3106,E30D6F4C,1522
share,GameData_20\menu_dlc061_2.arc,GameData_20\menu_dlc061_2.arc,3810,F99C1D4E,1290
share,GameData_20\menu_dlc065_2.arc,GameData_20\menu_dlc065_2.arc,7602,D9387834,1380
share,GameData_20\menu_dlc074_2.arc,GameData_20\menu_dlc074_2.arc,5618,24C559D7,1312
share,GameData_20\menu_dlc100_2.arc,GameData_20\menu_dlc100_2.arc,1250,DFF94E9A,1400
share,GameData_20\menu_dlc101_2.arc,GameData_20\menu_dlc101_2.arc,1218,44DB4049,1481
share,GameData_20\menu_dlsite_2.arc,GameData_20\menu_dlsite_2.arc,1954,B2268BA7,1150
share,GameData_20\menu_kissevent2017march.arc,GameData_20\menu_kissevent2017march.arc,281,FF4EEB9B,1522
share,GameData_20\menu_kissevent2017march_2.arc,GameData_20\menu_kissevent2017march_2.arc,106624,14291926,1631
share,GameData_20\menu_magazine002_2.arc,GameData_20\menu_magazine002_2.arc,12498,691C1126,1471
share,GameData_20\menu_personal002_2.arc,GameData_20\menu_personal002_2.arc,1282,5687650C,1310
share,GameData_20\menu_shop001_2.arc,GameData_20\menu_shop001_2.arc,3314,35207C87,1150
share,GameData_20\menu_shop005_2.arc,GameData_20\menu_shop005_2.arc,1378,0C9AF725,1150
share,GameData_20\menu_vp001_2.arc,GameData_20\menu_vp001_2.arc,19138,7C7AFD9C,1400
share,GameData_20\menu_yomeido003_2.arc,GameData_20\menu_yomeido003_2.arc,1234,4D6F619D,1240
share,GameData_20\menu_yomeidogp_wedding_2.arc,GameData_20\menu_yomeidogp_wedding_2.arc,3954,C251B12C,1320
share,GameData_20\model_denkigai2015s003_2.arc,GameData_20\model_denkigai2015s003_2.arc,394665,41A48185,1150
share,GameData_20\model_denkigai2015wTowelR.arc,GameData_20\model_denkigai2015wTowelR.arc,38258,FB570A24,1360
share,GameData_20\model_denkigai2017s_2.arc,GameData_20\model_denkigai2017s_2.arc,462663,8917104A,1582
share,GameData_20\model_dlcdenkigai2017s_2.arc,GameData_20\model_dlcdenkigai2017s_2.arc,462667,9F0C3D54,1582
share,GameData_20\model_dlc005_2.arc,GameData_20\model_dlc005_2.arc,175424,F7DD7D82,1270
share,GameData_20\model_dlc046_2.arc,GameData_20\model_dlc046_2.arc,155690,83B34173,1220
share,GameData_20\model_dlc073_2.arc,GameData_20\model_dlc073_2.arc,267037,47D33A06,1320
share,GameData_20\model_dlc100_2.arc,GameData_20\model_dlc100_2.arc,691347,7C3D679D,1400
share,GameData_20\model_dlc109_2.arc,GameData_20\model_dlc109_2.arc,137998,8FCCF513,1460
share,GameData_20\model_dlc151_2.arc,GameData_20\model_dlc151_2.arc,213532,8C3C80C3,1520
share,GameData_20\model_dlsite_2.arc,GameData_20\model_dlsite_2.arc,197173,24366C43,1150
share,GameData_20\model_shop001_2.arc,GameData_20\model_shop001_2.arc,115215,9C941FAF,1150
share,GameData_20\model_shop002_2.arc,GameData_20\model_shop002_2.arc,251253,743C3D97,1150
share,GameData_20\model_shop003_2.arc,GameData_20\model_shop003_2.arc,185433,A15EC70A,1150
share,GameData_20\model_shop005_2.arc,GameData_20\model_shop005_2.arc,150103,FB5341FA,1150
share,GameData_20\model_shop007_2.arc,GameData_20\model_shop007_2.arc,288759,80615CBD,1150
share,GameData_20\model_vp001_2.arc,GameData_20\model_vp001_2.arc,647957,D68B5D2F,1400
share,GameData_20\texture_denkigai2015wTowelR.arc,GameData_20\texture_denkigai2015wTowelR.arc,133065,FE4BDC34,1360
share,GameData_20\texture_denkigai2016w_2.arc,GameData_20\texture_denkigai2016w_2.arc,10105247,3B4641C3,1450
share,GameData_20\texture_dlcdenkigai2016w_2.arc,GameData_20\texture_dlcdenkigai2016w_2.arc,10105332,90868016,1450
share,GameData_20\texture_kissevent2017march.arc,GameData_20\texture_kissevent2017march.arc,281,FF4EEB9B,1522
share,GameData_20\texture_kissevent2017march_2.arc,GameData_20\texture_kissevent2017march_2.arc,79432604,C7DD457A,1631
share,GameData_20\texture_dlc004_2.arc,GameData_20\texture_dlc004_2.arc,4805734,C8E5CFB4,1200
share,GameData_20\texture_dlc046_2.arc,GameData_20\texture_dlc046_2.arc,596960,FC606BA5,1220
share,GameData_20\texture_vp001_2.arc,GameData_20\texture_vp001_2.arc,755269,18D5027D,1400
share,GameData_20\texture_yomeido003_2.arc,GameData_20\texture_yomeido003_2.arc,117248,0EE72B42,1240
