0,0,COM3D2OHx64_Data\Managed\Accessibility.dll,12288,778A87C9,34401
0,0,COM3D2OHx64_Data\Managed\Assembly-CSharp.dll,6421504,505A5560,34401
0,0,COM3D2OHx64_Data\Managed\Assembly-CSharp-firstpass.dll,878592,67FE193F,34401
0,0,COM3D2OHx64_Data\Managed\BouncyCastle.Crypto.dll,2236416,5A4C4F07,34401
0,0,COM3D2OHx64_Data\Managed\FoveUnityPlugin.dll,28672,A6EA882B,34401
0,0,COM3D2OHx64_Data\Managed\ICSharpCode.SharpZipLib.dll,200704,D3160A1C,34401
0,0,COM3D2OHx64_Data\Managed\Ionic.Zlib.dll,102400,7C9E7DD2,34401
0,0,COM3D2OHx64_Data\Managed\JsonFx.Json.dll,70144,A0F0CFCB,34401
0,0,COM3D2OHx64_Data\Managed\LeapCSharp.NET3.5.dll,82432,38E38212,34401
0,0,COM3D2OHx64_Data\Managed\MagicaCloth.dll,380416,908F6B18,34401
0,0,COM3D2OHx64_Data\Managed\MagicaClothV2.dll,419840,8037223E,34401
0,0,COM3D2OHx64_Data\Managed\MessagePack.Annotations.dll,8192,F61E27B3,34401
0,0,COM3D2OHx64_Data\Managed\MessagePack.dll,331776,7D7C0AF1,34401
0,0,COM3D2OHx64_Data\Managed\Microsoft.NET.StringTools.dll,30336,C3CACDD5,34401
0,0,COM3D2OHx64_Data\Managed\Mono.Posix.dll,214528,968E9B9D,34401
0,0,COM3D2OHx64_Data\Managed\Mono.Security.dll,241152,90CD243C,34401
0,0,COM3D2OHx64_Data\Managed\Mono.WebBrowser.dll,166912,9EC422AF,34401
0,0,COM3D2OHx64_Data\Managed\mscorlib.dll,4631552,1CC22052,34401
0,0,COM3D2OHx64_Data\Managed\netstandard.dll,90112,975FFBBE,34401
0,0,COM3D2OHx64_Data\Managed\Newtonsoft.Json.dll,691712,8CEF25D0,34401
0,0,COM3D2OHx64_Data\Managed\System.ComponentModel.Composition.dll,257024,44EC5201,34401
0,0,COM3D2OHx64_Data\Managed\System.Configuration.dll,124928,5CF4B8F7,34401
0,0,COM3D2OHx64_Data\Managed\System.Core.dll,1113088,2602A15A,34401
0,0,COM3D2OHx64_Data\Managed\System.Data.DataSetExtensions.dll,29696,7A0640D6,34401
0,0,COM3D2OHx64_Data\Managed\System.Data.dll,2125312,07CEA976,34401
0,0,COM3D2OHx64_Data\Managed\System.dll,2637824,DC1055E7,34401
0,0,COM3D2OHx64_Data\Managed\System.Drawing.Design.dll,29696,E7B53FF9,34401
0,0,COM3D2OHx64_Data\Managed\System.Drawing.dll,489984,9C7932A7,34401
0,0,COM3D2OHx64_Data\Managed\System.EnterpriseServices.dll,44544,9D5266BB,34401
0,0,COM3D2OHx64_Data\Managed\System.IO.Compression.dll,114688,5A843287,34401
0,0,COM3D2OHx64_Data\Managed\System.IO.Compression.FileSystem.dll,18432,FE8B8424,34401
0,0,COM3D2OHx64_Data\Managed\System.Memory.dll,4608,F0BBFFDF,34401
0,0,COM3D2OHx64_Data\Managed\System.Net.Http.dll,122880,C982D760,34401
0,0,COM3D2OHx64_Data\Managed\System.Numerics.dll,119296,1947467C,34401
0,0,COM3D2OHx64_Data\Managed\System.Runtime.CompilerServices.Unsafe.dll,18024,8C9A1A8B,34401
0,0,COM3D2OHx64_Data\Managed\System.Runtime.dll,12288,58AE9F48,34401
0,0,COM3D2OHx64_Data\Managed\System.Runtime.Serialization.dll,934400,6800AA2B,34401
0,0,COM3D2OHx64_Data\Managed\System.Security.dll,320000,8BEA3DC4,34401
0,0,COM3D2OHx64_Data\Managed\System.ServiceModel.Internals.dll,215040,9655D9FB,34401
0,0,COM3D2OHx64_Data\Managed\System.Transactions.dll,35328,E2FF2F1E,34401
0,0,COM3D2OHx64_Data\Managed\System.Windows.Forms.dll,3053568,56394001,34401
0,0,COM3D2OHx64_Data\Managed\System.Xml.dll,3160064,6066CFE3,34401
0,0,COM3D2OHx64_Data\Managed\System.Xml.Linq.dll,136704,DDFB724A,34401
0,0,COM3D2OHx64_Data\Managed\Unity.AI.Navigation.dll,20480,4EBA83D8,34401
0,0,COM3D2OHx64_Data\Managed\Unity.Burst.dll,317440,993EDE70,34401
0,0,COM3D2OHx64_Data\Managed\Unity.Burst.Unsafe.dll,5632,D504B969,34401
0,0,COM3D2OHx64_Data\Managed\Unity.Collections.dll,446976,0A422C3E,34401
0,0,COM3D2OHx64_Data\Managed\Unity.Collections.LowLevel.ILSupport.dll,4608,15F3B0BE,34401
0,0,COM3D2OHx64_Data\Managed\Unity.InputSystem.dll,1102336,70578A8C,34401
0,0,COM3D2OHx64_Data\Managed\Unity.InputSystem.ForUI.dll,4608,1DB77971,34401
0,0,COM3D2OHx64_Data\Managed\Unity.Mathematics.dll,741376,4962D9A0,34401
0,0,COM3D2OHx64_Data\Managed\Unity.MemoryProfiler.dll,6144,3D26796C,34401
0,0,COM3D2OHx64_Data\Managed\Unity.Profiling.Core.dll,10240,BADC5DBE,34401
0,0,COM3D2OHx64_Data\Managed\Unity.RenderPipeline.Universal.ShaderLibrary.dll,8704,3F25AE2D,34401
0,0,COM3D2OHx64_Data\Managed\Unity.RenderPipelines.Core.Runtime.dll,531968,A2735FCC,34401
0,0,COM3D2OHx64_Data\Managed\Unity.RenderPipelines.Core.ShaderLibrary.dll,5120,CB22E8CD,34401
0,0,COM3D2OHx64_Data\Managed\Unity.RenderPipelines.ShaderGraph.ShaderGraphLibrary.dll,5120,DF25C891,34401
0,0,COM3D2OHx64_Data\Managed\Unity.RenderPipelines.Universal.Config.Runtime.dll,5632,5352B6D5,34401
0,0,COM3D2OHx64_Data\Managed\Unity.RenderPipelines.Universal.Runtime.dll,782848,DCDFE7F2,34401
0,0,COM3D2OHx64_Data\Managed\Unity.RenderPipelines.Universal.Shaders.dll,5120,78762807,34401
0,0,COM3D2OHx64_Data\Managed\Unity.TextMeshPro.dll,380928,C53B150B,34401
0,0,COM3D2OHx64_Data\Managed\Unity.Timeline.dll,128000,3236F844,34401
0,0,COM3D2OHx64_Data\Managed\Unity.VisualScripting.Antlr3.Runtime.dll,86016,3268D00A,34401
0,0,COM3D2OHx64_Data\Managed\Unity.VisualScripting.Core.dll,627200,F8849000,34401
0,0,COM3D2OHx64_Data\Managed\Unity.VisualScripting.Flow.dll,404992,7F039F2F,34401
0,0,COM3D2OHx64_Data\Managed\Unity.VisualScripting.State.dll,32768,C7AF2041,34401
0,0,COM3D2OHx64_Data\Managed\Unity.XR.CoreUtils.dll,86016,8848CF9D,34401
0,0,COM3D2OHx64_Data\Managed\Unity.XR.Management.dll,17408,613128E6,34401
0,0,COM3D2OHx64_Data\Managed\Unity.XR.OpenXR.dll,153088,66444A02,34401
0,0,COM3D2OHx64_Data\Managed\Unity.XR.OpenXR.Features.ConformanceAutomation.dll,8192,B10C872D,34401
0,0,COM3D2OHx64_Data\Managed\Unity.XR.OpenXR.Features.MetaQuestSupport.dll,5632,C4D0C938,34401
0,0,COM3D2OHx64_Data\Managed\Unity.XR.OpenXR.Features.MockRuntime.dll,10752,5FD3F886,34401
0,0,COM3D2OHx64_Data\Managed\Unity.XR.OpenXR.Features.OculusQuestSupport.dll,5632,372FF2DD,34401
0,0,COM3D2OHx64_Data\Managed\Unity.XR.OpenXR.Features.RuntimeDebugger.dll,6656,8E00FAAB,34401
0,0,COM3D2OHx64_Data\Managed\UnityEngine.AccessibilityModule.dll,22208,78C6C15D,34401
0,0,COM3D2OHx64_Data\Managed\UnityEngine.AIModule.dll,57024,A46DFD74,34401
0,0,COM3D2OHx64_Data\Managed\UnityEngine.AndroidJNIModule.dll,93376,B50A5AFB,34401
0,0,COM3D2OHx64_Data\Managed\UnityEngine.AnimationModule.dll,162496,241D474D,34401
0,0,COM3D2OHx64_Data\Managed\UnityEngine.ARModule.dll,19648,4A1D5F33,34401
0,0,COM3D2OHx64_Data\Managed\UnityEngine.AssetBundleModule.dll,31424,BBD1D7B1,34401
0,0,COM3D2OHx64_Data\Managed\UnityEngine.AudioModule.dll,69312,349E621F,34401
0,0,COM3D2OHx64_Data\Managed\UnityEngine.ClothModule.dll,24768,0D4371C4,34401
0,0,COM3D2OHx64_Data\Managed\UnityEngine.ClusterInputModule.dll,20160,B28C53A1,34401
0,0,COM3D2OHx64_Data\Managed\UnityEngine.ClusterRendererModule.dll,20672,918BC9BA,34401
0,0,COM3D2OHx64_Data\Managed\UnityEngine.ContentLoadModule.dll,25792,BB90FC09,34401
0,0,COM3D2OHx64_Data\Managed\UnityEngine.CoreModule.dll,1386688,48FD115A,34401
0,0,COM3D2OHx64_Data\Managed\UnityEngine.CrashReportingModule.dll,19648,41C76870,34401
0,0,COM3D2OHx64_Data\Managed\UnityEngine.DirectorModule.dll,23232,2CC1A420,34401
0,0,COM3D2OHx64_Data\Managed\UnityEngine.dll,125120,B56BB6D6,34401
0,0,COM3D2OHx64_Data\Managed\UnityEngine.DSPGraphModule.dll,27840,5F1EB63B,34401
0,0,COM3D2OHx64_Data\Managed\UnityEngine.GameCenterModule.dll,38592,B801B973,34401
0,0,COM3D2OHx64_Data\Managed\UnityEngine.GIModule.dll,18624,DA68DA5E,34401
0,0,COM3D2OHx64_Data\Managed\UnityEngine.GridModule.dll,23744,FF1520D8,34401
0,0,COM3D2OHx64_Data\Managed\UnityEngine.HotReloadModule.dll,18624,9E32D2C5,34401
0,0,COM3D2OHx64_Data\Managed\UnityEngine.ImageConversionModule.dll,22720,91655A3B,34401
0,0,COM3D2OHx64_Data\Managed\UnityEngine.IMGUIModule.dll,188608,DEA159BD,34401
0,0,COM3D2OHx64_Data\Managed\UnityEngine.InputLegacyModule.dll,37568,C1DB6A82,34401
0,0,COM3D2OHx64_Data\Managed\UnityEngine.InputModule.dll,22208,F997B8C7,34401
0,0,COM3D2OHx64_Data\Managed\UnityEngine.JSONSerializeModule.dll,20672,D57971D2,34401
0,0,COM3D2OHx64_Data\Managed\UnityEngine.LocalizationModule.dll,19648,AFDD1EBA,34401
0,0,COM3D2OHx64_Data\Managed\UnityEngine.NVIDIAModule.dll,32448,AA6EB95A,34401
0,0,COM3D2OHx64_Data\Managed\UnityEngine.ParticleSystemModule.dll,159424,1015EEB4,34401
0,0,COM3D2OHx64_Data\Managed\UnityEngine.PerformanceReportingModule.dll,19136,0306AACC,34401
0,0,COM3D2OHx64_Data\Managed\UnityEngine.Physics2DModule.dll,139968,A700CCF7,34401
0,0,COM3D2OHx64_Data\Managed\UnityEngine.PhysicsModule.dll,136896,4C25069F,34401
0,0,COM3D2OHx64_Data\Managed\UnityEngine.ProfilerModule.dll,18624,643CEF55,34401
0,0,COM3D2OHx64_Data\Managed\UnityEngine.PropertiesModule.dll,153792,EA69A163,34401
0,0,COM3D2OHx64_Data\Managed\UnityEngine.RuntimeInitializeOnLoadManagerInitializerModule.dll,18624,D76E22EE,34401
0,0,COM3D2OHx64_Data\Managed\UnityEngine.ScreenCaptureModule.dll,19648,541955E1,34401
0,0,COM3D2OHx64_Data\Managed\UnityEngine.SharedInternalsModule.dll,31424,4655484A,34401
0,0,COM3D2OHx64_Data\Managed\UnityEngine.SpatialTracking.dll,11776,0DC301C7,34401
0,0,COM3D2OHx64_Data\Managed\UnityEngine.SpriteMaskModule.dll,20160,28D62CA3,34401
0,0,COM3D2OHx64_Data\Managed\UnityEngine.SpriteShapeModule.dll,24768,9EA47AE4,34401
0,0,COM3D2OHx64_Data\Managed\UnityEngine.StreamingModule.dll,19136,8EBC9B33,34401
0,0,COM3D2OHx64_Data\Managed\UnityEngine.SubstanceModule.dll,23232,D79E791D,34401
0,0,COM3D2OHx64_Data\Managed\UnityEngine.SubsystemsModule.dll,33472,619F2CB8,34401
0,0,COM3D2OHx64_Data\Managed\UnityEngine.TerrainModule.dll,99520,C87BF8A8,34401
0,0,COM3D2OHx64_Data\Managed\UnityEngine.TerrainPhysicsModule.dll,19648,C362F820,34401
0,0,COM3D2OHx64_Data\Managed\UnityEngine.TextCoreFontEngineModule.dll,70848,91C2111D,34401
0,0,COM3D2OHx64_Data\Managed\UnityEngine.TextCoreTextEngineModule.dll,247488,47DA257F,34401
0,0,COM3D2OHx64_Data\Managed\UnityEngine.TextRenderingModule.dll,37568,64F4EAE3,34401
0,0,COM3D2OHx64_Data\Managed\UnityEngine.TilemapModule.dll,45248,86525F58,34401
0,0,COM3D2OHx64_Data\Managed\UnityEngine.TLSModule.dll,25280,28D4A9D2,34401
0,0,COM3D2OHx64_Data\Managed\UnityEngine.UI.dll,265728,3805D7CC,34401
0,0,COM3D2OHx64_Data\Managed\UnityEngine.UIElementsModule.dll,1526464,D2EF9FE4,34401
0,0,COM3D2OHx64_Data\Managed\UnityEngine.UIModule.dll,35008,16712D23,34401
0,0,COM3D2OHx64_Data\Managed\UnityEngine.UmbraModule.dll,18624,421ABF60,34401
0,0,COM3D2OHx64_Data\Managed\UnityEngine.UnityAnalyticsCommonModule.dll,19648,69C59A3E,34401
0,0,COM3D2OHx64_Data\Managed\UnityEngine.UnityAnalyticsModule.dll,43200,0E49D1A9,34401
0,0,COM3D2OHx64_Data\Managed\UnityEngine.UnityConnectModule.dll,20160,A5D5E39F,34401
0,0,COM3D2OHx64_Data\Managed\UnityEngine.UnityCurlModule.dll,20160,B71C41C4,34401
0,0,COM3D2OHx64_Data\Managed\UnityEngine.UnityTestProtocolModule.dll,18624,1E0DEBE9,34401
0,0,COM3D2OHx64_Data\Managed\UnityEngine.UnityWebRequestAssetBundleModule.dll,21696,69651A7A,34401
0,0,COM3D2OHx64_Data\Managed\UnityEngine.UnityWebRequestAudioModule.dll,21184,63F203EC,34401
0,0,COM3D2OHx64_Data\Managed\UnityEngine.UnityWebRequestModule.dll,56512,AF370A89,34401
0,0,COM3D2OHx64_Data\Managed\UnityEngine.UnityWebRequestTextureModule.dll,20160,6F60385C,34401
0,0,COM3D2OHx64_Data\Managed\UnityEngine.UnityWebRequestWWWModule.dll,29888,59764BF3,34401
0,0,COM3D2OHx64_Data\Managed\UnityEngine.VehiclesModule.dll,22720,195DA28D,34401
0,0,COM3D2OHx64_Data\Managed\UnityEngine.VFXModule.dll,57024,D3FF217B,34401
0,0,COM3D2OHx64_Data\Managed\UnityEngine.VideoModule.dll,39616,4592FDD4,34401
0,0,COM3D2OHx64_Data\Managed\UnityEngine.VirtualTexturingModule.dll,34496,1A77BE99,34401
0,0,COM3D2OHx64_Data\Managed\UnityEngine.VRModule.dll,25280,B7C1DF4D,34401
0,0,COM3D2OHx64_Data\Managed\UnityEngine.WindModule.dll,19648,34258888,34401
0,0,COM3D2OHx64_Data\Managed\UnityEngine.XR.LegacyInputHelpers.dll,23552,19456080,34401
0,0,COM3D2OHx64_Data\Managed\UnityEngine.XRModule.dll,69312,C01DB11A,34401
0,0,COM3D2OHx64_Data\Managed\Win32.dll,13312,7781C2A2,34401
0,0,COM3D2OHx64_Data\Managed\zxing.unity.dll,430592,9FD1F198,34401
0,0,COM3D2OHx64_Data\Plugins\x86_64\assimp.dll,4388864,7C910D84,34401
0,0,COM3D2OHx64_Data\Plugins\x86_64\Audio360.dll,1956352,0D4B8E9D,34401
0,0,COM3D2OHx64_Data\Plugins\x86_64\AVProVideo.dll,886272,278352F0,34401
0,0,COM3D2OHx64_Data\Plugins\x86_64\clothpp.dll,112128,7C3264A4,34401
0,0,COM3D2OHx64_Data\Plugins\x86_64\cm3d2.dll,2265088,CA67D1AD,34401
0,0,COM3D2OHx64_Data\Plugins\x86_64\device_hook.dll,738816,F61E7CED,34401
0,0,COM3D2OHx64_Data\Plugins\x86_64\FbxExporterCore.dll,12491776,CBAA51C1,34401
0,0,COM3D2OHx64_Data\Plugins\x86_64\FoveClient.dll,1849384,58C8B4F6,34401
0,0,COM3D2OHx64_Data\Plugins\x86_64\LeapC.dll,2516992,FBDD3767,34401
0,0,COM3D2OHx64_Data\Plugins\x86_64\lib_burst_generated.dll,1064960,BAF138BD,34401
0,0,COM3D2OHx64_Data\Plugins\x86_64\openvr_api.dll,318272,44432E0F,34401
0,0,COM3D2OHx64_Data\Plugins\x86_64\openxr_loader.dll,1948672,A9899457,34401
0,0,COM3D2OHx64_Data\Plugins\x86_64\OVRGamepad.dll,12800,2C526135,34401
0,0,COM3D2OHx64_Data\Plugins\x86_64\OVRLipSync.dll,2512296,391C1F4C,34401
0,0,COM3D2OHx64_Data\Plugins\x86_64\UnityOpenXR.dll,740864,6285EC22,34401
0,0,COM3D2OHx64_Data\Plugins\x86_64\Win32-WebView.dll,504832,382AEE66,34401
0,0,COM3D2OHx64_Data\Resources\unity default resources,1564256,28AF3A61,34401
0,0,COM3D2OHx64_Data\Resources\unity_builtin_extra,428296,1A294B77,34401
0,0,COM3D2OHx64_Data\UnitySubsystems\UnityOpenXR\UnitySubsystemsManifest.json,334,076D4451,34401
0,0,COM3D2OHx64_Data\app.info,42,6CD75754,34401
0,0,COM3D2OHx64_Data\boot.config,128,B04BA2BC,34401
0,0,COM3D2OHx64_Data\globalgamemanagers,5355508,988BF637,34401
0,0,COM3D2OHx64_Data\globalgamemanagers.assets,568424,14F2BC7F,34401
0,0,COM3D2OHx64_Data\globalgamemanagers.assets.resS,2796240,F6707524,34401
0,0,COM3D2OHx64_Data\level0,362844,9B6D7FB7,34401
0,0,COM3D2OHx64_Data\level1,385780,B0A0EB4A,34401
0,0,COM3D2OHx64_Data\level2,796588,2C09BFAF,34401
0,0,COM3D2OHx64_Data\level3,1312444,02A1DEBD,34401
0,0,COM3D2OHx64_Data\level4,1359892,B6065069,34401
0,0,COM3D2OHx64_Data\level5,364876,F48781A3,34401
0,0,COM3D2OHx64_Data\level6,465500,56D671BB,34401
0,0,COM3D2OHx64_Data\level7,363372,5A65C0D5,34401
0,0,COM3D2OHx64_Data\level8,476172,4C740CD0,34401
0,0,COM3D2OHx64_Data\level9,367580,3FE23E5D,34401
0,0,COM3D2OHx64_Data\level10,755956,D3D080E8,34401
0,0,COM3D2OHx64_Data\level11,4996,7BBEA990,34401
0,0,COM3D2OHx64_Data\level12,365364,E4A37D2A,34401
0,0,COM3D2OHx64_Data\level13,1192,2B18ADB9,34401
0,0,COM3D2OHx64_Data\level14,382164,4B39235D,34401
0,0,COM3D2OHx64_Data\level15,371924,542AA6A6,34401
0,0,COM3D2OHx64_Data\level16,1050380,C903E448,34401
0,0,COM3D2OHx64_Data\level17,469820,B22793B4,34401
0,0,COM3D2OHx64_Data\level18,1180300,784A6F2C,34401
0,0,COM3D2OHx64_Data\level19,448692,BD29642F,34401
0,0,COM3D2OHx64_Data\level20,2246564,2356081A,34401
0,0,COM3D2OHx64_Data\level21,1210684,78F71E3D,34401
0,0,COM3D2OHx64_Data\level22,1183476,B60F971D,34401
0,0,COM3D2OHx64_Data\level23,488236,0820208E,34401
0,0,COM3D2OHx64_Data\level24,29832,1FA29949,34401
0,0,COM3D2OHx64_Data\level24.resS,131232,DEC6292A,34401
0,0,COM3D2OHx64_Data\level25,58924,68D82647,34401
0,0,COM3D2OHx64_Data\level26,64856,C35A1969,34401
0,0,COM3D2OHx64_Data\level27,4032,B35B4404,34401
0,0,COM3D2OHx64_Data\level28,363764,3DFA176A,34401
0,0,COM3D2OHx64_Data\level29,1686700,57253416,34401
0,0,COM3D2OHx64_Data\level30,1541020,F79AA5F7,34401
0,0,COM3D2OHx64_Data\level31,1562884,3400F51F,34401
0,0,COM3D2OHx64_Data\level32,1454252,E205F934,34401
0,0,COM3D2OHx64_Data\level33,1524444,CAAC4B13,34401
0,0,COM3D2OHx64_Data\level34,1652060,663494D2,34401
0,0,COM3D2OHx64_Data\level35,1380404,F216EBE9,34401
0,0,COM3D2OHx64_Data\level36,1123292,A7EFBD2D,34401
0,0,COM3D2OHx64_Data\level37,1130652,65196BDD,34401
0,0,COM3D2OHx64_Data\level38,1380404,F5705368,34401
0,0,COM3D2OHx64_Data\level39,1260724,2B159784,34401
0,0,COM3D2OHx64_Data\level40,1041988,E18DAB0C,34401
0,0,COM3D2OHx64_Data\level41,1337588,84802C47,34401
0,0,COM3D2OHx64_Data\level42,1481100,BCA8EFB2,34401
0,0,COM3D2OHx64_Data\level43,1441484,A92D3D6A,34401
0,0,COM3D2OHx64_Data\level44,1015044,452BD1AE,34401
0,0,COM3D2OHx64_Data\level45,440900,697B6522,34401
0,0,COM3D2OHx64_Data\level46,437172,7C98D456,34401
0,0,COM3D2OHx64_Data\level47,481916,4DDD081C,34401
0,0,COM3D2OHx64_Data\level48,504684,7919B0CA,34401
0,0,COM3D2OHx64_Data\level49,431164,FB3457E5,34401
0,0,COM3D2OHx64_Data\level50,492732,96FA9348,34401
0,0,COM3D2OHx64_Data\level51,1142116,B8CC1FD5,34401
0,0,COM3D2OHx64_Data\level52,1060980,01DD8A81,34401
0,0,COM3D2OHx64_Data\level53,485100,7A63B814,34401
0,0,COM3D2OHx64_Data\level54,507820,D5C39F63,34401
0,0,COM3D2OHx64_Data\level55,498156,AD45DEDD,34401
0,0,COM3D2OHx64_Data\level56,1142100,EE07C428,34401
0,0,COM3D2OHx64_Data\level57,1104276,275239AC,34401
0,0,COM3D2OHx64_Data\level58,490988,199E937A,34401
0,0,COM3D2OHx64_Data\level59,475156,5F5791B9,34401
0,0,COM3D2OHx64_Data\level60,456308,2A9E82C6,34401
0,0,COM3D2OHx64_Data\level61,1491292,101D7359,34401
0,0,COM3D2OHx64_Data\level62,1430380,166F2858,34401
0,0,COM3D2OHx64_Data\level63,547724,106F0EF1,34401
0,0,COM3D2OHx64_Data\level64,439324,3C1375C9,34401
0,0,COM3D2OHx64_Data\level65,1370484,13CAED42,34401
0,0,COM3D2OHx64_Data\level66,1069252,32BA1463,34401
0,0,COM3D2OHx64_Data\level67,1548116,4F410655,34401
0,0,COM3D2OHx64_Data\level68,1488556,0BD93C17,34401
0,0,COM3D2OHx64_Data\level69,1686716,F6E5C809,34401
0,0,COM3D2OHx64_Data\level70,1652076,A0923024,34401
0,0,COM3D2OHx64_Data\level71,1488900,18E95FD3,34401
0,0,COM3D2OHx64_Data\level72,1454260,179477A1,34401
0,0,COM3D2OHx64_Data\level73,452708,A795C4E3,34401
0,0,COM3D2OHx64_Data\level74,442884,D8B53602,34401
0,0,COM3D2OHx64_Data\level75,1124812,77F834D2,34401
0,0,COM3D2OHx64_Data\level76,918740,43A12003,34401
0,0,COM3D2OHx64_Data\level77,1024796,FA05B7E1,34401
0,0,COM3D2OHx64_Data\level78,915796,645B82FC,34401
0,0,COM3D2OHx64_Data\level79,1124284,6FBEA442,34401
0,0,COM3D2OHx64_Data\level80,1823684,AB02E95C,34401
0,0,COM3D2OHx64_Data\level81,1774156,3813F7AB,34401
0,0,COM3D2OHx64_Data\level82,1211980,1B3E42F6,34401
0,0,COM3D2OHx64_Data\level83,1155508,C37521DA,34401
0,0,COM3D2OHx64_Data\level84,1634492,85EBFD57,34401
0,0,COM3D2OHx64_Data\level85,1739276,B722AB2C,34401
0,0,COM3D2OHx64_Data\level86,1153244,68F4F147,34401
0,0,COM3D2OHx64_Data\level87,1062580,3C584619,34401
0,0,COM3D2OHx64_Data\level88,1810644,5C3854C7,34401
0,0,COM3D2OHx64_Data\level89,1698548,8038C1D0,34401
0,0,COM3D2OHx64_Data\level90,515100,F0A4C266,34401
0,0,COM3D2OHx64_Data\level91,535404,9E7CE673,34401
0,0,COM3D2OHx64_Data\level92,626132,DC4E2613,34401
0,0,COM3D2OHx64_Data\level93,563076,7F95B336,34401
0,0,COM3D2OHx64_Data\level93.resS,131232,F174E031,34401
0,0,COM3D2OHx64_Data\level94,510004,C47FED98,34401
0,0,COM3D2OHx64_Data\level95,624244,66E02D0D,34401
0,0,COM3D2OHx64_Data\level96,533924,C1E36632,34401
0,0,COM3D2OHx64_Data\level97,1867852,44806755,34401
0,0,COM3D2OHx64_Data\level98,1592340,6538B74B,34401
0,0,COM3D2OHx64_Data\level99,1403124,B68C7CA1,34401
0,0,COM3D2OHx64_Data\level100,1246684,72E758BA,34401
0,0,COM3D2OHx64_Data\level101,1340396,AF1414A1,34401
0,0,COM3D2OHx64_Data\level102,1536972,01227DDB,34401
0,0,COM3D2OHx64_Data\level103,1436212,CA3566C1,34401
0,0,COM3D2OHx64_Data\level104,1006668,458682C6,34401
0,0,COM3D2OHx64_Data\level105,606548,8727DBA2,34401
0,0,COM3D2OHx64_Data\level106,1077836,7B85D943,34401
0,0,COM3D2OHx64_Data\level107,994972,8064053A,34401
0,0,COM3D2OHx64_Data\level108,1008364,6899E61C,34401
0,0,COM3D2OHx64_Data\level109,969684,901262BB,34401
0,0,COM3D2OHx64_Data\level110,950212,1738BD2E,34401
0,0,COM3D2OHx64_Data\level111,439420,1207D0BA,34401
0,0,COM3D2OHx64_Data\level112,924156,7F5C66D6,34401
0,0,COM3D2OHx64_Data\level113,579828,99A62FAC,34401
0,0,COM3D2OHx64_Data\level114,584140,BE3F71FD,34401
0,0,COM3D2OHx64_Data\level115,610172,7BC30092,34401
0,0,COM3D2OHx64_Data\level116,608524,0A833A19,34401
0,0,COM3D2OHx64_Data\level117,610308,B14C12B1,34401
0,0,COM3D2OHx64_Data\level118,612748,466B17CD,34401
0,0,COM3D2OHx64_Data\level119,544612,57BEBC1F,34401
0,0,COM3D2OHx64_Data\level120,548940,1D295224,34401
0,0,COM3D2OHx64_Data\level121,573804,00A21D8F,34401
0,0,COM3D2OHx64_Data\level122,605212,BA323C7D,34401
0,0,COM3D2OHx64_Data\level123,574948,E6407AF3,34401
0,0,COM3D2OHx64_Data\level124,578020,BFBE7C24,34401
0,0,COM3D2OHx64_Data\level125,566820,78204ED0,34401
0,0,COM3D2OHx64_Data\level126,606332,4A812B0E,34401
0,0,COM3D2OHx64_Data\level127,1100180,BAFFB138,34401
0,0,COM3D2OHx64_Data\resources.assets,528622700,089DF5C5,34401
0,0,COM3D2OHx64_Data\resources.assets.resS,2067603248,A313F9CA,34401
0,0,COM3D2OHx64_Data\resources.resource,1348992,64168176,34401
0,0,COM3D2OHx64_Data\RuntimeInitializeOnLoads.json,5256,88C867E5,34401
0,0,COM3D2OHx64_Data\ScriptingAssemblies.json,4395,31B91F14,34401
0,0,COM3D2OHx64_Data\sharedassets0.assets,31770932,3AE3B90C,34401
0,0,COM3D2OHx64_Data\sharedassets0.assets.resS,28071648,6B7564F2,34401
0,0,COM3D2OHx64_Data\sharedassets1.assets,2301,A16FC87F,34401
0,0,COM3D2OHx64_Data\sharedassets2.assets,2601,FF032FE9,34401
0,0,COM3D2OHx64_Data\sharedassets3.assets,9009,AFD7F38D,34401
0,0,COM3D2OHx64_Data\sharedassets4.assets,3333,00D1E3EB,34401
0,0,COM3D2OHx64_Data\sharedassets5.assets,2205,B7D9E8EC,34401
0,0,COM3D2OHx64_Data\sharedassets6.assets,3201,8E28BFF5,34401
0,0,COM3D2OHx64_Data\sharedassets7.assets,2133,7D015D7E,34401
0,0,COM3D2OHx64_Data\sharedassets8.assets,2541,DA1E9350,34401
0,0,COM3D2OHx64_Data\sharedassets9.assets,2325,537682FE,34401
0,0,COM3D2OHx64_Data\sharedassets10.assets,2721,E985C978,34401
0,0,COM3D2OHx64_Data\sharedassets11.assets,553,D3B3A547,34401
0,0,COM3D2OHx64_Data\sharedassets12.assets,2193,C695FB1D,34401
0,0,COM3D2OHx64_Data\sharedassets13.assets,277,DE2FF2F1,34401
0,0,COM3D2OHx64_Data\sharedassets14.assets,2877,2513C848,34401
0,0,COM3D2OHx64_Data\sharedassets15.assets,2277,5C47EF27,34401
0,0,COM3D2OHx64_Data\sharedassets16.assets,8841,811AF601,34401
0,0,COM3D2OHx64_Data\sharedassets17.assets,2373,CDDF4D7A,34401
0,0,COM3D2OHx64_Data\sharedassets18.assets,8877,F9B93A63,34401
0,0,COM3D2OHx64_Data\sharedassets19.assets,2361,898F81A7,34401
0,0,COM3D2OHx64_Data\sharedassets20.assets,3153,71D47E62,34401
0,0,COM3D2OHx64_Data\sharedassets21.assets,8853,7A4674D2,34401
0,0,COM3D2OHx64_Data\sharedassets22.assets,8853,7A4674D2,34401
0,0,COM3D2OHx64_Data\sharedassets23.assets,2648,EE8EDBB8,34401
0,0,COM3D2OHx64_Data\sharedassets24.assets,10456,EB26AF15,34401
0,0,COM3D2OHx64_Data\sharedassets25.assets,597,C41D5CAC,34401
0,0,COM3D2OHx64_Data\sharedassets26.assets,501,32F24941,34401
0,0,COM3D2OHx64_Data\sharedassets27.assets,505,FCD584C3,34401
0,0,COM3D2OHx64_Data\sharedassets28.assets,2137,33C0A19F,34401
0,0,COM3D2OHx64_Data\sharedassets29.assets,8841,F7683052,34401
0,0,COM3D2OHx64_Data\sharedassets30.assets,8841,848B9113,34401
0,0,COM3D2OHx64_Data\sharedassets31.assets,8841,15C95E2F,34401
0,0,COM3D2OHx64_Data\sharedassets32.assets,5565,71B7239F,34401
0,0,COM3D2OHx64_Data\sharedassets33.assets,5673,28D7442C,34401
0,0,COM3D2OHx64_Data\sharedassets34.assets,5661,79B2F36C,34401
0,0,COM3D2OHx64_Data\sharedassets35.assets,8925,246F3528,34401
0,0,COM3D2OHx64_Data\sharedassets36.assets,5433,43E9AC9C,34401
0,0,COM3D2OHx64_Data\sharedassets37.assets,5469,C4227CE4,34401
0,0,COM3D2OHx64_Data\sharedassets38.assets,8925,246F3528,34401
0,0,COM3D2OHx64_Data\sharedassets39.assets,5625,85255F7A,34401
0,0,COM3D2OHx64_Data\sharedassets40.assets,5493,63B153FA,34401
0,0,COM3D2OHx64_Data\sharedassets41.assets,5637,BCD1D756,34401
0,0,COM3D2OHx64_Data\sharedassets42.assets,8841,70F4C63F,34401
0,0,COM3D2OHx64_Data\sharedassets43.assets,5673,28D7442C,34401
0,0,COM3D2OHx64_Data\sharedassets44.assets,5661,79B2F36C,34401
0,0,COM3D2OHx64_Data\sharedassets45.assets,6450,88E6A0F6,34401
0,0,COM3D2OHx64_Data\sharedassets45.assets.resS,87408,84350FBB,34401
0,0,COM3D2OHx64_Data\sharedassets45.resource,41406086,938147B5,34401
0,0,COM3D2OHx64_Data\sharedassets46.assets,3362,E847796B,34401
0,0,COM3D2OHx64_Data\sharedassets46.resource,36841226,318CE5DA,34401
0,0,COM3D2OHx64_Data\sharedassets47.assets,3322,60B43986,34401
0,0,COM3D2OHx64_Data\sharedassets47.resource,32680665,5F8810A9,34401
0,0,COM3D2OHx64_Data\sharedassets48.assets,17266,CE47F9B1,34401
0,0,COM3D2OHx64_Data\sharedassets48.assets.resS,174784,C6783C52,34401
0,0,COM3D2OHx64_Data\sharedassets48.resource,35964702,CC2B1BFE,34401
0,0,COM3D2OHx64_Data\sharedassets49.assets,3346,5CF07D14,34401
0,0,COM3D2OHx64_Data\sharedassets49.resource,40585017,61D6AACB,34401
0,0,COM3D2OHx64_Data\sharedassets50.assets,3562,DFA374D2,34401
0,0,COM3D2OHx64_Data\sharedassets50.resource,38610538,C2CDB3C3,34401
0,0,COM3D2OHx64_Data\sharedassets51.assets,3014356,4EFDA04A,34401
0,0,COM3D2OHx64_Data\sharedassets51.assets.resS,611744,E0F83BD4,34401
0,0,COM3D2OHx64_Data\sharedassets52.assets,5769,7A00D496,34401
0,0,COM3D2OHx64_Data\sharedassets53.assets,2697,C81762A0,34401
0,0,COM3D2OHx64_Data\sharedassets54.assets,2697,C81762A0,34401
0,0,COM3D2OHx64_Data\sharedassets55.assets,2697,C81762A0,34401
0,0,COM3D2OHx64_Data\sharedassets56.assets,8853,45F56800,34401
0,0,COM3D2OHx64_Data\sharedassets57.assets,5673,E5F5AEFC,34401
0,0,COM3D2OHx64_Data\sharedassets58.assets,2613,5D8EF425,34401
0,0,COM3D2OHx64_Data\sharedassets59.assets,55760,E747D324,34401
0,0,COM3D2OHx64_Data\sharedassets59.assets.resS,174784,F8E8E9F8,34401
0,0,COM3D2OHx64_Data\sharedassets60.assets,2625,BC4E4A83,34401
0,0,COM3D2OHx64_Data\sharedassets61.assets,756768,6F677019,34401
0,0,COM3D2OHx64_Data\sharedassets61.assets.resS,1310896,5596E62C,34401
0,0,COM3D2OHx64_Data\sharedassets61.resource,1657856,B35361D0,34401
0,0,COM3D2OHx64_Data\sharedassets62.assets,5541,9A147C08,34401
0,0,COM3D2OHx64_Data\sharedassets63.assets,3415164,96BB6DDF,34401
0,0,COM3D2OHx64_Data\sharedassets63.assets.resS,6226160,5BDA7B19,34401
0,0,COM3D2OHx64_Data\sharedassets64.assets,2649,D8FA5931,34401
0,0,COM3D2OHx64_Data\sharedassets65.assets,10101,C3463C73,34401
0,0,COM3D2OHx64_Data\sharedassets66.assets,5661,79B2F36C,34401
0,0,COM3D2OHx64_Data\sharedassets67.assets,8877,B114FAEE,34401
0,0,COM3D2OHx64_Data\sharedassets68.assets,5661,AC38CDFF,34401
0,0,COM3D2OHx64_Data\sharedassets69.assets,8841,F7683052,34401
0,0,COM3D2OHx64_Data\sharedassets70.assets,5661,79B2F36C,34401
0,0,COM3D2OHx64_Data\sharedassets71.assets,8877,B114FAEE,34401
0,0,COM3D2OHx64_Data\sharedassets72.assets,6609,2F0F3745,34401
0,0,COM3D2OHx64_Data\sharedassets73.assets,2973,D3A964AC,34401
0,0,COM3D2OHx64_Data\sharedassets74.assets,2481,570D54EE,34401
0,0,COM3D2OHx64_Data\sharedassets75.assets,7876,D8B7FA07,34401
0,0,COM3D2OHx64_Data\sharedassets75.resource,2729248,FCB8D689,34401
0,0,COM3D2OHx64_Data\sharedassets76.assets,7689,921CEA4D,34401
0,0,COM3D2OHx64_Data\sharedassets77.assets,4389,E95F2649,34401
0,0,COM3D2OHx64_Data\sharedassets78.assets,3753,3B0457DC,34401
0,0,COM3D2OHx64_Data\sharedassets79.assets,352924,28C14490,34401
0,0,COM3D2OHx64_Data\sharedassets79.assets.resS,2272064,E37F670D,34401
0,0,COM3D2OHx64_Data\sharedassets79.resource,6236928,E2AEF877,34401
0,0,COM3D2OHx64_Data\sharedassets80.assets,6568072,2AED5E93,34401
0,0,COM3D2OHx64_Data\sharedassets80.assets.resS,10944,57B9B85D,34401
0,0,COM3D2OHx64_Data\sharedassets80.resource,2053248,CCA7A7B1,34401
0,0,COM3D2OHx64_Data\sharedassets81.assets,6525,49BFE503,34401
0,0,COM3D2OHx64_Data\sharedassets82.assets,8985,7D7409F4,34401
0,0,COM3D2OHx64_Data\sharedassets83.assets,5781,6BF9DCEE,34401
0,0,COM3D2OHx64_Data\sharedassets84.assets,5956,7D11AB21,34401
0,0,COM3D2OHx64_Data\sharedassets84.resource,1239072,9EF23F8B,34401
0,0,COM3D2OHx64_Data\sharedassets85.assets,9189,C0EC9679,34401
0,0,COM3D2OHx64_Data\sharedassets86.assets,9045,007BD39F,34401
0,0,COM3D2OHx64_Data\sharedassets87.assets,5721,B8664D6A,34401
0,0,COM3D2OHx64_Data\sharedassets88.assets,9540,4D4EF730,34401
0,0,COM3D2OHx64_Data\sharedassets88.resource,1500320,468304E6,34401
0,0,COM3D2OHx64_Data\sharedassets89.assets,6081,9C8322C2,34401
0,0,COM3D2OHx64_Data\sharedassets90.assets,2853,CF42309D,34401
0,0,COM3D2OHx64_Data\sharedassets91.assets,2853,CF42309D,34401
0,0,COM3D2OHx64_Data\sharedassets92.assets,2769,5E6E5765,34401
0,0,COM3D2OHx64_Data\sharedassets93.assets,2433,F51BCB17,34401
0,0,COM3D2OHx64_Data\sharedassets94.assets,2769,5E6E5765,34401
0,0,COM3D2OHx64_Data\sharedassets95.assets,2865,701EE1F4,34401
0,0,COM3D2OHx64_Data\sharedassets96.assets,2769,5E6E5765,34401
0,0,COM3D2OHx64_Data\sharedassets97.assets,9021,91EBDF1C,34401
0,0,COM3D2OHx64_Data\sharedassets98.assets,5709,316A72FA,34401
0,0,COM3D2OHx64_Data\sharedassets99.assets,393656,677F1B36,34401
0,0,COM3D2OHx64_Data\sharedassets99.assets.resS,2184656,EE6A6E48,34401
0,0,COM3D2OHx64_Data\sharedassets100.assets,5940,7D1C824B,34401
0,0,COM3D2OHx64_Data\sharedassets100.resource,2752064,01AB8E9E,34401
0,0,COM3D2OHx64_Data\sharedassets101.assets,9117,5B9111E1,34401
0,0,COM3D2OHx64_Data\sharedassets102.assets,9105,1723DEFA,34401
0,0,COM3D2OHx64_Data\sharedassets103.assets,5781,CD788EE8,34401
0,0,COM3D2OHx64_Data\sharedassets104.assets,3316,46DC9CEB,34401
0,0,COM3D2OHx64_Data\sharedassets104.resource,6331360,376DAB75,34401
0,0,COM3D2OHx64_Data\sharedassets105.assets,3189,D0668929,34401
0,0,COM3D2OHx64_Data\sharedassets106.assets,83284,FD82C329,34401
0,0,COM3D2OHx64_Data\sharedassets106.resource,8838560,027F254D,34401
0,0,COM3D2OHx64_Data\sharedassets107.assets,4341,F055EB77,34401
0,0,COM3D2OHx64_Data\sharedassets108.assets,7425,813853EA,34401
0,0,COM3D2OHx64_Data\sharedassets109.assets,4233,871B5B27,34401
0,0,COM3D2OHx64_Data\sharedassets110.assets,613456,70173821,34401
0,0,COM3D2OHx64_Data\sharedassets110.assets.resS,6138656,2613FE39,34401
0,0,COM3D2OHx64_Data\sharedassets111.assets,2649,40B34AB7,34401
0,0,COM3D2OHx64_Data\sharedassets112.assets,3213,917CB682,34401
0,0,COM3D2OHx64_Data\sharedassets113.assets,3117,F06EFCFF,34401
0,0,COM3D2OHx64_Data\sharedassets114.assets,3117,F06EFCFF,34401
0,0,COM3D2OHx64_Data\sharedassets115.assets,3117,F06EFCFF,34401
0,0,COM3D2OHx64_Data\sharedassets116.assets,3117,F06EFCFF,34401
0,0,COM3D2OHx64_Data\sharedassets117.assets,3117,F06EFCFF,34401
0,0,COM3D2OHx64_Data\sharedassets118.assets,3117,F06EFCFF,34401
0,0,COM3D2OHx64_Data\sharedassets119.assets,2769,5E6E5765,34401
0,0,COM3D2OHx64_Data\sharedassets120.assets,2769,5E6E5765,34401
0,0,COM3D2OHx64_Data\sharedassets121.assets,2769,5E6E5765,34401
0,0,COM3D2OHx64_Data\sharedassets122.assets,2769,5E6E5765,34401
0,0,COM3D2OHx64_Data\sharedassets123.assets,2769,5E6E5765,34401
0,0,COM3D2OHx64_Data\sharedassets124.assets,2769,5E6E5765,34401
0,0,COM3D2OHx64_Data\sharedassets125.assets,2769,5E6E5765,34401
0,0,COM3D2OHx64_Data\sharedassets126.assets,3117,F06EFCFF,34401
0,0,COM3D2OHx64_Data\sharedassets127.assets,210016,866616C7,34401
0,0,COM3D2OHx64_Data\sharedassets127.assets.resS,174784,F8825DB8,34401
0,0,MonoBleedingEdge\EmbedRuntime\mono-2.0-bdwgc.dll,7895744,19AF8B01,34401
0,0,MonoBleedingEdge\EmbedRuntime\MonoPosixHelper.dll,609472,68524C42,34401
0,0,MonoBleedingEdge\etc\mono\2.0\Browsers\Compat.browser,1605,2E178A0B,34401
0,0,MonoBleedingEdge\etc\mono\2.0\DefaultWsdlHelpGenerator.aspx,60575,95F9D0B4,34401
0,0,MonoBleedingEdge\etc\mono\2.0\machine.config,29066,42543B8B,34401
0,0,MonoBleedingEdge\etc\mono\2.0\settings.map,2622,AD5340F9,34401
0,0,MonoBleedingEdge\etc\mono\2.0\web.config,11635,1A75EBAD,34401
0,0,MonoBleedingEdge\etc\mono\4.0\Browsers\Compat.browser,1605,2E178A0B,34401
0,0,MonoBleedingEdge\etc\mono\4.0\DefaultWsdlHelpGenerator.aspx,60575,95F9D0B4,34401
0,0,MonoBleedingEdge\etc\mono\4.0\machine.config,33598,86F603C4,34401
0,0,MonoBleedingEdge\etc\mono\4.0\settings.map,2622,DC24A240,34401
0,0,MonoBleedingEdge\etc\mono\4.0\web.config,18802,36D8BA3E,34401
0,0,MonoBleedingEdge\etc\mono\4.5\Browsers\Compat.browser,1605,2E178A0B,34401
0,0,MonoBleedingEdge\etc\mono\4.5\DefaultWsdlHelpGenerator.aspx,60575,95F9D0B4,34401
0,0,MonoBleedingEdge\etc\mono\4.5\machine.config,34056,C446A9EB,34401
0,0,MonoBleedingEdge\etc\mono\4.5\settings.map,2622,DC24A240,34401
0,0,MonoBleedingEdge\etc\mono\4.5\web.config,18811,4F48BC13,34401
0,0,MonoBleedingEdge\etc\mono\mconfig\config.xml,25817,80B2033A,34401
0,0,MonoBleedingEdge\etc\mono\browscap.ini,311984,CE6C0AB3,34401
0,0,MonoBleedingEdge\etc\mono\config,3815,88FA6D93,34401
0,0,COM3D2OHx64.exe,666624,38AEADC1,34401
0,0,UnityCrashHandler64.exe,1112768,1C830F9F,34401
0,0,UnityPlayer.dll,30996672,9C9085E6,34401
share,../com3d2data\GameData\cbl\csv_cbl.arc,GameData\csv_cbl.arc,1422372,A8E35E18,24400
share,../com3d2data\GameData\cbl\motion_cbl_omytgc035_2.arc,GameData\motion_cbl_omytgc035_2.arc,626387,97DF9735,24400
share,../com3d2data\GameData\cbl\script_cbl.arc,GameData\script_cbl.arc,7269415,F86E3EF8,24400
share,../com3d2data\GameData\patch\csv.arc,GameData\csv.arc,44841489,508EB1A3,24400
share,../com3d2data\GameData\patch\csv_dance_hhs_2.arc,GameData\csv_dance_hhs_2.arc,818,E0195413,24401
share,../com3d2data\GameData\patch\csv_dance_smt_2.arc,GameData\csv_dance_smt_2.arc,770,6B48DF0B,24401
share,../com3d2data\GameData\patch\csv_dance_sse_2.arc,GameData\csv_dance_sse_2.arc,786,A9BBB348,24401
share,../com3d2data\GameData\patch\parts_dlc363_2.arc,GameData\parts_dlc363_2.arc,11514704,647316E5,24400
share,../com3d2data\GameData\patch\parts2.arc,GameData\parts2.arc,224248176,47C1067E,24400
share,../com3d2data\GameData\patch\paths.dat,GameData\paths.dat,19704,EB710363,24400
share,../com3d2data\GameData\patch\prioritymaterial.arc,GameData\prioritymaterial.arc,867220,0D204E22,24400
share,../com3d2data\GameData\patch\sound_dance_hhs_2.arc,GameData\sound_dance_hhs_2.arc,16074673,9745C9D8,24401
share,../com3d2data\GameData\patch\sound_dance_smt_2.arc,GameData\sound_dance_smt_2.arc,19977815,0A32078B,24401
share,../com3d2data\GameData\patch\sound_dance_sse_2.arc,GameData\sound_dance_sse_2.arc,18108195,40971188,24401
share,../com3d2data\GameData\patch\sound_maidtaisou_2.arc,GameData\sound_maidtaisou_2.arc,7299538,D151932F,24401
share,../com3d2data\GameData\patch\system2.arc,GameData\system2.arc,48370542,A9C0B681,24400
share,../com3d2data\GameData_20\material_cas133_2.arc,GameData_20\material_cas133_2.arc,2546,0E77C955,1744
share,../com3d2data\GameData_20\material_denkigai2021s_2.arc,GameData_20\material_denkigai2021s_2.arc,1730,5A8CFCE7,1744
share,../com3d2data\GameData_20\material_dlc004_2.arc,GameData_20\material_dlc004_2.arc,5042,54116788,1744
share,../com3d2data\GameData_20\material_dlc007_2.arc,GameData_20\material_dlc007_2.arc,5122,7C7A291B,1744
share,../com3d2data\GameData_20\material_dlc326_2.arc,GameData_20\material_dlc326_2.arc,1682,5D16A84A,1744
share,../com3d2data\GameData_20\material_dlc386_2.arc,GameData_20\material_dlc386_2.arc,13250,4D9AA74F,1744
share,../com3d2data\GameData_20\material_dlc414_2.arc,GameData_20\material_dlc414_2.arc,13474,9E58194A,1744
share,../com3d2data\GameData_20\material_dlc427_2.arc,GameData_20\material_dlc427_2.arc,13746,1B72758F,1744
share,../com3d2data\GameData_20\material_dlc437hair_2.arc,GameData_20\material_dlc437hair_2.arc,1746,F7DF6102,1744
share,../com3d2data\GameData_20\material_dlc488_2.arc,GameData_20\material_dlc488_2.arc,1714,1AA5F731,1744
share,../com3d2data\GameData_20\menu_cas133_2.arc,GameData_20\menu_cas133_2.arc,8962,B2C49D27,1744
share,../com3d2data\GameData_20\menu_cas134_2.arc,GameData_20\menu_cas134_2.arc,9090,F8D6780D,1744
share,../com3d2data\GameData_20\menu_dlc004_2.arc,GameData_20\menu_dlc004_2.arc,3362,F70C6943,1744
share,../com3d2data\GameData_20\menu_dlc286_2.arc,GameData_20\menu_dlc286_2.arc,2626,18F6964C,1744
share,../com3d2data\GameData_20\menu_dlc326_2.arc,GameData_20\menu_dlc326_2.arc,1730,625DC929,1744
share,../com3d2data\GameData_20\menu_dlc363_2.arc,GameData_20\menu_dlc363_2.arc,2050,28BB461D,1744
share,../com3d2data\GameData_20\menu_dlc386_2.arc,GameData_20\menu_dlc386_2.arc,8242,43DF28B0,1744
share,../com3d2data\GameData_20\menu_dlc399_2.arc,GameData_20\menu_dlc399_2.arc,1234,9EC7D1A9,1744
share,../com3d2data\GameData_20\menu_dlc414_2.arc,GameData_20\menu_dlc414_2.arc,3666,01397BC6,1744
share,../com3d2data\GameData_20\menu_dlc423_2.arc,GameData_20\menu_dlc423_2.arc,3298,861496D6,1744
share,../com3d2data\GameData_20\menu_dlc487_2.arc,GameData_20\menu_dlc487_2.arc,3266,52969574,1744
share,../com3d2data\GameData_20\menu_dlc526_2.arc,GameData_20\menu_dlc526_2.arc,4258,988E8441,1744
share,../com3d2data\GameData_20\menu_gp001_2.arc,GameData_20\menu_gp001_2.arc,6770,59BE68C7,1744
share,../com3d2data\GameData_20\menu_oldplus009cloth_2.arc,GameData_20\menu_oldplus009cloth_2.arc,9602,4E06F551,1744
share,../com3d2data\GameData_20\menu_personal_om008_2.arc,GameData_20\menu_personal_om008_2.arc,6866,2468F845,1744
share,../com3d2data\GameData_20\model_cas043_2.arc,GameData_20\model_cas043_2.arc,166587,C4122F7E,1744
share,../com3d2data\GameData_20\model_cas056_2.arc,GameData_20\model_cas056_2.arc,515645,4C84558A,1744
share,../com3d2data\GameData_20\model_cas064_2.arc,GameData_20\model_cas064_2.arc,116026,0A8CC175,1744
share,../com3d2data\GameData_20\model_cas099_2.arc,GameData_20\model_cas099_2.arc,120018,F24B9C93,1744
share,../com3d2data\GameData_20\model_cas113_2.arc,GameData_20\model_cas113_2.arc,474721,DDA747D5,1744
share,../com3d2data\GameData_20\model_cas133_2.arc,GameData_20\model_cas133_2.arc,1797049,9CFB4397,1744
share,../com3d2data\GameData_20\model_cw004cloth1_2.arc,GameData_20\model_cw004cloth1_2.arc,877052,EEB61B76,1744
share,../com3d2data\GameData_20\model_cw004cloth3_2.arc,GameData_20\model_cw004cloth3_2.arc,392556,2C567671,1744
share,../com3d2data\GameData_20\model_cw007cloth2_2.arc,GameData_20\model_cw007cloth2_2.arc,198050,99EE2B6C,1744
share,../com3d2data\GameData_20\model_denkigai2020s_2.arc,GameData_20\model_denkigai2020s_2.arc,70702,A7C3EBB2,1744
share,../com3d2data\GameData_20\model_dlc004_2.arc,GameData_20\model_dlc004_2.arc,285512,53E9912D,1744
share,../com3d2data\GameData_20\model_dlc007_2.arc,GameData_20\model_dlc007_2.arc,72986,85596DB7,1744
share,../com3d2data\GameData_20\model_dlc038_2.arc,GameData_20\model_dlc038_2.arc,171553,12426AA2,1744
share,../com3d2data\GameData_20\model_dlc264_2.arc,GameData_20\model_dlc264_2.arc,1284137,3BAA1822,1744
share,../com3d2data\GameData_20\model_dlc314_2.arc,GameData_20\model_dlc314_2.arc,102829,E3EE6B88,1744
share,../com3d2data\GameData_20\model_dlc317_2.arc,GameData_20\model_dlc317_2.arc,4235399,79891393,1744
share,../com3d2data\GameData_20\model_dlc326_2.arc,GameData_20\model_dlc326_2.arc,414866,4374BB67,1744
share,../com3d2data\GameData_20\model_dlc345_2.arc,GameData_20\model_dlc345_2.arc,305873,22B2B3C4,1744
share,../com3d2data\GameData_20\model_dlc363_2.arc,GameData_20\model_dlc363_2.arc,910499,3673CAEF,1744
share,../com3d2data\GameData_20\model_dlc392_2.arc,GameData_20\model_dlc392_2.arc,1183892,E5FCC07F,1744
share,../com3d2data\GameData_20\model_dlc414_2.arc,GameData_20\model_dlc414_2.arc,399533,EA325852,1744
share,../com3d2data\GameData_20\model_dlc423_2.arc,GameData_20\model_dlc423_2.arc,243401,53F93DDE,1744
share,../com3d2data\GameData_20\model_dlc437_2.arc,GameData_20\model_dlc437_2.arc,487721,9BBC736D,1744
share,../com3d2data\GameData_20\model_dlc437hair_2.arc,GameData_20\model_dlc437hair_2.arc,354059,D48CD13B,1744
share,../com3d2data\GameData_20\model_dlc450_2.arc,GameData_20\model_dlc450_2.arc,508820,CFFA2D48,1744
share,../com3d2data\GameData_20\model_dlc451_2.arc,GameData_20\model_dlc451_2.arc,537178,E56CAB81,1744
share,../com3d2data\GameData_20\model_dlc462_2.arc,GameData_20\model_dlc462_2.arc,337274,335419B3,1744
share,../com3d2data\GameData_20\model_dlc466_2.arc,GameData_20\model_dlc466_2.arc,220262,A2895402,1744
share,../com3d2data\GameData_20\model_dlc475_2.arc,GameData_20\model_dlc475_2.arc,1346362,9820A575,1744
share,../com3d2data\GameData_20\model_dlc505_2.arc,GameData_20\model_dlc505_2.arc,114740,AF1B0F13,1744
share,../com3d2data\GameData_20\model_dlc508_2.arc,GameData_20\model_dlc508_2.arc,1171745,91EBD4B1,1744
share,../com3d2data\GameData_20\model_dlc510_2.arc,GameData_20\model_dlc510_2.arc,1798570,28BA1A40,1744
share,../com3d2data\GameData_20\model_dlc513_2.arc,GameData_20\model_dlc513_2.arc,142742,C92F2E78,1744
share,../com3d2data\GameData_20\model_dlc519_2.arc,GameData_20\model_dlc519_2.arc,196088,933B2E23,1744
share,../com3d2data\GameData_20\model_dlc520_2.arc,GameData_20\model_dlc520_2.arc,647048,A82B87A1,1744
share,../com3d2data\GameData_20\model_dlc527_2.arc,GameData_20\model_dlc527_2.arc,263958,D13DC3A3,1744
share,../com3d2data\GameData_20\model_dlc528_2.arc,GameData_20\model_dlc528_2.arc,508021,E5631015,1744
share,../com3d2data\GameData_20\model_dlc536_2.arc,GameData_20\model_dlc536_2.arc,1135095,9F93E2F2,1744
share,../com3d2data\GameData_20\model_personal_om008_2.arc,GameData_20\model_personal_om008_2.arc,219900,95ED3847,1744
share,../com3d2data\GameData_20\paths.dat,GameData_20\paths.dat,15335,2E63AA64,1831
share,../com3d2data\GameData_20\prioritymaterial.arc,GameData_20\prioritymaterial.arc,452595,23992E1F,1831
share,../com3d2data\GameData_20\texture_cas113_2.arc,GameData_20\texture_cas113_2.arc,46625634,E6F2E799,1744
share,../com3d2data\GameData_20\texture_cas139_2.arc,GameData_20\texture_cas139_2.arc,8118853,61331B0E,1744
share,../com3d2data\GameData_20\texture_dlc004_2.arc,GameData_20\texture_dlc004_2.arc,4805793,1C7DB786,1744
share,../com3d2data\GameData_20\texture_dlc363_2.arc,GameData_20\texture_dlc363_2.arc,10910542,60E1B3DE,1744
share,../com3d2data\GameData_20\texture_dlc377_2.arc,GameData_20\texture_dlc377_2.arc,2633123,5A9C0F72,1744
share,../com3d2data\GameData_20\texture_dlc386_2.arc,GameData_20\texture_dlc386_2.arc,1022408,504C11D3,1744
share,../com3d2data\GameData_20\texture_dlc405_2.arc,GameData_20\texture_dlc405_2.arc,4522663,AD657DA6,1744
share,../com3d2data\GameData_20\texture_dlc414_2.arc,GameData_20\texture_dlc414_2.arc,8276290,844E9DDA,1744
share,../com3d2data\GameData_20\texture_dlc437_2.arc,GameData_20\texture_dlc437_2.arc,21879766,37D74A80,1744
share,../com3d2data\GameData_20\texture_dlc475_2.arc,GameData_20\texture_dlc475_2.arc,12536480,61782DA5,1744
share,../com3d2data\GameData_20\texture_dlc526_2.arc,GameData_20\texture_dlc526_2.arc,8210,1462E6A1,1744
share,../com3d2data\GameData_20\texture_dlc536_2.arc,GameData_20\texture_dlc536_2.arc,20742956,B73EA101,1744
