0,0,CM3D2.exe,9558016,7808DA5C,1004
0,0,CM3D2VRx64.exe,14914560,C06F8490,109
0,0,CM3D2VRx64_DirectToRift.exe,185344,1079B543,109
0,0,LICENSE,3453,541AF859,100
0,0,CM3D2VRx64_Data\level0,154392,011D638B,109
0,0,CM3D2VRx64_Data\level1,209944,2EEB1B7E,109
0,0,CM3D2VRx64_Data\level10,140136,8BFD546C,109
0,0,CM3D2VRx64_Data\level11,164480,C336465F,109
0,0,CM3D2VRx64_Data\level12,140136,FBB9C808,109
0,0,CM3D2VRx64_Data\level13,423040,2B87AB3F,109
0,0,CM3D2VRx64_Data\level14,4376,D4D0A5DE,109
0,0,CM3D2VRx64_Data\level15,143200,3FCA228C,109
0,0,CM3D2VRx64_Data\level16,4376,4E98A60C,109
0,0,CM3D2VRx64_Data\level17,140896,A6C2D61E,109
0,0,CM3D2VRx64_Data\level18,193344,3B78E282,109
0,0,CM3D2VRx64_Data\level19,352016,438EF65F,109
0,0,CM3D2VRx64_Data\level2,427688,E49B851F,109
0,0,CM3D2VRx64_Data\level3,475304,6DB09E41,109
0,0,CM3D2VRx64_Data\level4,545960,52117D0B,109
0,0,CM3D2VRx64_Data\level5,140544,3C08BB73,109
0,0,CM3D2VRx64_Data\level6,277168,44F33344,109
0,0,CM3D2VRx64_Data\level7,180968,1F7429C7,109
0,0,CM3D2VRx64_Data\level8,177160,C02A374F,109
0,0,CM3D2VRx64_Data\level9,150152,FD8C1895,109
0,0,CM3D2VRx64_Data\mainData,853032,42099ED9,109
0,0,CM3D2VRx64_Data\OVRAppInfo,21,C45ED86B,109
0,0,CM3D2VRx64_Data\PlayerConnectionConfigFile,21,45424BC8,109
0,0,CM3D2VRx64_Data\resources.assets,211452448,FB13796D,109
0,0,CM3D2VRx64_Data\sharedassets0.assets,236803632,74DF6824,109
0,0,CM3D2VRx64_Data\sharedassets1.assets,6998796,B853C0B1,109
0,0,CM3D2VRx64_Data\sharedassets10.assets,5256,22372EB9,109
0,0,CM3D2VRx64_Data\sharedassets11.assets,466308,89E4093A,109
0,0,CM3D2VRx64_Data\sharedassets12.assets,5280,3FA4DDD8,109
0,0,CM3D2VRx64_Data\sharedassets13.assets,466308,089EE6B3,109
0,0,CM3D2VRx64_Data\sharedassets14.assets,1758656,30CD0957,109
0,0,CM3D2VRx64_Data\sharedassets15.assets,4112,BC649B26,109
0,0,CM3D2VRx64_Data\sharedassets16.assets,4200896,3C7095E7,109
0,0,CM3D2VRx64_Data\sharedassets17.assets,4112,91CEB118,109
0,0,CM3D2VRx64_Data\sharedassets18.assets,5320,935F9612,109
0,0,CM3D2VRx64_Data\sharedassets19.assets,3691748,7C9613F5,109
0,0,CM3D2VRx64_Data\sharedassets2.assets,5612280,448F7440,109
0,0,CM3D2VRx64_Data\sharedassets20.assets,32510400,0855E4A0,109
0,0,CM3D2VRx64_Data\sharedassets20.assets.resS,1857256,5A8E845B,109
0,0,CM3D2VRx64_Data\sharedassets3.assets,13906728,5F7A3883,109
0,0,CM3D2VRx64_Data\sharedassets4.assets,155814788,C67795DC,109
0,0,CM3D2VRx64_Data\sharedassets4.assets.resS,3985350,98874744,109
0,0,CM3D2VRx64_Data\sharedassets5.assets,6952140,F212C12D,109
0,0,CM3D2VRx64_Data\sharedassets6.assets,503336,2E24C95B,109
0,0,CM3D2VRx64_Data\sharedassets7.assets,5456,BA771FF6,109
0,0,CM3D2VRx64_Data\sharedassets8.assets,355444,008488D2,109
0,0,CM3D2VRx64_Data\sharedassets9.assets,11891548,A7C184FD,109
0,0,CM3D2VRx64_Data\Managed\Accessibility.dll,10752,A358E135,109
0,0,CM3D2VRx64_Data\Managed\Assembly-CSharp-firstpass.dll,163328,4BAD368C,109
0,0,CM3D2VRx64_Data\Managed\Assembly-CSharp.dll,1813504,3299E21F,109
0,0,CM3D2VRx64_Data\Managed\Assembly-UnityScript-firstpass.dll,65024,1076D6BC,109
0,0,CM3D2VRx64_Data\Managed\Boo.Lang.dll,126976,B1FDC6B6,109
0,0,CM3D2VRx64_Data\Managed\JsonFx.Json.dll,70144,A0F0CFCB,109
0,0,CM3D2VRx64_Data\Managed\Mono.Data.Tds.dll,96256,DE9FBD55,109
0,0,CM3D2VRx64_Data\Managed\Mono.Posix.dll,184320,A333AAF5,109
0,0,CM3D2VRx64_Data\Managed\Mono.Security.dll,294912,D5BB48FC,109
0,0,CM3D2VRx64_Data\Managed\Mono.WebBrowser.dll,172032,5D310803,109
0,0,CM3D2VRx64_Data\Managed\mscorlib.dll,2590208,5A5FF75C,109
0,0,CM3D2VRx64_Data\Managed\System.Configuration.dll,124928,F88CF714,109
0,0,CM3D2VRx64_Data\Managed\System.Core.dll,300032,0504C277,109
0,0,CM3D2VRx64_Data\Managed\System.Data.dll,856064,1DE4F5EB,109
0,0,CM3D2VRx64_Data\Managed\System.dll,1678848,08B8E16D,109
0,0,CM3D2VRx64_Data\Managed\System.Drawing.Design.dll,29696,E7B53FF9,109
0,0,CM3D2VRx64_Data\Managed\System.Drawing.dll,448512,C4B2E872,109
0,0,CM3D2VRx64_Data\Managed\System.EnterpriseServices.dll,46592,1B56067D,109
0,0,CM3D2VRx64_Data\Managed\System.Security.dll,135168,A9F5B9F1,109
0,0,CM3D2VRx64_Data\Managed\System.Transactions.dll,27648,DE82E2C6,109
0,0,CM3D2VRx64_Data\Managed\System.Windows.Forms.dll,3053568,56394001,109
0,0,CM3D2VRx64_Data\Managed\System.Xml.dll,1270272,BCE39995,109
0,0,CM3D2VRx64_Data\Managed\System.Xml.Linq.dll,106496,1062D683,109
0,0,CM3D2VRx64_Data\Managed\UnityEngine.dll,614912,9B33F0CD,109
0,0,CM3D2VRx64_Data\Managed\UnityEngine.UI.dll,176128,078A6C17,109
0,0,CM3D2VRx64_Data\Managed\UnityScript.Lang.dll,14336,FAB8DDA9,109
0,0,CM3D2VRx64_Data\Mono\mono.dll,2601984,5E0870C0,109
0,0,CM3D2VRx64_Data\Mono\etc\mono\browscap.ini,311984,CE6C0AB3,109
0,0,CM3D2VRx64_Data\Mono\etc\mono\config,1691,A635914A,109
0,0,CM3D2VRx64_Data\Mono\etc\mono\1.0\DefaultWsdlHelpGenerator.aspx,58196,10E814BF,109
0,0,CM3D2VRx64_Data\Mono\etc\mono\1.0\machine.config,17259,82F1AD8B,109
0,0,CM3D2VRx64_Data\Mono\etc\mono\2.0\DefaultWsdlHelpGenerator.aspx,60453,F3869A34,109
0,0,CM3D2VRx64_Data\Mono\etc\mono\2.0\machine.config,27626,4F6C3F79,109
0,0,CM3D2VRx64_Data\Mono\etc\mono\2.0\settings.map,2618,A1A3C29F,109
0,0,CM3D2VRx64_Data\Mono\etc\mono\2.0\web.config,11686,534A9960,109
0,0,CM3D2VRx64_Data\Mono\etc\mono\2.0\Browsers\Compat.browser,1605,2E178A0B,109
0,0,CM3D2VRx64_Data\Mono\etc\mono\mconfig\config.xml,25817,80B2033A,109
0,0,CM3D2VRx64_Data\Plugins\cm3d2_x64.dll,1473536,4677D0C8,109
0,0,CM3D2VRx64_Data\Plugins\device_hook.dll,87552,65F0207E,109
0,0,CM3D2VRx64_Data\Plugins\OculusPlugin.dll,146944,34E75356,109
0,0,CM3D2VRx64_Data\Resources\unity default resources,1571709,31020360,109
0,0,CM3D2VRx64_Data\Resources\unity_builtin_extra,372672,3A678224,109
0,0,GameData\material_vr.arc,1393,E8F3D878,100
0,0,GameData\menu_vr.arc,1262,6510B03E,100
0,0,GameData\model_vr.arc,70824,C9DCB2E5,100
0,0,GameData\texture_vr.arc,470392,5F59D9B6,100
