0,0,COM3D2OHx64_Data\Managed\Assembly-CSharp.dll,5829120,09938BE3,22903
0,0,COM3D2OHx64_Data\Managed\Assembly-CSharp-firstpass.dll,791040,7F1B09B5,22903
0,0,COM3D2OHx64_Data\Managed\Assembly-UnityScript-firstpass.dll,65024,459B709C,22903
0,0,COM3D2OHx64_Data\Plugins\cm3d2.dll,1945600,AB07E108,22903
0,0,COM3D2OH.exe,7248384,E8EFC917,2043
0,0,COM3D2OHx64.exe,22841856,858642A8,22904
share,GameData\patch\csv.arc,GameData\csv.arc,32030974,F9631817,22909
share,GameData\patch\parts_cas036_2.arc,GameData\parts_cas036_2.arc,15703458,BD84A9EE,22903
share,GameData\patch\parts_cas064_2.arc,GameData\parts_cas064_2.arc,121404,465B8C02,22903
share,GameData\patch\parts_cas099_2.arc,GameData\parts_cas099_2.arc,125059,7E933AC6,22903
share,GameData\patch\parts_cres2_2.arc,GameData\parts_cres2_2.arc,35017460,49CFE2EA,22903
share,GameData\patch\parts_dlc475_2.arc,GameData\parts_dlc475_2.arc,13896688,6FE17E99,22903
share,GameData\patch\parts2.arc,GameData\parts2.arc,181812909,3AEAA956,22902
share,GameData\patch\paths.dat,GameData\paths.dat,16335,DE3643FA,22906
share,GameData\patch\prioritymaterial.arc,GameData\prioritymaterial.arc,766237,DFCD2279,22905
share,GameData\patch\system2.arc,GameData\system2.arc,20661264,9953A2DB,22900
share,GameData_20\menu_dlc326_2.arc,GameData_20\menu_dlc326_2.arc,1670,5771A643,1709
share,GameData_20\model_cas036_2.arc,GameData_20\model_cas036_2.arc,1489335,6E729DBD,1709
share,GameData_20\model_cas064_2.arc,GameData_20\model_cas064_2.arc,115977,2CAED863,1709
share,GameData_20\model_cas099_2.arc,GameData_20\model_cas099_2.arc,119969,D53949C8,1709
share,GameData_20\model_dlc009_2.arc,GameData_20\model_dlc009_2.arc,49486,C34F426D,1709
share,GameData_20\model_dlc180_2.arc,GameData_20\model_dlc180_2.arc,782394,8DF14FAA,1709
share,GameData_20\model_dlc475_2.arc,GameData_20\model_dlc475_2.arc,1346312,4FF6E0E7,1709
share,GameData_20\paths.dat,GameData_20\paths.dat,14275,704B2670,1774
share,GameData_20\prioritymaterial.arc,GameData_20\prioritymaterial.arc,412373,56FA9633,1772
share,GameData_20\texture_dlc475_2.arc,GameData_20\texture_dlc475_2.arc,12536415,52B32AF3,1709
