0,0,CM3D2OH.exe,7354368,8AF96CB0,1009
0,0,CM3D2OHx64.exe,20649984,0A92CEB6,1520
0,0,CM3D2OHx64_VR.bat,78,B607902C,1520
0,0,LICENSE,25204,17CCA6C1,1520
0,0,CM3D2OHx64_Data\globalgamemanagers,2027476,907D492B,1520
0,0,CM3D2OHx64_Data\globalgamemanagers.assets,160708,CB5345E9,1520
0,0,CM3D2OHx64_Data\level0,192508,44F59ED8,1520
0,0,CM3D2OHx64_Data\level1,210500,AE4E5AF2,1520
0,0,CM3D2OHx64_Data\level10,551612,72781304,1520
0,0,CM3D2OHx64_Data\level11,4640,0910D6D9,1520
0,0,CM3D2OHx64_Data\level12,195116,2F3BE672,1520
0,0,CM3D2OHx64_Data\level13,4640,28FFBA7C,1520
0,0,CM3D2OHx64_Data\level14,213236,7F3EC8BD,1520
0,0,CM3D2OHx64_Data\level15,313228,C41A5AA1,1520
0,0,CM3D2OHx64_Data\level16,454700,42782222,1520
0,0,CM3D2OHx64_Data\level17,218652,BD40BF1C,1520
0,0,CM3D2OHx64_Data\level18,541108,50E29D7F,1520
0,0,CM3D2OHx64_Data\level19,278612,0D9F2043,1520
0,0,CM3D2OHx64_Data\level2,291988,C0BE64C1,1520
0,0,CM3D2OHx64_Data\level20,663572,53FCC60D,1520
0,0,CM3D2OHx64_Data\level21,1332132,5703E0AD,1520
0,0,CM3D2OHx64_Data\level22,522764,6D842BF1,1520
0,0,CM3D2OHx64_Data\level23,615748,75B8015A,1520
0,0,CM3D2OHx64_Data\level24,846956,8825DCDA,1520
0,0,CM3D2OHx64_Data\level25,707900,60879251,1520
0,0,CM3D2OHx64_Data\level26,555060,70F7B92B,1520
0,0,CM3D2OHx64_Data\level27,830116,01A450A6,1520
0,0,CM3D2OHx64_Data\level28,548228,0AA89FAE,1520
0,0,CM3D2OHx64_Data\level29,770884,3C0DC668,1520
0,0,CM3D2OHx64_Data\level3,600532,A976F34D,1520
0,0,CM3D2OHx64_Data\level30,320852,64E2E5AF,1520
0,0,CM3D2OHx64_Data\level31,27784,BAF15E18,1520
0,0,CM3D2OHx64_Data\level31.resS,131232,DF682E61,1520
0,0,CM3D2OHx64_Data\level32,38492,A5A76836,1520
0,0,CM3D2OHx64_Data\level33,44076,D54C41AB,1520
0,0,CM3D2OHx64_Data\level34,39992,B5D249CE,1520
0,0,CM3D2OHx64_Data\level35,193380,A8CAB547,1520
0,0,CM3D2OHx64_Data\level36,560372,026C9572,1520
0,0,CM3D2OHx64_Data\level4,623620,C9AFB01B,1520
0,0,CM3D2OHx64_Data\level5,193556,8F4BFED0,1520
0,0,CM3D2OHx64_Data\level6,237628,A202A00A,1520
0,0,CM3D2OHx64_Data\level7,193044,7E166142,1520
0,0,CM3D2OHx64_Data\level8,220492,283CBE1E,1520
0,0,CM3D2OHx64_Data\level9,194076,E69A390D,1520
0,0,CM3D2OHx64_Data\resources.assets,276174340,640A259A,1520
0,0,CM3D2OHx64_Data\resources.assets.resS,555073976,391D0739,1520
0,0,CM3D2OHx64_Data\sharedassets0.assets,16483048,F7ED800A,1520
0,0,CM3D2OHx64_Data\sharedassets0.assets.resS,121728032,217CBB40,1520
0,0,CM3D2OHx64_Data\sharedassets1.assets,5920,47A35312,1520
0,0,CM3D2OHx64_Data\sharedassets10.assets,6244,6E006A90,1520
0,0,CM3D2OHx64_Data\sharedassets11.assets,4132,9B36EEE7,1520
0,0,CM3D2OHx64_Data\sharedassets12.assets,5824,70F47874,1520
0,0,CM3D2OHx64_Data\sharedassets13.assets,4132,F156A222,1520
0,0,CM3D2OHx64_Data\sharedassets14.assets,6544,51CFE7AD,1520
0,0,CM3D2OHx64_Data\sharedassets15.assets,5788,991731FC,1520
0,0,CM3D2OHx64_Data\sharedassets16.assets,215280,EEFE17F7,1520
0,0,CM3D2OHx64_Data\sharedassets16.assets.resS,51968,C41BC4E7,1520
0,0,CM3D2OHx64_Data\sharedassets17.assets,5860,ECBFA39A,1520
0,0,CM3D2OHx64_Data\sharedassets18.assets,74160,EDE2C278,1520
0,0,CM3D2OHx64_Data\sharedassets19.assets,6004,184AFFF3,1520
0,0,CM3D2OHx64_Data\sharedassets2.assets,6136,E971B5BE,1520
0,0,CM3D2OHx64_Data\sharedassets20.assets,8128,D41C7CFA,1520
0,0,CM3D2OHx64_Data\sharedassets21.assets,6580,7F00E141,1520
0,0,CM3D2OHx64_Data\sharedassets22.assets,39511712,FAE1159D,1520
0,0,CM3D2OHx64_Data\sharedassets23.assets,67700952,05508FF4,1520
0,0,CM3D2OHx64_Data\sharedassets24.assets,67690184,10B63D97,1520
0,0,CM3D2OHx64_Data\sharedassets25.assets,47233820,0EF96EEE,1520
0,0,CM3D2OHx64_Data\sharedassets25.resource,3813344,7B95E5D4,1520
0,0,CM3D2OHx64_Data\sharedassets26.assets,80174972,A3904635,1520
0,0,CM3D2OHx64_Data\sharedassets27.assets,84139364,AF037425,1520
0,0,CM3D2OHx64_Data\sharedassets28.assets,48988468,742D275A,1520
0,0,CM3D2OHx64_Data\sharedassets29.assets,111395708,064DBE8F,1520
0,0,CM3D2OHx64_Data\sharedassets29.assets.resS,7296672,0E6CF936,1520
0,0,CM3D2OHx64_Data\sharedassets3.assets,1310240,DEBB4E88,1520
0,0,CM3D2OHx64_Data\sharedassets30.assets,55916784,700E486F,1520
0,0,CM3D2OHx64_Data\sharedassets31.assets,27512,697313F1,1520
0,0,CM3D2OHx64_Data\sharedassets31.assets.resS,174776,7D821248,1520
0,0,CM3D2OHx64_Data\sharedassets32.assets,55004,250F7C46,1520
0,0,CM3D2OHx64_Data\sharedassets32.assets.resS,786464,17681AC8,1520
0,0,CM3D2OHx64_Data\sharedassets33.assets,4432,EA970E8E,1520
0,0,CM3D2OHx64_Data\sharedassets34.assets,1032124,9FC09E0D,1520
0,0,CM3D2OHx64_Data\sharedassets34.assets.resS,5417776,A41251E2,1520
0,0,CM3D2OHx64_Data\sharedassets35.assets,5800,179650EE,1520
0,0,CM3D2OHx64_Data\sharedassets36.assets,130769132,F7BC6646,1520
0,0,CM3D2OHx64_Data\sharedassets4.assets,6448,B4C50D77,1520
0,0,CM3D2OHx64_Data\sharedassets5.assets,5788,9F38BC7A,1520
0,0,CM3D2OHx64_Data\sharedassets6.assets,6268,7C055177,1520
0,0,CM3D2OHx64_Data\sharedassets7.assets,5764,A3847D99,1520
0,0,CM3D2OHx64_Data\sharedassets8.assets,5788,CFC6306F,1520
0,0,CM3D2OHx64_Data\sharedassets9.assets,5812,A811BF96,1520
0,0,CM3D2OHx64_Data\Managed\Accessibility.dll,10752,594EE943,1520
0,0,CM3D2OHx64_Data\Managed\Assembly-CSharp-firstpass.dll,778240,4AEBB64E,1520
0,0,CM3D2OHx64_Data\Managed\Assembly-CSharp.dll,3139584,23AADA2F,1520
0,0,CM3D2OHx64_Data\Managed\Assembly-UnityScript-firstpass.dll,65024,D64AD27E,1520
0,0,CM3D2OHx64_Data\Managed\Boo.Lang.dll,126976,9ADD3789,1520
0,0,CM3D2OHx64_Data\Managed\FoveUnityPlugin.dll,28672,A6EA882B,1520
0,0,CM3D2OHx64_Data\Managed\Ionic.Zlib.dll,102400,7C9E7DD2,1520
0,0,CM3D2OHx64_Data\Managed\JsonFx.Json.dll,70144,A0F0CFCB,1520
0,0,CM3D2OHx64_Data\Managed\LeapCSharp.NET3.5.dll,82432,38E38212,1520
0,0,CM3D2OHx64_Data\Managed\Mono.Data.Tds.dll,96256,DDA7BAB7,1520
0,0,CM3D2OHx64_Data\Managed\Mono.Posix.dll,184320,C7063ABB,1520
0,0,CM3D2OHx64_Data\Managed\Mono.Security.dll,294912,8C7E67B3,1520
0,0,CM3D2OHx64_Data\Managed\Mono.WebBrowser.dll,172032,541986C3,1520
0,0,CM3D2OHx64_Data\Managed\mscorlib.dll,2589696,AFA570E5,1520
0,0,CM3D2OHx64_Data\Managed\System.Configuration.dll,124928,D5F2A804,1520
0,0,CM3D2OHx64_Data\Managed\System.Core.dll,297472,BCE2218F,1520
0,0,CM3D2OHx64_Data\Managed\System.Data.dll,856064,F1D38D2E,1520
0,0,CM3D2OHx64_Data\Managed\System.dll,1679360,288F722A,1520
0,0,CM3D2OHx64_Data\Managed\System.Drawing.Design.dll,29696,E7B53FF9,1520
0,0,CM3D2OHx64_Data\Managed\System.Drawing.dll,448512,C4B2E872,1520
0,0,CM3D2OHx64_Data\Managed\System.EnterpriseServices.dll,46592,75A19B93,1520
0,0,CM3D2OHx64_Data\Managed\System.Security.dll,135168,365C74A7,1520
0,0,CM3D2OHx64_Data\Managed\System.Transactions.dll,27648,203D65C1,1520
0,0,CM3D2OHx64_Data\Managed\System.Windows.Forms.dll,3053568,56394001,1520
0,0,CM3D2OHx64_Data\Managed\System.Xml.dll,1270272,9B79033F,1520
0,0,CM3D2OHx64_Data\Managed\System.Xml.Linq.dll,106496,B3ACF139,1520
0,0,CM3D2OHx64_Data\Managed\UnityEngine.dll,972800,B3EB425F,1520
0,0,CM3D2OHx64_Data\Managed\UnityEngine.dll.mdb,353934,02424F6C,1520
0,0,CM3D2OHx64_Data\Managed\UnityEngine.Networking.dll,230912,EBC88F56,1520
0,0,CM3D2OHx64_Data\Managed\UnityEngine.UI.dll,219136,8E43BC11,1520
0,0,CM3D2OHx64_Data\Managed\UnityScript.Lang.dll,14336,13EE284D,1520
0,0,CM3D2OHx64_Data\Managed\zxing.unity.dll,430592,9FD1F198,1520
0,0,CM3D2OHx64_Data\Mono\mono.dll,2612696,2A5A1006,1520
0,0,CM3D2OHx64_Data\Mono\etc\mono\browscap.ini,311984,CE6C0AB3,1520
0,0,CM3D2OHx64_Data\Mono\etc\mono\config,1691,A635914A,1520
0,0,CM3D2OHx64_Data\Mono\etc\mono\1.0\DefaultWsdlHelpGenerator.aspx,58196,10E814BF,1520
0,0,CM3D2OHx64_Data\Mono\etc\mono\1.0\machine.config,17258,EDE1AC59,1520
0,0,CM3D2OHx64_Data\Mono\etc\mono\2.0\DefaultWsdlHelpGenerator.aspx,60453,F3869A34,1520
0,0,CM3D2OHx64_Data\Mono\etc\mono\2.0\machine.config,27625,73C91C24,1520
0,0,CM3D2OHx64_Data\Mono\etc\mono\2.0\settings.map,2618,A1A3C29F,1520
0,0,CM3D2OHx64_Data\Mono\etc\mono\2.0\web.config,11686,534A9960,1520
0,0,CM3D2OHx64_Data\Mono\etc\mono\2.0\Browsers\Compat.browser,1605,2E178A0B,1520
0,0,CM3D2OHx64_Data\Mono\etc\mono\mconfig\config.xml,25817,80B2033A,1520
0,0,CM3D2OHx64_Data\Plugins\AVProVideo.dll,813056,60B54FA5,1520
0,0,CM3D2OHx64_Data\Plugins\cm3d2_hole_x64.dll,339968,09BB14AC,1520
0,0,CM3D2OHx64_Data\Plugins\cm3d2_x64.dll,1545728,44A78F4B,1520
0,0,CM3D2OHx64_Data\Plugins\device_hook.dll,401920,34332562,1520
0,0,CM3D2OHx64_Data\Plugins\FoveClient.dll,1849384,58C8B4F6,1520
0,0,CM3D2OHx64_Data\Plugins\LeapC.dll,2516992,FBDD3767,1520
0,0,CM3D2OHx64_Data\Plugins\openvr_api.dll,318272,44432E0F,1520
0,0,CM3D2OHx64_Data\Plugins\OVRGamepad.dll,12800,2C526135,1520
0,0,CM3D2OHx64_Data\Plugins\OVRPlugin.dll,1894312,38EDD831,1520
0,0,CM3D2OHx64_Data\Resources\unity default resources,1544700,7137E221,1520
0,0,CM3D2OHx64_Data\Resources\unity_builtin_extra,142196,DF9A5755,1520
0,0,GameData\csv_cbl.arc,730228,44F34EB3,1520
0,0,GameData\motion_cbl2.arc,31867576,02479AC9,1520
0,0,GameData\motion_cbl_addpose001.arc,902201,447E5863,1220
0,0,GameData\motion_cbl_pp002_2.arc,62463881,9CEF1E84,1360
0,0,GameData\motion_cbl_vp001_2.arc,141603,80D0D160,1160
0,0,GameData\motion_cbl_ytgc003_2.arc,296091,68096F71,1340
0,0,GameData\motion_cbl_ytgc002_2.arc,2475220,008FABF0,1160
0,0,GameData\script_cbl.arc,3102875,01B602F4,1520
0,0,GameData\script_cbl_addpose001.arc,1219,0C884F57,1220
0,0,GameData\script_cbl_denkigai2016s_2.arc,81434,8C81CD11,1370
0,0,GameData\script_cbl_denkigai2016sSukumizu_2.arc,28002,5783CE35,1370
0,0,GameData\script_cbl_personal001_2.arc,340451,B4150145,1260
0,0,GameData\script_cbl_personal003_2.arc,236357,DDEC86E4,1520
0,0,GameData\script_cbl_personal004_2.arc,3106,D3DBC0BA,1520
0,0,GameData\system_cbl.arc,535,0B028230,1419
0,0,GameData\voice_cbl2.arc,9627083,76D43E7B,1090
0,0,manual\data\005.png,459612,3AF928C5,1170
0,0,manual\data\010.png,800070,5269304C,1170
share,GameData\patch\bg_pp001_2.arc,GameData\bg_pp001_2.arc,1237157,C9D912F7,1220
share,GameData\patch\csv.arc,GameData\csv.arc,3236255,BE4AB36F,1522
share,GameData\patch\csv_addpose001.arc,GameData\csv_addpose001.arc,1235,D06FCA6D,1220
share,GameData\patch\csv_pp001_2.arc,GameData\csv_pp001_2.arc,10034,29181748,1370
share,GameData\patch\csv_pp002_2.arc,GameData\csv_pp002_2.arc,450,65BCF215,1462
share,GameData\patch\csv_urayome001_2.arc,GameData\csv_urayome001_2.arc,1714,1D92B577,1401
share,GameData\patch\csv_vrcom_2.arc,GameData\csv_vrcom_2.arc,5650,BC36D221,1510
share,GameData\patch\csv_vp001_2.arc,GameData\csv_vp001_2.arc,2082,25E58CEB,1160
share,GameData\patch\material2.arc,GameData\material2.arc,214082,9A3968AB,1460
share,GameData\patch\material_denkigai2015s003_2.arc,GameData\material_denkigai2015s003_2.arc,7106,0C82D791,1150
share,GameData\patch\material_denkigai2015wTowelR.arc,GameData\material_denkigai2015wTowelR.arc,1602,618192B9,1360
share,GameData\patch\material_dlc055_2.arc,GameData\material_dlc055_2.arc,5282,11A93109,1280
share,GameData\patch\material_dlsite_2.arc,GameData\material_dlsite_2.arc,1762,C5A837EA,1150
share,GameData\patch\material_shop001_2.arc,GameData\material_shop001_2.arc,1762,D98CED1C,1150
share,GameData\patch\material_shop002_2.arc,GameData\material_shop002_2.arc,1762,956BB00E,1150
share,GameData\patch\material_shop003_2.arc,GameData\material_shop003_2.arc,1762,38CEBFF2,1150
share,GameData\patch\material_shop005_2.arc,GameData\material_shop005_2.arc,1714,3E621A32,1150
share,GameData\patch\material_shop007_2.arc,GameData\material_shop007_2.arc,2578,C8CE627C,1150
share,GameData\patch\material_vp001_2.arc,GameData\material_vp001_2.arc,11890,8CB043B0,1400
share,GameData\patch\material_yomeido003_2.arc,GameData\material_yomeido003_2.arc,1522,0689A7AC,1240
share,GameData\patch\menu2.arc,GameData\menu2.arc,230858,41CD9F15,1460
share,GameData\patch\menu_denkigai2015s001_2.arc,GameData\menu_denkigai2015s001_2.arc,6594,8B3E849F,1160
share,GameData\patch\menu_denkigai2015s003_2.arc,GameData\menu_denkigai2015s003_2.arc,4338,D294CE88,1150
share,GameData\patch\menu_denkigai2015wTowelR.arc,GameData\menu_denkigai2015wTowelR.arc,1282,CECEE1FC,1360
share,GameData\patch\menu_denkigai2016s_2.arc,GameData\menu_denkigai2016s_2.arc,1346,4A9440B1,1351
share,GameData\patch\menu_denkigai2016w_2.arc,GameData\menu_denkigai2016w_2.arc,15154,C8D64D3B,1450
share,GameData\patch\menu_dlcdenkigai2016w_2.arc,GameData\menu_dlcdenkigai2016w_2.arc,13522,45E7F667,1450
share,GameData\patch\menu_dlc026_2.arc,GameData\menu_dlc026_2.arc,3778,69453D54,1190
share,GameData\patch\menu_dlc028_2.arc,GameData\menu_dlc028_2.arc,3874,DE3F1C31,1200
share,GameData\patch\menu_dlc041_2.arc,GameData\menu_dlc041_2.arc,6786,97F738D3,1380
share,GameData\patch\menu_dlc042_2.arc,GameData\menu_dlc042_2.arc,1154,EE4016C0,1440
share,GameData\patch\menu_dlc049_2.arc,GameData\menu_dlc049_2.arc,3106,E30D6F4C,1522
share,GameData\patch\menu_dlc061_2.arc,GameData\menu_dlc061_2.arc,3810,F99C1D4E,1290
share,GameData\patch\menu_dlc065_2.arc,GameData\menu_dlc065_2.arc,7602,D9387834,1380
share,GameData\patch\menu_dlc074_2.arc,GameData\menu_dlc074_2.arc,5618,24C559D7,1312
share,GameData\patch\menu_dlc100_2.arc,GameData\menu_dlc100_2.arc,1250,DFF94E9A,1400
share,GameData\patch\menu_dlc101_2.arc,GameData\menu_dlc101_2.arc,1218,44DB4049,1481
share,GameData\patch\menu_dlsite_2.arc,GameData\menu_dlsite_2.arc,1954,B2268BA7,1150
share,GameData\patch\menu_kissevent2017march.arc,GameData\menu_kissevent2017march.arc,281,FF4EEB9B,1522
share,GameData\patch\menu_kissevent2017march_2.arc,GameData\menu_kissevent2017march_2.arc,106629,421A1F33,1522
share,GameData\patch\menu_magazine002_2.arc,GameData\menu_magazine002_2.arc,12498,691C1126,1471
share,GameData\patch\menu_personal002_2.arc,GameData\menu_personal002_2.arc,1282,5687650C,1310
share,GameData\patch\menu_shop001_2.arc,GameData\menu_shop001_2.arc,3314,35207C87,1150
share,GameData\patch\menu_shop005_2.arc,GameData\menu_shop005_2.arc,1378,0C9AF725,1150
share,GameData\patch\menu_vp001_2.arc,GameData\menu_vp001_2.arc,19138,7C7AFD9C,1400
share,GameData\patch\menu_yomeido003_2.arc,GameData\menu_yomeido003_2.arc,1234,4D6F619D,1240
share,GameData\patch\menu_yomeidogp_wedding_2.arc,GameData\menu_yomeidogp_wedding_2.arc,3954,C251B12C,1320
share,GameData\patch\model2.arc,GameData\model2.arc,12337467,EC8FFA97,1460
share,GameData\patch\model_denkigai2015s003_2.arc,GameData\model_denkigai2015s003_2.arc,394665,41A48185,1150
share,GameData\patch\model_denkigai2015wTowelR.arc,GameData\model_denkigai2015wTowelR.arc,38258,FB570A24,1360
share,GameData\patch\model_dlc005_2.arc,GameData\model_dlc005_2.arc,175424,F7DD7D82,1270
share,GameData\patch\model_dlc046_2.arc,GameData\model_dlc046_2.arc,155690,83B34173,1220
share,GameData\patch\model_dlc073_2.arc,GameData\model_dlc073_2.arc,267037,47D33A06,1320
share,GameData\patch\model_dlc100_2.arc,GameData\model_dlc100_2.arc,691347,7C3D679D,1400
share,GameData\patch\model_dlc109_2.arc,GameData\model_dlc109_2.arc,137998,8FCCF513,1460
share,GameData\patch\model_dlc151_2.arc,GameData\model_dlc151_2.arc,213532,8C3C80C3,1520
share,GameData\patch\model_dlsite_2.arc,GameData\model_dlsite_2.arc,197173,24366C43,1150
share,GameData\patch\model_shop001_2.arc,GameData\model_shop001_2.arc,115215,9C941FAF,1150
share,GameData\patch\model_shop002_2.arc,GameData\model_shop002_2.arc,251253,743C3D97,1150
share,GameData\patch\model_shop003_2.arc,GameData\model_shop003_2.arc,185433,A15EC70A,1150
share,GameData\patch\model_shop005_2.arc,GameData\model_shop005_2.arc,150103,FB5341FA,1150
share,GameData\patch\model_shop007_2.arc,GameData\model_shop007_2.arc,288759,80615CBD,1150
share,GameData\patch\model_vp001_2.arc,GameData\model_vp001_2.arc,647957,D68B5D2F,1400
share,GameData\patch\paths.dat,GameData\paths.dat,4204,95591387,1520
share,GameData\patch\prioritymaterial.arc,GameData\prioritymaterial.arc,178007,273B2FF7,1520
share,GameData\patch\sound2.arc,GameData\sound2.arc,12751123,D3C5ED01,1490
share,GameData\patch\script_share_vrcom_2.arc,GameData\script_share_vrcom_2.arc,27842,6DA46AC8,1500
share,GameData\patch\texture3.arc,GameData\texture3.arc,10035227,7C463DAB,1460
share,GameData\patch\texture_addpose001.arc,GameData\texture_addpose001.arc,23943,1D529A44,1220
share,GameData\patch\texture_denkigai2015wTowelR.arc,GameData\texture_denkigai2015wTowelR.arc,133065,FE4BDC34,1360
share,GameData\patch\texture_denkigai2016w_2.arc,GameData\texture_denkigai2016w_2.arc,10105247,3B4641C3,1450
share,GameData\patch\texture_dlcdenkigai2016w_2.arc,GameData\texture_dlcdenkigai2016w_2.arc,10105332,90868016,1450
share,GameData\patch\texture_kissevent2017march.arc,GameData\texture_kissevent2017march.arc,281,FF4EEB9B,1522
share,GameData\patch\texture_kissevent2017march_2.arc,GameData\texture_kissevent2017march_2.arc,79432605,C1FCD24F,1522
share,GameData\patch\texture_dlc004_2.arc,GameData\texture_dlc004_2.arc,4805734,C8E5CFB4,1200
share,GameData\patch\texture_dlc046_2.arc,GameData\texture_dlc046_2.arc,596960,FC606BA5,1220
share,GameData\patch\texture_vp001_2.arc,GameData\texture_vp001_2.arc,755269,18D5027D,1400
share,GameData\patch\texture_yomeido003_2.arc,GameData\texture_yomeido003_2.arc,117248,0EE72B42,1240
share,GameData\patch\material_vr.arc,GameData\material_vr.arc,6184,D2EAFD73,130
share,GameData\patch\menu_vr.arc,GameData\menu_vr.arc,3407,D3B43CF5,130
share,GameData\patch\model_vr.arc,GameData\model_vr.arc,866449,B84B7620,130
share,GameData\patch\texture_vr.arc,GameData\texture_vr.arc,1111256,DF651968,130
share,PhotoModeData\Mod\Motion\readme.txt,PhotoModeData\Mod\Motion\readme.txt,146,3BF5AF4D,1220
share,Preset\8_ren_1_yosiko.preset,Preset\8_ren_1_yosiko.preset,55432,D54FD70C,1220
share,Preset\8_ren_2_ayumi.preset,Preset\8_ren_2_ayumi.preset,51097,3C44F9DB,1220
share,Preset\8_ren_3_sakura.preset,Preset\8_ren_3_sakura.preset,52635,33F54D90,1220
share,Preset\8_ren_4_ai.preset,Preset\8_ren_4_ai.preset,46819,9B6E5960,1220
