0,0,COM3D2.exe,6649856,DF89D8A8,2006
0,0,COM3D2x64.exe,22841856,A9562BF9,1080
0,0,COM3D2x64_Data\app.info,27,F9A266E7,1540
0,0,COM3D2x64_Data\globalgamemanagers,4478828,C7602D83,1540
0,0,COM3D2x64_Data\globalgamemanagers.assets,244036,69579B15,1540
0,0,COM3D2x64_Data\level0,325508,4C54828A,1540
0,0,COM3D2x64_Data\level1,348652,19F998FE,1540
0,0,COM3D2x64_Data\level10,352364,067B146D,1540
0,0,COM3D2x64_Data\level100,1030260,C2DF84B0,1540
0,0,COM3D2x64_Data\level101,1693604,01ACFD3A,1540
0,0,COM3D2x64_Data\level102,1644676,B8C365D6,1540
0,0,COM3D2x64_Data\level103,1113452,474FE5F7,1540
0,0,COM3D2x64_Data\level104,1057124,B0EA2FCC,1540
0,0,COM3D2x64_Data\level105,1512580,5B0A4F25,1540
0,0,COM3D2x64_Data\level106,1611508,8154333E,1540
0,0,COM3D2x64_Data\level107,1055020,97506C48,1540
0,0,COM3D2x64_Data\level108,970564,CC6C38E3,1540
0,0,COM3D2x64_Data\level109,1679516,167D5605,1540
0,0,COM3D2x64_Data\level11,326020,A82E8296,1540
0,0,COM3D2x64_Data\level110,1576324,AC6DBC28,1540
0,0,COM3D2x64_Data\level111,468060,935360B4,1540
0,0,COM3D2x64_Data\level112,487836,75291A25,1540
0,0,COM3D2x64_Data\level113,576324,60959993,1540
0,0,COM3D2x64_Data\level114,535436,48BAA4B2,1540
0,0,COM3D2x64_Data\level114.resS,131232,9337BCA3,1540
0,0,COM3D2x64_Data\level115,463116,47B33111,1540
0,0,COM3D2x64_Data\level116,562332,CBF5629D,1540
0,0,COM3D2x64_Data\level117,486436,81E4CF38,1540
0,0,COM3D2x64_Data\level118,1399940,2F0DCEE0,1540
0,0,COM3D2x64_Data\level119,1476788,FAD74985,1540
0,0,COM3D2x64_Data\level12,393468,A3860623,1540
0,0,COM3D2x64_Data\level120,1304892,0A23389D,1540
0,0,COM3D2x64_Data\level121,1135908,C0253C71,1540
0,0,COM3D2x64_Data\level122,1223348,27DA358B,1540
0,0,COM3D2x64_Data\level13,329132,33D5DF53,1540
0,0,COM3D2x64_Data\level14,825644,94AE4C2B,1540
0,0,COM3D2x64_Data\level15,7476,051DB040,1540
0,0,COM3D2x64_Data\level16,327964,369A678C,1540
0,0,COM3D2x64_Data\level17,4664,A78D5E5E,1540
0,0,COM3D2x64_Data\level18,344652,BBB48735,1540
0,0,COM3D2x64_Data\level19,334348,B114BB96,1540
0,0,COM3D2x64_Data\level2,343484,7949EF0B,1540
0,0,COM3D2x64_Data\level20,955516,6A7483A4,1540
0,0,COM3D2x64_Data\level21,427172,F414FC80,1540
0,0,COM3D2x64_Data\level22,1085156,3A72E510,1540
0,0,COM3D2x64_Data\level23,410652,6FE75679,1540
0,0,COM3D2x64_Data\level24,680988,AF6B6434,1540
0,0,COM3D2x64_Data\level25,347988,C2E1E5E9,1540
0,0,COM3D2x64_Data\level26,2187804,C8387DAE,1540
0,0,COM3D2x64_Data\level27,1115164,EAEE14F5,1540
0,0,COM3D2x64_Data\level28,347988,B0216BDC,1540
0,0,COM3D2x64_Data\level29,1088436,C34BD670,1540
0,0,COM3D2x64_Data\level3,1203556,E32AD9C5,1540
0,0,COM3D2x64_Data\level30,340612,5528B86D,1540
0,0,COM3D2x64_Data\level31,447724,E971E115,1540
0,0,COM3D2x64_Data\level32,27904,A977204E,1540
0,0,COM3D2x64_Data\level32.resS,131232,851AC384,1540
0,0,COM3D2x64_Data\level33,51676,9D552EAD,1540
0,0,COM3D2x64_Data\level34,56036,5C74EACF,1540
0,0,COM3D2x64_Data\level35,6832,306C6B75,1540
0,0,COM3D2x64_Data\level36,326412,6EA20277,1540
0,0,COM3D2x64_Data\level37,1576484,72A125B2,1540
0,0,COM3D2x64_Data\level38,1433116,A1B6F38C,1540
0,0,COM3D2x64_Data\level39,1454716,3E1F81C7,1540
0,0,COM3D2x64_Data\level4,1212980,80380495,1540
0,0,COM3D2x64_Data\level40,444068,7474F114,1540
0,0,COM3D2x64_Data\level41,395436,61B73F19,1540
0,0,COM3D2x64_Data\level42,426596,5840AD45,1540
0,0,COM3D2x64_Data\level43,1349948,1FFA38D9,1540
0,0,COM3D2x64_Data\level44,1414404,919DBBDA,1540
0,0,COM3D2x64_Data\level45,1539828,EB79FB67,1540
0,0,COM3D2x64_Data\level46,414036,9B022500,1540
0,0,COM3D2x64_Data\level47,381132,CA4B9A84,1540
0,0,COM3D2x64_Data\level48,439500,511F0F0C,1540
0,0,COM3D2x64_Data\level49,396724,C0351955,1540
0,0,COM3D2x64_Data\level5,1301092,4E4A15AB,1540
0,0,COM3D2x64_Data\level50,1374852,6B30F0EB,1540
0,0,COM3D2x64_Data\level51,381284,EF9E7E67,1540
0,0,COM3D2x64_Data\level52,659484,C396C781,1540
0,0,COM3D2x64_Data\level53,537868,D50328BD,1540
0,0,COM3D2x64_Data\level54,349900,CA4B42B4,1540
0,0,COM3D2x64_Data\level55,1276812,5470F1F3,1540
0,0,COM3D2x64_Data\level56,1027436,36F595C7,1540
0,0,COM3D2x64_Data\level57,1034676,CE8291EF,1540
0,0,COM3D2x64_Data\level58,1276812,90643B05,1540
0,0,COM3D2x64_Data\level59,1157372,2C1703DA,1540
0,0,COM3D2x64_Data\level6,327004,FA3A6436,1540
0,0,COM3D2x64_Data\level60,945988,263DDB16,1540
0,0,COM3D2x64_Data\level61,1232380,BE0CD7D5,1540
0,0,COM3D2x64_Data\level62,1333396,7F994B9B,1540
0,0,COM3D2x64_Data\level63,681380,08DCB87C,1540
0,0,COM3D2x64_Data\level64,918204,39C5DE1D,1540
0,0,COM3D2x64_Data\level65,401340,A9C40196,1540
0,0,COM3D2x64_Data\level66,397708,431C5087,1540
0,0,COM3D2x64_Data\level67,441420,E82E2C75,1540
0,0,COM3D2x64_Data\level68,463548,AB335ED0,1540
0,0,COM3D2x64_Data\level69,391948,F393DDDA,1540
0,0,COM3D2x64_Data\level7,1057044,24DB68D6,1540
0,0,COM3D2x64_Data\level70,451908,E77A0699,1540
0,0,COM3D2x64_Data\level71,1040348,F8DD9BB4,1540
0,0,COM3D2x64_Data\level72,964748,3492970C,1540
0,0,COM3D2x64_Data\level73,444628,CACC47FC,1540
0,0,COM3D2x64_Data\level74,466772,3C4E3BC6,1540
0,0,COM3D2x64_Data\level75,457356,2530978F,1540
0,0,COM3D2x64_Data\level76,1044756,F5F9E5AB,1540
0,0,COM3D2x64_Data\level77,1005028,58C41363,1540
0,0,COM3D2x64_Data\level78,450404,DF1A8719,1540
0,0,COM3D2x64_Data\level79,434924,191ADBA8,1540
0,0,COM3D2x64_Data\level8,357876,3B2BC598,1540
0,0,COM3D2x64_Data\level80,416596,568CD9E2,1540
0,0,COM3D2x64_Data\level81,359636,28734BAE,1540
0,0,COM3D2x64_Data\level82,1384148,40A443C6,1540
0,0,COM3D2x64_Data\level83,1324900,892E368F,1540
0,0,COM3D2x64_Data\level84,503420,1C7D4D32,1540
0,0,COM3D2x64_Data\level85,405524,2334DBDD,1540
0,0,COM3D2x64_Data\level86,1252916,0A3AD454,1540
0,0,COM3D2x64_Data\level87,970748,A9E85487,1540
0,0,COM3D2x64_Data\level88,1429220,F61E6A77,1540
0,0,COM3D2x64_Data\level89,1370372,AB2C3C80,1540
0,0,COM3D2x64_Data\level9,417164,7DF0550C,1540
0,0,COM3D2x64_Data\level90,1576492,3C9C6F86,1540
0,0,COM3D2x64_Data\level91,1539836,6E49C1BE,1540
0,0,COM3D2x64_Data\level92,1371524,F09E7BFE,1540
0,0,COM3D2x64_Data\level93,1337468,056E1918,1540
0,0,COM3D2x64_Data\level94,418132,5C64EE02,1540
0,0,COM3D2x64_Data\level95,406748,9AEB6B96,1540
0,0,COM3D2x64_Data\level96,1050628,DC37D4A1,1540
0,0,COM3D2x64_Data\level97,851916,86CCC77F,1540
0,0,COM3D2x64_Data\level98,958684,D1B9732D,1540
0,0,COM3D2x64_Data\level99,852876,46292DBF,1540
0,0,COM3D2x64_Data\resources.assets,429047096,9328839D,1540
0,0,COM3D2x64_Data\resources.assets.resS,1797143572,54370440,1540
0,0,COM3D2x64_Data\resources.resource,727392,54F90BDA,1540
0,0,COM3D2x64_Data\sharedassets0.assets,115226516,F3F097DF,1540
0,0,COM3D2x64_Data\sharedassets0.assets.resS,28071636,A1AB9432,1540
0,0,COM3D2x64_Data\sharedassets1.assets,6256,089ED630,1540
0,0,COM3D2x64_Data\sharedassets10.assets,6112,945D7F0D,1540
0,0,COM3D2x64_Data\sharedassets100.assets,353884,B157257D,1540
0,0,COM3D2x64_Data\sharedassets100.assets.resS,2272048,E50143CB,1540
0,0,COM3D2x64_Data\sharedassets100.resource,6236800,C7E9CFDE,1540
0,0,COM3D2x64_Data\sharedassets101.assets,6568304,A766AE8D,1540
0,0,COM3D2x64_Data\sharedassets101.assets.resS,10936,3B0D7ADF,1540
0,0,COM3D2x64_Data\sharedassets101.resource,1136352,956B5452,1540
0,0,COM3D2x64_Data\sharedassets102.assets,10252,3759D39B,1540
0,0,COM3D2x64_Data\sharedassets103.assets,12796,BF6FDDFA,1540
0,0,COM3D2x64_Data\sharedassets104.assets,9592,AC0E9790,1540
0,0,COM3D2x64_Data\sharedassets105.assets,9716,17BB9E8C,1540
0,0,COM3D2x64_Data\sharedassets105.resource,1003968,52A085C2,1540
0,0,COM3D2x64_Data\sharedassets106.assets,12916,BFDF2E8A,1540
0,0,COM3D2x64_Data\sharedassets107.assets,12856,C95AF213,1540
0,0,COM3D2x64_Data\sharedassets108.assets,9532,2EA5BF35,1540
0,0,COM3D2x64_Data\sharedassets109.assets,13300,97B859F1,1540
0,0,COM3D2x64_Data\sharedassets109.resource,1166848,2709F6C2,1540
0,0,COM3D2x64_Data\sharedassets11.assets,6088,8C8A0B28,1540
0,0,COM3D2x64_Data\sharedassets110.assets,9844,F80DFD21,1540
0,0,COM3D2x64_Data\sharedassets111.assets,6652,F7039C95,1540
0,0,COM3D2x64_Data\sharedassets112.assets,6652,F7039C95,1540
0,0,COM3D2x64_Data\sharedassets113.assets,6616,36622717,1540
0,0,COM3D2x64_Data\sharedassets114.assets,6340,9A9FFC39,1540
0,0,COM3D2x64_Data\sharedassets115.assets,6616,36622717,1540
0,0,COM3D2x64_Data\sharedassets116.assets,6712,ABE9290A,1540
0,0,COM3D2x64_Data\sharedassets117.assets,6616,36622717,1540
0,0,COM3D2x64_Data\sharedassets118.assets,153076520,718527B2,1540
0,0,COM3D2x64_Data\sharedassets119.assets,9520,13889F07,1540
0,0,COM3D2x64_Data\sharedassets12.assets,6328,AB2E0F23,1540
0,0,COM3D2x64_Data\sharedassets120.assets,394864,5AB363BE,1540
0,0,COM3D2x64_Data\sharedassets120.assets.resS,2184640,DF887086,1540
0,0,COM3D2x64_Data\sharedassets121.assets,9700,8FB7B739,1540
0,0,COM3D2x64_Data\sharedassets121.resource,2751968,AE761A89,1540
0,0,COM3D2x64_Data\sharedassets122.assets,12844,8EB661FC,1540
0,0,COM3D2x64_Data\sharedassets13.assets,6232,F7D27D29,1540
0,0,COM3D2x64_Data\sharedassets14.assets,6688,36FD40E7,1540
0,0,COM3D2x64_Data\sharedassets15.assets,4564,2A991DA6,1540
0,0,COM3D2x64_Data\sharedassets16.assets,6148,9AED53D1,1540
0,0,COM3D2x64_Data\sharedassets17.assets,4132,DDFC4326,1540
0,0,COM3D2x64_Data\sharedassets18.assets,6868,606DCEAE,1540
0,0,COM3D2x64_Data\sharedassets19.assets,6232,772FAFF3,1540
0,0,COM3D2x64_Data\sharedassets2.assets,6292,28A9A7AD,1540
0,0,COM3D2x64_Data\sharedassets20.assets,30936236,3C3CF011,1540
0,0,COM3D2x64_Data\sharedassets21.assets,6292,3E81F283,1540
0,0,COM3D2x64_Data\sharedassets22.assets,48052092,A29A17E5,1540
0,0,COM3D2x64_Data\sharedassets23.assets,6316,1F3BAF59,1540
0,0,COM3D2x64_Data\sharedassets24.assets,6376,6C35CF33,1540
0,0,COM3D2x64_Data\sharedassets25.assets,6184,99A488BB,1540
0,0,COM3D2x64_Data\sharedassets26.assets,7096,3832CF8F,1540
0,0,COM3D2x64_Data\sharedassets27.assets,39516308,638BB8EE,1540
0,0,COM3D2x64_Data\sharedassets28.assets,6184,62FD9262,1540
0,0,COM3D2x64_Data\sharedassets29.assets,12664,D9F001D2,1540
0,0,COM3D2x64_Data\sharedassets3.assets,7972,51E6DDEB,1540
0,0,COM3D2x64_Data\sharedassets30.assets,6112,57BCE6E3,1540
0,0,COM3D2x64_Data\sharedassets31.assets,18126856,7612F659,1540
0,0,COM3D2x64_Data\sharedassets32.assets,12328,FCF71509,1540
0,0,COM3D2x64_Data\sharedassets33.assets,4420,8387DA33,1540
0,0,COM3D2x64_Data\sharedassets34.assets,4324,7DCBA37C,1540
0,0,COM3D2x64_Data\sharedassets35.assets,4264,5CA55EFF,1540
0,0,COM3D2x64_Data\sharedassets36.assets,6124,CFC00234,1540
0,0,COM3D2x64_Data\sharedassets37.assets,145550532,86F51EA3,1540
0,0,COM3D2x64_Data\sharedassets38.assets,135254532,0E536002,1540
0,0,COM3D2x64_Data\sharedassets39.assets,127532532,AA853E8E,1540
0,0,COM3D2x64_Data\sharedassets4.assets,12916,0B7EBEF4,1540
0,0,COM3D2x64_Data\sharedassets40.assets,7228,E3136061,1540
0,0,COM3D2x64_Data\sharedassets41.assets,6976,06E04533,1540
0,0,COM3D2x64_Data\sharedassets42.assets,7252,B92E9AF9,1540
0,0,COM3D2x64_Data\sharedassets43.assets,9388,192BFB96,1540
0,0,COM3D2x64_Data\sharedassets44.assets,9496,FCEBECCB,1540
0,0,COM3D2x64_Data\sharedassets45.assets,9484,0D3380C3,1540
0,0,COM3D2x64_Data\sharedassets46.assets,8524,21F98C8B,1540
0,0,COM3D2x64_Data\sharedassets47.assets,6592,A1D15358,1540
0,0,COM3D2x64_Data\sharedassets48.assets,8332,6978A0A8,1540
0,0,COM3D2x64_Data\sharedassets49.assets,792692,BE5D3797,1540
0,0,COM3D2x64_Data\sharedassets49.assets.resS,6506584,427886ED,1540
0,0,COM3D2x64_Data\sharedassets5.assets,7156,54A04646,1540
0,0,COM3D2x64_Data\sharedassets50.assets,141689532,65D11D6E,1540
0,0,COM3D2x64_Data\sharedassets51.assets,6580,E228A281,1540
0,0,COM3D2x64_Data\sharedassets52.assets,6748,06C721B9,1540
0,0,COM3D2x64_Data\sharedassets53.assets,6520,48D3E99A,1540
0,0,COM3D2x64_Data\sharedassets54.assets,6124,CF56255B,1540
0,0,COM3D2x64_Data\sharedassets55.assets,128819620,E6CBF774,1540
0,0,COM3D2x64_Data\sharedassets56.assets,9256,D532E8B4,1540
0,0,COM3D2x64_Data\sharedassets57.assets,9280,D45CB0E2,1540
0,0,COM3D2x64_Data\sharedassets58.assets,12712,DD5FC5AD,1540
0,0,COM3D2x64_Data\sharedassets59.assets,9484,AB97BE55,1540
0,0,COM3D2x64_Data\sharedassets6.assets,6136,8F25690F,1540
0,0,COM3D2x64_Data\sharedassets60.assets,9292,5B1D5B9A,1540
0,0,COM3D2x64_Data\sharedassets61.assets,9460,4AFC7CB9,1540
0,0,COM3D2x64_Data\sharedassets62.assets,9496,D70F7FEE,1540
0,0,COM3D2x64_Data\sharedassets63.assets,6652,88067760,1540
0,0,COM3D2x64_Data\sharedassets64.assets,9460,F70D6C6A,1540
0,0,COM3D2x64_Data\sharedassets65.assets,42236540,679B03F5,1540
0,0,COM3D2x64_Data\sharedassets65.assets.resS,87400,8BA6C322,1540
0,0,COM3D2x64_Data\sharedassets66.assets,38246508,49E6EA32,1540
0,0,COM3D2x64_Data\sharedassets67.assets,32874604,8ECC8A82,1540
0,0,COM3D2x64_Data\sharedassets68.assets,36735684,5CD0094A,1540
0,0,COM3D2x64_Data\sharedassets68.assets.resS,174776,5B619AF1,1540
0,0,COM3D2x64_Data\sharedassets69.assets,41277360,1125E4DB,1540
0,0,COM3D2x64_Data\sharedassets7.assets,6976,DA6D2EBB,1540
0,0,COM3D2x64_Data\sharedassets70.assets,39399112,8F1B1198,1540
0,0,COM3D2x64_Data\sharedassets71.assets,3017148,62B96291,1540
0,0,COM3D2x64_Data\sharedassets71.assets.resS,611728,7BFBEAAE,1540
0,0,COM3D2x64_Data\sharedassets72.assets,9508,CA8EB540,1540
0,0,COM3D2x64_Data\sharedassets73.assets,6508,96CA8EAB,1540
0,0,COM3D2x64_Data\sharedassets74.assets,6508,96CA8EAB,1540
0,0,COM3D2x64_Data\sharedassets75.assets,6508,96CA8EAB,1540
0,0,COM3D2x64_Data\sharedassets76.assets,12604,0BB7D93E,1540
0,0,COM3D2x64_Data\sharedassets77.assets,9460,30CAC2A3,1540
0,0,COM3D2x64_Data\sharedassets78.assets,6472,1DFE2E37,1540
0,0,COM3D2x64_Data\sharedassets79.assets,59364,FD76FE50,1540
0,0,COM3D2x64_Data\sharedassets79.assets.resS,174776,B51EE5DC,1540
0,0,COM3D2x64_Data\sharedassets8.assets,6136,32904A13,1540
0,0,COM3D2x64_Data\sharedassets80.assets,6484,75EB7E37,1540
0,0,COM3D2x64_Data\sharedassets81.assets,6736,0F4B9243,1540
0,0,COM3D2x64_Data\sharedassets82.assets,759664,26E950C2,1540
0,0,COM3D2x64_Data\sharedassets82.assets.resS,1310880,58801C35,1540
0,0,COM3D2x64_Data\sharedassets82.resource,1178176,90268BF4,1540
0,0,COM3D2x64_Data\sharedassets83.assets,9316,BC565469,1540
0,0,COM3D2x64_Data\sharedassets84.assets,52838324,75B6CDDD,1540
0,0,COM3D2x64_Data\sharedassets84.assets.resS,6226112,B3E98769,1540
0,0,COM3D2x64_Data\sharedassets85.assets,6580,3BF7157A,1540
0,0,COM3D2x64_Data\sharedassets86.assets,13852,03DB944D,1540
0,0,COM3D2x64_Data\sharedassets87.assets,9448,8C299628,1540
0,0,COM3D2x64_Data\sharedassets88.assets,12616,DA32449D,1540
0,0,COM3D2x64_Data\sharedassets89.assets,9436,B8F94734,1540
0,0,COM3D2x64_Data\sharedassets9.assets,7096,F37B6650,1540
0,0,COM3D2x64_Data\sharedassets90.assets,12628,623498B5,1540
0,0,COM3D2x64_Data\sharedassets91.assets,9484,0D3380C3,1540
0,0,COM3D2x64_Data\sharedassets92.assets,12616,DA32449D,1540
0,0,COM3D2x64_Data\sharedassets93.assets,10384,65955BC3,1540
0,0,COM3D2x64_Data\sharedassets94.assets,6868,4DD1FAB9,1540
0,0,COM3D2x64_Data\sharedassets95.assets,6436,CAF68DC9,1540
0,0,COM3D2x64_Data\sharedassets96.assets,11692,DB456B4B,1540
0,0,COM3D2x64_Data\sharedassets96.resource,2729184,2D4064D6,1540
0,0,COM3D2x64_Data\sharedassets97.assets,11560,B0543916,1540
0,0,COM3D2x64_Data\sharedassets98.assets,8296,EE2C1A0A,1540
0,0,COM3D2x64_Data\sharedassets99.assets,7612,12617806,1540
0,0,COM3D2x64_Data\Managed\Accessibility.dll,10752,5CB31E4E,1540
0,0,COM3D2x64_Data\Managed\Assembly-CSharp-firstpass.dll,787456,8BEB5E7A,1540
0,0,COM3D2x64_Data\Managed\Assembly-CSharp.dll,5448704,CE5A760B,1540
0,0,COM3D2x64_Data\Managed\Assembly-UnityScript-firstpass.dll,65024,BF6173B4,1540
0,0,COM3D2x64_Data\Managed\Boo.Lang.dll,126976,28383F70,1540
0,0,COM3D2x64_Data\Managed\BouncyCastle.Crypto.dll,2236416,5A4C4F07,1540
0,0,COM3D2x64_Data\Managed\FoveUnityPlugin.dll,28672,A6EA882B,1540
0,0,COM3D2x64_Data\Managed\ICSharpCode.SharpZipLib.dll,200704,D3160A1C,1540
0,0,COM3D2x64_Data\Managed\Ionic.Zlib.dll,102400,7C9E7DD2,1540
0,0,COM3D2x64_Data\Managed\JsonFx.Json.dll,70144,A0F0CFCB,1540
0,0,COM3D2x64_Data\Managed\LeapCSharp.NET3.5.dll,82432,38E38212,1540
0,0,COM3D2x64_Data\Managed\Mono.Data.Tds.dll,96256,2965324B,1540
0,0,COM3D2x64_Data\Managed\Mono.Posix.dll,184320,0CE35BE3,1540
0,0,COM3D2x64_Data\Managed\Mono.Security.dll,294912,66EB9979,1540
0,0,COM3D2x64_Data\Managed\Mono.WebBrowser.dll,172032,137B736F,1540
0,0,COM3D2x64_Data\Managed\mscorlib.dll,2590208,5166389B,1540
0,0,COM3D2x64_Data\Managed\Newtonsoft.Json.dll,494592,5C881B73,1540
0,0,COM3D2x64_Data\Managed\System.Configuration.dll,124928,72952344,1540
0,0,COM3D2x64_Data\Managed\System.Core.dll,297472,9E3EE5D7,1540
0,0,COM3D2x64_Data\Managed\System.Data.dll,856064,DDDB80CD,1540
0,0,COM3D2x64_Data\Managed\System.dll,1679360,13922617,1540
0,0,COM3D2x64_Data\Managed\System.Drawing.Design.dll,29696,E7B53FF9,1540
0,0,COM3D2x64_Data\Managed\System.Drawing.dll,448512,C4B2E872,1540
0,0,COM3D2x64_Data\Managed\System.EnterpriseServices.dll,46592,2C72A9FE,1540
0,0,COM3D2x64_Data\Managed\System.Security.dll,135168,1CE94C57,1540
0,0,COM3D2x64_Data\Managed\System.Transactions.dll,27648,45299FCF,1540
0,0,COM3D2x64_Data\Managed\System.Windows.Forms.dll,3053568,56394001,1540
0,0,COM3D2x64_Data\Managed\System.Xml.dll,1270272,4581A35B,1540
0,0,COM3D2x64_Data\Managed\System.Xml.Linq.dll,106496,E844371C,1540
0,0,COM3D2x64_Data\Managed\UnityEngine.dll,1393152,2C35388C,1540
0,0,COM3D2x64_Data\Managed\UnityEngine.dll.mdb,449828,8610375E,1540
0,0,COM3D2x64_Data\Managed\UnityEngine.Networking.dll,253952,2BDF701F,1540
0,0,COM3D2x64_Data\Managed\UnityEngine.UI.dll,245760,FA552B2D,1540
0,0,COM3D2x64_Data\Managed\UnityEngine.VR.dll,3072,A4582CD6,1540
0,0,COM3D2x64_Data\Managed\UnityScript.Lang.dll,13824,0DA8F681,1540
0,0,COM3D2x64_Data\Managed\Win32.dll,13312,7781C2A2,1540
0,0,COM3D2x64_Data\Managed\zxing.unity.dll,430592,9FD1F198,1540
0,0,COM3D2x64_Data\Mono\mono.dll,2618816,0BEA8C0F,1540
0,0,COM3D2x64_Data\Mono\MonoPosixHelper.dll,113664,9B5E1E4D,1540
0,0,COM3D2x64_Data\Mono\etc\mono\browscap.ini,311984,CE6C0AB3,1540
0,0,COM3D2x64_Data\Mono\etc\mono\config,1691,A635914A,1540
0,0,COM3D2x64_Data\Mono\etc\mono\1.0\DefaultWsdlHelpGenerator.aspx,58196,10E814BF,1540
0,0,COM3D2x64_Data\Mono\etc\mono\1.0\machine.config,17258,EDE1AC59,1540
0,0,COM3D2x64_Data\Mono\etc\mono\2.0\DefaultWsdlHelpGenerator.aspx,60453,F3869A34,1540
0,0,COM3D2x64_Data\Mono\etc\mono\2.0\machine.config,27625,73C91C24,1540
0,0,COM3D2x64_Data\Mono\etc\mono\2.0\settings.map,2618,A1A3C29F,1540
0,0,COM3D2x64_Data\Mono\etc\mono\2.0\web.config,11686,534A9960,1540
0,0,COM3D2x64_Data\Mono\etc\mono\2.0\Browsers\Compat.browser,1605,2E178A0B,1540
0,0,COM3D2x64_Data\Mono\etc\mono\mconfig\config.xml,25817,80B2033A,1540
0,0,COM3D2x64_Data\Plugins\assimp.dll,4388864,7C910D84,1540
0,0,COM3D2x64_Data\Plugins\Audio360.dll,1499136,2D77400A,1540
0,0,COM3D2x64_Data\Plugins\AVProVideo.dll,891392,A3612D4B,1540
0,0,COM3D2x64_Data\Plugins\clothpp.dll,112128,7C3264A4,1540
0,0,COM3D2x64_Data\Plugins\cm3d2.dll,2082304,3263084E,1540
0,0,COM3D2x64_Data\Plugins\device_hook.dll,738816,F61E7CED,1540
0,0,COM3D2x64_Data\Plugins\FbxExporterCore.dll,12491776,CBAA51C1,1540
0,0,COM3D2x64_Data\Plugins\FoveClient.dll,1849384,58C8B4F6,1540
0,0,COM3D2x64_Data\Plugins\LeapC.dll,2516992,FBDD3767,1540
0,0,COM3D2x64_Data\Plugins\openvr_api.dll,318272,44432E0F,1540
0,0,COM3D2x64_Data\Plugins\OVRGamepad.dll,12800,2C526135,1540
0,0,COM3D2x64_Data\Plugins\OVRLipSync.dll,2512296,391C1F4C,1540
0,0,COM3D2x64_Data\Plugins\OVRPlugin.dll,1898408,5DD05B6C,1540
0,0,COM3D2x64_Data\Plugins\Win32-WebView.dll,504832,382AEE66,1540
0,0,COM3D2x64_Data\Resources\unity default resources,752360,71DB1AEA,1540
0,0,COM3D2x64_Data\Resources\unity_builtin_extra,284012,91145F7F,1540
share,GameData\en_only\csv_3d21reserve2_2.arc,GameData\csv_3d21reserve2_2.arc,51058,873C1E3B,1430
share,GameData\en_only\language.arc,GameData\language.arc,687608,43B82D57,1549
share,GameData\en_only\parts_cw001cloth3_2.arc,GameData\parts_cw001cloth3_2.arc,4370,1F2FFFCD,1500
share,GameData\patch\csv.arc,GameData\csv.arc,9059485,6B53B6F3,1540
share,GameData\patch\csv_gp001_2.arc,GameData\csv_gp001_2.arc,89204,9BB06354,1420
share,GameData\patch\parts_gp001_2.arc,GameData\parts_gp001_2.arc,62132696,2ADBAD1F,1440
share,GameData\patch\parts2.arc,GameData\parts2.arc,166158761,C49F2511,1530
share,GameData\patch\paths.dat,GameData\paths.dat,10277,F1D724B0,1544
share,GameData\patch\prioritymaterial.arc,GameData\prioritymaterial.arc,430938,AFD9F456,1546
share,GameData\patch\sound2.arc,GameData\sound2.arc,6181152,2D5B88B7,1501
share,GameData\patch\system_gp001_2.arc,GameData\system_gp001_2.arc,7478491,A3D9E534,1420
share,GameData\patch\system2.arc,GameData\system2.arc,14893779,79F4EBEC,1501
