0,0,CM3D2OHVRx64.exe,20625408,5E4071E7,1310
0,0,CM3D2OHVRx64_DirectToRift.exe,465408,ED45B3A7,1310
0,0,CM3D2OHVRx64_Data\globalgamemanagers,1285868,AE2CA1AB,1310
0,0,CM3D2OHVRx64_Data\globalgamemanagers.assets,92120,5E11CB6B,1310
0,0,CM3D2OHVRx64_Data\level0,181788,F722BAE6,1310
0,0,CM3D2OHVRx64_Data\level1,199764,26C4B272,1310
0,0,CM3D2OHVRx64_Data\level10,540812,E7FD64C6,1310
0,0,CM3D2OHVRx64_Data\level11,4640,BC099C8A,1310
0,0,CM3D2OHVRx64_Data\level12,184396,FBF396BC,1310
0,0,CM3D2OHVRx64_Data\level13,4640,438654E3,1310
0,0,CM3D2OHVRx64_Data\level14,196220,3628D051,1310
0,0,CM3D2OHVRx64_Data\level15,267020,C22D0690,1310
0,0,CM3D2OHVRx64_Data\level16,443996,730B82C2,1310
0,0,CM3D2OHVRx64_Data\level17,207332,82704959,1310
0,0,CM3D2OHVRx64_Data\level18,530388,AF5904DD,1310
0,0,CM3D2OHVRx64_Data\level19,258092,3EA518E6,1310
0,0,CM3D2OHVRx64_Data\level2,280188,4C3669AF,1310
0,0,CM3D2OHVRx64_Data\level20,652852,19BF2B20,1310
0,0,CM3D2OHVRx64_Data\level21,767332,48BBB887,1310
0,0,CM3D2OHVRx64_Data\level22,512060,EC49B103,1310
0,0,CM3D2OHVRx64_Data\level3,589828,51472214,1310
0,0,CM3D2OHVRx64_Data\level4,630380,6AE6B7DD,1310
0,0,CM3D2OHVRx64_Data\level5,182836,AF733265,1310
0,0,CM3D2OHVRx64_Data\level6,226908,60C2E273,1310
0,0,CM3D2OHVRx64_Data\level7,182340,FBA837BF,1310
0,0,CM3D2OHVRx64_Data\level8,209772,CA773B0B,1310
0,0,CM3D2OHVRx64_Data\level9,182844,840BD646,1310
0,0,CM3D2OHVRx64_Data\resources.assets,245140164,358BCB14,1310
0,0,CM3D2OHVRx64_Data\resources.assets.resS,231150068,2F330392,1310
0,0,CM3D2OHVRx64_Data\sharedassets0.assets,16452384,10E00F6D,1310
0,0,CM3D2OHVRx64_Data\sharedassets0.assets.resS,121722544,0DEE3272,1310
0,0,CM3D2OHVRx64_Data\sharedassets1.assets,5812,04574CD6,1310
0,0,CM3D2OHVRx64_Data\sharedassets10.assets,6136,BCACE49E,1310
0,0,CM3D2OHVRx64_Data\sharedassets11.assets,4132,6E60E688,1310
0,0,CM3D2OHVRx64_Data\sharedassets12.assets,5716,BEA0C139,1310
0,0,CM3D2OHVRx64_Data\sharedassets13.assets,4132,0A770545,1310
0,0,CM3D2OHVRx64_Data\sharedassets14.assets,6280,0C187112,1310
0,0,CM3D2OHVRx64_Data\sharedassets15.assets,5680,E7421C16,1310
0,0,CM3D2OHVRx64_Data\sharedassets16.assets,215176,2F594051,1310
0,0,CM3D2OHVRx64_Data\sharedassets16.assets.resS,51968,C41BC4E7,1310
0,0,CM3D2OHVRx64_Data\sharedassets17.assets,5752,FAF445FE,1310
0,0,CM3D2OHVRx64_Data\sharedassets18.assets,74056,B3EA00C0,1310
0,0,CM3D2OHVRx64_Data\sharedassets19.assets,5884,5D01A6EC,1310
0,0,CM3D2OHVRx64_Data\sharedassets2.assets,6028,E424804D,1310
0,0,CM3D2OHVRx64_Data\sharedassets20.assets,8020,916D3B1F,1310
0,0,CM3D2OHVRx64_Data\sharedassets21.assets,6220,0E1E8EAF,1310
0,0,CM3D2OHVRx64_Data\sharedassets22.assets,39511600,9F438B25,1310
0,0,CM3D2OHVRx64_Data\sharedassets3.assets,1310136,E13591A4,1310
0,0,CM3D2OHVRx64_Data\sharedassets4.assets,6352,5072F685,1310
0,0,CM3D2OHVRx64_Data\sharedassets5.assets,5680,0597BC6C,1310
0,0,CM3D2OHVRx64_Data\sharedassets6.assets,6160,445D4E95,1310
0,0,CM3D2OHVRx64_Data\sharedassets7.assets,5656,9A91F65C,1310
0,0,CM3D2OHVRx64_Data\sharedassets8.assets,5680,AF61A9F5,1310
0,0,CM3D2OHVRx64_Data\sharedassets9.assets,5680,12C4C7DE,1310
0,0,CM3D2OHVRx64_Data\Managed\Accessibility.dll,10752,67D4623D,1310
0,0,CM3D2OHVRx64_Data\Managed\Assembly-CSharp-firstpass.dll,281088,A9E95A6B,1310
0,0,CM3D2OHVRx64_Data\Managed\Assembly-CSharp.dll,2371584,BAE81CE8,1310
0,0,CM3D2OHVRx64_Data\Managed\Assembly-UnityScript-firstpass.dll,65024,FF622ABB,1310
0,0,CM3D2OHVRx64_Data\Managed\Boo.Lang.dll,126976,AA8D6FE9,1310
0,0,CM3D2OHVRx64_Data\Managed\JsonFx.Json.dll,70144,A0F0CFCB,1310
0,0,CM3D2OHVRx64_Data\Managed\LeapCSharp.NET3.5.dll,96080,CF6AC469,1310
0,0,CM3D2OHVRx64_Data\Managed\Mono.Data.Tds.dll,96256,45AD281A,1310
0,0,CM3D2OHVRx64_Data\Managed\Mono.Posix.dll,184320,29648DFE,1310
0,0,CM3D2OHVRx64_Data\Managed\Mono.Security.dll,294912,47C69D18,1310
0,0,CM3D2OHVRx64_Data\Managed\Mono.WebBrowser.dll,172032,7C128360,1310
0,0,CM3D2OHVRx64_Data\Managed\mscorlib.dll,2589696,7FC818D1,1310
0,0,CM3D2OHVRx64_Data\Managed\System.Configuration.dll,124928,F6B1A6D0,1310
0,0,CM3D2OHVRx64_Data\Managed\System.Core.dll,299008,53040774,1310
0,0,CM3D2OHVRx64_Data\Managed\System.Data.dll,856064,84A5413E,1310
0,0,CM3D2OHVRx64_Data\Managed\System.dll,1678848,CA8E0A02,1310
0,0,CM3D2OHVRx64_Data\Managed\System.Drawing.Design.dll,29696,E7B53FF9,1310
0,0,CM3D2OHVRx64_Data\Managed\System.Drawing.dll,448512,C4B2E872,1310
0,0,CM3D2OHVRx64_Data\Managed\System.EnterpriseServices.dll,46592,F19375E9,1310
0,0,CM3D2OHVRx64_Data\Managed\System.Security.dll,135168,96C5745E,1310
0,0,CM3D2OHVRx64_Data\Managed\System.Transactions.dll,27648,B61D2893,1310
0,0,CM3D2OHVRx64_Data\Managed\System.Windows.Forms.dll,3053568,56394001,1310
0,0,CM3D2OHVRx64_Data\Managed\System.Xml.dll,1270272,6574B461,1310
0,0,CM3D2OHVRx64_Data\Managed\System.Xml.Linq.dll,106496,D836EA3D,1310
0,0,CM3D2OHVRx64_Data\Managed\UnityEngine.dll,968704,F9738E15,1310
0,0,CM3D2OHVRx64_Data\Managed\UnityEngine.dll.mdb,353184,300BB4F4,1310
0,0,CM3D2OHVRx64_Data\Managed\UnityEngine.Networking.dll,230912,D5D1EF2D,1310
0,0,CM3D2OHVRx64_Data\Managed\UnityEngine.UI.dll,218624,C7049BDC,1310
0,0,CM3D2OHVRx64_Data\Managed\UnityScript.Lang.dll,14336,A603E1B9,1310
0,0,CM3D2OHVRx64_Data\Mono\mono.dll,2612696,2F54641B,1310
0,0,CM3D2OHVRx64_Data\Mono\etc\mono\browscap.ini,311984,CE6C0AB3,1310
0,0,CM3D2OHVRx64_Data\Mono\etc\mono\config,1691,A635914A,1310
0,0,CM3D2OHVRx64_Data\Mono\etc\mono\1.0\DefaultWsdlHelpGenerator.aspx,58196,10E814BF,1310
0,0,CM3D2OHVRx64_Data\Mono\etc\mono\1.0\machine.config,17258,EDE1AC59,1310
0,0,CM3D2OHVRx64_Data\Mono\etc\mono\2.0\DefaultWsdlHelpGenerator.aspx,60453,F3869A34,1310
0,0,CM3D2OHVRx64_Data\Mono\etc\mono\2.0\machine.config,27625,73C91C24,1310
0,0,CM3D2OHVRx64_Data\Mono\etc\mono\2.0\settings.map,2618,A1A3C29F,1310
0,0,CM3D2OHVRx64_Data\Mono\etc\mono\2.0\web.config,11686,534A9960,1310
0,0,CM3D2OHVRx64_Data\Mono\etc\mono\2.0\Browsers\Compat.browser,1605,2E178A0B,1310
0,0,CM3D2OHVRx64_Data\Mono\etc\mono\mconfig\config.xml,25817,80B2033A,1310
0,0,CM3D2OHVRx64_Data\Plugins\cm3d2_hole_x64.dll,339968,09BB14AC,1310
0,0,CM3D2OHVRx64_Data\Plugins\cm3d2_x64.dll,1515008,E3BA070E,1310
0,0,CM3D2OHVRx64_Data\Plugins\device_hook.dll,87552,65F0207E,1310
0,0,CM3D2OHVRx64_Data\Plugins\LeapC.dll,2516992,FBDD3767,1310
0,0,CM3D2OHVRx64_Data\Plugins\openvr_api.dll,318272,44432E0F,1310
0,0,CM3D2OHVRx64_Data\Plugins\OVRGamepad.dll,12800,2C526135,1310
0,0,CM3D2OHVRx64_Data\Plugins\OVRPlugin.dll,383400,E360893E,1310
0,0,CM3D2OHVRx64_Data\Resources\unity default resources,1571188,B4F11EC7,1310
0,0,CM3D2OHVRx64_Data\Resources\unity_builtin_extra,130744,F32D0767,1310
0,0,GameData\material_vr.arc,6184,D2EAFD73,130
0,0,GameData\menu_vr.arc,3407,D3B43CF5,130
0,0,GameData\model_vr.arc,866449,B84B7620,130
0,0,GameData\paths.dat,1775,A7C8D802,1310
0,0,GameData\texture_vr.arc,1111256,DF651968,130
