0,0,CM3D2.exe,7440384,A5103607,1009
0,0,CM3D2x86.exe,16834560,3CE36063,1540
0,0,LICENSE,25204,17CCA6C1,1540
0,0,CM3D2x86_Data\globalgamemanagers,2106012,AB2374A8,1540
0,0,CM3D2x86_Data\globalgamemanagers.assets,161356,4611DA42,1540
0,0,CM3D2x86_Data\level0,192508,6ECBFC9E,1540
0,0,CM3D2x86_Data\level1,210500,4EF29DFF,1540
0,0,CM3D2x86_Data\level10,205180,BF13522C,1540
0,0,CM3D2x86_Data\level11,193044,CADF84FF,1540
0,0,CM3D2x86_Data\level12,220492,31D68EA0,1540
0,0,CM3D2x86_Data\level13,194076,B87100ED,1540
0,0,CM3D2x86_Data\level14,574996,F7AF8F31,1540
0,0,CM3D2x86_Data\level15,4640,8B45AD08,1540
0,0,CM3D2x86_Data\level16,195116,AC20E7B9,1540
0,0,CM3D2x86_Data\level17,4640,C27BA0F4,1540
0,0,CM3D2x86_Data\level18,213236,7562BE3F,1540
0,0,CM3D2x86_Data\level19,313228,CC257658,1540
0,0,CM3D2x86_Data\level2,210388,D1E15E8B,1540
0,0,CM3D2x86_Data\level20,454708,2C29840E,1540
0,0,CM3D2x86_Data\level21,218652,FAE4B31A,1540
0,0,CM3D2x86_Data\level22,541116,AF8E22F4,1540
0,0,CM3D2x86_Data\level23,278612,84283F39,1540
0,0,CM3D2x86_Data\level24,313964,35D0A425,1540
0,0,CM3D2x86_Data\level25,216852,54FD18BF,1540
0,0,CM3D2x86_Data\level26,663580,DCB06446,1540
0,0,CM3D2x86_Data\level27,1332132,5D6CAE69,1540
0,0,CM3D2x86_Data\level28,522772,932E0E52,1540
0,0,CM3D2x86_Data\level29,216924,748EF869,1540
0,0,CM3D2x86_Data\level3,434460,D3AD979D,1540
0,0,CM3D2x86_Data\level30,615756,513E8A9C,1540
0,0,CM3D2x86_Data\level31,846964,BCB37B52,1540
0,0,CM3D2x86_Data\level32,707908,54E7B308,1540
0,0,CM3D2x86_Data\level33,208860,0894298F,1540
0,0,CM3D2x86_Data\level34,555068,0ACA94CF,1540
0,0,CM3D2x86_Data\level35,830124,86A81364,1540
0,0,CM3D2x86_Data\level36,548236,BDD651A2,1540
0,0,CM3D2x86_Data\level37,770892,0CC02479,1540
0,0,CM3D2x86_Data\level38,320860,C58D0144,1540
0,0,CM3D2x86_Data\level39,27784,B7D4FD2C,1540
0,0,CM3D2x86_Data\level39.resS,131232,DF682E61,1540
0,0,CM3D2x86_Data\level4,600540,188656F7,1540
0,0,CM3D2x86_Data\level40,38492,A9DFE42D,1540
0,0,CM3D2x86_Data\level41,44076,457C01CE,1540
0,0,CM3D2x86_Data\level42,39992,4C96BC4E,1540
0,0,CM3D2x86_Data\level43,193380,7BA3C497,1540
0,0,CM3D2x86_Data\level44,560380,D39087F6,1540
0,0,CM3D2x86_Data\level45,271636,8455C956,1540
0,0,CM3D2x86_Data\level46,268236,685C5AA2,1540
0,0,CM3D2x86_Data\level47,261788,150A32AF,1540
0,0,CM3D2x86_Data\level5,623620,CD0981B8,1540
0,0,CM3D2x86_Data\level6,193556,9288A3CC,1540
0,0,CM3D2x86_Data\level7,367092,20FB0EDA,1540
0,0,CM3D2x86_Data\level8,242052,62FABDF8,1540
0,0,CM3D2x86_Data\level9,237628,E56E68EF,1540
0,0,CM3D2x86_Data\resources.assets,278208596,FBFED30F,1540
0,0,CM3D2x86_Data\resources.assets.resS,557509272,85743DE1,1540
0,0,CM3D2x86_Data\sharedassets0.assets,16483128,C9EB933F,1540
0,0,CM3D2x86_Data\sharedassets0.assets.resS,121728032,BCB828A4,1540
0,0,CM3D2x86_Data\sharedassets1.assets,5920,C5E02E50,1540
0,0,CM3D2x86_Data\sharedassets10.assets,5764,3A35ADA4,1540
0,0,CM3D2x86_Data\sharedassets11.assets,5764,51AE919C,1540
0,0,CM3D2x86_Data\sharedassets12.assets,5788,2DE4F1E2,1540
0,0,CM3D2x86_Data\sharedassets13.assets,5812,AA2231A9,1540
0,0,CM3D2x86_Data\sharedassets14.assets,6340,F571521A,1540
0,0,CM3D2x86_Data\sharedassets15.assets,4132,D4CDAB85,1540
0,0,CM3D2x86_Data\sharedassets16.assets,5824,C3E123E7,1540
0,0,CM3D2x86_Data\sharedassets17.assets,4132,CF3F434E,1540
0,0,CM3D2x86_Data\sharedassets18.assets,6544,9628B0E6,1540
0,0,CM3D2x86_Data\sharedassets19.assets,5788,7D58C396,1540
0,0,CM3D2x86_Data\sharedassets2.assets,5968,C8B880E0,1540
0,0,CM3D2x86_Data\sharedassets20.assets,215280,C7FD04A4,1540
0,0,CM3D2x86_Data\sharedassets20.assets.resS,51968,C41BC4E7,1540
0,0,CM3D2x86_Data\sharedassets21.assets,5860,112E1DAF,1540
0,0,CM3D2x86_Data\sharedassets22.assets,74160,D00ACD93,1540
0,0,CM3D2x86_Data\sharedassets23.assets,6004,50DBCD30,1540
0,0,CM3D2x86_Data\sharedassets24.assets,5884,CF0A636D,1540
0,0,CM3D2x86_Data\sharedassets25.assets,5872,965A5969,1540
0,0,CM3D2x86_Data\sharedassets26.assets,8128,F388E388,1540
0,0,CM3D2x86_Data\sharedassets27.assets,6580,2C7759AF,1540
0,0,CM3D2x86_Data\sharedassets28.assets,39511712,42F888A1,1540
0,0,CM3D2x86_Data\sharedassets29.assets,5872,E3B8BE42,1540
0,0,CM3D2x86_Data\sharedassets3.assets,6340,F04A3492,1540
0,0,CM3D2x86_Data\sharedassets30.assets,67700952,051B4F3F,1540
0,0,CM3D2x86_Data\sharedassets31.assets,67690184,3D4994CF,1540
0,0,CM3D2x86_Data\sharedassets32.assets,47233820,65EF1D85,1540
0,0,CM3D2x86_Data\sharedassets32.resource,3813344,7B95E5D4,1540
0,0,CM3D2x86_Data\sharedassets33.assets,5788,CFBBE21C,1540
0,0,CM3D2x86_Data\sharedassets34.assets,80174972,864765DE,1540
0,0,CM3D2x86_Data\sharedassets35.assets,84139364,A7743E70,1540
0,0,CM3D2x86_Data\sharedassets36.assets,48988468,35BC63AA,1540
0,0,CM3D2x86_Data\sharedassets37.assets,111395708,608C9789,1540
0,0,CM3D2x86_Data\sharedassets37.assets.resS,7296672,0E6CF936,1540
0,0,CM3D2x86_Data\sharedassets38.assets,55916784,9ACDA88E,1540
0,0,CM3D2x86_Data\sharedassets39.assets,27512,DC585DE5,1540
0,0,CM3D2x86_Data\sharedassets39.assets.resS,174776,7D821248,1540
0,0,CM3D2x86_Data\sharedassets4.assets,1310240,84D16120,1540
0,0,CM3D2x86_Data\sharedassets40.assets,55004,383F230A,1540
0,0,CM3D2x86_Data\sharedassets40.assets.resS,786464,17681AC8,1540
0,0,CM3D2x86_Data\sharedassets41.assets,4432,7D94129E,1540
0,0,CM3D2x86_Data\sharedassets42.assets,1032124,73C95AA2,1540
0,0,CM3D2x86_Data\sharedassets42.assets.resS,5417776,A41251E2,1540
0,0,CM3D2x86_Data\sharedassets43.assets,5800,9A12A7C9,1540
0,0,CM3D2x86_Data\sharedassets44.assets,130769132,6B1AF9AD,1540
0,0,CM3D2x86_Data\sharedassets45.assets,86031212,A1D4E129,1540
0,0,CM3D2x86_Data\sharedassets45.assets.resS,87400,0DB2AE3E,1540
0,0,CM3D2x86_Data\sharedassets46.assets,77322188,BD9EFE73,1540
0,0,CM3D2x86_Data\sharedassets47.assets,83356040,A0C3E35C,1540
0,0,CM3D2x86_Data\sharedassets5.assets,6448,2FFC08C6,1540
0,0,CM3D2x86_Data\sharedassets6.assets,5788,E05FFFA3,1540
0,0,CM3D2x86_Data\sharedassets7.assets,6064,13849A55,1540
0,0,CM3D2x86_Data\sharedassets8.assets,5944,3D8B626E,1540
0,0,CM3D2x86_Data\sharedassets9.assets,6268,3F5FF78A,1540
0,0,CM3D2x86_Data\Managed\Accessibility.dll,10752,594EE943,1540
0,0,CM3D2x86_Data\Managed\Assembly-CSharp-firstpass.dll,773120,C460A724,1540
0,0,CM3D2x86_Data\Managed\Assembly-CSharp.dll,3112960,838A6F54,1540
0,0,CM3D2x86_Data\Managed\Assembly-UnityScript-firstpass.dll,65024,5F44ECFB,1540
0,0,CM3D2x86_Data\Managed\Boo.Lang.dll,126976,9ADD3789,1540
0,0,CM3D2x86_Data\Managed\FoveUnityPlugin.dll,28672,A6EA882B,1540
0,0,CM3D2x86_Data\Managed\Ionic.Zlib.dll,102400,7C9E7DD2,1540
0,0,CM3D2x86_Data\Managed\JsonFx.Json.dll,70144,A0F0CFCB,1540
0,0,CM3D2x86_Data\Managed\LeapCSharp.NET3.5.dll,82432,38E38212,1540
0,0,CM3D2x86_Data\Managed\Mono.Data.Tds.dll,96256,DDA7BAB7,1540
0,0,CM3D2x86_Data\Managed\Mono.Posix.dll,184320,C7063ABB,1540
0,0,CM3D2x86_Data\Managed\Mono.Security.dll,294912,8C7E67B3,1540
0,0,CM3D2x86_Data\Managed\Mono.WebBrowser.dll,172032,541986C3,1540
0,0,CM3D2x86_Data\Managed\mscorlib.dll,2589696,AFA570E5,1540
0,0,CM3D2x86_Data\Managed\System.Configuration.dll,124928,D5F2A804,1540
0,0,CM3D2x86_Data\Managed\System.Core.dll,297472,BCE2218F,1540
0,0,CM3D2x86_Data\Managed\System.Data.dll,856064,F1D38D2E,1540
0,0,CM3D2x86_Data\Managed\System.dll,1679360,288F722A,1540
0,0,CM3D2x86_Data\Managed\System.Drawing.Design.dll,29696,E7B53FF9,1540
0,0,CM3D2x86_Data\Managed\System.Drawing.dll,448512,C4B2E872,1540
0,0,CM3D2x86_Data\Managed\System.EnterpriseServices.dll,46592,75A19B93,1540
0,0,CM3D2x86_Data\Managed\System.Security.dll,135168,365C74A7,1540
0,0,CM3D2x86_Data\Managed\System.Transactions.dll,27648,203D65C1,1540
0,0,CM3D2x86_Data\Managed\System.Windows.Forms.dll,3053568,56394001,1540
0,0,CM3D2x86_Data\Managed\System.Xml.dll,1270272,9B79033F,1540
0,0,CM3D2x86_Data\Managed\System.Xml.Linq.dll,106496,B3ACF139,1540
0,0,CM3D2x86_Data\Managed\UnityEngine.dll,972800,C8810FF6,1540
0,0,CM3D2x86_Data\Managed\UnityEngine.dll.mdb,353934,00DADFA5,1540
0,0,CM3D2x86_Data\Managed\UnityEngine.Networking.dll,230912,EBC88F56,1540
0,0,CM3D2x86_Data\Managed\UnityEngine.UI.dll,219136,8E43BC11,1540
0,0,CM3D2x86_Data\Managed\UnityScript.Lang.dll,14336,13EE284D,1540
0,0,CM3D2x86_Data\Managed\zxing.unity.dll,430592,9FD1F198,1540
0,0,CM3D2x86_Data\Mono\mono.dll,2114008,1F0AD6CA,1540
0,0,CM3D2x86_Data\Mono\etc\mono\browscap.ini,311984,CE6C0AB3,1540
0,0,CM3D2x86_Data\Mono\etc\mono\config,1691,A635914A,1540
0,0,CM3D2x86_Data\Mono\etc\mono\1.0\DefaultWsdlHelpGenerator.aspx,58196,10E814BF,1540
0,0,CM3D2x86_Data\Mono\etc\mono\1.0\machine.config,17258,EDE1AC59,1540
0,0,CM3D2x86_Data\Mono\etc\mono\2.0\DefaultWsdlHelpGenerator.aspx,60453,F3869A34,1540
0,0,CM3D2x86_Data\Mono\etc\mono\2.0\machine.config,27625,73C91C24,1540
0,0,CM3D2x86_Data\Mono\etc\mono\2.0\settings.map,2618,A1A3C29F,1540
0,0,CM3D2x86_Data\Mono\etc\mono\2.0\web.config,11686,534A9960,1540
0,0,CM3D2x86_Data\Mono\etc\mono\2.0\Browsers\Compat.browser,1605,2E178A0B,1540
0,0,CM3D2x86_Data\Mono\etc\mono\mconfig\config.xml,25817,80B2033A,1540
0,0,CM3D2x86_Data\Plugins\AVProVideo.dll,658944,C4385B2E,1540
0,0,CM3D2x86_Data\Plugins\cm3d2_x86.dll,1331200,33AC32E4,1540
0,0,CM3D2x86_Data\Plugins\device_hook.dll,379904,C1E78F00,1540
0,0,CM3D2x86_Data\Plugins\FoveClient.dll,1849384,58C8B4F6,1540
0,0,CM3D2x86_Data\Plugins\LeapC.dll,2157568,131511D6,1540
0,0,CM3D2x86_Data\Plugins\openvr_api.dll,271168,6635C4E5,1540
0,0,CM3D2x86_Data\Plugins\OVRGamepad.dll,10752,409680CC,1540
0,0,CM3D2x86_Data\Plugins\OVRPlugin.dll,1956264,BA51F5D9,1540
0,0,CM3D2x86_Data\Resources\unity default resources,1544700,7137E221,1540
0,0,CM3D2x86_Data\Resources\unity_builtin_extra,142196,65224570,1540
0,0,GameData\script.arc,14450470,C6C571DD,1542
0,0,GameData\script_addpose001.arc,1194,9F2EDF3C,1220
0,0,GameData\script_cos002_2.arc,72002,5BAAF903,1330
0,0,GameData\script_cos005_2.arc,1698,FDA1E978,1380
0,0,GameData\script_denkigai2015w_2.arc,41666,24C0863D,1480
0,0,GameData\script_denkigai2015wPants_2.arc,12658,57896547,1220
0,0,GameData\script_denkigai2016s_2.arc,135147,6150004D,1370
0,0,GameData\script_magazine001_2.arc,59602,D547478D,1400
0,0,GameData\script_personal001_2.arc,2691328,7E1F254D,1540
0,0,GameData\script_personal002_2.arc,144459,A071DC2C,1540
0,0,GameData\script_personal003_2.arc,924844,85253537,1540
0,0,GameData\script_personal004_2.arc,241317,104F6DCC,1540
0,0,GameData\script_pp001_2.arc,185117,CFB825ED,1520
0,0,GameData\script_pp002_2.arc,161894,3930023C,1500
0,0,GameData\script_pp003_2.arc,239973,39CFA137,1510
0,0,GameData\script_ytgc005_2.arc,18898,11456C1A,1340
0,0,GameData\script_ytgc006_2.arc,218689,B2CF5373,1340
0,0,GameData\script_ytgc007_2.arc,9474,1DD722E9,1540
0,0,GameData\script_ytgc008_2.arc,134059,62EAF572,1400
0,0,GameData\script_ytgc009_2.arc,288425,A69AB7BA,1540
0,0,GameData\script_ytgc010_2.arc,21714,43E60670,1433
0,0,GameData\script_ytgc015_2.arc,3330,4D771C35,1540
0,0,GameData\script_xmas2016_2.arc,4338,7FAFBB83,1433
0,0,GameData\motion2.arc,103914943,92F6E2DC,1520
0,0,GameData\motion_addpose001.arc,902194,517CF6C8,1220
0,0,GameData\motion_pp001_2.arc,615858,0E432519,1220
0,0,GameData\motion_pp002_2.arc,57428957,EF952E37,1360
0,0,GameData\motion_vp001_2.arc,141579,7857F9CD,1160
0,0,GameData\voice3.arc,101849461,061F0890,1250
0,0,manual\data\004.png,699424,54A4DC50,1010
0,0,manual\data\007.png,453984,97E623F5,1010
0,0,manual\data\008.png,553674,7B23C3DF,1010
0,0,manual\data\013.png,673884,992CEEC5,1010
0,0,Preset\1_junshin.preset,43021,0D00795A,1010
0,0,Preset\2_coodere.preset,43516,E9EBB0F2,1010
0,0,Preset\3_tsundere.preset,48900,D0EF8B9E,1010
0,0,Preset\4_default.preset,43697,C5E392BE,1010
0,0,Preset\5_pretty_junshin.preset,40739,D9262BEF,1010
0,0,Preset\6_pretty_coodere.preset,39554,E54D5766,1010
0,0,Preset\7_pretty_tsundere.preset,38235,CA8437BB,1010
share,GameData\patch\bg_pp001_2.arc,GameData\bg_pp001_2.arc,1237157,C9D912F7,1220
share,GameData\patch\csv.arc,GameData\csv.arc,3507829,C3D20616,1540
share,GameData\patch\csv_addpose001.arc,GameData\csv_addpose001.arc,1235,D06FCA6D,1220
share,GameData\patch\csv_pp001_2.arc,GameData\csv_pp001_2.arc,10034,29181748,1370
share,GameData\patch\csv_pp002_2.arc,GameData\csv_pp002_2.arc,450,65BCF215,1462
share,GameData\patch\csv_urayome001_2.arc,GameData\csv_urayome001_2.arc,1714,1D92B577,1401
share,GameData\patch\csv_vrcom_2.arc,GameData\csv_vrcom_2.arc,5650,BC36D221,1510
share,GameData\patch\csv_vp001_2.arc,GameData\csv_vp001_2.arc,2082,25E58CEB,1160
share,GameData\patch\material2.arc,GameData\material2.arc,214082,9A3968AB,1460
share,GameData\patch\material_denkigai2015s003_2.arc,GameData\material_denkigai2015s003_2.arc,7106,0C82D791,1150
share,GameData\patch\material_denkigai2015wTowelR.arc,GameData\material_denkigai2015wTowelR.arc,1602,618192B9,1360
share,GameData\patch\material_dlc055_2.arc,GameData\material_dlc055_2.arc,5282,11A93109,1280
share,GameData\patch\material_dlsite_2.arc,GameData\material_dlsite_2.arc,1762,C5A837EA,1150
share,GameData\patch\material_shop001_2.arc,GameData\material_shop001_2.arc,1762,D98CED1C,1150
share,GameData\patch\material_shop002_2.arc,GameData\material_shop002_2.arc,1762,956BB00E,1150
share,GameData\patch\material_shop003_2.arc,GameData\material_shop003_2.arc,1762,38CEBFF2,1150
share,GameData\patch\material_shop005_2.arc,GameData\material_shop005_2.arc,1714,3E621A32,1150
share,GameData\patch\material_shop007_2.arc,GameData\material_shop007_2.arc,2578,C8CE627C,1150
share,GameData\patch\material_vp001_2.arc,GameData\material_vp001_2.arc,11890,8CB043B0,1400
share,GameData\patch\material_yomeido003_2.arc,GameData\material_yomeido003_2.arc,1522,0689A7AC,1240
share,GameData\patch\menu2.arc,GameData\menu2.arc,232206,7CDBA643,1530
share,GameData\patch\menu_denkigai2015s001_2.arc,GameData\menu_denkigai2015s001_2.arc,6594,8B3E849F,1160
share,GameData\patch\menu_denkigai2015s003_2.arc,GameData\menu_denkigai2015s003_2.arc,4338,D294CE88,1150
share,GameData\patch\menu_denkigai2015wTowelR.arc,GameData\menu_denkigai2015wTowelR.arc,1282,CECEE1FC,1360
share,GameData\patch\menu_denkigai2016s_2.arc,GameData\menu_denkigai2016s_2.arc,1346,4A9440B1,1351
share,GameData\patch\menu_denkigai2016w_2.arc,GameData\menu_denkigai2016w_2.arc,15154,C8D64D3B,1450
share,GameData\patch\menu_denkigai2017s_2.arc,GameData\menu_denkigai2017s_2.arc,1218,267B1338,1540
share,GameData\patch\menu_dlcdenkigai2016w_2.arc,GameData\menu_dlcdenkigai2016w_2.arc,13522,45E7F667,1450
share,GameData\patch\menu_dlcdenkigai2017s_2.arc,GameData\menu_dlcdenkigai2017s_2.arc,1218,A6C83B5D,1540
share,GameData\patch\menu_dlc026_2.arc,GameData\menu_dlc026_2.arc,3778,69453D54,1190
share,GameData\patch\menu_dlc028_2.arc,GameData\menu_dlc028_2.arc,3874,DE3F1C31,1200
share,GameData\patch\menu_dlc041_2.arc,GameData\menu_dlc041_2.arc,6786,97F738D3,1380
share,GameData\patch\menu_dlc042_2.arc,GameData\menu_dlc042_2.arc,1154,EE4016C0,1440
share,GameData\patch\menu_dlc049_2.arc,GameData\menu_dlc049_2.arc,3106,E30D6F4C,1522
share,GameData\patch\menu_dlc061_2.arc,GameData\menu_dlc061_2.arc,3810,F99C1D4E,1290
share,GameData\patch\menu_dlc065_2.arc,GameData\menu_dlc065_2.arc,7602,D9387834,1380
share,GameData\patch\menu_dlc074_2.arc,GameData\menu_dlc074_2.arc,5618,24C559D7,1312
share,GameData\patch\menu_dlc100_2.arc,GameData\menu_dlc100_2.arc,1250,DFF94E9A,1400
share,GameData\patch\menu_dlc101_2.arc,GameData\menu_dlc101_2.arc,1218,44DB4049,1481
share,GameData\patch\menu_dlsite_2.arc,GameData\menu_dlsite_2.arc,1954,B2268BA7,1150
share,GameData\patch\menu_kissevent2017march.arc,GameData\menu_kissevent2017march.arc,281,FF4EEB9B,1522
share,GameData\patch\menu_kissevent2017march_2.arc,GameData\menu_kissevent2017march_2.arc,106629,421A1F33,1522
share,GameData\patch\menu_magazine002_2.arc,GameData\menu_magazine002_2.arc,12498,691C1126,1471
share,GameData\patch\menu_personal002_2.arc,GameData\menu_personal002_2.arc,1282,5687650C,1310
share,GameData\patch\menu_shop001_2.arc,GameData\menu_shop001_2.arc,3314,35207C87,1150
share,GameData\patch\menu_shop005_2.arc,GameData\menu_shop005_2.arc,1378,0C9AF725,1150
share,GameData\patch\menu_vp001_2.arc,GameData\menu_vp001_2.arc,19138,7C7AFD9C,1400
share,GameData\patch\menu_yomeido003_2.arc,GameData\menu_yomeido003_2.arc,1234,4D6F619D,1240
share,GameData\patch\menu_yomeidogp_wedding_2.arc,GameData\menu_yomeidogp_wedding_2.arc,3954,C251B12C,1320
share,GameData\patch\model2.arc,GameData\model2.arc,13105823,D76EBF7C,1530
share,GameData\patch\model_denkigai2015s003_2.arc,GameData\model_denkigai2015s003_2.arc,394665,41A48185,1150
share,GameData\patch\model_denkigai2015wTowelR.arc,GameData\model_denkigai2015wTowelR.arc,38258,FB570A24,1360
share,GameData\patch\model_dlc005_2.arc,GameData\model_dlc005_2.arc,175424,F7DD7D82,1270
share,GameData\patch\model_dlc046_2.arc,GameData\model_dlc046_2.arc,155690,83B34173,1220
share,GameData\patch\model_dlc073_2.arc,GameData\model_dlc073_2.arc,267037,47D33A06,1320
share,GameData\patch\model_dlc100_2.arc,GameData\model_dlc100_2.arc,691347,7C3D679D,1400
share,GameData\patch\model_dlc109_2.arc,GameData\model_dlc109_2.arc,137998,8FCCF513,1460
share,GameData\patch\model_dlc151_2.arc,GameData\model_dlc151_2.arc,213532,8C3C80C3,1520
share,GameData\patch\model_dlsite_2.arc,GameData\model_dlsite_2.arc,197173,24366C43,1150
share,GameData\patch\model_shop001_2.arc,GameData\model_shop001_2.arc,115215,9C941FAF,1150
share,GameData\patch\model_shop002_2.arc,GameData\model_shop002_2.arc,251253,743C3D97,1150
share,GameData\patch\model_shop003_2.arc,GameData\model_shop003_2.arc,185433,A15EC70A,1150
share,GameData\patch\model_shop005_2.arc,GameData\model_shop005_2.arc,150103,FB5341FA,1150
share,GameData\patch\model_shop007_2.arc,GameData\model_shop007_2.arc,288759,80615CBD,1150
share,GameData\patch\model_vp001_2.arc,GameData\model_vp001_2.arc,647957,D68B5D2F,1400
share,GameData\patch\paths.dat,GameData\paths.dat,4615,B0EFCEEE,1540
share,GameData\patch\prioritymaterial.arc,GameData\prioritymaterial.arc,195129,2196D20D,1540
share,GameData\patch\sound2.arc,GameData\sound2.arc,12751123,D3C5ED01,1490
share,GameData\patch\script_share_vrcom_2.arc,GameData\script_share_vrcom_2.arc,34850,3EE6E9A4,1530
share,GameData\patch\texture3.arc,GameData\texture3.arc,10579796,A46D346D,1530
share,GameData\patch\texture_addpose001.arc,GameData\texture_addpose001.arc,23943,1D529A44,1220
share,GameData\patch\texture_denkigai2015wTowelR.arc,GameData\texture_denkigai2015wTowelR.arc,133065,FE4BDC34,1360
share,GameData\patch\texture_denkigai2016w_2.arc,GameData\texture_denkigai2016w_2.arc,10105247,3B4641C3,1450
share,GameData\patch\texture_dlcdenkigai2016w_2.arc,GameData\texture_dlcdenkigai2016w_2.arc,10105332,90868016,1450
share,GameData\patch\texture_kissevent2017march.arc,GameData\texture_kissevent2017march.arc,281,FF4EEB9B,1522
share,GameData\patch\texture_kissevent2017march_2.arc,GameData\texture_kissevent2017march_2.arc,79432605,C1FCD24F,1522
share,GameData\patch\texture_dlc004_2.arc,GameData\texture_dlc004_2.arc,4805734,C8E5CFB4,1200
share,GameData\patch\texture_dlc046_2.arc,GameData\texture_dlc046_2.arc,596960,FC606BA5,1220
share,GameData\patch\texture_vp001_2.arc,GameData\texture_vp001_2.arc,755269,18D5027D,1400
share,GameData\patch\texture_yomeido003_2.arc,GameData\texture_yomeido003_2.arc,117248,0EE72B42,1240
share,GameData\patch\material_vr.arc,GameData\material_vr.arc,6184,D2EAFD73,130
share,GameData\patch\menu_vr.arc,GameData\menu_vr.arc,3407,D3B43CF5,130
share,GameData\patch\model_vr.arc,GameData\model_vr.arc,866449,B84B7620,130
share,GameData\patch\texture_vr.arc,GameData\texture_vr.arc,1111256,DF651968,130
share,PhotoModeData\Mod\Motion\readme.txt,PhotoModeData\Mod\Motion\readme.txt,146,3BF5AF4D,1220
share,Preset\8_ren_1_yosiko.preset,Preset\8_ren_1_yosiko.preset,55432,D54FD70C,1220
share,Preset\8_ren_2_ayumi.preset,Preset\8_ren_2_ayumi.preset,51097,3C44F9DB,1220
share,Preset\8_ren_3_sakura.preset,Preset\8_ren_3_sakura.preset,52635,33F54D90,1220
share,Preset\8_ren_4_ai.preset,Preset\8_ren_4_ai.preset,46819,9B6E5960,1220
