0,0,COM3D2x64_Data\Managed\Accessibility.dll,10752,5CB31E4E,24402
0,0,COM3D2x64_Data\Managed\Assembly-CSharp.dll,6132736,C746E792,24402
0,0,COM3D2x64_Data\Managed\Assembly-CSharp-firstpass.dll,788480,9D54E118,24402
0,0,COM3D2x64_Data\Managed\Assembly-UnityScript-firstpass.dll,65024,3C070E22,24402
0,0,COM3D2x64_Data\Managed\Boo.Lang.dll,126976,28383F70,24402
0,0,COM3D2x64_Data\Managed\BouncyCastle.Crypto.dll,2236416,5A4C4F07,24402
0,0,COM3D2x64_Data\Managed\FoveUnityPlugin.dll,28672,A6EA882B,24402
0,0,COM3D2x64_Data\Managed\ICSharpCode.SharpZipLib.dll,200704,D3160A1C,24402
0,0,COM3D2x64_Data\Managed\Ionic.Zlib.dll,102400,7C9E7DD2,24402
0,0,COM3D2x64_Data\Managed\JsonFx.Json.dll,70144,A0F0CFCB,24402
0,0,COM3D2x64_Data\Managed\LeapCSharp.NET3.5.dll,82432,38E38212,24402
0,0,COM3D2x64_Data\Managed\Mono.Data.Tds.dll,96256,2965324B,24402
0,0,COM3D2x64_Data\Managed\Mono.Posix.dll,184320,0CE35BE3,24402
0,0,COM3D2x64_Data\Managed\Mono.Security.dll,294912,66EB9979,24402
0,0,COM3D2x64_Data\Managed\Mono.WebBrowser.dll,172032,137B736F,24402
0,0,COM3D2x64_Data\Managed\mscorlib.dll,2590208,5166389B,24402
0,0,COM3D2x64_Data\Managed\Newtonsoft.Json.dll,494592,5C881B73,24402
0,0,COM3D2x64_Data\Managed\System.Configuration.dll,124928,72952344,24402
0,0,COM3D2x64_Data\Managed\System.Core.dll,297472,9E3EE5D7,24402
0,0,COM3D2x64_Data\Managed\System.Data.dll,856064,DDDB80CD,24402
0,0,COM3D2x64_Data\Managed\System.dll,1679360,13922617,24402
0,0,COM3D2x64_Data\Managed\System.Drawing.Design.dll,29696,E7B53FF9,24402
0,0,COM3D2x64_Data\Managed\System.Drawing.dll,448512,C4B2E872,24402
0,0,COM3D2x64_Data\Managed\System.EnterpriseServices.dll,46592,2C72A9FE,24402
0,0,COM3D2x64_Data\Managed\System.Security.dll,135168,1CE94C57,24402
0,0,COM3D2x64_Data\Managed\System.Transactions.dll,27648,45299FCF,24402
0,0,COM3D2x64_Data\Managed\System.Windows.Forms.dll,3053568,56394001,24402
0,0,COM3D2x64_Data\Managed\System.Xml.dll,1270272,4581A35B,24402
0,0,COM3D2x64_Data\Managed\System.Xml.Linq.dll,106496,E844371C,24402
0,0,COM3D2x64_Data\Managed\UnityEngine.dll,1393152,2C35388C,24402
0,0,COM3D2x64_Data\Managed\UnityEngine.dll.mdb,449828,8610375E,24402
0,0,COM3D2x64_Data\Managed\UnityEngine.Networking.dll,253952,2BDF701F,24402
0,0,COM3D2x64_Data\Managed\UnityEngine.UI.dll,245760,FA552B2D,24402
0,0,COM3D2x64_Data\Managed\UnityEngine.VR.dll,3072,A4582CD6,24402
0,0,COM3D2x64_Data\Managed\UnityScript.Lang.dll,13824,0DA8F681,24402
0,0,COM3D2x64_Data\Managed\Win32.dll,13312,7781C2A2,24402
0,0,COM3D2x64_Data\Managed\zxing.unity.dll,430592,9FD1F198,24402
0,0,COM3D2x64_Data\Mono\etc\mono\1.0\DefaultWsdlHelpGenerator.aspx,58196,10E814BF,24402
0,0,COM3D2x64_Data\Mono\etc\mono\1.0\machine.config,17258,EDE1AC59,24402
0,0,COM3D2x64_Data\Mono\etc\mono\2.0\Browsers\Compat.browser,1605,2E178A0B,24402
0,0,COM3D2x64_Data\Mono\etc\mono\2.0\DefaultWsdlHelpGenerator.aspx,60453,F3869A34,24402
0,0,COM3D2x64_Data\Mono\etc\mono\2.0\machine.config,27625,73C91C24,24402
0,0,COM3D2x64_Data\Mono\etc\mono\2.0\settings.map,2618,A1A3C29F,24402
0,0,COM3D2x64_Data\Mono\etc\mono\2.0\web.config,11686,534A9960,24402
0,0,COM3D2x64_Data\Mono\etc\mono\mconfig\config.xml,25817,80B2033A,24402
0,0,COM3D2x64_Data\Mono\etc\mono\browscap.ini,311984,CE6C0AB3,24402
0,0,COM3D2x64_Data\Mono\etc\mono\config,1691,A635914A,24402
0,0,COM3D2x64_Data\Mono\mono.dll,2618816,0BEA8C0F,24402
0,0,COM3D2x64_Data\Mono\MonoPosixHelper.dll,113664,9B5E1E4D,24402
0,0,COM3D2x64_Data\Plugins\assimp.dll,4388864,7C910D84,24402
0,0,COM3D2x64_Data\Plugins\Audio360.dll,1956352,0D4B8E9D,24402
0,0,COM3D2x64_Data\Plugins\AVProVideo.dll,886272,278352F0,24402
0,0,COM3D2x64_Data\Plugins\clothpp.dll,112128,7C3264A4,24402
0,0,COM3D2x64_Data\Plugins\cm3d2.dll,2265088,CA67D1AD,24402
0,0,COM3D2x64_Data\Plugins\device_hook.dll,738816,F61E7CED,24402
0,0,COM3D2x64_Data\Plugins\FbxExporterCore.dll,12491776,CBAA51C1,24402
0,0,COM3D2x64_Data\Plugins\FoveClient.dll,1849384,58C8B4F6,24402
0,0,COM3D2x64_Data\Plugins\LeapC.dll,2516992,FBDD3767,24402
0,0,COM3D2x64_Data\Plugins\openvr_api.dll,318272,44432E0F,24402
0,0,COM3D2x64_Data\Plugins\OVRGamepad.dll,12800,2C526135,24402
0,0,COM3D2x64_Data\Plugins\OVRLipSync.dll,2512296,391C1F4C,24402
0,0,COM3D2x64_Data\Plugins\OVRPlugin.dll,1898408,5DD05B6C,24402
0,0,COM3D2x64_Data\Plugins\Win32-WebView.dll,504832,382AEE66,24402
0,0,COM3D2x64_Data\Resources\unity default resources,752360,71DB1AEA,24402
0,0,COM3D2x64_Data\Resources\unity_builtin_extra,284012,91145F7F,24402
0,0,COM3D2x64_Data\app.info,27,F9A266E7,24402
0,0,COM3D2x64_Data\globalgamemanagers,5305004,C2DF5BA2,24402
0,0,COM3D2x64_Data\globalgamemanagers.assets,256748,6C87074C,24402
0,0,COM3D2x64_Data\level0,356324,77EA8637,24402
0,0,COM3D2x64_Data\level1,379468,759BD9A1,24402
0,0,COM3D2x64_Data\level2,374300,EDFE89B5,24402
0,0,COM3D2x64_Data\level3,1291404,82828457,24402
0,0,COM3D2x64_Data\level4,1245508,47E15257,24402
0,0,COM3D2x64_Data\level5,1344508,195DBC81,24402
0,0,COM3D2x64_Data\level6,358308,551DE836,24402
0,0,COM3D2x64_Data\level7,1091388,D09E9C71,24402
0,0,COM3D2x64_Data\level8,388884,1CFD87C3,24402
0,0,COM3D2x64_Data\level9,455428,20A6EB10,24402
0,0,COM3D2x64_Data\level10,383500,2FEB216C,24402
0,0,COM3D2x64_Data\level11,356836,4CFB8533,24402
0,0,COM3D2x64_Data\level12,470756,99BBC2AF,24402
0,0,COM3D2x64_Data\level13,360948,4B252D8C,24402
0,0,COM3D2x64_Data\level14,913588,A390EE11,24402
0,0,COM3D2x64_Data\level15,7524,84914406,24402
0,0,COM3D2x64_Data\level16,358780,944B64D9,24402
0,0,COM3D2x64_Data\level17,4664,E6C78417,24402
0,0,COM3D2x64_Data\level18,375468,443E15C8,24402
0,0,COM3D2x64_Data\level19,365148,08FD44A5,24402
0,0,COM3D2x64_Data\level20,987956,46419995,24402
0,0,COM3D2x64_Data\level21,468436,86FE8B80,24402
0,0,COM3D2x64_Data\level22,1117604,D802D9C4,24402
0,0,COM3D2x64_Data\level23,441468,E5EE77DA,24402
0,0,COM3D2x64_Data\level24,711820,14480964,24402
0,0,COM3D2x64_Data\level25,378804,C85BA495,24402
0,0,COM3D2x64_Data\level26,2235316,1C4F4BBB,24402
0,0,COM3D2x64_Data\level27,1147620,F2EB5292,24402
0,0,COM3D2x64_Data\level28,378804,B8E22F25,24402
0,0,COM3D2x64_Data\level29,1120924,45113B8A,24402
0,0,COM3D2x64_Data\level30,371428,FCFEBCA4,24402
0,0,COM3D2x64_Data\level31,478540,744A7084,24402
0,0,COM3D2x64_Data\level32,27904,E50B52BA,24402
0,0,COM3D2x64_Data\level32.resS,131232,851AC384,24402
0,0,COM3D2x64_Data\level33,51676,63B8BF5B,24402
0,0,COM3D2x64_Data\level34,56036,0888990B,24402
0,0,COM3D2x64_Data\level35,6824,607DACE7,24402
0,0,COM3D2x64_Data\level36,357228,26B9D21F,24402
0,0,COM3D2x64_Data\level37,1608916,88160600,24402
0,0,COM3D2x64_Data\level38,1465556,8712F7DC,24402
0,0,COM3D2x64_Data\level39,1487148,C0A094B9,24402
0,0,COM3D2x64_Data\level40,474884,AF3C9205,24402
0,0,COM3D2x64_Data\level41,426252,8D153F65,24402
0,0,COM3D2x64_Data\level42,457668,413D1B45,24402
0,0,COM3D2x64_Data\level43,1382556,D4A612BA,24402
0,0,COM3D2x64_Data\level44,1447020,3D9052B9,24402
0,0,COM3D2x64_Data\level45,1572428,7056B210,24402
0,0,COM3D2x64_Data\level46,444852,84AC092B,24402
0,0,COM3D2x64_Data\level47,411948,B5191A8F,24402
0,0,COM3D2x64_Data\level48,470316,BC2EE3BB,24402
0,0,COM3D2x64_Data\level49,427524,3A646D32,24402
0,0,COM3D2x64_Data\level50,1407300,98448581,24402
0,0,COM3D2x64_Data\level51,412212,81927DCC,24402
0,0,COM3D2x64_Data\level52,772628,22BFD871,24402
0,0,COM3D2x64_Data\level53,653100,78217D5A,24402
0,0,COM3D2x64_Data\level54,380972,AA5E669F,24402
0,0,COM3D2x64_Data\level55,1309260,5AB8003B,24402
0,0,COM3D2x64_Data\level56,1060052,938F41AB,24402
0,0,COM3D2x64_Data\level57,1067340,192D851B,24402
0,0,COM3D2x64_Data\level58,1309268,EECE3560,24402
0,0,COM3D2x64_Data\level59,1190068,895657B0,24402
0,0,COM3D2x64_Data\level60,978596,5D731DDA,24402
0,0,COM3D2x64_Data\level61,1264980,4F776FA0,24402
0,0,COM3D2x64_Data\level62,1365996,3B2797C1,24402
0,0,COM3D2x64_Data\level63,712188,553FFA9B,24402
0,0,COM3D2x64_Data\level64,950820,800E69F9,24402
0,0,COM3D2x64_Data\level65,432164,FDFD9937,24402
0,0,COM3D2x64_Data\level66,428532,1A963F3A,24402
0,0,COM3D2x64_Data\level67,472236,1E55C003,24402
0,0,COM3D2x64_Data\level68,494372,5D45F5CD,24402
0,0,COM3D2x64_Data\level69,422764,BD1FB2C6,24402
0,0,COM3D2x64_Data\level70,482724,5888B3FA,24402
0,0,COM3D2x64_Data\level71,1072836,1B6CD64A,24402
0,0,COM3D2x64_Data\level72,997404,519E07CC,24402
0,0,COM3D2x64_Data\level73,475564,82843923,24402
0,0,COM3D2x64_Data\level74,497708,8D11C266,24402
0,0,COM3D2x64_Data\level75,488284,342D593E,24402
0,0,COM3D2x64_Data\level76,1077244,470AF281,24402
0,0,COM3D2x64_Data\level77,1037684,9D241620,24402
0,0,COM3D2x64_Data\level78,481332,38FFD480,24402
0,0,COM3D2x64_Data\level79,465860,9E0D11F1,24402
0,0,COM3D2x64_Data\level80,447532,E08201C5,24402
0,0,COM3D2x64_Data\level81,390452,7A0737AF,24402
0,0,COM3D2x64_Data\level82,1416628,28044494,24402
0,0,COM3D2x64_Data\level83,1357556,3061CB2F,24402
0,0,COM3D2x64_Data\level84,534324,51654323,24402
0,0,COM3D2x64_Data\level85,436340,07E5121B,24402
0,0,COM3D2x64_Data\level86,1285580,7A9BB9D7,24402
0,0,COM3D2x64_Data\level87,1003420,47FC0373,24402
0,0,COM3D2x64_Data\level88,1462060,3610DDFD,24402
0,0,COM3D2x64_Data\level89,1403196,1A83AEA6,24402
0,0,COM3D2x64_Data\level90,1608932,008B2501,24402
0,0,COM3D2x64_Data\level91,1572444,0AB983A6,24402
0,0,COM3D2x64_Data\level92,1404340,02784896,24402
0,0,COM3D2x64_Data\level93,1370284,9DE6ECEA,24402
0,0,COM3D2x64_Data\level94,457292,99F4E9DA,24402
0,0,COM3D2x64_Data\level95,437764,DDD09EA4,24402
0,0,COM3D2x64_Data\level96,1081548,A984EB27,24402
0,0,COM3D2x64_Data\level97,882836,D6314911,24402
0,0,COM3D2x64_Data\level98,989604,C26DC865,24402
0,0,COM3D2x64_Data\level99,883812,DE1A897A,24402
0,0,COM3D2x64_Data\level100,1062804,3990ED7B,24402
0,0,COM3D2x64_Data\level101,1726436,BFC04C80,24402
0,0,COM3D2x64_Data\level102,1677500,58FDA1D4,24402
0,0,COM3D2x64_Data\level103,1145948,6AB7BD67,24402
0,0,COM3D2x64_Data\level104,1089780,23284010,24402
0,0,COM3D2x64_Data\level105,1545252,6D02A5AF,24402
0,0,COM3D2x64_Data\level106,1644180,67536EC0,24402
0,0,COM3D2x64_Data\level107,1087684,B00109CC,24402
0,0,COM3D2x64_Data\level108,1003228,12C9C32E,24402
0,0,COM3D2x64_Data\level109,1712180,33B59A68,24402
0,0,COM3D2x64_Data\level110,1608996,4CA50618,24402
0,0,COM3D2x64_Data\level111,498996,02B11A5F,24402
0,0,COM3D2x64_Data\level112,518772,F8F0FFB3,24402
0,0,COM3D2x64_Data\level113,607252,29F6BD5B,24402
0,0,COM3D2x64_Data\level114,566692,1E4A0AB0,24402
0,0,COM3D2x64_Data\level114.resS,131232,9337BCA3,24402
0,0,COM3D2x64_Data\level115,494052,ABD48A39,24402
0,0,COM3D2x64_Data\level116,593260,C8E0458B,24402
0,0,COM3D2x64_Data\level117,517364,3B717B54,24402
0,0,COM3D2x64_Data\level118,1766844,315E046C,24402
0,0,COM3D2x64_Data\level119,1509412,C3483283,24402
0,0,COM3D2x64_Data\level120,1337420,6FFFA5B3,24402
0,0,COM3D2x64_Data\level121,1168572,43E65146,24402
0,0,COM3D2x64_Data\level122,1255996,894EF11A,24402
0,0,COM3D2x64_Data\level123,1447340,63EA6423,24402
0,0,COM3D2x64_Data\level124,1353044,FFA186AF,24402
0,0,COM3D2x64_Data\level125,970612,6E4882AE,24402
0,0,COM3D2x64_Data\level126,588140,19285AC4,24402
0,0,COM3D2x64_Data\level127,1033492,60E5D6DF,24402
0,0,COM3D2x64_Data\level128,956172,0EFB6437,24402
0,0,COM3D2x64_Data\level129,737940,D1DB06C0,24402
0,0,COM3D2x64_Data\level130,970756,0387D905,24402
0,0,COM3D2x64_Data\level131,930340,BE4FA3D3,24402
0,0,COM3D2x64_Data\level132,896028,B8C58787,24402
0,0,COM3D2x64_Data\level133,870596,F0E66907,24402
0,0,COM3D2x64_Data\level134,561484,2BD11947,24402
0,0,COM3D2x64_Data\level135,565684,5B9AE45C,24402
0,0,COM3D2x64_Data\level136,591060,64880B70,24402
0,0,COM3D2x64_Data\level137,589460,9ECDA087,24402
0,0,COM3D2x64_Data\level138,591196,1A85717B,24402
0,0,COM3D2x64_Data\level139,593572,540D2171,24402
0,0,COM3D2x64_Data\level140,527780,9ECAFA0A,24402
0,0,COM3D2x64_Data\level141,531996,0751B753,24402
0,0,COM3D2x64_Data\level142,556220,F9F9F9BD,24402
0,0,COM3D2x64_Data\level143,586556,201AA236,24402
0,0,COM3D2x64_Data\level144,557348,7F02980E,24402
0,0,COM3D2x64_Data\level145,560340,8805BE7D,24402
0,0,COM3D2x64_Data\level146,549412,918FF04D,24402
0,0,COM3D2x64_Data\level147,587268,780134CD,24402
0,0,COM3D2x64_Data\level148,462260,93CD1A78,24402
0,0,COM3D2x64_Data\level149,363572,15C036AC,24402
0,0,COM3D2x64_Data\level150,445796,BBCE5EA9,24402
0,0,COM3D2x64_Data\level150.resS,131232,9337BCA3,24402
0,0,COM3D2x64_Data\level151,1031484,8D33F514,24402
0,0,COM3D2x64_Data\level152,1375932,D918285C,24402
0,0,COM3D2x64_Data\level153,414036,CA2EAE15,24402
0,0,COM3D2x64_Data\level154,453852,9313B933,24402
0,0,COM3D2x64_Data\level155,457940,D1BC7B35,24402
0,0,COM3D2x64_Data\resources.assets,472882556,55DC5556,24402
0,0,COM3D2x64_Data\resources.assets.resS,2071422816,4FF88495,24402
0,0,COM3D2x64_Data\resources.resource,1348672,632087DF,24402
0,0,COM3D2x64_Data\sharedassets0.assets,115228100,199BB17E,24402
0,0,COM3D2x64_Data\sharedassets0.assets.resS,28071636,8A34135A,24402
0,0,COM3D2x64_Data\sharedassets1.assets,6256,2CD75CC6,24402
0,0,COM3D2x64_Data\sharedassets2.assets,6292,994E423F,24402
0,0,COM3D2x64_Data\sharedassets3.assets,8296,83B649CA,24402
0,0,COM3D2x64_Data\sharedassets4.assets,12964,207BCC00,24402
0,0,COM3D2x64_Data\sharedassets5.assets,7276,BEC9A8F6,24402
0,0,COM3D2x64_Data\sharedassets6.assets,6160,C431DD52,24402
0,0,COM3D2x64_Data\sharedassets7.assets,6988,2387B298,24402
0,0,COM3D2x64_Data\sharedassets8.assets,6148,18924338,24402
0,0,COM3D2x64_Data\sharedassets9.assets,7108,5936388A,24402
0,0,COM3D2x64_Data\sharedassets10.assets,6124,86CF241F,24402
0,0,COM3D2x64_Data\sharedassets11.assets,6088,B3F48347,24402
0,0,COM3D2x64_Data\sharedassets12.assets,6448,E58681C4,24402
0,0,COM3D2x64_Data\sharedassets13.assets,6280,9DBD8217,24402
0,0,COM3D2x64_Data\sharedassets14.assets,6916,6A7BB7D4,24402
0,0,COM3D2x64_Data\sharedassets15.assets,4576,A943B0C2,24402
0,0,COM3D2x64_Data\sharedassets16.assets,6148,CF354B65,24402
0,0,COM3D2x64_Data\sharedassets17.assets,4132,3DA9802E,24402
0,0,COM3D2x64_Data\sharedassets18.assets,6868,C2D53BBB,24402
0,0,COM3D2x64_Data\sharedassets19.assets,6232,1710EF42,24402
0,0,COM3D2x64_Data\sharedassets20.assets,12676,BADFCD31,24402
0,0,COM3D2x64_Data\sharedassets21.assets,6328,F73C0E37,24402
0,0,COM3D2x64_Data\sharedassets22.assets,12736,E8F1B42F,24402
0,0,COM3D2x64_Data\sharedassets23.assets,6316,0510F391,24402
0,0,COM3D2x64_Data\sharedassets24.assets,6376,8A4A3BD1,24402
0,0,COM3D2x64_Data\sharedassets25.assets,6184,F6ED94BA,24402
0,0,COM3D2x64_Data\sharedassets26.assets,7108,792F2C57,24402
0,0,COM3D2x64_Data\sharedassets27.assets,12712,581D9BFA,24402
0,0,COM3D2x64_Data\sharedassets28.assets,6184,F9C790BF,24402
0,0,COM3D2x64_Data\sharedassets29.assets,12712,581D9BFA,24402
0,0,COM3D2x64_Data\sharedassets30.assets,6112,955AB6B3,24402
0,0,COM3D2x64_Data\sharedassets31.assets,18126856,FF646088,24402
0,0,COM3D2x64_Data\sharedassets32.assets,12328,61F87534,24402
0,0,COM3D2x64_Data\sharedassets33.assets,4420,0142D9B0,24402
0,0,COM3D2x64_Data\sharedassets34.assets,4324,834E944B,24402
0,0,COM3D2x64_Data\sharedassets35.assets,4264,AC6529B5,24402
0,0,COM3D2x64_Data\sharedassets36.assets,6124,664861BA,24402
0,0,COM3D2x64_Data\sharedassets37.assets,12676,B9AA06F9,24402
0,0,COM3D2x64_Data\sharedassets38.assets,12676,FC236D10,24402
0,0,COM3D2x64_Data\sharedassets39.assets,12676,F9DD4E2A,24402
0,0,COM3D2x64_Data\sharedassets40.assets,7228,7125B2FC,24402
0,0,COM3D2x64_Data\sharedassets41.assets,6976,9982B269,24402
0,0,COM3D2x64_Data\sharedassets42.assets,7264,050D0FE3,24402
0,0,COM3D2x64_Data\sharedassets43.assets,9400,AB6A6C1A,24402
0,0,COM3D2x64_Data\sharedassets44.assets,9508,16B37E4E,24402
0,0,COM3D2x64_Data\sharedassets45.assets,9496,3CB69C57,24402
0,0,COM3D2x64_Data\sharedassets46.assets,8560,4105FF20,24402
0,0,COM3D2x64_Data\sharedassets47.assets,6592,E0615755,24402
0,0,COM3D2x64_Data\sharedassets48.assets,8332,29AD6327,24402
0,0,COM3D2x64_Data\sharedassets49.assets,792692,6D892C4E,24402
0,0,COM3D2x64_Data\sharedassets49.assets.resS,6506584,427886ED,24402
0,0,COM3D2x64_Data\sharedassets50.assets,12676,9E303EA3,24402
0,0,COM3D2x64_Data\sharedassets51.assets,6592,89B21281,24402
0,0,COM3D2x64_Data\sharedassets52.assets,6928,7B375D9E,24402
0,0,COM3D2x64_Data\sharedassets53.assets,6724,DD581860,24402
0,0,COM3D2x64_Data\sharedassets54.assets,6136,B4BFD379,24402
0,0,COM3D2x64_Data\sharedassets55.assets,12760,95D55CE2,24402
0,0,COM3D2x64_Data\sharedassets56.assets,9292,AF61775B,24402
0,0,COM3D2x64_Data\sharedassets57.assets,9328,5F46DF9B,24402
0,0,COM3D2x64_Data\sharedassets58.assets,12760,95D55CE2,24402
0,0,COM3D2x64_Data\sharedassets59.assets,9532,779ADBCC,24402
0,0,COM3D2x64_Data\sharedassets60.assets,9328,5F46DF9B,24402
0,0,COM3D2x64_Data\sharedassets61.assets,9472,51D2D2BD,24402
0,0,COM3D2x64_Data\sharedassets62.assets,9508,16B37E4E,24402
0,0,COM3D2x64_Data\sharedassets63.assets,6652,BED124FC,24402
0,0,COM3D2x64_Data\sharedassets64.assets,9496,3CB69C57,24402
0,0,COM3D2x64_Data\sharedassets65.assets,42236540,016FAE2C,24402
0,0,COM3D2x64_Data\sharedassets65.assets.resS,87400,8BA6C322,24402
0,0,COM3D2x64_Data\sharedassets66.assets,38246508,16BC5D85,24402
0,0,COM3D2x64_Data\sharedassets67.assets,32874604,22983301,24402
0,0,COM3D2x64_Data\sharedassets68.assets,36735684,770CE649,24402
0,0,COM3D2x64_Data\sharedassets68.assets.resS,174776,5B619AF1,24402
0,0,COM3D2x64_Data\sharedassets69.assets,41277360,63E78DDC,24402
0,0,COM3D2x64_Data\sharedassets70.assets,39399112,F1684067,24402
0,0,COM3D2x64_Data\sharedassets71.assets,3017228,51B98799,24402
0,0,COM3D2x64_Data\sharedassets71.assets.resS,611728,7BFBEAAE,24402
0,0,COM3D2x64_Data\sharedassets72.assets,9556,1A2F2032,24402
0,0,COM3D2x64_Data\sharedassets73.assets,6508,FF448E83,24402
0,0,COM3D2x64_Data\sharedassets74.assets,6508,FF448E83,24402
0,0,COM3D2x64_Data\sharedassets75.assets,6508,FF448E83,24402
0,0,COM3D2x64_Data\sharedassets76.assets,12688,1B5C4581,24402
0,0,COM3D2x64_Data\sharedassets77.assets,9508,7130E795,24402
0,0,COM3D2x64_Data\sharedassets78.assets,6472,269FF7A8,24402
0,0,COM3D2x64_Data\sharedassets79.assets,59364,3C7D2052,24402
0,0,COM3D2x64_Data\sharedassets79.assets.resS,174776,B51EE5DC,24402
0,0,COM3D2x64_Data\sharedassets80.assets,6484,FAF8629F,24402
0,0,COM3D2x64_Data\sharedassets81.assets,6736,E38BF9C3,24402
0,0,COM3D2x64_Data\sharedassets82.assets,759744,66E1A65B,24402
0,0,COM3D2x64_Data\sharedassets82.assets.resS,1310880,58801C35,24402
0,0,COM3D2x64_Data\sharedassets82.resource,1178176,90268BF4,24402
0,0,COM3D2x64_Data\sharedassets83.assets,9376,C9D749D7,24402
0,0,COM3D2x64_Data\sharedassets84.assets,3412512,7F2E8BEE,24402
0,0,COM3D2x64_Data\sharedassets84.assets.resS,6226112,B3E98769,24402
0,0,COM3D2x64_Data\sharedassets85.assets,6580,2D653732,24402
0,0,COM3D2x64_Data\sharedassets86.assets,13936,32474E09,24402
0,0,COM3D2x64_Data\sharedassets87.assets,9496,3CB69C57,24402
0,0,COM3D2x64_Data\sharedassets88.assets,12712,562C268D,24402
0,0,COM3D2x64_Data\sharedassets89.assets,9496,D997AE39,24402
0,0,COM3D2x64_Data\sharedassets90.assets,12676,B9AA06F9,24402
0,0,COM3D2x64_Data\sharedassets91.assets,9496,3CB69C57,24402
0,0,COM3D2x64_Data\sharedassets92.assets,12712,562C268D,24402
0,0,COM3D2x64_Data\sharedassets93.assets,10444,BA445D85,24402
0,0,COM3D2x64_Data\sharedassets94.assets,6928,7A488CA2,24402
0,0,COM3D2x64_Data\sharedassets95.assets,6436,5E6C10CB,24402
0,0,COM3D2x64_Data\sharedassets96.assets,11732,9DE72515,24402
0,0,COM3D2x64_Data\sharedassets96.resource,2729184,2D4064D6,24402
0,0,COM3D2x64_Data\sharedassets97.assets,11596,09EAD71D,24402
0,0,COM3D2x64_Data\sharedassets98.assets,8296,209CB888,24402
0,0,COM3D2x64_Data\sharedassets99.assets,7612,22145CFF,24402
0,0,COM3D2x64_Data\sharedassets100.assets,353948,86881AB5,24402
0,0,COM3D2x64_Data\sharedassets100.assets.resS,2272048,E50143CB,24402
0,0,COM3D2x64_Data\sharedassets100.resource,6236800,C7E9CFDE,24402
0,0,COM3D2x64_Data\sharedassets101.assets,6568400,D4BCAEED,24402
0,0,COM3D2x64_Data\sharedassets101.assets.resS,10936,3B0D7ADF,24402
0,0,COM3D2x64_Data\sharedassets101.resource,1136352,956B5452,24402
0,0,COM3D2x64_Data\sharedassets102.assets,10312,782DA01A,24402
0,0,COM3D2x64_Data\sharedassets103.assets,12844,D93AB8AB,24402
0,0,COM3D2x64_Data\sharedassets104.assets,9640,2DBF667E,24402
0,0,COM3D2x64_Data\sharedassets105.assets,9764,0078D4B7,24402
0,0,COM3D2x64_Data\sharedassets105.resource,1003968,52A085C2,24402
0,0,COM3D2x64_Data\sharedassets106.assets,13000,E9A0705D,24402
0,0,COM3D2x64_Data\sharedassets107.assets,12904,6C1ACFCD,24402
0,0,COM3D2x64_Data\sharedassets108.assets,9580,9540F43E,24402
0,0,COM3D2x64_Data\sharedassets109.assets,13348,FE446509,24402
0,0,COM3D2x64_Data\sharedassets109.resource,1166848,2709F6C2,24402
0,0,COM3D2x64_Data\sharedassets110.assets,9892,E2CCEFEB,24402
0,0,COM3D2x64_Data\sharedassets111.assets,6664,063BFA05,24402
0,0,COM3D2x64_Data\sharedassets112.assets,6664,063BFA05,24402
0,0,COM3D2x64_Data\sharedassets113.assets,6628,08A4FDC0,24402
0,0,COM3D2x64_Data\sharedassets114.assets,6340,D94EEEB5,24402
0,0,COM3D2x64_Data\sharedassets115.assets,6628,08A4FDC0,24402
0,0,COM3D2x64_Data\sharedassets116.assets,6724,E1E7BAFD,24402
0,0,COM3D2x64_Data\sharedassets117.assets,6628,08A4FDC0,24402
0,0,COM3D2x64_Data\sharedassets118.assets,12856,036F6C51,24402
0,0,COM3D2x64_Data\sharedassets119.assets,9544,874AFF09,24402
0,0,COM3D2x64_Data\sharedassets120.assets,394920,1B692C7E,24402
0,0,COM3D2x64_Data\sharedassets120.assets.resS,2184640,DF887086,24402
0,0,COM3D2x64_Data\sharedassets121.assets,9748,95A08E53,24402
0,0,COM3D2x64_Data\sharedassets121.resource,2751968,AE761A89,24402
0,0,COM3D2x64_Data\sharedassets122.assets,12928,3DE7ECE5,24402
0,0,COM3D2x64_Data\sharedassets123.assets,12964,C12FA9B0,24402
0,0,COM3D2x64_Data\sharedassets124.assets,9640,21C9427B,24402
0,0,COM3D2x64_Data\sharedassets125.assets,7172,078377AC,24402
0,0,COM3D2x64_Data\sharedassets125.resource,6331552,B816A215,24402
0,0,COM3D2x64_Data\sharedassets126.assets,7048,CEC0ABEF,24402
0,0,COM3D2x64_Data\sharedassets127.assets,86916,D77B95FD,24402
0,0,COM3D2x64_Data\sharedassets127.resource,8838816,EBFF12DA,24402
0,0,COM3D2x64_Data\sharedassets128.assets,8200,B5A154C5,24402
0,0,COM3D2x64_Data\sharedassets129.assets,7840,C9D4D41C,24402
0,0,COM3D2x64_Data\sharedassets130.assets,11332,FE587083,24402
0,0,COM3D2x64_Data\sharedassets131.assets,8140,CAFC6619,24402
0,0,COM3D2x64_Data\sharedassets132.assets,615896,979C1850,24402
0,0,COM3D2x64_Data\sharedassets132.assets.resS,6138632,73B447A4,24402
0,0,COM3D2x64_Data\sharedassets133.assets,7024,F1FAF352,24402
0,0,COM3D2x64_Data\sharedassets134.assets,6928,B56B38E5,24402
0,0,COM3D2x64_Data\sharedassets135.assets,6928,B56B38E5,24402
0,0,COM3D2x64_Data\sharedassets136.assets,6928,B56B38E5,24402
0,0,COM3D2x64_Data\sharedassets137.assets,6928,B56B38E5,24402
0,0,COM3D2x64_Data\sharedassets138.assets,6928,B56B38E5,24402
0,0,COM3D2x64_Data\sharedassets139.assets,6928,B56B38E5,24402
0,0,COM3D2x64_Data\sharedassets140.assets,6628,08A4FDC0,24402
0,0,COM3D2x64_Data\sharedassets141.assets,6628,08A4FDC0,24402
0,0,COM3D2x64_Data\sharedassets142.assets,6628,08A4FDC0,24402
0,0,COM3D2x64_Data\sharedassets143.assets,6628,08A4FDC0,24402
0,0,COM3D2x64_Data\sharedassets144.assets,6628,08A4FDC0,24402
0,0,COM3D2x64_Data\sharedassets145.assets,6628,08A4FDC0,24402
0,0,COM3D2x64_Data\sharedassets146.assets,6628,08A4FDC0,24402
0,0,COM3D2x64_Data\sharedassets147.assets,6928,B56B38E5,24402
0,0,COM3D2x64_Data\sharedassets148.assets,6448,87D767FE,24402
0,0,COM3D2x64_Data\sharedassets149.assets,6160,35BCF839,24402
0,0,COM3D2x64_Data\sharedassets150.assets,7276,2911D94C,24402
0,0,COM3D2x64_Data\sharedassets151.assets,213676,8C103903,24402
0,0,COM3D2x64_Data\sharedassets151.assets.resS,174776,583F8A72,24402
0,0,COM3D2x64_Data\sharedassets152.assets,10260,60C0F773,24402
0,0,COM3D2x64_Data\sharedassets153.assets,6448,7A200B0E,24402
0,0,COM3D2x64_Data\sharedassets154.assets,6448,344A1786,24402
0,0,COM3D2x64_Data\sharedassets155.assets,6568,5C1DB3FD,24402
0,0,COM3D2x64.exe,22841856,A9562BF9,24402
share,../com3d2data\GameData\ja\motion_omytgc035_2.arc,GameData\motion_omytgc035_2.arc,626379,5C67B1FA,24400
share,../com3d2data\GameData\ja\voice2.arc,GameData\voice2.arc,978689805,76ABD21C,24401
share,../com3d2data\GameData\ja_script\script.arc,GameData\script.arc,16674838,8C6DF534,24404
share,../com3d2data\GameData\ja_script\script_charaevent009ntr_2.arc,GameData\script_charaevent009ntr_2.arc,36114,B411C22A,24402
share,../com3d2data\GameData\ja_script\script_dateplan001_2.arc,GameData\script_dateplan001_2.arc,2514,3616DD6A,24400
share,../com3d2data\GameData\ja_script\script_omytgc031_2.arc,GameData\script_omytgc031_2.arc,11730,FF9EFAB1,24402
share,../com3d2data\GameData\ja_script\script_omytgc031_add2_2.arc,GameData\script_omytgc031_add2_2.arc,13682,ECAA9DA6,24402
share,../com3d2data\GameData\ja_script\script_omytgc032_2.arc,GameData\script_omytgc032_2.arc,248570,7C68249B,24402
share,../com3d2data\GameData\ja_script\script_omytgc035_2.arc,GameData\script_omytgc035_2.arc,39714,7BBAC127,24402
share,../com3d2data\GameData\ja_script\script_personal_om003plus_2.arc,GameData\script_personal_om003plus_2.arc,44514,BF2E5D64,24402
share,../com3d2data\GameData\ja_script\script_personal_om007_2.arc,GameData\script_personal_om007_2.arc,259116,2DA2D6CE,24402
share,../com3d2data\GameData\ja_script\script_personal_om008_2.arc,GameData\script_personal_om008_2.arc,251849,9AEEA588,24400
share,../com3d2data\GameData\ja_script\script_personal_om012_gp002_2.arc,GameData\script_personal_om012_gp002_2.arc,32130,05B5697D,24401
share,../com3d2data\GameData\ja_script\script_select001_2.arc,GameData\script_select001_2.arc,24146,BA4D5423,24402
share,../com3d2data\GameData\ja_script\script_stream001_2.arc,GameData\script_stream001_2.arc,2162,BFF4B091,24402
share,../com3d2data\GameData\ja_script\script_trio002_2.arc,GameData\script_trio002_2.arc,8834,ACF4BB92,24401
share,../com3d2data\GameData\ja_script\script_valentine2025_2.arc,GameData\script_valentine2025_2.arc,11522,181ABC2F,24400
share,../com3d2data\GameData\ja_script\script_x_galplus_2.arc,GameData\script_x_galplus_2.arc,16162,B8EAFA5F,24400
share,../com3d2data\GameData\ja_script\script_x001_2.arc,GameData\script_x001_2.arc,23155861,1FD6CF4D,24400
share,../com3d2data\GameData\ja_script\script_x001plus_2.arc,GameData\script_x001plus_2.arc,23472311,77E9552A,24400
share,../com3d2data\GameData\patch\bg_cw010_2.arc,GameData\bg_cw010_2.arc,18093072,42FCE41A,24402
share,../com3d2data\GameData\patch\csv.arc,GameData\csv.arc,44985841,3ADB7847,24407
share,../com3d2data\GameData\patch\csv_dance_hhs_2.arc,GameData\csv_dance_hhs_2.arc,818,E0195413,24401
share,../com3d2data\GameData\patch\csv_dance_smt_2.arc,GameData\csv_dance_smt_2.arc,770,6B48DF0B,24401
share,../com3d2data\GameData\patch\csv_dance_sse_2.arc,GameData\csv_dance_sse_2.arc,786,A9BBB348,24401
share,../com3d2data\GameData\patch\parts_dlc363_2.arc,GameData\parts_dlc363_2.arc,11514704,647316E5,24400
share,../com3d2data\GameData\patch\parts_dlc368_2.arc,GameData\parts_dlc368_2.arc,142902,0FB0973B,24402
share,../com3d2data\GameData\patch\parts_dlc528_2.arc,GameData\parts_dlc528_2.arc,1503027,E8538580,24402
share,../com3d2data\GameData\patch\parts_gp003_2.arc,GameData\parts_gp003_2.arc,156431709,F4CA31A2,24402
share,../com3d2data\GameData\patch\parts_nightpool001_add2_2.arc,GameData\parts_nightpool001_add2_2.arc,201787,7774246B,24402
share,../com3d2data\GameData\patch\parts_oldplus011cloth_2.arc,GameData\parts_oldplus011cloth_2.arc,228764,3AE1A229,24402
share,../com3d2data\GameData\patch\parts_sp001_2.arc,GameData\parts_sp001_2.arc,368802,36296F61,24402
share,../com3d2data\GameData\patch\parts2.arc,GameData\parts2.arc,224249617,199F468F,24402
share,../com3d2data\GameData\patch\paths.dat,GameData\paths.dat,19865,3F70A62D,24404
share,../com3d2data\GameData\patch\prioritymaterial.arc,GameData\prioritymaterial.arc,874015,EB4EB963,24402
share,../com3d2data\GameData\patch\sound_dance_hhs_2.arc,GameData\sound_dance_hhs_2.arc,16074673,9745C9D8,24401
share,../com3d2data\GameData\patch\sound_dance_smt_2.arc,GameData\sound_dance_smt_2.arc,19977815,0A32078B,24401
share,../com3d2data\GameData\patch\sound_dance_sse_2.arc,GameData\sound_dance_sse_2.arc,18108195,40971188,24401
share,../com3d2data\GameData\patch\sound_maidtaisou_2.arc,GameData\sound_maidtaisou_2.arc,7299538,D151932F,24401
share,../com3d2data\GameData\patch\system2.arc,GameData\system2.arc,48453878,E4132D16,24402
share,../com3d2data\GameData_20\material_cas133_2.arc,GameData_20\material_cas133_2.arc,2546,0E77C955,1744
share,../com3d2data\GameData_20\material_denkigai2021s_2.arc,GameData_20\material_denkigai2021s_2.arc,1730,5A8CFCE7,1744
share,../com3d2data\GameData_20\material_dlc004_2.arc,GameData_20\material_dlc004_2.arc,5042,54116788,1744
share,../com3d2data\GameData_20\material_dlc007_2.arc,GameData_20\material_dlc007_2.arc,5122,7C7A291B,1744
share,../com3d2data\GameData_20\material_dlc326_2.arc,GameData_20\material_dlc326_2.arc,1682,5D16A84A,1744
share,../com3d2data\GameData_20\material_dlc386_2.arc,GameData_20\material_dlc386_2.arc,13250,4D9AA74F,1744
share,../com3d2data\GameData_20\material_dlc414_2.arc,GameData_20\material_dlc414_2.arc,13474,9E58194A,1744
share,../com3d2data\GameData_20\material_dlc427_2.arc,GameData_20\material_dlc427_2.arc,13746,1B72758F,1744
share,../com3d2data\GameData_20\material_dlc437hair_2.arc,GameData_20\material_dlc437hair_2.arc,1746,F7DF6102,1744
share,../com3d2data\GameData_20\material_dlc488_2.arc,GameData_20\material_dlc488_2.arc,1714,1AA5F731,1744
share,../com3d2data\GameData_20\menu_cas133_2.arc,GameData_20\menu_cas133_2.arc,8962,B2C49D27,1744
share,../com3d2data\GameData_20\menu_cas134_2.arc,GameData_20\menu_cas134_2.arc,9090,F8D6780D,1744
share,../com3d2data\GameData_20\menu_dlc004_2.arc,GameData_20\menu_dlc004_2.arc,3362,F70C6943,1744
share,../com3d2data\GameData_20\menu_dlc286_2.arc,GameData_20\menu_dlc286_2.arc,2626,18F6964C,1744
share,../com3d2data\GameData_20\menu_dlc326_2.arc,GameData_20\menu_dlc326_2.arc,1730,625DC929,1744
share,../com3d2data\GameData_20\menu_dlc363_2.arc,GameData_20\menu_dlc363_2.arc,2050,28BB461D,1744
share,../com3d2data\GameData_20\menu_dlc386_2.arc,GameData_20\menu_dlc386_2.arc,8242,43DF28B0,1744
share,../com3d2data\GameData_20\menu_dlc399_2.arc,GameData_20\menu_dlc399_2.arc,1234,9EC7D1A9,1744
share,../com3d2data\GameData_20\menu_dlc414_2.arc,GameData_20\menu_dlc414_2.arc,3666,01397BC6,1744
share,../com3d2data\GameData_20\menu_dlc423_2.arc,GameData_20\menu_dlc423_2.arc,3298,861496D6,1744
share,../com3d2data\GameData_20\menu_dlc487_2.arc,GameData_20\menu_dlc487_2.arc,3266,52969574,1744
share,../com3d2data\GameData_20\menu_dlc526_2.arc,GameData_20\menu_dlc526_2.arc,4258,988E8441,1744
share,../com3d2data\GameData_20\menu_gp001_2.arc,GameData_20\menu_gp001_2.arc,6770,59BE68C7,1744
share,../com3d2data\GameData_20\menu_oldplus009cloth_2.arc,GameData_20\menu_oldplus009cloth_2.arc,9602,4E06F551,1744
share,../com3d2data\GameData_20\menu_personal_om008_2.arc,GameData_20\menu_personal_om008_2.arc,6866,2468F845,1744
share,../com3d2data\GameData_20\model_cas043_2.arc,GameData_20\model_cas043_2.arc,166587,C4122F7E,1744
share,../com3d2data\GameData_20\model_cas056_2.arc,GameData_20\model_cas056_2.arc,515645,4C84558A,1744
share,../com3d2data\GameData_20\model_cas064_2.arc,GameData_20\model_cas064_2.arc,116026,0A8CC175,1744
share,../com3d2data\GameData_20\model_cas099_2.arc,GameData_20\model_cas099_2.arc,120018,F24B9C93,1744
share,../com3d2data\GameData_20\model_cas113_2.arc,GameData_20\model_cas113_2.arc,474721,DDA747D5,1744
share,../com3d2data\GameData_20\model_cas133_2.arc,GameData_20\model_cas133_2.arc,1797049,9CFB4397,1744
share,../com3d2data\GameData_20\model_cw004cloth1_2.arc,GameData_20\model_cw004cloth1_2.arc,877052,EEB61B76,1744
share,../com3d2data\GameData_20\model_cw004cloth3_2.arc,GameData_20\model_cw004cloth3_2.arc,392556,2C567671,1744
share,../com3d2data\GameData_20\model_cw007cloth2_2.arc,GameData_20\model_cw007cloth2_2.arc,198050,99EE2B6C,1744
share,../com3d2data\GameData_20\model_denkigai2020s_2.arc,GameData_20\model_denkigai2020s_2.arc,70702,A7C3EBB2,1744
share,../com3d2data\GameData_20\model_dlc004_2.arc,GameData_20\model_dlc004_2.arc,285512,53E9912D,1744
share,../com3d2data\GameData_20\model_dlc007_2.arc,GameData_20\model_dlc007_2.arc,72986,85596DB7,1744
share,../com3d2data\GameData_20\model_dlc038_2.arc,GameData_20\model_dlc038_2.arc,171553,12426AA2,1744
share,../com3d2data\GameData_20\model_dlc264_2.arc,GameData_20\model_dlc264_2.arc,1284137,3BAA1822,1744
share,../com3d2data\GameData_20\model_dlc314_2.arc,GameData_20\model_dlc314_2.arc,102829,E3EE6B88,1744
share,../com3d2data\GameData_20\model_dlc317_2.arc,GameData_20\model_dlc317_2.arc,4235399,79891393,1744
share,../com3d2data\GameData_20\model_dlc326_2.arc,GameData_20\model_dlc326_2.arc,414866,4374BB67,1744
share,../com3d2data\GameData_20\model_dlc345_2.arc,GameData_20\model_dlc345_2.arc,305873,22B2B3C4,1744
share,../com3d2data\GameData_20\model_dlc363_2.arc,GameData_20\model_dlc363_2.arc,910499,3673CAEF,1744
share,../com3d2data\GameData_20\model_dlc368_2.arc,GameData_20\model_dlc368_2.arc,228834,D8234312,1745
share,../com3d2data\GameData_20\model_dlc392_2.arc,GameData_20\model_dlc392_2.arc,1183892,E5FCC07F,1744
share,../com3d2data\GameData_20\model_dlc414_2.arc,GameData_20\model_dlc414_2.arc,399533,EA325852,1744
share,../com3d2data\GameData_20\model_dlc423_2.arc,GameData_20\model_dlc423_2.arc,243401,53F93DDE,1744
share,../com3d2data\GameData_20\model_dlc437_2.arc,GameData_20\model_dlc437_2.arc,487721,9BBC736D,1744
share,../com3d2data\GameData_20\model_dlc437hair_2.arc,GameData_20\model_dlc437hair_2.arc,354059,D48CD13B,1744
share,../com3d2data\GameData_20\model_dlc450_2.arc,GameData_20\model_dlc450_2.arc,508820,CFFA2D48,1744
share,../com3d2data\GameData_20\model_dlc451_2.arc,GameData_20\model_dlc451_2.arc,537178,E56CAB81,1744
share,../com3d2data\GameData_20\model_dlc462_2.arc,GameData_20\model_dlc462_2.arc,337274,335419B3,1744
share,../com3d2data\GameData_20\model_dlc466_2.arc,GameData_20\model_dlc466_2.arc,220262,A2895402,1744
share,../com3d2data\GameData_20\model_dlc475_2.arc,GameData_20\model_dlc475_2.arc,1346362,9820A575,1744
share,../com3d2data\GameData_20\model_dlc505_2.arc,GameData_20\model_dlc505_2.arc,114740,AF1B0F13,1744
share,../com3d2data\GameData_20\model_dlc508_2.arc,GameData_20\model_dlc508_2.arc,1171745,91EBD4B1,1744
share,../com3d2data\GameData_20\model_dlc510_2.arc,GameData_20\model_dlc510_2.arc,1798570,28BA1A40,1744
share,../com3d2data\GameData_20\model_dlc513_2.arc,GameData_20\model_dlc513_2.arc,142742,C92F2E78,1744
share,../com3d2data\GameData_20\model_dlc519_2.arc,GameData_20\model_dlc519_2.arc,196088,933B2E23,1744
share,../com3d2data\GameData_20\model_dlc520_2.arc,GameData_20\model_dlc520_2.arc,647048,A82B87A1,1744
share,../com3d2data\GameData_20\model_dlc527_2.arc,GameData_20\model_dlc527_2.arc,263958,D13DC3A3,1744
share,../com3d2data\GameData_20\model_dlc528_2.arc,GameData_20\model_dlc528_2.arc,1494027,45D5AB2F,1745
share,../com3d2data\GameData_20\model_dlc536_2.arc,GameData_20\model_dlc536_2.arc,1135095,9F93E2F2,1744
share,../com3d2data\GameData_20\model_oldplus011cloth_2.arc,GameData_20\model_oldplus011cloth_2.arc,204370,BE9D89E8,1745
share,../com3d2data\GameData_20\model_personal_om008_2.arc,GameData_20\model_personal_om008_2.arc,219900,95ED3847,1744
share,../com3d2data\GameData_20\paths.dat,GameData_20\paths.dat,15335,2E63AA64,1833
share,../com3d2data\GameData_20\prioritymaterial.arc,GameData_20\prioritymaterial.arc,452593,1CF309EF,1833
share,../com3d2data\GameData_20\texture_cas113_2.arc,GameData_20\texture_cas113_2.arc,46625634,E6F2E799,1744
share,../com3d2data\GameData_20\texture_cas139_2.arc,GameData_20\texture_cas139_2.arc,8118853,61331B0E,1744
share,../com3d2data\GameData_20\texture_dlc004_2.arc,GameData_20\texture_dlc004_2.arc,4805793,1C7DB786,1744
share,../com3d2data\GameData_20\texture_dlc363_2.arc,GameData_20\texture_dlc363_2.arc,10910542,60E1B3DE,1744
share,../com3d2data\GameData_20\texture_dlc377_2.arc,GameData_20\texture_dlc377_2.arc,2633123,5A9C0F72,1744
share,../com3d2data\GameData_20\texture_dlc386_2.arc,GameData_20\texture_dlc386_2.arc,1022408,504C11D3,1744
share,../com3d2data\GameData_20\texture_dlc405_2.arc,GameData_20\texture_dlc405_2.arc,4522663,AD657DA6,1744
share,../com3d2data\GameData_20\texture_dlc414_2.arc,GameData_20\texture_dlc414_2.arc,8276290,844E9DDA,1744
share,../com3d2data\GameData_20\texture_dlc437_2.arc,GameData_20\texture_dlc437_2.arc,21879766,37D74A80,1744
share,../com3d2data\GameData_20\texture_dlc475_2.arc,GameData_20\texture_dlc475_2.arc,12536480,61782DA5,1744
share,../com3d2data\GameData_20\texture_dlc526_2.arc,GameData_20\texture_dlc526_2.arc,8210,1462E6A1,1744
share,../com3d2data\GameData_20\texture_dlc536_2.arc,GameData_20\texture_dlc536_2.arc,20742956,B73EA101,1744
