0,0,COM3D2x64_Data\Managed\Assembly-CSharp.dll,6289920,7B4A0C52,34301
0,0,COM3D2x64_Data\boot.config,128,F10F0B89,34301
0,0,COM3D2x64_Data\globalgamemanagers,5334652,9B0474E5,34301
0,0,COM3D2x64_Data\globalgamemanagers.assets,566992,345A14E3,34301
0,0,COM3D2x64_Data\level0,362852,6A71701D,34301
0,0,COM3D2x64_Data\level1,385788,0CC98EA3,34301
0,0,COM3D2x64_Data\level2,381452,AAFFC232,34301
0,0,COM3D2x64_Data\level3,1271972,FCC1F703,34301
0,0,COM3D2x64_Data\level4,1312452,19FCB8FC,34301
0,0,COM3D2x64_Data\level5,1359900,0798E666,34301
0,0,COM3D2x64_Data\level6,364884,D47BAC9A,34301
0,0,COM3D2x64_Data\level7,1099036,C96818B4,34301
0,0,COM3D2x64_Data\level8,396468,E885225C,34301
0,0,COM3D2x64_Data\level9,465508,5820F481,34301
0,0,COM3D2x64_Data\level10,390252,268B267B,34301
0,0,COM3D2x64_Data\level11,363380,0E6BE408,34301
0,0,COM3D2x64_Data\level12,476180,E5667F70,34301
0,0,COM3D2x64_Data\level13,367588,F260A1E1,34301
0,0,COM3D2x64_Data\level14,916636,994E4F41,34301
0,0,COM3D2x64_Data\level15,4996,C4CE6A44,34301
0,0,COM3D2x64_Data\level16,365372,570ADD8E,34301
0,0,COM3D2x64_Data\level17,1192,C268D963,34301
0,0,COM3D2x64_Data\level18,382172,1F717784,34301
0,0,COM3D2x64_Data\level19,371932,44B395B5,34301
0,0,COM3D2x64_Data\level20,1050388,C6CAF978,34301
0,0,COM3D2x64_Data\level21,469828,E4D20611,34301
0,0,COM3D2x64_Data\level22,1180308,E290FEA3,34301
0,0,COM3D2x64_Data\level23,448700,6C7B112E,34301
0,0,COM3D2x64_Data\level24,714556,F0BBBC05,34301
0,0,COM3D2x64_Data\level25,386244,E65FFC5E,34301
0,0,COM3D2x64_Data\level26,2246572,67EB5298,34301
0,0,COM3D2x64_Data\level27,1210692,27249600,34301
0,0,COM3D2x64_Data\level28,386244,4D5212B3,34301
0,0,COM3D2x64_Data\level29,1183484,18E32B2E,34301
0,0,COM3D2x64_Data\level30,378644,237CB8AD,34301
0,0,COM3D2x64_Data\level31,488244,1FF4CCA6,34301
0,0,COM3D2x64_Data\level32,29832,04CA01CC,34301
0,0,COM3D2x64_Data\level33,58924,C0907BD7,34301
0,0,COM3D2x64_Data\level34,64856,F8D58478,34301
0,0,COM3D2x64_Data\level35,4032,9B6B26EE,34301
0,0,COM3D2x64_Data\level36,363772,07F9D24D,34301
0,0,COM3D2x64_Data\level37,1686708,9ED794C1,34301
0,0,COM3D2x64_Data\level38,1541028,42EA0224,34301
0,0,COM3D2x64_Data\level39,1562892,22521BC5,34301
0,0,COM3D2x64_Data\level40,461700,4728866B,34301
0,0,COM3D2x64_Data\level41,420684,9B7E673E,34301
0,0,COM3D2x64_Data\level42,462436,038893E3,34301
0,0,COM3D2x64_Data\level43,1454260,90A6038F,34301
0,0,COM3D2x64_Data\level44,1524452,CAABE7CC,34301
0,0,COM3D2x64_Data\level45,1652068,B19ADDCB,34301
0,0,COM3D2x64_Data\level46,457476,19086288,34301
0,0,COM3D2x64_Data\level47,411820,EA3975D5,34301
0,0,COM3D2x64_Data\level48,463508,8B129829,34301
0,0,COM3D2x64_Data\level49,430860,D5463A56,34301
0,0,COM3D2x64_Data\level50,1481108,65D1CF7A,34301
0,0,COM3D2x64_Data\level51,414788,8BF257BE,34301
0,0,COM3D2x64_Data\level52,712852,04CA88D8,34301
0,0,COM3D2x64_Data\level53,579316,AE90B162,34301
0,0,COM3D2x64_Data\level54,387636,3656CAEA,34301
0,0,COM3D2x64_Data\level55,1380412,0EE91A0A,34301
0,0,COM3D2x64_Data\level56,1123300,CC2C6995,34301
0,0,COM3D2x64_Data\level57,1130660,BFD3ABC6,34301
0,0,COM3D2x64_Data\level58,1380412,EE6FAEDE,34301
0,0,COM3D2x64_Data\level59,1260732,2E338C1A,34301
0,0,COM3D2x64_Data\level60,1041996,65F8F3EB,34301
0,0,COM3D2x64_Data\level61,1337596,F1248EBF,34301
0,0,COM3D2x64_Data\level62,1441492,42C96677,34301
0,0,COM3D2x64_Data\level63,730412,D57682D4,34301
0,0,COM3D2x64_Data\level64,1015052,F6627206,34301
0,0,COM3D2x64_Data\level65,440908,CCD55F0B,34301
0,0,COM3D2x64_Data\level66,437180,88116406,34301
0,0,COM3D2x64_Data\level67,481924,EE31DFC1,34301
0,0,COM3D2x64_Data\level68,504692,25E02ED0,34301
0,0,COM3D2x64_Data\level69,431172,18BD168E,34301
0,0,COM3D2x64_Data\level70,492740,69EDDF2C,34301
0,0,COM3D2x64_Data\level71,1142124,B10EC989,34301
0,0,COM3D2x64_Data\level72,1060988,BC7566DF,34301
0,0,COM3D2x64_Data\level73,485108,AED691C2,34301
0,0,COM3D2x64_Data\level74,507828,6E3A2ECD,34301
0,0,COM3D2x64_Data\level75,498164,81FB2997,34301
0,0,COM3D2x64_Data\level76,1142108,42A0D707,34301
0,0,COM3D2x64_Data\level77,1104284,A16E2217,34301
0,0,COM3D2x64_Data\level78,490996,DC08B055,34301
0,0,COM3D2x64_Data\level79,475164,4FFC5BA8,34301
0,0,COM3D2x64_Data\level80,456316,008CCC66,34301
0,0,COM3D2x64_Data\level81,392628,0DDC502F,34301
0,0,COM3D2x64_Data\level82,1491300,098910F3,34301
0,0,COM3D2x64_Data\level83,1430388,0AA8A192,34301
0,0,COM3D2x64_Data\level84,547732,0C7D414E,34301
0,0,COM3D2x64_Data\level85,439332,8B734277,34301
0,0,COM3D2x64_Data\level86,1370492,220D201E,34301
0,0,COM3D2x64_Data\level87,1069260,08BF7C94,34301
0,0,COM3D2x64_Data\level88,1548124,DA845F7A,34301
0,0,COM3D2x64_Data\level89,1488564,1A0453D4,34301
0,0,COM3D2x64_Data\level90,1686724,06412155,34301
0,0,COM3D2x64_Data\level91,1652084,86B4AD94,34301
0,0,COM3D2x64_Data\level92,1488908,29A92A24,34301
0,0,COM3D2x64_Data\level93,1454268,5012872E,34301
0,0,COM3D2x64_Data\level94,452716,13F4E1D4,34301
0,0,COM3D2x64_Data\level95,442892,28C0A2FA,34301
0,0,COM3D2x64_Data\level96,1124820,B2526E31,34301
0,0,COM3D2x64_Data\level97,918748,3D97047D,34301
0,0,COM3D2x64_Data\level98,1024804,3EFFDCE9,34301
0,0,COM3D2x64_Data\level99,915804,571640F7,34301
0,0,COM3D2x64_Data\level100,1124292,069838F2,34301
0,0,COM3D2x64_Data\level101,1823692,82DA33D0,34301
0,0,COM3D2x64_Data\level102,1774164,5B641C43,34301
0,0,COM3D2x64_Data\level103,1211988,EAB4A07A,34301
0,0,COM3D2x64_Data\level104,1155516,A738FEE4,34301
0,0,COM3D2x64_Data\level105,1634500,772746CF,34301
0,0,COM3D2x64_Data\level106,1739284,B362D647,34301
0,0,COM3D2x64_Data\level107,1153252,6C494342,34301
0,0,COM3D2x64_Data\level108,1062588,1EF9C841,34301
0,0,COM3D2x64_Data\level109,1810652,B7F1273B,34301
0,0,COM3D2x64_Data\level110,1698556,AA06671B,34301
0,0,COM3D2x64_Data\level111,515108,661FC161,34301
0,0,COM3D2x64_Data\level112,535412,8B064618,34301
0,0,COM3D2x64_Data\level113,626140,AD9D32F8,34301
0,0,COM3D2x64_Data\level114,563084,0858E001,34301
0,0,COM3D2x64_Data\level115,510012,36D1D7F9,34301
0,0,COM3D2x64_Data\level116,624252,A4FA865D,34301
0,0,COM3D2x64_Data\level117,533932,FE8A2654,34301
0,0,COM3D2x64_Data\level118,1867860,844FEBBD,34301
0,0,COM3D2x64_Data\level119,1592348,DB4424D9,34301
0,0,COM3D2x64_Data\level120,1403148,EBCB90D3,34301
0,0,COM3D2x64_Data\level121,1246692,E52EF748,34301
0,0,COM3D2x64_Data\level122,1340404,2539987B,34301
0,0,COM3D2x64_Data\level123,1536980,1E6CDAB7,34301
0,0,COM3D2x64_Data\level124,1436220,821BED17,34301
0,0,COM3D2x64_Data\level125,1006676,54264673,34301
0,0,COM3D2x64_Data\level126,606556,F727378C,34301
0,0,COM3D2x64_Data\level127,1077844,069D1B30,34301
0,0,COM3D2x64_Data\level128,994980,0E57A8B7,34301
0,0,COM3D2x64_Data\level129,361620,1840A8AB,34301
0,0,COM3D2x64_Data\level130,766404,3DE8D37D,34301
0,0,COM3D2x64_Data\level131,1008372,5221AEAD,34301
0,0,COM3D2x64_Data\level132,969692,473E7DCA,34301
0,0,COM3D2x64_Data\level133,950220,1BF32F15,34301
0,0,COM3D2x64_Data\level134,439428,4A6FA209,34301
0,0,COM3D2x64_Data\level135,924164,923E653F,34301
0,0,COM3D2x64_Data\level136,579836,47706BC3,34301
0,0,COM3D2x64_Data\level137,584148,07946423,34301
0,0,COM3D2x64_Data\level138,610180,948CA994,34301
0,0,COM3D2x64_Data\level139,608532,1600E258,34301
0,0,COM3D2x64_Data\level140,610316,F8A37BBC,34301
0,0,COM3D2x64_Data\level141,612756,58F92E86,34301
0,0,COM3D2x64_Data\level142,544620,D4376D60,34301
0,0,COM3D2x64_Data\level143,548948,F8A5BCBC,34301
0,0,COM3D2x64_Data\level144,573812,B5E48CCD,34301
0,0,COM3D2x64_Data\level145,605220,83F8D4FA,34301
0,0,COM3D2x64_Data\level146,574956,865B810D,34301
0,0,COM3D2x64_Data\level147,578028,C26733A5,34301
0,0,COM3D2x64_Data\level148,566828,30BC4EA2,34301
0,0,COM3D2x64_Data\level149,606340,64496F01,34301
0,0,COM3D2x64_Data\level150,470084,472AEE4E,34301
0,0,COM3D2x64_Data\level151,370324,FFD43740,34301
0,0,COM3D2x64_Data\level152,458844,220457D6,34301
0,0,COM3D2x64_Data\level153,1100188,BB587EF6,34301
0,0,COM3D2x64_Data\level154,1507684,14FFEF7D,34301
0,0,COM3D2x64_Data\level155,419940,92B312CD,34301
0,0,COM3D2x64_Data\level156,456436,8D9C8EF3,34301
0,0,COM3D2x64_Data\resources.assets,527855672,02031EF0,34301
0,0,COM3D2x64_Data\sharedassets0.assets,31770932,D31F2FA5,34301
0,0,COM3D2x64_Data\sharedassets1.assets,2301,F38C0689,34301
0,0,COM3D2x64_Data\sharedassets2.assets,2337,9C1F6A48,34301
0,0,COM3D2x64_Data\sharedassets3.assets,4305,F6736441,34301
0,0,COM3D2x64_Data\sharedassets4.assets,9009,CBEFD6ED,34301
0,0,COM3D2x64_Data\sharedassets5.assets,3333,699C3111,34301
0,0,COM3D2x64_Data\sharedassets6.assets,2205,C01FC4D5,34301
0,0,COM3D2x64_Data\sharedassets7.assets,3057,F84112B4,34301
0,0,COM3D2x64_Data\sharedassets8.assets,2193,C398DCE7,34301
0,0,COM3D2x64_Data\sharedassets9.assets,3201,F30BB471,34301
0,0,COM3D2x64_Data\sharedassets10.assets,2137,7DCFFBAC,34301
0,0,COM3D2x64_Data\sharedassets11.assets,2133,C7AB5B4C,34301
0,0,COM3D2x64_Data\sharedassets12.assets,2541,58BBE4A2,34301
0,0,COM3D2x64_Data\sharedassets13.assets,2325,EDF1FE76,34301
0,0,COM3D2x64_Data\sharedassets14.assets,2961,532C2E3E,34301
0,0,COM3D2x64_Data\sharedassets15.assets,553,F2A7C989,34301
0,0,COM3D2x64_Data\sharedassets16.assets,2193,C1F37E54,34301
0,0,COM3D2x64_Data\sharedassets17.assets,277,9903928F,34301
0,0,COM3D2x64_Data\sharedassets18.assets,2877,67A97029,34301
0,0,COM3D2x64_Data\sharedassets19.assets,2277,5044C1E2,34301
0,0,COM3D2x64_Data\sharedassets20.assets,8841,F8EAF969,34301
0,0,COM3D2x64_Data\sharedassets21.assets,2373,29F813E5,34301
0,0,COM3D2x64_Data\sharedassets22.assets,8877,B830A290,34301
0,0,COM3D2x64_Data\sharedassets23.assets,2361,C274A371,34301
0,0,COM3D2x64_Data\sharedassets24.assets,2421,715C791C,34301
0,0,COM3D2x64_Data\sharedassets25.assets,2413,D869EDF7,34301
0,0,COM3D2x64_Data\sharedassets26.assets,3153,86FE8506,34301
0,0,COM3D2x64_Data\sharedassets27.assets,8853,301C01DF,34301
0,0,COM3D2x64_Data\sharedassets28.assets,2405,09623D9D,34301
0,0,COM3D2x64_Data\sharedassets29.assets,8853,301C01DF,34301
0,0,COM3D2x64_Data\sharedassets30.assets,2125,22A1FDC4,34301
0,0,COM3D2x64_Data\sharedassets31.assets,2648,569911A0,34301
0,0,COM3D2x64_Data\sharedassets32.assets,10456,9DD0BC07,34301
0,0,COM3D2x64_Data\sharedassets33.assets,597,A3BE51EB,34301
0,0,COM3D2x64_Data\sharedassets34.assets,501,53227DE8,34301
0,0,COM3D2x64_Data\sharedassets35.assets,505,3A2635AD,34301
0,0,COM3D2x64_Data\sharedassets36.assets,2137,C0AF3524,34301
0,0,COM3D2x64_Data\sharedassets37.assets,8841,AD106F7F,34301
0,0,COM3D2x64_Data\sharedassets38.assets,8841,280B0DA2,34301
0,0,COM3D2x64_Data\sharedassets39.assets,8841,113DB0BC,34301
0,0,COM3D2x64_Data\sharedassets40.assets,3201,EC204F95,34301
0,0,COM3D2x64_Data\sharedassets41.assets,2961,CCD6A402,34301
0,0,COM3D2x64_Data\sharedassets42.assets,3381,7896ABDC,34301
0,0,COM3D2x64_Data\sharedassets43.assets,5565,F4EAE6CC,34301
0,0,COM3D2x64_Data\sharedassets44.assets,5673,F51C5DB4,34301
0,0,COM3D2x64_Data\sharedassets45.assets,5661,9FC6048A,34301
0,0,COM3D2x64_Data\sharedassets46.assets,4653,80047B6B,34301
0,0,COM3D2x64_Data\sharedassets47.assets,2601,A1B199D4,34301
0,0,COM3D2x64_Data\sharedassets48.assets,4389,45A4F259,34301
0,0,COM3D2x64_Data\sharedassets49.assets,800316,44806463,34301
0,0,COM3D2x64_Data\sharedassets50.assets,8841,B65D388F,34301
0,0,COM3D2x64_Data\sharedassets51.assets,2601,B2D31531,34301
0,0,COM3D2x64_Data\sharedassets52.assets,2865,9E1DB239,34301
0,0,COM3D2x64_Data\sharedassets53.assets,2589,935FC18D,34301
0,0,COM3D2x64_Data\sharedassets54.assets,2149,17914327,34301
0,0,COM3D2x64_Data\sharedassets55.assets,8925,35E09E5A,34301
0,0,COM3D2x64_Data\sharedassets56.assets,5433,2373C6C7,34301
0,0,COM3D2x64_Data\sharedassets57.assets,5469,D987DFBF,34301
0,0,COM3D2x64_Data\sharedassets58.assets,8925,35E09E5A,34301
0,0,COM3D2x64_Data\sharedassets59.assets,5625,E5C0BE98,34301
0,0,COM3D2x64_Data\sharedassets60.assets,5493,724AC785,34301
0,0,COM3D2x64_Data\sharedassets61.assets,5637,D4DCD3BC,34301
0,0,COM3D2x64_Data\sharedassets62.assets,5673,F51C5DB4,34301
0,0,COM3D2x64_Data\sharedassets63.assets,2697,06085029,34301
0,0,COM3D2x64_Data\sharedassets64.assets,5661,9FC6048A,34301
0,0,COM3D2x64_Data\sharedassets65.assets,6450,21810B85,34301
0,0,COM3D2x64_Data\sharedassets66.assets,3362,A403B62C,34301
0,0,COM3D2x64_Data\sharedassets67.assets,3322,BF61B845,34301
0,0,COM3D2x64_Data\sharedassets68.assets,17266,A2C0F3BE,34301
0,0,COM3D2x64_Data\sharedassets69.assets,3346,482379D3,34301
0,0,COM3D2x64_Data\sharedassets70.assets,3562,2F179638,34301
0,0,COM3D2x64_Data\sharedassets71.assets,3014356,1C711C7A,34301
0,0,COM3D2x64_Data\sharedassets72.assets,5769,528CF581,34301
0,0,COM3D2x64_Data\sharedassets73.assets,2697,F5B12B47,34301
0,0,COM3D2x64_Data\sharedassets74.assets,2697,F5B12B47,34301
0,0,COM3D2x64_Data\sharedassets75.assets,2697,F5B12B47,34301
0,0,COM3D2x64_Data\sharedassets76.assets,8853,C7C77514,34301
0,0,COM3D2x64_Data\sharedassets77.assets,5673,3A035A9F,34301
0,0,COM3D2x64_Data\sharedassets78.assets,2613,FA6AC69F,34301
0,0,COM3D2x64_Data\sharedassets79.assets,55760,8CE7955B,34301
0,0,COM3D2x64_Data\sharedassets80.assets,2625,67F34294,34301
0,0,COM3D2x64_Data\sharedassets81.assets,2769,289A4354,34301
0,0,COM3D2x64_Data\sharedassets82.assets,756768,FE7102A6,34301
0,0,COM3D2x64_Data\sharedassets83.assets,5541,8D9D7C2C,34301
0,0,COM3D2x64_Data\sharedassets84.assets,3415164,3A39F939,34301
0,0,COM3D2x64_Data\sharedassets85.assets,2649,AE65F082,34301
0,0,COM3D2x64_Data\sharedassets86.assets,10101,5D64498B,34301
0,0,COM3D2x64_Data\sharedassets87.assets,5661,9FC6048A,34301
0,0,COM3D2x64_Data\sharedassets88.assets,8877,831D39E2,34301
0,0,COM3D2x64_Data\sharedassets89.assets,5661,5A90F716,34301
0,0,COM3D2x64_Data\sharedassets90.assets,8841,AD106F7F,34301
0,0,COM3D2x64_Data\sharedassets91.assets,5661,9FC6048A,34301
0,0,COM3D2x64_Data\sharedassets92.assets,8877,831D39E2,34301
0,0,COM3D2x64_Data\sharedassets93.assets,6609,AC583BD9,34301
0,0,COM3D2x64_Data\sharedassets94.assets,2973,9BF30DD4,34301
0,0,COM3D2x64_Data\sharedassets95.assets,2481,0C23C55C,34301
0,0,COM3D2x64_Data\sharedassets96.assets,7876,EE96626C,34301
0,0,COM3D2x64_Data\sharedassets97.assets,7689,CC679471,34301
0,0,COM3D2x64_Data\sharedassets98.assets,4389,1C2DD595,34301
0,0,COM3D2x64_Data\sharedassets99.assets,3753,DCE0F425,34301
0,0,COM3D2x64_Data\sharedassets100.assets,352924,4C4A0A16,34301
0,0,COM3D2x64_Data\sharedassets101.assets,6568072,8E39A490,34301
0,0,COM3D2x64_Data\sharedassets102.assets,6525,00FE5A3A,34301
0,0,COM3D2x64_Data\sharedassets103.assets,8985,6F4EF87B,34301
0,0,COM3D2x64_Data\sharedassets104.assets,5781,AAA03B6E,34301
0,0,COM3D2x64_Data\sharedassets105.assets,5956,5B40AAC2,34301
0,0,COM3D2x64_Data\sharedassets106.assets,9189,16DA2187,34301
0,0,COM3D2x64_Data\sharedassets107.assets,9045,14C75557,34301
0,0,COM3D2x64_Data\sharedassets108.assets,5721,7992B6E2,34301
0,0,COM3D2x64_Data\sharedassets109.assets,9540,FDB1A98A,34301
0,0,COM3D2x64_Data\sharedassets110.assets,6081,50CAB288,34301
0,0,COM3D2x64_Data\sharedassets111.assets,2853,3D79DC54,34301
0,0,COM3D2x64_Data\sharedassets112.assets,2853,3D79DC54,34301
0,0,COM3D2x64_Data\sharedassets113.assets,2769,B220AAA8,34301
0,0,COM3D2x64_Data\sharedassets114.assets,2433,1F52BC2F,34301
0,0,COM3D2x64_Data\sharedassets115.assets,2769,B220AAA8,34301
0,0,COM3D2x64_Data\sharedassets116.assets,2865,908D6A2E,34301
0,0,COM3D2x64_Data\sharedassets117.assets,2769,B220AAA8,34301
0,0,COM3D2x64_Data\sharedassets118.assets,9021,E0001A7D,34301
0,0,COM3D2x64_Data\sharedassets119.assets,5709,B13902CD,34301
0,0,COM3D2x64_Data\sharedassets120.assets,393656,E772D213,34301
0,0,COM3D2x64_Data\sharedassets121.assets,5940,82E61291,34301
0,0,COM3D2x64_Data\sharedassets122.assets,9117,8029A41A,34301
0,0,COM3D2x64_Data\sharedassets123.assets,9105,1A55E51D,34301
0,0,COM3D2x64_Data\sharedassets124.assets,5781,5D23F929,34301
0,0,COM3D2x64_Data\sharedassets125.assets,3316,4291C5D7,34301
0,0,COM3D2x64_Data\sharedassets126.assets,3189,DF4212C8,34301
0,0,COM3D2x64_Data\sharedassets127.assets,83284,96AC477A,34301
0,0,COM3D2x64_Data\sharedassets128.assets,4341,FBB91028,34301
0,0,COM3D2x64_Data\sharedassets129.assets,2077,6A2CAD2C,34301
0,0,COM3D2x64_Data\sharedassets130.assets,3933,64AF93CC,34301
0,0,COM3D2x64_Data\sharedassets131.assets,7425,A24A219F,34301
0,0,COM3D2x64_Data\sharedassets132.assets,4233,06756E0F,34301
0,0,COM3D2x64_Data\sharedassets133.assets,613456,E99B88F7,34301
0,0,COM3D2x64_Data\sharedassets134.assets,2649,A6D342F3,34301
0,0,COM3D2x64_Data\sharedassets135.assets,3213,67D4364B,34301
0,0,COM3D2x64_Data\sharedassets136.assets,3117,3AA517A3,34301
0,0,COM3D2x64_Data\sharedassets137.assets,3117,3AA517A3,34301
0,0,COM3D2x64_Data\sharedassets138.assets,3117,3AA517A3,34301
0,0,COM3D2x64_Data\sharedassets139.assets,3117,3AA517A3,34301
0,0,COM3D2x64_Data\sharedassets140.assets,3117,3AA517A3,34301
0,0,COM3D2x64_Data\sharedassets141.assets,3117,3AA517A3,34301
0,0,COM3D2x64_Data\sharedassets142.assets,2769,B220AAA8,34301
0,0,COM3D2x64_Data\sharedassets143.assets,2769,B220AAA8,34301
0,0,COM3D2x64_Data\sharedassets144.assets,2769,B220AAA8,34301
0,0,COM3D2x64_Data\sharedassets145.assets,2769,B220AAA8,34301
0,0,COM3D2x64_Data\sharedassets146.assets,2769,B220AAA8,34301
0,0,COM3D2x64_Data\sharedassets147.assets,2769,B220AAA8,34301
0,0,COM3D2x64_Data\sharedassets148.assets,2769,B220AAA8,34301
0,0,COM3D2x64_Data\sharedassets149.assets,3117,3AA517A3,34301
0,0,COM3D2x64_Data\sharedassets150.assets,2493,F6E28423,34301
0,0,COM3D2x64_Data\sharedassets151.assets,2205,87436893,34301
0,0,COM3D2x64_Data\sharedassets152.assets,3477,01EBFA87,34301
0,0,COM3D2x64_Data\sharedassets153.assets,210016,617BEFCB,34301
0,0,COM3D2x64_Data\sharedassets154.assets,6588,19FBDF98,34301
0,0,COM3D2x64_Data\sharedassets155.assets,2493,D553F46B,34301
0,0,COM3D2x64_Data\sharedassets156.assets,2493,C8FEE68F,34301
0,0,COM3D2x64.exe,666624,19AE50FD,34301
