0,0,CM3D2x64_Data\Managed\Accessibility.dll,10752,594EE943,1740
0,0,CM3D2x64_Data\Managed\Assembly-CSharp.dll,3170816,B8278A1B,1740
0,0,CM3D2x64_Data\Managed\Assembly-CSharp-firstpass.dll,773120,2AF1FAFC,1740
0,0,CM3D2x64_Data\Managed\Assembly-UnityScript-firstpass.dll,65024,890A2923,1740
0,0,CM3D2x64_Data\Managed\Boo.Lang.dll,126976,9ADD3789,1740
0,0,CM3D2x64_Data\Managed\FoveUnityPlugin.dll,28672,A6EA882B,1740
0,0,CM3D2x64_Data\Managed\Ionic.Zlib.dll,102400,7C9E7DD2,1740
0,0,CM3D2x64_Data\Managed\JsonFx.Json.dll,70144,A0F0CFCB,1740
0,0,CM3D2x64_Data\Managed\LeapCSharp.NET3.5.dll,82432,38E38212,1740
0,0,CM3D2x64_Data\Managed\Mono.Data.Tds.dll,96256,DDA7BAB7,1740
0,0,CM3D2x64_Data\Managed\Mono.Posix.dll,184320,C7063ABB,1740
0,0,CM3D2x64_Data\Managed\Mono.Security.dll,294912,8C7E67B3,1740
0,0,CM3D2x64_Data\Managed\Mono.WebBrowser.dll,172032,541986C3,1740
0,0,CM3D2x64_Data\Managed\mscorlib.dll,2589696,AFA570E5,1740
0,0,CM3D2x64_Data\Managed\System.Configuration.dll,124928,D5F2A804,1740
0,0,CM3D2x64_Data\Managed\System.Core.dll,297472,BCE2218F,1740
0,0,CM3D2x64_Data\Managed\System.Data.dll,856064,F1D38D2E,1740
0,0,CM3D2x64_Data\Managed\System.dll,1679360,288F722A,1740
0,0,CM3D2x64_Data\Managed\System.Drawing.Design.dll,29696,E7B53FF9,1740
0,0,CM3D2x64_Data\Managed\System.Drawing.dll,448512,C4B2E872,1740
0,0,CM3D2x64_Data\Managed\System.EnterpriseServices.dll,46592,75A19B93,1740
0,0,CM3D2x64_Data\Managed\System.Security.dll,135168,365C74A7,1740
0,0,CM3D2x64_Data\Managed\System.Transactions.dll,27648,203D65C1,1740
0,0,CM3D2x64_Data\Managed\System.Windows.Forms.dll,3053568,56394001,1740
0,0,CM3D2x64_Data\Managed\System.Xml.dll,1270272,9B79033F,1740
0,0,CM3D2x64_Data\Managed\System.Xml.Linq.dll,106496,B3ACF139,1740
0,0,CM3D2x64_Data\Managed\UnityEngine.dll,972800,B3EB425F,1740
0,0,CM3D2x64_Data\Managed\UnityEngine.dll.mdb,353934,02424F6C,1740
0,0,CM3D2x64_Data\Managed\UnityEngine.Networking.dll,230912,EBC88F56,1740
0,0,CM3D2x64_Data\Managed\UnityEngine.UI.dll,219136,8E43BC11,1740
0,0,CM3D2x64_Data\Managed\UnityScript.Lang.dll,14336,13EE284D,1740
0,0,CM3D2x64_Data\Managed\zxing.unity.dll,430592,9FD1F198,1740
0,0,CM3D2x64_Data\Mono\etc\mono\1.0\DefaultWsdlHelpGenerator.aspx,58196,10E814BF,1740
0,0,CM3D2x64_Data\Mono\etc\mono\1.0\machine.config,17258,EDE1AC59,1740
0,0,CM3D2x64_Data\Mono\etc\mono\2.0\Browsers\Compat.browser,1605,2E178A0B,1740
0,0,CM3D2x64_Data\Mono\etc\mono\2.0\DefaultWsdlHelpGenerator.aspx,60453,F3869A34,1740
0,0,CM3D2x64_Data\Mono\etc\mono\2.0\machine.config,27625,73C91C24,1740
0,0,CM3D2x64_Data\Mono\etc\mono\2.0\settings.map,2618,A1A3C29F,1740
0,0,CM3D2x64_Data\Mono\etc\mono\2.0\web.config,11686,534A9960,1740
0,0,CM3D2x64_Data\Mono\etc\mono\mconfig\config.xml,25817,80B2033A,1740
0,0,CM3D2x64_Data\Mono\etc\mono\browscap.ini,311984,CE6C0AB3,1740
0,0,CM3D2x64_Data\Mono\etc\mono\config,1691,A635914A,1740
0,0,CM3D2x64_Data\Mono\mono.dll,2612696,2A5A1006,1740
0,0,CM3D2x64_Data\Plugins\AVProVideo.dll,813056,60B54FA5,1740
0,0,CM3D2x64_Data\Plugins\cm3d2_x64.dll,1545216,E57EE95D,1740
0,0,CM3D2x64_Data\Plugins\device_hook.dll,401920,34332562,1740
0,0,CM3D2x64_Data\Plugins\FoveClient.dll,1849384,58C8B4F6,1740
0,0,CM3D2x64_Data\Plugins\LeapC.dll,2516992,FBDD3767,1740
0,0,CM3D2x64_Data\Plugins\openvr_api.dll,318272,44432E0F,1740
0,0,CM3D2x64_Data\Plugins\OVRGamepad.dll,12800,2C526135,1740
0,0,CM3D2x64_Data\Plugins\OVRPlugin.dll,1894312,38EDD831,1740
0,0,CM3D2x64_Data\Resources\unity default resources,1544700,7137E221,1740
0,0,CM3D2x64_Data\Resources\unity_builtin_extra,142196,DF9A5755,1740
0,0,CM3D2x64_Data\globalgamemanagers,2300340,637DE237,1740
0,0,CM3D2x64_Data\globalgamemanagers.assets,163604,F7429768,1740
0,0,CM3D2x64_Data\level0,276876,190C21F8,1740
0,0,CM3D2x64_Data\level1,294868,426F27F9,1740
0,0,CM3D2x64_Data\level2,294756,E2FDCB58,1740
0,0,CM3D2x64_Data\level3,518828,8627B366,1740
0,0,CM3D2x64_Data\level4,684924,AC04DCF9,1740
0,0,CM3D2x64_Data\level5,707988,66B81155,1740
0,0,CM3D2x64_Data\level6,277924,5792A0F7,1740
0,0,CM3D2x64_Data\level7,451412,256CD59B,1740
0,0,CM3D2x64_Data\level8,326420,657BFC87,1740
0,0,CM3D2x64_Data\level9,321996,7CECDB46,1740
0,0,CM3D2x64_Data\level10,289548,EF680EA0,1740
0,0,CM3D2x64_Data\level11,277428,A0339FD8,1740
0,0,CM3D2x64_Data\level12,304860,437D6DC1,1740
0,0,CM3D2x64_Data\level13,278444,0CF2F6B2,1740
0,0,CM3D2x64_Data\level14,659332,BCE028E8,1740
0,0,CM3D2x64_Data\level15,4640,1ABC81CC,1740
0,0,CM3D2x64_Data\level16,279484,412A58DC,1740
0,0,CM3D2x64_Data\level17,4640,DD4C638D,1740
0,0,CM3D2x64_Data\level18,297604,2348463B,1740
0,0,CM3D2x64_Data\level19,397596,9886CA04,1740
0,0,CM3D2x64_Data\level20,539092,E16EA99C,1740
0,0,CM3D2x64_Data\level21,303020,F2E23E55,1740
0,0,CM3D2x64_Data\level22,625484,FE9A2F95,1740
0,0,CM3D2x64_Data\level23,362932,9A1E1EB9,1740
0,0,CM3D2x64_Data\level24,398332,0D420CC6,1740
0,0,CM3D2x64_Data\level25,301236,9393D7D1,1740
0,0,CM3D2x64_Data\level26,747948,0378BDE3,1740
0,0,CM3D2x64_Data\level27,1416452,D612AB19,1740
0,0,CM3D2x64_Data\level28,607156,47DF3461,1740
0,0,CM3D2x64_Data\level29,301292,D3141B08,1740
0,0,CM3D2x64_Data\level30,700124,56D661F0,1740
0,0,CM3D2x64_Data\level31,931348,3AAA3654,1740
0,0,CM3D2x64_Data\level32,792276,7016BF76,1740
0,0,CM3D2x64_Data\level33,293228,F0C65BC1,1740
0,0,CM3D2x64_Data\level34,639436,072F89F3,1740
0,0,CM3D2x64_Data\level35,914492,9E43471E,1740
0,0,CM3D2x64_Data\level36,632604,09FA141B,1740
0,0,CM3D2x64_Data\level37,855260,A1767093,1740
0,0,CM3D2x64_Data\level38,405228,01B5C720,1740
0,0,CM3D2x64_Data\level39,27784,8EB2CDBB,1740
0,0,CM3D2x64_Data\level39.resS,131232,EB296BB9,1740
0,0,CM3D2x64_Data\level40,38492,6513A2FD,1740
0,0,CM3D2x64_Data\level41,44076,127E2506,1740
0,0,CM3D2x64_Data\level42,39992,C0B81FE0,1740
0,0,CM3D2x64_Data\level43,277764,A040927E,1740
0,0,CM3D2x64_Data\level44,644748,385EBD43,1740
0,0,CM3D2x64_Data\level45,356020,D79A0374,1740
0,0,CM3D2x64_Data\level46,352620,89E2A5E4,1740
0,0,CM3D2x64_Data\level47,346156,DE54352E,1740
0,0,CM3D2x64_Data\level48,409652,42F50A8D,1740
0,0,CM3D2x64_Data\level49,422020,A2C5A03A,1740
0,0,CM3D2x64_Data\level50,398636,154DC66F,1740
0,0,CM3D2x64_Data\resources.assets,281671228,A1DB7210,1740
0,0,CM3D2x64_Data\sharedassets0.assets,16483168,0642E581,1740
0,0,CM3D2x64_Data\sharedassets1.assets,5956,CE1B2494,1740
0,0,CM3D2x64_Data\sharedassets2.assets,6004,ADDB50C3,1740
0,0,CM3D2x64_Data\sharedassets3.assets,6376,9906B663,1740
0,0,CM3D2x64_Data\sharedassets4.assets,1310280,6DF40CB3,1740
0,0,CM3D2x64_Data\sharedassets5.assets,6484,57C9A2C7,1740
0,0,CM3D2x64_Data\sharedassets6.assets,5824,68D169BB,1740
0,0,CM3D2x64_Data\sharedassets7.assets,6088,783FE3B5,1740
0,0,CM3D2x64_Data\sharedassets8.assets,5980,2C34DB8C,1740
0,0,CM3D2x64_Data\sharedassets9.assets,6364,C50CD64A,1740
0,0,CM3D2x64_Data\sharedassets10.assets,5800,B5000352,1740
0,0,CM3D2x64_Data\sharedassets11.assets,5800,0502337B,1740
0,0,CM3D2x64_Data\sharedassets12.assets,5824,D3523B30,1740
0,0,CM3D2x64_Data\sharedassets13.assets,5848,F97AFB7B,1740
0,0,CM3D2x64_Data\sharedassets14.assets,6376,3FC36CD3,1740
0,0,CM3D2x64_Data\sharedassets15.assets,4132,740B4B07,1740
0,0,CM3D2x64_Data\sharedassets16.assets,5860,60642B47,1740
0,0,CM3D2x64_Data\sharedassets17.assets,4132,94ED3028,1740
0,0,CM3D2x64_Data\sharedassets18.assets,6580,BD27C6FD,1740
0,0,CM3D2x64_Data\sharedassets19.assets,5824,713976C1,1740
0,0,CM3D2x64_Data\sharedassets20.assets,215320,8BFB755F,1740
0,0,CM3D2x64_Data\sharedassets20.assets.resS,51968,C41BC4E7,1740
0,0,CM3D2x64_Data\sharedassets21.assets,5896,7382EEEE,1740
0,0,CM3D2x64_Data\sharedassets22.assets,74200,B98196CC,1740
0,0,CM3D2x64_Data\sharedassets23.assets,6028,C067FB1A,1740
0,0,CM3D2x64_Data\sharedassets24.assets,5920,224B283B,1740
0,0,CM3D2x64_Data\sharedassets25.assets,5908,34DA8ECB,1740
0,0,CM3D2x64_Data\sharedassets26.assets,8164,F29D4599,1740
0,0,CM3D2x64_Data\sharedassets27.assets,6604,A20123FB,1740
0,0,CM3D2x64_Data\sharedassets28.assets,39511744,67CCDAC3,1740
0,0,CM3D2x64_Data\sharedassets29.assets,5908,C22FE33A,1740
0,0,CM3D2x64_Data\sharedassets30.assets,67700992,AF96580A,1740
0,0,CM3D2x64_Data\sharedassets31.assets,67690216,83DCC6FB,1740
0,0,CM3D2x64_Data\sharedassets32.assets,47233852,1131CA38,1740
0,0,CM3D2x64_Data\sharedassets32.resource,3813344,7B95E5D4,1740
0,0,CM3D2x64_Data\sharedassets33.assets,5824,68BAAF99,1740
0,0,CM3D2x64_Data\sharedassets34.assets,80175012,4E29B470,1740
0,0,CM3D2x64_Data\sharedassets35.assets,84139396,EE4C8EFC,1740
0,0,CM3D2x64_Data\sharedassets36.assets,48988508,BA1837C9,1740
0,0,CM3D2x64_Data\sharedassets37.assets,111395772,21623142,1740
0,0,CM3D2x64_Data\sharedassets37.assets.resS,7296672,0E6CF936,1740
0,0,CM3D2x64_Data\sharedassets38.assets,55916816,7987B27A,1740
0,0,CM3D2x64_Data\sharedassets39.assets,27512,3F4F0105,1740
0,0,CM3D2x64_Data\sharedassets39.assets.resS,174776,7D821248,1740
0,0,CM3D2x64_Data\sharedassets40.assets,55004,C1BB918D,1740
0,0,CM3D2x64_Data\sharedassets40.assets.resS,786464,17681AC8,1740
0,0,CM3D2x64_Data\sharedassets41.assets,4432,E5D8000F,1740
0,0,CM3D2x64_Data\sharedassets42.assets,1032148,B941ADB9,1740
0,0,CM3D2x64_Data\sharedassets42.assets.resS,5417776,A41251E2,1740
0,0,CM3D2x64_Data\sharedassets43.assets,5836,06FE12E9,1740
0,0,CM3D2x64_Data\sharedassets44.assets,130769172,2B1F3071,1740
0,0,CM3D2x64_Data\sharedassets45.assets,86031244,F12F073D,1740
0,0,CM3D2x64_Data\sharedassets45.assets.resS,87400,0DB2AE3E,1740
0,0,CM3D2x64_Data\sharedassets46.assets,77322220,E76385D7,1740
0,0,CM3D2x64_Data\sharedassets47.assets,83356072,8DFFFE00,1740
0,0,CM3D2x64_Data\sharedassets48.assets,81435928,EDE4A49E,1740
0,0,CM3D2x64_Data\sharedassets48.assets.resS,174776,08EE0C0E,1740
0,0,CM3D2x64_Data\sharedassets49.assets,75087788,10ACBEFF,1740
0,0,CM3D2x64_Data\sharedassets50.assets,66802316,9D2FD396,1740
0,0,GameData\motion_3d21reserve_2.arc,153753,E03CA185,1744
0,0,GameData\motion_addpose001.arc,902194,517CF6C8,1220
0,0,GameData\motion_denkigai2017w_2.arc,495241,BD386A45,1590
0,0,GameData\motion_omytgc002_2.arc,2611172,D47798A2,1641
0,0,GameData\motion_pp001_2.arc,615858,0E432519,1220
0,0,GameData\motion_pp002_2.arc,57428957,EF952E37,1360
0,0,GameData\motion_vp001_2.arc,141579,7857F9CD,1160
0,0,GameData\motion2.arc,105425928,12BE8263,1620
0,0,GameData\script.arc,14855814,FBE213A3,1786
0,0,GameData\script_addpose001.arc,1194,9F2EDF3C,1220
0,0,GameData\script_bugbug_2.arc,26370,3E6E9E55,1673
0,0,GameData\script_cos002_2.arc,73673,25ADB37D,1610
0,0,GameData\script_cos005_2.arc,1698,FDA1E978,1380
0,0,GameData\script_cos018_2.arc,22434,B79059C1,1680
0,0,GameData\script_denkigai2015w_2.arc,41666,24C0863D,1480
0,0,GameData\script_denkigai2015wPants_2.arc,12658,57896547,1220
0,0,GameData\script_denkigai2016s_2.arc,135147,6150004D,1370
0,0,GameData\script_denkigai2017w_2.arc,24466,52959691,1690
0,0,GameData\script_magazine001_2.arc,59602,D547478D,1400
0,0,GameData\script_magazine002_2.arc,5650,EB8AACB6,1610
0,0,GameData\script_omytgc001_2.arc,247462,A8CC60E8,1641
0,0,GameData\script_omytgc007_2.arc,2850,6EB77287,1752
0,0,GameData\script_personal001_2.arc,2698016,1A429BAC,1690
0,0,GameData\script_personal002_2.arc,162667,F90B3799,1690
0,0,GameData\script_personal003_2.arc,943562,113C5D9B,1690
0,0,GameData\script_personal004_2.arc,262164,3C4991C2,1690
0,0,GameData\script_pp001_2.arc,193396,D521C1FF,1695
0,0,GameData\script_pp002_2.arc,174309,E3A3EC53,1582
0,0,GameData\script_pp003_2.arc,242050,26B12442,1695
0,0,GameData\script_xmas2016_2.arc,4338,7FAFBB83,1433
0,0,GameData\script_ytgc005_2.arc,57042,5A7DB160,1690
0,0,GameData\script_ytgc006_2.arc,218689,B2CF5373,1340
0,0,GameData\script_ytgc007_2.arc,16386,45DFC000,1690
0,0,GameData\script_ytgc008_2.arc,134059,62EAF572,1400
0,0,GameData\script_ytgc009_2.arc,305889,60B3EE76,1690
0,0,GameData\script_ytgc010_2.arc,21714,43E60670,1433
0,0,GameData\script_ytgc012_2.arc,65890,3971C41D,1690
0,0,GameData\script_ytgc015_2.arc,3330,4D771C35,1540
0,0,GameData\script_ytgc017_2.arc,94781,25060340,1690
0,0,GameData\script_ytgc018_2.arc,36818,23CF3D1C,1690
0,0,GameData\voice2.arc,290990258,55953CD2,1010
0,0,GameData\voice3.arc,123064691,6E3711F6,1721
0,0,manual\data\004.png,699424,54A4DC50,1010
0,0,manual\data\007.png,453984,97E623F5,1010
0,0,manual\data\008.png,553674,7B23C3DF,1010
0,0,manual\data\013.png,673884,992CEEC5,1010
0,0,Preset\1_junshin.preset,43021,0D00795A,1010
0,0,Preset\2_coodere.preset,43516,E9EBB0F2,1010
0,0,Preset\3_tsundere.preset,48900,D0EF8B9E,1010
0,0,Preset\4_default.preset,43697,C5E392BE,1010
0,0,Preset\5_pretty_junshin.preset,40739,D9262BEF,1010
0,0,Preset\6_pretty_coodere.preset,39554,E54D5766,1010
0,0,Preset\7_pretty_tsundere.preset,38235,CA8437BB,1010
0,0,CM3D2.exe,7596032,A501A287,1013
0,0,CM3D2x64.exe,20649984,6EFB2A0D,1754
0,0,CM3D2x64_VR.bat,61,9085F4DD,1672
0,0,LICENSE,25204,17CCA6C1,1672
share,CM3D2x86-64_Data\resources.assets.resS,CM3D2x64_Data\resources.assets.resS,578372716,0DAD6FD5,1740
share,CM3D2x86-64_Data\sharedassets0.assets.resS,CM3D2x64_Data\sharedassets0.assets.resS,121728032,BCB828A4,1740
share,GameData\patch\bg_karaoke001_2.arc,GameData\bg_karaoke001_2.arc,2827508,994747EA,1720
share,GameData\patch\bg_karaoke002_2.arc,GameData\bg_karaoke002_2.arc,2827629,F4D02347,1720
share,GameData\patch\bg_magazine002_2.arc,GameData\bg_magazine002_2.arc,396102,3C652C0F,1731
share,GameData\patch\bg_pp001_2.arc,GameData\bg_pp001_2.arc,1237157,C9D912F7,1220
share,GameData\patch\csv.arc,GameData\csv.arc,4515502,3E691345,1787
share,GameData\patch\csv_addpose001.arc,GameData\csv_addpose001.arc,1235,D06FCA6D,1220
share,GameData\patch\csv_pp001_2.arc,GameData\csv_pp001_2.arc,10034,29181748,1370
share,GameData\patch\csv_pp002_2.arc,GameData\csv_pp002_2.arc,450,65BCF215,1462
share,GameData\patch\csv_urayome001_2.arc,GameData\csv_urayome001_2.arc,1714,1D92B577,1401
share,GameData\patch\csv_vp001_2.arc,GameData\csv_vp001_2.arc,2082,25E58CEB,1160
share,GameData\patch\csv_vrcom_2.arc,GameData\csv_vrcom_2.arc,5650,BC36D221,1510
share,GameData\patch\material_cas036_2.arc,GameData\material_cas036_2.arc,6578,757441C2,1751
share,GameData\patch\material_cas069_2.arc,GameData\material_cas069_2.arc,1762,7B4D07CF,1748
share,GameData\patch\material_cas133_2.arc,GameData\material_cas133_2.arc,2546,0E77C955,1744
share,GameData\patch\material_cas135_2.arc,GameData\material_cas135_2.arc,4866,14F86D4C,1749
share,GameData\patch\material_cw005cloth4_2.arc,GameData\material_cw005cloth4_2.arc,31586,74059A93,1661
share,GameData\patch\material_denkigai2015s003_2.arc,GameData\material_denkigai2015s003_2.arc,7106,0C82D791,1150
share,GameData\patch\material_denkigai2015wTowelR.arc,GameData\material_denkigai2015wTowelR.arc,1602,618192B9,1360
share,GameData\patch\material_denkigai2016w_2.arc,GameData\material_denkigai2016w_2.arc,18802,B122AD16,1700
share,GameData\patch\material_denkigai2017w_2.arc,GameData\material_denkigai2017w_2.arc,11282,FB3E9EE3,1731
share,GameData\patch\material_denkigai2017wtshirt_2.arc,GameData\material_denkigai2017wtshirt_2.arc,2418,F6E9FB90,1674
share,GameData\patch\material_denkigai2019stshirt_2.arc,GameData\material_denkigai2019stshirt_2.arc,1586,BA3332E0,1680
share,GameData\patch\material_denkigai2021s_2.arc,GameData\material_denkigai2021s_2.arc,1730,5A8CFCE7,1744
share,GameData\patch\material_dlc004_2.arc,GameData\material_dlc004_2.arc,5042,54116788,1744
share,GameData\patch\material_dlc007_2.arc,GameData\material_dlc007_2.arc,5122,7C7A291B,1744
share,GameData\patch\material_dlc028_2.arc,GameData\material_dlc028_2.arc,8882,3E9E9177,1707
share,GameData\patch\material_dlc034_2.arc,GameData\material_dlc034_2.arc,9426,C1C7E085,1700
share,GameData\patch\material_dlc037_2.arc,GameData\material_dlc037_2.arc,5154,9BA28966,1700
share,GameData\patch\material_dlc040_2.arc,GameData\material_dlc040_2.arc,5042,B7B69F5F,1700
share,GameData\patch\material_dlc042_2.arc,GameData\material_dlc042_2.arc,9602,96FF4BEA,1700
share,GameData\patch\material_dlc046_2.arc,GameData\material_dlc046_2.arc,4210,A2B3A6D9,1695
share,GameData\patch\material_dlc049_2.arc,GameData\material_dlc049_2.arc,13698,DEF631C9,1700
share,GameData\patch\material_dlc055_2.arc,GameData\material_dlc055_2.arc,5282,11A93109,1280
share,GameData\patch\material_dlc076_2.arc,GameData\material_dlc076_2.arc,5058,40FC5117,1716
share,GameData\patch\material_dlc093_2.arc,GameData\material_dlc093_2.arc,13586,D911AC0A,1695
share,GameData\patch\material_dlc107_2.arc,GameData\material_dlc107_2.arc,5218,F9837138,1590
share,GameData\patch\material_dlc108_2.arc,GameData\material_dlc108_2.arc,13698,93BCAC65,1695
share,GameData\patch\material_dlc134_2.arc,GameData\material_dlc134_2.arc,2626,E85B6124,1700
share,GameData\patch\material_dlc146_2.arc,GameData\material_dlc146_2.arc,2594,A86BF4E4,1700
share,GameData\patch\material_dlc150_2.arc,GameData\material_dlc150_2.arc,26498,8FE30EF3,1700
share,GameData\patch\material_dlc166_2.arc,GameData\material_dlc166_2.arc,9650,838D53DB,1700
share,GameData\patch\material_dlc170_2.arc,GameData\material_dlc170_2.arc,2754,72F99E90,1717
share,GameData\patch\material_dlc191_2.arc,GameData\material_dlc191_2.arc,35282,6918122F,1695
share,GameData\patch\material_dlc192_2.arc,GameData\material_dlc192_2.arc,5058,BD463091,1700
share,GameData\patch\material_dlc196_2.arc,GameData\material_dlc196_2.arc,2546,6A2B65C0,1701
share,GameData\patch\material_dlc211_2.arc,GameData\material_dlc211_2.arc,2530,032AEDA1,1705
share,GameData\patch\material_dlc213_2.arc,GameData\material_dlc213_2.arc,1682,2339899B,1714
share,GameData\patch\material_dlc218_2.arc,GameData\material_dlc218_2.arc,1682,4B5A22C3,1741
share,GameData\patch\material_dlc249_2.arc,GameData\material_dlc249_2.arc,1746,72817BB5,1707
share,GameData\patch\material_dlc256_2.arc,GameData\material_dlc256_2.arc,3378,CFF1F232,1673
share,GameData\patch\material_dlc267_2.arc,GameData\material_dlc267_2.arc,5186,11ED6A88,1673
share,GameData\patch\material_dlc278_2.arc,GameData\material_dlc278_2.arc,3794,94EE71BB,1651
share,GameData\patch\material_dlc326_2.arc,GameData\material_dlc326_2.arc,1682,5D16A84A,1744
share,GameData\patch\material_dlc353_2.arc,GameData\material_dlc353_2.arc,1762,C3E9BB20,1673
share,GameData\patch\material_dlc356_2.arc,GameData\material_dlc356_2.arc,38338,802E0C1D,1674
share,GameData\patch\material_dlc357_2.arc,GameData\material_dlc357_2.arc,55938,3D8DE6D9,1674
share,GameData\patch\material_dlc358_2.arc,GameData\material_dlc358_2.arc,18754,C73B56B1,1673
share,GameData\patch\material_dlc359_2.arc,GameData\material_dlc359_2.arc,35026,E141B1FB,1674
share,GameData\patch\material_dlc363_2.arc,GameData\material_dlc363_2.arc,3794,14C1B1A5,1673
share,GameData\patch\material_dlc386_2.arc,GameData\material_dlc386_2.arc,13250,4D9AA74F,1744
share,GameData\patch\material_dlc412_2.arc,GameData\material_dlc412_2.arc,16850,B8975C41,1691
share,GameData\patch\material_dlc414_2.arc,GameData\material_dlc414_2.arc,13474,9E58194A,1744
share,GameData\patch\material_dlc427_2.arc,GameData\material_dlc427_2.arc,13746,1B72758F,1744
share,GameData\patch\material_dlc437hair_2.arc,GameData\material_dlc437hair_2.arc,1746,F7DF6102,1744
share,GameData\patch\material_dlc444_2.arc,GameData\material_dlc444_2.arc,1730,722E5805,1707
share,GameData\patch\material_dlc467_2.arc,GameData\material_dlc467_2.arc,1794,8518A3EB,1704
share,GameData\patch\material_dlc488_2.arc,GameData\material_dlc488_2.arc,1714,1AA5F731,1744
share,GameData\patch\material_dlcdenkigai2016w_2.arc,GameData\material_dlcdenkigai2016w_2.arc,13698,DFDB1621,1700
share,GameData\patch\material_dlcdenkigai2017w_2.arc,GameData\material_dlcdenkigai2017w_2.arc,9682,0DD690AD,1731
share,GameData\patch\material_dlsite_2.arc,GameData\material_dlsite_2.arc,4018,FC0DCC28,1700
share,GameData\patch\material_kissevent2017march_2.arc,GameData\material_kissevent2017march_2.arc,7570,5886DD16,1714
share,GameData\patch\material_magazine001_2.arc,GameData\material_magazine001_2.arc,10312250,FC1938E9,1751
share,GameData\patch\material_magazine003_2.arc,GameData\material_magazine003_2.arc,30594,697EA347,1695
share,GameData\patch\material_shop001_2.arc,GameData\material_shop001_2.arc,1762,D98CED1C,1150
share,GameData\patch\material_shop002_2.arc,GameData\material_shop002_2.arc,1762,956BB00E,1150
share,GameData\patch\material_shop003_2.arc,GameData\material_shop003_2.arc,1762,38CEBFF2,1150
share,GameData\patch\material_shop005_2.arc,GameData\material_shop005_2.arc,1714,3E621A32,1150
share,GameData\patch\material_shop007_2.arc,GameData\material_shop007_2.arc,2578,C8CE627C,1150
share,GameData\patch\material_sp005cloth2_2.arc,GameData\material_sp005cloth2_2.arc,1810,3AE810F9,1641
share,GameData\patch\material_sp006cloth1_2.arc,GameData\material_sp006cloth1_2.arc,5778,ACB7ACA2,1748
share,GameData\patch\material_vac001_2.arc,GameData\material_vac001_2.arc,5266,46CD10D7,1673
share,GameData\patch\material_vp001_2.arc,GameData\material_vp001_2.arc,11890,8CB043B0,1400
share,GameData\patch\material_vr.arc,GameData\material_vr.arc,6184,D2EAFD73,130
share,GameData\patch\material_yomeido003_2.arc,GameData\material_yomeido003_2.arc,1522,0689A7AC,1240
share,GameData\patch\material2.arc,GameData\material2.arc,234106,BAF1811C,1752
share,GameData\patch\menu_accessory_yandere001_2.arc,GameData\menu_accessory_yandere001_2.arc,5362,7EC2A149,1712
share,GameData\patch\menu_accessory_yandere002_2.arc,GameData\menu_accessory_yandere002_2.arc,2834,8C56D1D9,1712
share,GameData\patch\menu_bv001_2.arc,GameData\menu_bv001_2.arc,3682,074B851C,1754
share,GameData\patch\menu_cas002_2.arc,GameData\menu_cas002_2.arc,3234,B376662F,1691
share,GameData\patch\menu_cas005_2.arc,GameData\menu_cas005_2.arc,3314,B1151824,1674
share,GameData\patch\menu_cas006_2.arc,GameData\menu_cas006_2.arc,4162,124FC29F,1731
share,GameData\patch\menu_cas007_2.arc,GameData\menu_cas007_2.arc,3714,EA919FC3,1693
share,GameData\patch\menu_cas017_2.arc,GameData\menu_cas017_2.arc,3938,EBF4794F,1693
share,GameData\patch\menu_cas018_2.arc,GameData\menu_cas018_2.arc,3794,E3E0301F,1693
share,GameData\patch\menu_cas027_2.arc,GameData\menu_cas027_2.arc,4194,3B712034,1693
share,GameData\patch\menu_cas029_2.arc,GameData\menu_cas029_2.arc,3778,58C0365D,1693
share,GameData\patch\menu_cas030_2.arc,GameData\menu_cas030_2.arc,3874,6028B3BE,1691
share,GameData\patch\menu_cas031_2.arc,GameData\menu_cas031_2.arc,3906,7CC4BAC7,1673
share,GameData\patch\menu_cas044_2.arc,GameData\menu_cas044_2.arc,3218,C0415674,1673
share,GameData\patch\menu_cas049_2.arc,GameData\menu_cas049_2.arc,3266,8BE78307,1693
share,GameData\patch\menu_cas056_2.arc,GameData\menu_cas056_2.arc,3890,7F6480A2,1691
share,GameData\patch\menu_cas062_2.arc,GameData\menu_cas062_2.arc,3138,17F6B4B8,1680
share,GameData\patch\menu_cas064_2.arc,GameData\menu_cas064_2.arc,3746,743A5DCF,1691
share,GameData\patch\menu_cas069_2.arc,GameData\menu_cas069_2.arc,3634,47BE304F,1748
share,GameData\patch\menu_cas087_2.arc,GameData\menu_cas087_2.arc,3138,A1235198,1705
share,GameData\patch\menu_cas099_2.arc,GameData\menu_cas099_2.arc,3410,7F19AAC8,1705
share,GameData\patch\menu_cas101_2.arc,GameData\menu_cas101_2.arc,3266,58C5BCAD,1705
share,GameData\patch\menu_cas133_2.arc,GameData\menu_cas133_2.arc,8962,B2C49D27,1744
share,GameData\patch\menu_cas134_2.arc,GameData\menu_cas134_2.arc,9090,F8D6780D,1744
share,GameData\patch\menu_com3d2cbp_2.arc,GameData\menu_com3d2cbp_2.arc,3506,334A88E0,1673
share,GameData\patch\menu_cw001cloth3_2.arc,GameData\menu_cw001cloth3_2.arc,6994,F7D9910B,1691
share,GameData\patch\menu_cw002cloth1_2.arc,GameData\menu_cw002cloth1_2.arc,3762,B0366A81,1674
share,GameData\patch\menu_cw004cloth2_2.arc,GameData\menu_cw004cloth2_2.arc,3330,F61401F7,1673
share,GameData\patch\menu_cw005cloth1_2.arc,GameData\menu_cw005cloth1_2.arc,3282,14FBC0F8,1681
share,GameData\patch\menu_cw005cloth4_2.arc,GameData\menu_cw005cloth4_2.arc,23554,B15A0E72,1661
share,GameData\patch\menu_cw007cloth1_2.arc,GameData\menu_cw007cloth1_2.arc,9410,0CC26EE4,1693
share,GameData\patch\menu_denkigai2015s001_2.arc,GameData\menu_denkigai2015s001_2.arc,6594,8B3E849F,1160
share,GameData\patch\menu_denkigai2015s003_2.arc,GameData\menu_denkigai2015s003_2.arc,4338,D294CE88,1150
share,GameData\patch\menu_denkigai2015wTowelR.arc,GameData\menu_denkigai2015wTowelR.arc,1282,CECEE1FC,1360
share,GameData\patch\menu_denkigai2016s_2.arc,GameData\menu_denkigai2016s_2.arc,5298,ABC5BCBA,1680
share,GameData\patch\menu_denkigai2016w_2.arc,GameData\menu_denkigai2016w_2.arc,15154,C8D64D3B,1450
share,GameData\patch\menu_denkigai2017s_2.arc,GameData\menu_denkigai2017s_2.arc,8642,ED615547,1691
share,GameData\patch\menu_denkigai2017w_2.arc,GameData\menu_denkigai2017w_2.arc,4210,A57A8E1E,1694
share,GameData\patch\menu_denkigai2017wTshirt_2.arc,GameData\menu_denkigai2017wTshirt_2.arc,1330,C86D3E8E,1674
share,GameData\patch\menu_denkigai2019s_2.arc,GameData\menu_denkigai2019s_2.arc,9794,8105F4C2,1674
share,GameData\patch\menu_denkigai2019sTshirt_2.arc,GameData\menu_denkigai2019sTshirt_2.arc,1314,1585420D,1680
share,GameData\patch\menu_denkigai2019w_2.arc,GameData\menu_denkigai2019w_2.arc,5938,C4A9AA0F,1674
share,GameData\patch\menu_denkigai2020w_2.arc,GameData\menu_denkigai2020w_2.arc,9186,51DF1F95,1673
share,GameData\patch\menu_dlc001_2.arc,GameData\menu_dlc001_2.arc,3954,7D6E4233,1691
share,GameData\patch\menu_dlc004_2.arc,GameData\menu_dlc004_2.arc,3362,F70C6943,1744
share,GameData\patch\menu_dlc005_2.arc,GameData\menu_dlc005_2.arc,3586,73F33290,1693
share,GameData\patch\menu_dlc012_2.arc,GameData\menu_dlc012_2.arc,6626,6C5BEA26,1693
share,GameData\patch\menu_dlc017_2.arc,GameData\menu_dlc017_2.arc,3394,486DB42A,1691
share,GameData\patch\menu_dlc026_2.arc,GameData\menu_dlc026_2.arc,3778,69453D54,1190
share,GameData\patch\menu_dlc028_2.arc,GameData\menu_dlc028_2.arc,3874,DE3F1C31,1200
share,GameData\patch\menu_dlc033_2.arc,GameData\menu_dlc033_2.arc,7314,04421C06,1693
share,GameData\patch\menu_dlc034_2.arc,GameData\menu_dlc034_2.arc,3714,84E7DC58,1674
share,GameData\patch\menu_dlc040_2.arc,GameData\menu_dlc040_2.arc,3234,18422919,1700
share,GameData\patch\menu_dlc041_2.arc,GameData\menu_dlc041_2.arc,6786,97F738D3,1380
share,GameData\patch\menu_dlc042_2.arc,GameData\menu_dlc042_2.arc,1154,EE4016C0,1440
share,GameData\patch\menu_dlc049_2.arc,GameData\menu_dlc049_2.arc,5666,6A7F0162,1673
share,GameData\patch\menu_dlc061_2.arc,GameData\menu_dlc061_2.arc,3810,F99C1D4E,1290
share,GameData\patch\menu_dlc065_2.arc,GameData\menu_dlc065_2.arc,7602,D9387834,1380
share,GameData\patch\menu_dlc074_2.arc,GameData\menu_dlc074_2.arc,5618,24C559D7,1312
share,GameData\patch\menu_dlc077_2.arc,GameData\menu_dlc077_2.arc,9394,B0735D2F,1693
share,GameData\patch\menu_dlc078_2.arc,GameData\menu_dlc078_2.arc,2338,46D1542F,1673
share,GameData\patch\menu_dlc084_2.arc,GameData\menu_dlc084_2.arc,1362,514D4584,1694
share,GameData\patch\menu_dlc100_2.arc,GameData\menu_dlc100_2.arc,1250,DFF94E9A,1400
share,GameData\patch\menu_dlc101_2.arc,GameData\menu_dlc101_2.arc,1218,44DB4049,1481
share,GameData\patch\menu_dlc107_2.arc,GameData\menu_dlc107_2.arc,1746,A6C9E7C4,1590
share,GameData\patch\menu_dlc111_2.arc,GameData\menu_dlc111_2.arc,1330,480BC0DC,1674
share,GameData\patch\menu_dlc112_2.arc,GameData\menu_dlc112_2.arc,1826,64D3475B,1748
share,GameData\patch\menu_dlc121_2.arc,GameData\menu_dlc121_2.arc,3314,61796D1D,1681
share,GameData\patch\menu_dlc123_2.arc,GameData\menu_dlc123_2.arc,7714,595B8C3C,1674
share,GameData\patch\menu_dlc126_2.arc,GameData\menu_dlc126_2.arc,2050,7471540B,1673
share,GameData\patch\menu_dlc139_2.arc,GameData\menu_dlc139_2.arc,1346,405521A3,1694
share,GameData\patch\menu_dlc140_2.arc,GameData\menu_dlc140_2.arc,1218,DF957030,1680
share,GameData\patch\menu_dlc141_2.arc,GameData\menu_dlc141_2.arc,1218,206CE641,1680
share,GameData\patch\menu_dlc143_2.arc,GameData\menu_dlc143_2.arc,3890,B5ED6650,1693
share,GameData\patch\menu_dlc158_2.arc,GameData\menu_dlc158_2.arc,1250,BD65297C,1691
share,GameData\patch\menu_dlc170_2.arc,GameData\menu_dlc170_2.arc,1266,8DD047BD,1674
share,GameData\patch\menu_dlc184_2.arc,GameData\menu_dlc184_2.arc,3346,5D28E953,1691
share,GameData\patch\menu_dlc189_2.arc,GameData\menu_dlc189_2.arc,2258,5A9F3DE9,1590
share,GameData\patch\menu_dlc192_2.arc,GameData\menu_dlc192_2.arc,3458,B345C368,1700
share,GameData\patch\menu_dlc202_2.arc,GameData\menu_dlc202_2.arc,6594,7C41E999,1693
share,GameData\patch\menu_dlc203_2.arc,GameData\menu_dlc203_2.arc,3922,C3AF937A,1693
share,GameData\patch\menu_dlc204_2.arc,GameData\menu_dlc204_2.arc,3842,4DD62ADC,1674
share,GameData\patch\menu_dlc206_2.arc,GameData\menu_dlc206_2.arc,3394,CAC7F5BB,1691
share,GameData\patch\menu_dlc207_2.arc,GameData\menu_dlc207_2.arc,3826,A49C0682,1713
share,GameData\patch\menu_dlc227_2.arc,GameData\menu_dlc227_2.arc,1234,432C150D,1691
share,GameData\patch\menu_dlc228_2.arc,GameData\menu_dlc228_2.arc,1234,77F54BF8,1691
share,GameData\patch\menu_dlc230_2.arc,GameData\menu_dlc230_2.arc,1170,F4DCC0AA,1691
share,GameData\patch\menu_dlc230nh_2.arc,GameData\menu_dlc230nh_2.arc,1202,4F46042A,1691
share,GameData\patch\menu_dlc232_2.arc,GameData\menu_dlc232_2.arc,4146,689CEBFB,1693
share,GameData\patch\menu_dlc254_2.arc,GameData\menu_dlc254_2.arc,1282,5C51B209,1693
share,GameData\patch\menu_dlc281_2.arc,GameData\menu_dlc281_2.arc,1234,55D6233E,1691
share,GameData\patch\menu_dlc282_2.arc,GameData\menu_dlc282_2.arc,1234,8AA0E036,1691
share,GameData\patch\menu_dlc283_2.arc,GameData\menu_dlc283_2.arc,1202,25C4EE86,1673
share,GameData\patch\menu_dlc286_2.arc,GameData\menu_dlc286_2.arc,2626,18F6964C,1744
share,GameData\patch\menu_dlc293_2.arc,GameData\menu_dlc293_2.arc,1234,0D9FCDF7,1691
share,GameData\patch\menu_dlc294_2.arc,GameData\menu_dlc294_2.arc,1234,324EC8C6,1751
share,GameData\patch\menu_dlc296_2.arc,GameData\menu_dlc296_2.arc,1202,58D912BD,1703
share,GameData\patch\menu_dlc297_2.arc,GameData\menu_dlc297_2.arc,1234,45E20486,1691
share,GameData\patch\menu_dlc298_2.arc,GameData\menu_dlc298_2.arc,1314,754C44EE,1693
share,GameData\patch\menu_dlc317_2.arc,GameData\menu_dlc317_2.arc,3986,D34D5869,1707
share,GameData\patch\menu_dlc322_2.arc,GameData\menu_dlc322_2.arc,3138,2A035FB8,1691
share,GameData\patch\menu_dlc323_2.arc,GameData\menu_dlc323_2.arc,3666,C13032B8,1752
share,GameData\patch\menu_dlc324_2.arc,GameData\menu_dlc324_2.arc,31458,30DAF5BE,1691
share,GameData\patch\menu_dlc326_2.arc,GameData\menu_dlc326_2.arc,1730,625DC929,1744
share,GameData\patch\menu_dlc331_2.arc,GameData\menu_dlc331_2.arc,3330,78103186,1673
share,GameData\patch\menu_dlc336_2.arc,GameData\menu_dlc336_2.arc,19170,293428D3,1693
share,GameData\patch\menu_dlc339_2.arc,GameData\menu_dlc339_2.arc,3154,EEE967A4,1691
share,GameData\patch\menu_dlc340_2.arc,GameData\menu_dlc340_2.arc,10226,2E6EC41E,1673
share,GameData\patch\menu_dlc346_2.arc,GameData\menu_dlc346_2.arc,1234,E717993F,1731
share,GameData\patch\menu_dlc350_2.arc,GameData\menu_dlc350_2.arc,1298,88354072,1694
share,GameData\patch\menu_dlc351_2.arc,GameData\menu_dlc351_2.arc,3426,5992BB0B,1681
share,GameData\patch\menu_dlc353_2.arc,GameData\menu_dlc353_2.arc,1346,250C9D39,1673
share,GameData\patch\menu_dlc357_2.arc,GameData\menu_dlc357_2.arc,29714,34062D3F,1673
share,GameData\patch\menu_dlc358_2.arc,GameData\menu_dlc358_2.arc,21186,9A988520,1673
share,GameData\patch\menu_dlc359_2.arc,GameData\menu_dlc359_2.arc,17554,EA7AC5BA,1673
share,GameData\patch\menu_dlc360_2.arc,GameData\menu_dlc360_2.arc,1170,05EB0AAA,1691
share,GameData\patch\menu_dlc361_2.arc,GameData\menu_dlc361_2.arc,1218,CE7AA7A8,1746
share,GameData\patch\menu_dlc363_2.arc,GameData\menu_dlc363_2.arc,2034,AAF5EDC6,1746
share,GameData\patch\menu_dlc367_2.arc,GameData\menu_dlc367_2.arc,3410,C3A781BD,1691
share,GameData\patch\menu_dlc368_2.arc,GameData\menu_dlc368_2.arc,6114,83EAB547,1691
share,GameData\patch\menu_dlc376_2.arc,GameData\menu_dlc376_2.arc,1218,2A07F130,1680
share,GameData\patch\menu_dlc377_2.arc,GameData\menu_dlc377_2.arc,1218,09E45563,1680
share,GameData\patch\menu_dlc379_2.arc,GameData\menu_dlc379_2.arc,2978,756E6CCC,1691
share,GameData\patch\menu_dlc386_2.arc,GameData\menu_dlc386_2.arc,8242,43DF28B0,1744
share,GameData\patch\menu_dlc387_2.arc,GameData\menu_dlc387_2.arc,3378,5BD32D7E,1680
share,GameData\patch\menu_dlc389_2.arc,GameData\menu_dlc389_2.arc,3138,EBFFCABE,1680
share,GameData\patch\menu_dlc394_2.arc,GameData\menu_dlc394_2.arc,12482,B10CC376,1747
share,GameData\patch\menu_dlc399_2.arc,GameData\menu_dlc399_2.arc,1234,9EC7D1A9,1744
share,GameData\patch\menu_dlc403_2.arc,GameData\menu_dlc403_2.arc,3618,7D6C2F01,1681
share,GameData\patch\menu_dlc412_2.arc,GameData\menu_dlc412_2.arc,2962,13740778,1691
share,GameData\patch\menu_dlc413_2.arc,GameData\menu_dlc413_2.arc,2690,5DEB66A2,1681
share,GameData\patch\menu_dlc414_2.arc,GameData\menu_dlc414_2.arc,3666,01397BC6,1744
share,GameData\patch\menu_dlc421_2.arc,GameData\menu_dlc421_2.arc,3394,7F847FA7,1730
share,GameData\patch\menu_dlc423_2.arc,GameData\menu_dlc423_2.arc,3298,861496D6,1744
share,GameData\patch\menu_dlc433_2.arc,GameData\menu_dlc433_2.arc,1042,080D91D6,1681
share,GameData\patch\menu_dlc435_2.arc,GameData\menu_dlc435_2.arc,3362,6C07314A,1730
share,GameData\patch\menu_dlc437_2.arc,GameData\menu_dlc437_2.arc,3538,10DB5AF1,1730
share,GameData\patch\menu_dlc442_2.arc,GameData\menu_dlc442_2.arc,3858,76F05916,1713
share,GameData\patch\menu_dlc487_2.arc,GameData\menu_dlc487_2.arc,3266,52969574,1744
share,GameData\patch\menu_dlc523_2.arc,GameData\menu_dlc523_2.arc,4130,2EDD2BBF,1747
share,GameData\patch\menu_dlc526_2.arc,GameData\menu_dlc526_2.arc,4258,988E8441,1744
share,GameData\patch\menu_dlc527_2.arc,GameData\menu_dlc527_2.arc,3922,2E0ADAA8,1750
share,GameData\patch\menu_dlc529_2.arc,GameData\menu_dlc529_2.arc,3426,DB386466,1748
share,GameData\patch\menu_dlc538_2.arc,GameData\menu_dlc538_2.arc,3650,5108511A,1754
share,GameData\patch\menu_dlc552_2.arc,GameData\menu_dlc552_2.arc,23218,17C31D4F,1750
share,GameData\patch\menu_dlc553_2.arc,GameData\menu_dlc553_2.arc,21010,312CD453,1750
share,GameData\patch\menu_dlcdenkigai2016s_2.arc,GameData\menu_dlcdenkigai2016s_2.arc,4226,37F98EE6,1680
share,GameData\patch\menu_dlcdenkigai2016w_2.arc,GameData\menu_dlcdenkigai2016w_2.arc,13522,45E7F667,1450
share,GameData\patch\menu_dlcdenkigai2017s_2.arc,GameData\menu_dlcdenkigai2017s_2.arc,7602,6B6DD0C1,1691
share,GameData\patch\menu_dlcdenkigai2017w_2.arc,GameData\menu_dlcdenkigai2017w_2.arc,11762,EBA84B5A,1694
share,GameData\patch\menu_dlcdenkigai2019s_2.arc,GameData\menu_dlcdenkigai2019s_2.arc,7266,F30AC64C,1674
share,GameData\patch\menu_dlcdenkigai2019w_2.arc,GameData\menu_dlcdenkigai2019w_2.arc,4466,6CACEAA5,1674
share,GameData\patch\menu_dlsite_2.arc,GameData\menu_dlsite_2.arc,1954,B2268BA7,1150
share,GameData\patch\menu_gp001_2.arc,GameData\menu_gp001_2.arc,6770,59BE68C7,1744
share,GameData\patch\menu_karaoke001_2.arc,GameData\menu_karaoke001_2.arc,3922,5A836B72,1750
share,GameData\patch\menu_kissevent2017march.arc,GameData\menu_kissevent2017march.arc,281,FF4EEB9B,1522
share,GameData\patch\menu_kissevent2017march_2.arc,GameData\menu_kissevent2017march_2.arc,106784,C73EFD41,1747
share,GameData\patch\menu_magazine002_2.arc,GameData\menu_magazine002_2.arc,12994,C2587640,1691
share,GameData\patch\menu_magazine003_2.arc,GameData\menu_magazine003_2.arc,8338,9C318343,1713
share,GameData\patch\menu_nijiyomec_2.arc,GameData\menu_nijiyomec_2.arc,6738,7CDA2CFB,1673
share,GameData\patch\menu_oldplus009cloth_2.arc,GameData\menu_oldplus009cloth_2.arc,9602,4E06F551,1744
share,GameData\patch\menu_ordermade002_2.arc,GameData\menu_ordermade002_2.arc,1346,DF7DAA64,1673
share,GameData\patch\menu_personal_om008_2.arc,GameData\menu_personal_om008_2.arc,6866,2468F845,1744
share,GameData\patch\menu_personal002_2.arc,GameData\menu_personal002_2.arc,1282,5687650C,1310
share,GameData\patch\menu_personal004_2.arc,GameData\menu_personal004_2.arc,3906,43F24318,1693
share,GameData\patch\menu_shop001_2.arc,GameData\menu_shop001_2.arc,3314,35207C87,1150
share,GameData\patch\menu_shop005_2.arc,GameData\menu_shop005_2.arc,1378,0C9AF725,1150
share,GameData\patch\menu_sp001cloth1_2.arc,GameData\menu_sp001cloth1_2.arc,3314,31F028BF,1691
share,GameData\patch\menu_sp003cloth3_2.arc,GameData\menu_sp003cloth3_2.arc,9826,4C326B5D,1672
share,GameData\patch\menu_sp004cloth2_2.arc,GameData\menu_sp004cloth2_2.arc,6450,0C3E4048,1730
share,GameData\patch\menu_sp005cloth2_2.arc,GameData\menu_sp005cloth2_2.arc,3666,CDB7D350,1673
share,GameData\patch\menu_studio001_2.arc,GameData\menu_studio001_2.arc,58562,DBEECC6F,1717
share,GameData\patch\menu_vac001.arc,GameData\menu_vac001.arc,317,11490F18,1640
share,GameData\patch\menu_vac001_2.arc,GameData\menu_vac001_2.arc,24162,C5F8DFA9,1640
share,GameData\patch\menu_vp001_2.arc,GameData\menu_vp001_2.arc,22178,56017FAF,1691
share,GameData\patch\menu_vr.arc,GameData\menu_vr.arc,3407,D3B43CF5,130
share,GameData\patch\menu_x001_2.arc,GameData\menu_x001_2.arc,4482,CAC61B00,1700
share,GameData\patch\menu_yomeido003_2.arc,GameData\menu_yomeido003_2.arc,1234,4D6F619D,1240
share,GameData\patch\menu_yomeidogp_wedding_2.arc,GameData\menu_yomeidogp_wedding_2.arc,3954,C251B12C,1320
share,GameData\patch\menu2.arc,GameData\menu2.arc,257034,86B964D5,1751
share,GameData\patch\model_3d21reserve_2.arc,GameData\model_3d21reserve_2.arc,97321,682B7108,1691
share,GameData\patch\model_cas006_2.arc,GameData\model_cas006_2.arc,600247,B840F071,1731
share,GameData\patch\model_cas010_2.arc,GameData\model_cas010_2.arc,92792,23A38F6A,1751
share,GameData\patch\model_cas031_2.arc,GameData\model_cas031_2.arc,1275040,257EA812,1673
share,GameData\patch\model_cas036_2.arc,GameData\model_cas036_2.arc,1489264,436406D4,1751
share,GameData\patch\model_cas043_2.arc,GameData\model_cas043_2.arc,166587,C4122F7E,1744
share,GameData\patch\model_cas056_2.arc,GameData\model_cas056_2.arc,515645,4C84558A,1744
share,GameData\patch\model_cas064_2.arc,GameData\model_cas064_2.arc,116026,0A8CC175,1744
share,GameData\patch\model_cas069_2.arc,GameData\model_cas069_2.arc,172908,C07975D5,1748
share,GameData\patch\model_cas084_2.arc,GameData\model_cas084_2.arc,799717,0FE9A23B,1693
share,GameData\patch\model_cas099_2.arc,GameData\model_cas099_2.arc,120018,F24B9C93,1744
share,GameData\patch\model_cas113_2.arc,GameData\model_cas113_2.arc,474721,DDA747D5,1744
share,GameData\patch\model_cas133_2.arc,GameData\model_cas133_2.arc,1797049,9CFB4397,1744
share,GameData\patch\model_cas135_2.arc,GameData\model_cas135_2.arc,383793,10C4EE04,1749
share,GameData\patch\model_cas141_2.arc,GameData\model_cas141_2.arc,86614,EA312133,1754
share,GameData\patch\model_cas142_2.arc,GameData\model_cas142_2.arc,214189,20B4BA6D,1750
share,GameData\patch\model_cas146_2.arc,GameData\model_cas146_2.arc,80800,827D109C,1748
share,GameData\patch\model_com3d2cbp_2.arc,GameData\model_com3d2cbp_2.arc,186624,4DC6333D,1673
share,GameData\patch\model_cw001cloth1_2.arc,GameData\model_cw001cloth1_2.arc,107314,C52E5E4E,1681
share,GameData\patch\model_cw001cloth2_2.arc,GameData\model_cw001cloth2_2.arc,194657,F622B758,1673
share,GameData\patch\model_cw004cloth1_2.arc,GameData\model_cw004cloth1_2.arc,877052,EEB61B76,1744
share,GameData\patch\model_cw004cloth2_2.arc,GameData\model_cw004cloth2_2.arc,315112,C85E6F0F,1673
share,GameData\patch\model_cw004cloth3_2.arc,GameData\model_cw004cloth3_2.arc,392556,2C567671,1744
share,GameData\patch\model_cw005cloth3_2.arc,GameData\model_cw005cloth3_2.arc,1787568,5851FA8F,1673
share,GameData\patch\model_cw005cloth4_2.arc,GameData\model_cw005cloth4_2.arc,797916,99503A91,1661
share,GameData\patch\model_cw007cloth1_2.arc,GameData\model_cw007cloth1_2.arc,702932,B1ACE3C1,1673
share,GameData\patch\model_cw007cloth2_2.arc,GameData\model_cw007cloth2_2.arc,217700,DAC6F05B,1748
share,GameData\patch\model_denkigai2015s003_2.arc,GameData\model_denkigai2015s003_2.arc,394665,41A48185,1150
share,GameData\patch\model_denkigai2015wTowelR.arc,GameData\model_denkigai2015wTowelR.arc,38258,FB570A24,1360
share,GameData\patch\model_denkigai2016w_2.arc,GameData\model_denkigai2016w_2.arc,55330,157E15CF,1700
share,GameData\patch\model_denkigai2017s_2.arc,GameData\model_denkigai2017s_2.arc,462663,8917104A,1582
share,GameData\patch\model_denkigai2017w_2.arc,GameData\model_denkigai2017w_2.arc,940839,6DDB2929,1731
share,GameData\patch\model_denkigai2017wTshirt_2.arc,GameData\model_denkigai2017wTshirt_2.arc,293648,C0ABFC47,1674
share,GameData\patch\model_denkigai2019s_2.arc,GameData\model_denkigai2019s_2.arc,161179,BAFBA2FA,1691
share,GameData\patch\model_denkigai2019sTshirt_2.arc,GameData\model_denkigai2019sTshirt_2.arc,188041,2210617D,1680
share,GameData\patch\model_denkigai2020s_2.arc,GameData\model_denkigai2020s_2.arc,70702,A7C3EBB2,1744
share,GameData\patch\model_denkigai2020w_2.arc,GameData\model_denkigai2020w_2.arc,587840,0341A245,1705
share,GameData\patch\model_dlc004_2.arc,GameData\model_dlc004_2.arc,285512,53E9912D,1744
share,GameData\patch\model_dlc005_2.arc,GameData\model_dlc005_2.arc,1056726,868455F2,1693
share,GameData\patch\model_dlc007_2.arc,GameData\model_dlc007_2.arc,72986,85596DB7,1744
share,GameData\patch\model_dlc009_2.arc,GameData\model_dlc009_2.arc,49538,00C13435,1731
share,GameData\patch\model_dlc015_2.arc,GameData\model_dlc015_2.arc,838535,61A4FE6B,1707
share,GameData\patch\model_dlc028_2.arc,GameData\model_dlc028_2.arc,1608201,B20E1DD0,1752
share,GameData\patch\model_dlc029_2.arc,GameData\model_dlc029_2.arc,422954,480FDAAF,1703
share,GameData\patch\model_dlc034_2.arc,GameData\model_dlc034_2.arc,215459,8DC01A47,1700
share,GameData\patch\model_dlc036_2.arc,GameData\model_dlc036_2.arc,2284004,AAE6B056,1753
share,GameData\patch\model_dlc037_2.arc,GameData\model_dlc037_2.arc,1743109,5ACA4EE6,1752
share,GameData\patch\model_dlc038_2.arc,GameData\model_dlc038_2.arc,171553,12426AA2,1744
share,GameData\patch\model_dlc040_2.arc,GameData\model_dlc040_2.arc,286010,5EB9D24E,1700
share,GameData\patch\model_dlc042_2.arc,GameData\model_dlc042_2.arc,31458,3A6B72F6,1700
share,GameData\patch\model_dlc046_2.arc,GameData\model_dlc046_2.arc,4650987,89C2EC2D,1695
share,GameData\patch\model_dlc049_2.arc,GameData\model_dlc049_2.arc,1293953,3F7880CC,1714
share,GameData\patch\model_dlc073_2.arc,GameData\model_dlc073_2.arc,267037,47D33A06,1320
share,GameData\patch\model_dlc076_2.arc,GameData\model_dlc076_2.arc,149130,64F0A453,1716
share,GameData\patch\model_dlc081_2.arc,GameData\model_dlc081_2.arc,232465,50D2F1A6,1718
share,GameData\patch\model_dlc089_2.arc,GameData\model_dlc089_2.arc,123571,864E9111,1712
share,GameData\patch\model_dlc093_2.arc,GameData\model_dlc093_2.arc,480013,E13DFECC,1695
share,GameData\patch\model_dlc100_2.arc,GameData\model_dlc100_2.arc,691347,7C3D679D,1400
share,GameData\patch\model_dlc108_2.arc,GameData\model_dlc108_2.arc,548791,B33F0FE5,1695
share,GameData\patch\model_dlc109_2.arc,GameData\model_dlc109_2.arc,137998,8FCCF513,1460
share,GameData\patch\model_dlc114_2.arc,GameData\model_dlc114_2.arc,313631,F9381ABD,1751
share,GameData\patch\model_dlc126_2.arc,GameData\model_dlc126_2.arc,480713,A5D9E5F6,1701
share,GameData\patch\model_dlc134_2.arc,GameData\model_dlc134_2.arc,44306,74970F84,1700
share,GameData\patch\model_dlc139_2.arc,GameData\model_dlc139_2.arc,256344,0DBAAA90,1704
share,GameData\patch\model_dlc146_2.arc,GameData\model_dlc146_2.arc,603378,6A6A4D37,1700
share,GameData\patch\model_dlc150_2.arc,GameData\model_dlc150_2.arc,612679,AE5E65C9,1700
share,GameData\patch\model_dlc151_2.arc,GameData\model_dlc151_2.arc,213532,8C3C80C3,1520
share,GameData\patch\model_dlc154_2.arc,GameData\model_dlc154_2.arc,592473,747CD3BA,1704
share,GameData\patch\model_dlc166_2.arc,GameData\model_dlc166_2.arc,135727,51F3F8AB,1700
share,GameData\patch\model_dlc170_2.arc,GameData\model_dlc170_2.arc,801873,1707FCC8,1717
share,GameData\patch\model_dlc177_2.arc,GameData\model_dlc177_2.arc,376696,8FDC7A5B,1731
share,GameData\patch\model_dlc180_2.arc,GameData\model_dlc180_2.arc,782394,8DF14FAA,1709
share,GameData\patch\model_dlc182_2.arc,GameData\model_dlc182_2.arc,778404,8851D648,1712
share,GameData\patch\model_dlc183_2.arc,GameData\model_dlc183_2.arc,311722,A5ADEBFA,1712
share,GameData\patch\model_dlc191_2.arc,GameData\model_dlc191_2.arc,2167029,A26D66D3,1695
share,GameData\patch\model_dlc192_2.arc,GameData\model_dlc192_2.arc,206013,3FA5CBFD,1700
share,GameData\patch\model_dlc196_2.arc,GameData\model_dlc196_2.arc,735258,B553D8CC,1701
share,GameData\patch\model_dlc204_2.arc,GameData\model_dlc204_2.arc,587029,B36E0E24,1707
share,GameData\patch\model_dlc206_2.arc,GameData\model_dlc206_2.arc,645607,3578836D,1673
share,GameData\patch\model_dlc208_2.arc,GameData\model_dlc208_2.arc,725410,80DF97AC,1710
share,GameData\patch\model_dlc209_2.arc,GameData\model_dlc209_2.arc,1360811,72C67140,1610
share,GameData\patch\model_dlc211_2.arc,GameData\model_dlc211_2.arc,1667780,77406BC9,1705
share,GameData\patch\model_dlc213_2.arc,GameData\model_dlc213_2.arc,2542013,D5BD4479,1714
share,GameData\patch\model_dlc218_2.arc,GameData\model_dlc218_2.arc,506142,548AFA2F,1741
share,GameData\patch\model_dlc252_2.arc,GameData\model_dlc252_2.arc,1145987,724BA800,1730
share,GameData\patch\model_dlc256_2.arc,GameData\model_dlc256_2.arc,434902,AC96EDE7,1673
share,GameData\patch\model_dlc264_2.arc,GameData\model_dlc264_2.arc,1284137,3BAA1822,1744
share,GameData\patch\model_dlc267_2.arc,GameData\model_dlc267_2.arc,506888,4758395D,1673
share,GameData\patch\model_dlc268_2.arc,GameData\model_dlc268_2.arc,463350,1F545CEE,1650
share,GameData\patch\model_dlc278_2.arc,GameData\model_dlc278_2.arc,944175,D859BA41,1651
share,GameData\patch\model_dlc283_2.arc,GameData\model_dlc283_2.arc,212022,6658BAFF,1673
share,GameData\patch\model_dlc284_2.arc,GameData\model_dlc284_2.arc,532360,049DC38B,1695
share,GameData\patch\model_dlc285_2.arc,GameData\model_dlc285_2.arc,228222,3CAEB711,1681
share,GameData\patch\model_dlc286_2.arc,GameData\model_dlc286_2.arc,73886,A3DC40BE,1680
share,GameData\patch\model_dlc294_2.arc,GameData\model_dlc294_2.arc,89184,DA8FCA88,1751
share,GameData\patch\model_dlc301_2.arc,GameData\model_dlc301_2.arc,2770802,FC56BD36,1711
share,GameData\patch\model_dlc302_2.arc,GameData\model_dlc302_2.arc,1975498,7F93CFBD,1673
share,GameData\patch\model_dlc303_2.arc,GameData\model_dlc303_2.arc,2689842,AC3B4D66,1673
share,GameData\patch\model_dlc304_2.arc,GameData\model_dlc304_2.arc,2557508,A0A84D30,1711
share,GameData\patch\model_dlc314_2.arc,GameData\model_dlc314_2.arc,102829,E3EE6B88,1744
share,GameData\patch\model_dlc317_2.arc,GameData\model_dlc317_2.arc,4235399,79891393,1744
share,GameData\patch\model_dlc326_2.arc,GameData\model_dlc326_2.arc,414866,4374BB67,1744
share,GameData\patch\model_dlc330_2.arc,GameData\model_dlc330_2.arc,1413403,92E3085E,1673
share,GameData\patch\model_dlc331_2.arc,GameData\model_dlc331_2.arc,382339,7535D433,1691
share,GameData\patch\model_dlc334_2.arc,GameData\model_dlc334_2.arc,1511917,94EDF9F7,1732
share,GameData\patch\model_dlc345_2.arc,GameData\model_dlc345_2.arc,305873,22B2B3C4,1744
share,GameData\patch\model_dlc346_2.arc,GameData\model_dlc346_2.arc,205671,6790C75A,1731
share,GameData\patch\model_dlc349_2.arc,GameData\model_dlc349_2.arc,23314,FFFB8AB1,1731
share,GameData\patch\model_dlc351_2.arc,GameData\model_dlc351_2.arc,413320,A3A5DB8E,1681
share,GameData\patch\model_dlc353_2.arc,GameData\model_dlc353_2.arc,964407,DB9B8FA4,1673
share,GameData\patch\model_dlc356_2.arc,GameData\model_dlc356_2.arc,1144913,B1A02CF9,1673
share,GameData\patch\model_dlc357_2.arc,GameData\model_dlc357_2.arc,4511946,3D1CDF76,1673
share,GameData\patch\model_dlc358_2.arc,GameData\model_dlc358_2.arc,4341633,D9163415,1673
share,GameData\patch\model_dlc359_2.arc,GameData\model_dlc359_2.arc,1530334,2F02195C,1673
share,GameData\patch\model_dlc360_2.arc,GameData\model_dlc360_2.arc,23714,7C145E45,1680
share,GameData\patch\model_dlc361_2.arc,GameData\model_dlc361_2.arc,2831298,4199C5F0,1746
share,GameData\patch\model_dlc362_2.arc,GameData\model_dlc362_2.arc,624379,447A4556,1673
share,GameData\patch\model_dlc363_2.arc,GameData\model_dlc363_2.arc,858109,8BD01DD1,1746
share,GameData\patch\model_dlc367_2.arc,GameData\model_dlc367_2.arc,58994,4024DDE9,1673
share,GameData\patch\model_dlc368_2.arc,GameData\model_dlc368_2.arc,228834,D8234312,1745
share,GameData\patch\model_dlc373_2.arc,GameData\model_dlc373_2.arc,1449896,3527E9B0,1715
share,GameData\patch\model_dlc375_2.arc,GameData\model_dlc375_2.arc,500696,59515BDE,1713
share,GameData\patch\model_dlc376_2.arc,GameData\model_dlc376_2.arc,236654,FACBF978,1680
share,GameData\patch\model_dlc382_2.arc,GameData\model_dlc382_2.arc,148464,DAE32388,1731
share,GameData\patch\model_dlc384_2.arc,GameData\model_dlc384_2.arc,1299376,60369D3D,1753
share,GameData\patch\model_dlc388_2.arc,GameData\model_dlc388_2.arc,552662,27F4BA27,1754
share,GameData\patch\model_dlc386_2.arc,GameData\model_dlc386_2.arc,1890415,007766B6,1719
share,GameData\patch\model_dlc389_2.arc,GameData\model_dlc389_2.arc,1945949,2E55ED67,1717
share,GameData\patch\model_dlc392_2.arc,GameData\model_dlc392_2.arc,1183892,E5FCC07F,1744
share,GameData\patch\model_dlc394_2.arc,GameData\model_dlc394_2.arc,2128670,706A4A3B,1680
share,GameData\patch\model_dlc395_2.arc,GameData\model_dlc395_2.arc,511319,E5B0E542,1680
share,GameData\patch\model_dlc396_2.arc,GameData\model_dlc396_2.arc,1604124,578E77AD,1701
share,GameData\patch\model_dlc397_2.arc,GameData\model_dlc397_2.arc,2657340,F0DC461B,1680
share,GameData\patch\model_dlc412_2.arc,GameData\model_dlc412_2.arc,236630,17161F9C,1691
share,GameData\patch\model_dlc414_2.arc,GameData\model_dlc414_2.arc,955367,D4DC9841,1752
share,GameData\patch\model_dlc423_2.arc,GameData\model_dlc423_2.arc,243401,53F93DDE,1744
share,GameData\patch\model_dlc424_2.arc,GameData\model_dlc424_2.arc,1353078,9DA4E809,1731
share,GameData\patch\model_dlc427_2.arc,GameData\model_dlc427_2.arc,600586,7CED21DC,1695
share,GameData\patch\model_dlc436_2.arc,GameData\model_dlc436_2.arc,223044,CD18EBF4,1693
share,GameData\patch\model_dlc437_2.arc,GameData\model_dlc437_2.arc,509448,A85B419B,1751
share,GameData\patch\model_dlc437hair_2.arc,GameData\model_dlc437hair_2.arc,354059,D48CD13B,1744
share,GameData\patch\model_dlc442_2.arc,GameData\model_dlc442_2.arc,440085,016F78C4,1695
share,GameData\patch\model_dlc444_2.arc,GameData\model_dlc444_2.arc,361781,26EC151D,1707
share,GameData\patch\model_dlc450_2.arc,GameData\model_dlc450_2.arc,508820,CFFA2D48,1744
share,GameData\patch\model_dlc451_2.arc,GameData\model_dlc451_2.arc,537178,E56CAB81,1744
share,GameData\patch\model_dlc454_2.arc,GameData\model_dlc454_2.arc,305477,3C5B484C,1707
share,GameData\patch\model_dlc462_2.arc,GameData\model_dlc462_2.arc,337274,335419B3,1744
share,GameData\patch\model_dlc466_2.arc,GameData\model_dlc466_2.arc,220262,A2895402,1744
share,GameData\patch\model_dlc475_2.arc,GameData\model_dlc475_2.arc,1558632,69F41A60,1754
share,GameData\patch\model_dlc477_2.arc,GameData\model_dlc477_2.arc,373498,A6DC190B,1704
share,GameData\patch\model_dlc479_2.arc,GameData\model_dlc479_2.arc,519307,21162246,1705
share,GameData\patch\model_dlc481_2.arc,GameData\model_dlc481_2.arc,136727,34D702AE,1707
share,GameData\patch\model_dlc482_2.arc,GameData\model_dlc482_2.arc,71140,A2E0B7E9,1712
share,GameData\patch\model_dlc488_2.arc,GameData\model_dlc488_2.arc,1259955,5F6A1992,1731
share,GameData\patch\model_dlc490_2.arc,GameData\model_dlc490_2.arc,276916,BA5686FF,1713
share,GameData\patch\model_dlc491_2.arc,GameData\model_dlc491_2.arc,470878,5763577F,1712
share,GameData\patch\model_dlc499_2.arc,GameData\model_dlc499_2.arc,1217029,01F20E86,1752
share,GameData\patch\model_dlc505_2.arc,GameData\model_dlc505_2.arc,114740,AF1B0F13,1744
share,GameData\patch\model_dlc508_2.arc,GameData\model_dlc508_2.arc,1171745,91EBD4B1,1744
share,GameData\patch\model_dlc510_2.arc,GameData\model_dlc510_2.arc,1798570,28BA1A40,1744
share,GameData\patch\model_dlc512_2.arc,GameData\model_dlc512_2.arc,463683,B099D4C1,1752
share,GameData\patch\model_dlc513_2.arc,GameData\model_dlc513_2.arc,142742,C92F2E78,1744
share,GameData\patch\model_dlc519_2.arc,GameData\model_dlc519_2.arc,1083748,B94E1F6C,1749
share,GameData\patch\model_dlc520_2.arc,GameData\model_dlc520_2.arc,647048,A82B87A1,1744
share,GameData\patch\model_dlc522_2.arc,GameData\model_dlc522_2.arc,428795,5FCFC9AA,1754
share,GameData\patch\model_dlc527_2.arc,GameData\model_dlc527_2.arc,263958,9E330927,1750
share,GameData\patch\model_dlc528_2.arc,GameData\model_dlc528_2.arc,1494027,45D5AB2F,1745
share,GameData\patch\model_dlc529_2.arc,GameData\model_dlc529_2.arc,345000,4BE5C790,1748
share,GameData\patch\model_dlc536_2.arc,GameData\model_dlc536_2.arc,1135095,9F93E2F2,1744
share,GameData\patch\model_dlc543_2.arc,GameData\model_dlc543_2.arc,451611,22BFDA92,1747
share,GameData\patch\model_dlc551_2.arc,GameData\model_dlc551_2.arc,328698,9D6D370C,1751
share,GameData\patch\model_dlcdenkigai2016w_2.arc,GameData\model_dlcdenkigai2016w_2.arc,55330,E3C7479D,1700
share,GameData\patch\model_dlcdenkigai2017s_2.arc,GameData\model_dlcdenkigai2017s_2.arc,462667,9F0C3D54,1582
share,GameData\patch\model_dlcdenkigai2017w_2.arc,GameData\model_dlcdenkigai2017w_2.arc,940868,CFF20637,1731
share,GameData\patch\model_dlcdenkigai2019s_2.arc,GameData\model_dlcdenkigai2019s_2.arc,161184,75ECD4CA,1691
share,GameData\patch\model_dlsite_2.arc,GameData\model_dlsite_2.arc,1805566,01B92BA3,1700
share,GameData\patch\model_kissevent2017march_2.arc,GameData\model_kissevent2017march_2.arc,2481232,88866912,1747
share,GameData\patch\model_magazine003_2.arc,GameData\model_magazine003_2.arc,2063765,4EEFED4C,1695
share,GameData\patch\model_oldplus002hair1_2.arc,GameData\model_oldplus002hair1_2.arc,184829,2DAE518E,1673
share,GameData\patch\model_oldplus004hair1_2.arc,GameData\model_oldplus004hair1_2.arc,1514942,A6F62CED,1703
share,GameData\patch\model_oldplus009cloth_2.arc,GameData\model_oldplus009cloth_2.arc,1864338,851C2BDB,1693
share,GameData\patch\model_oldplus010hair1_2.arc,GameData\model_oldplus010hair1_2.arc,1110706,205C2EE8,1712
share,GameData\patch\model_oldplus011cloth_2.arc,GameData\model_oldplus011cloth_2.arc,204370,BE9D89E8,1745
share,GameData\patch\model_personal_om008_2.arc,GameData\model_personal_om008_2.arc,219900,95ED3847,1744
share,GameData\patch\model_personal004_2.arc,GameData\model_personal004_2.arc,239957,612D60C1,1681
share,GameData\patch\model_pp002_2.arc,GameData\model_pp002_2.arc,25586,6BC54342,1673
share,GameData\patch\model_shop001_2.arc,GameData\model_shop001_2.arc,115215,9C941FAF,1150
share,GameData\patch\model_shop002_2.arc,GameData\model_shop002_2.arc,251253,743C3D97,1150
share,GameData\patch\model_shop003_2.arc,GameData\model_shop003_2.arc,185433,A15EC70A,1150
share,GameData\patch\model_shop005_2.arc,GameData\model_shop005_2.arc,150103,FB5341FA,1150
share,GameData\patch\model_shop007_2.arc,GameData\model_shop007_2.arc,288759,80615CBD,1150
share,GameData\patch\model_sp001cloth1_2.arc,GameData\model_sp001cloth1_2.arc,57746,E9F326F1,1691
share,GameData\patch\model_sp002cloth2_2.arc,GameData\model_sp002cloth2_2.arc,1816544,0767F20F,1672
share,GameData\patch\model_sp003cloth3_2.arc,GameData\model_sp003cloth3_2.arc,2950224,4B3AAFE9,1672
share,GameData\patch\model_sp005cloth2_2.arc,GameData\model_sp005cloth2_2.arc,300283,8FA9F82B,1673
share,GameData\patch\model_sp006cloth1_2.arc,GameData\model_sp006cloth1_2.arc,1733170,84FC8AE0,1748
share,GameData\patch\model_vp001_2.arc,GameData\model_vp001_2.arc,647949,3A47B5A0,1691
share,GameData\patch\model_vr.arc,GameData\model_vr.arc,866449,B84B7620,130
share,GameData\patch\model_x001_2.arc,GameData\model_x001_2.arc,278133,F40C9EA5,1717
share,GameData\patch\model_x001plus_2.arc,GameData\model_x001plus_2.arc,475922,3208B986,1711
share,GameData\patch\model2.arc,GameData\model2.arc,20864461,3377252E,1754
share,GameData\patch\paths.dat,GameData\paths.dat,15824,2CF0C625,1846
share,GameData\patch\prioritymaterial.arc,GameData\prioritymaterial.arc,468249,84D0D658,1847
share,GameData\patch\script_share_vrcom_2.arc,GameData\script_share_vrcom_2.arc,34850,FAC1DDAC,1560
share,GameData\patch\sound_magazine001_2.arc,GameData\sound_magazine001_2.arc,4290,8848CB81,1751
share,GameData\patch\sound_magazine002_2.arc,GameData\sound_magazine002_2.arc,690,72CBE3A4,1751
share,GameData\patch\sound2.arc,GameData\sound2.arc,12751123,D3C5ED01,1490
share,GameData\patch\texture_addpose001.arc,GameData\texture_addpose001.arc,23943,1D529A44,1220
share,GameData\patch\texture_cafesp001_2.arc,GameData\texture_cafesp001_2.arc,205507,2E1A9EDF,1748
share,GameData\patch\texture_cas006_2.arc,GameData\texture_cas006_2.arc,8930,5DACDC58,1731
share,GameData\patch\texture_cas036_2.arc,GameData\texture_cas036_2.arc,13921021,F351949B,1703
share,GameData\patch\texture_cas113_2.arc,GameData\texture_cas113_2.arc,46625634,E6F2E799,1744
share,GameData\patch\texture_cas135_2.arc,GameData\texture_cas135_2.arc,5232067,D7612E82,1717
share,GameData\patch\texture_cas139_2.arc,GameData\texture_cas139_2.arc,8118853,61331B0E,1744
share,GameData\patch\texture_charaevent_pride_2.arc,GameData\texture_charaevent_pride_2.arc,13250,C74EA680,1747
share,GameData\patch\texture_cr002_2.arc,GameData\texture_cr002_2.arc,6402,370E3B9E,1680
share,GameData\patch\texture_cw005cloth4_2.arc,GameData\texture_cw005cloth4_2.arc,91545191,1DE51460,1661
share,GameData\patch\texture_denkigai2015wTowelR.arc,GameData\texture_denkigai2015wTowelR.arc,133065,FE4BDC34,1360
share,GameData\patch\texture_denkigai2016w_2.arc,GameData\texture_denkigai2016w_2.arc,10105247,3B4641C3,1450
share,GameData\patch\texture_dlc004_2.arc,GameData\texture_dlc004_2.arc,4805793,1C7DB786,1744
share,GameData\patch\texture_dlc046_2.arc,GameData\texture_dlc046_2.arc,596960,FC606BA5,1220
share,GameData\patch\texture_dlc107_2.arc,GameData\texture_dlc107_2.arc,913018,88EAC715,1590
share,GameData\patch\texture_dlc121_2.arc,GameData\texture_dlc121_2.arc,1276165,72A24D1E,1673
share,GameData\patch\texture_dlc183_2.arc,GameData\texture_dlc183_2.arc,27113252,3EBC9B13,1712
share,GameData\patch\texture_dlc205_2.arc,GameData\texture_dlc205_2.arc,71995,709036D0,1704
share,GameData\patch\texture_dlc249_2.arc,GameData\texture_dlc249_2.arc,12600750,1A053818,1707
share,GameData\patch\texture_dlc267_2.arc,GameData\texture_dlc267_2.arc,2311226,F39D6830,1650
share,GameData\patch\texture_dlc279_2.arc,GameData\texture_dlc279_2.arc,6149999,3FE86171,1650
share,GameData\patch\texture_dlc323_2.arc,GameData\texture_dlc323_2.arc,10482,F3B8882B,1752
share,GameData\patch\texture_dlc356_2.arc,GameData\texture_dlc356_2.arc,54635001,3E70ED43,1674
share,GameData\patch\texture_dlc357_2.arc,GameData\texture_dlc357_2.arc,42210965,78465BE6,1674
share,GameData\patch\texture_dlc358_2.arc,GameData\texture_dlc358_2.arc,33834979,13781722,1673
share,GameData\patch\texture_dlc359_2.arc,GameData\texture_dlc359_2.arc,104915998,0608F8F7,1674
share,GameData\patch\texture_dlc361_2.arc,GameData\texture_dlc361_2.arc,29567498,BD5402B6,1746
share,GameData\patch\texture_dlc363_2.arc,GameData\texture_dlc363_2.arc,10616586,1DB6B7B6,1746
share,GameData\patch\texture_dlc375_2.arc,GameData\texture_dlc375_2.arc,26574746,CF488AC2,1713
share,GameData\patch\texture_dlc377_2.arc,GameData\texture_dlc377_2.arc,2633123,5A9C0F72,1744
share,GameData\patch\texture_dlc386_2.arc,GameData\texture_dlc386_2.arc,1022408,504C11D3,1744
share,GameData\patch\texture_dlc394_2.arc,GameData\texture_dlc394_2.arc,9090,D1A6C15B,1747
share,GameData\patch\texture_dlc405_2.arc,GameData\texture_dlc405_2.arc,4522663,AD657DA6,1744
share,GameData\patch\texture_dlc414_2.arc,GameData\texture_dlc414_2.arc,8276290,844E9DDA,1744
share,GameData\patch\texture_dlc437_2.arc,GameData\texture_dlc437_2.arc,21879766,37D74A80,1744
share,GameData\patch\texture_dlc475_2.arc,GameData\texture_dlc475_2.arc,12536480,61782DA5,1744
share,GameData\patch\texture_dlc523_2.arc,GameData\texture_dlc523_2.arc,8370,67C77597,1747
share,GameData\patch\texture_dlc526_2.arc,GameData\texture_dlc526_2.arc,8210,1462E6A1,1744
share,GameData\patch\texture_dlc529_2.arc,GameData\texture_dlc529_2.arc,7970,B67E60CD,1748
share,GameData\patch\texture_dlc536_2.arc,GameData\texture_dlc536_2.arc,20742956,B73EA101,1744
share,GameData\patch\texture_dlc545_2.arc,GameData\texture_dlc545_2.arc,10562,F3127853,1747
share,GameData\patch\texture_dlcdenkigai2016w_2.arc,GameData\texture_dlcdenkigai2016w_2.arc,10105332,90868016,1450
share,GameData\patch\texture_kissevent2017march.arc,GameData\texture_kissevent2017march.arc,281,FF4EEB9B,1522
share,GameData\patch\texture_kissevent2017march_2.arc,GameData\texture_kissevent2017march_2.arc,79439191,B0244CA0,1747
share,GameData\patch\texture_magazine003_2.arc,GameData\texture_magazine003_2.arc,56853288,18ADF07A,1700
share,GameData\patch\texture_vac001_2.arc,GameData\texture_vac001_2.arc,1265168,4979EB36,1673
share,GameData\patch\texture_vp001_2.arc,GameData\texture_vp001_2.arc,755269,18D5027D,1400
share,GameData\patch\texture_vr.arc,GameData\texture_vr.arc,1111256,DF651968,130
share,GameData\patch\texture_yomeido003_2.arc,GameData\texture_yomeido003_2.arc,117248,0EE72B42,1240
share,GameData\patch\texture_yomeidokanteidan2_godmaid_2.arc,GameData\texture_yomeidokanteidan2_godmaid_2.arc,8610,1B1349B1,1673
share,GameData\patch\texture2.arc,GameData\texture2.arc,748712227,393809F6,1130
share,GameData\patch\texture3.arc,GameData\texture3.arc,19072464,B133F21C,1751
share,GameData\patch\voice_magazine001_2.arc,GameData\voice_magazine001_2.arc,62050,737B1E36,1751
share,PhotoModeData\Mod\Motion\readme.txt,PhotoModeData\Mod\Motion\readme.txt,146,3BF5AF4D,1220
share,Preset\8_ren_1_yosiko.preset,Preset\8_ren_1_yosiko.preset,55432,D54FD70C,1220
share,Preset\8_ren_2_ayumi.preset,Preset\8_ren_2_ayumi.preset,51097,3C44F9DB,1220
share,Preset\8_ren_3_sakura.preset,Preset\8_ren_3_sakura.preset,52635,33F54D90,1220
share,Preset\8_ren_4_ai.preset,Preset\8_ren_4_ai.preset,46819,9B6E5960,1220
