0,0,CM3D2x86.exe,11629568,B2599E30,101
0,0,CM3D2.exe,6248448,E5768F9F,101
0,0,CM3D2x86_Data\level0,147760,93874AB2,101
0,0,CM3D2x86_Data\level1,203312,CC7477C7,101
0,0,CM3D2x86_Data\level10,133488,B302F3E9,101
0,0,CM3D2x86_Data\level11,157848,3A76D30C,101
0,0,CM3D2x86_Data\level12,133488,693731A1,101
0,0,CM3D2x86_Data\level13,416376,2175CE97,101
0,0,CM3D2x86_Data\level14,4376,4E7ACB2B,101
0,0,CM3D2x86_Data\level15,136568,B4DF6140,101
0,0,CM3D2x86_Data\level16,4376,9CD2C69D,101
0,0,CM3D2x86_Data\level17,134248,0FBE3EE8,101
0,0,CM3D2x86_Data\level18,186712,98B0D322,101
0,0,CM3D2x86_Data\level2,420176,A754897F,101
0,0,CM3D2x86_Data\level3,614216,D90FCDC2,101
0,0,CM3D2x86_Data\level4,539312,DE43CA2F,101
0,0,CM3D2x86_Data\level5,133912,EE61B83B,101
0,0,CM3D2x86_Data\level6,270536,40257DFF,101
0,0,CM3D2x86_Data\level7,174336,49DF6395,101
0,0,CM3D2x86_Data\level8,170528,DAB0EE55,101
0,0,CM3D2x86_Data\level9,143520,1B63AD11,101
0,0,CM3D2x86_Data\mainData,803648,FCC2C8C5,101
0,0,CM3D2x86_Data\PlayerConnectionConfigFile,19,A77C9E98,101
0,0,CM3D2x86_Data\resources.assets,206867000,3C59179E,101
0,0,CM3D2x86_Data\sharedassets0.assets,236451064,FCD7B5D3,101
0,0,CM3D2x86_Data\sharedassets1.assets,6998796,7C12A39A,101
0,0,CM3D2x86_Data\sharedassets10.assets,5256,37430138,101
0,0,CM3D2x86_Data\sharedassets11.assets,466308,57994C9F,101
0,0,CM3D2x86_Data\sharedassets12.assets,5280,79C294ED,101
0,0,CM3D2x86_Data\sharedassets13.assets,466308,FE48C88D,101
0,0,CM3D2x86_Data\sharedassets14.assets,1758656,18178A82,101
0,0,CM3D2x86_Data\sharedassets15.assets,4112,E1530258,101
0,0,CM3D2x86_Data\sharedassets16.assets,4200896,28A0918E,101
0,0,CM3D2x86_Data\sharedassets17.assets,4112,FB27D854,101
0,0,CM3D2x86_Data\sharedassets18.assets,5320,229DE61D,101
0,0,CM3D2x86_Data\sharedassets19.assets,3691748,24034AEA,101
0,0,CM3D2x86_Data\sharedassets2.assets,5612280,F4606541,101
0,0,CM3D2x86_Data\sharedassets3.assets,13382352,808ECEB4,101
0,0,CM3D2x86_Data\sharedassets4.assets,170642964,91D60228,101
0,0,CM3D2x86_Data\sharedassets4.assets.resS,3985350,98874744,101
0,0,CM3D2x86_Data\sharedassets5.assets,6952140,BEB58DD2,101
0,0,CM3D2x86_Data\sharedassets6.assets,503336,40D50138,101
0,0,CM3D2x86_Data\sharedassets7.assets,5456,4E309A7A,101
0,0,CM3D2x86_Data\sharedassets8.assets,355444,BDE0DC07,101
0,0,CM3D2x86_Data\sharedassets9.assets,11891476,702CCB6C,101
0,0,CM3D2x86_Data\Managed\Accessibility.dll,10752,E4E77DC7,101
0,0,CM3D2x86_Data\Managed\Assembly-CSharp-firstpass.dll,163328,4AEA5E13,101
0,0,CM3D2x86_Data\Managed\Assembly-CSharp.dll,1750016,AD74C652,101
0,0,CM3D2x86_Data\Managed\Assembly-UnityScript-firstpass.dll,65024,221F9794,101
0,0,CM3D2x86_Data\Managed\Boo.Lang.dll,126976,1E4A828D,101
0,0,CM3D2x86_Data\Managed\JsonFx.Json.dll,70144,A0F0CFCB,101
0,0,CM3D2x86_Data\Managed\Mono.Data.Tds.dll,96256,91E0BB7F,101
0,0,CM3D2x86_Data\Managed\Mono.Posix.dll,184320,2F4F12C4,101
0,0,CM3D2x86_Data\Managed\Mono.Security.dll,294912,DD165EC5,101
0,0,CM3D2x86_Data\Managed\Mono.WebBrowser.dll,172032,631F0611,101
0,0,CM3D2x86_Data\Managed\mscorlib.dll,2590208,E1020A4B,101
0,0,CM3D2x86_Data\Managed\System.Configuration.dll,124928,6B1D3776,101
0,0,CM3D2x86_Data\Managed\System.Core.dll,300032,95425E2C,101
0,0,CM3D2x86_Data\Managed\System.Data.dll,856064,AC9FDB6F,101
0,0,CM3D2x86_Data\Managed\System.dll,1678848,3731B01A,101
0,0,CM3D2x86_Data\Managed\System.Drawing.Design.dll,29696,E7B53FF9,101
0,0,CM3D2x86_Data\Managed\System.Drawing.dll,448512,C4B2E872,101
0,0,CM3D2x86_Data\Managed\System.EnterpriseServices.dll,46592,2719761F,101
0,0,CM3D2x86_Data\Managed\System.Security.dll,135168,051BE01E,101
0,0,CM3D2x86_Data\Managed\System.Transactions.dll,27648,4038EEFE,101
0,0,CM3D2x86_Data\Managed\System.Windows.Forms.dll,3053568,56394001,101
0,0,CM3D2x86_Data\Managed\System.Xml.dll,1270272,5C597B82,101
0,0,CM3D2x86_Data\Managed\System.Xml.Linq.dll,106496,8E124937,101
0,0,CM3D2x86_Data\Managed\UnityEngine.dll,612864,64D03B85,101
0,0,CM3D2x86_Data\Managed\UnityEngine.UI.dll,176128,761D83BD,101
0,0,CM3D2x86_Data\Managed\UnityScript.Lang.dll,14336,4E18BC10,101
0,0,CM3D2x86_Data\Mono\mono.dll,2103296,43DE6274,101
0,0,CM3D2x86_Data\Mono\etc\mono\browscap.ini,311984,CE6C0AB3,101
0,0,CM3D2x86_Data\Mono\etc\mono\config,1691,A635914A,101
0,0,CM3D2x86_Data\Mono\etc\mono\1.0\DefaultWsdlHelpGenerator.aspx,58196,10E814BF,101
0,0,CM3D2x86_Data\Mono\etc\mono\1.0\machine.config,17259,82F1AD8B,101
0,0,CM3D2x86_Data\Mono\etc\mono\2.0\DefaultWsdlHelpGenerator.aspx,60453,F3869A34,101
0,0,CM3D2x86_Data\Mono\etc\mono\2.0\machine.config,27626,4F6C3F79,101
0,0,CM3D2x86_Data\Mono\etc\mono\2.0\settings.map,2618,A1A3C29F,101
0,0,CM3D2x86_Data\Mono\etc\mono\2.0\web.config,11686,534A9960,101
0,0,CM3D2x86_Data\Mono\etc\mono\2.0\Browsers\Compat.browser,1605,2E178A0B,101
0,0,CM3D2x86_Data\Mono\etc\mono\mconfig\config.xml,25817,80B2033A,101
0,0,CM3D2x86_Data\Plugins\cm3d2_x86.dll,1270784,BD05819F,101
0,0,CM3D2x86_Data\Plugins\device_hook.dll,77312,7EEF9868,101
0,0,CM3D2x86_Data\Resources\unity default resources,1571709,31020360,101
0,0,CM3D2x86_Data\Resources\unity_builtin_extra,372672,FA28C415,101
0,0,GameData\csv.arc,968989,98E2A6E2,101
0,0,GameData\material2.arc,1630,490DD479,101
0,0,GameData\menu2.arc,115186,7C787A15,101
0,0,GameData\model2.arc,289823,2B0A87C9,101
0,0,GameData\motion2.arc,30036369,7E21EE72,101
0,0,GameData\script.arc,9821635,4F896135,101
0,0,GameData\sound2.arc,149306,86C70EAD,101
0,0,GameData\texture2.arc,622669718,A5FA93C6,101
0,0,GameData\voice2.arc,290990258,55953CD2,101
0,0,manual\data\004.png,699424,54A4DC50,101
0,0,manual\data\007.png,453984,97E623F5,101
0,0,manual\data\008.png,553674,7B23C3DF,101
0,0,manual\data\013.png,673884,992CEEC5,101
0,0,Preset\1_junshin.preset,43021,0D00795A,101
0,0,Preset\2_coodere.preset,43516,E9EBB0F2,101
0,0,Preset\3_tsundere.preset,48900,D0EF8B9E,101
0,0,Preset\4_default.preset,43697,C5E392BE,101
0,0,Preset\5_pretty_junshin.preset,40739,D9262BEF,101
0,0,Preset\6_pretty_coodere.preset,39554,E54D5766,101
0,0,Preset\7_pretty_tsundere.preset,38235,CA8437BB,101
