0,0,CM3D2.exe,7793664,D44E2FA5,1007
0,0,CM3D2x86.exe,11632128,324F85F4,132
0,0,CM3D2x86_Data\level0,165088,8AF26087,1320
0,0,CM3D2x86_Data\level1,168392,7927DEC8,1320
0,0,CM3D2x86_Data\level10,150816,9C2C2771,1320
0,0,CM3D2x86_Data\level11,175176,6135C8F0,1320
0,0,CM3D2x86_Data\level12,151248,39A62FAD,1320
0,0,CM3D2x86_Data\level13,473240,04EC2D95,1320
0,0,CM3D2x86_Data\level14,4376,F036542C,1320
0,0,CM3D2x86_Data\level15,153896,ACEE64F6,1320
0,0,CM3D2x86_Data\level16,4376,CD8E01CD,1320
0,0,CM3D2x86_Data\level17,162256,A4A517F5,1320
0,0,CM3D2x86_Data\level18,224968,357DBE1A,1320
0,0,CM3D2x86_Data\level19,366096,B8020F91,1320
0,0,CM3D2x86_Data\level2,367640,75501A4D,1320
0,0,CM3D2x86_Data\level20,171304,D94C0DCF,1320
0,0,CM3D2x86_Data\level21,443688,E0B78047,1320
0,0,CM3D2x86_Data\level22,214408,050B747B,1320
0,0,CM3D2x86_Data\level23,237184,E8B5B79F,1320
0,0,CM3D2x86_Data\level24,170296,0177279F,1320
0,0,CM3D2x86_Data\level25,552280,201D7140,1320
0,0,CM3D2x86_Data\level26,640960,BF940892,1320
0,0,CM3D2x86_Data\level27,431480,C7BBD8B1,1320
0,0,CM3D2x86_Data\level28,170288,B22C1C31,1320
0,0,CM3D2x86_Data\level3,488752,B3DCC62C,1320
0,0,CM3D2x86_Data\level4,558632,88009010,1320
0,0,CM3D2x86_Data\level5,151240,E7F520BA,1320
0,0,CM3D2x86_Data\level6,298432,EEE36FC0,1320
0,0,CM3D2x86_Data\level7,191664,31905BA4,1320
0,0,CM3D2x86_Data\level8,187856,0152F676,1320
0,0,CM3D2x86_Data\level9,160848,3C34A473,1320
0,0,CM3D2x86_Data\mainData,1007320,2E5C8D9E,1320
0,0,CM3D2x86_Data\PlayerConnectionConfigFile,21,07C7FF6B,1320
0,0,CM3D2x86_Data\resources.assets,229874648,4CED0071,1320
0,0,CM3D2x86_Data\sharedassets0.assets,237181904,CCB1D677,1320
0,0,CM3D2x86_Data\sharedassets1.assets,6649276,453B65D5,1320
0,0,CM3D2x86_Data\sharedassets10.assets,5272,A7D43232,1320
0,0,CM3D2x86_Data\sharedassets11.assets,466324,A7D18590,1320
0,0,CM3D2x86_Data\sharedassets12.assets,5296,4D11AD1A,1320
0,0,CM3D2x86_Data\sharedassets13.assets,927416,EF1AA304,1320
0,0,CM3D2x86_Data\sharedassets14.assets,2458064,3833FEC2,1320
0,0,CM3D2x86_Data\sharedassets15.assets,4112,41D5C135,1320
0,0,CM3D2x86_Data\sharedassets16.assets,4200912,DD5B148B,1320
0,0,CM3D2x86_Data\sharedassets17.assets,4112,12F4EECA,1320
0,0,CM3D2x86_Data\sharedassets18.assets,49276704,098DE24E,1320
0,0,CM3D2x86_Data\sharedassets19.assets,3691764,1B09021E,1320
0,0,CM3D2x86_Data\sharedassets2.assets,3514212,EC8A3FC3,1320
0,0,CM3D2x86_Data\sharedassets20.assets,1587644,3D2B4E71,1320
0,0,CM3D2x86_Data\sharedassets21.assets,5336,F72E6AFA,1320
0,0,CM3D2x86_Data\sharedassets22.assets,72640,9831B146,1320
0,0,CM3D2x86_Data\sharedassets23.assets,5424,698607DC,1320
0,0,CM3D2x86_Data\sharedassets24.assets,5344,6647988B,1320
0,0,CM3D2x86_Data\sharedassets25.assets,5344,87CADEA7,1320
0,0,CM3D2x86_Data\sharedassets26.assets,1423756,128FC0DB,1320
0,0,CM3D2x86_Data\sharedassets27.assets,5648,83932C8C,1320
0,0,CM3D2x86_Data\sharedassets28.assets,39509480,0DF0D724,1320
0,0,CM3D2x86_Data\sharedassets29.assets,5328,63FFB236,1320
0,0,CM3D2x86_Data\sharedassets3.assets,16005664,982919C9,1320
0,0,CM3D2x86_Data\sharedassets4.assets,36843908,02A1A56C,1320
0,0,CM3D2x86_Data\sharedassets5.assets,6952156,64629D62,1320
0,0,CM3D2x86_Data\sharedassets6.assets,503352,8FC3973F,1320
0,0,CM3D2x86_Data\sharedassets7.assets,5472,7FAA801E,1320
0,0,CM3D2x86_Data\sharedassets8.assets,355452,38FC192E,1320
0,0,CM3D2x86_Data\sharedassets9.assets,11891564,39CF083A,1320
0,0,CM3D2x86_Data\Managed\Accessibility.dll,10752,C80413DC,1320
0,0,CM3D2x86_Data\Managed\Assembly-CSharp-firstpass.dll,443392,B3F99786,1320
0,0,CM3D2x86_Data\Managed\Assembly-CSharp.dll,2055680,DA0929E4,1320
0,0,CM3D2x86_Data\Managed\Assembly-UnityScript-firstpass.dll,65024,47F7F565,1320
0,0,CM3D2x86_Data\Managed\Boo.Lang.dll,126976,E379C12B,1320
0,0,CM3D2x86_Data\Managed\JsonFx.Json.dll,70144,A0F0CFCB,1320
0,0,CM3D2x86_Data\Managed\Mono.Data.Tds.dll,96256,10E297D4,1320
0,0,CM3D2x86_Data\Managed\Mono.Posix.dll,184320,82B6C163,1320
0,0,CM3D2x86_Data\Managed\Mono.Security.dll,294912,C759B90F,1320
0,0,CM3D2x86_Data\Managed\Mono.WebBrowser.dll,172032,3BD66294,1320
0,0,CM3D2x86_Data\Managed\mscorlib.dll,2590208,54064D59,1320
0,0,CM3D2x86_Data\Managed\System.Configuration.dll,124928,CA10261D,1320
0,0,CM3D2x86_Data\Managed\System.Core.dll,300032,615F5AFE,1320
0,0,CM3D2x86_Data\Managed\System.Data.dll,856064,E7FF9373,1320
0,0,CM3D2x86_Data\Managed\System.dll,1678848,0F9C1035,1320
0,0,CM3D2x86_Data\Managed\System.Drawing.Design.dll,29696,E7B53FF9,1320
0,0,CM3D2x86_Data\Managed\System.Drawing.dll,448512,C4B2E872,1320
0,0,CM3D2x86_Data\Managed\System.EnterpriseServices.dll,46592,4FFDA4D6,1320
0,0,CM3D2x86_Data\Managed\System.Security.dll,135168,B020F0F1,1320
0,0,CM3D2x86_Data\Managed\System.Transactions.dll,27648,E3B069A5,1320
0,0,CM3D2x86_Data\Managed\System.Windows.Forms.dll,3053568,56394001,1320
0,0,CM3D2x86_Data\Managed\System.Xml.dll,1270272,C76991B8,1320
0,0,CM3D2x86_Data\Managed\System.Xml.Linq.dll,106496,1E91F41B,1320
0,0,CM3D2x86_Data\Managed\UnityEngine.dll,614912,EDA0EE35,1320
0,0,CM3D2x86_Data\Managed\UnityEngine.UI.dll,176128,59066003,1320
0,0,CM3D2x86_Data\Managed\UnityScript.Lang.dll,14336,7309FF69,1320
0,0,CM3D2x86_Data\Mono\mono.dll,2103296,6E4591F8,1320
0,0,CM3D2x86_Data\Mono\etc\mono\browscap.ini,311984,CE6C0AB3,1320
0,0,CM3D2x86_Data\Mono\etc\mono\config,1691,A635914A,1320
0,0,CM3D2x86_Data\Mono\etc\mono\1.0\DefaultWsdlHelpGenerator.aspx,58196,10E814BF,1320
0,0,CM3D2x86_Data\Mono\etc\mono\1.0\machine.config,17259,82F1AD8B,1320
0,0,CM3D2x86_Data\Mono\etc\mono\2.0\DefaultWsdlHelpGenerator.aspx,60453,F3869A34,1320
0,0,CM3D2x86_Data\Mono\etc\mono\2.0\machine.config,27626,4F6C3F79,1320
0,0,CM3D2x86_Data\Mono\etc\mono\2.0\settings.map,2618,A1A3C29F,1320
0,0,CM3D2x86_Data\Mono\etc\mono\2.0\web.config,11686,534A9960,1320
0,0,CM3D2x86_Data\Mono\etc\mono\2.0\Browsers\Compat.browser,1605,2E178A0B,1320
0,0,CM3D2x86_Data\Mono\etc\mono\mconfig\config.xml,25817,80B2033A,1320
0,0,CM3D2x86_Data\Plugins\cm3d2_x86.dll,1307648,DDFFECE1,1320
0,0,CM3D2x86_Data\Plugins\device_hook.dll,77312,7EEF9868,1320
0,0,CM3D2x86_Data\Resources\unity default resources,1571709,31020360,1320
0,0,CM3D2x86_Data\Resources\unity_builtin_extra,372672,B51FCBBC,1320
0,0,GameData\bg_pp001_2.arc,1237157,C9D912F7,1220
0,0,GameData\csv.arc,2092576,A7503957,1320
0,0,GameData\csv_addpose001.arc,1235,D06FCA6D,1220
0,0,GameData\csv_vp001_2.arc,2082,25E58CEB,1160
0,0,GameData\material2.arc,207669,1E308A48,1313
0,0,GameData\material_denkigai2015s003_2.arc,7106,0C82D791,1150
0,0,GameData\material_dlc055_2.arc,5282,11A93109,1280
0,0,GameData\material_dlsite_2.arc,1762,C5A837EA,1150
0,0,GameData\material_shop001_2.arc,1762,D98CED1C,1150
0,0,GameData\material_shop002_2.arc,1762,956BB00E,1150
0,0,GameData\material_shop003_2.arc,1762,38CEBFF2,1150
0,0,GameData\material_shop005_2.arc,1714,3E621A32,1150
0,0,GameData\material_shop007_2.arc,2578,C8CE627C,1150
0,0,GameData\material_vp001_2.arc,9554,066C9CA9,1150
0,0,GameData\material_yomeido003_2.arc,1522,0689A7AC,1240
0,0,GameData\menu2.arc,227325,E2159374,1320
0,0,GameData\menu_denkigai2015s001_2.arc,6594,8B3E849F,1160
0,0,GameData\menu_denkigai2015s003_2.arc,4338,D294CE88,1150
0,0,GameData\menu_dlc026_2.arc,3778,69453D54,1190
0,0,GameData\menu_dlc028_2.arc,3874,DE3F1C31,1200
0,0,GameData\menu_dlc061_2.arc,3810,F99C1D4E,1290
0,0,GameData\menu_dlc074_2.arc,5618,24C559D7,1312
0,0,GameData\menu_dlsite_2.arc,1954,B2268BA7,1150
0,0,GameData\menu_personal002_2.arc,1282,5687650C,1310
0,0,GameData\menu_shop001_2.arc,3314,35207C87,1150
0,0,GameData\menu_shop005_2.arc,1378,0C9AF725,1150
0,0,GameData\menu_vp001_2.arc,18546,5FFF33DA,1150
0,0,GameData\menu_yomeido003_2.arc,1234,4D6F619D,1240
0,0,GameData\menu_yomeidogp_wedding_2.arc,3954,C251B12C,1320
0,0,GameData\model2.arc,13796294,06D831E7,1313
0,0,GameData\model_denkigai2015s003_2.arc,394665,41A48185,1150
0,0,GameData\model_dlc005_2.arc,175424,F7DD7D82,1270
0,0,GameData\model_dlc046_2.arc,155690,83B34173,1220
0,0,GameData\model_dlc073_2.arc,267037,47D33A06,1320
0,0,GameData\model_dlsite_2.arc,197173,24366C43,1150
0,0,GameData\model_shop001_2.arc,115215,9C941FAF,1150
0,0,GameData\model_shop002_2.arc,251253,743C3D97,1150
0,0,GameData\model_shop003_2.arc,185433,A15EC70A,1150
0,0,GameData\model_shop005_2.arc,150103,FB5341FA,1150
0,0,GameData\model_shop007_2.arc,288759,80615CBD,1150
0,0,GameData\model_vp001_2.arc,290407,A19508D6,1150
0,0,GameData\motion2.arc,65216957,6B7F00D2,1270
0,0,GameData\motion_addpose001.arc,902194,517CF6C8,1220
0,0,GameData\motion_pp001_2.arc,615858,0E432519,1220
0,0,GameData\motion_vp001_2.arc,141579,7857F9CD,1160
0,0,GameData\paths.dat,1789,7739428D,1320
0,0,GameData\prioritymaterial.arc,115303,DE1421DA,1320
0,0,GameData\script.arc,13309455,07550CCE,1320
0,0,GameData\script_addpose001.arc,1194,9F2EDF3C,1220
0,0,GameData\script_denkigai2015w_2.arc,40178,8634EE8F,1220
0,0,GameData\script_denkigai2015wPants_2.arc,12658,57896547,1220
0,0,GameData\script_personal001_2.arc,2696467,A7340AC6,1310
0,0,GameData\script_personal002_2.arc,85484,8C29135C,1310
0,0,GameData\script_pp001_2.arc,125957,E8FFB47F,1290
0,0,GameData\script_ytgc006_2.arc,3874,68677825,1311
0,0,GameData\sound2.arc,7402763,5D761564,1170
0,0,GameData\texture3.arc,8293843,8B0C7889,1320
0,0,GameData\texture_addpose001.arc,23943,1D529A44,1220
0,0,GameData\texture_dlc004_2.arc,4805734,C8E5CFB4,1200
0,0,GameData\texture_dlc046_2.arc,596960,FC606BA5,1220
0,0,GameData\texture_vp001_2.arc,562695,D458C6A6,1300
0,0,GameData\texture_yomeido003_2.arc,117248,0EE72B42,1240
0,0,GameData\voice3.arc,101849461,061F0890,1250
0,0,manual\data\004.png,699424,54A4DC50,1010
0,0,manual\data\007.png,453984,97E623F5,1010
0,0,manual\data\008.png,553674,7B23C3DF,1010
0,0,manual\data\013.png,673884,992CEEC5,1010
0,0,PhotoModeData\Mod\Motion\readme.txt,146,3BF5AF4D,1220
0,0,Preset\1_junshin.preset,43021,0D00795A,1010
0,0,Preset\2_coodere.preset,43516,E9EBB0F2,1010
0,0,Preset\3_tsundere.preset,48900,D0EF8B9E,1010
0,0,Preset\4_default.preset,43697,C5E392BE,1010
0,0,Preset\5_pretty_junshin.preset,40739,D9262BEF,1010
0,0,Preset\6_pretty_coodere.preset,39554,E54D5766,1010
0,0,Preset\7_pretty_tsundere.preset,38235,CA8437BB,1010
0,0,Preset\8_ren_1_yosiko.preset,55432,D54FD70C,1220
0,0,Preset\8_ren_2_ayumi.preset,51097,3C44F9DB,1220
0,0,Preset\8_ren_3_sakura.preset,52635,33F54D90,1220
0,0,Preset\8_ren_4_ai.preset,46819,9B6E5960,1220