0,0,CM3D2OH.exe,9101312,BFC22264,1004
0,0,CM3D2OHx86.exe,11631104,9ADBA5EE,117
0,0,CM3D2OHx86_Data\level0,154376,71684170,117
0,0,CM3D2OHx86_Data\level1,220752,B4969A28,117
0,0,CM3D2OHx86_Data\level10,4376,5F635B73,117
0,0,CM3D2OHx86_Data\level11,143184,36D6DFA7,117
0,0,CM3D2OHx86_Data\level12,4376,613726A1,117
0,0,CM3D2OHx86_Data\level13,151512,7A793F1A,117
0,0,CM3D2OHx86_Data\level14,193328,3B35966E,117
0,0,CM3D2OHx86_Data\level15,352992,72F3EF02,117
0,0,CM3D2OHx86_Data\level16,160592,5827FAEB,117
0,0,CM3D2OHx86_Data\level17,430992,AF64E786,117
0,0,CM3D2OHx86_Data\level2,475288,369B5298,117
0,0,CM3D2OHx86_Data\level3,547920,9066A327,117
0,0,CM3D2OHx86_Data\level4,140528,60556F63,117
0,0,CM3D2OHx86_Data\level5,177144,81EF83E7,117
0,0,CM3D2OHx86_Data\level6,140120,84991729,117
0,0,CM3D2OHx86_Data\level7,164464,F3B713B3,117
0,0,CM3D2OHx86_Data\level8,140536,01C14148,117
0,0,CM3D2OHx86_Data\level9,442792,C73C9AAD,117
0,0,CM3D2OHx86_Data\mainData,869904,79DD519B,117
0,0,CM3D2OHx86_Data\PlayerConnectionConfigFile,21,AA7DDFED,117
0,0,CM3D2OHx86_Data\resources.assets,220346180,579A9E56,117
0,0,CM3D2OHx86_Data\sharedassets0.assets,237505760,C8BA0182,117
0,0,CM3D2OHx86_Data\sharedassets1.assets,6998796,25962A01,117
0,0,CM3D2OHx86_Data\sharedassets10.assets,4553928,050AC7BF,117
0,0,CM3D2OHx86_Data\sharedassets11.assets,4112,1F8CC39F,117
0,0,CM3D2OHx86_Data\sharedassets12.assets,4200896,71056592,117
0,0,CM3D2OHx86_Data\sharedassets13.assets,4112,4515C19E,117
0,0,CM3D2OHx86_Data\sharedassets14.assets,52425872,30B19238,117
0,0,CM3D2OHx86_Data\sharedassets15.assets,3691748,51C0743E,117
0,0,CM3D2OHx86_Data\sharedassets16.assets,1587628,6708FDDC,117
0,0,CM3D2OHx86_Data\sharedassets17.assets,5328,73451E58,117
0,0,CM3D2OHx86_Data\sharedassets18.assets,72624,0BDE3741,117
0,0,CM3D2OHx86_Data\sharedassets2.assets,10846308,E83544F7,117
0,0,CM3D2OHx86_Data\sharedassets3.assets,36843892,0EB2071F,117
0,0,CM3D2OHx86_Data\sharedassets4.assets,6952140,E635D86D,117
0,0,CM3D2OHx86_Data\sharedassets5.assets,503336,513EAA56,117
0,0,CM3D2OHx86_Data\sharedassets6.assets,11891548,F879DCE6,117
0,0,CM3D2OHx86_Data\sharedassets7.assets,466308,CE369002,117
0,0,CM3D2OHx86_Data\sharedassets8.assets,5280,407BB383,117
0,0,CM3D2OHx86_Data\sharedassets9.assets,927400,35F3375E,117
0,0,CM3D2OHx86_Data\Managed\Accessibility.dll,10752,A358E135,117
0,0,CM3D2OHx86_Data\Managed\Assembly-CSharp-firstpass.dll,175104,E859374A,117
0,0,CM3D2OHx86_Data\Managed\Assembly-CSharp.dll,1916928,3EE729A5,117
0,0,CM3D2OHx86_Data\Managed\Assembly-UnityScript-firstpass.dll,65024,6BE6E574,117
0,0,CM3D2OHx86_Data\Managed\Boo.Lang.dll,126976,B1FDC6B6,117
0,0,CM3D2OHx86_Data\Managed\JsonFx.Json.dll,70144,A0F0CFCB,117
0,0,CM3D2OHx86_Data\Managed\Mono.Data.Tds.dll,96256,DE9FBD55,117
0,0,CM3D2OHx86_Data\Managed\Mono.Posix.dll,184320,A333AAF5,117
0,0,CM3D2OHx86_Data\Managed\Mono.Security.dll,294912,D5BB48FC,117
0,0,CM3D2OHx86_Data\Managed\Mono.WebBrowser.dll,172032,5D310803,117
0,0,CM3D2OHx86_Data\Managed\mscorlib.dll,2590208,5A5FF75C,117
0,0,CM3D2OHx86_Data\Managed\System.Configuration.dll,124928,F88CF714,117
0,0,CM3D2OHx86_Data\Managed\System.Core.dll,300032,0504C277,117
0,0,CM3D2OHx86_Data\Managed\System.Data.dll,856064,1DE4F5EB,117
0,0,CM3D2OHx86_Data\Managed\System.dll,1678848,08B8E16D,117
0,0,CM3D2OHx86_Data\Managed\System.Drawing.Design.dll,29696,E7B53FF9,117
0,0,CM3D2OHx86_Data\Managed\System.Drawing.dll,448512,C4B2E872,117
0,0,CM3D2OHx86_Data\Managed\System.EnterpriseServices.dll,46592,1B56067D,117
0,0,CM3D2OHx86_Data\Managed\System.Security.dll,135168,A9F5B9F1,117
0,0,CM3D2OHx86_Data\Managed\System.Transactions.dll,27648,DE82E2C6,117
0,0,CM3D2OHx86_Data\Managed\System.Windows.Forms.dll,3053568,56394001,117
0,0,CM3D2OHx86_Data\Managed\System.Xml.dll,1270272,BCE39995,117
0,0,CM3D2OHx86_Data\Managed\System.Xml.Linq.dll,106496,1062D683,117
0,0,CM3D2OHx86_Data\Managed\UnityEngine.dll,614912,ECC4324A,117
0,0,CM3D2OHx86_Data\Managed\UnityEngine.UI.dll,176128,078A6C17,117
0,0,CM3D2OHx86_Data\Managed\UnityScript.Lang.dll,14336,FAB8DDA9,117
0,0,CM3D2OHx86_Data\Mono\mono.dll,2103296,36130890,117
0,0,CM3D2OHx86_Data\Mono\etc\mono\browscap.ini,311984,CE6C0AB3,117
0,0,CM3D2OHx86_Data\Mono\etc\mono\config,1691,A635914A,117
0,0,CM3D2OHx86_Data\Mono\etc\mono\1.0\DefaultWsdlHelpGenerator.aspx,58196,10E814BF,117
0,0,CM3D2OHx86_Data\Mono\etc\mono\1.0\machine.config,17259,82F1AD8B,117
0,0,CM3D2OHx86_Data\Mono\etc\mono\2.0\DefaultWsdlHelpGenerator.aspx,60453,F3869A34,117
0,0,CM3D2OHx86_Data\Mono\etc\mono\2.0\machine.config,27626,4F6C3F79,117
0,0,CM3D2OHx86_Data\Mono\etc\mono\2.0\settings.map,2618,A1A3C29F,117
0,0,CM3D2OHx86_Data\Mono\etc\mono\2.0\web.config,11686,534A9960,117
0,0,CM3D2OHx86_Data\Mono\etc\mono\2.0\Browsers\Compat.browser,1605,2E178A0B,117
0,0,CM3D2OHx86_Data\Mono\etc\mono\mconfig\config.xml,25817,80B2033A,117
0,0,CM3D2OHx86_Data\Plugins\cm3d2_hole_x86.dll,266240,5C01E01F,117
0,0,CM3D2OHx86_Data\Plugins\cm3d2_x86.dll,1297920,8AF255BC,117
0,0,CM3D2OHx86_Data\Plugins\device_hook.dll,77312,7EEF9868,117
0,0,CM3D2OHx86_Data\Resources\unity default resources,1571709,31020360,117
0,0,CM3D2OHx86_Data\Resources\unity_builtin_extra,372672,FDDE8793,117
0,0,GameData\csv.arc,1533237,0D756B1D,117
0,0,GameData\csv_cbl.arc,188127,582E7C74,117
0,0,GameData\csv_vp001_2.arc,2082,25E58CEB,116
0,0,GameData\material2.arc,102655,704BD3F7,117
0,0,GameData\material_denkigai2015s003_2.arc,7106,0C82D791,115
0,0,GameData\material_dlsite_2.arc,1762,C5A837EA,115
0,0,GameData\material_shop001_2.arc,1762,D98CED1C,115
0,0,GameData\material_shop002_2.arc,1762,956BB00E,115
0,0,GameData\material_shop003_2.arc,1762,38CEBFF2,115
0,0,GameData\material_shop005_2.arc,1714,3E621A32,115
0,0,GameData\material_shop007_2.arc,2578,C8CE627C,115
0,0,GameData\material_vp001_2.arc,9554,066C9CA9,115
0,0,GameData\menu2.arc,217532,8E2205C3,117
0,0,GameData\menu_denkigai2015s001_2.arc,6594,8B3E849F,116
0,0,GameData\menu_denkigai2015s003_2.arc,4338,D294CE88,115
0,0,GameData\menu_dlsite_2.arc,1954,B2268BA7,115
0,0,GameData\menu_shop001_2.arc,3314,35207C87,115
0,0,GameData\menu_shop005_2.arc,1378,0C9AF725,115
0,0,GameData\menu_vp001_2.arc,18546,5FFF33DA,115
0,0,GameData\model2.arc,12131417,0402ABE9,117
0,0,GameData\model_denkigai2015s003_2.arc,394665,41A48185,115
0,0,GameData\model_dlsite_2.arc,197173,24366C43,115
0,0,GameData\model_shop001_2.arc,115215,9C941FAF,115
0,0,GameData\model_shop002_2.arc,251253,743C3D97,115
0,0,GameData\model_shop003_2.arc,185433,A15EC70A,115
0,0,GameData\model_shop005_2.arc,150103,FB5341FA,115
0,0,GameData\model_shop007_2.arc,288759,80615CBD,115
0,0,GameData\model_vp001_2.arc,290407,A19508D6,115
0,0,GameData\motion_cbl2.arc,142422,A40CF0CC,117
0,0,GameData\motion_cbl_vp001_2.arc,141603,80D0D160,116
0,0,GameData\motion_cbl_ytgc002_2.arc,2475220,008FABF0,116
0,0,GameData\paths.dat,862,F05FD7CA,117
0,0,GameData\prioritymaterial.arc,79985,4E99FBA3,117
0,0,GameData\script_cbl.arc,1638686,B352743D,117
0,0,GameData\sound2.arc,7402763,5D761564,117
0,0,GameData\texture3.arc,5763653,3C5A4AFD,117
0,0,manual\data\005.png,459612,3AF928C5,117
0,0,manual\data\010.png,800070,5269304C,117
