0,0,CM3D2OHVRx64.exe,20649984,0A92CEB6,1430
0,0,CM3D2OHVRx64_DirectToRift.exe,465408,ED45B3A7,1430
0,0,CM3D2OHVRx64_Data\globalgamemanagers,1443900,63E37C1D,1430
0,0,CM3D2OHVRx64_Data\globalgamemanagers.assets,137300,2477452C,1430
0,0,CM3D2OHVRx64_Data\level0,189228,1DC2849D,1430
0,0,CM3D2OHVRx64_Data\level1,207204,A5D2DFC7,1430
0,0,CM3D2OHVRx64_Data\level10,548252,D3A1D89D,1430
0,0,CM3D2OHVRx64_Data\level11,4640,DBFBA102,1430
0,0,CM3D2OHVRx64_Data\level12,191852,F7159500,1430
0,0,CM3D2OHVRx64_Data\level13,4640,68B41371,1430
0,0,CM3D2OHVRx64_Data\level14,209972,3200C6C5,1430
0,0,CM3D2OHVRx64_Data\level15,279916,019DEBA7,1430
0,0,CM3D2OHVRx64_Data\level16,451436,D72ED280,1430
0,0,CM3D2OHVRx64_Data\level17,214772,AD640F1A,1430
0,0,CM3D2OHVRx64_Data\level18,537844,D563F78A,1430
0,0,CM3D2OHVRx64_Data\level19,265532,253E27C0,1430
0,0,CM3D2OHVRx64_Data\level2,287644,60D96C91,1430
0,0,CM3D2OHVRx64_Data\level20,660292,5FF2828F,1430
0,0,CM3D2OHVRx64_Data\level21,1268236,258C4C5F,1430
0,0,CM3D2OHVRx64_Data\level22,519500,AC305395,1430
0,0,CM3D2OHVRx64_Data\level23,612484,022A71DE,1430
0,0,CM3D2OHVRx64_Data\level24,843692,6A685E4B,1430
0,0,CM3D2OHVRx64_Data\level25,704636,DF7071DF,1430
0,0,CM3D2OHVRx64_Data\level3,597268,ABAC909D,1430
0,0,CM3D2OHVRx64_Data\level4,637820,820889AD,1430
0,0,CM3D2OHVRx64_Data\level5,190276,068FC1BE,1430
0,0,CM3D2OHVRx64_Data\level6,234348,766C2FC6,1430
0,0,CM3D2OHVRx64_Data\level7,189780,4E334796,1430
0,0,CM3D2OHVRx64_Data\level8,217228,4ECB7BFC,1430
0,0,CM3D2OHVRx64_Data\level9,190812,E1FCF3E9,1430
0,0,CM3D2OHVRx64_Data\resources.assets,252214712,5C42BEA4,1430
0,0,CM3D2OHVRx64_Data\resources.assets.resS,408835200,948E675D,1430
0,0,CM3D2OHVRx64_Data\sharedassets0.assets,16482976,9F7FB86D,1430
0,0,CM3D2OHVRx64_Data\sharedassets0.assets.resS,121728032,3D69BF0B,1430
0,0,CM3D2OHVRx64_Data\sharedassets1.assets,5920,3A1D63C5,1430
0,0,CM3D2OHVRx64_Data\sharedassets10.assets,6244,20B9E03C,1430
0,0,CM3D2OHVRx64_Data\sharedassets11.assets,4132,FB87316C,1430
0,0,CM3D2OHVRx64_Data\sharedassets12.assets,5824,075F2F0C,1430
0,0,CM3D2OHVRx64_Data\sharedassets13.assets,4132,689CACB9,1430
0,0,CM3D2OHVRx64_Data\sharedassets14.assets,6544,5AEDB2D7,1430
0,0,CM3D2OHVRx64_Data\sharedassets15.assets,5788,D9C22E0C,1430
0,0,CM3D2OHVRx64_Data\sharedassets16.assets,215280,FB6D95A0,1430
0,0,CM3D2OHVRx64_Data\sharedassets16.assets.resS,51968,C41BC4E7,1430
0,0,CM3D2OHVRx64_Data\sharedassets17.assets,5860,BAE3637C,1430
0,0,CM3D2OHVRx64_Data\sharedassets18.assets,74160,F66B85B3,1430
0,0,CM3D2OHVRx64_Data\sharedassets19.assets,5992,1117D829,1430
0,0,CM3D2OHVRx64_Data\sharedassets2.assets,6136,E4B92D61,1430
0,0,CM3D2OHVRx64_Data\sharedassets20.assets,8128,E20D8F0D,1430
0,0,CM3D2OHVRx64_Data\sharedassets21.assets,6484,B659FE19,1430
0,0,CM3D2OHVRx64_Data\sharedassets22.assets,39511712,81190AD6,1430
0,0,CM3D2OHVRx64_Data\sharedassets23.assets,67700952,6A15F1DE,1430
0,0,CM3D2OHVRx64_Data\sharedassets24.assets,67690184,231E6CD7,1430
0,0,CM3D2OHVRx64_Data\sharedassets25.assets,47233820,9B1AD749,1430
0,0,CM3D2OHVRx64_Data\sharedassets25.resource,3813344,7B95E5D4,1430
0,0,CM3D2OHVRx64_Data\sharedassets3.assets,1310240,DFFFD49A,1430
0,0,CM3D2OHVRx64_Data\sharedassets4.assets,6460,690BE480,1430
0,0,CM3D2OHVRx64_Data\sharedassets5.assets,5788,DB9CFAB8,1430
0,0,CM3D2OHVRx64_Data\sharedassets6.assets,6268,8317B1BF,1430
0,0,CM3D2OHVRx64_Data\sharedassets7.assets,5764,896B9BFA,1430
0,0,CM3D2OHVRx64_Data\sharedassets8.assets,5788,981C250E,1430
0,0,CM3D2OHVRx64_Data\sharedassets9.assets,5812,D7B2608D,1430
0,0,CM3D2OHVRx64_Data\Managed\Accessibility.dll,10752,594EE943,1430
0,0,CM3D2OHVRx64_Data\Managed\Assembly-CSharp-firstpass.dll,695296,67B5488B,1430
0,0,CM3D2OHVRx64_Data\Managed\Assembly-CSharp.dll,2617856,687157A3,1430
0,0,CM3D2OHVRx64_Data\Managed\Assembly-UnityScript-firstpass.dll,65024,1CB34600,1430
0,0,CM3D2OHVRx64_Data\Managed\Boo.Lang.dll,126976,9ADD3789,1430
0,0,CM3D2OHVRx64_Data\Managed\Ionic.Zlib.dll,102400,7C9E7DD2,1430
0,0,CM3D2OHVRx64_Data\Managed\JsonFx.Json.dll,70144,A0F0CFCB,1430
0,0,CM3D2OHVRx64_Data\Managed\LeapCSharp.NET3.5.dll,82432,38E38212,1430
0,0,CM3D2OHVRx64_Data\Managed\Mono.Data.Tds.dll,96256,DDA7BAB7,1430
0,0,CM3D2OHVRx64_Data\Managed\Mono.Posix.dll,184320,C7063ABB,1430
0,0,CM3D2OHVRx64_Data\Managed\Mono.Security.dll,294912,8C7E67B3,1430
0,0,CM3D2OHVRx64_Data\Managed\Mono.WebBrowser.dll,172032,541986C3,1430
0,0,CM3D2OHVRx64_Data\Managed\mscorlib.dll,2589696,AFA570E5,1430
0,0,CM3D2OHVRx64_Data\Managed\System.Configuration.dll,124928,D5F2A804,1430
0,0,CM3D2OHVRx64_Data\Managed\System.Core.dll,297472,BCE2218F,1430
0,0,CM3D2OHVRx64_Data\Managed\System.Data.dll,856064,F1D38D2E,1430
0,0,CM3D2OHVRx64_Data\Managed\System.dll,1679360,288F722A,1430
0,0,CM3D2OHVRx64_Data\Managed\System.Drawing.Design.dll,29696,E7B53FF9,1430
0,0,CM3D2OHVRx64_Data\Managed\System.Drawing.dll,448512,C4B2E872,1430
0,0,CM3D2OHVRx64_Data\Managed\System.EnterpriseServices.dll,46592,75A19B93,1430
0,0,CM3D2OHVRx64_Data\Managed\System.Security.dll,135168,365C74A7,1430
0,0,CM3D2OHVRx64_Data\Managed\System.Transactions.dll,27648,203D65C1,1430
0,0,CM3D2OHVRx64_Data\Managed\System.Windows.Forms.dll,3053568,56394001,1430
0,0,CM3D2OHVRx64_Data\Managed\System.Xml.dll,1270272,9B79033F,1430
0,0,CM3D2OHVRx64_Data\Managed\System.Xml.Linq.dll,106496,B3ACF139,1430
0,0,CM3D2OHVRx64_Data\Managed\UnityEngine.dll,972800,B3EB425F,1430
0,0,CM3D2OHVRx64_Data\Managed\UnityEngine.dll.mdb,353934,02424F6C,1430
0,0,CM3D2OHVRx64_Data\Managed\UnityEngine.Networking.dll,230912,EBC88F56,1430
0,0,CM3D2OHVRx64_Data\Managed\UnityEngine.UI.dll,219136,8E43BC11,1430
0,0,CM3D2OHVRx64_Data\Managed\UnityScript.Lang.dll,14336,13EE284D,1430
0,0,CM3D2OHVRx64_Data\Managed\zxing.unity.dll,430592,9FD1F198,1430
0,0,CM3D2OHVRx64_Data\Mono\mono.dll,2612696,2A5A1006,1430
0,0,CM3D2OHVRx64_Data\Mono\etc\mono\browscap.ini,311984,CE6C0AB3,1430
0,0,CM3D2OHVRx64_Data\Mono\etc\mono\config,1691,A635914A,1430
0,0,CM3D2OHVRx64_Data\Mono\etc\mono\1.0\DefaultWsdlHelpGenerator.aspx,58196,10E814BF,1430
0,0,CM3D2OHVRx64_Data\Mono\etc\mono\1.0\machine.config,17258,EDE1AC59,1430
0,0,CM3D2OHVRx64_Data\Mono\etc\mono\2.0\DefaultWsdlHelpGenerator.aspx,60453,F3869A34,1430
0,0,CM3D2OHVRx64_Data\Mono\etc\mono\2.0\machine.config,27625,73C91C24,1430
0,0,CM3D2OHVRx64_Data\Mono\etc\mono\2.0\settings.map,2618,A1A3C29F,1430
0,0,CM3D2OHVRx64_Data\Mono\etc\mono\2.0\web.config,11686,534A9960,1430
0,0,CM3D2OHVRx64_Data\Mono\etc\mono\2.0\Browsers\Compat.browser,1605,2E178A0B,1430
0,0,CM3D2OHVRx64_Data\Mono\etc\mono\mconfig\config.xml,25817,80B2033A,1430
0,0,CM3D2OHVRx64_Data\Plugins\cm3d2_hole_x64.dll,339968,09BB14AC,1430
0,0,CM3D2OHVRx64_Data\Plugins\cm3d2_x64.dll,1543680,6027F7CE,1430
0,0,CM3D2OHVRx64_Data\Plugins\device_hook.dll,116224,52D7B853,1430
0,0,CM3D2OHVRx64_Data\Plugins\LeapC.dll,2516992,FBDD3767,1430
0,0,CM3D2OHVRx64_Data\Plugins\openvr_api.dll,318272,44432E0F,1430
0,0,CM3D2OHVRx64_Data\Plugins\OVRGamepad.dll,12800,2C526135,1430
0,0,CM3D2OHVRx64_Data\Plugins\OVRPlugin.dll,399272,D560055D,1430
0,0,CM3D2OHVRx64_Data\Resources\unity default resources,1544700,7137E221,1430
0,0,CM3D2OHVRx64_Data\Resources\unity_builtin_extra,142196,DF9A5755,1430
0,0,GameData\material_vr.arc,6184,D2EAFD73,130
0,0,GameData\menu_vr.arc,3407,D3B43CF5,130
0,0,GameData\model_vr.arc,866449,B84B7620,130
0,0,GameData\texture_vr.arc,1111256,DF651968,130
