0,0,COM3D2x64_Data\Managed\Accessibility.dll,10752,5CB31E4E,1520
0,0,COM3D2x64_Data\Managed\Assembly-CSharp.dll,5448192,9AAE364E,1520
0,0,COM3D2x64_Data\Managed\Assembly-CSharp-firstpass.dll,787456,8BEB5E7A,1520
0,0,COM3D2x64_Data\Managed\Assembly-UnityScript-firstpass.dll,65024,8737CA4C,1520
0,0,COM3D2x64_Data\Managed\Boo.Lang.dll,126976,28383F70,1520
0,0,COM3D2x64_Data\Managed\BouncyCastle.Crypto.dll,2236416,5A4C4F07,1520
0,0,COM3D2x64_Data\Managed\FoveUnityPlugin.dll,28672,A6EA882B,1520
0,0,COM3D2x64_Data\Managed\ICSharpCode.SharpZipLib.dll,200704,D3160A1C,1520
0,0,COM3D2x64_Data\Managed\Ionic.Zlib.dll,102400,7C9E7DD2,1520
0,0,COM3D2x64_Data\Managed\JsonFx.Json.dll,70144,A0F0CFCB,1520
0,0,COM3D2x64_Data\Managed\LeapCSharp.NET3.5.dll,82432,38E38212,1520
0,0,COM3D2x64_Data\Managed\Mono.Data.Tds.dll,96256,2965324B,1520
0,0,COM3D2x64_Data\Managed\Mono.Posix.dll,184320,0CE35BE3,1520
0,0,COM3D2x64_Data\Managed\Mono.Security.dll,294912,66EB9979,1520
0,0,COM3D2x64_Data\Managed\Mono.WebBrowser.dll,172032,137B736F,1520
0,0,COM3D2x64_Data\Managed\mscorlib.dll,2590208,5166389B,1520
0,0,COM3D2x64_Data\Managed\Newtonsoft.Json.dll,494592,5C881B73,1520
0,0,COM3D2x64_Data\Managed\System.Configuration.dll,124928,72952344,1520
0,0,COM3D2x64_Data\Managed\System.Core.dll,297472,9E3EE5D7,1520
0,0,COM3D2x64_Data\Managed\System.Data.dll,856064,DDDB80CD,1520
0,0,COM3D2x64_Data\Managed\System.dll,1679360,13922617,1520
0,0,COM3D2x64_Data\Managed\System.Drawing.Design.dll,29696,E7B53FF9,1520
0,0,COM3D2x64_Data\Managed\System.Drawing.dll,448512,C4B2E872,1520
0,0,COM3D2x64_Data\Managed\System.EnterpriseServices.dll,46592,2C72A9FE,1520
0,0,COM3D2x64_Data\Managed\System.Security.dll,135168,1CE94C57,1520
0,0,COM3D2x64_Data\Managed\System.Transactions.dll,27648,45299FCF,1520
0,0,COM3D2x64_Data\Managed\System.Windows.Forms.dll,3053568,56394001,1520
0,0,COM3D2x64_Data\Managed\System.Xml.dll,1270272,4581A35B,1520
0,0,COM3D2x64_Data\Managed\System.Xml.Linq.dll,106496,E844371C,1520
0,0,COM3D2x64_Data\Managed\UnityEngine.dll,1393152,2C35388C,1520
0,0,COM3D2x64_Data\Managed\UnityEngine.dll.mdb,449828,8610375E,1520
0,0,COM3D2x64_Data\Managed\UnityEngine.Networking.dll,253952,2BDF701F,1520
0,0,COM3D2x64_Data\Managed\UnityEngine.UI.dll,245760,FA552B2D,1520
0,0,COM3D2x64_Data\Managed\UnityEngine.VR.dll,3072,A4582CD6,1520
0,0,COM3D2x64_Data\Managed\UnityScript.Lang.dll,13824,0DA8F681,1520
0,0,COM3D2x64_Data\Managed\Win32.dll,13312,7781C2A2,1520
0,0,COM3D2x64_Data\Managed\zxing.unity.dll,430592,9FD1F198,1520
0,0,COM3D2x64_Data\Mono\etc\mono\1.0\DefaultWsdlHelpGenerator.aspx,58196,10E814BF,1520
0,0,COM3D2x64_Data\Mono\etc\mono\1.0\machine.config,17258,EDE1AC59,1520
0,0,COM3D2x64_Data\Mono\etc\mono\2.0\Browsers\Compat.browser,1605,2E178A0B,1520
0,0,COM3D2x64_Data\Mono\etc\mono\2.0\DefaultWsdlHelpGenerator.aspx,60453,F3869A34,1520
0,0,COM3D2x64_Data\Mono\etc\mono\2.0\machine.config,27625,73C91C24,1520
0,0,COM3D2x64_Data\Mono\etc\mono\2.0\settings.map,2618,A1A3C29F,1520
0,0,COM3D2x64_Data\Mono\etc\mono\2.0\web.config,11686,534A9960,1520
0,0,COM3D2x64_Data\Mono\etc\mono\mconfig\config.xml,25817,80B2033A,1520
0,0,COM3D2x64_Data\Mono\etc\mono\browscap.ini,311984,CE6C0AB3,1520
0,0,COM3D2x64_Data\Mono\etc\mono\config,1691,A635914A,1520
0,0,COM3D2x64_Data\Mono\mono.dll,2618816,0BEA8C0F,1520
0,0,COM3D2x64_Data\Mono\MonoPosixHelper.dll,113664,9B5E1E4D,1520
0,0,COM3D2x64_Data\Plugins\assimp.dll,4388864,7C910D84,1520
0,0,COM3D2x64_Data\Plugins\Audio360.dll,1499136,2D77400A,1520
0,0,COM3D2x64_Data\Plugins\AVProVideo.dll,891392,A3612D4B,1520
0,0,COM3D2x64_Data\Plugins\clothpp.dll,112128,7C3264A4,1520
0,0,COM3D2x64_Data\Plugins\cm3d2.dll,2078720,470280AC,1520
0,0,COM3D2x64_Data\Plugins\device_hook.dll,738816,F61E7CED,1520
0,0,COM3D2x64_Data\Plugins\FbxExporterCore.dll,12491776,CBAA51C1,1520
0,0,COM3D2x64_Data\Plugins\FoveClient.dll,1849384,58C8B4F6,1520
0,0,COM3D2x64_Data\Plugins\LeapC.dll,2516992,FBDD3767,1520
0,0,COM3D2x64_Data\Plugins\openvr_api.dll,318272,44432E0F,1520
0,0,COM3D2x64_Data\Plugins\OVRGamepad.dll,12800,2C526135,1520
0,0,COM3D2x64_Data\Plugins\OVRLipSync.dll,2512296,391C1F4C,1520
0,0,COM3D2x64_Data\Plugins\OVRPlugin.dll,1898408,5DD05B6C,1520
0,0,COM3D2x64_Data\Plugins\Win32-WebView.dll,504832,382AEE66,1520
0,0,COM3D2x64_Data\Resources\unity default resources,752360,71DB1AEA,1520
0,0,COM3D2x64_Data\Resources\unity_builtin_extra,284012,91145F7F,1520
0,0,COM3D2x64_Data\app.info,27,F9A266E7,1520
0,0,COM3D2x64_Data\globalgamemanagers,4469644,A9809556,1520
0,0,COM3D2x64_Data\globalgamemanagers.assets,244036,69579B15,1520
0,0,COM3D2x64_Data\level0,325508,4C54828A,1520
0,0,COM3D2x64_Data\level1,348652,36F49ADB,1520
0,0,COM3D2x64_Data\level2,343484,F15D86DA,1520
0,0,COM3D2x64_Data\level3,1203556,B7D0DF4E,1520
0,0,COM3D2x64_Data\level4,1212980,4801F491,1520
0,0,COM3D2x64_Data\level5,1301092,E22DCA33,1520
0,0,COM3D2x64_Data\level6,327004,1BCDC6FA,1520
0,0,COM3D2x64_Data\level7,1057044,0B81D164,1520
0,0,COM3D2x64_Data\level8,357876,45E1B992,1520
0,0,COM3D2x64_Data\level9,417164,C1869D61,1520
0,0,COM3D2x64_Data\level10,352364,067B146D,1520
0,0,COM3D2x64_Data\level11,326020,165BB6FE,1520
0,0,COM3D2x64_Data\level12,393468,8BDDE5B9,1520
0,0,COM3D2x64_Data\level13,329132,5DF4E882,1520
0,0,COM3D2x64_Data\level14,825644,2AC95E05,1520
0,0,COM3D2x64_Data\level15,7476,051DB040,1520
0,0,COM3D2x64_Data\level16,327964,0FE5EC4C,1520
0,0,COM3D2x64_Data\level17,4664,A78D5E5E,1520
0,0,COM3D2x64_Data\level18,344652,DB52B8AA,1520
0,0,COM3D2x64_Data\level19,334348,E4843FEB,1520
0,0,COM3D2x64_Data\level20,955516,B4D90DC0,1520
0,0,COM3D2x64_Data\level21,427172,155398A5,1520
0,0,COM3D2x64_Data\level22,1085156,DB6A0B19,1520
0,0,COM3D2x64_Data\level23,410652,3F28E221,1520
0,0,COM3D2x64_Data\level24,680988,B10AFDA1,1520
0,0,COM3D2x64_Data\level25,347988,3AC3C9DA,1520
0,0,COM3D2x64_Data\level26,2187804,70D8320F,1520
0,0,COM3D2x64_Data\level27,1115164,AB10C342,1520
0,0,COM3D2x64_Data\level28,347988,203D6960,1520
0,0,COM3D2x64_Data\level29,1088436,BAF86D08,1520
0,0,COM3D2x64_Data\level30,340612,5528B86D,1520
0,0,COM3D2x64_Data\level31,447724,E971E115,1520
0,0,COM3D2x64_Data\level32,27904,686FBC4F,1520
0,0,COM3D2x64_Data\level32.resS,131232,851AC384,1520
0,0,COM3D2x64_Data\level33,51676,F79D0F50,1520
0,0,COM3D2x64_Data\level34,56036,B429767A,1520
0,0,COM3D2x64_Data\level35,6832,BEDDB80E,1520
0,0,COM3D2x64_Data\level36,326412,6EA20277,1520
0,0,COM3D2x64_Data\level37,1576484,3BE22AC3,1520
0,0,COM3D2x64_Data\level38,1433116,8B203498,1520
0,0,COM3D2x64_Data\level39,1454716,23B2EED4,1520
0,0,COM3D2x64_Data\level40,444068,B3A258B4,1520
0,0,COM3D2x64_Data\level41,395436,14F174E0,1520
0,0,COM3D2x64_Data\level42,426596,D707D8A7,1520
0,0,COM3D2x64_Data\level43,1349948,CB9AF430,1520
0,0,COM3D2x64_Data\level44,1414404,00C517B8,1520
0,0,COM3D2x64_Data\level45,1539828,4BCE7C7B,1520
0,0,COM3D2x64_Data\level46,414036,53831BDC,1520
0,0,COM3D2x64_Data\level47,381132,C779B220,1520
0,0,COM3D2x64_Data\level48,439500,7726E21A,1520
0,0,COM3D2x64_Data\level49,396724,E3115DE7,1520
0,0,COM3D2x64_Data\level50,1374852,0F630152,1520
0,0,COM3D2x64_Data\level51,381284,FACE79C4,1520
0,0,COM3D2x64_Data\level52,659484,55104602,1520
0,0,COM3D2x64_Data\level53,537868,66BF558D,1520
0,0,COM3D2x64_Data\level54,349900,CA4B42B4,1520
0,0,COM3D2x64_Data\level55,1276812,F1C762DF,1520
0,0,COM3D2x64_Data\level56,1027436,647D85CE,1520
0,0,COM3D2x64_Data\level57,1034676,1F4F74CC,1520
0,0,COM3D2x64_Data\level58,1276812,0704B80E,1520
0,0,COM3D2x64_Data\level59,1157372,D0608F6D,1520
0,0,COM3D2x64_Data\level60,945988,5EA7E510,1520
0,0,COM3D2x64_Data\level61,1232380,92E16D17,1520
0,0,COM3D2x64_Data\level62,1333396,BAC273F3,1520
0,0,COM3D2x64_Data\level63,681380,0E3EF280,1520
0,0,COM3D2x64_Data\level64,918204,A4C76623,1520
0,0,COM3D2x64_Data\level65,401340,A9C40196,1520
0,0,COM3D2x64_Data\level66,397708,431C5087,1520
0,0,COM3D2x64_Data\level67,441420,E82E2C75,1520
0,0,COM3D2x64_Data\level68,463548,78700504,1520
0,0,COM3D2x64_Data\level69,391948,F393DDDA,1520
0,0,COM3D2x64_Data\level70,451908,60FF8B2C,1520
0,0,COM3D2x64_Data\level71,1040348,AFA41A6D,1520
0,0,COM3D2x64_Data\level72,964748,75A8AABD,1520
0,0,COM3D2x64_Data\level73,444628,1D5BEE3F,1520
0,0,COM3D2x64_Data\level74,466772,4462152E,1520
0,0,COM3D2x64_Data\level75,457356,A4CB6C1F,1520
0,0,COM3D2x64_Data\level76,1044756,643FF617,1520
0,0,COM3D2x64_Data\level77,1005028,72946431,1520
0,0,COM3D2x64_Data\level78,450404,EC5982D9,1520
0,0,COM3D2x64_Data\level79,434924,36F64930,1520
0,0,COM3D2x64_Data\level80,416596,5DBC48B7,1520
0,0,COM3D2x64_Data\level81,359636,C3E9B0A6,1520
0,0,COM3D2x64_Data\level82,1384148,250DB7E6,1520
0,0,COM3D2x64_Data\level83,1324900,0C1BE5F2,1520
0,0,COM3D2x64_Data\level84,503420,68443E2F,1520
0,0,COM3D2x64_Data\level85,405524,8CEC5A98,1520
0,0,COM3D2x64_Data\level86,1252916,749A5B36,1520
0,0,COM3D2x64_Data\level87,970748,C6D3D84B,1520
0,0,COM3D2x64_Data\level88,1429220,D1DD54DB,1520
0,0,COM3D2x64_Data\level89,1370372,66AD9D1B,1520
0,0,COM3D2x64_Data\level90,1576492,E0F871F4,1520
0,0,COM3D2x64_Data\level91,1539836,BD1EC314,1520
0,0,COM3D2x64_Data\level92,1371524,42C96996,1520
0,0,COM3D2x64_Data\level93,1337468,22F30BA5,1520
0,0,COM3D2x64_Data\level94,418132,DDB3FCA3,1520
0,0,COM3D2x64_Data\level95,406748,72E6D903,1520
0,0,COM3D2x64_Data\level96,1050628,CDD744AF,1520
0,0,COM3D2x64_Data\level97,851916,C733A6CD,1520
0,0,COM3D2x64_Data\level98,958684,73870B6D,1520
0,0,COM3D2x64_Data\level99,852876,D3D68522,1520
0,0,COM3D2x64_Data\level100,1030260,D45256DB,1520
0,0,COM3D2x64_Data\level101,1693604,E25667B7,1520
0,0,COM3D2x64_Data\level102,1644676,28E62DF2,1520
0,0,COM3D2x64_Data\level103,1113452,55710FD5,1520
0,0,COM3D2x64_Data\level104,1057124,BFC296C7,1520
0,0,COM3D2x64_Data\level105,1512580,DA599ED6,1520
0,0,COM3D2x64_Data\level106,1611508,D48D685B,1520
0,0,COM3D2x64_Data\level107,1055020,9FBEE1B8,1520
0,0,COM3D2x64_Data\level108,970564,0273DD19,1520
0,0,COM3D2x64_Data\level109,1679516,697D7F3B,1520
0,0,COM3D2x64_Data\level110,1576324,D9E2785C,1520
0,0,COM3D2x64_Data\level111,468060,944AD6FA,1520
0,0,COM3D2x64_Data\level112,487836,25039C32,1520
0,0,COM3D2x64_Data\level113,576324,2FB1FF8F,1520
0,0,COM3D2x64_Data\level114,535436,37C16F87,1520
0,0,COM3D2x64_Data\level114.resS,131232,9337BCA3,1520
0,0,COM3D2x64_Data\level115,463116,E3EB5988,1520
0,0,COM3D2x64_Data\level116,562332,A50DFCDB,1520
0,0,COM3D2x64_Data\level117,486436,6ECCF5E9,1520
0,0,COM3D2x64_Data\level118,1734148,8D1C9861,1520
0,0,COM3D2x64_Data\level119,1476788,FEE4F738,1520
0,0,COM3D2x64_Data\resources.assets,427639592,EC895481,1520
0,0,COM3D2x64_Data\resources.assets.resS,1795744008,FECA947B,1520
0,0,COM3D2x64_Data\resources.resource,727392,54F90BDA,1520
0,0,COM3D2x64_Data\sharedassets0.assets,115226516,F3F097DF,1520
0,0,COM3D2x64_Data\sharedassets0.assets.resS,28071636,A1AB9432,1520
0,0,COM3D2x64_Data\sharedassets1.assets,6256,10589C8F,1520
0,0,COM3D2x64_Data\sharedassets2.assets,6292,AE51BBD9,1520
0,0,COM3D2x64_Data\sharedassets3.assets,7972,8B358923,1520
0,0,COM3D2x64_Data\sharedassets4.assets,12916,E849C796,1520
0,0,COM3D2x64_Data\sharedassets5.assets,7156,79C5376D,1520
0,0,COM3D2x64_Data\sharedassets6.assets,6136,35D950B9,1520
0,0,COM3D2x64_Data\sharedassets7.assets,6976,E96E6EF2,1520
0,0,COM3D2x64_Data\sharedassets8.assets,6136,6861913E,1520
0,0,COM3D2x64_Data\sharedassets9.assets,7096,841F1D95,1520
0,0,COM3D2x64_Data\sharedassets10.assets,6112,945D7F0D,1520
0,0,COM3D2x64_Data\sharedassets11.assets,6088,11C04156,1520
0,0,COM3D2x64_Data\sharedassets12.assets,6328,A733E652,1520
0,0,COM3D2x64_Data\sharedassets13.assets,6232,EA59F901,1520
0,0,COM3D2x64_Data\sharedassets14.assets,6688,00E8D7E3,1520
0,0,COM3D2x64_Data\sharedassets15.assets,4564,2A991DA6,1520
0,0,COM3D2x64_Data\sharedassets16.assets,6148,94F4F713,1520
0,0,COM3D2x64_Data\sharedassets17.assets,4132,DDFC4326,1520
0,0,COM3D2x64_Data\sharedassets18.assets,6868,91BBA108,1520
0,0,COM3D2x64_Data\sharedassets19.assets,6232,0DC62EB7,1520
0,0,COM3D2x64_Data\sharedassets20.assets,30936236,B7194E58,1520
0,0,COM3D2x64_Data\sharedassets21.assets,6292,E1B446A9,1520
0,0,COM3D2x64_Data\sharedassets22.assets,48052092,F8286083,1520
0,0,COM3D2x64_Data\sharedassets23.assets,6316,3F4A00EA,1520
0,0,COM3D2x64_Data\sharedassets24.assets,6376,4E0F019C,1520
0,0,COM3D2x64_Data\sharedassets25.assets,6184,AB058CCA,1520
0,0,COM3D2x64_Data\sharedassets26.assets,7096,4937DEC1,1520
0,0,COM3D2x64_Data\sharedassets27.assets,39516308,BC1D9F71,1520
0,0,COM3D2x64_Data\sharedassets28.assets,6184,505C9613,1520
0,0,COM3D2x64_Data\sharedassets29.assets,12664,04F53B1E,1520
0,0,COM3D2x64_Data\sharedassets30.assets,6112,57BCE6E3,1520
0,0,COM3D2x64_Data\sharedassets31.assets,18126856,CE7597A1,1520
0,0,COM3D2x64_Data\sharedassets32.assets,12328,643ECB50,1520
0,0,COM3D2x64_Data\sharedassets33.assets,4420,23DC153C,1520
0,0,COM3D2x64_Data\sharedassets34.assets,4324,454927C9,1520
0,0,COM3D2x64_Data\sharedassets35.assets,4264,FE7B49BD,1520
0,0,COM3D2x64_Data\sharedassets36.assets,6124,CFC00234,1520
0,0,COM3D2x64_Data\sharedassets37.assets,145550532,294960E8,1520
0,0,COM3D2x64_Data\sharedassets38.assets,135254532,6E52E9A0,1520
0,0,COM3D2x64_Data\sharedassets39.assets,127532532,585A192F,1520
0,0,COM3D2x64_Data\sharedassets40.assets,7228,B280A729,1520
0,0,COM3D2x64_Data\sharedassets41.assets,6976,97BDADE1,1520
0,0,COM3D2x64_Data\sharedassets42.assets,7252,46EAB4A6,1520
0,0,COM3D2x64_Data\sharedassets43.assets,9388,7DEF3BB1,1520
0,0,COM3D2x64_Data\sharedassets44.assets,9496,C38682FE,1520
0,0,COM3D2x64_Data\sharedassets45.assets,9484,325EEEF6,1520
0,0,COM3D2x64_Data\sharedassets46.assets,8524,DAB2B659,1520
0,0,COM3D2x64_Data\sharedassets47.assets,6592,7BFB5195,1520
0,0,COM3D2x64_Data\sharedassets48.assets,8332,77140385,1520
0,0,COM3D2x64_Data\sharedassets49.assets,792692,1388245E,1520
0,0,COM3D2x64_Data\sharedassets49.assets.resS,6506584,427886ED,1520
0,0,COM3D2x64_Data\sharedassets50.assets,141689532,B27FB938,1520
0,0,COM3D2x64_Data\sharedassets51.assets,6580,940795CE,1520
0,0,COM3D2x64_Data\sharedassets52.assets,6748,0B125296,1520
0,0,COM3D2x64_Data\sharedassets53.assets,6520,1D8B900C,1520
0,0,COM3D2x64_Data\sharedassets54.assets,6124,CF56255B,1520
0,0,COM3D2x64_Data\sharedassets55.assets,128819620,B64ACF7F,1520
0,0,COM3D2x64_Data\sharedassets56.assets,9256,C7AF6EEF,1520
0,0,COM3D2x64_Data\sharedassets57.assets,9280,96A7D110,1520
0,0,COM3D2x64_Data\sharedassets58.assets,12712,6BE3E41E,1520
0,0,COM3D2x64_Data\sharedassets59.assets,9484,7BEE259A,1520
0,0,COM3D2x64_Data\sharedassets60.assets,9292,7A393E06,1520
0,0,COM3D2x64_Data\sharedassets61.assets,9460,787BD097,1520
0,0,COM3D2x64_Data\sharedassets62.assets,9496,E86211DB,1520
0,0,COM3D2x64_Data\sharedassets63.assets,6652,BE13E064,1520
0,0,COM3D2x64_Data\sharedassets64.assets,9460,F2615BA0,1520
0,0,COM3D2x64_Data\sharedassets65.assets,42236540,5B764546,1520
0,0,COM3D2x64_Data\sharedassets65.assets.resS,87400,8BA6C322,1520
0,0,COM3D2x64_Data\sharedassets66.assets,38246508,FBB60E0C,1520
0,0,COM3D2x64_Data\sharedassets67.assets,32874604,DC2F03C6,1520
0,0,COM3D2x64_Data\sharedassets68.assets,36735684,52999EBC,1520
0,0,COM3D2x64_Data\sharedassets68.assets.resS,174776,5B619AF1,1520
0,0,COM3D2x64_Data\sharedassets69.assets,41277360,C83FCF70,1520
0,0,COM3D2x64_Data\sharedassets70.assets,39399112,2C210E30,1520
0,0,COM3D2x64_Data\sharedassets71.assets,3017148,7056D1A5,1520
0,0,COM3D2x64_Data\sharedassets71.assets.resS,611728,7BFBEAAE,1520
0,0,COM3D2x64_Data\sharedassets72.assets,9508,D3510761,1520
0,0,COM3D2x64_Data\sharedassets73.assets,6508,B9527C67,1520
0,0,COM3D2x64_Data\sharedassets74.assets,6508,B9527C67,1520
0,0,COM3D2x64_Data\sharedassets75.assets,6508,B9527C67,1520
0,0,COM3D2x64_Data\sharedassets76.assets,12604,7595D2A9,1520
0,0,COM3D2x64_Data\sharedassets77.assets,9460,DC93D846,1520
0,0,COM3D2x64_Data\sharedassets78.assets,6472,F898D88F,1520
0,0,COM3D2x64_Data\sharedassets79.assets,59364,EF535672,1520
0,0,COM3D2x64_Data\sharedassets79.assets.resS,174776,B51EE5DC,1520
0,0,COM3D2x64_Data\sharedassets80.assets,6484,908D888F,1520
0,0,COM3D2x64_Data\sharedassets81.assets,6736,EDCFED85,1520
0,0,COM3D2x64_Data\sharedassets82.assets,759664,5EBC0B20,1520
0,0,COM3D2x64_Data\sharedassets82.assets.resS,1310880,58801C35,1520
0,0,COM3D2x64_Data\sharedassets82.resource,1178176,90268BF4,1520
0,0,COM3D2x64_Data\sharedassets83.assets,9316,EA37B080,1520
0,0,COM3D2x64_Data\sharedassets84.assets,52838324,70B099DD,1520
0,0,COM3D2x64_Data\sharedassets84.assets.resS,6226112,B3E98769,1520
0,0,COM3D2x64_Data\sharedassets85.assets,6580,56A9D66E,1520
0,0,COM3D2x64_Data\sharedassets86.assets,13852,B68654FB,1520
0,0,COM3D2x64_Data\sharedassets87.assets,9448,60708CCD,1520
0,0,COM3D2x64_Data\sharedassets88.assets,12616,18376F7D,1520
0,0,COM3D2x64_Data\sharedassets89.assets,9436,B0BBFA17,1520
0,0,COM3D2x64_Data\sharedassets90.assets,12628,C744EA1C,1520
0,0,COM3D2x64_Data\sharedassets91.assets,9484,325EEEF6,1520
0,0,COM3D2x64_Data\sharedassets92.assets,12616,18376F7D,1520
0,0,COM3D2x64_Data\sharedassets93.assets,10384,B710C2F5,1520
0,0,COM3D2x64_Data\sharedassets94.assets,6868,A7D9ACF2,1520
0,0,COM3D2x64_Data\sharedassets95.assets,6436,2E7A4CE0,1520
0,0,COM3D2x64_Data\sharedassets96.assets,11692,18937F3F,1520
0,0,COM3D2x64_Data\sharedassets96.resource,2729184,2D4064D6,1520
0,0,COM3D2x64_Data\sharedassets97.assets,11560,33223B35,1520
0,0,COM3D2x64_Data\sharedassets98.assets,8296,D37B3BD0,1520
0,0,COM3D2x64_Data\sharedassets99.assets,7612,C2A91EB0,1520
0,0,COM3D2x64_Data\sharedassets100.assets,353884,A7E2E3EE,1520
0,0,COM3D2x64_Data\sharedassets100.assets.resS,2272048,E50143CB,1520
0,0,COM3D2x64_Data\sharedassets100.resource,6236800,C7E9CFDE,1520
0,0,COM3D2x64_Data\sharedassets101.assets,6568304,83667FC0,1520
0,0,COM3D2x64_Data\sharedassets101.assets.resS,10936,3B0D7ADF,1520
0,0,COM3D2x64_Data\sharedassets101.resource,1136352,956B5452,1520
0,0,COM3D2x64_Data\sharedassets102.assets,10252,079B3685,1520
0,0,COM3D2x64_Data\sharedassets103.assets,12796,FC3BD315,1520
0,0,COM3D2x64_Data\sharedassets104.assets,9592,9B328121,1520
0,0,COM3D2x64_Data\sharedassets105.assets,9716,BC62CF77,1520
0,0,COM3D2x64_Data\sharedassets105.resource,1003968,52A085C2,1520
0,0,COM3D2x64_Data\sharedassets106.assets,12916,A4B7591E,1520
0,0,COM3D2x64_Data\sharedassets107.assets,12856,7BBE15AE,1520
0,0,COM3D2x64_Data\sharedassets108.assets,9532,AF7ED76F,1520
0,0,COM3D2x64_Data\sharedassets109.assets,13300,557AE8FD,1520
0,0,COM3D2x64_Data\sharedassets109.resource,1166848,2709F6C2,1520
0,0,COM3D2x64_Data\sharedassets110.assets,9844,B87C07BD,1520
0,0,COM3D2x64_Data\sharedassets111.assets,6652,B2A97A03,1520
0,0,COM3D2x64_Data\sharedassets112.assets,6652,B2A97A03,1520
0,0,COM3D2x64_Data\sharedassets113.assets,6616,F4349439,1520
0,0,COM3D2x64_Data\sharedassets114.assets,6340,914495EB,1520
0,0,COM3D2x64_Data\sharedassets115.assets,6616,F4349439,1520
0,0,COM3D2x64_Data\sharedassets116.assets,6712,74D60C37,1520
0,0,COM3D2x64_Data\sharedassets117.assets,6616,F4349439,1520
0,0,COM3D2x64_Data\sharedassets118.assets,153077816,1E25ADF7,1520
0,0,COM3D2x64_Data\sharedassets119.assets,9520,740C2B74,1520
0,0,GameData\motion_gp001_2.arc,44501550,AA93BEF1,1312
0,0,GameData\motion2.arc,182206657,A1DA2B66,1430
0,0,GameData\script.arc,17047714,10A4DB21,1520
0,0,GameData\script_ordermade004_2.arc,26402,CAE07FF2,1520
0,0,GameData\voice2.arc,464998411,C4C7D8DB,1504
0,0,COM3D2.exe,6649856,DF89D8A8,2006
0,0,COM3D2x64.exe,22841856,A9562BF9,1070
share,GameData\en_only\csv_3d21reserve2_2.arc,GameData\csv_3d21reserve2_2.arc,51058,873C1E3B,1430
share,GameData\en_only\language.arc,GameData\language.arc,579161,92BA6E43,1520
share,GameData\en_only\parts_cw001cloth3_2.arc,GameData\parts_cw001cloth3_2.arc,4370,1F2FFFCD,1500
share,GameData\patch\csv.arc,GameData\csv.arc,8238665,A602EADF,1520
share,GameData\patch\csv_gp001_2.arc,GameData\csv_gp001_2.arc,89204,9BB06354,1420
share,GameData\patch\parts_gp001_2.arc,GameData\parts_gp001_2.arc,62132696,2ADBAD1F,1440
share,GameData\patch\parts2.arc,GameData\parts2.arc,165504068,FAC43F7A,1520
share,GameData\patch\paths.dat,GameData\paths.dat,9172,D780403B,1520
share,GameData\patch\prioritymaterial.arc,GameData\prioritymaterial.arc,418162,E2748457,1520
share,GameData\patch\sound2.arc,GameData\sound2.arc,6181152,2D5B88B7,1501
share,GameData\patch\system_gp001_2.arc,GameData\system_gp001_2.arc,7478491,A3D9E534,1420
share,GameData\patch\system2.arc,GameData\system2.arc,14893779,79F4EBEC,1501
