0,0,CM3D2OH.exe,9101312,BFC22264,1004
0,0,CM3D2OHx86.exe,11631104,9ADBA5EE,115
0,0,CM3D2OHx86_Data\level0,154376,9ACB7EE7,115
0,0,CM3D2OHx86_Data\level1,220752,DA8492C1,115
0,0,CM3D2OHx86_Data\level10,4376,990C52F4,115
0,0,CM3D2OHx86_Data\level11,143184,B1BBD7F9,115
0,0,CM3D2OHx86_Data\level12,4376,556C19EE,115
0,0,CM3D2OHx86_Data\level13,140880,4E229001,115
0,0,CM3D2OHx86_Data\level14,193328,EC37832D,115
0,0,CM3D2OHx86_Data\level15,352992,8CBCD96E,115
0,0,CM3D2OHx86_Data\level16,160592,1FACFAF6,115
0,0,CM3D2OHx86_Data\level17,430992,4EDF8C6F,115
0,0,CM3D2OHx86_Data\level2,475288,62355477,115
0,0,CM3D2OHx86_Data\level3,547920,0C3280F0,115
0,0,CM3D2OHx86_Data\level4,140528,38EF1054,115
0,0,CM3D2OHx86_Data\level5,177144,98E15162,115
0,0,CM3D2OHx86_Data\level6,140120,59A1B88A,115
0,0,CM3D2OHx86_Data\level7,164464,9983107B,115
0,0,CM3D2OHx86_Data\level8,140120,302F4923,115
0,0,CM3D2OHx86_Data\level9,446840,A6B03AEA,115
0,0,CM3D2OHx86_Data\mainData,847024,B7DADACE,115
0,0,CM3D2OHx86_Data\PlayerConnectionConfigFile,21,3300906A,115
0,0,CM3D2OHx86_Data\resources.assets,220081036,C4A41DFB,115
0,0,CM3D2OHx86_Data\sharedassets0.assets,236804728,F9B7A609,115
0,0,CM3D2OHx86_Data\sharedassets1.assets,6998796,18EC9B31,115
0,0,CM3D2OHx86_Data\sharedassets10.assets,4553928,B6C46FCB,115
0,0,CM3D2OHx86_Data\sharedassets11.assets,4112,3AE79C43,115
0,0,CM3D2OHx86_Data\sharedassets12.assets,4200896,C2419F0C,115
0,0,CM3D2OHx86_Data\sharedassets13.assets,4112,22D26633,115
0,0,CM3D2OHx86_Data\sharedassets14.assets,2814296,CB3C6273,115
0,0,CM3D2OHx86_Data\sharedassets15.assets,3691748,F75DE2AA,115
0,0,CM3D2OHx86_Data\sharedassets16.assets,1587628,EC0FB86B,115
0,0,CM3D2OHx86_Data\sharedassets17.assets,5328,43C46BBE,115
0,0,CM3D2OHx86_Data\sharedassets18.assets,72624,09BDA923,115
0,0,CM3D2OHx86_Data\sharedassets2.assets,10846308,43D19314,115
0,0,CM3D2OHx86_Data\sharedassets3.assets,36843892,A7CD7416,115
0,0,CM3D2OHx86_Data\sharedassets4.assets,6952140,D791D868,115
0,0,CM3D2OHx86_Data\sharedassets5.assets,503336,13255E5F,115
0,0,CM3D2OHx86_Data\sharedassets6.assets,11891548,230FC011,115
0,0,CM3D2OHx86_Data\sharedassets7.assets,466308,562F96CF,115
0,0,CM3D2OHx86_Data\sharedassets8.assets,5280,2BDA27DE,115
0,0,CM3D2OHx86_Data\sharedassets9.assets,466308,5553BA1B,115
0,0,CM3D2OHx86_Data\Managed\Accessibility.dll,10752,A358E135,115
0,0,CM3D2OHx86_Data\Managed\Assembly-CSharp-firstpass.dll,175104,E3336B98,115
0,0,CM3D2OHx86_Data\Managed\Assembly-CSharp.dll,1912320,8697914A,115
0,0,CM3D2OHx86_Data\Managed\Assembly-UnityScript-firstpass.dll,65024,A58FE416,115
0,0,CM3D2OHx86_Data\Managed\Boo.Lang.dll,126976,B1FDC6B6,115
0,0,CM3D2OHx86_Data\Managed\JsonFx.Json.dll,70144,A0F0CFCB,115
0,0,CM3D2OHx86_Data\Managed\Mono.Data.Tds.dll,96256,DE9FBD55,115
0,0,CM3D2OHx86_Data\Managed\Mono.Posix.dll,184320,A333AAF5,115
0,0,CM3D2OHx86_Data\Managed\Mono.Security.dll,294912,D5BB48FC,115
0,0,CM3D2OHx86_Data\Managed\Mono.WebBrowser.dll,172032,5D310803,115
0,0,CM3D2OHx86_Data\Managed\mscorlib.dll,2590208,5A5FF75C,115
0,0,CM3D2OHx86_Data\Managed\System.Configuration.dll,124928,F88CF714,115
0,0,CM3D2OHx86_Data\Managed\System.Core.dll,300032,0504C277,115
0,0,CM3D2OHx86_Data\Managed\System.Data.dll,856064,1DE4F5EB,115
0,0,CM3D2OHx86_Data\Managed\System.dll,1678848,08B8E16D,115
0,0,CM3D2OHx86_Data\Managed\System.Drawing.Design.dll,29696,E7B53FF9,115
0,0,CM3D2OHx86_Data\Managed\System.Drawing.dll,448512,C4B2E872,115
0,0,CM3D2OHx86_Data\Managed\System.EnterpriseServices.dll,46592,1B56067D,115
0,0,CM3D2OHx86_Data\Managed\System.Security.dll,135168,A9F5B9F1,115
0,0,CM3D2OHx86_Data\Managed\System.Transactions.dll,27648,DE82E2C6,115
0,0,CM3D2OHx86_Data\Managed\System.Windows.Forms.dll,3053568,56394001,115
0,0,CM3D2OHx86_Data\Managed\System.Xml.dll,1270272,BCE39995,115
0,0,CM3D2OHx86_Data\Managed\System.Xml.Linq.dll,106496,1062D683,115
0,0,CM3D2OHx86_Data\Managed\UnityEngine.dll,614912,ECC4324A,115
0,0,CM3D2OHx86_Data\Managed\UnityEngine.UI.dll,176128,078A6C17,115
0,0,CM3D2OHx86_Data\Managed\UnityScript.Lang.dll,14336,FAB8DDA9,115
0,0,CM3D2OHx86_Data\Mono\mono.dll,2103296,36130890,115
0,0,CM3D2OHx86_Data\Mono\etc\mono\browscap.ini,311984,CE6C0AB3,115
0,0,CM3D2OHx86_Data\Mono\etc\mono\config,1691,A635914A,115
0,0,CM3D2OHx86_Data\Mono\etc\mono\1.0\DefaultWsdlHelpGenerator.aspx,58196,10E814BF,115
0,0,CM3D2OHx86_Data\Mono\etc\mono\1.0\machine.config,17259,82F1AD8B,115
0,0,CM3D2OHx86_Data\Mono\etc\mono\2.0\DefaultWsdlHelpGenerator.aspx,60453,F3869A34,115
0,0,CM3D2OHx86_Data\Mono\etc\mono\2.0\machine.config,27626,4F6C3F79,115
0,0,CM3D2OHx86_Data\Mono\etc\mono\2.0\settings.map,2618,A1A3C29F,115
0,0,CM3D2OHx86_Data\Mono\etc\mono\2.0\web.config,11686,534A9960,115
0,0,CM3D2OHx86_Data\Mono\etc\mono\2.0\Browsers\Compat.browser,1605,2E178A0B,115
0,0,CM3D2OHx86_Data\Mono\etc\mono\mconfig\config.xml,25817,80B2033A,115
0,0,CM3D2OHx86_Data\Plugins\cm3d2_hole_x86.dll,266240,C3FB2075,115
0,0,CM3D2OHx86_Data\Plugins\cm3d2_x86.dll,1297920,8AF255BC,115
0,0,CM3D2OHx86_Data\Plugins\device_hook.dll,77312,7EEF9868,115
0,0,CM3D2OHx86_Data\Resources\unity default resources,1571709,31020360,115
0,0,CM3D2OHx86_Data\Resources\unity_builtin_extra,372672,FDDE8793,115
0,0,GameData\csv.arc,1468403,9E43FC52,115
0,0,GameData\csv_cbl.arc,169695,376D75DB,115
0,0,GameData\material2.arc,100292,955CBE63,115
0,0,GameData\material_denkigai2015s003_2.arc,7106,0C82D791,115
0,0,GameData\material_dlsite_2.arc,1762,C5A837EA,115
0,0,GameData\material_shop001_2.arc,1762,D98CED1C,115
0,0,GameData\material_shop002_2.arc,1762,956BB00E,115
0,0,GameData\material_shop003_2.arc,1762,38CEBFF2,115
0,0,GameData\material_shop005_2.arc,1714,3E621A32,115
0,0,GameData\material_shop007_2.arc,2578,C8CE627C,115
0,0,GameData\material_vp001_2.arc,9554,066C9CA9,115
0,0,GameData\menu2.arc,219356,B015867D,115
0,0,GameData\menu_denkigai2015s003_2.arc,4338,D294CE88,115
0,0,GameData\menu_dlsite_2.arc,1954,B2268BA7,115
0,0,GameData\menu_shop001_2.arc,3314,35207C87,115
0,0,GameData\menu_shop005_2.arc,1378,0C9AF725,115
0,0,GameData\menu_vp001_2.arc,18546,5FFF33DA,115
0,0,GameData\model2.arc,11897975,A92B7FD1,115
0,0,GameData\model_denkigai2015s003_2.arc,394665,41A48185,115
0,0,GameData\model_dlsite_2.arc,197173,24366C43,115
0,0,GameData\model_shop001_2.arc,115215,9C941FAF,115
0,0,GameData\model_shop002_2.arc,251253,743C3D97,115
0,0,GameData\model_shop003_2.arc,185433,A15EC70A,115
0,0,GameData\model_shop005_2.arc,150103,FB5341FA,115
0,0,GameData\model_shop007_2.arc,288759,80615CBD,115
0,0,GameData\model_vp001_2.arc,290407,A19508D6,115
0,0,GameData\motion2.arc,59483116,BFE0DE90,115
0,0,GameData\paths.dat,741,4D49C39C,115
0,0,GameData\prioritymaterial.arc,78637,866F0F96,115
0,0,GameData\script_cbl.arc,1495010,C0AB82FB,115
0,0,GameData\sound2.arc,7107886,4EDEB0E1,114
0,0,GameData\texture3.arc,65637,C9E3D8B4,115
