0,0,CM3D2OH.exe,9101312,BFC22264,1004
0,0,CM3D2OHx86.exe,11631104,9ADBA5EE,114
0,0,CM3D2OHx86_Data\level0,154376,AACFB347,114
0,0,CM3D2OHx86_Data\level1,220752,C06A6946,114
0,0,CM3D2OHx86_Data\level10,4376,DB295589,114
0,0,CM3D2OHx86_Data\level11,143184,B655B85D,114
0,0,CM3D2OHx86_Data\level12,4376,8DCB56C5,114
0,0,CM3D2OHx86_Data\level13,140880,90449B82,114
0,0,CM3D2OHx86_Data\level14,193328,22C9A0F5,114
0,0,CM3D2OHx86_Data\level15,352992,DBB922BE,114
0,0,CM3D2OHx86_Data\level16,160592,E663BA50,114
0,0,CM3D2OHx86_Data\level17,430992,A99FA906,114
0,0,CM3D2OHx86_Data\level2,475288,BDC525E7,114
0,0,CM3D2OHx86_Data\level3,547920,6FED7E7B,114
0,0,CM3D2OHx86_Data\level4,140528,F5F10D5E,114
0,0,CM3D2OHx86_Data\level5,177144,95198596,114
0,0,CM3D2OHx86_Data\level6,140120,6B282754,114
0,0,CM3D2OHx86_Data\level7,164464,9FDE89DB,114
0,0,CM3D2OHx86_Data\level8,140120,32C3212B,114
0,0,CM3D2OHx86_Data\level9,428944,5CCB8D4D,114
0,0,CM3D2OHx86_Data\mainData,845376,3143CA05,114
0,0,CM3D2OHx86_Data\PlayerConnectionConfigFile,21,01AFF19C,114
0,0,CM3D2OHx86_Data\resources.assets,219932028,738B3B0B,114
0,0,CM3D2OHx86_Data\sharedassets0.assets,236804024,48A8615D,114
0,0,CM3D2OHx86_Data\sharedassets1.assets,6998796,4224C7AF,114
0,0,CM3D2OHx86_Data\sharedassets10.assets,3854600,122925A4,114
0,0,CM3D2OHx86_Data\sharedassets11.assets,4112,90EE54C8,114
0,0,CM3D2OHx86_Data\sharedassets12.assets,4200896,80717F1B,114
0,0,CM3D2OHx86_Data\sharedassets13.assets,4112,05F81993,114
0,0,CM3D2OHx86_Data\sharedassets14.assets,2814296,933ABAB0,114
0,0,CM3D2OHx86_Data\sharedassets15.assets,3691748,D257A3E2,114
0,0,CM3D2OHx86_Data\sharedassets16.assets,1587628,EB537778,114
0,0,CM3D2OHx86_Data\sharedassets17.assets,5328,6906100D,114
0,0,CM3D2OHx86_Data\sharedassets18.assets,72624,CBFDD76E,114
0,0,CM3D2OHx86_Data\sharedassets2.assets,10846308,ABFB6EEA,114
0,0,CM3D2OHx86_Data\sharedassets3.assets,36843892,6970E653,114
0,0,CM3D2OHx86_Data\sharedassets4.assets,6952140,BFDEAE10,114
0,0,CM3D2OHx86_Data\sharedassets5.assets,503336,528CB445,114
0,0,CM3D2OHx86_Data\sharedassets6.assets,11891548,742E44B7,114
0,0,CM3D2OHx86_Data\sharedassets7.assets,466308,07C95567,114
0,0,CM3D2OHx86_Data\sharedassets8.assets,5280,A40FA419,114
0,0,CM3D2OHx86_Data\sharedassets9.assets,466308,86B3BAEE,114
0,0,CM3D2OHx86_Data\Managed\Accessibility.dll,10752,A358E135,114
0,0,CM3D2OHx86_Data\Managed\Assembly-CSharp-firstpass.dll,173568,A312F1BC,114
0,0,CM3D2OHx86_Data\Managed\Assembly-CSharp.dll,1885184,14158F08,114
0,0,CM3D2OHx86_Data\Managed\Assembly-UnityScript-firstpass.dll,65024,06F36B94,114
0,0,CM3D2OHx86_Data\Managed\Boo.Lang.dll,126976,B1FDC6B6,114
0,0,CM3D2OHx86_Data\Managed\JsonFx.Json.dll,70144,A0F0CFCB,114
0,0,CM3D2OHx86_Data\Managed\Mono.Data.Tds.dll,96256,DE9FBD55,114
0,0,CM3D2OHx86_Data\Managed\Mono.Posix.dll,184320,A333AAF5,114
0,0,CM3D2OHx86_Data\Managed\Mono.Security.dll,294912,D5BB48FC,114
0,0,CM3D2OHx86_Data\Managed\Mono.WebBrowser.dll,172032,5D310803,114
0,0,CM3D2OHx86_Data\Managed\mscorlib.dll,2590208,5A5FF75C,114
0,0,CM3D2OHx86_Data\Managed\System.Configuration.dll,124928,F88CF714,114
0,0,CM3D2OHx86_Data\Managed\System.Core.dll,300032,0504C277,114
0,0,CM3D2OHx86_Data\Managed\System.Data.dll,856064,1DE4F5EB,114
0,0,CM3D2OHx86_Data\Managed\System.dll,1678848,08B8E16D,114
0,0,CM3D2OHx86_Data\Managed\System.Drawing.Design.dll,29696,E7B53FF9,114
0,0,CM3D2OHx86_Data\Managed\System.Drawing.dll,448512,C4B2E872,114
0,0,CM3D2OHx86_Data\Managed\System.EnterpriseServices.dll,46592,1B56067D,114
0,0,CM3D2OHx86_Data\Managed\System.Security.dll,135168,A9F5B9F1,114
0,0,CM3D2OHx86_Data\Managed\System.Transactions.dll,27648,DE82E2C6,114
0,0,CM3D2OHx86_Data\Managed\System.Windows.Forms.dll,3053568,56394001,114
0,0,CM3D2OHx86_Data\Managed\System.Xml.dll,1270272,BCE39995,114
0,0,CM3D2OHx86_Data\Managed\System.Xml.Linq.dll,106496,1062D683,114
0,0,CM3D2OHx86_Data\Managed\UnityEngine.dll,614912,ECC4324A,114
0,0,CM3D2OHx86_Data\Managed\UnityEngine.UI.dll,176128,078A6C17,114
0,0,CM3D2OHx86_Data\Managed\UnityScript.Lang.dll,14336,FAB8DDA9,114
0,0,CM3D2OHx86_Data\Mono\mono.dll,2103296,36130890,114
0,0,CM3D2OHx86_Data\Mono\etc\mono\browscap.ini,311984,CE6C0AB3,114
0,0,CM3D2OHx86_Data\Mono\etc\mono\config,1691,A635914A,114
0,0,CM3D2OHx86_Data\Mono\etc\mono\1.0\DefaultWsdlHelpGenerator.aspx,58196,10E814BF,114
0,0,CM3D2OHx86_Data\Mono\etc\mono\1.0\machine.config,17259,82F1AD8B,114
0,0,CM3D2OHx86_Data\Mono\etc\mono\2.0\DefaultWsdlHelpGenerator.aspx,60453,F3869A34,114
0,0,CM3D2OHx86_Data\Mono\etc\mono\2.0\machine.config,27626,4F6C3F79,114
0,0,CM3D2OHx86_Data\Mono\etc\mono\2.0\settings.map,2618,A1A3C29F,114
0,0,CM3D2OHx86_Data\Mono\etc\mono\2.0\web.config,11686,534A9960,114
0,0,CM3D2OHx86_Data\Mono\etc\mono\2.0\Browsers\Compat.browser,1605,2E178A0B,114
0,0,CM3D2OHx86_Data\Mono\etc\mono\mconfig\config.xml,25817,80B2033A,114
0,0,CM3D2OHx86_Data\Plugins\cm3d2_hole_x86.dll,266240,C3FB2075,114
0,0,CM3D2OHx86_Data\Plugins\cm3d2_x86.dll,1274368,7709B206,114
0,0,CM3D2OHx86_Data\Plugins\device_hook.dll,77312,7EEF9868,114
0,0,CM3D2OHx86_Data\Resources\unity default resources,1571709,31020360,114
0,0,CM3D2OHx86_Data\Resources\unity_builtin_extra,372672,FDDE8793,114
0,0,GameData\csv.arc,1450266,17398CD6,113
0,0,GameData\csv_cbl.arc,146048,5ADBA515,112
0,0,GameData\material2.arc,41309,E4FB9F26,114
0,0,GameData\menu2.arc,166849,ADAE5A21,113
0,0,GameData\model2.arc,4181861,8D3DA101,114
0,0,GameData\paths.dat,399,04576E83,114
0,0,GameData\prioritymaterial.arc,76436,EB476AFB,113
0,0,GameData\script_cbl.arc,1430569,705C0A9A,112
0,0,GameData\sound2.arc,7107886,4EDEB0E1,114
0,0,GameData\texture2.arc,748712227,393809F6,113
0,0,GameData\voice_cbl2.arc,9627083,76D43E7B,109
