0,0,GameData\paths.dat,1818,97C4445D,1321
0,0,GameData\prioritymaterial.arc,115303,7847C89B,1321
0,0,GameData\csv.arc,2096448,79AB5335,1321
0,0,GameData\script.arc,13310593,39E8CD99,1321
0,0,GameData\csv_cos004.arc,395,9BAEF867,100
0,0,GameData\voice_cos004.arc,32019617,E30B88FD,100
0,0,GameData\script_cos004.arc,96137,B79339F2,100
0,0,GameData\texture_cos004.arc,2484,1B366EC0,100
0,0,GameData\material_dlc075.arc,22163,ED62924A,100
0,0,GameData\material_dlc076.arc,27482,147E9785,100
0,0,GameData\material_dlc078.arc,12586,61212860,100
0,0,GameData\menu_dlc075.arc,19016,5938ECEB,100
0,0,GameData\menu_dlc076.arc,25196,2B074E1F,100
0,0,GameData\menu_dlc078.arc,10572,40B9A9FA,100
0,0,GameData\model_dlc075.arc,1510328,ABB81704,100
0,0,GameData\model_dlc076.arc,2554793,4B578DE1,100
0,0,GameData\model_dlc078.arc,304746,51F140FA,100
0,0,GameData\texture_dlc075.arc,18770438,DE59FD30,100
0,0,GameData\texture_dlc076.arc,44469369,BFA32125,100
0,0,GameData\texture_dlc078.arc,14542192,8C9974BE,100
0,0,GameData\material_dlc077.arc,18204,9033DDD8,100
0,0,GameData\menu_dlc077.arc,20683,67FBCBAA,100
0,0,GameData\model_dlc077.arc,2584157,6B386F51,100
0,0,GameData\texture_dlc077.arc,38768429,C410C00C,100
