0,CM3D2.exe,6044160,70FC4DED
0,CM3D2x86.exe,11629568,B2599E30
0,LICENSE,3453,541AF859
0,setup.ini,140,951B3F01
0,uninst.exe,911360,1E1C43D7
0,CM3D2x86_Data\level0,146280,86CFA92D
0,CM3D2x86_Data\level1,200040,E58DD4E9
0,CM3D2x86_Data\level10,130216,34468065
0,CM3D2x86_Data\level11,154576,823D4AC9
0,CM3D2x86_Data\level12,130216,2C361C59
0,CM3D2x86_Data\level13,412400,77E50F47
0,CM3D2x86_Data\level14,4376,E8EF53A2
0,CM3D2x86_Data\level15,133296,94A2F1D5
0,CM3D2x86_Data\level16,4376,F7CAEBCD
0,CM3D2x86_Data\level17,130976,0636DE57
0,CM3D2x86_Data\level18,181912,FBFD8EAF
0,CM3D2x86_Data\level2,411384,10EFEDE1
0,CM3D2x86_Data\level3,610944,23A487EB
0,CM3D2x86_Data\level4,511704,86C8B73E
0,CM3D2x86_Data\level5,130640,2A5203E0
0,CM3D2x86_Data\level6,267264,18C52270
0,CM3D2x86_Data\level7,171064,8AB8C09E
0,CM3D2x86_Data\level8,165816,2E63A5C8
0,CM3D2x86_Data\level9,140248,51A132EC
0,CM3D2x86_Data\mainData,787464,610322D6
0,CM3D2x86_Data\PlayerConnectionConfigFile,21,E3ABDD5B
0,CM3D2x86_Data\resources.assets,202789600,C380661E
0,CM3D2x86_Data\sharedassets0.assets,236033576,E2DED41A
0,CM3D2x86_Data\sharedassets1.assets,1404876,8DAC08BC
0,CM3D2x86_Data\sharedassets10.assets,5136,769FE1B3
0,CM3D2x86_Data\sharedassets11.assets,466188,66C3CBF7
0,CM3D2x86_Data\sharedassets12.assets,5160,3AD1D01A
0,CM3D2x86_Data\sharedassets13.assets,466188,D6ACD467
0,CM3D2x86_Data\sharedassets14.assets,1758464,DDD7F643
0,CM3D2x86_Data\sharedassets15.assets,4112,17BB9A7D
0,CM3D2x86_Data\sharedassets16.assets,4200776,BA57BA0F
0,CM3D2x86_Data\sharedassets17.assets,4112,777D3763
0,CM3D2x86_Data\sharedassets18.assets,5200,3DDF6BB4
0,CM3D2x86_Data\sharedassets19.assets,3691628,B2E102CB
0,CM3D2x86_Data\sharedassets2.assets,5612160,58ACB01B
0,CM3D2x86_Data\sharedassets3.assets,13119072,400CF439
0,CM3D2x86_Data\sharedassets4.assets,170642844,138E6F9B
0,CM3D2x86_Data\sharedassets4.assets.resS,3985350,98874744
0,CM3D2x86_Data\sharedassets5.assets,12545300,0A1AAD3D
0,CM3D2x86_Data\sharedassets6.assets,503216,57AD8E05
0,CM3D2x86_Data\sharedassets7.assets,5336,0EB90FB0
0,CM3D2x86_Data\sharedassets8.assets,355324,35136F4A
0,CM3D2x86_Data\sharedassets9.assets,11891276,E66D1440
0,CM3D2x86_Data\Managed\Accessibility.dll,10752,E4E77DC7
0,CM3D2x86_Data\Managed\Assembly-CSharp-firstpass.dll,162304,49D88D6A
0,CM3D2x86_Data\Managed\Assembly-CSharp.dll,1728000,4B210EAC
0,CM3D2x86_Data\Managed\Assembly-UnityScript-firstpass.dll,65024,387E3717
0,CM3D2x86_Data\Managed\Boo.Lang.dll,126976,1E4A828D
0,CM3D2x86_Data\Managed\JsonFx.Json.dll,70144,A0F0CFCB
0,CM3D2x86_Data\Managed\Mono.Data.Tds.dll,96256,91E0BB7F
0,CM3D2x86_Data\Managed\Mono.Posix.dll,184320,2F4F12C4
0,CM3D2x86_Data\Managed\Mono.Security.dll,294912,DD165EC5
0,CM3D2x86_Data\Managed\Mono.WebBrowser.dll,172032,631F0611
0,CM3D2x86_Data\Managed\mscorlib.dll,2590208,E1020A4B
0,CM3D2x86_Data\Managed\System.Configuration.dll,124928,6B1D3776
0,CM3D2x86_Data\Managed\System.Core.dll,300032,95425E2C
0,CM3D2x86_Data\Managed\System.Data.dll,856064,AC9FDB6F
0,CM3D2x86_Data\Managed\System.dll,1678848,3731B01A
0,CM3D2x86_Data\Managed\System.Drawing.Design.dll,29696,E7B53FF9
0,CM3D2x86_Data\Managed\System.Drawing.dll,448512,C4B2E872
0,CM3D2x86_Data\Managed\System.EnterpriseServices.dll,46592,2719761F
0,CM3D2x86_Data\Managed\System.Security.dll,135168,051BE01E
0,CM3D2x86_Data\Managed\System.Transactions.dll,27648,4038EEFE
0,CM3D2x86_Data\Managed\System.Windows.Forms.dll,3053568,56394001
0,CM3D2x86_Data\Managed\System.Xml.dll,1270272,5C597B82
0,CM3D2x86_Data\Managed\System.Xml.Linq.dll,106496,8E124937
0,CM3D2x86_Data\Managed\UnityEngine.dll,612864,64D03B85
0,CM3D2x86_Data\Managed\UnityEngine.UI.dll,176128,761D83BD
0,CM3D2x86_Data\Managed\UnityScript.Lang.dll,14336,4E18BC10
0,CM3D2x86_Data\Mono\mono.dll,2103296,43DE6274
0,CM3D2x86_Data\Mono\etc\mono\browscap.ini,311984,CE6C0AB3
0,CM3D2x86_Data\Mono\etc\mono\config,1691,A635914A
0,CM3D2x86_Data\Mono\etc\mono\1.0\DefaultWsdlHelpGenerator.aspx,58196,10E814BF
0,CM3D2x86_Data\Mono\etc\mono\1.0\machine.config,17259,82F1AD8B
0,CM3D2x86_Data\Mono\etc\mono\2.0\DefaultWsdlHelpGenerator.aspx,60453,F3869A34
0,CM3D2x86_Data\Mono\etc\mono\2.0\machine.config,27626,4F6C3F79
0,CM3D2x86_Data\Mono\etc\mono\2.0\settings.map,2618,A1A3C29F
0,CM3D2x86_Data\Mono\etc\mono\2.0\web.config,11686,534A9960
0,CM3D2x86_Data\Mono\etc\mono\2.0\Browsers\Compat.browser,1605,2E178A0B
0,CM3D2x86_Data\Mono\etc\mono\mconfig\config.xml,25817,80B2033A
0,CM3D2x86_Data\Plugins\cm3d2_x86.dll,1270784,4C8C8A80
0,CM3D2x86_Data\Plugins\device_hook.dll,77312,7EEF9868
0,CM3D2x86_Data\Resources\unity default resources,1571709,31020360
0,CM3D2x86_Data\Resources\unity_builtin_extra,372672,FA28C415
0,GameData\csv.arc,890061,75A49ADF
0,GameData\material.arc,1352543,43E7755D
0,GameData\menu.arc,1072833,90714B4A
0,GameData\model.arc,106589481,4134DD49
0,GameData\script.arc,8998158,BD042464
0,GameData\sound.arc,57628691,D21E54D1
0,GameData\system.arc,5084,E7B6D55A
0,GameData\texture.arc,1262630260,B6DF9045
0,GameData\tjs.arc,1939,74D89355
0,GameData\voice.arc,17576110,2BE8FDEE
0,GameData\voice_a.arc,1483628055,B9BC8910
0,manual\index.html,2875,F9BBD3EF
0,manual\data\001.png,1899395,30D07C8F
0,manual\data\002.png,164045,EB582DDF
0,manual\data\003.png,335996,2E44B5D3
0,manual\data\004.png,668630,3FB3063F
0,manual\data\005.png,588360,57F2B795
0,manual\data\006.png,198402,56A66B4F
0,manual\data\007.png,400765,95506A06
0,manual\data\008.png,540605,1B3582FA
0,manual\data\009.png,611344,1A07A167
0,manual\data\010.png,548418,997CAAD7
0,manual\data\011.png,448035,D7F02C9C
0,manual\data\012.png,747715,E7A158D8
0,manual\data\013.png,624786,D42517FF
0,manual\data\014.png,299106,EB30BB5B
0,manual\data\015.png,237684,EA045028
0,manual\data\common.css,768,02131BE0
1,GameData\motion.arc,919046724,6625A19B
1,GameData\voice_b.arc,1651581280,241622EC
1,GameData\voice_c.arc,1809071002,F28CC5BE
