0,0,GameData\paths.dat,3770,583D9AD6,1470
0,0,GameData\prioritymaterial.arc,156415,BB91E1A2,1470
0,0,GameData\material_dlc130.arc,26894,0DE4501C,100
0,0,GameData\menu_dlc130.arc,20180,3C3E2797,100
0,0,GameData\model_dlc130.arc,1198409,29524F8A,100
0,0,GameData\texture_dlc130.arc,24718271,1B1E0DF7,100
0,0,GameData\material_dlc131.arc,22525,503CB303,100
0,0,GameData\menu_dlc131.arc,21501,8593EAC1,100
0,0,GameData\model_dlc131.arc,939989,D33322F4,100
0,0,GameData\texture_dlc131.arc,19834984,CF9168FF,100
0,0,GameData\material_dlc132.arc,24820,766ED524,100
0,0,GameData\menu_dlc132.arc,21626,C15ED016,100
0,0,GameData\model_dlc132.arc,3166619,E7CE891A,100
0,0,GameData\texture_dlc132.arc,30566651,6E697156,100
0,0,GameData\material_dlc133.arc,16783,0854B418,100
0,0,GameData\menu_dlc133.arc,10603,F6E10D44,100
0,0,GameData\model_dlc133.arc,410663,DF3B2D3C,100
0,0,GameData\texture_dlc133.arc,11253009,8D355096,100
0,0,GameData\csv_cos011.arc,539,A42B5105,100
0,0,GameData\script_cos011.arc,211217,B1FAC6A3,100
0,0,GameData\voice_cos011.arc,149423586,FDD31EED,100
0,0,GameData\script_cos011ane.arc,26322,C6F7F1D4,100
0,0,GameData\voice_cos011ane.arc,14739168,5C5EE50C,100
0,0,GameData\csv_cos011ane.arc,562,4B9D441C,100
