0,0,CM3D2x64.exe,14913024,267C4E4A,103
0,0,CM3D2x64_Data\level0,147896,74388ECF,102
0,0,CM3D2x64_Data\level1,203448,638E1FDF,103
0,0,CM3D2x64_Data\level10,133640,A2A7F9D5,103
0,0,CM3D2x64_Data\level11,157984,CBBCCC62,103
0,0,CM3D2x64_Data\level12,133640,611FBD2C,103
0,0,CM3D2x64_Data\level13,416512,0BD9936E,103
0,0,CM3D2x64_Data\level15,136704,1607EA0A,103
0,0,CM3D2x64_Data\level16,4376,D10E31B7,102
0,0,CM3D2x64_Data\level17,134400,419A3449,103
0,0,CM3D2x64_Data\level18,186848,0C1D4EC5,103
0,0,CM3D2x64_Data\level2,421192,ACA3589E,103
0,0,CM3D2x64_Data\level3,614352,10FDC6D0,103
0,0,CM3D2x64_Data\level4,539464,1915AB82,103
0,0,CM3D2x64_Data\level5,134048,755A1959,103
0,0,CM3D2x64_Data\level6,270672,EE3397BA,103
0,0,CM3D2x64_Data\level7,174472,4154DDB3,103
0,0,CM3D2x64_Data\level8,170664,6C926D20,102
0,0,CM3D2x64_Data\level9,143656,4A23E0E6,103
0,0,CM3D2x64_Data\mainData,807568,52F0A787,103
0,0,CM3D2x64_Data\PlayerConnectionConfigFile,21,60F6BD7A,103
0,0,CM3D2x64_Data\resources.assets,206168088,DC1458DF,102
0,0,CM3D2x64_Data\sharedassets0.assets,236451160,BB89331C,102
0,0,CM3D2x64_Data\sharedassets1.assets,6998796,6DB64E02,102
0,0,CM3D2x64_Data\sharedassets10.assets,5256,5F291D3B,102
0,0,CM3D2x64_Data\sharedassets11.assets,466308,E06D1B6D,102
0,0,CM3D2x64_Data\sharedassets12.assets,5280,9CD69455,102
0,0,CM3D2x64_Data\sharedassets13.assets,466308,C32B5C70,102
0,0,CM3D2x64_Data\sharedassets14.assets,1758656,043E9633,102
0,0,CM3D2x64_Data\sharedassets16.assets,4200896,79FB3AF5,102
0,0,CM3D2x64_Data\sharedassets17.assets,4112,7DA4DF31,102
0,0,CM3D2x64_Data\sharedassets18.assets,5320,40F0D1D0,102
0,0,CM3D2x64_Data\sharedassets19.assets,3691748,69BFCC57,102
0,0,CM3D2x64_Data\sharedassets2.assets,5612280,B45E2976,102
0,0,CM3D2x64_Data\sharedassets3.assets,13906728,F03D2DC7,102
0,0,CM3D2x64_Data\sharedassets4.assets,170642964,2C68C7F9,102
0,0,CM3D2x64_Data\sharedassets5.assets,6952140,852EA070,102
0,0,CM3D2x64_Data\sharedassets6.assets,503336,970C4734,102
0,0,CM3D2x64_Data\sharedassets7.assets,5456,4D9E0802,102
0,0,CM3D2x64_Data\sharedassets8.assets,355444,B0E40ED9,102
0,0,CM3D2x64_Data\sharedassets9.assets,11891476,B17807EA,102
0,0,CM3D2x64_Data\Managed\Assembly-CSharp-firstpass.dll,163328,796267BE,103
0,0,CM3D2x64_Data\Managed\Assembly-CSharp.dll,1758208,1BED4F4A,103
0,0,CM3D2x64_Data\Managed\Assembly-UnityScript-firstpass.dll,65024,07BCF2DC,103
0,0,GameData\csv.arc,969005,5307E530,103
0,0,GameData\material2.arc,18791,FB2D0D87,102
0,0,GameData\menu2.arc,146225,01C9E152,103
0,0,GameData\model2.arc,530255,28DBE2F5,102
0,0,GameData\script.arc,9823863,9379C2A9,103
