0,0,COM3D2x64_Data\Managed\Accessibility.dll,10752,5CB31E4E,24404
0,0,COM3D2x64_Data\Managed\Assembly-CSharp.dll,6144000,0E8AAA77,24404
0,0,COM3D2x64_Data\Managed\Assembly-CSharp-firstpass.dll,788480,9D54E118,24404
0,0,COM3D2x64_Data\Managed\Assembly-UnityScript-firstpass.dll,65024,1A349F03,24404
0,0,COM3D2x64_Data\Managed\Boo.Lang.dll,126976,28383F70,24404
0,0,COM3D2x64_Data\Managed\BouncyCastle.Crypto.dll,2236416,5A4C4F07,24404
0,0,COM3D2x64_Data\Managed\FoveUnityPlugin.dll,28672,A6EA882B,24404
0,0,COM3D2x64_Data\Managed\ICSharpCode.SharpZipLib.dll,200704,D3160A1C,24404
0,0,COM3D2x64_Data\Managed\Ionic.Zlib.dll,102400,7C9E7DD2,24404
0,0,COM3D2x64_Data\Managed\JsonFx.Json.dll,70144,A0F0CFCB,24404
0,0,COM3D2x64_Data\Managed\LeapCSharp.NET3.5.dll,82432,38E38212,24404
0,0,COM3D2x64_Data\Managed\Mono.Data.Tds.dll,96256,2965324B,24404
0,0,COM3D2x64_Data\Managed\Mono.Posix.dll,184320,0CE35BE3,24404
0,0,COM3D2x64_Data\Managed\Mono.Security.dll,294912,66EB9979,24404
0,0,COM3D2x64_Data\Managed\Mono.WebBrowser.dll,172032,137B736F,24404
0,0,COM3D2x64_Data\Managed\mscorlib.dll,2590208,5166389B,24404
0,0,COM3D2x64_Data\Managed\Newtonsoft.Json.dll,494592,5C881B73,24404
0,0,COM3D2x64_Data\Managed\System.Configuration.dll,124928,72952344,24404
0,0,COM3D2x64_Data\Managed\System.Core.dll,297472,9E3EE5D7,24404
0,0,COM3D2x64_Data\Managed\System.Data.dll,856064,DDDB80CD,24404
0,0,COM3D2x64_Data\Managed\System.dll,1679360,13922617,24404
0,0,COM3D2x64_Data\Managed\System.Drawing.Design.dll,29696,E7B53FF9,24404
0,0,COM3D2x64_Data\Managed\System.Drawing.dll,448512,C4B2E872,24404
0,0,COM3D2x64_Data\Managed\System.EnterpriseServices.dll,46592,2C72A9FE,24404
0,0,COM3D2x64_Data\Managed\System.Security.dll,135168,1CE94C57,24404
0,0,COM3D2x64_Data\Managed\System.Transactions.dll,27648,45299FCF,24404
0,0,COM3D2x64_Data\Managed\System.Windows.Forms.dll,3053568,56394001,24404
0,0,COM3D2x64_Data\Managed\System.Xml.dll,1270272,4581A35B,24404
0,0,COM3D2x64_Data\Managed\System.Xml.Linq.dll,106496,E844371C,24404
0,0,COM3D2x64_Data\Managed\UnityEngine.dll,1393152,2C35388C,24404
0,0,COM3D2x64_Data\Managed\UnityEngine.dll.mdb,449828,8610375E,24404
0,0,COM3D2x64_Data\Managed\UnityEngine.Networking.dll,253952,2BDF701F,24404
0,0,COM3D2x64_Data\Managed\UnityEngine.UI.dll,245760,FA552B2D,24404
0,0,COM3D2x64_Data\Managed\UnityEngine.VR.dll,3072,A4582CD6,24404
0,0,COM3D2x64_Data\Managed\UnityScript.Lang.dll,13824,0DA8F681,24404
0,0,COM3D2x64_Data\Managed\Win32.dll,13312,7781C2A2,24404
0,0,COM3D2x64_Data\Managed\zxing.unity.dll,430592,9FD1F198,24404
0,0,COM3D2x64_Data\Mono\etc\mono\1.0\DefaultWsdlHelpGenerator.aspx,58196,10E814BF,24404
0,0,COM3D2x64_Data\Mono\etc\mono\1.0\machine.config,17258,EDE1AC59,24404
0,0,COM3D2x64_Data\Mono\etc\mono\2.0\Browsers\Compat.browser,1605,2E178A0B,24404
0,0,COM3D2x64_Data\Mono\etc\mono\2.0\DefaultWsdlHelpGenerator.aspx,60453,F3869A34,24404
0,0,COM3D2x64_Data\Mono\etc\mono\2.0\machine.config,27625,73C91C24,24404
0,0,COM3D2x64_Data\Mono\etc\mono\2.0\settings.map,2618,A1A3C29F,24404
0,0,COM3D2x64_Data\Mono\etc\mono\2.0\web.config,11686,534A9960,24404
0,0,COM3D2x64_Data\Mono\etc\mono\mconfig\config.xml,25817,80B2033A,24404
0,0,COM3D2x64_Data\Mono\etc\mono\browscap.ini,311984,CE6C0AB3,24404
0,0,COM3D2x64_Data\Mono\etc\mono\config,1691,A635914A,24404
0,0,COM3D2x64_Data\Mono\mono.dll,2618816,0BEA8C0F,24404
0,0,COM3D2x64_Data\Mono\MonoPosixHelper.dll,113664,9B5E1E4D,24404
0,0,COM3D2x64_Data\Plugins\assimp.dll,4388864,7C910D84,24404
0,0,COM3D2x64_Data\Plugins\Audio360.dll,1956352,0D4B8E9D,24404
0,0,COM3D2x64_Data\Plugins\AVProVideo.dll,886272,278352F0,24404
0,0,COM3D2x64_Data\Plugins\clothpp.dll,112128,7C3264A4,24404
0,0,COM3D2x64_Data\Plugins\cm3d2.dll,2265088,CA67D1AD,24404
0,0,COM3D2x64_Data\Plugins\device_hook.dll,738816,F61E7CED,24404
0,0,COM3D2x64_Data\Plugins\FbxExporterCore.dll,12491776,CBAA51C1,24404
0,0,COM3D2x64_Data\Plugins\FoveClient.dll,1849384,58C8B4F6,24404
0,0,COM3D2x64_Data\Plugins\LeapC.dll,2516992,FBDD3767,24404
0,0,COM3D2x64_Data\Plugins\openvr_api.dll,318272,44432E0F,24404
0,0,COM3D2x64_Data\Plugins\OVRGamepad.dll,12800,2C526135,24404
0,0,COM3D2x64_Data\Plugins\OVRLipSync.dll,2512296,391C1F4C,24404
0,0,COM3D2x64_Data\Plugins\OVRPlugin.dll,1898408,5DD05B6C,24404
0,0,COM3D2x64_Data\Plugins\Win32-WebView.dll,504832,382AEE66,24404
0,0,COM3D2x64_Data\Resources\unity default resources,752360,71DB1AEA,24404
0,0,COM3D2x64_Data\Resources\unity_builtin_extra,284012,91145F7F,24404
0,0,COM3D2x64_Data\app.info,27,F9A266E7,24404
0,0,COM3D2x64_Data\globalgamemanagers,5350108,91214516,24404
0,0,COM3D2x64_Data\globalgamemanagers.assets,257676,2A2E181E,24404
0,0,COM3D2x64_Data\level0,356324,BA07E7FC,24404
0,0,COM3D2x64_Data\level1,379468,B03AF19E,24404
0,0,COM3D2x64_Data\level2,374300,B6552023,24404
0,0,COM3D2x64_Data\level3,1291404,14F38C0F,24404
0,0,COM3D2x64_Data\level4,1245508,096B9D79,24404
0,0,COM3D2x64_Data\level5,1344508,EAF469B9,24404
0,0,COM3D2x64_Data\level6,358308,C7B5312F,24404
0,0,COM3D2x64_Data\level7,1091388,667D5B01,24404
0,0,COM3D2x64_Data\level8,388884,AA1C7937,24404
0,0,COM3D2x64_Data\level9,455428,3A4D3D9D,24404
0,0,COM3D2x64_Data\level10,383500,322956DC,24404
0,0,COM3D2x64_Data\level11,356836,10FDF947,24404
0,0,COM3D2x64_Data\level12,470756,7556485E,24404
0,0,COM3D2x64_Data\level13,360948,C38C75D1,24404
0,0,COM3D2x64_Data\level14,913588,60171D4D,24404
0,0,COM3D2x64_Data\level15,7524,A0131AE2,24404
0,0,COM3D2x64_Data\level16,358780,8E7B7D04,24404
0,0,COM3D2x64_Data\level17,4664,BD01E57F,24404
0,0,COM3D2x64_Data\level18,375468,734CAB9E,24404
0,0,COM3D2x64_Data\level19,365148,B8ABBF24,24404
0,0,COM3D2x64_Data\level20,987956,E85B6623,24404
0,0,COM3D2x64_Data\level21,468436,FC1639F5,24404
0,0,COM3D2x64_Data\level22,1117604,EE5234BF,24404
0,0,COM3D2x64_Data\level23,441468,C32152D1,24404
0,0,COM3D2x64_Data\level24,711820,926A783D,24404
0,0,COM3D2x64_Data\level25,378804,FABADCF5,24404
0,0,COM3D2x64_Data\level26,2235316,52972CA9,24404
0,0,COM3D2x64_Data\level27,1147620,40D4B11B,24404
0,0,COM3D2x64_Data\level28,378804,9735853F,24404
0,0,COM3D2x64_Data\level29,1120924,CD2B5096,24404
0,0,COM3D2x64_Data\level30,371428,3BC4DEF5,24404
0,0,COM3D2x64_Data\level31,478540,89214EA7,24404
0,0,COM3D2x64_Data\level32,27904,E1508E35,24404
0,0,COM3D2x64_Data\level32.resS,131232,851AC384,24404
0,0,COM3D2x64_Data\level33,51676,2A11E4E7,24404
0,0,COM3D2x64_Data\level34,56036,2D86C9B4,24404
0,0,COM3D2x64_Data\level35,6824,102526A0,24404
0,0,COM3D2x64_Data\level36,357228,571116DF,24404
0,0,COM3D2x64_Data\level37,1608916,1495D58D,24404
0,0,COM3D2x64_Data\level38,1465556,7B423150,24404
0,0,COM3D2x64_Data\level39,1487148,D4AFB406,24404
0,0,COM3D2x64_Data\level40,474884,3C175B2C,24404
0,0,COM3D2x64_Data\level41,426252,B2C8A25A,24404
0,0,COM3D2x64_Data\level42,457668,B2C12B34,24404
0,0,COM3D2x64_Data\level43,1382556,0C6C3CA9,24404
0,0,COM3D2x64_Data\level44,1447020,D9FEE5DF,24404
0,0,COM3D2x64_Data\level45,1572428,BD5963CC,24404
0,0,COM3D2x64_Data\level46,444852,C8AAB02E,24404
0,0,COM3D2x64_Data\level47,411948,83A3D874,24404
0,0,COM3D2x64_Data\level48,470316,B8F628F6,24404
0,0,COM3D2x64_Data\level49,427524,E2E34675,24404
0,0,COM3D2x64_Data\level50,1407300,FBF061BA,24404
0,0,COM3D2x64_Data\level51,412212,2F0DC1F8,24404
0,0,COM3D2x64_Data\level52,772628,F753B552,24404
0,0,COM3D2x64_Data\level53,653308,61B7D61E,24404
0,0,COM3D2x64_Data\level54,380972,8F2A9107,24404
0,0,COM3D2x64_Data\level55,1309260,FF9C0AE3,24404
0,0,COM3D2x64_Data\level56,1060052,6482DDEB,24404
0,0,COM3D2x64_Data\level57,1067340,760FEBE4,24404
0,0,COM3D2x64_Data\level58,1309268,E735BABC,24404
0,0,COM3D2x64_Data\level59,1190068,AA129941,24404
0,0,COM3D2x64_Data\level60,978596,2359DC62,24404
0,0,COM3D2x64_Data\level61,1264980,04CA6A80,24404
0,0,COM3D2x64_Data\level62,1365996,1E814E3A,24404
0,0,COM3D2x64_Data\level63,712188,C745E827,24404
0,0,COM3D2x64_Data\level64,950820,8040DD4C,24404
0,0,COM3D2x64_Data\level65,432164,DCC102A7,24404
0,0,COM3D2x64_Data\level66,428532,6874177E,24404
0,0,COM3D2x64_Data\level67,472236,5FA0EF8D,24404
0,0,COM3D2x64_Data\level68,494372,3CB99063,24404
0,0,COM3D2x64_Data\level69,422764,59381BBB,24404
0,0,COM3D2x64_Data\level70,482724,E5A0E6E8,24404
0,0,COM3D2x64_Data\level71,1072836,0513289C,24404
0,0,COM3D2x64_Data\level72,997404,C347EC6D,24404
0,0,COM3D2x64_Data\level73,475564,3C0FA4CA,24404
0,0,COM3D2x64_Data\level74,497708,42F8260F,24404
0,0,COM3D2x64_Data\level75,488284,15EF4183,24404
0,0,COM3D2x64_Data\level76,1077244,30D615DD,24404
0,0,COM3D2x64_Data\level77,1037684,6304F153,24404
0,0,COM3D2x64_Data\level78,481332,A485E0C7,24404
0,0,COM3D2x64_Data\level79,465860,E69ECD61,24404
0,0,COM3D2x64_Data\level80,447532,8E14F2DC,24404
0,0,COM3D2x64_Data\level81,390452,18749FB8,24404
0,0,COM3D2x64_Data\level82,1416628,CDB882C6,24404
0,0,COM3D2x64_Data\level83,1357556,57EBD7F3,24404
0,0,COM3D2x64_Data\level84,534324,63310A46,24404
0,0,COM3D2x64_Data\level85,436340,9A7CEDF5,24404
0,0,COM3D2x64_Data\level86,1285580,F8B854BD,24404
0,0,COM3D2x64_Data\level87,1003420,4A3D49BD,24404
0,0,COM3D2x64_Data\level88,1462060,DBE8BF00,24404
0,0,COM3D2x64_Data\level89,1403196,B7F6DBE0,24404
0,0,COM3D2x64_Data\level90,1608932,C1AE8679,24404
0,0,COM3D2x64_Data\level91,1572444,C4F1EFEC,24404
0,0,COM3D2x64_Data\level92,1404340,D957CA92,24404
0,0,COM3D2x64_Data\level93,1370284,B656E284,24404
0,0,COM3D2x64_Data\level94,457292,97791FF9,24404
0,0,COM3D2x64_Data\level95,437764,6268F033,24404
0,0,COM3D2x64_Data\level96,1081548,91452E64,24404
0,0,COM3D2x64_Data\level97,882836,2E750324,24404
0,0,COM3D2x64_Data\level98,989604,B996B811,24404
0,0,COM3D2x64_Data\level99,883812,39CDA20C,24404
0,0,COM3D2x64_Data\level100,1062804,CC79012B,24404
0,0,COM3D2x64_Data\level101,1726436,2D91D5D4,24404
0,0,COM3D2x64_Data\level102,1677500,2F31D278,24404
0,0,COM3D2x64_Data\level103,1145948,92198326,24404
0,0,COM3D2x64_Data\level104,1089780,F7C32CAB,24404
0,0,COM3D2x64_Data\level105,1545252,4A48D416,24404
0,0,COM3D2x64_Data\level106,1644180,830B6616,24404
0,0,COM3D2x64_Data\level107,1087684,2DC35135,24404
0,0,COM3D2x64_Data\level108,1003228,E21018B5,24404
0,0,COM3D2x64_Data\level109,1712180,E65B9BB9,24404
0,0,COM3D2x64_Data\level110,1608996,E755CFCC,24404
0,0,COM3D2x64_Data\level111,498996,6F7ED440,24404
0,0,COM3D2x64_Data\level112,518772,07660E11,24404
0,0,COM3D2x64_Data\level113,607252,9EACABF0,24404
0,0,COM3D2x64_Data\level114,566692,09E2E360,24404
0,0,COM3D2x64_Data\level114.resS,131232,9337BCA3,24404
0,0,COM3D2x64_Data\level115,494052,A9950030,24404
0,0,COM3D2x64_Data\level116,593260,21761EB2,24404
0,0,COM3D2x64_Data\level117,517364,E137992C,24404
0,0,COM3D2x64_Data\level118,1766844,560BF58B,24404
0,0,COM3D2x64_Data\level119,1509412,3C3958A3,24404
0,0,COM3D2x64_Data\level120,1337420,E5ACCDFA,24404
0,0,COM3D2x64_Data\level121,1168572,0960A5FF,24404
0,0,COM3D2x64_Data\level122,1255996,BA5CE967,24404
0,0,COM3D2x64_Data\level123,1447340,580B6334,24404
0,0,COM3D2x64_Data\level124,1353044,0AACB7B0,24404
0,0,COM3D2x64_Data\level125,970612,C12F2441,24404
0,0,COM3D2x64_Data\level126,588140,EDEE7D14,24404
0,0,COM3D2x64_Data\level127,1033492,365EACE2,24404
0,0,COM3D2x64_Data\level128,956172,25CCBC96,24404
0,0,COM3D2x64_Data\level129,737940,1D8F0243,24404
0,0,COM3D2x64_Data\level130,970756,C8145904,24404
0,0,COM3D2x64_Data\level131,930340,23D562E0,24404
0,0,COM3D2x64_Data\level132,896028,ED73F3D2,24404
0,0,COM3D2x64_Data\level133,870596,6F1171CB,24404
0,0,COM3D2x64_Data\level134,561484,7AF67AC6,24404
0,0,COM3D2x64_Data\level135,565684,3E9B316C,24404
0,0,COM3D2x64_Data\level136,591060,325E9314,24404
0,0,COM3D2x64_Data\level137,589460,3C50BF63,24404
0,0,COM3D2x64_Data\level138,591196,6185D6D6,24404
0,0,COM3D2x64_Data\level139,593572,4D573AEA,24404
0,0,COM3D2x64_Data\level140,527780,9E83AD23,24404
0,0,COM3D2x64_Data\level141,531996,3584E6D3,24404
0,0,COM3D2x64_Data\level142,556220,9E315F88,24404
0,0,COM3D2x64_Data\level143,586556,205E0F27,24404
0,0,COM3D2x64_Data\level144,557348,BA7EA77B,24404
0,0,COM3D2x64_Data\level145,560340,985B9B6D,24404
0,0,COM3D2x64_Data\level146,549412,88BCF501,24404
0,0,COM3D2x64_Data\level147,587268,BD09CEFE,24404
0,0,COM3D2x64_Data\level148,462260,3BBDB585,24404
0,0,COM3D2x64_Data\level149,363572,866A283D,24404
0,0,COM3D2x64_Data\level150,445796,700AAB0C,24404
0,0,COM3D2x64_Data\level150.resS,131232,9337BCA3,24404
0,0,COM3D2x64_Data\level151,1031484,DCED5891,24404
0,0,COM3D2x64_Data\level152,1375932,7111DC7E,24404
0,0,COM3D2x64_Data\level153,414036,EF3BB8C8,24404
0,0,COM3D2x64_Data\level154,453852,80C83D54,24404
0,0,COM3D2x64_Data\level155,460460,D6E1B15A,24404
0,0,COM3D2x64_Data\resources.assets,473066020,226A335D,24404
0,0,COM3D2x64_Data\resources.assets.resS,2071422816,4FF88495,24404
0,0,COM3D2x64_Data\resources.resource,1348672,632087DF,24404
0,0,COM3D2x64_Data\sharedassets0.assets,115228100,D8872882,24404
0,0,COM3D2x64_Data\sharedassets0.assets.resS,28071636,8A34135A,24404
0,0,COM3D2x64_Data\sharedassets1.assets,6256,707BA0F2,24404
0,0,COM3D2x64_Data\sharedassets2.assets,6292,70C91D35,24404
0,0,COM3D2x64_Data\sharedassets3.assets,8296,FF7E02D4,24404
0,0,COM3D2x64_Data\sharedassets4.assets,12964,04912B3A,24404
0,0,COM3D2x64_Data\sharedassets5.assets,7276,58D3FD4E,24404
0,0,COM3D2x64_Data\sharedassets6.assets,6160,FA0CED10,24404
0,0,COM3D2x64_Data\sharedassets7.assets,6988,7CB5534E,24404
0,0,COM3D2x64_Data\sharedassets8.assets,6148,C6824ACC,24404
0,0,COM3D2x64_Data\sharedassets9.assets,7108,7A659296,24404
0,0,COM3D2x64_Data\sharedassets10.assets,6124,58B6AB78,24404
0,0,COM3D2x64_Data\sharedassets11.assets,6088,F0782AE2,24404
0,0,COM3D2x64_Data\sharedassets12.assets,6448,F9C2B495,24404
0,0,COM3D2x64_Data\sharedassets13.assets,6280,0F39CFEC,24404
0,0,COM3D2x64_Data\sharedassets14.assets,6916,A2411424,24404
0,0,COM3D2x64_Data\sharedassets15.assets,4576,A67D878B,24404
0,0,COM3D2x64_Data\sharedassets16.assets,6148,5A6642EC,24404
0,0,COM3D2x64_Data\sharedassets17.assets,4132,B4298CBB,24404
0,0,COM3D2x64_Data\sharedassets18.assets,6868,5CFF417D,24404
0,0,COM3D2x64_Data\sharedassets19.assets,6232,5C1D69FC,24404
0,0,COM3D2x64_Data\sharedassets20.assets,12676,973D45E9,24404
0,0,COM3D2x64_Data\sharedassets21.assets,6328,31CBD7B7,24404
0,0,COM3D2x64_Data\sharedassets22.assets,12736,80E3F9D5,24404
0,0,COM3D2x64_Data\sharedassets23.assets,6316,BD55031A,24404
0,0,COM3D2x64_Data\sharedassets24.assets,6376,BE820368,24404
0,0,COM3D2x64_Data\sharedassets25.assets,6184,81E57B72,24404
0,0,COM3D2x64_Data\sharedassets26.assets,7108,2916C384,24404
0,0,COM3D2x64_Data\sharedassets27.assets,12712,FCA1FD2C,24404
0,0,COM3D2x64_Data\sharedassets28.assets,6184,FC38833A,24404
0,0,COM3D2x64_Data\sharedassets29.assets,12712,FCA1FD2C,24404
0,0,COM3D2x64_Data\sharedassets30.assets,6112,AA643F26,24404
0,0,COM3D2x64_Data\sharedassets31.assets,18126856,BD38526B,24404
0,0,COM3D2x64_Data\sharedassets32.assets,12328,1526D82F,24404
0,0,COM3D2x64_Data\sharedassets33.assets,4420,D9AEC357,24404
0,0,COM3D2x64_Data\sharedassets34.assets,4324,90AFBB5B,24404
0,0,COM3D2x64_Data\sharedassets35.assets,4264,62EB3A8C,24404
0,0,COM3D2x64_Data\sharedassets36.assets,6124,236CDBEC,24404
0,0,COM3D2x64_Data\sharedassets37.assets,12676,210113F7,24404
0,0,COM3D2x64_Data\sharedassets38.assets,12676,4CE5E876,24404
0,0,COM3D2x64_Data\sharedassets39.assets,12676,9E7B8219,24404
0,0,COM3D2x64_Data\sharedassets40.assets,7228,0F4A75E5,24404
0,0,COM3D2x64_Data\sharedassets41.assets,6976,3C563B0D,24404
0,0,COM3D2x64_Data\sharedassets42.assets,7264,B220D62B,24404
0,0,COM3D2x64_Data\sharedassets43.assets,9400,29D07868,24404
0,0,COM3D2x64_Data\sharedassets44.assets,9508,A4BB469C,24404
0,0,COM3D2x64_Data\sharedassets45.assets,9496,ED2CEB6D,24404
0,0,COM3D2x64_Data\sharedassets46.assets,8560,4D1630DC,24404
0,0,COM3D2x64_Data\sharedassets47.assets,6592,309D58BA,24404
0,0,COM3D2x64_Data\sharedassets48.assets,8332,C2AF48DE,24404
0,0,COM3D2x64_Data\sharedassets49.assets,792692,966F4ABD,24404
0,0,COM3D2x64_Data\sharedassets49.assets.resS,6506584,427886ED,24404
0,0,COM3D2x64_Data\sharedassets50.assets,12676,1FF13F39,24404
0,0,COM3D2x64_Data\sharedassets51.assets,6592,F1AEA39F,24404
0,0,COM3D2x64_Data\sharedassets52.assets,6928,D98FB08C,24404
0,0,COM3D2x64_Data\sharedassets53.assets,6724,D453ACB3,24404
0,0,COM3D2x64_Data\sharedassets54.assets,6136,CC65EB4F,24404
0,0,COM3D2x64_Data\sharedassets55.assets,12760,C06EB414,24404
0,0,COM3D2x64_Data\sharedassets56.assets,9292,4C9C4A4D,24404
0,0,COM3D2x64_Data\sharedassets57.assets,9328,E72C222E,24404
0,0,COM3D2x64_Data\sharedassets58.assets,12760,C06EB414,24404
0,0,COM3D2x64_Data\sharedassets59.assets,9532,832796E6,24404
0,0,COM3D2x64_Data\sharedassets60.assets,9328,E72C222E,24404
0,0,COM3D2x64_Data\sharedassets61.assets,9472,E835673F,24404
0,0,COM3D2x64_Data\sharedassets62.assets,9508,A4BB469C,24404
0,0,COM3D2x64_Data\sharedassets63.assets,6652,3A5C03C7,24404
0,0,COM3D2x64_Data\sharedassets64.assets,9496,ED2CEB6D,24404
0,0,COM3D2x64_Data\sharedassets65.assets,42236540,84717B84,24404
0,0,COM3D2x64_Data\sharedassets65.assets.resS,87400,8BA6C322,24404
0,0,COM3D2x64_Data\sharedassets66.assets,38246508,52BF1F1D,24404
0,0,COM3D2x64_Data\sharedassets67.assets,32874604,5C555417,24404
0,0,COM3D2x64_Data\sharedassets68.assets,36735684,FD729BD2,24404
0,0,COM3D2x64_Data\sharedassets68.assets.resS,174776,5B619AF1,24404
0,0,COM3D2x64_Data\sharedassets69.assets,41277360,2F7D4E2A,24404
0,0,COM3D2x64_Data\sharedassets70.assets,39399112,5DF68DDF,24404
0,0,COM3D2x64_Data\sharedassets71.assets,3017228,F40214D6,24404
0,0,COM3D2x64_Data\sharedassets71.assets.resS,611728,7BFBEAAE,24404
0,0,COM3D2x64_Data\sharedassets72.assets,9556,2A780026,24404
0,0,COM3D2x64_Data\sharedassets73.assets,6508,340874C0,24404
0,0,COM3D2x64_Data\sharedassets74.assets,6508,340874C0,24404
0,0,COM3D2x64_Data\sharedassets75.assets,6508,340874C0,24404
0,0,COM3D2x64_Data\sharedassets76.assets,12688,4AA159D2,24404
0,0,COM3D2x64_Data\sharedassets77.assets,9508,E199CBCE,24404
0,0,COM3D2x64_Data\sharedassets78.assets,6472,01B3D2A5,24404
0,0,COM3D2x64_Data\sharedassets79.assets,59364,D6070584,24404
0,0,COM3D2x64_Data\sharedassets79.assets.resS,174776,B51EE5DC,24404
0,0,COM3D2x64_Data\sharedassets80.assets,6484,54F78720,24404
0,0,COM3D2x64_Data\sharedassets81.assets,6736,9997B387,24404
0,0,COM3D2x64_Data\sharedassets82.assets,759744,58EBDFBD,24404
0,0,COM3D2x64_Data\sharedassets82.assets.resS,1310880,58801C35,24404
0,0,COM3D2x64_Data\sharedassets82.resource,1178176,90268BF4,24404
0,0,COM3D2x64_Data\sharedassets83.assets,9376,976E06B1,24404
0,0,COM3D2x64_Data\sharedassets84.assets,3412512,E9A54A75,24404
0,0,COM3D2x64_Data\sharedassets84.assets.resS,6226112,B3E98769,24404
0,0,COM3D2x64_Data\sharedassets85.assets,6580,AA6F3623,24404
0,0,COM3D2x64_Data\sharedassets86.assets,13936,1F41C433,24404
0,0,COM3D2x64_Data\sharedassets87.assets,9496,ED2CEB6D,24404
0,0,COM3D2x64_Data\sharedassets88.assets,12712,6460113B,24404
0,0,COM3D2x64_Data\sharedassets89.assets,9496,B601F601,24404
0,0,COM3D2x64_Data\sharedassets90.assets,12676,210113F7,24404
0,0,COM3D2x64_Data\sharedassets91.assets,9496,ED2CEB6D,24404
0,0,COM3D2x64_Data\sharedassets92.assets,12712,6460113B,24404
0,0,COM3D2x64_Data\sharedassets93.assets,10444,7A314026,24404
0,0,COM3D2x64_Data\sharedassets94.assets,6928,23763AB8,24404
0,0,COM3D2x64_Data\sharedassets95.assets,6436,032B6ABD,24404
0,0,COM3D2x64_Data\sharedassets96.assets,11732,E8FCD080,24404
0,0,COM3D2x64_Data\sharedassets96.resource,2729184,2D4064D6,24404
0,0,COM3D2x64_Data\sharedassets97.assets,11596,3E429353,24404
0,0,COM3D2x64_Data\sharedassets98.assets,8296,C3135E10,24404
0,0,COM3D2x64_Data\sharedassets99.assets,7612,A641B3DE,24404
0,0,COM3D2x64_Data\sharedassets100.assets,353948,A6A9D0A3,24404
0,0,COM3D2x64_Data\sharedassets100.assets.resS,2272048,E50143CB,24404
0,0,COM3D2x64_Data\sharedassets100.resource,6236800,C7E9CFDE,24404
0,0,COM3D2x64_Data\sharedassets101.assets,6568400,9D1E0225,24404
0,0,COM3D2x64_Data\sharedassets101.assets.resS,10936,3B0D7ADF,24404
0,0,COM3D2x64_Data\sharedassets101.resource,1136352,956B5452,24404
0,0,COM3D2x64_Data\sharedassets102.assets,10312,8C1979C6,24404
0,0,COM3D2x64_Data\sharedassets103.assets,12844,7395472B,24404
0,0,COM3D2x64_Data\sharedassets104.assets,9640,051A9E66,24404
0,0,COM3D2x64_Data\sharedassets105.assets,9764,B26FD542,24404
0,0,COM3D2x64_Data\sharedassets105.resource,1003968,52A085C2,24404
0,0,COM3D2x64_Data\sharedassets106.assets,13000,C3976274,24404
0,0,COM3D2x64_Data\sharedassets107.assets,12904,FC9B928E,24404
0,0,COM3D2x64_Data\sharedassets108.assets,9580,CB5B73AD,24404
0,0,COM3D2x64_Data\sharedassets109.assets,13348,4C737FEC,24404
0,0,COM3D2x64_Data\sharedassets109.resource,1166848,2709F6C2,24404
0,0,COM3D2x64_Data\sharedassets110.assets,9892,59CF14C1,24404
0,0,COM3D2x64_Data\sharedassets111.assets,6664,50812FA0,24404
0,0,COM3D2x64_Data\sharedassets112.assets,6664,50812FA0,24404
0,0,COM3D2x64_Data\sharedassets113.assets,6628,42A0CDED,24404
0,0,COM3D2x64_Data\sharedassets114.assets,6340,DA58388D,24404
0,0,COM3D2x64_Data\sharedassets115.assets,6628,42A0CDED,24404
0,0,COM3D2x64_Data\sharedassets116.assets,6724,35C58C08,24404
0,0,COM3D2x64_Data\sharedassets117.assets,6628,42A0CDED,24404
0,0,COM3D2x64_Data\sharedassets118.assets,12856,1A93AD6D,24404
0,0,COM3D2x64_Data\sharedassets119.assets,9544,EBFC2FE5,24404
0,0,COM3D2x64_Data\sharedassets120.assets,394920,E2401EA9,24404
0,0,COM3D2x64_Data\sharedassets120.assets.resS,2184640,DF887086,24404
0,0,COM3D2x64_Data\sharedassets121.assets,9748,B70C12C5,24404
0,0,COM3D2x64_Data\sharedassets121.resource,2751968,AE761A89,24404
0,0,COM3D2x64_Data\sharedassets122.assets,12928,77F06AA5,24404
0,0,COM3D2x64_Data\sharedassets123.assets,12964,8586F2A0,24404
0,0,COM3D2x64_Data\sharedassets124.assets,9640,EB0DDE1E,24404
0,0,COM3D2x64_Data\sharedassets125.assets,7172,FCBCA84A,24404
0,0,COM3D2x64_Data\sharedassets125.resource,6331552,B816A215,24404
0,0,COM3D2x64_Data\sharedassets126.assets,7048,ECE51CBA,24404
0,0,COM3D2x64_Data\sharedassets127.assets,86916,C71771C9,24404
0,0,COM3D2x64_Data\sharedassets127.resource,8838816,EBFF12DA,24404
0,0,COM3D2x64_Data\sharedassets128.assets,8200,A8364091,24404
0,0,COM3D2x64_Data\sharedassets129.assets,7840,1078666B,24404
0,0,COM3D2x64_Data\sharedassets130.assets,11332,B105904F,24404
0,0,COM3D2x64_Data\sharedassets131.assets,8140,13C70604,24404
0,0,COM3D2x64_Data\sharedassets132.assets,615896,0AD36465,24404
0,0,COM3D2x64_Data\sharedassets132.assets.resS,6138632,73B447A4,24404
0,0,COM3D2x64_Data\sharedassets133.assets,7024,7C05E55D,24404
0,0,COM3D2x64_Data\sharedassets134.assets,6928,6320A390,24404
0,0,COM3D2x64_Data\sharedassets135.assets,6928,6320A390,24404
0,0,COM3D2x64_Data\sharedassets136.assets,6928,6320A390,24404
0,0,COM3D2x64_Data\sharedassets137.assets,6928,6320A390,24404
0,0,COM3D2x64_Data\sharedassets138.assets,6928,6320A390,24404
0,0,COM3D2x64_Data\sharedassets139.assets,6928,6320A390,24404
0,0,COM3D2x64_Data\sharedassets140.assets,6628,42A0CDED,24404
0,0,COM3D2x64_Data\sharedassets141.assets,6628,42A0CDED,24404
0,0,COM3D2x64_Data\sharedassets142.assets,6628,42A0CDED,24404
0,0,COM3D2x64_Data\sharedassets143.assets,6628,42A0CDED,24404
0,0,COM3D2x64_Data\sharedassets144.assets,6628,42A0CDED,24404
0,0,COM3D2x64_Data\sharedassets145.assets,6628,42A0CDED,24404
0,0,COM3D2x64_Data\sharedassets146.assets,6628,42A0CDED,24404
0,0,COM3D2x64_Data\sharedassets147.assets,6928,6320A390,24404
0,0,COM3D2x64_Data\sharedassets148.assets,6448,1136CF04,24404
0,0,COM3D2x64_Data\sharedassets149.assets,6160,E9C09315,24404
0,0,COM3D2x64_Data\sharedassets150.assets,7276,B33741FF,24404
0,0,COM3D2x64_Data\sharedassets151.assets,213676,8354FB08,24404
0,0,COM3D2x64_Data\sharedassets151.assets.resS,174776,583F8A72,24404
0,0,COM3D2x64_Data\sharedassets152.assets,10260,A4D95B4E,24404
0,0,COM3D2x64_Data\sharedassets153.assets,6448,046957C3,24404
0,0,COM3D2x64_Data\sharedassets154.assets,6448,DC344110,24404
0,0,COM3D2x64_Data\sharedassets155.assets,6568,6451F4A1,24404
0,0,COM3D2.exe,12605952,A726F167,2046
0,0,COM3D2x64.exe,22841856,A9562BF9,24404
share,../com3d2data\GameData\ja\motion_omytgc033_2.arc,GameData\motion_omytgc033_2.arc,480371,1F48837F,24404
share,../com3d2data\GameData\ja\motion_omytgc035_2.arc,GameData\motion_omytgc035_2.arc,626379,5C67B1FA,24400
share,../com3d2data\GameData\ja\voice2.arc,GameData\voice2.arc,978689805,76ABD21C,24401
share,../com3d2data\GameData\ja_script\script.arc,GameData\script.arc,16734621,1136F843,24409
share,../com3d2data\GameData\ja_script\script_charaevent009ntr_2.arc,GameData\script_charaevent009ntr_2.arc,36114,B411C22A,24402
share,../com3d2data\GameData\ja_script\script_dateplan001_2.arc,GameData\script_dateplan001_2.arc,2514,3616DD6A,24400
share,../com3d2data\GameData\ja_script\script_modeplus001_2.arc,GameData\script_modeplus001_2.arc,73428,81789773,24404
share,../com3d2data\GameData\ja_script\script_omytgc031_2.arc,GameData\script_omytgc031_2.arc,11730,FF9EFAB1,24402
share,../com3d2data\GameData\ja_script\script_omytgc031_add2_2.arc,GameData\script_omytgc031_add2_2.arc,13682,ECAA9DA6,24402
share,../com3d2data\GameData\ja_script\script_omytgc032_2.arc,GameData\script_omytgc032_2.arc,248570,7C68249B,24402
share,../com3d2data\GameData\ja_script\script_omytgc035_2.arc,GameData\script_omytgc035_2.arc,39714,7BBAC127,24402
share,../com3d2data\GameData\ja_script\script_personal_om003plus_2.arc,GameData\script_personal_om003plus_2.arc,44514,BF2E5D64,24402
share,../com3d2data\GameData\ja_script\script_personal_om007_2.arc,GameData\script_personal_om007_2.arc,259116,2DA2D6CE,24402
share,../com3d2data\GameData\ja_script\script_personal_om008_2.arc,GameData\script_personal_om008_2.arc,251849,9AEEA588,24400
share,../com3d2data\GameData\ja_script\script_personal_om012_2.arc,GameData\script_personal_om012_2.arc,244859,CAF98945,24404
share,../com3d2data\GameData\ja_script\script_personal_om012_gp002_2.arc,GameData\script_personal_om012_gp002_2.arc,32130,05B5697D,24401
share,../com3d2data\GameData\ja_script\script_select001_2.arc,GameData\script_select001_2.arc,30450,8779AE41,24403
share,../com3d2data\GameData\ja_script\script_stream001_2.arc,GameData\script_stream001_2.arc,2162,BFF4B091,24402
share,../com3d2data\GameData\ja_script\script_stream002_2.arc,GameData\script_stream002_2.arc,9874,93EAECFF,24403
share,../com3d2data\GameData\ja_script\script_trio002_2.arc,GameData\script_trio002_2.arc,8834,ACF4BB92,24401
share,../com3d2data\GameData\ja_script\script_valentine2025_2.arc,GameData\script_valentine2025_2.arc,11522,181ABC2F,24400
share,../com3d2data\GameData\ja_script\script_x_galplus_2.arc,GameData\script_x_galplus_2.arc,16162,B8EAFA5F,24400
share,../com3d2data\GameData\ja_script\script_x001_2.arc,GameData\script_x001_2.arc,23155861,1FD6CF4D,24400
share,../com3d2data\GameData\ja_script\script_x001plus_2.arc,GameData\script_x001plus_2.arc,23472311,77E9552A,24400
share,../com3d2data\GameData\patch\bg_cw010_2.arc,GameData\bg_cw010_2.arc,18093072,42FCE41A,24402
share,../com3d2data\GameData\patch\csv.arc,GameData\csv.arc,45788449,036FF314,24413
share,../com3d2data\GameData\patch\csv_dance_hhs_2.arc,GameData\csv_dance_hhs_2.arc,818,E0195413,24401
share,../com3d2data\GameData\patch\csv_dance_smt_2.arc,GameData\csv_dance_smt_2.arc,770,6B48DF0B,24401
share,../com3d2data\GameData\patch\csv_dance_sse_2.arc,GameData\csv_dance_sse_2.arc,786,A9BBB348,24401
share,../com3d2data\GameData\patch\csv_selfishdestiny_2.arc,GameData\csv_selfishdestiny_2.arc,43218,C15DF8CD,24403
share,../com3d2data\GameData\patch\parts_dlc361_2.arc,GameData\parts_dlc361_2.arc,6251044,1F5496DC,24403
share,../com3d2data\GameData\patch\parts_dlc363_2.arc,GameData\parts_dlc363_2.arc,11168402,3591087B,24403
share,../com3d2data\GameData\patch\parts_dlc368_2.arc,GameData\parts_dlc368_2.arc,142902,0FB0973B,24402
share,../com3d2data\GameData\patch\parts_dlc394_2.arc,GameData\parts_dlc394_2.arc,2156946,B6CBFC8C,24404
share,../com3d2data\GameData\patch\parts_dlc523_2.arc,GameData\parts_dlc523_2.arc,11378,306F7968,24404
share,../com3d2data\GameData\patch\parts_dlc528_2.arc,GameData\parts_dlc528_2.arc,1503027,E8538580,24402
share,../com3d2data\GameData\patch\parts_dlc543_2.arc,GameData\parts_dlc543_2.arc,452785,65698E69,24404
share,../com3d2data\GameData\patch\parts_dlc545_2.arc,GameData\parts_dlc545_2.arc,10002,21D08BFB,24404
share,../com3d2data\GameData\patch\parts_gp003_2.arc,GameData\parts_gp003_2.arc,156431709,F4CA31A2,24402
share,../com3d2data\GameData\patch\parts_nightpool001_add2_2.arc,GameData\parts_nightpool001_add2_2.arc,201787,7774246B,24402
share,../com3d2data\GameData\patch\parts_oldplus011cloth_2.arc,GameData\parts_oldplus011cloth_2.arc,228764,3AE1A229,24402
share,../com3d2data\GameData\patch\parts_sp001_2.arc,GameData\parts_sp001_2.arc,368802,36296F61,24402
share,../com3d2data\GameData\patch\parts2.arc,GameData\parts2.arc,224249617,199F468F,24402
share,../com3d2data\GameData\patch\paths.dat,GameData\paths.dat,20075,ECE5ECF4,24410
share,../com3d2data\GameData\patch\prioritymaterial.arc,GameData\prioritymaterial.arc,875346,ED54F5FA,24404
share,../com3d2data\GameData\patch\sound_dance_hhs_2.arc,GameData\sound_dance_hhs_2.arc,16074673,9745C9D8,24401
share,../com3d2data\GameData\patch\sound_dance_smt_2.arc,GameData\sound_dance_smt_2.arc,19977815,0A32078B,24401
share,../com3d2data\GameData\patch\sound_dance_sse_2.arc,GameData\sound_dance_sse_2.arc,18108195,40971188,24401
share,../com3d2data\GameData\patch\sound_maidtaisou_2.arc,GameData\sound_maidtaisou_2.arc,7299538,D151932F,24401
share,../com3d2data\GameData\patch\system2.arc,GameData\system2.arc,48503227,DAD7EC9A,24403
share,../com3d2data\GameData_20\material_cas133_2.arc,GameData_20\material_cas133_2.arc,2546,0E77C955,1744
share,../com3d2data\GameData_20\material_denkigai2021s_2.arc,GameData_20\material_denkigai2021s_2.arc,1730,5A8CFCE7,1744
share,../com3d2data\GameData_20\material_dlc004_2.arc,GameData_20\material_dlc004_2.arc,5042,54116788,1744
share,../com3d2data\GameData_20\material_dlc007_2.arc,GameData_20\material_dlc007_2.arc,5122,7C7A291B,1744
share,../com3d2data\GameData_20\material_dlc326_2.arc,GameData_20\material_dlc326_2.arc,1682,5D16A84A,1744
share,../com3d2data\GameData_20\material_dlc386_2.arc,GameData_20\material_dlc386_2.arc,13250,4D9AA74F,1744
share,../com3d2data\GameData_20\material_dlc414_2.arc,GameData_20\material_dlc414_2.arc,13474,9E58194A,1744
share,../com3d2data\GameData_20\material_dlc427_2.arc,GameData_20\material_dlc427_2.arc,13746,1B72758F,1744
share,../com3d2data\GameData_20\material_dlc437hair_2.arc,GameData_20\material_dlc437hair_2.arc,1746,F7DF6102,1744
share,../com3d2data\GameData_20\material_dlc488_2.arc,GameData_20\material_dlc488_2.arc,1714,1AA5F731,1744
share,../com3d2data\GameData_20\menu_cas133_2.arc,GameData_20\menu_cas133_2.arc,8962,B2C49D27,1744
share,../com3d2data\GameData_20\menu_cas134_2.arc,GameData_20\menu_cas134_2.arc,9090,F8D6780D,1744
share,../com3d2data\GameData_20\menu_dlc004_2.arc,GameData_20\menu_dlc004_2.arc,3362,F70C6943,1744
share,../com3d2data\GameData_20\menu_dlc286_2.arc,GameData_20\menu_dlc286_2.arc,2626,18F6964C,1744
share,../com3d2data\GameData_20\menu_dlc326_2.arc,GameData_20\menu_dlc326_2.arc,1730,625DC929,1744
share,../com3d2data\GameData_20\menu_dlc361_2.arc,GameData_20\menu_dlc361_2.arc,1218,CE7AA7A8,1746
share,../com3d2data\GameData_20\menu_dlc363_2.arc,GameData_20\menu_dlc363_2.arc,2034,AAF5EDC6,1746
share,../com3d2data\GameData_20\menu_dlc386_2.arc,GameData_20\menu_dlc386_2.arc,8242,43DF28B0,1744
share,../com3d2data\GameData_20\menu_dlc394_2.arc,GameData_20\menu_dlc394_2.arc,12482,B10CC376,1747
share,../com3d2data\GameData_20\menu_dlc399_2.arc,GameData_20\menu_dlc399_2.arc,1234,9EC7D1A9,1744
share,../com3d2data\GameData_20\menu_dlc414_2.arc,GameData_20\menu_dlc414_2.arc,3666,01397BC6,1744
share,../com3d2data\GameData_20\menu_dlc423_2.arc,GameData_20\menu_dlc423_2.arc,3298,861496D6,1744
share,../com3d2data\GameData_20\menu_dlc487_2.arc,GameData_20\menu_dlc487_2.arc,3266,52969574,1744
share,../com3d2data\GameData_20\menu_dlc523_2.arc,GameData_20\menu_dlc523_2.arc,4130,2EDD2BBF,1747
share,../com3d2data\GameData_20\menu_dlc526_2.arc,GameData_20\menu_dlc526_2.arc,4258,988E8441,1744
share,../com3d2data\GameData_20\menu_gp001_2.arc,GameData_20\menu_gp001_2.arc,6770,59BE68C7,1744
share,../com3d2data\GameData_20\menu_kissevent2017march_2.arc,GameData_20\menu_kissevent2017march_2.arc,106784,C73EFD41,1747
share,../com3d2data\GameData_20\menu_oldplus009cloth_2.arc,GameData_20\menu_oldplus009cloth_2.arc,9602,4E06F551,1744
share,../com3d2data\GameData_20\menu_personal_om008_2.arc,GameData_20\menu_personal_om008_2.arc,6866,2468F845,1744
share,../com3d2data\GameData_20\model_cas043_2.arc,GameData_20\model_cas043_2.arc,166587,C4122F7E,1744
share,../com3d2data\GameData_20\model_cas056_2.arc,GameData_20\model_cas056_2.arc,515645,4C84558A,1744
share,../com3d2data\GameData_20\model_cas064_2.arc,GameData_20\model_cas064_2.arc,116026,0A8CC175,1744
share,../com3d2data\GameData_20\model_cas099_2.arc,GameData_20\model_cas099_2.arc,120018,F24B9C93,1744
share,../com3d2data\GameData_20\model_cas113_2.arc,GameData_20\model_cas113_2.arc,474721,DDA747D5,1744
share,../com3d2data\GameData_20\model_cas133_2.arc,GameData_20\model_cas133_2.arc,1797049,9CFB4397,1744
share,../com3d2data\GameData_20\model_cw004cloth1_2.arc,GameData_20\model_cw004cloth1_2.arc,877052,EEB61B76,1744
share,../com3d2data\GameData_20\model_cw004cloth3_2.arc,GameData_20\model_cw004cloth3_2.arc,392556,2C567671,1744
share,../com3d2data\GameData_20\model_cw007cloth2_2.arc,GameData_20\model_cw007cloth2_2.arc,198050,99EE2B6C,1744
share,../com3d2data\GameData_20\model_denkigai2020s_2.arc,GameData_20\model_denkigai2020s_2.arc,70702,A7C3EBB2,1744
share,../com3d2data\GameData_20\model_dlc004_2.arc,GameData_20\model_dlc004_2.arc,285512,53E9912D,1744
share,../com3d2data\GameData_20\model_dlc007_2.arc,GameData_20\model_dlc007_2.arc,72986,85596DB7,1744
share,../com3d2data\GameData_20\model_dlc038_2.arc,GameData_20\model_dlc038_2.arc,171553,12426AA2,1744
share,../com3d2data\GameData_20\model_dlc264_2.arc,GameData_20\model_dlc264_2.arc,1284137,3BAA1822,1744
share,../com3d2data\GameData_20\model_dlc314_2.arc,GameData_20\model_dlc314_2.arc,102829,E3EE6B88,1744
share,../com3d2data\GameData_20\model_dlc317_2.arc,GameData_20\model_dlc317_2.arc,4235399,79891393,1744
share,../com3d2data\GameData_20\model_dlc326_2.arc,GameData_20\model_dlc326_2.arc,414866,4374BB67,1744
share,../com3d2data\GameData_20\model_dlc345_2.arc,GameData_20\model_dlc345_2.arc,305873,22B2B3C4,1744
share,../com3d2data\GameData_20\model_dlc361_2.arc,GameData_20\model_dlc361_2.arc,2831298,4199C5F0,1746
share,../com3d2data\GameData_20\model_dlc363_2.arc,GameData_20\model_dlc363_2.arc,858109,8BD01DD1,1746
share,../com3d2data\GameData_20\model_dlc368_2.arc,GameData_20\model_dlc368_2.arc,228834,D8234312,1745
share,../com3d2data\GameData_20\model_dlc392_2.arc,GameData_20\model_dlc392_2.arc,1183892,E5FCC07F,1744
share,../com3d2data\GameData_20\model_dlc414_2.arc,GameData_20\model_dlc414_2.arc,399533,EA325852,1744
share,../com3d2data\GameData_20\model_dlc423_2.arc,GameData_20\model_dlc423_2.arc,243401,53F93DDE,1744
share,../com3d2data\GameData_20\model_dlc437_2.arc,GameData_20\model_dlc437_2.arc,487721,9BBC736D,1744
share,../com3d2data\GameData_20\model_dlc437hair_2.arc,GameData_20\model_dlc437hair_2.arc,354059,D48CD13B,1744
share,../com3d2data\GameData_20\model_dlc450_2.arc,GameData_20\model_dlc450_2.arc,508820,CFFA2D48,1744
share,../com3d2data\GameData_20\model_dlc451_2.arc,GameData_20\model_dlc451_2.arc,537178,E56CAB81,1744
share,../com3d2data\GameData_20\model_dlc462_2.arc,GameData_20\model_dlc462_2.arc,337274,335419B3,1744
share,../com3d2data\GameData_20\model_dlc466_2.arc,GameData_20\model_dlc466_2.arc,220262,A2895402,1744
share,../com3d2data\GameData_20\model_dlc475_2.arc,GameData_20\model_dlc475_2.arc,1346362,9820A575,1744
share,../com3d2data\GameData_20\model_dlc505_2.arc,GameData_20\model_dlc505_2.arc,114740,AF1B0F13,1744
share,../com3d2data\GameData_20\model_dlc508_2.arc,GameData_20\model_dlc508_2.arc,1171745,91EBD4B1,1744
share,../com3d2data\GameData_20\model_dlc510_2.arc,GameData_20\model_dlc510_2.arc,1798570,28BA1A40,1744
share,../com3d2data\GameData_20\model_dlc513_2.arc,GameData_20\model_dlc513_2.arc,142742,C92F2E78,1744
share,../com3d2data\GameData_20\model_dlc519_2.arc,GameData_20\model_dlc519_2.arc,196088,933B2E23,1744
share,../com3d2data\GameData_20\model_dlc520_2.arc,GameData_20\model_dlc520_2.arc,647048,A82B87A1,1744
share,../com3d2data\GameData_20\model_dlc527_2.arc,GameData_20\model_dlc527_2.arc,263958,D13DC3A3,1744
share,../com3d2data\GameData_20\model_dlc528_2.arc,GameData_20\model_dlc528_2.arc,1494027,45D5AB2F,1745
share,../com3d2data\GameData_20\model_dlc536_2.arc,GameData_20\model_dlc536_2.arc,1135095,9F93E2F2,1744
share,../com3d2data\GameData_20\model_dlc543_2.arc,GameData_20\model_dlc543_2.arc,451611,22BFDA92,1747
share,../com3d2data\GameData_20\model_kissevent2017march_2.arc,GameData_20\model_kissevent2017march_2.arc,2481232,88866912,1747
share,../com3d2data\GameData_20\model_oldplus011cloth_2.arc,GameData_20\model_oldplus011cloth_2.arc,204370,BE9D89E8,1745
share,../com3d2data\GameData_20\model_personal_om008_2.arc,GameData_20\model_personal_om008_2.arc,219900,95ED3847,1744
share,../com3d2data\GameData_20\paths.dat,GameData_20\paths.dat,15335,2E63AA64,1833
share,../com3d2data\GameData_20\prioritymaterial.arc,GameData_20\prioritymaterial.arc,454632,967576D1,1836
share,../com3d2data\GameData_20\texture_cas113_2.arc,GameData_20\texture_cas113_2.arc,46625634,E6F2E799,1744
share,../com3d2data\GameData_20\texture_cas139_2.arc,GameData_20\texture_cas139_2.arc,8118853,61331B0E,1744
share,../com3d2data\GameData_20\texture_charaevent_pride_2.arc,GameData_20\texture_charaevent_pride_2.arc,13250,C74EA680,1747
share,../com3d2data\GameData_20\texture_dlc004_2.arc,GameData_20\texture_dlc004_2.arc,4805793,1C7DB786,1744
share,../com3d2data\GameData_20\texture_dlc361_2.arc,GameData_20\texture_dlc361_2.arc,29567498,BD5402B6,1746
share,../com3d2data\GameData_20\texture_dlc363_2.arc,GameData_20\texture_dlc363_2.arc,10616586,1DB6B7B6,1746
share,../com3d2data\GameData_20\texture_dlc377_2.arc,GameData_20\texture_dlc377_2.arc,2633123,5A9C0F72,1744
share,../com3d2data\GameData_20\texture_dlc386_2.arc,GameData_20\texture_dlc386_2.arc,1022408,504C11D3,1744
share,../com3d2data\GameData_20\texture_dlc394_2.arc,GameData_20\texture_dlc394_2.arc,9090,D1A6C15B,1747
share,../com3d2data\GameData_20\texture_dlc405_2.arc,GameData_20\texture_dlc405_2.arc,4522663,AD657DA6,1744
share,../com3d2data\GameData_20\texture_dlc414_2.arc,GameData_20\texture_dlc414_2.arc,8276290,844E9DDA,1744
share,../com3d2data\GameData_20\texture_dlc437_2.arc,GameData_20\texture_dlc437_2.arc,21879766,37D74A80,1744
share,../com3d2data\GameData_20\texture_dlc475_2.arc,GameData_20\texture_dlc475_2.arc,12536480,61782DA5,1744
share,../com3d2data\GameData_20\texture_dlc523_2.arc,GameData_20\texture_dlc523_2.arc,8370,67C77597,1747
share,../com3d2data\GameData_20\texture_dlc526_2.arc,GameData_20\texture_dlc526_2.arc,8210,1462E6A1,1744
share,../com3d2data\GameData_20\texture_dlc536_2.arc,GameData_20\texture_dlc536_2.arc,20742956,B73EA101,1744
share,../com3d2data\GameData_20\texture_dlc545_2.arc,GameData_20\texture_dlc545_2.arc,10562,F3127853,1747
share,../com3d2data\GameData_20\texture_kissevent2017march_2.arc,GameData_20\texture_kissevent2017march_2.arc,79439191,B0244CA0,1747
