0,0,COM3D2x64_Data\Managed\Accessibility.dll,12288,521A42C4,34604
0,0,COM3D2x64_Data\Managed\Assembly-CSharp.dll,6372352,9973FA42,34604
0,0,COM3D2x64_Data\Managed\Assembly-CSharp-firstpass.dll,874496,63519FE8,34604
0,0,COM3D2x64_Data\Managed\BouncyCastle.Crypto.dll,2236416,5A4C4F07,34604
0,0,COM3D2x64_Data\Managed\FoveUnityPlugin.dll,28672,A6EA882B,34604
0,0,COM3D2x64_Data\Managed\ICSharpCode.SharpZipLib.dll,200704,D3160A1C,34604
0,0,COM3D2x64_Data\Managed\Ionic.Zlib.dll,102400,7C9E7DD2,34604
0,0,COM3D2x64_Data\Managed\JsonFx.Json.dll,70144,A0F0CFCB,34604
0,0,COM3D2x64_Data\Managed\LeapCSharp.NET3.5.dll,82432,38E38212,34604
0,0,COM3D2x64_Data\Managed\MagicaCloth.dll,380416,EEFB1E35,34604
0,0,COM3D2x64_Data\Managed\MagicaClothV2.dll,453120,DD8672E8,34604
0,0,COM3D2x64_Data\Managed\MessagePack.Annotations.dll,8192,4ED2DFE3,34604
0,0,COM3D2x64_Data\Managed\MessagePack.dll,331776,778C0193,34604
0,0,COM3D2x64_Data\Managed\Microsoft.NET.StringTools.dll,30336,C3CACDD5,34604
0,0,COM3D2x64_Data\Managed\Mono.Posix.dll,214528,E714DBE5,34604
0,0,COM3D2x64_Data\Managed\Mono.Security.dll,241152,E13CDC4F,34604
0,0,COM3D2x64_Data\Managed\Mono.WebBrowser.dll,166912,DEA873F6,34604
0,0,COM3D2x64_Data\Managed\mscorlib.dll,4631552,C56BEBD6,34604
0,0,COM3D2x64_Data\Managed\netstandard.dll,90112,975FFBBE,34604
0,0,COM3D2x64_Data\Managed\Newtonsoft.Json.dll,691712,8CEF25D0,34604
0,0,COM3D2x64_Data\Managed\System.ComponentModel.Composition.dll,257024,CD6FC8DC,34604
0,0,COM3D2x64_Data\Managed\System.Configuration.dll,124928,EFDF7155,34604
0,0,COM3D2x64_Data\Managed\System.Core.dll,1113088,794737A1,34604
0,0,COM3D2x64_Data\Managed\System.Data.DataSetExtensions.dll,29696,363CF571,34604
0,0,COM3D2x64_Data\Managed\System.Data.dll,2125312,32374B27,34604
0,0,COM3D2x64_Data\Managed\System.dll,2639872,BAFC36A3,34604
0,0,COM3D2x64_Data\Managed\System.Drawing.Design.dll,29696,E7B53FF9,34604
0,0,COM3D2x64_Data\Managed\System.Drawing.dll,489984,194DEA33,34604
0,0,COM3D2x64_Data\Managed\System.EnterpriseServices.dll,44544,F00DC395,34604
0,0,COM3D2x64_Data\Managed\System.IO.Compression.dll,114688,DBEA1F77,34604
0,0,COM3D2x64_Data\Managed\System.IO.Compression.FileSystem.dll,18432,63C90522,34604
0,0,COM3D2x64_Data\Managed\System.IO.Hashing.dll,50488,2F1659E0,34604
0,0,COM3D2x64_Data\Managed\System.Memory.dll,4608,F0BBFFDF,34604
0,0,COM3D2x64_Data\Managed\System.Net.Http.dll,122880,AB522EA5,34604
0,0,COM3D2x64_Data\Managed\System.Numerics.dll,119296,C190A4F5,34604
0,0,COM3D2x64_Data\Managed\System.Runtime.CompilerServices.Unsafe.dll,18024,8C9A1A8B,34604
0,0,COM3D2x64_Data\Managed\System.Runtime.dll,12288,58AE9F48,34604
0,0,COM3D2x64_Data\Managed\System.Runtime.Serialization.dll,934400,FA4E2031,34604
0,0,COM3D2x64_Data\Managed\System.Security.dll,320000,254A33AD,34604
0,0,COM3D2x64_Data\Managed\System.ServiceModel.Internals.dll,215040,81075AAD,34604
0,0,COM3D2x64_Data\Managed\System.Transactions.dll,35328,12E658B2,34604
0,0,COM3D2x64_Data\Managed\System.Windows.Forms.dll,3053568,56394001,34604
0,0,COM3D2x64_Data\Managed\System.Xml.dll,3160064,6F621FF0,34604
0,0,COM3D2x64_Data\Managed\System.Xml.Linq.dll,136704,64AFBAF8,34604
0,0,COM3D2x64_Data\Managed\Unity.AI.Navigation.dll,20480,5DB901F5,34604
0,0,COM3D2x64_Data\Managed\Unity.Burst.dll,304640,48D14704,34604
0,0,COM3D2x64_Data\Managed\Unity.Burst.Unsafe.dll,5632,D504B969,34604
0,0,COM3D2x64_Data\Managed\Unity.Collections.dll,451072,1BE4CE37,34604
0,0,COM3D2x64_Data\Managed\Unity.Collections.LowLevel.ILSupport.dll,5120,254B34EA,34604
0,0,COM3D2x64_Data\Managed\Unity.InputSystem.dll,1128960,4267EC11,34604
0,0,COM3D2x64_Data\Managed\Unity.InputSystem.ForUI.dll,4608,39E8473B,34604
0,0,COM3D2x64_Data\Managed\Unity.Mathematics.dll,752128,FB39F601,34604
0,0,COM3D2x64_Data\Managed\Unity.MemoryProfiler.dll,7168,A238E1FC,34604
0,0,COM3D2x64_Data\Managed\Unity.Profiling.Core.dll,10240,232778E8,34604
0,0,COM3D2x64_Data\Managed\Unity.RenderPipeline.Universal.ShaderLibrary.dll,8704,F8F74F70,34604
0,0,COM3D2x64_Data\Managed\Unity.RenderPipelines.Core.Runtime.dll,532480,21A971B0,34604
0,0,COM3D2x64_Data\Managed\Unity.RenderPipelines.Core.ShaderLibrary.dll,5120,46C80DF7,34604
0,0,COM3D2x64_Data\Managed\Unity.RenderPipelines.ShaderGraph.ShaderGraphLibrary.dll,5120,6701383C,34604
0,0,COM3D2x64_Data\Managed\Unity.RenderPipelines.Universal.2D.Internal.dll,5632,A452DB1E,34604
0,0,COM3D2x64_Data\Managed\Unity.RenderPipelines.Universal.Config.Runtime.dll,5632,9626911A,34604
0,0,COM3D2x64_Data\Managed\Unity.RenderPipelines.Universal.Runtime.dll,787968,726CC248,34604
0,0,COM3D2x64_Data\Managed\Unity.RenderPipelines.Universal.Shaders.dll,5120,766B6FE2,34604
0,0,COM3D2x64_Data\Managed\Unity.TextMeshPro.dll,380928,6F6F9C15,34604
0,0,COM3D2x64_Data\Managed\Unity.Timeline.dll,128000,7B437F96,34604
0,0,COM3D2x64_Data\Managed\Unity.XR.CoreUtils.dll,89088,3DD74E7B,34604
0,0,COM3D2x64_Data\Managed\Unity.XR.Management.dll,17408,7CC322D1,34604
0,0,COM3D2x64_Data\Managed\Unity.XR.OpenXR.dll,175104,E97FE76E,34604
0,0,COM3D2x64_Data\Managed\Unity.XR.OpenXR.Features.ConformanceAutomation.dll,7680,36F60547,34604
0,0,COM3D2x64_Data\Managed\Unity.XR.OpenXR.Features.MetaQuestSupport.dll,5632,FEA1CE0C,34604
0,0,COM3D2x64_Data\Managed\Unity.XR.OpenXR.Features.MockRuntime.dll,10752,A937B775,34604
0,0,COM3D2x64_Data\Managed\Unity.XR.OpenXR.Features.OculusQuestSupport.dll,5632,E1F2B211,34604
0,0,COM3D2x64_Data\Managed\Unity.XR.OpenXR.Features.RuntimeDebugger.dll,6656,99D3D1C7,34604
0,0,COM3D2x64_Data\Managed\UnityEngine.AccessibilityModule.dll,23984,3C33A4A7,34604
0,0,COM3D2x64_Data\Managed\UnityEngine.AIModule.dll,58792,023E7626,34604
0,0,COM3D2x64_Data\Managed\UnityEngine.AndroidJNIModule.dll,95144,01482C31,34604
0,0,COM3D2x64_Data\Managed\UnityEngine.AnimationModule.dll,164272,74D40B07,34604
0,0,COM3D2x64_Data\Managed\UnityEngine.ARModule.dll,21424,1C9C3021,34604
0,0,COM3D2x64_Data\Managed\UnityEngine.AssetBundleModule.dll,33200,2729F0BE,34604
0,0,COM3D2x64_Data\Managed\UnityEngine.AudioModule.dll,71592,84AC5CAC,34604
0,0,COM3D2x64_Data\Managed\UnityEngine.ClothModule.dll,26544,5303D1F9,34604
0,0,COM3D2x64_Data\Managed\UnityEngine.ClusterInputModule.dll,21936,D5513369,34604
0,0,COM3D2x64_Data\Managed\UnityEngine.ClusterRendererModule.dll,22440,EA240EE4,34604
0,0,COM3D2x64_Data\Managed\UnityEngine.ContentLoadModule.dll,27560,1AAC4C2F,34604
0,0,COM3D2x64_Data\Managed\UnityEngine.CoreModule.dll,1393584,8395E488,34604
0,0,COM3D2x64_Data\Managed\UnityEngine.CrashReportingModule.dll,21416,DCE84CFE,34604
0,0,COM3D2x64_Data\Managed\UnityEngine.DirectorModule.dll,25000,9C2EFB7D,34604
0,0,COM3D2x64_Data\Managed\UnityEngine.dll,126896,C144F735,34604
0,0,COM3D2x64_Data\Managed\UnityEngine.DSPGraphModule.dll,29616,51D3A23A,34604
0,0,COM3D2x64_Data\Managed\UnityEngine.GameCenterModule.dll,40368,88170C4D,34604
0,0,COM3D2x64_Data\Managed\UnityEngine.GIModule.dll,20400,4DCDF279,34604
0,0,COM3D2x64_Data\Managed\UnityEngine.GridModule.dll,25520,9CA34B4E,34604
0,0,COM3D2x64_Data\Managed\UnityEngine.HotReloadModule.dll,20400,77E48EEE,34604
0,0,COM3D2x64_Data\Managed\UnityEngine.ImageConversionModule.dll,24496,4C942DD1,34604
0,0,COM3D2x64_Data\Managed\UnityEngine.IMGUIModule.dll,191400,F4929849,34604
0,0,COM3D2x64_Data\Managed\UnityEngine.InputLegacyModule.dll,39336,85D05EAF,34604
0,0,COM3D2x64_Data\Managed\UnityEngine.InputModule.dll,23984,D39C0663,34604
0,0,COM3D2x64_Data\Managed\UnityEngine.JSONSerializeModule.dll,22440,AEEFE8E7,34604
0,0,COM3D2x64_Data\Managed\UnityEngine.LocalizationModule.dll,21416,FF054019,34604
0,0,COM3D2x64_Data\Managed\UnityEngine.NVIDIAModule.dll,34216,458A9FE6,34604
0,0,COM3D2x64_Data\Managed\UnityEngine.ParticleSystemModule.dll,161704,8E49A63F,34604
0,0,COM3D2x64_Data\Managed\UnityEngine.PerformanceReportingModule.dll,20912,4845577B,34604
0,0,COM3D2x64_Data\Managed\UnityEngine.Physics2DModule.dll,141744,CC777DF3,34604
0,0,COM3D2x64_Data\Managed\UnityEngine.PhysicsModule.dll,138664,EFC48F24,34604
0,0,COM3D2x64_Data\Managed\UnityEngine.ProfilerModule.dll,20392,36C53566,34604
0,0,COM3D2x64_Data\Managed\UnityEngine.PropertiesModule.dll,155560,6C8B4651,34604
0,0,COM3D2x64_Data\Managed\UnityEngine.RuntimeInitializeOnLoadManagerInitializerModule.dll,20392,77C2F93D,34604
0,0,COM3D2x64_Data\Managed\UnityEngine.ScreenCaptureModule.dll,21424,6B3D6A64,34604
0,0,COM3D2x64_Data\Managed\UnityEngine.SharedInternalsModule.dll,33192,92E11996,34604
0,0,COM3D2x64_Data\Managed\UnityEngine.SpatialTracking.dll,11776,90D462DD,34604
0,0,COM3D2x64_Data\Managed\UnityEngine.SpriteMaskModule.dll,22440,E8321785,34604
0,0,COM3D2x64_Data\Managed\UnityEngine.SpriteShapeModule.dll,26536,4EC177F0,34604
0,0,COM3D2x64_Data\Managed\UnityEngine.StreamingModule.dll,20912,E85CB39D,34604
0,0,COM3D2x64_Data\Managed\UnityEngine.SubstanceModule.dll,25008,A1D29237,34604
0,0,COM3D2x64_Data\Managed\UnityEngine.SubsystemsModule.dll,35240,77311A6B,34604
0,0,COM3D2x64_Data\Managed\UnityEngine.TerrainModule.dll,101296,6155099F,34604
0,0,COM3D2x64_Data\Managed\UnityEngine.TerrainPhysicsModule.dll,21416,111C8BCA,34604
0,0,COM3D2x64_Data\Managed\UnityEngine.TextCoreFontEngineModule.dll,72616,EC737FB0,34604
0,0,COM3D2x64_Data\Managed\UnityEngine.TextCoreTextEngineModule.dll,249256,C257FC4B,34604
0,0,COM3D2x64_Data\Managed\UnityEngine.TextRenderingModule.dll,39344,5EA0AB61,34604
0,0,COM3D2x64_Data\Managed\UnityEngine.TilemapModule.dll,47024,5A48F0B2,34604
0,0,COM3D2x64_Data\Managed\UnityEngine.TLSModule.dll,27056,35F87DAA,34604
0,0,COM3D2x64_Data\Managed\UnityEngine.UI.dll,265728,3CD9F1A0,34604
0,0,COM3D2x64_Data\Managed\UnityEngine.UIElementsModule.dll,1536424,449C7CA3,34604
0,0,COM3D2x64_Data\Managed\UnityEngine.UIModule.dll,36784,4387CF59,34604
0,0,COM3D2x64_Data\Managed\UnityEngine.UmbraModule.dll,20392,42081088,34604
0,0,COM3D2x64_Data\Managed\UnityEngine.UnityAnalyticsCommonModule.dll,21416,C68AEF7B,34604
0,0,COM3D2x64_Data\Managed\UnityEngine.UnityAnalyticsModule.dll,44976,C4F1ABCB,34604
0,0,COM3D2x64_Data\Managed\UnityEngine.UnityConnectModule.dll,22448,E7A10745,34604
0,0,COM3D2x64_Data\Managed\UnityEngine.UnityCurlModule.dll,21936,A6F3885D,34604
0,0,COM3D2x64_Data\Managed\UnityEngine.UnityTestProtocolModule.dll,20392,930FB553,34604
0,0,COM3D2x64_Data\Managed\UnityEngine.UnityWebRequestAssetBundleModule.dll,23472,8B1F1704,34604
0,0,COM3D2x64_Data\Managed\UnityEngine.UnityWebRequestAudioModule.dll,22952,423F90E9,34604
0,0,COM3D2x64_Data\Managed\UnityEngine.UnityWebRequestModule.dll,58792,3FD74CA0,34604
0,0,COM3D2x64_Data\Managed\UnityEngine.UnityWebRequestTextureModule.dll,21936,B74AEFF0,34604
0,0,COM3D2x64_Data\Managed\UnityEngine.UnityWebRequestWWWModule.dll,31656,50CE5BD6,34604
0,0,COM3D2x64_Data\Managed\UnityEngine.VehiclesModule.dll,24496,B14D2EA8,34604
0,0,COM3D2x64_Data\Managed\UnityEngine.VFXModule.dll,58800,2D09FE04,34604
0,0,COM3D2x64_Data\Managed\UnityEngine.VideoModule.dll,41384,E827C805,34604
0,0,COM3D2x64_Data\Managed\UnityEngine.VirtualTexturingModule.dll,36264,35C1934F,34604
0,0,COM3D2x64_Data\Managed\UnityEngine.VRModule.dll,27056,349C7D41,34604
0,0,COM3D2x64_Data\Managed\UnityEngine.WindModule.dll,21416,3FE7AAE0,34604
0,0,COM3D2x64_Data\Managed\UnityEngine.XR.LegacyInputHelpers.dll,23552,1F604967,34604
0,0,COM3D2x64_Data\Managed\UnityEngine.XRModule.dll,71080,C0FA6272,34604
0,0,COM3D2x64_Data\Managed\Win32.dll,13312,7781C2A2,34604
0,0,COM3D2x64_Data\Managed\zxing.unity.dll,430592,9FD1F198,34604
0,0,COM3D2x64_Data\Plugins\x86_64\assimp.dll,4388864,7C910D84,34604
0,0,COM3D2x64_Data\Plugins\x86_64\Audio360.dll,1956352,0D4B8E9D,34604
0,0,COM3D2x64_Data\Plugins\x86_64\AVProVideo.dll,886272,278352F0,34604
0,0,COM3D2x64_Data\Plugins\x86_64\clothpp.dll,112128,7C3264A4,34604
0,0,COM3D2x64_Data\Plugins\x86_64\cm3d2.dll,2265088,CA67D1AD,34604
0,0,COM3D2x64_Data\Plugins\x86_64\device_hook.dll,738816,F61E7CED,34604
0,0,COM3D2x64_Data\Plugins\x86_64\FbxExporterCore.dll,12491776,CBAA51C1,34604
0,0,COM3D2x64_Data\Plugins\x86_64\FoveClient.dll,1849384,58C8B4F6,34604
0,0,COM3D2x64_Data\Plugins\x86_64\LeapC.dll,2516992,FBDD3767,34604
0,0,COM3D2x64_Data\Plugins\x86_64\lib_burst_generated.dll,948736,8D1ABBFE,34604
0,0,COM3D2x64_Data\Plugins\x86_64\openvr_api.dll,318272,44432E0F,34604
0,0,COM3D2x64_Data\Plugins\x86_64\openxr_loader.dll,2036224,E575B607,34604
0,0,COM3D2x64_Data\Plugins\x86_64\OVRGamepad.dll,12800,2C526135,34604
0,0,COM3D2x64_Data\Plugins\x86_64\OVRLipSync.dll,2512296,391C1F4C,34604
0,0,COM3D2x64_Data\Plugins\x86_64\UnityOpenXR.dll,831488,5149404B,34604
0,0,COM3D2x64_Data\Plugins\x86_64\Win32-WebView.dll,504832,382AEE66,34604
0,0,COM3D2x64_Data\Resources\unity default resources,1564240,3770D3F6,34604
0,0,COM3D2x64_Data\Resources\unity_builtin_extra,428296,672A45D0,34604
0,0,COM3D2x64_Data\UnitySubsystems\UnityOpenXR\UnitySubsystemsManifest.json,334,EA0D329E,34604
0,0,COM3D2x64_Data\app.info,27,F9A266E7,34604
0,0,COM3D2x64_Data\boot.config,128,702E0051,34604
0,0,COM3D2x64_Data\globalgamemanagers,5404404,CA6DFE2D,34604
0,0,COM3D2x64_Data\globalgamemanagers.assets,453368,40B997B1,34604
0,0,COM3D2x64_Data\globalgamemanagers.assets.resS,2796240,F6707524,34604
0,0,COM3D2x64_Data\level0,362852,98174F23,34604
0,0,COM3D2x64_Data\level1,385788,855C1D98,34604
0,0,COM3D2x64_Data\level2,381452,C2A581F6,34604
0,0,COM3D2x64_Data\level3,1274812,24953BD3,34604
0,0,COM3D2x64_Data\level4,1312524,208AE6BE,34604
0,0,COM3D2x64_Data\level5,1359900,FD8BF5FC,34604
0,0,COM3D2x64_Data\level6,364884,0733F59F,34604
0,0,COM3D2x64_Data\level7,1099036,CF394138,34604
0,0,COM3D2x64_Data\level8,396468,AF776A65,34604
0,0,COM3D2x64_Data\level9,465508,A7925490,34604
0,0,COM3D2x64_Data\level10,390252,BD54F000,34604
0,0,COM3D2x64_Data\level11,363380,DE9E8022,34604
0,0,COM3D2x64_Data\level12,476180,8EEBC720,34604
0,0,COM3D2x64_Data\level13,367588,B4EE1DD1,34604
0,0,COM3D2x64_Data\level14,916636,6AF7937C,34604
0,0,COM3D2x64_Data\level15,4996,BC2F7A8E,34604
0,0,COM3D2x64_Data\level16,365372,54A82FD8,34604
0,0,COM3D2x64_Data\level17,1192,6959642B,34604
0,0,COM3D2x64_Data\level18,382172,97A7BA13,34604
0,0,COM3D2x64_Data\level19,371932,5A2DA69D,34604
0,0,COM3D2x64_Data\level20,1050460,FF2DCB2B,34604
0,0,COM3D2x64_Data\level21,469828,8A3C7C6E,34604
0,0,COM3D2x64_Data\level22,1180380,7E820BD2,34604
0,0,COM3D2x64_Data\level23,448700,E2335DBC,34604
0,0,COM3D2x64_Data\level24,714556,E10B962F,34604
0,0,COM3D2x64_Data\level25,386244,0D4468B3,34604
0,0,COM3D2x64_Data\level26,2246572,1B8976DF,34604
0,0,COM3D2x64_Data\level27,1210764,35D28860,34604
0,0,COM3D2x64_Data\level28,386244,A649865E,34604
0,0,COM3D2x64_Data\level29,1183556,971DAA79,34604
0,0,COM3D2x64_Data\level30,378644,D7707823,34604
0,0,COM3D2x64_Data\level31,488244,DB0200B7,34604
0,0,COM3D2x64_Data\level32,29832,1D446F55,34604
0,0,COM3D2x64_Data\level32.resS,131232,DEC6292A,34604
0,0,COM3D2x64_Data\level33,58924,0F47E6EA,34604
0,0,COM3D2x64_Data\level34,64856,26ADD5F0,34604
0,0,COM3D2x64_Data\level35,4032,A84010B1,34604
0,0,COM3D2x64_Data\level36,363772,354CDA7A,34604
0,0,COM3D2x64_Data\level37,1686780,9E1B694A,34604
0,0,COM3D2x64_Data\level38,1541100,EC9B4573,34604
0,0,COM3D2x64_Data\level39,1562964,A96C563E,34604
0,0,COM3D2x64_Data\level40,461700,106C881B,34604
0,0,COM3D2x64_Data\level41,420684,D6339B04,34604
0,0,COM3D2x64_Data\level42,462436,D6E44112,34604
0,0,COM3D2x64_Data\level43,1454332,D664FD0E,34604
0,0,COM3D2x64_Data\level44,1524524,192C0941,34604
0,0,COM3D2x64_Data\level45,1652140,BEF4C147,34604
0,0,COM3D2x64_Data\level46,457476,9549ECA4,34604
0,0,COM3D2x64_Data\level47,411820,6F165AFE,34604
0,0,COM3D2x64_Data\level48,463508,5D95773E,34604
0,0,COM3D2x64_Data\level49,430860,B0900487,34604
0,0,COM3D2x64_Data\level50,1481180,1FA3A74B,34604
0,0,COM3D2x64_Data\level51,414788,082014F4,34604
0,0,COM3D2x64_Data\level52,712852,6D96DA17,34604
0,0,COM3D2x64_Data\level53,655316,50279DB1,34604
0,0,COM3D2x64_Data\level54,387636,D96F92BC,34604
0,0,COM3D2x64_Data\level55,1380484,2FBDDC52,34604
0,0,COM3D2x64_Data\level56,1123372,D6E157F2,34604
0,0,COM3D2x64_Data\level57,1130732,E1FF123F,34604
0,0,COM3D2x64_Data\level58,1380484,53EC616C,34604
0,0,COM3D2x64_Data\level59,1260804,02878D36,34604
0,0,COM3D2x64_Data\level60,1042068,0B9FC436,34604
0,0,COM3D2x64_Data\level61,1337668,E844921D,34604
0,0,COM3D2x64_Data\level62,1441564,93963570,34604
0,0,COM3D2x64_Data\level63,730412,406149A9,34604
0,0,COM3D2x64_Data\level64,1015124,4B7CAC64,34604
0,0,COM3D2x64_Data\level65,440908,30A25F23,34604
0,0,COM3D2x64_Data\level66,437180,76FDFC02,34604
0,0,COM3D2x64_Data\level67,481924,E5EBF384,34604
0,0,COM3D2x64_Data\level68,504692,6647A149,34604
0,0,COM3D2x64_Data\level69,431172,B8D2BB65,34604
0,0,COM3D2x64_Data\level70,492740,7C0C9B3A,34604
0,0,COM3D2x64_Data\level71,1142196,48D8576D,34604
0,0,COM3D2x64_Data\level72,1061060,F81EC31A,34604
0,0,COM3D2x64_Data\level73,485108,156171CA,34604
0,0,COM3D2x64_Data\level74,507828,1E139D3C,34604
0,0,COM3D2x64_Data\level75,498164,0F58D437,34604
0,0,COM3D2x64_Data\level76,1142180,9F3B4243,34604
0,0,COM3D2x64_Data\level77,1104356,46C638AA,34604
0,0,COM3D2x64_Data\level78,490996,8DB61260,34604
0,0,COM3D2x64_Data\level79,475164,AA567C48,34604
0,0,COM3D2x64_Data\level80,456316,F15564AE,34604
0,0,COM3D2x64_Data\level81,392628,1CB0F414,34604
0,0,COM3D2x64_Data\level82,1491372,762359D6,34604
0,0,COM3D2x64_Data\level83,1430460,47CDB1C7,34604
0,0,COM3D2x64_Data\level84,547732,F0853833,34604
0,0,COM3D2x64_Data\level85,439332,FDED9E9C,34604
0,0,COM3D2x64_Data\level86,1370564,24CB4296,34604
0,0,COM3D2x64_Data\level87,1069332,5EEA9062,34604
0,0,COM3D2x64_Data\level88,1548196,BAC3ECC1,34604
0,0,COM3D2x64_Data\level89,1488636,AEDE1C03,34604
0,0,COM3D2x64_Data\level90,1686796,BBE1716D,34604
0,0,COM3D2x64_Data\level91,1652156,535A9BC2,34604
0,0,COM3D2x64_Data\level92,1488980,78405BB3,34604
0,0,COM3D2x64_Data\level93,1454340,1E07D0D2,34604
0,0,COM3D2x64_Data\level94,452716,82C04EF4,34604
0,0,COM3D2x64_Data\level95,442892,0C75B39C,34604
0,0,COM3D2x64_Data\level96,1124820,D3BCE274,34604
0,0,COM3D2x64_Data\level97,918748,DB54E32E,34604
0,0,COM3D2x64_Data\level98,1024804,CFA08D2F,34604
0,0,COM3D2x64_Data\level99,915804,E84E7A57,34604
0,0,COM3D2x64_Data\level100,1124364,747788D2,34604
0,0,COM3D2x64_Data\level101,1823764,6C1F435B,34604
0,0,COM3D2x64_Data\level102,1774236,A265599B,34604
0,0,COM3D2x64_Data\level103,1212060,847C152F,34604
0,0,COM3D2x64_Data\level104,1155588,7122BE3A,34604
0,0,COM3D2x64_Data\level105,1634724,907FD0C0,34604
0,0,COM3D2x64_Data\level106,1739508,38BE1382,34604
0,0,COM3D2x64_Data\level107,1153324,089CD8D6,34604
0,0,COM3D2x64_Data\level108,1062660,D9829F6D,34604
0,0,COM3D2x64_Data\level109,1810724,52A47185,34604
0,0,COM3D2x64_Data\level110,1698628,96008E7F,34604
0,0,COM3D2x64_Data\level111,515108,76DCCFCC,34604
0,0,COM3D2x64_Data\level112,535412,A283F6C3,34604
0,0,COM3D2x64_Data\level113,626140,232E873B,34604
0,0,COM3D2x64_Data\level114,563084,25B2704A,34604
0,0,COM3D2x64_Data\level114.resS,131232,F174E031,34604
0,0,COM3D2x64_Data\level115,510012,EC82876F,34604
0,0,COM3D2x64_Data\level116,624252,03E3E324,34604
0,0,COM3D2x64_Data\level117,533932,2A7D165A,34604
0,0,COM3D2x64_Data\level118,1867932,EA63F476,34604
0,0,COM3D2x64_Data\level119,1592420,7D84BC5D,34604
0,0,COM3D2x64_Data\level120,1403220,394B2EBA,34604
0,0,COM3D2x64_Data\level121,1246764,C7EFBD20,34604
0,0,COM3D2x64_Data\level122,1340476,BC00A93A,34604
0,0,COM3D2x64_Data\level123,1537052,EEA4D8EA,34604
0,0,COM3D2x64_Data\level124,1436292,911A2C6B,34604
0,0,COM3D2x64_Data\level125,1006676,1A9F6419,34604
0,0,COM3D2x64_Data\level126,606556,5C4562EF,34604
0,0,COM3D2x64_Data\level127,1077844,20E63CE6,34604
0,0,COM3D2x64_Data\level128,994980,5D62DC8F,34604
0,0,COM3D2x64_Data\level129,361620,854B024A,34604
0,0,COM3D2x64_Data\level130,766404,52F09903,34604
0,0,COM3D2x64_Data\level131,1008372,56EA62CA,34604
0,0,COM3D2x64_Data\level132,969692,3C9BAA6D,34604
0,0,COM3D2x64_Data\level133,950220,885FD7B0,34604
0,0,COM3D2x64_Data\level134,439428,F60A712C,34604
0,0,COM3D2x64_Data\level135,924164,A6F23BFC,34604
0,0,COM3D2x64_Data\level136,579836,893A3F79,34604
0,0,COM3D2x64_Data\level137,584148,64E83802,34604
0,0,COM3D2x64_Data\level138,610180,123C7776,34604
0,0,COM3D2x64_Data\level139,608532,5B2467C7,34604
0,0,COM3D2x64_Data\level140,610316,784C7504,34604
0,0,COM3D2x64_Data\level141,612756,24A7BABC,34604
0,0,COM3D2x64_Data\level142,544620,D98E5C18,34604
0,0,COM3D2x64_Data\level143,548948,593416EA,34604
0,0,COM3D2x64_Data\level144,573812,80DA528A,34604
0,0,COM3D2x64_Data\level145,605220,9CDBC45A,34604
0,0,COM3D2x64_Data\level146,574956,BCDAC9DE,34604
0,0,COM3D2x64_Data\level147,578028,E1CEBBB4,34604
0,0,COM3D2x64_Data\level148,566828,A8C717B4,34604
0,0,COM3D2x64_Data\level149,606340,72F25E6B,34604
0,0,COM3D2x64_Data\level150,470084,046C91D3,34604
0,0,COM3D2x64_Data\level151,370324,41745F45,34604
0,0,COM3D2x64_Data\level152,458844,3CF8D5FE,34604
0,0,COM3D2x64_Data\level152.resS,131232,F174E031,34604
0,0,COM3D2x64_Data\level153,1100188,BC0CF76C,34604
0,0,COM3D2x64_Data\level154,1507740,BAB2A27D,34604
0,0,COM3D2x64_Data\level155,419940,92FB80BC,34604
0,0,COM3D2x64_Data\level156,456436,870BA153,34604
0,0,COM3D2x64_Data\level157,466588,5B6AFD22,34604
0,0,COM3D2x64_Data\resources.assets,529332844,C4C1A04E,34604
0,0,COM3D2x64_Data\resources.assets.resS,2073195648,5811A673,34604
0,0,COM3D2x64_Data\resources.resource,1348992,64168176,34604
0,0,COM3D2x64_Data\RuntimeInitializeOnLoads.json,5033,28107410,34604
0,0,COM3D2x64_Data\ScriptingAssemblies.json,4320,117970F4,34604
0,0,COM3D2x64_Data\sharedassets0.assets,31770932,9CC26636,34604
0,0,COM3D2x64_Data\sharedassets0.assets.resS,28071648,6B7564F2,34604
0,0,COM3D2x64_Data\sharedassets1.assets,2301,7F62D6A5,34604
0,0,COM3D2x64_Data\sharedassets2.assets,2337,AEA7EB8E,34604
0,0,COM3D2x64_Data\sharedassets3.assets,4305,3C50B550,34604
0,0,COM3D2x64_Data\sharedassets4.assets,9009,F5D59C74,34604
0,0,COM3D2x64_Data\sharedassets5.assets,3333,6D223489,34604
0,0,COM3D2x64_Data\sharedassets6.assets,2205,3E8B3953,34604
0,0,COM3D2x64_Data\sharedassets7.assets,3057,F0E84EB1,34604
0,0,COM3D2x64_Data\sharedassets8.assets,2193,B718394D,34604
0,0,COM3D2x64_Data\sharedassets9.assets,3201,C5B0C8C4,34604
0,0,COM3D2x64_Data\sharedassets10.assets,2137,2209F82A,34604
0,0,COM3D2x64_Data\sharedassets11.assets,2133,0CF9F312,34604
0,0,COM3D2x64_Data\sharedassets12.assets,2541,0E6F7229,34604
0,0,COM3D2x64_Data\sharedassets13.assets,2325,E56213CA,34604
0,0,COM3D2x64_Data\sharedassets14.assets,2961,ACA28173,34604
0,0,COM3D2x64_Data\sharedassets15.assets,553,0CCC5323,34604
0,0,COM3D2x64_Data\sharedassets16.assets,2193,4FD75FE3,34604
0,0,COM3D2x64_Data\sharedassets17.assets,277,28EBD054,34604
0,0,COM3D2x64_Data\sharedassets18.assets,2877,5782B628,34604
0,0,COM3D2x64_Data\sharedassets19.assets,2277,0C5E9EEC,34604
0,0,COM3D2x64_Data\sharedassets20.assets,8841,C95046BD,34604
0,0,COM3D2x64_Data\sharedassets21.assets,2373,5AE6961B,34604
0,0,COM3D2x64_Data\sharedassets22.assets,8877,30AE182C,34604
0,0,COM3D2x64_Data\sharedassets23.assets,2361,C124585E,34604
0,0,COM3D2x64_Data\sharedassets24.assets,2421,13F6A8D9,34604
0,0,COM3D2x64_Data\sharedassets25.assets,2413,B0CF4FDC,34604
0,0,COM3D2x64_Data\sharedassets26.assets,3153,21D81043,34604
0,0,COM3D2x64_Data\sharedassets27.assets,8853,3E836D7E,34604
0,0,COM3D2x64_Data\sharedassets28.assets,2405,A120372E,34604
0,0,COM3D2x64_Data\sharedassets29.assets,8853,3E836D7E,34604
0,0,COM3D2x64_Data\sharedassets30.assets,2125,27A9AE35,34604
0,0,COM3D2x64_Data\sharedassets31.assets,2648,E25AE523,34604
0,0,COM3D2x64_Data\sharedassets32.assets,10456,EEF2EEE9,34604
0,0,COM3D2x64_Data\sharedassets33.assets,597,A1523E9B,34604
0,0,COM3D2x64_Data\sharedassets34.assets,501,D573746D,34604
0,0,COM3D2x64_Data\sharedassets35.assets,505,A0BD97ED,34604
0,0,COM3D2x64_Data\sharedassets36.assets,2137,FC4E165F,34604
0,0,COM3D2x64_Data\sharedassets37.assets,8841,CC2121F0,34604
0,0,COM3D2x64_Data\sharedassets38.assets,8841,6236475B,34604
0,0,COM3D2x64_Data\sharedassets39.assets,8841,4071075B,34604
0,0,COM3D2x64_Data\sharedassets40.assets,3201,BE23FD11,34604
0,0,COM3D2x64_Data\sharedassets41.assets,2961,DEED8503,34604
0,0,COM3D2x64_Data\sharedassets42.assets,3381,D91889D8,34604
0,0,COM3D2x64_Data\sharedassets43.assets,5565,F5F9D2B5,34604
0,0,COM3D2x64_Data\sharedassets44.assets,5673,0F0812F4,34604
0,0,COM3D2x64_Data\sharedassets45.assets,5661,B1BA65C8,34604
0,0,COM3D2x64_Data\sharedassets46.assets,4653,3DB1F12A,34604
0,0,COM3D2x64_Data\sharedassets47.assets,2601,ED758E38,34604
0,0,COM3D2x64_Data\sharedassets48.assets,4389,536C92A0,34604
0,0,COM3D2x64_Data\sharedassets49.assets,800316,F1E374AA,34604
0,0,COM3D2x64_Data\sharedassets49.assets.resS,6507040,06B77963,34604
0,0,COM3D2x64_Data\sharedassets50.assets,8841,9FE6DEDE,34604
0,0,COM3D2x64_Data\sharedassets51.assets,2601,97424473,34604
0,0,COM3D2x64_Data\sharedassets52.assets,2865,794A78AD,34604
0,0,COM3D2x64_Data\sharedassets53.assets,2769,5024E451,34604
0,0,COM3D2x64_Data\sharedassets54.assets,2149,2760F5CF,34604
0,0,COM3D2x64_Data\sharedassets55.assets,8925,AC5FBD55,34604
0,0,COM3D2x64_Data\sharedassets56.assets,5433,BE98203B,34604
0,0,COM3D2x64_Data\sharedassets57.assets,5469,D9C2C756,34604
0,0,COM3D2x64_Data\sharedassets58.assets,8925,AC5FBD55,34604
0,0,COM3D2x64_Data\sharedassets59.assets,5625,1361EF96,34604
0,0,COM3D2x64_Data\sharedassets60.assets,5493,86EB9F3F,34604
0,0,COM3D2x64_Data\sharedassets61.assets,5637,60C9A18A,34604
0,0,COM3D2x64_Data\sharedassets62.assets,5673,0F0812F4,34604
0,0,COM3D2x64_Data\sharedassets63.assets,2697,DC787579,34604
0,0,COM3D2x64_Data\sharedassets64.assets,5661,B1BA65C8,34604
0,0,COM3D2x64_Data\sharedassets65.assets,6450,D0475EF1,34604
0,0,COM3D2x64_Data\sharedassets65.assets.resS,87408,84350FBB,34604
0,0,COM3D2x64_Data\sharedassets65.resource,41406086,938147B5,34604
0,0,COM3D2x64_Data\sharedassets66.assets,3362,0E17E487,34604
0,0,COM3D2x64_Data\sharedassets66.resource,36841226,318CE5DA,34604
0,0,COM3D2x64_Data\sharedassets67.assets,3322,847E39BF,34604
0,0,COM3D2x64_Data\sharedassets67.resource,32680665,5F8810A9,34604
0,0,COM3D2x64_Data\sharedassets68.assets,17266,EF2045B7,34604
0,0,COM3D2x64_Data\sharedassets68.assets.resS,174784,C6783C52,34604
0,0,COM3D2x64_Data\sharedassets68.resource,35964702,CC2B1BFE,34604
0,0,COM3D2x64_Data\sharedassets69.assets,3346,EE44BFB6,34604
0,0,COM3D2x64_Data\sharedassets69.resource,40585017,61D6AACB,34604
0,0,COM3D2x64_Data\sharedassets70.assets,3562,829DD82C,34604
0,0,COM3D2x64_Data\sharedassets70.resource,38610538,C2CDB3C3,34604
0,0,COM3D2x64_Data\sharedassets71.assets,3014356,F312DF28,34604
0,0,COM3D2x64_Data\sharedassets71.assets.resS,611744,E0F83BD4,34604
0,0,COM3D2x64_Data\sharedassets72.assets,5769,944BE8E1,34604
0,0,COM3D2x64_Data\sharedassets73.assets,2697,B7B35A33,34604
0,0,COM3D2x64_Data\sharedassets74.assets,2697,B7B35A33,34604
0,0,COM3D2x64_Data\sharedassets75.assets,2697,B7B35A33,34604
0,0,COM3D2x64_Data\sharedassets76.assets,8853,861EAE0E,34604
0,0,COM3D2x64_Data\sharedassets77.assets,5673,31420157,34604
0,0,COM3D2x64_Data\sharedassets78.assets,2613,2FC80D9C,34604
0,0,COM3D2x64_Data\sharedassets79.assets,55760,3F5FA954,34604
0,0,COM3D2x64_Data\sharedassets79.assets.resS,174784,F8E8E9F8,34604
0,0,COM3D2x64_Data\sharedassets80.assets,2625,AB15EFBF,34604
0,0,COM3D2x64_Data\sharedassets81.assets,2769,AA9F5CDF,34604
0,0,COM3D2x64_Data\sharedassets82.assets,756768,AC4C722A,34604
0,0,COM3D2x64_Data\sharedassets82.assets.resS,1310896,5596E62C,34604
0,0,COM3D2x64_Data\sharedassets82.resource,1657856,B35361D0,34604
0,0,COM3D2x64_Data\sharedassets83.assets,5541,1290B036,34604
0,0,COM3D2x64_Data\sharedassets84.assets,3415164,75756508,34604
0,0,COM3D2x64_Data\sharedassets84.assets.resS,6226160,5BDA7B19,34604
0,0,COM3D2x64_Data\sharedassets85.assets,2649,2DC48054,34604
0,0,COM3D2x64_Data\sharedassets86.assets,10101,5B89026C,34604
0,0,COM3D2x64_Data\sharedassets87.assets,5661,B1BA65C8,34604
0,0,COM3D2x64_Data\sharedassets88.assets,8877,BE43D10A,34604
0,0,COM3D2x64_Data\sharedassets89.assets,5661,ADF60E28,34604
0,0,COM3D2x64_Data\sharedassets90.assets,8841,CC2121F0,34604
0,0,COM3D2x64_Data\sharedassets91.assets,5661,B1BA65C8,34604
0,0,COM3D2x64_Data\sharedassets92.assets,8877,BE43D10A,34604
0,0,COM3D2x64_Data\sharedassets93.assets,6609,C8EBBA0E,34604
0,0,COM3D2x64_Data\sharedassets94.assets,2973,FBB99A8A,34604
0,0,COM3D2x64_Data\sharedassets95.assets,2481,D909B789,34604
0,0,COM3D2x64_Data\sharedassets96.assets,7876,006FF4BA,34604
0,0,COM3D2x64_Data\sharedassets96.resource,2729248,FCB8D689,34604
0,0,COM3D2x64_Data\sharedassets97.assets,7689,40BAE50F,34604
0,0,COM3D2x64_Data\sharedassets98.assets,4389,900BEB6C,34604
0,0,COM3D2x64_Data\sharedassets99.assets,3753,7A414176,34604
0,0,COM3D2x64_Data\sharedassets100.assets,352924,66E4E876,34604
0,0,COM3D2x64_Data\sharedassets100.assets.resS,2272064,E37F670D,34604
0,0,COM3D2x64_Data\sharedassets100.resource,6236928,E2AEF877,34604
0,0,COM3D2x64_Data\sharedassets101.assets,6568072,F484BD3A,34604
0,0,COM3D2x64_Data\sharedassets101.assets.resS,10944,57B9B85D,34604
0,0,COM3D2x64_Data\sharedassets101.resource,2053248,CCA7A7B1,34604
0,0,COM3D2x64_Data\sharedassets102.assets,6525,A572AA19,34604
0,0,COM3D2x64_Data\sharedassets103.assets,8985,A71390BF,34604
0,0,COM3D2x64_Data\sharedassets104.assets,5781,6A6A2494,34604
0,0,COM3D2x64_Data\sharedassets105.assets,5956,CE08AD1A,34604
0,0,COM3D2x64_Data\sharedassets105.resource,1239072,9EF23F8B,34604
0,0,COM3D2x64_Data\sharedassets106.assets,9189,C016A72B,34604
0,0,COM3D2x64_Data\sharedassets107.assets,9045,6D654C18,34604
0,0,COM3D2x64_Data\sharedassets108.assets,5721,E4CA4A67,34604
0,0,COM3D2x64_Data\sharedassets109.assets,9540,6818359D,34604
0,0,COM3D2x64_Data\sharedassets109.resource,1500320,468304E6,34604
0,0,COM3D2x64_Data\sharedassets110.assets,6081,E519D31C,34604
0,0,COM3D2x64_Data\sharedassets111.assets,2853,3B111249,34604
0,0,COM3D2x64_Data\sharedassets112.assets,2853,3B111249,34604
0,0,COM3D2x64_Data\sharedassets113.assets,2769,6582D71B,34604
0,0,COM3D2x64_Data\sharedassets114.assets,2433,13E835E7,34604
0,0,COM3D2x64_Data\sharedassets115.assets,2769,6582D71B,34604
0,0,COM3D2x64_Data\sharedassets116.assets,2865,CDF5CC87,34604
0,0,COM3D2x64_Data\sharedassets117.assets,2769,6582D71B,34604
0,0,COM3D2x64_Data\sharedassets118.assets,9021,DA39AE9D,34604
0,0,COM3D2x64_Data\sharedassets119.assets,5709,3BCF8D4F,34604
0,0,COM3D2x64_Data\sharedassets120.assets,393656,EC6CFE4D,34604
0,0,COM3D2x64_Data\sharedassets120.assets.resS,2184656,EE6A6E48,34604
0,0,COM3D2x64_Data\sharedassets121.assets,5940,6BB3F991,34604
0,0,COM3D2x64_Data\sharedassets121.resource,2752064,01AB8E9E,34604
0,0,COM3D2x64_Data\sharedassets122.assets,9117,7A2155A8,34604
0,0,COM3D2x64_Data\sharedassets123.assets,9105,6DF8E8A5,34604
0,0,COM3D2x64_Data\sharedassets124.assets,5781,0E7DF7E5,34604
0,0,COM3D2x64_Data\sharedassets125.assets,3316,A6D353C6,34604
0,0,COM3D2x64_Data\sharedassets125.resource,6331360,376DAB75,34604
0,0,COM3D2x64_Data\sharedassets126.assets,3189,E6CF4F14,34604
0,0,COM3D2x64_Data\sharedassets127.assets,83284,00B200B7,34604
0,0,COM3D2x64_Data\sharedassets127.resource,8838560,027F254D,34604
0,0,COM3D2x64_Data\sharedassets128.assets,4341,1C6ABD53,34604
0,0,COM3D2x64_Data\sharedassets129.assets,2077,32D677E1,34604
0,0,COM3D2x64_Data\sharedassets130.assets,3933,162E5A8F,34604
0,0,COM3D2x64_Data\sharedassets131.assets,7425,28807B4B,34604
0,0,COM3D2x64_Data\sharedassets132.assets,4233,AC5B1299,34604
0,0,COM3D2x64_Data\sharedassets133.assets,613456,93DAD6CA,34604
0,0,COM3D2x64_Data\sharedassets133.assets.resS,6138656,2613FE39,34604
0,0,COM3D2x64_Data\sharedassets134.assets,2649,E5F5A110,34604
0,0,COM3D2x64_Data\sharedassets135.assets,3213,73E08122,34604
0,0,COM3D2x64_Data\sharedassets136.assets,3117,8B140B3C,34604
0,0,COM3D2x64_Data\sharedassets137.assets,3117,8B140B3C,34604
0,0,COM3D2x64_Data\sharedassets138.assets,3117,8B140B3C,34604
0,0,COM3D2x64_Data\sharedassets139.assets,3117,8B140B3C,34604
0,0,COM3D2x64_Data\sharedassets140.assets,3117,8B140B3C,34604
0,0,COM3D2x64_Data\sharedassets141.assets,3117,8B140B3C,34604
0,0,COM3D2x64_Data\sharedassets142.assets,2769,6582D71B,34604
0,0,COM3D2x64_Data\sharedassets143.assets,2769,6582D71B,34604
0,0,COM3D2x64_Data\sharedassets144.assets,2769,6582D71B,34604
0,0,COM3D2x64_Data\sharedassets145.assets,2769,6582D71B,34604
0,0,COM3D2x64_Data\sharedassets146.assets,2769,6582D71B,34604
0,0,COM3D2x64_Data\sharedassets147.assets,2769,6582D71B,34604
0,0,COM3D2x64_Data\sharedassets148.assets,2769,6582D71B,34604
0,0,COM3D2x64_Data\sharedassets149.assets,3117,8B140B3C,34604
0,0,COM3D2x64_Data\sharedassets150.assets,2493,DBA0533C,34604
0,0,COM3D2x64_Data\sharedassets151.assets,2205,16B539E7,34604
0,0,COM3D2x64_Data\sharedassets152.assets,3477,AED136D2,34604
0,0,COM3D2x64_Data\sharedassets153.assets,210016,3FC5E2F9,34604
0,0,COM3D2x64_Data\sharedassets153.assets.resS,174784,F8825DB8,34604
0,0,COM3D2x64_Data\sharedassets154.assets,6588,2EB746F0,34604
0,0,COM3D2x64_Data\sharedassets155.assets,2493,E637F16F,34604
0,0,COM3D2x64_Data\sharedassets156.assets,2493,C5CB2839,34604
0,0,COM3D2x64_Data\sharedassets157.assets,2613,C805D5FC,34604
0,0,MonoBleedingEdge\EmbedRuntime\mono-2.0-bdwgc.dll,7897520,FE7710D9,34604
0,0,MonoBleedingEdge\EmbedRuntime\MonoPosixHelper.dll,611240,4AE2D700,34604
0,0,MonoBleedingEdge\etc\mono\2.0\Browsers\Compat.browser,1605,2E178A0B,34604
0,0,MonoBleedingEdge\etc\mono\2.0\DefaultWsdlHelpGenerator.aspx,60575,95F9D0B4,34604
0,0,MonoBleedingEdge\etc\mono\2.0\machine.config,29066,42543B8B,34604
0,0,MonoBleedingEdge\etc\mono\2.0\settings.map,2622,AD5340F9,34604
0,0,MonoBleedingEdge\etc\mono\2.0\web.config,11635,1A75EBAD,34604
0,0,MonoBleedingEdge\etc\mono\4.0\Browsers\Compat.browser,1605,2E178A0B,34604
0,0,MonoBleedingEdge\etc\mono\4.0\DefaultWsdlHelpGenerator.aspx,60575,95F9D0B4,34604
0,0,MonoBleedingEdge\etc\mono\4.0\machine.config,33598,86F603C4,34604
0,0,MonoBleedingEdge\etc\mono\4.0\settings.map,2622,DC24A240,34604
0,0,MonoBleedingEdge\etc\mono\4.0\web.config,18802,36D8BA3E,34604
0,0,MonoBleedingEdge\etc\mono\4.5\Browsers\Compat.browser,1605,2E178A0B,34604
0,0,MonoBleedingEdge\etc\mono\4.5\DefaultWsdlHelpGenerator.aspx,60575,95F9D0B4,34604
0,0,MonoBleedingEdge\etc\mono\4.5\machine.config,34056,C446A9EB,34604
0,0,MonoBleedingEdge\etc\mono\4.5\settings.map,2622,DC24A240,34604
0,0,MonoBleedingEdge\etc\mono\4.5\web.config,18811,4F48BC13,34604
0,0,MonoBleedingEdge\etc\mono\mconfig\config.xml,25817,80B2033A,34604
0,0,MonoBleedingEdge\etc\mono\browscap.ini,311984,CE6C0AB3,34604
0,0,MonoBleedingEdge\etc\mono\config,3815,88FA6D93,34604
0,0,COM3D2x64.exe,666624,F3BC2450,34604
0,0,UnityCrashHandler64.exe,1185192,C66B68F9,34604
0,0,UnityPlayer.dll,31100840,07C78E1D,34604
share,../com3d2data\GameData\ja\motion_soapempire001_2.arc,GameData\motion_soapempire001_2.arc,35353554,3B230E9D,24603
share,../com3d2data\GameData\ja\voice2.arc,GameData\voice2.arc,998170293,FCBD0652,24604
share,../com3d2data\GameData\ja_script\script.arc,GameData\script.arc,17036211,D84AE63F,24608
share,../com3d2data\GameData\ja_script\script_empirelive001_2.arc,GameData\script_empirelive001_2.arc,14210,665D6EA7,24604
share,../com3d2data\GameData\ja_script\script_omytgc037_2.arc,GameData\script_omytgc037_2.arc,2578,6E7971FA,24602
share,../com3d2data\GameData\ja_script\script_rooftop001_2.arc,GameData\script_rooftop001_2.arc,3122,8E203543,24603
share,../com3d2data\GameData\ja_script\script_stream001_2.arc,GameData\script_stream001_2.arc,18514,E61EBE2B,24604
share,../com3d2data\GameData\patch\csv.arc,GameData\csv.arc,46917523,E02D5E35,24608
share,../com3d2data\GameData\patch\parts_accswim_2.arc,GameData\parts_accswim_2.arc,632583,471CEBD0,24602
share,../com3d2data\GameData\patch\parts_cas010_2.arc,GameData\parts_cas010_2.arc,93958,ADCDBA70,24602
share,../com3d2data\GameData\patch\parts_cas036_2.arc,GameData\parts_cas036_2.arc,15704835,CD57DF9C,24602
share,../com3d2data\GameData\patch\parts_dlc294_2.arc,GameData\parts_dlc294_2.arc,292392,A6792345,24602
share,../com3d2data\GameData\patch\parts_dlc323_2.arc,GameData\parts_dlc323_2.arc,13010,FB567E19,24604
share,../com3d2data\GameData\patch\parts_dlc414_2.arc,GameData\parts_dlc414_2.arc,9253469,53EBD9B0,24604
share,../com3d2data\GameData\patch\parts_dlc437_2.arc,GameData\parts_dlc437_2.arc,22395183,B1FD5507,24602
share,../com3d2data\GameData\patch\parts_dlc499_2.arc,GameData\parts_dlc499_2.arc,1220039,0113B53A,24604
share,../com3d2data\GameData\patch\parts_dlc512_2.arc,GameData\parts_dlc512_2.arc,464857,B5295780,24603
share,../com3d2data\GameData\patch\parts_dlc551_2.arc,GameData\parts_dlc551_2.arc,329289,A347A4A3,24602
share,../com3d2data\GameData\patch\parts2.arc,GameData\parts2.arc,231871511,F34E9B24,24607
share,../com3d2data\GameData\patch\paths.dat,GameData\paths.dat,20654,3C675ED1,24608
share,../com3d2data\GameData\patch\prioritymaterial.arc,GameData\prioritymaterial.arc,887893,294E3E74,24604
share,../com3d2data\GameData\patch\system_chronicle_2.arc,GameData\system_chronicle_2.arc,1037290,A3BFB94D,24602
share,../com3d2data\GameData\patch\system_cw011_2.arc,GameData\system_cw011_2.arc,282393133,ABF7D7AC,24604
share,../com3d2data\GameData\patch\system2.arc,GameData\system2.arc,113629922,D3104638,24603
share,../com3d2data\GameData_20\material_cas036_2.arc,GameData_20\material_cas036_2.arc,6578,757441C2,1751
share,../com3d2data\GameData_20\material_magazine001_2.arc,GameData_20\material_magazine001_2.arc,10312250,FC1938E9,1751
share,../com3d2data\GameData_20\menu_dlc294_2.arc,GameData_20\menu_dlc294_2.arc,1234,324EC8C6,1751
share,../com3d2data\GameData_20\menu_dlc323_2.arc,GameData_20\menu_dlc323_2.arc,3666,C13032B8,1752
share,../com3d2data\GameData_20\model_cas010_2.arc,GameData_20\model_cas010_2.arc,92792,23A38F6A,1751
share,../com3d2data\GameData_20\model_cas036_2.arc,GameData_20\model_cas036_2.arc,1489264,436406D4,1751
share,../com3d2data\GameData_20\model_dlc028_2.arc,GameData_20\model_dlc028_2.arc,1608201,B20E1DD0,1752
share,../com3d2data\GameData_20\model_dlc037_2.arc,GameData_20\model_dlc037_2.arc,1743109,5ACA4EE6,1752
share,../com3d2data\GameData_20\model_dlc114_2.arc,GameData_20\model_dlc114_2.arc,313631,F9381ABD,1751
share,../com3d2data\GameData_20\model_dlc294_2.arc,GameData_20\model_dlc294_2.arc,89184,DA8FCA88,1751
share,../com3d2data\GameData_20\model_dlc414_2.arc,GameData_20\model_dlc414_2.arc,955367,D4DC9841,1752
share,../com3d2data\GameData_20\model_dlc437_2.arc,GameData_20\model_dlc437_2.arc,509448,A85B419B,1751
share,../com3d2data\GameData_20\model_dlc499_2.arc,GameData_20\model_dlc499_2.arc,1217029,01F20E86,1752
share,../com3d2data\GameData_20\model_dlc512_2.arc,GameData_20\model_dlc512_2.arc,463683,B099D4C1,1752
share,../com3d2data\GameData_20\model_dlc551_2.arc,GameData_20\model_dlc551_2.arc,328698,9D6D370C,1751
share,../com3d2data\GameData_20\paths.dat,GameData_20\paths.dat,15523,C9578091,1843
share,../com3d2data\GameData_20\prioritymaterial.arc,GameData_20\prioritymaterial.arc,457344,0A21BE9D,1843
share,../com3d2data\GameData_20\texture_dlc323_2.arc,GameData_20\texture_dlc323_2.arc,10482,F3B8882B,1752
