0,0,COM3D2.exe,6607360,B7BB12CE,2006
0,0,COM3D2x64.exe,22841856,A9562BF9,1270
0,0,LICENSE,31205,24BAD003,1270
0,0,COM3D2x64_Data\app.info,27,F9A266E7,1270
0,0,COM3D2x64_Data\globalgamemanagers,4223476,9EF6C029,1270
0,0,COM3D2x64_Data\globalgamemanagers.assets,229740,FAD7AC1F,1270
0,0,COM3D2x64_Data\level0,313084,B1AED394,1270
0,0,COM3D2x64_Data\level1,335932,59259DFC,1270
0,0,COM3D2x64_Data\level10,339836,8361A3A2,1270
0,0,COM3D2x64_Data\level11,313596,618C99BE,1270
0,0,COM3D2x64_Data\level12,380828,21F2CAB6,1270
0,0,COM3D2x64_Data\level13,316708,D79BBDE2,1270
0,0,COM3D2x64_Data\level14,810300,071FEE67,1270
0,0,COM3D2x64_Data\level15,7412,DA9E7E68,1270
0,0,COM3D2x64_Data\level16,315540,74BB1E7B,1270
0,0,COM3D2x64_Data\level17,4664,2E6415A6,1270
0,0,COM3D2x64_Data\level18,332228,5913C17B,1270
0,0,COM3D2x64_Data\level19,320404,57FC27F4,1270
0,0,COM3D2x64_Data\level2,331060,D10175D2,1270
0,0,COM3D2x64_Data\level20,940940,CAF65F17,1270
0,0,COM3D2x64_Data\level21,411212,34AF49E8,1270
0,0,COM3D2x64_Data\level22,1070580,E7034691,1270
0,0,COM3D2x64_Data\level23,397068,AF84A82B,1270
0,0,COM3D2x64_Data\level24,658764,B821593A,1270
0,0,COM3D2x64_Data\level25,335564,CB149114,1270
0,0,COM3D2x64_Data\level26,2154220,CDD58AB5,1270
0,0,COM3D2x64_Data\level27,1100588,AF958C7F,1270
0,0,COM3D2x64_Data\level28,335564,D4A41C88,1270
0,0,COM3D2x64_Data\level29,1073892,B1D85B33,1270
0,0,COM3D2x64_Data\level3,1163860,8298F5CB,1270
0,0,COM3D2x64_Data\level30,328188,8C7D776B,1270
0,0,COM3D2x64_Data\level31,435276,28CA8CD0,1270
0,0,COM3D2x64_Data\level32,27904,1AFFB309,1270
0,0,COM3D2x64_Data\level32.resS,131232,437C95D8,1270
0,0,COM3D2x64_Data\level33,51676,73C7DE7D,1270
0,0,COM3D2x64_Data\level34,56036,80FD4589,1270
0,0,COM3D2x64_Data\level35,6832,F55CFE8A,1270
0,0,COM3D2x64_Data\level36,313988,203C5609,1270
0,0,COM3D2x64_Data\level37,1561908,0CC5146F,1270
0,0,COM3D2x64_Data\level38,1418540,14E0EAAD,1270
0,0,COM3D2x64_Data\level39,1440140,E4F097D1,1270
0,0,COM3D2x64_Data\level4,1198436,2B17C646,1270
0,0,COM3D2x64_Data\level40,419732,FE18DBAD,1270
0,0,COM3D2x64_Data\level41,380308,4120BD18,1270
0,0,COM3D2x64_Data\level42,411356,1A03C151,1270
0,0,COM3D2x64_Data\level43,1335372,DE40AFB3,1270
0,0,COM3D2x64_Data\level44,1399828,75620963,1270
0,0,COM3D2x64_Data\level45,1525236,A558A08C,1270
0,0,COM3D2x64_Data\level46,401612,385B03A6,1270
0,0,COM3D2x64_Data\level47,367124,527CFE0F,1270
0,0,COM3D2x64_Data\level48,425796,5BA84ACE,1270
0,0,COM3D2x64_Data\level49,383084,679ABF06,1270
0,0,COM3D2x64_Data\level5,1231420,5295EA35,1270
0,0,COM3D2x64_Data\level50,1360276,04CF237B,1270
0,0,COM3D2x64_Data\level51,367796,E8E54F11,1270
0,0,COM3D2x64_Data\level52,639060,23B0934A,1270
0,0,COM3D2x64_Data\level53,518508,FFD00185,1270
0,0,COM3D2x64_Data\level54,337412,724F09D7,1270
0,0,COM3D2x64_Data\level55,1262236,9B76DE92,1270
0,0,COM3D2x64_Data\level56,1012860,4B181C04,1270
0,0,COM3D2x64_Data\level57,1020148,48F23059,1270
0,0,COM3D2x64_Data\level58,1262236,F54DE04D,1270
0,0,COM3D2x64_Data\level59,1142828,959A84BF,1270
0,0,COM3D2x64_Data\level6,315204,0A57B790,1270
0,0,COM3D2x64_Data\level60,931396,684DA7AD,1270
0,0,COM3D2x64_Data\level61,1217804,709B68FF,1270
0,0,COM3D2x64_Data\level62,1318820,8F9ED6A3,1270
0,0,COM3D2x64_Data\level63,668956,24D284A7,1270
0,0,COM3D2x64_Data\level64,903628,438B6875,1270
0,0,COM3D2x64_Data\level65,388892,2F586DEA,1270
0,0,COM3D2x64_Data\level66,385260,25BF296A,1270
0,0,COM3D2x64_Data\level67,428972,3F897C20,1270
0,0,COM3D2x64_Data\level68,451100,73FAF186,1270
0,0,COM3D2x64_Data\level69,379500,7F349432,1270
0,0,COM3D2x64_Data\level7,1038540,EA643B96,1270
0,0,COM3D2x64_Data\level70,439460,DC390F11,1270
0,0,COM3D2x64_Data\level71,1025804,C971A695,1270
0,0,COM3D2x64_Data\level72,950204,9872C8D3,1270
0,0,COM3D2x64_Data\level73,432180,111BE0B4,1270
0,0,COM3D2x64_Data\level74,454324,756D4C80,1270
0,0,COM3D2x64_Data\level75,444908,B4C90065,1270
0,0,COM3D2x64_Data\level76,1030212,32038074,1270
0,0,COM3D2x64_Data\level77,990500,DF9141A3,1270
0,0,COM3D2x64_Data\level78,437956,53687866,1270
0,0,COM3D2x64_Data\level79,422476,17951EAA,1270
0,0,COM3D2x64_Data\level8,345436,B2E8065D,1270
0,0,COM3D2x64_Data\level80,404148,F85AF313,1270
0,0,COM3D2x64_Data\level81,346668,DF5EAE42,1270
0,0,COM3D2x64_Data\level82,1369620,8EFFEE74,1270
0,0,COM3D2x64_Data\level83,1310356,D20686CE,1270
0,0,COM3D2x64_Data\level84,490972,93929916,1270
0,0,COM3D2x64_Data\level85,389356,5CC3503E,1270
0,0,COM3D2x64_Data\level86,1238372,4002EC50,1270
0,0,COM3D2x64_Data\level87,956204,E7BD43B7,1270
0,0,COM3D2x64_Data\level9,403700,74C6B244,1270
0,0,COM3D2x64_Data\resources.assets,391006544,A10DDEA6,1270
0,0,COM3D2x64_Data\resources.assets.resS,1705375672,6A5DA16B,1270
0,0,COM3D2x64_Data\resources.resource,727392,54F90BDA,1270
0,0,COM3D2x64_Data\sharedassets0.assets,115228244,56B7C0C2,1270
0,0,COM3D2x64_Data\sharedassets0.assets.resS,121744416,255B44E0,1270
0,0,COM3D2x64_Data\sharedassets1.assets,6304,DA85B4CB,1270
0,0,COM3D2x64_Data\sharedassets10.assets,6148,32D658E5,1270
0,0,COM3D2x64_Data\sharedassets11.assets,6112,898761A3,1270
0,0,COM3D2x64_Data\sharedassets12.assets,6364,8394B7DB,1270
0,0,COM3D2x64_Data\sharedassets13.assets,6256,F46566CF,1270
0,0,COM3D2x64_Data\sharedassets14.assets,6736,4533BD88,1270
0,0,COM3D2x64_Data\sharedassets15.assets,4576,D01A5AAE,1270
0,0,COM3D2x64_Data\sharedassets16.assets,6172,55D5F71F,1270
0,0,COM3D2x64_Data\sharedassets17.assets,4132,8230FDDE,1270
0,0,COM3D2x64_Data\sharedassets18.assets,6892,E44C7933,1270
0,0,COM3D2x64_Data\sharedassets19.assets,6232,623DC707,1270
0,0,COM3D2x64_Data\sharedassets2.assets,6316,D15B2124,1270
0,0,COM3D2x64_Data\sharedassets20.assets,12580,FC6B5A96,1270
0,0,COM3D2x64_Data\sharedassets21.assets,6340,4ECE6196,1270
0,0,COM3D2x64_Data\sharedassets22.assets,12724,1F0FA535,1270
0,0,COM3D2x64_Data\sharedassets23.assets,6340,0ADBBC90,1270
0,0,COM3D2x64_Data\sharedassets24.assets,6412,D7E93062,1270
0,0,COM3D2x64_Data\sharedassets25.assets,6208,37D5592D,1270
0,0,COM3D2x64_Data\sharedassets26.assets,7132,1295052F,1270
0,0,COM3D2x64_Data\sharedassets27.assets,12700,62182126,1270
0,0,COM3D2x64_Data\sharedassets28.assets,6208,AAB109CB,1270
0,0,COM3D2x64_Data\sharedassets29.assets,12700,62182126,1270
0,0,COM3D2x64_Data\sharedassets3.assets,7996,048E706F,1270
0,0,COM3D2x64_Data\sharedassets30.assets,6136,704EFDA8,1270
0,0,COM3D2x64_Data\sharedassets31.assets,18126880,9D601EBD,1270
0,0,COM3D2x64_Data\sharedassets32.assets,12328,77C39F57,1270
0,0,COM3D2x64_Data\sharedassets33.assets,4420,54FEF1D7,1270
0,0,COM3D2x64_Data\sharedassets34.assets,4324,CE09B144,1270
0,0,COM3D2x64_Data\sharedassets35.assets,4264,1CE8CF80,1270
0,0,COM3D2x64_Data\sharedassets36.assets,6148,78498AEA,1270
0,0,COM3D2x64_Data\sharedassets37.assets,12580,F5F71C5D,1270
0,0,COM3D2x64_Data\sharedassets38.assets,12580,56389ADA,1270
0,0,COM3D2x64_Data\sharedassets39.assets,12580,1C6A19D9,1270
0,0,COM3D2x64_Data\sharedassets4.assets,12952,EFE24FCC,1270
0,0,COM3D2x64_Data\sharedassets40.assets,7228,41DFF2C3,1270
0,0,COM3D2x64_Data\sharedassets41.assets,6988,EB987FC6,1270
0,0,COM3D2x64_Data\sharedassets42.assets,7276,88DC7587,1270
0,0,COM3D2x64_Data\sharedassets43.assets,9400,D7F48702,1270
0,0,COM3D2x64_Data\sharedassets44.assets,9508,79FC16AE,1270
0,0,COM3D2x64_Data\sharedassets45.assets,9496,5EF35CD2,1270
0,0,COM3D2x64_Data\sharedassets46.assets,8488,6193CACC,1270
0,0,COM3D2x64_Data\sharedassets47.assets,6616,C37AECAF,1270
0,0,COM3D2x64_Data\sharedassets48.assets,8356,19595544,1270
0,0,COM3D2x64_Data\sharedassets49.assets,792708,30D61F4B,1270
0,0,COM3D2x64_Data\sharedassets49.assets.resS,6506584,427886ED,1270
0,0,COM3D2x64_Data\sharedassets5.assets,7216,29137CD6,1270
0,0,COM3D2x64_Data\sharedassets50.assets,12580,EA41F334,1270
0,0,COM3D2x64_Data\sharedassets51.assets,6616,67741095,1270
0,0,COM3D2x64_Data\sharedassets52.assets,6772,15635643,1270
0,0,COM3D2x64_Data\sharedassets53.assets,6556,E06BF4D9,1270
0,0,COM3D2x64_Data\sharedassets54.assets,6160,6C4B5514,1270
0,0,COM3D2x64_Data\sharedassets55.assets,12664,1D850A52,1270
0,0,COM3D2x64_Data\sharedassets56.assets,9292,8AC679D4,1270
0,0,COM3D2x64_Data\sharedassets57.assets,9328,7DE2C174,1270
0,0,COM3D2x64_Data\sharedassets58.assets,12664,1D850A52,1270
0,0,COM3D2x64_Data\sharedassets59.assets,9532,2B7379E2,1270
0,0,COM3D2x64_Data\sharedassets6.assets,6184,500A279B,1270
0,0,COM3D2x64_Data\sharedassets60.assets,9328,7DE2C174,1270
0,0,COM3D2x64_Data\sharedassets61.assets,9472,234966DE,1270
0,0,COM3D2x64_Data\sharedassets62.assets,9508,79FC16AE,1270
0,0,COM3D2x64_Data\sharedassets63.assets,6676,822FA559,1270
0,0,COM3D2x64_Data\sharedassets64.assets,9496,5EF35CD2,1270
0,0,COM3D2x64_Data\sharedassets65.assets,42236564,469F7C05,1270
0,0,COM3D2x64_Data\sharedassets65.assets.resS,87400,8BA6C322,1270
0,0,COM3D2x64_Data\sharedassets66.assets,38246532,3149F524,1270
0,0,COM3D2x64_Data\sharedassets67.assets,32874628,3F306CB8,1270
0,0,COM3D2x64_Data\sharedassets68.assets,36735708,8D7CBCC2,1270
0,0,COM3D2x64_Data\sharedassets68.assets.resS,174776,5B619AF1,1270
0,0,COM3D2x64_Data\sharedassets69.assets,41277384,C397774E,1270
0,0,COM3D2x64_Data\sharedassets7.assets,7024,3126224C,1270
0,0,COM3D2x64_Data\sharedassets70.assets,39399136,10DC0C31,1270
0,0,COM3D2x64_Data\sharedassets71.assets,3017132,7F2B031C,1270
0,0,COM3D2x64_Data\sharedassets71.assets.resS,611728,7BFBEAAE,1270
0,0,COM3D2x64_Data\sharedassets72.assets,9556,8106B5EF,1270
0,0,COM3D2x64_Data\sharedassets73.assets,6532,97FD8CFC,1270
0,0,COM3D2x64_Data\sharedassets74.assets,6532,97FD8CFC,1270
0,0,COM3D2x64_Data\sharedassets75.assets,6532,97FD8CFC,1270
0,0,COM3D2x64_Data\sharedassets76.assets,12592,BEF170A7,1270
0,0,COM3D2x64_Data\sharedassets77.assets,9508,62B6EC64,1270
0,0,COM3D2x64_Data\sharedassets78.assets,6496,A89ED231,1270
0,0,COM3D2x64_Data\sharedassets79.assets,59388,0E2AEDC4,1270
0,0,COM3D2x64_Data\sharedassets79.assets.resS,174776,B51EE5DC,1270
0,0,COM3D2x64_Data\sharedassets8.assets,6172,1CF40DA3,1270
0,0,COM3D2x64_Data\sharedassets80.assets,6508,83050CD4,1270
0,0,COM3D2x64_Data\sharedassets81.assets,6748,AB96926B,1270
0,0,COM3D2x64_Data\sharedassets82.assets,759648,540AEE50,1270
0,0,COM3D2x64_Data\sharedassets82.assets.resS,1310880,58801C35,1270
0,0,COM3D2x64_Data\sharedassets82.resource,1178176,90268BF4,1270
0,0,COM3D2x64_Data\sharedassets83.assets,9364,B0D13117,1270
0,0,COM3D2x64_Data\sharedassets84.assets,3412536,8B8CE9D8,1270
0,0,COM3D2x64_Data\sharedassets84.assets.resS,6226112,B3E98769,1270
0,0,COM3D2x64_Data\sharedassets85.assets,6604,9302C92D,1270
0,0,COM3D2x64_Data\sharedassets86.assets,13840,C6412FDF,1270
0,0,COM3D2x64_Data\sharedassets87.assets,9496,5EF35CD2,1270
0,0,COM3D2x64_Data\sharedassets9.assets,7108,5039541D,1270
0,0,COM3D2x64_Data\Managed\Accessibility.dll,10752,5CB31E4E,1270
0,0,COM3D2x64_Data\Managed\Assembly-CSharp-firstpass.dll,783872,486B2D1D,1270
0,0,COM3D2x64_Data\Managed\Assembly-CSharp.dll,5145600,10247BAF,1270
0,0,COM3D2x64_Data\Managed\Assembly-UnityScript-firstpass.dll,65024,176E5E6C,1270
0,0,COM3D2x64_Data\Managed\Boo.Lang.dll,126976,28383F70,1270
0,0,COM3D2x64_Data\Managed\BouncyCastle.Crypto.dll,2236416,5A4C4F07,1270
0,0,COM3D2x64_Data\Managed\FoveUnityPlugin.dll,28672,A6EA882B,1270
0,0,COM3D2x64_Data\Managed\ICSharpCode.SharpZipLib.dll,200704,D3160A1C,1270
0,0,COM3D2x64_Data\Managed\Ionic.Zlib.dll,102400,7C9E7DD2,1270
0,0,COM3D2x64_Data\Managed\JsonFx.Json.dll,70144,A0F0CFCB,1270
0,0,COM3D2x64_Data\Managed\LeapCSharp.NET3.5.dll,82432,38E38212,1270
0,0,COM3D2x64_Data\Managed\Mono.Data.Tds.dll,96256,2965324B,1270
0,0,COM3D2x64_Data\Managed\Mono.Posix.dll,184320,0CE35BE3,1270
0,0,COM3D2x64_Data\Managed\Mono.Security.dll,294912,66EB9979,1270
0,0,COM3D2x64_Data\Managed\Mono.WebBrowser.dll,172032,137B736F,1270
0,0,COM3D2x64_Data\Managed\mscorlib.dll,2590208,5166389B,1270
0,0,COM3D2x64_Data\Managed\Newtonsoft.Json.dll,494592,5C881B73,1270
0,0,COM3D2x64_Data\Managed\System.Configuration.dll,124928,72952344,1270
0,0,COM3D2x64_Data\Managed\System.Core.dll,297472,9E3EE5D7,1270
0,0,COM3D2x64_Data\Managed\System.Data.dll,856064,DDDB80CD,1270
0,0,COM3D2x64_Data\Managed\System.dll,1679360,13922617,1270
0,0,COM3D2x64_Data\Managed\System.Drawing.Design.dll,29696,E7B53FF9,1270
0,0,COM3D2x64_Data\Managed\System.Drawing.dll,448512,C4B2E872,1270
0,0,COM3D2x64_Data\Managed\System.EnterpriseServices.dll,46592,2C72A9FE,1270
0,0,COM3D2x64_Data\Managed\System.Security.dll,135168,1CE94C57,1270
0,0,COM3D2x64_Data\Managed\System.Transactions.dll,27648,45299FCF,1270
0,0,COM3D2x64_Data\Managed\System.Windows.Forms.dll,3053568,56394001,1270
0,0,COM3D2x64_Data\Managed\System.Xml.dll,1270272,4581A35B,1270
0,0,COM3D2x64_Data\Managed\System.Xml.Linq.dll,106496,E844371C,1270
0,0,COM3D2x64_Data\Managed\UnityEngine.dll,1393152,2C35388C,1270
0,0,COM3D2x64_Data\Managed\UnityEngine.dll.mdb,449828,8610375E,1270
0,0,COM3D2x64_Data\Managed\UnityEngine.Networking.dll,253952,2BDF701F,1270
0,0,COM3D2x64_Data\Managed\UnityEngine.UI.dll,245760,FA552B2D,1270
0,0,COM3D2x64_Data\Managed\UnityEngine.VR.dll,3072,A4582CD6,1270
0,0,COM3D2x64_Data\Managed\UnityScript.Lang.dll,13824,0DA8F681,1270
0,0,COM3D2x64_Data\Managed\zxing.unity.dll,430592,9FD1F198,1270
0,0,COM3D2x64_Data\Mono\mono.dll,2618816,0BEA8C0F,1270
0,0,COM3D2x64_Data\Mono\MonoPosixHelper.dll,113664,9B5E1E4D,1270
0,0,COM3D2x64_Data\Mono\etc\mono\browscap.ini,311984,CE6C0AB3,1270
0,0,COM3D2x64_Data\Mono\etc\mono\config,1691,A635914A,1270
0,0,COM3D2x64_Data\Mono\etc\mono\1.0\DefaultWsdlHelpGenerator.aspx,58196,10E814BF,1270
0,0,COM3D2x64_Data\Mono\etc\mono\1.0\machine.config,17258,EDE1AC59,1270
0,0,COM3D2x64_Data\Mono\etc\mono\2.0\DefaultWsdlHelpGenerator.aspx,60453,F3869A34,1270
0,0,COM3D2x64_Data\Mono\etc\mono\2.0\machine.config,27625,73C91C24,1270
0,0,COM3D2x64_Data\Mono\etc\mono\2.0\settings.map,2618,A1A3C29F,1270
0,0,COM3D2x64_Data\Mono\etc\mono\2.0\web.config,11686,534A9960,1270
0,0,COM3D2x64_Data\Mono\etc\mono\2.0\Browsers\Compat.browser,1605,2E178A0B,1270
0,0,COM3D2x64_Data\Mono\etc\mono\mconfig\config.xml,25817,80B2033A,1270
0,0,COM3D2x64_Data\Plugins\assimp.dll,4388864,7C910D84,1270
0,0,COM3D2x64_Data\Plugins\Audio360.dll,1499136,2D77400A,1270
0,0,COM3D2x64_Data\Plugins\AVProVideo.dll,891392,A3612D4B,1270
0,0,COM3D2x64_Data\Plugins\clothpp.dll,112128,7C3264A4,1270
0,0,COM3D2x64_Data\Plugins\cm3d2.dll,2100736,74B315EF,1270
0,0,COM3D2x64_Data\Plugins\device_hook.dll,738816,F61E7CED,1270
0,0,COM3D2x64_Data\Plugins\FoveClient.dll,1849384,58C8B4F6,1270
0,0,COM3D2x64_Data\Plugins\LeapC.dll,2516992,FBDD3767,1270
0,0,COM3D2x64_Data\Plugins\openvr_api.dll,318272,44432E0F,1270
0,0,COM3D2x64_Data\Plugins\OVRGamepad.dll,12800,2C526135,1270
0,0,COM3D2x64_Data\Plugins\OVRLipSync.dll,2512296,391C1F4C,1270
0,0,COM3D2x64_Data\Plugins\OVRPlugin.dll,1898408,5DD05B6C,1270
0,0,COM3D2x64_Data\Resources\unity default resources,752360,71DB1AEA,1270
0,0,COM3D2x64_Data\Resources\unity_builtin_extra,284012,91145F7F,1270
0,0,GameData\bg_kissevent2018_sp_card_2.arc,493322,140250D1,1100
0,0,GameData\bg_sp001_2.arc,16204240,91030B15,1000
0,0,GameData\csv.arc,5002282,4A854690,1270
0,0,GameData\csv_gp001_2.arc,34178,AA372C5C,1270
0,0,GameData\csv_old_2.arc,1746,7AD2A97C,1150
0,0,GameData\csv_ordermade001_2.arc,770,422A7575,1150
0,0,GameData\motion2.arc,119467248,1F370200,1270
0,0,GameData\motion_3d21reserve_2.arc,153931,C630D84E,1100
0,0,GameData\motion_charaevent001_2.arc,1620106,06D07D92,1250
0,0,GameData\motion_charaevent002_2.arc,437689,A5EFDC3F,1230
0,0,GameData\motion_charaevent004_2.arc,1873028,B7C13F05,1250
0,0,GameData\motion_charaevent005_2.arc,585864,6CB6FD23,1250
0,0,GameData\motion_cos021_2.arc,323647,5697AC81,1061
0,0,GameData\motion_denkigai2017w_2.arc,1466874,DEACF6A8,1070
0,0,GameData\motion_gp001_2.arc,43858002,FC720138,1260
0,0,GameData\motion_kissnohi001_2.arc,158459,BD4D598E,1200
0,0,GameData\motion_omytgc002_2.arc,2519856,1A256F35,1260
0,0,GameData\parts2.arc,153142528,9BB95DE8,1270
0,0,GameData\parts_dlc209_2.arc,1363413,BF1ABBC0,1171
0,0,GameData\parts_dlc216_2.arc,932171,E7454670,1200
0,0,GameData\parts_dlc232_2.arc,3682,115DEE3E,1250
0,0,GameData\parts_gp001_2.arc,45293283,8FDBD530,1260
0,0,GameData\parts_magazine003_2.arc,201385,3A5B273D,1120
0,0,GameData\parts_omvr.arc,3206509,4F0D0480,1120
0,0,GameData\parts_kissevent2018_2.arc,5570,005BBD00,1100
0,0,GameData\parts_shop016_2.arc,171410,3D70CEC4,1060
0,0,GameData\parts_sp002cloth1_2.arc,10930,46512519,1250
0,0,GameData\parts_vac001_2.arc,6706,959CBD1B,1250
0,0,GameData\paths.dat,4332,B8D662E0,1270
0,0,GameData\prioritymaterial.arc,317333,9437C093,1270
0,0,GameData\script.arc,12125161,C39E2EC5,1270
0,0,GameData\script_charaevent001_2.arc,30674,FD2BB099,1090
0,0,GameData\script_charaevent002_2.arc,10754,793C2808,1270
0,0,GameData\script_charaevent002ntr_2.arc,16114,A039DACC,1150
0,0,GameData\script_charaevent004ntr_2.arc,16450,5334480E,1220
0,0,GameData\script_cos021_2.arc,109385,684D92BB,1140
0,0,GameData\script_denkigai2017w_2.arc,430750,44E8DF34,1140
0,0,GameData\script_denkigai2018s_2.arc,10274,96AE23D5,1191
0,0,GameData\script_dlc247_2.arc,26482,A869785A,1270
0,0,GameData\script_exm001_2.arc,2738,7DFDDDE5,1070
0,0,GameData\script_gp001_2.arc,2351905,1164843D,1270
0,0,GameData\script_old_2.arc,590097,C16D1352,1270
0,0,GameData\script_omytgc001_2.arc,8338,3D4B84BA,1250
0,0,GameData\script_omytgc003_2.arc,4402,0FF93434,1250
0,0,GameData\script_ordermade001_2.arc,121981,1FF84BAF,1270
0,0,GameData\script_ordermade002_2.arc,7474,9EC52134,1270
0,0,GameData\script_ordermade003_2.arc,1570,29033AAD,1210
0,0,GameData\script_ordermade004_2.arc,7554,E3379BF6,1270
0,0,GameData\script_personal_om001_2.arc,5314,520D3EE4,1210
0,0,GameData\script_personal_om001plus_2.arc,3618,398FD328,1220
0,0,GameData\script_personal_om002_2.arc,5794,AE80C769,1250
0,0,GameData\script_personal_om003_2.arc,5138,08ADE2A5,1260
0,0,GameData\script_personal_om004_2.arc,8546,B610B5D6,1270
0,0,GameData\script_share_karaoke_2.arc,8074,468A97FC,1250
0,0,GameData\sound2.arc,2831373,17A6CBF3,1050
0,0,GameData\system2.arc,11891076,1E4A59B9,1270
0,0,GameData\system_gp001_2.arc,6701489,CA268CBA,1230
0,0,GameData\voice2.arc,290927757,4A9F23CB,1250
0,0,GameData\voice_gp001_2.arc,128499501,74943317,1270
0,0,GameData_20\bg_vp001_2.arc,283046,A7A90EE1,1190
0,0,GameData_20\material_denkigai2015w_2.arc,3490,F06AAABE,1090
0,0,GameData_20\material_dlc195_2.arc,1746,ECFBFE17,1090
0,0,GameData_20\material_dlcdenkigai2015w_2.arc,3522,D35394D7,1090
0,0,GameData_20\material_dlcdenkigai2017w_2.arc,3506,40FF8AFA,1090
0,0,GameData_20\material_kissevent2017march_2.arc,3538,7A6FC5CF,1090
0,0,GameData_20\menu_dlc195_2.arc,1170,BF163DDC,1090
0,0,GameData_20\model_denkigai2015w_2.arc,174373,F9233759,1090
0,0,GameData_20\model_dlc195_2.arc,583563,16C95E54,1090
0,0,GameData_20\model_dlcdenkigai2015w_2.arc,174400,BE6E5467,1090
0,0,GameData_20\model_dlcdenkigai2017w_2.arc,181384,6D5B735E,1090
0,0,GameData_20\model_kissevent2017march_2.arc,190682,21F32FCB,1090
0,0,GameData_20\texture_dlc195_2.arc,16075880,456A4C76,1090
0,0,GameData_20\paths.dat,5091,D094E2BE,1580
0,0,GameData_20\prioritymaterial.arc,221488,580931AC,1582
0,0,GameData_20\material_denkigai2015s003_2.arc,7106,0C82D791,1150
0,0,GameData_20\material_denkigai2015wTowelR.arc,1602,618192B9,1360
0,0,GameData_20\material_dlc055_2.arc,5282,11A93109,1280
0,0,GameData_20\material_dlsite_2.arc,1762,C5A837EA,1150
0,0,GameData_20\material_shop001_2.arc,1762,D98CED1C,1150
0,0,GameData_20\material_shop002_2.arc,1762,956BB00E,1150
0,0,GameData_20\material_shop003_2.arc,1762,38CEBFF2,1150
0,0,GameData_20\material_shop005_2.arc,1714,3E621A32,1150
0,0,GameData_20\material_shop007_2.arc,2578,C8CE627C,1150
0,0,GameData_20\material_vp001_2.arc,11890,8CB043B0,1400
0,0,GameData_20\material_yomeido003_2.arc,1522,0689A7AC,1240
0,0,GameData_20\menu_denkigai2015s001_2.arc,6594,8B3E849F,1160
0,0,GameData_20\menu_denkigai2015s003_2.arc,4338,D294CE88,1150
0,0,GameData_20\menu_denkigai2015wTowelR.arc,1282,CECEE1FC,1360
0,0,GameData_20\menu_denkigai2016s_2.arc,1346,4A9440B1,1351
0,0,GameData_20\menu_denkigai2016w_2.arc,15154,C8D64D3B,1450
0,0,GameData_20\menu_denkigai2017s_2.arc,1218,267B1338,1540
0,0,GameData_20\menu_dlcdenkigai2016w_2.arc,13522,45E7F667,1450
0,0,GameData_20\menu_dlcdenkigai2017s_2.arc,1218,A6C83B5D,1540
0,0,GameData_20\menu_dlc026_2.arc,3778,69453D54,1190
0,0,GameData_20\menu_dlc028_2.arc,3874,DE3F1C31,1200
0,0,GameData_20\menu_dlc041_2.arc,6786,97F738D3,1380
0,0,GameData_20\menu_dlc042_2.arc,1154,EE4016C0,1440
0,0,GameData_20\menu_dlc049_2.arc,3106,E30D6F4C,1522
0,0,GameData_20\menu_dlc061_2.arc,3810,F99C1D4E,1290
0,0,GameData_20\menu_dlc065_2.arc,7602,D9387834,1380
0,0,GameData_20\menu_dlc074_2.arc,5618,24C559D7,1312
0,0,GameData_20\menu_dlc100_2.arc,1250,DFF94E9A,1400
0,0,GameData_20\menu_dlc101_2.arc,1218,44DB4049,1481
0,0,GameData_20\menu_dlsite_2.arc,1954,B2268BA7,1150
0,0,GameData_20\menu_kissevent2017march.arc,281,FF4EEB9B,1522
0,0,GameData_20\menu_kissevent2017march_2.arc,106624,14291926,1631
0,0,GameData_20\menu_magazine002_2.arc,12498,691C1126,1471
0,0,GameData_20\menu_personal002_2.arc,1282,5687650C,1310
0,0,GameData_20\menu_shop001_2.arc,3314,35207C87,1150
0,0,GameData_20\menu_shop005_2.arc,1378,0C9AF725,1150
0,0,GameData_20\menu_vp001_2.arc,19138,7C7AFD9C,1400
0,0,GameData_20\menu_yomeido003_2.arc,1234,4D6F619D,1240
0,0,GameData_20\menu_yomeidogp_wedding_2.arc,3954,C251B12C,1320
0,0,GameData_20\model_denkigai2015s003_2.arc,394665,41A48185,1150
0,0,GameData_20\model_denkigai2015wTowelR.arc,38258,FB570A24,1360
0,0,GameData_20\model_denkigai2017s_2.arc,462663,8917104A,1582
0,0,GameData_20\model_dlcdenkigai2017s_2.arc,462667,9F0C3D54,1582
0,0,GameData_20\model_dlc005_2.arc,175424,F7DD7D82,1270
0,0,GameData_20\model_dlc046_2.arc,155690,83B34173,1220
0,0,GameData_20\model_dlc073_2.arc,267037,47D33A06,1320
0,0,GameData_20\model_dlc100_2.arc,691347,7C3D679D,1400
0,0,GameData_20\model_dlc109_2.arc,137998,8FCCF513,1460
0,0,GameData_20\model_dlc151_2.arc,213532,8C3C80C3,1520
0,0,GameData_20\model_dlsite_2.arc,197173,24366C43,1150
0,0,GameData_20\model_shop001_2.arc,115215,9C941FAF,1150
0,0,GameData_20\model_shop002_2.arc,251253,743C3D97,1150
0,0,GameData_20\model_shop003_2.arc,185433,A15EC70A,1150
0,0,GameData_20\model_shop005_2.arc,150103,FB5341FA,1150
0,0,GameData_20\model_shop007_2.arc,288759,80615CBD,1150
0,0,GameData_20\model_vp001_2.arc,647957,D68B5D2F,1400
0,0,GameData_20\texture_denkigai2015wTowelR.arc,133065,FE4BDC34,1360
0,0,GameData_20\texture_denkigai2016w_2.arc,10105247,3B4641C3,1450
0,0,GameData_20\texture_dlcdenkigai2016w_2.arc,10105332,90868016,1450
0,0,GameData_20\texture_kissevent2017march.arc,281,FF4EEB9B,1522
0,0,GameData_20\texture_kissevent2017march_2.arc,79432604,C7DD457A,1631
0,0,GameData_20\texture_dlc004_2.arc,4805734,C8E5CFB4,1200
0,0,GameData_20\texture_dlc046_2.arc,596960,FC606BA5,1220
0,0,GameData_20\texture_vp001_2.arc,755269,18D5027D,1400
0,0,GameData_20\texture_yomeido003_2.arc,117248,0EE72B42,1240
0,0,manual\favicon.ico,370070,687492C6,1050
0,0,manual\index.html,71545,035C59F0,1060
0,0,manual\css\close.png,1250,304A1D8C,1050
0,0,manual\css\common.css,3409,BA5B06EB,1050
0,0,manual\css\index.css,6614,38725E3B,1050
0,0,manual\css\lightbox.css,3674,9235D408,1050
0,0,manual\css\loading.gif,1279,72456323,1050
0,0,manual\css\next.png,1682,E0895D01,1050
0,0,manual\css\prev.png,1666,12F2027E,1050
0,0,manual\img\casino01.jpg,272694,C6FE6781,1050
0,0,manual\img\clubstatus.jpg,36546,DAA11F1D,1050
0,0,manual\img\com3d2_logo.png,100187,28605834,1050
0,0,manual\img\comp01.jpg,54909,F2AE5CE1,1050
0,0,manual\img\comp02.jpg,87599,493340A0,1050
0,0,manual\img\config.jpg,156802,1871EF55,1050
0,0,manual\img\dance01.jpg,305648,B87D0340,1050
0,0,manual\img\dance02.jpg,345535,27BEFAE3,1050
0,0,manual\img\edit01.jpg,312602,CB3E64D0,1050
0,0,manual\img\edit02.jpg,278318,878B2857,1050
0,0,manual\img\event01.jpg,194983,E4E03D42,1050
0,0,manual\img\facilitysetting01.jpg,338947,40D2A7D3,1050
0,0,manual\img\facilitysetting02.jpg,185709,12E0C653,1050
0,0,manual\img\facilitysetting03.jpg,267150,D08D54B7,1050
0,0,manual\img\kashizuki01.jpg,210954,8E6084EA,1050
0,0,manual\img\kashizuki02.jpg,209895,BD363567,1050
0,0,manual\img\kashizuki03.jpg,215560,D28EDBD6,1050
0,0,manual\img\kiss_logo.png,6459,7966A6E9,1050
0,0,manual\img\maidmanagement01.jpg,242517,21B3E491,1050
0,0,manual\img\maidmanagement02.jpg,140237,945D483D,1050
0,0,manual\img\maidmanagement03.jpg,208300,B7C8F3CD,1050
0,0,manual\img\mainmenu01.jpg,208641,7218A847,1060
0,0,manual\img\mainmenu02.jpg,193956,4C7EF1A8,1050
0,0,manual\img\myroom.jpg,225108,398BA2D8,1050
0,0,manual\img\myroom.psd,1301284,E3472053,1050
0,0,manual\img\reminiscence01.jpg,236014,B0302E74,1050
0,0,manual\img\schedule01.jpg,198475,6AD2FF8C,1050
0,0,manual\img\schedule02.jpg,240595,AE23B15D,1050
0,0,manual\img\shitsu_mode.jpg,166109,966737E0,1050
0,0,manual\img\shop.jpg,216722,67700EE6,1050
0,0,manual\img\studio.jpg,328576,FC7FDE83,1050
0,0,manual\img\system01.jpg,67204,A61273B1,1050
0,0,manual\img\yotogi01.jpg,283179,93847FCE,1050
0,0,manual\img\yotogi02.jpg,278963,0959D75C,1050
0,0,manual\img\yotogi03.jpg,243961,20F88D92,1050
0,0,manual\sys\common.js,240,976D3DF4,1050
0,0,manual\sys\jquery-3.1.0.min.js,86351,AE6B746B,1050
0,0,manual\sys\jquery.lazy.min.js,5022,FEEB9C66,1050
0,0,manual\sys\lightbox.js,18410,F90AE353,1050
