0,0,CM3D2OH.exe,9101312,BFC22264,1004
0,0,CM3D2OHx86.exe,11632128,2AF57CD7,119
0,0,CM3D2OHx86_Data\level0,154376,D3B4C993,119
0,0,CM3D2OHx86_Data\level1,220752,1A3C65A0,119
0,0,CM3D2OHx86_Data\level10,4376,7A9F1220,119
0,0,CM3D2OHx86_Data\level11,143184,46618C36,119
0,0,CM3D2OHx86_Data\level12,4376,81AADD7B,119
0,0,CM3D2OHx86_Data\level13,151512,930E2945,119
0,0,CM3D2OHx86_Data\level14,212712,D4B97BCE,119
0,0,CM3D2OHx86_Data\level15,352992,E0BA4F96,119
0,0,CM3D2OHx86_Data\level16,160592,A99A86C1,119
0,0,CM3D2OHx86_Data\level17,430992,11E554C8,119
0,0,CM3D2OHx86_Data\level2,475288,AF603C5B,119
0,0,CM3D2OHx86_Data\level3,547920,881675F1,119
0,0,CM3D2OHx86_Data\level4,140528,8EA297FD,119
0,0,CM3D2OHx86_Data\level5,177144,18A6F52E,119
0,0,CM3D2OHx86_Data\level6,140120,AC8089C3,119
0,0,CM3D2OHx86_Data\level7,164464,6C929D7E,119
0,0,CM3D2OHx86_Data\level8,140536,A3FC56C8,119
0,0,CM3D2OHx86_Data\level9,442792,C70B0FBA,119
0,0,CM3D2OHx86_Data\mainData,884744,3A8F340C,119
0,0,CM3D2OHx86_Data\PlayerConnectionConfigFile,21,08B5BB4B,119
0,0,CM3D2OHx86_Data\resources.assets,224253204,5F06B86A,119
0,0,CM3D2OHx86_Data\sharedassets0.assets,237509960,54DF07E6,119
0,0,CM3D2OHx86_Data\sharedassets1.assets,6998796,270ADABE,119
0,0,CM3D2OHx86_Data\sharedassets10.assets,4553928,B12B69C7,119
0,0,CM3D2OHx86_Data\sharedassets11.assets,4112,CBDFBCD2,119
0,0,CM3D2OHx86_Data\sharedassets12.assets,4200896,8F758DAF,119
0,0,CM3D2OHx86_Data\sharedassets13.assets,4112,4ABF3EE3,119
0,0,CM3D2OHx86_Data\sharedassets14.assets,52425872,0BB98D18,119
0,0,CM3D2OHx86_Data\sharedassets15.assets,3691748,8D303952,119
0,0,CM3D2OHx86_Data\sharedassets16.assets,1587628,89BFBD03,119
0,0,CM3D2OHx86_Data\sharedassets17.assets,5328,EA77691F,119
0,0,CM3D2OHx86_Data\sharedassets18.assets,72624,7C4202CE,119
0,0,CM3D2OHx86_Data\sharedassets2.assets,10846524,A9315153,119
0,0,CM3D2OHx86_Data\sharedassets3.assets,36843892,AAD816E0,119
0,0,CM3D2OHx86_Data\sharedassets4.assets,6952140,BB088002,119
0,0,CM3D2OHx86_Data\sharedassets5.assets,503336,83900BC8,119
0,0,CM3D2OHx86_Data\sharedassets6.assets,11891548,F1107A16,119
0,0,CM3D2OHx86_Data\sharedassets7.assets,466308,C6640CD6,119
0,0,CM3D2OHx86_Data\sharedassets8.assets,5280,BEAD0E98,119
0,0,CM3D2OHx86_Data\sharedassets9.assets,927400,1E26A144,119
0,0,CM3D2OHx86_Data\Managed\Accessibility.dll,10752,A358E135,119
0,0,CM3D2OHx86_Data\Managed\Assembly-CSharp-firstpass.dll,175104,E935C9A3,119
0,0,CM3D2OHx86_Data\Managed\Assembly-CSharp.dll,1976320,A2818A28,119
0,0,CM3D2OHx86_Data\Managed\Assembly-UnityScript-firstpass.dll,65024,81853AE9,119
0,0,CM3D2OHx86_Data\Managed\Boo.Lang.dll,126976,B1FDC6B6,119
0,0,CM3D2OHx86_Data\Managed\JsonFx.Json.dll,70144,A0F0CFCB,119
0,0,CM3D2OHx86_Data\Managed\Mono.Data.Tds.dll,96256,DE9FBD55,119
0,0,CM3D2OHx86_Data\Managed\Mono.Posix.dll,184320,A333AAF5,119
0,0,CM3D2OHx86_Data\Managed\Mono.Security.dll,294912,D5BB48FC,119
0,0,CM3D2OHx86_Data\Managed\Mono.WebBrowser.dll,172032,5D310803,119
0,0,CM3D2OHx86_Data\Managed\mscorlib.dll,2590208,5A5FF75C,119
0,0,CM3D2OHx86_Data\Managed\System.Configuration.dll,124928,F88CF714,119
0,0,CM3D2OHx86_Data\Managed\System.Core.dll,300032,0504C277,119
0,0,CM3D2OHx86_Data\Managed\System.Data.dll,856064,1DE4F5EB,119
0,0,CM3D2OHx86_Data\Managed\System.dll,1678848,08B8E16D,119
0,0,CM3D2OHx86_Data\Managed\System.Drawing.Design.dll,29696,E7B53FF9,119
0,0,CM3D2OHx86_Data\Managed\System.Drawing.dll,448512,C4B2E872,119
0,0,CM3D2OHx86_Data\Managed\System.EnterpriseServices.dll,46592,1B56067D,119
0,0,CM3D2OHx86_Data\Managed\System.Security.dll,135168,A9F5B9F1,119
0,0,CM3D2OHx86_Data\Managed\System.Transactions.dll,27648,DE82E2C6,119
0,0,CM3D2OHx86_Data\Managed\System.Windows.Forms.dll,3053568,56394001,119
0,0,CM3D2OHx86_Data\Managed\System.Xml.dll,1270272,BCE39995,119
0,0,CM3D2OHx86_Data\Managed\System.Xml.Linq.dll,106496,1062D683,119
0,0,CM3D2OHx86_Data\Managed\UnityEngine.dll,614912,6749BBED,119
0,0,CM3D2OHx86_Data\Managed\UnityEngine.UI.dll,176128,380C2545,119
0,0,CM3D2OHx86_Data\Managed\UnityScript.Lang.dll,14336,FAB8DDA9,119
0,0,CM3D2OHx86_Data\Mono\mono.dll,2103296,36130890,119
0,0,CM3D2OHx86_Data\Mono\etc\mono\browscap.ini,311984,CE6C0AB3,119
0,0,CM3D2OHx86_Data\Mono\etc\mono\config,1691,A635914A,119
0,0,CM3D2OHx86_Data\Mono\etc\mono\1.0\DefaultWsdlHelpGenerator.aspx,58196,10E814BF,119
0,0,CM3D2OHx86_Data\Mono\etc\mono\1.0\machine.config,17259,82F1AD8B,119
0,0,CM3D2OHx86_Data\Mono\etc\mono\2.0\DefaultWsdlHelpGenerator.aspx,60453,F3869A34,119
0,0,CM3D2OHx86_Data\Mono\etc\mono\2.0\machine.config,27626,4F6C3F79,119
0,0,CM3D2OHx86_Data\Mono\etc\mono\2.0\settings.map,2618,A1A3C29F,119
0,0,CM3D2OHx86_Data\Mono\etc\mono\2.0\web.config,11686,534A9960,119
0,0,CM3D2OHx86_Data\Mono\etc\mono\2.0\Browsers\Compat.browser,1605,2E178A0B,119
0,0,CM3D2OHx86_Data\Mono\etc\mono\mconfig\config.xml,25817,80B2033A,119
0,0,CM3D2OHx86_Data\Plugins\cm3d2_hole_x86.dll,266240,5C01E01F,119
0,0,CM3D2OHx86_Data\Plugins\cm3d2_x86.dll,1299456,BD019A37,119
0,0,CM3D2OHx86_Data\Plugins\device_hook.dll,77312,7EEF9868,119
0,0,CM3D2OHx86_Data\Resources\unity default resources,1571709,31020360,119
0,0,CM3D2OHx86_Data\Resources\unity_builtin_extra,372672,D43832AF,119
0,0,GameData\csv.arc,1537973,100DE8DF,1190
0,0,GameData\csv_cbl.arc,233295,4C2F3141,1190
0,0,GameData\csv_vp001_2.arc,2082,25E58CEB,1160
0,0,GameData\material2.arc,102655,704BD3F7,1170
0,0,GameData\material_denkigai2015s003_2.arc,7106,0C82D791,1150
0,0,GameData\material_dlsite_2.arc,1762,C5A837EA,1150
0,0,GameData\material_shop001_2.arc,1762,D98CED1C,1150
0,0,GameData\material_shop002_2.arc,1762,956BB00E,1150
0,0,GameData\material_shop003_2.arc,1762,38CEBFF2,1150
0,0,GameData\material_shop005_2.arc,1714,3E621A32,1150
0,0,GameData\material_shop007_2.arc,2578,C8CE627C,1150
0,0,GameData\material_vp001_2.arc,9554,066C9CA9,1150
0,0,GameData\menu2.arc,218108,010D4B80,1190
0,0,GameData\menu_denkigai2015s001_2.arc,6594,8B3E849F,1160
0,0,GameData\menu_denkigai2015s003_2.arc,4338,D294CE88,1150
0,0,GameData\menu_dlc026_2.arc,3778,69453D54,1190
0,0,GameData\menu_dlsite_2.arc,1954,B2268BA7,1150
0,0,GameData\menu_shop001_2.arc,3314,35207C87,1150
0,0,GameData\menu_shop005_2.arc,1378,0C9AF725,1150
0,0,GameData\menu_vp001_2.arc,18546,5FFF33DA,1150
0,0,GameData\model2.arc,12131417,0402ABE9,1170
0,0,GameData\model_denkigai2015s003_2.arc,394665,41A48185,1150
0,0,GameData\model_dlsite_2.arc,197173,24366C43,1150
0,0,GameData\model_shop001_2.arc,115215,9C941FAF,1150
0,0,GameData\model_shop002_2.arc,251253,743C3D97,1150
0,0,GameData\model_shop003_2.arc,185433,A15EC70A,1150
0,0,GameData\model_shop005_2.arc,150103,FB5341FA,1150
0,0,GameData\model_shop007_2.arc,288759,80615CBD,1150
0,0,GameData\model_vp001_2.arc,290407,A19508D6,1150
0,0,GameData\motion_cbl2.arc,142422,A40CF0CC,1170
0,0,GameData\motion_cbl_vp001_2.arc,141603,80D0D160,1160
0,0,GameData\motion_cbl_ytgc002_2.arc,2475220,008FABF0,1160
0,0,GameData\paths.dat,1071,89F454F1,1190
0,0,GameData\prioritymaterial.arc,79985,4E99FBA3,1170
0,0,GameData\script_cbl.arc,1673998,E180831A,1190
0,0,GameData\sound2.arc,7402763,5D761564,1170
0,0,GameData\texture3.arc,5763653,3C5A4AFD,1170
0,0,manual\data\005.png,459612,3AF928C5,1170
0,0,manual\data\010.png,800070,5269304C,1170
