0,0,COM3D2OHx64_Data\Managed\Accessibility.dll,10752,5CB31E4E,20101
0,0,COM3D2OHx64_Data\Managed\Assembly-CSharp.dll,5601280,1AC4E6B3,20102
0,0,COM3D2OHx64_Data\Managed\Assembly-CSharp-firstpass.dll,792064,7D8DAADB,20101
0,0,COM3D2OHx64_Data\Managed\Assembly-UnityScript-firstpass.dll,65024,9FE56B7A,20101
0,0,COM3D2OHx64_Data\Managed\Boo.Lang.dll,126976,28383F70,20101
0,0,COM3D2OHx64_Data\Managed\BouncyCastle.Crypto.dll,2236416,5A4C4F07,20101
0,0,COM3D2OHx64_Data\Managed\FoveUnityPlugin.dll,28672,A6EA882B,20101
0,0,COM3D2OHx64_Data\Managed\ICSharpCode.SharpZipLib.dll,200704,D3160A1C,20101
0,0,COM3D2OHx64_Data\Managed\Ionic.Zlib.dll,102400,7C9E7DD2,20101
0,0,COM3D2OHx64_Data\Managed\JsonFx.Json.dll,70144,A0F0CFCB,20101
0,0,COM3D2OHx64_Data\Managed\LeapCSharp.NET3.5.dll,82432,38E38212,20101
0,0,COM3D2OHx64_Data\Managed\Mono.Data.Tds.dll,96256,2965324B,20101
0,0,COM3D2OHx64_Data\Managed\Mono.Posix.dll,184320,0CE35BE3,20101
0,0,COM3D2OHx64_Data\Managed\Mono.Security.dll,294912,66EB9979,20101
0,0,COM3D2OHx64_Data\Managed\Mono.WebBrowser.dll,172032,137B736F,20101
0,0,COM3D2OHx64_Data\Managed\mscorlib.dll,2590208,5166389B,20101
0,0,COM3D2OHx64_Data\Managed\Newtonsoft.Json.dll,494592,5C881B73,20101
0,0,COM3D2OHx64_Data\Managed\System.Configuration.dll,124928,72952344,20101
0,0,COM3D2OHx64_Data\Managed\System.Core.dll,297472,9E3EE5D7,20101
0,0,COM3D2OHx64_Data\Managed\System.Data.dll,856064,DDDB80CD,20101
0,0,COM3D2OHx64_Data\Managed\System.dll,1679360,13922617,20101
0,0,COM3D2OHx64_Data\Managed\System.Drawing.Design.dll,29696,E7B53FF9,20101
0,0,COM3D2OHx64_Data\Managed\System.Drawing.dll,448512,C4B2E872,20101
0,0,COM3D2OHx64_Data\Managed\System.EnterpriseServices.dll,46592,2C72A9FE,20101
0,0,COM3D2OHx64_Data\Managed\System.Security.dll,135168,1CE94C57,20101
0,0,COM3D2OHx64_Data\Managed\System.Transactions.dll,27648,45299FCF,20101
0,0,COM3D2OHx64_Data\Managed\System.Windows.Forms.dll,3053568,56394001,20101
0,0,COM3D2OHx64_Data\Managed\System.Xml.dll,1270272,4581A35B,20101
0,0,COM3D2OHx64_Data\Managed\System.Xml.Linq.dll,106496,E844371C,20101
0,0,COM3D2OHx64_Data\Managed\UnityEngine.dll,1393152,2C35388C,20101
0,0,COM3D2OHx64_Data\Managed\UnityEngine.dll.mdb,449828,8610375E,20101
0,0,COM3D2OHx64_Data\Managed\UnityEngine.Networking.dll,253952,2BDF701F,20101
0,0,COM3D2OHx64_Data\Managed\UnityEngine.UI.dll,245760,FA552B2D,20101
0,0,COM3D2OHx64_Data\Managed\UnityEngine.VR.dll,3072,A4582CD6,20101
0,0,COM3D2OHx64_Data\Managed\UnityScript.Lang.dll,13824,0DA8F681,20101
0,0,COM3D2OHx64_Data\Managed\Win32.dll,13312,7781C2A2,20101
0,0,COM3D2OHx64_Data\Managed\zxing.unity.dll,430592,9FD1F198,20101
0,0,COM3D2OHx64_Data\Mono\etc\mono\1.0\DefaultWsdlHelpGenerator.aspx,58196,10E814BF,20101
0,0,COM3D2OHx64_Data\Mono\etc\mono\1.0\machine.config,17258,EDE1AC59,20101
0,0,COM3D2OHx64_Data\Mono\etc\mono\2.0\Browsers\Compat.browser,1605,2E178A0B,20101
0,0,COM3D2OHx64_Data\Mono\etc\mono\2.0\DefaultWsdlHelpGenerator.aspx,60453,F3869A34,20101
0,0,COM3D2OHx64_Data\Mono\etc\mono\2.0\machine.config,27625,73C91C24,20101
0,0,COM3D2OHx64_Data\Mono\etc\mono\2.0\settings.map,2618,A1A3C29F,20101
0,0,COM3D2OHx64_Data\Mono\etc\mono\2.0\web.config,11686,534A9960,20101
0,0,COM3D2OHx64_Data\Mono\etc\mono\mconfig\config.xml,25817,80B2033A,20101
0,0,COM3D2OHx64_Data\Mono\etc\mono\browscap.ini,311984,CE6C0AB3,20101
0,0,COM3D2OHx64_Data\Mono\etc\mono\config,1691,A635914A,20101
0,0,COM3D2OHx64_Data\Mono\mono.dll,2618816,0BEA8C0F,20101
0,0,COM3D2OHx64_Data\Mono\MonoPosixHelper.dll,113664,9B5E1E4D,20101
0,0,COM3D2OHx64_Data\Plugins\assimp.dll,4388864,7C910D84,20101
0,0,COM3D2OHx64_Data\Plugins\Audio360.dll,1499136,2D77400A,20101
0,0,COM3D2OHx64_Data\Plugins\AVProVideo.dll,891392,A3612D4B,20101
0,0,COM3D2OHx64_Data\Plugins\clothpp.dll,112128,7C3264A4,20101
0,0,COM3D2OHx64_Data\Plugins\cm3d2.dll,2083328,2C43296A,20101
0,0,COM3D2OHx64_Data\Plugins\device_hook.dll,738816,F61E7CED,20101
0,0,COM3D2OHx64_Data\Plugins\FbxExporterCore.dll,12491776,CBAA51C1,20101
0,0,COM3D2OHx64_Data\Plugins\FoveClient.dll,1849384,58C8B4F6,20101
0,0,COM3D2OHx64_Data\Plugins\LeapC.dll,2516992,FBDD3767,20101
0,0,COM3D2OHx64_Data\Plugins\openvr_api.dll,318272,44432E0F,20101
0,0,COM3D2OHx64_Data\Plugins\OVRGamepad.dll,12800,2C526135,20101
0,0,COM3D2OHx64_Data\Plugins\OVRLipSync.dll,2512296,391C1F4C,20101
0,0,COM3D2OHx64_Data\Plugins\OVRPlugin.dll,1898408,5DD05B6C,20101
0,0,COM3D2OHx64_Data\Plugins\Win32-WebView.dll,504832,382AEE66,20101
0,0,COM3D2OHx64_Data\Resources\unity default resources,752360,71DB1AEA,20101
0,0,COM3D2OHx64_Data\Resources\unity_builtin_extra,284012,91145F7F,20101
0,0,COM3D2OHx64_Data\app.info,42,6CD75754,20101
0,0,COM3D2OHx64_Data\globalgamemanagers,4529076,488E80B8,20101
0,0,COM3D2OHx64_Data\globalgamemanagers.assets,246508,DB39DF8E,20101
0,0,COM3D2OHx64_Data\level0,329764,6DC9DE79,20101
0,0,COM3D2OHx64_Data\level1,352908,75E41630,20101
0,0,COM3D2OHx64_Data\level2,744540,B6E63937,20101
0,0,COM3D2OHx64_Data\level3,1218284,F488CCE2,20101
0,0,COM3D2OHx64_Data\level4,1312540,9E77F856,20101
0,0,COM3D2OHx64_Data\level5,331260,6F0CB62E,20101
0,0,COM3D2OHx64_Data\level6,421420,92FA1C8D,20101
0,0,COM3D2OHx64_Data\level7,330292,A1375994,20101
0,0,COM3D2OHx64_Data\level8,397724,5BDB7B4F,20101
0,0,COM3D2OHx64_Data\level9,333404,998616F6,20101
0,0,COM3D2OHx64_Data\level10,701124,AE76B5BE,20101
0,0,COM3D2OHx64_Data\level11,7476,4F87062A,20101
0,0,COM3D2OHx64_Data\level12,332220,2A7FBE3C,20101
0,0,COM3D2OHx64_Data\level13,4664,4787CDD2,20101
0,0,COM3D2OHx64_Data\level14,348908,2C579B2A,20101
0,0,COM3D2OHx64_Data\level15,338604,A17A79C8,20101
0,0,COM3D2OHx64_Data\level16,960740,0A9F1769,20101
0,0,COM3D2OHx64_Data\level17,431428,18DFD01B,20101
0,0,COM3D2OHx64_Data\level18,1090396,C0A966CE,20101
0,0,COM3D2OHx64_Data\level19,414908,9281E279,20101
0,0,COM3D2OHx64_Data\level20,2202380,E8E1D579,20101
0,0,COM3D2OHx64_Data\level21,1120404,B412BB66,20101
0,0,COM3D2OHx64_Data\level22,1093708,A329C8A7,20101
0,0,COM3D2OHx64_Data\level23,451980,5CE2392B,20101
0,0,COM3D2OHx64_Data\level24,27904,DEF731AC,20101
0,0,COM3D2OHx64_Data\level24.resS,131232,851AC384,20101
0,0,COM3D2OHx64_Data\level25,51676,25F84F85,20101
0,0,COM3D2OHx64_Data\level26,56036,E474264B,20101
0,0,COM3D2OHx64_Data\level27,6832,FB7349D9,20101
0,0,COM3D2OHx64_Data\level28,330668,BED3A24C,20101
0,0,COM3D2OHx64_Data\level29,1581708,54F94B6C,20101
0,0,COM3D2OHx64_Data\level30,1438340,50DF1759,20101
0,0,COM3D2OHx64_Data\level31,1459940,2A47FAB9,20101
0,0,COM3D2OHx64_Data\level32,1355340,2BE7BE23,20101
0,0,COM3D2OHx64_Data\level33,1419812,EEA78786,20101
0,0,COM3D2OHx64_Data\level34,1545220,A9C9793F,20101
0,0,COM3D2OHx64_Data\level35,1282052,49535D89,20101
0,0,COM3D2OHx64_Data\level36,1032828,10D66C73,20101
0,0,COM3D2OHx64_Data\level37,1040116,6523B150,20101
0,0,COM3D2OHx64_Data\level38,1282052,20A10EB1,20101
0,0,COM3D2OHx64_Data\level39,1162812,DCA437BA,20101
0,0,COM3D2OHx64_Data\level40,951380,ACDCDD4E,20101
0,0,COM3D2OHx64_Data\level41,1237788,B796A676,20101
0,0,COM3D2OHx64_Data\level42,1380092,F702C02D,20101
0,0,COM3D2OHx64_Data\level43,1338788,AC2BFFED,20101
0,0,COM3D2OHx64_Data\level44,923612,1049D80B,20101
0,0,COM3D2OHx64_Data\level45,405596,B23A5755,20101
0,0,COM3D2OHx64_Data\level46,401964,B43FD707,20101
0,0,COM3D2OHx64_Data\level47,445676,724498C0,20101
0,0,COM3D2OHx64_Data\level48,467804,5031915C,20101
0,0,COM3D2OHx64_Data\level49,396204,520326CC,20101
0,0,COM3D2OHx64_Data\level50,456164,56E12275,20101
0,0,COM3D2OHx64_Data\level51,1045620,9E1C8759,20101
0,0,COM3D2OHx64_Data\level52,970188,60556801,20101
0,0,COM3D2OHx64_Data\level53,448884,657C981A,20101
0,0,COM3D2OHx64_Data\level54,471028,66BAFA15,20101
0,0,COM3D2OHx64_Data\level55,461612,B7D4FF59,20101
0,0,COM3D2OHx64_Data\level56,1050028,8F933F65,20101
0,0,COM3D2OHx64_Data\level57,1010468,FBD924C4,20101
0,0,COM3D2OHx64_Data\level58,454660,D7116AF5,20101
0,0,COM3D2OHx64_Data\level59,439180,2AAD9E03,20101
0,0,COM3D2OHx64_Data\level60,420868,FDE7491C,20101
0,0,COM3D2OHx64_Data\level61,1389420,E4CD08CB,20101
0,0,COM3D2OHx64_Data\level62,1330340,9D62ED9E,20101
0,0,COM3D2OHx64_Data\level63,507676,5DAA9080,20101
0,0,COM3D2OHx64_Data\level64,409780,B4FD548D,20101
0,0,COM3D2OHx64_Data\level65,1258356,9A7E3092,20101
0,0,COM3D2OHx64_Data\level66,976188,F01B56A7,20101
0,0,COM3D2OHx64_Data\level67,1434828,CEB625D1,20101
0,0,COM3D2OHx64_Data\level68,1375964,49270499,20101
0,0,COM3D2OHx64_Data\level69,1581716,6F553F97,20101
0,0,COM3D2OHx64_Data\level70,1545228,EB21BA4E,20101
0,0,COM3D2OHx64_Data\level71,1377132,3E8359F4,20101
0,0,COM3D2OHx64_Data\level72,1343076,D4E4665F,20101
0,0,COM3D2OHx64_Data\level73,430732,B2E91D17,20101
0,0,COM3D2OHx64_Data\level74,411180,246CC13A,20101
0,0,COM3D2OHx64_Data\level75,1054884,85B10C8D,20101
0,0,COM3D2OHx64_Data\level76,856172,7FEE4699,20101
0,0,COM3D2OHx64_Data\level77,962940,ACA5FEDF,20101
0,0,COM3D2OHx64_Data\level78,857132,2CB0F0C9,20101
0,0,COM3D2OHx64_Data\level79,1035684,065E1DFE,20101
0,0,COM3D2OHx64_Data\level80,1699196,0DBFAA10,20101
0,0,COM3D2OHx64_Data\level81,1650284,2634A912,20101
0,0,COM3D2OHx64_Data\level82,1118724,F3116C2E,20101
0,0,COM3D2OHx64_Data\level83,1062564,75FE48EB,20101
0,0,COM3D2OHx64_Data\level84,1518020,8DB32AB5,20101
0,0,COM3D2OHx64_Data\level85,1616948,24DF53ED,20101
0,0,COM3D2OHx64_Data\level86,1060460,B6A8C9D1,20101
0,0,COM3D2OHx64_Data\level87,976004,42EC0D49,20101
0,0,COM3D2OHx64_Data\level88,1684956,16CC36C4,20101
0,0,COM3D2OHx64_Data\level89,1581764,519528CF,20101
0,0,COM3D2OHx64_Data\level90,472316,02674CDD,20101
0,0,COM3D2OHx64_Data\level91,492108,9115DC84,20101
0,0,COM3D2OHx64_Data\level92,580580,69C8232C,20101
0,0,COM3D2OHx64_Data\level93,540148,E8A46920,20101
0,0,COM3D2OHx64_Data\level93.resS,131232,9337BCA3,20101
0,0,COM3D2OHx64_Data\level94,467372,C7E387F9,20101
0,0,COM3D2OHx64_Data\level95,566604,C3E06D97,20101
0,0,COM3D2OHx64_Data\level96,490692,453C22E5,20101
0,0,COM3D2OHx64_Data\level97,1739612,707724C9,20101
0,0,COM3D2OHx64_Data\level98,1482180,1A158248,20101
0,0,COM3D2OHx64_Data\level99,1310316,1F682261,20101
0,0,COM3D2OHx64_Data\level100,1141348,4E30F9D2,20101
0,0,COM3D2OHx64_Data\level101,1228788,A8688DBA,20101
0,0,COM3D2OHx64_Data\level102,1420116,2C56B3C4,20101
0,0,COM3D2OHx64_Data\level103,1325844,AF4408A8,20101
0,0,COM3D2OHx64_Data\level104,944052,78D8353E,20101
0,0,COM3D2OHx64_Data\level105,561588,135AF9FB,20101
0,0,COM3D2OHx64_Data\level106,1006716,E1494F89,20101
0,0,COM3D2OHx64_Data\level107,929380,23D88FAC,20101
0,0,COM3D2OHx64_Data\resources.assets,437166352,680FA1EC,20101
0,0,COM3D2OHx64_Data\resources.assets.resS,1798828388,FF8DF6A0,20101
0,0,COM3D2OHx64_Data\resources.resource,727392,54F90BDA,20101
0,0,COM3D2OHx64_Data\sharedassets0.assets,115226588,2E8A7D21,20101
0,0,COM3D2OHx64_Data\sharedassets0.assets.resS,28071636,ECEFB46B,20101
0,0,COM3D2OHx64_Data\sharedassets1.assets,6256,4F32CFDF,20101
0,0,COM3D2OHx64_Data\sharedassets2.assets,6556,27313296,20101
0,0,COM3D2OHx64_Data\sharedassets3.assets,12964,EF77E221,20101
0,0,COM3D2OHx64_Data\sharedassets4.assets,7228,A0028BA3,20101
0,0,COM3D2OHx64_Data\sharedassets5.assets,6136,C30751D7,20101
0,0,COM3D2OHx64_Data\sharedassets6.assets,7096,4C24447B,20101
0,0,COM3D2OHx64_Data\sharedassets7.assets,6088,E3094A58,20101
0,0,COM3D2OHx64_Data\sharedassets8.assets,6328,66C13DF5,20101
0,0,COM3D2OHx64_Data\sharedassets9.assets,6232,4D95EDAA,20101
0,0,COM3D2OHx64_Data\sharedassets10.assets,6652,DE101115,20101
0,0,COM3D2OHx64_Data\sharedassets11.assets,4564,720013A1,20101
0,0,COM3D2OHx64_Data\sharedassets12.assets,6148,79D51213,20101
0,0,COM3D2OHx64_Data\sharedassets13.assets,4132,EDE944BD,20101
0,0,COM3D2OHx64_Data\sharedassets14.assets,6868,D1A53559,20101
0,0,COM3D2OHx64_Data\sharedassets15.assets,6232,EF961421,20101
0,0,COM3D2OHx64_Data\sharedassets16.assets,12676,33BDDF2C,20101
0,0,COM3D2OHx64_Data\sharedassets17.assets,6292,5C8DC1C9,20101
0,0,COM3D2OHx64_Data\sharedassets18.assets,12736,3AD1DD1B,20101
0,0,COM3D2OHx64_Data\sharedassets19.assets,6316,8EA920F2,20101
0,0,COM3D2OHx64_Data\sharedassets20.assets,7096,A24C4F38,20101
0,0,COM3D2OHx64_Data\sharedassets21.assets,12712,6E3E5158,20101
0,0,COM3D2OHx64_Data\sharedassets22.assets,12712,6E3E5158,20101
0,0,COM3D2OHx64_Data\sharedassets23.assets,18126856,B08C315A,20101
0,0,COM3D2OHx64_Data\sharedassets24.assets,12328,7BC9DFC0,20101
0,0,COM3D2OHx64_Data\sharedassets25.assets,4420,A5582CF0,20101
0,0,COM3D2OHx64_Data\sharedassets26.assets,4324,DF4150E2,20101
0,0,COM3D2OHx64_Data\sharedassets27.assets,4264,CBF4654F,20101
0,0,COM3D2OHx64_Data\sharedassets28.assets,6124,1F5F8C59,20101
0,0,COM3D2OHx64_Data\sharedassets29.assets,12676,7CCDB238,20101
0,0,COM3D2OHx64_Data\sharedassets30.assets,12676,6AF5ABC9,20101
0,0,COM3D2OHx64_Data\sharedassets31.assets,12676,DD3B20E3,20101
0,0,COM3D2OHx64_Data\sharedassets32.assets,9400,5E7EC3E7,20101
0,0,COM3D2OHx64_Data\sharedassets33.assets,9508,2F6CB4C5,20101
0,0,COM3D2OHx64_Data\sharedassets34.assets,9496,D4B8D172,20101
0,0,COM3D2OHx64_Data\sharedassets35.assets,12760,6B442BF0,20101
0,0,COM3D2OHx64_Data\sharedassets36.assets,9292,7CCFF90E,20101
0,0,COM3D2OHx64_Data\sharedassets37.assets,9328,A0C1FB8B,20101
0,0,COM3D2OHx64_Data\sharedassets38.assets,12760,6B442BF0,20101
0,0,COM3D2OHx64_Data\sharedassets39.assets,9532,52BAA5D6,20101
0,0,COM3D2OHx64_Data\sharedassets40.assets,9328,A0C1FB8B,20101
0,0,COM3D2OHx64_Data\sharedassets41.assets,9472,58C7E647,20101
0,0,COM3D2OHx64_Data\sharedassets42.assets,12676,5A7987FA,20101
0,0,COM3D2OHx64_Data\sharedassets43.assets,9508,2F6CB4C5,20101
0,0,COM3D2OHx64_Data\sharedassets44.assets,9496,D4B8D172,20101
0,0,COM3D2OHx64_Data\sharedassets45.assets,42236540,E83B1C45,20101
0,0,COM3D2OHx64_Data\sharedassets45.assets.resS,87400,8BA6C322,20101
0,0,COM3D2OHx64_Data\sharedassets46.assets,38246508,165088C8,20101
0,0,COM3D2OHx64_Data\sharedassets47.assets,32874604,75A3C52B,20101
0,0,COM3D2OHx64_Data\sharedassets48.assets,36735684,8AB805B5,20101
0,0,COM3D2OHx64_Data\sharedassets48.assets.resS,174776,5B619AF1,20101
0,0,COM3D2OHx64_Data\sharedassets49.assets,41277360,8D5AC775,20101
0,0,COM3D2OHx64_Data\sharedassets50.assets,39399112,CFBC7590,20101
0,0,COM3D2OHx64_Data\sharedassets51.assets,3017228,6537EC0C,20101
0,0,COM3D2OHx64_Data\sharedassets51.assets.resS,611728,7BFBEAAE,20101
0,0,COM3D2OHx64_Data\sharedassets52.assets,9556,39C19065,20101
0,0,COM3D2OHx64_Data\sharedassets53.assets,6508,C9E22FC9,20101
0,0,COM3D2OHx64_Data\sharedassets54.assets,6508,C9E22FC9,20101
0,0,COM3D2OHx64_Data\sharedassets55.assets,6508,C9E22FC9,20101
0,0,COM3D2OHx64_Data\sharedassets56.assets,12688,7998E69C,20101
0,0,COM3D2OHx64_Data\sharedassets57.assets,9508,0EF59727,20101
0,0,COM3D2OHx64_Data\sharedassets58.assets,6472,72C74BFD,20101
0,0,COM3D2OHx64_Data\sharedassets59.assets,59364,84D694E9,20101
0,0,COM3D2OHx64_Data\sharedassets59.assets.resS,174776,B51EE5DC,20101
0,0,COM3D2OHx64_Data\sharedassets60.assets,6484,F49B807C,20101
0,0,COM3D2OHx64_Data\sharedassets61.assets,759744,43BBA7F7,20101
0,0,COM3D2OHx64_Data\sharedassets61.assets.resS,1310880,58801C35,20101
0,0,COM3D2OHx64_Data\sharedassets61.resource,1178176,90268BF4,20101
0,0,COM3D2OHx64_Data\sharedassets62.assets,9376,B2C6D368,20101
0,0,COM3D2OHx64_Data\sharedassets63.assets,3412512,95A74A41,20101
0,0,COM3D2OHx64_Data\sharedassets63.assets.resS,6226112,B3E98769,20101
0,0,COM3D2OHx64_Data\sharedassets64.assets,6580,C13D058E,20101
0,0,COM3D2OHx64_Data\sharedassets65.assets,13936,EB1B012A,20101
0,0,COM3D2OHx64_Data\sharedassets66.assets,9496,D4B8D172,20101
0,0,COM3D2OHx64_Data\sharedassets67.assets,12712,C44A0503,20101
0,0,COM3D2OHx64_Data\sharedassets68.assets,9496,1D6E4446,20101
0,0,COM3D2OHx64_Data\sharedassets69.assets,12676,7CCDB238,20101
0,0,COM3D2OHx64_Data\sharedassets70.assets,9496,D4B8D172,20101
0,0,COM3D2OHx64_Data\sharedassets71.assets,12712,C44A0503,20101
0,0,COM3D2OHx64_Data\sharedassets72.assets,10444,3654CFCB,20101
0,0,COM3D2OHx64_Data\sharedassets73.assets,6928,96E4CE02,20101
0,0,COM3D2OHx64_Data\sharedassets74.assets,6436,4DC70D6B,20101
0,0,COM3D2OHx64_Data\sharedassets75.assets,11732,512DAF16,20101
0,0,COM3D2OHx64_Data\sharedassets75.resource,2729184,2D4064D6,20101
0,0,COM3D2OHx64_Data\sharedassets76.assets,11596,324C69BC,20101
0,0,COM3D2OHx64_Data\sharedassets77.assets,8296,68D1B4DD,20101
0,0,COM3D2OHx64_Data\sharedassets78.assets,7612,39A5BE83,20101
0,0,COM3D2OHx64_Data\sharedassets79.assets,353948,C8EC2E83,20101
0,0,COM3D2OHx64_Data\sharedassets79.assets.resS,2272048,E50143CB,20101
0,0,COM3D2OHx64_Data\sharedassets79.resource,6236800,C7E9CFDE,20101
0,0,COM3D2OHx64_Data\sharedassets80.assets,6568400,C2DFE367,20101
0,0,COM3D2OHx64_Data\sharedassets80.assets.resS,10936,3B0D7ADF,20101
0,0,COM3D2OHx64_Data\sharedassets80.resource,1136352,956B5452,20101
0,0,COM3D2OHx64_Data\sharedassets81.assets,10312,046DF13D,20101
0,0,COM3D2OHx64_Data\sharedassets82.assets,12844,1099BFDD,20101
0,0,COM3D2OHx64_Data\sharedassets83.assets,9640,5B9AF6AA,20101
0,0,COM3D2OHx64_Data\sharedassets84.assets,9764,6EC0113B,20101
0,0,COM3D2OHx64_Data\sharedassets84.resource,1003968,52A085C2,20101
0,0,COM3D2OHx64_Data\sharedassets85.assets,13000,85A439F2,20101
0,0,COM3D2OHx64_Data\sharedassets86.assets,12904,8DAB1009,20101
0,0,COM3D2OHx64_Data\sharedassets87.assets,9580,BA6F22EE,20101
0,0,COM3D2OHx64_Data\sharedassets88.assets,13348,3ABB54EB,20101
0,0,COM3D2OHx64_Data\sharedassets88.resource,1166848,2709F6C2,20101
0,0,COM3D2OHx64_Data\sharedassets89.assets,9892,AC7A70D2,20101
0,0,COM3D2OHx64_Data\sharedassets90.assets,6664,2E5F5413,20101
0,0,COM3D2OHx64_Data\sharedassets91.assets,6664,2E5F5413,20101
0,0,COM3D2OHx64_Data\sharedassets92.assets,6628,BA66C4A1,20101
0,0,COM3D2OHx64_Data\sharedassets93.assets,6340,630629F0,20101
0,0,COM3D2OHx64_Data\sharedassets94.assets,6628,BA66C4A1,20101
0,0,COM3D2OHx64_Data\sharedassets95.assets,6724,CE790132,20101
0,0,COM3D2OHx64_Data\sharedassets96.assets,6628,BA66C4A1,20101
0,0,COM3D2OHx64_Data\sharedassets97.assets,12856,1EBBB4EF,20101
0,0,COM3D2OHx64_Data\sharedassets98.assets,9544,BE78A589,20101
0,0,COM3D2OHx64_Data\sharedassets99.assets,394920,726957D9,20101
0,0,COM3D2OHx64_Data\sharedassets99.assets.resS,2184640,DF887086,20101
0,0,COM3D2OHx64_Data\sharedassets100.assets,9748,0A9CBA02,20101
0,0,COM3D2OHx64_Data\sharedassets100.resource,2751968,AE761A89,20101
0,0,COM3D2OHx64_Data\sharedassets101.assets,12928,AD676A2B,20101
0,0,COM3D2OHx64_Data\sharedassets102.assets,12964,1F3AD532,20101
0,0,COM3D2OHx64_Data\sharedassets103.assets,9640,AD0574F4,20101
0,0,COM3D2OHx64_Data\sharedassets104.assets,7172,EC57D5CE,20101
0,0,COM3D2OHx64_Data\sharedassets104.resource,6331552,B816A215,20101
0,0,COM3D2OHx64_Data\sharedassets105.assets,7048,BC5F38DB,20101
0,0,COM3D2OHx64_Data\sharedassets106.assets,86916,3CDCA803,20101
0,0,COM3D2OHx64_Data\sharedassets106.resource,8838816,EBFF12DA,20101
0,0,COM3D2OHx64_Data\sharedassets107.assets,8200,0749F661,20101
0,0,COM3D2OHx64.exe,22841856,858642A8,20102
