0,0,CM3D2.exe,9558016,7808DA5C,1004
0,0,CM3D2x64.exe,14914560,C06F8490,114
0,0,CM3D2x64_Data\level0,154376,079F4710,114
0,0,CM3D2x64_Data\level1,209928,905F15E3,114
0,0,CM3D2x64_Data\level10,140120,5DAF2116,114
0,0,CM3D2x64_Data\level11,164464,A4DA731E,114
0,0,CM3D2x64_Data\level12,140120,1CA635FB,114
0,0,CM3D2x64_Data\level13,423024,7E45556B,114
0,0,CM3D2x64_Data\level14,4376,187AA540,114
0,0,CM3D2x64_Data\level15,143184,FDCE0899,114
0,0,CM3D2x64_Data\level16,4376,4E98A60C,114
0,0,CM3D2x64_Data\level17,140880,114D1895,114
0,0,CM3D2x64_Data\level18,193328,D958ECFE,114
0,0,CM3D2x64_Data\level19,352992,AFA8FD85,114
0,0,CM3D2x64_Data\level2,427672,965047BA,114
0,0,CM3D2x64_Data\level20,160592,0E9A2CFD,114
0,0,CM3D2x64_Data\level21,430992,5E2B68F6,114
0,0,CM3D2x64_Data\level3,475288,74B28183,114
0,0,CM3D2x64_Data\level4,547920,33E630A4,114
0,0,CM3D2x64_Data\level5,140528,FBAEAF7C,114
0,0,CM3D2x64_Data\level6,277152,1BA77AC8,114
0,0,CM3D2x64_Data\level7,180952,8BCE9920,114
0,0,CM3D2x64_Data\level8,177144,4F66EAF6,114
0,0,CM3D2x64_Data\level9,150136,A7B68BE4,114
0,0,CM3D2x64_Data\mainData,845544,3735D74A,114
0,0,CM3D2x64_Data\PlayerConnectionConfigFile,21,2B70C3CB,114
0,0,CM3D2x64_Data\resources.assets,215819440,D077139D,114
0,0,CM3D2x64_Data\sharedassets0.assets,236804024,3B334326,114
0,0,CM3D2x64_Data\sharedassets1.assets,6998796,71F0FC3A,114
0,0,CM3D2x64_Data\sharedassets10.assets,5256,0CC023E8,114
0,0,CM3D2x64_Data\sharedassets11.assets,466308,3C233868,114
0,0,CM3D2x64_Data\sharedassets12.assets,5280,CCE8CAB9,114
0,0,CM3D2x64_Data\sharedassets13.assets,466308,BD59D7E1,114
0,0,CM3D2x64_Data\sharedassets14.assets,1758656,84FEF54F,114
0,0,CM3D2x64_Data\sharedassets15.assets,4112,04D8FC43,114
0,0,CM3D2x64_Data\sharedassets16.assets,4200896,891C1F8F,114
0,0,CM3D2x64_Data\sharedassets17.assets,4112,91CEB118,114
0,0,CM3D2x64_Data\sharedassets18.assets,5320,F3614FF1,114
0,0,CM3D2x64_Data\sharedassets19.assets,3691748,3B7BD341,114
0,0,CM3D2x64_Data\sharedassets2.assets,5612280,63B03B6A,114
0,0,CM3D2x64_Data\sharedassets20.assets,1587628,D82062DC,114
0,0,CM3D2x64_Data\sharedassets21.assets,5328,50CF8E77,114
0,0,CM3D2x64_Data\sharedassets22.assets,72624,6A13CC14,114
0,0,CM3D2x64_Data\sharedassets3.assets,13906728,24D68E5A,114
0,0,CM3D2x64_Data\sharedassets4.assets,36843892,E56AE7F2,114
0,0,CM3D2x64_Data\sharedassets5.assets,6952140,CCF8B07A,114
0,0,CM3D2x64_Data\sharedassets6.assets,503336,B202C1CF,114
0,0,CM3D2x64_Data\sharedassets7.assets,5456,45DA1C2A,114
0,0,CM3D2x64_Data\sharedassets8.assets,355444,B624C593,114
0,0,CM3D2x64_Data\sharedassets9.assets,11891548,812B2635,114
0,0,CM3D2x64_Data\Managed\Accessibility.dll,10752,A358E135,114
0,0,CM3D2x64_Data\Managed\Assembly-CSharp-firstpass.dll,168960,0B34B7F7,114
0,0,CM3D2x64_Data\Managed\Assembly-CSharp.dll,1824256,4F228EDF,114
0,0,CM3D2x64_Data\Managed\Assembly-UnityScript-firstpass.dll,65024,EE7ED768,114
0,0,CM3D2x64_Data\Managed\Boo.Lang.dll,126976,B1FDC6B6,114
0,0,CM3D2x64_Data\Managed\JsonFx.Json.dll,70144,A0F0CFCB,114
0,0,CM3D2x64_Data\Managed\Mono.Data.Tds.dll,96256,DE9FBD55,114
0,0,CM3D2x64_Data\Managed\Mono.Posix.dll,184320,A333AAF5,114
0,0,CM3D2x64_Data\Managed\Mono.Security.dll,294912,D5BB48FC,114
0,0,CM3D2x64_Data\Managed\Mono.WebBrowser.dll,172032,5D310803,114
0,0,CM3D2x64_Data\Managed\mscorlib.dll,2590208,5A5FF75C,114
0,0,CM3D2x64_Data\Managed\System.Configuration.dll,124928,F88CF714,114
0,0,CM3D2x64_Data\Managed\System.Core.dll,300032,0504C277,114
0,0,CM3D2x64_Data\Managed\System.Data.dll,856064,1DE4F5EB,114
0,0,CM3D2x64_Data\Managed\System.dll,1678848,08B8E16D,114
0,0,CM3D2x64_Data\Managed\System.Drawing.Design.dll,29696,E7B53FF9,114
0,0,CM3D2x64_Data\Managed\System.Drawing.dll,448512,C4B2E872,114
0,0,CM3D2x64_Data\Managed\System.EnterpriseServices.dll,46592,1B56067D,114
0,0,CM3D2x64_Data\Managed\System.Security.dll,135168,A9F5B9F1,114
0,0,CM3D2x64_Data\Managed\System.Transactions.dll,27648,DE82E2C6,114
0,0,CM3D2x64_Data\Managed\System.Windows.Forms.dll,3053568,56394001,114
0,0,CM3D2x64_Data\Managed\System.Xml.dll,1270272,BCE39995,114
0,0,CM3D2x64_Data\Managed\System.Xml.Linq.dll,106496,1062D683,114
0,0,CM3D2x64_Data\Managed\UnityEngine.dll,614912,9B33F0CD,114
0,0,CM3D2x64_Data\Managed\UnityEngine.UI.dll,176128,078A6C17,114
0,0,CM3D2x64_Data\Managed\UnityScript.Lang.dll,14336,FAB8DDA9,114
0,0,CM3D2x64_Data\Mono\mono.dll,2601984,5E0870C0,114
0,0,CM3D2x64_Data\Mono\etc\mono\browscap.ini,311984,CE6C0AB3,114
0,0,CM3D2x64_Data\Mono\etc\mono\config,1691,A635914A,114
0,0,CM3D2x64_Data\Mono\etc\mono\1.0\DefaultWsdlHelpGenerator.aspx,58196,10E814BF,114
0,0,CM3D2x64_Data\Mono\etc\mono\1.0\machine.config,17259,82F1AD8B,114
0,0,CM3D2x64_Data\Mono\etc\mono\2.0\DefaultWsdlHelpGenerator.aspx,60453,F3869A34,114
0,0,CM3D2x64_Data\Mono\etc\mono\2.0\machine.config,27626,4F6C3F79,114
0,0,CM3D2x64_Data\Mono\etc\mono\2.0\settings.map,2618,A1A3C29F,114
0,0,CM3D2x64_Data\Mono\etc\mono\2.0\web.config,11686,534A9960,114
0,0,CM3D2x64_Data\Mono\etc\mono\2.0\Browsers\Compat.browser,1605,2E178A0B,114
0,0,CM3D2x64_Data\Mono\etc\mono\mconfig\config.xml,25817,80B2033A,114
0,0,CM3D2x64_Data\Plugins\cm3d2_x64.dll,1481216,0929FB15,114
0,0,CM3D2x64_Data\Plugins\device_hook.dll,87552,65F0207E,114
0,0,CM3D2x64_Data\Resources\unity default resources,1571709,31020360,114
0,0,CM3D2x64_Data\Resources\unity_builtin_extra,372672,3A678224,114
0,0,GameData\material2.arc,41309,E4FB9F26,114
0,0,GameData\model2.arc,4181861,8D3DA101,114
0,0,GameData\paths.dat,399,04576E83,114
0,0,GameData\script.arc,12019167,C5656BF4,114
0,0,GameData\sound2.arc,7107886,4EDEB0E1,114
