0,0,CM3D2.exe,9558016,7808DA5C,1004
0,0,CM3D2VRx64.exe,14914560,C06F8490,111
0,0,CM3D2VRx64_DirectToRift.exe,185344,1079B543,111
0,0,LICENSE,3453,541AF859,100
0,0,CM3D2VRx64_Data\level0,154392,B51DB348,111
0,0,CM3D2VRx64_Data\level1,209944,BF0C9D80,111
0,0,CM3D2VRx64_Data\level10,140136,0E27FACB,111
0,0,CM3D2VRx64_Data\level11,164480,1DB50216,111
0,0,CM3D2VRx64_Data\level12,140136,FF788B3F,111
0,0,CM3D2VRx64_Data\level13,423040,2B87AB3F,111
0,0,CM3D2VRx64_Data\level14,4376,D4D0A5DE,111
0,0,CM3D2VRx64_Data\level15,143200,B1E2C532,111
0,0,CM3D2VRx64_Data\level16,4376,4E98A60C,111
0,0,CM3D2VRx64_Data\level17,140896,DDB42603,111
0,0,CM3D2VRx64_Data\level18,193344,1CA9AE3E,111
0,0,CM3D2VRx64_Data\level19,353008,A56BFF82,111
0,0,CM3D2VRx64_Data\level2,427688,FE7F5932,111
0,0,CM3D2VRx64_Data\level3,475304,8D082C16,111
0,0,CM3D2VRx64_Data\level4,547936,4F22209D,111
0,0,CM3D2VRx64_Data\level5,140544,7176BD08,111
0,0,CM3D2VRx64_Data\level6,277168,CC2C5B41,111
0,0,CM3D2VRx64_Data\level7,180968,EFF993FE,111
0,0,CM3D2VRx64_Data\level8,177160,70C580AF,111
0,0,CM3D2VRx64_Data\level9,150152,6AC92549,111
0,0,CM3D2VRx64_Data\mainData,858344,E0F6D3E0,111
0,0,CM3D2VRx64_Data\OVRAppInfo,21,C45ED86B,111
0,0,CM3D2VRx64_Data\PlayerConnectionConfigFile,21,67DA7F4F,111
0,0,CM3D2VRx64_Data\resources.assets,208924032,932FF8D3,111
0,0,CM3D2VRx64_Data\sharedassets0.assets,236803632,74DF6824,111
0,0,CM3D2VRx64_Data\sharedassets1.assets,6998796,B853C0B1,111
0,0,CM3D2VRx64_Data\sharedassets10.assets,5256,22372EB9,111
0,0,CM3D2VRx64_Data\sharedassets11.assets,466308,89E4093A,111
0,0,CM3D2VRx64_Data\sharedassets12.assets,5280,3FA4DDD8,111
0,0,CM3D2VRx64_Data\sharedassets13.assets,466308,089EE6B3,111
0,0,CM3D2VRx64_Data\sharedassets14.assets,1758656,30CD0957,111
0,0,CM3D2VRx64_Data\sharedassets15.assets,4112,BC649B26,111
0,0,CM3D2VRx64_Data\sharedassets16.assets,4200896,3C7095E7,111
0,0,CM3D2VRx64_Data\sharedassets17.assets,4112,91CEB118,111
0,0,CM3D2VRx64_Data\sharedassets18.assets,5320,935F9612,111
0,0,CM3D2VRx64_Data\sharedassets19.assets,3691748,7C9613F5,111
0,0,CM3D2VRx64_Data\sharedassets2.assets,5612280,448F7440,111
0,0,CM3D2VRx64_Data\sharedassets20.assets,1587628,D7F8B860,111
0,0,CM3D2VRx64_Data\sharedassets3.assets,13906728,5F7A3883,111
0,0,CM3D2VRx64_Data\sharedassets4.assets,36866556,B1BFB68E,111
0,0,CM3D2VRx64_Data\sharedassets5.assets,6952140,F212C12D,111
0,0,CM3D2VRx64_Data\sharedassets6.assets,503336,2E24C95B,111
0,0,CM3D2VRx64_Data\sharedassets7.assets,5456,BA771FF6,111
0,0,CM3D2VRx64_Data\sharedassets8.assets,355444,008488D2,111
0,0,CM3D2VRx64_Data\sharedassets9.assets,11891548,A7C184FD,111
0,0,CM3D2VRx64_Data\Managed\Accessibility.dll,10752,A358E135,111
0,0,CM3D2VRx64_Data\Managed\Assembly-CSharp-firstpass.dll,163328,E4851F0F,111
0,0,CM3D2VRx64_Data\Managed\Assembly-CSharp.dll,1817600,A49B53AC,111
0,0,CM3D2VRx64_Data\Managed\Assembly-UnityScript-firstpass.dll,65024,2639A121,111
0,0,CM3D2VRx64_Data\Managed\Boo.Lang.dll,126976,B1FDC6B6,111
0,0,CM3D2VRx64_Data\Managed\JsonFx.Json.dll,70144,A0F0CFCB,111
0,0,CM3D2VRx64_Data\Managed\Mono.Data.Tds.dll,96256,DE9FBD55,111
0,0,CM3D2VRx64_Data\Managed\Mono.Posix.dll,184320,A333AAF5,111
0,0,CM3D2VRx64_Data\Managed\Mono.Security.dll,294912,D5BB48FC,111
0,0,CM3D2VRx64_Data\Managed\Mono.WebBrowser.dll,172032,5D310803,111
0,0,CM3D2VRx64_Data\Managed\mscorlib.dll,2590208,5A5FF75C,111
0,0,CM3D2VRx64_Data\Managed\System.Configuration.dll,124928,F88CF714,111
0,0,CM3D2VRx64_Data\Managed\System.Core.dll,300032,0504C277,111
0,0,CM3D2VRx64_Data\Managed\System.Data.dll,856064,1DE4F5EB,111
0,0,CM3D2VRx64_Data\Managed\System.dll,1678848,08B8E16D,111
0,0,CM3D2VRx64_Data\Managed\System.Drawing.Design.dll,29696,E7B53FF9,111
0,0,CM3D2VRx64_Data\Managed\System.Drawing.dll,448512,C4B2E872,111
0,0,CM3D2VRx64_Data\Managed\System.EnterpriseServices.dll,46592,1B56067D,111
0,0,CM3D2VRx64_Data\Managed\System.Security.dll,135168,A9F5B9F1,111
0,0,CM3D2VRx64_Data\Managed\System.Transactions.dll,27648,DE82E2C6,111
0,0,CM3D2VRx64_Data\Managed\System.Windows.Forms.dll,3053568,56394001,111
0,0,CM3D2VRx64_Data\Managed\System.Xml.dll,1270272,BCE39995,111
0,0,CM3D2VRx64_Data\Managed\System.Xml.Linq.dll,106496,1062D683,111
0,0,CM3D2VRx64_Data\Managed\UnityEngine.dll,614912,9B33F0CD,111
0,0,CM3D2VRx64_Data\Managed\UnityEngine.UI.dll,176128,078A6C17,111
0,0,CM3D2VRx64_Data\Managed\UnityScript.Lang.dll,14336,FAB8DDA9,111
0,0,CM3D2VRx64_Data\Mono\mono.dll,2601984,5E0870C0,111
0,0,CM3D2VRx64_Data\Mono\etc\mono\browscap.ini,311984,CE6C0AB3,111
0,0,CM3D2VRx64_Data\Mono\etc\mono\config,1691,A635914A,111
0,0,CM3D2VRx64_Data\Mono\etc\mono\1.0\DefaultWsdlHelpGenerator.aspx,58196,10E814BF,111
0,0,CM3D2VRx64_Data\Mono\etc\mono\1.0\machine.config,17259,82F1AD8B,111
0,0,CM3D2VRx64_Data\Mono\etc\mono\2.0\DefaultWsdlHelpGenerator.aspx,60453,F3869A34,111
0,0,CM3D2VRx64_Data\Mono\etc\mono\2.0\machine.config,27626,4F6C3F79,111
0,0,CM3D2VRx64_Data\Mono\etc\mono\2.0\settings.map,2618,A1A3C29F,111
0,0,CM3D2VRx64_Data\Mono\etc\mono\2.0\web.config,11686,534A9960,111
0,0,CM3D2VRx64_Data\Mono\etc\mono\2.0\Browsers\Compat.browser,1605,2E178A0B,111
0,0,CM3D2VRx64_Data\Mono\etc\mono\mconfig\config.xml,25817,80B2033A,111
0,0,CM3D2VRx64_Data\Plugins\cm3d2_x64.dll,1474560,03BD180C,111
0,0,CM3D2VRx64_Data\Plugins\device_hook.dll,87552,65F0207E,111
0,0,CM3D2VRx64_Data\Plugins\OculusPlugin.dll,146944,34E75356,111
0,0,CM3D2VRx64_Data\Resources\unity default resources,1571709,31020360,111
0,0,CM3D2VRx64_Data\Resources\unity_builtin_extra,372672,3A678224,111
0,0,GameData\material_vr.arc,1393,E8F3D878,100
0,0,GameData\menu_vr.arc,1262,6510B03E,100
0,0,GameData\model_vr.arc,70824,C9DCB2E5,100
0,0,GameData\texture_vr.arc,470392,5F59D9B6,100
