0,0,CM3D2OH.exe,7707136,A913B79B,1007
0,0,CM3D2OHx64.exe,20649984,0A92CEB6,146
0,0,LICENSE,19099,328E95A1,1460
0,0,CM3D2OHx64_Data\globalgamemanagers,1350108,D847CF84,1460
0,0,CM3D2OHx64_Data\globalgamemanagers.assets,121420,3BA1E3AD,1460
0,0,CM3D2OHx64_Data\level0,189212,360CE955,1460
0,0,CM3D2OHx64_Data\level1,207188,62B0BE07,1460
0,0,CM3D2OHx64_Data\level10,548236,104BC333,1460
0,0,CM3D2OHx64_Data\level11,4640,DAE65740,1460
0,0,CM3D2OHx64_Data\level12,191836,960D48E3,1460
0,0,CM3D2OHx64_Data\level13,4640,9BB1C537,1460
0,0,CM3D2OHx64_Data\level14,209956,87F6FDAB,1460
0,0,CM3D2OHx64_Data\level15,304524,F1A4F467,1460
0,0,CM3D2OHx64_Data\level16,451420,497EB4B2,1460
0,0,CM3D2OHx64_Data\level17,215324,41585D6A,1460
0,0,CM3D2OHx64_Data\level18,537828,CF356822,1460
0,0,CM3D2OHx64_Data\level19,273324,DE11A683,1460
0,0,CM3D2OHx64_Data\level2,287628,C04D126B,1460
0,0,CM3D2OHx64_Data\level20,660276,70AB299D,1460
0,0,CM3D2OHx64_Data\level21,1291556,A7B3D51D,1460
0,0,CM3D2OHx64_Data\level22,519484,E141B344,1460
0,0,CM3D2OHx64_Data\level23,612468,61A36385,1460
0,0,CM3D2OHx64_Data\level24,843676,DFEF10FF,1460
0,0,CM3D2OHx64_Data\level25,704620,780F7752,1460
0,0,CM3D2OHx64_Data\level26,551780,FDA02840,1460
0,0,CM3D2OHx64_Data\level27,826836,2DFC7E73,1460
0,0,CM3D2OHx64_Data\level3,597252,24C2CEFE,1460
0,0,CM3D2OHx64_Data\level4,620132,706CDBBB,1460
0,0,CM3D2OHx64_Data\level5,190260,D0362CF1,1460
0,0,CM3D2OHx64_Data\level6,234332,B5B00CD6,1460
0,0,CM3D2OHx64_Data\level7,189764,EB501066,1460
0,0,CM3D2OHx64_Data\level8,217212,07D21B74,1460
0,0,CM3D2OHx64_Data\level9,190796,D7103613,1460
0,0,CM3D2OHx64_Data\resources.assets,250504536,C2BF9B78,1460
0,0,CM3D2OHx64_Data\resources.assets.resS,410999820,A2072270,1460
0,0,CM3D2OHx64_Data\sharedassets0.assets,16483040,7C6B139D,1460
0,0,CM3D2OHx64_Data\sharedassets0.assets.resS,121728032,217CBB40,1460
0,0,CM3D2OHx64_Data\sharedassets1.assets,5920,ADA0283E,1460
0,0,CM3D2OHx64_Data\sharedassets10.assets,6244,D7C0C336,1460
0,0,CM3D2OHx64_Data\sharedassets11.assets,4132,EF35D7D5,1460
0,0,CM3D2OHx64_Data\sharedassets12.assets,5824,2EC084B6,1460
0,0,CM3D2OHx64_Data\sharedassets13.assets,4132,BB4183E8,1460
0,0,CM3D2OHx64_Data\sharedassets14.assets,6544,AC058720,1460
0,0,CM3D2OHx64_Data\sharedassets15.assets,5788,3CA5F97D,1460
0,0,CM3D2OHx64_Data\sharedassets16.assets,215280,7B62F09B,1460
0,0,CM3D2OHx64_Data\sharedassets16.assets.resS,51968,C41BC4E7,1460
0,0,CM3D2OHx64_Data\sharedassets17.assets,5860,07F576F5,1460
0,0,CM3D2OHx64_Data\sharedassets18.assets,74160,0BB6DD46,1460
0,0,CM3D2OHx64_Data\sharedassets19.assets,6004,735283BA,1460
0,0,CM3D2OHx64_Data\sharedassets2.assets,6136,6B6F134D,1460
0,0,CM3D2OHx64_Data\sharedassets20.assets,8128,2A4E460B,1460
0,0,CM3D2OHx64_Data\sharedassets21.assets,6580,60A8F6D5,1460
0,0,CM3D2OHx64_Data\sharedassets22.assets,39511712,19A1E2E4,1460
0,0,CM3D2OHx64_Data\sharedassets23.assets,67700952,6818FA85,1460
0,0,CM3D2OHx64_Data\sharedassets24.assets,67690184,5B952CD3,1460
0,0,CM3D2OHx64_Data\sharedassets25.assets,47233820,18FF1B91,1460
0,0,CM3D2OHx64_Data\sharedassets25.resource,3813344,7B95E5D4,1460
0,0,CM3D2OHx64_Data\sharedassets26.assets,80174972,6563B2E7,1460
0,0,CM3D2OHx64_Data\sharedassets27.assets,84139364,EBC97531,1460
0,0,CM3D2OHx64_Data\sharedassets3.assets,1310240,5C0A1744,1460
0,0,CM3D2OHx64_Data\sharedassets4.assets,6448,99CD6787,1460
0,0,CM3D2OHx64_Data\sharedassets5.assets,5788,2B17E10E,1460
0,0,CM3D2OHx64_Data\sharedassets6.assets,6268,3B25662E,1460
0,0,CM3D2OHx64_Data\sharedassets7.assets,5764,B8B5E1F9,1460
0,0,CM3D2OHx64_Data\sharedassets8.assets,5788,14106597,1460
0,0,CM3D2OHx64_Data\sharedassets9.assets,5812,B0F93CDD,1460
0,0,CM3D2OHx64_Data\Managed\Accessibility.dll,10752,594EE943,1460
0,0,CM3D2OHx64_Data\Managed\Assembly-CSharp-firstpass.dll,556544,E903C4A6,1460
0,0,CM3D2OHx64_Data\Managed\Assembly-CSharp.dll,2306560,E2582E03,1460
0,0,CM3D2OHx64_Data\Managed\Assembly-UnityScript-firstpass.dll,65024,A203F063,1460
0,0,CM3D2OHx64_Data\Managed\Boo.Lang.dll,126976,9ADD3789,1460
0,0,CM3D2OHx64_Data\Managed\Ionic.Zlib.dll,102400,7C9E7DD2,1460
0,0,CM3D2OHx64_Data\Managed\JsonFx.Json.dll,70144,A0F0CFCB,1460
0,0,CM3D2OHx64_Data\Managed\Mono.Data.Tds.dll,96256,DDA7BAB7,1460
0,0,CM3D2OHx64_Data\Managed\Mono.Posix.dll,184320,C7063ABB,1460
0,0,CM3D2OHx64_Data\Managed\Mono.Security.dll,294912,8C7E67B3,1460
0,0,CM3D2OHx64_Data\Managed\Mono.WebBrowser.dll,172032,541986C3,1460
0,0,CM3D2OHx64_Data\Managed\mscorlib.dll,2589696,AFA570E5,1460
0,0,CM3D2OHx64_Data\Managed\System.Configuration.dll,124928,D5F2A804,1460
0,0,CM3D2OHx64_Data\Managed\System.Core.dll,297472,BCE2218F,1460
0,0,CM3D2OHx64_Data\Managed\System.Data.dll,856064,F1D38D2E,1460
0,0,CM3D2OHx64_Data\Managed\System.dll,1679360,288F722A,1460
0,0,CM3D2OHx64_Data\Managed\System.Drawing.Design.dll,29696,E7B53FF9,1460
0,0,CM3D2OHx64_Data\Managed\System.Drawing.dll,448512,C4B2E872,1460
0,0,CM3D2OHx64_Data\Managed\System.EnterpriseServices.dll,46592,75A19B93,1460
0,0,CM3D2OHx64_Data\Managed\System.Security.dll,135168,365C74A7,1460
0,0,CM3D2OHx64_Data\Managed\System.Transactions.dll,27648,203D65C1,1460
0,0,CM3D2OHx64_Data\Managed\System.Windows.Forms.dll,3053568,56394001,1460
0,0,CM3D2OHx64_Data\Managed\System.Xml.dll,1270272,9B79033F,1460
0,0,CM3D2OHx64_Data\Managed\System.Xml.Linq.dll,106496,B3ACF139,1460
0,0,CM3D2OHx64_Data\Managed\UnityEngine.dll,972800,B3EB425F,1460
0,0,CM3D2OHx64_Data\Managed\UnityEngine.dll.mdb,353934,02424F6C,1460
0,0,CM3D2OHx64_Data\Managed\UnityEngine.Networking.dll,230912,EBC88F56,1460
0,0,CM3D2OHx64_Data\Managed\UnityEngine.UI.dll,219136,8E43BC11,1460
0,0,CM3D2OHx64_Data\Managed\UnityScript.Lang.dll,14336,13EE284D,1460
0,0,CM3D2OHx64_Data\Managed\zxing.unity.dll,430592,9FD1F198,1460
0,0,CM3D2OHx64_Data\Mono\mono.dll,2612696,2A5A1006,1460
0,0,CM3D2OHx64_Data\Mono\etc\mono\browscap.ini,311984,CE6C0AB3,1460
0,0,CM3D2OHx64_Data\Mono\etc\mono\config,1691,A635914A,1460
0,0,CM3D2OHx64_Data\Mono\etc\mono\1.0\DefaultWsdlHelpGenerator.aspx,58196,10E814BF,1460
0,0,CM3D2OHx64_Data\Mono\etc\mono\1.0\machine.config,17258,EDE1AC59,1460
0,0,CM3D2OHx64_Data\Mono\etc\mono\2.0\DefaultWsdlHelpGenerator.aspx,60453,F3869A34,1460
0,0,CM3D2OHx64_Data\Mono\etc\mono\2.0\machine.config,27625,73C91C24,1460
0,0,CM3D2OHx64_Data\Mono\etc\mono\2.0\settings.map,2618,A1A3C29F,1460
0,0,CM3D2OHx64_Data\Mono\etc\mono\2.0\web.config,11686,534A9960,1460
0,0,CM3D2OHx64_Data\Mono\etc\mono\2.0\Browsers\Compat.browser,1605,2E178A0B,1460
0,0,CM3D2OHx64_Data\Mono\etc\mono\mconfig\config.xml,25817,80B2033A,1460
0,0,CM3D2OHx64_Data\Plugins\cm3d2_hole_x64.dll,339968,09BB14AC,1460
0,0,CM3D2OHx64_Data\Plugins\cm3d2_x64.dll,1544192,1FEE76CF,1460
0,0,CM3D2OHx64_Data\Plugins\device_hook.dll,392704,C273C518,1460
0,0,CM3D2OHx64_Data\Resources\unity default resources,1544700,7137E221,1460
0,0,CM3D2OHx64_Data\Resources\unity_builtin_extra,142196,DF9A5755,1460
0,0,GameData\bg_pp001_2.arc,1237157,C9D912F7,1220
0,0,GameData\csv.arc,2918877,83478056,1462
0,0,GameData\csv_addpose001.arc,1235,D06FCA6D,1220
0,0,GameData\csv_cbl.arc,671928,B618F299,1460
0,0,GameData\csv_pp001_2.arc,10034,29181748,1370
0,0,GameData\csv_pp002_2.arc,450,65BCF215,1462
0,0,GameData\csv_urayome001_2.arc,1714,1D92B577,1401
0,0,GameData\csv_vp001_2.arc,2082,25E58CEB,1160
0,0,GameData\material2.arc,214082,9A3968AB,1460
0,0,GameData\material_denkigai2015s003_2.arc,7106,0C82D791,1150
0,0,GameData\material_denkigai2015wTowelR.arc,1602,618192B9,1360
0,0,GameData\material_dlc055_2.arc,5282,11A93109,1280
0,0,GameData\material_dlsite_2.arc,1762,C5A837EA,1150
0,0,GameData\material_shop001_2.arc,1762,D98CED1C,1150
0,0,GameData\material_shop002_2.arc,1762,956BB00E,1150
0,0,GameData\material_shop003_2.arc,1762,38CEBFF2,1150
0,0,GameData\material_shop005_2.arc,1714,3E621A32,1150
0,0,GameData\material_shop007_2.arc,2578,C8CE627C,1150
0,0,GameData\material_vp001_2.arc,11890,8CB043B0,1400
0,0,GameData\material_yomeido003_2.arc,1522,0689A7AC,1240
0,0,GameData\menu2.arc,230858,41CD9F15,1460
0,0,GameData\menu_denkigai2015s001_2.arc,6594,8B3E849F,1160
0,0,GameData\menu_denkigai2015s003_2.arc,4338,D294CE88,1150
0,0,GameData\menu_denkigai2015wTowelR.arc,1282,CECEE1FC,1360
0,0,GameData\menu_denkigai2016s_2.arc,1346,4A9440B1,1351
0,0,GameData\menu_denkigai2016w_2.arc,15154,C8D64D3B,1450
0,0,GameData\menu_dlcdenkigai2016w_2.arc,13522,45E7F667,1450
0,0,GameData\menu_dlc026_2.arc,3778,69453D54,1190
0,0,GameData\menu_dlc028_2.arc,3874,DE3F1C31,1200
0,0,GameData\menu_dlc041_2.arc,6786,97F738D3,1380
0,0,GameData\menu_dlc042_2.arc,1154,EE4016C0,1440
0,0,GameData\menu_dlc061_2.arc,3810,F99C1D4E,1290
0,0,GameData\menu_dlc065_2.arc,7602,D9387834,1380
0,0,GameData\menu_dlc074_2.arc,5618,24C559D7,1312
0,0,GameData\menu_dlc100_2.arc,1250,DFF94E9A,1400
0,0,GameData\menu_dlsite_2.arc,1954,B2268BA7,1150
0,0,GameData\menu_personal002_2.arc,1282,5687650C,1310
0,0,GameData\menu_shop001_2.arc,3314,35207C87,1150
0,0,GameData\menu_shop005_2.arc,1378,0C9AF725,1150
0,0,GameData\menu_vp001_2.arc,19138,7C7AFD9C,1400
0,0,GameData\menu_yomeido003_2.arc,1234,4D6F619D,1240
0,0,GameData\menu_yomeidogp_wedding_2.arc,3954,C251B12C,1320
0,0,GameData\model2.arc,12337467,EC8FFA97,1460
0,0,GameData\model_denkigai2015s003_2.arc,394665,41A48185,1150
0,0,GameData\model_denkigai2015wTowelR.arc,38258,FB570A24,1360
0,0,GameData\model_dlc005_2.arc,175424,F7DD7D82,1270
0,0,GameData\model_dlc046_2.arc,155690,83B34173,1220
0,0,GameData\model_dlc073_2.arc,267037,47D33A06,1320
0,0,GameData\model_dlc100_2.arc,691347,7C3D679D,1400
0,0,GameData\model_dlc109_2.arc,137998,8FCCF513,1460
0,0,GameData\model_dlsite_2.arc,197173,24366C43,1150
0,0,GameData\model_shop001_2.arc,115215,9C941FAF,1150
0,0,GameData\model_shop002_2.arc,251253,743C3D97,1150
0,0,GameData\model_shop003_2.arc,185433,A15EC70A,1150
0,0,GameData\model_shop005_2.arc,150103,FB5341FA,1150
0,0,GameData\model_shop007_2.arc,288759,80615CBD,1150
0,0,GameData\model_vp001_2.arc,647957,D68B5D2F,1400
0,0,GameData\motion_cbl2.arc,18785381,38882C16,1460
0,0,GameData\motion_cbl_addpose001.arc,902201,447E5863,1220
0,0,GameData\motion_cbl_pp002_2.arc,62463881,9CEF1E84,1360
0,0,GameData\motion_cbl_vp001_2.arc,141603,80D0D160,1160
0,0,GameData\motion_cbl_ytgc002_2.arc,2475220,008FABF0,1160
0,0,GameData\motion_cbl_ytgc003_2.arc,296091,68096F71,1340
0,0,GameData\paths.dat,3638,1EB1EB34,1461
0,0,GameData\prioritymaterial.arc,154938,303F738B,1460
0,0,GameData\script_cbl.arc,2506244,62F0B628,1460
0,0,GameData\script_cbl_addpose001.arc,1219,0C884F57,1220
0,0,GameData\script_cbl_denkigai2016sSukumizu_2.arc,28002,5783CE35,1370
0,0,GameData\script_cbl_denkigai2016s_2.arc,81434,8C81CD11,1370
0,0,GameData\script_cbl_personal001_2.arc,340451,B4150145,1260
0,0,GameData\script_cbl_personal003_2.arc,233458,FEF36EF9,1420
0,0,GameData\sound2.arc,12017684,3FAA939B,1330
0,0,GameData\system_cbl.arc,535,0B028230,1419
0,0,GameData\texture3.arc,10035227,7C463DAB,1460
0,0,GameData\texture_addpose001.arc,23943,1D529A44,1220
0,0,GameData\texture_denkigai2015wTowelR.arc,133065,FE4BDC34,1360
0,0,GameData\texture_denkigai2016w_2.arc,10105247,3B4641C3,1450
0,0,GameData\texture_dlcdenkigai2016w_2.arc,10105332,90868016,1450
0,0,GameData\texture_dlc004_2.arc,4805734,C8E5CFB4,1200
0,0,GameData\texture_dlc046_2.arc,596960,FC606BA5,1220
0,0,GameData\texture_vp001_2.arc,755269,18D5027D,1400
0,0,GameData\texture_yomeido003_2.arc,117248,0EE72B42,1240
0,0,GameData\voice_cbl2.arc,9627083,76D43E7B,1090
0,0,PhotoModeData\Mod\Motion\readme.txt,146,3BF5AF4D,1220
0,0,Preset\8_ren_1_yosiko.preset,55432,D54FD70C,1220
0,0,Preset\8_ren_2_ayumi.preset,51097,3C44F9DB,1220
0,0,Preset\8_ren_3_sakura.preset,52635,33F54D90,1220
0,0,Preset\8_ren_4_ai.preset,46819,9B6E5960,1220
0,0,manual\data\005.png,459612,3AF928C5,1170
0,0,manual\data\010.png,800070,5269304C,1170
