0,0,CR EditSystem_Data\Managed\Accessibility.dll,12288,A6B03066,10800
0,0,CR EditSystem_Data\Managed\Assembly-CSharp.dll,2455040,449A792A,10800
0,0,CR EditSystem_Data\Managed\Assembly-CSharp-firstpass.dll,597504,31A7288C,10800
0,0,CR EditSystem_Data\Managed\DemiLib.dll,11264,8BB8AD9F,10800
0,0,CR EditSystem_Data\Managed\DOTween.dll,158720,F49BD5A3,10800
0,0,CR EditSystem_Data\Managed\DOTweenPro.dll,15872,9F4B62E8,10800
0,0,CR EditSystem_Data\Managed\JsonFx.Json.dll,70144,A0F0CFCB,10800
0,0,CR EditSystem_Data\Managed\MagicaCloth.dll,358912,CDB75ECC,10800
0,0,CR EditSystem_Data\Managed\MessagePack.Annotations.dll,6144,2C9BA845,10800
0,0,CR EditSystem_Data\Managed\MessagePack.dll,291840,45CBE4C0,10800
0,0,CR EditSystem_Data\Managed\Mono.Data.Sqlite.dll,166912,458B648F,10800
0,0,CR EditSystem_Data\Managed\Mono.Posix.dll,212480,1D5703BE,10800
0,0,CR EditSystem_Data\Managed\Mono.Security.dll,309248,30F85061,10800
0,0,CR EditSystem_Data\Managed\Mono.WebBrowser.dll,166912,F0EAE869,10800
0,0,CR EditSystem_Data\Managed\mscorlib.dll,4073472,37AEAF3F,10800
0,0,CR EditSystem_Data\Managed\NavMeshComponents.dll,16896,792BDA7B,10800
0,0,CR EditSystem_Data\Managed\netstandard.dll,84992,35758195,10800
0,0,CR EditSystem_Data\Managed\Newtonsoft.Json.dll,683008,7BC4AF9F,10800
0,0,CR EditSystem_Data\Managed\Novell.Directory.Ldap.dll,247296,5C9D4D42,10800
0,0,CR EditSystem_Data\Managed\Purchasing.Common.dll,12288,98DD03E8,10800
0,0,CR EditSystem_Data\Managed\System.Buffers.dll,27992,1A7783D0,10800
0,0,CR EditSystem_Data\Managed\System.ComponentModel.Composition.dll,256512,5D852BAE,10800
0,0,CR EditSystem_Data\Managed\System.ComponentModel.DataAnnotations.dll,84480,E0D3B897,10800
0,0,CR EditSystem_Data\Managed\System.Configuration.dll,124928,0449A8B7,10800
0,0,CR EditSystem_Data\Managed\System.Core.dll,1046016,67F5E02D,10800
0,0,CR EditSystem_Data\Managed\System.Data.dll,2081280,566B7ECE,10800
0,0,CR EditSystem_Data\Managed\System.Design.dll,282112,D95394F5,10800
0,0,CR EditSystem_Data\Managed\System.Diagnostics.StackTrace.dll,6656,FA544B72,10800
0,0,CR EditSystem_Data\Managed\System.DirectoryServices.dll,93184,C1BF919F,10800
0,0,CR EditSystem_Data\Managed\System.dll,2750976,229C78B8,10800
0,0,CR EditSystem_Data\Managed\System.Drawing.Design.dll,29696,DBDC539C,10800
0,0,CR EditSystem_Data\Managed\System.Drawing.dll,603696,D0553FB3,10800
0,0,CR EditSystem_Data\Managed\System.EnterpriseServices.dll,44544,ECCB9906,10800
0,0,CR EditSystem_Data\Managed\System.Globalization.Extensions.dll,6144,7AED6150,10800
0,0,CR EditSystem_Data\Managed\System.IO.Compression.dll,98816,63D2D9A4,10800
0,0,CR EditSystem_Data\Managed\System.IO.Compression.FileSystem.dll,23040,02497CE9,10800
0,0,CR EditSystem_Data\Managed\System.Memory.dll,148760,AA9535EF,10800
0,0,CR EditSystem_Data\Managed\System.Net.Http.dll,114688,63481ACC,10800
0,0,CR EditSystem_Data\Managed\System.Numerics.dll,114176,BAB24A8A,10800
0,0,CR EditSystem_Data\Managed\System.Numerics.Vectors.dll,102912,081BF7D7,10800
0,0,CR EditSystem_Data\Managed\System.Runtime.CompilerServices.Unsafe.dll,23600,F3CFB256,10800
0,0,CR EditSystem_Data\Managed\System.Runtime.dll,12800,5380EB8D,10800
0,0,CR EditSystem_Data\Managed\System.Runtime.Serialization.dll,928256,105FE45D,10800
0,0,CR EditSystem_Data\Managed\System.Runtime.Serialization.Formatters.Soap.dll,38400,CEA6CB8D,10800
0,0,CR EditSystem_Data\Managed\System.Runtime.Serialization.Xml.dll,7168,CDCB2181,10800
0,0,CR EditSystem_Data\Managed\System.Security.dll,184320,6A1F6F68,10800
0,0,CR EditSystem_Data\Managed\System.ServiceModel.Internals.dll,214528,B7CE6DDF,10800
0,0,CR EditSystem_Data\Managed\System.Threading.Tasks.Extensions.dll,33048,3B626F92,10800
0,0,CR EditSystem_Data\Managed\System.Transactions.dll,34304,B7F89CBC,10800
0,0,CR EditSystem_Data\Managed\System.Web.ApplicationServices.dll,33792,DC4D2127,10800
0,0,CR EditSystem_Data\Managed\System.Web.dll,3154944,CBB3E871,10800
0,0,CR EditSystem_Data\Managed\System.Web.Services.dll,727040,5061A4B8,10800
0,0,CR EditSystem_Data\Managed\System.Windows.Forms.dll,2896384,7EB1358B,10800
0,0,CR EditSystem_Data\Managed\System.Xml.dll,3137536,B565C00D,10800
0,0,CR EditSystem_Data\Managed\System.Xml.Linq.dll,119296,73DE91C3,10800
0,0,CR EditSystem_Data\Managed\System.Xml.XPath.XDocument.dll,5120,D922626E,10800
0,0,CR EditSystem_Data\Managed\UniRx.dll,422912,6DB4719D,10800
0,0,CR EditSystem_Data\Managed\UniTask.Addressables.dll,9728,1A4F3A75,10800
0,0,CR EditSystem_Data\Managed\UniTask.dll,503808,A0AAD448,10800
0,0,CR EditSystem_Data\Managed\UniTask.DOTween.dll,3584,CA12BFF4,10800
0,0,CR EditSystem_Data\Managed\UniTask.Linq.dll,675840,83B4526C,10800
0,0,CR EditSystem_Data\Managed\UniTask.TextMeshPro.dll,11776,26F01098,10800
0,0,CR EditSystem_Data\Managed\Unity.Addressables.dll,79360,E14654A4,10800
0,0,CR EditSystem_Data\Managed\Unity.Analytics.DataPrivacy.dll,7680,84BC8353,10800
0,0,CR EditSystem_Data\Managed\Unity.Burst.dll,163328,7EC67881,10800
0,0,CR EditSystem_Data\Managed\Unity.Burst.Unsafe.dll,5632,D504B969,10800
0,0,CR EditSystem_Data\Managed\Unity.Collections.dll,384512,82EA3CD6,10800
0,0,CR EditSystem_Data\Managed\Unity.Collections.LowLevel.ILSupport.dll,4096,0C2DE885,10800
0,0,CR EditSystem_Data\Managed\Unity.Jobs.dll,9728,BDE350C5,10800
0,0,CR EditSystem_Data\Managed\Unity.Mathematics.dll,723968,D43326E5,10800
0,0,CR EditSystem_Data\Managed\Unity.Postprocessing.Runtime.dll,149504,DB822063,10800
0,0,CR EditSystem_Data\Managed\Unity.RenderPipelines.Core.Runtime.dll,216576,FF326EBA,10800
0,0,CR EditSystem_Data\Managed\Unity.RenderPipelines.Core.ShaderLibrary.dll,3584,2056826B,10800
0,0,CR EditSystem_Data\Managed\Unity.RenderPipelines.ShaderGraph.ShaderGraphLibrary.dll,3584,D37A6852,10800
0,0,CR EditSystem_Data\Managed\Unity.ResourceManager.dll,83456,52F35162,10800
0,0,CR EditSystem_Data\Managed\Unity.ScriptableBuildPipeline.dll,7680,4394D7EB,10800
0,0,CR EditSystem_Data\Managed\Unity.TextMeshPro.dll,370688,0B655441,10800
0,0,CR EditSystem_Data\Managed\Unity.Timeline.dll,111616,BC9DCC0B,10800
0,0,CR EditSystem_Data\Managed\Unity.VisualEffectGraph.Runtime.dll,44544,00669B43,10800
0,0,CR EditSystem_Data\Managed\UnityEngine.AccessibilityModule.dll,12800,A222F76F,10800
0,0,CR EditSystem_Data\Managed\UnityEngine.Advertisements.dll,35328,B752E4A2,10800
0,0,CR EditSystem_Data\Managed\UnityEngine.AIModule.dll,45568,B9F5F794,10800
0,0,CR EditSystem_Data\Managed\UnityEngine.AndroidJNIModule.dll,60928,F84E5A4F,10800
0,0,CR EditSystem_Data\Managed\UnityEngine.AnimationModule.dll,150016,E0C820E6,10800
0,0,CR EditSystem_Data\Managed\UnityEngine.ARModule.dll,10240,70D0467A,10800
0,0,CR EditSystem_Data\Managed\UnityEngine.AssetBundleModule.dll,22016,F8647B63,10800
0,0,CR EditSystem_Data\Managed\UnityEngine.AudioModule.dll,58368,0B0AD3BE,10800
0,0,CR EditSystem_Data\Managed\UnityEngine.ClothModule.dll,15360,FC525FEB,10800
0,0,CR EditSystem_Data\Managed\UnityEngine.ClusterInputModule.dll,10752,DFA6AE3D,10800
0,0,CR EditSystem_Data\Managed\UnityEngine.ClusterRendererModule.dll,11264,C9256EDB,10800
0,0,CR EditSystem_Data\Managed\UnityEngine.CoreModule.dll,1144832,CF13A2F9,10800
0,0,CR EditSystem_Data\Managed\UnityEngine.CrashReportingModule.dll,10240,AF1159CB,10800
0,0,CR EditSystem_Data\Managed\UnityEngine.DirectorModule.dll,13824,B8AE68C6,10800
0,0,CR EditSystem_Data\Managed\UnityEngine.dll,91648,6FFE2AF2,10800
0,0,CR EditSystem_Data\Managed\UnityEngine.DSPGraphModule.dll,18432,40D3F207,10800
0,0,CR EditSystem_Data\Managed\UnityEngine.GameCenterModule.dll,28160,E8D586CB,10800
0,0,CR EditSystem_Data\Managed\UnityEngine.GIModule.dll,9216,72658AE7,10800
0,0,CR EditSystem_Data\Managed\UnityEngine.GridModule.dll,14336,AF6F908A,10800
0,0,CR EditSystem_Data\Managed\UnityEngine.HotReloadModule.dll,9216,CEECC71E,10800
0,0,CR EditSystem_Data\Managed\UnityEngine.ImageConversionModule.dll,13312,C5329425,10800
0,0,CR EditSystem_Data\Managed\UnityEngine.IMGUIModule.dll,159744,C6E20D81,10800
0,0,CR EditSystem_Data\Managed\UnityEngine.InputLegacyModule.dll,26112,331D210F,10800
0,0,CR EditSystem_Data\Managed\UnityEngine.InputModule.dll,12800,686DA0DE,10800
0,0,CR EditSystem_Data\Managed\UnityEngine.JSONSerializeModule.dll,11264,8FD2DA14,10800
0,0,CR EditSystem_Data\Managed\UnityEngine.LocalizationModule.dll,10240,E9B77775,10800
0,0,CR EditSystem_Data\Managed\UnityEngine.Monetization.dll,29184,89BBF386,10800
0,0,CR EditSystem_Data\Managed\UnityEngine.ParticleSystemModule.dll,142336,2E9E655E,10800
0,0,CR EditSystem_Data\Managed\UnityEngine.PerformanceReportingModule.dll,9728,FD243BD5,10800
0,0,CR EditSystem_Data\Managed\UnityEngine.Physics2DModule.dll,107008,F87CA7DB,10800
0,0,CR EditSystem_Data\Managed\UnityEngine.PhysicsModule.dll,96768,6A7ECD7F,10800
0,0,CR EditSystem_Data\Managed\UnityEngine.ProfilerModule.dll,9216,74423B29,10800
0,0,CR EditSystem_Data\Managed\UnityEngine.Purchasing.AppleCore.dll,4608,8D546289,10800
0,0,CR EditSystem_Data\Managed\UnityEngine.Purchasing.AppleMacosStub.dll,5120,002C5619,10800
0,0,CR EditSystem_Data\Managed\UnityEngine.Purchasing.AppleStub.dll,5120,6E8F5477,10800
0,0,CR EditSystem_Data\Managed\UnityEngine.Purchasing.Codeless.dll,13824,FC9AD097,10800
0,0,CR EditSystem_Data\Managed\UnityEngine.Purchasing.dll,28160,1FF07B6A,10800
0,0,CR EditSystem_Data\Managed\UnityEngine.Purchasing.SecurityCore.dll,7680,85B6D591,10800
0,0,CR EditSystem_Data\Managed\UnityEngine.Purchasing.SecurityStub.dll,6144,22A4A89D,10800
0,0,CR EditSystem_Data\Managed\UnityEngine.Purchasing.Stores.dll,159232,A95A6041,10800
0,0,CR EditSystem_Data\Managed\UnityEngine.Purchasing.WinRTCore.dll,6144,E3C2C43B,10800
0,0,CR EditSystem_Data\Managed\UnityEngine.Purchasing.WinRTStub.dll,4096,50838A67,10800
0,0,CR EditSystem_Data\Managed\UnityEngine.RuntimeInitializeOnLoadManagerInitializerModule.dll,9216,33A7F754,10800
0,0,CR EditSystem_Data\Managed\UnityEngine.ScreenCaptureModule.dll,10240,8EBDFAF8,10800
0,0,CR EditSystem_Data\Managed\UnityEngine.SharedInternalsModule.dll,21504,51DB266B,10800
0,0,CR EditSystem_Data\Managed\UnityEngine.SpatialTracking.dll,10752,C1EB3355,10800
0,0,CR EditSystem_Data\Managed\UnityEngine.SpriteMaskModule.dll,10752,4585DE6A,10800
0,0,CR EditSystem_Data\Managed\UnityEngine.SpriteShapeModule.dll,14336,FF70FEBE,10800
0,0,CR EditSystem_Data\Managed\UnityEngine.StreamingModule.dll,10240,1DEE59C9,10800
0,0,CR EditSystem_Data\Managed\UnityEngine.SubstanceModule.dll,13824,EDEB3A2D,10800
0,0,CR EditSystem_Data\Managed\UnityEngine.SubsystemsModule.dll,24064,FEE38254,10800
0,0,CR EditSystem_Data\Managed\UnityEngine.TerrainModule.dll,81920,A8161FC7,10800
0,0,CR EditSystem_Data\Managed\UnityEngine.TerrainPhysicsModule.dll,10240,AB0AACBF,10800
0,0,CR EditSystem_Data\Managed\UnityEngine.TextCoreModule.dll,186880,EA9A6495,10800
0,0,CR EditSystem_Data\Managed\UnityEngine.TextRenderingModule.dll,28160,B8C72BE8,10800
0,0,CR EditSystem_Data\Managed\UnityEngine.TilemapModule.dll,26624,7E757545,10800
0,0,CR EditSystem_Data\Managed\UnityEngine.TLSModule.dll,9216,297E6E09,10800
0,0,CR EditSystem_Data\Managed\UnityEngine.UI.dll,230912,1617F1DE,10800
0,0,CR EditSystem_Data\Managed\UnityEngine.UIElementsModule.dll,798208,D0EB9C54,10800
0,0,CR EditSystem_Data\Managed\UnityEngine.UIElementsNativeModule.dll,47616,26D4466B,10800
0,0,CR EditSystem_Data\Managed\UnityEngine.UIModule.dll,24064,97BD37BF,10800
0,0,CR EditSystem_Data\Managed\UnityEngine.UmbraModule.dll,9216,379BDFC4,10800
0,0,CR EditSystem_Data\Managed\UnityEngine.UNETModule.dll,78848,24E39D70,10800
0,0,CR EditSystem_Data\Managed\UnityEngine.UnityAnalyticsModule.dll,33792,E200293E,10800
0,0,CR EditSystem_Data\Managed\UnityEngine.UnityConnectModule.dll,11264,08B6CD98,10800
0,0,CR EditSystem_Data\Managed\UnityEngine.UnityCurlModule.dll,10752,E9EB93D9,10800
0,0,CR EditSystem_Data\Managed\UnityEngine.UnityTestProtocolModule.dll,9216,E4D8CD99,10800
0,0,CR EditSystem_Data\Managed\UnityEngine.UnityWebRequestAssetBundleModule.dll,12288,9E5AA292,10800
0,0,CR EditSystem_Data\Managed\UnityEngine.UnityWebRequestAudioModule.dll,11776,AAE9C06E,10800
0,0,CR EditSystem_Data\Managed\UnityEngine.UnityWebRequestModule.dll,44032,EF3CD199,10800
0,0,CR EditSystem_Data\Managed\UnityEngine.UnityWebRequestTextureModule.dll,11264,3EA8A51E,10800
0,0,CR EditSystem_Data\Managed\UnityEngine.UnityWebRequestWWWModule.dll,20480,9640E93D,10800
0,0,CR EditSystem_Data\Managed\UnityEngine.VehiclesModule.dll,13312,FECB23BE,10800
0,0,CR EditSystem_Data\Managed\UnityEngine.VFXModule.dll,39936,929FD0DA,10800
0,0,CR EditSystem_Data\Managed\UnityEngine.VideoModule.dll,29696,6DDD8F13,10800
0,0,CR EditSystem_Data\Managed\UnityEngine.VirtualTexturingModule.dll,23552,A5C3B5F5,10800
0,0,CR EditSystem_Data\Managed\UnityEngine.VRModule.dll,15360,ADBB6879,10800
0,0,CR EditSystem_Data\Managed\UnityEngine.WindModule.dll,10240,C738B8CB,10800
0,0,CR EditSystem_Data\Managed\UnityEngine.XR.LegacyInputHelpers.dll,21504,D59C342A,10800
0,0,CR EditSystem_Data\Managed\UnityEngine.XRModule.dll,55808,7B99F4D6,10800
0,0,CR EditSystem_Data\Plugins\x86_64\Audio360.dll,1499136,2D77400A,10800
0,0,CR EditSystem_Data\Plugins\x86_64\AVProVideo.dll,891392,A3612D4B,10800
0,0,CR EditSystem_Data\Plugins\x86_64\crc.dll,2094592,E070BE17,10800
0,0,CR EditSystem_Data\Plugins\x86_64\device_hook.dll,733696,16904EAF,10800
0,0,CR EditSystem_Data\Plugins\x86_64\lib_burst_generated.dll,289792,34EEF846,10800
0,0,CR EditSystem_Data\Plugins\x86_64\lib_burst_generated.txt,118106,CBF3065E,10800
0,0,CR EditSystem_Data\Resources\unity default resources,4844752,017F6DC6,10800
0,0,CR EditSystem_Data\Resources\unity_builtin_extra,355836,D15DCE1E,10800
0,0,CR EditSystem_Data\StreamingAssets\aa\AddressablesLink\link.xml,1084,4F90C400,10800
0,0,CR EditSystem_Data\StreamingAssets\aa\StandaloneWindows64\defaultlocalgroup_assets_all_26e0f856eb2d25929fc7ecd0a28e1339.bundle,4364,BF4160FF,10800
0,0,CR EditSystem_Data\StreamingAssets\aa\catalog.json,76815,2DD23822,10800
0,0,CR EditSystem_Data\StreamingAssets\aa\settings.json,812,AD48EA67,10800
0,0,CR EditSystem_Data\app.info,18,37D455F7,10800
0,0,CR EditSystem_Data\boot.config,49,56DD06A5,10800
0,0,CR EditSystem_Data\globalgamemanagers,258460,E248122F,10800
0,0,CR EditSystem_Data\globalgamemanagers.assets,445700,F9451C9F,10800
0,0,CR EditSystem_Data\level0,24228,805D52BC,10800
0,0,CR EditSystem_Data\level1,831988,B03E7B6B,10800
0,0,CR EditSystem_Data\resources.assets,6716760,81FD20AD,10800
0,0,CR EditSystem_Data\resources.assets.resS,8930364,4E6512CD,10800
0,0,CR EditSystem_Data\RuntimeInitializeOnLoads.json,1150,C7DDF59A,10800
0,0,CR EditSystem_Data\ScriptingAssemblies.json,4231,A42E0379,10800
0,0,CR EditSystem_Data\sharedassets0.assets,3790464,A0A18B56,10800
0,0,CR EditSystem_Data\sharedassets0.assets.resS,2654208,E6C7A319,10800
0,0,CR EditSystem_Data\sharedassets1.assets,427560,46C33EC3,10800
0,0,CR EditSystem_Data\sharedassets1.assets.resS,59564,75BEB53E,10800
0,0,GameData\assets\bg.aba,62525183,CD0F9622,10300
0,0,GameData\assets\bg.ct,711,A16ECEA5,10300
0,0,GameData\assets\csv.aba,70188,33C73075,10700
0,0,GameData\assets\csv.ct,635,41108B5D,10700
0,0,GameData\assets\parts_2.aba,67167475,F0464FF6,10800
0,0,GameData\assets\parts_2.ct,7863,F2DB085C,10800
0,0,GameData\assets\partsmeta.aba,22153,069AFD9B,10800
0,0,GameData\assets\partsmeta.ct,1971,55B1953A,10800
0,0,GameData\assets\system.aba,664940,C930576B,10800
0,0,GameData\assets\system.ct,12595,0A937E10,10800
0,0,GameData\dlc\parts_bcc4_gp003_2.aba,2372500,EC8AE752,10700
0,0,GameData\dlc\parts_bcc4_gp003_2.ct,979,3D0EFEE6,10700
0,0,GameData\dlc\parts_com3d2_hair_2.aba,2961,EC1E284D,10800
0,0,GameData\dlc\parts_com3d2_hair_2.ct,327,37EDFF8D,10800
0,0,GameData\dlc\parts_cr002_gp003_2.aba,6953,846C3296,10800
0,0,GameData\dlc\parts_cr002_gp003_2.ct,312,2FD7C199,10800
0,0,GameData\dlc\parts_cr003_gp003_2.aba,3769,7F1E47A6,10700
0,0,GameData\dlc\parts_cr003_gp003_2.ct,324,208522F0,10700
0,0,GameData\dlc\parts_cr004_gp003_2.aba,3897,3571D7E5,10700
0,0,GameData\dlc\parts_cr004_gp003_2.ct,327,FC33CEE7,10700
0,0,GameData\dlc\parts_cr005_gp003_2.aba,3337,28B8BE20,10700
0,0,GameData\dlc\parts_cr005_gp003_2.ct,327,80742A4E,10700
0,0,GameData\dlc\parts_dlc304_2.aba,746956,DD71B564,10800
0,0,GameData\dlc\parts_dlc304_2.ct,726,AF62293E,10800
0,0,GameData\dlc\parts_dlc391_gp003_2.aba,3227,E5A11F29,10700
0,0,GameData\dlc\parts_dlc391_gp003_2.ct,331,74476FC0,10700
0,0,GameData\dlc\parts_dlc392_gp003_2.aba,4203,A2A591DD,10700
0,0,GameData\dlc\parts_dlc392_gp003_2.ct,331,1D1EF1B5,10700
0,0,GameData\dlc\parts_dlc395_gp003_2.aba,4123,0242E8CD,10700
0,0,GameData\dlc\parts_dlc395_gp003_2.ct,328,7B28FBA1,10700
0,0,GameData\dlc\parts_dlc396_gp003_2.aba,3467,D8321B24,10700
0,0,GameData\dlc\parts_dlc396_gp003_2.ct,328,24629BF1,10700
0,0,GameData\dlc\parts_dlc397_gp003_2.aba,3979,B5326215,10700
0,0,GameData\dlc\parts_dlc397_gp003_2.ct,331,F7C4A0FA,10700
0,0,GameData\dlc\parts_dlc398cloth_gp003_2.aba,3093,F82AFF5F,10700
0,0,GameData\dlc\parts_dlc398cloth_gp003_2.ct,347,B219980E,10700
0,0,GameData\dlc\parts_kissevent2018_mask_gp003_2.aba,2647,F26F648E,10800
0,0,GameData\dlc\parts_kissevent2018_mask_gp003_2.ct,376,C70C27ED,10800
0,0,GameData\dlc\parts_maidcafe4_gp003_2.aba,3713,738C4121,10700
0,0,GameData\dlc\parts_maidcafe4_gp003_2.ct,343,F330B4FD,10700
0,0,GameData\dlc\parts_personal_om007_2.aba,347576,D0218D78,10800
0,0,GameData\dlc\parts_personal_om007_2.ct,628,04C6D17C,10800
0,0,GameData\dlc\parts_shop011_gp003_2.aba,5624765,6DFB8D1D,10700
0,0,GameData\dlc\parts_shop011_gp003_2.ct,1279,C383844D,10700
0,0,GameData\dlc\parts_shop014_gp003_2.aba,2749,8E91E2CF,10700
0,0,GameData\dlc\parts_shop014_gp003_2.ct,334,224D10CA,10700
0,0,GameData\dlc\parts_shop016_gp003_2.aba,3133,34F7B95E,10700
0,0,GameData\dlc\parts_shop016_gp003_2.ct,334,0D967FFD,10700
0,0,GameData\dlc\parts_shop018_gp003_2.aba,4237,48E79B7A,10700
0,0,GameData\dlc\parts_shop018_gp003_2.ct,334,DE7BC485,10700
0,0,GameData\dlc\parts_shop019_gp003_2.aba,4125,5A4CB9F4,10700
0,0,GameData\dlc\parts_shop019_gp003_2.ct,337,722642C3,10700
0,0,MonoBleedingEdge\EmbedRuntime\mono-2.0-bdwgc.dll,4974472,AE8EDDA8,10800
0,0,MonoBleedingEdge\EmbedRuntime\MonoPosixHelper.dll,780288,7FDB5DBD,10800
0,0,MonoBleedingEdge\etc\mono\2.0\Browsers\Compat.browser,1605,2E178A0B,10800
0,0,MonoBleedingEdge\etc\mono\2.0\DefaultWsdlHelpGenerator.aspx,60575,95F9D0B4,10800
0,0,MonoBleedingEdge\etc\mono\2.0\machine.config,29116,95068D9C,10800
0,0,MonoBleedingEdge\etc\mono\2.0\settings.map,2622,AD5340F9,10800
0,0,MonoBleedingEdge\etc\mono\2.0\web.config,11686,534A9960,10800
0,0,MonoBleedingEdge\etc\mono\4.0\Browsers\Compat.browser,1605,2E178A0B,10800
0,0,MonoBleedingEdge\etc\mono\4.0\DefaultWsdlHelpGenerator.aspx,60575,95F9D0B4,10800
0,0,MonoBleedingEdge\etc\mono\4.0\machine.config,33648,C2F58754,10800
0,0,MonoBleedingEdge\etc\mono\4.0\settings.map,2622,DC24A240,10800
0,0,MonoBleedingEdge\etc\mono\4.0\web.config,18848,46DCAC4D,10800
0,0,MonoBleedingEdge\etc\mono\4.5\Browsers\Compat.browser,1605,2E178A0B,10800
0,0,MonoBleedingEdge\etc\mono\4.5\DefaultWsdlHelpGenerator.aspx,60575,95F9D0B4,10800
0,0,MonoBleedingEdge\etc\mono\4.5\machine.config,34106,E7E2F2D3,10800
0,0,MonoBleedingEdge\etc\mono\4.5\settings.map,2622,DC24A240,10800
0,0,MonoBleedingEdge\etc\mono\4.5\web.config,18857,C3DF527D,10800
0,0,MonoBleedingEdge\etc\mono\mconfig\config.xml,25817,80B2033A,10800
0,0,MonoBleedingEdge\etc\mono\browscap.ini,311984,CE6C0AB3,10800
0,0,MonoBleedingEdge\etc\mono\config,3276,B5C7D62E,10800
0,0,CR EditSystem.exe,653824,E27A158A,10800
0,0,CR Launcher.exe,6177280,6459FE13,108000
0,0,UnityCrashHandler64.exe,1249672,B1A0B411,10800
0,0,UnityPlayer.dll,28069256,B45F1398,10800
