0,0,COM3D2.exe,6607360,B7BB12CE,2006
0,0,COM3D2x64.exe,22841856,A9562BF9,1302
0,0,LICENSE,31205,24BAD003,1300
0,0,COM3D2x64_Data\app.info,27,F9A266E7,1300
0,0,COM3D2x64_Data\globalgamemanagers,4260284,F6C91A03,1300
0,0,COM3D2x64_Data\globalgamemanagers.assets,230436,DE532B6A,1300
0,0,COM3D2x64_Data\level0,323748,C53D68E7,1300
0,0,COM3D2x64_Data\level1,346828,AA6FF242,1300
0,0,COM3D2x64_Data\level10,350588,FDCA4FAD,1300
0,0,COM3D2x64_Data\level11,324260,CCD8F53A,1300
0,0,COM3D2x64_Data\level12,391692,D8D7685C,1300
0,0,COM3D2x64_Data\level13,327372,32158031,1300
0,0,COM3D2x64_Data\level14,823868,9806AABE,1300
0,0,COM3D2x64_Data\level15,7476,90D1F70B,1300
0,0,COM3D2x64_Data\level16,326188,BCB72332,1300
0,0,COM3D2x64_Data\level17,4664,48D7F1EB,1300
0,0,COM3D2x64_Data\level18,342892,AA712346,1300
0,0,COM3D2x64_Data\level19,332572,07F96978,1300
0,0,COM3D2x64_Data\level2,341708,57CC5C92,1300
0,0,COM3D2x64_Data\level20,953780,01768690,1300
0,0,COM3D2x64_Data\level21,425012,30A7E612,1300
0,0,COM3D2x64_Data\level22,1083436,F1B1B131,1300
0,0,COM3D2x64_Data\level23,408876,FF1529F1,1300
0,0,COM3D2x64_Data\level24,675708,C85C60E1,1300
0,0,COM3D2x64_Data\level25,346228,FBA1D3D8,1300
0,0,COM3D2x64_Data\level26,2186076,369E0750,1300
0,0,COM3D2x64_Data\level27,1113444,5B39223B,1300
0,0,COM3D2x64_Data\level28,346228,E18C698B,1300
0,0,COM3D2x64_Data\level29,1086748,8EFA8924,1300
0,0,COM3D2x64_Data\level3,1194916,FBC08211,1300
0,0,COM3D2x64_Data\level30,338852,D7E66746,1300
0,0,COM3D2x64_Data\level31,445924,D6DE4EB7,1300
0,0,COM3D2x64_Data\level32,27904,C204C013,1300
0,0,COM3D2x64_Data\level32.resS,131232,437C95D8,1300
0,0,COM3D2x64_Data\level33,51676,9CFA7236,1300
0,0,COM3D2x64_Data\level34,56036,83A02DAD,1300
0,0,COM3D2x64_Data\level35,6832,AB787FD6,1300
0,0,COM3D2x64_Data\level36,324636,43D4B65E,1300
0,0,COM3D2x64_Data\level37,1574748,6B0259A4,1300
0,0,COM3D2x64_Data\level38,1431380,9D4F3185,1300
0,0,COM3D2x64_Data\level39,1452980,8C8B1D3D,1300
0,0,COM3D2x64_Data\level4,1211292,60770E46,1300
0,0,COM3D2x64_Data\level40,442308,8AC4B478,1300
0,0,COM3D2x64_Data\level41,393676,17DB8895,1300
0,0,COM3D2x64_Data\level42,423484,8BFC644C,1300
0,0,COM3D2x64_Data\level43,1348212,75A9E889,1300
0,0,COM3D2x64_Data\level44,1412684,8DA8967C,1300
0,0,COM3D2x64_Data\level45,1538092,7580F103,1300
0,0,COM3D2x64_Data\level46,412260,D8B82A2F,1300
0,0,COM3D2x64_Data\level47,379372,6D361994,1300
0,0,COM3D2x64_Data\level48,437740,E6F9A61F,1300
0,0,COM3D2x64_Data\level49,394948,A8DC3598,1300
0,0,COM3D2x64_Data\level5,1281956,80F57D16,1300
0,0,COM3D2x64_Data\level50,1373132,83CC5166,1300
0,0,COM3D2x64_Data\level51,379508,07512077,1300
0,0,COM3D2x64_Data\level52,657276,7AE183FE,1300
0,0,COM3D2x64_Data\level53,536108,90B7B9BF,1300
0,0,COM3D2x64_Data\level54,348124,D49A9F89,1300
0,0,COM3D2x64_Data\level55,1275092,5695EFDB,1300
0,0,COM3D2x64_Data\level56,1025700,1319B1B0,1300
0,0,COM3D2x64_Data\level57,1032988,7818D94F,1300
0,0,COM3D2x64_Data\level58,1275092,BF096494,1300
0,0,COM3D2x64_Data\level59,1155684,C8F93778,1300
0,0,COM3D2x64_Data\level6,325244,25B2B21F,1300
0,0,COM3D2x64_Data\level60,944252,669ACB7A,1300
0,0,COM3D2x64_Data\level61,1230660,199FD585,1300
0,0,COM3D2x64_Data\level62,1331660,324FE47D,1300
0,0,COM3D2x64_Data\level63,679604,6FC07302,1300
0,0,COM3D2x64_Data\level64,916484,53081F86,1300
0,0,COM3D2x64_Data\level65,399556,4C3A7C09,1300
0,0,COM3D2x64_Data\level66,395908,2892FBC3,1300
0,0,COM3D2x64_Data\level67,439620,DDDCB6A6,1300
0,0,COM3D2x64_Data\level68,461764,229CE5C2,1300
0,0,COM3D2x64_Data\level69,390148,2777A287,1300
0,0,COM3D2x64_Data\level7,1052660,1F2F1E51,1300
0,0,COM3D2x64_Data\level70,450124,F0A8A1C6,1300
0,0,COM3D2x64_Data\level71,1038660,C4F24D3B,1300
0,0,COM3D2x64_Data\level72,963060,7B6033B2,1300
0,0,COM3D2x64_Data\level73,442844,6EED9E1A,1300
0,0,COM3D2x64_Data\level74,464988,939D2438,1300
0,0,COM3D2x64_Data\level75,455572,E0C189FC,1300
0,0,COM3D2x64_Data\level76,1043068,23601900,1300
0,0,COM3D2x64_Data\level77,1003340,33336231,1300
0,0,COM3D2x64_Data\level78,448604,D66CF3D5,1300
0,0,COM3D2x64_Data\level79,433140,8B7E05C6,1300
0,0,COM3D2x64_Data\level8,356116,1AA50C1A,1300
0,0,COM3D2x64_Data\level80,414812,0A75C602,1300
0,0,COM3D2x64_Data\level81,357316,8F5FE396,1300
0,0,COM3D2x64_Data\level82,1382460,7CA31242,1300
0,0,COM3D2x64_Data\level83,1323212,96B9CB4D,1300
0,0,COM3D2x64_Data\level84,501620,E5114012,1300
0,0,COM3D2x64_Data\level85,401524,8380ED63,1300
0,0,COM3D2x64_Data\level86,1251228,E56AC793,1300
0,0,COM3D2x64_Data\level87,969060,B74F775C,1300
0,0,COM3D2x64_Data\level88,1427532,7D7D6F3A,1300
0,0,COM3D2x64_Data\level89,1368684,042A440A,1300
0,0,COM3D2x64_Data\level9,415388,41ED09CC,1300
0,0,COM3D2x64_Data\level90,1574764,557529AF,1300
0,0,COM3D2x64_Data\level91,1538108,CD25C62C,1300
0,0,COM3D2x64_Data\resources.assets,392467856,430D002D,1300
0,0,COM3D2x64_Data\resources.assets.resS,1714230032,028F7F9E,1300
0,0,COM3D2x64_Data\resources.resource,727392,54F90BDA,1300
0,0,COM3D2x64_Data\sharedassets0.assets,115226348,A49ACE90,1300
0,0,COM3D2x64_Data\sharedassets0.assets.resS,28071636,22B86DBB,1300
0,0,COM3D2x64_Data\sharedassets1.assets,6232,BEA77624,1300
0,0,COM3D2x64_Data\sharedassets10.assets,6088,84A61B75,1300
0,0,COM3D2x64_Data\sharedassets11.assets,6064,DD6288AC,1300
0,0,COM3D2x64_Data\sharedassets12.assets,6304,CBCC14C9,1300
0,0,COM3D2x64_Data\sharedassets13.assets,6208,F4AB63C6,1300
0,0,COM3D2x64_Data\sharedassets14.assets,6664,5B4FF60F,1300
0,0,COM3D2x64_Data\sharedassets15.assets,4564,80122190,1300
0,0,COM3D2x64_Data\sharedassets16.assets,6124,C411114C,1300
0,0,COM3D2x64_Data\sharedassets17.assets,4132,F6A81451,1300
0,0,COM3D2x64_Data\sharedassets18.assets,6844,2357C0A5,1300
0,0,COM3D2x64_Data\sharedassets19.assets,6208,6089E23A,1300
0,0,COM3D2x64_Data\sharedassets2.assets,6268,E444299A,1300
0,0,COM3D2x64_Data\sharedassets20.assets,12544,2E1C9793,1300
0,0,COM3D2x64_Data\sharedassets21.assets,6280,57A29B12,1300
0,0,COM3D2x64_Data\sharedassets22.assets,12688,1BCFBB94,1300
0,0,COM3D2x64_Data\sharedassets23.assets,6292,F614582C,1300
0,0,COM3D2x64_Data\sharedassets24.assets,6352,C54E686A,1300
0,0,COM3D2x64_Data\sharedassets25.assets,6160,0CC802E1,1300
0,0,COM3D2x64_Data\sharedassets26.assets,7084,8F313C33,1300
0,0,COM3D2x64_Data\sharedassets27.assets,12664,3594351A,1300
0,0,COM3D2x64_Data\sharedassets28.assets,6160,4AE1A068,1300
0,0,COM3D2x64_Data\sharedassets29.assets,12664,3594351A,1300
0,0,COM3D2x64_Data\sharedassets3.assets,7948,38EAAE88,1300
0,0,COM3D2x64_Data\sharedassets30.assets,6088,C624E55E,1300
0,0,COM3D2x64_Data\sharedassets31.assets,18126832,59AD324C,1300
0,0,COM3D2x64_Data\sharedassets32.assets,12328,C7CCA35E,1300
0,0,COM3D2x64_Data\sharedassets33.assets,4420,94AF8CC4,1300
0,0,COM3D2x64_Data\sharedassets34.assets,4324,1AE3CBFC,1300
0,0,COM3D2x64_Data\sharedassets35.assets,4264,5A14E486,1300
0,0,COM3D2x64_Data\sharedassets36.assets,6100,75573D11,1300
0,0,COM3D2x64_Data\sharedassets37.assets,12544,2D90C5DE,1300
0,0,COM3D2x64_Data\sharedassets38.assets,12544,F41652FE,1300
0,0,COM3D2x64_Data\sharedassets39.assets,12544,798D7623,1300
0,0,COM3D2x64_Data\sharedassets4.assets,12916,6E6FBECA,1300
0,0,COM3D2x64_Data\sharedassets40.assets,7204,C2D895AF,1300
0,0,COM3D2x64_Data\sharedassets41.assets,6952,9E3B7CCD,1300
0,0,COM3D2x64_Data\sharedassets42.assets,7228,762BD036,1300
0,0,COM3D2x64_Data\sharedassets43.assets,9352,927A33FF,1300
0,0,COM3D2x64_Data\sharedassets44.assets,9460,D5972B36,1300
0,0,COM3D2x64_Data\sharedassets45.assets,9448,42AA5BA4,1300
0,0,COM3D2x64_Data\sharedassets46.assets,8452,39FF5426,1300
0,0,COM3D2x64_Data\sharedassets47.assets,6568,5FC85EBF,1300
0,0,COM3D2x64_Data\sharedassets48.assets,8308,DBFE227B,1300
0,0,COM3D2x64_Data\sharedassets49.assets,792668,44CF69E7,1300
0,0,COM3D2x64_Data\sharedassets49.assets.resS,6506584,427886ED,1300
0,0,COM3D2x64_Data\sharedassets5.assets,7144,8BEB4968,1300
0,0,COM3D2x64_Data\sharedassets50.assets,12544,91B733C5,1300
0,0,COM3D2x64_Data\sharedassets51.assets,6556,77C450BA,1300
0,0,COM3D2x64_Data\sharedassets52.assets,6724,0F9C007B,1300
0,0,COM3D2x64_Data\sharedassets53.assets,6496,E730F80E,1300
0,0,COM3D2x64_Data\sharedassets54.assets,6100,52EC3917,1300
0,0,COM3D2x64_Data\sharedassets55.assets,12628,3709C782,1300
0,0,COM3D2x64_Data\sharedassets56.assets,9244,096DAA25,1300
0,0,COM3D2x64_Data\sharedassets57.assets,9280,C54FADFA,1300
0,0,COM3D2x64_Data\sharedassets58.assets,12628,3709C782,1300
0,0,COM3D2x64_Data\sharedassets59.assets,9484,6DE5382C,1300
0,0,COM3D2x64_Data\sharedassets6.assets,6112,249696B3,1300
0,0,COM3D2x64_Data\sharedassets60.assets,9280,C54FADFA,1300
0,0,COM3D2x64_Data\sharedassets61.assets,9424,540A4A75,1300
0,0,COM3D2x64_Data\sharedassets62.assets,9460,D5972B36,1300
0,0,COM3D2x64_Data\sharedassets63.assets,6628,B053D2FF,1300
0,0,COM3D2x64_Data\sharedassets64.assets,9448,42AA5BA4,1300
0,0,COM3D2x64_Data\sharedassets65.assets,42236516,E1B1843F,1300
0,0,COM3D2x64_Data\sharedassets65.assets.resS,87400,8BA6C322,1300
0,0,COM3D2x64_Data\sharedassets66.assets,38246484,F4BA6EBE,1300
0,0,COM3D2x64_Data\sharedassets67.assets,32874580,FBDD6421,1300
0,0,COM3D2x64_Data\sharedassets68.assets,36735660,F9D59164,1300
0,0,COM3D2x64_Data\sharedassets68.assets.resS,174776,5B619AF1,1300
0,0,COM3D2x64_Data\sharedassets69.assets,41277336,32C32F28,1300
0,0,COM3D2x64_Data\sharedassets7.assets,6976,57389B04,1300
0,0,COM3D2x64_Data\sharedassets70.assets,39399088,B1298BBC,1300
0,0,COM3D2x64_Data\sharedassets71.assets,3017100,5E88E53C,1300
0,0,COM3D2x64_Data\sharedassets71.assets.resS,611728,7BFBEAAE,1300
0,0,COM3D2x64_Data\sharedassets72.assets,9508,D5D04FC8,1300
0,0,COM3D2x64_Data\sharedassets73.assets,6484,B18A1A26,1300
0,0,COM3D2x64_Data\sharedassets74.assets,6484,B18A1A26,1300
0,0,COM3D2x64_Data\sharedassets75.assets,6484,B18A1A26,1300
0,0,COM3D2x64_Data\sharedassets76.assets,12556,B6C961FB,1300
0,0,COM3D2x64_Data\sharedassets77.assets,9460,AAA47C4F,1300
0,0,COM3D2x64_Data\sharedassets78.assets,6448,71001AFA,1300
0,0,COM3D2x64_Data\sharedassets79.assets,59340,221B9CAC,1300
0,0,COM3D2x64_Data\sharedassets79.assets.resS,174776,B51EE5DC,1300
0,0,COM3D2x64_Data\sharedassets8.assets,6112,27421895,1300
0,0,COM3D2x64_Data\sharedassets80.assets,6460,D90314C5,1300
0,0,COM3D2x64_Data\sharedassets81.assets,6700,BD3FFD12,1300
0,0,COM3D2x64_Data\sharedassets82.assets,759616,5EB0C206,1300
0,0,COM3D2x64_Data\sharedassets82.assets.resS,1310880,58801C35,1300
0,0,COM3D2x64_Data\sharedassets82.resource,1178176,90268BF4,1300
0,0,COM3D2x64_Data\sharedassets83.assets,9316,550E3194,1300
0,0,COM3D2x64_Data\sharedassets84.assets,3412488,B6D18AA1,1300
0,0,COM3D2x64_Data\sharedassets84.assets.resS,6226112,B3E98769,1300
0,0,COM3D2x64_Data\sharedassets85.assets,6556,5B45C118,1300
0,0,COM3D2x64_Data\sharedassets86.assets,13804,20ED54F2,1300
0,0,COM3D2x64_Data\sharedassets87.assets,9448,42AA5BA4,1300
0,0,COM3D2x64_Data\sharedassets88.assets,12568,8BB63E41,1300
0,0,COM3D2x64_Data\sharedassets89.assets,9436,29990818,1300
0,0,COM3D2x64_Data\sharedassets9.assets,7072,B06DECC0,1300
0,0,COM3D2x64_Data\sharedassets90.assets,12544,2D90C5DE,1300
0,0,COM3D2x64_Data\sharedassets91.assets,9448,42AA5BA4,1300
0,0,COM3D2x64_Data\Managed\Accessibility.dll,10752,5CB31E4E,1300
0,0,COM3D2x64_Data\Managed\Assembly-CSharp-firstpass.dll,783872,486B2D1D,1300
0,0,COM3D2x64_Data\Managed\Assembly-CSharp.dll,5178368,34570357,1301
0,0,COM3D2x64_Data\Managed\Assembly-UnityScript-firstpass.dll,65024,3C54846A,1300
0,0,COM3D2x64_Data\Managed\Boo.Lang.dll,126976,28383F70,1300
0,0,COM3D2x64_Data\Managed\BouncyCastle.Crypto.dll,2236416,5A4C4F07,1300
0,0,COM3D2x64_Data\Managed\FoveUnityPlugin.dll,28672,A6EA882B,1300
0,0,COM3D2x64_Data\Managed\ICSharpCode.SharpZipLib.dll,200704,D3160A1C,1300
0,0,COM3D2x64_Data\Managed\Ionic.Zlib.dll,102400,7C9E7DD2,1300
0,0,COM3D2x64_Data\Managed\JsonFx.Json.dll,70144,A0F0CFCB,1300
0,0,COM3D2x64_Data\Managed\LeapCSharp.NET3.5.dll,82432,38E38212,1300
0,0,COM3D2x64_Data\Managed\Mono.Data.Tds.dll,96256,2965324B,1300
0,0,COM3D2x64_Data\Managed\Mono.Posix.dll,184320,0CE35BE3,1300
0,0,COM3D2x64_Data\Managed\Mono.Security.dll,294912,66EB9979,1300
0,0,COM3D2x64_Data\Managed\Mono.WebBrowser.dll,172032,137B736F,1300
0,0,COM3D2x64_Data\Managed\mscorlib.dll,2590208,5166389B,1300
0,0,COM3D2x64_Data\Managed\Newtonsoft.Json.dll,494592,5C881B73,1300
0,0,COM3D2x64_Data\Managed\System.Configuration.dll,124928,72952344,1300
0,0,COM3D2x64_Data\Managed\System.Core.dll,297472,9E3EE5D7,1300
0,0,COM3D2x64_Data\Managed\System.Data.dll,856064,DDDB80CD,1300
0,0,COM3D2x64_Data\Managed\System.dll,1679360,13922617,1300
0,0,COM3D2x64_Data\Managed\System.Drawing.Design.dll,29696,E7B53FF9,1300
0,0,COM3D2x64_Data\Managed\System.Drawing.dll,448512,C4B2E872,1300
0,0,COM3D2x64_Data\Managed\System.EnterpriseServices.dll,46592,2C72A9FE,1300
0,0,COM3D2x64_Data\Managed\System.Security.dll,135168,1CE94C57,1300
0,0,COM3D2x64_Data\Managed\System.Transactions.dll,27648,45299FCF,1300
0,0,COM3D2x64_Data\Managed\System.Windows.Forms.dll,3053568,56394001,1300
0,0,COM3D2x64_Data\Managed\System.Xml.dll,1270272,4581A35B,1300
0,0,COM3D2x64_Data\Managed\System.Xml.Linq.dll,106496,E844371C,1300
0,0,COM3D2x64_Data\Managed\UnityEngine.dll,1393152,2C35388C,1300
0,0,COM3D2x64_Data\Managed\UnityEngine.dll.mdb,449828,8610375E,1300
0,0,COM3D2x64_Data\Managed\UnityEngine.Networking.dll,253952,2BDF701F,1300
0,0,COM3D2x64_Data\Managed\UnityEngine.UI.dll,245760,FA552B2D,1300
0,0,COM3D2x64_Data\Managed\UnityEngine.VR.dll,3072,A4582CD6,1300
0,0,COM3D2x64_Data\Managed\UnityScript.Lang.dll,13824,0DA8F681,1300
0,0,COM3D2x64_Data\Managed\zxing.unity.dll,430592,9FD1F198,1300
0,0,COM3D2x64_Data\Mono\mono.dll,2618816,0BEA8C0F,1300
0,0,COM3D2x64_Data\Mono\MonoPosixHelper.dll,113664,9B5E1E4D,1300
0,0,COM3D2x64_Data\Mono\etc\mono\browscap.ini,311984,CE6C0AB3,1300
0,0,COM3D2x64_Data\Mono\etc\mono\config,1691,A635914A,1300
0,0,COM3D2x64_Data\Mono\etc\mono\1.0\DefaultWsdlHelpGenerator.aspx,58196,10E814BF,1300
0,0,COM3D2x64_Data\Mono\etc\mono\1.0\machine.config,17258,EDE1AC59,1300
0,0,COM3D2x64_Data\Mono\etc\mono\2.0\DefaultWsdlHelpGenerator.aspx,60453,F3869A34,1300
0,0,COM3D2x64_Data\Mono\etc\mono\2.0\machine.config,27625,73C91C24,1300
0,0,COM3D2x64_Data\Mono\etc\mono\2.0\settings.map,2618,A1A3C29F,1300
0,0,COM3D2x64_Data\Mono\etc\mono\2.0\web.config,11686,534A9960,1300
0,0,COM3D2x64_Data\Mono\etc\mono\2.0\Browsers\Compat.browser,1605,2E178A0B,1300
0,0,COM3D2x64_Data\Mono\etc\mono\mconfig\config.xml,25817,80B2033A,1300
0,0,COM3D2x64_Data\Plugins\assimp.dll,4388864,7C910D84,1300
0,0,COM3D2x64_Data\Plugins\Audio360.dll,1499136,2D77400A,1300
0,0,COM3D2x64_Data\Plugins\AVProVideo.dll,891392,A3612D4B,1300
0,0,COM3D2x64_Data\Plugins\clothpp.dll,112128,7C3264A4,1300
0,0,COM3D2x64_Data\Plugins\cm3d2.dll,2100736,74B315EF,1300
0,0,COM3D2x64_Data\Plugins\device_hook.dll,738816,F61E7CED,1300
0,0,COM3D2x64_Data\Plugins\FoveClient.dll,1849384,58C8B4F6,1300
0,0,COM3D2x64_Data\Plugins\LeapC.dll,2516992,FBDD3767,1300
0,0,COM3D2x64_Data\Plugins\openvr_api.dll,318272,44432E0F,1300
0,0,COM3D2x64_Data\Plugins\OVRGamepad.dll,12800,2C526135,1300
0,0,COM3D2x64_Data\Plugins\OVRLipSync.dll,2512296,391C1F4C,1300
0,0,COM3D2x64_Data\Plugins\OVRPlugin.dll,1898408,5DD05B6C,1300
0,0,COM3D2x64_Data\Resources\unity default resources,752360,71DB1AEA,1300
0,0,COM3D2x64_Data\Resources\unity_builtin_extra,284012,91145F7F,1300
0,0,GameData\bg_kissevent2018_sp_card_2.arc,493322,140250D1,1100
0,0,GameData\bg_sp001_2.arc,16204240,91030B15,1000
0,0,GameData\bg_sp004_2.arc,35284425,D79D7E66,1290
0,0,GameData\csv.arc,5185485,3BAF9601,1303
0,0,GameData\csv_gp001_2.arc,34178,AA372C5C,1270
0,0,GameData\csv_old_2.arc,1746,7AD2A97C,1150
0,0,GameData\csv_ordermade001_2.arc,770,422A7575,1150
0,0,GameData\motion2.arc,179938545,E7D5AAF1,1280
0,0,GameData\motion_3d21reserve_2.arc,153931,C630D84E,1100
0,0,GameData\motion_charaevent001_2.arc,1620106,06D07D92,1250
0,0,GameData\motion_charaevent002_2.arc,437689,A5EFDC3F,1230
0,0,GameData\motion_charaevent004_2.arc,1873028,B7C13F05,1250
0,0,GameData\motion_charaevent005_2.arc,585864,6CB6FD23,1250
0,0,GameData\motion_charaevent007_2.arc,1419293,1825E020,1280
0,0,GameData\motion_cos021_2.arc,323647,5697AC81,1061
0,0,GameData\motion_denkigai2017w_2.arc,1466874,DEACF6A8,1070
0,0,GameData\motion_gp001_2.arc,44307195,9E2BB5F3,1280
0,0,GameData\motion_kissnohi001_2.arc,158459,BD4D598E,1200
0,0,GameData\motion_omytgc002_2.arc,2519856,1A256F35,1260
0,0,GameData\motion_personal_om005_2.arc,16232604,DF69DE56,1301
0,0,GameData\parts2.arc,155875844,84EE19BB,1300
0,0,GameData\parts_dlc209_2.arc,1363413,BF1ABBC0,1171
0,0,GameData\parts_dlc216_2.arc,932171,E7454670,1200
0,0,GameData\parts_dlc232_2.arc,3682,115DEE3E,1250
0,0,GameData\parts_gp001_2.arc,45293283,8FDBD530,1260
0,0,GameData\parts_karaoke001_2.arc,453245,11C970D3,1280
0,0,GameData\parts_magazine003_2.arc,201385,3A5B273D,1120
0,0,GameData\parts_omvr.arc,3206509,4F0D0480,1120
0,0,GameData\parts_kissevent2018_2.arc,5570,005BBD00,1100
0,0,GameData\parts_shop016_2.arc,171410,3D70CEC4,1060
0,0,GameData\parts_sp002cloth1_2.arc,10930,46512519,1250
0,0,GameData\parts_vac001_2.arc,6706,959CBD1B,1250
0,0,GameData\paths.dat,4528,EC719991,1301
0,0,GameData\prioritymaterial.arc,324085,BF39B779,1290
0,0,GameData\script.arc,12218749,527667B3,1301
0,0,GameData\script_charaevent001_2.arc,30674,FD2BB099,1090
0,0,GameData\script_charaevent002_2.arc,10754,793C2808,1270
0,0,GameData\script_charaevent002ntr_2.arc,16114,A039DACC,1150
0,0,GameData\script_charaevent004ntr_2.arc,16450,5334480E,1220
0,0,GameData\script_cos021_2.arc,109385,684D92BB,1140
0,0,GameData\script_denkigai2017w_2.arc,430750,44E8DF34,1140
0,0,GameData\script_denkigai2018s_2.arc,10274,96AE23D5,1191
0,0,GameData\script_dlc247_2.arc,26498,A28A80F6,1280
0,0,GameData\script_dlc251_2.arc,16146,E59075F9,1280
0,0,GameData\script_exm001_2.arc,2738,7DFDDDE5,1070
0,0,GameData\script_gp001_2.arc,2372524,6B0FFD1A,1280
0,0,GameData\script_old_2.arc,590097,C16D1352,1270
0,0,GameData\script_omytgc001_2.arc,40322,0899329F,1301
0,0,GameData\script_omytgc003_2.arc,4402,0FF93434,1250
0,0,GameData\script_ordermade001_2.arc,121981,1FF84BAF,1270
0,0,GameData\script_ordermade002_2.arc,7474,9EC52134,1270
0,0,GameData\script_ordermade003_2.arc,1570,29033AAD,1210
0,0,GameData\script_ordermade004_2.arc,7554,E3379BF6,1270
0,0,GameData\script_personal_om001_2.arc,5314,520D3EE4,1210
0,0,GameData\script_personal_om001plus_2.arc,14514,6BA4F5F1,1280
0,0,GameData\script_personal_om002_2.arc,5794,AE80C769,1250
0,0,GameData\script_personal_om002plus_2.arc,12322,29C47739,1280
0,0,GameData\script_personal_om003_2.arc,5138,08ADE2A5,1260
0,0,GameData\script_personal_om004_2.arc,23730,EBB8A3D4,1301
0,0,GameData\script_personal_om005_2.arc,13410,22C9B745,1301
0,0,GameData\script_share_karaoke_2.arc,8100,48F87ED6,1275
0,0,GameData\sound2.arc,3301463,9DB6FEA0,1290
0,0,GameData\system2.arc,14319727,2CE96810,1301
0,0,GameData\system_gp001_2.arc,6758158,C5047B0C,1301
0,0,GameData\voice2.arc,291484114,B1BEAACB,1300
0,0,GameData\voice_gp001_2.arc,128499501,74943317,1270
0,0,GameData_20\bg_vp001_2.arc,283046,A7A90EE1,1190
0,0,GameData_20\material_denkigai2015w_2.arc,3490,F06AAABE,1090
0,0,GameData_20\material_dlc195_2.arc,1746,ECFBFE17,1090
0,0,GameData_20\material_dlcdenkigai2015w_2.arc,3522,D35394D7,1090
0,0,GameData_20\material_dlcdenkigai2017w_2.arc,3506,40FF8AFA,1090
0,0,GameData_20\material_kissevent2017march_2.arc,3538,7A6FC5CF,1090
0,0,GameData_20\menu_dlc195_2.arc,1170,BF163DDC,1090
0,0,GameData_20\model_denkigai2015w_2.arc,174373,F9233759,1090
0,0,GameData_20\model_dlc195_2.arc,583563,16C95E54,1090
0,0,GameData_20\model_dlcdenkigai2015w_2.arc,174400,BE6E5467,1090
0,0,GameData_20\model_dlcdenkigai2017w_2.arc,181384,6D5B735E,1090
0,0,GameData_20\model_kissevent2017march_2.arc,190682,21F32FCB,1090
0,0,GameData_20\texture_dlc195_2.arc,16075880,456A4C76,1090
0,0,GameData_20\paths.dat,5091,D094E2BE,1580
0,0,GameData_20\prioritymaterial.arc,221488,580931AC,1582
0,0,GameData_20\material_denkigai2015s003_2.arc,7106,0C82D791,1150
0,0,GameData_20\material_denkigai2015wTowelR.arc,1602,618192B9,1360
0,0,GameData_20\material_dlc055_2.arc,5282,11A93109,1280
0,0,GameData_20\material_dlsite_2.arc,1762,C5A837EA,1150
0,0,GameData_20\material_shop001_2.arc,1762,D98CED1C,1150
0,0,GameData_20\material_shop002_2.arc,1762,956BB00E,1150
0,0,GameData_20\material_shop003_2.arc,1762,38CEBFF2,1150
0,0,GameData_20\material_shop005_2.arc,1714,3E621A32,1150
0,0,GameData_20\material_shop007_2.arc,2578,C8CE627C,1150
0,0,GameData_20\material_vp001_2.arc,11890,8CB043B0,1400
0,0,GameData_20\material_yomeido003_2.arc,1522,0689A7AC,1240
0,0,GameData_20\menu_denkigai2015s001_2.arc,6594,8B3E849F,1160
0,0,GameData_20\menu_denkigai2015s003_2.arc,4338,D294CE88,1150
0,0,GameData_20\menu_denkigai2015wTowelR.arc,1282,CECEE1FC,1360
0,0,GameData_20\menu_denkigai2016s_2.arc,1346,4A9440B1,1351
0,0,GameData_20\menu_denkigai2016w_2.arc,15154,C8D64D3B,1450
0,0,GameData_20\menu_denkigai2017s_2.arc,1218,267B1338,1540
0,0,GameData_20\menu_dlcdenkigai2016w_2.arc,13522,45E7F667,1450
0,0,GameData_20\menu_dlcdenkigai2017s_2.arc,1218,A6C83B5D,1540
0,0,GameData_20\menu_dlc026_2.arc,3778,69453D54,1190
0,0,GameData_20\menu_dlc028_2.arc,3874,DE3F1C31,1200
0,0,GameData_20\menu_dlc041_2.arc,6786,97F738D3,1380
0,0,GameData_20\menu_dlc042_2.arc,1154,EE4016C0,1440
0,0,GameData_20\menu_dlc049_2.arc,3106,E30D6F4C,1522
0,0,GameData_20\menu_dlc061_2.arc,3810,F99C1D4E,1290
0,0,GameData_20\menu_dlc065_2.arc,7602,D9387834,1380
0,0,GameData_20\menu_dlc074_2.arc,5618,24C559D7,1312
0,0,GameData_20\menu_dlc100_2.arc,1250,DFF94E9A,1400
0,0,GameData_20\menu_dlc101_2.arc,1218,44DB4049,1481
0,0,GameData_20\menu_dlsite_2.arc,1954,B2268BA7,1150
0,0,GameData_20\menu_kissevent2017march.arc,281,FF4EEB9B,1522
0,0,GameData_20\menu_kissevent2017march_2.arc,106624,14291926,1631
0,0,GameData_20\menu_magazine002_2.arc,12498,691C1126,1471
0,0,GameData_20\menu_personal002_2.arc,1282,5687650C,1310
0,0,GameData_20\menu_shop001_2.arc,3314,35207C87,1150
0,0,GameData_20\menu_shop005_2.arc,1378,0C9AF725,1150
0,0,GameData_20\menu_vp001_2.arc,19138,7C7AFD9C,1400
0,0,GameData_20\menu_yomeido003_2.arc,1234,4D6F619D,1240
0,0,GameData_20\menu_yomeidogp_wedding_2.arc,3954,C251B12C,1320
0,0,GameData_20\model_denkigai2015s003_2.arc,394665,41A48185,1150
0,0,GameData_20\model_denkigai2015wTowelR.arc,38258,FB570A24,1360
0,0,GameData_20\model_denkigai2017s_2.arc,462663,8917104A,1582
0,0,GameData_20\model_dlcdenkigai2017s_2.arc,462667,9F0C3D54,1582
0,0,GameData_20\model_dlc005_2.arc,175424,F7DD7D82,1270
0,0,GameData_20\model_dlc046_2.arc,155690,83B34173,1220
0,0,GameData_20\model_dlc073_2.arc,267037,47D33A06,1320
0,0,GameData_20\model_dlc100_2.arc,691347,7C3D679D,1400
0,0,GameData_20\model_dlc109_2.arc,137998,8FCCF513,1460
0,0,GameData_20\model_dlc151_2.arc,213532,8C3C80C3,1520
0,0,GameData_20\model_dlsite_2.arc,197173,24366C43,1150
0,0,GameData_20\model_shop001_2.arc,115215,9C941FAF,1150
0,0,GameData_20\model_shop002_2.arc,251253,743C3D97,1150
0,0,GameData_20\model_shop003_2.arc,185433,A15EC70A,1150
0,0,GameData_20\model_shop005_2.arc,150103,FB5341FA,1150
0,0,GameData_20\model_shop007_2.arc,288759,80615CBD,1150
0,0,GameData_20\model_vp001_2.arc,647957,D68B5D2F,1400
0,0,GameData_20\texture_denkigai2015wTowelR.arc,133065,FE4BDC34,1360
0,0,GameData_20\texture_denkigai2016w_2.arc,10105247,3B4641C3,1450
0,0,GameData_20\texture_dlcdenkigai2016w_2.arc,10105332,90868016,1450
0,0,GameData_20\texture_kissevent2017march.arc,281,FF4EEB9B,1522
0,0,GameData_20\texture_kissevent2017march_2.arc,79432604,C7DD457A,1631
0,0,GameData_20\texture_dlc004_2.arc,4805734,C8E5CFB4,1200
0,0,GameData_20\texture_dlc046_2.arc,596960,FC606BA5,1220
0,0,GameData_20\texture_vp001_2.arc,755269,18D5027D,1400
0,0,GameData_20\texture_yomeido003_2.arc,117248,0EE72B42,1240
0,0,manual\favicon.ico,370070,687492C6,1050
0,0,manual\index.html,71545,035C59F0,1060
0,0,manual\css\close.png,1250,304A1D8C,1050
0,0,manual\css\common.css,3409,BA5B06EB,1050
0,0,manual\css\index.css,6614,38725E3B,1050
0,0,manual\css\lightbox.css,3674,9235D408,1050
0,0,manual\css\loading.gif,1279,72456323,1050
0,0,manual\css\next.png,1682,E0895D01,1050
0,0,manual\css\prev.png,1666,12F2027E,1050
0,0,manual\img\casino01.jpg,272694,C6FE6781,1050
0,0,manual\img\clubstatus.jpg,36546,DAA11F1D,1050
0,0,manual\img\com3d2_logo.png,100187,28605834,1050
0,0,manual\img\comp01.jpg,54909,F2AE5CE1,1050
0,0,manual\img\comp02.jpg,87599,493340A0,1050
0,0,manual\img\config.jpg,156802,1871EF55,1050
0,0,manual\img\dance01.jpg,305648,B87D0340,1050
0,0,manual\img\dance02.jpg,345535,27BEFAE3,1050
0,0,manual\img\edit01.jpg,312602,CB3E64D0,1050
0,0,manual\img\edit02.jpg,278318,878B2857,1050
0,0,manual\img\event01.jpg,194983,E4E03D42,1050
0,0,manual\img\facilitysetting01.jpg,338947,40D2A7D3,1050
0,0,manual\img\facilitysetting02.jpg,185709,12E0C653,1050
0,0,manual\img\facilitysetting03.jpg,267150,D08D54B7,1050
0,0,manual\img\kashizuki01.jpg,210954,8E6084EA,1050
0,0,manual\img\kashizuki02.jpg,209895,BD363567,1050
0,0,manual\img\kashizuki03.jpg,215560,D28EDBD6,1050
0,0,manual\img\kiss_logo.png,6459,7966A6E9,1050
0,0,manual\img\maidmanagement01.jpg,242517,21B3E491,1050
0,0,manual\img\maidmanagement02.jpg,140237,945D483D,1050
0,0,manual\img\maidmanagement03.jpg,208300,B7C8F3CD,1050
0,0,manual\img\mainmenu01.jpg,208641,7218A847,1060
0,0,manual\img\mainmenu02.jpg,193956,4C7EF1A8,1050
0,0,manual\img\myroom.jpg,225108,398BA2D8,1050
0,0,manual\img\myroom.psd,1301284,E3472053,1050
0,0,manual\img\reminiscence01.jpg,236014,B0302E74,1050
0,0,manual\img\schedule01.jpg,198475,6AD2FF8C,1050
0,0,manual\img\schedule02.jpg,240595,AE23B15D,1050
0,0,manual\img\shitsu_mode.jpg,166109,966737E0,1050
0,0,manual\img\shop.jpg,216722,67700EE6,1050
0,0,manual\img\studio.jpg,328576,FC7FDE83,1050
0,0,manual\img\system01.jpg,67204,A61273B1,1050
0,0,manual\img\yotogi01.jpg,283179,93847FCE,1050
0,0,manual\img\yotogi02.jpg,278963,0959D75C,1050
0,0,manual\img\yotogi03.jpg,243961,20F88D92,1050
0,0,manual\sys\common.js,240,976D3DF4,1050
0,0,manual\sys\jquery-3.1.0.min.js,86351,AE6B746B,1050
0,0,manual\sys\jquery.lazy.min.js,5022,FEEB9C66,1050
0,0,manual\sys\lightbox.js,18410,F90AE353,1050
