0,0,CM3D2x86.exe,11631104,9C99BCBC,108
0,0,CM3D2x86_Data\level0,154376,D2AF47A4,108
0,0,CM3D2x86_Data\level1,209928,4F8265DA,108
0,0,CM3D2x86_Data\level10,140120,CD4666D6,108
0,0,CM3D2x86_Data\level11,164464,B0B88928,108
0,0,CM3D2x86_Data\level12,140120,40531299,108
0,0,CM3D2x86_Data\level15,143184,409EDF98,108
0,0,CM3D2x86_Data\level17,140880,D8D89EAB,108
0,0,CM3D2x86_Data\level18,193328,065DED2E,108
0,0,CM3D2x86_Data\level2,427672,E77939CF,108
0,0,CM3D2x86_Data\level4,545944,217ACA0B,108
0,0,CM3D2x86_Data\level5,140528,192001BA,108
0,0,CM3D2x86_Data\level6,277152,3719ADDB,108
0,0,CM3D2x86_Data\level7,180952,385437D0,108
0,0,CM3D2x86_Data\level8,177144,F6E606E0,108
0,0,CM3D2x86_Data\level9,150136,9D3FFD13,108
0,0,CM3D2x86_Data\mainData,847984,27C212B6,108
0,0,CM3D2x86_Data\PlayerConnectionConfigFile,19,3E457A9B,108
0,0,CM3D2x86_Data\resources.assets,209522208,58FDED92,108
0,0,CM3D2x86_Data\sharedassets0.assets,236803912,7122E6B8,108
0,0,CM3D2x86_Data\sharedassets4.assets,170642964,E222DCEC,108
0,0,CM3D2x86_Data\Managed\Assembly-CSharp-firstpass.dll,163328,2F4A1270,108
0,0,CM3D2x86_Data\Managed\Assembly-CSharp.dll,1790464,A2981A38,108
0,0,CM3D2x86_Data\Managed\Assembly-UnityScript-firstpass.dll,65024,29628BA5,108
