0,0,COM3D2OH.exe,6623232,E30BEDE0,2006
0,0,COM3D2OHx64.exe,22841856,858642A8,1280
0,0,LICENSE,31205,24BAD003,1280
0,0,COM3D2OHx64_Data\app.info,42,6CD75754,1280
0,0,COM3D2OHx64_Data\globalgamemanagers,4257388,31FD13BE,1280
0,0,COM3D2OHx64_Data\globalgamemanagers.assets,230332,E8C634D5,1280
0,0,COM3D2OHx64_Data\level0,320412,844BA397,1280
0,0,COM3D2OHx64_Data\level1,343260,4A8D92E4,1280
0,0,COM3D2OHx64_Data\level10,688724,E87526C1,1280
0,0,COM3D2OHx64_Data\level11,7412,8DB7B44A,1280
0,0,COM3D2OHx64_Data\level12,322852,6A04BE74,1280
0,0,COM3D2OHx64_Data\level13,4664,FA6B272C,1280
0,0,COM3D2OHx64_Data\level14,339556,A719E407,1280
0,0,COM3D2OHx64_Data\level15,327732,70D8A46B,1280
0,0,COM3D2OHx64_Data\level16,949700,371F5145,1280
0,0,COM3D2OHx64_Data\level17,420060,CF286981,1280
0,0,COM3D2OHx64_Data\level18,1079356,42EA7F12,1280
0,0,COM3D2OHx64_Data\level19,404380,BE8EC1C2,1280
0,0,COM3D2OHx64_Data\level2,735236,CEA62CFE,1280
0,0,COM3D2OHx64_Data\level20,2169388,E94E30FF,1280
0,0,COM3D2OHx64_Data\level21,1109364,52C34B61,1280
0,0,COM3D2OHx64_Data\level22,1082668,E13A69B7,1280
0,0,COM3D2OHx64_Data\level23,442588,5B9E1920,1280
0,0,COM3D2OHx64_Data\level24,27904,833C66A7,1280
0,0,COM3D2OHx64_Data\level24.resS,131232,437C95D8,1280
0,0,COM3D2OHx64_Data\level25,51676,56661B2E,1280
0,0,COM3D2OHx64_Data\level26,56036,E2785CCF,1280
0,0,COM3D2OHx64_Data\level27,6832,3B5A5A4F,1280
0,0,COM3D2OHx64_Data\level28,321300,EF5FA57E,1280
0,0,COM3D2OHx64_Data\level29,1570668,61557BB5,1280
0,0,COM3D2OHx64_Data\level3,1207212,5FA3A386,1280
0,0,COM3D2OHx64_Data\level30,1427300,5EE49AB7,1280
0,0,COM3D2OHx64_Data\level31,1448900,11727339,1280
0,0,COM3D2OHx64_Data\level32,1344132,26FFC2D0,1280
0,0,COM3D2OHx64_Data\level33,1408604,997CC818,1280
0,0,COM3D2OHx64_Data\level34,1534012,800DBF53,1280
0,0,COM3D2OHx64_Data\level35,1271012,7BCF3F0C,1280
0,0,COM3D2OHx64_Data\level36,1021620,DF95E10A,1280
0,0,COM3D2OHx64_Data\level37,1028908,DAA4E2CC,1280
0,0,COM3D2OHx64_Data\level38,1271012,DA9197C2,1280
0,0,COM3D2OHx64_Data\level39,1151604,282E0752,1280
0,0,COM3D2OHx64_Data\level4,1265260,9617D334,1280
0,0,COM3D2OHx64_Data\level40,940172,B24E829F,1280
0,0,COM3D2OHx64_Data\level41,1226580,49DF0C39,1280
0,0,COM3D2OHx64_Data\level42,1369052,EB01253B,1280
0,0,COM3D2OHx64_Data\level43,1327580,CEA641C7,1280
0,0,COM3D2OHx64_Data\level44,912404,A8184EF0,1280
0,0,COM3D2OHx64_Data\level45,396220,581947CE,1280
0,0,COM3D2OHx64_Data\level46,392572,1FF96C1A,1280
0,0,COM3D2OHx64_Data\level47,436284,9BBE0920,1280
0,0,COM3D2OHx64_Data\level48,458428,43535EE7,1280
0,0,COM3D2OHx64_Data\level49,386812,46C192E6,1280
0,0,COM3D2OHx64_Data\level5,322532,8D2B73C4,1280
0,0,COM3D2OHx64_Data\level50,446788,C925380C,1280
0,0,COM3D2OHx64_Data\level51,1034580,4D6376CB,1280
0,0,COM3D2OHx64_Data\level52,958980,57FB8C81,1280
0,0,COM3D2OHx64_Data\level53,439508,7D53B867,1280
0,0,COM3D2OHx64_Data\level54,461652,8E82792A,1280
0,0,COM3D2OHx64_Data\level55,452236,821A7B18,1280
0,0,COM3D2OHx64_Data\level56,1038988,95A256F5,1280
0,0,COM3D2OHx64_Data\level57,999260,30A11028,1280
0,0,COM3D2OHx64_Data\level58,445268,CF27AC4E,1280
0,0,COM3D2OHx64_Data\level59,429804,F699BA2E,1280
0,0,COM3D2OHx64_Data\level6,411388,1DC7E50A,1280
0,0,COM3D2OHx64_Data\level60,411476,467249B0,1280
0,0,COM3D2OHx64_Data\level61,1378380,8496FC96,1280
0,0,COM3D2OHx64_Data\level62,1319132,AB7C8D89,1280
0,0,COM3D2OHx64_Data\level63,498284,2E01CF00,1280
0,0,COM3D2OHx64_Data\level64,397028,6AE7A8ED,1280
0,0,COM3D2OHx64_Data\level65,1247148,A4B7856A,1280
0,0,COM3D2OHx64_Data\level66,964980,D31B2466,1280
0,0,COM3D2OHx64_Data\level67,1423452,DB34A768,1280
0,0,COM3D2OHx64_Data\level68,1364604,3BCD6238,1280
0,0,COM3D2OHx64_Data\level69,1570684,42665E98,1280
0,0,COM3D2OHx64_Data\level7,320924,1FC87196,1280
0,0,COM3D2OHx64_Data\level70,1534028,FB7AA33A,1280
0,0,COM3D2OHx64_Data\level8,388156,0FEB0015,1280
0,0,COM3D2OHx64_Data\level9,324036,6272EF00,1280
0,0,COM3D2OHx64_Data\resources.assets,392087024,17D515B7,1280
0,0,COM3D2OHx64_Data\resources.assets.resS,1712704272,411CA7C0,1280
0,0,COM3D2OHx64_Data\resources.resource,727392,54F90BDA,1280
0,0,COM3D2OHx64_Data\sharedassets0.assets,115226420,E28669AE,1280
0,0,COM3D2OHx64_Data\sharedassets0.assets.resS,28071636,22B86DBB,1280
0,0,COM3D2OHx64_Data\sharedassets1.assets,6256,2E5F0231,1280
0,0,COM3D2OHx64_Data\sharedassets10.assets,6628,8089E4AD,1280
0,0,COM3D2OHx64_Data\sharedassets11.assets,4576,D6C55379,1280
0,0,COM3D2OHx64_Data\sharedassets12.assets,6124,BB84BAD7,1280
0,0,COM3D2OHx64_Data\sharedassets13.assets,4132,8136C6A1,1280
0,0,COM3D2OHx64_Data\sharedassets14.assets,6844,9DF97E91,1280
0,0,COM3D2OHx64_Data\sharedassets15.assets,6184,7E92C444,1280
0,0,COM3D2OHx64_Data\sharedassets16.assets,12544,1284A37D,1280
0,0,COM3D2OHx64_Data\sharedassets17.assets,6292,6DC1A82A,1280
0,0,COM3D2OHx64_Data\sharedassets18.assets,12688,507F2645,1280
0,0,COM3D2OHx64_Data\sharedassets19.assets,6292,A8522A22,1280
0,0,COM3D2OHx64_Data\sharedassets2.assets,6544,A5A30E72,1280
0,0,COM3D2OHx64_Data\sharedassets20.assets,7108,17FC6156,1280
0,0,COM3D2OHx64_Data\sharedassets21.assets,12664,7B11E85A,1280
0,0,COM3D2OHx64_Data\sharedassets22.assets,12664,7B11E85A,1280
0,0,COM3D2OHx64_Data\sharedassets23.assets,18126832,3D804094,1280
0,0,COM3D2OHx64_Data\sharedassets24.assets,12328,08B7C43A,1280
0,0,COM3D2OHx64_Data\sharedassets25.assets,4420,EB18619D,1280
0,0,COM3D2OHx64_Data\sharedassets26.assets,4324,122C6E84,1280
0,0,COM3D2OHx64_Data\sharedassets27.assets,4264,AD26F2C0,1280
0,0,COM3D2OHx64_Data\sharedassets28.assets,6100,7E2135A1,1280
0,0,COM3D2OHx64_Data\sharedassets29.assets,12544,4C4B951F,1280
0,0,COM3D2OHx64_Data\sharedassets3.assets,12916,EE671F26,1280
0,0,COM3D2OHx64_Data\sharedassets30.assets,12544,BB8ADEE5,1280
0,0,COM3D2OHx64_Data\sharedassets31.assets,12544,6B963D3D,1280
0,0,COM3D2OHx64_Data\sharedassets32.assets,9352,A861F42A,1280
0,0,COM3D2OHx64_Data\sharedassets33.assets,9460,837EEFF4,1280
0,0,COM3D2OHx64_Data\sharedassets34.assets,9448,14439F66,1280
0,0,COM3D2OHx64_Data\sharedassets35.assets,12628,72B21D85,1280
0,0,COM3D2OHx64_Data\sharedassets36.assets,9244,B265F38B,1280
0,0,COM3D2OHx64_Data\sharedassets37.assets,9280,99FE54E9,1280
0,0,COM3D2OHx64_Data\sharedassets38.assets,12628,72B21D85,1280
0,0,COM3D2OHx64_Data\sharedassets39.assets,9484,6039FF43,1280
0,0,COM3D2OHx64_Data\sharedassets4.assets,7180,CC69598E,1280
0,0,COM3D2OHx64_Data\sharedassets40.assets,9280,99FE54E9,1280
0,0,COM3D2OHx64_Data\sharedassets41.assets,9424,9DF7166A,1280
0,0,COM3D2OHx64_Data\sharedassets42.assets,12544,D7D3EFD0,1280
0,0,COM3D2OHx64_Data\sharedassets43.assets,9460,837EEFF4,1280
0,0,COM3D2OHx64_Data\sharedassets44.assets,9448,14439F66,1280
0,0,COM3D2OHx64_Data\sharedassets45.assets,42236516,462BEFBB,1280
0,0,COM3D2OHx64_Data\sharedassets45.assets.resS,87400,8BA6C322,1280
0,0,COM3D2OHx64_Data\sharedassets46.assets,38246484,B0E0DEA1,1280
0,0,COM3D2OHx64_Data\sharedassets47.assets,32874580,D4A1FACC,1280
0,0,COM3D2OHx64_Data\sharedassets48.assets,36735660,2664C467,1280
0,0,COM3D2OHx64_Data\sharedassets48.assets.resS,174776,5B619AF1,1280
0,0,COM3D2OHx64_Data\sharedassets49.assets,41277336,A787CC01,1280
0,0,COM3D2OHx64_Data\sharedassets5.assets,6136,287C581A,1280
0,0,COM3D2OHx64_Data\sharedassets50.assets,39399088,8359712B,1280
0,0,COM3D2OHx64_Data\sharedassets51.assets,3017100,A73377A2,1280
0,0,COM3D2OHx64_Data\sharedassets51.assets.resS,611728,7BFBEAAE,1280
0,0,COM3D2OHx64_Data\sharedassets52.assets,9508,DFCF28EE,1280
0,0,COM3D2OHx64_Data\sharedassets53.assets,6484,F0E67106,1280
0,0,COM3D2OHx64_Data\sharedassets54.assets,6484,F0E67106,1280
0,0,COM3D2OHx64_Data\sharedassets55.assets,6484,F0E67106,1280
0,0,COM3D2OHx64_Data\sharedassets56.assets,12556,4C0EBDD0,1280
0,0,COM3D2OHx64_Data\sharedassets57.assets,9460,5B405C83,1280
0,0,COM3D2OHx64_Data\sharedassets58.assets,6448,165BA512,1280
0,0,COM3D2OHx64_Data\sharedassets59.assets,59340,70FF10BC,1280
0,0,COM3D2OHx64_Data\sharedassets59.assets.resS,174776,B51EE5DC,1280
0,0,COM3D2OHx64_Data\sharedassets6.assets,7072,C82251D9,1280
0,0,COM3D2OHx64_Data\sharedassets60.assets,6460,6ED169F9,1280
0,0,COM3D2OHx64_Data\sharedassets61.assets,759616,3B6D99D5,1280
0,0,COM3D2OHx64_Data\sharedassets61.assets.resS,1310880,58801C35,1280
0,0,COM3D2OHx64_Data\sharedassets61.resource,1178176,90268BF4,1280
0,0,COM3D2OHx64_Data\sharedassets62.assets,9316,C5BD3192,1280
0,0,COM3D2OHx64_Data\sharedassets63.assets,3412488,9EE4B3BA,1280
0,0,COM3D2OHx64_Data\sharedassets63.assets.resS,6226112,B3E98769,1280
0,0,COM3D2OHx64_Data\sharedassets64.assets,6568,16415587,1280
0,0,COM3D2OHx64_Data\sharedassets65.assets,13804,0763D5FB,1280
0,0,COM3D2OHx64_Data\sharedassets66.assets,9448,14439F66,1280
0,0,COM3D2OHx64_Data\sharedassets67.assets,12568,502CC368,1280
0,0,COM3D2OHx64_Data\sharedassets68.assets,9436,5A2B57A7,1280
0,0,COM3D2OHx64_Data\sharedassets69.assets,12544,4C4B951F,1280
0,0,COM3D2OHx64_Data\sharedassets7.assets,6064,265E3DA5,1280
0,0,COM3D2OHx64_Data\sharedassets70.assets,9448,14439F66,1280
0,0,COM3D2OHx64_Data\sharedassets8.assets,6316,E10A8C2B,1280
0,0,COM3D2OHx64_Data\sharedassets9.assets,6208,977C1676,1280
0,0,COM3D2OHx64_Data\Managed\Accessibility.dll,10752,5CB31E4E,1280
0,0,COM3D2OHx64_Data\Managed\Assembly-CSharp-firstpass.dll,787456,DCEB9520,1280
0,0,COM3D2OHx64_Data\Managed\Assembly-CSharp.dll,5250048,FE442C8A,1280
0,0,COM3D2OHx64_Data\Managed\Assembly-UnityScript-firstpass.dll,65024,846B3771,1280
0,0,COM3D2OHx64_Data\Managed\Boo.Lang.dll,126976,28383F70,1280
0,0,COM3D2OHx64_Data\Managed\BouncyCastle.Crypto.dll,2236416,5A4C4F07,1280
0,0,COM3D2OHx64_Data\Managed\FoveUnityPlugin.dll,28672,A6EA882B,1280
0,0,COM3D2OHx64_Data\Managed\ICSharpCode.SharpZipLib.dll,200704,D3160A1C,1280
0,0,COM3D2OHx64_Data\Managed\Ionic.Zlib.dll,102400,7C9E7DD2,1280
0,0,COM3D2OHx64_Data\Managed\JsonFx.Json.dll,70144,A0F0CFCB,1280
0,0,COM3D2OHx64_Data\Managed\LeapCSharp.NET3.5.dll,82432,38E38212,1280
0,0,COM3D2OHx64_Data\Managed\Mono.Data.Tds.dll,96256,2965324B,1280
0,0,COM3D2OHx64_Data\Managed\Mono.Posix.dll,184320,0CE35BE3,1280
0,0,COM3D2OHx64_Data\Managed\Mono.Security.dll,294912,66EB9979,1280
0,0,COM3D2OHx64_Data\Managed\Mono.WebBrowser.dll,172032,137B736F,1280
0,0,COM3D2OHx64_Data\Managed\mscorlib.dll,2590208,5166389B,1280
0,0,COM3D2OHx64_Data\Managed\Newtonsoft.Json.dll,494592,5C881B73,1280
0,0,COM3D2OHx64_Data\Managed\System.Configuration.dll,124928,72952344,1280
0,0,COM3D2OHx64_Data\Managed\System.Core.dll,297472,9E3EE5D7,1280
0,0,COM3D2OHx64_Data\Managed\System.Data.dll,856064,DDDB80CD,1280
0,0,COM3D2OHx64_Data\Managed\System.dll,1679360,13922617,1280
0,0,COM3D2OHx64_Data\Managed\System.Drawing.Design.dll,29696,E7B53FF9,1280
0,0,COM3D2OHx64_Data\Managed\System.Drawing.dll,448512,C4B2E872,1280
0,0,COM3D2OHx64_Data\Managed\System.EnterpriseServices.dll,46592,2C72A9FE,1280
0,0,COM3D2OHx64_Data\Managed\System.Security.dll,135168,1CE94C57,1280
0,0,COM3D2OHx64_Data\Managed\System.Transactions.dll,27648,45299FCF,1280
0,0,COM3D2OHx64_Data\Managed\System.Windows.Forms.dll,3053568,56394001,1280
0,0,COM3D2OHx64_Data\Managed\System.Xml.dll,1270272,4581A35B,1280
0,0,COM3D2OHx64_Data\Managed\System.Xml.Linq.dll,106496,E844371C,1280
0,0,COM3D2OHx64_Data\Managed\UnityEngine.dll,1393152,2C35388C,1280
0,0,COM3D2OHx64_Data\Managed\UnityEngine.dll.mdb,449828,8610375E,1280
0,0,COM3D2OHx64_Data\Managed\UnityEngine.Networking.dll,253952,2BDF701F,1280
0,0,COM3D2OHx64_Data\Managed\UnityEngine.UI.dll,245760,FA552B2D,1280
0,0,COM3D2OHx64_Data\Managed\UnityEngine.VR.dll,3072,A4582CD6,1280
0,0,COM3D2OHx64_Data\Managed\UnityScript.Lang.dll,13824,0DA8F681,1280
0,0,COM3D2OHx64_Data\Managed\zxing.unity.dll,430592,9FD1F198,1280
0,0,COM3D2OHx64_Data\Mono\mono.dll,2618816,0BEA8C0F,1280
0,0,COM3D2OHx64_Data\Mono\MonoPosixHelper.dll,113664,9B5E1E4D,1280
0,0,COM3D2OHx64_Data\Mono\etc\mono\browscap.ini,311984,CE6C0AB3,1280
0,0,COM3D2OHx64_Data\Mono\etc\mono\config,1691,A635914A,1280
0,0,COM3D2OHx64_Data\Mono\etc\mono\1.0\DefaultWsdlHelpGenerator.aspx,58196,10E814BF,1280
0,0,COM3D2OHx64_Data\Mono\etc\mono\1.0\machine.config,17258,EDE1AC59,1280
0,0,COM3D2OHx64_Data\Mono\etc\mono\2.0\DefaultWsdlHelpGenerator.aspx,60453,F3869A34,1280
0,0,COM3D2OHx64_Data\Mono\etc\mono\2.0\machine.config,27625,73C91C24,1280
0,0,COM3D2OHx64_Data\Mono\etc\mono\2.0\settings.map,2618,A1A3C29F,1280
0,0,COM3D2OHx64_Data\Mono\etc\mono\2.0\web.config,11686,534A9960,1280
0,0,COM3D2OHx64_Data\Mono\etc\mono\2.0\Browsers\Compat.browser,1605,2E178A0B,1280
0,0,COM3D2OHx64_Data\Mono\etc\mono\mconfig\config.xml,25817,80B2033A,1280
0,0,COM3D2OHx64_Data\Plugins\assimp.dll,4388864,7C910D84,1280
0,0,COM3D2OHx64_Data\Plugins\Audio360.dll,1499136,2D77400A,1280
0,0,COM3D2OHx64_Data\Plugins\AVProVideo.dll,891392,A3612D4B,1280
0,0,COM3D2OHx64_Data\Plugins\clothpp.dll,112128,7C3264A4,1280
0,0,COM3D2OHx64_Data\Plugins\cm3d2.dll,2100736,74B315EF,1280
0,0,COM3D2OHx64_Data\Plugins\device_hook.dll,738816,F61E7CED,1280
0,0,COM3D2OHx64_Data\Plugins\FoveClient.dll,1849384,58C8B4F6,1280
0,0,COM3D2OHx64_Data\Plugins\LeapC.dll,2516992,FBDD3767,1280
0,0,COM3D2OHx64_Data\Plugins\openvr_api.dll,318272,44432E0F,1280
0,0,COM3D2OHx64_Data\Plugins\OVRGamepad.dll,12800,2C526135,1280
0,0,COM3D2OHx64_Data\Plugins\OVRLipSync.dll,2512296,391C1F4C,1280
0,0,COM3D2OHx64_Data\Plugins\OVRPlugin.dll,1898408,5DD05B6C,1280
0,0,COM3D2OHx64_Data\Resources\unity default resources,752360,71DB1AEA,1280
0,0,COM3D2OHx64_Data\Resources\unity_builtin_extra,284012,91145F7F,1280
0,0,GameData\bg_kissevent2018_sp_card_2.arc,493322,140250D1,1100
0,0,GameData\bg_sp001_2.arc,16204240,91030B15,1000
0,0,GameData\csv.arc,5149367,28CA610F,1280
0,0,GameData\csv_cbl.arc,739897,7AE32C43,1280
0,0,GameData\csv_gp001_2.arc,34178,AA372C5C,1270
0,0,GameData\csv_old_2.arc,1746,7AD2A97C,1150
0,0,GameData\csv_ordermade001_2.arc,770,422A7575,1150
0,0,GameData\motion_cbl2.arc,22222457,FD0F6146,1280
0,0,GameData\motion_cbl_3d21reserve_2.arc,153938,9CB83B59,1120
0,0,GameData\motion_cbl_kissnohi001_2.arc,158468,9CE47192,1200
0,0,GameData\motion_cbl_vp001_2.arc,1659046,62219F7A,1250
0,0,GameData\parts2.arc,153782365,39B77863,1280
0,0,GameData\parts_dlc209_2.arc,1363413,BF1ABBC0,1171
0,0,GameData\parts_dlc216_2.arc,932171,E7454670,1200
0,0,GameData\parts_dlc232_2.arc,3682,115DEE3E,1250
0,0,GameData\parts_gp001_2.arc,45293283,8FDBD530,1260
0,0,GameData\parts_karaoke001_2.arc,453245,11C970D3,1280
0,0,GameData\parts_kissevent2018_2.arc,5570,005BBD00,1100
0,0,GameData\parts_magazine003_2.arc,201385,3A5B273D,1120
0,0,GameData\parts_omvr.arc,3206509,4F0D0480,1120
0,0,GameData\parts_sp002cloth1_2.arc,10930,46512519,1250
0,0,GameData\parts_vac001_2.arc,6706,959CBD1B,1250
0,0,GameData\paths.dat,4366,688960A0,1280
0,0,GameData\prioritymaterial.arc,321105,68DE5A0F,1280
0,0,GameData\script_cbl.arc,5715757,45CF04C2,1280
0,0,GameData\script_cbl_omytgc001_2.arc,212278,5759B805,1210
0,0,GameData\script_cbl_ordermade001_2.arc,36866,2E4CD733,1210
0,0,GameData\script_cbl_ordermade002_2.arc,36466,DD7811A4,1210
0,0,GameData\script_cbl_ordermade003_2.arc,3026,080F3688,1250
0,0,GameData\script_cbl_ordermade004_2.arc,3250,96221889,1250
0,0,GameData\script_cbl_personal_om002_2.arc,1730,BC1779C2,1250
0,0,GameData\script_cbl_personal_om004_2.arc,1954,3FEFD65F,1280
0,0,GameData\script_cbl_s2.arc,1170205,611FCB43,1230
0,0,GameData\script_share_karaoke_2.arc,8100,48F87ED6,1275
0,0,GameData\sound2.arc,2892294,20324F6B,1280
0,0,GameData\system2.arc,11891076,1E4A59B9,1270
0,0,GameData\system_gp001_2.arc,6758158,26F382BD,1280
0,0,GameData\voice2.arc,291305651,6B5BCE93,1280
0,0,GameData\voice_cbl_s2.arc,32906282,98B4E1E9,1170
0,0,GameData\voice_gp001_2.arc,128499501,74943317,1270
0,0,GameData_20\bg_vp001_2.arc,283046,A7A90EE1,1190
0,0,GameData_20\material_denkigai2015s003_2.arc,7106,0C82D791,1150
0,0,GameData_20\material_denkigai2015wTowelR.arc,1602,618192B9,1360
0,0,GameData_20\material_dlc055_2.arc,5282,11A93109,1280
0,0,GameData_20\material_dlsite_2.arc,1762,C5A837EA,1150
0,0,GameData_20\material_shop001_2.arc,1762,D98CED1C,1150
0,0,GameData_20\material_shop002_2.arc,1762,956BB00E,1150
0,0,GameData_20\material_shop003_2.arc,1762,38CEBFF2,1150
0,0,GameData_20\material_shop005_2.arc,1714,3E621A32,1150
0,0,GameData_20\material_shop007_2.arc,2578,C8CE627C,1150
0,0,GameData_20\material_vp001_2.arc,11890,8CB043B0,1400
0,0,GameData_20\material_yomeido003_2.arc,1522,0689A7AC,1240
0,0,GameData_20\menu_denkigai2015s001_2.arc,6594,8B3E849F,1160
0,0,GameData_20\menu_denkigai2015s003_2.arc,4338,D294CE88,1150
0,0,GameData_20\menu_denkigai2015wTowelR.arc,1282,CECEE1FC,1360
0,0,GameData_20\menu_denkigai2016s_2.arc,1346,4A9440B1,1351
0,0,GameData_20\menu_denkigai2016w_2.arc,15154,C8D64D3B,1450
0,0,GameData_20\menu_denkigai2017s_2.arc,1218,267B1338,1540
0,0,GameData_20\menu_dlcdenkigai2016w_2.arc,13522,45E7F667,1450
0,0,GameData_20\menu_dlcdenkigai2017s_2.arc,1218,A6C83B5D,1540
0,0,GameData_20\menu_dlc026_2.arc,3778,69453D54,1190
0,0,GameData_20\menu_dlc028_2.arc,3874,DE3F1C31,1200
0,0,GameData_20\menu_dlc041_2.arc,6786,97F738D3,1380
0,0,GameData_20\menu_dlc042_2.arc,1154,EE4016C0,1440
0,0,GameData_20\menu_dlc049_2.arc,3106,E30D6F4C,1522
0,0,GameData_20\menu_dlc061_2.arc,3810,F99C1D4E,1290
0,0,GameData_20\menu_dlc065_2.arc,7602,D9387834,1380
0,0,GameData_20\menu_dlc074_2.arc,5618,24C559D7,1312
0,0,GameData_20\menu_dlc100_2.arc,1250,DFF94E9A,1400
0,0,GameData_20\menu_dlc101_2.arc,1218,44DB4049,1481
0,0,GameData_20\menu_dlsite_2.arc,1954,B2268BA7,1150
0,0,GameData_20\menu_kissevent2017march.arc,281,FF4EEB9B,1522
0,0,GameData_20\menu_kissevent2017march_2.arc,106624,14291926,1631
0,0,GameData_20\menu_magazine002_2.arc,12498,691C1126,1471
0,0,GameData_20\menu_personal002_2.arc,1282,5687650C,1310
0,0,GameData_20\menu_shop001_2.arc,3314,35207C87,1150
0,0,GameData_20\menu_shop005_2.arc,1378,0C9AF725,1150
0,0,GameData_20\menu_vp001_2.arc,19138,7C7AFD9C,1400
0,0,GameData_20\menu_yomeido003_2.arc,1234,4D6F619D,1240
0,0,GameData_20\menu_yomeidogp_wedding_2.arc,3954,C251B12C,1320
0,0,GameData_20\model_denkigai2015s003_2.arc,394665,41A48185,1150
0,0,GameData_20\model_denkigai2015wTowelR.arc,38258,FB570A24,1360
0,0,GameData_20\model_denkigai2017s_2.arc,462663,8917104A,1582
0,0,GameData_20\model_dlcdenkigai2017s_2.arc,462667,9F0C3D54,1582
0,0,GameData_20\model_dlc005_2.arc,175424,F7DD7D82,1270
0,0,GameData_20\model_dlc046_2.arc,155690,83B34173,1220
0,0,GameData_20\model_dlc073_2.arc,267037,47D33A06,1320
0,0,GameData_20\model_dlc100_2.arc,691347,7C3D679D,1400
0,0,GameData_20\model_dlc109_2.arc,137998,8FCCF513,1460
0,0,GameData_20\model_dlc151_2.arc,213532,8C3C80C3,1520
0,0,GameData_20\model_dlsite_2.arc,197173,24366C43,1150
0,0,GameData_20\model_shop001_2.arc,115215,9C941FAF,1150
0,0,GameData_20\model_shop002_2.arc,251253,743C3D97,1150
0,0,GameData_20\model_shop003_2.arc,185433,A15EC70A,1150
0,0,GameData_20\model_shop005_2.arc,150103,FB5341FA,1150
0,0,GameData_20\model_shop007_2.arc,288759,80615CBD,1150
0,0,GameData_20\model_vp001_2.arc,647957,D68B5D2F,1400
0,0,GameData_20\texture_denkigai2015wTowelR.arc,133065,FE4BDC34,1360
0,0,GameData_20\texture_denkigai2016w_2.arc,10105247,3B4641C3,1450
0,0,GameData_20\texture_dlcdenkigai2016w_2.arc,10105332,90868016,1450
0,0,GameData_20\texture_kissevent2017march.arc,281,FF4EEB9B,1522
0,0,GameData_20\texture_kissevent2017march_2.arc,79432604,C7DD457A,1631
0,0,GameData_20\texture_dlc004_2.arc,4805734,C8E5CFB4,1200
0,0,GameData_20\texture_dlc046_2.arc,596960,FC606BA5,1220
0,0,GameData_20\texture_vp001_2.arc,755269,18D5027D,1400
0,0,GameData_20\texture_yomeido003_2.arc,117248,0EE72B42,1240
0,0,manual\index.html,52620,3D3D5ACF,1170
0,0,manual\css\index.css,7168,D11B8AF5,1170
0,0,manual\img\chu-blip2.jpg,78933,95522903,1170
0,0,manual\img\com3d2wcls2_logo.png,107288,47D023F7,1170
0,0,manual\img\config.jpg,167519,C5E4FAF3,1170
0,0,manual\img\menu001.jpg,13885,25B66329,1170
0,0,manual\img\menu002.jpg,24247,87A4205F,1170
0,0,manual\img\yotogi04.jpg,239859,141EC205,1170
0,0,manual\img\yotogi05.jpg,187720,9C93EE69,1170