0,0,COM3D2x64_Data\Managed\Assembly-CSharp.dll,5900800,43B0F1FD,23602
0,0,COM3D2x64.exe,22841856,A9562BF9,23602
share,../com3d2data\GameData\ja\voice2.arc,GameData\voice2.arc,957081578,031CE803,23602
share,../com3d2data\GameData\ja_script\script.arc,GameData\script.arc,16413389,F57326C2,23605
share,../com3d2data\GameData\ja_script\script_gp001_2.arc,GameData\script_gp001_2.arc,2600172,650BD2C8,23602
share,../com3d2data\GameData\ja_script\script_gp002wedd_2.arc,GameData\script_gp002wedd_2.arc,4018,0A442122,23601
share,../com3d2data\GameData\ja_script\script_gp003d_2.arc,GameData\script_gp003d_2.arc,5202,13EC3EC2,23602
share,../com3d2data\GameData\ja_script\script_personal_om004_2.arc,GameData\script_personal_om004_2.arc,169340,AA1D44BA,23602
share,../com3d2data\GameData\ja_script\script_personal_om005_2.arc,GameData\script_personal_om005_2.arc,136397,D846AA73,23602
share,../com3d2data\GameData\ja_script\script_personal_om006_2.arc,GameData\script_personal_om006_2.arc,114139,369C9DCC,23602
share,../com3d2data\GameData\ja_script\script_teikoku001_2.arc,GameData\script_teikoku001_2.arc,62674,706B6E7E,23602
share,../com3d2data\GameData\patch\csv.arc,GameData\csv.arc,35590516,B1813A11,23602
share,../com3d2data\GameData\patch\csv_dance_hhs_2.arc,GameData\csv_dance_hhs_2.arc,726,9CA90E9E,23602
share,../com3d2data\GameData\patch\csv_dance_smt_2.arc,GameData\csv_dance_smt_2.arc,675,3D8E6627,23602
share,../com3d2data\GameData\patch\csv_dance_sse_2.arc,GameData\csv_dance_sse_2.arc,689,43A8D6EB,23602
share,../com3d2data\GameData\patch\paths.dat,GameData\paths.dat,18118,7B378C43,23605
share,../com3d2data\GameData\patch\prioritymaterial.arc,GameData\prioritymaterial.arc,820348,29B13795,23605
share,../com3d2data\GameData\patch\sound_dance_hhs_2.arc,GameData\sound_dance_hhs_2.arc,16074594,8B5FEAC3,23602
share,../com3d2data\GameData\patch\sound_dance_smt_2.arc,GameData\sound_dance_smt_2.arc,19977733,A59062F4,23602
share,../com3d2data\GameData\patch\sound_dance_sse_2.arc,GameData\sound_dance_sse_2.arc,18108115,02AC4595,23602
share,../com3d2data\GameData\patch\system2.arc,GameData\system2.arc,31209027,609EE3AF,23602
