0,0,COM3D2x64_Data\Managed\Assembly-CSharp.dll,6275072,7B30CE4D,33602
0,0,COM3D2x64.exe,22841856,A9562BF9,33603
share,../com3d2data\GameData\ja\voice2.arc,GameData\voice2.arc,970563688,FF87040C,23603
share,../com3d2data\GameData\ja_script\script.arc,GameData\script.arc,16451509,837CB3C3,23611
share,../com3d2data\GameData\ja_script\script_coupling001_2.arc,GameData\script_coupling001_2.arc,14994,AC771E74,23603
share,../com3d2data\GameData\ja_script\script_gekiama001_2.arc,GameData\script_gekiama001_2.arc,155050,D1618079,23603
share,../com3d2data\GameData\ja_script\script_gp001_2.arc,GameData\script_gp001_2.arc,2600172,650BD2C8,23602
share,../com3d2data\GameData\ja_script\script_gp001fb_2.arc,GameData\script_gp001fb_2.arc,217615,0B0A6EFA,23603
share,../com3d2data\GameData\ja_script\script_gp002_2.arc,GameData\script_gp002_2.arc,1508321,37D210F6,23603
share,../com3d2data\GameData\ja_script\script_gp002p1_2.arc,GameData\script_gp002p1_2.arc,9794,8B7060C9,23603
share,../com3d2data\GameData\ja_script\script_gp002wedd_2.arc,GameData\script_gp002wedd_2.arc,4018,0A442122,23601
share,../com3d2data\GameData\ja_script\script_gp003d_2.arc,GameData\script_gp003d_2.arc,12658,272CD8C9,23603
share,../com3d2data\GameData\ja_script\script_old_2.arc,GameData\script_old_2.arc,745305,1C16FFDF,23603
share,../com3d2data\GameData\ja_script\script_omytgc002_2.arc,GameData\script_omytgc002_2.arc,27698,544D26B2,23603
share,../com3d2data\GameData\ja_script\script_omytgc034_2.arc,GameData\script_omytgc034_2.arc,89789,1E6B89E1,23603
share,../com3d2data\GameData\ja_script\script_ordermade001_2.arc,GameData\script_ordermade001_2.arc,194564,18AD4F03,23603
share,../com3d2data\GameData\ja_script\script_ordermade003_2.arc,GameData\script_ordermade003_2.arc,112726,A69108DC,23603
share,../com3d2data\GameData\ja_script\script_ordermade004_2.arc,GameData\script_ordermade004_2.arc,132478,7B39C148,23603
share,../com3d2data\GameData\ja_script\script_personal_om004_2.arc,GameData\script_personal_om004_2.arc,169340,AA1D44BA,23602
share,../com3d2data\GameData\ja_script\script_personal_om005_2.arc,GameData\script_personal_om005_2.arc,136397,D846AA73,23602
share,../com3d2data\GameData\ja_script\script_personal_om006_2.arc,GameData\script_personal_om006_2.arc,114139,369C9DCC,23602
share,../com3d2data\GameData\ja_script\script_personal_om011_2.arc,GameData\script_personal_om011_2.arc,73403,1A120A6A,23603
share,../com3d2data\GameData\ja_script\script_personal_om012_2.arc,GameData\script_personal_om012_2.arc,119066,59F123B5,23603
share,../com3d2data\GameData\ja_script\script_teikoku001_2.arc,GameData\script_teikoku001_2.arc,62674,706B6E7E,23602
share,../com3d2data\GameData\ja_script\script_x001kai_2.arc,GameData\script_x001kai_2.arc,216085,93483962,23603
share,../com3d2data\GameData\patch\csv.arc,GameData\csv.arc,36385796,74589BC4,23617
share,../com3d2data\GameData\patch\csv_dance_hhs_2.arc,GameData\csv_dance_hhs_2.arc,726,9CA90E9E,23602
share,../com3d2data\GameData\patch\csv_dance_smt_2.arc,GameData\csv_dance_smt_2.arc,675,3D8E6627,23602
share,../com3d2data\GameData\patch\csv_dance_sse_2.arc,GameData\csv_dance_sse_2.arc,689,43A8D6EB,23602
share,../com3d2data\GameData\patch\parts_cas043_2.arc,GameData\parts_cas043_2.arc,168119,E964F6CD,23603
share,../com3d2data\GameData\patch\parts_dlc386_2.arc,GameData\parts_dlc386_2.arc,2936771,60E19E5B,23603
share,../com3d2data\GameData\patch\parts_dlc519_2.arc,GameData\parts_dlc519_2.arc,198242,07457421,23603
share,../com3d2data\GameData\patch\parts_gp001fb_2.arc,GameData\parts_gp001fb_2.arc,1655782,2510019F,23603
share,../com3d2data\GameData\patch\parts_gp003_2.arc,GameData\parts_gp003_2.arc,156493013,99EC3785,23603
share,../com3d2data\GameData\patch\parts_oldplus011hair2_2.arc,GameData\parts_oldplus011hair2_2.arc,4114,5AB34B52,23603
share,../com3d2data\GameData\patch\parts2.arc,GameData\parts2.arc,223628527,346C3C55,23603
share,../com3d2data\GameData\patch\paths.dat,GameData\paths.dat,18373,43E82E12,23616
share,../com3d2data\GameData\patch\prioritymaterial.arc,GameData\prioritymaterial.arc,832495,19C47240,23610
share,../com3d2data\GameData\patch\sound_dance_hhs_2.arc,GameData\sound_dance_hhs_2.arc,16074594,8B5FEAC3,23602
share,../com3d2data\GameData\patch\sound_dance_smt_2.arc,GameData\sound_dance_smt_2.arc,19977733,A59062F4,23602
share,../com3d2data\GameData\patch\sound_dance_sse_2.arc,GameData\sound_dance_sse_2.arc,18108115,02AC4595,23602
share,../com3d2data\GameData\patch\system2.arc,GameData\system2.arc,31209027,609EE3AF,23602
share,../com3d2data\GameData_20\material_dlc386_2.arc,GameData_20\material_dlc386_2.arc,13175,04C29D9A,1719
share,../com3d2data\GameData_20\menu_dlc386_2.arc,GameData_20\menu_dlc386_2.arc,8185,C2706C1B,1719
share,../com3d2data\GameData_20\model_cas043_2.arc,GameData_20\model_cas043_2.arc,166537,75FE857B,1719
share,../com3d2data\GameData_20\model_dlc386_2.arc,GameData_20\model_dlc386_2.arc,1890415,007766B6,1719
share,../com3d2data\GameData_20\model_dlc519_2.arc,GameData_20\model_dlc519_2.arc,196038,1C30BEC7,1719
share,../com3d2data\GameData_20\paths.dat,GameData_20\paths.dat,14991,6FE8F413,1814
share,../com3d2data\GameData_20\prioritymaterial.arc,GameData_20\prioritymaterial.arc,440997,3D621988,1814
share,../com3d2data\GameData_20\texture_dlc386_2.arc,GameData_20\texture_dlc386_2.arc,1022342,D0C27F2F,1719
