0,0,CM3D2OH.exe,7707136,A913B79B,1007
0,0,CM3D2OHx86.exe,11632128,2AF57CD7,128
0,0,CM3D2OHx86_Data\level0,165088,0665D41A,128
0,0,CM3D2OHx86_Data\level1,233232,DE0318BE,128
0,0,CM3D2OHx86_Data\level10,4376,FF52415D,128
0,0,CM3D2OHx86_Data\level11,153896,D2787D1C,128
0,0,CM3D2OHx86_Data\level12,4376,98F8B04C,128
0,0,CM3D2OHx86_Data\level13,162224,96330EA0,128
0,0,CM3D2OHx86_Data\level14,224968,63F711F9,128
0,0,CM3D2OHx86_Data\level15,366096,3B378EC2,128
0,0,CM3D2OHx86_Data\level16,171304,F883C606,128
0,0,CM3D2OHx86_Data\level17,443688,4A8DD156,128
0,0,CM3D2OHx86_Data\level18,214408,765D3482,128
0,0,CM3D2OHx86_Data\level19,552280,F3182BB2,128
0,0,CM3D2OHx86_Data\level2,488752,A654DBBB,128
0,0,CM3D2OHx86_Data\level20,640960,34B94036,128
0,0,CM3D2OHx86_Data\level21,431480,FD3225F4,128
0,0,CM3D2OHx86_Data\level3,558632,83016440,128
0,0,CM3D2OHx86_Data\level4,151240,AF373E1C,128
0,0,CM3D2OHx86_Data\level5,187856,167D06E0,128
0,0,CM3D2OHx86_Data\level6,150816,39A7F226,128
0,0,CM3D2OHx86_Data\level7,175176,67C5669F,128
0,0,CM3D2OHx86_Data\level8,151248,F3A20F1C,128
0,0,CM3D2OHx86_Data\level9,453488,B0D86D79,128
0,0,CM3D2OHx86_Data\mainData,981120,344A5D1E,128
0,0,CM3D2OHx86_Data\PlayerConnectionConfigFile,21,D50B3093,128
0,0,CM3D2OHx86_Data\resources.assets,228732356,88FB2E3C,128
0,0,CM3D2OHx86_Data\sharedassets0.assets,237166976,774767C0,128
0,0,CM3D2OHx86_Data\sharedassets1.assets,6649276,DDF7C27A,128
0,0,CM3D2OHx86_Data\sharedassets10.assets,4553936,A7E06461,128
0,0,CM3D2OHx86_Data\sharedassets11.assets,4112,3BF44473,128
0,0,CM3D2OHx86_Data\sharedassets12.assets,4200912,90E602E9,128
0,0,CM3D2OHx86_Data\sharedassets13.assets,4112,11E3C8F0,128
0,0,CM3D2OHx86_Data\sharedassets14.assets,52417456,C40CFBBF,128
0,0,CM3D2OHx86_Data\sharedassets15.assets,3691764,11778108,128
0,0,CM3D2OHx86_Data\sharedassets16.assets,1587644,AE463F32,128
0,0,CM3D2OHx86_Data\sharedassets17.assets,5336,BE8ABDD7,128
0,0,CM3D2OHx86_Data\sharedassets18.assets,72640,908C4A01,128
0,0,CM3D2OHx86_Data\sharedassets19.assets,5424,48A132F3,128
0,0,CM3D2OHx86_Data\sharedassets2.assets,10497772,C7AA1A85,128
0,0,CM3D2OHx86_Data\sharedassets20.assets,1423756,C3F7CF6D,128
0,0,CM3D2OHx86_Data\sharedassets21.assets,5648,DF586CE6,128
0,0,CM3D2OHx86_Data\sharedassets22.assets,39509480,7DC0183E,128
0,0,CM3D2OHx86_Data\sharedassets3.assets,36843908,FE1732AA,128
0,0,CM3D2OHx86_Data\sharedassets4.assets,6952156,B4203D82,128
0,0,CM3D2OHx86_Data\sharedassets5.assets,503352,CF4338CB,128
0,0,CM3D2OHx86_Data\sharedassets6.assets,11891564,A767924A,128
0,0,CM3D2OHx86_Data\sharedassets7.assets,466324,98802EBC,128
0,0,CM3D2OHx86_Data\sharedassets8.assets,5296,3105F859,128
0,0,CM3D2OHx86_Data\sharedassets9.assets,927416,249C899B,128
0,0,CM3D2OHx86_Data\Managed\Accessibility.dll,10752,A358E135,128
0,0,CM3D2OHx86_Data\Managed\Assembly-CSharp-firstpass.dll,176128,F23FD782,128
0,0,CM3D2OHx86_Data\Managed\Assembly-CSharp.dll,2228736,921AC80E,128
0,0,CM3D2OHx86_Data\Managed\Assembly-UnityScript-firstpass.dll,65024,C3FBFBE6,128
0,0,CM3D2OHx86_Data\Managed\Boo.Lang.dll,126976,B1FDC6B6,128
0,0,CM3D2OHx86_Data\Managed\JsonFx.Json.dll,70144,A0F0CFCB,128
0,0,CM3D2OHx86_Data\Managed\Mono.Data.Tds.dll,96256,DE9FBD55,128
0,0,CM3D2OHx86_Data\Managed\Mono.Posix.dll,184320,A333AAF5,128
0,0,CM3D2OHx86_Data\Managed\Mono.Security.dll,294912,D5BB48FC,128
0,0,CM3D2OHx86_Data\Managed\Mono.WebBrowser.dll,172032,5D310803,128
0,0,CM3D2OHx86_Data\Managed\mscorlib.dll,2590208,5A5FF75C,128
0,0,CM3D2OHx86_Data\Managed\System.Configuration.dll,124928,F88CF714,128
0,0,CM3D2OHx86_Data\Managed\System.Core.dll,300032,0504C277,128
0,0,CM3D2OHx86_Data\Managed\System.Data.dll,856064,1DE4F5EB,128
0,0,CM3D2OHx86_Data\Managed\System.dll,1678848,08B8E16D,128
0,0,CM3D2OHx86_Data\Managed\System.Drawing.Design.dll,29696,E7B53FF9,128
0,0,CM3D2OHx86_Data\Managed\System.Drawing.dll,448512,C4B2E872,128
0,0,CM3D2OHx86_Data\Managed\System.EnterpriseServices.dll,46592,1B56067D,128
0,0,CM3D2OHx86_Data\Managed\System.Security.dll,135168,A9F5B9F1,128
0,0,CM3D2OHx86_Data\Managed\System.Transactions.dll,27648,DE82E2C6,128
0,0,CM3D2OHx86_Data\Managed\System.Windows.Forms.dll,3053568,56394001,128
0,0,CM3D2OHx86_Data\Managed\System.Xml.dll,1270272,BCE39995,128
0,0,CM3D2OHx86_Data\Managed\System.Xml.Linq.dll,106496,1062D683,128
0,0,CM3D2OHx86_Data\Managed\UnityEngine.dll,614912,6749BBED,128
0,0,CM3D2OHx86_Data\Managed\UnityEngine.UI.dll,176128,380C2545,128
0,0,CM3D2OHx86_Data\Managed\UnityScript.Lang.dll,14336,FAB8DDA9,128
0,0,CM3D2OHx86_Data\Mono\mono.dll,2103296,36130890,128
0,0,CM3D2OHx86_Data\Mono\etc\mono\browscap.ini,311984,CE6C0AB3,128
0,0,CM3D2OHx86_Data\Mono\etc\mono\config,1691,A635914A,128
0,0,CM3D2OHx86_Data\Mono\etc\mono\1.0\DefaultWsdlHelpGenerator.aspx,58196,10E814BF,128
0,0,CM3D2OHx86_Data\Mono\etc\mono\1.0\machine.config,17259,82F1AD8B,128
0,0,CM3D2OHx86_Data\Mono\etc\mono\2.0\DefaultWsdlHelpGenerator.aspx,60453,F3869A34,128
0,0,CM3D2OHx86_Data\Mono\etc\mono\2.0\machine.config,27626,4F6C3F79,128
0,0,CM3D2OHx86_Data\Mono\etc\mono\2.0\settings.map,2618,A1A3C29F,128
0,0,CM3D2OHx86_Data\Mono\etc\mono\2.0\web.config,11686,534A9960,128
0,0,CM3D2OHx86_Data\Mono\etc\mono\2.0\Browsers\Compat.browser,1605,2E178A0B,128
0,0,CM3D2OHx86_Data\Mono\etc\mono\mconfig\config.xml,25817,80B2033A,128
0,0,CM3D2OHx86_Data\Plugins\cm3d2_hole_x86.dll,266240,5C01E01F,128
0,0,CM3D2OHx86_Data\Plugins\cm3d2_x86.dll,1305088,F4B82B27,128
0,0,CM3D2OHx86_Data\Plugins\device_hook.dll,77312,7EEF9868,128
0,0,CM3D2OHx86_Data\Resources\unity default resources,1571709,31020360,128
0,0,CM3D2OHx86_Data\Resources\unity_builtin_extra,372672,D43832AF,128
0,0,GameData\bg_pp001_2.arc,1237157,C9D912F7,1220
0,0,GameData\csv.arc,1958016,0E9D85DA,1280
0,0,GameData\csv_addpose001.arc,1235,D06FCA6D,1220
0,0,GameData\csv_cbl.arc,396447,0AC078E2,1280
0,0,GameData\csv_vp001_2.arc,2082,25E58CEB,1160
0,0,GameData\material2.arc,196884,BED668DB,1220
0,0,GameData\material_denkigai2015s003_2.arc,7106,0C82D791,1150
0,0,GameData\material_dlc055_2.arc,5282,11A93109,1280
0,0,GameData\material_dlsite_2.arc,1762,C5A837EA,1150
0,0,GameData\material_shop001_2.arc,1762,D98CED1C,1150
0,0,GameData\material_shop002_2.arc,1762,956BB00E,1150
0,0,GameData\material_shop003_2.arc,1762,38CEBFF2,1150
0,0,GameData\material_shop005_2.arc,1714,3E621A32,1150
0,0,GameData\material_shop007_2.arc,2578,C8CE627C,1150
0,0,GameData\material_vp001_2.arc,9554,066C9CA9,1150
0,0,GameData\material_yomeido003_2.arc,1522,0689A7AC,1240
0,0,GameData\menu2.arc,222431,D166D9EA,1240
0,0,GameData\menu_denkigai2015s001_2.arc,6594,8B3E849F,1160
0,0,GameData\menu_denkigai2015s003_2.arc,4338,D294CE88,1150
0,0,GameData\menu_dlc026_2.arc,3778,69453D54,1190
0,0,GameData\menu_dlc028_2.arc,3874,DE3F1C31,1200
0,0,GameData\menu_dlsite_2.arc,1954,B2268BA7,1150
0,0,GameData\menu_shop001_2.arc,3314,35207C87,1150
0,0,GameData\menu_shop005_2.arc,1378,0C9AF725,1150
0,0,GameData\menu_vp001_2.arc,18546,5FFF33DA,1150
0,0,GameData\menu_yomeido003_2.arc,1234,4D6F619D,1240
0,0,GameData\model2.arc,12131735,DE965C29,1270
0,0,GameData\model_denkigai2015s003_2.arc,394665,41A48185,1150
0,0,GameData\model_dlc005_2.arc,175424,F7DD7D82,1270
0,0,GameData\model_dlc046_2.arc,155690,83B34173,1220
0,0,GameData\model_dlsite_2.arc,197173,24366C43,1150
0,0,GameData\model_shop001_2.arc,115215,9C941FAF,1150
0,0,GameData\model_shop002_2.arc,251253,743C3D97,1150
0,0,GameData\model_shop003_2.arc,185433,A15EC70A,1150
0,0,GameData\model_shop005_2.arc,150103,FB5341FA,1150
0,0,GameData\model_shop007_2.arc,288759,80615CBD,1150
0,0,GameData\model_vp001_2.arc,290407,A19508D6,1150
0,0,GameData\motion_cbl2.arc,434674,212D7235,1270
0,0,GameData\motion_cbl_addpose001.arc,902201,447E5863,1220
0,0,GameData\motion_cbl_vp001_2.arc,141603,80D0D160,1160
0,0,GameData\motion_cbl_ytgc002_2.arc,2475220,008FABF0,1160
0,0,GameData\paths.dat,1602,556E083F,1280
0,0,GameData\prioritymaterial.arc,103092,F1E4A71A,1280
0,0,GameData\script_cbl.arc,1874291,3EB88A35,1280
0,0,GameData\script_cbl_addpose001.arc,1219,0C884F57,1220
0,0,GameData\script_cbl_personal001_2.arc,340451,B4150145,1260
0,0,GameData\texture3.arc,7019959,685D3693,1280
0,0,GameData\texture_addpose001.arc,23943,1D529A44,1220
0,0,GameData\texture_dlc004_2.arc,4805734,C8E5CFB4,1200
0,0,GameData\texture_dlc046_2.arc,596960,FC606BA5,1220
0,0,GameData\texture_yomeido003_2.arc,117248,0EE72B42,1240
0,0,GameData\sound2.arc,7402763,5D761564,1170
0,0,GameData\voice_cbl2.arc,9627083,76D43E7B,1090
0,0,manual\data\005.png,459612,3AF928C5,1170
0,0,manual\data\010.png,800070,5269304C,1170
0,0,PhotoModeData\Mod\Motion\readme.txt,146,3BF5AF4D,1220
0,0,Preset\8_ren_1_yosiko.preset,55432,D54FD70C,1220
0,0,Preset\8_ren_2_ayumi.preset,51097,3C44F9DB,1220
0,0,Preset\8_ren_3_sakura.preset,52635,33F54D90,1220
0,0,Preset\8_ren_4_ai.preset,46819,9B6E5960,1220
