0,0,COM3D2x64_Data\Managed\Assembly-CSharp.dll,6087680,D62F7D60,24301
0,0,COM3D2x64_Data\Managed\Assembly-UnityScript-firstpass.dll,65024,1677AAEA,24301
0,0,COM3D2x64_Data\globalgamemanagers,5262604,5BFF445E,24301
0,0,COM3D2x64_Data\globalgamemanagers.assets,255284,D5B87F2A,24301
0,0,COM3D2x64_Data\level0,356324,56E5A337,24301
0,0,COM3D2x64_Data\level1,379468,C17B6058,24301
0,0,COM3D2x64_Data\level2,374300,55CD102B,24301
0,0,COM3D2x64_Data\level3,1288468,033352EF,24301
0,0,COM3D2x64_Data\level4,1245436,3A24A7E4,24301
0,0,COM3D2x64_Data\level5,1344508,B5F6988A,24301
0,0,COM3D2x64_Data\level6,358308,F881680E,24301
0,0,COM3D2x64_Data\level7,1091388,31CEBFA8,24301
0,0,COM3D2x64_Data\level8,388884,6665CAEC,24301
0,0,COM3D2x64_Data\level9,455428,0A84D1AA,24301
0,0,COM3D2x64_Data\level10,383500,3D854349,24301
0,0,COM3D2x64_Data\level11,356836,3AAFDBBA,24301
0,0,COM3D2x64_Data\level12,470756,6C1726A2,24301
0,0,COM3D2x64_Data\level13,360948,5BDB6690,24301
0,0,COM3D2x64_Data\level14,913588,355C424F,24301
0,0,COM3D2x64_Data\level15,7524,7E0EE3AA,24301
0,0,COM3D2x64_Data\level16,358780,6B5B55B3,24301
0,0,COM3D2x64_Data\level17,4664,27143185,24301
0,0,COM3D2x64_Data\level18,375468,CDCE8E13,24301
0,0,COM3D2x64_Data\level19,365148,3F2DDF1A,24301
0,0,COM3D2x64_Data\level20,987884,A9C04634,24301
0,0,COM3D2x64_Data\level21,468436,58A66C8C,24301
0,0,COM3D2x64_Data\level22,1117532,0D23C44A,24301
0,0,COM3D2x64_Data\level23,441468,1F031374,24301
0,0,COM3D2x64_Data\level24,711820,BCB4EDC4,24301
0,0,COM3D2x64_Data\level25,378804,4E6449EE,24301
0,0,COM3D2x64_Data\level26,2235316,1CB99886,24301
0,0,COM3D2x64_Data\level27,1147548,4A326F00,24301
0,0,COM3D2x64_Data\level28,378804,559C38EC,24301
0,0,COM3D2x64_Data\level29,1120852,63FC7FD3,24301
0,0,COM3D2x64_Data\level30,371428,2D74E576,24301
0,0,COM3D2x64_Data\level31,478540,F3ECF9E7,24301
0,0,COM3D2x64_Data\level32,27904,CF395E9F,24301
0,0,COM3D2x64_Data\level33,51676,63933A08,24301
0,0,COM3D2x64_Data\level34,56036,3B2FE725,24301
0,0,COM3D2x64_Data\level35,6824,9810DAC5,24301
0,0,COM3D2x64_Data\level36,357228,3B377F05,24301
0,0,COM3D2x64_Data\level37,1608844,3504A2A2,24301
0,0,COM3D2x64_Data\level38,1465484,DAA27E54,24301
0,0,COM3D2x64_Data\level39,1487076,1D5833A4,24301
0,0,COM3D2x64_Data\level40,474884,913042E4,24301
0,0,COM3D2x64_Data\level41,426252,584E6AE0,24301
0,0,COM3D2x64_Data\level42,457668,DE95789C,24301
0,0,COM3D2x64_Data\level43,1382484,7B684CD6,24301
0,0,COM3D2x64_Data\level44,1446948,5AAE8B8D,24301
0,0,COM3D2x64_Data\level45,1572356,74CDDF6E,24301
0,0,COM3D2x64_Data\level46,444852,41C8CC48,24301
0,0,COM3D2x64_Data\level47,411948,87E204C5,24301
0,0,COM3D2x64_Data\level48,470316,992FE836,24301
0,0,COM3D2x64_Data\level49,427524,5037A1EC,24301
0,0,COM3D2x64_Data\level50,1407228,BF8440F1,24301
0,0,COM3D2x64_Data\level51,412212,3B46F563,24301
0,0,COM3D2x64_Data\level52,772628,383BAE93,24301
0,0,COM3D2x64_Data\level53,578588,2D53E1CC,24301
0,0,COM3D2x64_Data\level54,380972,6FBB050F,24301
0,0,COM3D2x64_Data\level55,1309188,C7125CB0,24301
0,0,COM3D2x64_Data\level56,1059980,32A9CA57,24301
0,0,COM3D2x64_Data\level57,1067268,ABA17CFC,24301
0,0,COM3D2x64_Data\level58,1309196,1BC3C46F,24301
0,0,COM3D2x64_Data\level59,1189996,1811DF91,24301
0,0,COM3D2x64_Data\level60,978524,61A356BD,24301
0,0,COM3D2x64_Data\level61,1264908,58DC80E7,24301
0,0,COM3D2x64_Data\level62,1365924,98ABB4E9,24301
0,0,COM3D2x64_Data\level63,712188,4691AE6B,24301
0,0,COM3D2x64_Data\level64,950748,C851DC51,24301
0,0,COM3D2x64_Data\level65,432164,83C343BE,24301
0,0,COM3D2x64_Data\level66,428532,7451C23C,24301
0,0,COM3D2x64_Data\level67,472236,6F0F3C13,24301
0,0,COM3D2x64_Data\level68,494372,C473507E,24301
0,0,COM3D2x64_Data\level69,422764,2773A46B,24301
0,0,COM3D2x64_Data\level70,482724,638AD18D,24301
0,0,COM3D2x64_Data\level71,1072764,0933817E,24301
0,0,COM3D2x64_Data\level72,997332,83BD93DF,24301
0,0,COM3D2x64_Data\level73,475564,21A69E95,24301
0,0,COM3D2x64_Data\level74,497708,79808850,24301
0,0,COM3D2x64_Data\level75,488284,A2A71182,24301
0,0,COM3D2x64_Data\level76,1077172,5ADBB102,24301
0,0,COM3D2x64_Data\level77,1037612,7F9E5F80,24301
0,0,COM3D2x64_Data\level78,481332,B9FF7B30,24301
0,0,COM3D2x64_Data\level79,465860,A0F41C34,24301
0,0,COM3D2x64_Data\level80,447532,0C519A67,24301
0,0,COM3D2x64_Data\level81,390452,066682A7,24301
0,0,COM3D2x64_Data\level82,1416556,D89AD19A,24301
0,0,COM3D2x64_Data\level83,1357484,7595AEF8,24301
0,0,COM3D2x64_Data\level84,534324,2C972032,24301
0,0,COM3D2x64_Data\level85,436340,C529BEE4,24301
0,0,COM3D2x64_Data\level86,1285508,571244A7,24301
0,0,COM3D2x64_Data\level87,1003348,1C6003D3,24301
0,0,COM3D2x64_Data\level88,1461988,3A3B34D7,24301
0,0,COM3D2x64_Data\level89,1403124,FC63DA08,24301
0,0,COM3D2x64_Data\level90,1608860,649A504E,24301
0,0,COM3D2x64_Data\level91,1572372,362EF0EF,24301
0,0,COM3D2x64_Data\level92,1404268,95ED5EDD,24301
0,0,COM3D2x64_Data\level93,1370212,6CD54516,24301
0,0,COM3D2x64_Data\level94,457292,D320E0F6,24301
0,0,COM3D2x64_Data\level95,437764,271E2799,24301
0,0,COM3D2x64_Data\level96,1081548,BD231B6D,24301
0,0,COM3D2x64_Data\level97,882836,748ED921,24301
0,0,COM3D2x64_Data\level98,989604,C83E3B6F,24301
0,0,COM3D2x64_Data\level99,883812,5B46C543,24301
0,0,COM3D2x64_Data\level100,1062732,53D6A034,24301
0,0,COM3D2x64_Data\level101,1726364,F989290F,24301
0,0,COM3D2x64_Data\level102,1677428,8A8B78F1,24301
0,0,COM3D2x64_Data\level103,1145876,7D66E1CA,24301
0,0,COM3D2x64_Data\level104,1089708,B08DCB70,24301
0,0,COM3D2x64_Data\level105,1545180,8FBF2E87,24301
0,0,COM3D2x64_Data\level106,1644108,38707B0A,24301
0,0,COM3D2x64_Data\level107,1087612,734ED72B,24301
0,0,COM3D2x64_Data\level108,1003156,6827E121,24301
0,0,COM3D2x64_Data\level109,1712108,9871A4FC,24301
0,0,COM3D2x64_Data\level110,1608924,EA41D1A2,24301
0,0,COM3D2x64_Data\level111,498996,5EBC3491,24301
0,0,COM3D2x64_Data\level112,518772,B4E46510,24301
0,0,COM3D2x64_Data\level113,607252,36E456A1,24301
0,0,COM3D2x64_Data\level114,566692,6441232C,24301
0,0,COM3D2x64_Data\level115,494052,2F6451F2,24301
0,0,COM3D2x64_Data\level116,593260,BB2F008B,24301
0,0,COM3D2x64_Data\level117,517364,439FCF69,24301
0,0,COM3D2x64_Data\level118,1766772,E29E467B,24301
0,0,COM3D2x64_Data\level119,1509340,998425A4,24301
0,0,COM3D2x64_Data\level120,1337348,E08C11A8,24301
0,0,COM3D2x64_Data\level121,1168500,50E7E95A,24301
0,0,COM3D2x64_Data\level122,1255924,CE942C2C,24301
0,0,COM3D2x64_Data\level123,1447268,3CE57D37,24301
0,0,COM3D2x64_Data\level124,1352972,C3C102FB,24301
0,0,COM3D2x64_Data\level125,970612,6AA70623,24301
0,0,COM3D2x64_Data\level126,588140,5F7C29D8,24301
0,0,COM3D2x64_Data\level127,1033492,396301CA,24301
0,0,COM3D2x64_Data\level128,956172,A30DB881,24301
0,0,COM3D2x64_Data\level129,737940,056533BA,24301
0,0,COM3D2x64_Data\level130,970756,BC43DA62,24301
0,0,COM3D2x64_Data\level131,930340,1D1139EA,24301
0,0,COM3D2x64_Data\level132,896028,E9224A06,24301
0,0,COM3D2x64_Data\level133,870596,DB6DCB1B,24301
0,0,COM3D2x64_Data\level134,561484,CB63D3A2,24301
0,0,COM3D2x64_Data\level135,565684,B597FF2B,24301
0,0,COM3D2x64_Data\level136,591060,39C70E2E,24301
0,0,COM3D2x64_Data\level137,589460,E95E694F,24301
0,0,COM3D2x64_Data\level138,591196,B8006C2F,24301
0,0,COM3D2x64_Data\level139,593572,9C67C402,24301
0,0,COM3D2x64_Data\level140,527780,E495BEEF,24301
0,0,COM3D2x64_Data\level141,531996,20C86081,24301
0,0,COM3D2x64_Data\level142,556220,52794493,24301
0,0,COM3D2x64_Data\level143,586556,DF746B86,24301
0,0,COM3D2x64_Data\level144,557348,10D2CCDE,24301
0,0,COM3D2x64_Data\level145,560340,E9DB1214,24301
0,0,COM3D2x64_Data\level146,549412,A1F582D8,24301
0,0,COM3D2x64_Data\level147,587268,D2052143,24301
0,0,COM3D2x64_Data\level148,462260,A25251F5,24301
0,0,COM3D2x64_Data\level149,363572,99979D99,24301
0,0,COM3D2x64_Data\level150,445796,71FC832A,24301
0,0,COM3D2x64_Data\level151,1031484,A1CAF75C,24301
0,0,COM3D2x64_Data\level152,1375932,593C9027,24301
0,0,COM3D2x64_Data\level153,414036,37C2D064,24301
0,0,COM3D2x64_Data\level154,453852,DF2DBD5F,24301
0,0,COM3D2x64_Data\resources.assets,472092888,88F57F72,24301
0,0,COM3D2x64_Data\sharedassets0.assets,115228100,C7AC40FB,24301
0,0,COM3D2x64_Data\sharedassets1.assets,6256,68E5A601,24301
0,0,COM3D2x64_Data\sharedassets2.assets,6292,AD18EAF3,24301
0,0,COM3D2x64_Data\sharedassets3.assets,8296,D38EE5EE,24301
0,0,COM3D2x64_Data\sharedassets4.assets,12964,395038DB,24301
0,0,COM3D2x64_Data\sharedassets5.assets,7276,697A24B5,24301
0,0,COM3D2x64_Data\sharedassets6.assets,6160,581E1662,24301
0,0,COM3D2x64_Data\sharedassets7.assets,6988,111DBAF2,24301
0,0,COM3D2x64_Data\sharedassets8.assets,6148,1C404D66,24301
0,0,COM3D2x64_Data\sharedassets9.assets,7108,044018CA,24301
0,0,COM3D2x64_Data\sharedassets10.assets,6124,1A302726,24301
0,0,COM3D2x64_Data\sharedassets11.assets,6088,1F4CDB68,24301
0,0,COM3D2x64_Data\sharedassets12.assets,6448,5DB2316D,24301
0,0,COM3D2x64_Data\sharedassets13.assets,6280,2AD0A13B,24301
0,0,COM3D2x64_Data\sharedassets14.assets,6916,B88CF291,24301
0,0,COM3D2x64_Data\sharedassets15.assets,4576,DB664C1F,24301
0,0,COM3D2x64_Data\sharedassets16.assets,6148,A500A829,24301
0,0,COM3D2x64_Data\sharedassets17.assets,4132,4C3B2420,24301
0,0,COM3D2x64_Data\sharedassets18.assets,6868,E01FFBFA,24301
0,0,COM3D2x64_Data\sharedassets19.assets,6232,5E66182C,24301
0,0,COM3D2x64_Data\sharedassets20.assets,12676,D99BBC77,24301
0,0,COM3D2x64_Data\sharedassets21.assets,6328,54DEC21E,24301
0,0,COM3D2x64_Data\sharedassets22.assets,12736,5FD03558,24301
0,0,COM3D2x64_Data\sharedassets23.assets,6316,307EDD1D,24301
0,0,COM3D2x64_Data\sharedassets24.assets,6376,6A53AE70,24301
0,0,COM3D2x64_Data\sharedassets25.assets,6184,0125AD98,24301
0,0,COM3D2x64_Data\sharedassets26.assets,7108,EC6A4F9E,24301
0,0,COM3D2x64_Data\sharedassets27.assets,12712,1C41A259,24301
0,0,COM3D2x64_Data\sharedassets28.assets,6184,E3F69E5F,24301
0,0,COM3D2x64_Data\sharedassets29.assets,12712,1C41A259,24301
0,0,COM3D2x64_Data\sharedassets30.assets,6112,0C69211D,24301
0,0,COM3D2x64_Data\sharedassets31.assets,18126856,8C9CBAD0,24301
0,0,COM3D2x64_Data\sharedassets32.assets,12328,916F37F6,24301
0,0,COM3D2x64_Data\sharedassets33.assets,4420,541F496C,24301
0,0,COM3D2x64_Data\sharedassets34.assets,4324,0540F062,24301
0,0,COM3D2x64_Data\sharedassets35.assets,4264,8184450E,24301
0,0,COM3D2x64_Data\sharedassets36.assets,6124,A60B1DD7,24301
0,0,COM3D2x64_Data\sharedassets37.assets,12676,CFABEE29,24301
0,0,COM3D2x64_Data\sharedassets38.assets,12676,2291780A,24301
0,0,COM3D2x64_Data\sharedassets39.assets,12676,ED0540F4,24301
0,0,COM3D2x64_Data\sharedassets40.assets,7228,D86BCB5B,24301
0,0,COM3D2x64_Data\sharedassets41.assets,6976,D3719E7C,24301
0,0,COM3D2x64_Data\sharedassets42.assets,7264,68035EDD,24301
0,0,COM3D2x64_Data\sharedassets43.assets,9400,9EF32A95,24301
0,0,COM3D2x64_Data\sharedassets44.assets,9508,70ECA2BE,24301
0,0,COM3D2x64_Data\sharedassets45.assets,9496,591C1FE2,24301
0,0,COM3D2x64_Data\sharedassets46.assets,8560,A394908C,24301
0,0,COM3D2x64_Data\sharedassets47.assets,6592,71C16A3F,24301
0,0,COM3D2x64_Data\sharedassets48.assets,8332,2796F0C5,24301
0,0,COM3D2x64_Data\sharedassets49.assets,792692,1C70A3A2,24301
0,0,COM3D2x64_Data\sharedassets50.assets,12676,34179B27,24301
0,0,COM3D2x64_Data\sharedassets51.assets,6592,F70A5B29,24301
0,0,COM3D2x64_Data\sharedassets52.assets,6928,16C36A78,24301
0,0,COM3D2x64_Data\sharedassets53.assets,6544,30EC5CDE,24301
0,0,COM3D2x64_Data\sharedassets54.assets,6136,2EF82E31,24301
0,0,COM3D2x64_Data\sharedassets55.assets,12760,0401B42A,24301
0,0,COM3D2x64_Data\sharedassets56.assets,9292,6E673A51,24301
0,0,COM3D2x64_Data\sharedassets57.assets,9328,4E214B47,24301
0,0,COM3D2x64_Data\sharedassets58.assets,12760,0401B42A,24301
0,0,COM3D2x64_Data\sharedassets59.assets,9532,48BCE5E7,24301
0,0,COM3D2x64_Data\sharedassets60.assets,9328,4E214B47,24301
0,0,COM3D2x64_Data\sharedassets61.assets,9472,D558CD4C,24301
0,0,COM3D2x64_Data\sharedassets62.assets,9508,70ECA2BE,24301
0,0,COM3D2x64_Data\sharedassets63.assets,6652,6A3F7A5B,24301
0,0,COM3D2x64_Data\sharedassets64.assets,9496,591C1FE2,24301
0,0,COM3D2x64_Data\sharedassets65.assets,42236540,24CB66B1,24301
0,0,COM3D2x64_Data\sharedassets66.assets,38246508,900B3034,24301
0,0,COM3D2x64_Data\sharedassets67.assets,32874604,EA404160,24301
0,0,COM3D2x64_Data\sharedassets68.assets,36735684,8B356259,24301
0,0,COM3D2x64_Data\sharedassets69.assets,41277360,F33C6A28,24301
0,0,COM3D2x64_Data\sharedassets70.assets,39399112,DDC6FDFE,24301
0,0,COM3D2x64_Data\sharedassets71.assets,3017228,697CE889,24301
0,0,COM3D2x64_Data\sharedassets72.assets,9556,024C1F8B,24301
0,0,COM3D2x64_Data\sharedassets73.assets,6508,FA09504F,24301
0,0,COM3D2x64_Data\sharedassets74.assets,6508,FA09504F,24301
0,0,COM3D2x64_Data\sharedassets75.assets,6508,FA09504F,24301
0,0,COM3D2x64_Data\sharedassets76.assets,12688,ACAE9B3E,24301
0,0,COM3D2x64_Data\sharedassets77.assets,9508,14CE012B,24301
0,0,COM3D2x64_Data\sharedassets78.assets,6472,7213B7B4,24301
0,0,COM3D2x64_Data\sharedassets79.assets,59364,594AFB9D,24301
0,0,COM3D2x64_Data\sharedassets80.assets,6484,BD08D3E7,24301
0,0,COM3D2x64_Data\sharedassets81.assets,6736,B2A9661B,24301
0,0,COM3D2x64_Data\sharedassets82.assets,759744,5974175A,24301
0,0,COM3D2x64_Data\sharedassets83.assets,9376,C6B9EC0C,24301
0,0,COM3D2x64_Data\sharedassets84.assets,3412512,F5B8380E,24301
0,0,COM3D2x64_Data\sharedassets85.assets,6580,EC137335,24301
0,0,COM3D2x64_Data\sharedassets86.assets,13936,E1DD09AE,24301
0,0,COM3D2x64_Data\sharedassets87.assets,9496,591C1FE2,24301
0,0,COM3D2x64_Data\sharedassets88.assets,12712,E98CFBAB,24301
0,0,COM3D2x64_Data\sharedassets89.assets,9496,4E8A4BD4,24301
0,0,COM3D2x64_Data\sharedassets90.assets,12676,CFABEE29,24301
0,0,COM3D2x64_Data\sharedassets91.assets,9496,591C1FE2,24301
0,0,COM3D2x64_Data\sharedassets92.assets,12712,E98CFBAB,24301
0,0,COM3D2x64_Data\sharedassets93.assets,10444,0C3AD3B0,24301
0,0,COM3D2x64_Data\sharedassets94.assets,6928,AA912967,24301
0,0,COM3D2x64_Data\sharedassets95.assets,6436,92017DEC,24301
0,0,COM3D2x64_Data\sharedassets96.assets,11732,C8DFCBE8,24301
0,0,COM3D2x64_Data\sharedassets97.assets,11596,280B251F,24301
0,0,COM3D2x64_Data\sharedassets98.assets,8296,C6E293FE,24301
0,0,COM3D2x64_Data\sharedassets99.assets,7612,6AC21B52,24301
0,0,COM3D2x64_Data\sharedassets100.assets,353948,9572CC11,24301
0,0,COM3D2x64_Data\sharedassets101.assets,6568400,5CAF09D5,24301
0,0,COM3D2x64_Data\sharedassets102.assets,10312,B137AD37,24301
0,0,COM3D2x64_Data\sharedassets103.assets,12844,F5EFE087,24301
0,0,COM3D2x64_Data\sharedassets104.assets,9640,54C6068D,24301
0,0,COM3D2x64_Data\sharedassets105.assets,9764,AB748D3B,24301
0,0,COM3D2x64_Data\sharedassets106.assets,13000,42C087DF,24301
0,0,COM3D2x64_Data\sharedassets107.assets,12904,3CE892B7,24301
0,0,COM3D2x64_Data\sharedassets108.assets,9580,D055ADC5,24301
0,0,COM3D2x64_Data\sharedassets109.assets,13348,6A6EB827,24301
0,0,COM3D2x64_Data\sharedassets110.assets,9892,9012D91C,24301
0,0,COM3D2x64_Data\sharedassets111.assets,6664,FA401EE7,24301
0,0,COM3D2x64_Data\sharedassets112.assets,6664,FA401EE7,24301
0,0,COM3D2x64_Data\sharedassets113.assets,6628,24C83E8D,24301
0,0,COM3D2x64_Data\sharedassets114.assets,6340,0D7AB10C,24301
0,0,COM3D2x64_Data\sharedassets115.assets,6628,24C83E8D,24301
0,0,COM3D2x64_Data\sharedassets116.assets,6724,4EBBDCB7,24301
0,0,COM3D2x64_Data\sharedassets117.assets,6628,24C83E8D,24301
0,0,COM3D2x64_Data\sharedassets118.assets,12856,ACA02C7C,24301
0,0,COM3D2x64_Data\sharedassets119.assets,9544,0CFD1C3D,24301
0,0,COM3D2x64_Data\sharedassets120.assets,394920,01E6150C,24301
0,0,COM3D2x64_Data\sharedassets121.assets,9748,B16D8859,24301
0,0,COM3D2x64_Data\sharedassets122.assets,12928,68225943,24301
0,0,COM3D2x64_Data\sharedassets123.assets,12964,4B7D13B8,24301
0,0,COM3D2x64_Data\sharedassets124.assets,9640,64951025,24301
0,0,COM3D2x64_Data\sharedassets125.assets,7172,C42C225D,24301
0,0,COM3D2x64_Data\sharedassets126.assets,7048,A990E5FB,24301
0,0,COM3D2x64_Data\sharedassets127.assets,86916,6784F408,24301
0,0,COM3D2x64_Data\sharedassets128.assets,8200,298B86D7,24301
0,0,COM3D2x64_Data\sharedassets129.assets,7840,87E7AD79,24301
0,0,COM3D2x64_Data\sharedassets130.assets,11332,229D4A04,24301
0,0,COM3D2x64_Data\sharedassets131.assets,8140,F0339723,24301
0,0,COM3D2x64_Data\sharedassets132.assets,615896,6B7F86CF,24301
0,0,COM3D2x64_Data\sharedassets133.assets,7024,8574157C,24301
0,0,COM3D2x64_Data\sharedassets134.assets,6928,7295110F,24301
0,0,COM3D2x64_Data\sharedassets135.assets,6928,7295110F,24301
0,0,COM3D2x64_Data\sharedassets136.assets,6928,7295110F,24301
0,0,COM3D2x64_Data\sharedassets137.assets,6928,7295110F,24301
0,0,COM3D2x64_Data\sharedassets138.assets,6928,7295110F,24301
0,0,COM3D2x64_Data\sharedassets139.assets,6928,7295110F,24301
0,0,COM3D2x64_Data\sharedassets140.assets,6628,24C83E8D,24301
0,0,COM3D2x64_Data\sharedassets141.assets,6628,24C83E8D,24301
0,0,COM3D2x64_Data\sharedassets142.assets,6628,24C83E8D,24301
0,0,COM3D2x64_Data\sharedassets143.assets,6628,24C83E8D,24301
0,0,COM3D2x64_Data\sharedassets144.assets,6628,24C83E8D,24301
0,0,COM3D2x64_Data\sharedassets145.assets,6628,24C83E8D,24301
0,0,COM3D2x64_Data\sharedassets146.assets,6628,24C83E8D,24301
0,0,COM3D2x64_Data\sharedassets147.assets,6928,7295110F,24301
0,0,COM3D2x64_Data\sharedassets148.assets,6448,2B361A80,24301
0,0,COM3D2x64_Data\sharedassets149.assets,6160,71C290C4,24301
0,0,COM3D2x64_Data\sharedassets150.assets,7276,991096CC,24301
0,0,COM3D2x64_Data\sharedassets151.assets,213676,F58F1788,24301
0,0,COM3D2x64_Data\sharedassets152.assets,10260,8F3A5F34,24301
0,0,COM3D2x64_Data\sharedassets153.assets,6448,510B8AC8,24301
0,0,COM3D2x64_Data\sharedassets154.assets,6448,E6C7B174,24301
0,0,COM3D2x64.exe,22841856,A9562BF9,24301
