0,0,CM3D2OH.exe,7706624,EF54502B,1006
0,0,CM3D2OHx86.exe,11632128,2AF57CD7,120
0,0,CM3D2OHx86_Data\level0,154376,9472F7E4,120
0,0,CM3D2OHx86_Data\level1,221640,1E588B6C,120
0,0,CM3D2OHx86_Data\level10,4376,267253F1,120
0,0,CM3D2OHx86_Data\level11,143184,6CBD1C88,120
0,0,CM3D2OHx86_Data\level12,4376,04678E06,120
0,0,CM3D2OHx86_Data\level13,151512,6E76A5CC,120
0,0,CM3D2OHx86_Data\level14,212712,7B3B2C54,120
0,0,CM3D2OHx86_Data\level15,352992,249F440D,120
0,0,CM3D2OHx86_Data\level16,160592,E51E51B1,120
0,0,CM3D2OHx86_Data\level17,430992,5FA3D90D,120
0,0,CM3D2OHx86_Data\level18,203520,F6B23ECA,120
0,0,CM3D2OHx86_Data\level2,475288,1CF2EC40,120
0,0,CM3D2OHx86_Data\level3,547920,D5C65631,120
0,0,CM3D2OHx86_Data\level4,140528,287414BE,120
0,0,CM3D2OHx86_Data\level5,177144,D340EB44,120
0,0,CM3D2OHx86_Data\level6,140120,EFCAA60F,120
0,0,CM3D2OHx86_Data\level7,164464,D454A44E,120
0,0,CM3D2OHx86_Data\level8,140536,563CDBCD,120
0,0,CM3D2OHx86_Data\level9,442792,45A71B6D,120
0,0,CM3D2OHx86_Data\mainData,896672,E6F1A7F4,120
0,0,CM3D2OHx86_Data\PlayerConnectionConfigFile,21,0B1A94EC,120
0,0,CM3D2OHx86_Data\resources.assets,222452772,7C4FC6F1,120
0,0,CM3D2OHx86_Data\sharedassets0.assets,237511808,AF5831F8,120
0,0,CM3D2OHx86_Data\sharedassets1.assets,6998796,0787054A,120
0,0,CM3D2OHx86_Data\sharedassets10.assets,4553928,9D1B32A3,120
0,0,CM3D2OHx86_Data\sharedassets11.assets,4112,63975425,120
0,0,CM3D2OHx86_Data\sharedassets12.assets,4200896,1D041986,120
0,0,CM3D2OHx86_Data\sharedassets13.assets,4112,BA94C642,120
0,0,CM3D2OHx86_Data\sharedassets14.assets,52425872,73046C71,120
0,0,CM3D2OHx86_Data\sharedassets15.assets,3691748,6B461E03,120
0,0,CM3D2OHx86_Data\sharedassets16.assets,1587628,B645E00A,120
0,0,CM3D2OHx86_Data\sharedassets17.assets,5328,E67016D8,120
0,0,CM3D2OHx86_Data\sharedassets18.assets,72624,8D5AD184,120
0,0,CM3D2OHx86_Data\sharedassets19.assets,5416,32B6EDC6,120
0,0,CM3D2OHx86_Data\sharedassets2.assets,10846524,B82E5E34,120
0,0,CM3D2OHx86_Data\sharedassets3.assets,36843892,B42D267C,120
0,0,CM3D2OHx86_Data\sharedassets4.assets,6952140,F897332A,120
0,0,CM3D2OHx86_Data\sharedassets5.assets,503336,050094B5,120
0,0,CM3D2OHx86_Data\sharedassets6.assets,11891548,C69D05F6,120
0,0,CM3D2OHx86_Data\sharedassets7.assets,466308,C2F35163,120
0,0,CM3D2OHx86_Data\sharedassets8.assets,5280,13DC37FD,120
0,0,CM3D2OHx86_Data\sharedassets9.assets,927400,6B99C4E3,120
0,0,CM3D2OHx86_Data\Managed\Accessibility.dll,10752,A358E135,120
0,0,CM3D2OHx86_Data\Managed\Assembly-CSharp-firstpass.dll,175616,60B295A3,120
0,0,CM3D2OHx86_Data\Managed\Assembly-CSharp.dll,2007040,9FCAA1EC,120
0,0,CM3D2OHx86_Data\Managed\Assembly-UnityScript-firstpass.dll,65024,021B780D,120
0,0,CM3D2OHx86_Data\Managed\Boo.Lang.dll,126976,B1FDC6B6,120
0,0,CM3D2OHx86_Data\Managed\JsonFx.Json.dll,70144,A0F0CFCB,120
0,0,CM3D2OHx86_Data\Managed\Mono.Data.Tds.dll,96256,DE9FBD55,120
0,0,CM3D2OHx86_Data\Managed\Mono.Posix.dll,184320,A333AAF5,120
0,0,CM3D2OHx86_Data\Managed\Mono.Security.dll,294912,D5BB48FC,120
0,0,CM3D2OHx86_Data\Managed\Mono.WebBrowser.dll,172032,5D310803,120
0,0,CM3D2OHx86_Data\Managed\mscorlib.dll,2590208,5A5FF75C,120
0,0,CM3D2OHx86_Data\Managed\System.Configuration.dll,124928,F88CF714,120
0,0,CM3D2OHx86_Data\Managed\System.Core.dll,300032,0504C277,120
0,0,CM3D2OHx86_Data\Managed\System.Data.dll,856064,1DE4F5EB,120
0,0,CM3D2OHx86_Data\Managed\System.dll,1678848,08B8E16D,120
0,0,CM3D2OHx86_Data\Managed\System.Drawing.Design.dll,29696,E7B53FF9,120
0,0,CM3D2OHx86_Data\Managed\System.Drawing.dll,448512,C4B2E872,120
0,0,CM3D2OHx86_Data\Managed\System.EnterpriseServices.dll,46592,1B56067D,120
0,0,CM3D2OHx86_Data\Managed\System.Security.dll,135168,A9F5B9F1,120
0,0,CM3D2OHx86_Data\Managed\System.Transactions.dll,27648,DE82E2C6,120
0,0,CM3D2OHx86_Data\Managed\System.Windows.Forms.dll,3053568,56394001,120
0,0,CM3D2OHx86_Data\Managed\System.Xml.dll,1270272,BCE39995,120
0,0,CM3D2OHx86_Data\Managed\System.Xml.Linq.dll,106496,1062D683,120
0,0,CM3D2OHx86_Data\Managed\UnityEngine.dll,614912,6749BBED,120
0,0,CM3D2OHx86_Data\Managed\UnityEngine.UI.dll,176128,380C2545,120
0,0,CM3D2OHx86_Data\Managed\UnityScript.Lang.dll,14336,FAB8DDA9,120
0,0,CM3D2OHx86_Data\Mono\mono.dll,2103296,36130890,120
0,0,CM3D2OHx86_Data\Mono\etc\mono\browscap.ini,311984,CE6C0AB3,120
0,0,CM3D2OHx86_Data\Mono\etc\mono\config,1691,A635914A,120
0,0,CM3D2OHx86_Data\Mono\etc\mono\1.0\DefaultWsdlHelpGenerator.aspx,58196,10E814BF,120
0,0,CM3D2OHx86_Data\Mono\etc\mono\1.0\machine.config,17259,82F1AD8B,120
0,0,CM3D2OHx86_Data\Mono\etc\mono\2.0\DefaultWsdlHelpGenerator.aspx,60453,F3869A34,120
0,0,CM3D2OHx86_Data\Mono\etc\mono\2.0\machine.config,27626,4F6C3F79,120
0,0,CM3D2OHx86_Data\Mono\etc\mono\2.0\settings.map,2618,A1A3C29F,120
0,0,CM3D2OHx86_Data\Mono\etc\mono\2.0\web.config,11686,534A9960,120
0,0,CM3D2OHx86_Data\Mono\etc\mono\2.0\Browsers\Compat.browser,1605,2E178A0B,120
0,0,CM3D2OHx86_Data\Mono\etc\mono\mconfig\config.xml,25817,80B2033A,120
0,0,CM3D2OHx86_Data\Plugins\cm3d2_hole_x86.dll,266240,5C01E01F,120
0,0,CM3D2OHx86_Data\Plugins\cm3d2_x86.dll,1299456,BD019A37,120
0,0,CM3D2OHx86_Data\Plugins\device_hook.dll,77312,7EEF9868,120
0,0,CM3D2OHx86_Data\Resources\unity default resources,1571709,31020360,120
0,0,CM3D2OHx86_Data\Resources\unity_builtin_extra,372672,D43832AF,120
0,0,GameData\csv.arc,1571865,C346C1D6,1200
0,0,GameData\csv_cbl.arc,281599,71AB8597,1200
0,0,GameData\csv_vp001_2.arc,2082,25E58CEB,1160
0,0,GameData\material2.arc,102655,704BD3F7,1170
0,0,GameData\material_denkigai2015s003_2.arc,7106,0C82D791,1150
0,0,GameData\material_dlsite_2.arc,1762,C5A837EA,1150
0,0,GameData\material_shop001_2.arc,1762,D98CED1C,1150
0,0,GameData\material_shop002_2.arc,1762,956BB00E,1150
0,0,GameData\material_shop003_2.arc,1762,38CEBFF2,1150
0,0,GameData\material_shop005_2.arc,1714,3E621A32,1150
0,0,GameData\material_shop007_2.arc,2578,C8CE627C,1150
0,0,GameData\material_vp001_2.arc,9554,066C9CA9,1150
0,0,GameData\menu2.arc,218108,010D4B80,1190
0,0,GameData\menu_denkigai2015s001_2.arc,6594,8B3E849F,1160
0,0,GameData\menu_denkigai2015s003_2.arc,4338,D294CE88,1150
0,0,GameData\menu_dlc026_2.arc,3778,69453D54,1190
0,0,GameData\menu_dlc028_2.arc,3874,DE3F1C31,1200
0,0,GameData\menu_dlsite_2.arc,1954,B2268BA7,1150
0,0,GameData\menu_shop001_2.arc,3314,35207C87,1150
0,0,GameData\menu_shop005_2.arc,1378,0C9AF725,1150
0,0,GameData\menu_vp001_2.arc,18546,5FFF33DA,1150
0,0,GameData\model2.arc,12131417,0402ABE9,1170
0,0,GameData\model_denkigai2015s003_2.arc,394665,41A48185,1150
0,0,GameData\model_dlsite_2.arc,197173,24366C43,1150
0,0,GameData\model_shop001_2.arc,115215,9C941FAF,1150
0,0,GameData\model_shop002_2.arc,251253,743C3D97,1150
0,0,GameData\model_shop003_2.arc,185433,A15EC70A,1150
0,0,GameData\model_shop005_2.arc,150103,FB5341FA,1150
0,0,GameData\model_shop007_2.arc,288759,80615CBD,1150
0,0,GameData\model_vp001_2.arc,290407,A19508D6,1150
0,0,GameData\motion_cbl2.arc,142422,A40CF0CC,1170
0,0,GameData\motion_cbl_vp001_2.arc,141603,80D0D160,1160
0,0,GameData\motion_cbl_ytgc002_2.arc,2475220,008FABF0,1160
0,0,GameData\paths.dat,1121,6DBB8545,1200
0,0,GameData\prioritymaterial.arc,91771,0E856EBC,1200
0,0,GameData\script_cbl.arc,1703452,F0A49DE5,1200
0,0,GameData\sound2.arc,7402763,5D761564,1170
0,0,GameData\texture3.arc,6972555,0938FBCE,1200
0,0,GameData\texture_dlc004_2.arc,4805734,C8E5CFB4,1200
0,0,GameData\voice_cbl2.arc,9627083,76D43E7B,1090
0,0,manual\data\005.png,459612,3AF928C5,1170
0,0,manual\data\010.png,800070,5269304C,1170
