0,0,CM3D2OHx64_Data\Managed\Assembly-CSharp.dll,3253760,D6A8B982,1705
0,0,CM3D2OHx64.exe,20649984,0A92CEB6,1705
0,0,GameData\csv_cbl.arc,796275,12B65A55,1719
0,0,GameData\script_cbl.arc,3648563,2679881F,17190
share,GameData\patch\csv.arc,GameData\csv.arc,4189533,CDA623A5,1743
share,GameData\patch\material_dlc196_2.arc,GameData\material_dlc196_2.arc,2546,6A2B65C0,1701
share,GameData\patch\material_dlc211_2.arc,GameData\material_dlc211_2.arc,2530,032AEDA1,1705
share,GameData\patch\material_dlc467_2.arc,GameData\material_dlc467_2.arc,1794,8518A3EB,1704
share,GameData\patch\menu_cas087_2.arc,GameData\menu_cas087_2.arc,3138,A1235198,1705
share,GameData\patch\menu_cas099_2.arc,GameData\menu_cas099_2.arc,3410,7F19AAC8,1705
share,GameData\patch\menu_cas101_2.arc,GameData\menu_cas101_2.arc,3266,58C5BCAD,1705
share,GameData\patch\menu_dlc296_2.arc,GameData\menu_dlc296_2.arc,1202,58D912BD,1703
share,GameData\patch\menu_dlc423_2.arc,GameData\menu_dlc423_2.arc,3245,ACA7F98F,1702
share,GameData\patch\model_cas036_2.arc,GameData\model_cas036_2.arc,1312157,FD3AA086,1703
share,GameData\patch\model_cw004cloth1_2.arc,GameData\model_cw004cloth1_2.arc,876986,21C7BD90,1701
share,GameData\patch\model_denkigai2020w_2.arc,GameData\model_denkigai2020w_2.arc,587840,0341A245,1705
share,GameData\patch\model_dlc029_2.arc,GameData\model_dlc029_2.arc,422954,480FDAAF,1703
share,GameData\patch\model_dlc126_2.arc,GameData\model_dlc126_2.arc,480713,A5D9E5F6,1701
share,GameData\patch\model_dlc139_2.arc,GameData\model_dlc139_2.arc,256344,0DBAAA90,1704
share,GameData\patch\model_dlc154_2.arc,GameData\model_dlc154_2.arc,592473,747CD3BA,1704
share,GameData\patch\model_dlc170_2.arc,GameData\model_dlc170_2.arc,536708,170F3493,1701
share,GameData\patch\model_dlc182_2.arc,GameData\model_dlc182_2.arc,236813,E4F42514,1704
share,GameData\patch\model_dlc196_2.arc,GameData\model_dlc196_2.arc,735258,B553D8CC,1701
share,GameData\patch\model_dlc211_2.arc,GameData\model_dlc211_2.arc,1667780,77406BC9,1705
share,GameData\patch\model_dlc361_2.arc,GameData\model_dlc361_2.arc,2330878,71265BA2,1705
share,GameData\patch\model_dlc396_2.arc,GameData\model_dlc396_2.arc,1604124,578E77AD,1701
share,GameData\patch\model_dlc423_2.arc,GameData\model_dlc423_2.arc,243350,94469F2C,1702
share,GameData\patch\model_dlc437_2.arc,GameData\model_dlc437_2.arc,487670,9F92E91D,1701
share,GameData\patch\model_dlc451_2.arc,GameData\model_dlc451_2.arc,537128,294D7840,1701
share,GameData\patch\model_dlc466_2.arc,GameData\model_dlc466_2.arc,220212,079C3F8B,1704
share,GameData\patch\model_dlc477_2.arc,GameData\model_dlc477_2.arc,373498,A6DC190B,1704
share,GameData\patch\model_dlc479_2.arc,GameData\model_dlc479_2.arc,519307,21162246,1705
share,GameData\patch\model_oldplus004hair1_2.arc,GameData\model_oldplus004hair1_2.arc,1514942,A6F62CED,1703
share,GameData\patch\paths.dat,GameData\paths.dat,14169,38F6763E,1762
share,GameData\patch\prioritymaterial.arc,GameData\prioritymaterial.arc,406220,B162768C,1762
share,GameData\patch\texture_cas036_2.arc,GameData\texture_cas036_2.arc,13921021,F351949B,1703
share,GameData\patch\texture_dlc205_2.arc,GameData\texture_dlc205_2.arc,71995,709036D0,1704
share,GameData\patch\texture_dlc405_2.arc,GameData\texture_dlc405_2.arc,4522596,88C6BA04,1702
share,GameData\patch\texture_dlc437_2.arc,GameData\texture_dlc437_2.arc,21879700,33F6A0A2,1701
