0,0,COM3D2OHx64_Data\Managed\Accessibility.dll,10752,5CB31E4E,20400
0,0,COM3D2OHx64_Data\Managed\Assembly-CSharp.dll,5656576,1F4582AB,20400
0,0,COM3D2OHx64_Data\Managed\Assembly-CSharp-firstpass.dll,789504,3862E4E7,20400
0,0,COM3D2OHx64_Data\Managed\Assembly-UnityScript-firstpass.dll,65024,AC9B4E7F,20400
0,0,COM3D2OHx64_Data\Managed\Boo.Lang.dll,126976,28383F70,20400
0,0,COM3D2OHx64_Data\Managed\BouncyCastle.Crypto.dll,2236416,5A4C4F07,20400
0,0,COM3D2OHx64_Data\Managed\FoveUnityPlugin.dll,28672,A6EA882B,20400
0,0,COM3D2OHx64_Data\Managed\ICSharpCode.SharpZipLib.dll,200704,D3160A1C,20400
0,0,COM3D2OHx64_Data\Managed\Ionic.Zlib.dll,102400,7C9E7DD2,20400
0,0,COM3D2OHx64_Data\Managed\JsonFx.Json.dll,70144,A0F0CFCB,20400
0,0,COM3D2OHx64_Data\Managed\LeapCSharp.NET3.5.dll,82432,38E38212,20400
0,0,COM3D2OHx64_Data\Managed\Mono.Data.Tds.dll,96256,2965324B,20400
0,0,COM3D2OHx64_Data\Managed\Mono.Posix.dll,184320,0CE35BE3,20400
0,0,COM3D2OHx64_Data\Managed\Mono.Security.dll,294912,66EB9979,20400
0,0,COM3D2OHx64_Data\Managed\Mono.WebBrowser.dll,172032,137B736F,20400
0,0,COM3D2OHx64_Data\Managed\mscorlib.dll,2590208,5166389B,20400
0,0,COM3D2OHx64_Data\Managed\Newtonsoft.Json.dll,494592,5C881B73,20400
0,0,COM3D2OHx64_Data\Managed\System.Configuration.dll,124928,72952344,20400
0,0,COM3D2OHx64_Data\Managed\System.Core.dll,297472,9E3EE5D7,20400
0,0,COM3D2OHx64_Data\Managed\System.Data.dll,856064,DDDB80CD,20400
0,0,COM3D2OHx64_Data\Managed\System.dll,1679360,13922617,20400
0,0,COM3D2OHx64_Data\Managed\System.Drawing.Design.dll,29696,E7B53FF9,20400
0,0,COM3D2OHx64_Data\Managed\System.Drawing.dll,448512,C4B2E872,20400
0,0,COM3D2OHx64_Data\Managed\System.EnterpriseServices.dll,46592,2C72A9FE,20400
0,0,COM3D2OHx64_Data\Managed\System.Security.dll,135168,1CE94C57,20400
0,0,COM3D2OHx64_Data\Managed\System.Transactions.dll,27648,45299FCF,20400
0,0,COM3D2OHx64_Data\Managed\System.Windows.Forms.dll,3053568,56394001,20400
0,0,COM3D2OHx64_Data\Managed\System.Xml.dll,1270272,4581A35B,20400
0,0,COM3D2OHx64_Data\Managed\System.Xml.Linq.dll,106496,E844371C,20400
0,0,COM3D2OHx64_Data\Managed\UnityEngine.dll,1393152,2C35388C,20400
0,0,COM3D2OHx64_Data\Managed\UnityEngine.dll.mdb,449828,8610375E,20400
0,0,COM3D2OHx64_Data\Managed\UnityEngine.Networking.dll,253952,2BDF701F,20400
0,0,COM3D2OHx64_Data\Managed\UnityEngine.UI.dll,245760,FA552B2D,20400
0,0,COM3D2OHx64_Data\Managed\UnityEngine.VR.dll,3072,A4582CD6,20400
0,0,COM3D2OHx64_Data\Managed\UnityScript.Lang.dll,13824,0DA8F681,20400
0,0,COM3D2OHx64_Data\Managed\Win32.dll,13312,7781C2A2,20400
0,0,COM3D2OHx64_Data\Managed\zxing.unity.dll,430592,9FD1F198,20400
0,0,COM3D2OHx64_Data\Mono\etc\mono\1.0\DefaultWsdlHelpGenerator.aspx,58196,10E814BF,20400
0,0,COM3D2OHx64_Data\Mono\etc\mono\1.0\machine.config,17258,EDE1AC59,20400
0,0,COM3D2OHx64_Data\Mono\etc\mono\2.0\Browsers\Compat.browser,1605,2E178A0B,20400
0,0,COM3D2OHx64_Data\Mono\etc\mono\2.0\DefaultWsdlHelpGenerator.aspx,60453,F3869A34,20400
0,0,COM3D2OHx64_Data\Mono\etc\mono\2.0\machine.config,27625,73C91C24,20400
0,0,COM3D2OHx64_Data\Mono\etc\mono\2.0\settings.map,2618,A1A3C29F,20400
0,0,COM3D2OHx64_Data\Mono\etc\mono\2.0\web.config,11686,534A9960,20400
0,0,COM3D2OHx64_Data\Mono\etc\mono\mconfig\config.xml,25817,80B2033A,20400
0,0,COM3D2OHx64_Data\Mono\etc\mono\browscap.ini,311984,CE6C0AB3,20400
0,0,COM3D2OHx64_Data\Mono\etc\mono\config,1691,A635914A,20400
0,0,COM3D2OHx64_Data\Mono\mono.dll,2618816,0BEA8C0F,20400
0,0,COM3D2OHx64_Data\Mono\MonoPosixHelper.dll,113664,9B5E1E4D,20400
0,0,COM3D2OHx64_Data\Plugins\assimp.dll,4388864,7C910D84,20400
0,0,COM3D2OHx64_Data\Plugins\Audio360.dll,1956352,0D4B8E9D,20400
0,0,COM3D2OHx64_Data\Plugins\AVProVideo.dll,886272,278352F0,20400
0,0,COM3D2OHx64_Data\Plugins\clothpp.dll,112128,7C3264A4,20400
0,0,COM3D2OHx64_Data\Plugins\cm3d2.dll,2083328,2C43296A,20400
0,0,COM3D2OHx64_Data\Plugins\device_hook.dll,738816,F61E7CED,20400
0,0,COM3D2OHx64_Data\Plugins\FbxExporterCore.dll,12491776,CBAA51C1,20400
0,0,COM3D2OHx64_Data\Plugins\FoveClient.dll,1849384,58C8B4F6,20400
0,0,COM3D2OHx64_Data\Plugins\LeapC.dll,2516992,FBDD3767,20400
0,0,COM3D2OHx64_Data\Plugins\openvr_api.dll,318272,44432E0F,20400
0,0,COM3D2OHx64_Data\Plugins\OVRGamepad.dll,12800,2C526135,20400
0,0,COM3D2OHx64_Data\Plugins\OVRLipSync.dll,2512296,391C1F4C,20400
0,0,COM3D2OHx64_Data\Plugins\OVRPlugin.dll,1898408,5DD05B6C,20400
0,0,COM3D2OHx64_Data\Plugins\Win32-WebView.dll,504832,382AEE66,20400
0,0,COM3D2OHx64_Data\Resources\unity default resources,752360,71DB1AEA,20400
0,0,COM3D2OHx64_Data\Resources\unity_builtin_extra,284012,91145F7F,20400
0,0,COM3D2OHx64_Data\app.info,42,6CD75754,20400
0,0,COM3D2OHx64_Data\globalgamemanagers,4535460,2317D2DC,20400
0,0,COM3D2OHx64_Data\globalgamemanagers.assets,250124,97CBDF40,20400
0,0,COM3D2OHx64_Data\level0,329764,951A9877,20400
0,0,COM3D2OHx64_Data\level1,352908,1CA694A4,20400
0,0,COM3D2OHx64_Data\level2,744540,8A591936,20400
0,0,COM3D2OHx64_Data\level3,1218388,698FEA20,20400
0,0,COM3D2OHx64_Data\level4,1312540,C0D6FC33,20400
0,0,COM3D2OHx64_Data\level5,331260,FA0F723E,20400
0,0,COM3D2OHx64_Data\level6,421420,B35C2DBC,20400
0,0,COM3D2OHx64_Data\level7,330292,E6600E91,20400
0,0,COM3D2OHx64_Data\level8,397724,569DA0FF,20400
0,0,COM3D2OHx64_Data\level9,333404,E3A08B2A,20400
0,0,COM3D2OHx64_Data\level10,701124,BFE671D8,20400
0,0,COM3D2OHx64_Data\level11,7476,6F0150BB,20400
0,0,COM3D2OHx64_Data\level12,332220,3E0524DD,20400
0,0,COM3D2OHx64_Data\level13,4664,4823BCD7,20400
0,0,COM3D2OHx64_Data\level14,348908,4FC84BBE,20400
0,0,COM3D2OHx64_Data\level15,338604,2479D0C7,20400
0,0,COM3D2OHx64_Data\level16,960844,0A5ABAFA,20400
0,0,COM3D2OHx64_Data\level17,431428,3898D46E,20400
0,0,COM3D2OHx64_Data\level18,1090500,82A275A3,20400
0,0,COM3D2OHx64_Data\level19,414908,6C206803,20400
0,0,COM3D2OHx64_Data\level20,2202380,AB4FF675,20400
0,0,COM3D2OHx64_Data\level21,1120508,2FAE8B1E,20400
0,0,COM3D2OHx64_Data\level22,1093812,BD19DB60,20400
0,0,COM3D2OHx64_Data\level23,451980,6796EEF8,20400
0,0,COM3D2OHx64_Data\level24,27904,07DAFEC1,20400
0,0,COM3D2OHx64_Data\level24.resS,131232,851AC384,20400
0,0,COM3D2OHx64_Data\level25,51676,4593E8B1,20400
0,0,COM3D2OHx64_Data\level26,56036,EFE229B7,20400
0,0,COM3D2OHx64_Data\level27,6944,31A07BDA,20400
0,0,COM3D2OHx64_Data\level28,330668,6BAAED63,20400
0,0,COM3D2OHx64_Data\level29,1581812,9DB6851F,20400
0,0,COM3D2OHx64_Data\level30,1438444,B0754F2F,20400
0,0,COM3D2OHx64_Data\level31,1460044,109517EE,20400
0,0,COM3D2OHx64_Data\level32,1355444,B0816774,20400
0,0,COM3D2OHx64_Data\level33,1419916,31C7CA29,20400
0,0,COM3D2OHx64_Data\level34,1545324,0348F07A,20400
0,0,COM3D2OHx64_Data\level35,1282156,0A7D0C3B,20400
0,0,COM3D2OHx64_Data\level36,1032932,4C56AAF2,20400
0,0,COM3D2OHx64_Data\level37,1040220,A684F43C,20400
0,0,COM3D2OHx64_Data\level38,1282164,C84F972F,20400
0,0,COM3D2OHx64_Data\level39,1162916,CE3BC8C9,20400
0,0,COM3D2OHx64_Data\level40,951484,DF6555A7,20400
0,0,COM3D2OHx64_Data\level41,1237892,4FD792B2,20400
0,0,COM3D2OHx64_Data\level42,1380196,34706E6B,20400
0,0,COM3D2OHx64_Data\level43,1338892,E5B84AE0,20400
0,0,COM3D2OHx64_Data\level44,923716,0CAA00A2,20400
0,0,COM3D2OHx64_Data\level45,405596,6567274B,20400
0,0,COM3D2OHx64_Data\level46,401964,8F849409,20400
0,0,COM3D2OHx64_Data\level47,445676,0A43F900,20400
0,0,COM3D2OHx64_Data\level48,467804,A39412A0,20400
0,0,COM3D2OHx64_Data\level49,396204,325CA2FC,20400
0,0,COM3D2OHx64_Data\level50,456164,CDB2642D,20400
0,0,COM3D2OHx64_Data\level51,1045724,76F1D217,20400
0,0,COM3D2OHx64_Data\level52,970292,BC9DC661,20400
0,0,COM3D2OHx64_Data\level53,448996,25F1D58F,20400
0,0,COM3D2OHx64_Data\level54,471140,78737809,20400
0,0,COM3D2OHx64_Data\level55,461724,87296EDE,20400
0,0,COM3D2OHx64_Data\level56,1050132,9F1E9C7D,20400
0,0,COM3D2OHx64_Data\level57,1010572,2493400E,20400
0,0,COM3D2OHx64_Data\level58,454772,A8054322,20400
0,0,COM3D2OHx64_Data\level59,439292,5CEC3B79,20400
0,0,COM3D2OHx64_Data\level60,420980,2B35F4C9,20400
0,0,COM3D2OHx64_Data\level61,1389524,D4C365BE,20400
0,0,COM3D2OHx64_Data\level62,1330444,ABCD56D6,20400
0,0,COM3D2OHx64_Data\level63,507780,70010A3A,20400
0,0,COM3D2OHx64_Data\level64,409780,56E4139C,20400
0,0,COM3D2OHx64_Data\level65,1258460,4990472E,20400
0,0,COM3D2OHx64_Data\level66,976300,B2AFAE88,20400
0,0,COM3D2OHx64_Data\level67,1434940,395223B7,20400
0,0,COM3D2OHx64_Data\level68,1376076,0A9E64D9,20400
0,0,COM3D2OHx64_Data\level69,1581820,B56EF9FB,20400
0,0,COM3D2OHx64_Data\level70,1545332,9F07B652,20400
0,0,COM3D2OHx64_Data\level71,1377236,3915BF2A,20400
0,0,COM3D2OHx64_Data\level72,1343180,8649B003,20400
0,0,COM3D2OHx64_Data\level73,430732,E359D9E5,20400
0,0,COM3D2OHx64_Data\level74,411180,438017D8,20400
0,0,COM3D2OHx64_Data\level75,1054988,13A48DA3,20400
0,0,COM3D2OHx64_Data\level76,856276,53C5DCD1,20400
0,0,COM3D2OHx64_Data\level77,963044,05D1AF91,20400
0,0,COM3D2OHx64_Data\level78,857244,E7602374,20400
0,0,COM3D2OHx64_Data\level79,1035684,C37FA5F4,20400
0,0,COM3D2OHx64_Data\level80,1699308,BDE4036B,20400
0,0,COM3D2OHx64_Data\level81,1650388,49A705E3,20400
0,0,COM3D2OHx64_Data\level82,1118836,E056CFF5,20400
0,0,COM3D2OHx64_Data\level83,1062676,2BD89E3F,20400
0,0,COM3D2OHx64_Data\level84,1518132,736626D7,20400
0,0,COM3D2OHx64_Data\level85,1617060,856A9DB0,20400
0,0,COM3D2OHx64_Data\level86,1060572,A8A149A5,20400
0,0,COM3D2OHx64_Data\level87,976116,40C3C0F9,20400
0,0,COM3D2OHx64_Data\level88,1685068,900098A6,20400
0,0,COM3D2OHx64_Data\level89,1581876,D6FB4E94,20400
0,0,COM3D2OHx64_Data\level90,472428,BB88254A,20400
0,0,COM3D2OHx64_Data\level91,492220,7B68F833,20400
0,0,COM3D2OHx64_Data\level92,580692,443EF7B5,20400
0,0,COM3D2OHx64_Data\level93,540148,EF33221B,20400
0,0,COM3D2OHx64_Data\level93.resS,131232,9337BCA3,20400
0,0,COM3D2OHx64_Data\level94,467484,4BB561EA,20400
0,0,COM3D2OHx64_Data\level95,566716,9B09B4B6,20400
0,0,COM3D2OHx64_Data\level96,490804,FE4C10D9,20400
0,0,COM3D2OHx64_Data\level97,1739724,49EB3212,20400
0,0,COM3D2OHx64_Data\level98,1482292,6877619D,20400
0,0,COM3D2OHx64_Data\level99,1310316,7A638C80,20400
0,0,COM3D2OHx64_Data\level100,1141460,FF9D2E52,20400
0,0,COM3D2OHx64_Data\level101,1228900,BF4971E0,20400
0,0,COM3D2OHx64_Data\level102,1420228,5B8F81FF,20400
0,0,COM3D2OHx64_Data\level103,1325956,F551A754,20400
0,0,COM3D2OHx64_Data\level104,944052,C7CD548F,20400
0,0,COM3D2OHx64_Data\level105,561588,08ADA628,20400
0,0,COM3D2OHx64_Data\level106,1006940,CD30B6F7,20400
0,0,COM3D2OHx64_Data\level107,929604,6FC8A9EF,20400
0,0,COM3D2OHx64_Data\resources.assets,437846872,8BB7ED91,20400
0,0,COM3D2OHx64_Data\resources.assets.resS,1797954548,68D47D8C,20400
0,0,COM3D2OHx64_Data\resources.resource,727392,54F90BDA,20400
0,0,COM3D2OHx64_Data\sharedassets0.assets,115226588,43F06033,20400
0,0,COM3D2OHx64_Data\sharedassets0.assets.resS,28071636,ECEFB46B,20400
0,0,COM3D2OHx64_Data\sharedassets1.assets,6256,C1C556BC,20400
0,0,COM3D2OHx64_Data\sharedassets2.assets,6556,E24043E3,20400
0,0,COM3D2OHx64_Data\sharedassets3.assets,12964,E9107AEE,20400
0,0,COM3D2OHx64_Data\sharedassets4.assets,7228,00E3C311,20400
0,0,COM3D2OHx64_Data\sharedassets5.assets,6136,63835115,20400
0,0,COM3D2OHx64_Data\sharedassets6.assets,7096,E2B8D0AF,20400
0,0,COM3D2OHx64_Data\sharedassets7.assets,6088,FB59B5DD,20400
0,0,COM3D2OHx64_Data\sharedassets8.assets,6328,756FB9E6,20400
0,0,COM3D2OHx64_Data\sharedassets9.assets,6232,A82DCE35,20400
0,0,COM3D2OHx64_Data\sharedassets10.assets,6652,C2F64797,20400
0,0,COM3D2OHx64_Data\sharedassets11.assets,4564,7B26A884,20400
0,0,COM3D2OHx64_Data\sharedassets12.assets,6148,01591357,20400
0,0,COM3D2OHx64_Data\sharedassets13.assets,4132,1FEF7724,20400
0,0,COM3D2OHx64_Data\sharedassets14.assets,6868,F7F601B8,20400
0,0,COM3D2OHx64_Data\sharedassets15.assets,6232,FB4295B5,20400
0,0,COM3D2OHx64_Data\sharedassets16.assets,12676,805AC102,20400
0,0,COM3D2OHx64_Data\sharedassets17.assets,6292,A5F79241,20400
0,0,COM3D2OHx64_Data\sharedassets18.assets,12736,595F6EAC,20400
0,0,COM3D2OHx64_Data\sharedassets19.assets,6316,5603C96C,20400
0,0,COM3D2OHx64_Data\sharedassets20.assets,7096,C3B28A92,20400
0,0,COM3D2OHx64_Data\sharedassets21.assets,12712,AEB15D9A,20400
0,0,COM3D2OHx64_Data\sharedassets22.assets,12712,AEB15D9A,20400
0,0,COM3D2OHx64_Data\sharedassets23.assets,18126856,CA30BD90,20400
0,0,COM3D2OHx64_Data\sharedassets24.assets,12328,1264D796,20400
0,0,COM3D2OHx64_Data\sharedassets25.assets,4420,E844DE71,20400
0,0,COM3D2OHx64_Data\sharedassets26.assets,4324,5CED9D53,20400
0,0,COM3D2OHx64_Data\sharedassets27.assets,4264,A9BD1750,20400
0,0,COM3D2OHx64_Data\sharedassets28.assets,6124,D6D9945A,20400
0,0,COM3D2OHx64_Data\sharedassets29.assets,12676,52C4BDDB,20400
0,0,COM3D2OHx64_Data\sharedassets30.assets,12676,49ED1BB6,20400
0,0,COM3D2OHx64_Data\sharedassets31.assets,12676,6F693996,20400
0,0,COM3D2OHx64_Data\sharedassets32.assets,9400,252A5798,20400
0,0,COM3D2OHx64_Data\sharedassets33.assets,9508,7ECDA072,20400
0,0,COM3D2OHx64_Data\sharedassets34.assets,9496,60D2C43C,20400
0,0,COM3D2OHx64_Data\sharedassets35.assets,12760,34E9B808,20400
0,0,COM3D2OHx64_Data\sharedassets36.assets,9292,0D831388,20400
0,0,COM3D2OHx64_Data\sharedassets37.assets,9328,9EEDBF46,20400
0,0,COM3D2OHx64_Data\sharedassets38.assets,12760,34E9B808,20400
0,0,COM3D2OHx64_Data\sharedassets39.assets,9532,FBB075C5,20400
0,0,COM3D2OHx64_Data\sharedassets40.assets,9328,9EEDBF46,20400
0,0,COM3D2OHx64_Data\sharedassets41.assets,9472,CCD840BF,20400
0,0,COM3D2OHx64_Data\sharedassets42.assets,12676,E09E98FB,20400
0,0,COM3D2OHx64_Data\sharedassets43.assets,9508,7ECDA072,20400
0,0,COM3D2OHx64_Data\sharedassets44.assets,9496,60D2C43C,20400
0,0,COM3D2OHx64_Data\sharedassets45.assets,42236540,A2748008,20400
0,0,COM3D2OHx64_Data\sharedassets45.assets.resS,87400,8BA6C322,20400
0,0,COM3D2OHx64_Data\sharedassets46.assets,38246508,F3B6C7DE,20400
0,0,COM3D2OHx64_Data\sharedassets47.assets,32874604,E5BD86DA,20400
0,0,COM3D2OHx64_Data\sharedassets48.assets,36735684,2F10FCA4,20400
0,0,COM3D2OHx64_Data\sharedassets48.assets.resS,174776,5B619AF1,20400
0,0,COM3D2OHx64_Data\sharedassets49.assets,41277360,4C38F37B,20400
0,0,COM3D2OHx64_Data\sharedassets50.assets,39399112,7FEC8B63,20400
0,0,COM3D2OHx64_Data\sharedassets51.assets,3017228,7CC1ED85,20400
0,0,COM3D2OHx64_Data\sharedassets51.assets.resS,611728,7BFBEAAE,20400
0,0,COM3D2OHx64_Data\sharedassets52.assets,9556,2096CA88,20400
0,0,COM3D2OHx64_Data\sharedassets53.assets,6508,6061CBFA,20400
0,0,COM3D2OHx64_Data\sharedassets54.assets,6508,6061CBFA,20400
0,0,COM3D2OHx64_Data\sharedassets55.assets,6508,6061CBFA,20400
0,0,COM3D2OHx64_Data\sharedassets56.assets,12688,5ABA3221,20400
0,0,COM3D2OHx64_Data\sharedassets57.assets,9508,055EFD3A,20400
0,0,COM3D2OHx64_Data\sharedassets58.assets,6472,DD68C5D4,20400
0,0,COM3D2OHx64_Data\sharedassets59.assets,59364,50C26701,20400
0,0,COM3D2OHx64_Data\sharedassets59.assets.resS,174776,B51EE5DC,20400
0,0,COM3D2OHx64_Data\sharedassets60.assets,6484,41F90473,20400
0,0,COM3D2OHx64_Data\sharedassets61.assets,759744,40607B80,20400
0,0,COM3D2OHx64_Data\sharedassets61.assets.resS,1310880,58801C35,20400
0,0,COM3D2OHx64_Data\sharedassets61.resource,1178176,90268BF4,20400
0,0,COM3D2OHx64_Data\sharedassets62.assets,9376,ED1A770A,20400
0,0,COM3D2OHx64_Data\sharedassets63.assets,3412512,9500FC71,20400
0,0,COM3D2OHx64_Data\sharedassets63.assets.resS,6226112,B3E98769,20400
0,0,COM3D2OHx64_Data\sharedassets64.assets,6580,4CED9A0A,20400
0,0,COM3D2OHx64_Data\sharedassets65.assets,13936,3B66F240,20400
0,0,COM3D2OHx64_Data\sharedassets66.assets,9496,60D2C43C,20400
0,0,COM3D2OHx64_Data\sharedassets67.assets,12712,C998E20F,20400
0,0,COM3D2OHx64_Data\sharedassets68.assets,9496,DAC821DD,20400
0,0,COM3D2OHx64_Data\sharedassets69.assets,12676,52C4BDDB,20400
0,0,COM3D2OHx64_Data\sharedassets70.assets,9496,60D2C43C,20400
0,0,COM3D2OHx64_Data\sharedassets71.assets,12712,C998E20F,20400
0,0,COM3D2OHx64_Data\sharedassets72.assets,10444,82528055,20400
0,0,COM3D2OHx64_Data\sharedassets73.assets,6928,876A9B8E,20400
0,0,COM3D2OHx64_Data\sharedassets74.assets,6436,77E82A62,20400
0,0,COM3D2OHx64_Data\sharedassets75.assets,11732,90C443FE,20400
0,0,COM3D2OHx64_Data\sharedassets75.resource,2729184,2D4064D6,20400
0,0,COM3D2OHx64_Data\sharedassets76.assets,11596,438EF14E,20400
0,0,COM3D2OHx64_Data\sharedassets77.assets,8296,579545AB,20400
0,0,COM3D2OHx64_Data\sharedassets78.assets,7612,5AFC7996,20400
0,0,COM3D2OHx64_Data\sharedassets79.assets,353948,C1162115,20400
0,0,COM3D2OHx64_Data\sharedassets79.assets.resS,2272048,E50143CB,20400
0,0,COM3D2OHx64_Data\sharedassets79.resource,6236800,C7E9CFDE,20400
0,0,COM3D2OHx64_Data\sharedassets80.assets,6568400,DEDA3546,20400
0,0,COM3D2OHx64_Data\sharedassets80.assets.resS,10936,3B0D7ADF,20400
0,0,COM3D2OHx64_Data\sharedassets80.resource,1136352,956B5452,20400
0,0,COM3D2OHx64_Data\sharedassets81.assets,10312,06888921,20400
0,0,COM3D2OHx64_Data\sharedassets82.assets,12844,2E5CAC35,20400
0,0,COM3D2OHx64_Data\sharedassets83.assets,9640,F40A5701,20400
0,0,COM3D2OHx64_Data\sharedassets84.assets,9764,9D6D0FE6,20400
0,0,COM3D2OHx64_Data\sharedassets84.resource,1003968,52A085C2,20400
0,0,COM3D2OHx64_Data\sharedassets85.assets,13000,C2ACA60E,20400
0,0,COM3D2OHx64_Data\sharedassets86.assets,12904,56D00D78,20400
0,0,COM3D2OHx64_Data\sharedassets87.assets,9580,48DC88BE,20400
0,0,COM3D2OHx64_Data\sharedassets88.assets,13348,A0DD8B13,20400
0,0,COM3D2OHx64_Data\sharedassets88.resource,1166848,2709F6C2,20400
0,0,COM3D2OHx64_Data\sharedassets89.assets,9892,13ACE14A,20400
0,0,COM3D2OHx64_Data\sharedassets90.assets,6664,6F200403,20400
0,0,COM3D2OHx64_Data\sharedassets91.assets,6664,6F200403,20400
0,0,COM3D2OHx64_Data\sharedassets92.assets,6628,BCCD1DA2,20400
0,0,COM3D2OHx64_Data\sharedassets93.assets,6340,CFB1598D,20400
0,0,COM3D2OHx64_Data\sharedassets94.assets,6628,BCCD1DA2,20400
0,0,COM3D2OHx64_Data\sharedassets95.assets,6724,60C7316F,20400
0,0,COM3D2OHx64_Data\sharedassets96.assets,6628,BCCD1DA2,20400
0,0,COM3D2OHx64_Data\sharedassets97.assets,12856,B8904DDB,20400
0,0,COM3D2OHx64_Data\sharedassets98.assets,9544,67AB00E3,20400
0,0,COM3D2OHx64_Data\sharedassets99.assets,394920,D36E5AB0,20400
0,0,COM3D2OHx64_Data\sharedassets99.assets.resS,2184640,DF887086,20400
0,0,COM3D2OHx64_Data\sharedassets100.assets,9748,E9A49FB1,20400
0,0,COM3D2OHx64_Data\sharedassets100.resource,2751968,AE761A89,20400
0,0,COM3D2OHx64_Data\sharedassets101.assets,12928,03114C48,20400
0,0,COM3D2OHx64_Data\sharedassets102.assets,12964,535F78C2,20400
0,0,COM3D2OHx64_Data\sharedassets103.assets,9640,0C902E89,20400
0,0,COM3D2OHx64_Data\sharedassets104.assets,7172,BE74C541,20400
0,0,COM3D2OHx64_Data\sharedassets104.resource,6331552,B816A215,20400
0,0,COM3D2OHx64_Data\sharedassets105.assets,7048,2EC90059,20400
0,0,COM3D2OHx64_Data\sharedassets106.assets,86916,2382D4C7,20400
0,0,COM3D2OHx64_Data\sharedassets106.resource,8838816,EBFF12DA,20400
0,0,COM3D2OHx64_Data\sharedassets107.assets,8200,E5AF5D15,20400
0,0,GameData\csv_cbl.arc,1010332,410BE144,20400
0,0,GameData\motion_cbl_3d21reserve_2.arc,153938,9CB83B59,1120
0,0,GameData\motion_cbl_denkigai2019s_2.arc,753524,B6E084B2,1410
0,0,GameData\motion_cbl_dlc305_2.arc,25222249,152F79EB,1550
0,0,GameData\motion_cbl_karaoke002_2.arc,28789456,8DA918FB,1550
0,0,GameData\motion_cbl_karaoke004_2.arc,35778255,0E9382DD,1550
0,0,GameData\motion_cbl_kissnohi001_2.arc,158468,9CE47192,1200
0,0,GameData\motion_cbl_vp001_2.arc,1659046,62219F7A,1250
0,0,GameData\motion_cbl2.arc,57211516,0394840C,20100
0,0,GameData\script_cbl.arc,4850923,6A89A6BF,20400
0,0,GameData\script_cbl_omytgc001_2.arc,212278,5759B805,1210
0,0,GameData\script_cbl_omytgc004_2.arc,2354,88C30EE5,1510
0,0,GameData\script_cbl_ordermade001_2.arc,36866,2E4CD733,1210
0,0,GameData\script_cbl_ordermade002_2.arc,36466,DD7811A4,1210
0,0,GameData\script_cbl_ordermade003_2.arc,3026,080F3688,1250
0,0,GameData\script_cbl_ordermade004_2.arc,3250,96221889,1250
0,0,GameData\script_cbl_personal_om002_2.arc,1730,BC1779C2,1250
0,0,GameData\script_cbl_personal_om003plus_2.arc,5282,34A5C955,1360
0,0,GameData\script_cbl_personal_om004_2.arc,1954,3FEFD65F,1280
0,0,GameData\script_cbl_personal_om004plus_2.arc,5490,15D3F64F,1360
0,0,GameData\script_cbl_personal_om005plus_2.arc,5058,9471327B,1360
0,0,GameData\script_cbl_personal_om007_2.arc,2546,36DB0761,1460
0,0,GameData\script_cbl_personal_om008_2.arc,14178,C639755B,1520
0,0,GameData\script_cbl_personal_om008plus_2.arc,32802,FC4CFCFC,1540
0,0,GameData\script_cbl_personal_om011_2.arc,5378,D5DF591F,20200
0,0,GameData\script_cbl_s2.arc,1170205,611FCB43,1230
0,0,GameData\script_gp002_2.arc,1306263,A8897285,1530
0,0,GameData\voice_cbl_s2.arc,185970975,644369EF,1630
0,0,launch_resource\update\kiss_update_core.dll,671232,63D337A9,20000
0,0,launch_resource\update\update.exe,547840,A36E3FE8,20000
0,0,manual\css\index.css,7168,D11B8AF5,1170
0,0,manual\img\chu-blip2.jpg,78933,95522903,1170
0,0,manual\img\com3d2wcls2_logo.png,107288,47D023F7,1170
0,0,manual\img\config.jpg,167519,C5E4FAF3,1170
0,0,manual\img\menu001.jpg,13885,25B66329,1170
0,0,manual\img\menu002.jpg,24247,87A4205F,1170
0,0,manual\img\yotogi04.jpg,239859,141EC205,1170
0,0,manual\img\yotogi05.jpg,187720,9C93EE69,1170
0,0,manual\index.html,52620,3D3D5ACF,1170
0,0,COM3D2OH.exe,6430208,C8F6E71C,2023
0,0,COM3D2OHx64.exe,22841856,858642A8,20400
0,0,LICENSE,31205,24BAD003,1500
share,GameData\patch\bg_gp001_2.arc,GameData\bg_gp001_2.arc,4536165,D14D2721,1560
share,GameData\patch\bg_gp001fb_2.arc,GameData\bg_gp001fb_2.arc,74085,9CF8EBCF,1520
share,GameData\patch\bg_gp002p1_2.arc,GameData\bg_gp002p1_2.arc,4520463,D2A69A41,1560
share,GameData\patch\bg_kissevent2018_sp_card_2.arc,GameData\bg_kissevent2018_sp_card_2.arc,493322,140250D1,1100
share,GameData\patch\bg_sp001_2.arc,GameData\bg_sp001_2.arc,16204240,91030B15,1000
share,GameData\patch\bg_sp004_2.arc,GameData\bg_sp004_2.arc,36120782,D70323E9,1530
share,GameData\patch\csv.arc,GameData\csv.arc,10394129,615FC717,20400
share,GameData\patch\csv_3d21reserve2_2.arc,GameData\csv_3d21reserve2_2.arc,51058,6AD913F3,1380
share,GameData\patch\csv_denkigai2018wpcard_2.arc,GameData\csv_denkigai2018wpcard_2.arc,450,CD1D6826,1331
share,GameData\patch\csv_dlc305_2.arc,GameData\csv_dlc305_2.arc,67779,3D73BCB9,1380
share,GameData\patch\csv_gp001_2.arc,GameData\csv_gp001_2.arc,89204,9BB06354,1420
share,GameData\patch\csv_jp.arc,GameData\csv_jp.arc,14963,9C524993,1470
share,GameData\patch\csv_old_2.arc,GameData\csv_old_2.arc,1746,7AD2A97C,1150
share,GameData\patch\csv_ordermade001_2.arc,GameData\csv_ordermade001_2.arc,770,422A7575,1150
share,GameData\patch\csv_personal_om006_2.arc,GameData\csv_personal_om006_2.arc,1426,AB118368,1350
share,GameData\patch\csv_personal_om010_2.arc,GameData\csv_personal_om010_2.arc,1490,AA0632D5,1540
share,GameData\patch\parts_cas013_2.arc,GameData\parts_cas013_2.arc,1554,314DD9D9,1480
share,GameData\patch\parts_cas014_2.arc,GameData\parts_cas014_2.arc,1538,A0E9107C,1550
share,GameData\patch\parts_cas031_2.arc,GameData\parts_cas031_2.arc,1263261,331A64CB,1550
share,GameData\patch\parts_cas040_2.arc,GameData\parts_cas040_2.arc,213144,B642B720,20300
share,GameData\patch\parts_cas044_2.arc,GameData\parts_cas044_2.arc,3586,F823AB8D,1570
share,GameData\patch\parts_cas049_2.arc,GameData\parts_cas049_2.arc,499043,FC8B4029,20300
share,GameData\patch\parts_cas050_2.arc,GameData\parts_cas050_2.arc,364956,7F3CA9CA,20300
share,GameData\patch\parts_cas051_2.arc,GameData\parts_cas051_2.arc,558752,BC026C0D,20300
share,GameData\patch\parts_cas052_2.arc,GameData\parts_cas052_2.arc,573621,4786C375,20300
share,GameData\patch\parts_cas053_2.arc,GameData\parts_cas053_2.arc,613214,5BF69854,20300
share,GameData\patch\parts_cas054_2.arc,GameData\parts_cas054_2.arc,1239675,28F5D7F0,20300
share,GameData\patch\parts_cas055_2.arc,GameData\parts_cas055_2.arc,2869988,4174DFC3,20300
share,GameData\patch\parts_cas056_2.arc,GameData\parts_cas056_2.arc,120767,28DC052C,1630
share,GameData\patch\parts_cas062_2.arc,GameData\parts_cas062_2.arc,3538,EDE27A94,1630
share,GameData\patch\parts_com3d2cbp_2.arc,GameData\parts_com3d2cbp_2.arc,197948,415AD83E,1460
share,GameData\patch\parts_cr002_2.arc,GameData\parts_cr002_2.arc,54258,748FF69B,20300
share,GameData\patch\parts_cw001cloth2_2.arc,GameData\parts_cw001cloth2_2.arc,196199,EAF4C9F1,1460
share,GameData\patch\parts_cw001cloth3_2.arc,GameData\parts_cw001cloth3_2.arc,4370,1F2FFFCD,1380
share,GameData\patch\parts_cw002cloth1_2.arc,GameData\parts_cw002cloth1_2.arc,4130,3F8513BA,1580
share,GameData\patch\parts_cw002cloth4_2.arc,GameData\parts_cw002cloth4_2.arc,207274,BDB622DC,20300
share,GameData\patch\parts_cw004cloth2_2.arc,GameData\parts_cw004cloth2_2.arc,320099,D4550380,1560
share,GameData\patch\parts_cw005cloth3_2.arc,GameData\parts_cw005cloth3_2.arc,1798437,07194B0C,1530
share,GameData\patch\parts_cw005cloth4_2.arc,GameData\parts_cw005cloth4_2.arc,93385493,76CDAC9F,1501
share,GameData\patch\parts_cw007cloth1_2.arc,GameData\parts_cw007cloth1_2.arc,719603,CD9097CC,1560
share,GameData\patch\parts_denkigai2017wTshirt_2.arc,GameData\parts_denkigai2017wTshirt_2.arc,297032,11CE6EF6,1620
share,GameData\patch\parts_denkigai2019s_2.arc,GameData\parts_denkigai2019s_2.arc,6781461,7B9C3BEC,1580
share,GameData\patch\parts_denkigai2020w_2.arc,GameData\parts_denkigai2020w_2.arc,3986,4F526500,1550
share,GameData\patch\parts_dlc068_2.arc,GameData\parts_dlc068_2.arc,2066,E2A47102,1540
share,GameData\patch\parts_dlc140_2.arc,GameData\parts_dlc140_2.arc,186952,20156B6E,1630
share,GameData\patch\parts_dlc141_2.arc,GameData\parts_dlc141_2.arc,1522,BC86E86A,1630
share,GameData\patch\parts_dlc209_2.arc,GameData\parts_dlc209_2.arc,1363413,BF1ABBC0,1171
share,GameData\patch\parts_dlc216_2.arc,GameData\parts_dlc216_2.arc,932171,E7454670,1200
share,GameData\patch\parts_dlc232_2.arc,GameData\parts_dlc232_2.arc,5522,E0A9E5A3,1630
share,GameData\patch\parts_dlc240_2.arc,GameData\parts_dlc240_2.arc,2306,890A5A33,1530
share,GameData\patch\parts_dlc241_2.arc,GameData\parts_dlc241_2.arc,1618,5C4797C1,1380
share,GameData\patch\parts_dlc256_2.arc,GameData\parts_dlc256_2.arc,459473,67DE15EB,1480
share,GameData\patch\parts_dlc256ns_2.arc,GameData\parts_dlc256ns_2.arc,464943,902A8184,1480
share,GameData\patch\parts_dlc265_2.arc,GameData\parts_dlc265_2.arc,1461885,9DC90DB1,20300
share,GameData\patch\parts_dlc267_2.arc,GameData\parts_dlc267_2.arc,2827817,95D40D44,1480
share,GameData\patch\parts_dlc267ns_2.arc,GameData\parts_dlc267ns_2.arc,2827831,320F93A5,1480
share,GameData\patch\parts_dlc268_2.arc,GameData\parts_dlc268_2.arc,465617,1FC74BD4,1320
share,GameData\patch\parts_dlc268ns_2.arc,GameData\parts_dlc268ns_2.arc,465634,269DB210,1320
share,GameData\patch\parts_dlc279_2.arc,GameData\parts_dlc279_2.arc,6171073,DF439D14,1331
share,GameData\patch\parts_dlc283_2.arc,GameData\parts_dlc283_2.arc,214283,48402BBC,1550
share,GameData\patch\parts_dlc286_2.arc,GameData\parts_dlc286_2.arc,76043,8B261DCE,1630
share,GameData\patch\parts_dlc290_2.arc,GameData\parts_dlc290_2.arc,382701,B48E55B1,20300
share,GameData\patch\parts_dlc301_2.arc,GameData\parts_dlc301_2.arc,2032332,7D478CC1,1510
share,GameData\patch\parts_dlc302_2.arc,GameData\parts_dlc302_2.arc,1988437,E207724F,1510
share,GameData\patch\parts_dlc303_2.arc,GameData\parts_dlc303_2.arc,2715150,2D1CFC1F,1510
share,GameData\patch\parts_dlc304_2.arc,GameData\parts_dlc304_2.arc,1704802,5CDB51EF,1510
share,GameData\patch\parts_dlc320_2.arc,GameData\parts_dlc320_2.arc,94639,DC5A14A4,1470
share,GameData\patch\parts_dlc330_2.arc,GameData\parts_dlc330_2.arc,1416901,40AFFED8,1631
share,GameData\patch\parts_dlc331_2.arc,GameData\parts_dlc331_2.arc,3970,B15D6CCC,1490
share,GameData\patch\parts_dlc340_2.arc,GameData\parts_dlc340_2.arc,10642,53349B16,1540
share,GameData\patch\parts_dlc353_2.arc,GameData\parts_dlc353_2.arc,967380,18CA7CF1,1540
share,GameData\patch\parts_dlc354_2.arc,GameData\parts_dlc354_2.arc,427649,CB75934F,20300
share,GameData\patch\parts_dlc355_2.arc,GameData\parts_dlc355_2.arc,348168,5CF6F6A0,1540
share,GameData\patch\parts_dlc356_2.arc,GameData\parts_dlc356_2.arc,57433481,02936498,1540
share,GameData\patch\parts_dlc357_2.arc,GameData\parts_dlc357_2.arc,47375026,F7C5D388,1540
share,GameData\patch\parts_dlc358_2.arc,GameData\parts_dlc358_2.arc,39458721,5960F3DB,1550
share,GameData\patch\parts_dlc359_2.arc,GameData\parts_dlc359_2.arc,109291930,A2D75D7D,1540
share,GameData\patch\parts_dlc360_2.arc,GameData\parts_dlc360_2.arc,25794,0E5F85A5,1630
share,GameData\patch\parts_dlc362_2.arc,GameData\parts_dlc362_2.arc,628510,A1368035,1550
share,GameData\patch\parts_dlc363_2.arc,GameData\parts_dlc363_2.arc,1602,014DA2DF,1530
share,GameData\patch\parts_dlc367_2.arc,GameData\parts_dlc367_2.arc,61138,2D8C88EB,1550
share,GameData\patch\parts_dlc376_2.arc,GameData\parts_dlc376_2.arc,239783,34214152,1630
share,GameData\patch\parts_dlc377_2.arc,GameData\parts_dlc377_2.arc,234919,3ACDCA89,20300
share,GameData\patch\parts_dlc386_2.arc,GameData\parts_dlc386_2.arc,1893976,7B363123,20300
share,GameData\patch\parts_dlc387_2.arc,GameData\parts_dlc387_2.arc,3762,C2E05343,1630
share,GameData\patch\parts_dlc389_2.arc,GameData\parts_dlc389_2.arc,1843830,9980CBC1,1630
share,GameData\patch\parts_dlc394_2.arc,GameData\parts_dlc394_2.arc,2137908,F5FD4484,1630
share,GameData\patch\parts_dlc395_2.arc,GameData\parts_dlc395_2.arc,516949,B3180629,1630
share,GameData\patch\parts_dlc396_2.arc,GameData\parts_dlc396_2.arc,1619232,D55D18E3,20300
share,GameData\patch\parts_dlc397_2.arc,GameData\parts_dlc397_2.arc,3712250,6DAA79F0,1630
share,GameData\patch\parts_dlcdenkigai2019s_2.arc,GameData\parts_dlcdenkigai2019s_2.arc,214482,9FBF86BB,1580
share,GameData\patch\parts_dlcdenkigai2019w_2.arc,GameData\parts_dlcdenkigai2019w_2.arc,15362,070EFED5,1580
share,GameData\patch\parts_gp001_2.arc,GameData\parts_gp001_2.arc,62139719,F73DA4FA,1630
share,GameData\patch\parts_gp001fb_2.arc,GameData\parts_gp001fb_2.arc,1465604,E3980FBD,1580
share,GameData\patch\parts_gp003_2.arc,GameData\parts_gp003_2.arc,50627352,46CBDF2B,1590
share,GameData\patch\parts_karaoke001_2.arc,GameData\parts_karaoke001_2.arc,453245,11C970D3,1280
share,GameData\patch\parts_kissevent2018_2.arc,GameData\parts_kissevent2018_2.arc,195634,BA449716,1610
share,GameData\patch\parts_magazine003_2.arc,GameData\parts_magazine003_2.arc,201385,3A5B273D,1120
share,GameData\patch\parts_nijiyomec_2.arc,GameData\parts_nijiyomec_2.arc,18114,53C76F14,1560
share,GameData\patch\parts_oldplus002hair1_2.arc,GameData\parts_oldplus002hair1_2.arc,187032,40716AA1,20300
share,GameData\patch\parts_oldplus005hair2_2.arc,GameData\parts_oldplus005hair2_2.arc,47826,3A8C3553,1550
share,GameData\patch\parts_oldplus006hair2_2.arc,GameData\parts_oldplus006hair2_2.arc,402927,CAB5CFFA,1540
share,GameData\patch\parts_omvr.arc,GameData\parts_omvr.arc,3206509,4F0D0480,1120
share,GameData\patch\parts_personal_om003_2.arc,GameData\parts_personal_om003_2.arc,80308,C95BDA51,1600
share,GameData\patch\parts_personal_om004_2.arc,GameData\parts_personal_om004_2.arc,18738,B11C1D9D,1580
share,GameData\patch\parts_personal_om006_2.arc,GameData\parts_personal_om006_2.arc,307194,3FCB0A15,1331
share,GameData\patch\parts_personal_om008_2.arc,GameData\parts_personal_om008_2.arc,258907,A05740A2,1630
share,GameData\patch\parts_personal_om010_2.arc,GameData\parts_personal_om010_2.arc,20132696,E36F644B,1540
share,GameData\patch\parts_personal_om011hair_2.arc,GameData\parts_personal_om011hair_2.arc,8794412,8045F402,20300
share,GameData\patch\parts_shop013_2.arc,GameData\parts_shop013_2.arc,4786,3F8C0C9D,1580
share,GameData\patch\parts_shop016_2.arc,GameData\parts_shop016_2.arc,171410,3D70CEC4,1060
share,GameData\patch\parts_shop019_2.arc,GameData\parts_shop019_2.arc,196310,38FDFDA0,1560
share,GameData\patch\parts_sp001_2.arc,GameData\parts_sp001_2.arc,168563,1ECED52E,1560
share,GameData\patch\parts_sp002cloth1_2.arc,GameData\parts_sp002cloth1_2.arc,10930,46512519,1250
share,GameData\patch\parts_sp002cloth2_2.arc,GameData\parts_sp002cloth2_2.arc,1825089,3BCD25A8,1352
share,GameData\patch\parts_sp003cloth3_2.arc,GameData\parts_sp003cloth3_2.arc,2970776,D1820E11,1530
share,GameData\patch\parts_sp005cloth2_2.arc,GameData\parts_sp005cloth2_2.arc,307133,F9B6103A,1560
share,GameData\patch\parts_sp006cloth1_2.arc,GameData\parts_sp006cloth1_2.arc,105662,BC6BE872,20300
share,GameData\patch\parts_vac001_2.arc,GameData\parts_vac001_2.arc,1271224,0597E526,1540
share,GameData\patch\parts_vp001_2.arc,GameData\parts_vp001_2.arc,183378,02F0471A,20300
share,GameData\patch\parts2.arc,GameData\parts2.arc,179030123,26AABD65,20300
share,GameData\patch\paths.dat,GameData\paths.dat,12426,A53F71FA,20400
share,GameData\patch\prioritymaterial.arc,GameData\prioritymaterial.arc,476077,EECEEB87,20400
share,GameData\patch\script_share_karaoke_2.arc,GameData\script_share_karaoke_2.arc,8354,23EC7857,1500
share,GameData\patch\sound2.arc,GameData\sound2.arc,52585295,395B1F59,20200
share,GameData\patch\system_gp001_2.arc,GameData\system_gp001_2.arc,7478491,A3D9E534,1420
share,GameData\patch\system_gp002_2.arc,GameData\system_gp002_2.arc,3352431,A85DA78B,1350
share,GameData\patch\system_gp003_2.arc,GameData\system_gp003_2.arc,13346,A2E59BD5,1630
share,GameData\patch\system2.arc,GameData\system2.arc,15064072,F8ECF3D5,20300
share,GameData\patch\voice_gp001_2.arc,GameData\voice_gp001_2.arc,128499501,74943317,1270
share,GameData\patch\voice_ordermade002_2.arc,GameData\voice_ordermade002_2.arc,4034461,8F5E74E5,1550
share,GameData\patch\voice_ordermade002_solo_2.arc,GameData\voice_ordermade002_solo_2.arc,4034470,80F11421,1550
share,GameData\patch\voice_personal_om005_2.arc,GameData\voice_personal_om005_2.arc,77014392,941AFD15,1420
share,GameData\patch\voice_personal_om008_2.arc,GameData\voice_personal_om008_2.arc,738018,CFD7E516,1540
share,GameData\patch\voice_personal_om010_2.arc,GameData\voice_personal_om010_2.arc,120212,0DC709ED,1540
share,GameData_20\bg_pp001_2.arc,GameData_20\bg_pp001_2.arc,1237157,C9D912F7,1220
share,GameData_20\bg_vp001_2.arc,GameData_20\bg_vp001_2.arc,283046,A7A90EE1,1190
share,GameData_20\material_cw005cloth4_2.arc,GameData_20\material_cw005cloth4_2.arc,31586,74059A93,1661
share,GameData_20\material_denkigai2015s003_2.arc,GameData_20\material_denkigai2015s003_2.arc,7106,0C82D791,1150
share,GameData_20\material_denkigai2015w_2.arc,GameData_20\material_denkigai2015w_2.arc,3490,F06AAABE,1090
share,GameData_20\material_denkigai2015wTowelR.arc,GameData_20\material_denkigai2015wTowelR.arc,1602,618192B9,1360
share,GameData_20\material_denkigai2017w_2.arc,GameData_20\material_denkigai2017w_2.arc,4290,0748142E,1674
share,GameData_20\material_denkigai2017wtshirt_2.arc,GameData_20\material_denkigai2017wtshirt_2.arc,2418,F6E9FB90,1674
share,GameData_20\material_denkigai2019stshirt_2.arc,GameData_20\material_denkigai2019stshirt_2.arc,1586,BA3332E0,1680
share,GameData_20\material_dlc055_2.arc,GameData_20\material_dlc055_2.arc,5282,11A93109,1280
share,GameData_20\material_dlc107_2.arc,GameData_20\material_dlc107_2.arc,5218,F9837138,1590
share,GameData_20\material_dlc195_2.arc,GameData_20\material_dlc195_2.arc,1746,ECFBFE17,1090
share,GameData_20\material_dlc256_2.arc,GameData_20\material_dlc256_2.arc,3378,CFF1F232,1673
share,GameData_20\material_dlc267_2.arc,GameData_20\material_dlc267_2.arc,5186,11ED6A88,1673
share,GameData_20\material_dlc278_2.arc,GameData_20\material_dlc278_2.arc,3794,94EE71BB,1651
share,GameData_20\material_dlc353_2.arc,GameData_20\material_dlc353_2.arc,1762,C3E9BB20,1673
share,GameData_20\material_dlc356_2.arc,GameData_20\material_dlc356_2.arc,38338,802E0C1D,1674
share,GameData_20\material_dlc357_2.arc,GameData_20\material_dlc357_2.arc,55938,3D8DE6D9,1674
share,GameData_20\material_dlc358_2.arc,GameData_20\material_dlc358_2.arc,18754,C73B56B1,1673
share,GameData_20\material_dlc359_2.arc,GameData_20\material_dlc359_2.arc,35026,E141B1FB,1674
share,GameData_20\material_dlc363_2.arc,GameData_20\material_dlc363_2.arc,3794,14C1B1A5,1673
share,GameData_20\material_dlcdenkigai2015w_2.arc,GameData_20\material_dlcdenkigai2015w_2.arc,3522,D35394D7,1090
share,GameData_20\material_dlcdenkigai2017w_2.arc,GameData_20\material_dlcdenkigai2017w_2.arc,4322,13A2A5F9,1674
share,GameData_20\material_dlsite_2.arc,GameData_20\material_dlsite_2.arc,1762,C5A837EA,1150
share,GameData_20\material_kissevent2017march_2.arc,GameData_20\material_kissevent2017march_2.arc,4674,8D9C5966,1680
share,GameData_20\material_shop001_2.arc,GameData_20\material_shop001_2.arc,1762,D98CED1C,1150
share,GameData_20\material_shop002_2.arc,GameData_20\material_shop002_2.arc,1762,956BB00E,1150
share,GameData_20\material_shop003_2.arc,GameData_20\material_shop003_2.arc,1762,38CEBFF2,1150
share,GameData_20\material_shop005_2.arc,GameData_20\material_shop005_2.arc,1714,3E621A32,1150
share,GameData_20\material_shop007_2.arc,GameData_20\material_shop007_2.arc,2578,C8CE627C,1150
share,GameData_20\material_sp005cloth2_2.arc,GameData_20\material_sp005cloth2_2.arc,1810,3AE810F9,1641
share,GameData_20\material_vac001_2.arc,GameData_20\material_vac001_2.arc,5266,46CD10D7,1673
share,GameData_20\material_vp001_2.arc,GameData_20\material_vp001_2.arc,11890,8CB043B0,1400
share,GameData_20\material_yomeido003_2.arc,GameData_20\material_yomeido003_2.arc,1522,0689A7AC,1240
share,GameData_20\menu_cas005_2.arc,GameData_20\menu_cas005_2.arc,3314,B1151824,1674
share,GameData_20\menu_cas017_2.arc,GameData_20\menu_cas017_2.arc,3890,E49C2415,1674
share,GameData_20\menu_cas031_2.arc,GameData_20\menu_cas031_2.arc,3906,7CC4BAC7,1673
share,GameData_20\menu_cas044_2.arc,GameData_20\menu_cas044_2.arc,3218,C0415674,1673
share,GameData_20\menu_cas062_2.arc,GameData_20\menu_cas062_2.arc,3138,17F6B4B8,1680
share,GameData_20\menu_com3d2cbp_2.arc,GameData_20\menu_com3d2cbp_2.arc,3506,334A88E0,1673
share,GameData_20\menu_cw001cloth3_2.arc,GameData_20\menu_cw001cloth3_2.arc,3986,E090A9CA,1672
share,GameData_20\menu_cw002cloth1_2.arc,GameData_20\menu_cw002cloth1_2.arc,3762,B0366A81,1674
share,GameData_20\menu_cw004cloth2_2.arc,GameData_20\menu_cw004cloth2_2.arc,3330,F61401F7,1673
share,GameData_20\menu_cw005cloth4_2.arc,GameData_20\menu_cw005cloth4_2.arc,23554,B15A0E72,1661
share,GameData_20\menu_cw007cloth1_2.arc,GameData_20\menu_cw007cloth1_2.arc,6386,0ECE11C0,1673
share,GameData_20\menu_denkigai2015s001_2.arc,GameData_20\menu_denkigai2015s001_2.arc,6594,8B3E849F,1160
share,GameData_20\menu_denkigai2015s003_2.arc,GameData_20\menu_denkigai2015s003_2.arc,4338,D294CE88,1150
share,GameData_20\menu_denkigai2015wTowelR.arc,GameData_20\menu_denkigai2015wTowelR.arc,1282,CECEE1FC,1360
share,GameData_20\menu_denkigai2016s_2.arc,GameData_20\menu_denkigai2016s_2.arc,5298,ABC5BCBA,1680
share,GameData_20\menu_denkigai2016w_2.arc,GameData_20\menu_denkigai2016w_2.arc,15154,C8D64D3B,1450
share,GameData_20\menu_denkigai2017s_2.arc,GameData_20\menu_denkigai2017s_2.arc,4690,FD8D5340,1630
share,GameData_20\menu_denkigai2017w_2.arc,GameData_20\menu_denkigai2017w_2.arc,1250,D6D909E4,1670
share,GameData_20\menu_denkigai2017wTshirt_2.arc,GameData_20\menu_denkigai2017wTshirt_2.arc,1330,C86D3E8E,1674
share,GameData_20\menu_denkigai2019s_2.arc,GameData_20\menu_denkigai2019s_2.arc,9794,8105F4C2,1674
share,GameData_20\menu_denkigai2019sTshirt_2.arc,GameData_20\menu_denkigai2019sTshirt_2.arc,1314,1585420D,1680
share,GameData_20\menu_denkigai2019w_2.arc,GameData_20\menu_denkigai2019w_2.arc,5938,C4A9AA0F,1674
share,GameData_20\menu_denkigai2020w_2.arc,GameData_20\menu_denkigai2020w_2.arc,9186,51DF1F95,1673
share,GameData_20\menu_dlc026_2.arc,GameData_20\menu_dlc026_2.arc,3778,69453D54,1190
share,GameData_20\menu_dlc028_2.arc,GameData_20\menu_dlc028_2.arc,3874,DE3F1C31,1200
share,GameData_20\menu_dlc033_2.arc,GameData_20\menu_dlc033_2.arc,3762,640F79E9,1674
share,GameData_20\menu_dlc034_2.arc,GameData_20\menu_dlc034_2.arc,3714,84E7DC58,1674
share,GameData_20\menu_dlc041_2.arc,GameData_20\menu_dlc041_2.arc,6786,97F738D3,1380
share,GameData_20\menu_dlc042_2.arc,GameData_20\menu_dlc042_2.arc,1154,EE4016C0,1440
share,GameData_20\menu_dlc049_2.arc,GameData_20\menu_dlc049_2.arc,5666,6A7F0162,1673
share,GameData_20\menu_dlc061_2.arc,GameData_20\menu_dlc061_2.arc,3810,F99C1D4E,1290
share,GameData_20\menu_dlc065_2.arc,GameData_20\menu_dlc065_2.arc,7602,D9387834,1380
share,GameData_20\menu_dlc074_2.arc,GameData_20\menu_dlc074_2.arc,5618,24C559D7,1312
share,GameData_20\menu_dlc078_2.arc,GameData_20\menu_dlc078_2.arc,2338,46D1542F,1673
share,GameData_20\menu_dlc100_2.arc,GameData_20\menu_dlc100_2.arc,1250,DFF94E9A,1400
share,GameData_20\menu_dlc101_2.arc,GameData_20\menu_dlc101_2.arc,1218,44DB4049,1481
share,GameData_20\menu_dlc107_2.arc,GameData_20\menu_dlc107_2.arc,1746,A6C9E7C4,1590
share,GameData_20\menu_dlc111_2.arc,GameData_20\menu_dlc111_2.arc,1330,480BC0DC,1674
share,GameData_20\menu_dlc121_2.arc,GameData_20\menu_dlc121_2.arc,3314,71F5DE66,1674
share,GameData_20\menu_dlc123_2.arc,GameData_20\menu_dlc123_2.arc,7714,595B8C3C,1674
share,GameData_20\menu_dlc126_2.arc,GameData_20\menu_dlc126_2.arc,2050,7471540B,1673
share,GameData_20\menu_dlc140_2.arc,GameData_20\menu_dlc140_2.arc,1218,DF957030,1680
share,GameData_20\menu_dlc141_2.arc,GameData_20\menu_dlc141_2.arc,1218,206CE641,1680
share,GameData_20\menu_dlc170_2.arc,GameData_20\menu_dlc170_2.arc,1266,8DD047BD,1674
share,GameData_20\menu_dlc189_2.arc,GameData_20\menu_dlc189_2.arc,2258,5A9F3DE9,1590
share,GameData_20\menu_dlc195_2.arc,GameData_20\menu_dlc195_2.arc,1170,BF163DDC,1090
share,GameData_20\menu_dlc204_2.arc,GameData_20\menu_dlc204_2.arc,3842,4DD62ADC,1674
share,GameData_20\menu_dlc207_2.arc,GameData_20\menu_dlc207_2.arc,3922,552F051C,1630
share,GameData_20\menu_dlc232_2.arc,GameData_20\menu_dlc232_2.arc,1202,D254CEDC,1680
share,GameData_20\menu_dlc283_2.arc,GameData_20\menu_dlc283_2.arc,1202,25C4EE86,1673
share,GameData_20\menu_dlc324_2.arc,GameData_20\menu_dlc324_2.arc,1374,689A4C67,1673
share,GameData_20\menu_dlc331_2.arc,GameData_20\menu_dlc331_2.arc,3330,78103186,1673
share,GameData_20\menu_dlc340_2.arc,GameData_20\menu_dlc340_2.arc,10226,2E6EC41E,1673
share,GameData_20\menu_dlc353_2.arc,GameData_20\menu_dlc353_2.arc,1346,250C9D39,1673
share,GameData_20\menu_dlc357_2.arc,GameData_20\menu_dlc357_2.arc,29714,34062D3F,1673
share,GameData_20\menu_dlc358_2.arc,GameData_20\menu_dlc358_2.arc,21186,9A988520,1673
share,GameData_20\menu_dlc359_2.arc,GameData_20\menu_dlc359_2.arc,17554,EA7AC5BA,1673
share,GameData_20\menu_dlc363_2.arc,GameData_20\menu_dlc363_2.arc,1234,FF56BE27,1673
share,GameData_20\menu_dlc376_2.arc,GameData_20\menu_dlc376_2.arc,1218,2A07F130,1680
share,GameData_20\menu_dlc377_2.arc,GameData_20\menu_dlc377_2.arc,1218,09E45563,1680
share,GameData_20\menu_dlc387_2.arc,GameData_20\menu_dlc387_2.arc,3378,5BD32D7E,1680
share,GameData_20\menu_dlc389_2.arc,GameData_20\menu_dlc389_2.arc,3138,EBFFCABE,1680
share,GameData_20\menu_dlc396_2.arc,GameData_20\menu_dlc396_2.arc,3762,FF96ECF1,1681
share,GameData_20\menu_dlcdenkigai2016s_2.arc,GameData_20\menu_dlcdenkigai2016s_2.arc,4226,37F98EE6,1680
share,GameData_20\menu_dlcdenkigai2016w_2.arc,GameData_20\menu_dlcdenkigai2016w_2.arc,13522,45E7F667,1450
share,GameData_20\menu_dlcdenkigai2017s_2.arc,GameData_20\menu_dlcdenkigai2017s_2.arc,4706,B5EE5D43,1630
share,GameData_20\menu_dlcdenkigai2019s_2.arc,GameData_20\menu_dlcdenkigai2019s_2.arc,7266,F30AC64C,1674
share,GameData_20\menu_dlcdenkigai2019w_2.arc,GameData_20\menu_dlcdenkigai2019w_2.arc,4466,6CACEAA5,1674
share,GameData_20\menu_dlsite_2.arc,GameData_20\menu_dlsite_2.arc,1954,B2268BA7,1150
share,GameData_20\menu_kissevent2017march.arc,GameData_20\menu_kissevent2017march.arc,281,FF4EEB9B,1522
share,GameData_20\menu_kissevent2017march_2.arc,GameData_20\menu_kissevent2017march_2.arc,106624,14291926,1631
share,GameData_20\menu_magazine002_2.arc,GameData_20\menu_magazine002_2.arc,12498,691C1126,1471
share,GameData_20\menu_nijiyomec_2.arc,GameData_20\menu_nijiyomec_2.arc,6738,7CDA2CFB,1673
share,GameData_20\menu_ordermade002_2.arc,GameData_20\menu_ordermade002_2.arc,1346,DF7DAA64,1673
share,GameData_20\menu_personal_om008_2.arc,GameData_20\menu_personal_om008_2.arc,6816,A49BE66E,1680
share,GameData_20\menu_personal002_2.arc,GameData_20\menu_personal002_2.arc,1282,5687650C,1310
share,GameData_20\menu_shop001_2.arc,GameData_20\menu_shop001_2.arc,3314,35207C87,1150
share,GameData_20\menu_shop005_2.arc,GameData_20\menu_shop005_2.arc,1378,0C9AF725,1150
share,GameData_20\menu_sp003cloth3_2.arc,GameData_20\menu_sp003cloth3_2.arc,9826,4C326B5D,1672
share,GameData_20\menu_sp005cloth2_2.arc,GameData_20\menu_sp005cloth2_2.arc,3666,CDB7D350,1673
share,GameData_20\menu_vac001.arc,GameData_20\menu_vac001.arc,317,11490F18,1640
share,GameData_20\menu_vac001_2.arc,GameData_20\menu_vac001_2.arc,24162,C5F8DFA9,1640
share,GameData_20\menu_vp001_2.arc,GameData_20\menu_vp001_2.arc,22034,A305F11D,1674
share,GameData_20\menu_yomeido003_2.arc,GameData_20\menu_yomeido003_2.arc,1234,4D6F619D,1240
share,GameData_20\menu_yomeidogp_wedding_2.arc,GameData_20\menu_yomeidogp_wedding_2.arc,3954,C251B12C,1320
share,GameData_20\model_cas031_2.arc,GameData_20\model_cas031_2.arc,1275040,257EA812,1673
share,GameData_20\model_cas056_2.arc,GameData_20\model_cas056_2.arc,118607,12631C7E,1680
share,GameData_20\model_com3d2cbp_2.arc,GameData_20\model_com3d2cbp_2.arc,186624,4DC6333D,1673
share,GameData_20\model_cw001cloth2_2.arc,GameData_20\model_cw001cloth2_2.arc,194657,F622B758,1673
share,GameData_20\model_cw002cloth4_2.arc,GameData_20\model_cw002cloth4_2.arc,205723,6F695F14,1681
share,GameData_20\model_cw004cloth2_2.arc,GameData_20\model_cw004cloth2_2.arc,315112,C85E6F0F,1673
share,GameData_20\model_cw005cloth3_2.arc,GameData_20\model_cw005cloth3_2.arc,1787568,5851FA8F,1673
share,GameData_20\model_cw005cloth4_2.arc,GameData_20\model_cw005cloth4_2.arc,797916,99503A91,1661
share,GameData_20\model_cw007cloth1_2.arc,GameData_20\model_cw007cloth1_2.arc,702932,B1ACE3C1,1673
share,GameData_20\model_denkigai2015s003_2.arc,GameData_20\model_denkigai2015s003_2.arc,394665,41A48185,1150
share,GameData_20\model_denkigai2015w_2.arc,GameData_20\model_denkigai2015w_2.arc,174373,F9233759,1090
share,GameData_20\model_denkigai2015wTowelR.arc,GameData_20\model_denkigai2015wTowelR.arc,38258,FB570A24,1360
share,GameData_20\model_denkigai2017s_2.arc,GameData_20\model_denkigai2017s_2.arc,462663,8917104A,1582
share,GameData_20\model_denkigai2017w_2.arc,GameData_20\model_denkigai2017w_2.arc,181379,5EECA15C,1674
share,GameData_20\model_denkigai2017wTshirt_2.arc,GameData_20\model_denkigai2017wTshirt_2.arc,293648,C0ABFC47,1674
share,GameData_20\model_denkigai2019sTshirt_2.arc,GameData_20\model_denkigai2019sTshirt_2.arc,188041,2210617D,1680
share,GameData_20\model_dlc005_2.arc,GameData_20\model_dlc005_2.arc,799521,9B6E1D63,1672
share,GameData_20\model_dlc046_2.arc,GameData_20\model_dlc046_2.arc,155690,83B34173,1220
share,GameData_20\model_dlc073_2.arc,GameData_20\model_dlc073_2.arc,267037,47D33A06,1320
share,GameData_20\model_dlc100_2.arc,GameData_20\model_dlc100_2.arc,691347,7C3D679D,1400
share,GameData_20\model_dlc109_2.arc,GameData_20\model_dlc109_2.arc,137998,8FCCF513,1460
share,GameData_20\model_dlc151_2.arc,GameData_20\model_dlc151_2.arc,213532,8C3C80C3,1520
share,GameData_20\model_dlc195_2.arc,GameData_20\model_dlc195_2.arc,583563,16C95E54,1090
share,GameData_20\model_dlc206_2.arc,GameData_20\model_dlc206_2.arc,645607,3578836D,1673
share,GameData_20\model_dlc208_2.arc,GameData_20\model_dlc208_2.arc,448882,C4D10B97,1673
share,GameData_20\model_dlc209_2.arc,GameData_20\model_dlc209_2.arc,1360811,72C67140,1610
share,GameData_20\model_dlc256_2.arc,GameData_20\model_dlc256_2.arc,434902,AC96EDE7,1673
share,GameData_20\model_dlc267_2.arc,GameData_20\model_dlc267_2.arc,506888,4758395D,1673
share,GameData_20\model_dlc268_2.arc,GameData_20\model_dlc268_2.arc,463350,1F545CEE,1650
share,GameData_20\model_dlc278_2.arc,GameData_20\model_dlc278_2.arc,944175,D859BA41,1651
share,GameData_20\model_dlc283_2.arc,GameData_20\model_dlc283_2.arc,212022,6658BAFF,1673
share,GameData_20\model_dlc286_2.arc,GameData_20\model_dlc286_2.arc,73886,A3DC40BE,1680
share,GameData_20\model_dlc301_2.arc,GameData_20\model_dlc301_2.arc,2019393,151AA044,1673
share,GameData_20\model_dlc302_2.arc,GameData_20\model_dlc302_2.arc,1975498,7F93CFBD,1673
share,GameData_20\model_dlc303_2.arc,GameData_20\model_dlc303_2.arc,2689842,AC3B4D66,1673
share,GameData_20\model_dlc304_2.arc,GameData_20\model_dlc304_2.arc,1691856,560A4120,1673
share,GameData_20\model_dlc330_2.arc,GameData_20\model_dlc330_2.arc,1413403,92E3085E,1673
share,GameData_20\model_dlc353_2.arc,GameData_20\model_dlc353_2.arc,964407,DB9B8FA4,1673
share,GameData_20\model_dlc354_2.arc,GameData_20\model_dlc354_2.arc,425496,1EF45300,1681
share,GameData_20\model_dlc356_2.arc,GameData_20\model_dlc356_2.arc,1144913,B1A02CF9,1673
share,GameData_20\model_dlc357_2.arc,GameData_20\model_dlc357_2.arc,4511946,3D1CDF76,1673
share,GameData_20\model_dlc358_2.arc,GameData_20\model_dlc358_2.arc,4341633,D9163415,1673
share,GameData_20\model_dlc359_2.arc,GameData_20\model_dlc359_2.arc,1530334,2F02195C,1673
share,GameData_20\model_dlc360_2.arc,GameData_20\model_dlc360_2.arc,23714,7C145E45,1680
share,GameData_20\model_dlc362_2.arc,GameData_20\model_dlc362_2.arc,624379,447A4556,1673
share,GameData_20\model_dlc363_2.arc,GameData_20\model_dlc363_2.arc,858107,39F745BC,1673
share,GameData_20\model_dlc367_2.arc,GameData_20\model_dlc367_2.arc,58994,4024DDE9,1673
share,GameData_20\model_dlc376_2.arc,GameData_20\model_dlc376_2.arc,236654,FACBF978,1680
share,GameData_20\model_dlc386_2.arc,GameData_20\model_dlc386_2.arc,1888319,F1A8ED0B,1681
share,GameData_20\model_dlc389_2.arc,GameData_20\model_dlc389_2.arc,1838431,BE165C26,1680
share,GameData_20\model_dlc394_2.arc,GameData_20\model_dlc394_2.arc,2128670,706A4A3B,1680
share,GameData_20\model_dlc395_2.arc,GameData_20\model_dlc395_2.arc,511319,E5B0E542,1680
share,GameData_20\model_dlc396_2.arc,GameData_20\model_dlc396_2.arc,1604124,20C7B9D2,1681
share,GameData_20\model_dlc397_2.arc,GameData_20\model_dlc397_2.arc,2657340,F0DC461B,1680
share,GameData_20\model_dlcdenkigai2015w_2.arc,GameData_20\model_dlcdenkigai2015w_2.arc,174400,BE6E5467,1090
share,GameData_20\model_dlcdenkigai2017s_2.arc,GameData_20\model_dlcdenkigai2017s_2.arc,462667,9F0C3D54,1582
share,GameData_20\model_dlcdenkigai2017w_2.arc,GameData_20\model_dlcdenkigai2017w_2.arc,181408,29336B3A,1674
share,GameData_20\model_dlsite_2.arc,GameData_20\model_dlsite_2.arc,680593,F831F0E0,1680
share,GameData_20\model_kissevent2017march_2.arc,GameData_20\model_kissevent2017march_2.arc,378287,9EF61AC7,1680
share,GameData_20\model_oldplus002hair1_2.arc,GameData_20\model_oldplus002hair1_2.arc,184829,2DAE518E,1673
share,GameData_20\model_ordermade002_2.arc,GameData_20\model_ordermade002_2.arc,503977,6C062FF7,1681
share,GameData_20\model_personal_om008_2.arc,GameData_20\model_personal_om008_2.arc,219850,C445C67C,1680
share,GameData_20\model_pp002_2.arc,GameData_20\model_pp002_2.arc,25586,6BC54342,1673
share,GameData_20\model_shop001_2.arc,GameData_20\model_shop001_2.arc,115215,9C941FAF,1150
share,GameData_20\model_shop002_2.arc,GameData_20\model_shop002_2.arc,251253,743C3D97,1150
share,GameData_20\model_shop003_2.arc,GameData_20\model_shop003_2.arc,185433,A15EC70A,1150
share,GameData_20\model_shop005_2.arc,GameData_20\model_shop005_2.arc,150103,FB5341FA,1150
share,GameData_20\model_shop007_2.arc,GameData_20\model_shop007_2.arc,288759,80615CBD,1150
share,GameData_20\model_sp002cloth2_2.arc,GameData_20\model_sp002cloth2_2.arc,1816544,0767F20F,1672
share,GameData_20\model_sp003cloth3_2.arc,GameData_20\model_sp003cloth3_2.arc,2950224,4B3AAFE9,1672
share,GameData_20\model_sp005cloth2_2.arc,GameData_20\model_sp005cloth2_2.arc,300283,8FA9F82B,1673
share,GameData_20\model_sp006cloth1_2.arc,GameData_20\model_sp006cloth1_2.arc,103511,DEBB0FCC,1681
share,GameData_20\model_vp001_2.arc,GameData_20\model_vp001_2.arc,647957,D68B5D2F,1400
share,GameData_20\paths.dat,GameData_20\paths.dat,12750,A3A2EB62,1709
share,GameData_20\prioritymaterial.arc,GameData_20\prioritymaterial.arc,354359,6D77A6B9,1709
share,GameData_20\texture_addpose001.arc,GameData_20\texture_addpose001.arc,23943,1D529A44,1220
share,GameData_20\texture_cr002_2.arc,GameData_20\texture_cr002_2.arc,6402,370E3B9E,1680
share,GameData_20\texture_cw005cloth4_2.arc,GameData_20\texture_cw005cloth4_2.arc,91545191,1DE51460,1661
share,GameData_20\texture_denkigai2015wTowelR.arc,GameData_20\texture_denkigai2015wTowelR.arc,133065,FE4BDC34,1360
share,GameData_20\texture_denkigai2016w_2.arc,GameData_20\texture_denkigai2016w_2.arc,10105247,3B4641C3,1450
share,GameData_20\texture_dlc004_2.arc,GameData_20\texture_dlc004_2.arc,4805734,C8E5CFB4,1200
share,GameData_20\texture_dlc046_2.arc,GameData_20\texture_dlc046_2.arc,596960,FC606BA5,1220
share,GameData_20\texture_dlc107_2.arc,GameData_20\texture_dlc107_2.arc,913018,88EAC715,1590
share,GameData_20\texture_dlc121_2.arc,GameData_20\texture_dlc121_2.arc,1276165,72A24D1E,1673
share,GameData_20\texture_dlc183_2.arc,GameData_20\texture_dlc183_2.arc,27984504,2ECFF2B5,1673
share,GameData_20\texture_dlc195_2.arc,GameData_20\texture_dlc195_2.arc,16075880,456A4C76,1090
share,GameData_20\texture_dlc267_2.arc,GameData_20\texture_dlc267_2.arc,2311226,F39D6830,1650
share,GameData_20\texture_dlc279_2.arc,GameData_20\texture_dlc279_2.arc,6149999,3FE86171,1650
share,GameData_20\texture_dlc356_2.arc,GameData_20\texture_dlc356_2.arc,54635001,3E70ED43,1674
share,GameData_20\texture_dlc357_2.arc,GameData_20\texture_dlc357_2.arc,42210965,78465BE6,1674
share,GameData_20\texture_dlc358_2.arc,GameData_20\texture_dlc358_2.arc,33834979,13781722,1673
share,GameData_20\texture_dlc359_2.arc,GameData_20\texture_dlc359_2.arc,104915998,0608F8F7,1674
share,GameData_20\texture_dlcdenkigai2016w_2.arc,GameData_20\texture_dlcdenkigai2016w_2.arc,10105332,90868016,1450
share,GameData_20\texture_kissevent2017march.arc,GameData_20\texture_kissevent2017march.arc,281,FF4EEB9B,1522
share,GameData_20\texture_kissevent2017march_2.arc,GameData_20\texture_kissevent2017march_2.arc,79432604,C7DD457A,1631
share,GameData_20\texture_vac001_2.arc,GameData_20\texture_vac001_2.arc,1265168,4979EB36,1673
share,GameData_20\texture_vp001_2.arc,GameData_20\texture_vp001_2.arc,755269,18D5027D,1400
share,GameData_20\texture_yomeido003_2.arc,GameData_20\texture_yomeido003_2.arc,117248,0EE72B42,1240
share,GameData_20\texture_yomeidokanteidan2_godmaid_2.arc,GameData_20\texture_yomeidokanteidan2_godmaid_2.arc,8610,1B1349B1,1673
