0,0,CM3D2OHVRx64.exe,20649984,0A92CEB6,1360
0,0,CM3D2OHVRx64_DirectToRift.exe,465408,ED45B3A7,1360
0,0,CM3D2OHVRx64_Data\globalgamemanagers,1346316,34438B56,1360
0,0,CM3D2OHVRx64_Data\globalgamemanagers.assets,115848,A4CD8D95,1360
0,0,CM3D2OHVRx64_Data\level0,182420,16B66161,1360
0,0,CM3D2OHVRx64_Data\level1,200396,CA5C48DF,1360
0,0,CM3D2OHVRx64_Data\level10,541444,BB33AB5A,1360
0,0,CM3D2OHVRx64_Data\level11,4640,7039A3BE,1360
0,0,CM3D2OHVRx64_Data\level12,185028,532EBE53,1360
0,0,CM3D2OHVRx64_Data\level13,4640,E298B050,1360
0,0,CM3D2OHVRx64_Data\level14,203148,B788A804,1360
0,0,CM3D2OHVRx64_Data\level15,273036,C48C18BA,1360
0,0,CM3D2OHVRx64_Data\level16,444628,F6E27EDE,1360
0,0,CM3D2OHVRx64_Data\level17,207964,CB28574D,1360
0,0,CM3D2OHVRx64_Data\level18,531020,2323B3B6,1360
0,0,CM3D2OHVRx64_Data\level19,258724,6A0424F9,1360
0,0,CM3D2OHVRx64_Data\level2,280820,D2DA1DAD,1360
0,0,CM3D2OHVRx64_Data\level20,653484,60C8A3AA,1360
0,0,CM3D2OHVRx64_Data\level21,1237116,F404BCF5,1360
0,0,CM3D2OHVRx64_Data\level22,512644,0895A1BE,1360
0,0,CM3D2OHVRx64_Data\level23,605660,E6CE8D60,1360
0,0,CM3D2OHVRx64_Data\level24,836836,CBC6CE28,1360
0,0,CM3D2OHVRx64_Data\level25,697812,664524F5,1360
0,0,CM3D2OHVRx64_Data\level3,590460,B9CE7655,1360
0,0,CM3D2OHVRx64_Data\level4,631012,BF1E6D74,1360
0,0,CM3D2OHVRx64_Data\level5,183468,7626C917,1360
0,0,CM3D2OHVRx64_Data\level6,227540,D6F38953,1360
0,0,CM3D2OHVRx64_Data\level7,182972,35A48C73,1360
0,0,CM3D2OHVRx64_Data\level8,210404,6005D32B,1360
0,0,CM3D2OHVRx64_Data\level9,183476,4B3B4D1F,1360
0,0,CM3D2OHVRx64_Data\resources.assets,244622796,E28DC0CC,1360
0,0,CM3D2OHVRx64_Data\resources.assets.resS,354986588,B83963BE,1360
0,0,CM3D2OHVRx64_Data\sharedassets0.assets,16482968,2DAC0FFA,1360
0,0,CM3D2OHVRx64_Data\sharedassets0.assets.resS,121728032,3D69BF0B,1360
0,0,CM3D2OHVRx64_Data\sharedassets1.assets,5908,DE0EA9FB,1360
0,0,CM3D2OHVRx64_Data\sharedassets10.assets,6232,B1638C34,1360
0,0,CM3D2OHVRx64_Data\sharedassets11.assets,4132,92BF9E27,1360
0,0,CM3D2OHVRx64_Data\sharedassets12.assets,5812,6B3C0365,1360
0,0,CM3D2OHVRx64_Data\sharedassets13.assets,4132,B2C8F328,1360
0,0,CM3D2OHVRx64_Data\sharedassets14.assets,6532,68BF7ED9,1360
0,0,CM3D2OHVRx64_Data\sharedassets15.assets,5776,B00B8ECD,1360
0,0,CM3D2OHVRx64_Data\sharedassets16.assets,215272,16104AD2,1360
0,0,CM3D2OHVRx64_Data\sharedassets16.assets.resS,51968,C41BC4E7,1360
0,0,CM3D2OHVRx64_Data\sharedassets17.assets,5848,5EBD7323,1360
0,0,CM3D2OHVRx64_Data\sharedassets18.assets,74152,83314712,1360
0,0,CM3D2OHVRx64_Data\sharedassets19.assets,5980,0C86CB29,1360
0,0,CM3D2OHVRx64_Data\sharedassets2.assets,6124,8A5EB488,1360
0,0,CM3D2OHVRx64_Data\sharedassets20.assets,8116,F31A2848,1360
0,0,CM3D2OHVRx64_Data\sharedassets21.assets,6460,21429D6F,1360
0,0,CM3D2OHVRx64_Data\sharedassets22.assets,8008,B99E4EE9,1360
0,0,CM3D2OHVRx64_Data\sharedassets23.assets,19168,5FA7BA16,1360
0,0,CM3D2OHVRx64_Data\sharedassets24.assets,8368,43363AD0,1360
0,0,CM3D2OHVRx64_Data\sharedassets25.assets,8116,2DE22476,1360
0,0,CM3D2OHVRx64_Data\sharedassets25.resource,3813344,7B95E5D4,1360
0,0,CM3D2OHVRx64_Data\sharedassets3.assets,1310208,9AF9452C,1360
0,0,CM3D2OHVRx64_Data\sharedassets4.assets,6448,5FC0CCF8,1360
0,0,CM3D2OHVRx64_Data\sharedassets5.assets,5776,69E9528C,1360
0,0,CM3D2OHVRx64_Data\sharedassets6.assets,6256,5267AD9A,1360
0,0,CM3D2OHVRx64_Data\sharedassets7.assets,5752,E0B542C1,1360
0,0,CM3D2OHVRx64_Data\sharedassets8.assets,5776,2A48A4F3,1360
0,0,CM3D2OHVRx64_Data\sharedassets9.assets,5776,F3FC8199,1360
0,0,CM3D2OHVRx64_Data\Managed\Accessibility.dll,10752,594EE943,1360
0,0,CM3D2OHVRx64_Data\Managed\Assembly-CSharp-firstpass.dll,587264,4028B896,1360
0,0,CM3D2OHVRx64_Data\Managed\Assembly-CSharp.dll,2487296,1C9C4669,1360
0,0,CM3D2OHVRx64_Data\Managed\Assembly-UnityScript-firstpass.dll,65024,A1B298EA,1360
0,0,CM3D2OHVRx64_Data\Managed\Boo.Lang.dll,126976,9ADD3789,1360
0,0,CM3D2OHVRx64_Data\Managed\JsonFx.Json.dll,70144,A0F0CFCB,1360
0,0,CM3D2OHVRx64_Data\Managed\LeapCSharp.NET3.5.dll,96080,CF6AC469,1360
0,0,CM3D2OHVRx64_Data\Managed\Mono.Data.Tds.dll,96256,DDA7BAB7,1360
0,0,CM3D2OHVRx64_Data\Managed\Mono.Posix.dll,184320,C7063ABB,1360
0,0,CM3D2OHVRx64_Data\Managed\Mono.Security.dll,294912,8C7E67B3,1360
0,0,CM3D2OHVRx64_Data\Managed\Mono.WebBrowser.dll,172032,541986C3,1360
0,0,CM3D2OHVRx64_Data\Managed\mscorlib.dll,2589696,AFA570E5,1360
0,0,CM3D2OHVRx64_Data\Managed\System.Configuration.dll,124928,D5F2A804,1360
0,0,CM3D2OHVRx64_Data\Managed\System.Core.dll,297472,BCE2218F,1360
0,0,CM3D2OHVRx64_Data\Managed\System.Data.dll,856064,F1D38D2E,1360
0,0,CM3D2OHVRx64_Data\Managed\System.dll,1679360,288F722A,1360
0,0,CM3D2OHVRx64_Data\Managed\System.Drawing.Design.dll,29696,E7B53FF9,1360
0,0,CM3D2OHVRx64_Data\Managed\System.Drawing.dll,448512,C4B2E872,1360
0,0,CM3D2OHVRx64_Data\Managed\System.EnterpriseServices.dll,46592,75A19B93,1360
0,0,CM3D2OHVRx64_Data\Managed\System.Security.dll,135168,365C74A7,1360
0,0,CM3D2OHVRx64_Data\Managed\System.Transactions.dll,27648,203D65C1,1360
0,0,CM3D2OHVRx64_Data\Managed\System.Windows.Forms.dll,3053568,56394001,1360
0,0,CM3D2OHVRx64_Data\Managed\System.Xml.dll,1270272,9B79033F,1360
0,0,CM3D2OHVRx64_Data\Managed\System.Xml.Linq.dll,106496,B3ACF139,1360
0,0,CM3D2OHVRx64_Data\Managed\UnityEngine.dll,972800,B3EB425F,1360
0,0,CM3D2OHVRx64_Data\Managed\UnityEngine.dll.mdb,353934,02424F6C,1360
0,0,CM3D2OHVRx64_Data\Managed\UnityEngine.Networking.dll,230912,EBC88F56,1360
0,0,CM3D2OHVRx64_Data\Managed\UnityEngine.UI.dll,219136,8E43BC11,1360
0,0,CM3D2OHVRx64_Data\Managed\UnityScript.Lang.dll,14336,13EE284D,1360
0,0,CM3D2OHVRx64_Data\Mono\mono.dll,2612696,2A5A1006,1360
0,0,CM3D2OHVRx64_Data\Mono\etc\mono\browscap.ini,311984,CE6C0AB3,1360
0,0,CM3D2OHVRx64_Data\Mono\etc\mono\config,1691,A635914A,1360
0,0,CM3D2OHVRx64_Data\Mono\etc\mono\1.0\DefaultWsdlHelpGenerator.aspx,58196,10E814BF,1360
0,0,CM3D2OHVRx64_Data\Mono\etc\mono\1.0\machine.config,17258,EDE1AC59,1360
0,0,CM3D2OHVRx64_Data\Mono\etc\mono\2.0\DefaultWsdlHelpGenerator.aspx,60453,F3869A34,1360
0,0,CM3D2OHVRx64_Data\Mono\etc\mono\2.0\machine.config,27625,73C91C24,1360
0,0,CM3D2OHVRx64_Data\Mono\etc\mono\2.0\settings.map,2618,A1A3C29F,1360
0,0,CM3D2OHVRx64_Data\Mono\etc\mono\2.0\web.config,11686,534A9960,1360
0,0,CM3D2OHVRx64_Data\Mono\etc\mono\2.0\Browsers\Compat.browser,1605,2E178A0B,1360
0,0,CM3D2OHVRx64_Data\Mono\etc\mono\mconfig\config.xml,25817,80B2033A,1360
0,0,CM3D2OHVRx64_Data\Plugins\cm3d2_hole_x64.dll,339968,09BB14AC,1360
0,0,CM3D2OHVRx64_Data\Plugins\cm3d2_x64.dll,1516032,D01D1619,1360
0,0,CM3D2OHVRx64_Data\Plugins\device_hook.dll,116224,52D7B853,1361
0,0,CM3D2OHVRx64_Data\Plugins\LeapC.dll,2516992,FBDD3767,1360
0,0,CM3D2OHVRx64_Data\Plugins\openvr_api.dll,318272,44432E0F,1360
0,0,CM3D2OHVRx64_Data\Plugins\OVRGamepad.dll,12800,2C526135,1360
0,0,CM3D2OHVRx64_Data\Plugins\OVRPlugin.dll,399272,D560055D,1360
0,0,CM3D2OHVRx64_Data\Resources\unity default resources,1544700,7137E221,1360
0,0,CM3D2OHVRx64_Data\Resources\unity_builtin_extra,128416,EB7E12DB,1360
0,0,CM3D2OHx64_Data\Plugins\device_hook.dll,116224,52D7B853,1361
0,0,GameData\csv.arc,2414941,484A8A23,1361
0,0,GameData\material_vr.arc,6184,D2EAFD73,130
0,0,GameData\menu_vr.arc,3407,D3B43CF5,130
0,0,GameData\model_vr.arc,866449,B84B7620,130
0,0,GameData\texture_vr.arc,1111256,DF651968,130
