0,0,CM3D2.exe,7793664,D44E2FA5,1007
0,0,CM3D2x86.exe,11632128,015E8BDA,122
0,0,CM3D2x86_Data\level0,223848,0E0711D4,122
0,0,CM3D2x86_Data\level1,227168,64BB4360,122
0,0,CM3D2x86_Data\level10,209592,39480EB8,122
0,0,CM3D2x86_Data\level11,233936,18B58240,122
0,0,CM3D2x86_Data\level12,210024,57642E60,122
0,0,CM3D2x86_Data\level13,532016,53D3AC8E,122
0,0,CM3D2x86_Data\level14,4376,33F841C3,122
0,0,CM3D2x86_Data\level15,212672,BE57474A,122
0,0,CM3D2x86_Data\level16,4376,E91CA3E5,122
0,0,CM3D2x86_Data\level17,221032,F6BA0692,122
0,0,CM3D2x86_Data\level18,282184,0B69A276,122
0,0,CM3D2x86_Data\level19,422488,490F87E8,122
0,0,CM3D2x86_Data\level2,426400,F9D9230B,122
0,0,CM3D2x86_Data\level20,230080,B629A63C,122
0,0,CM3D2x86_Data\level21,500504,E900F877,122
0,0,CM3D2x86_Data\level22,273184,10776BD3,122
0,0,CM3D2x86_Data\level23,295944,476B1F21,122
0,0,CM3D2x86_Data\level24,229072,1312A2B5,122
0,0,CM3D2x86_Data\level25,608560,3A696CAB,122
0,0,CM3D2x86_Data\level26,508440,F8221033,122
0,0,CM3D2x86_Data\level3,544824,496554B6,122
0,0,CM3D2x86_Data\level4,617408,643BF32D,122
0,0,CM3D2x86_Data\level5,210016,73306821,122
0,0,CM3D2x86_Data\level6,356800,3F8E805D,122
0,0,CM3D2x86_Data\level7,250440,CC0525F0,122
0,0,CM3D2x86_Data\level8,246632,6B8EDB70,122
0,0,CM3D2x86_Data\level9,219608,6F63F1CB,122
0,0,CM3D2x86_Data\mainData,1016704,D31A02AD,122
0,0,CM3D2x86_Data\PlayerConnectionConfigFile,21,446DBC90,122
0,0,CM3D2x86_Data\resources.assets,221726400,B92FF3CD,122
0,0,CM3D2x86_Data\sharedassets0.assets,239434800,BC07E72D,122
0,0,CM3D2x86_Data\sharedassets1.assets,6998908,E8D1BA1F,122
0,0,CM3D2x86_Data\sharedassets10.assets,5376,30B61A8D,122
0,0,CM3D2x86_Data\sharedassets11.assets,466428,87C6927C,122
0,0,CM3D2x86_Data\sharedassets12.assets,5400,09279E52,122
0,0,CM3D2x86_Data\sharedassets13.assets,927520,960250C4,122
0,0,CM3D2x86_Data\sharedassets14.assets,2458168,5A0FD145,122
0,0,CM3D2x86_Data\sharedassets15.assets,4112,83482316,122
0,0,CM3D2x86_Data\sharedassets16.assets,4201016,4C52F784,122
0,0,CM3D2x86_Data\sharedassets17.assets,4112,853071B9,122
0,0,CM3D2x86_Data\sharedassets18.assets,49608584,A843E4C4,122
0,0,CM3D2x86_Data\sharedassets19.assets,3691868,EF1F1105,122
0,0,CM3D2x86_Data\sharedassets2.assets,3514316,4DC41ED1,122
0,0,CM3D2x86_Data\sharedassets20.assets,1587748,1EE2D775,122
0,0,CM3D2x86_Data\sharedassets21.assets,5440,BC548E50,122
0,0,CM3D2x86_Data\sharedassets22.assets,72744,CB599677,122
0,0,CM3D2x86_Data\sharedassets23.assets,5528,9045C1C8,122
0,0,CM3D2x86_Data\sharedassets24.assets,5448,6A5EC5EE,122
0,0,CM3D2x86_Data\sharedassets25.assets,5448,F7E185EA,122
0,0,CM3D2x86_Data\sharedassets26.assets,1423860,C9893C74,122
0,0,CM3D2x86_Data\sharedassets27.assets,5672,2FB39E26,122
0,0,CM3D2x86_Data\sharedassets3.assets,16005768,E626D076,122
0,0,CM3D2x86_Data\sharedassets4.assets,36844012,E7C53C1F,122
0,0,CM3D2x86_Data\sharedassets5.assets,6952260,4E6583D4,122
0,0,CM3D2x86_Data\sharedassets6.assets,503456,34C339AD,122
0,0,CM3D2x86_Data\sharedassets7.assets,5576,004B6A6B,122
0,0,CM3D2x86_Data\sharedassets8.assets,355556,9F5F39F5,122
0,0,CM3D2x86_Data\sharedassets9.assets,11891668,21E57E1F,122
0,0,CM3D2x86_Data\Managed\Accessibility.dll,10752,A358E135,122
0,0,CM3D2x86_Data\Managed\Assembly-CSharp-firstpass.dll,171008,163DF99C,122
0,0,CM3D2x86_Data\Managed\Assembly-CSharp.dll,2126336,DC5D7A9A,122
0,0,CM3D2x86_Data\Managed\Assembly-UnityScript-firstpass.dll,65024,42CF301D,122
0,0,CM3D2x86_Data\Managed\Boo.Lang.dll,126976,B1FDC6B6,122
0,0,CM3D2x86_Data\Managed\JsonFx.Json.dll,70144,A0F0CFCB,122
0,0,CM3D2x86_Data\Managed\Mono.Data.Tds.dll,96256,DE9FBD55,122
0,0,CM3D2x86_Data\Managed\Mono.Posix.dll,184320,A333AAF5,122
0,0,CM3D2x86_Data\Managed\Mono.Security.dll,294912,D5BB48FC,122
0,0,CM3D2x86_Data\Managed\Mono.WebBrowser.dll,172032,5D310803,122
0,0,CM3D2x86_Data\Managed\mscorlib.dll,2590208,5A5FF75C,122
0,0,CM3D2x86_Data\Managed\System.Configuration.dll,124928,F88CF714,122
0,0,CM3D2x86_Data\Managed\System.Core.dll,300032,0504C277,122
0,0,CM3D2x86_Data\Managed\System.Data.dll,856064,1DE4F5EB,122
0,0,CM3D2x86_Data\Managed\System.dll,1678848,08B8E16D,122
0,0,CM3D2x86_Data\Managed\System.Drawing.Design.dll,29696,E7B53FF9,122
0,0,CM3D2x86_Data\Managed\System.Drawing.dll,448512,C4B2E872,122
0,0,CM3D2x86_Data\Managed\System.EnterpriseServices.dll,46592,1B56067D,122
0,0,CM3D2x86_Data\Managed\System.Security.dll,135168,A9F5B9F1,122
0,0,CM3D2x86_Data\Managed\System.Transactions.dll,27648,DE82E2C6,122
0,0,CM3D2x86_Data\Managed\System.Windows.Forms.dll,3053568,56394001,122
0,0,CM3D2x86_Data\Managed\System.Xml.dll,1270272,BCE39995,122
0,0,CM3D2x86_Data\Managed\System.Xml.Linq.dll,106496,1062D683,122
0,0,CM3D2x86_Data\Managed\UnityEngine.dll,614912,6749BBED,122
0,0,CM3D2x86_Data\Managed\UnityEngine.UI.dll,176128,380C2545,122
0,0,CM3D2x86_Data\Managed\UnityScript.Lang.dll,14336,FAB8DDA9,122
0,0,CM3D2x86_Data\Mono\mono.dll,2103296,36130890,122
0,0,CM3D2x86_Data\Mono\etc\mono\browscap.ini,311984,CE6C0AB3,122
0,0,CM3D2x86_Data\Mono\etc\mono\config,1691,A635914A,122
0,0,CM3D2x86_Data\Mono\etc\mono\1.0\DefaultWsdlHelpGenerator.aspx,58196,10E814BF,122
0,0,CM3D2x86_Data\Mono\etc\mono\1.0\machine.config,17259,82F1AD8B,122
0,0,CM3D2x86_Data\Mono\etc\mono\2.0\DefaultWsdlHelpGenerator.aspx,60453,F3869A34,122
0,0,CM3D2x86_Data\Mono\etc\mono\2.0\machine.config,27626,4F6C3F79,122
0,0,CM3D2x86_Data\Mono\etc\mono\2.0\settings.map,2618,A1A3C29F,122
0,0,CM3D2x86_Data\Mono\etc\mono\2.0\web.config,11686,534A9960,122
0,0,CM3D2x86_Data\Mono\etc\mono\2.0\Browsers\Compat.browser,1605,2E178A0B,122
0,0,CM3D2x86_Data\Mono\etc\mono\mconfig\config.xml,25817,80B2033A,122
0,0,CM3D2x86_Data\Plugins\cm3d2_x86.dll,1300480,17D97541,122
0,0,CM3D2x86_Data\Plugins\device_hook.dll,77312,7EEF9868,122
0,0,CM3D2x86_Data\Resources\unity default resources,1571709,31020360,122
0,0,CM3D2x86_Data\Resources\unity_builtin_extra,372672,D43832AF,122
0,0,GameData\bg_pp001_2.arc,1237157,C9D912F7,1220
0,0,GameData\csv.arc,1785928,C68FF806,1220
0,0,GameData\csv_addpose001.arc,1235,D06FCA6D,1220
0,0,GameData\csv_vp001_2.arc,2082,25E58CEB,1160
0,0,GameData\material2.arc,196884,BED668DB,1220
0,0,GameData\material_denkigai2015s003_2.arc,7106,0C82D791,1150
0,0,GameData\material_dlsite_2.arc,1762,C5A837EA,1150
0,0,GameData\material_shop001_2.arc,1762,D98CED1C,1150
0,0,GameData\material_shop002_2.arc,1762,956BB00E,1150
0,0,GameData\material_shop003_2.arc,1762,38CEBFF2,1150
0,0,GameData\material_shop005_2.arc,1714,3E621A32,1150
0,0,GameData\material_shop007_2.arc,2578,C8CE627C,1150
0,0,GameData\material_vp001_2.arc,9554,066C9CA9,1150
0,0,GameData\menu2.arc,219097,9879DFF3,1210
0,0,GameData\menu_denkigai2015s001_2.arc,6594,8B3E849F,1160
0,0,GameData\menu_denkigai2015s003_2.arc,4338,D294CE88,1150
0,0,GameData\menu_dlc026_2.arc,3778,69453D54,1190
0,0,GameData\menu_dlc028_2.arc,3874,DE3F1C31,1200
0,0,GameData\menu_dlsite_2.arc,1954,B2268BA7,1150
0,0,GameData\menu_shop001_2.arc,3314,35207C87,1150
0,0,GameData\menu_shop005_2.arc,1378,0C9AF725,1150
0,0,GameData\menu_vp001_2.arc,18546,5FFF33DA,1150
0,0,GameData\model2.arc,12131417,54D44B0A,1220
0,0,GameData\model_denkigai2015s003_2.arc,394665,41A48185,1150
0,0,GameData\model_dlc046_2.arc,155690,83B34173,1220
0,0,GameData\model_dlsite_2.arc,197173,24366C43,1150
0,0,GameData\model_shop001_2.arc,115215,9C941FAF,1150
0,0,GameData\model_shop002_2.arc,251253,743C3D97,1150
0,0,GameData\model_shop003_2.arc,185433,A15EC70A,1150
0,0,GameData\model_shop005_2.arc,150103,FB5341FA,1150
0,0,GameData\model_shop007_2.arc,288759,80615CBD,1150
0,0,GameData\model_vp001_2.arc,290407,A19508D6,1150
0,0,GameData\motion2.arc,60360116,67F656D6,1220
0,0,GameData\motion_addpose001.arc,902194,517CF6C8,1220
0,0,GameData\motion_pp001_2.arc,615858,0E432519,1220
0,0,GameData\motion_vp001_2.arc,141579,7857F9CD,1160
0,0,GameData\paths.dat,1291,665086CC,1220
0,0,GameData\prioritymaterial.arc,95841,D7113F62,1220
0,0,GameData\script.arc,13020346,FC93A4EB,1220
0,0,GameData\script_addpose001.arc,1194,9F2EDF3C,1220
0,0,GameData\script_denkigai2015w_2.arc,40178,8634EE8F,1220
0,0,GameData\script_denkigai2015wPants_2.arc,12658,57896547,1220
0,0,GameData\script_personal001_2.arc,2645512,B957034E,1220
0,0,GameData\script_pp001_2.arc,73103,31FBBA47,1220
0,0,GameData\sound2.arc,7402763,5D761564,1170
0,0,GameData\texture2.arc,748712227,393809F6,1130
0,0,GameData\texture3.arc,7006504,DF141704,1220
0,0,GameData\texture_addpose001.arc,23943,1D529A44,1220
0,0,GameData\texture_dlc004_2.arc,4805734,C8E5CFB4,1200
0,0,GameData\texture_dlc046_2.arc,596960,FC606BA5,1220
0,0,GameData\voice2.arc,290990258,55953CD2,1010
0,0,manual\data\004.png,699424,54A4DC50,1010
0,0,manual\data\007.png,453984,97E623F5,1010
0,0,manual\data\008.png,553674,7B23C3DF,1010
0,0,manual\data\013.png,673884,992CEEC5,1010
0,0,PhotoModeData\Mod\Motion\readme.txt,146,3BF5AF4D,1220
0,0,Preset\1_junshin.preset,43021,0D00795A,1010
0,0,Preset\2_coodere.preset,43516,E9EBB0F2,1010
0,0,Preset\3_tsundere.preset,48900,D0EF8B9E,1010
0,0,Preset\4_default.preset,43697,C5E392BE,1010
0,0,Preset\5_pretty_junshin.preset,40739,D9262BEF,1010
0,0,Preset\6_pretty_coodere.preset,39554,E54D5766,1010
0,0,Preset\7_pretty_tsundere.preset,38235,CA8437BB,1010
0,0,Preset\8_ren_1_yosiko.preset,55432,D54FD70C,1220
0,0,Preset\8_ren_2_ayumi.preset,51097,3C44F9DB,1220
0,0,Preset\8_ren_3_sakura.preset,52635,33F54D90,1220
0,0,Preset\8_ren_4_ai.preset,46819,9B6E5960,1220