0,0,CR EditSystem_Data\Managed\Accessibility.dll,12288,778A87C9,13100
0,0,CR EditSystem_Data\Managed\AnimatorTimeline.dll,271360,2390F353,13100
0,0,CR EditSystem_Data\Managed\Assembly-CSharp.dll,2007040,E784CBAD,13101
0,0,CR EditSystem_Data\Managed\Assembly-CSharp-firstpass.dll,563712,070AAF81,13100
0,0,CR EditSystem_Data\Managed\AVProVideo.Script.dll,118784,83F67136,13100
0,0,CR EditSystem_Data\Managed\Battlehub.dll,381952,0B00CB43,13100
0,0,CR EditSystem_Data\Managed\Com3d2Native.dll,75264,E6586E03,13100
0,0,CR EditSystem_Data\Managed\Com3d2Native.Editor.dll,6144,642DD1A4,13100
0,0,CR EditSystem_Data\Managed\DemiLib.dll,11264,8BB8AD9F,13100
0,0,CR EditSystem_Data\Managed\DOTween.dll,158720,F49BD5A3,13100
0,0,CR EditSystem_Data\Managed\DOTweenPro.dll,15872,9F4B62E8,13100
0,0,CR EditSystem_Data\Managed\I2.Localization.dll,156160,C93A4619,13100
0,0,CR EditSystem_Data\Managed\JsonFx.Json.dll,70144,A0F0CFCB,13100
0,0,CR EditSystem_Data\Managed\MagicaCloth.dll,380416,DE952E79,13100
0,0,CR EditSystem_Data\Managed\MagicaClothV2.dll,419840,5EB3E9EA,13100
0,0,CR EditSystem_Data\Managed\MemoryPack.dll,188928,4AD57352,13100
0,0,CR EditSystem_Data\Managed\MessagePack.Annotations.dll,8192,283DC358,13100
0,0,CR EditSystem_Data\Managed\MessagePack.dll,331776,E1E92B76,13100
0,0,CR EditSystem_Data\Managed\Microsoft.NET.StringTools.dll,30336,C3CACDD5,13100
0,0,CR EditSystem_Data\Managed\Mono.Posix.dll,214528,968E9B9D,13100
0,0,CR EditSystem_Data\Managed\Mono.Security.dll,241152,90CD243C,13100
0,0,CR EditSystem_Data\Managed\Mono.WebBrowser.dll,166912,9EC422AF,13100
0,0,CR EditSystem_Data\Managed\mscorlib.dll,4631552,1CC22052,13100
0,0,CR EditSystem_Data\Managed\netstandard.dll,90112,975FFBBE,13100
0,0,CR EditSystem_Data\Managed\System.ComponentModel.Composition.dll,257024,44EC5201,13100
0,0,CR EditSystem_Data\Managed\System.Configuration.dll,124928,5CF4B8F7,13100
0,0,CR EditSystem_Data\Managed\System.Core.dll,1113088,2602A15A,13100
0,0,CR EditSystem_Data\Managed\System.Data.DataSetExtensions.dll,29696,7A0640D6,13100
0,0,CR EditSystem_Data\Managed\System.Data.dll,2125312,07CEA976,13100
0,0,CR EditSystem_Data\Managed\System.dll,2637824,DC1055E7,13100
0,0,CR EditSystem_Data\Managed\System.Drawing.dll,489984,9C7932A7,13100
0,0,CR EditSystem_Data\Managed\System.EnterpriseServices.dll,44544,9D5266BB,13100
0,0,CR EditSystem_Data\Managed\System.IO.Compression.dll,114688,5A843287,13100
0,0,CR EditSystem_Data\Managed\System.IO.Compression.FileSystem.dll,18432,FE8B8424,13100
0,0,CR EditSystem_Data\Managed\System.Memory.dll,4608,F0BBFFDF,13100
0,0,CR EditSystem_Data\Managed\System.Net.Http.dll,122880,C982D760,13100
0,0,CR EditSystem_Data\Managed\System.Numerics.dll,119296,1947467C,13100
0,0,CR EditSystem_Data\Managed\System.Runtime.CompilerServices.Unsafe.dll,18024,8C9A1A8B,13100
0,0,CR EditSystem_Data\Managed\System.Runtime.dll,12288,58AE9F48,13100
0,0,CR EditSystem_Data\Managed\System.Runtime.Serialization.dll,934400,6800AA2B,13100
0,0,CR EditSystem_Data\Managed\System.Runtime.Serialization.Formatters.Soap.dll,38400,CBA2A8DA,13100
0,0,CR EditSystem_Data\Managed\System.Security.dll,320000,8BEA3DC4,13100
0,0,CR EditSystem_Data\Managed\System.ServiceModel.Internals.dll,215040,9655D9FB,13100
0,0,CR EditSystem_Data\Managed\System.Transactions.dll,35328,E2FF2F1E,13100
0,0,CR EditSystem_Data\Managed\System.Windows.Forms.dll,2896384,7EB1358B,13100
0,0,CR EditSystem_Data\Managed\System.Xml.dll,3160064,6066CFE3,13100
0,0,CR EditSystem_Data\Managed\System.Xml.Linq.dll,136704,DDFB724A,13100
0,0,CR EditSystem_Data\Managed\UniRx.dll,465920,29F0FD34,13100
0,0,CR EditSystem_Data\Managed\UniTask.Addressables.dll,12800,86AC7CE3,13100
0,0,CR EditSystem_Data\Managed\UniTask.dll,548352,A2684872,13100
0,0,CR EditSystem_Data\Managed\UniTask.DOTween.dll,4096,A4C9675B,13100
0,0,CR EditSystem_Data\Managed\UniTask.Linq.dll,701952,AE674FC1,13100
0,0,CR EditSystem_Data\Managed\UniTask.TextMeshPro.dll,13312,059693EC,13100
0,0,CR EditSystem_Data\Managed\Unity.Addressables.dll,112128,BE695A79,13100
0,0,CR EditSystem_Data\Managed\Unity.AI.Navigation.dll,20480,3965D10F,13100
0,0,CR EditSystem_Data\Managed\Unity.Burst.dll,317440,8C9775AE,13100
0,0,CR EditSystem_Data\Managed\Unity.Burst.Unsafe.dll,5632,D504B969,13100
0,0,CR EditSystem_Data\Managed\Unity.Collections.dll,450048,550359D2,13100
0,0,CR EditSystem_Data\Managed\Unity.Collections.LowLevel.ILSupport.dll,5120,254B34EA,13100
0,0,CR EditSystem_Data\Managed\Unity.Jobs.dll,4096,C58BA9D8,13100
0,0,CR EditSystem_Data\Managed\Unity.Mathematics.dll,741376,4DFB46E0,13100
0,0,CR EditSystem_Data\Managed\Unity.MemoryProfiler.dll,6144,C24CFF4B,13100
0,0,CR EditSystem_Data\Managed\Unity.Postprocessing.Runtime.dll,163328,24937EB1,13100
0,0,CR EditSystem_Data\Managed\Unity.RenderPipelines.Core.Runtime.dll,528384,7E56AE75,13100
0,0,CR EditSystem_Data\Managed\Unity.RenderPipelines.Core.ShaderLibrary.dll,5120,2C463C25,13100
0,0,CR EditSystem_Data\Managed\Unity.RenderPipelines.ShaderGraph.ShaderGraphLibrary.dll,5120,215B3FB5,13100
0,0,CR EditSystem_Data\Managed\Unity.ResourceManager.dll,131584,97501DE7,13100
0,0,CR EditSystem_Data\Managed\Unity.ScriptableBuildPipeline.dll,9216,E56E287D,13100
0,0,CR EditSystem_Data\Managed\Unity.TextMeshPro.dll,380928,F05D0616,13100
0,0,CR EditSystem_Data\Managed\Unity.Timeline.dll,128000,EE36486C,13100
0,0,CR EditSystem_Data\Managed\Unity.VisualEffectGraph.Runtime.dll,100864,DAA46CEF,13100
0,0,CR EditSystem_Data\Managed\UnityEngine.AccessibilityModule.dll,22208,78C6C15D,13100
0,0,CR EditSystem_Data\Managed\UnityEngine.AIModule.dll,57024,A46DFD74,13100
0,0,CR EditSystem_Data\Managed\UnityEngine.AndroidJNIModule.dll,93376,B50A5AFB,13100
0,0,CR EditSystem_Data\Managed\UnityEngine.AnimationModule.dll,162496,241D474D,13100
0,0,CR EditSystem_Data\Managed\UnityEngine.ARModule.dll,19648,4A1D5F33,13100
0,0,CR EditSystem_Data\Managed\UnityEngine.AssetBundleModule.dll,31424,BBD1D7B1,13100
0,0,CR EditSystem_Data\Managed\UnityEngine.AudioModule.dll,69312,349E621F,13100
0,0,CR EditSystem_Data\Managed\UnityEngine.ClothModule.dll,24768,0D4371C4,13100
0,0,CR EditSystem_Data\Managed\UnityEngine.ClusterInputModule.dll,20160,B28C53A1,13100
0,0,CR EditSystem_Data\Managed\UnityEngine.ClusterRendererModule.dll,20672,918BC9BA,13100
0,0,CR EditSystem_Data\Managed\UnityEngine.ContentLoadModule.dll,25792,BB90FC09,13100
0,0,CR EditSystem_Data\Managed\UnityEngine.CoreModule.dll,1386688,48FD115A,13100
0,0,CR EditSystem_Data\Managed\UnityEngine.CrashReportingModule.dll,19648,41C76870,13100
0,0,CR EditSystem_Data\Managed\UnityEngine.DirectorModule.dll,23232,2CC1A420,13100
0,0,CR EditSystem_Data\Managed\UnityEngine.dll,125120,B56BB6D6,13100
0,0,CR EditSystem_Data\Managed\UnityEngine.DSPGraphModule.dll,27840,5F1EB63B,13100
0,0,CR EditSystem_Data\Managed\UnityEngine.GameCenterModule.dll,38592,B801B973,13100
0,0,CR EditSystem_Data\Managed\UnityEngine.GIModule.dll,18624,DA68DA5E,13100
0,0,CR EditSystem_Data\Managed\UnityEngine.GridModule.dll,23744,FF1520D8,13100
0,0,CR EditSystem_Data\Managed\UnityEngine.HotReloadModule.dll,18624,9E32D2C5,13100
0,0,CR EditSystem_Data\Managed\UnityEngine.ImageConversionModule.dll,22720,91655A3B,13100
0,0,CR EditSystem_Data\Managed\UnityEngine.IMGUIModule.dll,188608,DEA159BD,13100
0,0,CR EditSystem_Data\Managed\UnityEngine.InputLegacyModule.dll,37568,C1DB6A82,13100
0,0,CR EditSystem_Data\Managed\UnityEngine.InputModule.dll,22208,F997B8C7,13100
0,0,CR EditSystem_Data\Managed\UnityEngine.JSONSerializeModule.dll,20672,D57971D2,13100
0,0,CR EditSystem_Data\Managed\UnityEngine.LocalizationModule.dll,19648,AFDD1EBA,13100
0,0,CR EditSystem_Data\Managed\UnityEngine.NVIDIAModule.dll,32448,AA6EB95A,13100
0,0,CR EditSystem_Data\Managed\UnityEngine.ParticleSystemModule.dll,159424,1015EEB4,13100
0,0,CR EditSystem_Data\Managed\UnityEngine.PerformanceReportingModule.dll,19136,0306AACC,13100
0,0,CR EditSystem_Data\Managed\UnityEngine.Physics2DModule.dll,139968,A700CCF7,13100
0,0,CR EditSystem_Data\Managed\UnityEngine.PhysicsModule.dll,136896,4C25069F,13100
0,0,CR EditSystem_Data\Managed\UnityEngine.ProfilerModule.dll,18624,643CEF55,13100
0,0,CR EditSystem_Data\Managed\UnityEngine.PropertiesModule.dll,153792,EA69A163,13100
0,0,CR EditSystem_Data\Managed\UnityEngine.RuntimeInitializeOnLoadManagerInitializerModule.dll,18624,D76E22EE,13100
0,0,CR EditSystem_Data\Managed\UnityEngine.ScreenCaptureModule.dll,19648,541955E1,13100
0,0,CR EditSystem_Data\Managed\UnityEngine.SharedInternalsModule.dll,31424,4655484A,13100
0,0,CR EditSystem_Data\Managed\UnityEngine.SpatialTracking.dll,11776,F6610B4B,13100
0,0,CR EditSystem_Data\Managed\UnityEngine.SpriteMaskModule.dll,20160,28D62CA3,13100
0,0,CR EditSystem_Data\Managed\UnityEngine.SpriteShapeModule.dll,24768,9EA47AE4,13100
0,0,CR EditSystem_Data\Managed\UnityEngine.StreamingModule.dll,19136,8EBC9B33,13100
0,0,CR EditSystem_Data\Managed\UnityEngine.SubstanceModule.dll,23232,D79E791D,13100
0,0,CR EditSystem_Data\Managed\UnityEngine.SubsystemsModule.dll,33472,619F2CB8,13100
0,0,CR EditSystem_Data\Managed\UnityEngine.TerrainModule.dll,99520,C87BF8A8,13100
0,0,CR EditSystem_Data\Managed\UnityEngine.TerrainPhysicsModule.dll,19648,C362F820,13100
0,0,CR EditSystem_Data\Managed\UnityEngine.TextCoreFontEngineModule.dll,70848,91C2111D,13100
0,0,CR EditSystem_Data\Managed\UnityEngine.TextCoreTextEngineModule.dll,247488,47DA257F,13100
0,0,CR EditSystem_Data\Managed\UnityEngine.TextRenderingModule.dll,37568,64F4EAE3,13100
0,0,CR EditSystem_Data\Managed\UnityEngine.TilemapModule.dll,45248,86525F58,13100
0,0,CR EditSystem_Data\Managed\UnityEngine.TLSModule.dll,25280,28D4A9D2,13100
0,0,CR EditSystem_Data\Managed\UnityEngine.UI.dll,265216,7CE27614,13100
0,0,CR EditSystem_Data\Managed\UnityEngine.UIElementsModule.dll,1526464,D2EF9FE4,13100
0,0,CR EditSystem_Data\Managed\UnityEngine.UIModule.dll,35008,16712D23,13100
0,0,CR EditSystem_Data\Managed\UnityEngine.UmbraModule.dll,18624,421ABF60,13100
0,0,CR EditSystem_Data\Managed\UnityEngine.UnityAnalyticsCommonModule.dll,19648,69C59A3E,13100
0,0,CR EditSystem_Data\Managed\UnityEngine.UnityAnalyticsModule.dll,43200,0E49D1A9,13100
0,0,CR EditSystem_Data\Managed\UnityEngine.UnityConnectModule.dll,20160,A5D5E39F,13100
0,0,CR EditSystem_Data\Managed\UnityEngine.UnityCurlModule.dll,20160,B71C41C4,13100
0,0,CR EditSystem_Data\Managed\UnityEngine.UnityTestProtocolModule.dll,18624,1E0DEBE9,13100
0,0,CR EditSystem_Data\Managed\UnityEngine.UnityWebRequestAssetBundleModule.dll,21696,69651A7A,13100
0,0,CR EditSystem_Data\Managed\UnityEngine.UnityWebRequestAudioModule.dll,21184,63F203EC,13100
0,0,CR EditSystem_Data\Managed\UnityEngine.UnityWebRequestModule.dll,56512,AF370A89,13100
0,0,CR EditSystem_Data\Managed\UnityEngine.UnityWebRequestTextureModule.dll,20160,6F60385C,13100
0,0,CR EditSystem_Data\Managed\UnityEngine.UnityWebRequestWWWModule.dll,29888,59764BF3,13100
0,0,CR EditSystem_Data\Managed\UnityEngine.VehiclesModule.dll,22720,195DA28D,13100
0,0,CR EditSystem_Data\Managed\UnityEngine.VFXModule.dll,57024,D3FF217B,13100
0,0,CR EditSystem_Data\Managed\UnityEngine.VideoModule.dll,39616,4592FDD4,13100
0,0,CR EditSystem_Data\Managed\UnityEngine.VirtualTexturingModule.dll,34496,1A77BE99,13100
0,0,CR EditSystem_Data\Managed\UnityEngine.VRModule.dll,25280,B7C1DF4D,13100
0,0,CR EditSystem_Data\Managed\UnityEngine.WindModule.dll,19648,34258888,13100
0,0,CR EditSystem_Data\Managed\UnityEngine.XR.LegacyInputHelpers.dll,23552,ACB2C291,13100
0,0,CR EditSystem_Data\Managed\UnityEngine.XRModule.dll,69312,C01DB11A,13100
0,0,CR EditSystem_Data\Plugins\x86_64\Audio360.dll,1956352,0D4B8E9D,13100
0,0,CR EditSystem_Data\Plugins\x86_64\AVProVideo.dll,886272,278352F0,13100
0,0,CR EditSystem_Data\Plugins\x86_64\crc.dll,2304512,7D4C0F7A,13100
0,0,CR EditSystem_Data\Plugins\x86_64\device_hook.dll,733696,16904EAF,13100
0,0,CR EditSystem_Data\Plugins\x86_64\lib_burst_generated.dll,979456,C342A73B,13100
0,0,CR EditSystem_Data\Resources\unity default resources,1564256,28AF3A61,13100
0,0,CR EditSystem_Data\Resources\unity_builtin_extra,390152,E5AE31D3,13100
0,0,CR EditSystem_Data\StreamingAssets\aa\AddressablesLink\link.xml,572,8602114D,13100
0,0,CR EditSystem_Data\StreamingAssets\aa\catalog.json,940,00EB80D2,13100
0,0,CR EditSystem_Data\StreamingAssets\aa\settings.json,1606,C4D4D961,13100
0,0,CR EditSystem_Data\app.info,18,37D455F7,13100
0,0,CR EditSystem_Data\boot.config,113,125632FC,13100
0,0,CR EditSystem_Data\globalgamemanagers,404980,2D127F71,13100
0,0,CR EditSystem_Data\globalgamemanagers.assets,467572,33136CB2,13100
0,0,CR EditSystem_Data\globalgamemanagers.assets.resS,2796240,F6707524,13100
0,0,CR EditSystem_Data\level0,163100,046B51E5,13100
0,0,CR EditSystem_Data\level1,163660,08C30297,13100
0,0,CR EditSystem_Data\level2,942748,ECCD858D,13100
0,0,CR EditSystem_Data\resources.assets,5654528,F632F9A8,13100
0,0,CR EditSystem_Data\resources.assets.resS,10368944,5E42208D,13100
0,0,CR EditSystem_Data\resources.resource,35136,C0023D9B,13100
0,0,CR EditSystem_Data\RuntimeInitializeOnLoads.json,4001,A8900AE0,13100
0,0,CR EditSystem_Data\ScriptingAssemblies.json,3935,1C20B35B,13100
0,0,CR EditSystem_Data\sharedassets0.assets,6399776,67FD869C,13100
0,0,CR EditSystem_Data\sharedassets0.assets.resS,2692480,49B89913,13100
0,0,CR EditSystem_Data\sharedassets1.assets,9076,0A00C6E9,13100
0,0,CR EditSystem_Data\sharedassets1.assets.resS,270016,A6EBE179,13100
0,0,CR EditSystem_Data\sharedassets2.assets,690456,D9080E87,13100
0,0,CR EditSystem_Data\sharedassets2.assets.resS,26896,3B67B063,13100
0,0,GameData\assets\bg.aba,62525183,CD0F9622,10300
0,0,GameData\assets\bg.ct,711,A16ECEA5,10300
0,0,GameData\assets\csv.aba,162231,2F8B8173,13100
0,0,GameData\assets\csv.ct,880,52D087B7,13100
0,0,GameData\assets\language.aba,283937,180A96CE,13100
0,0,GameData\assets\language.ct,203,B684701A,13100
0,0,GameData\assets\parts_2.aba,105168071,E5448A3B,13002
0,0,GameData\assets\parts_2.ct,12701,BAC329AF,13002
0,0,GameData\assets\partsmeta.aba,149928,227A6202,13100
0,0,GameData\assets\partsmeta.ct,19339,21381948,13100
0,0,GameData\assets\system.aba,666976,98586AE3,13000
0,0,GameData\assets\system.ct,11504,335DE921,13000
0,0,GameData\dlc\parts_bcc4_gp003_2.aba,2372500,EC8AE752,10700
0,0,GameData\dlc\parts_bcc4_gp003_2.ct,979,3D0EFEE6,10700
0,0,GameData\dlc\parts_cafesp001_2.aba,2677,22A334EA,12900
0,0,GameData\dlc\parts_cafesp001_2.ct,317,97048E30,12900
0,0,GameData\dlc\parts_cas040_2.aba,204642,F416204B,11100
0,0,GameData\dlc\parts_cas040_2.ct,487,FD86A727,11100
0,0,GameData\dlc\parts_cas105_gp003_2.aba,2379507,B6EC7918,12502
0,0,GameData\dlc\parts_cas105_gp003_2.ct,1168,AF0E2163,12502
0,0,GameData\dlc\parts_cm3d2_hair_2.aba,279956,83E856A2,13004
0,0,GameData\dlc\parts_cm3d2_hair_2.ct,578,E055DDAD,13004
0,0,GameData\dlc\parts_com3d2_hair_2.aba,27264722,EA2E28F4,13004
0,0,GameData\dlc\parts_com3d2_hair_2.ct,4442,5AB75EA2,13004
0,0,GameData\dlc\parts_cr002_gp003_2.aba,6953,846C3296,10800
0,0,GameData\dlc\parts_cr002_gp003_2.ct,312,2FD7C199,10800
0,0,GameData\dlc\parts_cr003_gp003_2.aba,18492570,5929421A,11500
0,0,GameData\dlc\parts_cr003_gp003_2.ct,878,8AA2D779,11500
0,0,GameData\dlc\parts_cr004_gp003_2.aba,3977,7B0AF844,10900
0,0,GameData\dlc\parts_cr004_gp003_2.ct,327,9954D22B,10900
0,0,GameData\dlc\parts_cr005_gp003_2.aba,223885,6138B685,13005
0,0,GameData\dlc\parts_cr005_gp003_2.ct,831,627DF795,13005
0,0,GameData\dlc\parts_cres2_2.aba,10813,9AD76BEB,13100
0,0,GameData\dlc\parts_cres2_2.ct,292,F002ECB0,13100
0,0,GameData\dlc\parts_denkigai2021s_2.aba,558959,112CB3CC,13001
0,0,GameData\dlc\parts_denkigai2021s_2.ct,1166,10C59FBA,13001
0,0,GameData\dlc\parts_dlc018_gp003_2.aba,34539,073DA4A5,13001
0,0,GameData\dlc\parts_dlc018_gp003_2.ct,639,F83FB215,13001
0,0,GameData\dlc\parts_dlc029_2.aba,368260,008327B5,12300
0,0,GameData\dlc\parts_dlc029_2.ct,490,AF11DED0,12300
0,0,GameData\dlc\parts_dlc084_2.aba,174155,B3270215,11900
0,0,GameData\dlc\parts_dlc084_2.ct,487,21C9FA05,11900
0,0,GameData\dlc\parts_dlc126_2.aba,486887,F0CBECB4,11900
0,0,GameData\dlc\parts_dlc126_2.ct,490,3C02F76D,11900
0,0,GameData\dlc\parts_dlc139_2.aba,232521,343B254C,12401
0,0,GameData\dlc\parts_dlc139_2.ct,490,E5F225C0,12401
0,0,GameData\dlc\parts_dlc146_2.aba,652628,0CA5B3AC,11800
0,0,GameData\dlc\parts_dlc146_2.ct,490,66CD2237,11800
0,0,GameData\dlc\parts_dlc154_2.aba,610046,3E2D9517,12401
0,0,GameData\dlc\parts_dlc154_2.ct,493,5F60D3F9,12401
0,0,GameData\dlc\parts_dlc170_2.aba,736693,C8A321BD,12904
0,0,GameData\dlc\parts_dlc170_2.ct,563,0608E4E9,12904
0,0,GameData\dlc\parts_dlc182_2.aba,688235,F3F3DA36,12901
0,0,GameData\dlc\parts_dlc182_2.ct,566,47EEB131,12901
0,0,GameData\dlc\parts_dlc183_2.aba,11857163,357F5ED9,12801
0,0,GameData\dlc\parts_dlc183_2.ct,2222,D174F100,12801
0,0,GameData\dlc\parts_dlc200_2.aba,674276,2033109F,11900
0,0,GameData\dlc\parts_dlc200_2.ct,587,E6B3D70C,11900
0,0,GameData\dlc\parts_dlc230_2.aba,132650,D2AB4C6B,11300
0,0,GameData\dlc\parts_dlc230_2.ct,593,97B1229F,11300
0,0,GameData\dlc\parts_dlc248_2.aba,343752,07C14588,11700
0,0,GameData\dlc\parts_dlc248_2.ct,490,C804D6A8,11700
0,0,GameData\dlc\parts_dlc249_2.aba,11960969,F7B8694B,12502
0,0,GameData\dlc\parts_dlc249_2.ct,2281,5D34A66F,12502
0,0,GameData\dlc\parts_dlc252_2.aba,1191045,4D384F51,13004
0,0,GameData\dlc\parts_dlc252_2.ct,487,8E365EB7,13004
0,0,GameData\dlc\parts_dlc264_2.aba,1048607,1A5A2766,12903
0,0,GameData\dlc\parts_dlc264_2.ct,490,331DD06B,12903
0,0,GameData\dlc\parts_dlc265_2.aba,1239750,FA8E7CDB,11100
0,0,GameData\dlc\parts_dlc265_2.ct,490,9FBF49A7,11100
0,0,GameData\dlc\parts_dlc266_2.aba,2879,B3A1D7A1,11300
0,0,GameData\dlc\parts_dlc266_2.ct,310,883F2C9A,11300
0,0,GameData\dlc\parts_dlc290_2.aba,322330,2F453F9D,11100
0,0,GameData\dlc\parts_dlc290_2.ct,490,5E610549,11100
0,0,GameData\dlc\parts_dlc301_2.aba,745426,BCE7634D,12801
0,0,GameData\dlc\parts_dlc301_2.ct,584,40284B0B,12801
0,0,GameData\dlc\parts_dlc304_2.aba,1499734,57624553,12800
0,0,GameData\dlc\parts_dlc304_2.ct,808,22DA9962,12800
0,0,GameData\dlc\parts_dlc309_2.aba,2831,A86284E3,11300
0,0,GameData\dlc\parts_dlc309_2.ct,307,00644E81,11300
0,0,GameData\dlc\parts_dlc345_2.aba,285206,6B0C02CE,12800
0,0,GameData\dlc\parts_dlc345_2.ct,490,7BF3A534,12800
0,0,GameData\dlc\parts_dlc352_2.aba,187534,D6F88311,11900
0,0,GameData\dlc\parts_dlc352_2.ct,499,6385A023,11900
0,0,GameData\dlc\parts_dlc354_2.aba,2847,7F083E57,11900
0,0,GameData\dlc\parts_dlc354_2.ct,310,98956964,11900
0,0,GameData\dlc\parts_dlc373_2.aba,1373655,DBC9B6AB,12901
0,0,GameData\dlc\parts_dlc373_2.ct,461,B0E49384,12901
0,0,GameData\dlc\parts_dlc375_2.aba,30439693,A3EF1A4B,12802
0,0,GameData\dlc\parts_dlc375_2.ct,9095,A87AFF4D,12802
0,0,GameData\dlc\parts_dlc377_2.aba,223953,C70E87E3,11100
0,0,GameData\dlc\parts_dlc377_2.ct,490,AAD8912E,11100
0,0,GameData\dlc\parts_dlc378_2.aba,39727,89CCD194,12501
0,0,GameData\dlc\parts_dlc378_2.ct,496,36600DB4,12501
0,0,GameData\dlc\parts_dlc391_gp003_2.aba,3227,E5A11F29,10700
0,0,GameData\dlc\parts_dlc391_gp003_2.ct,331,74476FC0,10700
0,0,GameData\dlc\parts_dlc392_gp003_2.aba,4203,A2A591DD,10700
0,0,GameData\dlc\parts_dlc392_gp003_2.ct,331,1D1EF1B5,10700
0,0,GameData\dlc\parts_dlc395_gp003_2.aba,4123,0242E8CD,10700
0,0,GameData\dlc\parts_dlc395_gp003_2.ct,328,7B28FBA1,10700
0,0,GameData\dlc\parts_dlc396_gp003_2.aba,3467,D8321B24,10700
0,0,GameData\dlc\parts_dlc396_gp003_2.ct,328,24629BF1,10700
0,0,GameData\dlc\parts_dlc397_gp003_2.aba,3979,B5326215,10700
0,0,GameData\dlc\parts_dlc397_gp003_2.ct,331,F7C4A0FA,10700
0,0,GameData\dlc\parts_dlc398cloth_gp003_2.aba,892072,88AA727C,13001
0,0,GameData\dlc\parts_dlc398cloth_gp003_2.ct,832,538C5461,13001
0,0,GameData\dlc\parts_dlc398hair_gp003_2.aba,36928217,2E2150A4,11301
0,0,GameData\dlc\parts_dlc398hair_gp003_2.ct,7990,EAE42E94,11301
0,0,GameData\dlc\parts_dlc399cloth_gp003_2.aba,8689811,6D64D536,13001
0,0,GameData\dlc\parts_dlc399cloth_gp003_2.ct,2316,AE491CEC,13001
0,0,GameData\dlc\parts_dlc399hair_gp003_2.aba,48368523,C3C75C53,11301
0,0,GameData\dlc\parts_dlc399hair_gp003_2.ct,8000,CDB93007,11301
0,0,GameData\dlc\parts_dlc401_gp003_2.aba,5156489,3854F715,11500
0,0,GameData\dlc\parts_dlc401_gp003_2.ct,803,D8215E49,11500
0,0,GameData\dlc\parts_dlc404_gp003_2.aba,1301103,3BB99220,12502
0,0,GameData\dlc\parts_dlc404_gp003_2.ct,716,E1297E4E,12502
0,0,GameData\dlc\parts_dlc405_gp003_2.aba,839258,F5620D66,13002
0,0,GameData\dlc\parts_dlc405_gp003_2.ct,1598,0B2D90A4,13002
0,0,GameData\dlc\parts_dlc414_gp003_2.aba,4171,7B38D6B0,13001
0,0,GameData\dlc\parts_dlc414_gp003_2.ct,331,2EF1C617,13001
0,0,GameData\dlc\parts_dlc415_gp003_2.aba,24486642,A3DE63F1,11200
0,0,GameData\dlc\parts_dlc415_gp003_2.ct,4246,E6B4C40A,11200
0,0,GameData\dlc\parts_dlc416_gp003_2.aba,60624396,2F885237,11300
0,0,GameData\dlc\parts_dlc416_gp003_2.ct,6172,C5B91E8E,11300
0,0,GameData\dlc\parts_dlc417_gp003_2.aba,98240924,B937D22D,11300
0,0,GameData\dlc\parts_dlc417_gp003_2.ct,9668,30567A2B,11300
0,0,GameData\dlc\parts_dlc418_gp003_2.aba,57214295,94330253,11300
0,0,GameData\dlc\parts_dlc418_gp003_2.ct,4212,4BB449FE,11300
0,0,GameData\dlc\parts_dlc419_gp003_2.aba,24105365,8DE4F408,11200
0,0,GameData\dlc\parts_dlc419_gp003_2.ct,4165,E74579DE,11200
0,0,GameData\dlc\parts_dlc420_gp003_2.aba,25657624,36A81ABD,11201
0,0,GameData\dlc\parts_dlc420_gp003_2.ct,6137,DAF3B803,11201
0,0,GameData\dlc\parts_dlc421_gp003_2.aba,4984162,FD7781D7,13001
0,0,GameData\dlc\parts_dlc421_gp003_2.ct,1048,9AD524AE,13001
0,0,GameData\dlc\parts_dlc422_gp003_2.aba,3259,592BFAAD,13001
0,0,GameData\dlc\parts_dlc422_gp003_2.ct,328,958F0744,13001
0,0,GameData\dlc\parts_dlc424_gp003_2.aba,4811,DB36A630,13001
0,0,GameData\dlc\parts_dlc424_gp003_2.ct,328,89C7EA17,13001
0,0,GameData\dlc\parts_dlc425_gp003_2.aba,319550,552B39F1,11700
0,0,GameData\dlc\parts_dlc425_gp003_2.ct,938,519D9B6B,11700
0,0,GameData\dlc\parts_dlc426_gp003_2.aba,3467,02BEB85E,11900
0,0,GameData\dlc\parts_dlc426_gp003_2.ct,331,B527E1A5,11900
0,0,GameData\dlc\parts_dlc427_gp003_2.aba,1433273,118FF80C,11200
0,0,GameData\dlc\parts_dlc427_gp003_2.ct,558,57DD4A54,11200
0,0,GameData\dlc\parts_dlc428_gp003_2.aba,2829056,0C56E0E4,11200
0,0,GameData\dlc\parts_dlc428_gp003_2.ct,899,9BFCAE1E,11200
0,0,GameData\dlc\parts_dlc429_gp003_2.aba,4398507,6CEAB86E,13001
0,0,GameData\dlc\parts_dlc429_gp003_2.ct,1020,092923D8,13001
0,0,GameData\dlc\parts_dlc430_gp003_2.aba,3531,7934E589,13001
0,0,GameData\dlc\parts_dlc430_gp003_2.ct,328,634644EB,13001
0,0,GameData\dlc\parts_dlc431_gp003_2.aba,2779,98EB5D49,11300
0,0,GameData\dlc\parts_dlc431_gp003_2.ct,328,A21ED5DA,11300
0,0,GameData\dlc\parts_dlc432_gp003_2.aba,2699,A0273535,11900
0,0,GameData\dlc\parts_dlc432_gp003_2.ct,328,5758B41F,11900
0,0,GameData\dlc\parts_dlc433_gp003_2.aba,193741,79864F27,11201
0,0,GameData\dlc\parts_dlc433_gp003_2.ct,873,93EBC12C,11201
0,0,GameData\dlc\parts_dlc434_gp003_2.aba,14299,E5A51C9B,13001
0,0,GameData\dlc\parts_dlc434_gp003_2.ct,541,769CE327,13001
0,0,GameData\dlc\parts_dlc435_gp003_2.aba,4178022,A4472F39,13002
0,0,GameData\dlc\parts_dlc435_gp003_2.ct,725,109B3B83,13002
0,0,GameData\dlc\parts_dlc436_gp003_2.aba,3403,6CB86980,13001
0,0,GameData\dlc\parts_dlc436_gp003_2.ct,328,3E8CF910,13001
0,0,GameData\dlc\parts_dlc437_gp003_2.aba,1658736,6641DCC0,13001
0,0,GameData\dlc\parts_dlc437_gp003_2.ct,814,9535D168,13001
0,0,GameData\dlc\parts_dlc438_gp003_2.aba,2859,B2DD2511,13002
0,0,GameData\dlc\parts_dlc438_gp003_2.ct,328,974D34E4,13002
0,0,GameData\dlc\parts_dlc440_gp003_2.aba,15099279,AD453FCD,13002
0,0,GameData\dlc\parts_dlc440_gp003_2.ct,2631,B8ACE632,13002
0,0,GameData\dlc\parts_dlc444_gp003_2.aba,777339,AA61AC8C,12502
0,0,GameData\dlc\parts_dlc444_gp003_2.ct,601,A148830E,12502
0,0,GameData\dlc\parts_dlc445_gp003_2.aba,13535019,94E7C6CA,11500
0,0,GameData\dlc\parts_dlc445_gp003_2.ct,812,1FA9AF4B,11500
0,0,GameData\dlc\parts_dlc447_gp003_2.aba,1140083,8C5150C4,13002
0,0,GameData\dlc\parts_dlc447_gp003_2.ct,814,4A8949C0,13002
0,0,GameData\dlc\parts_dlc448_gp003_2.aba,7195,ADB97FBD,12502
0,0,GameData\dlc\parts_dlc448_gp003_2.ct,346,464F687E,12502
0,0,GameData\dlc\parts_dlc449_gp003_2.aba,7771,BA542B20,11800
0,0,GameData\dlc\parts_dlc449_gp003_2.ct,332,6D351C68,11800
0,0,GameData\dlc\parts_dlc450_gp003_2.aba,88563,D12ABDDF,12904
0,0,GameData\dlc\parts_dlc450_gp003_2.ct,642,9736857E,12904
0,0,GameData\dlc\parts_dlc455_gp003_2.aba,2859,59456831,12501
0,0,GameData\dlc\parts_dlc455_gp003_2.ct,328,FB50972C,12501
0,0,GameData\dlc\parts_dlc458_gp003_2.aba,3019,1937303E,12901
0,0,GameData\dlc\parts_dlc458_gp003_2.ct,328,BDD5A0BE,12901
0,0,GameData\dlc\parts_dlc462_gp003_2.aba,1610635,7C55870E,13002
0,0,GameData\dlc\parts_dlc462_gp003_2.ct,639,3DAFA05A,13002
0,0,GameData\dlc\parts_dlc466_gp003_2.aba,7872027,70290C43,12502
0,0,GameData\dlc\parts_dlc466_gp003_2.ct,1172,CD9E71E3,12502
0,0,GameData\dlc\parts_dlc469_gp003_2.aba,4059,8EB65B67,12401
0,0,GameData\dlc\parts_dlc469_gp003_2.ct,331,F2CAE52F,12401
0,0,GameData\dlc\parts_dlc470_gp003_2.aba,2683,3A2C73F1,13001
0,0,GameData\dlc\parts_dlc470_gp003_2.ct,331,45711F4C,13001
0,0,GameData\dlc\parts_dlc473_gp003_2.aba,6765376,B0D2BF46,12802
0,0,GameData\dlc\parts_dlc473_gp003_2.ct,1211,0EAC61AB,12802
0,0,GameData\dlc\parts_dlc474_gp003_2.aba,8311201,531505D4,13001
0,0,GameData\dlc\parts_dlc474_gp003_2.ct,2451,F497C015,13001
0,0,GameData\dlc\parts_dlc475_gp003_2.aba,2603,B95F805F,13001
0,0,GameData\dlc\parts_dlc475_gp003_2.ct,331,D61923A8,13001
0,0,GameData\dlc\parts_dlc476_gp003_2.aba,3518278,BA44C917,13001
0,0,GameData\dlc\parts_dlc476_gp003_2.ct,732,777BF630,13001
0,0,GameData\dlc\parts_dlc477_gp003_2.aba,7843302,628D2A7A,12600
0,0,GameData\dlc\parts_dlc477_gp003_2.ct,1630,B2B560AB,12600
0,0,GameData\dlc\parts_dlc478_gp003_2.aba,19808052,329A6775,12801
0,0,GameData\dlc\parts_dlc478_gp003_2.ct,1873,6A306490,12801
0,0,GameData\dlc\parts_dlc479_gp003_2.aba,10235471,C4E2BECE,13001
0,0,GameData\dlc\parts_dlc479_gp003_2.ct,2418,381EB741,13001
0,0,GameData\dlc\parts_dlc480_gp003_2.aba,2779,FF099493,12500
0,0,GameData\dlc\parts_dlc480_gp003_2.ct,328,8E2D3413,12500
0,0,GameData\dlc\parts_dlc481_gp003_2.aba,1726277,408F1616,12904
0,0,GameData\dlc\parts_dlc481_gp003_2.ct,1083,E2614384,12904
0,0,GameData\dlc\parts_dlc483_gp003_2.aba,168992,134A9F32,12600
0,0,GameData\dlc\parts_dlc483_gp003_2.ct,618,277490F0,12600
0,0,GameData\dlc\parts_dlc486_gp003_2.aba,3419,C1E57CEB,13001
0,0,GameData\dlc\parts_dlc486_gp003_2.ct,328,705F4559,13001
0,0,GameData\dlc\parts_dlc488_gp003_2.aba,10699,5A7A23A9,12801
0,0,GameData\dlc\parts_dlc488_gp003_2.ct,378,B4E625BC,12801
0,0,GameData\dlc\parts_dlc490_gp003_2.aba,2353374,DB43582D,13002
0,0,GameData\dlc\parts_dlc490_gp003_2.ct,936,BE30DD63,13002
0,0,GameData\dlc\parts_dlc492_gp003_2.aba,3083,D1021D5B,13001
0,0,GameData\dlc\parts_dlc492_gp003_2.ct,331,A166403B,13001
0,0,GameData\dlc\parts_dlc493_gp003_2.aba,4719790,6634D309,12802
0,0,GameData\dlc\parts_dlc493_gp003_2.ct,723,BF1E2D12,12802
0,0,GameData\dlc\parts_dlc494_gp003_2.aba,3787,E9229F9A,13001
0,0,GameData\dlc\parts_dlc494_gp003_2.ct,328,94D92D49,13001
0,0,GameData\dlc\parts_dlc497_gp003_2.aba,2795,0135C1BB,13001
0,0,GameData\dlc\parts_dlc497_gp003_2.ct,331,7255AA62,13001
0,0,GameData\dlc\parts_dlc499_gp003_2.aba,11723,2A3A6B8E,12900
0,0,GameData\dlc\parts_dlc499_gp003_2.ct,515,09B1EA6C,12900
0,0,GameData\dlc\parts_dlc501_gp003_2.aba,3451,970C4F44,13001
0,0,GameData\dlc\parts_dlc501_gp003_2.ct,331,2EF83991,13001
0,0,GameData\dlc\parts_dlc505_gp003_2.aba,3483,4516DB25,13002
0,0,GameData\dlc\parts_dlc505_gp003_2.ct,328,948E1814,13002
0,0,GameData\dlc\parts_dlc506_gp003_2.aba,2098622,7812CE13,12904
0,0,GameData\dlc\parts_dlc506_gp003_2.ct,710,33040C9D,12904
0,0,GameData\dlc\parts_dlc508_gp003_2.aba,2731,7A967DE7,13005
0,0,GameData\dlc\parts_dlc508_gp003_2.ct,315,8F9D46E4,13005
0,0,GameData\dlc\parts_dlc509_gp003_2.aba,2651,123B93B7,13001
0,0,GameData\dlc\parts_dlc509_gp003_2.ct,328,319DBB6A,13001
0,0,GameData\dlc\parts_dlc510_gp003_2.aba,27746651,E7D24F9D,12904
0,0,GameData\dlc\parts_dlc510_gp003_2.ct,959,8B04FAA2,12904
0,0,GameData\dlc\parts_dlc511_gp003_2.aba,2986368,F44F0EB4,13002
0,0,GameData\dlc\parts_dlc511_gp003_2.ct,728,1F2B61E1,13002
0,0,GameData\dlc\parts_dlc513_gp003_2.aba,2507,F2B73893,13001
0,0,GameData\dlc\parts_dlc513_gp003_2.ct,331,5C6A9A76,13001
0,0,GameData\dlc\parts_dlc520_gp003_2.aba,4555279,8659FD80,13003
0,0,GameData\dlc\parts_dlc520_gp003_2.ct,902,18D8B134,13003
0,0,GameData\dlc\parts_dlc525_gp003_2.aba,3004220,74068500,13004
0,0,GameData\dlc\parts_dlc525_gp003_2.ct,1013,295ED378,13004
0,0,GameData\dlc\parts_dlcfacetex001_2.aba,33581,8FB5B4CB,11200
0,0,GameData\dlc\parts_dlcfacetex001_2.ct,569,D7CCB50C,11200
0,0,GameData\dlc\parts_feswinter2022_2.aba,3309,2740AD64,13001
0,0,GameData\dlc\parts_feswinter2022_2.ct,340,B5CD6C06,13001
0,0,GameData\dlc\parts_gp001fb_2.aba,3409,C0B3E493,11300
0,0,GameData\dlc\parts_gp001fb_2.ct,314,033174C2,11300
0,0,GameData\dlc\parts_gp01fbset_2.aba,1408286,F9A9BAA4,13005
0,0,GameData\dlc\parts_gp01fbset_2.ct,1025,76214857,13005
0,0,GameData\dlc\parts_gp02set_2.aba,4973,C911F021,13100
0,0,GameData\dlc\parts_gp02set_2.ct,299,0F8B0FA3,13100
0,0,GameData\dlc\parts_kiss25th_2.aba,2787,C8810E75,13001
0,0,GameData\dlc\parts_kiss25th_2.ct,317,0EFF8194,13001
0,0,GameData\dlc\parts_kissevent2018_mask_gp003_2.aba,2647,F26F648E,10800
0,0,GameData\dlc\parts_kissevent2018_mask_gp003_2.ct,376,C70C27ED,10800
0,0,GameData\dlc\parts_lcl_gp003_2.aba,14540116,54DD6876,13001
0,0,GameData\dlc\parts_lcl_gp003_2.ct,892,D100CB89,13001
0,0,GameData\dlc\parts_maidcafe4_gp003_2.aba,3713,738C4121,10700
0,0,GameData\dlc\parts_maidcafe4_gp003_2.ct,343,F330B4FD,10700
0,0,GameData\dlc\parts_niconama050_2.aba,2665,A1D480BA,13001
0,0,GameData\dlc\parts_niconama050_2.ct,330,ADE37AF6,13001
0,0,GameData\dlc\parts_nijiyomec_2.aba,2629,03E471FB,11300
0,0,GameData\dlc\parts_nijiyomec_2.ct,317,872C8E67,11300
0,0,GameData\dlc\parts_oldplus002hair1_2.aba,173756,7E870CA5,11100
0,0,GameData\dlc\parts_oldplus002hair1_2.ct,521,EB7AEB42,11100
0,0,GameData\dlc\parts_oldplus002hair2_2.aba,911942,002F4A19,12901
0,0,GameData\dlc\parts_oldplus002hair2_2.ct,524,2A404C65,12901
0,0,GameData\dlc\parts_oldplus004hair1_2.aba,1415990,22BA756C,12300
0,0,GameData\dlc\parts_oldplus004hair1_2.ct,592,6373B27E,12300
0,0,GameData\dlc\parts_oldplus004hair2_2.aba,435705,155F20B1,12300
0,0,GameData\dlc\parts_oldplus004hair2_2.ct,521,7B218915,12300
0,0,GameData\dlc\parts_oldplus005hair2_2.aba,2817,80F6B7E7,11300
0,0,GameData\dlc\parts_oldplus005hair2_2.ct,343,5CAC6762,11300
0,0,GameData\dlc\parts_oldplus007hair2_2.aba,2865,49B42344,11300
0,0,GameData\dlc\parts_oldplus007hair2_2.ct,340,F9DB295F,11300
0,0,GameData\dlc\parts_oldplus008hair1_gp003_2.aba,73450773,60639311,11200
0,0,GameData\dlc\parts_oldplus008hair1_gp003_2.ct,6230,1DBBC992,11200
0,0,GameData\dlc\parts_oldplus008hair2_gp003_2.aba,53097890,616EF0D3,11300
0,0,GameData\dlc\parts_oldplus008hair2_gp003_2.ct,4197,31623327,11300
0,0,GameData\dlc\parts_oldplus010hair1_gp003_2.aba,2346560,8EF4BEB8,12801
0,0,GameData\dlc\parts_oldplus010hair1_gp003_2.ct,633,8FDCA362,12801
0,0,GameData\dlc\parts_oldplus010hair2_gp003_2.aba,2797,08F638E5,11900
0,0,GameData\dlc\parts_oldplus010hair2_gp003_2.ct,361,4F0925B1,11900
0,0,GameData\dlc\parts_oldplus011cloth_gp003_2.aba,15577438,466E606D,13001
0,0,GameData\dlc\parts_oldplus011cloth_gp003_2.ct,1092,C9B8AB0A,13001
0,0,GameData\dlc\parts_ordermade001_gp003_2.aba,456705,263211DB,12800
0,0,GameData\dlc\parts_ordermade001_gp003_2.ct,666,8748E9FB,12800
0,0,GameData\dlc\parts_ordermade002_gp003_2.aba,43815,8BD0223D,13001
0,0,GameData\dlc\parts_ordermade002_gp003_2.ct,457,41667B26,13001
0,0,GameData\dlc\parts_personal_om001_gp003_2.aba,26713537,D6D7AF75,12401
0,0,GameData\dlc\parts_personal_om001_gp003_2.ct,978,AAA8FD3E,12401
0,0,GameData\dlc\parts_personal_om003_2.aba,241706,67777439,12502
0,0,GameData\dlc\parts_personal_om003_2.ct,520,2EB121F5,12502
0,0,GameData\dlc\parts_personal_om003_gp003_2.aba,2079594,D32A3C61,13002
0,0,GameData\dlc\parts_personal_om003_gp003_2.ct,669,AA44EF94,13002
0,0,GameData\dlc\parts_personal_om004_gp003_2.aba,2907,C40D77DE,13001
0,0,GameData\dlc\parts_personal_om004_gp003_2.ct,361,B7C796FA,13001
0,0,GameData\dlc\parts_personal_om005_gp003_2.aba,2763,18A7F4A7,13001
0,0,GameData\dlc\parts_personal_om005_gp003_2.ct,361,BF3156C6,13001
0,0,GameData\dlc\parts_personal_om006_gp003_2.aba,3003,53BFF306,12401
0,0,GameData\dlc\parts_personal_om006_gp003_2.ct,358,C263E306,12401
0,0,GameData\dlc\parts_personal_om007_2.aba,347576,D0218D78,10800
0,0,GameData\dlc\parts_personal_om007_2.ct,628,04C6D17C,10800
0,0,GameData\dlc\parts_personal_om008_gp003_2.aba,7308336,1BBBAA4A,13001
0,0,GameData\dlc\parts_personal_om008_gp003_2.ct,2017,B86A9D33,13001
0,0,GameData\dlc\parts_personal_om009_2.aba,47704142,A050EB94,11200
0,0,GameData\dlc\parts_personal_om009_2.ct,7855,F20EDFB3,11200
0,0,GameData\dlc\parts_personal_om010_gp003_2.aba,2667,61EF2786,13001
0,0,GameData\dlc\parts_personal_om010_gp003_2.ct,361,692940FA,13001
0,0,GameData\dlc\parts_personal_om011_gp003_2.aba,4963415,B25E86F8,11201
0,0,GameData\dlc\parts_personal_om011_gp003_2.ct,909,A221C8C1,11201
0,0,GameData\dlc\parts_personal_om011hair_gp003_2.aba,60672965,689A0C0D,11300
0,0,GameData\dlc\parts_personal_om011hair_gp003_2.ct,11632,5ACDDE69,11300
0,0,GameData\dlc\parts_personal_om012_gp003_2.aba,1413951,F001242C,13001
0,0,GameData\dlc\parts_personal_om012_gp003_2.ct,855,5EA7A422,13001
0,0,GameData\dlc\parts_personal_om012hair_gp003_2.aba,60070571,FE9306C6,11400
0,0,GameData\dlc\parts_personal_om012hair_gp003_2.ct,4315,2CDBF8A7,11400
0,0,GameData\dlc\parts_personal_om012underwear_gp003_2.aba,296591,0AD4B9C9,13001
0,0,GameData\dlc\parts_personal_om012underwear_gp003_2.ct,703,408C84FE,13001
0,0,GameData\dlc\parts_personal_om013cloth_gp003_2.aba,4932677,B70DF5C1,13002
0,0,GameData\dlc\parts_personal_om013cloth_gp003_2.ct,781,B3C64105,13002
0,0,GameData\dlc\parts_personal_om013underwear_gp003_2.aba,446375,A63D0B2F,13001
0,0,GameData\dlc\parts_personal_om013underwear_gp003_2.ct,701,D9BA7168,13001
0,0,GameData\dlc\parts_personal002_gp003_2.aba,3253,295EB165,12903
0,0,GameData\dlc\parts_personal002_gp003_2.ct,350,4D094682,12903
0,0,GameData\dlc\parts_rcm001_2.aba,2242581,2CE1C2F0,13002
0,0,GameData\dlc\parts_rcm001_2.ct,606,5666DD6C,13002
0,0,GameData\dlc\parts_rcm002_2.aba,227401,ED4E91FF,12801
0,0,GameData\dlc\parts_rcm002_2.ct,523,50349C55,12801
0,0,GameData\dlc\parts_rcm003_2.aba,2113544,A59EA048,12800
0,0,GameData\dlc\parts_rcm003_2.ct,514,ED09F67E,12800
0,0,GameData\dlc\parts_shop011_gp003_2.aba,5499077,E4A2BEF9,13001
0,0,GameData\dlc\parts_shop011_gp003_2.ct,1279,3EC04D50,13001
0,0,GameData\dlc\parts_shop014_gp003_2.aba,2749,8E91E2CF,10700
0,0,GameData\dlc\parts_shop014_gp003_2.ct,334,224D10CA,10700
0,0,GameData\dlc\parts_shop016_gp003_2.aba,4333,000689BA,13001
0,0,GameData\dlc\parts_shop016_gp003_2.ct,334,23382EAE,13001
0,0,GameData\dlc\parts_shop018_gp003_2.aba,4237,48E79B7A,10700
0,0,GameData\dlc\parts_shop018_gp003_2.ct,334,DE7BC485,10700
0,0,GameData\dlc\parts_shop019_gp003_2.aba,4125,5A4CB9F4,10700
0,0,GameData\dlc\parts_shop019_gp003_2.ct,337,722642C3,10700
0,0,GameData\dlc\parts_textureset001_2.aba,2621,6F538B60,13000
0,0,GameData\dlc\parts_textureset001_2.ct,334,DF567729,13000
0,0,GameData\dlc\parts_vp001_2.aba,140848,B373C2D2,11100
0,0,GameData\dlc\parts_vp001_2.ct,483,12CCFC7B,11100
0,0,GameData\dlc\parts_vp001_gp003_2.aba,28061,9A5D17DC,12904
0,0,GameData\dlc\parts_vp001_gp003_2.ct,524,A6D0636A,12904
0,0,GameData\dlc\parts_x001_gp003_2.aba,244313,BEFB1757,13001
0,0,GameData\dlc\parts_x001_gp003_2.ct,735,209C18B1,13001
0,0,GameData\dlc\parts_x001kai_gp003_2.aba,8845,D6FC173D,13000
0,0,GameData\dlc\parts_x001kai_gp003_2.ct,444,910DC12C,13000
0,0,GameData\dlc\parts_x001plus_gp003_2.aba,10175,F145BAF1,13002
0,0,GameData\dlc\parts_x001plus_gp003_2.ct,472,8065F075,13002
0,0,GameData\dlc\parts_yomeido_aiojit_2.aba,2719,F7B3BA40,13001
0,0,GameData\dlc\parts_yomeido_aiojit_2.ct,340,2F5310EC,13001
0,0,GameData\dlc\parts_yomeidogp2021aikawa_gp003_2.aba,2709,C503A5DE,13001
0,0,GameData\dlc\parts_yomeidogp2021aikawa_gp003_2.ct,376,C8ACC750,13001
0,0,GameData\dlc\parts_yomeidogp2021misonoo_gp003_2.aba,2711,72608983,13001
0,0,GameData\dlc\parts_yomeidogp2021misonoo_gp003_2.ct,382,DCC02F6E,13001
0,0,GameData\dlc\parts_yomeidogp2021nao_gp003_2.aba,2703,39BC4F9D,13001
0,0,GameData\dlc\parts_yomeidogp2021nao_gp003_2.ct,364,62B98B40,13001
0,0,GameData\dlc\parts_yomeidogp2021tshirt_gp003_2.aba,2709,F3A25CE1,13001
0,0,GameData\dlc\parts_yomeidogp2021tshirt_gp003_2.ct,379,9F27E789,13001
0,0,GameData\dlc\parts_yomeidokanteidan_accset_gp003_2.aba,67983,BF234611,12904
0,0,GameData\dlc\parts_yomeidokanteidan_accset_gp003_2.ct,584,8375BAF0,12904
0,0,GameData\dlc\parts_yomeidokanteidan_realguneset_gp003_2.aba,3131,D83B9A1A,13001
0,0,GameData\dlc\parts_yomeidokanteidan_realguneset_gp003_2.ct,404,D295EC38,13001
0,0,GameData\dlc\parts_yomeidokanteidan3_elega_gp003_2.aba,21909767,0B583CA6,12900
0,0,GameData\dlc\parts_yomeidokanteidan3_elega_gp003_2.ct,1434,87C1284F,12900
0,0,GameData\dlc\parts_yomeidosp2022_sendentaisi_2.aba,2709,A778C1AA,13001
0,0,GameData\dlc\parts_yomeidosp2022_sendentaisi_2.ct,376,EA8C2274,13001
0,0,GameData\script.arc,886142,68C84DEA,13100
0,0,MonoBleedingEdge\EmbedRuntime\mono-2.0-bdwgc.dll,7895744,19AF8B01,13100
0,0,MonoBleedingEdge\EmbedRuntime\MonoPosixHelper.dll,609472,68524C42,13100
0,0,MonoBleedingEdge\etc\mono\2.0\Browsers\Compat.browser,1605,2E178A0B,13100
0,0,MonoBleedingEdge\etc\mono\2.0\DefaultWsdlHelpGenerator.aspx,60575,95F9D0B4,13100
0,0,MonoBleedingEdge\etc\mono\2.0\machine.config,29066,42543B8B,13100
0,0,MonoBleedingEdge\etc\mono\2.0\settings.map,2622,AD5340F9,13100
0,0,MonoBleedingEdge\etc\mono\2.0\web.config,11635,1A75EBAD,13100
0,0,MonoBleedingEdge\etc\mono\4.0\Browsers\Compat.browser,1605,2E178A0B,13100
0,0,MonoBleedingEdge\etc\mono\4.0\DefaultWsdlHelpGenerator.aspx,60575,95F9D0B4,13100
0,0,MonoBleedingEdge\etc\mono\4.0\machine.config,33598,86F603C4,13100
0,0,MonoBleedingEdge\etc\mono\4.0\settings.map,2622,DC24A240,13100
0,0,MonoBleedingEdge\etc\mono\4.0\web.config,18802,36D8BA3E,13100
0,0,MonoBleedingEdge\etc\mono\4.5\Browsers\Compat.browser,1605,2E178A0B,13100
0,0,MonoBleedingEdge\etc\mono\4.5\DefaultWsdlHelpGenerator.aspx,60575,95F9D0B4,13100
0,0,MonoBleedingEdge\etc\mono\4.5\machine.config,34056,C446A9EB,13100
0,0,MonoBleedingEdge\etc\mono\4.5\settings.map,2622,DC24A240,13100
0,0,MonoBleedingEdge\etc\mono\4.5\web.config,18811,4F48BC13,13100
0,0,MonoBleedingEdge\etc\mono\mconfig\config.xml,25817,80B2033A,13100
0,0,MonoBleedingEdge\etc\mono\browscap.ini,311984,CE6C0AB3,13100
0,0,MonoBleedingEdge\etc\mono\config,3815,88FA6D93,13100
0,0,CR EditSystem.exe,666624,2F9CBFC9,13101
0,0,CR Launcher.exe,7536128,42B7AB1B,300203
0,0,LICENSE,60046,3843F1C6,10001
0,0,UnityCrashHandler64.exe,1112768,1C830F9F,13100
0,0,UnityPlayer.dll,30996672,9C9085E6,13100
share,Preset_Man\box ex\001_tyarao_a.preset,Preset_Man\box ex\001_tyarao_a.preset,45311,4EF4FE21,11500
