0,0,GameData\csv.arc,3180767,1278C15B,1491
0,0,GameData\script.arc,14243235,52AB3220,1491
0,0,GameData\paths.dat,3910,BCCD1870,1491
0,0,GameData\prioritymaterial.arc,168257,82F196C6,1491
0,0,GameData\csv_cos013.arc,544,68B91002,100
0,0,GameData\material_dlc142.arc,22648,6AC77074,100
0,0,GameData\material_dlc143.arc,48491,8EA9079D,100
0,0,GameData\material_dlc144.arc,26813,BB7EB284,100
0,0,GameData\material_dlc145.arc,20706,774A1796,100
0,0,GameData\menu_dlc142.arc,20117,EB715084,100
0,0,GameData\menu_dlc143.arc,25483,31AE137F,100
0,0,GameData\menu_dlc144.arc,24302,9447FC33,100
0,0,GameData\menu_dlc145.arc,10676,8B092551,100
0,0,GameData\model_dlc142.arc,898248,DD858BC0,100
0,0,GameData\model_dlc143.arc,1456549,4C29E432,100
0,0,GameData\model_dlc144.arc,1883758,4F69C6F8,100
0,0,GameData\model_dlc145.arc,618816,8F9998FB,100
0,0,GameData\script_cos013.arc,233002,88B3AE8F,100
0,0,GameData\system_cos013.arc,52455,73178AEF,100
0,0,GameData\texture_dlc142.arc,12327192,A34C457C,100
0,0,GameData\texture_dlc143.arc,58237376,4BA33CC3,100
0,0,GameData\texture_dlc144.arc,33663928,46420AA9,100
0,0,GameData\texture_dlc145.arc,52906824,7FEF0F93,100
0,0,GameData\voice_cos013.arc,200450951,E9A66BF6,100
