0,0,CM3D2OHVRx64.exe,20649984,0A92CEB6,1350
0,0,CM3D2OHVRx64_DirectToRift.exe,465408,ED45B3A7,1350
0,0,CM3D2OHVRx64_Data\globalgamemanagers,1345164,A5F4F117,1350
0,0,CM3D2OHVRx64_Data\globalgamemanagers.assets,115720,C24CE1E9,1350
0,0,CM3D2OHVRx64_Data\level0,182420,60AFED18,1350
0,0,CM3D2OHVRx64_Data\level1,200396,35FE073D,1350
0,0,CM3D2OHVRx64_Data\level10,541444,4D90E0B9,1350
0,0,CM3D2OHVRx64_Data\level11,4640,7039A3BE,1350
0,0,CM3D2OHVRx64_Data\level12,185028,43AAF69D,1350
0,0,CM3D2OHVRx64_Data\level13,4640,21AEB6D0,1350
0,0,CM3D2OHVRx64_Data\level14,203148,0E3FE28C,1350
0,0,CM3D2OHVRx64_Data\level15,273036,FAD359DD,1350
0,0,CM3D2OHVRx64_Data\level16,444628,D7A00F19,1350
0,0,CM3D2OHVRx64_Data\level17,207964,D4014637,1350
0,0,CM3D2OHVRx64_Data\level18,531020,7815F803,1350
0,0,CM3D2OHVRx64_Data\level19,258724,A4A29753,1350
0,0,CM3D2OHVRx64_Data\level2,280820,E2B8C552,1350
0,0,CM3D2OHVRx64_Data\level20,653484,FFE67972,1350
0,0,CM3D2OHVRx64_Data\level21,1237116,F5CE0987,1350
0,0,CM3D2OHVRx64_Data\level22,512644,06C79156,1350
0,0,CM3D2OHVRx64_Data\level23,605660,4183DD2D,1350
0,0,CM3D2OHVRx64_Data\level3,590460,61581A92,1350
0,0,CM3D2OHVRx64_Data\level4,631012,09F0739C,1350
0,0,CM3D2OHVRx64_Data\level5,183468,4476DDF9,1350
0,0,CM3D2OHVRx64_Data\level6,227540,778AEE62,1350
0,0,CM3D2OHVRx64_Data\level7,182972,D32D3D1D,1350
0,0,CM3D2OHVRx64_Data\level8,210404,12E00C88,1350
0,0,CM3D2OHVRx64_Data\level9,183476,72B7F1BF,1350
0,0,CM3D2OHVRx64_Data\resources.assets,243609508,46D3099F,1350
0,0,CM3D2OHVRx64_Data\resources.assets.resS,365840924,2BB59F09,1350
0,0,CM3D2OHVRx64_Data\sharedassets0.assets,16482968,20AFD3F9,1350
0,0,CM3D2OHVRx64_Data\sharedassets0.assets.resS,121728032,3D69BF0B,1350
0,0,CM3D2OHVRx64_Data\sharedassets1.assets,5908,B67245EC,1350
0,0,CM3D2OHVRx64_Data\sharedassets10.assets,6232,768E546C,1350
0,0,CM3D2OHVRx64_Data\sharedassets11.assets,4132,92BF9E27,1350
0,0,CM3D2OHVRx64_Data\sharedassets12.assets,5812,2E208C98,1350
0,0,CM3D2OHVRx64_Data\sharedassets13.assets,4132,C05C6C59,1350
0,0,CM3D2OHVRx64_Data\sharedassets14.assets,6532,2479D105,1350
0,0,CM3D2OHVRx64_Data\sharedassets15.assets,5776,972AC701,1350
0,0,CM3D2OHVRx64_Data\sharedassets16.assets,215272,6B0ABF16,1350
0,0,CM3D2OHVRx64_Data\sharedassets16.assets.resS,51968,C41BC4E7,1350
0,0,CM3D2OHVRx64_Data\sharedassets17.assets,5848,830C533E,1350
0,0,CM3D2OHVRx64_Data\sharedassets18.assets,74152,BDF14107,1350
0,0,CM3D2OHVRx64_Data\sharedassets19.assets,5980,484F93C3,1350
0,0,CM3D2OHVRx64_Data\sharedassets2.assets,6124,7195BD5B,1350
0,0,CM3D2OHVRx64_Data\sharedassets20.assets,8116,B949EC71,1350
0,0,CM3D2OHVRx64_Data\sharedassets21.assets,6460,D1ECB5C9,1350
0,0,CM3D2OHVRx64_Data\sharedassets22.assets,8008,E39491DB,1350
0,0,CM3D2OHVRx64_Data\sharedassets23.assets,19168,3AC41E97,1350
0,0,CM3D2OHVRx64_Data\sharedassets3.assets,1310208,6DE26B0A,1350
0,0,CM3D2OHVRx64_Data\sharedassets4.assets,6448,11641280,1350
0,0,CM3D2OHVRx64_Data\sharedassets5.assets,5776,8A495580,1350
0,0,CM3D2OHVRx64_Data\sharedassets6.assets,6256,CED990AE,1350
0,0,CM3D2OHVRx64_Data\sharedassets7.assets,5752,FDB695F6,1350
0,0,CM3D2OHVRx64_Data\sharedassets8.assets,5776,135C7975,1350
0,0,CM3D2OHVRx64_Data\sharedassets9.assets,5776,EE68C28D,1350
0,0,CM3D2OHVRx64_Data\Managed\Accessibility.dll,10752,594EE943,1350
0,0,CM3D2OHVRx64_Data\Managed\Assembly-CSharp-firstpass.dll,585728,6ADBA0ED,1350
0,0,CM3D2OHVRx64_Data\Managed\Assembly-CSharp.dll,2483712,EBF37C91,1350
0,0,CM3D2OHVRx64_Data\Managed\Assembly-UnityScript-firstpass.dll,65024,7C6B240C,1350
0,0,CM3D2OHVRx64_Data\Managed\Boo.Lang.dll,126976,9ADD3789,1350
0,0,CM3D2OHVRx64_Data\Managed\JsonFx.Json.dll,70144,A0F0CFCB,1350
0,0,CM3D2OHVRx64_Data\Managed\LeapCSharp.NET3.5.dll,96080,CF6AC469,1350
0,0,CM3D2OHVRx64_Data\Managed\Mono.Data.Tds.dll,96256,DDA7BAB7,1350
0,0,CM3D2OHVRx64_Data\Managed\Mono.Posix.dll,184320,C7063ABB,1350
0,0,CM3D2OHVRx64_Data\Managed\Mono.Security.dll,294912,8C7E67B3,1350
0,0,CM3D2OHVRx64_Data\Managed\Mono.WebBrowser.dll,172032,541986C3,1350
0,0,CM3D2OHVRx64_Data\Managed\mscorlib.dll,2589696,AFA570E5,1350
0,0,CM3D2OHVRx64_Data\Managed\System.Configuration.dll,124928,D5F2A804,1350
0,0,CM3D2OHVRx64_Data\Managed\System.Core.dll,297472,BCE2218F,1350
0,0,CM3D2OHVRx64_Data\Managed\System.Data.dll,856064,F1D38D2E,1350
0,0,CM3D2OHVRx64_Data\Managed\System.dll,1679360,288F722A,1350
0,0,CM3D2OHVRx64_Data\Managed\System.Drawing.Design.dll,29696,E7B53FF9,1350
0,0,CM3D2OHVRx64_Data\Managed\System.Drawing.dll,448512,C4B2E872,1350
0,0,CM3D2OHVRx64_Data\Managed\System.EnterpriseServices.dll,46592,75A19B93,1350
0,0,CM3D2OHVRx64_Data\Managed\System.Security.dll,135168,365C74A7,1350
0,0,CM3D2OHVRx64_Data\Managed\System.Transactions.dll,27648,203D65C1,1350
0,0,CM3D2OHVRx64_Data\Managed\System.Windows.Forms.dll,3053568,56394001,1350
0,0,CM3D2OHVRx64_Data\Managed\System.Xml.dll,1270272,9B79033F,1350
0,0,CM3D2OHVRx64_Data\Managed\System.Xml.Linq.dll,106496,B3ACF139,1350
0,0,CM3D2OHVRx64_Data\Managed\UnityEngine.dll,972800,B3EB425F,1350
0,0,CM3D2OHVRx64_Data\Managed\UnityEngine.dll.mdb,353934,02424F6C,1350
0,0,CM3D2OHVRx64_Data\Managed\UnityEngine.Networking.dll,230912,EBC88F56,1350
0,0,CM3D2OHVRx64_Data\Managed\UnityEngine.UI.dll,219136,8E43BC11,1350
0,0,CM3D2OHVRx64_Data\Managed\UnityScript.Lang.dll,14336,13EE284D,1350
0,0,CM3D2OHVRx64_Data\Mono\mono.dll,2612696,2A5A1006,1350
0,0,CM3D2OHVRx64_Data\Mono\etc\mono\browscap.ini,311984,CE6C0AB3,1350
0,0,CM3D2OHVRx64_Data\Mono\etc\mono\config,1691,A635914A,1350
0,0,CM3D2OHVRx64_Data\Mono\etc\mono\1.0\DefaultWsdlHelpGenerator.aspx,58196,10E814BF,1350
0,0,CM3D2OHVRx64_Data\Mono\etc\mono\1.0\machine.config,17258,EDE1AC59,1350
0,0,CM3D2OHVRx64_Data\Mono\etc\mono\2.0\DefaultWsdlHelpGenerator.aspx,60453,F3869A34,1350
0,0,CM3D2OHVRx64_Data\Mono\etc\mono\2.0\machine.config,27625,73C91C24,1350
0,0,CM3D2OHVRx64_Data\Mono\etc\mono\2.0\settings.map,2618,A1A3C29F,1350
0,0,CM3D2OHVRx64_Data\Mono\etc\mono\2.0\web.config,11686,534A9960,1350
0,0,CM3D2OHVRx64_Data\Mono\etc\mono\2.0\Browsers\Compat.browser,1605,2E178A0B,1350
0,0,CM3D2OHVRx64_Data\Mono\etc\mono\mconfig\config.xml,25817,80B2033A,1350
0,0,CM3D2OHVRx64_Data\Plugins\cm3d2_hole_x64.dll,339968,09BB14AC,1350
0,0,CM3D2OHVRx64_Data\Plugins\cm3d2_x64.dll,1516032,D01D1619,1350
0,0,CM3D2OHVRx64_Data\Plugins\device_hook.dll,114688,21D72F31,1350
0,0,CM3D2OHVRx64_Data\Plugins\LeapC.dll,2516992,FBDD3767,1350
0,0,CM3D2OHVRx64_Data\Plugins\openvr_api.dll,318272,44432E0F,1350
0,0,CM3D2OHVRx64_Data\Plugins\OVRGamepad.dll,12800,2C526135,1350
0,0,CM3D2OHVRx64_Data\Plugins\OVRPlugin.dll,399272,D560055D,1350
0,0,CM3D2OHVRx64_Data\Resources\unity default resources,1544700,7137E221,1350
0,0,CM3D2OHVRx64_Data\Resources\unity_builtin_extra,128416,EB7E12DB,1350
0,0,GameData\material_vr.arc,6184,D2EAFD73,130
0,0,GameData\menu_vr.arc,3407,D3B43CF5,130
0,0,GameData\model_vr.arc,866449,B84B7620,130
0,0,GameData\paths.dat,1775,A7C8D802,1310
0,0,GameData\texture_vr.arc,1111256,DF651968,130
