0,0,CM3D2.exe,7793664,D44E2FA5,1007
0,0,CM3D2x86.exe,16834560,3CE36063,146
0,0,LICENSE,19099,328E95A1,1460
0,0,CM3D2x86_Data\globalgamemanagers,1350388,B34C186C,1460
0,0,CM3D2x86_Data\globalgamemanagers.assets,121420,51828BD7,1460
0,0,CM3D2x86_Data\level0,189212,923F411A,1460
0,0,CM3D2x86_Data\level1,207188,92473C6E,1460
0,0,CM3D2x86_Data\level10,201868,DD36383B,1460
0,0,CM3D2x86_Data\level11,189764,24721CF3,1460
0,0,CM3D2x86_Data\level12,217212,85F1DA39,1460
0,0,CM3D2x86_Data\level13,190796,D51DE512,1460
0,0,CM3D2x86_Data\level14,571652,B08BD2A8,1460
0,0,CM3D2x86_Data\level15,4640,58B32C91,1460
0,0,CM3D2x86_Data\level16,191836,C1818C00,1460
0,0,CM3D2x86_Data\level17,4640,19E4BEE6,1460
0,0,CM3D2x86_Data\level18,209956,FBF2C503,1460
0,0,CM3D2x86_Data\level19,304524,2A2A0651,1460
0,0,CM3D2x86_Data\level2,207076,E03B60DE,1460
0,0,CM3D2x86_Data\level20,451420,A295AF38,1460
0,0,CM3D2x86_Data\level21,215324,AEDBD697,1460
0,0,CM3D2x86_Data\level22,537828,E1AA4266,1460
0,0,CM3D2x86_Data\level23,273324,FEC0C22D,1460
0,0,CM3D2x86_Data\level24,310604,34801901,1460
0,0,CM3D2x86_Data\level25,213540,264A3774,1460
0,0,CM3D2x86_Data\level26,660276,D138D1BF,1460
0,0,CM3D2x86_Data\level27,1291556,2F5706DD,1460
0,0,CM3D2x86_Data\level28,519484,0AFB66F2,1460
0,0,CM3D2x86_Data\level29,213596,E4EE61A6,1460
0,0,CM3D2x86_Data\level3,428716,C8C352A6,1460
0,0,CM3D2x86_Data\level30,612468,57B6D11E,1460
0,0,CM3D2x86_Data\level31,843676,3A957DF7,1460
0,0,CM3D2x86_Data\level32,704620,F0581407,1460
0,0,CM3D2x86_Data\level33,205500,BC59184B,1460
0,0,CM3D2x86_Data\level34,551780,BFE4AB3D,1460
0,0,CM3D2x86_Data\level35,826836,01D3DCB1,1460
0,0,CM3D2x86_Data\level4,597252,62AA763B,1460
0,0,CM3D2x86_Data\level5,620132,6C559D1B,1460
0,0,CM3D2x86_Data\level6,190260,25310A78,1460
0,0,CM3D2x86_Data\level7,363732,9005B1A9,1460
0,0,CM3D2x86_Data\level8,238708,6F84592A,1460
0,0,CM3D2x86_Data\level9,234332,ACD8B3FE,1460
0,0,CM3D2x86_Data\resources.assets,250504536,099D30D5,1460
0,0,CM3D2x86_Data\resources.assets.resS,410999820,A2072270,1460
0,0,CM3D2x86_Data\sharedassets0.assets,16483040,81F45659,1460
0,0,CM3D2x86_Data\sharedassets0.assets.resS,121728032,217CBB40,1460
0,0,CM3D2x86_Data\sharedassets1.assets,5920,83386649,1460
0,0,CM3D2x86_Data\sharedassets10.assets,5764,59DBD1D5,1460
0,0,CM3D2x86_Data\sharedassets11.assets,5764,1C3645EC,1460
0,0,CM3D2x86_Data\sharedassets12.assets,5788,4B622EF6,1460
0,0,CM3D2x86_Data\sharedassets13.assets,5812,AC26DCE8,1460
0,0,CM3D2x86_Data\sharedassets14.assets,6340,EB8D250C,1460
0,0,CM3D2x86_Data\sharedassets15.assets,4132,A0CE92B7,1460
0,0,CM3D2x86_Data\sharedassets16.assets,5824,619103A4,1460
0,0,CM3D2x86_Data\sharedassets17.assets,4132,F4BAC68A,1460
0,0,CM3D2x86_Data\sharedassets18.assets,6544,1F220378,1460
0,0,CM3D2x86_Data\sharedassets19.assets,5788,63D7B21C,1460
0,0,CM3D2x86_Data\sharedassets2.assets,5968,AA8DA880,1460
0,0,CM3D2x86_Data\sharedassets20.assets,215280,EFBBF70F,1460
0,0,CM3D2x86_Data\sharedassets20.assets.resS,51968,C41BC4E7,1460
0,0,CM3D2x86_Data\sharedassets21.assets,5860,AC36A1B1,1460
0,0,CM3D2x86_Data\sharedassets22.assets,74160,AED8F3DC,1460
0,0,CM3D2x86_Data\sharedassets23.assets,6004,271E4350,1460
0,0,CM3D2x86_Data\sharedassets24.assets,5884,55FB9C6E,1460
0,0,CM3D2x86_Data\sharedassets25.assets,5872,9C8B6C41,1460
0,0,CM3D2x86_Data\sharedassets26.assets,8128,EF26A969,1460
0,0,CM3D2x86_Data\sharedassets27.assets,6580,7E40EEFF,1460
0,0,CM3D2x86_Data\sharedassets28.assets,39511712,E1FE492F,1460
0,0,CM3D2x86_Data\sharedassets29.assets,5872,910E2672,1460
0,0,CM3D2x86_Data\sharedassets3.assets,6340,8337DCAC,1460
0,0,CM3D2x86_Data\sharedassets30.assets,67700952,01A42155,1460
0,0,CM3D2x86_Data\sharedassets31.assets,67690184,1B6BB6C6,1460
0,0,CM3D2x86_Data\sharedassets32.assets,47233820,3591A52A,1460
0,0,CM3D2x86_Data\sharedassets32.resource,3813344,7B95E5D4,1460
0,0,CM3D2x86_Data\sharedassets33.assets,5788,2629DFA8,1460
0,0,CM3D2x86_Data\sharedassets34.assets,80174972,EE95A981,1460
0,0,CM3D2x86_Data\sharedassets35.assets,84139364,80ABA051,1460
0,0,CM3D2x86_Data\sharedassets4.assets,1310240,AA803DCC,1460
0,0,CM3D2x86_Data\sharedassets5.assets,6448,A6E5F41A,1460
0,0,CM3D2x86_Data\sharedassets6.assets,5788,7465AA6F,1460
0,0,CM3D2x86_Data\sharedassets7.assets,6064,D96D4F97,1460
0,0,CM3D2x86_Data\sharedassets8.assets,5944,94CA79BC,1460
0,0,CM3D2x86_Data\sharedassets9.assets,6268,2A515465,1460
0,0,CM3D2x86_Data\Managed\Accessibility.dll,10752,594EE943,1460
0,0,CM3D2x86_Data\Managed\Assembly-CSharp-firstpass.dll,631808,182EF08F,1461
0,0,CM3D2x86_Data\Managed\Assembly-CSharp.dll,2249728,6454C3F7,1461
0,0,CM3D2x86_Data\Managed\Assembly-UnityScript-firstpass.dll,65024,F07C6F51,1461
0,0,CM3D2x86_Data\Managed\Boo.Lang.dll,126976,9ADD3789,1460
0,0,CM3D2x86_Data\Managed\Ionic.Zlib.dll,102400,7C9E7DD2,1460
0,0,CM3D2x86_Data\Managed\JsonFx.Json.dll,70144,A0F0CFCB,1460
0,0,CM3D2x86_Data\Managed\Mono.Data.Tds.dll,96256,DDA7BAB7,1460
0,0,CM3D2x86_Data\Managed\Mono.Posix.dll,184320,C7063ABB,1460
0,0,CM3D2x86_Data\Managed\Mono.Security.dll,294912,8C7E67B3,1460
0,0,CM3D2x86_Data\Managed\Mono.WebBrowser.dll,172032,541986C3,1460
0,0,CM3D2x86_Data\Managed\mscorlib.dll,2589696,AFA570E5,1460
0,0,CM3D2x86_Data\Managed\System.Configuration.dll,124928,D5F2A804,1460
0,0,CM3D2x86_Data\Managed\System.Core.dll,297472,BCE2218F,1460
0,0,CM3D2x86_Data\Managed\System.Data.dll,856064,F1D38D2E,1460
0,0,CM3D2x86_Data\Managed\System.dll,1679360,288F722A,1460
0,0,CM3D2x86_Data\Managed\System.Drawing.Design.dll,29696,E7B53FF9,1460
0,0,CM3D2x86_Data\Managed\System.Drawing.dll,448512,C4B2E872,1460
0,0,CM3D2x86_Data\Managed\System.EnterpriseServices.dll,46592,75A19B93,1460
0,0,CM3D2x86_Data\Managed\System.Security.dll,135168,365C74A7,1460
0,0,CM3D2x86_Data\Managed\System.Transactions.dll,27648,203D65C1,1460
0,0,CM3D2x86_Data\Managed\System.Windows.Forms.dll,3053568,56394001,1460
0,0,CM3D2x86_Data\Managed\System.Xml.dll,1270272,9B79033F,1460
0,0,CM3D2x86_Data\Managed\System.Xml.Linq.dll,106496,B3ACF139,1460
0,0,CM3D2x86_Data\Managed\UnityEngine.dll,972800,C8810FF6,1460
0,0,CM3D2x86_Data\Managed\UnityEngine.dll.mdb,353934,00DADFA5,1460
0,0,CM3D2x86_Data\Managed\UnityEngine.Networking.dll,230912,EBC88F56,1460
0,0,CM3D2x86_Data\Managed\UnityEngine.UI.dll,219136,8E43BC11,1460
0,0,CM3D2x86_Data\Managed\UnityScript.Lang.dll,14336,13EE284D,1460
0,0,CM3D2x86_Data\Managed\zxing.unity.dll,430592,9FD1F198,1460
0,0,CM3D2x86_Data\Mono\mono.dll,2114008,1F0AD6CA,1460
0,0,CM3D2x86_Data\Mono\etc\mono\browscap.ini,311984,CE6C0AB3,1460
0,0,CM3D2x86_Data\Mono\etc\mono\config,1691,A635914A,1460
0,0,CM3D2x86_Data\Mono\etc\mono\1.0\DefaultWsdlHelpGenerator.aspx,58196,10E814BF,1460
0,0,CM3D2x86_Data\Mono\etc\mono\1.0\machine.config,17258,EDE1AC59,1460
0,0,CM3D2x86_Data\Mono\etc\mono\2.0\DefaultWsdlHelpGenerator.aspx,60453,F3869A34,1460
0,0,CM3D2x86_Data\Mono\etc\mono\2.0\machine.config,27625,73C91C24,1460
0,0,CM3D2x86_Data\Mono\etc\mono\2.0\settings.map,2618,A1A3C29F,1460
0,0,CM3D2x86_Data\Mono\etc\mono\2.0\web.config,11686,534A9960,1460
0,0,CM3D2x86_Data\Mono\etc\mono\2.0\Browsers\Compat.browser,1605,2E178A0B,1460
0,0,CM3D2x86_Data\Mono\etc\mono\mconfig\config.xml,25817,80B2033A,1460
0,0,CM3D2x86_Data\Plugins\cm3d2_x86.dll,1330688,231FBE68,1460
0,0,CM3D2x86_Data\Plugins\device_hook.dll,371712,1686D487,1460
0,0,CM3D2x86_Data\Resources\unity default resources,1544700,7137E221,1460
0,0,CM3D2x86_Data\Resources\unity_builtin_extra,142196,65224570,1460
0,0,GameData\bg_pp001_2.arc,1237157,C9D912F7,1220
0,0,GameData\csv.arc,2914205,46B1892A,1460
0,0,GameData\csv_addpose001.arc,1235,D06FCA6D,1220
0,0,GameData\csv_pp001_2.arc,10034,29181748,1370
0,0,GameData\csv_urayome001_2.arc,1714,1D92B577,1401
0,0,GameData\csv_vp001_2.arc,2082,25E58CEB,1160
0,0,GameData\material2.arc,214082,9A3968AB,1460
0,0,GameData\material_denkigai2015s003_2.arc,7106,0C82D791,1150
0,0,GameData\material_denkigai2015wTowelR.arc,1602,618192B9,1360
0,0,GameData\material_dlc055_2.arc,5282,11A93109,1280
0,0,GameData\material_dlsite_2.arc,1762,C5A837EA,1150
0,0,GameData\material_shop001_2.arc,1762,D98CED1C,1150
0,0,GameData\material_shop002_2.arc,1762,956BB00E,1150
0,0,GameData\material_shop003_2.arc,1762,38CEBFF2,1150
0,0,GameData\material_shop005_2.arc,1714,3E621A32,1150
0,0,GameData\material_shop007_2.arc,2578,C8CE627C,1150
0,0,GameData\material_vp001_2.arc,11890,8CB043B0,1400
0,0,GameData\material_yomeido003_2.arc,1522,0689A7AC,1240
0,0,GameData\menu2.arc,230858,41CD9F15,1460
0,0,GameData\menu_denkigai2015s001_2.arc,6594,8B3E849F,1160
0,0,GameData\menu_denkigai2015s003_2.arc,4338,D294CE88,1150
0,0,GameData\menu_denkigai2015wTowelR.arc,1282,CECEE1FC,1360
0,0,GameData\menu_denkigai2016s_2.arc,1346,4A9440B1,1351
0,0,GameData\menu_denkigai2016w_2.arc,15154,C8D64D3B,1450
0,0,GameData\menu_dlcdenkigai2016w_2.arc,13522,45E7F667,1450
0,0,GameData\menu_dlc026_2.arc,3778,69453D54,1190
0,0,GameData\menu_dlc028_2.arc,3874,DE3F1C31,1200
0,0,GameData\menu_dlc041_2.arc,6786,97F738D3,1380
0,0,GameData\menu_dlc042_2.arc,1154,EE4016C0,1440
0,0,GameData\menu_dlc061_2.arc,3810,F99C1D4E,1290
0,0,GameData\menu_dlc065_2.arc,7602,D9387834,1380
0,0,GameData\menu_dlc074_2.arc,5618,24C559D7,1312
0,0,GameData\menu_dlc100_2.arc,1250,DFF94E9A,1400
0,0,GameData\menu_dlsite_2.arc,1954,B2268BA7,1150
0,0,GameData\menu_personal002_2.arc,1282,5687650C,1310
0,0,GameData\menu_shop001_2.arc,3314,35207C87,1150
0,0,GameData\menu_shop005_2.arc,1378,0C9AF725,1150
0,0,GameData\menu_vp001_2.arc,19138,7C7AFD9C,1400
0,0,GameData\menu_yomeido003_2.arc,1234,4D6F619D,1240
0,0,GameData\menu_yomeidogp_wedding_2.arc,3954,C251B12C,1320
0,0,GameData\model2.arc,12337467,EC8FFA97,1460
0,0,GameData\model_denkigai2015s003_2.arc,394665,41A48185,1150
0,0,GameData\model_denkigai2015wTowelR.arc,38258,FB570A24,1360
0,0,GameData\model_dlc005_2.arc,175424,F7DD7D82,1270
0,0,GameData\model_dlc046_2.arc,155690,83B34173,1220
0,0,GameData\model_dlc073_2.arc,267037,47D33A06,1320
0,0,GameData\model_dlc100_2.arc,691347,7C3D679D,1400
0,0,GameData\model_dlc109_2.arc,137998,8FCCF513,1460
0,0,GameData\model_dlsite_2.arc,197173,24366C43,1150
0,0,GameData\model_shop001_2.arc,115215,9C941FAF,1150
0,0,GameData\model_shop002_2.arc,251253,743C3D97,1150
0,0,GameData\model_shop003_2.arc,185433,A15EC70A,1150
0,0,GameData\model_shop005_2.arc,150103,FB5341FA,1150
0,0,GameData\model_shop007_2.arc,288759,80615CBD,1150
0,0,GameData\model_vp001_2.arc,647957,D68B5D2F,1400
0,0,GameData\motion2.arc,95054086,7269D440,1460
0,0,GameData\motion_addpose001.arc,902194,517CF6C8,1220
0,0,GameData\motion_pp001_2.arc,615858,0E432519,1220
0,0,GameData\motion_pp002_2.arc,57428957,EF952E37,1360
0,0,GameData\motion_vp001_2.arc,141579,7857F9CD,1160
0,0,GameData\paths.dat,3624,F04CA60E,1460
0,0,GameData\prioritymaterial.arc,154938,303F738B,1460
0,0,GameData\script.arc,14068664,0025B775,1460
0,0,GameData\script_addpose001.arc,1194,9F2EDF3C,1220
0,0,GameData\script_cos002_2.arc,72002,5BAAF903,1330
0,0,GameData\script_cos005_2.arc,1698,FDA1E978,1380
0,0,GameData\script_denkigai2015wPants_2.arc,12658,57896547,1220
0,0,GameData\script_denkigai2015w_2.arc,40178,8634EE8F,1220
0,0,GameData\script_denkigai2016s_2.arc,135147,6150004D,1370
0,0,GameData\script_magazine001_2.arc,59602,D547478D,1400
0,0,GameData\script_personal001_2.arc,2685545,BF6651C6,1460
0,0,GameData\script_personal002_2.arc,104185,F98083D8,1460
0,0,GameData\script_personal003_2.arc,863561,920986C3,1461
0,0,GameData\script_pp001_2.arc,186284,61AF2780,1400
0,0,GameData\script_pp002_2.arc,91399,A5D01B82,1440
0,0,GameData\script_pp003_2.arc,210890,F1E9DA99,1460
0,0,GameData\script_ytgc005_2.arc,18898,11456C1A,1340
0,0,GameData\script_ytgc006_2.arc,218689,B2CF5373,1340
0,0,GameData\script_ytgc008_2.arc,134059,62EAF572,1400
0,0,GameData\script_ytgc009_2.arc,288434,D9537E37,1400
0,0,GameData\script_ytgc010_2.arc,21714,43E60670,1433
0,0,GameData\script_xmas2016_2.arc,4338,7FAFBB83,1433
0,0,GameData\sound2.arc,12017684,3FAA939B,1330
0,0,GameData\texture3.arc,10035227,7C463DAB,1460
0,0,GameData\texture_addpose001.arc,23943,1D529A44,1220
0,0,GameData\texture_denkigai2015wTowelR.arc,133065,FE4BDC34,1360
0,0,GameData\texture_denkigai2016w_2.arc,10105247,3B4641C3,1450
0,0,GameData\texture_dlcdenkigai2016w_2.arc,10105332,90868016,1450
0,0,GameData\texture_dlc004_2.arc,4805734,C8E5CFB4,1200
0,0,GameData\texture_dlc046_2.arc,596960,FC606BA5,1220
0,0,GameData\texture_vp001_2.arc,755269,18D5027D,1400
0,0,GameData\texture_yomeido003_2.arc,117248,0EE72B42,1240
0,0,GameData\voice3.arc,101849461,061F0890,1250
0,0,PhotoModeData\Mod\Motion\readme.txt,146,3BF5AF4D,1220
0,0,Preset\1_junshin.preset,43021,0D00795A,1010
0,0,Preset\2_coodere.preset,43516,E9EBB0F2,1010
0,0,Preset\3_tsundere.preset,48900,D0EF8B9E,1010
0,0,Preset\4_default.preset,43697,C5E392BE,1010
0,0,Preset\5_pretty_junshin.preset,40739,D9262BEF,1010
0,0,Preset\6_pretty_coodere.preset,39554,E54D5766,1010
0,0,Preset\7_pretty_tsundere.preset,38235,CA8437BB,1010
0,0,Preset\8_ren_1_yosiko.preset,55432,D54FD70C,1220
0,0,Preset\8_ren_2_ayumi.preset,51097,3C44F9DB,1220
0,0,Preset\8_ren_3_sakura.preset,52635,33F54D90,1220
0,0,Preset\8_ren_4_ai.preset,46819,9B6E5960,1220
0,0,manual\data\004.png,699424,54A4DC50,1010
0,0,manual\data\007.png,453984,97E623F5,1010
0,0,manual\data\008.png,553674,7B23C3DF,1010
0,0,manual\data\013.png,673884,992CEEC5,1010
