0,0,GameData\paths.dat,2229,B4D43DF6,1370
0,0,GameData\prioritymaterial.arc,128135,BC5DEA6C,1370
0,0,GameData\material_dlc086.arc,22625,DD30BA46,100
0,0,GameData\menu_dlc086.arc,18201,2896EABB,100
0,0,GameData\model_dlc086.arc,704526,721C5F22,100
0,0,GameData\texture_dlc086.arc,16187210,FDB72687,100
0,0,GameData\material_dlc087.arc,22470,B828FC63,100
0,0,GameData\menu_dlc087.arc,17973,D01696FB,100
0,0,GameData\model_dlc087.arc,673730,84B0031A,100
0,0,GameData\texture_dlc087.arc,18209271,94EF4863,100
0,0,GameData\material_dlc088.arc,22244,7D3E43A0,100
0,0,GameData\menu_dlc088.arc,21981,5F47FBC7,100
0,0,GameData\model_dlc088.arc,411787,3C8A1FD7,100
0,0,GameData\texture_dlc088.arc,25448867,1524D4CB,100
0,0,GameData\material_dlc089.arc,12564,7CF110B9,100
0,0,GameData\menu_dlc089.arc,10572,70018CE7,100
0,0,GameData\model_dlc089.arc,259139,0C59028F,100
0,0,GameData\texture_dlc089.arc,6831417,09702465,100
0,0,GameData\csv_cos005.arc,395,45E56F96,100
0,0,GameData\motion_cos005.arc,2524120,97E4F2CA,100
0,0,GameData\script_cos005.arc,130693,545B4DDF,100
0,0,GameData\voice_cos005.arc,47476275,675D96AB,100
