0,0,COM3D2x64_Data\Managed\Accessibility.dll,10752,5CB31E4E,1553
0,0,COM3D2x64_Data\Managed\Assembly-CSharp.dll,5454336,1D496AE0,1553
0,0,COM3D2x64_Data\Managed\Assembly-CSharp-firstpass.dll,787456,8BEB5E7A,1553
0,0,COM3D2x64_Data\Managed\Assembly-UnityScript-firstpass.dll,65024,005C68C9,1553
0,0,COM3D2x64_Data\Managed\Boo.Lang.dll,126976,28383F70,1553
0,0,COM3D2x64_Data\Managed\BouncyCastle.Crypto.dll,2236416,5A4C4F07,1553
0,0,COM3D2x64_Data\Managed\FoveUnityPlugin.dll,28672,A6EA882B,1553
0,0,COM3D2x64_Data\Managed\ICSharpCode.SharpZipLib.dll,200704,D3160A1C,1553
0,0,COM3D2x64_Data\Managed\Ionic.Zlib.dll,102400,7C9E7DD2,1553
0,0,COM3D2x64_Data\Managed\JsonFx.Json.dll,70144,A0F0CFCB,1553
0,0,COM3D2x64_Data\Managed\LeapCSharp.NET3.5.dll,82432,38E38212,1553
0,0,COM3D2x64_Data\Managed\Mono.Data.Tds.dll,96256,2965324B,1553
0,0,COM3D2x64_Data\Managed\Mono.Posix.dll,184320,0CE35BE3,1553
0,0,COM3D2x64_Data\Managed\Mono.Security.dll,294912,66EB9979,1553
0,0,COM3D2x64_Data\Managed\Mono.WebBrowser.dll,172032,137B736F,1553
0,0,COM3D2x64_Data\Managed\mscorlib.dll,2590208,5166389B,1553
0,0,COM3D2x64_Data\Managed\Newtonsoft.Json.dll,494592,5C881B73,1553
0,0,COM3D2x64_Data\Managed\System.Configuration.dll,124928,72952344,1553
0,0,COM3D2x64_Data\Managed\System.Core.dll,297472,9E3EE5D7,1553
0,0,COM3D2x64_Data\Managed\System.Data.dll,856064,DDDB80CD,1553
0,0,COM3D2x64_Data\Managed\System.dll,1679360,13922617,1553
0,0,COM3D2x64_Data\Managed\System.Drawing.Design.dll,29696,E7B53FF9,1553
0,0,COM3D2x64_Data\Managed\System.Drawing.dll,448512,C4B2E872,1553
0,0,COM3D2x64_Data\Managed\System.EnterpriseServices.dll,46592,2C72A9FE,1553
0,0,COM3D2x64_Data\Managed\System.Security.dll,135168,1CE94C57,1553
0,0,COM3D2x64_Data\Managed\System.Transactions.dll,27648,45299FCF,1553
0,0,COM3D2x64_Data\Managed\System.Windows.Forms.dll,3053568,56394001,1553
0,0,COM3D2x64_Data\Managed\System.Xml.dll,1270272,4581A35B,1553
0,0,COM3D2x64_Data\Managed\System.Xml.Linq.dll,106496,E844371C,1553
0,0,COM3D2x64_Data\Managed\UnityEngine.dll,1393152,2C35388C,1553
0,0,COM3D2x64_Data\Managed\UnityEngine.dll.mdb,449828,8610375E,1553
0,0,COM3D2x64_Data\Managed\UnityEngine.Networking.dll,253952,2BDF701F,1553
0,0,COM3D2x64_Data\Managed\UnityEngine.UI.dll,245760,FA552B2D,1553
0,0,COM3D2x64_Data\Managed\UnityEngine.VR.dll,3072,A4582CD6,1553
0,0,COM3D2x64_Data\Managed\UnityScript.Lang.dll,13824,0DA8F681,1553
0,0,COM3D2x64_Data\Managed\Win32.dll,13312,7781C2A2,1553
0,0,COM3D2x64_Data\Managed\zxing.unity.dll,430592,9FD1F198,1553
0,0,COM3D2x64_Data\Mono\etc\mono\1.0\DefaultWsdlHelpGenerator.aspx,58196,10E814BF,1553
0,0,COM3D2x64_Data\Mono\etc\mono\1.0\machine.config,17258,EDE1AC59,1553
0,0,COM3D2x64_Data\Mono\etc\mono\2.0\Browsers\Compat.browser,1605,2E178A0B,1553
0,0,COM3D2x64_Data\Mono\etc\mono\2.0\DefaultWsdlHelpGenerator.aspx,60453,F3869A34,1553
0,0,COM3D2x64_Data\Mono\etc\mono\2.0\machine.config,27625,73C91C24,1553
0,0,COM3D2x64_Data\Mono\etc\mono\2.0\settings.map,2618,A1A3C29F,1553
0,0,COM3D2x64_Data\Mono\etc\mono\2.0\web.config,11686,534A9960,1553
0,0,COM3D2x64_Data\Mono\etc\mono\mconfig\config.xml,25817,80B2033A,1553
0,0,COM3D2x64_Data\Mono\etc\mono\browscap.ini,311984,CE6C0AB3,1553
0,0,COM3D2x64_Data\Mono\etc\mono\config,1691,A635914A,1553
0,0,COM3D2x64_Data\Mono\mono.dll,2618816,0BEA8C0F,1553
0,0,COM3D2x64_Data\Mono\MonoPosixHelper.dll,113664,9B5E1E4D,1553
0,0,COM3D2x64_Data\Plugins\assimp.dll,4388864,7C910D84,1553
0,0,COM3D2x64_Data\Plugins\Audio360.dll,1499136,2D77400A,1553
0,0,COM3D2x64_Data\Plugins\AVProVideo.dll,891392,A3612D4B,1553
0,0,COM3D2x64_Data\Plugins\clothpp.dll,112128,7C3264A4,1553
0,0,COM3D2x64_Data\Plugins\cm3d2.dll,2082304,3263084E,1553
0,0,COM3D2x64_Data\Plugins\device_hook.dll,738816,F61E7CED,1553
0,0,COM3D2x64_Data\Plugins\FbxExporterCore.dll,12491776,CBAA51C1,1553
0,0,COM3D2x64_Data\Plugins\FoveClient.dll,1849384,58C8B4F6,1553
0,0,COM3D2x64_Data\Plugins\LeapC.dll,2516992,FBDD3767,1553
0,0,COM3D2x64_Data\Plugins\openvr_api.dll,318272,44432E0F,1553
0,0,COM3D2x64_Data\Plugins\OVRGamepad.dll,12800,2C526135,1553
0,0,COM3D2x64_Data\Plugins\OVRLipSync.dll,2512296,391C1F4C,1553
0,0,COM3D2x64_Data\Plugins\OVRPlugin.dll,1898408,5DD05B6C,1553
0,0,COM3D2x64_Data\Plugins\Win32-WebView.dll,504832,382AEE66,1553
0,0,COM3D2x64_Data\Resources\unity default resources,752360,71DB1AEA,1553
0,0,COM3D2x64_Data\Resources\unity_builtin_extra,284012,91145F7F,1553
0,0,COM3D2x64_Data\app.info,27,F9A266E7,1553
0,0,COM3D2x64_Data\globalgamemanagers,4502980,7BDE14D5,1553
0,0,COM3D2x64_Data\globalgamemanagers.assets,244324,A674AD2F,1553
0,0,COM3D2x64_Data\level0,325508,E1164CB1,1553
0,0,COM3D2x64_Data\level1,348652,08E61A28,1553
0,0,COM3D2x64_Data\level2,343484,72771923,1553
0,0,COM3D2x64_Data\level3,1203580,61039316,1553
0,0,COM3D2x64_Data\level4,1212980,3B97D97B,1553
0,0,COM3D2x64_Data\level5,1301092,9413BA45,1553
0,0,COM3D2x64_Data\level6,327004,FBD84B10,1553
0,0,COM3D2x64_Data\level7,1057044,91DBA141,1553
0,0,COM3D2x64_Data\level8,357876,3BFE3330,1553
0,0,COM3D2x64_Data\level9,417164,7A0E410F,1553
0,0,COM3D2x64_Data\level10,352364,B2FBD37E,1553
0,0,COM3D2x64_Data\level11,326020,5959E384,1553
0,0,COM3D2x64_Data\level12,393468,DB161501,1553
0,0,COM3D2x64_Data\level13,329132,431F80CF,1553
0,0,COM3D2x64_Data\level14,825644,6D4C7E3C,1553
0,0,COM3D2x64_Data\level15,7476,13AADEF6,1553
0,0,COM3D2x64_Data\level16,327964,EE086218,1553
0,0,COM3D2x64_Data\level17,4664,1985F591,1553
0,0,COM3D2x64_Data\level18,344652,C7E4A2A2,1553
0,0,COM3D2x64_Data\level19,334348,D0DF3EF6,1553
0,0,COM3D2x64_Data\level20,955468,51DEE304,1553
0,0,COM3D2x64_Data\level21,427172,7EAEBC3A,1553
0,0,COM3D2x64_Data\level22,1085124,54CE4DB9,1553
0,0,COM3D2x64_Data\level23,410652,9F9744A8,1553
0,0,COM3D2x64_Data\level24,680988,F978F502,1553
0,0,COM3D2x64_Data\level25,347988,DEAFCFEE,1553
0,0,COM3D2x64_Data\level26,2187804,09409D11,1553
0,0,COM3D2x64_Data\level27,1115132,4E8506DE,1553
0,0,COM3D2x64_Data\level28,347988,B34FD48B,1553
0,0,COM3D2x64_Data\level29,1088436,5F2F8DCC,1553
0,0,COM3D2x64_Data\level30,340612,8DFBB53C,1553
0,0,COM3D2x64_Data\level31,447724,0416A2E9,1553
0,0,COM3D2x64_Data\level32,27904,BE34E042,1553
0,0,COM3D2x64_Data\level32.resS,131232,851AC384,1553
0,0,COM3D2x64_Data\level33,51676,55DDEEEC,1553
0,0,COM3D2x64_Data\level34,56036,81FA36ED,1553
0,0,COM3D2x64_Data\level35,6832,5F741AF9,1553
0,0,COM3D2x64_Data\level36,326412,D10C05AE,1553
0,0,COM3D2x64_Data\level37,1576436,FBE7B6E1,1553
0,0,COM3D2x64_Data\level38,1433068,9F413AB1,1553
0,0,COM3D2x64_Data\level39,1454668,2F8102E0,1553
0,0,COM3D2x64_Data\level40,444068,0B714911,1553
0,0,COM3D2x64_Data\level41,395436,EED87695,1553
0,0,COM3D2x64_Data\level42,426596,C57AF306,1553
0,0,COM3D2x64_Data\level43,1349900,9F9BB7E7,1553
0,0,COM3D2x64_Data\level44,1414372,8EC3754D,1553
0,0,COM3D2x64_Data\level45,1539780,E5BBBABC,1553
0,0,COM3D2x64_Data\level46,414036,EF35F123,1553
0,0,COM3D2x64_Data\level47,381132,734C9BBC,1553
0,0,COM3D2x64_Data\level48,439500,8BC2D96C,1553
0,0,COM3D2x64_Data\level49,396724,34A541B4,1553
0,0,COM3D2x64_Data\level50,1374820,8DF5D26A,1553
0,0,COM3D2x64_Data\level51,381284,CFAD4B82,1553
0,0,COM3D2x64_Data\level52,659484,919B2D3C,1553
0,0,COM3D2x64_Data\level53,537868,90F02F4E,1553
0,0,COM3D2x64_Data\level54,349900,19A9A4D0,1553
0,0,COM3D2x64_Data\level55,1276780,6D5E22BB,1553
0,0,COM3D2x64_Data\level56,1027388,1A6E7672,1553
0,0,COM3D2x64_Data\level57,1034676,1FE32786,1553
0,0,COM3D2x64_Data\level58,1276780,9E437222,1553
0,0,COM3D2x64_Data\level59,1157372,118AB728,1553
0,0,COM3D2x64_Data\level60,945940,8B37BAE6,1553
0,0,COM3D2x64_Data\level61,1232348,F000F961,1553
0,0,COM3D2x64_Data\level62,1333348,FFC2ACE6,1553
0,0,COM3D2x64_Data\level63,681380,E78932B0,1553
0,0,COM3D2x64_Data\level64,918172,D99A5CDD,1553
0,0,COM3D2x64_Data\level65,401340,F7A5C38E,1553
0,0,COM3D2x64_Data\level66,397708,9CAE5D99,1553
0,0,COM3D2x64_Data\level67,441420,95005F38,1553
0,0,COM3D2x64_Data\level68,463548,C7F3B4DA,1553
0,0,COM3D2x64_Data\level69,391948,066C5E4A,1553
0,0,COM3D2x64_Data\level70,451908,18D61A6B,1553
0,0,COM3D2x64_Data\level71,1040348,75A7A3B2,1553
0,0,COM3D2x64_Data\level72,964748,0A9E5C3F,1553
0,0,COM3D2x64_Data\level73,444628,CBC4C6E5,1553
0,0,COM3D2x64_Data\level74,466772,6D98DD64,1553
0,0,COM3D2x64_Data\level75,457356,626E2D85,1553
0,0,COM3D2x64_Data\level76,1044756,C7C58E2F,1553
0,0,COM3D2x64_Data\level77,1005028,19F8EA00,1553
0,0,COM3D2x64_Data\level78,450404,2E16AAF8,1553
0,0,COM3D2x64_Data\level79,434924,E38F28B0,1553
0,0,COM3D2x64_Data\level80,416596,40FC810B,1553
0,0,COM3D2x64_Data\level81,359636,7EE03DA8,1553
0,0,COM3D2x64_Data\level82,1384148,48A61B74,1553
0,0,COM3D2x64_Data\level83,1324900,6079AE49,1553
0,0,COM3D2x64_Data\level84,503420,1789140A,1553
0,0,COM3D2x64_Data\level85,405524,1687D4CB,1553
0,0,COM3D2x64_Data\level86,1252916,6A781802,1553
0,0,COM3D2x64_Data\level87,970748,30EBBB73,1553
0,0,COM3D2x64_Data\level88,1429220,AF550AA7,1553
0,0,COM3D2x64_Data\level89,1370372,3FF9CBA8,1553
0,0,COM3D2x64_Data\level90,1576444,A771F9DF,1553
0,0,COM3D2x64_Data\level91,1539788,E1083954,1553
0,0,COM3D2x64_Data\level92,1371524,C5EC5F59,1553
0,0,COM3D2x64_Data\level93,1337468,BE6135A4,1553
0,0,COM3D2x64_Data\level94,426476,079B537D,1553
0,0,COM3D2x64_Data\level95,406908,3A9D855A,1553
0,0,COM3D2x64_Data\level96,1050628,B9B62197,1553
0,0,COM3D2x64_Data\level97,851916,6926237E,1553
0,0,COM3D2x64_Data\level98,958684,1DAD4313,1553
0,0,COM3D2x64_Data\level99,852876,519FD0A1,1553
0,0,COM3D2x64_Data\level100,1030260,2D7DF3CA,1553
0,0,COM3D2x64_Data\level101,1693604,5845C4B6,1553
0,0,COM3D2x64_Data\level102,1644676,A20EC3AA,1553
0,0,COM3D2x64_Data\level103,1113452,8CAA8AD5,1553
0,0,COM3D2x64_Data\level104,1057124,D2206FD3,1553
0,0,COM3D2x64_Data\level105,1512580,ED8A86E7,1553
0,0,COM3D2x64_Data\level106,1611508,8FA762E1,1553
0,0,COM3D2x64_Data\level107,1055020,44D9FF54,1553
0,0,COM3D2x64_Data\level108,970564,77091440,1553
0,0,COM3D2x64_Data\level109,1679516,174A6A0D,1553
0,0,COM3D2x64_Data\level110,1576324,26FF28E5,1553
0,0,COM3D2x64_Data\level111,468060,590569FC,1553
0,0,COM3D2x64_Data\level112,487836,35A0293F,1553
0,0,COM3D2x64_Data\level113,576324,D26AAD3A,1553
0,0,COM3D2x64_Data\level114,535876,C28F9905,1553
0,0,COM3D2x64_Data\level114.resS,131232,9337BCA3,1553
0,0,COM3D2x64_Data\level115,463116,65BA1E14,1553
0,0,COM3D2x64_Data\level116,562332,9F2F516E,1553
0,0,COM3D2x64_Data\level117,486436,AD2F2BA6,1553
0,0,COM3D2x64_Data\level118,1399892,5B5EB136,1553
0,0,COM3D2x64_Data\level119,1476740,5A55AE15,1553
0,0,COM3D2x64_Data\level120,1304892,F8B64FBF,1553
0,0,COM3D2x64_Data\level121,1135908,C5B75F00,1553
0,0,COM3D2x64_Data\level122,1223348,22C08F94,1553
0,0,COM3D2x64_Data\level123,1414676,BC662AC2,1553
0,0,COM3D2x64_Data\level124,1320404,C48D4819,1553
0,0,COM3D2x64_Data\level125,939596,A13DE4C0,1553
0,0,COM3D2x64_Data\level126,557284,65D64FCF,1553
0,0,COM3D2x64_Data\resources.assets,435946664,CB176A46,1553
0,0,COM3D2x64_Data\resources.assets.resS,1798219268,016F04A6,1553
0,0,COM3D2x64_Data\resources.resource,727392,54F90BDA,1553
0,0,COM3D2x64_Data\sharedassets0.assets,115226516,3E087C52,1553
0,0,COM3D2x64_Data\sharedassets0.assets.resS,28071636,A1AB9432,1553
0,0,COM3D2x64_Data\sharedassets1.assets,6256,F3363477,1553
0,0,COM3D2x64_Data\sharedassets2.assets,6292,81B6BCAE,1553
0,0,COM3D2x64_Data\sharedassets3.assets,7972,429BC16A,1553
0,0,COM3D2x64_Data\sharedassets4.assets,12904,133BEC28,1553
0,0,COM3D2x64_Data\sharedassets5.assets,7156,E1659EA5,1553
0,0,COM3D2x64_Data\sharedassets6.assets,6136,C22BB140,1553
0,0,COM3D2x64_Data\sharedassets7.assets,6976,F45D4204,1553
0,0,COM3D2x64_Data\sharedassets8.assets,6136,5156D79F,1553
0,0,COM3D2x64_Data\sharedassets9.assets,7096,4CF9A428,1553
0,0,COM3D2x64_Data\sharedassets10.assets,6112,40AD44AD,1553
0,0,COM3D2x64_Data\sharedassets11.assets,6088,81A58483,1553
0,0,COM3D2x64_Data\sharedassets12.assets,6328,F5DDC586,1553
0,0,COM3D2x64_Data\sharedassets13.assets,6232,8F1C456E,1553
0,0,COM3D2x64_Data\sharedassets14.assets,6688,83434C3B,1553
0,0,COM3D2x64_Data\sharedassets15.assets,4564,8E7FA57B,1553
0,0,COM3D2x64_Data\sharedassets16.assets,6148,8079EAE9,1553
0,0,COM3D2x64_Data\sharedassets17.assets,4132,32C1E6C6,1553
0,0,COM3D2x64_Data\sharedassets18.assets,6868,FE8C58AA,1553
0,0,COM3D2x64_Data\sharedassets19.assets,6232,4F22DC14,1553
0,0,COM3D2x64_Data\sharedassets20.assets,12580,DF891A21,1553
0,0,COM3D2x64_Data\sharedassets21.assets,6292,AC4943FC,1553
0,0,COM3D2x64_Data\sharedassets22.assets,12676,BE67E9E5,1553
0,0,COM3D2x64_Data\sharedassets23.assets,6316,12AC6584,1553
0,0,COM3D2x64_Data\sharedassets24.assets,6376,0A2A1154,1553
0,0,COM3D2x64_Data\sharedassets25.assets,6184,8433D237,1553
0,0,COM3D2x64_Data\sharedassets26.assets,7096,D2EAE831,1553
0,0,COM3D2x64_Data\sharedassets27.assets,12652,B02CEA20,1553
0,0,COM3D2x64_Data\sharedassets28.assets,6184,4655ACFA,1553
0,0,COM3D2x64_Data\sharedassets29.assets,12652,B02CEA20,1553
0,0,COM3D2x64_Data\sharedassets30.assets,6112,122C4104,1553
0,0,COM3D2x64_Data\sharedassets31.assets,18126856,4E8511A5,1553
0,0,COM3D2x64_Data\sharedassets32.assets,12328,DEBA65D2,1553
0,0,COM3D2x64_Data\sharedassets33.assets,4420,65311DED,1553
0,0,COM3D2x64_Data\sharedassets34.assets,4324,2BC35DFD,1553
0,0,COM3D2x64_Data\sharedassets35.assets,4264,B5284D9A,1553
0,0,COM3D2x64_Data\sharedassets36.assets,6124,185F39C5,1553
0,0,COM3D2x64_Data\sharedassets37.assets,12580,37DCE58A,1553
0,0,COM3D2x64_Data\sharedassets38.assets,12580,78A15A09,1553
0,0,COM3D2x64_Data\sharedassets39.assets,12580,AC5D96C8,1553
0,0,COM3D2x64_Data\sharedassets40.assets,7228,7A856201,1553
0,0,COM3D2x64_Data\sharedassets41.assets,6976,9A6329F8,1553
0,0,COM3D2x64_Data\sharedassets42.assets,7252,10FE4E53,1553
0,0,COM3D2x64_Data\sharedassets43.assets,9340,05F20D81,1553
0,0,COM3D2x64_Data\sharedassets44.assets,9448,0ADFCF23,1553
0,0,COM3D2x64_Data\sharedassets45.assets,9436,EE7953F1,1553
0,0,COM3D2x64_Data\sharedassets46.assets,8524,261782C2,1553
0,0,COM3D2x64_Data\sharedassets47.assets,6592,97896C60,1553
0,0,COM3D2x64_Data\sharedassets48.assets,8332,4ABB9C89,1553
0,0,COM3D2x64_Data\sharedassets49.assets,792692,8453EE2F,1553
0,0,COM3D2x64_Data\sharedassets49.assets.resS,6506584,427886ED,1553
0,0,COM3D2x64_Data\sharedassets50.assets,12580,4831EF03,1553
0,0,COM3D2x64_Data\sharedassets51.assets,6580,996A64DD,1553
0,0,COM3D2x64_Data\sharedassets52.assets,6748,1B08F441,1553
0,0,COM3D2x64_Data\sharedassets53.assets,6520,0EFD2F68,1553
0,0,COM3D2x64_Data\sharedassets54.assets,6124,60290E77,1553
0,0,COM3D2x64_Data\sharedassets55.assets,12664,F9EA56E5,1553
0,0,COM3D2x64_Data\sharedassets56.assets,9232,C683EC88,1553
0,0,COM3D2x64_Data\sharedassets57.assets,9268,151C0AD0,1553
0,0,COM3D2x64_Data\sharedassets58.assets,12664,F9EA56E5,1553
0,0,COM3D2x64_Data\sharedassets59.assets,9472,96EA33B4,1553
0,0,COM3D2x64_Data\sharedassets60.assets,9268,151C0AD0,1553
0,0,COM3D2x64_Data\sharedassets61.assets,9412,FA8B6D2E,1553
0,0,COM3D2x64_Data\sharedassets62.assets,9448,0ADFCF23,1553
0,0,COM3D2x64_Data\sharedassets63.assets,6652,08635D04,1553
0,0,COM3D2x64_Data\sharedassets64.assets,9436,EE7953F1,1553
0,0,COM3D2x64_Data\sharedassets65.assets,42236540,36AB2982,1553
0,0,COM3D2x64_Data\sharedassets65.assets.resS,87400,8BA6C322,1553
0,0,COM3D2x64_Data\sharedassets66.assets,38246508,CEDFFB24,1553
0,0,COM3D2x64_Data\sharedassets67.assets,32874604,69FC982E,1553
0,0,COM3D2x64_Data\sharedassets68.assets,36735684,1C3AED77,1553
0,0,COM3D2x64_Data\sharedassets68.assets.resS,174776,5B619AF1,1553
0,0,COM3D2x64_Data\sharedassets69.assets,41277360,53445DCA,1553
0,0,COM3D2x64_Data\sharedassets70.assets,39399112,E6751600,1553
0,0,COM3D2x64_Data\sharedassets71.assets,3017132,2DC967D8,1553
0,0,COM3D2x64_Data\sharedassets71.assets.resS,611728,7BFBEAAE,1553
0,0,COM3D2x64_Data\sharedassets72.assets,9496,D160C7CD,1553
0,0,COM3D2x64_Data\sharedassets73.assets,6508,5DA95240,1553
0,0,COM3D2x64_Data\sharedassets74.assets,6508,5DA95240,1553
0,0,COM3D2x64_Data\sharedassets75.assets,6508,5DA95240,1553
0,0,COM3D2x64_Data\sharedassets76.assets,12592,38E35EE5,1553
0,0,COM3D2x64_Data\sharedassets77.assets,9448,C23DF5C8,1553
0,0,COM3D2x64_Data\sharedassets78.assets,6472,5FCDEBEF,1553
0,0,COM3D2x64_Data\sharedassets79.assets,59364,DAE20325,1553
0,0,COM3D2x64_Data\sharedassets79.assets.resS,174776,B51EE5DC,1553
0,0,COM3D2x64_Data\sharedassets80.assets,6484,AAC111AF,1553
0,0,COM3D2x64_Data\sharedassets81.assets,6736,2FBCB6C4,1553
0,0,COM3D2x64_Data\sharedassets82.assets,759648,7A81632E,1553
0,0,COM3D2x64_Data\sharedassets82.assets.resS,1310880,58801C35,1553
0,0,COM3D2x64_Data\sharedassets82.resource,1178176,90268BF4,1553
0,0,COM3D2x64_Data\sharedassets83.assets,9316,F9F3B808,1553
0,0,COM3D2x64_Data\sharedassets84.assets,3412512,67C60CA7,1553
0,0,COM3D2x64_Data\sharedassets84.assets.resS,6226112,B3E98769,1553
0,0,COM3D2x64_Data\sharedassets85.assets,6580,B1EED663,1553
0,0,COM3D2x64_Data\sharedassets86.assets,13840,567656F1,1553
0,0,COM3D2x64_Data\sharedassets87.assets,9436,EE7953F1,1553
0,0,COM3D2x64_Data\sharedassets88.assets,12604,9B9E314C,1553
0,0,COM3D2x64_Data\sharedassets89.assets,9424,74753F2A,1553
0,0,COM3D2x64_Data\sharedassets90.assets,12580,37DCE58A,1553
0,0,COM3D2x64_Data\sharedassets91.assets,9436,EE7953F1,1553
0,0,COM3D2x64_Data\sharedassets92.assets,12604,9B9E314C,1553
0,0,COM3D2x64_Data\sharedassets93.assets,10372,5D3EA56F,1553
0,0,COM3D2x64_Data\sharedassets94.assets,6928,0CBC344E,1553
0,0,COM3D2x64_Data\sharedassets95.assets,6436,DB44241D,1553
0,0,COM3D2x64_Data\sharedassets96.assets,11692,5663E6E4,1553
0,0,COM3D2x64_Data\sharedassets96.resource,2729184,2D4064D6,1553
0,0,COM3D2x64_Data\sharedassets97.assets,11560,5D52F2D0,1553
0,0,COM3D2x64_Data\sharedassets98.assets,8296,8C441AEC,1553
0,0,COM3D2x64_Data\sharedassets99.assets,7612,FE053620,1553
0,0,COM3D2x64_Data\sharedassets100.assets,353884,AD97972E,1553
0,0,COM3D2x64_Data\sharedassets100.assets.resS,2272048,E50143CB,1553
0,0,COM3D2x64_Data\sharedassets100.resource,6236800,C7E9CFDE,1553
0,0,COM3D2x64_Data\sharedassets101.assets,6568288,A0032B98,1553
0,0,COM3D2x64_Data\sharedassets101.assets.resS,10936,3B0D7ADF,1553
0,0,COM3D2x64_Data\sharedassets101.resource,1136352,956B5452,1553
0,0,COM3D2x64_Data\sharedassets102.assets,10240,0DDC4591,1553
0,0,COM3D2x64_Data\sharedassets103.assets,12784,10AF2F6B,1553
0,0,COM3D2x64_Data\sharedassets104.assets,9580,E1CABEAD,1553
0,0,COM3D2x64_Data\sharedassets105.assets,9700,94C2700D,1553
0,0,COM3D2x64_Data\sharedassets105.resource,1003968,52A085C2,1553
0,0,COM3D2x64_Data\sharedassets106.assets,12904,91899661,1553
0,0,COM3D2x64_Data\sharedassets107.assets,12844,C77DE79D,1553
0,0,COM3D2x64_Data\sharedassets108.assets,9520,EBF11258,1553
0,0,COM3D2x64_Data\sharedassets109.assets,13292,90522F97,1553
0,0,COM3D2x64_Data\sharedassets109.resource,1166848,2709F6C2,1553
0,0,COM3D2x64_Data\sharedassets110.assets,9832,AE918BB1,1553
0,0,COM3D2x64_Data\sharedassets111.assets,6652,20EF3BEA,1553
0,0,COM3D2x64_Data\sharedassets112.assets,6652,20EF3BEA,1553
0,0,COM3D2x64_Data\sharedassets113.assets,6616,D95B4D9A,1553
0,0,COM3D2x64_Data\sharedassets114.assets,6340,6F6BF498,1553
0,0,COM3D2x64_Data\sharedassets115.assets,6616,D95B4D9A,1553
0,0,COM3D2x64_Data\sharedassets116.assets,6712,4C3629FF,1553
0,0,COM3D2x64_Data\sharedassets117.assets,6616,D95B4D9A,1553
0,0,COM3D2x64_Data\sharedassets118.assets,11464,74AAACAB,1553
0,0,COM3D2x64_Data\sharedassets119.assets,9484,E5D7C139,1553
0,0,COM3D2x64_Data\sharedassets120.assets,394864,FE66721D,1553
0,0,COM3D2x64_Data\sharedassets120.assets.resS,2184640,DF887086,1553
0,0,COM3D2x64_Data\sharedassets121.assets,9684,E1B4A30E,1553
0,0,COM3D2x64_Data\sharedassets121.resource,2751968,AE761A89,1553
0,0,COM3D2x64_Data\sharedassets122.assets,12832,35B6D9DB,1553
0,0,COM3D2x64_Data\sharedassets123.assets,12904,F274B89A,1553
0,0,COM3D2x64_Data\sharedassets124.assets,9580,F086CB6A,1553
0,0,COM3D2x64_Data\sharedassets125.assets,7060,79DEC1AE,1553
0,0,COM3D2x64_Data\sharedassets126.assets,7036,77D33E4C,1553
0,0,GameData\motion_gp001_2.arc,44501550,AA93BEF1,1312
0,0,GameData\motion2.arc,182206657,A1DA2B66,1430
0,0,GameData\script.arc,18403881,0A5D41D4,1620
0,0,GameData\script_ordermade004_2.arc,29058,F255C4ED,1553
0,0,GameData\voice2.arc,475826381,4A98564C,1550
0,0,COM3D2.exe,7992832,55518915,2007
0,0,COM3D2x64.exe,22841856,A9562BF9,1090
share,GameData\en_only\csv_3d21reserve2_2.arc,GameData\csv_3d21reserve2_2.arc,51058,873C1E3B,1430
share,GameData\en_only\language.arc,GameData\language.arc,845781,046449F5,1592
share,GameData\en_only\parts_cw001cloth3_2.arc,GameData\parts_cw001cloth3_2.arc,4370,1F2FFFCD,1500
share,GameData\patch\csv.arc,GameData\csv.arc,9832053,DDFDC78E,1620
share,GameData\patch\csv_gp001_2.arc,GameData\csv_gp001_2.arc,89204,9BB06354,1420
share,GameData\patch\parts_gp001_2.arc,GameData\parts_gp001_2.arc,62133273,86553DC6,1550
share,GameData\patch\parts2.arc,GameData\parts2.arc,166546538,F75FA840,1550
share,GameData\patch\paths.dat,GameData\paths.dat,12186,636634C9,1620
share,GameData\patch\prioritymaterial.arc,GameData\prioritymaterial.arc,462050,86FEA2F8,1620
share,GameData\patch\sound2.arc,GameData\sound2.arc,6396631,69DF774A,1600
share,GameData\patch\system_gp001_2.arc,GameData\system_gp001_2.arc,7478491,A3D9E534,1420
share,GameData\patch\system2.arc,GameData\system2.arc,15017525,38F72BA2,1610
