0,0,CM3D2VRx64.exe,20649984,6EFB2A0D,1360
0,0,CM3D2VRx64_DirectToRift.exe,465408,ED45B3A7,1360
0,0,LICENSE,3453,541AF859,1360
0,0,CM3D2VRx64_Data\globalgamemanagers,1346556,F04B47B1,1360
0,0,CM3D2VRx64_Data\globalgamemanagers.assets,115848,5408AD21,1360
0,0,CM3D2VRx64_Data\level0,182420,422652BA,1360
0,0,CM3D2VRx64_Data\level1,200396,0945EB17,1360
0,0,CM3D2VRx64_Data\level10,195076,5B08200D,1360
0,0,CM3D2VRx64_Data\level11,182972,F36B24F6,1360
0,0,CM3D2VRx64_Data\level12,210404,42A4234C,1360
0,0,CM3D2VRx64_Data\level13,183476,757CEE38,1360
0,0,CM3D2VRx64_Data\level14,564860,D6A99AEA,1360
0,0,CM3D2VRx64_Data\level15,4640,7039A3BE,1360
0,0,CM3D2VRx64_Data\level16,185028,D59BB22A,1360
0,0,CM3D2VRx64_Data\level17,4640,E298B050,1360
0,0,CM3D2VRx64_Data\level18,203148,B788A804,1360
0,0,CM3D2VRx64_Data\level19,273036,C48C18BA,1360
0,0,CM3D2VRx64_Data\level2,200284,A27FAA12,1360
0,0,CM3D2VRx64_Data\level20,444628,0A21E332,1360
0,0,CM3D2VRx64_Data\level21,207964,EB2B4B52,1360
0,0,CM3D2VRx64_Data\level22,531020,B7C0097D,1360
0,0,CM3D2VRx64_Data\level23,258724,6070F29F,1360
0,0,CM3D2VRx64_Data\level24,284996,1DBF072B,1360
0,0,CM3D2VRx64_Data\level25,206748,482C8691,1360
0,0,CM3D2VRx64_Data\level26,653484,739F7AE6,1360
0,0,CM3D2VRx64_Data\level27,1237116,F404BCF5,1360
0,0,CM3D2VRx64_Data\level28,512644,A93C4158,1360
0,0,CM3D2VRx64_Data\level29,206804,03EAE406,1360
0,0,CM3D2VRx64_Data\level3,420948,9113DEFD,1360
0,0,CM3D2VRx64_Data\level30,605660,B552BD9F,1360
0,0,CM3D2VRx64_Data\level31,836836,37416678,1360
0,0,CM3D2VRx64_Data\level32,697812,04A1082C,1360
0,0,CM3D2VRx64_Data\level4,590460,4B096F2F,1360
0,0,CM3D2VRx64_Data\level5,631012,4A794C51,1360
0,0,CM3D2VRx64_Data\level6,183468,8E19EB37,1360
0,0,CM3D2VRx64_Data\level7,357100,2D97A2F3,1360
0,0,CM3D2VRx64_Data\level8,231916,C86BA6E9,1360
0,0,CM3D2VRx64_Data\level9,227540,277DF2D6,1360
0,0,CM3D2VRx64_Data\resources.assets,244622796,E28DC0CC,1360
0,0,CM3D2VRx64_Data\resources.assets.resS,354986588,B83963BE,1360
0,0,CM3D2VRx64_Data\sharedassets0.assets,16482968,2DAC0FFA,1360
0,0,CM3D2VRx64_Data\sharedassets0.assets.resS,121728032,3D69BF0B,1360
0,0,CM3D2VRx64_Data\sharedassets1.assets,5908,DE0EA9FB,1360
0,0,CM3D2VRx64_Data\sharedassets10.assets,5752,B5DCBF16,1360
0,0,CM3D2VRx64_Data\sharedassets11.assets,5752,E0B542C1,1360
0,0,CM3D2VRx64_Data\sharedassets12.assets,5776,2A48A4F3,1360
0,0,CM3D2VRx64_Data\sharedassets13.assets,5776,F3FC8199,1360
0,0,CM3D2VRx64_Data\sharedassets14.assets,6328,35D1BB49,1360
0,0,CM3D2VRx64_Data\sharedassets15.assets,4132,92BF9E27,1360
0,0,CM3D2VRx64_Data\sharedassets16.assets,5812,6B3C0365,1360
0,0,CM3D2VRx64_Data\sharedassets17.assets,4132,B2C8F328,1360
0,0,CM3D2VRx64_Data\sharedassets18.assets,6532,68BF7ED9,1360
0,0,CM3D2VRx64_Data\sharedassets19.assets,5776,B00B8ECD,1360
0,0,CM3D2VRx64_Data\sharedassets2.assets,5956,B5F70A0A,1360
0,0,CM3D2VRx64_Data\sharedassets20.assets,215272,EC570DF2,1360
0,0,CM3D2VRx64_Data\sharedassets20.assets.resS,51968,C41BC4E7,1360
0,0,CM3D2VRx64_Data\sharedassets21.assets,5848,5EBD7323,1360
0,0,CM3D2VRx64_Data\sharedassets22.assets,74152,296F906D,1360
0,0,CM3D2VRx64_Data\sharedassets23.assets,5980,0C86CB29,1360
0,0,CM3D2VRx64_Data\sharedassets24.assets,5860,9B1B9B70,1360
0,0,CM3D2VRx64_Data\sharedassets25.assets,5860,29C93FF5,1360
0,0,CM3D2VRx64_Data\sharedassets26.assets,8116,28242C50,1360
0,0,CM3D2VRx64_Data\sharedassets27.assets,6460,21429D6F,1360
0,0,CM3D2VRx64_Data\sharedassets28.assets,8008,EEFAFA38,1360
0,0,CM3D2VRx64_Data\sharedassets29.assets,5860,B02EF0F6,1360
0,0,CM3D2VRx64_Data\sharedassets3.assets,6328,D225C566,1360
0,0,CM3D2VRx64_Data\sharedassets30.assets,19168,28B68660,1360
0,0,CM3D2VRx64_Data\sharedassets31.assets,8368,7676E6B9,1360
0,0,CM3D2VRx64_Data\sharedassets32.assets,8116,DE883D78,1360
0,0,CM3D2VRx64_Data\sharedassets32.resource,3813344,7B95E5D4,1360
0,0,CM3D2VRx64_Data\sharedassets4.assets,1310208,9AF9452C,1360
0,0,CM3D2VRx64_Data\sharedassets5.assets,6448,5FC0CCF8,1360
0,0,CM3D2VRx64_Data\sharedassets6.assets,5776,69E9528C,1360
0,0,CM3D2VRx64_Data\sharedassets7.assets,6052,3CCA9701,1360
0,0,CM3D2VRx64_Data\sharedassets8.assets,5932,C8BC6695,1360
0,0,CM3D2VRx64_Data\sharedassets9.assets,6256,5267AD9A,1360
0,0,CM3D2VRx64_Data\Managed\Accessibility.dll,10752,594EE943,1360
0,0,CM3D2VRx64_Data\Managed\Assembly-CSharp-firstpass.dll,582144,690F8741,1360
0,0,CM3D2VRx64_Data\Managed\Assembly-CSharp.dll,2434560,7CB6D890,1360
0,0,CM3D2VRx64_Data\Managed\Assembly-UnityScript-firstpass.dll,65024,FCD744E5,1360
0,0,CM3D2VRx64_Data\Managed\Boo.Lang.dll,126976,9ADD3789,1360
0,0,CM3D2VRx64_Data\Managed\JsonFx.Json.dll,70144,A0F0CFCB,1360
0,0,CM3D2VRx64_Data\Managed\LeapCSharp.NET3.5.dll,96080,CF6AC469,1360
0,0,CM3D2VRx64_Data\Managed\Mono.Data.Tds.dll,96256,DDA7BAB7,1360
0,0,CM3D2VRx64_Data\Managed\Mono.Posix.dll,184320,C7063ABB,1360
0,0,CM3D2VRx64_Data\Managed\Mono.Security.dll,294912,8C7E67B3,1360
0,0,CM3D2VRx64_Data\Managed\Mono.WebBrowser.dll,172032,541986C3,1360
0,0,CM3D2VRx64_Data\Managed\mscorlib.dll,2589696,AFA570E5,1360
0,0,CM3D2VRx64_Data\Managed\System.Configuration.dll,124928,D5F2A804,1360
0,0,CM3D2VRx64_Data\Managed\System.Core.dll,297472,BCE2218F,1360
0,0,CM3D2VRx64_Data\Managed\System.Data.dll,856064,F1D38D2E,1360
0,0,CM3D2VRx64_Data\Managed\System.dll,1679360,288F722A,1360
0,0,CM3D2VRx64_Data\Managed\System.Drawing.Design.dll,29696,E7B53FF9,1360
0,0,CM3D2VRx64_Data\Managed\System.Drawing.dll,448512,C4B2E872,1360
0,0,CM3D2VRx64_Data\Managed\System.EnterpriseServices.dll,46592,75A19B93,1360
0,0,CM3D2VRx64_Data\Managed\System.Security.dll,135168,365C74A7,1360
0,0,CM3D2VRx64_Data\Managed\System.Transactions.dll,27648,203D65C1,1360
0,0,CM3D2VRx64_Data\Managed\System.Windows.Forms.dll,3053568,56394001,1360
0,0,CM3D2VRx64_Data\Managed\System.Xml.dll,1270272,9B79033F,1360
0,0,CM3D2VRx64_Data\Managed\System.Xml.Linq.dll,106496,B3ACF139,1360
0,0,CM3D2VRx64_Data\Managed\UnityEngine.dll,972800,B3EB425F,1360
0,0,CM3D2VRx64_Data\Managed\UnityEngine.dll.mdb,353934,02424F6C,1360
0,0,CM3D2VRx64_Data\Managed\UnityEngine.Networking.dll,230912,EBC88F56,1360
0,0,CM3D2VRx64_Data\Managed\UnityEngine.UI.dll,219136,8E43BC11,1360
0,0,CM3D2VRx64_Data\Managed\UnityScript.Lang.dll,14336,13EE284D,1360
0,0,CM3D2VRx64_Data\Mono\mono.dll,2612696,2A5A1006,1360
0,0,CM3D2VRx64_Data\Mono\etc\mono\browscap.ini,311984,CE6C0AB3,1360
0,0,CM3D2VRx64_Data\Mono\etc\mono\config,1691,A635914A,1360
0,0,CM3D2VRx64_Data\Mono\etc\mono\1.0\DefaultWsdlHelpGenerator.aspx,58196,10E814BF,1360
0,0,CM3D2VRx64_Data\Mono\etc\mono\1.0\machine.config,17258,EDE1AC59,1360
0,0,CM3D2VRx64_Data\Mono\etc\mono\2.0\DefaultWsdlHelpGenerator.aspx,60453,F3869A34,1360
0,0,CM3D2VRx64_Data\Mono\etc\mono\2.0\machine.config,27625,73C91C24,1360
0,0,CM3D2VRx64_Data\Mono\etc\mono\2.0\settings.map,2618,A1A3C29F,1360
0,0,CM3D2VRx64_Data\Mono\etc\mono\2.0\web.config,11686,534A9960,1360
0,0,CM3D2VRx64_Data\Mono\etc\mono\2.0\Browsers\Compat.browser,1605,2E178A0B,1360
0,0,CM3D2VRx64_Data\Mono\etc\mono\mconfig\config.xml,25817,80B2033A,1360
0,0,CM3D2VRx64_Data\Plugins\cm3d2_x64.dll,1516032,D01D1619,1360
0,0,CM3D2VRx64_Data\Plugins\device_hook.dll,116224,52D7B853,1361
0,0,CM3D2VRx64_Data\Plugins\LeapC.dll,2516992,FBDD3767,1360
0,0,CM3D2VRx64_Data\Plugins\openvr_api.dll,318272,44432E0F,1360
0,0,CM3D2VRx64_Data\Plugins\OVRGamepad.dll,12800,2C526135,1360
0,0,CM3D2VRx64_Data\Plugins\OVRPlugin.dll,399272,D560055D,1360
0,0,CM3D2VRx64_Data\Resources\unity default resources,1544700,7137E221,1360
0,0,CM3D2VRx64_Data\Resources\unity_builtin_extra,128416,EB7E12DB,1360
0,0,CM3D2x64_Data\Plugins\device_hook.dll,116224,52D7B853,1361
0,0,GameData\csv.arc,2414941,484A8A23,1361
0,0,GameData\material_vr.arc,6184,D2EAFD73,130
0,0,GameData\menu_vr.arc,3407,D3B43CF5,130
0,0,GameData\model_vr.arc,866449,B84B7620,130
0,0,GameData\texture_vr.arc,1111256,DF651968,130
