0,0,GameData\bg_vrcom.arc,69077604,61FCF2BB,1490
0,0,GameData\csv_vrcom.arc,27097,EF113DAE,1490
0,0,GameData\material_vrcom.arc,101212,4B51784D,1490
0,0,GameData\menu_vrcom.arc,55129,4BA04672,1490
0,0,GameData\model_vrcom.arc,8649833,44A6AB09,1490
0,0,GameData\motion_vrcom.arc,245705653,716FBFE8,1490
0,0,GameData\script_share_vrcom.arc,1745659,3E89EDB6,1490
0,0,GameData\sound_vrcom.arc,32434656,126A09A7,1490
0,0,GameData\texture_vrcom.arc,82622424,BC38FC62,1490
0,0,GameData\voice_vrcomA.arc,1134071451,403D4E06,1490
0,0,GameData\voice_vrcomB.arc,871469157,D8425361,1490
0,0,GameData\movie_vrcom\DVD_1_fix.ine,51502367,BD87128A,1490
0,0,GameData\movie_vrcom\DVD_2_fix.ine,99681344,B513F20F,1490
0,0,GameData\movie_vrcom\DVD_3_fix.ine,100909070,05B12EC6,1490
0,0,GameData\movie_vrcom\DVD_4_fix.ine,159820595,D4B30469,1490
0,0,GameData\movie_vrcom\DVD_5_fix.ine,279952093,AA46F128,1490
0,0,GameData\material_vr.arc,6184,D2EAFD73,130
0,0,GameData\menu_vr.arc,3407,D3B43CF5,130
0,0,GameData\model_vr.arc,866449,B84B7620,130
0,0,GameData\texture_vr.arc,1111256,DF651968,130