0,0,GameData\csv.arc,2021472,B8FC24A6,1311
0,0,GameData\paths.dat,1775,A7C8D802,1310
0,0,GameData\prioritymaterial.arc,111276,76884F48,1310
0,0,GameData\model_dlc071.arc,1573793,FAA2B9A1,100
0,0,GameData\model_dlc072.arc,910354,168015EB,100
0,0,GameData\script_cos003.arc,109454,28E16BDD,100
0,0,GameData\texture_cos003.arc,3072,41325A0B,100
0,0,GameData\texture_dlc071.arc,25612926,4DA80DA8,100
0,0,GameData\texture_dlc072.arc,39489622,693DAD69,100
0,0,GameData\voice_cos003.arc,52858404,A6FC81CE,100
0,0,GameData\csv_cos003.arc,411,D696BF5C,100
0,0,GameData\material_dlc071.arc,22538,CFA5B235,100
0,0,GameData\material_dlc072.arc,30657,672CA804,100
0,0,GameData\menu_dlc071.arc,22375,00733506,100
0,0,GameData\menu_dlc072.arc,22263,F3BD42D2,100
0,0,GameData\material_dlc073.arc,32888,05CF2842,100
0,0,GameData\menu_dlc073.arc,24630,F9BEEFCC,100
0,0,GameData\model_dlc073.arc,1248192,C392F5D5,100
0,0,GameData\texture_dlc073.arc,33251990,D92CA483,100
0,0,GameData\menu_dlc074.arc,10769,C070B789,100
0,0,GameData\model_dlc074.arc,345047,A2BAA7D2,100
0,0,GameData\texture_dlc074.arc,15858471,00655DDA,100
0,0,GameData\material_dlc074.arc,12635,E06077C9,100
