0,0,CM3D2OHVRx64.exe,20649984,0A92CEB6,1450
0,0,CM3D2OHVRx64_DirectToRift.exe,465408,ED45B3A7,1450
0,0,CM3D2OHVRx64_Data\globalgamemanagers,1435156,56DE942A,1450
0,0,CM3D2OHVRx64_Data\globalgamemanagers.assets,138108,8093848C,1450
0,0,CM3D2OHVRx64_Data\level0,189228,8B8744FF,1450
0,0,CM3D2OHVRx64_Data\level1,207204,4065E9DA,1450
0,0,CM3D2OHVRx64_Data\level10,548252,6865E1A3,1450
0,0,CM3D2OHVRx64_Data\level11,4640,87DE3964,1450
0,0,CM3D2OHVRx64_Data\level12,191852,C3575CA5,1450
0,0,CM3D2OHVRx64_Data\level13,4640,9F76ECCE,1450
0,0,CM3D2OHVRx64_Data\level14,209972,6CB33CB2,1450
0,0,CM3D2OHVRx64_Data\level15,304540,7FCA9AF0,1450
0,0,CM3D2OHVRx64_Data\level16,451436,3A881E07,1450
0,0,CM3D2OHVRx64_Data\level17,215340,81A94879,1450
0,0,CM3D2OHVRx64_Data\level18,537844,0C7991C2,1450
0,0,CM3D2OHVRx64_Data\level19,273084,8F9F0952,1450
0,0,CM3D2OHVRx64_Data\level2,287644,95C65A99,1450
0,0,CM3D2OHVRx64_Data\level20,660292,6F9151EB,1450
0,0,CM3D2OHVRx64_Data\level21,1291580,0AA1BB59,1450
0,0,CM3D2OHVRx64_Data\level22,519500,CAD9FB04,1450
0,0,CM3D2OHVRx64_Data\level23,612484,27D82515,1450
0,0,CM3D2OHVRx64_Data\level24,843692,31CE12E2,1450
0,0,CM3D2OHVRx64_Data\level25,704636,59A46F25,1450
0,0,CM3D2OHVRx64_Data\level26,551796,0C72E3F0,1450
0,0,CM3D2OHVRx64_Data\level27,826852,80332151,1450
0,0,CM3D2OHVRx64_Data\level3,597268,0C3739A0,1450
0,0,CM3D2OHVRx64_Data\level4,620148,B5843FE2,1450
0,0,CM3D2OHVRx64_Data\level5,190276,4B4818A1,1450
0,0,CM3D2OHVRx64_Data\level6,234348,E67FC182,1450
0,0,CM3D2OHVRx64_Data\level7,189780,165BBCF5,1450
0,0,CM3D2OHVRx64_Data\level8,217228,6526372A,1450
0,0,CM3D2OHVRx64_Data\level9,190812,0112FB54,1450
0,0,CM3D2OHVRx64_Data\resources.assets,253369136,C3E6E37B,1450
0,0,CM3D2OHVRx64_Data\resources.assets.resS,413182872,AA6B19DA,1450
0,0,CM3D2OHVRx64_Data\sharedassets0.assets,16483048,66E14E86,1450
0,0,CM3D2OHVRx64_Data\sharedassets0.assets.resS,121728032,217CBB40,1450
0,0,CM3D2OHVRx64_Data\sharedassets1.assets,5920,BDC5B76A,1450
0,0,CM3D2OHVRx64_Data\sharedassets10.assets,6244,8B0B9AAA,1450
0,0,CM3D2OHVRx64_Data\sharedassets11.assets,4132,60227D03,1450
0,0,CM3D2OHVRx64_Data\sharedassets12.assets,5824,EC4C0ECF,1450
0,0,CM3D2OHVRx64_Data\sharedassets13.assets,4132,F03FDBA9,1450
0,0,CM3D2OHVRx64_Data\sharedassets14.assets,6544,4D30AA8D,1450
0,0,CM3D2OHVRx64_Data\sharedassets15.assets,5788,6D3E50FF,1450
0,0,CM3D2OHVRx64_Data\sharedassets16.assets,215280,41E44A20,1450
0,0,CM3D2OHVRx64_Data\sharedassets16.assets.resS,51968,C41BC4E7,1450
0,0,CM3D2OHVRx64_Data\sharedassets17.assets,5860,D9162FAE,1450
0,0,CM3D2OHVRx64_Data\sharedassets18.assets,74160,C88EF0B4,1450
0,0,CM3D2OHVRx64_Data\sharedassets19.assets,6004,AF9ED4BB,1450
0,0,CM3D2OHVRx64_Data\sharedassets2.assets,6136,4D092149,1450
0,0,CM3D2OHVRx64_Data\sharedassets20.assets,8128,D3C3DA8A,1450
0,0,CM3D2OHVRx64_Data\sharedassets21.assets,6580,6AC3117F,1450
0,0,CM3D2OHVRx64_Data\sharedassets22.assets,39511712,6EAE92CE,1450
0,0,CM3D2OHVRx64_Data\sharedassets23.assets,67700952,6FC2CEF8,1450
0,0,CM3D2OHVRx64_Data\sharedassets24.assets,67690184,90B6FD37,1450
0,0,CM3D2OHVRx64_Data\sharedassets25.assets,47233820,81E6E6B1,1450
0,0,CM3D2OHVRx64_Data\sharedassets25.resource,3813344,7B95E5D4,1450
0,0,CM3D2OHVRx64_Data\sharedassets26.assets,80174972,A6B7960B,1450
0,0,CM3D2OHVRx64_Data\sharedassets27.assets,84139364,A8BBB30D,1450
0,0,CM3D2OHVRx64_Data\sharedassets3.assets,1310240,8C20E5A7,1450
0,0,CM3D2OHVRx64_Data\sharedassets4.assets,6448,F43E433B,1450
0,0,CM3D2OHVRx64_Data\sharedassets5.assets,5788,B95FD8B4,1450
0,0,CM3D2OHVRx64_Data\sharedassets6.assets,6268,970C61B4,1450
0,0,CM3D2OHVRx64_Data\sharedassets7.assets,5764,EFADF66B,1450
0,0,CM3D2OHVRx64_Data\sharedassets8.assets,5788,D060C9D7,1450
0,0,CM3D2OHVRx64_Data\sharedassets9.assets,5812,98A7C6B7,1450
0,0,CM3D2OHVRx64_Data\Managed\Accessibility.dll,10752,594EE943,1450
0,0,CM3D2OHVRx64_Data\Managed\Assembly-CSharp-firstpass.dll,695808,A014458E,1450
0,0,CM3D2OHVRx64_Data\Managed\Assembly-CSharp.dll,2659328,740E5854,1450
0,0,CM3D2OHVRx64_Data\Managed\Assembly-UnityScript-firstpass.dll,65024,344BA517,1450
0,0,CM3D2OHVRx64_Data\Managed\Boo.Lang.dll,126976,9ADD3789,1450
0,0,CM3D2OHVRx64_Data\Managed\Ionic.Zlib.dll,102400,7C9E7DD2,1450
0,0,CM3D2OHVRx64_Data\Managed\JsonFx.Json.dll,70144,A0F0CFCB,1450
0,0,CM3D2OHVRx64_Data\Managed\LeapCSharp.NET3.5.dll,82432,38E38212,1450
0,0,CM3D2OHVRx64_Data\Managed\Mono.Data.Tds.dll,96256,DDA7BAB7,1450
0,0,CM3D2OHVRx64_Data\Managed\Mono.Posix.dll,184320,C7063ABB,1450
0,0,CM3D2OHVRx64_Data\Managed\Mono.Security.dll,294912,8C7E67B3,1450
0,0,CM3D2OHVRx64_Data\Managed\Mono.WebBrowser.dll,172032,541986C3,1450
0,0,CM3D2OHVRx64_Data\Managed\mscorlib.dll,2589696,AFA570E5,1450
0,0,CM3D2OHVRx64_Data\Managed\System.Configuration.dll,124928,D5F2A804,1450
0,0,CM3D2OHVRx64_Data\Managed\System.Core.dll,297472,BCE2218F,1450
0,0,CM3D2OHVRx64_Data\Managed\System.Data.dll,856064,F1D38D2E,1450
0,0,CM3D2OHVRx64_Data\Managed\System.dll,1679360,288F722A,1450
0,0,CM3D2OHVRx64_Data\Managed\System.Drawing.Design.dll,29696,E7B53FF9,1450
0,0,CM3D2OHVRx64_Data\Managed\System.Drawing.dll,448512,C4B2E872,1450
0,0,CM3D2OHVRx64_Data\Managed\System.EnterpriseServices.dll,46592,75A19B93,1450
0,0,CM3D2OHVRx64_Data\Managed\System.Security.dll,135168,365C74A7,1450
0,0,CM3D2OHVRx64_Data\Managed\System.Transactions.dll,27648,203D65C1,1450
0,0,CM3D2OHVRx64_Data\Managed\System.Windows.Forms.dll,3053568,56394001,1450
0,0,CM3D2OHVRx64_Data\Managed\System.Xml.dll,1270272,9B79033F,1450
0,0,CM3D2OHVRx64_Data\Managed\System.Xml.Linq.dll,106496,B3ACF139,1450
0,0,CM3D2OHVRx64_Data\Managed\UnityEngine.dll,972800,B3EB425F,1450
0,0,CM3D2OHVRx64_Data\Managed\UnityEngine.dll.mdb,353934,02424F6C,1450
0,0,CM3D2OHVRx64_Data\Managed\UnityEngine.Networking.dll,230912,EBC88F56,1450
0,0,CM3D2OHVRx64_Data\Managed\UnityEngine.UI.dll,219136,8E43BC11,1450
0,0,CM3D2OHVRx64_Data\Managed\UnityScript.Lang.dll,14336,13EE284D,1450
0,0,CM3D2OHVRx64_Data\Managed\zxing.unity.dll,430592,9FD1F198,1450
0,0,CM3D2OHVRx64_Data\Mono\mono.dll,2612696,2A5A1006,1450
0,0,CM3D2OHVRx64_Data\Mono\etc\mono\browscap.ini,311984,CE6C0AB3,1450
0,0,CM3D2OHVRx64_Data\Mono\etc\mono\config,1691,A635914A,1450
0,0,CM3D2OHVRx64_Data\Mono\etc\mono\1.0\DefaultWsdlHelpGenerator.aspx,58196,10E814BF,1450
0,0,CM3D2OHVRx64_Data\Mono\etc\mono\1.0\machine.config,17258,EDE1AC59,1450
0,0,CM3D2OHVRx64_Data\Mono\etc\mono\2.0\DefaultWsdlHelpGenerator.aspx,60453,F3869A34,1450
0,0,CM3D2OHVRx64_Data\Mono\etc\mono\2.0\machine.config,27625,73C91C24,1450
0,0,CM3D2OHVRx64_Data\Mono\etc\mono\2.0\settings.map,2618,A1A3C29F,1450
0,0,CM3D2OHVRx64_Data\Mono\etc\mono\2.0\web.config,11686,534A9960,1450
0,0,CM3D2OHVRx64_Data\Mono\etc\mono\2.0\Browsers\Compat.browser,1605,2E178A0B,1450
0,0,CM3D2OHVRx64_Data\Mono\etc\mono\mconfig\config.xml,25817,80B2033A,1450
0,0,CM3D2OHVRx64_Data\Plugins\cm3d2_hole_x64.dll,339968,09BB14AC,1450
0,0,CM3D2OHVRx64_Data\Plugins\cm3d2_x64.dll,1544192,1FEE76CF,1450
0,0,CM3D2OHVRx64_Data\Plugins\device_hook.dll,392704,C273C518,1450
0,0,CM3D2OHVRx64_Data\Plugins\LeapC.dll,2516992,FBDD3767,1450
0,0,CM3D2OHVRx64_Data\Plugins\openvr_api.dll,318272,44432E0F,1450
0,0,CM3D2OHVRx64_Data\Plugins\OVRGamepad.dll,12800,2C526135,1450
0,0,CM3D2OHVRx64_Data\Plugins\OVRPlugin.dll,1894312,38EDD831,1450
0,0,CM3D2OHVRx64_Data\Resources\unity default resources,1544700,7137E221,1450
0,0,CM3D2OHVRx64_Data\Resources\unity_builtin_extra,142196,DF9A5755,1450
0,0,GameData\material_vr.arc,6184,D2EAFD73,130
0,0,GameData\menu_vr.arc,3407,D3B43CF5,130
0,0,GameData\model_vr.arc,866449,B84B7620,130
0,0,GameData\texture_vr.arc,1111256,DF651968,130
