0,0,CM3D2OH.exe,7707136,A913B79B,1007
0,0,CM3D2OHx86.exe,11632128,19E472F9,131
0,0,CM3D2OHx86_Data\level0,165088,185E7108,1310
0,0,CM3D2OHx86_Data\level1,233232,1D8CF7B7,1310
0,0,CM3D2OHx86_Data\level10,4376,CADE61D2,1310
0,0,CM3D2OHx86_Data\level11,153896,211D8490,1310
0,0,CM3D2OHx86_Data\level12,4376,B5A1A073,1310
0,0,CM3D2OHx86_Data\level13,162224,8939DFD0,1310
0,0,CM3D2OHx86_Data\level14,224968,956D9083,1310
0,0,CM3D2OHx86_Data\level15,366096,DA96A0AC,1310
0,0,CM3D2OHx86_Data\level16,171304,9523A2C2,1310
0,0,CM3D2OHx86_Data\level17,443688,551CA37C,1310
0,0,CM3D2OHx86_Data\level18,214408,3D32B974,1310
0,0,CM3D2OHx86_Data\level19,552280,7D816DB6,1310
0,0,CM3D2OHx86_Data\level2,488752,19E2DB05,1310
0,0,CM3D2OHx86_Data\level20,640960,E564C957,1310
0,0,CM3D2OHx86_Data\level21,431480,A1119671,1310
0,0,CM3D2OHx86_Data\level3,558632,66660C68,1310
0,0,CM3D2OHx86_Data\level4,151240,0EA657FF,1310
0,0,CM3D2OHx86_Data\level5,187856,A3197C8A,1310
0,0,CM3D2OHx86_Data\level6,150816,6A4D8E7A,1310
0,0,CM3D2OHx86_Data\level7,175176,81EBA8EF,1310
0,0,CM3D2OHx86_Data\level8,151248,B248E32F,1310
0,0,CM3D2OHx86_Data\level9,453488,CE8B748C,1310
0,0,CM3D2OHx86_Data\mainData,987008,75526ADE,1310
0,0,CM3D2OHx86_Data\PlayerConnectionConfigFile,21,AFAA6CBB,1310
0,0,CM3D2OHx86_Data\resources.assets,229300788,A94EADC4,1310
0,0,CM3D2OHx86_Data\sharedassets0.assets,237163536,B87E2E7B,1310
0,0,CM3D2OHx86_Data\sharedassets1.assets,6649276,73AB793D,1310
0,0,CM3D2OHx86_Data\sharedassets10.assets,4553936,A513663C,1310
0,0,CM3D2OHx86_Data\sharedassets11.assets,4112,EB60A5B0,1310
0,0,CM3D2OHx86_Data\sharedassets12.assets,4200912,F2A9D58A,1310
0,0,CM3D2OHx86_Data\sharedassets13.assets,4112,E562B0D6,1310
0,0,CM3D2OHx86_Data\sharedassets14.assets,52085680,463B99CC,1310
0,0,CM3D2OHx86_Data\sharedassets15.assets,3691764,AC116C9A,1310
0,0,CM3D2OHx86_Data\sharedassets16.assets,1587644,EF5F141F,1310
0,0,CM3D2OHx86_Data\sharedassets17.assets,5336,4F955E91,1310
0,0,CM3D2OHx86_Data\sharedassets18.assets,72640,1940B936,1310
0,0,CM3D2OHx86_Data\sharedassets19.assets,5424,ECE1DC99,1310
0,0,CM3D2OHx86_Data\sharedassets2.assets,10497772,847BD174,1310
0,0,CM3D2OHx86_Data\sharedassets20.assets,1423756,5C988DD6,1310
0,0,CM3D2OHx86_Data\sharedassets21.assets,5648,A6E4ED9C,1310
0,0,CM3D2OHx86_Data\sharedassets22.assets,39509480,D9BC5817,1310
0,0,CM3D2OHx86_Data\sharedassets3.assets,36843908,1F502F08,1310
0,0,CM3D2OHx86_Data\sharedassets4.assets,6952156,257CFF0B,1310
0,0,CM3D2OHx86_Data\sharedassets5.assets,503352,5F0F8108,1310
0,0,CM3D2OHx86_Data\sharedassets6.assets,11891564,C746948A,1310
0,0,CM3D2OHx86_Data\sharedassets7.assets,466324,6118C264,1310
0,0,CM3D2OHx86_Data\sharedassets8.assets,5296,E02277E0,1310
0,0,CM3D2OHx86_Data\sharedassets9.assets,927416,B2DCD6C5,1310
0,0,CM3D2OHx86_Data\Managed\Accessibility.dll,10752,C80413DC,1310
0,0,CM3D2OHx86_Data\Managed\Assembly-CSharp-firstpass.dll,176128,B1F64D22,1310
0,0,CM3D2OHx86_Data\Managed\Assembly-CSharp.dll,2105856,435D953F,1310
0,0,CM3D2OHx86_Data\Managed\Assembly-UnityScript-firstpass.dll,65024,6FD3D65F,1310
0,0,CM3D2OHx86_Data\Managed\Boo.Lang.dll,126976,E379C12B,1310
0,0,CM3D2OHx86_Data\Managed\JsonFx.Json.dll,70144,A0F0CFCB,1310
0,0,CM3D2OHx86_Data\Managed\Mono.Data.Tds.dll,96256,10E297D4,1310
0,0,CM3D2OHx86_Data\Managed\Mono.Posix.dll,184320,82B6C163,1310
0,0,CM3D2OHx86_Data\Managed\Mono.Security.dll,294912,C759B90F,1310
0,0,CM3D2OHx86_Data\Managed\Mono.WebBrowser.dll,172032,3BD66294,1310
0,0,CM3D2OHx86_Data\Managed\mscorlib.dll,2590208,54064D59,1310
0,0,CM3D2OHx86_Data\Managed\System.Configuration.dll,124928,CA10261D,1310
0,0,CM3D2OHx86_Data\Managed\System.Core.dll,300032,615F5AFE,1310
0,0,CM3D2OHx86_Data\Managed\System.Data.dll,856064,E7FF9373,1310
0,0,CM3D2OHx86_Data\Managed\System.dll,1678848,0F9C1035,1310
0,0,CM3D2OHx86_Data\Managed\System.Drawing.Design.dll,29696,E7B53FF9,1310
0,0,CM3D2OHx86_Data\Managed\System.Drawing.dll,448512,C4B2E872,1310
0,0,CM3D2OHx86_Data\Managed\System.EnterpriseServices.dll,46592,4FFDA4D6,1310
0,0,CM3D2OHx86_Data\Managed\System.Security.dll,135168,B020F0F1,1310
0,0,CM3D2OHx86_Data\Managed\System.Transactions.dll,27648,E3B069A5,1310
0,0,CM3D2OHx86_Data\Managed\System.Windows.Forms.dll,3053568,56394001,1310
0,0,CM3D2OHx86_Data\Managed\System.Xml.dll,1270272,C76991B8,1310
0,0,CM3D2OHx86_Data\Managed\System.Xml.Linq.dll,106496,1E91F41B,1310
0,0,CM3D2OHx86_Data\Managed\UnityEngine.dll,614912,EDA0EE35,1310
0,0,CM3D2OHx86_Data\Managed\UnityEngine.UI.dll,176128,59066003,1310
0,0,CM3D2OHx86_Data\Managed\UnityScript.Lang.dll,14336,7309FF69,1310
0,0,CM3D2OHx86_Data\Mono\mono.dll,2103296,6E4591F8,1310
0,0,CM3D2OHx86_Data\Mono\etc\mono\browscap.ini,311984,CE6C0AB3,1310
0,0,CM3D2OHx86_Data\Mono\etc\mono\config,1691,A635914A,1310
0,0,CM3D2OHx86_Data\Mono\etc\mono\1.0\DefaultWsdlHelpGenerator.aspx,58196,10E814BF,1310
0,0,CM3D2OHx86_Data\Mono\etc\mono\1.0\machine.config,17259,82F1AD8B,1310
0,0,CM3D2OHx86_Data\Mono\etc\mono\2.0\DefaultWsdlHelpGenerator.aspx,60453,F3869A34,1310
0,0,CM3D2OHx86_Data\Mono\etc\mono\2.0\machine.config,27626,4F6C3F79,1310
0,0,CM3D2OHx86_Data\Mono\etc\mono\2.0\settings.map,2618,A1A3C29F,1310
0,0,CM3D2OHx86_Data\Mono\etc\mono\2.0\web.config,11686,534A9960,1310
0,0,CM3D2OHx86_Data\Mono\etc\mono\2.0\Browsers\Compat.browser,1605,2E178A0B,1310
0,0,CM3D2OHx86_Data\Mono\etc\mono\mconfig\config.xml,25817,80B2033A,1310
0,0,CM3D2OHx86_Data\Plugins\cm3d2_hole_x86.dll,266240,5C01E01F,1310
0,0,CM3D2OHx86_Data\Plugins\cm3d2_x86.dll,1307648,DDFFECE1,1310
0,0,CM3D2OHx86_Data\Plugins\device_hook.dll,77312,7EEF9868,1310
0,0,CM3D2OHx86_Data\Resources\unity default resources,1571709,31020360,1310
0,0,CM3D2OHx86_Data\Resources\unity_builtin_extra,372672,B51FCBBC,1310
0,0,GameData\bg_pp001_2.arc,1237157,C9D912F7,1220
0,0,GameData\csv.arc,2021472,1193AE15,1310
0,0,GameData\csv_addpose001.arc,1235,D06FCA6D,1220
0,0,GameData\csv_cbl.arc,398847,05DCF997,1310
0,0,GameData\csv_vp001_2.arc,2082,25E58CEB,1160
0,0,GameData\material2.arc,196884,BED668DB,1220
0,0,GameData\material_denkigai2015s003_2.arc,7106,0C82D791,1150
0,0,GameData\material_dlc055_2.arc,5282,11A93109,1280
0,0,GameData\material_dlsite_2.arc,1762,C5A837EA,1150
0,0,GameData\material_shop001_2.arc,1762,D98CED1C,1150
0,0,GameData\material_shop002_2.arc,1762,956BB00E,1150
0,0,GameData\material_shop003_2.arc,1762,38CEBFF2,1150
0,0,GameData\material_shop005_2.arc,1714,3E621A32,1150
0,0,GameData\material_shop007_2.arc,2578,C8CE627C,1150
0,0,GameData\material_vp001_2.arc,9554,066C9CA9,1150
0,0,GameData\material_yomeido003_2.arc,1522,0689A7AC,1240
0,0,GameData\menu2.arc,223728,517493E9,1310
0,0,GameData\menu_denkigai2015s001_2.arc,6594,8B3E849F,1160
0,0,GameData\menu_denkigai2015s003_2.arc,4338,D294CE88,1150
0,0,GameData\menu_dlc026_2.arc,3778,69453D54,1190
0,0,GameData\menu_dlc028_2.arc,3874,DE3F1C31,1200
0,0,GameData\menu_dlc061_2.arc,3810,F99C1D4E,1290
0,0,GameData\menu_dlsite_2.arc,1954,B2268BA7,1150
0,0,GameData\menu_personal002_2.arc,1282,5687650C,1310
0,0,GameData\menu_shop001_2.arc,3314,35207C87,1150
0,0,GameData\menu_shop005_2.arc,1378,0C9AF725,1150
0,0,GameData\menu_vp001_2.arc,18546,5FFF33DA,1150
0,0,GameData\menu_yomeido003_2.arc,1234,4D6F619D,1240
0,0,GameData\menu_yomeidogp_wedding_2.arc,1266,A1CA3BA5,1290
0,0,GameData\model2.arc,12131735,DE965C29,1270
0,0,GameData\model_denkigai2015s003_2.arc,394665,41A48185,1150
0,0,GameData\model_dlc005_2.arc,175424,F7DD7D82,1270
0,0,GameData\model_dlc046_2.arc,155690,83B34173,1220
0,0,GameData\model_dlsite_2.arc,197173,24366C43,1150
0,0,GameData\model_shop001_2.arc,115215,9C941FAF,1150
0,0,GameData\model_shop002_2.arc,251253,743C3D97,1150
0,0,GameData\model_shop003_2.arc,185433,A15EC70A,1150
0,0,GameData\model_shop005_2.arc,150103,FB5341FA,1150
0,0,GameData\model_shop007_2.arc,288759,80615CBD,1150
0,0,GameData\model_vp001_2.arc,290407,A19508D6,1150
0,0,GameData\motion_cbl2.arc,434674,212D7235,1270
0,0,GameData\motion_cbl_addpose001.arc,902201,447E5863,1220
0,0,GameData\motion_cbl_vp001_2.arc,141603,80D0D160,1160
0,0,GameData\motion_cbl_ytgc002_2.arc,2475220,008FABF0,1160
0,0,GameData\paths.dat,1775,A7C8D802,1310
0,0,GameData\prioritymaterial.arc,111276,76884F48,1310
0,0,GameData\script_cbl.arc,1948906,6047BEE7,1310
0,0,GameData\script_cbl_addpose001.arc,1219,0C884F57,1220
0,0,GameData\script_cbl_personal001_2.arc,340451,B4150145,1260
0,0,GameData\texture3.arc,7681569,8D7CB462,1310
0,0,GameData\texture_addpose001.arc,23943,1D529A44,1220
0,0,GameData\texture_dlc004_2.arc,4805734,C8E5CFB4,1200
0,0,GameData\texture_dlc046_2.arc,596960,FC606BA5,1220
0,0,GameData\texture_vp001_2.arc,562695,D458C6A6,1300
0,0,GameData\texture_yomeido003_2.arc,117248,0EE72B42,1240
0,0,GameData\sound2.arc,7402763,5D761564,1170
0,0,GameData\voice_cbl2.arc,9627083,76D43E7B,1090
0,0,manual\data\005.png,459612,3AF928C5,1170
0,0,manual\data\010.png,800070,5269304C,1170
0,0,PhotoModeData\Mod\Motion\readme.txt,146,3BF5AF4D,1220
0,0,Preset\8_ren_1_yosiko.preset,55432,D54FD70C,1220
0,0,Preset\8_ren_2_ayumi.preset,51097,3C44F9DB,1220
0,0,Preset\8_ren_3_sakura.preset,52635,33F54D90,1220
0,0,Preset\8_ren_4_ai.preset,46819,9B6E5960,1220
