0,0,CM3D2.exe,7793664,D44E2FA5,1007
0,0,CM3D2VRx64.exe,14915584,F9649DA5,128
0,0,CM3D2VRx64_DirectToRift.exe,465408,ED45B3A7,128
0,0,LICENSE,3453,541AF859,128
0,0,CM3D2VRx64_Data\level0,165104,8EB03AB2,128
0,0,CM3D2VRx64_Data\level1,168408,E26E1388,128
0,0,CM3D2VRx64_Data\level10,150832,771EDFA9,128
0,0,CM3D2VRx64_Data\level11,175192,5DB5512D,128
0,0,CM3D2VRx64_Data\level12,151264,9ABEFFEA,128
0,0,CM3D2VRx64_Data\level13,473256,FE1C5D71,128
0,0,CM3D2VRx64_Data\level14,4376,3C01B194,128
0,0,CM3D2VRx64_Data\level15,153912,0C15B8B5,128
0,0,CM3D2VRx64_Data\level16,4376,5BAB4085,128
0,0,CM3D2VRx64_Data\level17,162272,AD6DE2FE,128
0,0,CM3D2VRx64_Data\level18,224984,B7C27BD7,128
0,0,CM3D2VRx64_Data\level19,366112,1CD2E3C7,128
0,0,CM3D2VRx64_Data\level2,367656,0352323B,128
0,0,CM3D2VRx64_Data\level20,171320,73AF2519,128
0,0,CM3D2VRx64_Data\level21,443704,DF98B04B,128
0,0,CM3D2VRx64_Data\level22,214424,D69E714B,128
0,0,CM3D2VRx64_Data\level23,237200,9EB78943,128
0,0,CM3D2VRx64_Data\level24,170312,FC0D7117,128
0,0,CM3D2VRx64_Data\level25,552296,DFA58573,128
0,0,CM3D2VRx64_Data\level26,640976,420C8CAF,128
0,0,CM3D2VRx64_Data\level27,431496,E592C924,128
0,0,CM3D2VRx64_Data\level3,488768,341233D4,128
0,0,CM3D2VRx64_Data\level4,558648,EE53A6EA,128
0,0,CM3D2VRx64_Data\level5,151256,90FC0E60,128
0,0,CM3D2VRx64_Data\level6,298040,F0F4F355,128
0,0,CM3D2VRx64_Data\level7,191680,D30ADE25,128
0,0,CM3D2VRx64_Data\level8,187872,6371A94E,128
0,0,CM3D2VRx64_Data\level9,160864,B8FB3F74,128
0,0,CM3D2VRx64_Data\mainData,981416,28E7E8A0,128
0,0,CM3D2VRx64_Data\PlayerConnectionConfigFile,20,DE5D0348,128
0,0,CM3D2VRx64_Data\resources.assets,224270280,BB6C62E4,128
0,0,CM3D2VRx64_Data\sharedassets0.assets,237166976,D88311F0,128
0,0,CM3D2VRx64_Data\sharedassets1.assets,6649276,4154B753,128
0,0,CM3D2VRx64_Data\sharedassets10.assets,5272,2D2F1547,128
0,0,CM3D2VRx64_Data\sharedassets11.assets,466324,957396B5,128
0,0,CM3D2VRx64_Data\sharedassets12.assets,5296,EB19F07E,128
0,0,CM3D2VRx64_Data\sharedassets13.assets,927416,A789BC38,128
0,0,CM3D2VRx64_Data\sharedassets14.assets,2458064,7BFD1D67,128
0,0,CM3D2VRx64_Data\sharedassets15.assets,4112,AFC2ECF8,128
0,0,CM3D2VRx64_Data\sharedassets16.assets,4200912,00812D7D,128
0,0,CM3D2VRx64_Data\sharedassets17.assets,4112,85D5607B,128
0,0,CM3D2VRx64_Data\sharedassets18.assets,49608480,9A4FD754,128
0,0,CM3D2VRx64_Data\sharedassets19.assets,3691764,BBBC658B,128
0,0,CM3D2VRx64_Data\sharedassets2.assets,3514212,B0A8D2DC,128
0,0,CM3D2VRx64_Data\sharedassets20.assets,1587644,6AEDD387,128
0,0,CM3D2VRx64_Data\sharedassets21.assets,5336,A63BA865,128
0,0,CM3D2VRx64_Data\sharedassets22.assets,72640,2B78F8A9,128
0,0,CM3D2VRx64_Data\sharedassets23.assets,5424,6470E58C,128
0,0,CM3D2VRx64_Data\sharedassets24.assets,5344,6C141D13,128
0,0,CM3D2VRx64_Data\sharedassets25.assets,5344,557F227A,128
0,0,CM3D2VRx64_Data\sharedassets26.assets,1423756,555F345B,128
0,0,CM3D2VRx64_Data\sharedassets27.assets,5648,DBFE8212,128
0,0,CM3D2VRx64_Data\sharedassets28.assets,39509480,5E5F2E34,128
0,0,CM3D2VRx64_Data\sharedassets3.assets,16005664,D9A6B2E8,128
0,0,CM3D2VRx64_Data\sharedassets4.assets,36843908,2C139441,128
0,0,CM3D2VRx64_Data\sharedassets5.assets,6952156,E25BAE37,128
0,0,CM3D2VRx64_Data\sharedassets6.assets,503352,B4A74E1F,128
0,0,CM3D2VRx64_Data\sharedassets7.assets,5472,BFCB231D,128
0,0,CM3D2VRx64_Data\sharedassets8.assets,355452,0928FF52,128
0,0,CM3D2VRx64_Data\sharedassets9.assets,11891564,DAB157C9,128
0,0,CM3D2VRx64_Data\Managed\Accessibility.dll,10752,A358E135,128
0,0,CM3D2VRx64_Data\Managed\Assembly-CSharp-firstpass.dll,171520,4CD3FF9B,128
0,0,CM3D2VRx64_Data\Managed\Assembly-CSharp.dll,2186240,0849E0FE,128
0,0,CM3D2VRx64_Data\Managed\Assembly-UnityScript-firstpass.dll,65024,A6608A31,128
0,0,CM3D2VRx64_Data\Managed\Boo.Lang.dll,126976,B1FDC6B6,128
0,0,CM3D2VRx64_Data\Managed\JsonFx.Json.dll,70144,A0F0CFCB,128
0,0,CM3D2VRx64_Data\Managed\Mono.Data.Tds.dll,96256,DE9FBD55,128
0,0,CM3D2VRx64_Data\Managed\Mono.Posix.dll,184320,A333AAF5,128
0,0,CM3D2VRx64_Data\Managed\Mono.Security.dll,294912,D5BB48FC,128
0,0,CM3D2VRx64_Data\Managed\Mono.WebBrowser.dll,172032,5D310803,128
0,0,CM3D2VRx64_Data\Managed\mscorlib.dll,2590208,5A5FF75C,128
0,0,CM3D2VRx64_Data\Managed\System.Configuration.dll,124928,F88CF714,128
0,0,CM3D2VRx64_Data\Managed\System.Core.dll,300032,0504C277,128
0,0,CM3D2VRx64_Data\Managed\System.Data.dll,856064,1DE4F5EB,128
0,0,CM3D2VRx64_Data\Managed\System.dll,1678848,08B8E16D,128
0,0,CM3D2VRx64_Data\Managed\System.Drawing.Design.dll,29696,E7B53FF9,128
0,0,CM3D2VRx64_Data\Managed\System.Drawing.dll,448512,C4B2E872,128
0,0,CM3D2VRx64_Data\Managed\System.EnterpriseServices.dll,46592,1B56067D,128
0,0,CM3D2VRx64_Data\Managed\System.Security.dll,135168,A9F5B9F1,128
0,0,CM3D2VRx64_Data\Managed\System.Transactions.dll,27648,DE82E2C6,128
0,0,CM3D2VRx64_Data\Managed\System.Windows.Forms.dll,3053568,56394001,128
0,0,CM3D2VRx64_Data\Managed\System.Xml.dll,1270272,BCE39995,128
0,0,CM3D2VRx64_Data\Managed\System.Xml.Linq.dll,106496,1062D683,128
0,0,CM3D2VRx64_Data\Managed\UnityEngine.dll,614912,6F2B6F30,128
0,0,CM3D2VRx64_Data\Managed\UnityEngine.UI.dll,176128,380C2545,128
0,0,CM3D2VRx64_Data\Managed\UnityScript.Lang.dll,14336,FAB8DDA9,128
0,0,CM3D2VRx64_Data\Mono\mono.dll,2601984,5E0870C0,128
0,0,CM3D2VRx64_Data\Mono\etc\mono\browscap.ini,311984,CE6C0AB3,128
0,0,CM3D2VRx64_Data\Mono\etc\mono\config,1691,A635914A,128
0,0,CM3D2VRx64_Data\Mono\etc\mono\1.0\DefaultWsdlHelpGenerator.aspx,58196,10E814BF,128
0,0,CM3D2VRx64_Data\Mono\etc\mono\1.0\machine.config,17259,82F1AD8B,128
0,0,CM3D2VRx64_Data\Mono\etc\mono\2.0\DefaultWsdlHelpGenerator.aspx,60453,F3869A34,128
0,0,CM3D2VRx64_Data\Mono\etc\mono\2.0\machine.config,27626,4F6C3F79,128
0,0,CM3D2VRx64_Data\Mono\etc\mono\2.0\settings.map,2618,A1A3C29F,128
0,0,CM3D2VRx64_Data\Mono\etc\mono\2.0\web.config,11686,534A9960,128
0,0,CM3D2VRx64_Data\Mono\etc\mono\2.0\Browsers\Compat.browser,1605,2E178A0B,128
0,0,CM3D2VRx64_Data\Mono\etc\mono\mconfig\config.xml,25817,80B2033A,128
0,0,CM3D2VRx64_Data\Plugins\cm3d2_x64.dll,1512960,0A8F8009,128
0,0,CM3D2VRx64_Data\Plugins\device_hook.dll,87552,65F0207E,128
0,0,CM3D2VRx64_Data\Plugins\OculusPlugin.dll,302080,B873E721,128
0,0,CM3D2VRx64_Data\Plugins\OVRGamepad.dll,12800,46477987,128
0,0,CM3D2VRx64_Data\Plugins\OVRPlugin.dll,354304,F04E9B58,128
0,0,CM3D2VRx64_Data\Resources\unity default resources,1571709,31020360,128
0,0,CM3D2VRx64_Data\Resources\unity_builtin_extra,372672,13813718,128
0,0,GameData\material_vr.arc,1393,E8F3D878,100
0,0,GameData\menu_vr.arc,1262,6510B03E,100
0,0,GameData\model_vr.arc,70824,C9DCB2E5,100
0,0,GameData\texture_vr.arc,470392,5F59D9B6,100
