0,0,CM3D2.exe,9558016,7808DA5C,1004
0,0,CM3D2VRx64.exe,14915584,F9649DA5,117
0,0,CM3D2VRx64_DirectToRift.exe,465408,ED45B3A7,117
0,0,LICENSE,3453,541AF859,117
0,0,CM3D2VRx64_Data\level0,154392,1D2C23D6,117
0,0,CM3D2VRx64_Data\level1,157712,09AADA02,117
0,0,CM3D2VRx64_Data\level10,140136,3E6A55D3,117
0,0,CM3D2VRx64_Data\level11,164480,E6003179,117
0,0,CM3D2VRx64_Data\level12,140552,BAE92B93,117
0,0,CM3D2VRx64_Data\level13,460736,40B76BC8,117
0,0,CM3D2VRx64_Data\level14,4376,3D86EC13,117
0,0,CM3D2VRx64_Data\level15,143200,F67651B4,117
0,0,CM3D2VRx64_Data\level16,4376,69ED09D6,117
0,0,CM3D2VRx64_Data\level17,151576,32B01D9B,117
0,0,CM3D2VRx64_Data\level18,193344,60147E67,117
0,0,CM3D2VRx64_Data\level19,353008,5BDDC097,117
0,0,CM3D2VRx64_Data\level2,355176,19897B02,117
0,0,CM3D2VRx64_Data\level20,160608,7AEAF0E7,117
0,0,CM3D2VRx64_Data\level21,431008,89B69D71,117
0,0,CM3D2VRx64_Data\level3,475304,BB00F69E,117
0,0,CM3D2VRx64_Data\level4,547936,8C3BFA9F,117
0,0,CM3D2VRx64_Data\level5,140544,E3FBBB73,117
0,0,CM3D2VRx64_Data\level6,287328,551BBA8D,117
0,0,CM3D2VRx64_Data\level7,180968,6A58E75D,117
0,0,CM3D2VRx64_Data\level8,177160,0C12ED88,117
0,0,CM3D2VRx64_Data\level9,150152,80EDF3A7,117
0,0,CM3D2VRx64_Data\mainData,872144,B0D4E102,117
0,0,CM3D2VRx64_Data\PlayerConnectionConfigFile,21,1E8FF136,117
0,0,CM3D2VRx64_Data\resources.assets,218131200,A8640F31,117
0,0,CM3D2VRx64_Data\sharedassets0.assets,237507784,76140720,117
0,0,CM3D2VRx64_Data\sharedassets1.assets,6998796,3CFB4D4A,117
0,0,CM3D2VRx64_Data\sharedassets10.assets,5256,3ABAD819,117
0,0,CM3D2VRx64_Data\sharedassets11.assets,466308,7550E5B7,117
0,0,CM3D2VRx64_Data\sharedassets12.assets,5280,C5000705,117
0,0,CM3D2VRx64_Data\sharedassets13.assets,927400,D03CCDD9,117
0,0,CM3D2VRx64_Data\sharedassets14.assets,2458016,EF7BA496,117
0,0,CM3D2VRx64_Data\sharedassets15.assets,4112,D08B830E,117
0,0,CM3D2VRx64_Data\sharedassets16.assets,4200896,3AB7F6CE,117
0,0,CM3D2VRx64_Data\sharedassets17.assets,4112,C4467E4F,117
0,0,CM3D2VRx64_Data\sharedassets18.assets,49616896,EBB920A5,117
0,0,CM3D2VRx64_Data\sharedassets19.assets,3691748,CF55946A,117
0,0,CM3D2VRx64_Data\sharedassets2.assets,3514196,10FDBA35,117
0,0,CM3D2VRx64_Data\sharedassets20.assets,1587628,AE11D9DD,117
0,0,CM3D2VRx64_Data\sharedassets21.assets,5328,F112FDBA,117
0,0,CM3D2VRx64_Data\sharedassets22.assets,72624,9A994106,117
0,0,CM3D2VRx64_Data\sharedassets3.assets,16004896,E9AFDF05,117
0,0,CM3D2VRx64_Data\sharedassets4.assets,36843892,4637ECCB,117
0,0,CM3D2VRx64_Data\sharedassets5.assets,6952140,C595A8DB,117
0,0,CM3D2VRx64_Data\sharedassets6.assets,503336,1CFAA49C,117
0,0,CM3D2VRx64_Data\sharedassets7.assets,5464,46F5B31B,117
0,0,CM3D2VRx64_Data\sharedassets8.assets,355444,7E2F892F,117
0,0,CM3D2VRx64_Data\sharedassets9.assets,11891548,2C18F7F2,117
0,0,CM3D2VRx64_Data\Managed\Accessibility.dll,10752,A358E135,117
0,0,CM3D2VRx64_Data\Managed\Assembly-CSharp-firstpass.dll,170496,6A858330,117
0,0,CM3D2VRx64_Data\Managed\Assembly-CSharp.dll,1918976,5A5E21EF,117
0,0,CM3D2VRx64_Data\Managed\Assembly-UnityScript-firstpass.dll,65024,CEC4E227,117
0,0,CM3D2VRx64_Data\Managed\Boo.Lang.dll,126976,B1FDC6B6,117
0,0,CM3D2VRx64_Data\Managed\JsonFx.Json.dll,70144,A0F0CFCB,117
0,0,CM3D2VRx64_Data\Managed\Mono.Data.Tds.dll,96256,DE9FBD55,117
0,0,CM3D2VRx64_Data\Managed\Mono.Posix.dll,184320,A333AAF5,117
0,0,CM3D2VRx64_Data\Managed\Mono.Security.dll,294912,D5BB48FC,117
0,0,CM3D2VRx64_Data\Managed\Mono.WebBrowser.dll,172032,5D310803,117
0,0,CM3D2VRx64_Data\Managed\mscorlib.dll,2590208,5A5FF75C,117
0,0,CM3D2VRx64_Data\Managed\System.Configuration.dll,124928,F88CF714,117
0,0,CM3D2VRx64_Data\Managed\System.Core.dll,300032,0504C277,117
0,0,CM3D2VRx64_Data\Managed\System.Data.dll,856064,1DE4F5EB,117
0,0,CM3D2VRx64_Data\Managed\System.dll,1678848,08B8E16D,117
0,0,CM3D2VRx64_Data\Managed\System.Drawing.Design.dll,29696,E7B53FF9,117
0,0,CM3D2VRx64_Data\Managed\System.Drawing.dll,448512,C4B2E872,117
0,0,CM3D2VRx64_Data\Managed\System.EnterpriseServices.dll,46592,1B56067D,117
0,0,CM3D2VRx64_Data\Managed\System.Security.dll,135168,A9F5B9F1,117
0,0,CM3D2VRx64_Data\Managed\System.Transactions.dll,27648,DE82E2C6,117
0,0,CM3D2VRx64_Data\Managed\System.Windows.Forms.dll,3053568,56394001,117
0,0,CM3D2VRx64_Data\Managed\System.Xml.dll,1270272,BCE39995,117
0,0,CM3D2VRx64_Data\Managed\System.Xml.Linq.dll,106496,1062D683,117
0,0,CM3D2VRx64_Data\Managed\UnityEngine.dll,614912,6F2B6F30,117
0,0,CM3D2VRx64_Data\Managed\UnityEngine.UI.dll,176128,380C2545,117
0,0,CM3D2VRx64_Data\Managed\UnityScript.Lang.dll,14336,FAB8DDA9,117
0,0,CM3D2VRx64_Data\Mono\mono.dll,2601984,5E0870C0,117
0,0,CM3D2VRx64_Data\Mono\etc\mono\browscap.ini,311984,CE6C0AB3,117
0,0,CM3D2VRx64_Data\Mono\etc\mono\config,1691,A635914A,117
0,0,CM3D2VRx64_Data\Mono\etc\mono\1.0\DefaultWsdlHelpGenerator.aspx,58196,10E814BF,117
0,0,CM3D2VRx64_Data\Mono\etc\mono\1.0\machine.config,17259,82F1AD8B,117
0,0,CM3D2VRx64_Data\Mono\etc\mono\2.0\DefaultWsdlHelpGenerator.aspx,60453,F3869A34,117
0,0,CM3D2VRx64_Data\Mono\etc\mono\2.0\machine.config,27626,4F6C3F79,117
0,0,CM3D2VRx64_Data\Mono\etc\mono\2.0\settings.map,2618,A1A3C29F,117
0,0,CM3D2VRx64_Data\Mono\etc\mono\2.0\web.config,11686,534A9960,117
0,0,CM3D2VRx64_Data\Mono\etc\mono\2.0\Browsers\Compat.browser,1605,2E178A0B,117
0,0,CM3D2VRx64_Data\Mono\etc\mono\mconfig\config.xml,25817,80B2033A,117
0,0,CM3D2VRx64_Data\Plugins\cm3d2_x64.dll,1505792,4FD5B91F,117
0,0,CM3D2VRx64_Data\Plugins\device_hook.dll,87552,65F0207E,117
0,0,CM3D2VRx64_Data\Plugins\OculusPlugin.dll,302080,B873E721,117
0,0,CM3D2VRx64_Data\Plugins\OVRGamepad.dll,12800,46477987,117
0,0,CM3D2VRx64_Data\Plugins\OVRPlugin.dll,354304,F04E9B58,117
0,0,CM3D2VRx64_Data\Resources\unity default resources,1571709,31020360,117
0,0,CM3D2VRx64_Data\Resources\unity_builtin_extra,372672,13813718,117
0,0,GameData\material_vr.arc,1393,E8F3D878,100
0,0,GameData\menu_vr.arc,1262,6510B03E,100
0,0,GameData\model_vr.arc,70824,C9DCB2E5,100
0,0,GameData\texture_vr.arc,470392,5F59D9B6,100
