0,0,GameData\paths.dat,3259,EC8EF819,1431
0,0,GameData\prioritymaterial.arc,150136,2D5EFF4E,1432
0,0,GameData\csv.arc,2646224,8CF0A30C,1431
0,0,GameData\script.arc,13610442,25FCC1C5,1432
0,0,GameData\material_dlc114.arc,24745,2C63BA5C,100
0,0,GameData\menu_dlc114.arc,21384,DD7D6C23,100
0,0,GameData\model_dlc114.arc,4147460,6E515EE5,100
0,0,GameData\texture_dlc114.arc,16259898,46E01466,100
0,0,GameData\material_dlc115.arc,24127,D2E8F6CB,100
0,0,GameData\menu_dlc115.arc,21373,79910D25,100
0,0,GameData\model_dlc115.arc,1542936,9F74C50D,100
0,0,GameData\texture_dlc115.arc,27660056,B193A206,100
0,0,GameData\material_dlc116.arc,22569,1172474B,100
0,0,GameData\menu_dlc116.arc,22384,0A76192B,100
0,0,GameData\model_dlc116.arc,1411473,1C5C33CE,100
0,0,GameData\texture_dlc116.arc,27417977,5D0CA6FA,100
0,0,GameData\material_dlc117.arc,8791,2EFC05C0,100
0,0,GameData\menu_dlc117.arc,5612,28FFBA46,100
0,0,GameData\model_dlc117.arc,180507,20A72748,100
0,0,GameData\texture_dlc117.arc,11919262,95B850E1,100
0,0,GameData\csv_cos009.arc,1886,4A72BA19,100
0,0,GameData\script_cos009.arc,92090,978E24D9,100
0,0,GameData\voice_cos009.arc,45678179,0DA3A2F6,100
