0,0,COM3D2.exe,6682624,9EB5434A,2006
0,0,COM3D2x64.exe,22841856,A9562BF9,1030
0,0,COM3D2x64_Data\app.info,27,F9A266E7,1470
0,0,COM3D2x64_Data\globalgamemanagers,4419236,2F475131,1470
0,0,COM3D2x64_Data\globalgamemanagers.assets,242644,AAA4FA4D,1470
0,0,COM3D2x64_Data\level0,325508,EB3D71FF,1470
0,0,COM3D2x64_Data\level1,348652,205966B4,1470
0,0,COM3D2x64_Data\level10,352364,714D9E35,1470
0,0,COM3D2x64_Data\level100,1030236,4D12043F,1470
0,0,COM3D2x64_Data\level101,1693580,9EC78438,1470
0,0,COM3D2x64_Data\level102,1644652,39D7F546,1470
0,0,COM3D2x64_Data\level103,1113428,0B309768,1470
0,0,COM3D2x64_Data\level104,1057100,434E7A2C,1470
0,0,COM3D2x64_Data\level105,1512556,9C69560C,1470
0,0,COM3D2x64_Data\level106,1611484,727F7635,1470
0,0,COM3D2x64_Data\level107,1054996,AC69778E,1470
0,0,COM3D2x64_Data\level108,970540,2D72A8B8,1470
0,0,COM3D2x64_Data\level109,1679492,41A6938D,1470
0,0,COM3D2x64_Data\level11,326020,7A9A575A,1470
0,0,COM3D2x64_Data\level110,1576300,7796718A,1470
0,0,COM3D2x64_Data\level111,472644,BAA1BC99,1470
0,0,COM3D2x64_Data\level112,492436,1DAF487D,1470
0,0,COM3D2x64_Data\level113,576300,68B63BD8,1470
0,0,COM3D2x64_Data\level12,393468,3B457941,1470
0,0,COM3D2x64_Data\level13,329132,2E9DCB24,1470
0,0,COM3D2x64_Data\level14,825644,AAC3C5C2,1470
0,0,COM3D2x64_Data\level15,7476,1DB6128A,1470
0,0,COM3D2x64_Data\level16,327964,EA66A617,1470
0,0,COM3D2x64_Data\level17,4664,BEE5A44E,1470
0,0,COM3D2x64_Data\level18,344652,D982DF53,1470
0,0,COM3D2x64_Data\level19,334348,13F151B4,1470
0,0,COM3D2x64_Data\level2,343484,6421237F,1470
0,0,COM3D2x64_Data\level20,955492,DA1A9436,1470
0,0,COM3D2x64_Data\level21,427172,5B1FBA50,1470
0,0,COM3D2x64_Data\level22,1085132,359902C6,1470
0,0,COM3D2x64_Data\level23,410652,6A90028E,1470
0,0,COM3D2x64_Data\level24,680988,717A798D,1470
0,0,COM3D2x64_Data\level25,347988,3F9EFAD5,1470
0,0,COM3D2x64_Data\level26,2187804,EF00FFCB,1470
0,0,COM3D2x64_Data\level27,1115140,3F7A000F,1470
0,0,COM3D2x64_Data\level28,347988,14190730,1470
0,0,COM3D2x64_Data\level29,1088412,C831CB66,1470
0,0,COM3D2x64_Data\level3,1200804,3D0142AF,1470
0,0,COM3D2x64_Data\level30,340612,6837D1C6,1470
0,0,COM3D2x64_Data\level31,447700,C3EE3705,1470
0,0,COM3D2x64_Data\level32,27904,A458467E,1470
0,0,COM3D2x64_Data\level32.resS,131232,851AC384,1470
0,0,COM3D2x64_Data\level33,51676,E3EA9053,1470
0,0,COM3D2x64_Data\level34,56036,17AFD447,1470
0,0,COM3D2x64_Data\level35,6832,09F9521C,1470
0,0,COM3D2x64_Data\level36,326412,4F01683D,1470
0,0,COM3D2x64_Data\level37,1576460,620CB3DC,1470
0,0,COM3D2x64_Data\level38,1433092,5D6C69C6,1470
0,0,COM3D2x64_Data\level39,1454692,7379ACE4,1470
0,0,COM3D2x64_Data\level4,1212956,3A5E3423,1470
0,0,COM3D2x64_Data\level40,444068,B77148FC,1470
0,0,COM3D2x64_Data\level41,395436,8A6350CD,1470
0,0,COM3D2x64_Data\level42,426596,AA9CD5B5,1470
0,0,COM3D2x64_Data\level43,1349924,813C0844,1470
0,0,COM3D2x64_Data\level44,1414380,5C24B988,1470
0,0,COM3D2x64_Data\level45,1539804,7175A140,1470
0,0,COM3D2x64_Data\level46,414036,35523C1B,1470
0,0,COM3D2x64_Data\level47,381132,DFF9A4F0,1470
0,0,COM3D2x64_Data\level48,439500,8F10BA56,1470
0,0,COM3D2x64_Data\level49,396724,8F20FC75,1470
0,0,COM3D2x64_Data\level5,1284076,23B70427,1470
0,0,COM3D2x64_Data\level50,1374828,3A7B1275,1470
0,0,COM3D2x64_Data\level51,381284,4F955328,1470
0,0,COM3D2x64_Data\level52,659484,6581B19F,1470
0,0,COM3D2x64_Data\level53,537868,DA837F85,1470
0,0,COM3D2x64_Data\level54,349900,A7C227F0,1470
0,0,COM3D2x64_Data\level55,1276788,07D60F2D,1470
0,0,COM3D2x64_Data\level56,1027412,D824FB68,1470
0,0,COM3D2x64_Data\level57,1034652,ADC736AD,1470
0,0,COM3D2x64_Data\level58,1276788,CD6E1146,1470
0,0,COM3D2x64_Data\level59,1157348,1488DE6F,1470
0,0,COM3D2x64_Data\level6,327004,215664CF,1470
0,0,COM3D2x64_Data\level60,945964,2A1EF1DB,1470
0,0,COM3D2x64_Data\level61,1232356,842EE08B,1470
0,0,COM3D2x64_Data\level62,1333372,D76DD60B,1470
0,0,COM3D2x64_Data\level63,681380,8B866033,1470
0,0,COM3D2x64_Data\level64,918180,AF185E0D,1470
0,0,COM3D2x64_Data\level65,401316,1C2FA4AF,1470
0,0,COM3D2x64_Data\level66,397684,29D99AD5,1470
0,0,COM3D2x64_Data\level67,441396,84776AA2,1470
0,0,COM3D2x64_Data\level68,463524,F80284CF,1470
0,0,COM3D2x64_Data\level69,391924,C164548B,1470
0,0,COM3D2x64_Data\level7,1057044,CCFDBF67,1470
0,0,COM3D2x64_Data\level70,451884,273D6CD0,1470
0,0,COM3D2x64_Data\level71,1040324,804D0AA6,1470
0,0,COM3D2x64_Data\level72,964724,FA126A35,1470
0,0,COM3D2x64_Data\level73,444604,688E6F0B,1470
0,0,COM3D2x64_Data\level74,466748,F2957A76,1470
0,0,COM3D2x64_Data\level75,457332,2EE3280F,1470
0,0,COM3D2x64_Data\level76,1044732,A920CEF2,1470
0,0,COM3D2x64_Data\level77,1005004,BDC82C31,1470
0,0,COM3D2x64_Data\level78,450380,FCFFB266,1470
0,0,COM3D2x64_Data\level79,434900,4ED6F642,1470
0,0,COM3D2x64_Data\level8,357876,E56C7211,1470
0,0,COM3D2x64_Data\level80,416572,71D36547,1470
0,0,COM3D2x64_Data\level81,359636,3DB7BE51,1470
0,0,COM3D2x64_Data\level82,1384124,89F72A0B,1470
0,0,COM3D2x64_Data\level83,1324876,79CE2DF8,1470
0,0,COM3D2x64_Data\level84,503396,61179A52,1470
0,0,COM3D2x64_Data\level85,405524,E3C3B18D,1470
0,0,COM3D2x64_Data\level86,1252892,B7752120,1470
0,0,COM3D2x64_Data\level87,970724,A5777047,1470
0,0,COM3D2x64_Data\level88,1429196,57F9B69B,1470
0,0,COM3D2x64_Data\level89,1370348,623FD339,1470
0,0,COM3D2x64_Data\level9,417164,21363B1B,1470
0,0,COM3D2x64_Data\level90,1576468,11001158,1470
0,0,COM3D2x64_Data\level91,1539812,573EC595,1470
0,0,COM3D2x64_Data\level92,1371500,E4A0DB7A,1470
0,0,COM3D2x64_Data\level93,1337444,E2C0F1A8,1470
0,0,COM3D2x64_Data\level94,418132,CB8B019A,1470
0,0,COM3D2x64_Data\level95,406748,54E536B5,1470
0,0,COM3D2x64_Data\level96,1050604,7EEDAFAC,1470
0,0,COM3D2x64_Data\level97,851892,5772D8E9,1470
0,0,COM3D2x64_Data\level98,958660,B038C4FE,1470
0,0,COM3D2x64_Data\level99,852852,8B4F16A2,1470
0,0,COM3D2x64_Data\resources.assets,387519976,FF4E25D5,1470
0,0,COM3D2x64_Data\resources.assets.resS,1778750536,C080E85D,1470
0,0,COM3D2x64_Data\resources.resource,727392,54F90BDA,1470
0,0,COM3D2x64_Data\sharedassets0.assets,115226516,881D528F,1470
0,0,COM3D2x64_Data\sharedassets0.assets.resS,28071636,A1AB9432,1470
0,0,COM3D2x64_Data\sharedassets1.assets,6256,9D94ADF7,1470
0,0,COM3D2x64_Data\sharedassets10.assets,6112,035966FF,1470
0,0,COM3D2x64_Data\sharedassets100.assets,353884,A53235C2,1470
0,0,COM3D2x64_Data\sharedassets100.assets.resS,2272048,E50143CB,1470
0,0,COM3D2x64_Data\sharedassets100.resource,6236800,C7E9CFDE,1470
0,0,COM3D2x64_Data\sharedassets101.assets,6568304,6C6516FA,1470
0,0,COM3D2x64_Data\sharedassets101.assets.resS,10936,3B0D7ADF,1470
0,0,COM3D2x64_Data\sharedassets101.resource,1136352,956B5452,1470
0,0,COM3D2x64_Data\sharedassets102.assets,10252,B3588BA7,1470
0,0,COM3D2x64_Data\sharedassets103.assets,12796,D51D285E,1470
0,0,COM3D2x64_Data\sharedassets104.assets,9592,C85ED416,1470
0,0,COM3D2x64_Data\sharedassets105.assets,9716,4334DA49,1470
0,0,COM3D2x64_Data\sharedassets105.resource,1003968,52A085C2,1470
0,0,COM3D2x64_Data\sharedassets106.assets,12916,979C2F70,1470
0,0,COM3D2x64_Data\sharedassets107.assets,12856,54ADAC0F,1470
0,0,COM3D2x64_Data\sharedassets108.assets,9532,9F7F38CA,1470
0,0,COM3D2x64_Data\sharedassets109.assets,13300,C7EDC09E,1470
0,0,COM3D2x64_Data\sharedassets109.resource,1166848,2709F6C2,1470
0,0,COM3D2x64_Data\sharedassets11.assets,6088,797B2577,1470
0,0,COM3D2x64_Data\sharedassets110.assets,9844,ECE18C23,1470
0,0,COM3D2x64_Data\sharedassets111.assets,615824,C468C239,1470
0,0,COM3D2x64_Data\sharedassets111.assets.resS,6138632,73B447A4,1470
0,0,COM3D2x64_Data\sharedassets112.assets,6952,F7178653,1470
0,0,COM3D2x64_Data\sharedassets113.assets,6616,6F8D7C54,1470
0,0,COM3D2x64_Data\sharedassets12.assets,6328,5CDE4FDF,1470
0,0,COM3D2x64_Data\sharedassets13.assets,6232,B95D1FD4,1470
0,0,COM3D2x64_Data\sharedassets14.assets,6688,455129A4,1470
0,0,COM3D2x64_Data\sharedassets15.assets,4564,BF23A292,1470
0,0,COM3D2x64_Data\sharedassets16.assets,6148,E4F002C8,1470
0,0,COM3D2x64_Data\sharedassets17.assets,4132,37CBAB47,1470
0,0,COM3D2x64_Data\sharedassets18.assets,6868,36FD1644,1470
0,0,COM3D2x64_Data\sharedassets19.assets,6232,750AC4CF,1470
0,0,COM3D2x64_Data\sharedassets2.assets,6292,FA04657A,1470
0,0,COM3D2x64_Data\sharedassets20.assets,30936236,464311F4,1470
0,0,COM3D2x64_Data\sharedassets21.assets,6292,4D27A144,1470
0,0,COM3D2x64_Data\sharedassets22.assets,48052092,B5340D78,1470
0,0,COM3D2x64_Data\sharedassets23.assets,6316,939DB355,1470
0,0,COM3D2x64_Data\sharedassets24.assets,6376,FBEED539,1470
0,0,COM3D2x64_Data\sharedassets25.assets,6184,81031E41,1470
0,0,COM3D2x64_Data\sharedassets26.assets,7096,394BEE4F,1470
0,0,COM3D2x64_Data\sharedassets27.assets,39516308,AB98B7F8,1470
0,0,COM3D2x64_Data\sharedassets28.assets,6184,5C5EBA84,1470
0,0,COM3D2x64_Data\sharedassets29.assets,12664,9FFFE38F,1470
0,0,COM3D2x64_Data\sharedassets3.assets,7972,57D4B754,1470
0,0,COM3D2x64_Data\sharedassets30.assets,6112,883E0199,1470
0,0,COM3D2x64_Data\sharedassets31.assets,18126856,FE4ACAE0,1470
0,0,COM3D2x64_Data\sharedassets32.assets,12328,DA006A44,1470
0,0,COM3D2x64_Data\sharedassets33.assets,4420,250EFB8D,1470
0,0,COM3D2x64_Data\sharedassets34.assets,4324,42EEB805,1470
0,0,COM3D2x64_Data\sharedassets35.assets,4264,50D1410C,1470
0,0,COM3D2x64_Data\sharedassets36.assets,6124,09F36E24,1470
0,0,COM3D2x64_Data\sharedassets37.assets,145550532,E5C5082C,1470
0,0,COM3D2x64_Data\sharedassets38.assets,135254532,6A7D60AE,1470
0,0,COM3D2x64_Data\sharedassets39.assets,127532532,026695AF,1470
0,0,COM3D2x64_Data\sharedassets4.assets,12916,8AC77E92,1470
0,0,COM3D2x64_Data\sharedassets40.assets,7228,DAA652E2,1470
0,0,COM3D2x64_Data\sharedassets41.assets,6976,5B05E39A,1470
0,0,COM3D2x64_Data\sharedassets42.assets,6940,D4FB68E1,1470
0,0,COM3D2x64_Data\sharedassets43.assets,9388,B27C6588,1470
0,0,COM3D2x64_Data\sharedassets44.assets,9496,DAB4B7D9,1470
0,0,COM3D2x64_Data\sharedassets45.assets,9484,339505A2,1470
0,0,COM3D2x64_Data\sharedassets46.assets,8524,7747E536,1470
0,0,COM3D2x64_Data\sharedassets47.assets,6592,53941147,1470
0,0,COM3D2x64_Data\sharedassets48.assets,8332,BCF6F7A8,1470
0,0,COM3D2x64_Data\sharedassets49.assets,792692,8623EEE4,1470
0,0,COM3D2x64_Data\sharedassets49.assets.resS,6506584,427886ED,1470
0,0,COM3D2x64_Data\sharedassets5.assets,7144,B8DD4B24,1470
0,0,COM3D2x64_Data\sharedassets50.assets,141689532,F0223B85,1470
0,0,COM3D2x64_Data\sharedassets51.assets,6580,4724C6BB,1470
0,0,COM3D2x64_Data\sharedassets52.assets,6748,E77D3EE8,1470
0,0,COM3D2x64_Data\sharedassets53.assets,6520,7B49A677,1470
0,0,COM3D2x64_Data\sharedassets54.assets,6124,339919E1,1470
0,0,COM3D2x64_Data\sharedassets55.assets,128819620,66E03DED,1470
0,0,COM3D2x64_Data\sharedassets56.assets,9256,71143B2B,1470
0,0,COM3D2x64_Data\sharedassets57.assets,9280,8E3B66A2,1470
0,0,COM3D2x64_Data\sharedassets58.assets,12712,2E4F01FA,1470
0,0,COM3D2x64_Data\sharedassets59.assets,9484,F7D91B8C,1470
0,0,COM3D2x64_Data\sharedassets6.assets,6136,041AD147,1470
0,0,COM3D2x64_Data\sharedassets60.assets,9292,58D31A73,1470
0,0,COM3D2x64_Data\sharedassets61.assets,9460,9C6605E3,1470
0,0,COM3D2x64_Data\sharedassets62.assets,9496,F15024FC,1470
0,0,COM3D2x64_Data\sharedassets63.assets,6652,C67199EB,1470
0,0,COM3D2x64_Data\sharedassets64.assets,9460,9FBF60A3,1470
0,0,COM3D2x64_Data\sharedassets65.assets,42236540,E369B5CF,1470
0,0,COM3D2x64_Data\sharedassets65.assets.resS,87400,8BA6C322,1470
0,0,COM3D2x64_Data\sharedassets66.assets,38246508,909C56B6,1470
0,0,COM3D2x64_Data\sharedassets67.assets,32874604,18DE8878,1470
0,0,COM3D2x64_Data\sharedassets68.assets,36735684,B7B79200,1470
0,0,COM3D2x64_Data\sharedassets68.assets.resS,174776,5B619AF1,1470
0,0,COM3D2x64_Data\sharedassets69.assets,41277360,D7D74A4A,1470
0,0,COM3D2x64_Data\sharedassets7.assets,6976,620C8710,1470
0,0,COM3D2x64_Data\sharedassets70.assets,39399112,9EAAD8C2,1470
0,0,COM3D2x64_Data\sharedassets71.assets,3017148,BE20901D,1470
0,0,COM3D2x64_Data\sharedassets71.assets.resS,611728,7BFBEAAE,1470
0,0,COM3D2x64_Data\sharedassets72.assets,9508,8C71497E,1470
0,0,COM3D2x64_Data\sharedassets73.assets,6508,2B2E2F31,1470
0,0,COM3D2x64_Data\sharedassets74.assets,6508,2B2E2F31,1470
0,0,COM3D2x64_Data\sharedassets75.assets,6508,2B2E2F31,1470
0,0,COM3D2x64_Data\sharedassets76.assets,12604,C6E27DAA,1470
0,0,COM3D2x64_Data\sharedassets77.assets,9460,3D181739,1470
0,0,COM3D2x64_Data\sharedassets78.assets,6472,0D276C5F,1470
0,0,COM3D2x64_Data\sharedassets79.assets,59364,182B3ABA,1470
0,0,COM3D2x64_Data\sharedassets79.assets.resS,174776,B51EE5DC,1470
0,0,COM3D2x64_Data\sharedassets8.assets,6136,AA3A127E,1470
0,0,COM3D2x64_Data\sharedassets80.assets,6484,07453FCA,1470
0,0,COM3D2x64_Data\sharedassets81.assets,6736,747DBA5F,1470
0,0,COM3D2x64_Data\sharedassets82.assets,759664,65CDEE19,1470
0,0,COM3D2x64_Data\sharedassets82.assets.resS,1310880,58801C35,1470
0,0,COM3D2x64_Data\sharedassets82.resource,1178176,90268BF4,1470
0,0,COM3D2x64_Data\sharedassets83.assets,9316,781BE1AA,1470
0,0,COM3D2x64_Data\sharedassets84.assets,52838324,1D086FD0,1470
0,0,COM3D2x64_Data\sharedassets84.assets.resS,6226112,B3E98769,1470
0,0,COM3D2x64_Data\sharedassets85.assets,6580,693E270F,1470
0,0,COM3D2x64_Data\sharedassets86.assets,13852,6C6FC9EC,1470
0,0,COM3D2x64_Data\sharedassets87.assets,9448,94F6B0EE,1470
0,0,COM3D2x64_Data\sharedassets88.assets,12616,C2DF7718,1470
0,0,COM3D2x64_Data\sharedassets89.assets,9436,03776573,1470
0,0,COM3D2x64_Data\sharedassets9.assets,7096,58AEA101,1470
0,0,COM3D2x64_Data\sharedassets90.assets,12628,F64A1BFD,1470
0,0,COM3D2x64_Data\sharedassets91.assets,9484,339505A2,1470
0,0,COM3D2x64_Data\sharedassets92.assets,12616,C2DF7718,1470
0,0,COM3D2x64_Data\sharedassets93.assets,10384,D62AF119,1470
0,0,COM3D2x64_Data\sharedassets94.assets,6868,262EEBFF,1470
0,0,COM3D2x64_Data\sharedassets95.assets,6436,C78A6BAF,1470
0,0,COM3D2x64_Data\sharedassets96.assets,11692,4BEEDEB5,1470
0,0,COM3D2x64_Data\sharedassets96.resource,2729184,2D4064D6,1470
0,0,COM3D2x64_Data\sharedassets97.assets,11560,8006E40F,1470
0,0,COM3D2x64_Data\sharedassets98.assets,8296,B6514422,1470
0,0,COM3D2x64_Data\sharedassets99.assets,7612,18708A80,1470
0,0,COM3D2x64_Data\Managed\Accessibility.dll,10752,5CB31E4E,1470
0,0,COM3D2x64_Data\Managed\Assembly-CSharp-firstpass.dll,786432,EDD6F314,1470
0,0,COM3D2x64_Data\Managed\Assembly-CSharp.dll,5393920,F2B00C99,1470
0,0,COM3D2x64_Data\Managed\Assembly-UnityScript-firstpass.dll,65024,FAB48BC4,1470
0,0,COM3D2x64_Data\Managed\Boo.Lang.dll,126976,28383F70,1470
0,0,COM3D2x64_Data\Managed\BouncyCastle.Crypto.dll,2236416,5A4C4F07,1470
0,0,COM3D2x64_Data\Managed\FoveUnityPlugin.dll,28672,A6EA882B,1470
0,0,COM3D2x64_Data\Managed\ICSharpCode.SharpZipLib.dll,200704,D3160A1C,1470
0,0,COM3D2x64_Data\Managed\Ionic.Zlib.dll,102400,7C9E7DD2,1470
0,0,COM3D2x64_Data\Managed\JsonFx.Json.dll,70144,A0F0CFCB,1470
0,0,COM3D2x64_Data\Managed\LeapCSharp.NET3.5.dll,82432,38E38212,1470
0,0,COM3D2x64_Data\Managed\Mono.Data.Tds.dll,96256,2965324B,1470
0,0,COM3D2x64_Data\Managed\Mono.Posix.dll,184320,0CE35BE3,1470
0,0,COM3D2x64_Data\Managed\Mono.Security.dll,294912,66EB9979,1470
0,0,COM3D2x64_Data\Managed\Mono.WebBrowser.dll,172032,137B736F,1470
0,0,COM3D2x64_Data\Managed\mscorlib.dll,2590208,5166389B,1470
0,0,COM3D2x64_Data\Managed\Newtonsoft.Json.dll,494592,5C881B73,1470
0,0,COM3D2x64_Data\Managed\System.Configuration.dll,124928,72952344,1470
0,0,COM3D2x64_Data\Managed\System.Core.dll,297472,9E3EE5D7,1470
0,0,COM3D2x64_Data\Managed\System.Data.dll,856064,DDDB80CD,1470
0,0,COM3D2x64_Data\Managed\System.dll,1679360,13922617,1470
0,0,COM3D2x64_Data\Managed\System.Drawing.Design.dll,29696,E7B53FF9,1470
0,0,COM3D2x64_Data\Managed\System.Drawing.dll,448512,C4B2E872,1470
0,0,COM3D2x64_Data\Managed\System.EnterpriseServices.dll,46592,2C72A9FE,1470
0,0,COM3D2x64_Data\Managed\System.Security.dll,135168,1CE94C57,1470
0,0,COM3D2x64_Data\Managed\System.Transactions.dll,27648,45299FCF,1470
0,0,COM3D2x64_Data\Managed\System.Windows.Forms.dll,3053568,56394001,1470
0,0,COM3D2x64_Data\Managed\System.Xml.dll,1270272,4581A35B,1470
0,0,COM3D2x64_Data\Managed\System.Xml.Linq.dll,106496,E844371C,1470
0,0,COM3D2x64_Data\Managed\UnityEngine.dll,1393152,2C35388C,1470
0,0,COM3D2x64_Data\Managed\UnityEngine.dll.mdb,449828,8610375E,1470
0,0,COM3D2x64_Data\Managed\UnityEngine.Networking.dll,253952,2BDF701F,1470
0,0,COM3D2x64_Data\Managed\UnityEngine.UI.dll,245760,FA552B2D,1470
0,0,COM3D2x64_Data\Managed\UnityEngine.VR.dll,3072,A4582CD6,1470
0,0,COM3D2x64_Data\Managed\UnityScript.Lang.dll,13824,0DA8F681,1470
0,0,COM3D2x64_Data\Managed\Win32.dll,13312,7781C2A2,1470
0,0,COM3D2x64_Data\Managed\zxing.unity.dll,430592,9FD1F198,1470
0,0,COM3D2x64_Data\Mono\mono.dll,2618816,0BEA8C0F,1470
0,0,COM3D2x64_Data\Mono\MonoPosixHelper.dll,113664,9B5E1E4D,1470
0,0,COM3D2x64_Data\Mono\etc\mono\browscap.ini,311984,CE6C0AB3,1470
0,0,COM3D2x64_Data\Mono\etc\mono\config,1691,A635914A,1470
0,0,COM3D2x64_Data\Mono\etc\mono\1.0\DefaultWsdlHelpGenerator.aspx,58196,10E814BF,1470
0,0,COM3D2x64_Data\Mono\etc\mono\1.0\machine.config,17258,EDE1AC59,1470
0,0,COM3D2x64_Data\Mono\etc\mono\2.0\DefaultWsdlHelpGenerator.aspx,60453,F3869A34,1470
0,0,COM3D2x64_Data\Mono\etc\mono\2.0\machine.config,27625,73C91C24,1470
0,0,COM3D2x64_Data\Mono\etc\mono\2.0\settings.map,2618,A1A3C29F,1470
0,0,COM3D2x64_Data\Mono\etc\mono\2.0\web.config,11686,534A9960,1470
0,0,COM3D2x64_Data\Mono\etc\mono\2.0\Browsers\Compat.browser,1605,2E178A0B,1470
0,0,COM3D2x64_Data\Mono\etc\mono\mconfig\config.xml,25817,80B2033A,1470
0,0,COM3D2x64_Data\Plugins\assimp.dll,4388864,7C910D84,1470
0,0,COM3D2x64_Data\Plugins\Audio360.dll,1499136,2D77400A,1470
0,0,COM3D2x64_Data\Plugins\AVProVideo.dll,891392,A3612D4B,1470
0,0,COM3D2x64_Data\Plugins\clothpp.dll,112128,7C3264A4,1470
0,0,COM3D2x64_Data\Plugins\cm3d2.dll,2088448,554FCBFF,1470
0,0,COM3D2x64_Data\Plugins\device_hook.dll,738816,F61E7CED,1470
0,0,COM3D2x64_Data\Plugins\FbxExporterCore.dll,12491776,CBAA51C1,1470
0,0,COM3D2x64_Data\Plugins\FoveClient.dll,1849384,58C8B4F6,1470
0,0,COM3D2x64_Data\Plugins\LeapC.dll,2516992,FBDD3767,1470
0,0,COM3D2x64_Data\Plugins\openvr_api.dll,318272,44432E0F,1470
0,0,COM3D2x64_Data\Plugins\OVRGamepad.dll,12800,2C526135,1470
0,0,COM3D2x64_Data\Plugins\OVRLipSync.dll,2512296,391C1F4C,1470
0,0,COM3D2x64_Data\Plugins\OVRPlugin.dll,1898408,5DD05B6C,1470
0,0,COM3D2x64_Data\Plugins\Win32-WebView.dll,504832,382AEE66,1470
0,0,COM3D2x64_Data\Resources\unity default resources,752360,71DB1AEA,1470
0,0,COM3D2x64_Data\Resources\unity_builtin_extra,284012,91145F7F,1470
0,0,GameData\csv.arc,7366225,EE28B241,1470
0,0,GameData\csv_enpublic.arc,280257,EFFAD459,1470
0,0,GameData\language.arc,450765,67729639,1470
0,0,GameData\motion2.arc,182206657,A1DA2B66,1430
0,0,GameData\parts2.arc,151768372,3AF4756B,1370
0,0,GameData\paths.dat,8089,9CC66B3E,1470
0,0,GameData\prioritymaterial.arc,392930,449BE960,1470
0,0,GameData\script.arc,3728863,27435DC9,1470
0,0,GameData\sound2.arc,4124873,9935C206,1460
0,0,GameData\system2.arc,14628459,035A5837,1420
