0,0,CM3D2.exe,9558016,7808DA5C,1004
0,0,CM3D2x86.exe,11631104,9C99BCBC,113
0,0,CM3D2x86_Data\level0,154376,89FD1C43,113
0,0,CM3D2x86_Data\level1,209928,F681A62F,113
0,0,CM3D2x86_Data\level10,140120,1C90C785,113
0,0,CM3D2x86_Data\level11,164464,DB21CB8D,113
0,0,CM3D2x86_Data\level12,140120,975AA0EE,113
0,0,CM3D2x86_Data\level13,423024,B337F56D,113
0,0,CM3D2x86_Data\level14,4376,DB295589,113
0,0,CM3D2x86_Data\level15,143184,CF8CF4E0,113
0,0,CM3D2x86_Data\level16,4376,4161565B,113
0,0,CM3D2x86_Data\level17,140880,AABD559B,113
0,0,CM3D2x86_Data\level18,193328,AFAD50F7,113
0,0,CM3D2x86_Data\level19,352992,E95D1EF5,113
0,0,CM3D2x86_Data\level2,427672,DC6F44E6,113
0,0,CM3D2x86_Data\level20,160592,8394FF2C,113
0,0,CM3D2x86_Data\level21,430992,65720B48,113
0,0,CM3D2x86_Data\level3,475288,718DF930,113
0,0,CM3D2x86_Data\level4,547920,5A085B2C,113
0,0,CM3D2x86_Data\level5,140528,D9D791B8,113
0,0,CM3D2x86_Data\level6,277152,3CD61803,113
0,0,CM3D2x86_Data\level7,180952,E24FA09D,113
0,0,CM3D2x86_Data\level8,177144,749EBDED,113
0,0,CM3D2x86_Data\level9,150136,D9440166,113
0,0,CM3D2x86_Data\mainData,845048,346942DE,113
0,0,CM3D2x86_Data\PlayerConnectionConfigFile,21,AA3B11A8,113
0,0,CM3D2x86_Data\resources.assets,215868240,5A4BB7FD,113
0,0,CM3D2x86_Data\sharedassets0.assets,236803936,6147EF2F,113
0,0,CM3D2x86_Data\sharedassets1.assets,6998796,DC2AB780,113
0,0,CM3D2x86_Data\sharedassets10.assets,5256,BC75976E,113
0,0,CM3D2x86_Data\sharedassets11.assets,466308,D619AC10,113
0,0,CM3D2x86_Data\sharedassets12.assets,5280,CA1707FA,113
0,0,CM3D2x86_Data\sharedassets13.assets,466308,57634399,113
0,0,CM3D2x86_Data\sharedassets14.assets,1758656,D1C6B491,113
0,0,CM3D2x86_Data\sharedassets15.assets,4112,90EE54C8,113
0,0,CM3D2x86_Data\sharedassets16.assets,4200896,B33A901A,113
0,0,CM3D2x86_Data\sharedassets17.assets,4112,BD447EF6,113
0,0,CM3D2x86_Data\sharedassets18.assets,5320,62D5C26D,113
0,0,CM3D2x86_Data\sharedassets19.assets,3691748,4B1440EB,113
0,0,CM3D2x86_Data\sharedassets2.assets,5612280,4DBFB135,113
0,0,CM3D2x86_Data\sharedassets20.assets,1587628,08B1F9F7,113
0,0,CM3D2x86_Data\sharedassets21.assets,5328,15966763,113
0,0,CM3D2x86_Data\sharedassets22.assets,72624,24F6008A,113
0,0,CM3D2x86_Data\sharedassets3.assets,13906728,5EF9853D,113
0,0,CM3D2x86_Data\sharedassets4.assets,36866556,0209A4A9,113
0,0,CM3D2x86_Data\sharedassets5.assets,6952140,B8956A19,113
0,0,CM3D2x86_Data\sharedassets6.assets,503336,0C139D66,113
0,0,CM3D2x86_Data\sharedassets7.assets,5456,42D472C4,113
0,0,CM3D2x86_Data\sharedassets8.assets,355444,5F8EF680,113
0,0,CM3D2x86_Data\sharedassets9.assets,11891548,1CD46ECD,113
0,0,CM3D2x86_Data\Managed\Accessibility.dll,10752,A358E135,113
0,0,CM3D2x86_Data\Managed\Assembly-CSharp-firstpass.dll,168960,8D531E4F,113
0,0,CM3D2x86_Data\Managed\Assembly-CSharp.dll,1817600,F4670EFF,113
0,0,CM3D2x86_Data\Managed\Assembly-UnityScript-firstpass.dll,65024,7696D992,113
0,0,CM3D2x86_Data\Managed\Boo.Lang.dll,126976,B1FDC6B6,113
0,0,CM3D2x86_Data\Managed\JsonFx.Json.dll,70144,A0F0CFCB,113
0,0,CM3D2x86_Data\Managed\Mono.Data.Tds.dll,96256,DE9FBD55,113
0,0,CM3D2x86_Data\Managed\Mono.Posix.dll,184320,A333AAF5,113
0,0,CM3D2x86_Data\Managed\Mono.Security.dll,294912,D5BB48FC,113
0,0,CM3D2x86_Data\Managed\Mono.WebBrowser.dll,172032,5D310803,113
0,0,CM3D2x86_Data\Managed\mscorlib.dll,2590208,5A5FF75C,113
0,0,CM3D2x86_Data\Managed\System.Configuration.dll,124928,F88CF714,113
0,0,CM3D2x86_Data\Managed\System.Core.dll,300032,0504C277,113
0,0,CM3D2x86_Data\Managed\System.Data.dll,856064,1DE4F5EB,113
0,0,CM3D2x86_Data\Managed\System.dll,1678848,08B8E16D,113
0,0,CM3D2x86_Data\Managed\System.Drawing.Design.dll,29696,E7B53FF9,113
0,0,CM3D2x86_Data\Managed\System.Drawing.dll,448512,C4B2E872,113
0,0,CM3D2x86_Data\Managed\System.EnterpriseServices.dll,46592,1B56067D,113
0,0,CM3D2x86_Data\Managed\System.Security.dll,135168,A9F5B9F1,113
0,0,CM3D2x86_Data\Managed\System.Transactions.dll,27648,DE82E2C6,113
0,0,CM3D2x86_Data\Managed\System.Windows.Forms.dll,3053568,56394001,113
0,0,CM3D2x86_Data\Managed\System.Xml.dll,1270272,BCE39995,113
0,0,CM3D2x86_Data\Managed\System.Xml.Linq.dll,106496,1062D683,113
0,0,CM3D2x86_Data\Managed\UnityEngine.dll,614912,ECC4324A,113
0,0,CM3D2x86_Data\Managed\UnityEngine.UI.dll,176128,078A6C17,113
0,0,CM3D2x86_Data\Managed\UnityScript.Lang.dll,14336,FAB8DDA9,113
0,0,CM3D2x86_Data\Mono\mono.dll,2103296,36130890,113
0,0,CM3D2x86_Data\Mono\etc\mono\browscap.ini,311984,CE6C0AB3,113
0,0,CM3D2x86_Data\Mono\etc\mono\config,1691,A635914A,113
0,0,CM3D2x86_Data\Mono\etc\mono\1.0\DefaultWsdlHelpGenerator.aspx,58196,10E814BF,113
0,0,CM3D2x86_Data\Mono\etc\mono\1.0\machine.config,17259,82F1AD8B,113
0,0,CM3D2x86_Data\Mono\etc\mono\2.0\DefaultWsdlHelpGenerator.aspx,60453,F3869A34,113
0,0,CM3D2x86_Data\Mono\etc\mono\2.0\machine.config,27626,4F6C3F79,113
0,0,CM3D2x86_Data\Mono\etc\mono\2.0\settings.map,2618,A1A3C29F,113
0,0,CM3D2x86_Data\Mono\etc\mono\2.0\web.config,11686,534A9960,113
0,0,CM3D2x86_Data\Mono\etc\mono\2.0\Browsers\Compat.browser,1605,2E178A0B,113
0,0,CM3D2x86_Data\Mono\etc\mono\mconfig\config.xml,25817,80B2033A,113
0,0,CM3D2x86_Data\Plugins\cm3d2_x86.dll,1274368,7709B206,113
0,0,CM3D2x86_Data\Plugins\device_hook.dll,77312,7EEF9868,113
0,0,CM3D2x86_Data\Resources\unity default resources,1571709,31020360,113
0,0,CM3D2x86_Data\Resources\unity_builtin_extra,372672,FDDE8793,113
0,0,GameData\csv.arc,1450266,17398CD6,113
0,0,GameData\material2.arc,41309,8666D363,113
0,0,GameData\menu2.arc,166849,ADAE5A21,113
0,0,GameData\model2.arc,4019758,C5DB24B7,113
0,0,GameData\motion2.arc,59341210,B8D4937F,113
0,0,GameData\paths.dat,375,1EA5BDEF,113
0,0,GameData\prioritymaterial.arc,76436,EB476AFB,113
0,0,GameData\script.arc,11436656,D89B105D,113
0,0,GameData\sound2.arc,7121023,3F25C34A,106
0,0,GameData\texture2.arc,748712227,393809F6,113
0,0,GameData\voice2.arc,290990258,55953CD2,101
0,0,manual\data\004.png,699424,54A4DC50,101
0,0,manual\data\007.png,453984,97E623F5,101
0,0,manual\data\008.png,553674,7B23C3DF,101
0,0,manual\data\013.png,673884,992CEEC5,101
0,0,Preset\1_junshin.preset,43021,0D00795A,101
0,0,Preset\2_coodere.preset,43516,E9EBB0F2,101
0,0,Preset\3_tsundere.preset,48900,D0EF8B9E,101
0,0,Preset\4_default.preset,43697,C5E392BE,101
0,0,Preset\5_pretty_junshin.preset,40739,D9262BEF,101
0,0,Preset\6_pretty_coodere.preset,39554,E54D5766,101
0,0,Preset\7_pretty_tsundere.preset,38235,CA8437BB,101