0,0,CM3D2.exe,6257152,9C5FAD73,1003
0,0,CM3D2x64.exe,14913024,267C4E4A,104
0,0,CM3D2x64_Data\level0,151120,99C0CE48,104
0,0,CM3D2x64_Data\level1,206688,996EBEE1,104
0,0,CM3D2x64_Data\level10,136864,F9ED730F,104
0,0,CM3D2x64_Data\level11,161208,3068A299,104
0,0,CM3D2x64_Data\level12,136864,E24B166D,104
0,0,CM3D2x64_Data\level13,419736,01D5CEEC,104
0,0,CM3D2x64_Data\level14,4376,ACF8169F,104
0,0,CM3D2x64_Data\level15,139944,0ED272FB,104
0,0,CM3D2x64_Data\level16,4376,B83F12AE,104
0,0,CM3D2x64_Data\level17,137624,104B5FE0,104
0,0,CM3D2x64_Data\level18,190088,A52136E2,104
0,0,CM3D2x64_Data\level2,424416,EAF7D18F,104
0,0,CM3D2x64_Data\level3,617592,48A5E5B5,104
0,0,CM3D2x64_Data\level4,542688,E4FC57D9,104
0,0,CM3D2x64_Data\level5,137288,1CD69838,104
0,0,CM3D2x64_Data\level6,273896,414D2BFC,104
0,0,CM3D2x64_Data\level7,177712,D9828F80,104
0,0,CM3D2x64_Data\level8,173904,7CFAC0DE,104
0,0,CM3D2x64_Data\level9,146880,9EE84880,104
0,0,CM3D2x64_Data\mainData,832688,EF57F9E9,104
0,0,CM3D2x64_Data\PlayerConnectionConfigFile,21,6348B8B8,104
0,0,CM3D2x64_Data\resources.assets,206955408,B6C09F7B,104
0,0,CM3D2x64_Data\sharedassets0.assets,236454008,8DA4717F,104
0,0,CM3D2x64_Data\sharedassets1.assets,6998796,B70531FB,104
0,0,CM3D2x64_Data\sharedassets10.assets,5256,AF794E25,104
0,0,CM3D2x64_Data\sharedassets11.assets,466308,74619056,104
0,0,CM3D2x64_Data\sharedassets12.assets,5280,069C8FC6,104
0,0,CM3D2x64_Data\sharedassets13.assets,466308,A0BE257E,104
0,0,CM3D2x64_Data\sharedassets14.assets,1758656,7611B420,104
0,0,CM3D2x64_Data\sharedassets15.assets,4112,F27D7A4D,104
0,0,CM3D2x64_Data\sharedassets16.assets,4200896,EC1E476C,104
0,0,CM3D2x64_Data\sharedassets17.assets,4112,CD62FF9D,104
0,0,CM3D2x64_Data\sharedassets18.assets,5320,FE1DD7DB,104
0,0,CM3D2x64_Data\sharedassets19.assets,3691748,F802C2C6,104
0,0,CM3D2x64_Data\sharedassets2.assets,5612280,B32F8183,104
0,0,CM3D2x64_Data\sharedassets3.assets,13906728,60A8983F,104
0,0,CM3D2x64_Data\sharedassets4.assets,170642964,6FBF5A0F,104
0,0,CM3D2x64_Data\sharedassets4.assets.resS,3985350,98874744,101
0,0,CM3D2x64_Data\sharedassets5.assets,6952140,39AD1288,104
0,0,CM3D2x64_Data\sharedassets6.assets,503336,51752604,104
0,0,CM3D2x64_Data\sharedassets7.assets,5456,1D75604F,104
0,0,CM3D2x64_Data\sharedassets8.assets,355444,ED5C0224,104
0,0,CM3D2x64_Data\sharedassets9.assets,11891548,5A321566,104
0,0,CM3D2x64_Data\Managed\Accessibility.dll,10752,E4E77DC7,101
0,0,CM3D2x64_Data\Managed\Assembly-CSharp-firstpass.dll,163328,2AA64E98,104
0,0,CM3D2x64_Data\Managed\Assembly-CSharp.dll,1781248,F690C4B7,104
0,0,CM3D2x64_Data\Managed\Assembly-UnityScript-firstpass.dll,65024,417EF8B3,104
0,0,CM3D2x64_Data\Managed\Boo.Lang.dll,126976,1E4A828D,101
0,0,CM3D2x64_Data\Managed\JsonFx.Json.dll,70144,A0F0CFCB,101
0,0,CM3D2x64_Data\Managed\Mono.Data.Tds.dll,96256,91E0BB7F,101
0,0,CM3D2x64_Data\Managed\Mono.Posix.dll,184320,2F4F12C4,101
0,0,CM3D2x64_Data\Managed\Mono.Security.dll,294912,DD165EC5,101
0,0,CM3D2x64_Data\Managed\Mono.WebBrowser.dll,172032,631F0611,101
0,0,CM3D2x64_Data\Managed\mscorlib.dll,2590208,E1020A4B,101
0,0,CM3D2x64_Data\Managed\System.Configuration.dll,124928,6B1D3776,101
0,0,CM3D2x64_Data\Managed\System.Core.dll,300032,95425E2C,101
0,0,CM3D2x64_Data\Managed\System.Data.dll,856064,AC9FDB6F,101
0,0,CM3D2x64_Data\Managed\System.dll,1678848,3731B01A,101
0,0,CM3D2x64_Data\Managed\System.Drawing.Design.dll,29696,E7B53FF9,101
0,0,CM3D2x64_Data\Managed\System.Drawing.dll,448512,C4B2E872,101
0,0,CM3D2x64_Data\Managed\System.EnterpriseServices.dll,46592,2719761F,101
0,0,CM3D2x64_Data\Managed\System.Security.dll,135168,051BE01E,101
0,0,CM3D2x64_Data\Managed\System.Transactions.dll,27648,4038EEFE,101
0,0,CM3D2x64_Data\Managed\System.Windows.Forms.dll,3053568,56394001,101
0,0,CM3D2x64_Data\Managed\System.Xml.dll,1270272,5C597B82,101
0,0,CM3D2x64_Data\Managed\System.Xml.Linq.dll,106496,8E124937,101
0,0,CM3D2x64_Data\Managed\UnityEngine.dll,612864,AB053A2C,101
0,0,CM3D2x64_Data\Managed\UnityEngine.UI.dll,176128,761D83BD,101
0,0,CM3D2x64_Data\Managed\UnityScript.Lang.dll,14336,4E18BC10,101
0,0,CM3D2x64_Data\Mono\mono.dll,2601984,FE106646,101
0,0,CM3D2x64_Data\Mono\etc\mono\browscap.ini,311984,CE6C0AB3,101
0,0,CM3D2x64_Data\Mono\etc\mono\config,1691,A635914A,101
0,0,CM3D2x64_Data\Mono\etc\mono\1.0\DefaultWsdlHelpGenerator.aspx,58196,10E814BF,101
0,0,CM3D2x64_Data\Mono\etc\mono\1.0\machine.config,17259,82F1AD8B,101
0,0,CM3D2x64_Data\Mono\etc\mono\2.0\DefaultWsdlHelpGenerator.aspx,60453,F3869A34,101
0,0,CM3D2x64_Data\Mono\etc\mono\2.0\machine.config,27626,4F6C3F79,101
0,0,CM3D2x64_Data\Mono\etc\mono\2.0\settings.map,2618,A1A3C29F,101
0,0,CM3D2x64_Data\Mono\etc\mono\2.0\web.config,11686,534A9960,101
0,0,CM3D2x64_Data\Mono\etc\mono\2.0\Browsers\Compat.browser,1605,2E178A0B,101
0,0,CM3D2x64_Data\Mono\etc\mono\mconfig\config.xml,25817,80B2033A,101
0,0,CM3D2x64_Data\Plugins\cm3d2_x64.dll,1473536,4677D0C8,101
0,0,CM3D2x64_Data\Plugins\device_hook.dll,87552,65F0207E,101
0,0,CM3D2x64_Data\Resources\unity default resources,1571709,31020360,101
0,0,CM3D2x64_Data\Resources\unity_builtin_extra,372672,3D91C1A2,101
0,0,GameData\csv.arc,969181,E8AC9035,104
0,0,GameData\material2.arc,21723,9B76D29B,104
0,0,GameData\menu2.arc,153327,1AC238FE,104
0,0,GameData\model2.arc,2271231,0942E8AF,104
0,0,GameData\motion2.arc,30036369,7E21EE72,101
0,0,GameData\paths.dat,66,02FFB242,104
0,0,GameData\script.arc,9829400,7E1FFC92,104
0,0,GameData\sound2.arc,190698,1AF32216,104
0,0,GameData\texture2.arc,622669718,A5FA93C6,101
0,0,GameData\voice2.arc,290990258,55953CD2,101
0,0,manual\data\004.png,699424,54A4DC50,101
0,0,manual\data\007.png,453984,97E623F5,101
0,0,manual\data\008.png,553674,7B23C3DF,101
0,0,manual\data\013.png,673884,992CEEC5,101
0,0,Preset\1_junshin.preset,43021,0D00795A,101
0,0,Preset\2_coodere.preset,43516,E9EBB0F2,101
0,0,Preset\3_tsundere.preset,48900,D0EF8B9E,101
0,0,Preset\4_default.preset,43697,C5E392BE,101
0,0,Preset\5_pretty_junshin.preset,40739,D9262BEF,101
0,0,Preset\6_pretty_coodere.preset,39554,E54D5766,101
0,0,Preset\7_pretty_tsundere.preset,38235,CA8437BB,101
