0,0,CM3D2.exe,6257152,9C5FAD73,1003
0,0,CM3D2VRx64.exe,14913024,267C4E4A,105
0,0,CM3D2VRx64_DirectToRift.exe,185344,1079B543,105
0,0,LICENSE,3453,541AF859,100
0,0,CM3D2VRx64_Data\level0,154392,B81F8A42,105
0,0,CM3D2VRx64_Data\level1,209944,6EEB389C,105
0,0,CM3D2VRx64_Data\level10,140136,004B4F49,105
0,0,CM3D2VRx64_Data\level11,164480,8D543E8F,105
0,0,CM3D2VRx64_Data\level12,140136,B1B53DCD,105
0,0,CM3D2VRx64_Data\level13,423040,F7839F36,105
0,0,CM3D2VRx64_Data\level14,4376,ACF8169F,105
0,0,CM3D2VRx64_Data\level15,143200,34B5F5ED,105
0,0,CM3D2VRx64_Data\level16,4376,B83F12AE,105
0,0,CM3D2VRx64_Data\level17,140896,31EA2118,105
0,0,CM3D2VRx64_Data\level18,193344,DCF4D3C1,105
0,0,CM3D2VRx64_Data\level19,400688,8DEA59E4,105
0,0,CM3D2VRx64_Data\level2,427688,746599E3,105
0,0,CM3D2VRx64_Data\level3,621280,37377F5B,105
0,0,CM3D2VRx64_Data\level4,545960,8A79FAB6,105
0,0,CM3D2VRx64_Data\level5,140544,EA99D005,105
0,0,CM3D2VRx64_Data\level6,277168,B5392578,105
0,0,CM3D2VRx64_Data\level7,180968,3C7F1BA1,105
0,0,CM3D2VRx64_Data\level8,177160,4B14FEEF,105
0,0,CM3D2VRx64_Data\level9,150152,D70A4C15,105
0,0,CM3D2VRx64_Data\mainData,846616,777F29C7,105
0,0,CM3D2VRx64_Data\OVRAppInfo,21,C45ED86B,103
0,0,CM3D2VRx64_Data\PlayerConnectionConfigFile,21,AF6BA9E4,105
0,0,CM3D2VRx64_Data\resources.assets,207942144,EA3A9FF3,105
0,0,CM3D2VRx64_Data\sharedassets0.assets,236803336,87104F38,105
0,0,CM3D2VRx64_Data\sharedassets1.assets,6998796,B70531FB,105
0,0,CM3D2VRx64_Data\sharedassets10.assets,5256,AF794E25,105
0,0,CM3D2VRx64_Data\sharedassets11.assets,466308,74619056,105
0,0,CM3D2VRx64_Data\sharedassets12.assets,5280,069C8FC6,105
0,0,CM3D2VRx64_Data\sharedassets13.assets,466308,A0BE257E,105
0,0,CM3D2VRx64_Data\sharedassets14.assets,1758656,7611B420,105
0,0,CM3D2VRx64_Data\sharedassets15.assets,4112,F27D7A4D,105
0,0,CM3D2VRx64_Data\sharedassets16.assets,4200896,EC1E476C,105
0,0,CM3D2VRx64_Data\sharedassets17.assets,4112,CD62FF9D,105
0,0,CM3D2VRx64_Data\sharedassets18.assets,5320,FE1DD7DB,105
0,0,CM3D2VRx64_Data\sharedassets19.assets,3691748,F802C2C6,105
0,0,CM3D2VRx64_Data\sharedassets2.assets,5612280,B32F8183,105
0,0,CM3D2VRx64_Data\sharedassets20.assets,32511080,C752D05E,105
0,0,CM3D2VRx64_Data\sharedassets20.assets.resS,1857256,5A8E845B,105
0,0,CM3D2VRx64_Data\sharedassets3.assets,13906728,60A8983F,105
0,0,CM3D2VRx64_Data\sharedassets4.assets,170642964,6FBF5A0F,105
0,0,CM3D2VRx64_Data\sharedassets4.assets.resS,3985350,98874744,103
0,0,CM3D2VRx64_Data\sharedassets5.assets,6952140,39AD1288,105
0,0,CM3D2VRx64_Data\sharedassets6.assets,503336,51752604,105
0,0,CM3D2VRx64_Data\sharedassets7.assets,5456,1D75604F,105
0,0,CM3D2VRx64_Data\sharedassets8.assets,355444,ED5C0224,105
0,0,CM3D2VRx64_Data\sharedassets9.assets,11891548,5A321566,105
0,0,CM3D2VRx64_Data\Managed\Accessibility.dll,10752,E4E77DC7,103
0,0,CM3D2VRx64_Data\Managed\Assembly-CSharp-firstpass.dll,163328,9C3368C3,105
0,0,CM3D2VRx64_Data\Managed\Assembly-CSharp.dll,1785856,0B098D06,105
0,0,CM3D2VRx64_Data\Managed\Assembly-UnityScript-firstpass.dll,65024,FE1755DD,105
0,0,CM3D2VRx64_Data\Managed\Boo.Lang.dll,126976,1E4A828D,103
0,0,CM3D2VRx64_Data\Managed\JsonFx.Json.dll,70144,A0F0CFCB,103
0,0,CM3D2VRx64_Data\Managed\Mono.Data.Tds.dll,96256,91E0BB7F,103
0,0,CM3D2VRx64_Data\Managed\Mono.Posix.dll,184320,2F4F12C4,103
0,0,CM3D2VRx64_Data\Managed\Mono.Security.dll,294912,DD165EC5,103
0,0,CM3D2VRx64_Data\Managed\Mono.WebBrowser.dll,172032,631F0611,103
0,0,CM3D2VRx64_Data\Managed\mscorlib.dll,2590208,E1020A4B,103
0,0,CM3D2VRx64_Data\Managed\System.Configuration.dll,124928,6B1D3776,103
0,0,CM3D2VRx64_Data\Managed\System.Core.dll,300032,95425E2C,103
0,0,CM3D2VRx64_Data\Managed\System.Data.dll,856064,AC9FDB6F,103
0,0,CM3D2VRx64_Data\Managed\System.dll,1678848,3731B01A,103
0,0,CM3D2VRx64_Data\Managed\System.Drawing.Design.dll,29696,E7B53FF9,103
0,0,CM3D2VRx64_Data\Managed\System.Drawing.dll,448512,C4B2E872,103
0,0,CM3D2VRx64_Data\Managed\System.EnterpriseServices.dll,46592,2719761F,103
0,0,CM3D2VRx64_Data\Managed\System.Security.dll,135168,051BE01E,103
0,0,CM3D2VRx64_Data\Managed\System.Transactions.dll,27648,4038EEFE,103
0,0,CM3D2VRx64_Data\Managed\System.Windows.Forms.dll,3053568,56394001,103
0,0,CM3D2VRx64_Data\Managed\System.Xml.dll,1270272,5C597B82,103
0,0,CM3D2VRx64_Data\Managed\System.Xml.Linq.dll,106496,8E124937,103
0,0,CM3D2VRx64_Data\Managed\UnityEngine.dll,612864,AB053A2C,103
0,0,CM3D2VRx64_Data\Managed\UnityEngine.UI.dll,176128,761D83BD,103
0,0,CM3D2VRx64_Data\Managed\UnityScript.Lang.dll,14336,4E18BC10,103
0,0,CM3D2VRx64_Data\Mono\mono.dll,2601984,FE106646,103
0,0,CM3D2VRx64_Data\Mono\etc\mono\browscap.ini,311984,CE6C0AB3,103
0,0,CM3D2VRx64_Data\Mono\etc\mono\config,1691,A635914A,103
0,0,CM3D2VRx64_Data\Mono\etc\mono\1.0\DefaultWsdlHelpGenerator.aspx,58196,10E814BF,103
0,0,CM3D2VRx64_Data\Mono\etc\mono\1.0\machine.config,17259,82F1AD8B,103
0,0,CM3D2VRx64_Data\Mono\etc\mono\2.0\DefaultWsdlHelpGenerator.aspx,60453,F3869A34,103
0,0,CM3D2VRx64_Data\Mono\etc\mono\2.0\machine.config,27626,4F6C3F79,103
0,0,CM3D2VRx64_Data\Mono\etc\mono\2.0\settings.map,2618,A1A3C29F,103
0,0,CM3D2VRx64_Data\Mono\etc\mono\2.0\web.config,11686,534A9960,103
0,0,CM3D2VRx64_Data\Mono\etc\mono\2.0\Browsers\Compat.browser,1605,2E178A0B,103
0,0,CM3D2VRx64_Data\Mono\etc\mono\mconfig\config.xml,25817,80B2033A,103
0,0,CM3D2VRx64_Data\Plugins\cm3d2_x64.dll,1473536,4677D0C8,103
0,0,CM3D2VRx64_Data\Plugins\device_hook.dll,87552,65F0207E,103
0,0,CM3D2VRx64_Data\Plugins\OculusPlugin.dll,146944,34E75356,103
0,0,CM3D2VRx64_Data\Resources\unity default resources,1571709,31020360,103
0,0,CM3D2VRx64_Data\Resources\unity_builtin_extra,372672,3D91C1A2,103
0,0,GameData\material_vr.arc,1393,E8F3D878,100
0,0,GameData\menu_vr.arc,1262,6510B03E,100
0,0,GameData\model_vr.arc,70824,C9DCB2E5,100
0,0,GameData\texture_vr.arc,470392,5F59D9B6,100
