0,0,CM3D2VRx64.exe,20649984,6EFB2A0D,1430
0,0,CM3D2VRx64_DirectToRift.exe,465408,ED45B3A7,1430
0,0,LICENSE,3453,541AF859,1430
0,0,CM3D2VRx64_Data\globalgamemanagers,1444180,6A48468A,1430
0,0,CM3D2VRx64_Data\globalgamemanagers.assets,137300,759F4BC4,1430
0,0,CM3D2VRx64_Data\level0,189228,1EACB7CA,1430
0,0,CM3D2VRx64_Data\level1,207204,FE5AE192,1430
0,0,CM3D2VRx64_Data\level10,201884,BDA97FD8,1430
0,0,CM3D2VRx64_Data\level11,189780,0CBAA07D,1430
0,0,CM3D2VRx64_Data\level12,217228,258F7A07,1430
0,0,CM3D2VRx64_Data\level13,190812,E1FCF3E9,1430
0,0,CM3D2VRx64_Data\level14,571668,39EC0801,1430
0,0,CM3D2VRx64_Data\level15,4640,DBFBA102,1430
0,0,CM3D2VRx64_Data\level16,191852,5463FA61,1430
0,0,CM3D2VRx64_Data\level17,4640,68B41371,1430
0,0,CM3D2VRx64_Data\level18,209972,CB4F30F2,1430
0,0,CM3D2VRx64_Data\level19,279916,237D1E98,1430
0,0,CM3D2VRx64_Data\level2,207092,4CD8DF0F,1430
0,0,CM3D2VRx64_Data\level20,451436,95692ABD,1430
0,0,CM3D2VRx64_Data\level21,214772,E9F831DA,1430
0,0,CM3D2VRx64_Data\level22,537844,1FFFEA07,1430
0,0,CM3D2VRx64_Data\level23,265532,6D4AFD46,1430
0,0,CM3D2VRx64_Data\level24,291804,1986D577,1430
0,0,CM3D2VRx64_Data\level25,213556,D939C08B,1430
0,0,CM3D2VRx64_Data\level26,660292,9DF33809,1430
0,0,CM3D2VRx64_Data\level27,1268236,6BB04D41,1430
0,0,CM3D2VRx64_Data\level28,519500,3C5C443C,1430
0,0,CM3D2VRx64_Data\level29,213612,0E176628,1430
0,0,CM3D2VRx64_Data\level3,428804,0F65E3B3,1430
0,0,CM3D2VRx64_Data\level30,612484,501E4FEB,1430
0,0,CM3D2VRx64_Data\level31,843692,3F6488D1,1430
0,0,CM3D2VRx64_Data\level32,704636,0D9146C1,1430
0,0,CM3D2VRx64_Data\level33,205516,9D5616C9,1430
0,0,CM3D2VRx64_Data\level4,597268,5B21A864,1430
0,0,CM3D2VRx64_Data\level5,637820,7253220F,1430
0,0,CM3D2VRx64_Data\level6,190276,79022D09,1430
0,0,CM3D2VRx64_Data\level7,363908,4B7CDD65,1430
0,0,CM3D2VRx64_Data\level8,238724,7A1BDAC9,1430
0,0,CM3D2VRx64_Data\level9,234348,94EC067B,1430
0,0,CM3D2VRx64_Data\resources.assets,252214712,5C42BEA4,1430
0,0,CM3D2VRx64_Data\resources.assets.resS,408835200,948E675D,1430
0,0,CM3D2VRx64_Data\sharedassets0.assets,16482976,9F7FB86D,1430
0,0,CM3D2VRx64_Data\sharedassets0.assets.resS,121728032,3D69BF0B,1430
0,0,CM3D2VRx64_Data\sharedassets1.assets,5920,3A1D63C5,1430
0,0,CM3D2VRx64_Data\sharedassets10.assets,5764,EE9584B3,1430
0,0,CM3D2VRx64_Data\sharedassets11.assets,5764,896B9BFA,1430
0,0,CM3D2VRx64_Data\sharedassets12.assets,5788,981C250E,1430
0,0,CM3D2VRx64_Data\sharedassets13.assets,5812,D7B2608D,1430
0,0,CM3D2VRx64_Data\sharedassets14.assets,6340,A93125F2,1430
0,0,CM3D2VRx64_Data\sharedassets15.assets,4132,FB87316C,1430
0,0,CM3D2VRx64_Data\sharedassets16.assets,5824,075F2F0C,1430
0,0,CM3D2VRx64_Data\sharedassets17.assets,4132,689CACB9,1430
0,0,CM3D2VRx64_Data\sharedassets18.assets,6544,5AEDB2D7,1430
0,0,CM3D2VRx64_Data\sharedassets19.assets,5788,D9C22E0C,1430
0,0,CM3D2VRx64_Data\sharedassets2.assets,5968,0A287596,1430
0,0,CM3D2VRx64_Data\sharedassets20.assets,215280,012AD280,1430
0,0,CM3D2VRx64_Data\sharedassets20.assets.resS,51968,C41BC4E7,1430
0,0,CM3D2VRx64_Data\sharedassets21.assets,5860,BAE3637C,1430
0,0,CM3D2VRx64_Data\sharedassets22.assets,74160,E16CD5F4,1430
0,0,CM3D2VRx64_Data\sharedassets23.assets,5992,1117D829,1430
0,0,CM3D2VRx64_Data\sharedassets24.assets,5872,EB2C2BE4,1430
0,0,CM3D2VRx64_Data\sharedassets25.assets,5872,0E088C30,1430
0,0,CM3D2VRx64_Data\sharedassets26.assets,8128,B8A80AE2,1430
0,0,CM3D2VRx64_Data\sharedassets27.assets,6484,B659FE19,1430
0,0,CM3D2VRx64_Data\sharedassets28.assets,39511712,26167ACD,1430
0,0,CM3D2VRx64_Data\sharedassets29.assets,5872,99F37707,1430
0,0,CM3D2VRx64_Data\sharedassets3.assets,6340,9D76F797,1430
0,0,CM3D2VRx64_Data\sharedassets30.assets,67700952,70C2AE82,1430
0,0,CM3D2VRx64_Data\sharedassets31.assets,67690184,2B022144,1430
0,0,CM3D2VRx64_Data\sharedassets32.assets,47233820,4BBDE07B,1430
0,0,CM3D2VRx64_Data\sharedassets32.resource,3813344,7B95E5D4,1430
0,0,CM3D2VRx64_Data\sharedassets33.assets,5788,5532D645,1430
0,0,CM3D2VRx64_Data\sharedassets4.assets,1310240,DFFFD49A,1430
0,0,CM3D2VRx64_Data\sharedassets5.assets,6460,690BE480,1430
0,0,CM3D2VRx64_Data\sharedassets6.assets,5788,DB9CFAB8,1430
0,0,CM3D2VRx64_Data\sharedassets7.assets,6064,373E5ACC,1430
0,0,CM3D2VRx64_Data\sharedassets8.assets,5944,9890484C,1430
0,0,CM3D2VRx64_Data\sharedassets9.assets,6268,8317B1BF,1430
0,0,CM3D2VRx64_Data\Managed\Accessibility.dll,10752,594EE943,1430
0,0,CM3D2VRx64_Data\Managed\Assembly-CSharp-firstpass.dll,690176,9937700A,1430
0,0,CM3D2VRx64_Data\Managed\Assembly-CSharp.dll,2561024,6815B52D,1430
0,0,CM3D2VRx64_Data\Managed\Assembly-UnityScript-firstpass.dll,65024,6345DE9B,1430
0,0,CM3D2VRx64_Data\Managed\Boo.Lang.dll,126976,9ADD3789,1430
0,0,CM3D2VRx64_Data\Managed\Ionic.Zlib.dll,102400,7C9E7DD2,1430
0,0,CM3D2VRx64_Data\Managed\JsonFx.Json.dll,70144,A0F0CFCB,1430
0,0,CM3D2VRx64_Data\Managed\LeapCSharp.NET3.5.dll,82432,38E38212,1430
0,0,CM3D2VRx64_Data\Managed\Mono.Data.Tds.dll,96256,DDA7BAB7,1430
0,0,CM3D2VRx64_Data\Managed\Mono.Posix.dll,184320,C7063ABB,1430
0,0,CM3D2VRx64_Data\Managed\Mono.Security.dll,294912,8C7E67B3,1430
0,0,CM3D2VRx64_Data\Managed\Mono.WebBrowser.dll,172032,541986C3,1430
0,0,CM3D2VRx64_Data\Managed\mscorlib.dll,2589696,AFA570E5,1430
0,0,CM3D2VRx64_Data\Managed\System.Configuration.dll,124928,D5F2A804,1430
0,0,CM3D2VRx64_Data\Managed\System.Core.dll,297472,BCE2218F,1430
0,0,CM3D2VRx64_Data\Managed\System.Data.dll,856064,F1D38D2E,1430
0,0,CM3D2VRx64_Data\Managed\System.dll,1679360,288F722A,1430
0,0,CM3D2VRx64_Data\Managed\System.Drawing.Design.dll,29696,E7B53FF9,1430
0,0,CM3D2VRx64_Data\Managed\System.Drawing.dll,448512,C4B2E872,1430
0,0,CM3D2VRx64_Data\Managed\System.EnterpriseServices.dll,46592,75A19B93,1430
0,0,CM3D2VRx64_Data\Managed\System.Security.dll,135168,365C74A7,1430
0,0,CM3D2VRx64_Data\Managed\System.Transactions.dll,27648,203D65C1,1430
0,0,CM3D2VRx64_Data\Managed\System.Windows.Forms.dll,3053568,56394001,1430
0,0,CM3D2VRx64_Data\Managed\System.Xml.dll,1270272,9B79033F,1430
0,0,CM3D2VRx64_Data\Managed\System.Xml.Linq.dll,106496,B3ACF139,1430
0,0,CM3D2VRx64_Data\Managed\UnityEngine.dll,972800,B3EB425F,1430
0,0,CM3D2VRx64_Data\Managed\UnityEngine.dll.mdb,353934,02424F6C,1430
0,0,CM3D2VRx64_Data\Managed\UnityEngine.Networking.dll,230912,EBC88F56,1430
0,0,CM3D2VRx64_Data\Managed\UnityEngine.UI.dll,219136,8E43BC11,1430
0,0,CM3D2VRx64_Data\Managed\UnityScript.Lang.dll,14336,13EE284D,1430
0,0,CM3D2VRx64_Data\Managed\zxing.unity.dll,430592,9FD1F198,1430
0,0,CM3D2VRx64_Data\Mono\mono.dll,2612696,2A5A1006,1430
0,0,CM3D2VRx64_Data\Mono\etc\mono\browscap.ini,311984,CE6C0AB3,1430
0,0,CM3D2VRx64_Data\Mono\etc\mono\config,1691,A635914A,1430
0,0,CM3D2VRx64_Data\Mono\etc\mono\1.0\DefaultWsdlHelpGenerator.aspx,58196,10E814BF,1430
0,0,CM3D2VRx64_Data\Mono\etc\mono\1.0\machine.config,17258,EDE1AC59,1430
0,0,CM3D2VRx64_Data\Mono\etc\mono\2.0\DefaultWsdlHelpGenerator.aspx,60453,F3869A34,1430
0,0,CM3D2VRx64_Data\Mono\etc\mono\2.0\machine.config,27625,73C91C24,1430
0,0,CM3D2VRx64_Data\Mono\etc\mono\2.0\settings.map,2618,A1A3C29F,1430
0,0,CM3D2VRx64_Data\Mono\etc\mono\2.0\web.config,11686,534A9960,1430
0,0,CM3D2VRx64_Data\Mono\etc\mono\2.0\Browsers\Compat.browser,1605,2E178A0B,1430
0,0,CM3D2VRx64_Data\Mono\etc\mono\mconfig\config.xml,25817,80B2033A,1430
0,0,CM3D2VRx64_Data\Plugins\cm3d2_x64.dll,1543680,6027F7CE,1430
0,0,CM3D2VRx64_Data\Plugins\device_hook.dll,116224,52D7B853,1430
0,0,CM3D2VRx64_Data\Plugins\LeapC.dll,2516992,FBDD3767,1430
0,0,CM3D2VRx64_Data\Plugins\openvr_api.dll,318272,44432E0F,1430
0,0,CM3D2VRx64_Data\Plugins\OVRGamepad.dll,12800,2C526135,1430
0,0,CM3D2VRx64_Data\Plugins\OVRPlugin.dll,399272,D560055D,1430
0,0,CM3D2VRx64_Data\Resources\unity default resources,1544700,7137E221,1430
0,0,CM3D2VRx64_Data\Resources\unity_builtin_extra,142196,DF9A5755,1430
0,0,GameData\material_vr.arc,6184,D2EAFD73,130
0,0,GameData\menu_vr.arc,3407,D3B43CF5,130
0,0,GameData\model_vr.arc,866449,B84B7620,130
0,0,GameData\texture_vr.arc,1111256,DF651968,130
