0,0,COM3D2OH.exe,6623232,E30BEDE0,2006
0,0,COM3D2OHx64.exe,22841856,858642A8,1430
0,0,LICENSE,31205,24BAD003,1430
0,0,COM3D2OHx64_Data\app.info,42,6CD75754,1430
0,0,COM3D2OHx64_Data\globalgamemanagers,4417132,58803005,1430
0,0,COM3D2OHx64_Data\globalgamemanagers.assets,242004,C071668B,1430
0,0,COM3D2OHx64_Data\level0,325500,DB3A76B4,1430
0,0,COM3D2OHx64_Data\level1,348644,09E0270F,1430
0,0,COM3D2OHx64_Data\level10,696852,A0DF6E33,1430
0,0,COM3D2OHx64_Data\level11,7476,AA243094,1430
0,0,COM3D2OHx64_Data\level12,327956,8752C802,1430
0,0,COM3D2OHx64_Data\level13,4664,99E8D776,1430
0,0,COM3D2OHx64_Data\level14,344644,95BC113A,1430
0,0,COM3D2OHx64_Data\level15,334340,5E239748,1430
0,0,COM3D2OHx64_Data\level16,955484,117F980E,1430
0,0,COM3D2OHx64_Data\level17,427164,3140A239,1430
0,0,COM3D2OHx64_Data\level18,1085124,C5D36115,1430
0,0,COM3D2OHx64_Data\level19,410644,4ACD1F0F,1430
0,0,COM3D2OHx64_Data\level2,740276,F347AD4E,1430
0,0,COM3D2OHx64_Data\level20,2187796,9FB62EC0,1430
0,0,COM3D2OHx64_Data\level21,1115132,D26B7B04,1430
0,0,COM3D2OHx64_Data\level22,1088404,F0DE8391,1430
0,0,COM3D2OHx64_Data\level23,447692,40BB7666,1430
0,0,COM3D2OHx64_Data\level24,27904,9267AF6B,1430
0,0,COM3D2OHx64_Data\level24.resS,131232,851AC384,1430
0,0,COM3D2OHx64_Data\level25,51676,51B21E4A,1430
0,0,COM3D2OHx64_Data\level26,56036,504BE88D,1430
0,0,COM3D2OHx64_Data\level27,6832,F60EE569,1430
0,0,COM3D2OHx64_Data\level28,326404,1009644F,1430
0,0,COM3D2OHx64_Data\level29,1576452,1938EACD,1430
0,0,COM3D2OHx64_Data\level3,1212948,B26C521D,1430
0,0,COM3D2OHx64_Data\level30,1433084,E7AF72C4,1430
0,0,COM3D2OHx64_Data\level31,1454684,06238715,1430
0,0,COM3D2OHx64_Data\level32,1349916,48341804,1430
0,0,COM3D2OHx64_Data\level33,1414372,5A39BED4,1430
0,0,COM3D2OHx64_Data\level34,1539796,F0F70510,1430
0,0,COM3D2OHx64_Data\level35,1276780,AB79BB63,1430
0,0,COM3D2OHx64_Data\level36,1027404,57F0E1C2,1430
0,0,COM3D2OHx64_Data\level37,1034644,60C5363B,1430
0,0,COM3D2OHx64_Data\level38,1276780,925888A6,1430
0,0,COM3D2OHx64_Data\level39,1157340,AAA351D6,1430
0,0,COM3D2OHx64_Data\level4,1284068,98068097,1430
0,0,COM3D2OHx64_Data\level40,945956,90FEBB74,1430
0,0,COM3D2OHx64_Data\level41,1232348,EF283F94,1430
0,0,COM3D2OHx64_Data\level42,1374820,3A0EF683,1430
0,0,COM3D2OHx64_Data\level43,1333364,F74587BF,1430
0,0,COM3D2OHx64_Data\level44,918172,0174E0AA,1430
0,0,COM3D2OHx64_Data\level45,401308,CD0EC2AE,1430
0,0,COM3D2OHx64_Data\level46,397676,7FAA081B,1430
0,0,COM3D2OHx64_Data\level47,441388,38427C20,1430
0,0,COM3D2OHx64_Data\level48,463516,9A1C8CDE,1430
0,0,COM3D2OHx64_Data\level49,391916,B1F30FBA,1430
0,0,COM3D2OHx64_Data\level5,326996,66EB7DCC,1430
0,0,COM3D2OHx64_Data\level50,451876,55F7C08A,1430
0,0,COM3D2OHx64_Data\level51,1040316,5DD8844E,1430
0,0,COM3D2OHx64_Data\level52,964716,A7F75449,1430
0,0,COM3D2OHx64_Data\level53,444596,6690D3F6,1430
0,0,COM3D2OHx64_Data\level54,466740,F7F655EC,1430
0,0,COM3D2OHx64_Data\level55,457324,78A61228,1430
0,0,COM3D2OHx64_Data\level56,1044724,0FFCC4E4,1430
0,0,COM3D2OHx64_Data\level57,1004996,3069B23E,1430
0,0,COM3D2OHx64_Data\level58,450372,6951AFDE,1430
0,0,COM3D2OHx64_Data\level59,434892,E6DB9871,1430
0,0,COM3D2OHx64_Data\level6,417156,5ADF2AAF,1430
0,0,COM3D2OHx64_Data\level60,416564,A291593D,1430
0,0,COM3D2OHx64_Data\level61,1384116,8560E75C,1430
0,0,COM3D2OHx64_Data\level62,1324868,1C03F814,1430
0,0,COM3D2OHx64_Data\level63,503388,E076A406,1430
0,0,COM3D2OHx64_Data\level64,405516,1A91658B,1430
0,0,COM3D2OHx64_Data\level65,1252884,DEB13A9B,1430
0,0,COM3D2OHx64_Data\level66,970716,5F8E3688,1430
0,0,COM3D2OHx64_Data\level67,1429188,60AE8D94,1430
0,0,COM3D2OHx64_Data\level68,1370340,E9A3C413,1430
0,0,COM3D2OHx64_Data\level69,1576460,82579679,1430
0,0,COM3D2OHx64_Data\level7,326012,81FF4D6D,1430
0,0,COM3D2OHx64_Data\level70,1539804,4A5FB0E4,1430
0,0,COM3D2OHx64_Data\level71,1371492,B5F4BD6B,1430
0,0,COM3D2OHx64_Data\level72,1337436,6F70F6E6,1430
0,0,COM3D2OHx64_Data\level73,418124,81D2F39D,1430
0,0,COM3D2OHx64_Data\level74,406740,B2BD7D4D,1430
0,0,COM3D2OHx64_Data\level75,1050596,E640317B,1430
0,0,COM3D2OHx64_Data\level76,851884,F4E26243,1430
0,0,COM3D2OHx64_Data\level77,958652,663D1076,1430
0,0,COM3D2OHx64_Data\level78,852844,EF9FC37E,1430
0,0,COM3D2OHx64_Data\level79,1030212,AA368A93,1430
0,0,COM3D2OHx64_Data\level8,393460,F53F796E,1430
0,0,COM3D2OHx64_Data\level80,1693572,97BBEE8F,1430
0,0,COM3D2OHx64_Data\level81,1644644,FD59C281,1430
0,0,COM3D2OHx64_Data\level82,1113420,15403F37,1430
0,0,COM3D2OHx64_Data\level83,1057092,1FDF54C4,1430
0,0,COM3D2OHx64_Data\level84,1512548,FFFF2ED3,1430
0,0,COM3D2OHx64_Data\level85,1611476,B22B3FE2,1430
0,0,COM3D2OHx64_Data\level9,329124,C1DDEA17,1430
0,0,COM3D2OHx64_Data\resources.assets,410333480,EBD806E2,1430
0,0,COM3D2OHx64_Data\resources.assets.resS,1768719924,B41C7BF3,1430
0,0,COM3D2OHx64_Data\resources.resource,727392,54F90BDA,1430
0,0,COM3D2OHx64_Data\sharedassets0.assets,115226516,196A83A6,1430
0,0,COM3D2OHx64_Data\sharedassets0.assets.resS,28071636,A1AB9432,1430
0,0,COM3D2OHx64_Data\sharedassets1.assets,6256,ED5328FF,1430
0,0,COM3D2OHx64_Data\sharedassets10.assets,6652,D3DF422B,1430
0,0,COM3D2OHx64_Data\sharedassets11.assets,4564,4DF34162,1430
0,0,COM3D2OHx64_Data\sharedassets12.assets,6148,45804BAA,1430
0,0,COM3D2OHx64_Data\sharedassets13.assets,4132,4A41E2B5,1430
0,0,COM3D2OHx64_Data\sharedassets14.assets,6868,6314FD2E,1430
0,0,COM3D2OHx64_Data\sharedassets15.assets,6232,0C2CD524,1430
0,0,COM3D2OHx64_Data\sharedassets16.assets,30936236,7EB4F6BE,1430
0,0,COM3D2OHx64_Data\sharedassets17.assets,6292,A084853C,1430
0,0,COM3D2OHx64_Data\sharedassets18.assets,48052092,E9579E96,1430
0,0,COM3D2OHx64_Data\sharedassets19.assets,6316,A8090BB2,1430
0,0,COM3D2OHx64_Data\sharedassets2.assets,6556,0735A7E9,1430
0,0,COM3D2OHx64_Data\sharedassets20.assets,7096,4AC945F5,1430
0,0,COM3D2OHx64_Data\sharedassets21.assets,39516308,1405472D,1430
0,0,COM3D2OHx64_Data\sharedassets22.assets,12664,C73BB4F5,1430
0,0,COM3D2OHx64_Data\sharedassets23.assets,18126856,A799FE71,1430
0,0,COM3D2OHx64_Data\sharedassets24.assets,12328,87D11814,1430
0,0,COM3D2OHx64_Data\sharedassets25.assets,4420,082A5FF0,1430
0,0,COM3D2OHx64_Data\sharedassets26.assets,4324,046A3773,1430
0,0,COM3D2OHx64_Data\sharedassets27.assets,4264,91751220,1430
0,0,COM3D2OHx64_Data\sharedassets28.assets,6124,A1BA1F8E,1430
0,0,COM3D2OHx64_Data\sharedassets29.assets,145550532,244B5EE3,1430
0,0,COM3D2OHx64_Data\sharedassets3.assets,12916,48BE4EB2,1430
0,0,COM3D2OHx64_Data\sharedassets30.assets,135254532,BFC337CC,1430
0,0,COM3D2OHx64_Data\sharedassets31.assets,127532532,7BBCB8F9,1430
0,0,COM3D2OHx64_Data\sharedassets32.assets,9388,6F83E837,1430
0,0,COM3D2OHx64_Data\sharedassets33.assets,9496,7E351C70,1430
0,0,COM3D2OHx64_Data\sharedassets34.assets,9484,7A06F79A,1430
0,0,COM3D2OHx64_Data\sharedassets35.assets,128819620,257FBA9A,1430
0,0,COM3D2OHx64_Data\sharedassets36.assets,9256,FD59ACF2,1430
0,0,COM3D2OHx64_Data\sharedassets37.assets,9280,BAEB4D2D,1430
0,0,COM3D2OHx64_Data\sharedassets38.assets,12712,51A35443,1430
0,0,COM3D2OHx64_Data\sharedassets39.assets,9484,05200047,1430
0,0,COM3D2OHx64_Data\sharedassets4.assets,7144,58FEDE42,1430
0,0,COM3D2OHx64_Data\sharedassets40.assets,9292,22AB4644,1430
0,0,COM3D2OHx64_Data\sharedassets41.assets,9460,1F4CFBC4,1430
0,0,COM3D2OHx64_Data\sharedassets42.assets,141689532,2B2FCDAD,1430
0,0,COM3D2OHx64_Data\sharedassets43.assets,9496,0DB52E8C,1430
0,0,COM3D2OHx64_Data\sharedassets44.assets,9460,2BA0CB1D,1430
0,0,COM3D2OHx64_Data\sharedassets45.assets,42236540,141574B4,1430
0,0,COM3D2OHx64_Data\sharedassets45.assets.resS,87400,8BA6C322,1430
0,0,COM3D2OHx64_Data\sharedassets46.assets,38246508,F8914F4C,1430
0,0,COM3D2OHx64_Data\sharedassets47.assets,32874604,CAAE03A0,1430
0,0,COM3D2OHx64_Data\sharedassets48.assets,36735684,A094C9EA,1430
0,0,COM3D2OHx64_Data\sharedassets48.assets.resS,174776,5B619AF1,1430
0,0,COM3D2OHx64_Data\sharedassets49.assets,41277360,9842E97B,1430
0,0,COM3D2OHx64_Data\sharedassets5.assets,6136,A209A775,1430
0,0,COM3D2OHx64_Data\sharedassets50.assets,39399112,6A5946DF,1430
0,0,COM3D2OHx64_Data\sharedassets51.assets,3017148,41CFA823,1430
0,0,COM3D2OHx64_Data\sharedassets51.assets.resS,611728,7BFBEAAE,1430
0,0,COM3D2OHx64_Data\sharedassets52.assets,9508,431DE654,1430
0,0,COM3D2OHx64_Data\sharedassets53.assets,6508,C9750EAF,1430
0,0,COM3D2OHx64_Data\sharedassets54.assets,6508,C9750EAF,1430
0,0,COM3D2OHx64_Data\sharedassets55.assets,6508,C9750EAF,1430
0,0,COM3D2OHx64_Data\sharedassets56.assets,12604,27D0AF89,1430
0,0,COM3D2OHx64_Data\sharedassets57.assets,9460,6F5834E8,1430
0,0,COM3D2OHx64_Data\sharedassets58.assets,6472,5FBC7EF6,1430
0,0,COM3D2OHx64_Data\sharedassets59.assets,59364,D7F72BBB,1430
0,0,COM3D2OHx64_Data\sharedassets59.assets.resS,174776,B51EE5DC,1430
0,0,COM3D2OHx64_Data\sharedassets6.assets,7096,09C99C9C,1430
0,0,COM3D2OHx64_Data\sharedassets60.assets,6484,F7D5DDDA,1430
0,0,COM3D2OHx64_Data\sharedassets61.assets,759664,0FAA2987,1430
0,0,COM3D2OHx64_Data\sharedassets61.assets.resS,1310880,58801C35,1430
0,0,COM3D2OHx64_Data\sharedassets61.resource,1178176,90268BF4,1430
0,0,COM3D2OHx64_Data\sharedassets62.assets,9316,EA3EF20C,1430
0,0,COM3D2OHx64_Data\sharedassets63.assets,52838324,E8090BB5,1430
0,0,COM3D2OHx64_Data\sharedassets63.assets.resS,6226112,B3E98769,1430
0,0,COM3D2OHx64_Data\sharedassets64.assets,6580,D58A7A44,1430
0,0,COM3D2OHx64_Data\sharedassets65.assets,13852,86B83351,1430
0,0,COM3D2OHx64_Data\sharedassets66.assets,9448,3AB10BAA,1430
0,0,COM3D2OHx64_Data\sharedassets67.assets,12616,F1C345CE,1430
0,0,COM3D2OHx64_Data\sharedassets68.assets,9436,3E14B0C5,1430
0,0,COM3D2OHx64_Data\sharedassets69.assets,12628,1AF9E803,1430
0,0,COM3D2OHx64_Data\sharedassets7.assets,6088,978330CD,1430
0,0,COM3D2OHx64_Data\sharedassets70.assets,9484,7A06F79A,1430
0,0,COM3D2OHx64_Data\sharedassets71.assets,12616,F1C345CE,1430
0,0,COM3D2OHx64_Data\sharedassets72.assets,10384,EB83AF68,1430
0,0,COM3D2OHx64_Data\sharedassets73.assets,6868,B64C5CFB,1430
0,0,COM3D2OHx64_Data\sharedassets74.assets,6436,78232AAC,1430
0,0,COM3D2OHx64_Data\sharedassets75.assets,11692,C78939AD,1430
0,0,COM3D2OHx64_Data\sharedassets75.resource,2729184,2D4064D6,1430
0,0,COM3D2OHx64_Data\sharedassets76.assets,11560,93B961DD,1430
0,0,COM3D2OHx64_Data\sharedassets77.assets,8296,E633C156,1430
0,0,COM3D2OHx64_Data\sharedassets78.assets,7612,6C17C9C6,1430
0,0,COM3D2OHx64_Data\sharedassets79.assets,353884,022B01D2,1430
0,0,COM3D2OHx64_Data\sharedassets79.assets.resS,2272048,E50143CB,1430
0,0,COM3D2OHx64_Data\sharedassets79.resource,6236800,C7E9CFDE,1430
0,0,COM3D2OHx64_Data\sharedassets8.assets,6328,8AAE9B0D,1430
0,0,COM3D2OHx64_Data\sharedassets80.assets,6568304,2F8EA0EE,1430
0,0,COM3D2OHx64_Data\sharedassets80.assets.resS,10936,3B0D7ADF,1430
0,0,COM3D2OHx64_Data\sharedassets80.resource,1136352,956B5452,1430
0,0,COM3D2OHx64_Data\sharedassets81.assets,10252,0BCB74B2,1430
0,0,COM3D2OHx64_Data\sharedassets82.assets,12796,443145B0,1430
0,0,COM3D2OHx64_Data\sharedassets83.assets,9592,BA486615,1430
0,0,COM3D2OHx64_Data\sharedassets84.assets,9716,2B856A3D,1430
0,0,COM3D2OHx64_Data\sharedassets84.resource,1003968,52A085C2,1430
0,0,COM3D2OHx64_Data\sharedassets85.assets,12916,60EA6B72,1430
0,0,COM3D2OHx64_Data\sharedassets9.assets,6232,F61BA707,1430
0,0,COM3D2OHx64_Data\Managed\Accessibility.dll,10752,5CB31E4E,1430
0,0,COM3D2OHx64_Data\Managed\Assembly-CSharp-firstpass.dll,789504,B4C5A9C6,1430
0,0,COM3D2OHx64_Data\Managed\Assembly-CSharp.dll,5450752,66984031,1430
0,0,COM3D2OHx64_Data\Managed\Assembly-UnityScript-firstpass.dll,65024,A0C4EE89,1430
0,0,COM3D2OHx64_Data\Managed\Boo.Lang.dll,126976,28383F70,1430
0,0,COM3D2OHx64_Data\Managed\BouncyCastle.Crypto.dll,2236416,5A4C4F07,1430
0,0,COM3D2OHx64_Data\Managed\FoveUnityPlugin.dll,28672,A6EA882B,1430
0,0,COM3D2OHx64_Data\Managed\ICSharpCode.SharpZipLib.dll,200704,D3160A1C,1430
0,0,COM3D2OHx64_Data\Managed\Ionic.Zlib.dll,102400,7C9E7DD2,1430
0,0,COM3D2OHx64_Data\Managed\JsonFx.Json.dll,70144,A0F0CFCB,1430
0,0,COM3D2OHx64_Data\Managed\LeapCSharp.NET3.5.dll,82432,38E38212,1430
0,0,COM3D2OHx64_Data\Managed\Mono.Data.Tds.dll,96256,2965324B,1430
0,0,COM3D2OHx64_Data\Managed\Mono.Posix.dll,184320,0CE35BE3,1430
0,0,COM3D2OHx64_Data\Managed\Mono.Security.dll,294912,66EB9979,1430
0,0,COM3D2OHx64_Data\Managed\Mono.WebBrowser.dll,172032,137B736F,1430
0,0,COM3D2OHx64_Data\Managed\mscorlib.dll,2590208,5166389B,1430
0,0,COM3D2OHx64_Data\Managed\Newtonsoft.Json.dll,494592,5C881B73,1430
0,0,COM3D2OHx64_Data\Managed\System.Configuration.dll,124928,72952344,1430
0,0,COM3D2OHx64_Data\Managed\System.Core.dll,297472,9E3EE5D7,1430
0,0,COM3D2OHx64_Data\Managed\System.Data.dll,856064,DDDB80CD,1430
0,0,COM3D2OHx64_Data\Managed\System.dll,1679360,13922617,1430
0,0,COM3D2OHx64_Data\Managed\System.Drawing.Design.dll,29696,E7B53FF9,1430
0,0,COM3D2OHx64_Data\Managed\System.Drawing.dll,448512,C4B2E872,1430
0,0,COM3D2OHx64_Data\Managed\System.EnterpriseServices.dll,46592,2C72A9FE,1430
0,0,COM3D2OHx64_Data\Managed\System.Security.dll,135168,1CE94C57,1430
0,0,COM3D2OHx64_Data\Managed\System.Transactions.dll,27648,45299FCF,1430
0,0,COM3D2OHx64_Data\Managed\System.Windows.Forms.dll,3053568,56394001,1430
0,0,COM3D2OHx64_Data\Managed\System.Xml.dll,1270272,4581A35B,1430
0,0,COM3D2OHx64_Data\Managed\System.Xml.Linq.dll,106496,E844371C,1430
0,0,COM3D2OHx64_Data\Managed\UnityEngine.dll,1393152,2C35388C,1430
0,0,COM3D2OHx64_Data\Managed\UnityEngine.dll.mdb,449828,8610375E,1430
0,0,COM3D2OHx64_Data\Managed\UnityEngine.Networking.dll,253952,2BDF701F,1430
0,0,COM3D2OHx64_Data\Managed\UnityEngine.UI.dll,245760,FA552B2D,1430
0,0,COM3D2OHx64_Data\Managed\UnityEngine.VR.dll,3072,A4582CD6,1430
0,0,COM3D2OHx64_Data\Managed\UnityScript.Lang.dll,13824,0DA8F681,1430
0,0,COM3D2OHx64_Data\Managed\Win32.dll,13312,7781C2A2,1430
0,0,COM3D2OHx64_Data\Managed\zxing.unity.dll,430592,9FD1F198,1430
0,0,COM3D2OHx64_Data\Mono\mono.dll,2618816,0BEA8C0F,1430
0,0,COM3D2OHx64_Data\Mono\MonoPosixHelper.dll,113664,9B5E1E4D,1430
0,0,COM3D2OHx64_Data\Mono\etc\mono\browscap.ini,311984,CE6C0AB3,1430
0,0,COM3D2OHx64_Data\Mono\etc\mono\config,1691,A635914A,1430
0,0,COM3D2OHx64_Data\Mono\etc\mono\1.0\DefaultWsdlHelpGenerator.aspx,58196,10E814BF,1430
0,0,COM3D2OHx64_Data\Mono\etc\mono\1.0\machine.config,17258,EDE1AC59,1430
0,0,COM3D2OHx64_Data\Mono\etc\mono\2.0\DefaultWsdlHelpGenerator.aspx,60453,F3869A34,1430
0,0,COM3D2OHx64_Data\Mono\etc\mono\2.0\machine.config,27625,73C91C24,1430
0,0,COM3D2OHx64_Data\Mono\etc\mono\2.0\settings.map,2618,A1A3C29F,1430
0,0,COM3D2OHx64_Data\Mono\etc\mono\2.0\web.config,11686,534A9960,1430
0,0,COM3D2OHx64_Data\Mono\etc\mono\2.0\Browsers\Compat.browser,1605,2E178A0B,1430
0,0,COM3D2OHx64_Data\Mono\etc\mono\mconfig\config.xml,25817,80B2033A,1430
0,0,COM3D2OHx64_Data\Plugins\assimp.dll,4388864,7C910D84,1430
0,0,COM3D2OHx64_Data\Plugins\Audio360.dll,1499136,2D77400A,1430
0,0,COM3D2OHx64_Data\Plugins\AVProVideo.dll,891392,A3612D4B,1430
0,0,COM3D2OHx64_Data\Plugins\clothpp.dll,112128,7C3264A4,1430
0,0,COM3D2OHx64_Data\Plugins\cm3d2.dll,2088448,554FCBFF,1430
0,0,COM3D2OHx64_Data\Plugins\device_hook.dll,738816,F61E7CED,1430
0,0,COM3D2OHx64_Data\Plugins\FoveClient.dll,1849384,58C8B4F6,1430
0,0,COM3D2OHx64_Data\Plugins\LeapC.dll,2516992,FBDD3767,1430
0,0,COM3D2OHx64_Data\Plugins\openvr_api.dll,318272,44432E0F,1430
0,0,COM3D2OHx64_Data\Plugins\OVRGamepad.dll,12800,2C526135,1430
0,0,COM3D2OHx64_Data\Plugins\OVRLipSync.dll,2512296,391C1F4C,1430
0,0,COM3D2OHx64_Data\Plugins\OVRPlugin.dll,1898408,5DD05B6C,1430
0,0,COM3D2OHx64_Data\Plugins\Win32-WebView.dll,504832,382AEE66,1430
0,0,COM3D2OHx64_Data\Resources\unity default resources,752360,71DB1AEA,1430
0,0,COM3D2OHx64_Data\Resources\unity_builtin_extra,284012,91145F7F,1430
0,0,GameData\csv_cbl.arc,816072,B3E88D5A,1430
0,0,GameData\motion_cbl2.arc,22222457,FD0F6146,1280
0,0,GameData\motion_cbl_3d21reserve_2.arc,153938,9CB83B59,1120
0,0,GameData\motion_cbl_denkigai2019s_2.arc,753524,B6E084B2,1410
0,0,GameData\motion_cbl_kissnohi001_2.arc,158468,9CE47192,1200
0,0,GameData\motion_cbl_vp001_2.arc,1659046,62219F7A,1250
0,0,GameData\script_cbl.arc,6099760,D654FAB7,1430
0,0,GameData\script_cbl_omytgc001_2.arc,212278,5759B805,1210
0,0,GameData\script_cbl_ordermade001_2.arc,36866,2E4CD733,1210
0,0,GameData\script_cbl_ordermade002_2.arc,36466,DD7811A4,1210
0,0,GameData\script_cbl_ordermade003_2.arc,3026,080F3688,1250
0,0,GameData\script_cbl_ordermade004_2.arc,3250,96221889,1250
0,0,GameData\script_cbl_personal_om002_2.arc,1730,BC1779C2,1250
0,0,GameData\script_cbl_personal_om003plus_2.arc,5282,34A5C955,1360
0,0,GameData\script_cbl_personal_om004_2.arc,1954,3FEFD65F,1280
0,0,GameData\script_cbl_personal_om004plus_2.arc,5490,15D3F64F,1360
0,0,GameData\script_cbl_personal_om005plus_2.arc,5058,9471327B,1360
0,0,GameData\script_cbl_s2.arc,1170205,611FCB43,1230
0,0,GameData\voice_cbl_s2.arc,160897961,3132D9C8,1301
0,0,manual\index.html,52620,3D3D5ACF,1170
0,0,manual\css\index.css,7168,D11B8AF5,1170
0,0,manual\img\chu-blip2.jpg,78933,95522903,1170
0,0,manual\img\com3d2wcls2_logo.png,107288,47D023F7,1170
0,0,manual\img\config.jpg,167519,C5E4FAF3,1170
0,0,manual\img\menu001.jpg,13885,25B66329,1170
0,0,manual\img\menu002.jpg,24247,87A4205F,1170
0,0,manual\img\yotogi04.jpg,239859,141EC205,1170
0,0,manual\img\yotogi05.jpg,187720,9C93EE69,1170
share,GameData\patch\bg_kissevent2018_sp_card_2.arc,GameData\bg_kissevent2018_sp_card_2.arc,493322,140250D1,1100
share,GameData\patch\bg_sp001_2.arc,GameData\bg_sp001_2.arc,16204240,91030B15,1000
share,GameData\patch\bg_sp004_2.arc,GameData\bg_sp004_2.arc,35284425,D79D7E66,1290
share,GameData\patch\csv.arc,GameData\csv.arc,6817007,9A1C394B,1430
share,GameData\patch\csv_3d21reserve2_2.arc,GameData\csv_3d21reserve2_2.arc,51058,6AD913F3,1380
share,GameData\patch\csv_dlc305_2.arc,GameData\csv_dlc305_2.arc,67779,3D73BCB9,1380
share,GameData\patch\csv_denkigai2018wpcard_2.arc,GameData\csv_denkigai2018wpcard_2.arc,450,CD1D6826,1331
share,GameData\patch\csv_gp001_2.arc,GameData\csv_gp001_2.arc,34178,AA372C5C,1270
share,GameData\patch\csv_jp.arc,GameData\csv_jp.arc,13747,BE714C79,1310
share,GameData\patch\csv_personal_om006_2.arc,GameData\csv_personal_om006_2.arc,1426,AB118368,1350
share,GameData\patch\csv_old_2.arc,GameData\csv_old_2.arc,1746,7AD2A97C,1150
share,GameData\patch\csv_ordermade001_2.arc,GameData\csv_ordermade001_2.arc,770,422A7575,1150
share,GameData\patch\parts2.arc,GameData\parts2.arc,164499237,F06135F1,1420
share,GameData\patch\parts_cw001cloth3_2.arc,GameData\parts_cw001cloth3_2.arc,4370,1F2FFFCD,1380
share,GameData\patch\parts_denkigai2019s_2.arc,GameData\parts_denkigai2019s_2.arc,6565399,1351B41C,1352
share,GameData\patch\parts_dlc209_2.arc,GameData\parts_dlc209_2.arc,1363413,BF1ABBC0,1171
share,GameData\patch\parts_dlc216_2.arc,GameData\parts_dlc216_2.arc,932171,E7454670,1200
share,GameData\patch\parts_dlc232_2.arc,GameData\parts_dlc232_2.arc,3682,115DEE3E,1250
share,GameData\patch\parts_dlc241_2.arc,GameData\parts_dlc241_2.arc,1618,5C4797C1,1380
share,GameData\patch\parts_dlc267_2.arc,GameData\parts_dlc267_2.arc,2317684,C3E93D7B,1331
share,GameData\patch\parts_dlc268_2.arc,GameData\parts_dlc268_2.arc,465617,1FC74BD4,1320
share,GameData\patch\parts_dlc268ns_2.arc,GameData\parts_dlc268ns_2.arc,465634,269DB210,1320
share,GameData\patch\parts_dlc279_2.arc,GameData\parts_dlc279_2.arc,6171073,DF439D14,1331
share,GameData\patch\parts_gp001_2.arc,GameData\parts_gp001_2.arc,62132696,65C9D948,1410
share,GameData\patch\parts_karaoke001_2.arc,GameData\parts_karaoke001_2.arc,453245,11C970D3,1280
share,GameData\patch\parts_magazine003_2.arc,GameData\parts_magazine003_2.arc,201385,3A5B273D,1120
share,GameData\patch\parts_omvr.arc,GameData\parts_omvr.arc,3206509,4F0D0480,1120
share,GameData\patch\parts_personal_om006_2.arc,GameData\parts_personal_om006_2.arc,307194,3FCB0A15,1331
share,GameData\patch\parts_kissevent2018_2.arc,GameData\parts_kissevent2018_2.arc,5570,005BBD00,1100
share,GameData\patch\parts_shop016_2.arc,GameData\parts_shop016_2.arc,171410,3D70CEC4,1060
share,GameData\patch\parts_sp002cloth1_2.arc,GameData\parts_sp002cloth1_2.arc,10930,46512519,1250
share,GameData\patch\parts_sp002cloth2_2.arc,GameData\parts_sp002cloth2_2.arc,1825089,3BCD25A8,1352
share,GameData\patch\parts_sp003cloth3_2.arc,GameData\parts_sp003cloth3_2.arc,2971010,1DD812CE,1410
share,GameData\patch\parts_sp005cloth2_2.arc,GameData\parts_sp005cloth2_2.arc,23826,9ECA62AD,1312
share,GameData\patch\parts_vac001_2.arc,GameData\parts_vac001_2.arc,6706,959CBD1B,1250
share,GameData\patch\paths.dat,GameData\paths.dat,7078,97AF20BB,1430
share,GameData\patch\prioritymaterial.arc,GameData\prioritymaterial.arc,379061,8F847A7C,1430
share,GameData\patch\script_share_karaoke_2.arc,GameData\script_share_karaoke_2.arc,8181,E69C9C2B,1352
share,GameData\patch\sound2.arc,GameData\sound2.arc,4094217,BA4C4711,1430
share,GameData\patch\system2.arc,GameData\system2.arc,14628459,035A5837,1420
share,GameData\patch\system_gp001_2.arc,GameData\system_gp001_2.arc,6758158,C5047B0C,1301
share,GameData\patch\system_gp002_2.arc,GameData\system_gp002_2.arc,3352431,A85DA78B,1350
share,GameData\patch\voice_gp001_2.arc,GameData\voice_gp001_2.arc,128499501,74943317,1270
share,GameData\patch\voice_personal_om005_2.arc,GameData\voice_personal_om005_2.arc,77014392,941AFD15,1420
share,GameData_20\bg_vp001_2.arc,GameData_20\bg_vp001_2.arc,283046,A7A90EE1,1190
share,GameData_20\material_denkigai2015w_2.arc,GameData_20\material_denkigai2015w_2.arc,3490,F06AAABE,1090
share,GameData_20\material_dlc195_2.arc,GameData_20\material_dlc195_2.arc,1746,ECFBFE17,1090
share,GameData_20\material_dlcdenkigai2015w_2.arc,GameData_20\material_dlcdenkigai2015w_2.arc,3522,D35394D7,1090
share,GameData_20\material_dlcdenkigai2017w_2.arc,GameData_20\material_dlcdenkigai2017w_2.arc,3506,40FF8AFA,1090
share,GameData_20\material_kissevent2017march_2.arc,GameData_20\material_kissevent2017march_2.arc,3538,7A6FC5CF,1090
share,GameData_20\menu_dlc195_2.arc,GameData_20\menu_dlc195_2.arc,1170,BF163DDC,1090
share,GameData_20\model_denkigai2015w_2.arc,GameData_20\model_denkigai2015w_2.arc,174373,F9233759,1090
share,GameData_20\model_dlc195_2.arc,GameData_20\model_dlc195_2.arc,583563,16C95E54,1090
share,GameData_20\model_dlcdenkigai2015w_2.arc,GameData_20\model_dlcdenkigai2015w_2.arc,174400,BE6E5467,1090
share,GameData_20\model_dlcdenkigai2017w_2.arc,GameData_20\model_dlcdenkigai2017w_2.arc,181384,6D5B735E,1090
share,GameData_20\model_kissevent2017march_2.arc,GameData_20\model_kissevent2017march_2.arc,190682,21F32FCB,1090
share,GameData_20\texture_dlc195_2.arc,GameData_20\texture_dlc195_2.arc,16075880,456A4C76,1090
share,GameData_20\paths.dat,GameData_20\paths.dat,5091,D094E2BE,1580
share,GameData_20\prioritymaterial.arc,GameData_20\prioritymaterial.arc,221488,580931AC,1582
share,GameData_20\material_denkigai2015s003_2.arc,GameData_20\material_denkigai2015s003_2.arc,7106,0C82D791,1150
share,GameData_20\material_denkigai2015wTowelR.arc,GameData_20\material_denkigai2015wTowelR.arc,1602,618192B9,1360
share,GameData_20\material_dlc055_2.arc,GameData_20\material_dlc055_2.arc,5282,11A93109,1280
share,GameData_20\material_dlsite_2.arc,GameData_20\material_dlsite_2.arc,1762,C5A837EA,1150
share,GameData_20\material_shop001_2.arc,GameData_20\material_shop001_2.arc,1762,D98CED1C,1150
share,GameData_20\material_shop002_2.arc,GameData_20\material_shop002_2.arc,1762,956BB00E,1150
share,GameData_20\material_shop003_2.arc,GameData_20\material_shop003_2.arc,1762,38CEBFF2,1150
share,GameData_20\material_shop005_2.arc,GameData_20\material_shop005_2.arc,1714,3E621A32,1150
share,GameData_20\material_shop007_2.arc,GameData_20\material_shop007_2.arc,2578,C8CE627C,1150
share,GameData_20\material_vp001_2.arc,GameData_20\material_vp001_2.arc,11890,8CB043B0,1400
share,GameData_20\material_yomeido003_2.arc,GameData_20\material_yomeido003_2.arc,1522,0689A7AC,1240
share,GameData_20\menu_denkigai2015s001_2.arc,GameData_20\menu_denkigai2015s001_2.arc,6594,8B3E849F,1160
share,GameData_20\menu_denkigai2015s003_2.arc,GameData_20\menu_denkigai2015s003_2.arc,4338,D294CE88,1150
share,GameData_20\menu_denkigai2015wTowelR.arc,GameData_20\menu_denkigai2015wTowelR.arc,1282,CECEE1FC,1360
share,GameData_20\menu_denkigai2016s_2.arc,GameData_20\menu_denkigai2016s_2.arc,1346,4A9440B1,1351
share,GameData_20\menu_denkigai2016w_2.arc,GameData_20\menu_denkigai2016w_2.arc,15154,C8D64D3B,1450
share,GameData_20\menu_denkigai2017s_2.arc,GameData_20\menu_denkigai2017s_2.arc,1218,267B1338,1540
share,GameData_20\menu_dlcdenkigai2016w_2.arc,GameData_20\menu_dlcdenkigai2016w_2.arc,13522,45E7F667,1450
share,GameData_20\menu_dlcdenkigai2017s_2.arc,GameData_20\menu_dlcdenkigai2017s_2.arc,1218,A6C83B5D,1540
share,GameData_20\menu_dlc026_2.arc,GameData_20\menu_dlc026_2.arc,3778,69453D54,1190
share,GameData_20\menu_dlc028_2.arc,GameData_20\menu_dlc028_2.arc,3874,DE3F1C31,1200
share,GameData_20\menu_dlc041_2.arc,GameData_20\menu_dlc041_2.arc,6786,97F738D3,1380
share,GameData_20\menu_dlc042_2.arc,GameData_20\menu_dlc042_2.arc,1154,EE4016C0,1440
share,GameData_20\menu_dlc049_2.arc,GameData_20\menu_dlc049_2.arc,3106,E30D6F4C,1522
share,GameData_20\menu_dlc061_2.arc,GameData_20\menu_dlc061_2.arc,3810,F99C1D4E,1290
share,GameData_20\menu_dlc065_2.arc,GameData_20\menu_dlc065_2.arc,7602,D9387834,1380
share,GameData_20\menu_dlc074_2.arc,GameData_20\menu_dlc074_2.arc,5618,24C559D7,1312
share,GameData_20\menu_dlc100_2.arc,GameData_20\menu_dlc100_2.arc,1250,DFF94E9A,1400
share,GameData_20\menu_dlc101_2.arc,GameData_20\menu_dlc101_2.arc,1218,44DB4049,1481
share,GameData_20\menu_dlsite_2.arc,GameData_20\menu_dlsite_2.arc,1954,B2268BA7,1150
share,GameData_20\menu_kissevent2017march.arc,GameData_20\menu_kissevent2017march.arc,281,FF4EEB9B,1522
share,GameData_20\menu_kissevent2017march_2.arc,GameData_20\menu_kissevent2017march_2.arc,106624,14291926,1631
share,GameData_20\menu_magazine002_2.arc,GameData_20\menu_magazine002_2.arc,12498,691C1126,1471
share,GameData_20\menu_personal002_2.arc,GameData_20\menu_personal002_2.arc,1282,5687650C,1310
share,GameData_20\menu_shop001_2.arc,GameData_20\menu_shop001_2.arc,3314,35207C87,1150
share,GameData_20\menu_shop005_2.arc,GameData_20\menu_shop005_2.arc,1378,0C9AF725,1150
share,GameData_20\menu_vp001_2.arc,GameData_20\menu_vp001_2.arc,19138,7C7AFD9C,1400
share,GameData_20\menu_yomeido003_2.arc,GameData_20\menu_yomeido003_2.arc,1234,4D6F619D,1240
share,GameData_20\menu_yomeidogp_wedding_2.arc,GameData_20\menu_yomeidogp_wedding_2.arc,3954,C251B12C,1320
share,GameData_20\model_denkigai2015s003_2.arc,GameData_20\model_denkigai2015s003_2.arc,394665,41A48185,1150
share,GameData_20\model_denkigai2015wTowelR.arc,GameData_20\model_denkigai2015wTowelR.arc,38258,FB570A24,1360
share,GameData_20\model_denkigai2017s_2.arc,GameData_20\model_denkigai2017s_2.arc,462663,8917104A,1582
share,GameData_20\model_dlcdenkigai2017s_2.arc,GameData_20\model_dlcdenkigai2017s_2.arc,462667,9F0C3D54,1582
share,GameData_20\model_dlc005_2.arc,GameData_20\model_dlc005_2.arc,175424,F7DD7D82,1270
share,GameData_20\model_dlc046_2.arc,GameData_20\model_dlc046_2.arc,155690,83B34173,1220
share,GameData_20\model_dlc073_2.arc,GameData_20\model_dlc073_2.arc,267037,47D33A06,1320
share,GameData_20\model_dlc100_2.arc,GameData_20\model_dlc100_2.arc,691347,7C3D679D,1400
share,GameData_20\model_dlc109_2.arc,GameData_20\model_dlc109_2.arc,137998,8FCCF513,1460
share,GameData_20\model_dlc151_2.arc,GameData_20\model_dlc151_2.arc,213532,8C3C80C3,1520
share,GameData_20\model_dlsite_2.arc,GameData_20\model_dlsite_2.arc,197173,24366C43,1150
share,GameData_20\model_shop001_2.arc,GameData_20\model_shop001_2.arc,115215,9C941FAF,1150
share,GameData_20\model_shop002_2.arc,GameData_20\model_shop002_2.arc,251253,743C3D97,1150
share,GameData_20\model_shop003_2.arc,GameData_20\model_shop003_2.arc,185433,A15EC70A,1150
share,GameData_20\model_shop005_2.arc,GameData_20\model_shop005_2.arc,150103,FB5341FA,1150
share,GameData_20\model_shop007_2.arc,GameData_20\model_shop007_2.arc,288759,80615CBD,1150
share,GameData_20\model_vp001_2.arc,GameData_20\model_vp001_2.arc,647957,D68B5D2F,1400
share,GameData_20\texture_denkigai2015wTowelR.arc,GameData_20\texture_denkigai2015wTowelR.arc,133065,FE4BDC34,1360
share,GameData_20\texture_denkigai2016w_2.arc,GameData_20\texture_denkigai2016w_2.arc,10105247,3B4641C3,1450
share,GameData_20\texture_dlcdenkigai2016w_2.arc,GameData_20\texture_dlcdenkigai2016w_2.arc,10105332,90868016,1450
share,GameData_20\texture_kissevent2017march.arc,GameData_20\texture_kissevent2017march.arc,281,FF4EEB9B,1522
share,GameData_20\texture_kissevent2017march_2.arc,GameData_20\texture_kissevent2017march_2.arc,79432604,C7DD457A,1631
share,GameData_20\texture_dlc004_2.arc,GameData_20\texture_dlc004_2.arc,4805734,C8E5CFB4,1200
share,GameData_20\texture_dlc046_2.arc,GameData_20\texture_dlc046_2.arc,596960,FC606BA5,1220
share,GameData_20\texture_vp001_2.arc,GameData_20\texture_vp001_2.arc,755269,18D5027D,1400
share,GameData_20\texture_yomeido003_2.arc,GameData_20\texture_yomeido003_2.arc,117248,0EE72B42,1240
