0,0,GameData\csv_cos002.arc,411,657F0D9E,100
0,0,GameData\material_dlc065.arc,27706,F9A573BC,100
0,0,GameData\material_dlc066.arc,30189,B1DDA70E,100
0,0,GameData\material_dlc067.arc,17932,D79DABF4,100
0,0,GameData\material_dlc068.arc,2671,DCA8E56F,100
0,0,GameData\menu_dlc065.arc,24656,79F794A0,100
0,0,GameData\menu_dlc066.arc,24883,67DB8BE3,100
0,0,GameData\menu_dlc067.arc,15217,E53C36AF,100
0,0,GameData\menu_dlc068.arc,1876,9BC296F0,100
0,0,GameData\model_dlc065.arc,3343365,A85E4009,100
0,0,GameData\model_dlc066.arc,1706496,41D1AC7E,100
0,0,GameData\model_dlc067.arc,449352,14B0BB1E,100
0,0,GameData\model_dlc068.arc,727450,A53AA612,100
0,0,GameData\script_cos002.arc,135127,E387E8CC,100
0,0,GameData\texture_cos002.arc,3605,DCF9A999,100
0,0,GameData\texture_dlc065.arc,83486465,6D45C57E,100
0,0,GameData\texture_dlc066.arc,36200555,24C40185,100
0,0,GameData\texture_dlc067.arc,23013469,8D32AAA6,100
0,0,GameData\texture_dlc068.arc,24469696,5C26F94B,100
0,0,GameData\voice_cos002.arc,84560045,A83A0B1F,100
0,0,GameData\paths.dat,1626,870A788D,1291
0,0,GameData\prioritymaterial.arc,103484,9CC69667,1290
0,0,GameData\csv.arc,1964528,9AA227AC,1291
0,0,GameData\script.arc,13193549,DF2BACCD,1291
