0,0,CM3D2.exe,7793664,D44E2FA5,1007
0,0,CM3D2VRx64.exe,14915584,F9649DA5,125
0,0,CM3D2VRx64_DirectToRift.exe,465408,ED45B3A7,125
0,0,LICENSE,3453,541AF859,125
0,0,CM3D2VRx64_Data\level0,165104,4C687BEF,125
0,0,CM3D2VRx64_Data\level1,168408,F2E6EB6A,125
0,0,CM3D2VRx64_Data\level10,150832,3FFE826D,125
0,0,CM3D2VRx64_Data\level11,175192,15EB0318,125
0,0,CM3D2VRx64_Data\level12,151264,13D2D2F4,125
0,0,CM3D2VRx64_Data\level13,473256,A63BB3C3,125
0,0,CM3D2VRx64_Data\level14,4376,3C01B194,125
0,0,CM3D2VRx64_Data\level15,153912,416BA9F4,125
0,0,CM3D2VRx64_Data\level16,4376,5BAB4085,125
0,0,CM3D2VRx64_Data\level17,162272,4428710E,125
0,0,CM3D2VRx64_Data\level18,223440,E066C341,125
0,0,CM3D2VRx64_Data\level19,363728,46824C5A,125
0,0,CM3D2VRx64_Data\level2,367656,6E961C46,125
0,0,CM3D2VRx64_Data\level20,171320,82A7C3E6,125
0,0,CM3D2VRx64_Data\level21,441744,AE88061B,125
0,0,CM3D2VRx64_Data\level22,214424,B36ACCC3,125
0,0,CM3D2VRx64_Data\level23,237200,BB74D1E2,125
0,0,CM3D2VRx64_Data\level24,170312,CD169AA8,125
0,0,CM3D2VRx64_Data\level25,549816,A597B1CF,125
0,0,CM3D2VRx64_Data\level26,640976,A35F48D5,125
0,0,CM3D2VRx64_Data\level3,486064,3B196AF5,125
0,0,CM3D2VRx64_Data\level4,558648,536E2C4D,125
0,0,CM3D2VRx64_Data\level5,151256,AFEF83A5,125
0,0,CM3D2VRx64_Data\level6,298040,E166E827,125
0,0,CM3D2VRx64_Data\level7,191680,4060063D,125
0,0,CM3D2VRx64_Data\level8,187872,37AB185B,125
0,0,CM3D2VRx64_Data\level9,160864,46857C00,125
0,0,CM3D2VRx64_Data\mainData,962032,09D14FEA,125
0,0,CM3D2VRx64_Data\output_log.txt,66359,7C849A73,125
0,0,CM3D2VRx64_Data\PlayerConnectionConfigFile,21,0782E8CF,125
0,0,CM3D2VRx64_Data\resources.assets,222278048,37BD5B22,125
0,0,CM3D2VRx64_Data\sharedassets0.assets,237166608,200E455D,125
0,0,CM3D2VRx64_Data\sharedassets1.assets,6649276,4154B753,125
0,0,CM3D2VRx64_Data\sharedassets10.assets,5272,2D2F1547,125
0,0,CM3D2VRx64_Data\sharedassets11.assets,466324,957396B5,125
0,0,CM3D2VRx64_Data\sharedassets12.assets,5296,EB19F07E,125
0,0,CM3D2VRx64_Data\sharedassets13.assets,927416,A789BC38,125
0,0,CM3D2VRx64_Data\sharedassets14.assets,2458064,7BFD1D67,125
0,0,CM3D2VRx64_Data\sharedassets15.assets,4112,AFC2ECF8,125
0,0,CM3D2VRx64_Data\sharedassets16.assets,4200912,00812D7D,125
0,0,CM3D2VRx64_Data\sharedassets17.assets,4112,85D5607B,125
0,0,CM3D2VRx64_Data\sharedassets18.assets,49608480,9A4FD754,125
0,0,CM3D2VRx64_Data\sharedassets19.assets,3691764,BBBC658B,125
0,0,CM3D2VRx64_Data\sharedassets2.assets,3514212,B0A8D2DC,125
0,0,CM3D2VRx64_Data\sharedassets20.assets,1587644,6AEDD387,125
0,0,CM3D2VRx64_Data\sharedassets21.assets,5336,A63BA865,125
0,0,CM3D2VRx64_Data\sharedassets22.assets,72640,2B78F8A9,125
0,0,CM3D2VRx64_Data\sharedassets23.assets,5424,6470E58C,125
0,0,CM3D2VRx64_Data\sharedassets24.assets,5344,6C141D13,125
0,0,CM3D2VRx64_Data\sharedassets25.assets,5344,557F227A,125
0,0,CM3D2VRx64_Data\sharedassets26.assets,1423756,555F345B,125
0,0,CM3D2VRx64_Data\sharedassets27.assets,5648,DBFE8212,125
0,0,CM3D2VRx64_Data\sharedassets3.assets,16005664,D9A6B2E8,125
0,0,CM3D2VRx64_Data\sharedassets4.assets,36843908,2C139441,125
0,0,CM3D2VRx64_Data\sharedassets5.assets,6952156,E25BAE37,125
0,0,CM3D2VRx64_Data\sharedassets6.assets,503352,B4A74E1F,125
0,0,CM3D2VRx64_Data\sharedassets7.assets,5472,BFCB231D,125
0,0,CM3D2VRx64_Data\sharedassets8.assets,355452,0928FF52,125
0,0,CM3D2VRx64_Data\sharedassets9.assets,11891564,DAB157C9,125
0,0,CM3D2VRx64_Data\Managed\Accessibility.dll,10752,A358E135,125
0,0,CM3D2VRx64_Data\Managed\Assembly-CSharp-firstpass.dll,171008,FEE793D8,125
0,0,CM3D2VRx64_Data\Managed\Assembly-CSharp.dll,2179072,E1FD8EFC,125
0,0,CM3D2VRx64_Data\Managed\Assembly-UnityScript-firstpass.dll,65024,34C81356,125
0,0,CM3D2VRx64_Data\Managed\Boo.Lang.dll,126976,B1FDC6B6,125
0,0,CM3D2VRx64_Data\Managed\JsonFx.Json.dll,70144,A0F0CFCB,125
0,0,CM3D2VRx64_Data\Managed\Mono.Data.Tds.dll,96256,DE9FBD55,125
0,0,CM3D2VRx64_Data\Managed\Mono.Posix.dll,184320,A333AAF5,125
0,0,CM3D2VRx64_Data\Managed\Mono.Security.dll,294912,D5BB48FC,125
0,0,CM3D2VRx64_Data\Managed\Mono.WebBrowser.dll,172032,5D310803,125
0,0,CM3D2VRx64_Data\Managed\mscorlib.dll,2590208,5A5FF75C,125
0,0,CM3D2VRx64_Data\Managed\System.Configuration.dll,124928,F88CF714,125
0,0,CM3D2VRx64_Data\Managed\System.Core.dll,300032,0504C277,125
0,0,CM3D2VRx64_Data\Managed\System.Data.dll,856064,1DE4F5EB,125
0,0,CM3D2VRx64_Data\Managed\System.dll,1678848,08B8E16D,125
0,0,CM3D2VRx64_Data\Managed\System.Drawing.Design.dll,29696,E7B53FF9,125
0,0,CM3D2VRx64_Data\Managed\System.Drawing.dll,448512,C4B2E872,125
0,0,CM3D2VRx64_Data\Managed\System.EnterpriseServices.dll,46592,1B56067D,125
0,0,CM3D2VRx64_Data\Managed\System.Security.dll,135168,A9F5B9F1,125
0,0,CM3D2VRx64_Data\Managed\System.Transactions.dll,27648,DE82E2C6,125
0,0,CM3D2VRx64_Data\Managed\System.Windows.Forms.dll,3053568,56394001,125
0,0,CM3D2VRx64_Data\Managed\System.Xml.dll,1270272,BCE39995,125
0,0,CM3D2VRx64_Data\Managed\System.Xml.Linq.dll,106496,1062D683,125
0,0,CM3D2VRx64_Data\Managed\UnityEngine.dll,614912,6F2B6F30,125
0,0,CM3D2VRx64_Data\Managed\UnityEngine.UI.dll,176128,380C2545,125
0,0,CM3D2VRx64_Data\Managed\UnityScript.Lang.dll,14336,FAB8DDA9,125
0,0,CM3D2VRx64_Data\Mono\mono.dll,2601984,5E0870C0,125
0,0,CM3D2VRx64_Data\Mono\etc\mono\browscap.ini,311984,CE6C0AB3,125
0,0,CM3D2VRx64_Data\Mono\etc\mono\config,1691,A635914A,125
0,0,CM3D2VRx64_Data\Mono\etc\mono\1.0\DefaultWsdlHelpGenerator.aspx,58196,10E814BF,125
0,0,CM3D2VRx64_Data\Mono\etc\mono\1.0\machine.config,17259,82F1AD8B,125
0,0,CM3D2VRx64_Data\Mono\etc\mono\2.0\DefaultWsdlHelpGenerator.aspx,60453,F3869A34,125
0,0,CM3D2VRx64_Data\Mono\etc\mono\2.0\machine.config,27626,4F6C3F79,125
0,0,CM3D2VRx64_Data\Mono\etc\mono\2.0\settings.map,2618,A1A3C29F,125
0,0,CM3D2VRx64_Data\Mono\etc\mono\2.0\web.config,11686,534A9960,125
0,0,CM3D2VRx64_Data\Mono\etc\mono\2.0\Browsers\Compat.browser,1605,2E178A0B,125
0,0,CM3D2VRx64_Data\Mono\etc\mono\mconfig\config.xml,25817,80B2033A,125
0,0,CM3D2VRx64_Data\Plugins\cm3d2_x64.dll,1512448,BC156949,125
0,0,CM3D2VRx64_Data\Plugins\device_hook.dll,87552,65F0207E,125
0,0,CM3D2VRx64_Data\Plugins\OculusPlugin.dll,302080,B873E721,125
0,0,CM3D2VRx64_Data\Plugins\OVRGamepad.dll,12800,46477987,125
0,0,CM3D2VRx64_Data\Plugins\OVRPlugin.dll,354304,F04E9B58,125
0,0,CM3D2VRx64_Data\Resources\unity default resources,1571709,31020360,125
0,0,CM3D2VRx64_Data\Resources\unity_builtin_extra,372672,13813718,125
0,0,GameData\material_vr.arc,1393,E8F3D878,100
0,0,GameData\menu_vr.arc,1262,6510B03E,100
0,0,GameData\model_vr.arc,70824,C9DCB2E5,100
0,0,GameData\texture_vr.arc,470392,5F59D9B6,100
