0,0,CR EditSystem_Data\Managed\AnimatorTimeline.dll,271360,34C1FF51,13401
0,0,CR EditSystem_Data\Managed\Assembly-CSharp.dll,2018304,A076F423,13401
0,0,CR EditSystem_Data\Managed\Assembly-CSharp-firstpass.dll,563712,C5DAAD7F,13401
0,0,CR EditSystem_Data\Managed\AVProVideo.Script.dll,118784,2615055E,13401
0,0,CR EditSystem_Data\Managed\Battlehub.dll,381952,5E7CC74B,13401
0,0,CR EditSystem_Data\Managed\Com3d2Native.dll,77312,750D5792,13401
0,0,CR EditSystem_Data\Managed\Com3d2Native.Editor.dll,6144,4C5158D5,13401
0,0,CR EditSystem_Data\Managed\DemiLib.dll,11264,8BB8AD9F,13401
0,0,CR EditSystem_Data\Managed\DOTween.dll,158720,F49BD5A3,13401
0,0,CR EditSystem_Data\Managed\DOTweenPro.dll,15872,9F4B62E8,13401
0,0,CR EditSystem_Data\Managed\I2.Localization.dll,156160,41415093,13401
0,0,CR EditSystem_Data\Managed\JsonFx.Json.dll,70144,A0F0CFCB,13401
0,0,CR EditSystem_Data\Managed\MagicaCloth.dll,380416,66D59FB6,13401
0,0,CR EditSystem_Data\Managed\MagicaClothV2.dll,453120,822ED5F3,13401
0,0,CR EditSystem_Data\Managed\MessagePack.Annotations.dll,8192,3C6A79CC,13401
0,0,CR EditSystem_Data\Managed\MessagePack.dll,330752,B4AD106E,13401
0,0,CR EditSystem_Data\Managed\Mono.Security.dll,241152,E13CDC4F,13401
0,0,CR EditSystem_Data\Managed\mscorlib.dll,4631552,C56BEBD6,13401
0,0,CR EditSystem_Data\Managed\netstandard.dll,90112,975FFBBE,13401
0,0,CR EditSystem_Data\Managed\System.ComponentModel.Composition.dll,257024,CD6FC8DC,13401
0,0,CR EditSystem_Data\Managed\System.Configuration.dll,124928,EFDF7155,13401
0,0,CR EditSystem_Data\Managed\System.Core.dll,1113088,794737A1,13401
0,0,CR EditSystem_Data\Managed\System.Data.DataSetExtensions.dll,29696,363CF571,13401
0,0,CR EditSystem_Data\Managed\System.Data.dll,2125312,32374B27,13401
0,0,CR EditSystem_Data\Managed\System.dll,2639872,BAFC36A3,13401
0,0,CR EditSystem_Data\Managed\System.Drawing.dll,489984,194DEA33,13401
0,0,CR EditSystem_Data\Managed\System.EnterpriseServices.dll,44544,F00DC395,13401
0,0,CR EditSystem_Data\Managed\System.IO.Compression.dll,114688,DBEA1F77,13401
0,0,CR EditSystem_Data\Managed\System.IO.Compression.FileSystem.dll,18432,63C90522,13401
0,0,CR EditSystem_Data\Managed\System.IO.Hashing.dll,50488,2F1659E0,13401
0,0,CR EditSystem_Data\Managed\System.Memory.dll,4608,F0BBFFDF,13401
0,0,CR EditSystem_Data\Managed\System.Net.Http.dll,122880,AB522EA5,13401
0,0,CR EditSystem_Data\Managed\System.Numerics.dll,119296,C190A4F5,13401
0,0,CR EditSystem_Data\Managed\System.Runtime.CompilerServices.Unsafe.dll,18024,8C9A1A8B,13401
0,0,CR EditSystem_Data\Managed\System.Runtime.dll,12288,58AE9F48,13401
0,0,CR EditSystem_Data\Managed\System.Runtime.Serialization.dll,934400,FA4E2031,13401
0,0,CR EditSystem_Data\Managed\System.Security.dll,320000,254A33AD,13401
0,0,CR EditSystem_Data\Managed\System.ServiceModel.Internals.dll,215040,81075AAD,13401
0,0,CR EditSystem_Data\Managed\System.Transactions.dll,35328,12E658B2,13401
0,0,CR EditSystem_Data\Managed\System.Xml.dll,3160064,6F621FF0,13401
0,0,CR EditSystem_Data\Managed\System.Xml.Linq.dll,136704,64AFBAF8,13401
0,0,CR EditSystem_Data\Managed\UniTask.Addressables.dll,12800,4691C118,13401
0,0,CR EditSystem_Data\Managed\UniTask.dll,548352,ED692498,13401
0,0,CR EditSystem_Data\Managed\UniTask.DOTween.dll,4096,5634A345,13401
0,0,CR EditSystem_Data\Managed\UniTask.Linq.dll,701952,3382EFDA,13401
0,0,CR EditSystem_Data\Managed\UniTask.TextMeshPro.dll,13312,8CD5540A,13401
0,0,CR EditSystem_Data\Managed\Unity.Addressables.dll,111104,5A7F9020,13401
0,0,CR EditSystem_Data\Managed\Unity.AI.Navigation.dll,20480,17D9D649,13401
0,0,CR EditSystem_Data\Managed\Unity.Burst.dll,304640,F3ECAB64,13401
0,0,CR EditSystem_Data\Managed\Unity.Burst.Unsafe.dll,5632,D504B969,13401
0,0,CR EditSystem_Data\Managed\Unity.Collections.dll,451072,AE6DB31C,13401
0,0,CR EditSystem_Data\Managed\Unity.Collections.LowLevel.ILSupport.dll,5120,254B34EA,13401
0,0,CR EditSystem_Data\Managed\Unity.Jobs.dll,4096,AF5A036D,13401
0,0,CR EditSystem_Data\Managed\Unity.Mathematics.dll,752128,FC14BBD3,13401
0,0,CR EditSystem_Data\Managed\Unity.MemoryProfiler.dll,7168,CFCD6F14,13401
0,0,CR EditSystem_Data\Managed\Unity.Postprocessing.Runtime.dll,163328,D7B5EEAA,13401
0,0,CR EditSystem_Data\Managed\Unity.Profiling.Core.dll,10240,0B023077,13401
0,0,CR EditSystem_Data\Managed\Unity.RenderPipelines.Core.Runtime.dll,528896,FA0B1ABB,13401
0,0,CR EditSystem_Data\Managed\Unity.RenderPipelines.Core.ShaderLibrary.dll,5120,C4A3F9D4,13401
0,0,CR EditSystem_Data\Managed\Unity.RenderPipelines.ShaderGraph.ShaderGraphLibrary.dll,5120,684C4F99,13401
0,0,CR EditSystem_Data\Managed\Unity.ResourceManager.dll,143872,59FCB1C8,13401
0,0,CR EditSystem_Data\Managed\Unity.ScriptableBuildPipeline.dll,9216,EB3EB88C,13401
0,0,CR EditSystem_Data\Managed\Unity.TextMeshPro.dll,380928,2EBE6937,13401
0,0,CR EditSystem_Data\Managed\Unity.Timeline.dll,128000,1E2D5732,13401
0,0,CR EditSystem_Data\Managed\Unity.VisualEffectGraph.Runtime.dll,100864,4F37F002,13401
0,0,CR EditSystem_Data\Managed\UnityEngine.AccessibilityModule.dll,23984,3C33A4A7,13401
0,0,CR EditSystem_Data\Managed\UnityEngine.AIModule.dll,58792,023E7626,13401
0,0,CR EditSystem_Data\Managed\UnityEngine.AndroidJNIModule.dll,95144,01482C31,13401
0,0,CR EditSystem_Data\Managed\UnityEngine.AnimationModule.dll,164272,74D40B07,13401
0,0,CR EditSystem_Data\Managed\UnityEngine.ARModule.dll,21424,1C9C3021,13401
0,0,CR EditSystem_Data\Managed\UnityEngine.AssetBundleModule.dll,33200,2729F0BE,13401
0,0,CR EditSystem_Data\Managed\UnityEngine.AudioModule.dll,71592,84AC5CAC,13401
0,0,CR EditSystem_Data\Managed\UnityEngine.ClothModule.dll,26544,5303D1F9,13401
0,0,CR EditSystem_Data\Managed\UnityEngine.ClusterInputModule.dll,21936,D5513369,13401
0,0,CR EditSystem_Data\Managed\UnityEngine.ClusterRendererModule.dll,22440,EA240EE4,13401
0,0,CR EditSystem_Data\Managed\UnityEngine.ContentLoadModule.dll,27560,1AAC4C2F,13401
0,0,CR EditSystem_Data\Managed\UnityEngine.CoreModule.dll,1393584,8395E488,13401
0,0,CR EditSystem_Data\Managed\UnityEngine.CrashReportingModule.dll,21416,DCE84CFE,13401
0,0,CR EditSystem_Data\Managed\UnityEngine.DirectorModule.dll,25000,9C2EFB7D,13401
0,0,CR EditSystem_Data\Managed\UnityEngine.dll,126896,C144F735,13401
0,0,CR EditSystem_Data\Managed\UnityEngine.DSPGraphModule.dll,29616,51D3A23A,13401
0,0,CR EditSystem_Data\Managed\UnityEngine.GameCenterModule.dll,40368,88170C4D,13401
0,0,CR EditSystem_Data\Managed\UnityEngine.GIModule.dll,20400,4DCDF279,13401
0,0,CR EditSystem_Data\Managed\UnityEngine.GridModule.dll,25520,9CA34B4E,13401
0,0,CR EditSystem_Data\Managed\UnityEngine.HotReloadModule.dll,20400,77E48EEE,13401
0,0,CR EditSystem_Data\Managed\UnityEngine.ImageConversionModule.dll,24496,4C942DD1,13401
0,0,CR EditSystem_Data\Managed\UnityEngine.IMGUIModule.dll,191400,F4929849,13401
0,0,CR EditSystem_Data\Managed\UnityEngine.InputLegacyModule.dll,39336,85D05EAF,13401
0,0,CR EditSystem_Data\Managed\UnityEngine.InputModule.dll,23984,D39C0663,13401
0,0,CR EditSystem_Data\Managed\UnityEngine.JSONSerializeModule.dll,22440,AEEFE8E7,13401
0,0,CR EditSystem_Data\Managed\UnityEngine.LocalizationModule.dll,21416,FF054019,13401
0,0,CR EditSystem_Data\Managed\UnityEngine.NVIDIAModule.dll,34216,458A9FE6,13401
0,0,CR EditSystem_Data\Managed\UnityEngine.ParticleSystemModule.dll,161704,8E49A63F,13401
0,0,CR EditSystem_Data\Managed\UnityEngine.PerformanceReportingModule.dll,20912,4845577B,13401
0,0,CR EditSystem_Data\Managed\UnityEngine.Physics2DModule.dll,141744,CC777DF3,13401
0,0,CR EditSystem_Data\Managed\UnityEngine.PhysicsModule.dll,138664,EFC48F24,13401
0,0,CR EditSystem_Data\Managed\UnityEngine.ProfilerModule.dll,20392,36C53566,13401
0,0,CR EditSystem_Data\Managed\UnityEngine.PropertiesModule.dll,155560,6C8B4651,13401
0,0,CR EditSystem_Data\Managed\UnityEngine.RuntimeInitializeOnLoadManagerInitializerModule.dll,20392,77C2F93D,13401
0,0,CR EditSystem_Data\Managed\UnityEngine.ScreenCaptureModule.dll,21424,6B3D6A64,13401
0,0,CR EditSystem_Data\Managed\UnityEngine.SharedInternalsModule.dll,33192,92E11996,13401
0,0,CR EditSystem_Data\Managed\UnityEngine.SpatialTracking.dll,11776,00A8D2A1,13401
0,0,CR EditSystem_Data\Managed\UnityEngine.SpriteMaskModule.dll,22440,E8321785,13401
0,0,CR EditSystem_Data\Managed\UnityEngine.SpriteShapeModule.dll,26536,4EC177F0,13401
0,0,CR EditSystem_Data\Managed\UnityEngine.StreamingModule.dll,20912,E85CB39D,13401
0,0,CR EditSystem_Data\Managed\UnityEngine.SubstanceModule.dll,25008,A1D29237,13401
0,0,CR EditSystem_Data\Managed\UnityEngine.SubsystemsModule.dll,35240,77311A6B,13401
0,0,CR EditSystem_Data\Managed\UnityEngine.TerrainModule.dll,101296,6155099F,13401
0,0,CR EditSystem_Data\Managed\UnityEngine.TerrainPhysicsModule.dll,21416,111C8BCA,13401
0,0,CR EditSystem_Data\Managed\UnityEngine.TextCoreFontEngineModule.dll,72616,EC737FB0,13401
0,0,CR EditSystem_Data\Managed\UnityEngine.TextCoreTextEngineModule.dll,249256,C257FC4B,13401
0,0,CR EditSystem_Data\Managed\UnityEngine.TextRenderingModule.dll,39344,5EA0AB61,13401
0,0,CR EditSystem_Data\Managed\UnityEngine.TilemapModule.dll,47024,5A48F0B2,13401
0,0,CR EditSystem_Data\Managed\UnityEngine.TLSModule.dll,27056,35F87DAA,13401
0,0,CR EditSystem_Data\Managed\UnityEngine.UI.dll,265216,11F7941A,13401
0,0,CR EditSystem_Data\Managed\UnityEngine.UIElementsModule.dll,1536424,449C7CA3,13401
0,0,CR EditSystem_Data\Managed\UnityEngine.UIModule.dll,36784,4387CF59,13401
0,0,CR EditSystem_Data\Managed\UnityEngine.UmbraModule.dll,20392,42081088,13401
0,0,CR EditSystem_Data\Managed\UnityEngine.UnityAnalyticsCommonModule.dll,21416,C68AEF7B,13401
0,0,CR EditSystem_Data\Managed\UnityEngine.UnityAnalyticsModule.dll,44976,C4F1ABCB,13401
0,0,CR EditSystem_Data\Managed\UnityEngine.UnityConnectModule.dll,22448,E7A10745,13401
0,0,CR EditSystem_Data\Managed\UnityEngine.UnityCurlModule.dll,21936,A6F3885D,13401
0,0,CR EditSystem_Data\Managed\UnityEngine.UnityTestProtocolModule.dll,20392,930FB553,13401
0,0,CR EditSystem_Data\Managed\UnityEngine.UnityWebRequestAssetBundleModule.dll,23472,8B1F1704,13401
0,0,CR EditSystem_Data\Managed\UnityEngine.UnityWebRequestAudioModule.dll,22952,423F90E9,13401
0,0,CR EditSystem_Data\Managed\UnityEngine.UnityWebRequestModule.dll,58792,3FD74CA0,13401
0,0,CR EditSystem_Data\Managed\UnityEngine.UnityWebRequestTextureModule.dll,21936,B74AEFF0,13401
0,0,CR EditSystem_Data\Managed\UnityEngine.UnityWebRequestWWWModule.dll,31656,50CE5BD6,13401
0,0,CR EditSystem_Data\Managed\UnityEngine.VehiclesModule.dll,24496,B14D2EA8,13401
0,0,CR EditSystem_Data\Managed\UnityEngine.VFXModule.dll,58800,2D09FE04,13401
0,0,CR EditSystem_Data\Managed\UnityEngine.VideoModule.dll,41384,E827C805,13401
0,0,CR EditSystem_Data\Managed\UnityEngine.VirtualTexturingModule.dll,36264,35C1934F,13401
0,0,CR EditSystem_Data\Managed\UnityEngine.VRModule.dll,27056,349C7D41,13401
0,0,CR EditSystem_Data\Managed\UnityEngine.WindModule.dll,21416,3FE7AAE0,13401
0,0,CR EditSystem_Data\Managed\UnityEngine.XR.LegacyInputHelpers.dll,23552,20CFC6EE,13401
0,0,CR EditSystem_Data\Managed\UnityEngine.XRModule.dll,71080,C0FA6272,13401
0,0,CR EditSystem_Data\Managed\WfSystem.FileSystem.dll,79360,129A2DE1,13401
0,0,CR EditSystem_Data\Managed\WfSystem.Serialization.dll,22016,37BBE89C,13401
0,0,CR EditSystem_Data\Plugins\x86_64\Audio360.dll,1956352,0D4B8E9D,13401
0,0,CR EditSystem_Data\Plugins\x86_64\AVProVideo.dll,886272,278352F0,13401
0,0,CR EditSystem_Data\Plugins\x86_64\crc.dll,2315264,D8C8786E,13401
0,0,CR EditSystem_Data\Plugins\x86_64\device_hook.dll,733696,16904EAF,13401
0,0,CR EditSystem_Data\Plugins\x86_64\lib_burst_generated.dll,871936,45C66E95,13401
0,0,CR EditSystem_Data\Resources\unity default resources,1564240,3770D3F6,13401
0,0,CR EditSystem_Data\Resources\unity_builtin_extra,390152,8400AE39,13401
0,0,CR EditSystem_Data\StreamingAssets\aa\AddressablesLink\link.xml,572,8602114D,13401
0,0,CR EditSystem_Data\StreamingAssets\aa\catalog.json,940,00EB80D2,13401
0,0,CR EditSystem_Data\StreamingAssets\aa\settings.json,1606,C4D4D961,13401
0,0,CR EditSystem_Data\app.info,18,37D455F7,13401
0,0,CR EditSystem_Data\boot.config,113,26C47A15,13401
0,0,CR EditSystem_Data\globalgamemanagers,403724,7C96203B,13401
0,0,CR EditSystem_Data\globalgamemanagers.assets,455108,6C15C17A,13401
0,0,CR EditSystem_Data\globalgamemanagers.assets.resS,2796240,F6707524,13401
0,0,CR EditSystem_Data\level0,163100,36F95B9D,13401
0,0,CR EditSystem_Data\level1,163660,7DEEBF65,13401
0,0,CR EditSystem_Data\level2,943740,137D1C2F,13401
0,0,CR EditSystem_Data\resources.assets,5655184,43D60E43,13401
0,0,CR EditSystem_Data\resources.assets.resS,10368944,5E42208D,13401
0,0,CR EditSystem_Data\resources.resource,35136,C0023D9B,13401
0,0,CR EditSystem_Data\RuntimeInitializeOnLoads.json,4149,55B4C063,13401
0,0,CR EditSystem_Data\ScriptingAssemblies.json,3953,D204914D,13401
0,0,CR EditSystem_Data\sharedassets0.assets,6399776,A53AF5CB,13401
0,0,CR EditSystem_Data\sharedassets0.assets.resS,2692480,49B89913,13401
0,0,CR EditSystem_Data\sharedassets1.assets,9076,2EC45840,13401
0,0,CR EditSystem_Data\sharedassets1.assets.resS,270016,A6EBE179,13401
0,0,CR EditSystem_Data\sharedassets2.assets,701320,76D79F96,13401
0,0,CR EditSystem_Data\sharedassets2.assets.resS,26896,3B67B063,13401
0,0,GameData\assets\language.aba,322061,01801142,13404
0,0,GameData\assets\language.ct,203,934D7ADA,13404
0,0,GameData\assets\parts_2.aba,105740995,A7101BB5,13401
0,0,GameData\assets\parts_2.ct,12794,53FA9D29,13401
0,0,GameData\assets\partsmeta.aba,208440,9D78046F,13403
0,0,GameData\assets\partsmeta.ct,22506,139BBEA1,13403
0,0,GameData\dlc\parts_feswinter2022_2.aba,3773,DA10607C,13401
0,0,GameData\dlc\parts_feswinter2022_2.ct,324,2D4F6F91,13401
0,0,GameData\dlc\parts_oldplus011cloth_gp003_2.aba,15577544,25BB0290,13401
0,0,GameData\dlc\parts_oldplus011cloth_gp003_2.ct,1092,36339213,13401
0,0,MonoBleedingEdge\EmbedRuntime\mono-2.0-bdwgc.dll,7897520,FE7710D9,13401
0,0,MonoBleedingEdge\EmbedRuntime\MonoPosixHelper.dll,611240,4AE2D700,13401
0,0,MonoBleedingEdge\etc\mono\2.0\Browsers\Compat.browser,1605,2E178A0B,13401
0,0,MonoBleedingEdge\etc\mono\2.0\DefaultWsdlHelpGenerator.aspx,60575,95F9D0B4,13401
0,0,MonoBleedingEdge\etc\mono\2.0\machine.config,29066,42543B8B,13401
0,0,MonoBleedingEdge\etc\mono\2.0\settings.map,2622,AD5340F9,13401
0,0,MonoBleedingEdge\etc\mono\2.0\web.config,11635,1A75EBAD,13401
0,0,MonoBleedingEdge\etc\mono\4.0\Browsers\Compat.browser,1605,2E178A0B,13401
0,0,MonoBleedingEdge\etc\mono\4.0\DefaultWsdlHelpGenerator.aspx,60575,95F9D0B4,13401
0,0,MonoBleedingEdge\etc\mono\4.0\machine.config,33598,86F603C4,13401
0,0,MonoBleedingEdge\etc\mono\4.0\settings.map,2622,DC24A240,13401
0,0,MonoBleedingEdge\etc\mono\4.0\web.config,18802,36D8BA3E,13401
0,0,MonoBleedingEdge\etc\mono\4.5\Browsers\Compat.browser,1605,2E178A0B,13401
0,0,MonoBleedingEdge\etc\mono\4.5\DefaultWsdlHelpGenerator.aspx,60575,95F9D0B4,13401
0,0,MonoBleedingEdge\etc\mono\4.5\machine.config,34056,C446A9EB,13401
0,0,MonoBleedingEdge\etc\mono\4.5\settings.map,2622,DC24A240,13401
0,0,MonoBleedingEdge\etc\mono\4.5\web.config,18811,4F48BC13,13401
0,0,MonoBleedingEdge\etc\mono\mconfig\config.xml,25817,80B2033A,13401
0,0,MonoBleedingEdge\etc\mono\browscap.ini,311984,CE6C0AB3,13401
0,0,MonoBleedingEdge\etc\mono\config,3815,88FA6D93,13401
0,0,CR EditSystem.exe,666624,C9D94E6B,13401
0,0,UnityCrashHandler64.exe,1185192,C66B68F9,13401
0,0,UnityPlayer.dll,31100840,07C78E1D,13401
