0,0,CM3D2.exe,7793664,D44E2FA5,1007
0,0,CM3D2x86.exe,11632128,324F85F4,133
0,0,CM3D2x86_Data\level0,165464,DE6F4335,1330
0,0,CM3D2x86_Data\level1,168768,C373AC97,1330
0,0,CM3D2x86_Data\level10,151192,DD7A4835,1330
0,0,CM3D2x86_Data\level11,175552,62D45D34,1330
0,0,CM3D2x86_Data\level12,151624,703BBC67,1330
0,0,CM3D2x86_Data\level13,473616,C6501123,1330
0,0,CM3D2x86_Data\level14,4376,5C66C5BC,1330
0,0,CM3D2x86_Data\level15,154272,0F319C20,1330
0,0,CM3D2x86_Data\level16,4376,9D59AC24,1330
0,0,CM3D2x86_Data\level17,167896,3C486C76,1330
0,0,CM3D2x86_Data\level18,229968,1C63B325,1330
0,0,CM3D2x86_Data\level19,366440,1CE73204,1330
0,0,CM3D2x86_Data\level2,368016,606D1A48,1330
0,0,CM3D2x86_Data\level20,171680,16E3E670,1330
0,0,CM3D2x86_Data\level21,444064,999F805D,1330
0,0,CM3D2x86_Data\level22,214784,116EDE92,1330
0,0,CM3D2x86_Data\level23,237560,1E7DF994,1330
0,0,CM3D2x86_Data\level24,170672,401B12C9,1330
0,0,CM3D2x86_Data\level25,552656,1352714C,1330
0,0,CM3D2x86_Data\level26,736400,3E85D529,1330
0,0,CM3D2x86_Data\level27,431856,EE86764E,1330
0,0,CM3D2x86_Data\level28,170696,E188ECD5,1330
0,0,CM3D2x86_Data\level29,502216,11742B4F,1330
0,0,CM3D2x86_Data\level3,489128,33568F1D,1330
0,0,CM3D2x86_Data\level4,559008,4127A7DC,1330
0,0,CM3D2x86_Data\level5,151616,1A3AECC2,1330
0,0,CM3D2x86_Data\level6,298808,1F26597C,1330
0,0,CM3D2x86_Data\level7,192040,0A6EB106,1330
0,0,CM3D2x86_Data\level8,188232,BF826187,1330
0,0,CM3D2x86_Data\level9,161224,31280AE5,1330
0,0,CM3D2x86_Data\mainData,1059856,E4B67ADC,1330
0,0,CM3D2x86_Data\PlayerConnectionConfigFile,20,1B3A0212,1330
0,0,CM3D2x86_Data\resources.assets,280177800,8EAEB15F,1330
0,0,CM3D2x86_Data\sharedassets0.assets,241515632,CE4014C3,1330
0,0,CM3D2x86_Data\sharedassets1.assets,6649340,D94D7AA9,1330
0,0,CM3D2x86_Data\sharedassets10.assets,5336,BF287E7C,1330
0,0,CM3D2x86_Data\sharedassets11.assets,466388,CD6651BA,1330
0,0,CM3D2x86_Data\sharedassets12.assets,5360,54F2E6E7,1330
0,0,CM3D2x86_Data\sharedassets13.assets,927480,589D5552,1330
0,0,CM3D2x86_Data\sharedassets14.assets,2458128,3E152143,1330
0,0,CM3D2x86_Data\sharedassets15.assets,4112,2AEA61A9,1330
0,0,CM3D2x86_Data\sharedassets16.assets,4200976,C40B3E8B,1330
0,0,CM3D2x86_Data\sharedassets17.assets,4112,F615750F,1330
0,0,CM3D2x86_Data\sharedassets18.assets,116387180,37B298F1,1330
0,0,CM3D2x86_Data\sharedassets19.assets,3691828,0D75758E,1330
0,0,CM3D2x86_Data\sharedassets2.assets,3514276,BCF479BA,1330
0,0,CM3D2x86_Data\sharedassets20.assets,275132,412B5B56,1330
0,0,CM3D2x86_Data\sharedassets21.assets,5400,9CED902C,1330
0,0,CM3D2x86_Data\sharedassets22.assets,72704,354271DE,1330
0,0,CM3D2x86_Data\sharedassets23.assets,5488,FEDD5DB3,1330
0,0,CM3D2x86_Data\sharedassets24.assets,5408,9813988B,1330
0,0,CM3D2x86_Data\sharedassets25.assets,5408,282B7E72,1330
0,0,CM3D2x86_Data\sharedassets26.assets,1423820,48087C89,1330
0,0,CM3D2x86_Data\sharedassets27.assets,5736,FA6F7713,1330
0,0,CM3D2x86_Data\sharedassets28.assets,39509544,E125EE17,1330
0,0,CM3D2x86_Data\sharedassets29.assets,5408,909619FB,1330
0,0,CM3D2x86_Data\sharedassets3.assets,16005728,63B21CC4,1330
0,0,CM3D2x86_Data\sharedassets30.assets,67724952,E415ABA0,1330
0,0,CM3D2x86_Data\sharedassets4.assets,34784236,F065A733,1330
0,0,CM3D2x86_Data\sharedassets5.assets,6952220,CB3283BA,1330
0,0,CM3D2x86_Data\sharedassets6.assets,503416,0F1B34F8,1330
0,0,CM3D2x86_Data\sharedassets7.assets,5536,BF1F0CD1,1330
0,0,CM3D2x86_Data\sharedassets8.assets,355516,12FC3FFB,1330
0,0,CM3D2x86_Data\sharedassets9.assets,11891628,D87CAD59,1330
0,0,CM3D2x86_Data\Managed\Accessibility.dll,10752,C80413DC,1330
0,0,CM3D2x86_Data\Managed\Assembly-CSharp-firstpass.dll,443904,4920C7E5,1330
0,0,CM3D2x86_Data\Managed\Assembly-CSharp.dll,2080768,2514F2D4,1330
0,0,CM3D2x86_Data\Managed\Assembly-UnityScript-firstpass.dll,65024,A975E2E7,1330
0,0,CM3D2x86_Data\Managed\Boo.Lang.dll,126976,E379C12B,1330
0,0,CM3D2x86_Data\Managed\JsonFx.Json.dll,70144,A0F0CFCB,1330
0,0,CM3D2x86_Data\Managed\Mono.Data.Tds.dll,96256,10E297D4,1330
0,0,CM3D2x86_Data\Managed\Mono.Posix.dll,184320,82B6C163,1330
0,0,CM3D2x86_Data\Managed\Mono.Security.dll,294912,C759B90F,1330
0,0,CM3D2x86_Data\Managed\Mono.WebBrowser.dll,172032,3BD66294,1330
0,0,CM3D2x86_Data\Managed\mscorlib.dll,2590208,54064D59,1330
0,0,CM3D2x86_Data\Managed\System.Configuration.dll,124928,CA10261D,1330
0,0,CM3D2x86_Data\Managed\System.Core.dll,300032,615F5AFE,1330
0,0,CM3D2x86_Data\Managed\System.Data.dll,856064,E7FF9373,1330
0,0,CM3D2x86_Data\Managed\System.dll,1678848,0F9C1035,1330
0,0,CM3D2x86_Data\Managed\System.Drawing.Design.dll,29696,E7B53FF9,1330
0,0,CM3D2x86_Data\Managed\System.Drawing.dll,448512,C4B2E872,1330
0,0,CM3D2x86_Data\Managed\System.EnterpriseServices.dll,46592,4FFDA4D6,1330
0,0,CM3D2x86_Data\Managed\System.Security.dll,135168,B020F0F1,1330
0,0,CM3D2x86_Data\Managed\System.Transactions.dll,27648,E3B069A5,1330
0,0,CM3D2x86_Data\Managed\System.Windows.Forms.dll,3053568,56394001,1330
0,0,CM3D2x86_Data\Managed\System.Xml.dll,1270272,C76991B8,1330
0,0,CM3D2x86_Data\Managed\System.Xml.Linq.dll,106496,1E91F41B,1330
0,0,CM3D2x86_Data\Managed\UnityEngine.dll,614912,EDA0EE35,1330
0,0,CM3D2x86_Data\Managed\UnityEngine.UI.dll,176128,59066003,1330
0,0,CM3D2x86_Data\Managed\UnityScript.Lang.dll,14336,7309FF69,1330
0,0,CM3D2x86_Data\Mono\mono.dll,2103296,6E4591F8,1330
0,0,CM3D2x86_Data\Mono\etc\mono\browscap.ini,311984,CE6C0AB3,1330
0,0,CM3D2x86_Data\Mono\etc\mono\config,1691,A635914A,1330
0,0,CM3D2x86_Data\Mono\etc\mono\1.0\DefaultWsdlHelpGenerator.aspx,58196,10E814BF,1330
0,0,CM3D2x86_Data\Mono\etc\mono\1.0\machine.config,17259,82F1AD8B,1330
0,0,CM3D2x86_Data\Mono\etc\mono\2.0\DefaultWsdlHelpGenerator.aspx,60453,F3869A34,1330
0,0,CM3D2x86_Data\Mono\etc\mono\2.0\machine.config,27626,4F6C3F79,1330
0,0,CM3D2x86_Data\Mono\etc\mono\2.0\settings.map,2618,A1A3C29F,1330
0,0,CM3D2x86_Data\Mono\etc\mono\2.0\web.config,11686,534A9960,1330
0,0,CM3D2x86_Data\Mono\etc\mono\2.0\Browsers\Compat.browser,1605,2E178A0B,1330
0,0,CM3D2x86_Data\Mono\etc\mono\mconfig\config.xml,25817,80B2033A,1330
0,0,CM3D2x86_Data\Plugins\cm3d2_x86.dll,1308160,E4C80ED6,1330
0,0,CM3D2x86_Data\Plugins\device_hook.dll,97280,05B93188,1330
0,0,CM3D2x86_Data\Resources\unity default resources,1571709,31020360,1330
0,0,CM3D2x86_Data\Resources\unity_builtin_extra,372672,B51FCBBC,1330
0,0,GameData\bg_pp001_2.arc,1237157,C9D912F7,1220
0,0,GameData\csv.arc,2361568,0D5D4F8B,1331
0,0,GameData\csv_addpose001.arc,1235,D06FCA6D,1220
0,0,GameData\csv_pp001_2.arc,10002,668119FA,1330
0,0,GameData\csv_vp001_2.arc,2082,25E58CEB,1160
0,0,GameData\material2.arc,207669,1E308A48,1313
0,0,GameData\material_denkigai2015s003_2.arc,7106,0C82D791,1150
0,0,GameData\material_dlc055_2.arc,5282,11A93109,1280
0,0,GameData\material_dlsite_2.arc,1762,C5A837EA,1150
0,0,GameData\material_shop001_2.arc,1762,D98CED1C,1150
0,0,GameData\material_shop002_2.arc,1762,956BB00E,1150
0,0,GameData\material_shop003_2.arc,1762,38CEBFF2,1150
0,0,GameData\material_shop005_2.arc,1714,3E621A32,1150
0,0,GameData\material_shop007_2.arc,2578,C8CE627C,1150
0,0,GameData\material_vp001_2.arc,9554,066C9CA9,1150
0,0,GameData\material_yomeido003_2.arc,1522,0689A7AC,1240
0,0,GameData\menu2.arc,227325,E2159374,1320
0,0,GameData\menu_denkigai2015s001_2.arc,6594,8B3E849F,1160
0,0,GameData\menu_denkigai2015s003_2.arc,4338,D294CE88,1150
0,0,GameData\menu_dlc026_2.arc,3778,69453D54,1190
0,0,GameData\menu_dlc028_2.arc,3874,DE3F1C31,1200
0,0,GameData\menu_dlc061_2.arc,3810,F99C1D4E,1290
0,0,GameData\menu_dlc074_2.arc,5618,24C559D7,1312
0,0,GameData\menu_dlsite_2.arc,1954,B2268BA7,1150
0,0,GameData\menu_personal002_2.arc,1282,5687650C,1310
0,0,GameData\menu_shop001_2.arc,3314,35207C87,1150
0,0,GameData\menu_shop005_2.arc,1378,0C9AF725,1150
0,0,GameData\menu_vp001_2.arc,18546,5FFF33DA,1150
0,0,GameData\menu_yomeido003_2.arc,1234,4D6F619D,1240
0,0,GameData\menu_yomeidogp_wedding_2.arc,3954,C251B12C,1320
0,0,GameData\model2.arc,11100629,7C2AD9D9,1331
0,0,GameData\model_denkigai2015s003_2.arc,394665,41A48185,1150
0,0,GameData\model_dlc005_2.arc,175424,F7DD7D82,1270
0,0,GameData\model_dlc046_2.arc,155690,83B34173,1220
0,0,GameData\model_dlc073_2.arc,267037,47D33A06,1320
0,0,GameData\model_dlsite_2.arc,197173,24366C43,1150
0,0,GameData\model_shop001_2.arc,115215,9C941FAF,1150
0,0,GameData\model_shop002_2.arc,251253,743C3D97,1150
0,0,GameData\model_shop003_2.arc,185433,A15EC70A,1150
0,0,GameData\model_shop005_2.arc,150103,FB5341FA,1150
0,0,GameData\model_shop007_2.arc,288759,80615CBD,1150
0,0,GameData\model_vp001_2.arc,290407,A19508D6,1150
0,0,GameData\paths.dat,1849,0021BDB2,1331
0,0,GameData\prioritymaterial.arc,119303,37FA2482,1331
0,0,GameData\sound2.arc,12017684,3FAA939B,1330
0,0,GameData\texture3.arc,8293843,8B0C7889,1320
0,0,GameData\texture_addpose001.arc,23943,1D529A44,1220
0,0,GameData\texture_dlc004_2.arc,4805734,C8E5CFB4,1200
0,0,GameData\texture_dlc046_2.arc,596960,FC606BA5,1220
0,0,GameData\texture_vp001_2.arc,562695,D458C6A6,1300
0,0,GameData\texture_yomeido003_2.arc,117248,0EE72B42,1240
0,0,PhotoModeData\Mod\Motion\readme.txt,146,3BF5AF4D,1220
0,0,GameData\script.arc,13355432,6D65297B,1332
0,0,GameData\script_addpose001.arc,1194,9F2EDF3C,1220
0,0,GameData\script_cos002_2.arc,72002,5BAAF903,1330
0,0,GameData\script_denkigai2015w_2.arc,40178,8634EE8F,1220
0,0,GameData\script_denkigai2015wPants_2.arc,12658,57896547,1220
0,0,GameData\script_personal001_2.arc,2696467,A7340AC6,1310
0,0,GameData\script_personal002_2.arc,85484,8C29135C,1310
0,0,GameData\script_pp001_2.arc,130367,987F0F31,1330
0,0,GameData\script_ytgc006_2.arc,3874,68677825,1311
0,0,GameData\motion2.arc,74382559,484D47CB,1330
0,0,GameData\motion_addpose001.arc,902194,517CF6C8,1220
0,0,GameData\motion_pp001_2.arc,615858,0E432519,1220
0,0,GameData\motion_vp001_2.arc,141579,7857F9CD,1160
0,0,GameData\voice3.arc,101849461,061F0890,1250
0,0,manual\data\004.png,699424,54A4DC50,1010
0,0,manual\data\007.png,453984,97E623F5,1010
0,0,manual\data\008.png,553674,7B23C3DF,1010
0,0,manual\data\013.png,673884,992CEEC5,1010
0,0,Preset\1_junshin.preset,43021,0D00795A,1010
0,0,Preset\2_coodere.preset,43516,E9EBB0F2,1010
0,0,Preset\3_tsundere.preset,48900,D0EF8B9E,1010
0,0,Preset\4_default.preset,43697,C5E392BE,1010
0,0,Preset\5_pretty_junshin.preset,40739,D9262BEF,1010
0,0,Preset\6_pretty_coodere.preset,39554,E54D5766,1010
0,0,Preset\7_pretty_tsundere.preset,38235,CA8437BB,1010
0,0,Preset\8_ren_1_yosiko.preset,55432,D54FD70C,1220
0,0,Preset\8_ren_2_ayumi.preset,51097,3C44F9DB,1220
0,0,Preset\8_ren_3_sakura.preset,52635,33F54D90,1220
0,0,Preset\8_ren_4_ai.preset,46819,9B6E5960,1220