0,0,CM3D2OH.exe,7707136,A913B79B,1007
0,0,CM3D2OHx64.exe,14915584,EEBFF07A,122
0,0,CM3D2OHx64_Data\level0,223848,AD7C5E97,122
0,0,CM3D2OHx64_Data\level1,292008,4A018632,122
0,0,CM3D2OHx64_Data\level10,4376,F0ABB10A,122
0,0,CM3D2OHx64_Data\level11,212672,EAF579BE,122
0,0,CM3D2OHx64_Data\level12,4376,2A4F532C,122
0,0,CM3D2OHx64_Data\level13,221000,FAEEC9C8,122
0,0,CM3D2OHx64_Data\level14,282184,8DBF9CA6,122
0,0,CM3D2OHx64_Data\level15,422488,C442B18F,122
0,0,CM3D2OHx64_Data\level16,230080,CCCF8263,122
0,0,CM3D2OHx64_Data\level17,500504,951E0F68,122
0,0,CM3D2OHx64_Data\level18,273184,5F2AC769,122
0,0,CM3D2OHx64_Data\level19,608560,7B941402,122
0,0,CM3D2OHx64_Data\level2,544824,5CD32885,122
0,0,CM3D2OHx64_Data\level20,508440,88818249,122
0,0,CM3D2OHx64_Data\level3,617408,51B50E91,122
0,0,CM3D2OHx64_Data\level4,210016,A89BDFE7,122
0,0,CM3D2OHx64_Data\level5,246632,85BD3AF1,122
0,0,CM3D2OHx64_Data\level6,209592,577531DE,122
0,0,CM3D2OHx64_Data\level7,233936,AE4B831E,122
0,0,CM3D2OHx64_Data\level8,210024,801DB3B4,122
0,0,CM3D2OHx64_Data\level9,512264,4FEC6C34,122
0,0,CM3D2OHx64_Data\mainData,1016424,C6B3DBDD,122
0,0,CM3D2OHx64_Data\PlayerConnectionConfigFile,20,EEAD80A9,122
0,0,CM3D2OHx64_Data\resources.assets,225838988,07DED68D,122
0,0,CM3D2OHx64_Data\sharedassets0.assets,239434800,5170863A,122
0,0,CM3D2OHx64_Data\sharedassets1.assets,6998908,80904572,122
0,0,CM3D2OHx64_Data\sharedassets10.assets,4554040,3138C308,122
0,0,CM3D2OHx64_Data\sharedassets11.assets,4112,177E8B9D,122
0,0,CM3D2OHx64_Data\sharedassets12.assets,4201016,09C6C85F,122
0,0,CM3D2OHx64_Data\sharedassets13.assets,4112,1106D932,122
0,0,CM3D2OHx64_Data\sharedassets14.assets,52417560,22321291,122
0,0,CM3D2OHx64_Data\sharedassets15.assets,3691868,DC1C3852,122
0,0,CM3D2OHx64_Data\sharedassets16.assets,1587748,40030697,122
0,0,CM3D2OHx64_Data\sharedassets17.assets,5440,59F003F8,122
0,0,CM3D2OHx64_Data\sharedassets18.assets,72744,2A6E33BB,122
0,0,CM3D2OHx64_Data\sharedassets19.assets,5528,A49CD8BC,122
0,0,CM3D2OHx64_Data\sharedassets2.assets,10847396,838B06A0,122
0,0,CM3D2OHx64_Data\sharedassets20.assets,1423860,F05EE486,122
0,0,CM3D2OHx64_Data\sharedassets21.assets,5672,206845FE,122
0,0,CM3D2OHx64_Data\sharedassets3.assets,36844012,A2500717,122
0,0,CM3D2OHx64_Data\sharedassets4.assets,6952260,4DC986FE,122
0,0,CM3D2OHx64_Data\sharedassets5.assets,503456,5BB6F021,122
0,0,CM3D2OHx64_Data\sharedassets6.assets,11891668,27C64968,122
0,0,CM3D2OHx64_Data\sharedassets7.assets,466428,30E3063E,122
0,0,CM3D2OHx64_Data\sharedassets8.assets,5400,C6C5128A,122
0,0,CM3D2OHx64_Data\sharedassets9.assets,927520,6A6DC46A,122
0,0,CM3D2OHx64_Data\Managed\Accessibility.dll,10752,A358E135,122
0,0,CM3D2OHx64_Data\Managed\Assembly-CSharp-firstpass.dll,175616,9D4FBA62,122
0,0,CM3D2OHx64_Data\Managed\Assembly-CSharp.dll,2177536,287B2940,122
0,0,CM3D2OHx64_Data\Managed\Assembly-UnityScript-firstpass.dll,65024,573DF73E,122
0,0,CM3D2OHx64_Data\Managed\Boo.Lang.dll,126976,B1FDC6B6,122
0,0,CM3D2OHx64_Data\Managed\JsonFx.Json.dll,70144,A0F0CFCB,122
0,0,CM3D2OHx64_Data\Managed\Mono.Data.Tds.dll,96256,DE9FBD55,122
0,0,CM3D2OHx64_Data\Managed\Mono.Posix.dll,184320,A333AAF5,122
0,0,CM3D2OHx64_Data\Managed\Mono.Security.dll,294912,D5BB48FC,122
0,0,CM3D2OHx64_Data\Managed\Mono.WebBrowser.dll,172032,5D310803,122
0,0,CM3D2OHx64_Data\Managed\mscorlib.dll,2590208,5A5FF75C,122
0,0,CM3D2OHx64_Data\Managed\System.Configuration.dll,124928,F88CF714,122
0,0,CM3D2OHx64_Data\Managed\System.Core.dll,300032,0504C277,122
0,0,CM3D2OHx64_Data\Managed\System.Data.dll,856064,1DE4F5EB,122
0,0,CM3D2OHx64_Data\Managed\System.dll,1678848,08B8E16D,122
0,0,CM3D2OHx64_Data\Managed\System.Drawing.Design.dll,29696,E7B53FF9,122
0,0,CM3D2OHx64_Data\Managed\System.Drawing.dll,448512,C4B2E872,122
0,0,CM3D2OHx64_Data\Managed\System.EnterpriseServices.dll,46592,1B56067D,122
0,0,CM3D2OHx64_Data\Managed\System.Security.dll,135168,A9F5B9F1,122
0,0,CM3D2OHx64_Data\Managed\System.Transactions.dll,27648,DE82E2C6,122
0,0,CM3D2OHx64_Data\Managed\System.Windows.Forms.dll,3053568,56394001,122
0,0,CM3D2OHx64_Data\Managed\System.Xml.dll,1270272,BCE39995,122
0,0,CM3D2OHx64_Data\Managed\System.Xml.Linq.dll,106496,1062D683,122
0,0,CM3D2OHx64_Data\Managed\UnityEngine.dll,614912,6F2B6F30,122
0,0,CM3D2OHx64_Data\Managed\UnityEngine.UI.dll,176128,380C2545,122
0,0,CM3D2OHx64_Data\Managed\UnityScript.Lang.dll,14336,FAB8DDA9,122
0,0,CM3D2OHx64_Data\Mono\mono.dll,2601984,5E0870C0,122
0,0,CM3D2OHx64_Data\Mono\etc\mono\browscap.ini,311984,CE6C0AB3,122
0,0,CM3D2OHx64_Data\Mono\etc\mono\config,1691,A635914A,122
0,0,CM3D2OHx64_Data\Mono\etc\mono\1.0\DefaultWsdlHelpGenerator.aspx,58196,10E814BF,122
0,0,CM3D2OHx64_Data\Mono\etc\mono\1.0\machine.config,17259,82F1AD8B,122
0,0,CM3D2OHx64_Data\Mono\etc\mono\2.0\DefaultWsdlHelpGenerator.aspx,60453,F3869A34,122
0,0,CM3D2OHx64_Data\Mono\etc\mono\2.0\machine.config,27626,4F6C3F79,122
0,0,CM3D2OHx64_Data\Mono\etc\mono\2.0\settings.map,2618,A1A3C29F,122
0,0,CM3D2OHx64_Data\Mono\etc\mono\2.0\web.config,11686,534A9960,122
0,0,CM3D2OHx64_Data\Mono\etc\mono\2.0\Browsers\Compat.browser,1605,2E178A0B,122
0,0,CM3D2OHx64_Data\Mono\etc\mono\mconfig\config.xml,25817,80B2033A,122
0,0,CM3D2OHx64_Data\Plugins\cm3d2_hole_x64.dll,339968,09BB14AC,122
0,0,CM3D2OHx64_Data\Plugins\cm3d2_x64.dll,1507840,78A8CE9D,122
0,0,CM3D2OHx64_Data\Plugins\device_hook.dll,87552,65F0207E,122
0,0,CM3D2OHx64_Data\Resources\unity default resources,1571709,31020360,122
0,0,CM3D2OHx64_Data\Resources\unity_builtin_extra,372672,13813718,122
0,0,GameData\bg_pp001_2.arc,1237157,C9D912F7,1220
0,0,GameData\csv.arc,1785928,C68FF806,1220
0,0,GameData\csv_addpose001.arc,1235,D06FCA6D,1220
0,0,GameData\csv_cbl.arc,289983,EA9B0BD4,1210
0,0,GameData\csv_vp001_2.arc,2082,25E58CEB,1160
0,0,GameData\material2.arc,196884,BED668DB,1220
0,0,GameData\material_denkigai2015s003_2.arc,7106,0C82D791,1150
0,0,GameData\material_dlsite_2.arc,1762,C5A837EA,1150
0,0,GameData\material_shop001_2.arc,1762,D98CED1C,1150
0,0,GameData\material_shop002_2.arc,1762,956BB00E,1150
0,0,GameData\material_shop003_2.arc,1762,38CEBFF2,1150
0,0,GameData\material_shop005_2.arc,1714,3E621A32,1150
0,0,GameData\material_shop007_2.arc,2578,C8CE627C,1150
0,0,GameData\material_vp001_2.arc,9554,066C9CA9,1150
0,0,GameData\menu2.arc,219097,9879DFF3,1210
0,0,GameData\menu_denkigai2015s001_2.arc,6594,8B3E849F,1160
0,0,GameData\menu_denkigai2015s003_2.arc,4338,D294CE88,1150
0,0,GameData\menu_dlc026_2.arc,3778,69453D54,1190
0,0,GameData\menu_dlc028_2.arc,3874,DE3F1C31,1200
0,0,GameData\menu_dlsite_2.arc,1954,B2268BA7,1150
0,0,GameData\menu_shop001_2.arc,3314,35207C87,1150
0,0,GameData\menu_shop005_2.arc,1378,0C9AF725,1150
0,0,GameData\menu_vp001_2.arc,18546,5FFF33DA,1150
0,0,GameData\model2.arc,12131417,54D44B0A,1220
0,0,GameData\model_denkigai2015s003_2.arc,394665,41A48185,1150
0,0,GameData\model_dlc046_2.arc,155690,83B34173,1220
0,0,GameData\model_dlsite_2.arc,197173,24366C43,1150
0,0,GameData\model_shop001_2.arc,115215,9C941FAF,1150
0,0,GameData\model_shop002_2.arc,251253,743C3D97,1150
0,0,GameData\model_shop003_2.arc,185433,A15EC70A,1150
0,0,GameData\model_shop005_2.arc,150103,FB5341FA,1150
0,0,GameData\model_shop007_2.arc,288759,80615CBD,1150
0,0,GameData\model_vp001_2.arc,290407,A19508D6,1150
0,0,GameData\motion_cbl2.arc,142422,A40CF0CC,1170
0,0,GameData\motion_cbl_addpose001.arc,902201,447E5863,1220
0,0,GameData\motion_cbl_vp001_2.arc,141603,80D0D160,1160
0,0,GameData\motion_cbl_ytgc002_2.arc,2475220,008FABF0,1160
0,0,GameData\paths.dat,1291,665086CC,1220
0,0,GameData\prioritymaterial.arc,95841,D7113F62,1220
0,0,GameData\script_cbl.arc,1734945,13EF471C,1220
0,0,GameData\script_cbl_addpose001.arc,1219,0C884F57,1220
0,0,GameData\texture2.arc,748712227,393809F6,1130
0,0,GameData\texture3.arc,7006504,DF141704,1220
0,0,GameData\texture_addpose001.arc,23943,1D529A44,1220
0,0,GameData\texture_dlc004_2.arc,4805734,C8E5CFB4,1200
0,0,GameData\texture_dlc046_2.arc,596960,FC606BA5,1220
0,0,GameData\sound2.arc,7402763,5D761564,1170
0,0,GameData\voice_cbl2.arc,9627083,76D43E7B,1090
0,0,manual\data\005.png,459612,3AF928C5,1170
0,0,manual\data\010.png,800070,5269304C,1170
0,0,PhotoModeData\Mod\Motion\readme.txt,146,3BF5AF4D,1220
0,0,Preset\8_ren_1_yosiko.preset,55432,D54FD70C,1220
0,0,Preset\8_ren_2_ayumi.preset,51097,3C44F9DB,1220
0,0,Preset\8_ren_3_sakura.preset,52635,33F54D90,1220
0,0,Preset\8_ren_4_ai.preset,46819,9B6E5960,1220
