0,0,CM3D2OH.exe,9101312,BFC22264,1004
0,0,CM3D2OHx64.exe,14914560,1CE8D13F,116
0,0,CM3D2OHx64_Data\level0,154376,1A37A0D8,116
0,0,CM3D2OHx64_Data\level1,220752,DD6C7911,116
0,0,CM3D2OHx64_Data\level10,4376,509AAB24,116
0,0,CM3D2OHx64_Data\level11,143184,FF30BB40,116
0,0,CM3D2OHx64_Data\level12,4376,45DAF292,116
0,0,CM3D2OHx64_Data\level13,140880,5FF6319E,116
0,0,CM3D2OHx64_Data\level14,193328,1F58FD18,116
0,0,CM3D2OHx64_Data\level15,352992,53360F96,116
0,0,CM3D2OHx64_Data\level16,160592,1C480BDC,116
0,0,CM3D2OHx64_Data\level17,430992,10B10258,116
0,0,CM3D2OHx64_Data\level2,475288,3293A5D0,116
0,0,CM3D2OHx64_Data\level3,547920,E292A940,116
0,0,CM3D2OHx64_Data\level4,140528,E860C08B,116
0,0,CM3D2OHx64_Data\level5,177144,2F73F11D,116
0,0,CM3D2OHx64_Data\level6,140120,02854D6C,116
0,0,CM3D2OHx64_Data\level7,164464,94950D21,116
0,0,CM3D2OHx64_Data\level8,140120,D1ABD4EB,116
0,0,CM3D2OHx64_Data\level9,437696,AECE155D,116
0,0,CM3D2OHx64_Data\mainData,853288,2A9339B0,116
0,0,CM3D2OHx64_Data\PlayerConnectionConfigFile,21,054B88DF,116
0,0,CM3D2OHx64_Data\resources.assets,218705260,3F4A4124,116
0,0,CM3D2OHx64_Data\sharedassets0.assets,237505168,E4E80F73,116
0,0,CM3D2OHx64_Data\sharedassets1.assets,6998796,EB585DAC,116
0,0,CM3D2OHx64_Data\sharedassets10.assets,4553928,5458DEE2,116
0,0,CM3D2OHx64_Data\sharedassets11.assets,4112,33060C71,116
0,0,CM3D2OHx64_Data\sharedassets12.assets,4200896,A5BFBAB9,116
0,0,CM3D2OHx64_Data\sharedassets13.assets,4112,7350E657,116
0,0,CM3D2OHx64_Data\sharedassets14.assets,2814296,574FD5CF,116
0,0,CM3D2OHx64_Data\sharedassets15.assets,3691748,E4725F64,116
0,0,CM3D2OHx64_Data\sharedassets16.assets,1587628,A5D8F2FC,116
0,0,CM3D2OHx64_Data\sharedassets17.assets,5328,6E2ABC18,116
0,0,CM3D2OHx64_Data\sharedassets18.assets,72624,02AA4EAA,116
0,0,CM3D2OHx64_Data\sharedassets2.assets,10846308,66DE335F,116
0,0,CM3D2OHx64_Data\sharedassets3.assets,36843892,506F8FB0,116
0,0,CM3D2OHx64_Data\sharedassets4.assets,6952140,1F859C94,116
0,0,CM3D2OHx64_Data\sharedassets5.assets,503336,6E450721,116
0,0,CM3D2OHx64_Data\sharedassets6.assets,11891548,ECBEF63C,116
0,0,CM3D2OHx64_Data\sharedassets7.assets,466308,F3E085C9,116
0,0,CM3D2OHx64_Data\sharedassets8.assets,5280,8FDABFF0,116
0,0,CM3D2OHx64_Data\sharedassets9.assets,466308,270F521A,116
0,0,CM3D2OHx64_Data\Managed\Accessibility.dll,10752,A358E135,116
0,0,CM3D2OHx64_Data\Managed\Assembly-CSharp-firstpass.dll,175104,35DA80F1,116
0,0,CM3D2OHx64_Data\Managed\Assembly-CSharp.dll,1901056,DF89B64F,116
0,0,CM3D2OHx64_Data\Managed\Assembly-UnityScript-firstpass.dll,65024,1F8D8338,116
0,0,CM3D2OHx64_Data\Managed\Boo.Lang.dll,126976,B1FDC6B6,116
0,0,CM3D2OHx64_Data\Managed\JsonFx.Json.dll,70144,A0F0CFCB,116
0,0,CM3D2OHx64_Data\Managed\Mono.Data.Tds.dll,96256,DE9FBD55,116
0,0,CM3D2OHx64_Data\Managed\Mono.Posix.dll,184320,A333AAF5,116
0,0,CM3D2OHx64_Data\Managed\Mono.Security.dll,294912,D5BB48FC,116
0,0,CM3D2OHx64_Data\Managed\Mono.WebBrowser.dll,172032,5D310803,116
0,0,CM3D2OHx64_Data\Managed\mscorlib.dll,2590208,5A5FF75C,116
0,0,CM3D2OHx64_Data\Managed\System.Configuration.dll,124928,F88CF714,116
0,0,CM3D2OHx64_Data\Managed\System.Core.dll,300032,0504C277,116
0,0,CM3D2OHx64_Data\Managed\System.Data.dll,856064,1DE4F5EB,116
0,0,CM3D2OHx64_Data\Managed\System.dll,1678848,08B8E16D,116
0,0,CM3D2OHx64_Data\Managed\System.Drawing.Design.dll,29696,E7B53FF9,116
0,0,CM3D2OHx64_Data\Managed\System.Drawing.dll,448512,C4B2E872,116
0,0,CM3D2OHx64_Data\Managed\System.EnterpriseServices.dll,46592,1B56067D,116
0,0,CM3D2OHx64_Data\Managed\System.Security.dll,135168,A9F5B9F1,116
0,0,CM3D2OHx64_Data\Managed\System.Transactions.dll,27648,DE82E2C6,116
0,0,CM3D2OHx64_Data\Managed\System.Windows.Forms.dll,3053568,56394001,116
0,0,CM3D2OHx64_Data\Managed\System.Xml.dll,1270272,BCE39995,116
0,0,CM3D2OHx64_Data\Managed\System.Xml.Linq.dll,106496,1062D683,116
0,0,CM3D2OHx64_Data\Managed\UnityEngine.dll,614912,9B33F0CD,116
0,0,CM3D2OHx64_Data\Managed\UnityEngine.UI.dll,176128,078A6C17,116
0,0,CM3D2OHx64_Data\Managed\UnityScript.Lang.dll,14336,FAB8DDA9,116
0,0,CM3D2OHx64_Data\Mono\mono.dll,2601984,5E0870C0,116
0,0,CM3D2OHx64_Data\Mono\etc\mono\browscap.ini,311984,CE6C0AB3,116
0,0,CM3D2OHx64_Data\Mono\etc\mono\config,1691,A635914A,116
0,0,CM3D2OHx64_Data\Mono\etc\mono\1.0\DefaultWsdlHelpGenerator.aspx,58196,10E814BF,116
0,0,CM3D2OHx64_Data\Mono\etc\mono\1.0\machine.config,17259,82F1AD8B,116
0,0,CM3D2OHx64_Data\Mono\etc\mono\2.0\DefaultWsdlHelpGenerator.aspx,60453,F3869A34,116
0,0,CM3D2OHx64_Data\Mono\etc\mono\2.0\machine.config,27626,4F6C3F79,116
0,0,CM3D2OHx64_Data\Mono\etc\mono\2.0\settings.map,2618,A1A3C29F,116
0,0,CM3D2OHx64_Data\Mono\etc\mono\2.0\web.config,11686,534A9960,116
0,0,CM3D2OHx64_Data\Mono\etc\mono\2.0\Browsers\Compat.browser,1605,2E178A0B,116
0,0,CM3D2OHx64_Data\Mono\etc\mono\mconfig\config.xml,25817,80B2033A,116
0,0,CM3D2OHx64_Data\Plugins\cm3d2_hole_x64.dll,339968,0D474C6D,116
0,0,CM3D2OHx64_Data\Plugins\cm3d2_x64.dll,1505792,4FD5B91F,116
0,0,CM3D2OHx64_Data\Plugins\device_hook.dll,87552,65F0207E,116
0,0,CM3D2OHx64_Data\Resources\unity default resources,1571709,31020360,116
0,0,CM3D2OHx64_Data\Resources\unity_builtin_extra,372672,3A678224,116
0,0,GameData\csv.arc,1474238,0C9C361F,116
0,0,GameData\csv_cbl.arc,169695,5CE36234,116
0,0,GameData\csv_vp001_2.arc,2082,25E58CEB,116
0,0,GameData\material2.arc,100292,955CBE63,115
0,0,GameData\material_denkigai2015s003_2.arc,7106,0C82D791,115
0,0,GameData\material_dlsite_2.arc,1762,C5A837EA,115
0,0,GameData\material_shop001_2.arc,1762,D98CED1C,115
0,0,GameData\material_shop002_2.arc,1762,956BB00E,115
0,0,GameData\material_shop003_2.arc,1762,38CEBFF2,115
0,0,GameData\material_shop005_2.arc,1714,3E621A32,115
0,0,GameData\material_shop007_2.arc,2578,C8CE627C,115
0,0,GameData\material_vp001_2.arc,9554,066C9CA9,115
0,0,GameData\menu2.arc,213607,185FB4EA,116
0,0,GameData\menu_denkigai2015s001_2.arc,6594,8B3E849F,116
0,0,GameData\menu_denkigai2015s003_2.arc,4338,D294CE88,115
0,0,GameData\menu_dlsite_2.arc,1954,B2268BA7,115
0,0,GameData\menu_shop001_2.arc,3314,35207C87,115
0,0,GameData\menu_shop005_2.arc,1378,0C9AF725,115
0,0,GameData\menu_vp001_2.arc,18546,5FFF33DA,115
0,0,GameData\model2.arc,11897975,A92B7FD1,115
0,0,GameData\model_denkigai2015s003_2.arc,394665,41A48185,115
0,0,GameData\model_dlsite_2.arc,197173,24366C43,115
0,0,GameData\model_shop001_2.arc,115215,9C941FAF,115
0,0,GameData\model_shop002_2.arc,251253,743C3D97,115
0,0,GameData\model_shop003_2.arc,185433,A15EC70A,115
0,0,GameData\model_shop005_2.arc,150103,FB5341FA,115
0,0,GameData\model_shop007_2.arc,288759,80615CBD,115
0,0,GameData\model_vp001_2.arc,290407,A19508D6,115
0,0,GameData\motion2.arc,59483116,BFE0DE90,115
0,0,GameData\motion_cbl_vp001_2.arc,141603,80D0D160,116
0,0,GameData\motion_cbl_ytgc002_2.arc,2475220,008FABF0,116
0,0,GameData\paths.dat,769,001DCBDE,116
0,0,GameData\prioritymaterial.arc,78637,866F0F96,116
0,0,GameData\script_cbl.arc,1498512,073DB7FC,116
0,0,GameData\sound2.arc,7107886,4EDEB0E1,114
0,0,GameData\texture3.arc,65637,C9E3D8B4,116
0,0,manual\data\005.png,321476,367A2C20,116
