0,0,CM3D2OH.exe,9101312,BFC22264,1004
0,0,CM3D2OHx64.exe,14914560,1CE8D13F,115
0,0,CM3D2OHx64_Data\level0,154376,E7BCF316,115
0,0,CM3D2OHx64_Data\level1,220752,A2705715,115
0,0,CM3D2OHx64_Data\level10,4376,5A5FA23D,115
0,0,CM3D2OHx64_Data\level11,143184,DFCCCD3C,115
0,0,CM3D2OHx64_Data\level12,4376,963FE927,115
0,0,CM3D2OHx64_Data\level13,140880,6372ED26,115
0,0,CM3D2OHx64_Data\level14,193328,FCFB444A,115
0,0,CM3D2OHx64_Data\level15,352992,EC1B1532,115
0,0,CM3D2OHx64_Data\level16,160592,F7556C5B,115
0,0,CM3D2OHx64_Data\level17,430992,D14A7151,115
0,0,CM3D2OHx64_Data\level2,475288,582112DE,115
0,0,CM3D2OHx64_Data\level3,547920,738A9F54,115
0,0,CM3D2OHx64_Data\level4,140528,23A4EFD6,115
0,0,CM3D2OHx64_Data\level5,177144,E07B0607,115
0,0,CM3D2OHx64_Data\level6,140120,3767074F,115
0,0,CM3D2OHx64_Data\level7,164464,02BB7F88,115
0,0,CM3D2OHx64_Data\level8,140120,411A88C0,115
0,0,CM3D2OHx64_Data\level9,446840,5F3F4BE8,115
0,0,CM3D2OHx64_Data\mainData,847024,E7FCF62D,115
0,0,CM3D2OHx64_Data\PlayerConnectionConfigFile,21,7C5F4537,115
0,0,CM3D2OHx64_Data\resources.assets,220081036,F92276F7,115
0,0,CM3D2OHx64_Data\sharedassets0.assets,236804728,60C1FEEB,115
0,0,CM3D2OHx64_Data\sharedassets1.assets,6998796,2B38A0A4,115
0,0,CM3D2OHx64_Data\sharedassets10.assets,4553928,E01A1654,115
0,0,CM3D2OHx64_Data\sharedassets11.assets,4112,AED134C8,115
0,0,CM3D2OHx64_Data\sharedassets12.assets,4200896,CB2CFF98,115
0,0,CM3D2OHx64_Data\sharedassets13.assets,4112,B6E4CEB8,115
0,0,CM3D2OHx64_Data\sharedassets14.assets,2814296,70FE0969,115
0,0,CM3D2OHx64_Data\sharedassets15.assets,3691748,1E719209,115
0,0,CM3D2OHx64_Data\sharedassets16.assets,1587628,76949F64,115
0,0,CM3D2OHx64_Data\sharedassets17.assets,5328,7A0DF5C4,115
0,0,CM3D2OHx64_Data\sharedassets18.assets,72624,2ED44887,115
0,0,CM3D2OHx64_Data\sharedassets2.assets,10846308,954FBA63,115
0,0,CM3D2OHx64_Data\sharedassets3.assets,36843892,2BD775B7,115
0,0,CM3D2OHx64_Data\sharedassets4.assets,6952140,A4B7C602,115
0,0,CM3D2OHx64_Data\sharedassets5.assets,503336,F3AB2BD5,115
0,0,CM3D2OHx64_Data\sharedassets6.assets,11891548,515115EF,115
0,0,CM3D2OHx64_Data\sharedassets7.assets,466308,6DC5FBC0,115
0,0,CM3D2OHx64_Data\sharedassets8.assets,5280,433D497E,115
0,0,CM3D2OHx64_Data\sharedassets9.assets,466308,6EB9D714,115
0,0,CM3D2OHx64_Data\Managed\Accessibility.dll,10752,A358E135,115
0,0,CM3D2OHx64_Data\Managed\Assembly-CSharp-firstpass.dll,175104,D1157567,115
0,0,CM3D2OHx64_Data\Managed\Assembly-CSharp.dll,1912320,325A7881,115
0,0,CM3D2OHx64_Data\Managed\Assembly-UnityScript-firstpass.dll,65024,2627A8A0,115
0,0,CM3D2OHx64_Data\Managed\Boo.Lang.dll,126976,B1FDC6B6,115
0,0,CM3D2OHx64_Data\Managed\JsonFx.Json.dll,70144,A0F0CFCB,115
0,0,CM3D2OHx64_Data\Managed\Mono.Data.Tds.dll,96256,DE9FBD55,115
0,0,CM3D2OHx64_Data\Managed\Mono.Posix.dll,184320,A333AAF5,115
0,0,CM3D2OHx64_Data\Managed\Mono.Security.dll,294912,D5BB48FC,115
0,0,CM3D2OHx64_Data\Managed\Mono.WebBrowser.dll,172032,5D310803,115
0,0,CM3D2OHx64_Data\Managed\mscorlib.dll,2590208,5A5FF75C,115
0,0,CM3D2OHx64_Data\Managed\System.Configuration.dll,124928,F88CF714,115
0,0,CM3D2OHx64_Data\Managed\System.Core.dll,300032,0504C277,115
0,0,CM3D2OHx64_Data\Managed\System.Data.dll,856064,1DE4F5EB,115
0,0,CM3D2OHx64_Data\Managed\System.dll,1678848,08B8E16D,115
0,0,CM3D2OHx64_Data\Managed\System.Drawing.Design.dll,29696,E7B53FF9,115
0,0,CM3D2OHx64_Data\Managed\System.Drawing.dll,448512,C4B2E872,115
0,0,CM3D2OHx64_Data\Managed\System.EnterpriseServices.dll,46592,1B56067D,115
0,0,CM3D2OHx64_Data\Managed\System.Security.dll,135168,A9F5B9F1,115
0,0,CM3D2OHx64_Data\Managed\System.Transactions.dll,27648,DE82E2C6,115
0,0,CM3D2OHx64_Data\Managed\System.Windows.Forms.dll,3053568,56394001,115
0,0,CM3D2OHx64_Data\Managed\System.Xml.dll,1270272,BCE39995,115
0,0,CM3D2OHx64_Data\Managed\System.Xml.Linq.dll,106496,1062D683,115
0,0,CM3D2OHx64_Data\Managed\UnityEngine.dll,614912,9B33F0CD,115
0,0,CM3D2OHx64_Data\Managed\UnityEngine.UI.dll,176128,078A6C17,115
0,0,CM3D2OHx64_Data\Managed\UnityScript.Lang.dll,14336,FAB8DDA9,115
0,0,CM3D2OHx64_Data\Mono\mono.dll,2601984,5E0870C0,115
0,0,CM3D2OHx64_Data\Mono\etc\mono\browscap.ini,311984,CE6C0AB3,115
0,0,CM3D2OHx64_Data\Mono\etc\mono\config,1691,A635914A,115
0,0,CM3D2OHx64_Data\Mono\etc\mono\1.0\DefaultWsdlHelpGenerator.aspx,58196,10E814BF,115
0,0,CM3D2OHx64_Data\Mono\etc\mono\1.0\machine.config,17259,82F1AD8B,115
0,0,CM3D2OHx64_Data\Mono\etc\mono\2.0\DefaultWsdlHelpGenerator.aspx,60453,F3869A34,115
0,0,CM3D2OHx64_Data\Mono\etc\mono\2.0\machine.config,27626,4F6C3F79,115
0,0,CM3D2OHx64_Data\Mono\etc\mono\2.0\settings.map,2618,A1A3C29F,115
0,0,CM3D2OHx64_Data\Mono\etc\mono\2.0\web.config,11686,534A9960,115
0,0,CM3D2OHx64_Data\Mono\etc\mono\2.0\Browsers\Compat.browser,1605,2E178A0B,115
0,0,CM3D2OHx64_Data\Mono\etc\mono\mconfig\config.xml,25817,80B2033A,115
0,0,CM3D2OHx64_Data\Plugins\cm3d2_hole_x64.dll,339968,0D474C6D,115
0,0,CM3D2OHx64_Data\Plugins\cm3d2_x64.dll,1505792,4FD5B91F,115
0,0,CM3D2OHx64_Data\Plugins\device_hook.dll,87552,65F0207E,115
0,0,CM3D2OHx64_Data\Resources\unity default resources,1571709,31020360,115
0,0,CM3D2OHx64_Data\Resources\unity_builtin_extra,372672,3A678224,115
0,0,GameData\csv.arc,1468403,9E43FC52,115
0,0,GameData\csv_cbl.arc,169695,376D75DB,115
0,0,GameData\material2.arc,100292,955CBE63,115
0,0,GameData\material_denkigai2015s003_2.arc,7106,0C82D791,115
0,0,GameData\material_dlsite_2.arc,1762,C5A837EA,115
0,0,GameData\material_shop001_2.arc,1762,D98CED1C,115
0,0,GameData\material_shop002_2.arc,1762,956BB00E,115
0,0,GameData\material_shop003_2.arc,1762,38CEBFF2,115
0,0,GameData\material_shop005_2.arc,1714,3E621A32,115
0,0,GameData\material_shop007_2.arc,2578,C8CE627C,115
0,0,GameData\material_vp001_2.arc,9554,066C9CA9,115
0,0,GameData\menu2.arc,219356,B015867D,115
0,0,GameData\menu_denkigai2015s003_2.arc,4338,D294CE88,115
0,0,GameData\menu_dlsite_2.arc,1954,B2268BA7,115
0,0,GameData\menu_shop001_2.arc,3314,35207C87,115
0,0,GameData\menu_shop005_2.arc,1378,0C9AF725,115
0,0,GameData\menu_vp001_2.arc,18546,5FFF33DA,115
0,0,GameData\model2.arc,11897975,A92B7FD1,115
0,0,GameData\model_denkigai2015s003_2.arc,394665,41A48185,115
0,0,GameData\model_dlsite_2.arc,197173,24366C43,115
0,0,GameData\model_shop001_2.arc,115215,9C941FAF,115
0,0,GameData\model_shop002_2.arc,251253,743C3D97,115
0,0,GameData\model_shop003_2.arc,185433,A15EC70A,115
0,0,GameData\model_shop005_2.arc,150103,FB5341FA,115
0,0,GameData\model_shop007_2.arc,288759,80615CBD,115
0,0,GameData\model_vp001_2.arc,290407,A19508D6,115
0,0,GameData\motion2.arc,59483116,BFE0DE90,115
0,0,GameData\paths.dat,741,4D49C39C,115
0,0,GameData\prioritymaterial.arc,78637,866F0F96,115
0,0,GameData\script_cbl.arc,1495010,C0AB82FB,115
0,0,GameData\sound2.arc,7107886,4EDEB0E1,114
0,0,GameData\texture2.arc,748712227,393809F6,113
0,0,GameData\texture3.arc,65637,C9E3D8B4,115
0,0,GameData\voice_cbl2.arc,9627083,76D43E7B,109
