0,0,CM3D2OH.exe,7707136,A913B79B,1007
0,0,CM3D2OHx64.exe,20649984,0A92CEB6,148
0,0,LICENSE,19099,328E95A1,1480
0,0,CM3D2OHx64_Data\globalgamemanagers,1730404,2268402D,1480
0,0,CM3D2OHx64_Data\globalgamemanagers.assets,139300,CF816D77,1480
0,0,CM3D2OHx64_Data\level0,189268,29B637C8,1480
0,0,CM3D2OHx64_Data\level1,207260,0C77DC5C,1480
0,0,CM3D2OHx64_Data\level10,548372,055C8DA8,1480
0,0,CM3D2OHx64_Data\level11,4640,567CFBD6,1480
0,0,CM3D2OHx64_Data\level12,191892,86D5D03F,1480
0,0,CM3D2OHx64_Data\level13,4640,5C40EA4E,1480
0,0,CM3D2OHx64_Data\level14,210012,4D4A0D33,1480
0,0,CM3D2OHx64_Data\level15,304580,621287BA,1480
0,0,CM3D2OHx64_Data\level16,451476,D73FF17C,1480
0,0,CM3D2OHx64_Data\level17,215412,3761745E,1480
0,0,CM3D2OHx64_Data\level18,537884,BEA54976,1480
0,0,CM3D2OHx64_Data\level19,275388,8BC04D66,1480
0,0,CM3D2OHx64_Data\level2,287700,4048526B,1480
0,0,CM3D2OHx64_Data\level20,660332,F58258D1,1480
0,0,CM3D2OHx64_Data\level21,1328908,C94010C7,1480
0,0,CM3D2OHx64_Data\level22,519540,73AA08BB,1480
0,0,CM3D2OHx64_Data\level23,612524,C02549F0,1480
0,0,CM3D2OHx64_Data\level24,843732,C453A986,1480
0,0,CM3D2OHx64_Data\level25,704676,FB45E9B0,1480
0,0,CM3D2OHx64_Data\level26,551836,21556E31,1480
0,0,CM3D2OHx64_Data\level27,826892,915FF285,1480
0,0,CM3D2OHx64_Data\level28,545004,C18F7C5E,1480
0,0,CM3D2OHx64_Data\level3,597308,EF059233,1480
0,0,CM3D2OHx64_Data\level4,620380,C0A7A233,1480
0,0,CM3D2OHx64_Data\level5,190316,E7F14547,1480
0,0,CM3D2OHx64_Data\level6,234388,26953F2E,1480
0,0,CM3D2OHx64_Data\level7,189820,BD5BEBBE,1480
0,0,CM3D2OHx64_Data\level8,217268,CBB02B56,1480
0,0,CM3D2OHx64_Data\level9,190852,18D6C30E,1480
0,0,CM3D2OHx64_Data\resources.assets,259188220,4BC2C068,1480
0,0,CM3D2OHx64_Data\resources.assets.resS,471321600,00115E8A,1480
0,0,CM3D2OHx64_Data\sharedassets0.assets,16483040,EE72FE2D,1480
0,0,CM3D2OHx64_Data\sharedassets0.assets.resS,121728032,217CBB40,1480
0,0,CM3D2OHx64_Data\sharedassets1.assets,5920,66F57759,1480
0,0,CM3D2OHx64_Data\sharedassets10.assets,6244,558FA678,1480
0,0,CM3D2OHx64_Data\sharedassets11.assets,4132,8307351F,1480
0,0,CM3D2OHx64_Data\sharedassets12.assets,5824,EA96F02B,1480
0,0,CM3D2OHx64_Data\sharedassets13.assets,4132,82AB44D8,1480
0,0,CM3D2OHx64_Data\sharedassets14.assets,6544,05030175,1480
0,0,CM3D2OHx64_Data\sharedassets15.assets,5788,CCEB05D2,1480
0,0,CM3D2OHx64_Data\sharedassets16.assets,215280,307649A4,1480
0,0,CM3D2OHx64_Data\sharedassets16.assets.resS,51968,C41BC4E7,1480
0,0,CM3D2OHx64_Data\sharedassets17.assets,5860,232266AB,1480
0,0,CM3D2OHx64_Data\sharedassets18.assets,74160,E330E408,1480
0,0,CM3D2OHx64_Data\sharedassets19.assets,6004,33178D94,1480
0,0,CM3D2OHx64_Data\sharedassets2.assets,6136,9E0EEC93,1480
0,0,CM3D2OHx64_Data\sharedassets20.assets,8128,D7550FF1,1480
0,0,CM3D2OHx64_Data\sharedassets21.assets,6580,01B69793,1480
0,0,CM3D2OHx64_Data\sharedassets22.assets,39511712,CF619899,1480
0,0,CM3D2OHx64_Data\sharedassets23.assets,67700952,0BAE3A0F,1480
0,0,CM3D2OHx64_Data\sharedassets24.assets,67690184,2123AA72,1480
0,0,CM3D2OHx64_Data\sharedassets25.assets,47233820,ED2442B3,1480
0,0,CM3D2OHx64_Data\sharedassets25.resource,3813344,7B95E5D4,1480
0,0,CM3D2OHx64_Data\sharedassets26.assets,80174972,E094EE66,1480
0,0,CM3D2OHx64_Data\sharedassets27.assets,84139364,FD3790CF,1480
0,0,CM3D2OHx64_Data\sharedassets28.assets,48988468,927ECBB1,1480
0,0,CM3D2OHx64_Data\sharedassets3.assets,1310240,DAB62774,1480
0,0,CM3D2OHx64_Data\sharedassets4.assets,6448,A8B1230E,1480
0,0,CM3D2OHx64_Data\sharedassets5.assets,5788,382021E4,1480
0,0,CM3D2OHx64_Data\sharedassets6.assets,6268,04A7F2FC,1480
0,0,CM3D2OHx64_Data\sharedassets7.assets,5764,9C15DFA3,1480
0,0,CM3D2OHx64_Data\sharedassets8.assets,5788,B9CE9111,1480
0,0,CM3D2OHx64_Data\sharedassets9.assets,5812,497CB30E,1480
0,0,CM3D2OHx64_Data\Managed\Accessibility.dll,10752,594EE943,1480
0,0,CM3D2OHx64_Data\Managed\Assembly-CSharp-firstpass.dll,636416,BF9D8FD9,1480
0,0,CM3D2OHx64_Data\Managed\Assembly-CSharp.dll,2465792,784E0929,1480
0,0,CM3D2OHx64_Data\Managed\Assembly-UnityScript-firstpass.dll,65024,868D8594,1480
0,0,CM3D2OHx64_Data\Managed\Boo.Lang.dll,126976,9ADD3789,1480
0,0,CM3D2OHx64_Data\Managed\Ionic.Zlib.dll,102400,7C9E7DD2,1480
0,0,CM3D2OHx64_Data\Managed\JsonFx.Json.dll,70144,A0F0CFCB,1480
0,0,CM3D2OHx64_Data\Managed\Mono.Data.Tds.dll,96256,DDA7BAB7,1480
0,0,CM3D2OHx64_Data\Managed\Mono.Posix.dll,184320,C7063ABB,1480
0,0,CM3D2OHx64_Data\Managed\Mono.Security.dll,294912,8C7E67B3,1480
0,0,CM3D2OHx64_Data\Managed\Mono.WebBrowser.dll,172032,541986C3,1480
0,0,CM3D2OHx64_Data\Managed\mscorlib.dll,2589696,AFA570E5,1480
0,0,CM3D2OHx64_Data\Managed\System.Configuration.dll,124928,D5F2A804,1480
0,0,CM3D2OHx64_Data\Managed\System.Core.dll,297472,BCE2218F,1480
0,0,CM3D2OHx64_Data\Managed\System.Data.dll,856064,F1D38D2E,1480
0,0,CM3D2OHx64_Data\Managed\System.dll,1679360,288F722A,1480
0,0,CM3D2OHx64_Data\Managed\System.Drawing.Design.dll,29696,E7B53FF9,1480
0,0,CM3D2OHx64_Data\Managed\System.Drawing.dll,448512,C4B2E872,1480
0,0,CM3D2OHx64_Data\Managed\System.EnterpriseServices.dll,46592,75A19B93,1480
0,0,CM3D2OHx64_Data\Managed\System.Security.dll,135168,365C74A7,1480
0,0,CM3D2OHx64_Data\Managed\System.Transactions.dll,27648,203D65C1,1480
0,0,CM3D2OHx64_Data\Managed\System.Windows.Forms.dll,3053568,56394001,1480
0,0,CM3D2OHx64_Data\Managed\System.Xml.dll,1270272,9B79033F,1480
0,0,CM3D2OHx64_Data\Managed\System.Xml.Linq.dll,106496,B3ACF139,1480
0,0,CM3D2OHx64_Data\Managed\UnityEngine.dll,972800,B3EB425F,1480
0,0,CM3D2OHx64_Data\Managed\UnityEngine.dll.mdb,353934,02424F6C,1480
0,0,CM3D2OHx64_Data\Managed\UnityEngine.Networking.dll,230912,EBC88F56,1480
0,0,CM3D2OHx64_Data\Managed\UnityEngine.UI.dll,219136,8E43BC11,1480
0,0,CM3D2OHx64_Data\Managed\UnityScript.Lang.dll,14336,13EE284D,1480
0,0,CM3D2OHx64_Data\Managed\zxing.unity.dll,430592,9FD1F198,1480
0,0,CM3D2OHx64_Data\Mono\mono.dll,2612696,2A5A1006,1480
0,0,CM3D2OHx64_Data\Mono\etc\mono\browscap.ini,311984,CE6C0AB3,1480
0,0,CM3D2OHx64_Data\Mono\etc\mono\config,1691,A635914A,1480
0,0,CM3D2OHx64_Data\Mono\etc\mono\1.0\DefaultWsdlHelpGenerator.aspx,58196,10E814BF,1480
0,0,CM3D2OHx64_Data\Mono\etc\mono\1.0\machine.config,17258,EDE1AC59,1480
0,0,CM3D2OHx64_Data\Mono\etc\mono\2.0\DefaultWsdlHelpGenerator.aspx,60453,F3869A34,1480
0,0,CM3D2OHx64_Data\Mono\etc\mono\2.0\machine.config,27625,73C91C24,1480
0,0,CM3D2OHx64_Data\Mono\etc\mono\2.0\settings.map,2618,A1A3C29F,1480
0,0,CM3D2OHx64_Data\Mono\etc\mono\2.0\web.config,11686,534A9960,1480
0,0,CM3D2OHx64_Data\Mono\etc\mono\2.0\Browsers\Compat.browser,1605,2E178A0B,1480
0,0,CM3D2OHx64_Data\Mono\etc\mono\mconfig\config.xml,25817,80B2033A,1480
0,0,CM3D2OHx64_Data\Plugins\AVProVideo.dll,813056,60B54FA5,1480
0,0,CM3D2OHx64_Data\Plugins\cm3d2_hole_x64.dll,339968,09BB14AC,1480
0,0,CM3D2OHx64_Data\Plugins\cm3d2_x64.dll,1545216,024E0542,1480
0,0,CM3D2OHx64_Data\Plugins\device_hook.dll,393216,D1A0EF4C,1480
0,0,CM3D2OHx64_Data\Resources\unity default resources,1544700,7137E221,1480
0,0,CM3D2OHx64_Data\Resources\unity_builtin_extra,142196,DF9A5755,1480
0,0,GameData\csv_cbl.arc,680552,DEB831B5,1480
0,0,GameData\motion_cbl2.arc,18785381,38882C16,1460
0,0,GameData\motion_cbl_addpose001.arc,902201,447E5863,1220
0,0,GameData\motion_cbl_pp002_2.arc,62463881,9CEF1E84,1360
0,0,GameData\motion_cbl_vp001_2.arc,141603,80D0D160,1160
0,0,GameData\motion_cbl_ytgc003_2.arc,296091,68096F71,1340
0,0,GameData\motion_cbl_ytgc002_2.arc,2475220,008FABF0,1160
0,0,GameData\script_cbl.arc,2570214,F065FD1F,1480
0,0,GameData\script_cbl_addpose001.arc,1219,0C884F57,1220
0,0,GameData\script_cbl_denkigai2016s_2.arc,81434,8C81CD11,1370
0,0,GameData\script_cbl_denkigai2016sSukumizu_2.arc,28002,5783CE35,1370
0,0,GameData\script_cbl_personal001_2.arc,340451,B4150145,1260
0,0,GameData\script_cbl_personal003_2.arc,233458,FEF36EF9,1420
0,0,GameData\system_cbl.arc,535,0B028230,1419
0,0,GameData\voice_cbl2.arc,9627083,76D43E7B,1090
0,0,manual\data\005.png,459612,3AF928C5,1170
0,0,manual\data\010.png,800070,5269304C,1170
share,GameData\patch\bg_pp001_2.arc,GameData\bg_pp001_2.arc,1237157,C9D912F7,1220
share,GameData\patch\csv.arc,GameData\csv.arc,3036013,A93BE434,1480
share,GameData\patch\csv_addpose001.arc,GameData\csv_addpose001.arc,1235,D06FCA6D,1220
share,GameData\patch\csv_pp001_2.arc,GameData\csv_pp001_2.arc,10034,29181748,1370
share,GameData\patch\csv_pp002_2.arc,GameData\csv_pp002_2.arc,450,65BCF215,1462
share,GameData\patch\csv_urayome001_2.arc,GameData\csv_urayome001_2.arc,1714,1D92B577,1401
share,GameData\patch\csv_vp001_2.arc,GameData\csv_vp001_2.arc,2082,25E58CEB,1160
share,GameData\patch\material2.arc,GameData\material2.arc,214082,9A3968AB,1460
share,GameData\patch\material_denkigai2015s003_2.arc,GameData\material_denkigai2015s003_2.arc,7106,0C82D791,1150
share,GameData\patch\material_denkigai2015wTowelR.arc,GameData\material_denkigai2015wTowelR.arc,1602,618192B9,1360
share,GameData\patch\material_dlc055_2.arc,GameData\material_dlc055_2.arc,5282,11A93109,1280
share,GameData\patch\material_dlsite_2.arc,GameData\material_dlsite_2.arc,1762,C5A837EA,1150
share,GameData\patch\material_shop001_2.arc,GameData\material_shop001_2.arc,1762,D98CED1C,1150
share,GameData\patch\material_shop002_2.arc,GameData\material_shop002_2.arc,1762,956BB00E,1150
share,GameData\patch\material_shop003_2.arc,GameData\material_shop003_2.arc,1762,38CEBFF2,1150
share,GameData\patch\material_shop005_2.arc,GameData\material_shop005_2.arc,1714,3E621A32,1150
share,GameData\patch\material_shop007_2.arc,GameData\material_shop007_2.arc,2578,C8CE627C,1150
share,GameData\patch\material_vp001_2.arc,GameData\material_vp001_2.arc,11890,8CB043B0,1400
share,GameData\patch\material_yomeido003_2.arc,GameData\material_yomeido003_2.arc,1522,0689A7AC,1240
share,GameData\patch\menu2.arc,GameData\menu2.arc,230858,41CD9F15,1460
share,GameData\patch\menu_denkigai2015s001_2.arc,GameData\menu_denkigai2015s001_2.arc,6594,8B3E849F,1160
share,GameData\patch\menu_denkigai2015s003_2.arc,GameData\menu_denkigai2015s003_2.arc,4338,D294CE88,1150
share,GameData\patch\menu_denkigai2015wTowelR.arc,GameData\menu_denkigai2015wTowelR.arc,1282,CECEE1FC,1360
share,GameData\patch\menu_denkigai2016s_2.arc,GameData\menu_denkigai2016s_2.arc,1346,4A9440B1,1351
share,GameData\patch\menu_denkigai2016w_2.arc,GameData\menu_denkigai2016w_2.arc,15154,C8D64D3B,1450
share,GameData\patch\menu_dlcdenkigai2016w_2.arc,GameData\menu_dlcdenkigai2016w_2.arc,13522,45E7F667,1450
share,GameData\patch\menu_dlc026_2.arc,GameData\menu_dlc026_2.arc,3778,69453D54,1190
share,GameData\patch\menu_dlc028_2.arc,GameData\menu_dlc028_2.arc,3874,DE3F1C31,1200
share,GameData\patch\menu_dlc041_2.arc,GameData\menu_dlc041_2.arc,6786,97F738D3,1380
share,GameData\patch\menu_dlc042_2.arc,GameData\menu_dlc042_2.arc,1154,EE4016C0,1440
share,GameData\patch\menu_dlc061_2.arc,GameData\menu_dlc061_2.arc,3810,F99C1D4E,1290
share,GameData\patch\menu_dlc065_2.arc,GameData\menu_dlc065_2.arc,7602,D9387834,1380
share,GameData\patch\menu_dlc074_2.arc,GameData\menu_dlc074_2.arc,5618,24C559D7,1312
share,GameData\patch\menu_dlc100_2.arc,GameData\menu_dlc100_2.arc,1250,DFF94E9A,1400
share,GameData\patch\menu_dlsite_2.arc,GameData\menu_dlsite_2.arc,1954,B2268BA7,1150
share,GameData\patch\menu_magazine002_2.arc,GameData\menu_magazine002_2.arc,12498,691C1126,1471
share,GameData\patch\menu_personal002_2.arc,GameData\menu_personal002_2.arc,1282,5687650C,1310
share,GameData\patch\menu_shop001_2.arc,GameData\menu_shop001_2.arc,3314,35207C87,1150
share,GameData\patch\menu_shop005_2.arc,GameData\menu_shop005_2.arc,1378,0C9AF725,1150
share,GameData\patch\menu_vp001_2.arc,GameData\menu_vp001_2.arc,19138,7C7AFD9C,1400
share,GameData\patch\menu_yomeido003_2.arc,GameData\menu_yomeido003_2.arc,1234,4D6F619D,1240
share,GameData\patch\menu_yomeidogp_wedding_2.arc,GameData\menu_yomeidogp_wedding_2.arc,3954,C251B12C,1320
share,GameData\patch\model2.arc,GameData\model2.arc,12337467,EC8FFA97,1460
share,GameData\patch\model_denkigai2015s003_2.arc,GameData\model_denkigai2015s003_2.arc,394665,41A48185,1150
share,GameData\patch\model_denkigai2015wTowelR.arc,GameData\model_denkigai2015wTowelR.arc,38258,FB570A24,1360
share,GameData\patch\model_dlc005_2.arc,GameData\model_dlc005_2.arc,175424,F7DD7D82,1270
share,GameData\patch\model_dlc046_2.arc,GameData\model_dlc046_2.arc,155690,83B34173,1220
share,GameData\patch\model_dlc073_2.arc,GameData\model_dlc073_2.arc,267037,47D33A06,1320
share,GameData\patch\model_dlc100_2.arc,GameData\model_dlc100_2.arc,691347,7C3D679D,1400
share,GameData\patch\model_dlc109_2.arc,GameData\model_dlc109_2.arc,137998,8FCCF513,1460
share,GameData\patch\model_dlsite_2.arc,GameData\model_dlsite_2.arc,197173,24366C43,1150
share,GameData\patch\model_shop001_2.arc,GameData\model_shop001_2.arc,115215,9C941FAF,1150
share,GameData\patch\model_shop002_2.arc,GameData\model_shop002_2.arc,251253,743C3D97,1150
share,GameData\patch\model_shop003_2.arc,GameData\model_shop003_2.arc,185433,A15EC70A,1150
share,GameData\patch\model_shop005_2.arc,GameData\model_shop005_2.arc,150103,FB5341FA,1150
share,GameData\patch\model_shop007_2.arc,GameData\model_shop007_2.arc,288759,80615CBD,1150
share,GameData\patch\model_vp001_2.arc,GameData\model_vp001_2.arc,647957,D68B5D2F,1400
share,GameData\patch\paths.dat,GameData\paths.dat,3896,7109D09B,1480
share,GameData\patch\prioritymaterial.arc,GameData\prioritymaterial.arc,161521,5D02CB6D,1480
share,GameData\patch\sound2.arc,GameData\sound2.arc,12751124,1A86F4BF,1480
share,GameData\patch\texture3.arc,GameData\texture3.arc,10035227,7C463DAB,1460
share,GameData\patch\texture_addpose001.arc,GameData\texture_addpose001.arc,23943,1D529A44,1220
share,GameData\patch\texture_denkigai2015wTowelR.arc,GameData\texture_denkigai2015wTowelR.arc,133065,FE4BDC34,1360
share,GameData\patch\texture_denkigai2016w_2.arc,GameData\texture_denkigai2016w_2.arc,10105247,3B4641C3,1450
share,GameData\patch\texture_dlcdenkigai2016w_2.arc,GameData\texture_dlcdenkigai2016w_2.arc,10105332,90868016,1450
share,GameData\patch\texture_dlc004_2.arc,GameData\texture_dlc004_2.arc,4805734,C8E5CFB4,1200
share,GameData\patch\texture_dlc046_2.arc,GameData\texture_dlc046_2.arc,596960,FC606BA5,1220
share,GameData\patch\texture_vp001_2.arc,GameData\texture_vp001_2.arc,755269,18D5027D,1400
share,GameData\patch\texture_yomeido003_2.arc,GameData\texture_yomeido003_2.arc,117248,0EE72B42,1240
share,PhotoModeData\Mod\Motion\readme.txt,PhotoModeData\Mod\Motion\readme.txt,146,3BF5AF4D,1220
share,Preset\8_ren_1_yosiko.preset,Preset\8_ren_1_yosiko.preset,55432,D54FD70C,1220
share,Preset\8_ren_2_ayumi.preset,Preset\8_ren_2_ayumi.preset,51097,3C44F9DB,1220
share,Preset\8_ren_3_sakura.preset,Preset\8_ren_3_sakura.preset,52635,33F54D90,1220
share,Preset\8_ren_4_ai.preset,Preset\8_ren_4_ai.preset,46819,9B6E5960,1220
