0,0,COM3D2.exe,6598144,05DD115D,2004
0,0,COM3D2x64.exe,22841856,A9562BF9,1110
0,0,LICENSE,31205,24BAD003,1110
0,0,COM3D2x64_Data\app.info,27,F9A266E7,1110
0,0,COM3D2x64_Data\globalgamemanagers,4058812,640BA09E,1110
0,0,COM3D2x64_Data\globalgamemanagers.assets,213188,7A8280AC,1110
0,0,COM3D2x64_Data\level0,261844,08025742,1110
0,0,COM3D2x64_Data\level1,278508,869E0575,1110
0,0,COM3D2x64_Data\level10,286820,74364EBC,1110
0,0,COM3D2x64_Data\level11,262356,28A2C6C6,1110
0,0,COM3D2x64_Data\level12,327076,D80EDAA5,1110
0,0,COM3D2x64_Data\level13,262836,293D47A6,1110
0,0,COM3D2x64_Data\level14,716100,C42C7CA9,1110
0,0,COM3D2x64_Data\level15,6948,6FF9C820,1110
0,0,COM3D2x64_Data\level16,264300,59961AD4,1110
0,0,COM3D2x64_Data\level17,4664,9DF161E4,1110
0,0,COM3D2x64_Data\level18,280988,20C1DBE3,1110
0,0,COM3D2x64_Data\level19,269164,FB7A339D,1110
0,0,COM3D2x64_Data\level2,279820,21525464,1110
0,0,COM3D2x64_Data\level20,886780,52E92EA1,1110
0,0,COM3D2x64_Data\level21,340956,EB2E7F08,1110
0,0,COM3D2x64_Data\level22,1016420,D2B94D6B,1110
0,0,COM3D2x64_Data\level23,341620,BD98F8E7,1110
0,0,COM3D2x64_Data\level24,538292,0D02F24B,1110
0,0,COM3D2x64_Data\level25,284324,BDF674EA,1110
0,0,COM3D2x64_Data\level26,1858132,660D7A9F,1110
0,0,COM3D2x64_Data\level27,1046428,EF73E021,1110
0,0,COM3D2x64_Data\level28,284324,4EEF0BDA,1110
0,0,COM3D2x64_Data\level29,1019724,DDCD666A,1110
0,0,COM3D2x64_Data\level3,1057724,31A949A5,1110
0,0,COM3D2x64_Data\level30,276948,5AE62EFB,1110
0,0,COM3D2x64_Data\level31,383996,7645F234,1110
0,0,COM3D2x64_Data\level32,27904,DAB1AF36,1110
0,0,COM3D2x64_Data\level32.resS,131232,437C95D8,1110
0,0,COM3D2x64_Data\level33,51676,4108B6BD,1110
0,0,COM3D2x64_Data\level34,56036,6B4AFDFC,1110
0,0,COM3D2x64_Data\level35,6832,A1664E0C,1110
0,0,COM3D2x64_Data\level36,262740,862AD36F,1110
0,0,COM3D2x64_Data\level37,1507740,C57175FE,1110
0,0,COM3D2x64_Data\level38,1364372,68D6E6FA,1110
0,0,COM3D2x64_Data\level39,1385972,929FD70E,1110
0,0,COM3D2x64_Data\level4,1144268,FDD671AF,1110
0,0,COM3D2x64_Data\level40,357452,F43E8327,1110
0,0,COM3D2x64_Data\level41,320524,A2B999E9,1110
0,0,COM3D2x64_Data\level42,346820,B29E664B,1110
0,0,COM3D2x64_Data\level43,1281204,73A0A2C9,1110
0,0,COM3D2x64_Data\level44,1345660,DA06F014,1110
0,0,COM3D2x64_Data\level45,1471084,3A61EDEA,1110
0,0,COM3D2x64_Data\level46,350372,8B6CD86C,1110
0,0,COM3D2x64_Data\level47,313284,4AB6C1D5,1110
0,0,COM3D2x64_Data\level48,373420,478EC3BE,1110
0,0,COM3D2x64_Data\level49,331444,5D8068A7,1110
0,0,COM3D2x64_Data\level5,1089372,8E9D3580,1110
0,0,COM3D2x64_Data\level50,1306124,4E36E27A,1110
0,0,COM3D2x64_Data\level51,315204,2FDF816E,1110
0,0,COM3D2x64_Data\level52,562228,28C6820C,1110
0,0,COM3D2x64_Data\level53,442524,488F27D7,1110
0,0,COM3D2x64_Data\level54,284652,A12B8A34,1110
0,0,COM3D2x64_Data\level55,1208068,B3954BC6,1110
0,0,COM3D2x64_Data\level56,958700,C0FF8ED9,1110
0,0,COM3D2x64_Data\level57,965988,6550D5FF,1110
0,0,COM3D2x64_Data\level58,1208068,CB07F2EB,1110
0,0,COM3D2x64_Data\level59,1088684,3A91999B,1110
0,0,COM3D2x64_Data\level6,262828,225FD403,1110
0,0,COM3D2x64_Data\level60,877252,5303F9F6,1110
0,0,COM3D2x64_Data\level61,1163636,2C680E49,1110
0,0,COM3D2x64_Data\level62,1264652,EE56E582,1110
0,0,COM3D2x64_Data\level63,617716,6FD7854C,1110
0,0,COM3D2x64_Data\level64,849460,40978B7F,1110
0,0,COM3D2x64_Data\level65,337620,C87EDE6B,1110
0,0,COM3D2x64_Data\level66,333988,33843E60,1110
0,0,COM3D2x64_Data\level67,377692,ACC7C0CA,1110
0,0,COM3D2x64_Data\level68,399828,4841A24A,1110
0,0,COM3D2x64_Data\level69,328220,F077E347,1110
0,0,COM3D2x64_Data\level7,824980,3BE9BC6E,1110
0,0,COM3D2x64_Data\level70,388180,D8A34941,1110
0,0,COM3D2x64_Data\level71,971636,D08F8015,1110
0,0,COM3D2x64_Data\level72,896036,EA7CFDCB,1110
0,0,COM3D2x64_Data\level8,292804,21E8107F,1110
0,0,COM3D2x64_Data\level9,350420,8BE9BEF1,1110
0,0,COM3D2x64_Data\resources.assets,382937928,CAEF1213,1110
0,0,COM3D2x64_Data\resources.assets.resS,1639722224,737B4CE5,1110
0,0,COM3D2x64_Data\resources.resource,692096,84F04AA0,1110
0,0,COM3D2x64_Data\sharedassets0.assets,115224720,E02641C2,1110
0,0,COM3D2x64_Data\sharedassets0.assets.resS,121744416,342139C8,1110
0,0,COM3D2x64_Data\sharedassets1.assets,6196,F644369A,1110
0,0,COM3D2x64_Data\sharedassets10.assets,6064,E9FE0821,1110
0,0,COM3D2x64_Data\sharedassets11.assets,6040,549FEC51,1110
0,0,COM3D2x64_Data\sharedassets12.assets,6280,41C82202,1110
0,0,COM3D2x64_Data\sharedassets13.assets,6064,DF3DA962,1110
0,0,COM3D2x64_Data\sharedassets14.assets,6664,AD7EF287,1110
0,0,COM3D2x64_Data\sharedassets15.assets,4540,93355E51,1110
0,0,COM3D2x64_Data\sharedassets16.assets,6100,110920B9,1110
0,0,COM3D2x64_Data\sharedassets17.assets,4132,850B2A5A,1110
0,0,COM3D2x64_Data\sharedassets18.assets,6820,64422B07,1110
0,0,COM3D2x64_Data\sharedassets19.assets,6160,937AA696,1110
0,0,COM3D2x64_Data\sharedassets2.assets,6244,A877C789,1110
0,0,COM3D2x64_Data\sharedassets20.assets,12340,B8DF7B49,1110
0,0,COM3D2x64_Data\sharedassets21.assets,6244,DB655783,1110
0,0,COM3D2x64_Data\sharedassets22.assets,12568,68148A63,1110
0,0,COM3D2x64_Data\sharedassets23.assets,6268,E1605925,1110
0,0,COM3D2x64_Data\sharedassets24.assets,6388,0111EC5C,1110
0,0,COM3D2x64_Data\sharedassets25.assets,6136,BE3E8B01,1110
0,0,COM3D2x64_Data\sharedassets26.assets,7036,65282BDC,1110
0,0,COM3D2x64_Data\sharedassets27.assets,12544,48ADE12A,1110
0,0,COM3D2x64_Data\sharedassets28.assets,6136,7E5648C4,1110
0,0,COM3D2x64_Data\sharedassets29.assets,12544,48ADE12A,1110
0,0,COM3D2x64_Data\sharedassets3.assets,7828,BF211EBD,1110
0,0,COM3D2x64_Data\sharedassets30.assets,6064,C1D48CCC,1110
0,0,COM3D2x64_Data\sharedassets31.assets,18126808,B2247D6F,1110
0,0,COM3D2x64_Data\sharedassets32.assets,12328,E209A6DB,1110
0,0,COM3D2x64_Data\sharedassets33.assets,4420,2F3DDA45,1110
0,0,COM3D2x64_Data\sharedassets34.assets,4324,DD58049D,1110
0,0,COM3D2x64_Data\sharedassets35.assets,4264,3A8A6CA4,1110
0,0,COM3D2x64_Data\sharedassets36.assets,6076,455DC7D8,1110
0,0,COM3D2x64_Data\sharedassets37.assets,12340,B91AC661,1110
0,0,COM3D2x64_Data\sharedassets38.assets,12340,AFB8E0C0,1110
0,0,COM3D2x64_Data\sharedassets39.assets,12340,3EF72464,1110
0,0,COM3D2x64_Data\sharedassets4.assets,12796,C82676B9,1110
0,0,COM3D2x64_Data\sharedassets40.assets,7144,120CEFAF,1110
0,0,COM3D2x64_Data\sharedassets41.assets,6904,B1157369,1110
0,0,COM3D2x64_Data\sharedassets42.assets,7156,2425B296,1110
0,0,COM3D2x64_Data\sharedassets43.assets,9232,2CAFD1F9,1110
0,0,COM3D2x64_Data\sharedassets44.assets,9340,272BEF80,1110
0,0,COM3D2x64_Data\sharedassets45.assets,9328,9AAF2BC1,1110
0,0,COM3D2x64_Data\sharedassets46.assets,8380,282DE019,1110
0,0,COM3D2x64_Data\sharedassets47.assets,6532,6E12143C,1110
0,0,COM3D2x64_Data\sharedassets48.assets,8224,D7C805FC,1110
0,0,COM3D2x64_Data\sharedassets49.assets,792636,DEA73F82,1110
0,0,COM3D2x64_Data\sharedassets49.assets.resS,6506584,427886ED,1110
0,0,COM3D2x64_Data\sharedassets5.assets,7060,B03C8ABE,1110
0,0,COM3D2x64_Data\sharedassets50.assets,12340,41962139,1110
0,0,COM3D2x64_Data\sharedassets51.assets,6592,5304F6C2,1110
0,0,COM3D2x64_Data\sharedassets52.assets,6700,76552344,1110
0,0,COM3D2x64_Data\sharedassets53.assets,6544,D61BC509,1110
0,0,COM3D2x64_Data\sharedassets54.assets,6064,CD535497,1110
0,0,COM3D2x64_Data\sharedassets55.assets,12424,9E527B3C,1110
0,0,COM3D2x64_Data\sharedassets56.assets,9124,76765543,1110
0,0,COM3D2x64_Data\sharedassets57.assets,9160,91A9DC89,1110
0,0,COM3D2x64_Data\sharedassets58.assets,12424,9E527B3C,1110
0,0,COM3D2x64_Data\sharedassets59.assets,9364,3D8D13E3,1110
0,0,COM3D2x64_Data\sharedassets6.assets,6064,BDE3F010,1110
0,0,COM3D2x64_Data\sharedassets60.assets,9160,91A9DC89,1110
0,0,COM3D2x64_Data\sharedassets61.assets,9304,7E1D0747,1110
0,0,COM3D2x64_Data\sharedassets62.assets,9340,272BEF80,1110
0,0,COM3D2x64_Data\sharedassets63.assets,6616,5CEECA3E,1110
0,0,COM3D2x64_Data\sharedassets64.assets,9328,9AAF2BC1,1110
0,0,COM3D2x64_Data\sharedassets65.assets,42236492,F45BEADC,1110
0,0,COM3D2x64_Data\sharedassets65.assets.resS,87400,8BA6C322,1110
0,0,COM3D2x64_Data\sharedassets66.assets,38246460,6DF4819F,1110
0,0,COM3D2x64_Data\sharedassets67.assets,32874556,5E3C68CD,1110
0,0,COM3D2x64_Data\sharedassets68.assets,36735636,03E92AA6,1110
0,0,COM3D2x64_Data\sharedassets68.assets.resS,174776,5B619AF1,1110
0,0,COM3D2x64_Data\sharedassets69.assets,41277312,18CF04C6,1110
0,0,COM3D2x64_Data\sharedassets7.assets,6904,C00D6F7A,1110
0,0,COM3D2x64_Data\sharedassets70.assets,39399064,E2AA0677,1110
0,0,COM3D2x64_Data\sharedassets71.assets,3016892,10B3814A,1110
0,0,COM3D2x64_Data\sharedassets71.assets.resS,611728,7BFBEAAE,1110
0,0,COM3D2x64_Data\sharedassets72.assets,9388,C30ED649,1110
0,0,COM3D2x64_Data\sharedassets8.assets,6148,859DB5C6,1110
0,0,COM3D2x64_Data\sharedassets9.assets,6976,B772F881,1110
0,0,COM3D2x64_Data\Managed\Accessibility.dll,10752,5CB31E4E,1110
0,0,COM3D2x64_Data\Managed\Assembly-CSharp-firstpass.dll,786944,DB36442B,1110
0,0,COM3D2x64_Data\Managed\Assembly-CSharp.dll,4676608,C81D20A0,1110
0,0,COM3D2x64_Data\Managed\Assembly-UnityScript-firstpass.dll,65024,ABC14280,1110
0,0,COM3D2x64_Data\Managed\Boo.Lang.dll,126976,28383F70,1110
0,0,COM3D2x64_Data\Managed\BouncyCastle.Crypto.dll,2236416,5A4C4F07,1110
0,0,COM3D2x64_Data\Managed\FoveUnityPlugin.dll,28672,A6EA882B,1110
0,0,COM3D2x64_Data\Managed\ICSharpCode.SharpZipLib.dll,200704,D3160A1C,1110
0,0,COM3D2x64_Data\Managed\Ionic.Zlib.dll,102400,7C9E7DD2,1110
0,0,COM3D2x64_Data\Managed\JsonFx.Json.dll,70144,A0F0CFCB,1110
0,0,COM3D2x64_Data\Managed\LeapCSharp.NET3.5.dll,82432,38E38212,1110
0,0,COM3D2x64_Data\Managed\Mono.Data.Tds.dll,96256,2965324B,1110
0,0,COM3D2x64_Data\Managed\Mono.Posix.dll,184320,0CE35BE3,1110
0,0,COM3D2x64_Data\Managed\Mono.Security.dll,294912,66EB9979,1110
0,0,COM3D2x64_Data\Managed\Mono.WebBrowser.dll,172032,137B736F,1110
0,0,COM3D2x64_Data\Managed\mscorlib.dll,2590208,5166389B,1110
0,0,COM3D2x64_Data\Managed\Newtonsoft.Json.dll,494592,5C881B73,1110
0,0,COM3D2x64_Data\Managed\System.Configuration.dll,124928,72952344,1110
0,0,COM3D2x64_Data\Managed\System.Core.dll,297472,9E3EE5D7,1110
0,0,COM3D2x64_Data\Managed\System.Data.dll,856064,DDDB80CD,1110
0,0,COM3D2x64_Data\Managed\System.dll,1679360,13922617,1110
0,0,COM3D2x64_Data\Managed\System.Drawing.Design.dll,29696,E7B53FF9,1110
0,0,COM3D2x64_Data\Managed\System.Drawing.dll,448512,C4B2E872,1110
0,0,COM3D2x64_Data\Managed\System.EnterpriseServices.dll,46592,2C72A9FE,1110
0,0,COM3D2x64_Data\Managed\System.Security.dll,135168,1CE94C57,1110
0,0,COM3D2x64_Data\Managed\System.Transactions.dll,27648,45299FCF,1110
0,0,COM3D2x64_Data\Managed\System.Windows.Forms.dll,3053568,56394001,1110
0,0,COM3D2x64_Data\Managed\System.Xml.dll,1270272,4581A35B,1110
0,0,COM3D2x64_Data\Managed\System.Xml.Linq.dll,106496,E844371C,1110
0,0,COM3D2x64_Data\Managed\UnityEngine.dll,1393152,2C35388C,1110
0,0,COM3D2x64_Data\Managed\UnityEngine.dll.mdb,449828,8610375E,1110
0,0,COM3D2x64_Data\Managed\UnityEngine.Networking.dll,253952,2BDF701F,1110
0,0,COM3D2x64_Data\Managed\UnityEngine.UI.dll,245760,FA552B2D,1110
0,0,COM3D2x64_Data\Managed\UnityEngine.VR.dll,3072,A4582CD6,1110
0,0,COM3D2x64_Data\Managed\UnityScript.Lang.dll,13824,0DA8F681,1110
0,0,COM3D2x64_Data\Managed\zxing.unity.dll,430592,9FD1F198,1110
0,0,COM3D2x64_Data\Mono\mono.dll,2618816,0BEA8C0F,1110
0,0,COM3D2x64_Data\Mono\MonoPosixHelper.dll,113664,9B5E1E4D,1110
0,0,COM3D2x64_Data\Mono\etc\mono\browscap.ini,311984,CE6C0AB3,1110
0,0,COM3D2x64_Data\Mono\etc\mono\config,1691,A635914A,1110
0,0,COM3D2x64_Data\Mono\etc\mono\1.0\DefaultWsdlHelpGenerator.aspx,58196,10E814BF,1110
0,0,COM3D2x64_Data\Mono\etc\mono\1.0\machine.config,17258,EDE1AC59,1110
0,0,COM3D2x64_Data\Mono\etc\mono\2.0\DefaultWsdlHelpGenerator.aspx,60453,F3869A34,1110
0,0,COM3D2x64_Data\Mono\etc\mono\2.0\machine.config,27625,73C91C24,1110
0,0,COM3D2x64_Data\Mono\etc\mono\2.0\settings.map,2618,A1A3C29F,1110
0,0,COM3D2x64_Data\Mono\etc\mono\2.0\web.config,11686,534A9960,1110
0,0,COM3D2x64_Data\Mono\etc\mono\2.0\Browsers\Compat.browser,1605,2E178A0B,1110
0,0,COM3D2x64_Data\Mono\etc\mono\mconfig\config.xml,25817,80B2033A,1110
0,0,COM3D2x64_Data\Plugins\assimp.dll,4388864,7C910D84,1110
0,0,COM3D2x64_Data\Plugins\Audio360.dll,1499136,2D77400A,1110
0,0,COM3D2x64_Data\Plugins\AVProVideo.dll,891392,A3612D4B,1110
0,0,COM3D2x64_Data\Plugins\clothpp.dll,112128,7C3264A4,1110
0,0,COM3D2x64_Data\Plugins\cm3d2.dll,2137088,983414FB,1110
0,0,COM3D2x64_Data\Plugins\device_hook.dll,738816,F61E7CED,1110
0,0,COM3D2x64_Data\Plugins\FoveClient.dll,1849384,58C8B4F6,1110
0,0,COM3D2x64_Data\Plugins\LeapC.dll,2516992,FBDD3767,1110
0,0,COM3D2x64_Data\Plugins\openvr_api.dll,318272,44432E0F,1110
0,0,COM3D2x64_Data\Plugins\OVRGamepad.dll,12800,2C526135,1110
0,0,COM3D2x64_Data\Plugins\OVRLipSync.dll,2512296,391C1F4C,1110
0,0,COM3D2x64_Data\Plugins\OVRPlugin.dll,1898408,5DD05B6C,1110
0,0,COM3D2x64_Data\Resources\unity default resources,752360,71DB1AEA,1110
0,0,COM3D2x64_Data\Resources\unity_builtin_extra,284012,91145F7F,1110
0,0,GameData\bg_kissevent2018_sp_card_2.arc,493322,140250D1,1100
0,0,GameData\csv.arc,2744933,BB2DD595,1110
0,0,GameData\csv_old_2.arc,563,C560F995,1110
0,0,GameData\motion2.arc,94271734,E52D013A,1090
0,0,GameData\motion_3d21reserve_2.arc,153931,C630D84E,1100
0,0,GameData\motion_cos021_2.arc,323647,5697AC81,1061
0,0,GameData\motion_denkigai2017w_2.arc,1466874,DEACF6A8,1070
0,0,GameData\parts2.arc,118306635,1D2E0A51,1110
0,0,GameData\parts_omvr.arc,2024082,DC51E38B,1110
0,0,GameData\parts_kissevent2018_2.arc,5570,005BBD00,1100
0,0,GameData\parts_shop016_2.arc,171410,3D70CEC4,1060
0,0,GameData\paths.dat,1945,CFBF4F15,1110
0,0,GameData\prioritymaterial.arc,283434,1EB0378E,1110
0,0,GameData\script.arc,11704803,D77403E0,1110
0,0,GameData\script_charaevent001_2.arc,30674,FD2BB099,1090
0,0,GameData\script_cos021_2.arc,109373,85171A8B,1090
0,0,GameData\script_denkigai2017w_2.arc,430671,D639C87C,1090
0,0,GameData\script_exm001_2.arc,2738,7DFDDDE5,1070
0,0,GameData\script_old_2.arc,266098,1FD9015C,1110
0,0,GameData\sound2.arc,2831373,17A6CBF3,1050
0,0,GameData\system2.arc,8898186,8AC8C11D,1110
0,0,GameData\voice2.arc,274631355,782DFE0F,1090
0,0,GameData_20\material_denkigai2015w_2.arc,3490,F06AAABE,1090
0,0,GameData_20\material_dlc195_2.arc,1746,ECFBFE17,1090
0,0,GameData_20\material_dlcdenkigai2015w_2.arc,3522,D35394D7,1090
0,0,GameData_20\material_dlcdenkigai2017w_2.arc,3506,40FF8AFA,1090
0,0,GameData_20\material_kissevent2017march_2.arc,3538,7A6FC5CF,1090
0,0,GameData_20\menu_dlc195_2.arc,1170,BF163DDC,1090
0,0,GameData_20\model_denkigai2015w_2.arc,174373,F9233759,1090
0,0,GameData_20\model_dlc195_2.arc,583563,16C95E54,1090
0,0,GameData_20\model_dlcdenkigai2015w_2.arc,174400,BE6E5467,1090
0,0,GameData_20\model_dlcdenkigai2017w_2.arc,181384,6D5B735E,1090
0,0,GameData_20\model_kissevent2017march_2.arc,190682,21F32FCB,1090
0,0,GameData_20\paths.dat,5091,D094E2BE,1580
0,0,GameData_20\prioritymaterial.arc,221488,580931AC,1582
0,0,GameData_20\texture_dlc195_2.arc,16075880,456A4C76,1090
0,0,manual\favicon.ico,370070,687492C6,1050
0,0,manual\index.html,71545,035C59F0,1060
0,0,manual\css\close.png,1250,304A1D8C,1050
0,0,manual\css\common.css,3409,BA5B06EB,1050
0,0,manual\css\index.css,6614,38725E3B,1050
0,0,manual\css\lightbox.css,3674,9235D408,1050
0,0,manual\css\loading.gif,1279,72456323,1050
0,0,manual\css\next.png,1682,E0895D01,1050
0,0,manual\css\prev.png,1666,12F2027E,1050
0,0,manual\img\casino01.jpg,272694,C6FE6781,1050
0,0,manual\img\clubstatus.jpg,36546,DAA11F1D,1050
0,0,manual\img\com3d2_logo.png,100187,28605834,1050
0,0,manual\img\comp01.jpg,54909,F2AE5CE1,1050
0,0,manual\img\comp02.jpg,87599,493340A0,1050
0,0,manual\img\config.jpg,156802,1871EF55,1050
0,0,manual\img\dance01.jpg,305648,B87D0340,1050
0,0,manual\img\dance02.jpg,345535,27BEFAE3,1050
0,0,manual\img\edit01.jpg,312602,CB3E64D0,1050
0,0,manual\img\edit02.jpg,278318,878B2857,1050
0,0,manual\img\event01.jpg,194983,E4E03D42,1050
0,0,manual\img\facilitysetting01.jpg,338947,40D2A7D3,1050
0,0,manual\img\facilitysetting02.jpg,185709,12E0C653,1050
0,0,manual\img\facilitysetting03.jpg,267150,D08D54B7,1050
0,0,manual\img\kashizuki01.jpg,210954,8E6084EA,1050
0,0,manual\img\kashizuki02.jpg,209895,BD363567,1050
0,0,manual\img\kashizuki03.jpg,215560,D28EDBD6,1050
0,0,manual\img\kiss_logo.png,6459,7966A6E9,1050
0,0,manual\img\maidmanagement01.jpg,242517,21B3E491,1050
0,0,manual\img\maidmanagement02.jpg,140237,945D483D,1050
0,0,manual\img\maidmanagement03.jpg,208300,B7C8F3CD,1050
0,0,manual\img\mainmenu01.jpg,208641,7218A847,1060
0,0,manual\img\mainmenu02.jpg,193956,4C7EF1A8,1050
0,0,manual\img\myroom.jpg,225108,398BA2D8,1050
0,0,manual\img\myroom.psd,1301284,E3472053,1050
0,0,manual\img\reminiscence01.jpg,236014,B0302E74,1050
0,0,manual\img\schedule01.jpg,198475,6AD2FF8C,1050
0,0,manual\img\schedule02.jpg,240595,AE23B15D,1050
0,0,manual\img\shitsu_mode.jpg,166109,966737E0,1050
0,0,manual\img\shop.jpg,216722,67700EE6,1050
0,0,manual\img\studio.jpg,328576,FC7FDE83,1050
0,0,manual\img\system01.jpg,67204,A61273B1,1050
0,0,manual\img\yotogi01.jpg,283179,93847FCE,1050
0,0,manual\img\yotogi02.jpg,278963,0959D75C,1050
0,0,manual\img\yotogi03.jpg,243961,20F88D92,1050
0,0,manual\sys\common.js,240,976D3DF4,1050
0,0,manual\sys\jquery-3.1.0.min.js,86351,AE6B746B,1050
0,0,manual\sys\jquery.lazy.min.js,5022,FEEB9C66,1050
0,0,manual\sys\lightbox.js,18410,F90AE353,1050
