0,0,CM3D2.exe,9558016,7808DA5C,1004
0,0,CM3D2x86.exe,11631104,9C99BCBC,114
0,0,CM3D2x86_Data\level0,154376,38DE14AF,114
0,0,CM3D2x86_Data\level1,209928,87FF23D8,114
0,0,CM3D2x86_Data\level10,140120,842D5E85,114
0,0,CM3D2x86_Data\level11,164464,8EB9E23D,114
0,0,CM3D2x86_Data\level12,140120,C10A5BCF,114
0,0,CM3D2x86_Data\level13,423024,A7B9691D,114
0,0,CM3D2x86_Data\level14,4376,DB295589,114
0,0,CM3D2x86_Data\level15,143184,D009621A,114
0,0,CM3D2x86_Data\level16,4376,8DCB56C5,114
0,0,CM3D2x86_Data\level17,140880,69FFBFBF,114
0,0,CM3D2x86_Data\level18,193328,E95C299E,114
0,0,CM3D2x86_Data\level19,352992,CF0F31D9,114
0,0,CM3D2x86_Data\level2,427672,1073E13C,114
0,0,CM3D2x86_Data\level20,160592,E663BA50,114
0,0,CM3D2x86_Data\level21,430992,C1BE95C8,114
0,0,CM3D2x86_Data\level3,475288,4EA6C72A,114
0,0,CM3D2x86_Data\level4,547920,4C5E2F00,114
0,0,CM3D2x86_Data\level5,140528,4D4EEF76,114
0,0,CM3D2x86_Data\level6,277152,C02CF7CD,114
0,0,CM3D2x86_Data\level7,180952,32138B36,114
0,0,CM3D2x86_Data\level8,177144,5A69B8F9,114
0,0,CM3D2x86_Data\level9,150136,D8EED9DA,114
0,0,CM3D2x86_Data\mainData,845544,084B9C10,114
0,0,CM3D2x86_Data\PlayerConnectionConfigFile,21,8144609B,114
0,0,CM3D2x86_Data\resources.assets,215819440,3298D196,114
0,0,CM3D2x86_Data\sharedassets0.assets,236804024,F51650DE,114
0,0,CM3D2x86_Data\sharedassets1.assets,6998796,4224C7AF,114
0,0,CM3D2x86_Data\sharedassets10.assets,5256,372500B9,114
0,0,CM3D2x86_Data\sharedassets11.assets,466308,07C95567,114
0,0,CM3D2x86_Data\sharedassets12.assets,5280,A40FA419,114
0,0,CM3D2x86_Data\sharedassets13.assets,466308,86B3BAEE,114
0,0,CM3D2x86_Data\sharedassets14.assets,1758656,B4C4FC9F,114
0,0,CM3D2x86_Data\sharedassets15.assets,4112,90EE54C8,114
0,0,CM3D2x86_Data\sharedassets16.assets,4200896,80717F1B,114
0,0,CM3D2x86_Data\sharedassets17.assets,4112,05F81993,114
0,0,CM3D2x86_Data\sharedassets18.assets,5320,3C83F02E,114
0,0,CM3D2x86_Data\sharedassets19.assets,3691748,D257A3E2,114
0,0,CM3D2x86_Data\sharedassets2.assets,5612280,288429B4,114
0,0,CM3D2x86_Data\sharedassets20.assets,1587628,42BB45D3,114
0,0,CM3D2x86_Data\sharedassets21.assets,5328,6906100D,114
0,0,CM3D2x86_Data\sharedassets22.assets,72624,4D7A2DB0,114
0,0,CM3D2x86_Data\sharedassets3.assets,13906728,73A7B373,114
0,0,CM3D2x86_Data\sharedassets4.assets,36843892,6970E653,114
0,0,CM3D2x86_Data\sharedassets5.assets,6952140,BFDEAE10,114
0,0,CM3D2x86_Data\sharedassets6.assets,503336,528CB445,114
0,0,CM3D2x86_Data\sharedassets7.assets,5456,2B8FC320,114
0,0,CM3D2x86_Data\sharedassets8.assets,355444,A59D81EC,114
0,0,CM3D2x86_Data\sharedassets9.assets,11891548,F375F3CB,114
0,0,CM3D2x86_Data\Managed\Accessibility.dll,10752,A358E135,114
0,0,CM3D2x86_Data\Managed\Assembly-CSharp-firstpass.dll,168960,C428A295,114
0,0,CM3D2x86_Data\Managed\Assembly-CSharp.dll,1824256,FFB3E58C,114
0,0,CM3D2x86_Data\Managed\Assembly-UnityScript-firstpass.dll,65024,3A45BB4B,114
0,0,CM3D2x86_Data\Managed\Boo.Lang.dll,126976,B1FDC6B6,114
0,0,CM3D2x86_Data\Managed\JsonFx.Json.dll,70144,A0F0CFCB,114
0,0,CM3D2x86_Data\Managed\Mono.Data.Tds.dll,96256,DE9FBD55,114
0,0,CM3D2x86_Data\Managed\Mono.Posix.dll,184320,A333AAF5,114
0,0,CM3D2x86_Data\Managed\Mono.Security.dll,294912,D5BB48FC,114
0,0,CM3D2x86_Data\Managed\Mono.WebBrowser.dll,172032,5D310803,114
0,0,CM3D2x86_Data\Managed\mscorlib.dll,2590208,5A5FF75C,114
0,0,CM3D2x86_Data\Managed\System.Configuration.dll,124928,F88CF714,114
0,0,CM3D2x86_Data\Managed\System.Core.dll,300032,0504C277,114
0,0,CM3D2x86_Data\Managed\System.Data.dll,856064,1DE4F5EB,114
0,0,CM3D2x86_Data\Managed\System.dll,1678848,08B8E16D,114
0,0,CM3D2x86_Data\Managed\System.Drawing.Design.dll,29696,E7B53FF9,114
0,0,CM3D2x86_Data\Managed\System.Drawing.dll,448512,C4B2E872,114
0,0,CM3D2x86_Data\Managed\System.EnterpriseServices.dll,46592,1B56067D,114
0,0,CM3D2x86_Data\Managed\System.Security.dll,135168,A9F5B9F1,114
0,0,CM3D2x86_Data\Managed\System.Transactions.dll,27648,DE82E2C6,114
0,0,CM3D2x86_Data\Managed\System.Windows.Forms.dll,3053568,56394001,114
0,0,CM3D2x86_Data\Managed\System.Xml.dll,1270272,BCE39995,114
0,0,CM3D2x86_Data\Managed\System.Xml.Linq.dll,106496,1062D683,114
0,0,CM3D2x86_Data\Managed\UnityEngine.dll,614912,ECC4324A,114
0,0,CM3D2x86_Data\Managed\UnityEngine.UI.dll,176128,078A6C17,114
0,0,CM3D2x86_Data\Managed\UnityScript.Lang.dll,14336,FAB8DDA9,114
0,0,CM3D2x86_Data\Mono\mono.dll,2103296,36130890,114
0,0,CM3D2x86_Data\Mono\etc\mono\browscap.ini,311984,CE6C0AB3,114
0,0,CM3D2x86_Data\Mono\etc\mono\config,1691,A635914A,114
0,0,CM3D2x86_Data\Mono\etc\mono\1.0\DefaultWsdlHelpGenerator.aspx,58196,10E814BF,114
0,0,CM3D2x86_Data\Mono\etc\mono\1.0\machine.config,17259,82F1AD8B,114
0,0,CM3D2x86_Data\Mono\etc\mono\2.0\DefaultWsdlHelpGenerator.aspx,60453,F3869A34,114
0,0,CM3D2x86_Data\Mono\etc\mono\2.0\machine.config,27626,4F6C3F79,114
0,0,CM3D2x86_Data\Mono\etc\mono\2.0\settings.map,2618,A1A3C29F,114
0,0,CM3D2x86_Data\Mono\etc\mono\2.0\web.config,11686,534A9960,114
0,0,CM3D2x86_Data\Mono\etc\mono\2.0\Browsers\Compat.browser,1605,2E178A0B,114
0,0,CM3D2x86_Data\Mono\etc\mono\mconfig\config.xml,25817,80B2033A,114
0,0,CM3D2x86_Data\Plugins\cm3d2_x86.dll,1274368,7709B206,114
0,0,CM3D2x86_Data\Plugins\device_hook.dll,77312,7EEF9868,114
0,0,CM3D2x86_Data\Resources\unity default resources,1571709,31020360,114
0,0,CM3D2x86_Data\Resources\unity_builtin_extra,372672,FDDE8793,114
0,0,GameData\csv.arc,1450266,17398CD6,113
0,0,GameData\material2.arc,41309,E4FB9F26,114
0,0,GameData\menu2.arc,166849,ADAE5A21,113
0,0,GameData\model2.arc,4181861,8D3DA101,114
0,0,GameData\motion2.arc,59341210,B8D4937F,113
0,0,GameData\paths.dat,399,04576E83,114
0,0,GameData\prioritymaterial.arc,76436,EB476AFB,113
0,0,GameData\script.arc,12019167,C5656BF4,114
0,0,GameData\sound2.arc,7107886,4EDEB0E1,114
0,0,GameData\texture2.arc,748712227,393809F6,113
0,0,GameData\voice2.arc,290990258,55953CD2,101
0,0,manual\data\004.png,699424,54A4DC50,101
0,0,manual\data\007.png,453984,97E623F5,101
0,0,manual\data\008.png,553674,7B23C3DF,101
0,0,manual\data\013.png,673884,992CEEC5,101
0,0,Preset\1_junshin.preset,43021,0D00795A,101
0,0,Preset\2_coodere.preset,43516,E9EBB0F2,101
0,0,Preset\3_tsundere.preset,48900,D0EF8B9E,101
0,0,Preset\4_default.preset,43697,C5E392BE,101
0,0,Preset\5_pretty_junshin.preset,40739,D9262BEF,101
0,0,Preset\6_pretty_coodere.preset,39554,E54D5766,101
0,0,Preset\7_pretty_tsundere.preset,38235,CA8437BB,101
