0,0,CM3D2VRx64.exe,20615680,65309F10,130
0,0,CM3D2VRx64_DirectToRift.exe,465408,ED45B3A7,130
0,0,LICENSE,3453,541AF859,130
0,0,CM3D2VRx64_Data\globalgamemanagers,1235556,94F6983B,130
0,0,CM3D2VRx64_Data\globalgamemanagers.assets,85256,5E70DA0E,130
0,0,CM3D2VRx64_Data\level0,181788,F5057373,130
0,0,CM3D2VRx64_Data\level1,199764,E8B3B191,130
0,0,CM3D2VRx64_Data\level10,194444,F7E2E56E,130
0,0,CM3D2VRx64_Data\level11,182340,F3E2127B,130
0,0,CM3D2VRx64_Data\level12,209772,A5F95F42,130
0,0,CM3D2VRx64_Data\level13,182844,E9F4DA4C,130
0,0,CM3D2VRx64_Data\level14,564228,950ACE38,130
0,0,CM3D2VRx64_Data\level15,4640,4B2FBC3B,130
0,0,CM3D2VRx64_Data\level16,184396,73D27256,130
0,0,CM3D2VRx64_Data\level17,4640,BD64ED6A,130
0,0,CM3D2VRx64_Data\level18,196220,8A505679,130
0,0,CM3D2VRx64_Data\level19,267020,4FFFEA16,130
0,0,CM3D2VRx64_Data\level2,199652,FEFB6EB9,130
0,0,CM3D2VRx64_Data\level20,443996,08EDE21B,130
0,0,CM3D2VRx64_Data\level21,207332,5B142CCC,130
0,0,CM3D2VRx64_Data\level22,530388,B7FD7474,130
0,0,CM3D2VRx64_Data\level23,258092,9E3F99F2,130
0,0,CM3D2VRx64_Data\level24,284364,EE78C0E0,130
0,0,CM3D2VRx64_Data\level25,206116,563B7665,130
0,0,CM3D2VRx64_Data\level26,652852,7BEE3939,130
0,0,CM3D2VRx64_Data\level27,767332,791E0443,130
0,0,CM3D2VRx64_Data\level28,512060,F1BCD097,130
0,0,CM3D2VRx64_Data\level3,420316,D20C335E,130
0,0,CM3D2VRx64_Data\level4,589828,3CFC4F45,130
0,0,CM3D2VRx64_Data\level5,630380,31B2B4DE,130
0,0,CM3D2VRx64_Data\level6,182836,650C00F8,130
0,0,CM3D2VRx64_Data\level7,356004,0A043FB8,130
0,0,CM3D2VRx64_Data\level8,231284,70871BD8,130
0,0,CM3D2VRx64_Data\level9,226908,51A3363B,130
0,0,CM3D2VRx64_Data\resources.assets,242557428,419C5235,130
0,0,CM3D2VRx64_Data\resources.assets.resS,229221732,9957513C,130
0,0,CM3D2VRx64_Data\sharedassets0.assets,16452296,B7149FC6,130
0,0,CM3D2VRx64_Data\sharedassets0.assets.resS,121722544,B9E60AEA,130
0,0,CM3D2VRx64_Data\sharedassets1.assets,5812,9A439143,130
0,0,CM3D2VRx64_Data\sharedassets10.assets,5656,DD09DC40,130
0,0,CM3D2VRx64_Data\sharedassets11.assets,5656,764EDEA4,130
0,0,CM3D2VRx64_Data\sharedassets12.assets,5680,0939D14A,130
0,0,CM3D2VRx64_Data\sharedassets13.assets,5680,2A822873,130
0,0,CM3D2VRx64_Data\sharedassets14.assets,6232,ECBA11A3,130
0,0,CM3D2VRx64_Data\sharedassets15.assets,4132,81845BF4,130
0,0,CM3D2VRx64_Data\sharedassets16.assets,5716,44B65AAE,130
0,0,CM3D2VRx64_Data\sharedassets17.assets,4132,A71220D3,130
0,0,CM3D2VRx64_Data\sharedassets18.assets,6280,3C6722FD,130
0,0,CM3D2VRx64_Data\sharedassets19.assets,5680,45BBDF36,130
0,0,CM3D2VRx64_Data\sharedassets2.assets,5860,89D01837,130
0,0,CM3D2VRx64_Data\sharedassets20.assets,215176,311D0118,130
0,0,CM3D2VRx64_Data\sharedassets20.assets.resS,51968,C41BC4E7,130
0,0,CM3D2VRx64_Data\sharedassets21.assets,5752,671F6609,130
0,0,CM3D2VRx64_Data\sharedassets22.assets,74056,6CB58B1E,130
0,0,CM3D2VRx64_Data\sharedassets23.assets,5884,6A9FA132,130
0,0,CM3D2VRx64_Data\sharedassets24.assets,5764,D87D3B18,130
0,0,CM3D2VRx64_Data\sharedassets25.assets,5764,347A8CAE,130
0,0,CM3D2VRx64_Data\sharedassets26.assets,8020,EB445AE4,130
0,0,CM3D2VRx64_Data\sharedassets27.assets,6220,69D5EB9F,130
0,0,CM3D2VRx64_Data\sharedassets28.assets,39511600,C459FF7B,130
0,0,CM3D2VRx64_Data\sharedassets3.assets,6232,4AEB61B1,130
0,0,CM3D2VRx64_Data\sharedassets4.assets,1310136,0781EB81,130
0,0,CM3D2VRx64_Data\sharedassets5.assets,6352,58C6822A,130
0,0,CM3D2VRx64_Data\sharedassets6.assets,5680,BC44908B,130
0,0,CM3D2VRx64_Data\sharedassets7.assets,5956,74C241C9,130
0,0,CM3D2VRx64_Data\sharedassets8.assets,5836,07D119C6,130
0,0,CM3D2VRx64_Data\sharedassets9.assets,6160,FFB0368F,130
0,0,CM3D2VRx64_Data\Managed\Accessibility.dll,10752,67D4623D,130
0,0,CM3D2VRx64_Data\Managed\Assembly-CSharp-firstpass.dll,279552,C557E430,130
0,0,CM3D2VRx64_Data\Managed\Assembly-CSharp.dll,2232832,9CF704B5,130
0,0,CM3D2VRx64_Data\Managed\Assembly-UnityScript-firstpass.dll,65024,E07EB949,130
0,0,CM3D2VRx64_Data\Managed\Boo.Lang.dll,126976,AA8D6FE9,130
0,0,CM3D2VRx64_Data\Managed\JsonFx.Json.dll,70144,A0F0CFCB,130
0,0,CM3D2VRx64_Data\Managed\Mono.Data.Tds.dll,96256,45AD281A,130
0,0,CM3D2VRx64_Data\Managed\Mono.Posix.dll,184320,29648DFE,130
0,0,CM3D2VRx64_Data\Managed\Mono.Security.dll,294912,47C69D18,130
0,0,CM3D2VRx64_Data\Managed\Mono.WebBrowser.dll,172032,7C128360,130
0,0,CM3D2VRx64_Data\Managed\mscorlib.dll,2589696,7FC818D1,130
0,0,CM3D2VRx64_Data\Managed\System.Configuration.dll,124928,F6B1A6D0,130
0,0,CM3D2VRx64_Data\Managed\System.Core.dll,299008,53040774,130
0,0,CM3D2VRx64_Data\Managed\System.Data.dll,856064,84A5413E,130
0,0,CM3D2VRx64_Data\Managed\System.dll,1678848,CA8E0A02,130
0,0,CM3D2VRx64_Data\Managed\System.Drawing.Design.dll,29696,E7B53FF9,130
0,0,CM3D2VRx64_Data\Managed\System.Drawing.dll,448512,C4B2E872,130
0,0,CM3D2VRx64_Data\Managed\System.EnterpriseServices.dll,46592,F19375E9,130
0,0,CM3D2VRx64_Data\Managed\System.Security.dll,135168,96C5745E,130
0,0,CM3D2VRx64_Data\Managed\System.Transactions.dll,27648,B61D2893,130
0,0,CM3D2VRx64_Data\Managed\System.Windows.Forms.dll,3053568,56394001,130
0,0,CM3D2VRx64_Data\Managed\System.Xml.dll,1270272,6574B461,130
0,0,CM3D2VRx64_Data\Managed\System.Xml.Linq.dll,106496,D836EA3D,130
0,0,CM3D2VRx64_Data\Managed\UnityEngine.dll,968704,D485D834,130
0,0,CM3D2VRx64_Data\Managed\UnityEngine.dll.mdb,353141,267D11E9,130
0,0,CM3D2VRx64_Data\Managed\UnityEngine.Networking.dll,230912,C88C6376,130
0,0,CM3D2VRx64_Data\Managed\UnityEngine.UI.dll,218624,CF89E333,130
0,0,CM3D2VRx64_Data\Managed\UnityScript.Lang.dll,14336,A603E1B9,130
0,0,CM3D2VRx64_Data\Mono\mono.dll,2612696,7118EB7A,130
0,0,CM3D2VRx64_Data\Mono\etc\mono\browscap.ini,311984,CE6C0AB3,130
0,0,CM3D2VRx64_Data\Mono\etc\mono\config,1691,A635914A,130
0,0,CM3D2VRx64_Data\Mono\etc\mono\1.0\DefaultWsdlHelpGenerator.aspx,58196,10E814BF,130
0,0,CM3D2VRx64_Data\Mono\etc\mono\1.0\machine.config,17258,EDE1AC59,130
0,0,CM3D2VRx64_Data\Mono\etc\mono\2.0\DefaultWsdlHelpGenerator.aspx,60453,F3869A34,130
0,0,CM3D2VRx64_Data\Mono\etc\mono\2.0\machine.config,27625,73C91C24,130
0,0,CM3D2VRx64_Data\Mono\etc\mono\2.0\settings.map,2618,A1A3C29F,130
0,0,CM3D2VRx64_Data\Mono\etc\mono\2.0\web.config,11686,534A9960,130
0,0,CM3D2VRx64_Data\Mono\etc\mono\2.0\Browsers\Compat.browser,1605,2E178A0B,130
0,0,CM3D2VRx64_Data\Mono\etc\mono\mconfig\config.xml,25817,80B2033A,130
0,0,CM3D2VRx64_Data\Plugins\cm3d2_x64.dll,1514496,40A9A5BB,130
0,0,CM3D2VRx64_Data\Plugins\device_hook.dll,87552,65F0207E,130
0,0,CM3D2VRx64_Data\Plugins\openvr_api.dll,314688,158B5A3F,130
0,0,CM3D2VRx64_Data\Plugins\OVRGamepad.dll,12800,2C526135,130
0,0,CM3D2VRx64_Data\Plugins\OVRPlugin.dll,383400,E360893E,130
0,0,CM3D2VRx64_Data\Resources\unity default resources,1571476,64CB035D,130
0,0,CM3D2VRx64_Data\Resources\unity_builtin_extra,130744,E32CD1B3,130
0,0,GameData\material_vr.arc,6184,D2EAFD73,130
0,0,GameData\menu_vr.arc,3407,D3B43CF5,130
0,0,GameData\model_vr.arc,866449,B84B7620,130
0,0,GameData\paths.dat,1635,5FBF96B5,1301
0,0,GameData\texture_vr.arc,1111256,DF651968,130
