0,0,CM3D2OH.exe,9101312,BFC22264,1004
0,0,CM3D2OHx86.exe,11631104,9ADBA5EE,109
0,0,CM3D2OHx86_Data\level0,154376,EBFB8797,109
0,0,CM3D2OHx86_Data\level1,220752,B0E6998B,109
0,0,CM3D2OHx86_Data\level10,4376,17835517,109
0,0,CM3D2OHx86_Data\level11,143184,50EF38A5,109
0,0,CM3D2OHx86_Data\level12,4376,8DCB56C5,109
0,0,CM3D2OHx86_Data\level13,140880,B112D67B,109
0,0,CM3D2OHx86_Data\level14,193328,0CB651FE,109
0,0,CM3D2OHx86_Data\level15,352000,3A29E666,109
0,0,CM3D2OHx86_Data\level2,475288,072BFBDD,109
0,0,CM3D2OHx86_Data\level3,545944,90EE573F,109
0,0,CM3D2OHx86_Data\level4,140528,255D10E2,109
0,0,CM3D2OHx86_Data\level5,177144,D5924A2B,109
0,0,CM3D2OHx86_Data\level6,140120,EBCC03AB,109
0,0,CM3D2OHx86_Data\level7,164464,4051925E,109
0,0,CM3D2OHx86_Data\level8,140120,DA03404F,109
0,0,CM3D2OHx86_Data\level9,428944,A32229E1,109
0,0,CM3D2OHx86_Data\mainData,852864,1021639D,109
0,0,CM3D2OHx86_Data\PlayerConnectionConfigFile,20,66D2F1C4,109
0,0,CM3D2OHx86_Data\resources.assets,216613612,D772B9BF,109
0,0,CM3D2OHx86_Data\sharedassets0.assets,236804000,9E4513FD,109
0,0,CM3D2OHx86_Data\sharedassets1.assets,6998796,8B87FB24,109
0,0,CM3D2OHx86_Data\sharedassets10.assets,3854600,D38A609B,109
0,0,CM3D2OHx86_Data\sharedassets11.assets,4112,285233AD,109
0,0,CM3D2OHx86_Data\sharedassets12.assets,4200896,351DF573,109
0,0,CM3D2OHx86_Data\sharedassets13.assets,4112,05F81993,109
0,0,CM3D2OHx86_Data\sharedassets14.assets,2814296,65665878,109
0,0,CM3D2OHx86_Data\sharedassets15.assets,3691748,95BA6356,109
0,0,CM3D2OHx86_Data\sharedassets16.assets,32510400,ED9DD373,109
0,0,CM3D2OHx86_Data\sharedassets16.assets.resS,1857256,5A8E845B,109
0,0,CM3D2OHx86_Data\sharedassets2.assets,9797652,B97B4AA6,109
0,0,CM3D2OHx86_Data\sharedassets3.assets,155814788,85ABDA1E,109
0,0,CM3D2OHx86_Data\sharedassets3.assets.resS,3985350,98874744,109
0,0,CM3D2OHx86_Data\sharedassets4.assets,6952140,8134DF47,109
0,0,CM3D2OHx86_Data\sharedassets5.assets,503336,CEAABCD1,109
0,0,CM3D2OHx86_Data\sharedassets6.assets,11891548,52C4E67F,109
0,0,CM3D2OHx86_Data\sharedassets7.assets,466308,B20E6435,109
0,0,CM3D2OHx86_Data\sharedassets8.assets,5280,5743B378,109
0,0,CM3D2OHx86_Data\sharedassets9.assets,466308,33748BBC,109
0,0,CM3D2OHx86_Data\Managed\Accessibility.dll,10752,A358E135,109
0,0,CM3D2OHx86_Data\Managed\Assembly-CSharp-firstpass.dll,167936,69956358,109
0,0,CM3D2OHx86_Data\Managed\Assembly-CSharp.dll,1867264,D7D287C5,109
0,0,CM3D2OHx86_Data\Managed\Assembly-UnityScript-firstpass.dll,65024,DDDE12A6,109
0,0,CM3D2OHx86_Data\Managed\Boo.Lang.dll,126976,B1FDC6B6,109
0,0,CM3D2OHx86_Data\Managed\JsonFx.Json.dll,70144,A0F0CFCB,109
0,0,CM3D2OHx86_Data\Managed\Mono.Data.Tds.dll,96256,DE9FBD55,109
0,0,CM3D2OHx86_Data\Managed\Mono.Posix.dll,184320,A333AAF5,109
0,0,CM3D2OHx86_Data\Managed\Mono.Security.dll,294912,D5BB48FC,109
0,0,CM3D2OHx86_Data\Managed\Mono.WebBrowser.dll,172032,5D310803,109
0,0,CM3D2OHx86_Data\Managed\mscorlib.dll,2590208,5A5FF75C,109
0,0,CM3D2OHx86_Data\Managed\System.Configuration.dll,124928,F88CF714,109
0,0,CM3D2OHx86_Data\Managed\System.Core.dll,300032,0504C277,109
0,0,CM3D2OHx86_Data\Managed\System.Data.dll,856064,1DE4F5EB,109
0,0,CM3D2OHx86_Data\Managed\System.dll,1678848,08B8E16D,109
0,0,CM3D2OHx86_Data\Managed\System.Drawing.Design.dll,29696,E7B53FF9,109
0,0,CM3D2OHx86_Data\Managed\System.Drawing.dll,448512,C4B2E872,109
0,0,CM3D2OHx86_Data\Managed\System.EnterpriseServices.dll,46592,1B56067D,109
0,0,CM3D2OHx86_Data\Managed\System.Security.dll,135168,A9F5B9F1,109
0,0,CM3D2OHx86_Data\Managed\System.Transactions.dll,27648,DE82E2C6,109
0,0,CM3D2OHx86_Data\Managed\System.Windows.Forms.dll,3053568,56394001,109
0,0,CM3D2OHx86_Data\Managed\System.Xml.dll,1270272,BCE39995,109
0,0,CM3D2OHx86_Data\Managed\System.Xml.Linq.dll,106496,1062D683,109
0,0,CM3D2OHx86_Data\Managed\UnityEngine.dll,614912,ECC4324A,109
0,0,CM3D2OHx86_Data\Managed\UnityEngine.UI.dll,176128,078A6C17,109
0,0,CM3D2OHx86_Data\Managed\UnityScript.Lang.dll,14336,FAB8DDA9,109
0,0,CM3D2OHx86_Data\Mono\mono.dll,2103296,36130890,109
0,0,CM3D2OHx86_Data\Mono\etc\mono\browscap.ini,311984,CE6C0AB3,109
0,0,CM3D2OHx86_Data\Mono\etc\mono\config,1691,A635914A,109
0,0,CM3D2OHx86_Data\Mono\etc\mono\1.0\DefaultWsdlHelpGenerator.aspx,58196,10E814BF,109
0,0,CM3D2OHx86_Data\Mono\etc\mono\1.0\machine.config,17259,82F1AD8B,109
0,0,CM3D2OHx86_Data\Mono\etc\mono\2.0\DefaultWsdlHelpGenerator.aspx,60453,F3869A34,109
0,0,CM3D2OHx86_Data\Mono\etc\mono\2.0\machine.config,27626,4F6C3F79,109
0,0,CM3D2OHx86_Data\Mono\etc\mono\2.0\settings.map,2618,A1A3C29F,109
0,0,CM3D2OHx86_Data\Mono\etc\mono\2.0\web.config,11686,534A9960,109
0,0,CM3D2OHx86_Data\Mono\etc\mono\2.0\Browsers\Compat.browser,1605,2E178A0B,109
0,0,CM3D2OHx86_Data\Mono\etc\mono\mconfig\config.xml,25817,80B2033A,109
0,0,CM3D2OHx86_Data\Plugins\cm3d2_hole_x86.dll,266240,C3FB2075,109
0,0,CM3D2OHx86_Data\Plugins\cm3d2_x86.dll,1270784,BD05819F,109
0,0,CM3D2OHx86_Data\Plugins\device_hook.dll,77312,7EEF9868,109
0,0,CM3D2OHx86_Data\Resources\unity default resources,1571709,31020360,109
0,0,CM3D2OHx86_Data\Resources\unity_builtin_extra,372672,FDDE8793,109
0,0,GameData\csv.arc,1337924,7828541B,109
0,0,GameData\csv_cbl.arc,119816,D5173E23,109
0,0,GameData\material2.arc,30840,B7AACB55,109
0,0,GameData\menu2.arc,160575,53AFF8A2,109
0,0,GameData\model2.arc,3205252,746D64FA,109
0,0,GameData\script_cbl.arc,1227978,58108A5F,109
0,0,GameData\texture2.arc,700882567,805D0803,109
0,0,GameData\voice_cbl2.arc,9627083,76D43E7B,109
