0,0,CM3D2.exe,9558016,7808DA5C,1004
0,0,CM3D2x86.exe,11631104,9C99BCBC,115
0,0,CM3D2x86_Data\level0,154376,7B14A97C,115
0,0,CM3D2x86_Data\level1,209928,6F122D2B,115
0,0,CM3D2x86_Data\level10,140120,066B859A,115
0,0,CM3D2x86_Data\level11,164464,FD2DE001,115
0,0,CM3D2x86_Data\level12,140120,CD29D374,115
0,0,CM3D2x86_Data\level13,458992,1D7FC81D,115
0,0,CM3D2x86_Data\level14,4376,990C52F4,115
0,0,CM3D2x86_Data\level15,143184,26601375,115
0,0,CM3D2x86_Data\level16,4376,556C19EE,115
0,0,CM3D2x86_Data\level17,140880,9651E38A,115
0,0,CM3D2x86_Data\level18,193328,7A0C9B9E,115
0,0,CM3D2x86_Data\level19,352992,980ACA09,115
0,0,CM3D2x86_Data\level2,427672,2E433151,115
0,0,CM3D2x86_Data\level20,160592,1FACFAF6,115
0,0,CM3D2x86_Data\level21,430992,26FEB0A1,115
0,0,CM3D2x86_Data\level3,475288,9156B6BA,115
0,0,CM3D2x86_Data\level4,547920,2F81D18B,115
0,0,CM3D2x86_Data\level5,140528,642F5799,115
0,0,CM3D2x86_Data\level6,277152,700933C8,115
0,0,CM3D2x86_Data\level7,180952,F778C690,115
0,0,CM3D2x86_Data\level8,177144,4EBCBA66,115
0,0,CM3D2x86_Data\level9,150136,7CF5A970,115
0,0,CM3D2x86_Data\mainData,847192,1AD93AD2,115
0,0,CM3D2x86_Data\PlayerConnectionConfigFile,21,3300906A,115
0,0,CM3D2x86_Data\resources.assets,215968448,D823EEE0,115
0,0,CM3D2x86_Data\sharedassets0.assets,236804728,1CD9AC49,115
0,0,CM3D2x86_Data\sharedassets1.assets,6998796,18EC9B31,115
0,0,CM3D2x86_Data\sharedassets10.assets,5256,6B40BF32,115
0,0,CM3D2x86_Data\sharedassets11.assets,466308,562F96CF,115
0,0,CM3D2x86_Data\sharedassets12.assets,5280,2BDA27DE,115
0,0,CM3D2x86_Data\sharedassets13.assets,466308,5553BA1B,115
0,0,CM3D2x86_Data\sharedassets14.assets,2458016,F4F62951,115
0,0,CM3D2x86_Data\sharedassets15.assets,4112,3AE79C43,115
0,0,CM3D2x86_Data\sharedassets16.assets,4200896,C2419F0C,115
0,0,CM3D2x86_Data\sharedassets17.assets,4112,22D26633,115
0,0,CM3D2x86_Data\sharedassets18.assets,5320,BA86BA3C,115
0,0,CM3D2x86_Data\sharedassets19.assets,3691748,F75DE2AA,115
0,0,CM3D2x86_Data\sharedassets2.assets,5612280,D6D19D27,115
0,0,CM3D2x86_Data\sharedassets20.assets,1587628,45E78AC0,115
0,0,CM3D2x86_Data\sharedassets21.assets,5328,43C46BBE,115
0,0,CM3D2x86_Data\sharedassets22.assets,72624,8F3A53FD,115
0,0,CM3D2x86_Data\sharedassets3.assets,13906728,FEB74CE2,115
0,0,CM3D2x86_Data\sharedassets4.assets,36843892,A7CD7416,115
0,0,CM3D2x86_Data\sharedassets5.assets,6952140,D791D868,115
0,0,CM3D2x86_Data\sharedassets6.assets,503336,13255E5F,115
0,0,CM3D2x86_Data\sharedassets7.assets,5456,3E8DC57C,115
0,0,CM3D2x86_Data\sharedassets8.assets,355444,17093E10,115
0,0,CM3D2x86_Data\sharedassets9.assets,11891548,A454776D,115
0,0,CM3D2x86_Data\Managed\Accessibility.dll,10752,A358E135,115
0,0,CM3D2x86_Data\Managed\Assembly-CSharp-firstpass.dll,170496,F0F785C7,115
0,0,CM3D2x86_Data\Managed\Assembly-CSharp.dll,1861632,11CF6892,115
0,0,CM3D2x86_Data\Managed\Assembly-UnityScript-firstpass.dll,65024,FFB0A698,115
0,0,CM3D2x86_Data\Managed\Boo.Lang.dll,126976,B1FDC6B6,115
0,0,CM3D2x86_Data\Managed\JsonFx.Json.dll,70144,A0F0CFCB,115
0,0,CM3D2x86_Data\Managed\Mono.Data.Tds.dll,96256,DE9FBD55,115
0,0,CM3D2x86_Data\Managed\Mono.Posix.dll,184320,A333AAF5,115
0,0,CM3D2x86_Data\Managed\Mono.Security.dll,294912,D5BB48FC,115
0,0,CM3D2x86_Data\Managed\Mono.WebBrowser.dll,172032,5D310803,115
0,0,CM3D2x86_Data\Managed\mscorlib.dll,2590208,5A5FF75C,115
0,0,CM3D2x86_Data\Managed\System.Configuration.dll,124928,F88CF714,115
0,0,CM3D2x86_Data\Managed\System.Core.dll,300032,0504C277,115
0,0,CM3D2x86_Data\Managed\System.Data.dll,856064,1DE4F5EB,115
0,0,CM3D2x86_Data\Managed\System.dll,1678848,08B8E16D,115
0,0,CM3D2x86_Data\Managed\System.Drawing.Design.dll,29696,E7B53FF9,115
0,0,CM3D2x86_Data\Managed\System.Drawing.dll,448512,C4B2E872,115
0,0,CM3D2x86_Data\Managed\System.EnterpriseServices.dll,46592,1B56067D,115
0,0,CM3D2x86_Data\Managed\System.Security.dll,135168,A9F5B9F1,115
0,0,CM3D2x86_Data\Managed\System.Transactions.dll,27648,DE82E2C6,115
0,0,CM3D2x86_Data\Managed\System.Windows.Forms.dll,3053568,56394001,115
0,0,CM3D2x86_Data\Managed\System.Xml.dll,1270272,BCE39995,115
0,0,CM3D2x86_Data\Managed\System.Xml.Linq.dll,106496,1062D683,115
0,0,CM3D2x86_Data\Managed\UnityEngine.dll,614912,ECC4324A,115
0,0,CM3D2x86_Data\Managed\UnityEngine.UI.dll,176128,078A6C17,115
0,0,CM3D2x86_Data\Managed\UnityScript.Lang.dll,14336,FAB8DDA9,115
0,0,CM3D2x86_Data\Mono\mono.dll,2103296,36130890,115
0,0,CM3D2x86_Data\Mono\etc\mono\browscap.ini,311984,CE6C0AB3,115
0,0,CM3D2x86_Data\Mono\etc\mono\config,1691,A635914A,115
0,0,CM3D2x86_Data\Mono\etc\mono\1.0\DefaultWsdlHelpGenerator.aspx,58196,10E814BF,115
0,0,CM3D2x86_Data\Mono\etc\mono\1.0\machine.config,17259,82F1AD8B,115
0,0,CM3D2x86_Data\Mono\etc\mono\2.0\DefaultWsdlHelpGenerator.aspx,60453,F3869A34,115
0,0,CM3D2x86_Data\Mono\etc\mono\2.0\machine.config,27626,4F6C3F79,115
0,0,CM3D2x86_Data\Mono\etc\mono\2.0\settings.map,2618,A1A3C29F,115
0,0,CM3D2x86_Data\Mono\etc\mono\2.0\web.config,11686,534A9960,115
0,0,CM3D2x86_Data\Mono\etc\mono\2.0\Browsers\Compat.browser,1605,2E178A0B,115
0,0,CM3D2x86_Data\Mono\etc\mono\mconfig\config.xml,25817,80B2033A,115
0,0,CM3D2x86_Data\Plugins\cm3d2_x86.dll,1297920,8AF255BC,115
0,0,CM3D2x86_Data\Plugins\device_hook.dll,77312,7EEF9868,115
0,0,CM3D2x86_Data\Resources\unity default resources,1571709,31020360,115
0,0,CM3D2x86_Data\Resources\unity_builtin_extra,372672,FDDE8793,115
0,0,GameData\csv.arc,1468403,9E43FC52,115
0,0,GameData\material2.arc,100292,955CBE63,115
0,0,GameData\material_denkigai2015s003_2.arc,7106,0C82D791,115
0,0,GameData\material_dlsite_2.arc,1762,C5A837EA,115
0,0,GameData\material_shop001_2.arc,1762,D98CED1C,115
0,0,GameData\material_shop002_2.arc,1762,956BB00E,115
0,0,GameData\material_shop003_2.arc,1762,38CEBFF2,115
0,0,GameData\material_shop005_2.arc,1714,3E621A32,115
0,0,GameData\material_shop007_2.arc,2578,C8CE627C,115
0,0,GameData\material_vp001_2.arc,9554,066C9CA9,115
0,0,GameData\menu2.arc,219356,B015867D,115
0,0,GameData\menu_denkigai2015s003_2.arc,4338,D294CE88,115
0,0,GameData\menu_dlsite_2.arc,1954,B2268BA7,115
0,0,GameData\menu_shop001_2.arc,3314,35207C87,115
0,0,GameData\menu_shop005_2.arc,1378,0C9AF725,115
0,0,GameData\menu_vp001_2.arc,18546,5FFF33DA,115
0,0,GameData\model2.arc,11897975,A92B7FD1,115
0,0,GameData\model_denkigai2015s003_2.arc,394665,41A48185,115
0,0,GameData\model_dlsite_2.arc,197173,24366C43,115
0,0,GameData\model_shop001_2.arc,115215,9C941FAF,115
0,0,GameData\model_shop002_2.arc,251253,743C3D97,115
0,0,GameData\model_shop003_2.arc,185433,A15EC70A,115
0,0,GameData\model_shop005_2.arc,150103,FB5341FA,115
0,0,GameData\model_shop007_2.arc,288759,80615CBD,115
0,0,GameData\model_vp001_2.arc,290407,A19508D6,115
0,0,GameData\motion2.arc,59483116,BFE0DE90,115
0,0,GameData\paths.dat,741,4D49C39C,115
0,0,GameData\prioritymaterial.arc,78637,866F0F96,115
0,0,GameData\script.arc,12214479,E86B01C4,115
0,0,GameData\sound2.arc,7107886,4EDEB0E1,114
0,0,GameData\texture3.arc,65637,C9E3D8B4,115
