0,0,CM3D2x86.exe,11629568,B2599E30,102
0,0,CM3D2x86_Data\level0,147896,05661917,102
0,0,CM3D2x86_Data\level1,203448,C21A79CC,102
0,0,CM3D2x86_Data\level10,133640,0A70043A,102
0,0,CM3D2x86_Data\level11,157984,B8399DE8,102
0,0,CM3D2x86_Data\level12,133640,18FB16D2,102
0,0,CM3D2x86_Data\level13,416512,73357A3C,102
0,0,CM3D2x86_Data\level15,136704,15BBB60F,102
0,0,CM3D2x86_Data\level16,4376,125DC17E,102
0,0,CM3D2x86_Data\level17,134400,8999361D,102
0,0,CM3D2x86_Data\level18,186848,B18724C9,102
0,0,CM3D2x86_Data\level2,421192,E70F7146,102
0,0,CM3D2x86_Data\level3,614352,F34D4082,102
0,0,CM3D2x86_Data\level4,539464,B9DCA4B5,102
0,0,CM3D2x86_Data\level5,134048,41E192F4,102
0,0,CM3D2x86_Data\level6,270672,D3BFC5A0,102
0,0,CM3D2x86_Data\level7,174472,7954D4A9,102
0,0,CM3D2x86_Data\level8,170664,54194FB9,102
0,0,CM3D2x86_Data\level9,143656,B690ABD0,102
0,0,CM3D2x86_Data\mainData,807568,E3CFA1EB,102
0,0,CM3D2x86_Data\PlayerConnectionConfigFile,20,B8BBA6F1,102
0,0,CM3D2x86_Data\resources.assets,206168088,4767FA38,102
0,0,CM3D2x86_Data\sharedassets0.assets,236451160,E7F43C2B,102
0,0,CM3D2x86_Data\sharedassets1.assets,6998796,5E627597,102
0,0,CM3D2x86_Data\sharedassets10.assets,5256,64CC3E6A,102
0,0,CM3D2x86_Data\sharedassets11.assets,466308,DB877662,102
0,0,CM3D2x86_Data\sharedassets12.assets,5280,F431FAF5,102
0,0,CM3D2x86_Data\sharedassets13.assets,466308,F8C1317F,102
0,0,CM3D2x86_Data\sharedassets14.assets,1758656,34049FE3,102
0,0,CM3D2x86_Data\sharedassets16.assets,4200896,70965A61,102
0,0,CM3D2x86_Data\sharedassets17.assets,4112,E99277BA,102
0,0,CM3D2x86_Data\sharedassets18.assets,5320,8F126E0F,102
0,0,CM3D2x86_Data\sharedassets19.assets,3691748,8093BCF4,102
0,0,CM3D2x86_Data\sharedassets2.assets,5612280,FF6A3BA8,102
0,0,CM3D2x86_Data\sharedassets3.assets,13906728,A74C10EE,102
0,0,CM3D2x86_Data\sharedassets4.assets,170642964,7FC7597C,102
0,0,CM3D2x86_Data\sharedassets5.assets,6952140,F608BE1A,102
0,0,CM3D2x86_Data\sharedassets6.assets,503336,778232BE,102
0,0,CM3D2x86_Data\sharedassets7.assets,5456,23CBD708,102
0,0,CM3D2x86_Data\sharedassets8.assets,355444,A35D4AA6,102
0,0,CM3D2x86_Data\sharedassets9.assets,11891476,02393576,102
0,0,CM3D2x86_Data\Managed\Assembly-CSharp-firstpass.dll,163328,1424EB47,102
0,0,CM3D2x86_Data\Managed\Assembly-CSharp.dll,1757696,6EFA2146,102
0,0,CM3D2x86_Data\Managed\Assembly-UnityScript-firstpass.dll,65024,37734C39,102
0,0,GameData\csv.arc,969005,8BAB5197,102
0,0,GameData\material2.arc,18791,FB2D0D87,102
0,0,GameData\menu2.arc,143080,08310375,102
0,0,GameData\model2.arc,530255,28DBE2F5,102
0,0,GameData\script.arc,9822342,BD17B407,102
