0,0,COM3D2x64_Data\Managed\Accessibility.dll,12288,521A42C4,34601
0,0,COM3D2x64_Data\Managed\Assembly-CSharp.dll,6360576,163C3050,34601
0,0,COM3D2x64_Data\Managed\Assembly-CSharp-firstpass.dll,874496,0EEB7559,34601
0,0,COM3D2x64_Data\Managed\BouncyCastle.Crypto.dll,2236416,5A4C4F07,34601
0,0,COM3D2x64_Data\Managed\FoveUnityPlugin.dll,28672,A6EA882B,34601
0,0,COM3D2x64_Data\Managed\ICSharpCode.SharpZipLib.dll,200704,D3160A1C,34601
0,0,COM3D2x64_Data\Managed\Ionic.Zlib.dll,102400,7C9E7DD2,34601
0,0,COM3D2x64_Data\Managed\JsonFx.Json.dll,70144,A0F0CFCB,34601
0,0,COM3D2x64_Data\Managed\LeapCSharp.NET3.5.dll,82432,38E38212,34601
0,0,COM3D2x64_Data\Managed\MagicaCloth.dll,380416,343F43EF,34601
0,0,COM3D2x64_Data\Managed\MagicaClothV2.dll,453120,2079C5E7,34601
0,0,COM3D2x64_Data\Managed\MessagePack.Annotations.dll,8192,A54A38DA,34601
0,0,COM3D2x64_Data\Managed\MessagePack.dll,331776,757D2A75,34601
0,0,COM3D2x64_Data\Managed\Microsoft.NET.StringTools.dll,30336,C3CACDD5,34601
0,0,COM3D2x64_Data\Managed\Mono.Posix.dll,214528,E714DBE5,34601
0,0,COM3D2x64_Data\Managed\Mono.Security.dll,241152,E13CDC4F,34601
0,0,COM3D2x64_Data\Managed\Mono.WebBrowser.dll,166912,DEA873F6,34601
0,0,COM3D2x64_Data\Managed\mscorlib.dll,4631552,C56BEBD6,34601
0,0,COM3D2x64_Data\Managed\netstandard.dll,90112,975FFBBE,34601
0,0,COM3D2x64_Data\Managed\Newtonsoft.Json.dll,691712,8CEF25D0,34601
0,0,COM3D2x64_Data\Managed\System.ComponentModel.Composition.dll,257024,CD6FC8DC,34601
0,0,COM3D2x64_Data\Managed\System.Configuration.dll,124928,EFDF7155,34601
0,0,COM3D2x64_Data\Managed\System.Core.dll,1113088,794737A1,34601
0,0,COM3D2x64_Data\Managed\System.Data.DataSetExtensions.dll,29696,363CF571,34601
0,0,COM3D2x64_Data\Managed\System.Data.dll,2125312,32374B27,34601
0,0,COM3D2x64_Data\Managed\System.dll,2639872,BAFC36A3,34601
0,0,COM3D2x64_Data\Managed\System.Drawing.Design.dll,29696,E7B53FF9,34601
0,0,COM3D2x64_Data\Managed\System.Drawing.dll,489984,194DEA33,34601
0,0,COM3D2x64_Data\Managed\System.EnterpriseServices.dll,44544,F00DC395,34601
0,0,COM3D2x64_Data\Managed\System.IO.Compression.dll,114688,DBEA1F77,34601
0,0,COM3D2x64_Data\Managed\System.IO.Compression.FileSystem.dll,18432,63C90522,34601
0,0,COM3D2x64_Data\Managed\System.IO.Hashing.dll,50488,2F1659E0,34601
0,0,COM3D2x64_Data\Managed\System.Memory.dll,4608,F0BBFFDF,34601
0,0,COM3D2x64_Data\Managed\System.Net.Http.dll,122880,AB522EA5,34601
0,0,COM3D2x64_Data\Managed\System.Numerics.dll,119296,C190A4F5,34601
0,0,COM3D2x64_Data\Managed\System.Runtime.CompilerServices.Unsafe.dll,18024,8C9A1A8B,34601
0,0,COM3D2x64_Data\Managed\System.Runtime.dll,12288,58AE9F48,34601
0,0,COM3D2x64_Data\Managed\System.Runtime.Serialization.dll,934400,FA4E2031,34601
0,0,COM3D2x64_Data\Managed\System.Security.dll,320000,254A33AD,34601
0,0,COM3D2x64_Data\Managed\System.ServiceModel.Internals.dll,215040,81075AAD,34601
0,0,COM3D2x64_Data\Managed\System.Transactions.dll,35328,12E658B2,34601
0,0,COM3D2x64_Data\Managed\System.Windows.Forms.dll,3053568,56394001,34601
0,0,COM3D2x64_Data\Managed\System.Xml.dll,3160064,6F621FF0,34601
0,0,COM3D2x64_Data\Managed\System.Xml.Linq.dll,136704,64AFBAF8,34601
0,0,COM3D2x64_Data\Managed\Unity.AI.Navigation.dll,20480,1976B54C,34601
0,0,COM3D2x64_Data\Managed\Unity.Burst.dll,304640,48D14704,34601
0,0,COM3D2x64_Data\Managed\Unity.Burst.Unsafe.dll,5632,D504B969,34601
0,0,COM3D2x64_Data\Managed\Unity.Collections.dll,451072,04DADC0B,34601
0,0,COM3D2x64_Data\Managed\Unity.Collections.LowLevel.ILSupport.dll,5120,254B34EA,34601
0,0,COM3D2x64_Data\Managed\Unity.InputSystem.dll,1128960,DCBBDB59,34601
0,0,COM3D2x64_Data\Managed\Unity.InputSystem.ForUI.dll,4608,2B0F28CF,34601
0,0,COM3D2x64_Data\Managed\Unity.Mathematics.dll,752128,AFD0AA32,34601
0,0,COM3D2x64_Data\Managed\Unity.MemoryProfiler.dll,7168,5BEBBB16,34601
0,0,COM3D2x64_Data\Managed\Unity.Profiling.Core.dll,10240,910441EB,34601
0,0,COM3D2x64_Data\Managed\Unity.RenderPipeline.Universal.ShaderLibrary.dll,8704,D443E3B0,34601
0,0,COM3D2x64_Data\Managed\Unity.RenderPipelines.Core.Runtime.dll,532480,3C583B95,34601
0,0,COM3D2x64_Data\Managed\Unity.RenderPipelines.Core.ShaderLibrary.dll,5120,CD1F29D2,34601
0,0,COM3D2x64_Data\Managed\Unity.RenderPipelines.ShaderGraph.ShaderGraphLibrary.dll,5120,CC7032B0,34601
0,0,COM3D2x64_Data\Managed\Unity.RenderPipelines.Universal.2D.Internal.dll,5632,2ECE8DAC,34601
0,0,COM3D2x64_Data\Managed\Unity.RenderPipelines.Universal.Config.Runtime.dll,5632,D822B193,34601
0,0,COM3D2x64_Data\Managed\Unity.RenderPipelines.Universal.Runtime.dll,787968,CEE31C7D,34601
0,0,COM3D2x64_Data\Managed\Unity.RenderPipelines.Universal.Shaders.dll,5120,974A248C,34601
0,0,COM3D2x64_Data\Managed\Unity.TextMeshPro.dll,380928,9D6C5920,34601
0,0,COM3D2x64_Data\Managed\Unity.Timeline.dll,128000,1623F740,34601
0,0,COM3D2x64_Data\Managed\Unity.VisualScripting.Antlr3.Runtime.dll,86016,3268D00A,34601
0,0,COM3D2x64_Data\Managed\Unity.VisualScripting.Core.dll,627200,912E6459,34601
0,0,COM3D2x64_Data\Managed\Unity.VisualScripting.DocCodeExamples.dll,7680,4B82F7C1,34601
0,0,COM3D2x64_Data\Managed\Unity.VisualScripting.Flow.dll,405504,7E5FB1B8,34601
0,0,COM3D2x64_Data\Managed\Unity.VisualScripting.State.dll,32768,A99C676B,34601
0,0,COM3D2x64_Data\Managed\Unity.XR.CoreUtils.dll,89088,DC23148B,34601
0,0,COM3D2x64_Data\Managed\Unity.XR.Management.dll,17408,F0B8282F,34601
0,0,COM3D2x64_Data\Managed\Unity.XR.OpenXR.dll,175104,8AD50829,34601
0,0,COM3D2x64_Data\Managed\Unity.XR.OpenXR.Features.ConformanceAutomation.dll,7680,1182329D,34601
0,0,COM3D2x64_Data\Managed\Unity.XR.OpenXR.Features.MetaQuestSupport.dll,5632,06E32301,34601
0,0,COM3D2x64_Data\Managed\Unity.XR.OpenXR.Features.MockRuntime.dll,10752,A937B775,34601
0,0,COM3D2x64_Data\Managed\Unity.XR.OpenXR.Features.OculusQuestSupport.dll,5632,E33E9120,34601
0,0,COM3D2x64_Data\Managed\Unity.XR.OpenXR.Features.RuntimeDebugger.dll,6656,99D3D1C7,34601
0,0,COM3D2x64_Data\Managed\UnityEngine.AccessibilityModule.dll,23984,3C33A4A7,34601
0,0,COM3D2x64_Data\Managed\UnityEngine.AIModule.dll,58792,023E7626,34601
0,0,COM3D2x64_Data\Managed\UnityEngine.AndroidJNIModule.dll,95144,01482C31,34601
0,0,COM3D2x64_Data\Managed\UnityEngine.AnimationModule.dll,164272,74D40B07,34601
0,0,COM3D2x64_Data\Managed\UnityEngine.ARModule.dll,21424,1C9C3021,34601
0,0,COM3D2x64_Data\Managed\UnityEngine.AssetBundleModule.dll,33200,2729F0BE,34601
0,0,COM3D2x64_Data\Managed\UnityEngine.AudioModule.dll,71592,84AC5CAC,34601
0,0,COM3D2x64_Data\Managed\UnityEngine.ClothModule.dll,26544,5303D1F9,34601
0,0,COM3D2x64_Data\Managed\UnityEngine.ClusterInputModule.dll,21936,D5513369,34601
0,0,COM3D2x64_Data\Managed\UnityEngine.ClusterRendererModule.dll,22440,EA240EE4,34601
0,0,COM3D2x64_Data\Managed\UnityEngine.ContentLoadModule.dll,27560,1AAC4C2F,34601
0,0,COM3D2x64_Data\Managed\UnityEngine.CoreModule.dll,1393584,8395E488,34601
0,0,COM3D2x64_Data\Managed\UnityEngine.CrashReportingModule.dll,21416,DCE84CFE,34601
0,0,COM3D2x64_Data\Managed\UnityEngine.DirectorModule.dll,25000,9C2EFB7D,34601
0,0,COM3D2x64_Data\Managed\UnityEngine.dll,126896,C144F735,34601
0,0,COM3D2x64_Data\Managed\UnityEngine.DSPGraphModule.dll,29616,51D3A23A,34601
0,0,COM3D2x64_Data\Managed\UnityEngine.GameCenterModule.dll,40368,88170C4D,34601
0,0,COM3D2x64_Data\Managed\UnityEngine.GIModule.dll,20400,4DCDF279,34601
0,0,COM3D2x64_Data\Managed\UnityEngine.GridModule.dll,25520,9CA34B4E,34601
0,0,COM3D2x64_Data\Managed\UnityEngine.HotReloadModule.dll,20400,77E48EEE,34601
0,0,COM3D2x64_Data\Managed\UnityEngine.ImageConversionModule.dll,24496,4C942DD1,34601
0,0,COM3D2x64_Data\Managed\UnityEngine.IMGUIModule.dll,191400,F4929849,34601
0,0,COM3D2x64_Data\Managed\UnityEngine.InputLegacyModule.dll,39336,85D05EAF,34601
0,0,COM3D2x64_Data\Managed\UnityEngine.InputModule.dll,23984,D39C0663,34601
0,0,COM3D2x64_Data\Managed\UnityEngine.JSONSerializeModule.dll,22440,AEEFE8E7,34601
0,0,COM3D2x64_Data\Managed\UnityEngine.LocalizationModule.dll,21416,FF054019,34601
0,0,COM3D2x64_Data\Managed\UnityEngine.NVIDIAModule.dll,34216,458A9FE6,34601
0,0,COM3D2x64_Data\Managed\UnityEngine.ParticleSystemModule.dll,161704,8E49A63F,34601
0,0,COM3D2x64_Data\Managed\UnityEngine.PerformanceReportingModule.dll,20912,4845577B,34601
0,0,COM3D2x64_Data\Managed\UnityEngine.Physics2DModule.dll,141744,CC777DF3,34601
0,0,COM3D2x64_Data\Managed\UnityEngine.PhysicsModule.dll,138664,EFC48F24,34601
0,0,COM3D2x64_Data\Managed\UnityEngine.ProfilerModule.dll,20392,36C53566,34601
0,0,COM3D2x64_Data\Managed\UnityEngine.PropertiesModule.dll,155560,6C8B4651,34601
0,0,COM3D2x64_Data\Managed\UnityEngine.RuntimeInitializeOnLoadManagerInitializerModule.dll,20392,77C2F93D,34601
0,0,COM3D2x64_Data\Managed\UnityEngine.ScreenCaptureModule.dll,21424,6B3D6A64,34601
0,0,COM3D2x64_Data\Managed\UnityEngine.SharedInternalsModule.dll,33192,92E11996,34601
0,0,COM3D2x64_Data\Managed\UnityEngine.SpatialTracking.dll,11776,5B2F5FF6,34601
0,0,COM3D2x64_Data\Managed\UnityEngine.SpriteMaskModule.dll,22440,E8321785,34601
0,0,COM3D2x64_Data\Managed\UnityEngine.SpriteShapeModule.dll,26536,4EC177F0,34601
0,0,COM3D2x64_Data\Managed\UnityEngine.StreamingModule.dll,20912,E85CB39D,34601
0,0,COM3D2x64_Data\Managed\UnityEngine.SubstanceModule.dll,25008,A1D29237,34601
0,0,COM3D2x64_Data\Managed\UnityEngine.SubsystemsModule.dll,35240,77311A6B,34601
0,0,COM3D2x64_Data\Managed\UnityEngine.TerrainModule.dll,101296,6155099F,34601
0,0,COM3D2x64_Data\Managed\UnityEngine.TerrainPhysicsModule.dll,21416,111C8BCA,34601
0,0,COM3D2x64_Data\Managed\UnityEngine.TextCoreFontEngineModule.dll,72616,EC737FB0,34601
0,0,COM3D2x64_Data\Managed\UnityEngine.TextCoreTextEngineModule.dll,249256,C257FC4B,34601
0,0,COM3D2x64_Data\Managed\UnityEngine.TextRenderingModule.dll,39344,5EA0AB61,34601
0,0,COM3D2x64_Data\Managed\UnityEngine.TilemapModule.dll,47024,5A48F0B2,34601
0,0,COM3D2x64_Data\Managed\UnityEngine.TLSModule.dll,27056,35F87DAA,34601
0,0,COM3D2x64_Data\Managed\UnityEngine.UI.dll,265728,C6DDA29B,34601
0,0,COM3D2x64_Data\Managed\UnityEngine.UIElementsModule.dll,1536424,449C7CA3,34601
0,0,COM3D2x64_Data\Managed\UnityEngine.UIModule.dll,36784,4387CF59,34601
0,0,COM3D2x64_Data\Managed\UnityEngine.UmbraModule.dll,20392,42081088,34601
0,0,COM3D2x64_Data\Managed\UnityEngine.UnityAnalyticsCommonModule.dll,21416,C68AEF7B,34601
0,0,COM3D2x64_Data\Managed\UnityEngine.UnityAnalyticsModule.dll,44976,C4F1ABCB,34601
0,0,COM3D2x64_Data\Managed\UnityEngine.UnityConnectModule.dll,22448,E7A10745,34601
0,0,COM3D2x64_Data\Managed\UnityEngine.UnityCurlModule.dll,21936,A6F3885D,34601
0,0,COM3D2x64_Data\Managed\UnityEngine.UnityTestProtocolModule.dll,20392,930FB553,34601
0,0,COM3D2x64_Data\Managed\UnityEngine.UnityWebRequestAssetBundleModule.dll,23472,8B1F1704,34601
0,0,COM3D2x64_Data\Managed\UnityEngine.UnityWebRequestAudioModule.dll,22952,423F90E9,34601
0,0,COM3D2x64_Data\Managed\UnityEngine.UnityWebRequestModule.dll,58792,3FD74CA0,34601
0,0,COM3D2x64_Data\Managed\UnityEngine.UnityWebRequestTextureModule.dll,21936,B74AEFF0,34601
0,0,COM3D2x64_Data\Managed\UnityEngine.UnityWebRequestWWWModule.dll,31656,50CE5BD6,34601
0,0,COM3D2x64_Data\Managed\UnityEngine.VehiclesModule.dll,24496,B14D2EA8,34601
0,0,COM3D2x64_Data\Managed\UnityEngine.VFXModule.dll,58800,2D09FE04,34601
0,0,COM3D2x64_Data\Managed\UnityEngine.VideoModule.dll,41384,E827C805,34601
0,0,COM3D2x64_Data\Managed\UnityEngine.VirtualTexturingModule.dll,36264,35C1934F,34601
0,0,COM3D2x64_Data\Managed\UnityEngine.VRModule.dll,27056,349C7D41,34601
0,0,COM3D2x64_Data\Managed\UnityEngine.WindModule.dll,21416,3FE7AAE0,34601
0,0,COM3D2x64_Data\Managed\UnityEngine.XR.LegacyInputHelpers.dll,23552,EAF4F918,34601
0,0,COM3D2x64_Data\Managed\UnityEngine.XRModule.dll,71080,C0FA6272,34601
0,0,COM3D2x64_Data\Managed\Win32.dll,13312,7781C2A2,34601
0,0,COM3D2x64_Data\Managed\zxing.unity.dll,430592,9FD1F198,34601
0,0,COM3D2x64_Data\Plugins\x86_64\assimp.dll,4388864,7C910D84,34601
0,0,COM3D2x64_Data\Plugins\x86_64\Audio360.dll,1956352,0D4B8E9D,34601
0,0,COM3D2x64_Data\Plugins\x86_64\AVProVideo.dll,886272,278352F0,34601
0,0,COM3D2x64_Data\Plugins\x86_64\clothpp.dll,112128,7C3264A4,34601
0,0,COM3D2x64_Data\Plugins\x86_64\cm3d2.dll,2265088,CA67D1AD,34601
0,0,COM3D2x64_Data\Plugins\x86_64\device_hook.dll,738816,F61E7CED,34601
0,0,COM3D2x64_Data\Plugins\x86_64\FbxExporterCore.dll,12491776,CBAA51C1,34601
0,0,COM3D2x64_Data\Plugins\x86_64\FoveClient.dll,1849384,58C8B4F6,34601
0,0,COM3D2x64_Data\Plugins\x86_64\LeapC.dll,2516992,FBDD3767,34601
0,0,COM3D2x64_Data\Plugins\x86_64\lib_burst_generated.dll,948736,E8B7273A,34601
0,0,COM3D2x64_Data\Plugins\x86_64\openvr_api.dll,318272,44432E0F,34601
0,0,COM3D2x64_Data\Plugins\x86_64\openxr_loader.dll,2036224,E575B607,34601
0,0,COM3D2x64_Data\Plugins\x86_64\OVRGamepad.dll,12800,2C526135,34601
0,0,COM3D2x64_Data\Plugins\x86_64\OVRLipSync.dll,2512296,391C1F4C,34601
0,0,COM3D2x64_Data\Plugins\x86_64\UnityOpenXR.dll,831488,5149404B,34601
0,0,COM3D2x64_Data\Plugins\x86_64\Win32-WebView.dll,504832,382AEE66,34601
0,0,COM3D2x64_Data\Resources\unity default resources,1564240,3770D3F6,34601
0,0,COM3D2x64_Data\Resources\unity_builtin_extra,428296,672A45D0,34601
0,0,COM3D2x64_Data\UnitySubsystems\UnityOpenXR\UnitySubsystemsManifest.json,334,EA0D329E,34601
0,0,COM3D2x64_Data\app.info,27,F9A266E7,34601
0,0,COM3D2x64_Data\boot.config,128,37982343,34601
0,0,COM3D2x64_Data\globalgamemanagers,5433124,A8350864,34601
0,0,COM3D2x64_Data\globalgamemanagers.assets,562536,36C63494,34601
0,0,COM3D2x64_Data\globalgamemanagers.assets.resS,2796240,F6707524,34601
0,0,COM3D2x64_Data\level0,362852,54FA7877,34601
0,0,COM3D2x64_Data\level1,385788,0A288F38,34601
0,0,COM3D2x64_Data\level2,381452,7C2380DD,34601
0,0,COM3D2x64_Data\level3,1274812,BA701D10,34601
0,0,COM3D2x64_Data\level4,1312524,E2D4B811,34601
0,0,COM3D2x64_Data\level5,1359900,6F30A199,34601
0,0,COM3D2x64_Data\level6,364884,6AB28113,34601
0,0,COM3D2x64_Data\level7,1099036,D8AE7043,34601
0,0,COM3D2x64_Data\level8,396468,3EF20A11,34601
0,0,COM3D2x64_Data\level9,465508,51FF65F5,34601
0,0,COM3D2x64_Data\level10,390252,FE396B17,34601
0,0,COM3D2x64_Data\level11,363380,221CAC7B,34601
0,0,COM3D2x64_Data\level12,476180,7758474C,34601
0,0,COM3D2x64_Data\level13,367588,B964712C,34601
0,0,COM3D2x64_Data\level14,916636,A692A858,34601
0,0,COM3D2x64_Data\level15,4996,CBF7712F,34601
0,0,COM3D2x64_Data\level16,365372,3444F421,34601
0,0,COM3D2x64_Data\level17,1192,9505C9A0,34601
0,0,COM3D2x64_Data\level18,382172,77643318,34601
0,0,COM3D2x64_Data\level19,371932,1C978D87,34601
0,0,COM3D2x64_Data\level20,1050460,2DEC9D7B,34601
0,0,COM3D2x64_Data\level21,469828,9F277187,34601
0,0,COM3D2x64_Data\level22,1180380,F7201177,34601
0,0,COM3D2x64_Data\level23,448700,F9E28478,34601
0,0,COM3D2x64_Data\level24,714556,401EE239,34601
0,0,COM3D2x64_Data\level25,386244,0482B3A7,34601
0,0,COM3D2x64_Data\level26,2246572,99443F77,34601
0,0,COM3D2x64_Data\level27,1210764,637DE8C3,34601
0,0,COM3D2x64_Data\level28,386244,AF8F5D4A,34601
0,0,COM3D2x64_Data\level29,1183556,C4655E5F,34601
0,0,COM3D2x64_Data\level30,378644,E3C7A716,34601
0,0,COM3D2x64_Data\level31,488244,E828BC72,34601
0,0,COM3D2x64_Data\level32,29832,566BE67B,34601
0,0,COM3D2x64_Data\level32.resS,131232,DEC6292A,34601
0,0,COM3D2x64_Data\level33,58924,A49053B9,34601
0,0,COM3D2x64_Data\level34,64856,3F91AEA5,34601
0,0,COM3D2x64_Data\level35,4032,199F82F9,34601
0,0,COM3D2x64_Data\level36,363772,3F910A02,34601
0,0,COM3D2x64_Data\level37,1686780,F100F20A,34601
0,0,COM3D2x64_Data\level38,1541100,A199E3F3,34601
0,0,COM3D2x64_Data\level39,1562964,C2CCD467,34601
0,0,COM3D2x64_Data\level40,461700,6C276DC1,34601
0,0,COM3D2x64_Data\level41,420684,8E7213CE,34601
0,0,COM3D2x64_Data\level42,462436,2C7D849C,34601
0,0,COM3D2x64_Data\level43,1454332,B4E11F85,34601
0,0,COM3D2x64_Data\level44,1524524,691CBC98,34601
0,0,COM3D2x64_Data\level45,1652140,E80C7712,34601
0,0,COM3D2x64_Data\level46,457476,FFA1A0B6,34601
0,0,COM3D2x64_Data\level47,411820,FD10C0D8,34601
0,0,COM3D2x64_Data\level48,463508,C7E872DF,34601
0,0,COM3D2x64_Data\level49,430860,C0BC9BF1,34601
0,0,COM3D2x64_Data\level50,1481180,F63879E0,34601
0,0,COM3D2x64_Data\level51,414788,77ACBA8E,34601
0,0,COM3D2x64_Data\level52,712852,ADA57E24,34601
0,0,COM3D2x64_Data\level53,655316,6203AC56,34601
0,0,COM3D2x64_Data\level54,387636,37305E0E,34601
0,0,COM3D2x64_Data\level55,1380484,99AF2B03,34601
0,0,COM3D2x64_Data\level56,1123372,D695F57F,34601
0,0,COM3D2x64_Data\level57,1130732,98FA2309,34601
0,0,COM3D2x64_Data\level58,1380484,E5FE963D,34601
0,0,COM3D2x64_Data\level59,1260804,40646859,34601
0,0,COM3D2x64_Data\level60,1042068,51C4A906,34601
0,0,COM3D2x64_Data\level61,1337668,BE7C8C46,34601
0,0,COM3D2x64_Data\level62,1441564,97D62F27,34601
0,0,COM3D2x64_Data\level63,730412,01076F8B,34601
0,0,COM3D2x64_Data\level64,1015124,C8833C60,34601
0,0,COM3D2x64_Data\level65,440908,81593E27,34601
0,0,COM3D2x64_Data\level66,437180,6153C3D4,34601
0,0,COM3D2x64_Data\level67,481924,7A2B583B,34601
0,0,COM3D2x64_Data\level68,504692,357EC4C8,34601
0,0,COM3D2x64_Data\level69,431172,F3DC3455,34601
0,0,COM3D2x64_Data\level70,492740,706E9C46,34601
0,0,COM3D2x64_Data\level71,1142196,286F5F3C,34601
0,0,COM3D2x64_Data\level72,1061060,A84D8FA3,34601
0,0,COM3D2x64_Data\level73,485108,DF2EE247,34601
0,0,COM3D2x64_Data\level74,507828,C1831BCA,34601
0,0,COM3D2x64_Data\level75,498164,CD62B4BE,34601
0,0,COM3D2x64_Data\level76,1142180,150A6959,34601
0,0,COM3D2x64_Data\level77,1104356,CCEBAA0D,34601
0,0,COM3D2x64_Data\level78,490996,D89CB473,34601
0,0,COM3D2x64_Data\level79,475164,6253B68F,34601
0,0,COM3D2x64_Data\level80,456316,A2972108,34601
0,0,COM3D2x64_Data\level81,392628,C1BAB5AF,34601
0,0,COM3D2x64_Data\level82,1491372,0F6C829B,34601
0,0,COM3D2x64_Data\level83,1430460,FEB0BB53,34601
0,0,COM3D2x64_Data\level84,547732,89120751,34601
0,0,COM3D2x64_Data\level85,439332,CD1F6127,34601
0,0,COM3D2x64_Data\level86,1370564,79AF2F9E,34601
0,0,COM3D2x64_Data\level87,1069332,5A4FEE29,34601
0,0,COM3D2x64_Data\level88,1548196,2E0ED972,34601
0,0,COM3D2x64_Data\level89,1488636,6A9DC3D5,34601
0,0,COM3D2x64_Data\level90,1686796,8D3E989E,34601
0,0,COM3D2x64_Data\level91,1652156,3080B2DD,34601
0,0,COM3D2x64_Data\level92,1488980,8797BFB7,34601
0,0,COM3D2x64_Data\level93,1454340,F3AB271F,34601
0,0,COM3D2x64_Data\level94,452716,8373FEE4,34601
0,0,COM3D2x64_Data\level95,442892,7FEB0E2D,34601
0,0,COM3D2x64_Data\level96,1124820,F5F14FC3,34601
0,0,COM3D2x64_Data\level97,918748,9D1E8D11,34601
0,0,COM3D2x64_Data\level98,1024804,F431E1A2,34601
0,0,COM3D2x64_Data\level99,915804,32B274E9,34601
0,0,COM3D2x64_Data\level100,1124364,3856532E,34601
0,0,COM3D2x64_Data\level101,1823764,22475ECF,34601
0,0,COM3D2x64_Data\level102,1774236,44AF0B2B,34601
0,0,COM3D2x64_Data\level103,1212060,4AE36938,34601
0,0,COM3D2x64_Data\level104,1155588,1FC8362F,34601
0,0,COM3D2x64_Data\level105,1634724,D8FE891C,34601
0,0,COM3D2x64_Data\level106,1739508,5009A209,34601
0,0,COM3D2x64_Data\level107,1153324,254D4B0E,34601
0,0,COM3D2x64_Data\level108,1062660,DC911B72,34601
0,0,COM3D2x64_Data\level109,1810724,89D4E866,34601
0,0,COM3D2x64_Data\level110,1698628,FF9FBC12,34601
0,0,COM3D2x64_Data\level111,515108,A12DAC88,34601
0,0,COM3D2x64_Data\level112,535412,B6E192D0,34601
0,0,COM3D2x64_Data\level113,626140,E7AEC028,34601
0,0,COM3D2x64_Data\level114,563084,372689DA,34601
0,0,COM3D2x64_Data\level114.resS,131232,F174E031,34601
0,0,COM3D2x64_Data\level115,510012,15D9E191,34601
0,0,COM3D2x64_Data\level116,624252,EDCDCCB8,34601
0,0,COM3D2x64_Data\level117,533932,9BBA9333,34601
0,0,COM3D2x64_Data\level118,1867932,63352EDD,34601
0,0,COM3D2x64_Data\level119,1592420,FB12D636,34601
0,0,COM3D2x64_Data\level120,1403220,257FD5F4,34601
0,0,COM3D2x64_Data\level121,1246764,7C666981,34601
0,0,COM3D2x64_Data\level122,1340476,C0B2506C,34601
0,0,COM3D2x64_Data\level123,1537052,8152C012,34601
0,0,COM3D2x64_Data\level124,1436292,7DC91C5A,34601
0,0,COM3D2x64_Data\level125,1006676,2D14BD69,34601
0,0,COM3D2x64_Data\level126,606556,C191E41C,34601
0,0,COM3D2x64_Data\level127,1077844,B63F1B46,34601
0,0,COM3D2x64_Data\level128,994980,5F36DC69,34601
0,0,COM3D2x64_Data\level129,361620,D49D2C0C,34601
0,0,COM3D2x64_Data\level130,766404,5C611A67,34601
0,0,COM3D2x64_Data\level131,1008372,8F999166,34601
0,0,COM3D2x64_Data\level132,969692,FF1EAE4B,34601
0,0,COM3D2x64_Data\level133,950220,F8714457,34601
0,0,COM3D2x64_Data\level134,439428,629B1164,34601
0,0,COM3D2x64_Data\level135,924164,FE8E1A5A,34601
0,0,COM3D2x64_Data\level136,579836,9B9436DE,34601
0,0,COM3D2x64_Data\level137,584148,A6AF31F8,34601
0,0,COM3D2x64_Data\level138,610180,F7BF9E1D,34601
0,0,COM3D2x64_Data\level139,608532,EDCBC25B,34601
0,0,COM3D2x64_Data\level140,610316,DB8353A5,34601
0,0,COM3D2x64_Data\level141,612756,2DF18BCF,34601
0,0,COM3D2x64_Data\level142,544620,0F232E24,34601
0,0,COM3D2x64_Data\level143,548948,40DF3586,34601
0,0,COM3D2x64_Data\level144,573812,553EEC3C,34601
0,0,COM3D2x64_Data\level145,605220,40DED4CF,34601
0,0,COM3D2x64_Data\level146,574956,4929CB08,34601
0,0,COM3D2x64_Data\level147,578028,2FE6AC57,34601
0,0,COM3D2x64_Data\level148,566828,3D9C9B7B,34601
0,0,COM3D2x64_Data\level149,606340,5859F7CE,34601
0,0,COM3D2x64_Data\level150,470084,11ED7619,34601
0,0,COM3D2x64_Data\level151,370324,17CF4D94,34601
0,0,COM3D2x64_Data\level152,458844,DF1F9FBD,34601
0,0,COM3D2x64_Data\level152.resS,131232,F174E031,34601
0,0,COM3D2x64_Data\level153,1100188,22E3E8A6,34601
0,0,COM3D2x64_Data\level154,1507740,519CF794,34601
0,0,COM3D2x64_Data\level155,419940,779C93AA,34601
0,0,COM3D2x64_Data\level156,456436,A69714FF,34601
0,0,COM3D2x64_Data\level157,466588,EBE26614,34601
0,0,COM3D2x64_Data\resources.assets,529272524,F6B1ABE6,34601
0,0,COM3D2x64_Data\resources.assets.resS,2073195648,7878A953,34601
0,0,COM3D2x64_Data\resources.resource,1348992,C71BF802,34601
0,0,COM3D2x64_Data\RuntimeInitializeOnLoads.json,5239,1D4A330D,34601
0,0,COM3D2x64_Data\ScriptingAssemblies.json,4522,04142BE2,34601
0,0,COM3D2x64_Data\sharedassets0.assets,31770932,ECE00D15,34601
0,0,COM3D2x64_Data\sharedassets0.assets.resS,28071648,6B7564F2,34601
0,0,COM3D2x64_Data\sharedassets1.assets,2301,1A4BF0EB,34601
0,0,COM3D2x64_Data\sharedassets2.assets,2337,7D40E59E,34601
0,0,COM3D2x64_Data\sharedassets3.assets,4305,92C86C43,34601
0,0,COM3D2x64_Data\sharedassets4.assets,9009,1962A25B,34601
0,0,COM3D2x64_Data\sharedassets5.assets,3333,CEB4323B,34601
0,0,COM3D2x64_Data\sharedassets6.assets,2205,EDD8CE4A,34601
0,0,COM3D2x64_Data\sharedassets7.assets,3057,EC7AA90A,34601
0,0,COM3D2x64_Data\sharedassets8.assets,2193,58AAE095,34601
0,0,COM3D2x64_Data\sharedassets9.assets,3201,D2049CF3,34601
0,0,COM3D2x64_Data\sharedassets10.assets,2137,2F19620C,34601
0,0,COM3D2x64_Data\sharedassets11.assets,2133,F2DF7079,34601
0,0,COM3D2x64_Data\sharedassets12.assets,2541,79C27570,34601
0,0,COM3D2x64_Data\sharedassets13.assets,2325,21C214B0,34601
0,0,COM3D2x64_Data\sharedassets14.assets,2961,4247452C,34601
0,0,COM3D2x64_Data\sharedassets15.assets,553,ADD7B244,34601
0,0,COM3D2x64_Data\sharedassets16.assets,2193,F22DD434,34601
0,0,COM3D2x64_Data\sharedassets17.assets,277,E4568C1B,34601
0,0,COM3D2x64_Data\sharedassets18.assets,2877,0C80D636,34601
0,0,COM3D2x64_Data\sharedassets19.assets,2277,8652BF03,34601
0,0,COM3D2x64_Data\sharedassets20.assets,8841,8D124FBE,34601
0,0,COM3D2x64_Data\sharedassets21.assets,2373,A21D3521,34601
0,0,COM3D2x64_Data\sharedassets22.assets,8877,C135DB3E,34601
0,0,COM3D2x64_Data\sharedassets23.assets,2361,A30AEB4B,34601
0,0,COM3D2x64_Data\sharedassets24.assets,2421,50EC9F73,34601
0,0,COM3D2x64_Data\sharedassets25.assets,2413,2A106B62,34601
0,0,COM3D2x64_Data\sharedassets26.assets,3153,2800BC94,34601
0,0,COM3D2x64_Data\sharedassets27.assets,8853,448A5D83,34601
0,0,COM3D2x64_Data\sharedassets28.assets,2405,3BFF1390,34601
0,0,COM3D2x64_Data\sharedassets29.assets,8853,448A5D83,34601
0,0,COM3D2x64_Data\sharedassets30.assets,2125,690B2950,34601
0,0,COM3D2x64_Data\sharedassets31.assets,2648,054B4837,34601
0,0,COM3D2x64_Data\sharedassets32.assets,10456,8FA027B9,34601
0,0,COM3D2x64_Data\sharedassets33.assets,597,1575FEF1,34601
0,0,COM3D2x64_Data\sharedassets34.assets,501,B9382AAB,34601
0,0,COM3D2x64_Data\sharedassets35.assets,505,C572F269,34601
0,0,COM3D2x64_Data\sharedassets36.assets,2137,EE49859F,34601
0,0,COM3D2x64_Data\sharedassets37.assets,8841,CBA08D8E,34601
0,0,COM3D2x64_Data\sharedassets38.assets,8841,36CE11F8,34601
0,0,COM3D2x64_Data\sharedassets39.assets,8841,D67B7A3C,34601
0,0,COM3D2x64_Data\sharedassets40.assets,3201,4793A98E,34601
0,0,COM3D2x64_Data\sharedassets41.assets,2961,685B85D0,34601
0,0,COM3D2x64_Data\sharedassets42.assets,3381,AA66970F,34601
0,0,COM3D2x64_Data\sharedassets43.assets,5565,00F5847F,34601
0,0,COM3D2x64_Data\sharedassets44.assets,5673,A60FAD4F,34601
0,0,COM3D2x64_Data\sharedassets45.assets,5661,6EB12EBA,34601
0,0,COM3D2x64_Data\sharedassets46.assets,4653,8D43BE95,34601
0,0,COM3D2x64_Data\sharedassets47.assets,2601,59668540,34601
0,0,COM3D2x64_Data\sharedassets48.assets,4389,2ED98AA9,34601
0,0,COM3D2x64_Data\sharedassets49.assets,800316,9331566A,34601
0,0,COM3D2x64_Data\sharedassets49.assets.resS,6507040,06B77963,34601
0,0,COM3D2x64_Data\sharedassets50.assets,8841,08BDEC34,34601
0,0,COM3D2x64_Data\sharedassets51.assets,2601,53356774,34601
0,0,COM3D2x64_Data\sharedassets52.assets,2865,3882B3D5,34601
0,0,COM3D2x64_Data\sharedassets53.assets,2769,CAA22D89,34601
0,0,COM3D2x64_Data\sharedassets54.assets,2149,D120D12E,34601
0,0,COM3D2x64_Data\sharedassets55.assets,8925,B023AF81,34601
0,0,COM3D2x64_Data\sharedassets56.assets,5433,994A94CB,34601
0,0,COM3D2x64_Data\sharedassets57.assets,5469,7DA972F2,34601
0,0,COM3D2x64_Data\sharedassets58.assets,8925,B023AF81,34601
0,0,COM3D2x64_Data\sharedassets59.assets,5625,08C737DD,34601
0,0,COM3D2x64_Data\sharedassets60.assets,5493,B488EFA1,34601
0,0,COM3D2x64_Data\sharedassets61.assets,5637,9F361798,34601
0,0,COM3D2x64_Data\sharedassets62.assets,5673,A60FAD4F,34601
0,0,COM3D2x64_Data\sharedassets63.assets,2697,B16A0F57,34601
0,0,COM3D2x64_Data\sharedassets64.assets,5661,6EB12EBA,34601
0,0,COM3D2x64_Data\sharedassets65.assets,6450,20D5C07B,34601
0,0,COM3D2x64_Data\sharedassets65.assets.resS,87408,84350FBB,34601
0,0,COM3D2x64_Data\sharedassets65.resource,41406086,938147B5,34601
0,0,COM3D2x64_Data\sharedassets66.assets,3362,357BD9F1,34601
0,0,COM3D2x64_Data\sharedassets66.resource,36841226,318CE5DA,34601
0,0,COM3D2x64_Data\sharedassets67.assets,3322,D164E0FE,34601
0,0,COM3D2x64_Data\sharedassets67.resource,32680665,5F8810A9,34601
0,0,COM3D2x64_Data\sharedassets68.assets,17266,A8E920AF,34601
0,0,COM3D2x64_Data\sharedassets68.assets.resS,174784,C6783C52,34601
0,0,COM3D2x64_Data\sharedassets68.resource,35964702,CC2B1BFE,34601
0,0,COM3D2x64_Data\sharedassets69.assets,3346,0554F6BE,34601
0,0,COM3D2x64_Data\sharedassets69.resource,40585017,61D6AACB,34601
0,0,COM3D2x64_Data\sharedassets70.assets,3562,1E0DA7A4,34601
0,0,COM3D2x64_Data\sharedassets70.resource,38610538,C2CDB3C3,34601
0,0,COM3D2x64_Data\sharedassets71.assets,3014356,456F3FE5,34601
0,0,COM3D2x64_Data\sharedassets71.assets.resS,611744,E0F83BD4,34601
0,0,COM3D2x64_Data\sharedassets72.assets,5769,7F92766E,34601
0,0,COM3D2x64_Data\sharedassets73.assets,2697,3F1728E0,34601
0,0,COM3D2x64_Data\sharedassets74.assets,2697,3F1728E0,34601
0,0,COM3D2x64_Data\sharedassets75.assets,2697,3F1728E0,34601
0,0,COM3D2x64_Data\sharedassets76.assets,8853,2EE41B34,34601
0,0,COM3D2x64_Data\sharedassets77.assets,5673,BE47F40B,34601
0,0,COM3D2x64_Data\sharedassets78.assets,2613,EFEE0702,34601
0,0,COM3D2x64_Data\sharedassets79.assets,55760,F6C14658,34601
0,0,COM3D2x64_Data\sharedassets79.assets.resS,174784,F8E8E9F8,34601
0,0,COM3D2x64_Data\sharedassets80.assets,2625,B1176618,34601
0,0,COM3D2x64_Data\sharedassets81.assets,2769,141B809C,34601
0,0,COM3D2x64_Data\sharedassets82.assets,756768,AFE3A7FE,34601
0,0,COM3D2x64_Data\sharedassets82.assets.resS,1310896,5596E62C,34601
0,0,COM3D2x64_Data\sharedassets82.resource,1657856,B35361D0,34601
0,0,COM3D2x64_Data\sharedassets83.assets,5541,E421E3F0,34601
0,0,COM3D2x64_Data\sharedassets84.assets,3415164,1E5F462A,34601
0,0,COM3D2x64_Data\sharedassets84.assets.resS,6226160,5BDA7B19,34601
0,0,COM3D2x64_Data\sharedassets85.assets,2649,A7004FE7,34601
0,0,COM3D2x64_Data\sharedassets86.assets,10101,FBB5D151,34601
0,0,COM3D2x64_Data\sharedassets87.assets,5661,6EB12EBA,34601
0,0,COM3D2x64_Data\sharedassets88.assets,8877,0FF6A0A6,34601
0,0,COM3D2x64_Data\sharedassets89.assets,5661,4DE51EBF,34601
0,0,COM3D2x64_Data\sharedassets90.assets,8841,CBA08D8E,34601
0,0,COM3D2x64_Data\sharedassets91.assets,5661,6EB12EBA,34601
0,0,COM3D2x64_Data\sharedassets92.assets,8877,0FF6A0A6,34601
0,0,COM3D2x64_Data\sharedassets93.assets,6609,CEB2F495,34601
0,0,COM3D2x64_Data\sharedassets94.assets,2973,05D3820D,34601
0,0,COM3D2x64_Data\sharedassets95.assets,2481,7C08749C,34601
0,0,COM3D2x64_Data\sharedassets96.assets,7876,181D5D43,34601
0,0,COM3D2x64_Data\sharedassets96.resource,2729248,FCB8D689,34601
0,0,COM3D2x64_Data\sharedassets97.assets,7689,70F3C03C,34601
0,0,COM3D2x64_Data\sharedassets98.assets,4389,D553EB0D,34601
0,0,COM3D2x64_Data\sharedassets99.assets,3753,EE0CCD26,34601
0,0,COM3D2x64_Data\sharedassets100.assets,352924,6C2712D5,34601
0,0,COM3D2x64_Data\sharedassets100.assets.resS,2272064,E37F670D,34601
0,0,COM3D2x64_Data\sharedassets100.resource,6236928,E2AEF877,34601
0,0,COM3D2x64_Data\sharedassets101.assets,6568072,489A209C,34601
0,0,COM3D2x64_Data\sharedassets101.assets.resS,10944,57B9B85D,34601
0,0,COM3D2x64_Data\sharedassets101.resource,2053248,CCA7A7B1,34601
0,0,COM3D2x64_Data\sharedassets102.assets,6525,BA425EB0,34601
0,0,COM3D2x64_Data\sharedassets103.assets,8985,743D60A7,34601
0,0,COM3D2x64_Data\sharedassets104.assets,5781,5B443AB8,34601
0,0,COM3D2x64_Data\sharedassets105.assets,5956,F0D8F03A,34601
0,0,COM3D2x64_Data\sharedassets105.resource,1239072,9EF23F8B,34601
0,0,COM3D2x64_Data\sharedassets106.assets,9189,2BC10D58,34601
0,0,COM3D2x64_Data\sharedassets107.assets,9045,EC60129B,34601
0,0,COM3D2x64_Data\sharedassets108.assets,5721,421675DA,34601
0,0,COM3D2x64_Data\sharedassets109.assets,9540,A0B369DF,34601
0,0,COM3D2x64_Data\sharedassets109.resource,1500320,468304E6,34601
0,0,COM3D2x64_Data\sharedassets110.assets,6081,D2C624ED,34601
0,0,COM3D2x64_Data\sharedassets111.assets,2853,4860ED1D,34601
0,0,COM3D2x64_Data\sharedassets112.assets,2853,4860ED1D,34601
0,0,COM3D2x64_Data\sharedassets113.assets,2769,95CDE45A,34601
0,0,COM3D2x64_Data\sharedassets114.assets,2433,E6451393,34601
0,0,COM3D2x64_Data\sharedassets115.assets,2769,95CDE45A,34601
0,0,COM3D2x64_Data\sharedassets116.assets,2865,9712B7F4,34601
0,0,COM3D2x64_Data\sharedassets117.assets,2769,95CDE45A,34601
0,0,COM3D2x64_Data\sharedassets118.assets,9021,89FEDC5C,34601
0,0,COM3D2x64_Data\sharedassets119.assets,5709,35198C76,34601
0,0,COM3D2x64_Data\sharedassets120.assets,393656,24BE324F,34601
0,0,COM3D2x64_Data\sharedassets120.assets.resS,2184656,EE6A6E48,34601
0,0,COM3D2x64_Data\sharedassets121.assets,5940,32A492D4,34601
0,0,COM3D2x64_Data\sharedassets121.resource,2752064,01AB8E9E,34601
0,0,COM3D2x64_Data\sharedassets122.assets,9117,F4EB829F,34601
0,0,COM3D2x64_Data\sharedassets123.assets,9105,E41E2718,34601
0,0,COM3D2x64_Data\sharedassets124.assets,5781,79860B38,34601
0,0,COM3D2x64_Data\sharedassets125.assets,3316,BED64BFF,34601
0,0,COM3D2x64_Data\sharedassets125.resource,6331360,376DAB75,34601
0,0,COM3D2x64_Data\sharedassets126.assets,3189,252C78CC,34601
0,0,COM3D2x64_Data\sharedassets127.assets,83284,D83BEAAB,34601
0,0,COM3D2x64_Data\sharedassets127.resource,8838560,027F254D,34601
0,0,COM3D2x64_Data\sharedassets128.assets,4341,CDE4A78D,34601
0,0,COM3D2x64_Data\sharedassets129.assets,2077,285F6C7F,34601
0,0,COM3D2x64_Data\sharedassets130.assets,3933,1F92995C,34601
0,0,COM3D2x64_Data\sharedassets131.assets,7425,4309D0D7,34601
0,0,COM3D2x64_Data\sharedassets132.assets,4233,C22A2E26,34601
0,0,COM3D2x64_Data\sharedassets133.assets,613456,A82C098E,34601
0,0,COM3D2x64_Data\sharedassets133.assets.resS,6138656,2613FE39,34601
0,0,COM3D2x64_Data\sharedassets134.assets,2649,3F39EF7E,34601
0,0,COM3D2x64_Data\sharedassets135.assets,3213,A38AA57E,34601
0,0,COM3D2x64_Data\sharedassets136.assets,3117,C6587E06,34601
0,0,COM3D2x64_Data\sharedassets137.assets,3117,C6587E06,34601
0,0,COM3D2x64_Data\sharedassets138.assets,3117,C6587E06,34601
0,0,COM3D2x64_Data\sharedassets139.assets,3117,C6587E06,34601
0,0,COM3D2x64_Data\sharedassets140.assets,3117,C6587E06,34601
0,0,COM3D2x64_Data\sharedassets141.assets,3117,C6587E06,34601
0,0,COM3D2x64_Data\sharedassets142.assets,2769,95CDE45A,34601
0,0,COM3D2x64_Data\sharedassets143.assets,2769,95CDE45A,34601
0,0,COM3D2x64_Data\sharedassets144.assets,2769,95CDE45A,34601
0,0,COM3D2x64_Data\sharedassets145.assets,2769,95CDE45A,34601
0,0,COM3D2x64_Data\sharedassets146.assets,2769,95CDE45A,34601
0,0,COM3D2x64_Data\sharedassets147.assets,2769,95CDE45A,34601
0,0,COM3D2x64_Data\sharedassets148.assets,2769,95CDE45A,34601
0,0,COM3D2x64_Data\sharedassets149.assets,3117,C6587E06,34601
0,0,COM3D2x64_Data\sharedassets150.assets,2493,0779330A,34601
0,0,COM3D2x64_Data\sharedassets151.assets,2205,EAF6DF28,34601
0,0,COM3D2x64_Data\sharedassets152.assets,3477,479DA41D,34601
0,0,COM3D2x64_Data\sharedassets153.assets,210016,F01037CF,34601
0,0,COM3D2x64_Data\sharedassets153.assets.resS,174784,F8825DB8,34601
0,0,COM3D2x64_Data\sharedassets154.assets,6588,24AE48AD,34601
0,0,COM3D2x64_Data\sharedassets155.assets,2493,9DADF7EC,34601
0,0,COM3D2x64_Data\sharedassets156.assets,2493,099F94E2,34601
0,0,COM3D2x64_Data\sharedassets157.assets,2613,B3110545,34601
0,0,MonoBleedingEdge\EmbedRuntime\mono-2.0-bdwgc.dll,7897520,FE7710D9,34601
0,0,MonoBleedingEdge\EmbedRuntime\MonoPosixHelper.dll,611240,4AE2D700,34601
0,0,MonoBleedingEdge\etc\mono\2.0\Browsers\Compat.browser,1605,2E178A0B,34601
0,0,MonoBleedingEdge\etc\mono\2.0\DefaultWsdlHelpGenerator.aspx,60575,95F9D0B4,34601
0,0,MonoBleedingEdge\etc\mono\2.0\machine.config,29066,42543B8B,34601
0,0,MonoBleedingEdge\etc\mono\2.0\settings.map,2622,AD5340F9,34601
0,0,MonoBleedingEdge\etc\mono\2.0\web.config,11635,1A75EBAD,34601
0,0,MonoBleedingEdge\etc\mono\4.0\Browsers\Compat.browser,1605,2E178A0B,34601
0,0,MonoBleedingEdge\etc\mono\4.0\DefaultWsdlHelpGenerator.aspx,60575,95F9D0B4,34601
0,0,MonoBleedingEdge\etc\mono\4.0\machine.config,33598,86F603C4,34601
0,0,MonoBleedingEdge\etc\mono\4.0\settings.map,2622,DC24A240,34601
0,0,MonoBleedingEdge\etc\mono\4.0\web.config,18802,36D8BA3E,34601
0,0,MonoBleedingEdge\etc\mono\4.5\Browsers\Compat.browser,1605,2E178A0B,34601
0,0,MonoBleedingEdge\etc\mono\4.5\DefaultWsdlHelpGenerator.aspx,60575,95F9D0B4,34601
0,0,MonoBleedingEdge\etc\mono\4.5\machine.config,34056,C446A9EB,34601
0,0,MonoBleedingEdge\etc\mono\4.5\settings.map,2622,DC24A240,34601
0,0,MonoBleedingEdge\etc\mono\4.5\web.config,18811,4F48BC13,34601
0,0,MonoBleedingEdge\etc\mono\mconfig\config.xml,25817,80B2033A,34601
0,0,MonoBleedingEdge\etc\mono\browscap.ini,311984,CE6C0AB3,34601
0,0,MonoBleedingEdge\etc\mono\config,3815,88FA6D93,34601
0,0,COM3D2x64.exe,666624,F3BC2450,34601
0,0,UnityCrashHandler64.exe,1185192,C66B68F9,34601
0,0,UnityPlayer.dll,31100840,07C78E1D,34601
share,../com3d2data\GameData\ja_script\script.arc,GameData\script.arc,16935836,CDF88749,24601
share,../com3d2data\GameData\patch\csv.arc,GameData\csv.arc,46563266,426C6228,24601
share,../com3d2data\GameData\patch\parts2.arc,GameData\parts2.arc,231721986,5A899EFB,24601
share,../com3d2data\GameData\patch\paths.dat,GameData\paths.dat,20557,444A7102,24601
