0,0,GameData\csv.arc,2557312,FBE0E065,1402
0,0,GameData\paths.dat,2618,5D24540D,1402
0,0,GameData\prioritymaterial.arc,137740,DD15A2D8,1402
0,0,GameData\script.arc,13558402,C708F907,1402
0,0,GameData\material_dlc102.arc,31126,5A701230,100
0,0,GameData\menu_dlc102.arc,21913,BE1E8396,100
0,0,GameData\model_dlc102.arc,2361503,C9EC1433,100
0,0,GameData\texture_dlc102.arc,33513895,C2152D0E,100
0,0,GameData\material_dlc103.arc,31732,8FF1AB06,100
0,0,GameData\menu_dlc103.arc,22105,0613D0EC,100
0,0,GameData\model_dlc103.arc,1525278,C871F735,100
0,0,GameData\texture_dlc103.arc,26833768,277A3BDF,100
0,0,GameData\material_dlc104.arc,52597,CCD52FA8,100
0,0,GameData\menu_dlc104.arc,32988,0779DEF6,100
0,0,GameData\model_dlc104.arc,2139022,05ACCF40,100
0,0,GameData\texture_dlc104.arc,41070706,24E0B74D,100
0,0,GameData\material_dlc105.arc,13492,CF9BE3F8,100
0,0,GameData\menu_dlc105.arc,10793,6486344A,100
0,0,GameData\model_dlc105.arc,303064,1953A194,100
0,0,GameData\texture_dlc105.arc,5932102,1CE682B5,100
0,0,GameData\csv_cos007.arc,1854,926B9E69,100
0,0,GameData\script_cos007.arc,33374,3E2F9D75,100
0,0,GameData\voice_cos007.arc,17552599,88E52AEE,100
