0,0,CM3D2.exe,6248448,E5768F9F,101
0,0,CM3D2x86.exe,11629568,B2599E30,102
0,0,CM3D2x86_Data\level0,147896,05661917,102
0,0,CM3D2x86_Data\level1,203448,C21A79CC,102
0,0,CM3D2x86_Data\level10,133640,0A70043A,102
0,0,CM3D2x86_Data\level11,157984,B8399DE8,102
0,0,CM3D2x86_Data\level12,133640,18FB16D2,102
0,0,CM3D2x86_Data\level13,416512,73357A3C,102
0,0,CM3D2x86_Data\level14,4376,4E7ACB2B,101
0,0,CM3D2x86_Data\level15,136704,15BBB60F,102
0,0,CM3D2x86_Data\level16,4376,125DC17E,102
0,0,CM3D2x86_Data\level17,134400,8999361D,102
0,0,CM3D2x86_Data\level18,186848,B18724C9,102
0,0,CM3D2x86_Data\level2,421192,E70F7146,102
0,0,CM3D2x86_Data\level3,614352,F34D4082,102
0,0,CM3D2x86_Data\level4,539464,B9DCA4B5,102
0,0,CM3D2x86_Data\level5,134048,41E192F4,102
0,0,CM3D2x86_Data\level6,270672,D3BFC5A0,102
0,0,CM3D2x86_Data\level7,174472,7954D4A9,102
0,0,CM3D2x86_Data\level8,170664,54194FB9,102
0,0,CM3D2x86_Data\level9,143656,B690ABD0,102
0,0,CM3D2x86_Data\mainData,807568,E3CFA1EB,102
0,0,CM3D2x86_Data\PlayerConnectionConfigFile,20,B8BBA6F1,102
0,0,CM3D2x86_Data\resources.assets,206168088,4767FA38,102
0,0,CM3D2x86_Data\sharedassets0.assets,236451160,E7F43C2B,102
0,0,CM3D2x86_Data\sharedassets1.assets,6998796,5E627597,102
0,0,CM3D2x86_Data\sharedassets10.assets,5256,64CC3E6A,102
0,0,CM3D2x86_Data\sharedassets11.assets,466308,DB877662,102
0,0,CM3D2x86_Data\sharedassets12.assets,5280,F431FAF5,102
0,0,CM3D2x86_Data\sharedassets13.assets,466308,F8C1317F,102
0,0,CM3D2x86_Data\sharedassets14.assets,1758656,34049FE3,102
0,0,CM3D2x86_Data\sharedassets15.assets,4112,E1530258,101
0,0,CM3D2x86_Data\sharedassets16.assets,4200896,70965A61,102
0,0,CM3D2x86_Data\sharedassets17.assets,4112,E99277BA,102
0,0,CM3D2x86_Data\sharedassets18.assets,5320,8F126E0F,102
0,0,CM3D2x86_Data\sharedassets19.assets,3691748,8093BCF4,102
0,0,CM3D2x86_Data\sharedassets2.assets,5612280,FF6A3BA8,102
0,0,CM3D2x86_Data\sharedassets3.assets,13906728,A74C10EE,102
0,0,CM3D2x86_Data\sharedassets4.assets,170642964,7FC7597C,102
0,0,CM3D2x86_Data\sharedassets4.assets.resS,3985350,98874744,101
0,0,CM3D2x86_Data\sharedassets5.assets,6952140,F608BE1A,102
0,0,CM3D2x86_Data\sharedassets6.assets,503336,778232BE,102
0,0,CM3D2x86_Data\sharedassets7.assets,5456,23CBD708,102
0,0,CM3D2x86_Data\sharedassets8.assets,355444,A35D4AA6,102
0,0,CM3D2x86_Data\sharedassets9.assets,11891476,02393576,102
0,0,CM3D2x86_Data\Managed\Accessibility.dll,10752,E4E77DC7,101
0,0,CM3D2x86_Data\Managed\Assembly-CSharp-firstpass.dll,163328,1424EB47,102
0,0,CM3D2x86_Data\Managed\Assembly-CSharp.dll,1757696,6EFA2146,102
0,0,CM3D2x86_Data\Managed\Assembly-UnityScript-firstpass.dll,65024,37734C39,102
0,0,CM3D2x86_Data\Managed\Boo.Lang.dll,126976,1E4A828D,101
0,0,CM3D2x86_Data\Managed\JsonFx.Json.dll,70144,A0F0CFCB,101
0,0,CM3D2x86_Data\Managed\Mono.Data.Tds.dll,96256,91E0BB7F,101
0,0,CM3D2x86_Data\Managed\Mono.Posix.dll,184320,2F4F12C4,101
0,0,CM3D2x86_Data\Managed\Mono.Security.dll,294912,DD165EC5,101
0,0,CM3D2x86_Data\Managed\Mono.WebBrowser.dll,172032,631F0611,101
0,0,CM3D2x86_Data\Managed\mscorlib.dll,2590208,E1020A4B,101
0,0,CM3D2x86_Data\Managed\System.Configuration.dll,124928,6B1D3776,101
0,0,CM3D2x86_Data\Managed\System.Core.dll,300032,95425E2C,101
0,0,CM3D2x86_Data\Managed\System.Data.dll,856064,AC9FDB6F,101
0,0,CM3D2x86_Data\Managed\System.dll,1678848,3731B01A,101
0,0,CM3D2x86_Data\Managed\System.Drawing.Design.dll,29696,E7B53FF9,101
0,0,CM3D2x86_Data\Managed\System.Drawing.dll,448512,C4B2E872,101
0,0,CM3D2x86_Data\Managed\System.EnterpriseServices.dll,46592,2719761F,101
0,0,CM3D2x86_Data\Managed\System.Security.dll,135168,051BE01E,101
0,0,CM3D2x86_Data\Managed\System.Transactions.dll,27648,4038EEFE,101
0,0,CM3D2x86_Data\Managed\System.Windows.Forms.dll,3053568,56394001,101
0,0,CM3D2x86_Data\Managed\System.Xml.dll,1270272,5C597B82,101
0,0,CM3D2x86_Data\Managed\System.Xml.Linq.dll,106496,8E124937,101
0,0,CM3D2x86_Data\Managed\UnityEngine.dll,612864,64D03B85,101
0,0,CM3D2x86_Data\Managed\UnityEngine.UI.dll,176128,761D83BD,101
0,0,CM3D2x86_Data\Managed\UnityScript.Lang.dll,14336,4E18BC10,101
0,0,CM3D2x86_Data\Mono\mono.dll,2103296,43DE6274,101
0,0,CM3D2x86_Data\Mono\etc\mono\browscap.ini,311984,CE6C0AB3,101
0,0,CM3D2x86_Data\Mono\etc\mono\config,1691,A635914A,101
0,0,CM3D2x86_Data\Mono\etc\mono\1.0\DefaultWsdlHelpGenerator.aspx,58196,10E814BF,101
0,0,CM3D2x86_Data\Mono\etc\mono\1.0\machine.config,17259,82F1AD8B,101
0,0,CM3D2x86_Data\Mono\etc\mono\2.0\DefaultWsdlHelpGenerator.aspx,60453,F3869A34,101
0,0,CM3D2x86_Data\Mono\etc\mono\2.0\machine.config,27626,4F6C3F79,101
0,0,CM3D2x86_Data\Mono\etc\mono\2.0\settings.map,2618,A1A3C29F,101
0,0,CM3D2x86_Data\Mono\etc\mono\2.0\web.config,11686,534A9960,101
0,0,CM3D2x86_Data\Mono\etc\mono\2.0\Browsers\Compat.browser,1605,2E178A0B,101
0,0,CM3D2x86_Data\Mono\etc\mono\mconfig\config.xml,25817,80B2033A,101
0,0,CM3D2x86_Data\Plugins\cm3d2_x86.dll,1270784,BD05819F,101
0,0,CM3D2x86_Data\Plugins\device_hook.dll,77312,7EEF9868,101
0,0,CM3D2x86_Data\Resources\unity default resources,1571709,31020360,101
0,0,CM3D2x86_Data\Resources\unity_builtin_extra,372672,FA28C415,101
0,0,GameData\csv.arc,969005,8BAB5197,102
0,0,GameData\material2.arc,18791,FB2D0D87,102
0,0,GameData\menu2.arc,143080,08310375,102
0,0,GameData\model2.arc,530255,28DBE2F5,102
0,0,GameData\motion2.arc,30036369,7E21EE72,101
0,0,GameData\script.arc,9822342,BD17B407,102
0,0,GameData\sound2.arc,149306,86C70EAD,101
0,0,GameData\texture2.arc,622669718,A5FA93C6,101
0,0,GameData\voice2.arc,290990258,55953CD2,101
0,0,manual\data\004.png,699424,54A4DC50,101
0,0,manual\data\007.png,453984,97E623F5,101
0,0,manual\data\008.png,553674,7B23C3DF,101
0,0,manual\data\013.png,673884,992CEEC5,101
0,0,Preset\1_junshin.preset,43021,0D00795A,101
0,0,Preset\2_coodere.preset,43516,E9EBB0F2,101
0,0,Preset\3_tsundere.preset,48900,D0EF8B9E,101
0,0,Preset\4_default.preset,43697,C5E392BE,101
0,0,Preset\5_pretty_junshin.preset,40739,D9262BEF,101
0,0,Preset\6_pretty_coodere.preset,39554,E54D5766,101
0,0,Preset\7_pretty_tsundere.preset,38235,CA8437BB,101
