0,0,COM3D2OHx64_Data\Managed\Accessibility.dll,10752,5CB31E4E,20100
0,0,COM3D2OHx64_Data\Managed\Assembly-CSharp.dll,5601280,3D090DE3,20100
0,0,COM3D2OHx64_Data\Managed\Assembly-CSharp-firstpass.dll,792064,7D8DAADB,20100
0,0,COM3D2OHx64_Data\Managed\Assembly-UnityScript-firstpass.dll,65024,33DCAE7E,20100
0,0,COM3D2OHx64_Data\Managed\Boo.Lang.dll,126976,28383F70,20100
0,0,COM3D2OHx64_Data\Managed\BouncyCastle.Crypto.dll,2236416,5A4C4F07,20100
0,0,COM3D2OHx64_Data\Managed\FoveUnityPlugin.dll,28672,A6EA882B,20100
0,0,COM3D2OHx64_Data\Managed\ICSharpCode.SharpZipLib.dll,200704,D3160A1C,20100
0,0,COM3D2OHx64_Data\Managed\Ionic.Zlib.dll,102400,7C9E7DD2,20100
0,0,COM3D2OHx64_Data\Managed\JsonFx.Json.dll,70144,A0F0CFCB,20100
0,0,COM3D2OHx64_Data\Managed\LeapCSharp.NET3.5.dll,82432,38E38212,20100
0,0,COM3D2OHx64_Data\Managed\Mono.Data.Tds.dll,96256,2965324B,20100
0,0,COM3D2OHx64_Data\Managed\Mono.Posix.dll,184320,0CE35BE3,20100
0,0,COM3D2OHx64_Data\Managed\Mono.Security.dll,294912,66EB9979,20100
0,0,COM3D2OHx64_Data\Managed\Mono.WebBrowser.dll,172032,137B736F,20100
0,0,COM3D2OHx64_Data\Managed\mscorlib.dll,2590208,5166389B,20100
0,0,COM3D2OHx64_Data\Managed\Newtonsoft.Json.dll,494592,5C881B73,20100
0,0,COM3D2OHx64_Data\Managed\System.Configuration.dll,124928,72952344,20100
0,0,COM3D2OHx64_Data\Managed\System.Core.dll,297472,9E3EE5D7,20100
0,0,COM3D2OHx64_Data\Managed\System.Data.dll,856064,DDDB80CD,20100
0,0,COM3D2OHx64_Data\Managed\System.dll,1679360,13922617,20100
0,0,COM3D2OHx64_Data\Managed\System.Drawing.Design.dll,29696,E7B53FF9,20100
0,0,COM3D2OHx64_Data\Managed\System.Drawing.dll,448512,C4B2E872,20100
0,0,COM3D2OHx64_Data\Managed\System.EnterpriseServices.dll,46592,2C72A9FE,20100
0,0,COM3D2OHx64_Data\Managed\System.Security.dll,135168,1CE94C57,20100
0,0,COM3D2OHx64_Data\Managed\System.Transactions.dll,27648,45299FCF,20100
0,0,COM3D2OHx64_Data\Managed\System.Windows.Forms.dll,3053568,56394001,20100
0,0,COM3D2OHx64_Data\Managed\System.Xml.dll,1270272,4581A35B,20100
0,0,COM3D2OHx64_Data\Managed\System.Xml.Linq.dll,106496,E844371C,20100
0,0,COM3D2OHx64_Data\Managed\UnityEngine.dll,1393152,2C35388C,20100
0,0,COM3D2OHx64_Data\Managed\UnityEngine.dll.mdb,449828,8610375E,20100
0,0,COM3D2OHx64_Data\Managed\UnityEngine.Networking.dll,253952,2BDF701F,20100
0,0,COM3D2OHx64_Data\Managed\UnityEngine.UI.dll,245760,FA552B2D,20100
0,0,COM3D2OHx64_Data\Managed\UnityEngine.VR.dll,3072,A4582CD6,20100
0,0,COM3D2OHx64_Data\Managed\UnityScript.Lang.dll,13824,0DA8F681,20100
0,0,COM3D2OHx64_Data\Managed\Win32.dll,13312,7781C2A2,20100
0,0,COM3D2OHx64_Data\Managed\zxing.unity.dll,430592,9FD1F198,20100
0,0,COM3D2OHx64_Data\Mono\etc\mono\1.0\DefaultWsdlHelpGenerator.aspx,58196,10E814BF,20100
0,0,COM3D2OHx64_Data\Mono\etc\mono\1.0\machine.config,17258,EDE1AC59,20100
0,0,COM3D2OHx64_Data\Mono\etc\mono\2.0\Browsers\Compat.browser,1605,2E178A0B,20100
0,0,COM3D2OHx64_Data\Mono\etc\mono\2.0\DefaultWsdlHelpGenerator.aspx,60453,F3869A34,20100
0,0,COM3D2OHx64_Data\Mono\etc\mono\2.0\machine.config,27625,73C91C24,20100
0,0,COM3D2OHx64_Data\Mono\etc\mono\2.0\settings.map,2618,A1A3C29F,20100
0,0,COM3D2OHx64_Data\Mono\etc\mono\2.0\web.config,11686,534A9960,20100
0,0,COM3D2OHx64_Data\Mono\etc\mono\mconfig\config.xml,25817,80B2033A,20100
0,0,COM3D2OHx64_Data\Mono\etc\mono\browscap.ini,311984,CE6C0AB3,20100
0,0,COM3D2OHx64_Data\Mono\etc\mono\config,1691,A635914A,20100
0,0,COM3D2OHx64_Data\Mono\mono.dll,2618816,0BEA8C0F,20100
0,0,COM3D2OHx64_Data\Mono\MonoPosixHelper.dll,113664,9B5E1E4D,20100
0,0,COM3D2OHx64_Data\Plugins\assimp.dll,4388864,7C910D84,20100
0,0,COM3D2OHx64_Data\Plugins\Audio360.dll,1499136,2D77400A,20100
0,0,COM3D2OHx64_Data\Plugins\AVProVideo.dll,891392,A3612D4B,20100
0,0,COM3D2OHx64_Data\Plugins\clothpp.dll,112128,7C3264A4,20100
0,0,COM3D2OHx64_Data\Plugins\cm3d2.dll,2083328,2C43296A,20100
0,0,COM3D2OHx64_Data\Plugins\device_hook.dll,738816,F61E7CED,20100
0,0,COM3D2OHx64_Data\Plugins\FbxExporterCore.dll,12491776,CBAA51C1,20100
0,0,COM3D2OHx64_Data\Plugins\FoveClient.dll,1849384,58C8B4F6,20100
0,0,COM3D2OHx64_Data\Plugins\LeapC.dll,2516992,FBDD3767,20100
0,0,COM3D2OHx64_Data\Plugins\openvr_api.dll,318272,44432E0F,20100
0,0,COM3D2OHx64_Data\Plugins\OVRGamepad.dll,12800,2C526135,20100
0,0,COM3D2OHx64_Data\Plugins\OVRLipSync.dll,2512296,391C1F4C,20100
0,0,COM3D2OHx64_Data\Plugins\OVRPlugin.dll,1898408,5DD05B6C,20100
0,0,COM3D2OHx64_Data\Plugins\Win32-WebView.dll,504832,382AEE66,20100
0,0,COM3D2OHx64_Data\Resources\unity default resources,752360,71DB1AEA,20100
0,0,COM3D2OHx64_Data\Resources\unity_builtin_extra,284012,91145F7F,20100
0,0,COM3D2OHx64_Data\app.info,42,6CD75754,20100
0,0,COM3D2OHx64_Data\globalgamemanagers,4528548,15FF6AB1,20100
0,0,COM3D2OHx64_Data\globalgamemanagers.assets,246508,DB39DF8E,20100
0,0,COM3D2OHx64_Data\level0,329764,6DC9DE79,20100
0,0,COM3D2OHx64_Data\level1,352908,F549AD26,20100
0,0,COM3D2OHx64_Data\level2,744540,488D2953,20100
0,0,COM3D2OHx64_Data\level3,1218284,8C9DE9AA,20100
0,0,COM3D2OHx64_Data\level4,1312540,5EB2B48A,20100
0,0,COM3D2OHx64_Data\level5,331260,09919B8D,20100
0,0,COM3D2OHx64_Data\level6,421420,AEEAAA8E,20100
0,0,COM3D2OHx64_Data\level7,330292,06EF9963,20100
0,0,COM3D2OHx64_Data\level8,397724,921FD562,20100
0,0,COM3D2OHx64_Data\level9,333404,CF9063A8,20100
0,0,COM3D2OHx64_Data\level10,701124,95327C4E,20100
0,0,COM3D2OHx64_Data\level11,7476,4F87062A,20100
0,0,COM3D2OHx64_Data\level12,332220,4BD7CEB8,20100
0,0,COM3D2OHx64_Data\level13,4664,4787CDD2,20100
0,0,COM3D2OHx64_Data\level14,348908,376F7B9C,20100
0,0,COM3D2OHx64_Data\level15,338604,E47080D3,20100
0,0,COM3D2OHx64_Data\level16,960740,18DE1DEA,20100
0,0,COM3D2OHx64_Data\level17,431428,5E6AE527,20100
0,0,COM3D2OHx64_Data\level18,1090396,9122BB46,20100
0,0,COM3D2OHx64_Data\level19,414908,B9F749BC,20100
0,0,COM3D2OHx64_Data\level20,2202380,CE25764B,20100
0,0,COM3D2OHx64_Data\level21,1120404,63242532,20100
0,0,COM3D2OHx64_Data\level22,1093708,27BB2607,20100
0,0,COM3D2OHx64_Data\level23,451980,5CE2392B,20100
0,0,COM3D2OHx64_Data\level24,27904,882A931A,20100
0,0,COM3D2OHx64_Data\level24.resS,131232,851AC384,20100
0,0,COM3D2OHx64_Data\level25,51676,29A0B4A7,20100
0,0,COM3D2OHx64_Data\level26,56036,A7C519D2,20100
0,0,COM3D2OHx64_Data\level27,6832,986C57BF,20100
0,0,COM3D2OHx64_Data\level28,330668,BED3A24C,20100
0,0,COM3D2OHx64_Data\level29,1581708,E5CBDF73,20100
0,0,COM3D2OHx64_Data\level30,1438340,F488D2D4,20100
0,0,COM3D2OHx64_Data\level31,1459940,3CD5C8FB,20100
0,0,COM3D2OHx64_Data\level32,1355340,8C17B740,20100
0,0,COM3D2OHx64_Data\level33,1419812,92A8DF2A,20100
0,0,COM3D2OHx64_Data\level34,1545220,139D8415,20100
0,0,COM3D2OHx64_Data\level35,1282052,25C71F65,20100
0,0,COM3D2OHx64_Data\level36,1032828,D58207CA,20100
0,0,COM3D2OHx64_Data\level37,1040116,D5FB00BD,20100
0,0,COM3D2OHx64_Data\level38,1282052,2499F40B,20100
0,0,COM3D2OHx64_Data\level39,1162812,6B4531F9,20100
0,0,COM3D2OHx64_Data\level40,951380,DB0A3BAE,20100
0,0,COM3D2OHx64_Data\level41,1237788,3A0BD0C6,20100
0,0,COM3D2OHx64_Data\level42,1380092,4218B09D,20100
0,0,COM3D2OHx64_Data\level43,1338788,95A0D520,20100
0,0,COM3D2OHx64_Data\level44,923612,DD5E28F4,20100
0,0,COM3D2OHx64_Data\level45,405596,B23A5755,20100
0,0,COM3D2OHx64_Data\level46,401964,B43FD707,20100
0,0,COM3D2OHx64_Data\level47,445676,724498C0,20100
0,0,COM3D2OHx64_Data\level48,467804,FD75AD0F,20100
0,0,COM3D2OHx64_Data\level49,396204,520326CC,20100
0,0,COM3D2OHx64_Data\level50,456164,98E3A185,20100
0,0,COM3D2OHx64_Data\level51,1045620,2CE5293F,20100
0,0,COM3D2OHx64_Data\level52,970188,95643011,20100
0,0,COM3D2OHx64_Data\level53,448884,256EDEF2,20100
0,0,COM3D2OHx64_Data\level54,471028,F877F70A,20100
0,0,COM3D2OHx64_Data\level55,461612,2B1DB2D4,20100
0,0,COM3D2OHx64_Data\level56,1050028,185E6DB6,20100
0,0,COM3D2OHx64_Data\level57,1010468,23853562,20100
0,0,COM3D2OHx64_Data\level58,454660,8509D060,20100
0,0,COM3D2OHx64_Data\level59,439180,0CE224C8,20100
0,0,COM3D2OHx64_Data\level60,420868,E683852C,20100
0,0,COM3D2OHx64_Data\level61,1389420,8B16A78C,20100
0,0,COM3D2OHx64_Data\level62,1330340,64B77F60,20100
0,0,COM3D2OHx64_Data\level63,507676,6D8BD648,20100
0,0,COM3D2OHx64_Data\level64,409780,C3CFF2D2,20100
0,0,COM3D2OHx64_Data\level65,1258356,E8E6735F,20100
0,0,COM3D2OHx64_Data\level66,976188,BAE5F354,20100
0,0,COM3D2OHx64_Data\level67,1434828,40C7A90F,20100
0,0,COM3D2OHx64_Data\level68,1375964,E2715396,20100
0,0,COM3D2OHx64_Data\level69,1581716,EA6B45F5,20100
0,0,COM3D2OHx64_Data\level70,1545228,CE4EAC7D,20100
0,0,COM3D2OHx64_Data\level71,1377132,CD0A0240,20100
0,0,COM3D2OHx64_Data\level72,1343076,F90401DA,20100
0,0,COM3D2OHx64_Data\level73,430732,EFCB4141,20100
0,0,COM3D2OHx64_Data\level74,411180,3C7BD702,20100
0,0,COM3D2OHx64_Data\level75,1054884,518BDCC3,20100
0,0,COM3D2OHx64_Data\level76,856172,5E49786F,20100
0,0,COM3D2OHx64_Data\level77,962940,F4BC30AA,20100
0,0,COM3D2OHx64_Data\level78,857132,11DC45CE,20100
0,0,COM3D2OHx64_Data\level79,1035684,07074312,20100
0,0,COM3D2OHx64_Data\level80,1699196,7CF0E780,20100
0,0,COM3D2OHx64_Data\level81,1650284,BCE5A25A,20100
0,0,COM3D2OHx64_Data\level82,1118724,C844E86A,20100
0,0,COM3D2OHx64_Data\level83,1062564,83F4E84B,20100
0,0,COM3D2OHx64_Data\level84,1518020,949AE3A2,20100
0,0,COM3D2OHx64_Data\level85,1616948,59260C06,20100
0,0,COM3D2OHx64_Data\level86,1060460,7CD7162A,20100
0,0,COM3D2OHx64_Data\level87,976004,5FF4CEE3,20100
0,0,COM3D2OHx64_Data\level88,1684956,0A24617C,20100
0,0,COM3D2OHx64_Data\level89,1581764,DD6F6018,20100
0,0,COM3D2OHx64_Data\level90,472316,67DACC6D,20100
0,0,COM3D2OHx64_Data\level91,492108,6F124A12,20100
0,0,COM3D2OHx64_Data\level92,580580,FF725EEB,20100
0,0,COM3D2OHx64_Data\level93,540148,E7602B0F,20100
0,0,COM3D2OHx64_Data\level93.resS,131232,9337BCA3,20100
0,0,COM3D2OHx64_Data\level94,467372,04EE0D59,20100
0,0,COM3D2OHx64_Data\level95,566604,7DA7845C,20100
0,0,COM3D2OHx64_Data\level96,490692,22C794A3,20100
0,0,COM3D2OHx64_Data\level97,1739612,7F6BE434,20100
0,0,COM3D2OHx64_Data\level98,1482180,DCB1B0F7,20100
0,0,COM3D2OHx64_Data\level99,1310316,7F65AE2F,20100
0,0,COM3D2OHx64_Data\level100,1141348,8A7F0065,20100
0,0,COM3D2OHx64_Data\level101,1228788,DA0B56AE,20100
0,0,COM3D2OHx64_Data\level102,1420116,120AEB33,20100
0,0,COM3D2OHx64_Data\level103,1325844,48819B1B,20100
0,0,COM3D2OHx64_Data\level104,944052,E3280D76,20100
0,0,COM3D2OHx64_Data\level105,561588,BB01120C,20100
0,0,COM3D2OHx64_Data\level106,1006716,D05AFF3D,20100
0,0,COM3D2OHx64_Data\level107,929380,80BBDF7B,20100
0,0,COM3D2OHx64_Data\resources.assets,437143200,36484563,20100
0,0,COM3D2OHx64_Data\resources.assets.resS,1798653612,CF485CA6,20100
0,0,COM3D2OHx64_Data\resources.resource,727392,54F90BDA,20100
0,0,COM3D2OHx64_Data\sharedassets0.assets,115226588,2E8A7D21,20100
0,0,COM3D2OHx64_Data\sharedassets0.assets.resS,28071636,ECEFB46B,20100
0,0,COM3D2OHx64_Data\sharedassets1.assets,6256,7A99476E,20100
0,0,COM3D2OHx64_Data\sharedassets2.assets,6556,EB942B23,20100
0,0,COM3D2OHx64_Data\sharedassets3.assets,12964,C113A3BE,20100
0,0,COM3D2OHx64_Data\sharedassets4.assets,7228,35363414,20100
0,0,COM3D2OHx64_Data\sharedassets5.assets,6136,16692AA9,20100
0,0,COM3D2OHx64_Data\sharedassets6.assets,7096,31B9E53E,20100
0,0,COM3D2OHx64_Data\sharedassets7.assets,6088,DE19B916,20100
0,0,COM3D2OHx64_Data\sharedassets8.assets,6328,8C591162,20100
0,0,COM3D2OHx64_Data\sharedassets9.assets,6232,48B45EC0,20100
0,0,COM3D2OHx64_Data\sharedassets10.assets,6652,273F34CA,20100
0,0,COM3D2OHx64_Data\sharedassets11.assets,4564,720013A1,20100
0,0,COM3D2OHx64_Data\sharedassets12.assets,6148,3369748F,20100
0,0,COM3D2OHx64_Data\sharedassets13.assets,4132,EDE944BD,20100
0,0,COM3D2OHx64_Data\sharedassets14.assets,6868,4393EDB3,20100
0,0,COM3D2OHx64_Data\sharedassets15.assets,6232,1D978D18,20100
0,0,COM3D2OHx64_Data\sharedassets16.assets,12676,C5C7818F,20100
0,0,COM3D2OHx64_Data\sharedassets17.assets,6292,354B7904,20100
0,0,COM3D2OHx64_Data\sharedassets18.assets,12736,C8B8F2AF,20100
0,0,COM3D2OHx64_Data\sharedassets19.assets,6316,6CF06568,20100
0,0,COM3D2OHx64_Data\sharedassets20.assets,7096,1D8FC265,20100
0,0,COM3D2OHx64_Data\sharedassets21.assets,12712,1F1E9336,20100
0,0,COM3D2OHx64_Data\sharedassets22.assets,12712,1F1E9336,20100
0,0,COM3D2OHx64_Data\sharedassets23.assets,18126856,4698C99D,20100
0,0,COM3D2OHx64_Data\sharedassets24.assets,12328,A3EACA0C,20100
0,0,COM3D2OHx64_Data\sharedassets25.assets,4420,9B72449D,20100
0,0,COM3D2OHx64_Data\sharedassets26.assets,4324,06F53480,20100
0,0,COM3D2OHx64_Data\sharedassets27.assets,4264,07CEFF15,20100
0,0,COM3D2OHx64_Data\sharedassets28.assets,6124,1F5F8C59,20100
0,0,COM3D2OHx64_Data\sharedassets29.assets,12676,957CD35E,20100
0,0,COM3D2OHx64_Data\sharedassets30.assets,12676,C1963A06,20100
0,0,COM3D2OHx64_Data\sharedassets31.assets,12676,A556A4DB,20100
0,0,COM3D2OHx64_Data\sharedassets32.assets,9400,80DEA698,20100
0,0,COM3D2OHx64_Data\sharedassets33.assets,9508,BBE9846A,20100
0,0,COM3D2OHx64_Data\sharedassets34.assets,9496,403DE1DD,20100
0,0,COM3D2OHx64_Data\sharedassets35.assets,12760,15C1BA7F,20100
0,0,COM3D2OHx64_Data\sharedassets36.assets,9292,4B764000,20100
0,0,COM3D2OHx64_Data\sharedassets37.assets,9328,D06C5DC6,20100
0,0,COM3D2OHx64_Data\sharedassets38.assets,12760,15C1BA7F,20100
0,0,COM3D2OHx64_Data\sharedassets39.assets,9532,7D1AB5DD,20100
0,0,COM3D2OHx64_Data\sharedassets40.assets,9328,D06C5DC6,20100
0,0,COM3D2OHx64_Data\sharedassets41.assets,9472,86E692FE,20100
0,0,COM3D2OHx64_Data\sharedassets42.assets,12676,7D34326A,20100
0,0,COM3D2OHx64_Data\sharedassets43.assets,9508,BBE9846A,20100
0,0,COM3D2OHx64_Data\sharedassets44.assets,9496,403DE1DD,20100
0,0,COM3D2OHx64_Data\sharedassets45.assets,42236540,82F7FF45,20100
0,0,COM3D2OHx64_Data\sharedassets45.assets.resS,87400,8BA6C322,20100
0,0,COM3D2OHx64_Data\sharedassets46.assets,38246508,3BEE997B,20100
0,0,COM3D2OHx64_Data\sharedassets47.assets,32874604,FFAD0956,20100
0,0,COM3D2OHx64_Data\sharedassets48.assets,36735684,06A6B53B,20100
0,0,COM3D2OHx64_Data\sharedassets48.assets.resS,174776,5B619AF1,20100
0,0,COM3D2OHx64_Data\sharedassets49.assets,41277360,C84FF7A9,20100
0,0,COM3D2OHx64_Data\sharedassets50.assets,39399112,28140D41,20100
0,0,COM3D2OHx64_Data\sharedassets51.assets,3017228,AD8F31C5,20100
0,0,COM3D2OHx64_Data\sharedassets51.assets.resS,611728,7BFBEAAE,20100
0,0,COM3D2OHx64_Data\sharedassets52.assets,9556,CC84EF6D,20100
0,0,COM3D2OHx64_Data\sharedassets53.assets,6508,D59A5C74,20100
0,0,COM3D2OHx64_Data\sharedassets54.assets,6508,D59A5C74,20100
0,0,COM3D2OHx64_Data\sharedassets55.assets,6508,D59A5C74,20100
0,0,COM3D2OHx64_Data\sharedassets56.assets,12688,EA70A85B,20100
0,0,COM3D2OHx64_Data\sharedassets57.assets,9508,9A70A788,20100
0,0,COM3D2OHx64_Data\sharedassets58.assets,6472,E9D89B80,20100
0,0,COM3D2OHx64_Data\sharedassets59.assets,59364,F76252B9,20100
0,0,COM3D2OHx64_Data\sharedassets59.assets.resS,174776,B51EE5DC,20100
0,0,COM3D2OHx64_Data\sharedassets60.assets,6484,6F845001,20100
0,0,COM3D2OHx64_Data\sharedassets61.assets,759744,10917908,20100
0,0,COM3D2OHx64_Data\sharedassets61.assets.resS,1310880,58801C35,20100
0,0,COM3D2OHx64_Data\sharedassets61.resource,1178176,90268BF4,20100
0,0,COM3D2OHx64_Data\sharedassets62.assets,9376,9434EA2D,20100
0,0,COM3D2OHx64_Data\sharedassets63.assets,3412512,976AE3A0,20100
0,0,COM3D2OHx64_Data\sharedassets63.assets.resS,6226112,B3E98769,20100
0,0,COM3D2OHx64_Data\sharedassets64.assets,6580,3F71FDFE,20100
0,0,COM3D2OHx64_Data\sharedassets65.assets,13936,F65E09CC,20100
0,0,COM3D2OHx64_Data\sharedassets66.assets,9496,403DE1DD,20100
0,0,COM3D2OHx64_Data\sharedassets67.assets,12712,D9A0DA5F,20100
0,0,COM3D2OHx64_Data\sharedassets68.assets,9496,B2DFB4D3,20100
0,0,COM3D2OHx64_Data\sharedassets69.assets,12676,957CD35E,20100
0,0,COM3D2OHx64_Data\sharedassets70.assets,9496,403DE1DD,20100
0,0,COM3D2OHx64_Data\sharedassets71.assets,12712,D9A0DA5F,20100
0,0,COM3D2OHx64_Data\sharedassets72.assets,10444,A85BBF2D,20100
0,0,COM3D2OHx64_Data\sharedassets73.assets,6928,EF177677,20100
0,0,COM3D2OHx64_Data\sharedassets74.assets,6436,8F5D7769,20100
0,0,COM3D2OHx64_Data\sharedassets75.assets,11732,3348DDCC,20100
0,0,COM3D2OHx64_Data\sharedassets75.resource,2729184,2D4064D6,20100
0,0,COM3D2OHx64_Data\sharedassets76.assets,11596,25650752,20100
0,0,COM3D2OHx64_Data\sharedassets77.assets,8296,CECCA61A,20100
0,0,COM3D2OHx64_Data\sharedassets78.assets,7612,AC65FE69,20100
0,0,COM3D2OHx64_Data\sharedassets79.assets,353948,013046FE,20100
0,0,COM3D2OHx64_Data\sharedassets79.assets.resS,2272048,E50143CB,20100
0,0,COM3D2OHx64_Data\sharedassets79.resource,6236800,C7E9CFDE,20100
0,0,COM3D2OHx64_Data\sharedassets80.assets,6568400,91F85741,20100
0,0,COM3D2OHx64_Data\sharedassets80.assets.resS,10936,3B0D7ADF,20100
0,0,COM3D2OHx64_Data\sharedassets80.resource,1136352,956B5452,20100
0,0,COM3D2OHx64_Data\sharedassets81.assets,10312,59365D92,20100
0,0,COM3D2OHx64_Data\sharedassets82.assets,12844,094CCF63,20100
0,0,COM3D2OHx64_Data\sharedassets83.assets,9640,ACB5AECF,20100
0,0,COM3D2OHx64_Data\sharedassets84.assets,9764,961C26A0,20100
0,0,COM3D2OHx64_Data\sharedassets84.resource,1003968,52A085C2,20100
0,0,COM3D2OHx64_Data\sharedassets85.assets,13000,BA4FB315,20100
0,0,COM3D2OHx64_Data\sharedassets86.assets,12904,981020FB,20100
0,0,COM3D2OHx64_Data\sharedassets87.assets,9580,4B79D0A6,20100
0,0,COM3D2OHx64_Data\sharedassets88.assets,13348,607E8B39,20100
0,0,COM3D2OHx64_Data\sharedassets88.resource,1166848,2709F6C2,20100
0,0,COM3D2OHx64_Data\sharedassets89.assets,9892,B05A22B1,20100
0,0,COM3D2OHx64_Data\sharedassets90.assets,6664,202BC72E,20100
0,0,COM3D2OHx64_Data\sharedassets91.assets,6664,202BC72E,20100
0,0,COM3D2OHx64_Data\sharedassets92.assets,6628,B8A22EC6,20100
0,0,COM3D2OHx64_Data\sharedassets93.assets,6340,594BBA1E,20100
0,0,COM3D2OHx64_Data\sharedassets94.assets,6628,B8A22EC6,20100
0,0,COM3D2OHx64_Data\sharedassets95.assets,6724,00E2C2FB,20100
0,0,COM3D2OHx64_Data\sharedassets96.assets,6628,B8A22EC6,20100
0,0,COM3D2OHx64_Data\sharedassets97.assets,12856,3651A446,20100
0,0,COM3D2OHx64_Data\sharedassets98.assets,9544,38966B24,20100
0,0,COM3D2OHx64_Data\sharedassets99.assets,394920,06144EFD,20100
0,0,COM3D2OHx64_Data\sharedassets99.assets.resS,2184640,DF887086,20100
0,0,COM3D2OHx64_Data\sharedassets100.assets,9748,1D9CB4F6,20100
0,0,COM3D2OHx64_Data\sharedassets100.resource,2751968,AE761A89,20100
0,0,COM3D2OHx64_Data\sharedassets101.assets,12928,1396C041,20100
0,0,COM3D2OHx64_Data\sharedassets102.assets,12964,492D4B62,20100
0,0,COM3D2OHx64_Data\sharedassets103.assets,9640,35225323,20100
0,0,COM3D2OHx64_Data\sharedassets104.assets,7172,25B45DDA,20100
0,0,COM3D2OHx64_Data\sharedassets104.resource,6331552,B816A215,20100
0,0,COM3D2OHx64_Data\sharedassets105.assets,7048,491CB8DD,20100
0,0,COM3D2OHx64_Data\sharedassets106.assets,86916,A9E5B449,20100
0,0,COM3D2OHx64_Data\sharedassets106.resource,8838816,EBFF12DA,20100
0,0,COM3D2OHx64_Data\sharedassets107.assets,8200,C2615199,20100
0,0,GameData\csv_cbl.arc,983836,60E92D53,20100
0,0,GameData\motion_cbl_3d21reserve_2.arc,153938,9CB83B59,1120
0,0,GameData\motion_cbl_denkigai2019s_2.arc,753524,B6E084B2,1410
0,0,GameData\motion_cbl_dlc305_2.arc,25222249,152F79EB,1550
0,0,GameData\motion_cbl_karaoke002_2.arc,28789456,8DA918FB,1550
0,0,GameData\motion_cbl_karaoke004_2.arc,35778255,0E9382DD,1550
0,0,GameData\motion_cbl_kissnohi001_2.arc,158468,9CE47192,1200
0,0,GameData\motion_cbl_vp001_2.arc,1659046,62219F7A,1250
0,0,GameData\motion_cbl2.arc,57211516,0394840C,20100
0,0,GameData\script_cbl.arc,4785340,53D047FA,20100
0,0,GameData\script_cbl_omytgc001_2.arc,212278,5759B805,1210
0,0,GameData\script_cbl_omytgc004_2.arc,2354,88C30EE5,1510
0,0,GameData\script_cbl_ordermade001_2.arc,36866,2E4CD733,1210
0,0,GameData\script_cbl_ordermade002_2.arc,36466,DD7811A4,1210
0,0,GameData\script_cbl_ordermade003_2.arc,3026,080F3688,1250
0,0,GameData\script_cbl_ordermade004_2.arc,3250,96221889,1250
0,0,GameData\script_cbl_personal_om002_2.arc,1730,BC1779C2,1250
0,0,GameData\script_cbl_personal_om003plus_2.arc,5282,34A5C955,1360
0,0,GameData\script_cbl_personal_om004_2.arc,1954,3FEFD65F,1280
0,0,GameData\script_cbl_personal_om004plus_2.arc,5490,15D3F64F,1360
0,0,GameData\script_cbl_personal_om005plus_2.arc,5058,9471327B,1360
0,0,GameData\script_cbl_personal_om007_2.arc,2546,36DB0761,1460
0,0,GameData\script_cbl_personal_om008_2.arc,14178,C639755B,1520
0,0,GameData\script_cbl_personal_om008plus_2.arc,32802,FC4CFCFC,1540
0,0,GameData\script_cbl_s2.arc,1170205,611FCB43,1230
0,0,GameData\script_gp002_2.arc,1306263,A8897285,1530
0,0,GameData\voice_cbl_s2.arc,185970975,644369EF,1630
0,0,launch_resource\update\kiss_update_core.dll,671232,63D337A9,20000
0,0,launch_resource\update\update.exe,547840,A36E3FE8,20000
0,0,manual\css\index.css,7168,D11B8AF5,1170
0,0,manual\img\chu-blip2.jpg,78933,95522903,1170
0,0,manual\img\com3d2wcls2_logo.png,107288,47D023F7,1170
0,0,manual\img\config.jpg,167519,C5E4FAF3,1170
0,0,manual\img\menu001.jpg,13885,25B66329,1170
0,0,manual\img\menu002.jpg,24247,87A4205F,1170
0,0,manual\img\yotogi04.jpg,239859,141EC205,1170
0,0,manual\img\yotogi05.jpg,187720,9C93EE69,1170
0,0,manual\index.html,52620,3D3D5ACF,1170
0,0,COM3D2OH.exe,6356480,D88006C0,2020
0,0,COM3D2OHx64.exe,22841856,858642A8,20100
0,0,LICENSE,31205,24BAD003,1500
share,GameData\patch\bg_gp001_2.arc,GameData\bg_gp001_2.arc,4536165,D14D2721,1560
share,GameData\patch\bg_gp001fb_2.arc,GameData\bg_gp001fb_2.arc,74085,9CF8EBCF,1520
share,GameData\patch\bg_gp002p1_2.arc,GameData\bg_gp002p1_2.arc,4520463,D2A69A41,1560
share,GameData\patch\bg_kissevent2018_sp_card_2.arc,GameData\bg_kissevent2018_sp_card_2.arc,493322,140250D1,1100
share,GameData\patch\bg_sp001_2.arc,GameData\bg_sp001_2.arc,16204240,91030B15,1000
share,GameData\patch\bg_sp004_2.arc,GameData\bg_sp004_2.arc,36120782,D70323E9,1530
share,GameData\patch\csv.arc,GameData\csv.arc,10061004,0B0EA32D,20100
share,GameData\patch\csv_3d21reserve2_2.arc,GameData\csv_3d21reserve2_2.arc,51058,6AD913F3,1380
share,GameData\patch\csv_denkigai2018wpcard_2.arc,GameData\csv_denkigai2018wpcard_2.arc,450,CD1D6826,1331
share,GameData\patch\csv_dlc305_2.arc,GameData\csv_dlc305_2.arc,67779,3D73BCB9,1380
share,GameData\patch\csv_gp001_2.arc,GameData\csv_gp001_2.arc,89204,9BB06354,1420
share,GameData\patch\csv_jp.arc,GameData\csv_jp.arc,14963,9C524993,1470
share,GameData\patch\csv_old_2.arc,GameData\csv_old_2.arc,1746,7AD2A97C,1150
share,GameData\patch\csv_ordermade001_2.arc,GameData\csv_ordermade001_2.arc,770,422A7575,1150
share,GameData\patch\csv_personal_om006_2.arc,GameData\csv_personal_om006_2.arc,1426,AB118368,1350
share,GameData\patch\csv_personal_om010_2.arc,GameData\csv_personal_om010_2.arc,1490,AA0632D5,1540
share,GameData\patch\parts_cas013_2.arc,GameData\parts_cas013_2.arc,1554,314DD9D9,1480
share,GameData\patch\parts_cas014_2.arc,GameData\parts_cas014_2.arc,1538,A0E9107C,1550
share,GameData\patch\parts_cas031_2.arc,GameData\parts_cas031_2.arc,1263261,331A64CB,1550
share,GameData\patch\parts_cas044_2.arc,GameData\parts_cas044_2.arc,3586,F823AB8D,1570
share,GameData\patch\parts_cas056_2.arc,GameData\parts_cas056_2.arc,120767,28DC052C,1630
share,GameData\patch\parts_cas062_2.arc,GameData\parts_cas062_2.arc,3538,EDE27A94,1630
share,GameData\patch\parts_com3d2cbp_2.arc,GameData\parts_com3d2cbp_2.arc,197948,415AD83E,1460
share,GameData\patch\parts_cr002_2.arc,GameData\parts_cr002_2.arc,6818,315E67DC,1630
share,GameData\patch\parts_cw001cloth2_2.arc,GameData\parts_cw001cloth2_2.arc,196199,EAF4C9F1,1460
share,GameData\patch\parts_cw001cloth3_2.arc,GameData\parts_cw001cloth3_2.arc,4370,1F2FFFCD,1380
share,GameData\patch\parts_cw002cloth1_2.arc,GameData\parts_cw002cloth1_2.arc,4130,3F8513BA,1580
share,GameData\patch\parts_cw004cloth2_2.arc,GameData\parts_cw004cloth2_2.arc,320099,D4550380,1560
share,GameData\patch\parts_cw005cloth3_2.arc,GameData\parts_cw005cloth3_2.arc,1798437,07194B0C,1530
share,GameData\patch\parts_cw005cloth4_2.arc,GameData\parts_cw005cloth4_2.arc,93385493,76CDAC9F,1501
share,GameData\patch\parts_cw007cloth1_2.arc,GameData\parts_cw007cloth1_2.arc,719603,CD9097CC,1560
share,GameData\patch\parts_denkigai2017wTshirt_2.arc,GameData\parts_denkigai2017wTshirt_2.arc,297032,11CE6EF6,1620
share,GameData\patch\parts_denkigai2019s_2.arc,GameData\parts_denkigai2019s_2.arc,6781461,7B9C3BEC,1580
share,GameData\patch\parts_denkigai2020w_2.arc,GameData\parts_denkigai2020w_2.arc,3986,4F526500,1550
share,GameData\patch\parts_dlc068_2.arc,GameData\parts_dlc068_2.arc,2066,E2A47102,1540
share,GameData\patch\parts_dlc140_2.arc,GameData\parts_dlc140_2.arc,186952,20156B6E,1630
share,GameData\patch\parts_dlc141_2.arc,GameData\parts_dlc141_2.arc,1522,BC86E86A,1630
share,GameData\patch\parts_dlc209_2.arc,GameData\parts_dlc209_2.arc,1363413,BF1ABBC0,1171
share,GameData\patch\parts_dlc216_2.arc,GameData\parts_dlc216_2.arc,932171,E7454670,1200
share,GameData\patch\parts_dlc232_2.arc,GameData\parts_dlc232_2.arc,5522,E0A9E5A3,1630
share,GameData\patch\parts_dlc240_2.arc,GameData\parts_dlc240_2.arc,2306,890A5A33,1530
share,GameData\patch\parts_dlc241_2.arc,GameData\parts_dlc241_2.arc,1618,5C4797C1,1380
share,GameData\patch\parts_dlc256_2.arc,GameData\parts_dlc256_2.arc,459473,67DE15EB,1480
share,GameData\patch\parts_dlc256ns_2.arc,GameData\parts_dlc256ns_2.arc,464943,902A8184,1480
share,GameData\patch\parts_dlc267_2.arc,GameData\parts_dlc267_2.arc,2827817,95D40D44,1480
share,GameData\patch\parts_dlc267ns_2.arc,GameData\parts_dlc267ns_2.arc,2827831,320F93A5,1480
share,GameData\patch\parts_dlc268_2.arc,GameData\parts_dlc268_2.arc,465617,1FC74BD4,1320
share,GameData\patch\parts_dlc268ns_2.arc,GameData\parts_dlc268ns_2.arc,465634,269DB210,1320
share,GameData\patch\parts_dlc279_2.arc,GameData\parts_dlc279_2.arc,6171073,DF439D14,1331
share,GameData\patch\parts_dlc283_2.arc,GameData\parts_dlc283_2.arc,214283,48402BBC,1550
share,GameData\patch\parts_dlc286_2.arc,GameData\parts_dlc286_2.arc,76043,8B261DCE,1630
share,GameData\patch\parts_dlc301_2.arc,GameData\parts_dlc301_2.arc,2032332,7D478CC1,1510
share,GameData\patch\parts_dlc302_2.arc,GameData\parts_dlc302_2.arc,1988437,E207724F,1510
share,GameData\patch\parts_dlc303_2.arc,GameData\parts_dlc303_2.arc,2715150,2D1CFC1F,1510
share,GameData\patch\parts_dlc304_2.arc,GameData\parts_dlc304_2.arc,1704802,5CDB51EF,1510
share,GameData\patch\parts_dlc320_2.arc,GameData\parts_dlc320_2.arc,94639,DC5A14A4,1470
share,GameData\patch\parts_dlc330_2.arc,GameData\parts_dlc330_2.arc,1416901,40AFFED8,1631
share,GameData\patch\parts_dlc331_2.arc,GameData\parts_dlc331_2.arc,3970,B15D6CCC,1490
share,GameData\patch\parts_dlc340_2.arc,GameData\parts_dlc340_2.arc,10642,53349B16,1540
share,GameData\patch\parts_dlc353_2.arc,GameData\parts_dlc353_2.arc,967380,18CA7CF1,1540
share,GameData\patch\parts_dlc355_2.arc,GameData\parts_dlc355_2.arc,348168,5CF6F6A0,1540
share,GameData\patch\parts_dlc356_2.arc,GameData\parts_dlc356_2.arc,57433481,02936498,1540
share,GameData\patch\parts_dlc357_2.arc,GameData\parts_dlc357_2.arc,47375026,F7C5D388,1540
share,GameData\patch\parts_dlc358_2.arc,GameData\parts_dlc358_2.arc,39458721,5960F3DB,1550
share,GameData\patch\parts_dlc359_2.arc,GameData\parts_dlc359_2.arc,109291930,A2D75D7D,1540
share,GameData\patch\parts_dlc360_2.arc,GameData\parts_dlc360_2.arc,25794,0E5F85A5,1630
share,GameData\patch\parts_dlc362_2.arc,GameData\parts_dlc362_2.arc,628510,A1368035,1550
share,GameData\patch\parts_dlc363_2.arc,GameData\parts_dlc363_2.arc,1602,014DA2DF,1530
share,GameData\patch\parts_dlc367_2.arc,GameData\parts_dlc367_2.arc,61138,2D8C88EB,1550
share,GameData\patch\parts_dlc376_2.arc,GameData\parts_dlc376_2.arc,239783,34214152,1630
share,GameData\patch\parts_dlc377_2.arc,GameData\parts_dlc377_2.arc,1586,29B1B94A,1630
share,GameData\patch\parts_dlc386_2.arc,GameData\parts_dlc386_2.arc,1893976,AA05F835,1630
share,GameData\patch\parts_dlc387_2.arc,GameData\parts_dlc387_2.arc,3762,C2E05343,1630
share,GameData\patch\parts_dlc389_2.arc,GameData\parts_dlc389_2.arc,1843830,9980CBC1,1630
share,GameData\patch\parts_dlc394_2.arc,GameData\parts_dlc394_2.arc,2137908,F5FD4484,1630
share,GameData\patch\parts_dlc395_2.arc,GameData\parts_dlc395_2.arc,516949,B3180629,1630
share,GameData\patch\parts_dlc396_2.arc,GameData\parts_dlc396_2.arc,1619906,DCBE4436,1630
share,GameData\patch\parts_dlc397_2.arc,GameData\parts_dlc397_2.arc,3712250,6DAA79F0,1630
share,GameData\patch\parts_dlcdenkigai2019s_2.arc,GameData\parts_dlcdenkigai2019s_2.arc,214482,9FBF86BB,1580
share,GameData\patch\parts_dlcdenkigai2019w_2.arc,GameData\parts_dlcdenkigai2019w_2.arc,15362,070EFED5,1580
share,GameData\patch\parts_gp001_2.arc,GameData\parts_gp001_2.arc,62139719,F73DA4FA,1630
share,GameData\patch\parts_gp001fb_2.arc,GameData\parts_gp001fb_2.arc,1465604,E3980FBD,1580
share,GameData\patch\parts_gp003_2.arc,GameData\parts_gp003_2.arc,50627352,46CBDF2B,1590
share,GameData\patch\parts_karaoke001_2.arc,GameData\parts_karaoke001_2.arc,453245,11C970D3,1280
share,GameData\patch\parts_kissevent2018_2.arc,GameData\parts_kissevent2018_2.arc,195634,BA449716,1610
share,GameData\patch\parts_magazine003_2.arc,GameData\parts_magazine003_2.arc,201385,3A5B273D,1120
share,GameData\patch\parts_nijiyomec_2.arc,GameData\parts_nijiyomec_2.arc,18114,53C76F14,1560
share,GameData\patch\parts_oldplus002hair1_2.arc,GameData\parts_oldplus002hair1_2.arc,187027,D369C691,1530
share,GameData\patch\parts_oldplus005hair2_2.arc,GameData\parts_oldplus005hair2_2.arc,47826,3A8C3553,1550
share,GameData\patch\parts_oldplus006hair2_2.arc,GameData\parts_oldplus006hair2_2.arc,402927,CAB5CFFA,1540
share,GameData\patch\parts_omvr.arc,GameData\parts_omvr.arc,3206509,4F0D0480,1120
share,GameData\patch\parts_personal_om003_2.arc,GameData\parts_personal_om003_2.arc,80308,C95BDA51,1600
share,GameData\patch\parts_personal_om004_2.arc,GameData\parts_personal_om004_2.arc,18738,B11C1D9D,1580
share,GameData\patch\parts_personal_om006_2.arc,GameData\parts_personal_om006_2.arc,307194,3FCB0A15,1331
share,GameData\patch\parts_personal_om008_2.arc,GameData\parts_personal_om008_2.arc,258907,A05740A2,1630
share,GameData\patch\parts_personal_om010_2.arc,GameData\parts_personal_om010_2.arc,20132696,E36F644B,1540
share,GameData\patch\parts_shop013_2.arc,GameData\parts_shop013_2.arc,4786,3F8C0C9D,1580
share,GameData\patch\parts_shop016_2.arc,GameData\parts_shop016_2.arc,171410,3D70CEC4,1060
share,GameData\patch\parts_shop019_2.arc,GameData\parts_shop019_2.arc,196310,38FDFDA0,1560
share,GameData\patch\parts_sp001_2.arc,GameData\parts_sp001_2.arc,168563,1ECED52E,1560
share,GameData\patch\parts_sp002cloth1_2.arc,GameData\parts_sp002cloth1_2.arc,10930,46512519,1250
share,GameData\patch\parts_sp002cloth2_2.arc,GameData\parts_sp002cloth2_2.arc,1825089,3BCD25A8,1352
share,GameData\patch\parts_sp003cloth3_2.arc,GameData\parts_sp003cloth3_2.arc,2970776,D1820E11,1530
share,GameData\patch\parts_sp005cloth2_2.arc,GameData\parts_sp005cloth2_2.arc,307133,F9B6103A,1560
share,GameData\patch\parts_vac001_2.arc,GameData\parts_vac001_2.arc,1271224,0597E526,1540
share,GameData\patch\parts_vp001_2.arc,GameData\parts_vp001_2.arc,10370,D681F307,1580
share,GameData\patch\parts2.arc,GameData\parts2.arc,176858005,0BA3E48C,1631
share,GameData\patch\paths.dat,GameData\paths.dat,12325,3FE5555D,20100
share,GameData\patch\prioritymaterial.arc,GameData\prioritymaterial.arc,468213,BA9A2DE1,20100
share,GameData\patch\script_share_karaoke_2.arc,GameData\script_share_karaoke_2.arc,8354,23EC7857,1500
share,GameData\patch\sound2.arc,GameData\sound2.arc,52566621,3C8BBF0A,1630
share,GameData\patch\system_gp001_2.arc,GameData\system_gp001_2.arc,7478491,A3D9E534,1420
share,GameData\patch\system_gp002_2.arc,GameData\system_gp002_2.arc,3352431,A85DA78B,1350
share,GameData\patch\system_gp003_2.arc,GameData\system_gp003_2.arc,13346,A2E59BD5,1630
share,GameData\patch\system2.arc,GameData\system2.arc,15017525,38F72BA2,1610
share,GameData\patch\voice_gp001_2.arc,GameData\voice_gp001_2.arc,128499501,74943317,1270
share,GameData\patch\voice_ordermade002_2.arc,GameData\voice_ordermade002_2.arc,4034461,8F5E74E5,1550
share,GameData\patch\voice_ordermade002_solo_2.arc,GameData\voice_ordermade002_solo_2.arc,4034470,80F11421,1550
share,GameData\patch\voice_personal_om005_2.arc,GameData\voice_personal_om005_2.arc,77014392,941AFD15,1420
share,GameData\patch\voice_personal_om008_2.arc,GameData\voice_personal_om008_2.arc,738018,CFD7E516,1540
share,GameData\patch\voice_personal_om010_2.arc,GameData\voice_personal_om010_2.arc,120212,0DC709ED,1540
share,GameData_20\bg_pp001_2.arc,GameData_20\bg_pp001_2.arc,1237157,C9D912F7,1220
share,GameData_20\bg_vp001_2.arc,GameData_20\bg_vp001_2.arc,283046,A7A90EE1,1190
share,GameData_20\material_cw005cloth4_2.arc,GameData_20\material_cw005cloth4_2.arc,31586,74059A93,1661
share,GameData_20\material_denkigai2015s003_2.arc,GameData_20\material_denkigai2015s003_2.arc,7106,0C82D791,1150
share,GameData_20\material_denkigai2015w_2.arc,GameData_20\material_denkigai2015w_2.arc,3490,F06AAABE,1090
share,GameData_20\material_denkigai2015wTowelR.arc,GameData_20\material_denkigai2015wTowelR.arc,1602,618192B9,1360
share,GameData_20\material_denkigai2017w_2.arc,GameData_20\material_denkigai2017w_2.arc,4290,0748142E,1674
share,GameData_20\material_denkigai2017wtshirt_2.arc,GameData_20\material_denkigai2017wtshirt_2.arc,2418,F6E9FB90,1674
share,GameData_20\material_denkigai2019stshirt_2.arc,GameData_20\material_denkigai2019stshirt_2.arc,1586,BA3332E0,1680
share,GameData_20\material_dlc055_2.arc,GameData_20\material_dlc055_2.arc,5282,11A93109,1280
share,GameData_20\material_dlc107_2.arc,GameData_20\material_dlc107_2.arc,5218,F9837138,1590
share,GameData_20\material_dlc195_2.arc,GameData_20\material_dlc195_2.arc,1746,ECFBFE17,1090
share,GameData_20\material_dlc256_2.arc,GameData_20\material_dlc256_2.arc,3378,CFF1F232,1673
share,GameData_20\material_dlc267_2.arc,GameData_20\material_dlc267_2.arc,5186,11ED6A88,1673
share,GameData_20\material_dlc278_2.arc,GameData_20\material_dlc278_2.arc,3794,94EE71BB,1651
share,GameData_20\material_dlc353_2.arc,GameData_20\material_dlc353_2.arc,1762,C3E9BB20,1673
share,GameData_20\material_dlc356_2.arc,GameData_20\material_dlc356_2.arc,38338,802E0C1D,1674
share,GameData_20\material_dlc357_2.arc,GameData_20\material_dlc357_2.arc,55938,3D8DE6D9,1674
share,GameData_20\material_dlc358_2.arc,GameData_20\material_dlc358_2.arc,18754,C73B56B1,1673
share,GameData_20\material_dlc359_2.arc,GameData_20\material_dlc359_2.arc,35026,E141B1FB,1674
share,GameData_20\material_dlc363_2.arc,GameData_20\material_dlc363_2.arc,3794,14C1B1A5,1673
share,GameData_20\material_dlcdenkigai2015w_2.arc,GameData_20\material_dlcdenkigai2015w_2.arc,3522,D35394D7,1090
share,GameData_20\material_dlcdenkigai2017w_2.arc,GameData_20\material_dlcdenkigai2017w_2.arc,4322,13A2A5F9,1674
share,GameData_20\material_dlsite_2.arc,GameData_20\material_dlsite_2.arc,1762,C5A837EA,1150
share,GameData_20\material_kissevent2017march_2.arc,GameData_20\material_kissevent2017march_2.arc,4674,8D9C5966,1680
share,GameData_20\material_shop001_2.arc,GameData_20\material_shop001_2.arc,1762,D98CED1C,1150
share,GameData_20\material_shop002_2.arc,GameData_20\material_shop002_2.arc,1762,956BB00E,1150
share,GameData_20\material_shop003_2.arc,GameData_20\material_shop003_2.arc,1762,38CEBFF2,1150
share,GameData_20\material_shop005_2.arc,GameData_20\material_shop005_2.arc,1714,3E621A32,1150
share,GameData_20\material_shop007_2.arc,GameData_20\material_shop007_2.arc,2578,C8CE627C,1150
share,GameData_20\material_sp005cloth2_2.arc,GameData_20\material_sp005cloth2_2.arc,1810,3AE810F9,1641
share,GameData_20\material_vac001_2.arc,GameData_20\material_vac001_2.arc,5266,46CD10D7,1673
share,GameData_20\material_vp001_2.arc,GameData_20\material_vp001_2.arc,11890,8CB043B0,1400
share,GameData_20\material_yomeido003_2.arc,GameData_20\material_yomeido003_2.arc,1522,0689A7AC,1240
share,GameData_20\menu_cas005_2.arc,GameData_20\menu_cas005_2.arc,3314,B1151824,1674
share,GameData_20\menu_cas017_2.arc,GameData_20\menu_cas017_2.arc,3890,E49C2415,1674
share,GameData_20\menu_cas031_2.arc,GameData_20\menu_cas031_2.arc,3906,7CC4BAC7,1673
share,GameData_20\menu_cas044_2.arc,GameData_20\menu_cas044_2.arc,3218,C0415674,1673
share,GameData_20\menu_cas062_2.arc,GameData_20\menu_cas062_2.arc,3138,17F6B4B8,1680
share,GameData_20\menu_com3d2cbp_2.arc,GameData_20\menu_com3d2cbp_2.arc,3506,334A88E0,1673
share,GameData_20\menu_cw001cloth3_2.arc,GameData_20\menu_cw001cloth3_2.arc,3986,E090A9CA,1672
share,GameData_20\menu_cw002cloth1_2.arc,GameData_20\menu_cw002cloth1_2.arc,3762,B0366A81,1674
share,GameData_20\menu_cw004cloth2_2.arc,GameData_20\menu_cw004cloth2_2.arc,3330,F61401F7,1673
share,GameData_20\menu_cw005cloth4_2.arc,GameData_20\menu_cw005cloth4_2.arc,23554,B15A0E72,1661
share,GameData_20\menu_cw007cloth1_2.arc,GameData_20\menu_cw007cloth1_2.arc,6386,0ECE11C0,1673
share,GameData_20\menu_denkigai2015s001_2.arc,GameData_20\menu_denkigai2015s001_2.arc,6594,8B3E849F,1160
share,GameData_20\menu_denkigai2015s003_2.arc,GameData_20\menu_denkigai2015s003_2.arc,4338,D294CE88,1150
share,GameData_20\menu_denkigai2015wTowelR.arc,GameData_20\menu_denkigai2015wTowelR.arc,1282,CECEE1FC,1360
share,GameData_20\menu_denkigai2016s_2.arc,GameData_20\menu_denkigai2016s_2.arc,5298,ABC5BCBA,1680
share,GameData_20\menu_denkigai2016w_2.arc,GameData_20\menu_denkigai2016w_2.arc,15154,C8D64D3B,1450
share,GameData_20\menu_denkigai2017s_2.arc,GameData_20\menu_denkigai2017s_2.arc,4690,FD8D5340,1630
share,GameData_20\menu_denkigai2017w_2.arc,GameData_20\menu_denkigai2017w_2.arc,1250,D6D909E4,1670
share,GameData_20\menu_denkigai2017wTshirt_2.arc,GameData_20\menu_denkigai2017wTshirt_2.arc,1330,C86D3E8E,1674
share,GameData_20\menu_denkigai2019s_2.arc,GameData_20\menu_denkigai2019s_2.arc,9794,8105F4C2,1674
share,GameData_20\menu_denkigai2019sTshirt_2.arc,GameData_20\menu_denkigai2019sTshirt_2.arc,1314,1585420D,1680
share,GameData_20\menu_denkigai2019w_2.arc,GameData_20\menu_denkigai2019w_2.arc,5938,C4A9AA0F,1674
share,GameData_20\menu_denkigai2020w_2.arc,GameData_20\menu_denkigai2020w_2.arc,9186,51DF1F95,1673
share,GameData_20\menu_dlc026_2.arc,GameData_20\menu_dlc026_2.arc,3778,69453D54,1190
share,GameData_20\menu_dlc028_2.arc,GameData_20\menu_dlc028_2.arc,3874,DE3F1C31,1200
share,GameData_20\menu_dlc033_2.arc,GameData_20\menu_dlc033_2.arc,3762,640F79E9,1674
share,GameData_20\menu_dlc034_2.arc,GameData_20\menu_dlc034_2.arc,3714,84E7DC58,1674
share,GameData_20\menu_dlc041_2.arc,GameData_20\menu_dlc041_2.arc,6786,97F738D3,1380
share,GameData_20\menu_dlc042_2.arc,GameData_20\menu_dlc042_2.arc,1154,EE4016C0,1440
share,GameData_20\menu_dlc049_2.arc,GameData_20\menu_dlc049_2.arc,5666,6A7F0162,1673
share,GameData_20\menu_dlc061_2.arc,GameData_20\menu_dlc061_2.arc,3810,F99C1D4E,1290
share,GameData_20\menu_dlc065_2.arc,GameData_20\menu_dlc065_2.arc,7602,D9387834,1380
share,GameData_20\menu_dlc074_2.arc,GameData_20\menu_dlc074_2.arc,5618,24C559D7,1312
share,GameData_20\menu_dlc078_2.arc,GameData_20\menu_dlc078_2.arc,2338,46D1542F,1673
share,GameData_20\menu_dlc100_2.arc,GameData_20\menu_dlc100_2.arc,1250,DFF94E9A,1400
share,GameData_20\menu_dlc101_2.arc,GameData_20\menu_dlc101_2.arc,1218,44DB4049,1481
share,GameData_20\menu_dlc107_2.arc,GameData_20\menu_dlc107_2.arc,1746,A6C9E7C4,1590
share,GameData_20\menu_dlc111_2.arc,GameData_20\menu_dlc111_2.arc,1330,480BC0DC,1674
share,GameData_20\menu_dlc121_2.arc,GameData_20\menu_dlc121_2.arc,3314,71F5DE66,1674
share,GameData_20\menu_dlc123_2.arc,GameData_20\menu_dlc123_2.arc,7714,595B8C3C,1674
share,GameData_20\menu_dlc126_2.arc,GameData_20\menu_dlc126_2.arc,2050,7471540B,1673
share,GameData_20\menu_dlc140_2.arc,GameData_20\menu_dlc140_2.arc,1218,DF957030,1680
share,GameData_20\menu_dlc141_2.arc,GameData_20\menu_dlc141_2.arc,1218,206CE641,1680
share,GameData_20\menu_dlc170_2.arc,GameData_20\menu_dlc170_2.arc,1266,8DD047BD,1674
share,GameData_20\menu_dlc189_2.arc,GameData_20\menu_dlc189_2.arc,2258,5A9F3DE9,1590
share,GameData_20\menu_dlc195_2.arc,GameData_20\menu_dlc195_2.arc,1170,BF163DDC,1090
share,GameData_20\menu_dlc204_2.arc,GameData_20\menu_dlc204_2.arc,3842,4DD62ADC,1674
share,GameData_20\menu_dlc207_2.arc,GameData_20\menu_dlc207_2.arc,3922,552F051C,1630
share,GameData_20\menu_dlc232_2.arc,GameData_20\menu_dlc232_2.arc,1202,D254CEDC,1680
share,GameData_20\menu_dlc283_2.arc,GameData_20\menu_dlc283_2.arc,1202,25C4EE86,1673
share,GameData_20\menu_dlc324_2.arc,GameData_20\menu_dlc324_2.arc,1374,689A4C67,1673
share,GameData_20\menu_dlc331_2.arc,GameData_20\menu_dlc331_2.arc,3330,78103186,1673
share,GameData_20\menu_dlc340_2.arc,GameData_20\menu_dlc340_2.arc,10226,2E6EC41E,1673
share,GameData_20\menu_dlc353_2.arc,GameData_20\menu_dlc353_2.arc,1346,250C9D39,1673
share,GameData_20\menu_dlc357_2.arc,GameData_20\menu_dlc357_2.arc,29714,34062D3F,1673
share,GameData_20\menu_dlc358_2.arc,GameData_20\menu_dlc358_2.arc,21186,9A988520,1673
share,GameData_20\menu_dlc359_2.arc,GameData_20\menu_dlc359_2.arc,17554,EA7AC5BA,1673
share,GameData_20\menu_dlc363_2.arc,GameData_20\menu_dlc363_2.arc,1234,FF56BE27,1673
share,GameData_20\menu_dlc376_2.arc,GameData_20\menu_dlc376_2.arc,1218,2A07F130,1680
share,GameData_20\menu_dlc377_2.arc,GameData_20\menu_dlc377_2.arc,1218,09E45563,1680
share,GameData_20\menu_dlc387_2.arc,GameData_20\menu_dlc387_2.arc,3378,5BD32D7E,1680
share,GameData_20\menu_dlc389_2.arc,GameData_20\menu_dlc389_2.arc,3138,EBFFCABE,1680
share,GameData_20\menu_dlcdenkigai2016s_2.arc,GameData_20\menu_dlcdenkigai2016s_2.arc,4226,37F98EE6,1680
share,GameData_20\menu_dlcdenkigai2016w_2.arc,GameData_20\menu_dlcdenkigai2016w_2.arc,13522,45E7F667,1450
share,GameData_20\menu_dlcdenkigai2017s_2.arc,GameData_20\menu_dlcdenkigai2017s_2.arc,4706,B5EE5D43,1630
share,GameData_20\menu_dlcdenkigai2019s_2.arc,GameData_20\menu_dlcdenkigai2019s_2.arc,7266,F30AC64C,1674
share,GameData_20\menu_dlcdenkigai2019w_2.arc,GameData_20\menu_dlcdenkigai2019w_2.arc,4466,6CACEAA5,1674
share,GameData_20\menu_dlsite_2.arc,GameData_20\menu_dlsite_2.arc,1954,B2268BA7,1150
share,GameData_20\menu_kissevent2017march.arc,GameData_20\menu_kissevent2017march.arc,281,FF4EEB9B,1522
share,GameData_20\menu_kissevent2017march_2.arc,GameData_20\menu_kissevent2017march_2.arc,106624,14291926,1631
share,GameData_20\menu_magazine002_2.arc,GameData_20\menu_magazine002_2.arc,12498,691C1126,1471
share,GameData_20\menu_nijiyomec_2.arc,GameData_20\menu_nijiyomec_2.arc,6738,7CDA2CFB,1673
share,GameData_20\menu_ordermade002_2.arc,GameData_20\menu_ordermade002_2.arc,1346,DF7DAA64,1673
share,GameData_20\menu_personal_om008_2.arc,GameData_20\menu_personal_om008_2.arc,6816,A49BE66E,1680
share,GameData_20\menu_personal002_2.arc,GameData_20\menu_personal002_2.arc,1282,5687650C,1310
share,GameData_20\menu_shop001_2.arc,GameData_20\menu_shop001_2.arc,3314,35207C87,1150
share,GameData_20\menu_shop005_2.arc,GameData_20\menu_shop005_2.arc,1378,0C9AF725,1150
share,GameData_20\menu_sp003cloth3_2.arc,GameData_20\menu_sp003cloth3_2.arc,9826,4C326B5D,1672
share,GameData_20\menu_sp005cloth2_2.arc,GameData_20\menu_sp005cloth2_2.arc,3666,CDB7D350,1673
share,GameData_20\menu_vac001.arc,GameData_20\menu_vac001.arc,317,11490F18,1640
share,GameData_20\menu_vac001_2.arc,GameData_20\menu_vac001_2.arc,24162,C5F8DFA9,1640
share,GameData_20\menu_vp001_2.arc,GameData_20\menu_vp001_2.arc,22034,A305F11D,1674
share,GameData_20\menu_yomeido003_2.arc,GameData_20\menu_yomeido003_2.arc,1234,4D6F619D,1240
share,GameData_20\menu_yomeidogp_wedding_2.arc,GameData_20\menu_yomeidogp_wedding_2.arc,3954,C251B12C,1320
share,GameData_20\model_cas031_2.arc,GameData_20\model_cas031_2.arc,1275040,257EA812,1673
share,GameData_20\model_cas056_2.arc,GameData_20\model_cas056_2.arc,118607,12631C7E,1680
share,GameData_20\model_com3d2cbp_2.arc,GameData_20\model_com3d2cbp_2.arc,186624,4DC6333D,1673
share,GameData_20\model_cw001cloth2_2.arc,GameData_20\model_cw001cloth2_2.arc,194657,F622B758,1673
share,GameData_20\model_cw004cloth2_2.arc,GameData_20\model_cw004cloth2_2.arc,315112,C85E6F0F,1673
share,GameData_20\model_cw005cloth3_2.arc,GameData_20\model_cw005cloth3_2.arc,1787568,5851FA8F,1673
share,GameData_20\model_cw005cloth4_2.arc,GameData_20\model_cw005cloth4_2.arc,797916,99503A91,1661
share,GameData_20\model_cw007cloth1_2.arc,GameData_20\model_cw007cloth1_2.arc,702932,B1ACE3C1,1673
share,GameData_20\model_denkigai2015s003_2.arc,GameData_20\model_denkigai2015s003_2.arc,394665,41A48185,1150
share,GameData_20\model_denkigai2015w_2.arc,GameData_20\model_denkigai2015w_2.arc,174373,F9233759,1090
share,GameData_20\model_denkigai2015wTowelR.arc,GameData_20\model_denkigai2015wTowelR.arc,38258,FB570A24,1360
share,GameData_20\model_denkigai2017s_2.arc,GameData_20\model_denkigai2017s_2.arc,462663,8917104A,1582
share,GameData_20\model_denkigai2017w_2.arc,GameData_20\model_denkigai2017w_2.arc,181379,5EECA15C,1674
share,GameData_20\model_denkigai2017wTshirt_2.arc,GameData_20\model_denkigai2017wTshirt_2.arc,293648,C0ABFC47,1674
share,GameData_20\model_denkigai2019sTshirt_2.arc,GameData_20\model_denkigai2019sTshirt_2.arc,188041,2210617D,1680
share,GameData_20\model_dlc005_2.arc,GameData_20\model_dlc005_2.arc,799521,9B6E1D63,1672
share,GameData_20\model_dlc046_2.arc,GameData_20\model_dlc046_2.arc,155690,83B34173,1220
share,GameData_20\model_dlc073_2.arc,GameData_20\model_dlc073_2.arc,267037,47D33A06,1320
share,GameData_20\model_dlc100_2.arc,GameData_20\model_dlc100_2.arc,691347,7C3D679D,1400
share,GameData_20\model_dlc109_2.arc,GameData_20\model_dlc109_2.arc,137998,8FCCF513,1460
share,GameData_20\model_dlc151_2.arc,GameData_20\model_dlc151_2.arc,213532,8C3C80C3,1520
share,GameData_20\model_dlc195_2.arc,GameData_20\model_dlc195_2.arc,583563,16C95E54,1090
share,GameData_20\model_dlc206_2.arc,GameData_20\model_dlc206_2.arc,645607,3578836D,1673
share,GameData_20\model_dlc208_2.arc,GameData_20\model_dlc208_2.arc,448882,C4D10B97,1673
share,GameData_20\model_dlc209_2.arc,GameData_20\model_dlc209_2.arc,1360811,72C67140,1610
share,GameData_20\model_dlc256_2.arc,GameData_20\model_dlc256_2.arc,434902,AC96EDE7,1673
share,GameData_20\model_dlc267_2.arc,GameData_20\model_dlc267_2.arc,506888,4758395D,1673
share,GameData_20\model_dlc268_2.arc,GameData_20\model_dlc268_2.arc,463350,1F545CEE,1650
share,GameData_20\model_dlc278_2.arc,GameData_20\model_dlc278_2.arc,944175,D859BA41,1651
share,GameData_20\model_dlc283_2.arc,GameData_20\model_dlc283_2.arc,212022,6658BAFF,1673
share,GameData_20\model_dlc286_2.arc,GameData_20\model_dlc286_2.arc,73886,A3DC40BE,1680
share,GameData_20\model_dlc301_2.arc,GameData_20\model_dlc301_2.arc,2019393,151AA044,1673
share,GameData_20\model_dlc302_2.arc,GameData_20\model_dlc302_2.arc,1975498,7F93CFBD,1673
share,GameData_20\model_dlc303_2.arc,GameData_20\model_dlc303_2.arc,2689842,AC3B4D66,1673
share,GameData_20\model_dlc304_2.arc,GameData_20\model_dlc304_2.arc,1691856,560A4120,1673
share,GameData_20\model_dlc330_2.arc,GameData_20\model_dlc330_2.arc,1413403,92E3085E,1673
share,GameData_20\model_dlc353_2.arc,GameData_20\model_dlc353_2.arc,964407,DB9B8FA4,1673
share,GameData_20\model_dlc356_2.arc,GameData_20\model_dlc356_2.arc,1144913,B1A02CF9,1673
share,GameData_20\model_dlc357_2.arc,GameData_20\model_dlc357_2.arc,4511946,3D1CDF76,1673
share,GameData_20\model_dlc358_2.arc,GameData_20\model_dlc358_2.arc,4341633,D9163415,1673
share,GameData_20\model_dlc359_2.arc,GameData_20\model_dlc359_2.arc,1530334,2F02195C,1673
share,GameData_20\model_dlc360_2.arc,GameData_20\model_dlc360_2.arc,23714,7C145E45,1680
share,GameData_20\model_dlc362_2.arc,GameData_20\model_dlc362_2.arc,624379,447A4556,1673
share,GameData_20\model_dlc363_2.arc,GameData_20\model_dlc363_2.arc,858107,39F745BC,1673
share,GameData_20\model_dlc367_2.arc,GameData_20\model_dlc367_2.arc,58994,4024DDE9,1673
share,GameData_20\model_dlc376_2.arc,GameData_20\model_dlc376_2.arc,236654,FACBF978,1680
share,GameData_20\model_dlc386_2.arc,GameData_20\model_dlc386_2.arc,1888319,67E72AB1,1680
share,GameData_20\model_dlc389_2.arc,GameData_20\model_dlc389_2.arc,1838431,BE165C26,1680
share,GameData_20\model_dlc394_2.arc,GameData_20\model_dlc394_2.arc,2128670,706A4A3B,1680
share,GameData_20\model_dlc395_2.arc,GameData_20\model_dlc395_2.arc,511319,E5B0E542,1680
share,GameData_20\model_dlc396_2.arc,GameData_20\model_dlc396_2.arc,1608066,62F47E88,1680
share,GameData_20\model_dlc397_2.arc,GameData_20\model_dlc397_2.arc,2657340,F0DC461B,1680
share,GameData_20\model_dlcdenkigai2015w_2.arc,GameData_20\model_dlcdenkigai2015w_2.arc,174400,BE6E5467,1090
share,GameData_20\model_dlcdenkigai2017s_2.arc,GameData_20\model_dlcdenkigai2017s_2.arc,462667,9F0C3D54,1582
share,GameData_20\model_dlcdenkigai2017w_2.arc,GameData_20\model_dlcdenkigai2017w_2.arc,181408,29336B3A,1674
share,GameData_20\model_dlsite_2.arc,GameData_20\model_dlsite_2.arc,680593,F831F0E0,1680
share,GameData_20\model_kissevent2017march_2.arc,GameData_20\model_kissevent2017march_2.arc,378287,9EF61AC7,1680
share,GameData_20\model_oldplus002hair1_2.arc,GameData_20\model_oldplus002hair1_2.arc,184829,2DAE518E,1673
share,GameData_20\model_personal_om008_2.arc,GameData_20\model_personal_om008_2.arc,219850,C445C67C,1680
share,GameData_20\model_pp002_2.arc,GameData_20\model_pp002_2.arc,25586,6BC54342,1673
share,GameData_20\model_shop001_2.arc,GameData_20\model_shop001_2.arc,115215,9C941FAF,1150
share,GameData_20\model_shop002_2.arc,GameData_20\model_shop002_2.arc,251253,743C3D97,1150
share,GameData_20\model_shop003_2.arc,GameData_20\model_shop003_2.arc,185433,A15EC70A,1150
share,GameData_20\model_shop005_2.arc,GameData_20\model_shop005_2.arc,150103,FB5341FA,1150
share,GameData_20\model_shop007_2.arc,GameData_20\model_shop007_2.arc,288759,80615CBD,1150
share,GameData_20\model_sp002cloth2_2.arc,GameData_20\model_sp002cloth2_2.arc,1816544,0767F20F,1672
share,GameData_20\model_sp003cloth3_2.arc,GameData_20\model_sp003cloth3_2.arc,2950224,4B3AAFE9,1672
share,GameData_20\model_sp005cloth2_2.arc,GameData_20\model_sp005cloth2_2.arc,300283,8FA9F82B,1673
share,GameData_20\model_vp001_2.arc,GameData_20\model_vp001_2.arc,647957,D68B5D2F,1400
share,GameData_20\paths.dat,GameData_20\paths.dat,12750,A3A2EB62,1709
share,GameData_20\prioritymaterial.arc,GameData_20\prioritymaterial.arc,354359,6D77A6B9,1709
share,GameData_20\texture_addpose001.arc,GameData_20\texture_addpose001.arc,23943,1D529A44,1220
share,GameData_20\texture_cr002_2.arc,GameData_20\texture_cr002_2.arc,6402,370E3B9E,1680
share,GameData_20\texture_cw005cloth4_2.arc,GameData_20\texture_cw005cloth4_2.arc,91545191,1DE51460,1661
share,GameData_20\texture_denkigai2015wTowelR.arc,GameData_20\texture_denkigai2015wTowelR.arc,133065,FE4BDC34,1360
share,GameData_20\texture_denkigai2016w_2.arc,GameData_20\texture_denkigai2016w_2.arc,10105247,3B4641C3,1450
share,GameData_20\texture_dlc004_2.arc,GameData_20\texture_dlc004_2.arc,4805734,C8E5CFB4,1200
share,GameData_20\texture_dlc046_2.arc,GameData_20\texture_dlc046_2.arc,596960,FC606BA5,1220
share,GameData_20\texture_dlc107_2.arc,GameData_20\texture_dlc107_2.arc,913018,88EAC715,1590
share,GameData_20\texture_dlc121_2.arc,GameData_20\texture_dlc121_2.arc,1276165,72A24D1E,1673
share,GameData_20\texture_dlc183_2.arc,GameData_20\texture_dlc183_2.arc,27984504,2ECFF2B5,1673
share,GameData_20\texture_dlc195_2.arc,GameData_20\texture_dlc195_2.arc,16075880,456A4C76,1090
share,GameData_20\texture_dlc267_2.arc,GameData_20\texture_dlc267_2.arc,2311226,F39D6830,1650
share,GameData_20\texture_dlc279_2.arc,GameData_20\texture_dlc279_2.arc,6149999,3FE86171,1650
share,GameData_20\texture_dlc356_2.arc,GameData_20\texture_dlc356_2.arc,54635001,3E70ED43,1674
share,GameData_20\texture_dlc357_2.arc,GameData_20\texture_dlc357_2.arc,42210965,78465BE6,1674
share,GameData_20\texture_dlc358_2.arc,GameData_20\texture_dlc358_2.arc,33834979,13781722,1673
share,GameData_20\texture_dlc359_2.arc,GameData_20\texture_dlc359_2.arc,104915998,0608F8F7,1674
share,GameData_20\texture_dlcdenkigai2016w_2.arc,GameData_20\texture_dlcdenkigai2016w_2.arc,10105332,90868016,1450
share,GameData_20\texture_kissevent2017march.arc,GameData_20\texture_kissevent2017march.arc,281,FF4EEB9B,1522
share,GameData_20\texture_kissevent2017march_2.arc,GameData_20\texture_kissevent2017march_2.arc,79432604,C7DD457A,1631
share,GameData_20\texture_vac001_2.arc,GameData_20\texture_vac001_2.arc,1265168,4979EB36,1673
share,GameData_20\texture_vp001_2.arc,GameData_20\texture_vp001_2.arc,755269,18D5027D,1400
share,GameData_20\texture_yomeido003_2.arc,GameData_20\texture_yomeido003_2.arc,117248,0EE72B42,1240
share,GameData_20\texture_yomeidokanteidan2_godmaid_2.arc,GameData_20\texture_yomeidokanteidan2_godmaid_2.arc,8610,1B1349B1,1673
