0,0,COM3D2OHx64_Data\Managed\Accessibility.dll,12288,521A42C4,34604
0,0,COM3D2OHx64_Data\Managed\Assembly-CSharp.dll,6462464,0D1A3D15,34604
0,0,COM3D2OHx64_Data\Managed\Assembly-CSharp-firstpass.dll,878592,40FD1CF4,34604
0,0,COM3D2OHx64_Data\Managed\BouncyCastle.Crypto.dll,2236416,5A4C4F07,34604
0,0,COM3D2OHx64_Data\Managed\FoveUnityPlugin.dll,28672,A6EA882B,34604
0,0,COM3D2OHx64_Data\Managed\ICSharpCode.SharpZipLib.dll,200704,D3160A1C,34604
0,0,COM3D2OHx64_Data\Managed\Ionic.Zlib.dll,102400,7C9E7DD2,34604
0,0,COM3D2OHx64_Data\Managed\JsonFx.Json.dll,70144,A0F0CFCB,34604
0,0,COM3D2OHx64_Data\Managed\LeapCSharp.NET3.5.dll,82432,38E38212,34604
0,0,COM3D2OHx64_Data\Managed\MagicaCloth.dll,380416,D581EEBF,34604
0,0,COM3D2OHx64_Data\Managed\MagicaClothV2.dll,453120,F50B72CF,34604
0,0,COM3D2OHx64_Data\Managed\MessagePack.Annotations.dll,8192,61674D0F,34604
0,0,COM3D2OHx64_Data\Managed\MessagePack.dll,331776,EF44DB47,34604
0,0,COM3D2OHx64_Data\Managed\Microsoft.NET.StringTools.dll,30336,C3CACDD5,34604
0,0,COM3D2OHx64_Data\Managed\Mono.Posix.dll,214528,E714DBE5,34604
0,0,COM3D2OHx64_Data\Managed\Mono.Security.dll,241152,E13CDC4F,34604
0,0,COM3D2OHx64_Data\Managed\Mono.WebBrowser.dll,166912,DEA873F6,34604
0,0,COM3D2OHx64_Data\Managed\mscorlib.dll,4631552,C56BEBD6,34604
0,0,COM3D2OHx64_Data\Managed\netstandard.dll,90112,975FFBBE,34604
0,0,COM3D2OHx64_Data\Managed\Newtonsoft.Json.dll,691712,8CEF25D0,34604
0,0,COM3D2OHx64_Data\Managed\System.ComponentModel.Composition.dll,257024,CD6FC8DC,34604
0,0,COM3D2OHx64_Data\Managed\System.Configuration.dll,124928,EFDF7155,34604
0,0,COM3D2OHx64_Data\Managed\System.Core.dll,1113088,794737A1,34604
0,0,COM3D2OHx64_Data\Managed\System.Data.DataSetExtensions.dll,29696,363CF571,34604
0,0,COM3D2OHx64_Data\Managed\System.Data.dll,2125312,32374B27,34604
0,0,COM3D2OHx64_Data\Managed\System.dll,2639872,BAFC36A3,34604
0,0,COM3D2OHx64_Data\Managed\System.Drawing.Design.dll,29696,E7B53FF9,34604
0,0,COM3D2OHx64_Data\Managed\System.Drawing.dll,489984,194DEA33,34604
0,0,COM3D2OHx64_Data\Managed\System.EnterpriseServices.dll,44544,F00DC395,34604
0,0,COM3D2OHx64_Data\Managed\System.IO.Compression.dll,114688,DBEA1F77,34604
0,0,COM3D2OHx64_Data\Managed\System.IO.Compression.FileSystem.dll,18432,63C90522,34604
0,0,COM3D2OHx64_Data\Managed\System.IO.Hashing.dll,50488,2F1659E0,34604
0,0,COM3D2OHx64_Data\Managed\System.Memory.dll,4608,F0BBFFDF,34604
0,0,COM3D2OHx64_Data\Managed\System.Net.Http.dll,122880,AB522EA5,34604
0,0,COM3D2OHx64_Data\Managed\System.Numerics.dll,119296,C190A4F5,34604
0,0,COM3D2OHx64_Data\Managed\System.Runtime.CompilerServices.Unsafe.dll,18024,8C9A1A8B,34604
0,0,COM3D2OHx64_Data\Managed\System.Runtime.dll,12288,58AE9F48,34604
0,0,COM3D2OHx64_Data\Managed\System.Runtime.Serialization.dll,934400,FA4E2031,34604
0,0,COM3D2OHx64_Data\Managed\System.Security.dll,320000,254A33AD,34604
0,0,COM3D2OHx64_Data\Managed\System.ServiceModel.Internals.dll,215040,81075AAD,34604
0,0,COM3D2OHx64_Data\Managed\System.Transactions.dll,35328,12E658B2,34604
0,0,COM3D2OHx64_Data\Managed\System.Windows.Forms.dll,3053568,56394001,34604
0,0,COM3D2OHx64_Data\Managed\System.Xml.dll,3160064,6F621FF0,34604
0,0,COM3D2OHx64_Data\Managed\System.Xml.Linq.dll,136704,64AFBAF8,34604
0,0,COM3D2OHx64_Data\Managed\Unity.AI.Navigation.dll,20480,6322BCA2,34604
0,0,COM3D2OHx64_Data\Managed\Unity.Burst.dll,304640,579C1958,34604
0,0,COM3D2OHx64_Data\Managed\Unity.Burst.Unsafe.dll,5632,D504B969,34604
0,0,COM3D2OHx64_Data\Managed\Unity.Collections.dll,451072,215056F9,34604
0,0,COM3D2OHx64_Data\Managed\Unity.Collections.LowLevel.ILSupport.dll,5120,254B34EA,34604
0,0,COM3D2OHx64_Data\Managed\Unity.InputSystem.dll,1128960,1FFA184C,34604
0,0,COM3D2OHx64_Data\Managed\Unity.InputSystem.ForUI.dll,4608,BF60CB18,34604
0,0,COM3D2OHx64_Data\Managed\Unity.Mathematics.dll,752128,610E4BCA,34604
0,0,COM3D2OHx64_Data\Managed\Unity.MemoryProfiler.dll,7168,B9CFE27F,34604
0,0,COM3D2OHx64_Data\Managed\Unity.Profiling.Core.dll,10240,02598CD8,34604
0,0,COM3D2OHx64_Data\Managed\Unity.RenderPipeline.Universal.ShaderLibrary.dll,8704,36493D12,34604
0,0,COM3D2OHx64_Data\Managed\Unity.RenderPipelines.Core.Runtime.dll,532480,424CF899,34604
0,0,COM3D2OHx64_Data\Managed\Unity.RenderPipelines.Core.ShaderLibrary.dll,5120,8F0D5CCC,34604
0,0,COM3D2OHx64_Data\Managed\Unity.RenderPipelines.ShaderGraph.ShaderGraphLibrary.dll,5120,444D6C69,34604
0,0,COM3D2OHx64_Data\Managed\Unity.RenderPipelines.Universal.2D.Internal.dll,5632,F05E7778,34604
0,0,COM3D2OHx64_Data\Managed\Unity.RenderPipelines.Universal.Config.Runtime.dll,5632,06AFB29B,34604
0,0,COM3D2OHx64_Data\Managed\Unity.RenderPipelines.Universal.Runtime.dll,787968,01E4A13E,34604
0,0,COM3D2OHx64_Data\Managed\Unity.RenderPipelines.Universal.Shaders.dll,5120,DF908E20,34604
0,0,COM3D2OHx64_Data\Managed\Unity.TextMeshPro.dll,380928,C8D968A5,34604
0,0,COM3D2OHx64_Data\Managed\Unity.Timeline.dll,128000,D6A9D7C6,34604
0,0,COM3D2OHx64_Data\Managed\Unity.XR.CoreUtils.dll,89088,E62F9B4B,34604
0,0,COM3D2OHx64_Data\Managed\Unity.XR.Management.dll,17408,CC8AC77D,34604
0,0,COM3D2OHx64_Data\Managed\Unity.XR.OpenXR.dll,175104,0BC81DD3,34604
0,0,COM3D2OHx64_Data\Managed\Unity.XR.OpenXR.Features.ConformanceAutomation.dll,7680,9243CEDF,34604
0,0,COM3D2OHx64_Data\Managed\Unity.XR.OpenXR.Features.MetaQuestSupport.dll,5632,588944F4,34604
0,0,COM3D2OHx64_Data\Managed\Unity.XR.OpenXR.Features.MockRuntime.dll,10752,131AA78D,34604
0,0,COM3D2OHx64_Data\Managed\Unity.XR.OpenXR.Features.OculusQuestSupport.dll,5632,67F67117,34604
0,0,COM3D2OHx64_Data\Managed\Unity.XR.OpenXR.Features.RuntimeDebugger.dll,6656,3DD9C1B3,34604
0,0,COM3D2OHx64_Data\Managed\UnityEngine.AccessibilityModule.dll,23984,3C33A4A7,34604
0,0,COM3D2OHx64_Data\Managed\UnityEngine.AIModule.dll,58792,023E7626,34604
0,0,COM3D2OHx64_Data\Managed\UnityEngine.AndroidJNIModule.dll,95144,01482C31,34604
0,0,COM3D2OHx64_Data\Managed\UnityEngine.AnimationModule.dll,164272,74D40B07,34604
0,0,COM3D2OHx64_Data\Managed\UnityEngine.ARModule.dll,21424,1C9C3021,34604
0,0,COM3D2OHx64_Data\Managed\UnityEngine.AssetBundleModule.dll,33200,2729F0BE,34604
0,0,COM3D2OHx64_Data\Managed\UnityEngine.AudioModule.dll,71592,84AC5CAC,34604
0,0,COM3D2OHx64_Data\Managed\UnityEngine.ClothModule.dll,26544,5303D1F9,34604
0,0,COM3D2OHx64_Data\Managed\UnityEngine.ClusterInputModule.dll,21936,D5513369,34604
0,0,COM3D2OHx64_Data\Managed\UnityEngine.ClusterRendererModule.dll,22440,EA240EE4,34604
0,0,COM3D2OHx64_Data\Managed\UnityEngine.ContentLoadModule.dll,27560,1AAC4C2F,34604
0,0,COM3D2OHx64_Data\Managed\UnityEngine.CoreModule.dll,1393584,8395E488,34604
0,0,COM3D2OHx64_Data\Managed\UnityEngine.CrashReportingModule.dll,21416,DCE84CFE,34604
0,0,COM3D2OHx64_Data\Managed\UnityEngine.DirectorModule.dll,25000,9C2EFB7D,34604
0,0,COM3D2OHx64_Data\Managed\UnityEngine.dll,126896,C144F735,34604
0,0,COM3D2OHx64_Data\Managed\UnityEngine.DSPGraphModule.dll,29616,51D3A23A,34604
0,0,COM3D2OHx64_Data\Managed\UnityEngine.GameCenterModule.dll,40368,88170C4D,34604
0,0,COM3D2OHx64_Data\Managed\UnityEngine.GIModule.dll,20400,4DCDF279,34604
0,0,COM3D2OHx64_Data\Managed\UnityEngine.GridModule.dll,25520,9CA34B4E,34604
0,0,COM3D2OHx64_Data\Managed\UnityEngine.HotReloadModule.dll,20400,77E48EEE,34604
0,0,COM3D2OHx64_Data\Managed\UnityEngine.ImageConversionModule.dll,24496,4C942DD1,34604
0,0,COM3D2OHx64_Data\Managed\UnityEngine.IMGUIModule.dll,191400,F4929849,34604
0,0,COM3D2OHx64_Data\Managed\UnityEngine.InputLegacyModule.dll,39336,85D05EAF,34604
0,0,COM3D2OHx64_Data\Managed\UnityEngine.InputModule.dll,23984,D39C0663,34604
0,0,COM3D2OHx64_Data\Managed\UnityEngine.JSONSerializeModule.dll,22440,AEEFE8E7,34604
0,0,COM3D2OHx64_Data\Managed\UnityEngine.LocalizationModule.dll,21416,FF054019,34604
0,0,COM3D2OHx64_Data\Managed\UnityEngine.NVIDIAModule.dll,34216,458A9FE6,34604
0,0,COM3D2OHx64_Data\Managed\UnityEngine.ParticleSystemModule.dll,161704,8E49A63F,34604
0,0,COM3D2OHx64_Data\Managed\UnityEngine.PerformanceReportingModule.dll,20912,4845577B,34604
0,0,COM3D2OHx64_Data\Managed\UnityEngine.Physics2DModule.dll,141744,CC777DF3,34604
0,0,COM3D2OHx64_Data\Managed\UnityEngine.PhysicsModule.dll,138664,EFC48F24,34604
0,0,COM3D2OHx64_Data\Managed\UnityEngine.ProfilerModule.dll,20392,36C53566,34604
0,0,COM3D2OHx64_Data\Managed\UnityEngine.PropertiesModule.dll,155560,6C8B4651,34604
0,0,COM3D2OHx64_Data\Managed\UnityEngine.RuntimeInitializeOnLoadManagerInitializerModule.dll,20392,77C2F93D,34604
0,0,COM3D2OHx64_Data\Managed\UnityEngine.ScreenCaptureModule.dll,21424,6B3D6A64,34604
0,0,COM3D2OHx64_Data\Managed\UnityEngine.SharedInternalsModule.dll,33192,92E11996,34604
0,0,COM3D2OHx64_Data\Managed\UnityEngine.SpatialTracking.dll,11776,4EBEE735,34604
0,0,COM3D2OHx64_Data\Managed\UnityEngine.SpriteMaskModule.dll,22440,E8321785,34604
0,0,COM3D2OHx64_Data\Managed\UnityEngine.SpriteShapeModule.dll,26536,4EC177F0,34604
0,0,COM3D2OHx64_Data\Managed\UnityEngine.StreamingModule.dll,20912,E85CB39D,34604
0,0,COM3D2OHx64_Data\Managed\UnityEngine.SubstanceModule.dll,25008,A1D29237,34604
0,0,COM3D2OHx64_Data\Managed\UnityEngine.SubsystemsModule.dll,35240,77311A6B,34604
0,0,COM3D2OHx64_Data\Managed\UnityEngine.TerrainModule.dll,101296,6155099F,34604
0,0,COM3D2OHx64_Data\Managed\UnityEngine.TerrainPhysicsModule.dll,21416,111C8BCA,34604
0,0,COM3D2OHx64_Data\Managed\UnityEngine.TextCoreFontEngineModule.dll,72616,EC737FB0,34604
0,0,COM3D2OHx64_Data\Managed\UnityEngine.TextCoreTextEngineModule.dll,249256,C257FC4B,34604
0,0,COM3D2OHx64_Data\Managed\UnityEngine.TextRenderingModule.dll,39344,5EA0AB61,34604
0,0,COM3D2OHx64_Data\Managed\UnityEngine.TilemapModule.dll,47024,5A48F0B2,34604
0,0,COM3D2OHx64_Data\Managed\UnityEngine.TLSModule.dll,27056,35F87DAA,34604
0,0,COM3D2OHx64_Data\Managed\UnityEngine.UI.dll,265728,D0223A47,34604
0,0,COM3D2OHx64_Data\Managed\UnityEngine.UIElementsModule.dll,1536424,449C7CA3,34604
0,0,COM3D2OHx64_Data\Managed\UnityEngine.UIModule.dll,36784,4387CF59,34604
0,0,COM3D2OHx64_Data\Managed\UnityEngine.UmbraModule.dll,20392,42081088,34604
0,0,COM3D2OHx64_Data\Managed\UnityEngine.UnityAnalyticsCommonModule.dll,21416,C68AEF7B,34604
0,0,COM3D2OHx64_Data\Managed\UnityEngine.UnityAnalyticsModule.dll,44976,C4F1ABCB,34604
0,0,COM3D2OHx64_Data\Managed\UnityEngine.UnityConnectModule.dll,22448,E7A10745,34604
0,0,COM3D2OHx64_Data\Managed\UnityEngine.UnityCurlModule.dll,21936,A6F3885D,34604
0,0,COM3D2OHx64_Data\Managed\UnityEngine.UnityTestProtocolModule.dll,20392,930FB553,34604
0,0,COM3D2OHx64_Data\Managed\UnityEngine.UnityWebRequestAssetBundleModule.dll,23472,8B1F1704,34604
0,0,COM3D2OHx64_Data\Managed\UnityEngine.UnityWebRequestAudioModule.dll,22952,423F90E9,34604
0,0,COM3D2OHx64_Data\Managed\UnityEngine.UnityWebRequestModule.dll,58792,3FD74CA0,34604
0,0,COM3D2OHx64_Data\Managed\UnityEngine.UnityWebRequestTextureModule.dll,21936,B74AEFF0,34604
0,0,COM3D2OHx64_Data\Managed\UnityEngine.UnityWebRequestWWWModule.dll,31656,50CE5BD6,34604
0,0,COM3D2OHx64_Data\Managed\UnityEngine.VehiclesModule.dll,24496,B14D2EA8,34604
0,0,COM3D2OHx64_Data\Managed\UnityEngine.VFXModule.dll,58800,2D09FE04,34604
0,0,COM3D2OHx64_Data\Managed\UnityEngine.VideoModule.dll,41384,E827C805,34604
0,0,COM3D2OHx64_Data\Managed\UnityEngine.VirtualTexturingModule.dll,36264,35C1934F,34604
0,0,COM3D2OHx64_Data\Managed\UnityEngine.VRModule.dll,27056,349C7D41,34604
0,0,COM3D2OHx64_Data\Managed\UnityEngine.WindModule.dll,21416,3FE7AAE0,34604
0,0,COM3D2OHx64_Data\Managed\UnityEngine.XR.LegacyInputHelpers.dll,23552,C663EF63,34604
0,0,COM3D2OHx64_Data\Managed\UnityEngine.XRModule.dll,71080,C0FA6272,34604
0,0,COM3D2OHx64_Data\Managed\Win32.dll,13312,7781C2A2,34604
0,0,COM3D2OHx64_Data\Managed\zxing.unity.dll,430592,9FD1F198,34604
0,0,COM3D2OHx64_Data\Plugins\x86_64\assimp.dll,4388864,7C910D84,34604
0,0,COM3D2OHx64_Data\Plugins\x86_64\Audio360.dll,1956352,0D4B8E9D,34604
0,0,COM3D2OHx64_Data\Plugins\x86_64\AVProVideo.dll,886272,278352F0,34604
0,0,COM3D2OHx64_Data\Plugins\x86_64\clothpp.dll,112128,7C3264A4,34604
0,0,COM3D2OHx64_Data\Plugins\x86_64\cm3d2.dll,2265088,CA67D1AD,34604
0,0,COM3D2OHx64_Data\Plugins\x86_64\device_hook.dll,738816,F61E7CED,34604
0,0,COM3D2OHx64_Data\Plugins\x86_64\FbxExporterCore.dll,12491776,CBAA51C1,34604
0,0,COM3D2OHx64_Data\Plugins\x86_64\FoveClient.dll,1849384,58C8B4F6,34604
0,0,COM3D2OHx64_Data\Plugins\x86_64\LeapC.dll,2516992,FBDD3767,34604
0,0,COM3D2OHx64_Data\Plugins\x86_64\lib_burst_generated.dll,948736,8A595CAC,34604
0,0,COM3D2OHx64_Data\Plugins\x86_64\openvr_api.dll,318272,44432E0F,34604
0,0,COM3D2OHx64_Data\Plugins\x86_64\openxr_loader.dll,2036224,E575B607,34604
0,0,COM3D2OHx64_Data\Plugins\x86_64\OVRGamepad.dll,12800,2C526135,34604
0,0,COM3D2OHx64_Data\Plugins\x86_64\OVRLipSync.dll,2512296,391C1F4C,34604
0,0,COM3D2OHx64_Data\Plugins\x86_64\UnityOpenXR.dll,831488,5149404B,34604
0,0,COM3D2OHx64_Data\Plugins\x86_64\Win32-WebView.dll,504832,382AEE66,34604
0,0,COM3D2OHx64_Data\Resources\unity default resources,1564240,3770D3F6,34604
0,0,COM3D2OHx64_Data\Resources\unity_builtin_extra,428296,672A45D0,34604
0,0,COM3D2OHx64_Data\UnitySubsystems\UnityOpenXR\UnitySubsystemsManifest.json,334,EA0D329E,34604
0,0,COM3D2OHx64_Data\app.info,42,6CD75754,34604
0,0,COM3D2OHx64_Data\boot.config,128,6E1C73EE,34604
0,0,COM3D2OHx64_Data\globalgamemanagers,5403324,08F54DAF,34604
0,0,COM3D2OHx64_Data\globalgamemanagers.assets,453768,5B28792F,34604
0,0,COM3D2OHx64_Data\globalgamemanagers.assets.resS,2796240,F6707524,34604
0,0,COM3D2OHx64_Data\level0,362844,4B70818F,34604
0,0,COM3D2OHx64_Data\level1,385780,2898435B,34604
0,0,COM3D2OHx64_Data\level2,796588,598A66CB,34604
0,0,COM3D2OHx64_Data\level3,1312516,13C781D0,34604
0,0,COM3D2OHx64_Data\level4,1359892,C785EFE2,34604
0,0,COM3D2OHx64_Data\level5,364876,F4499023,34604
0,0,COM3D2OHx64_Data\level6,465500,F5291CF2,34604
0,0,COM3D2OHx64_Data\level7,363372,1B63B74F,34604
0,0,COM3D2OHx64_Data\level8,476172,37D49C0D,34604
0,0,COM3D2OHx64_Data\level9,367580,03B5FF83,34604
0,0,COM3D2OHx64_Data\level10,755956,775D5F53,34604
0,0,COM3D2OHx64_Data\level11,4996,260AD0F2,34604
0,0,COM3D2OHx64_Data\level12,365364,3D6AE911,34604
0,0,COM3D2OHx64_Data\level13,1192,D033AE2F,34604
0,0,COM3D2OHx64_Data\level14,382164,6C70105F,34604
0,0,COM3D2OHx64_Data\level15,371924,85AC8294,34604
0,0,COM3D2OHx64_Data\level16,1050452,330F626C,34604
0,0,COM3D2OHx64_Data\level17,469820,E287007A,34604
0,0,COM3D2OHx64_Data\level18,1180372,4C23A5C2,34604
0,0,COM3D2OHx64_Data\level19,448692,8365A4B9,34604
0,0,COM3D2OHx64_Data\level20,2246564,60C588EB,34604
0,0,COM3D2OHx64_Data\level21,1210756,C5809DE3,34604
0,0,COM3D2OHx64_Data\level22,1183548,8273180D,34604
0,0,COM3D2OHx64_Data\level23,488236,53E7A424,34604
0,0,COM3D2OHx64_Data\level24,29832,BEAA0380,34604
0,0,COM3D2OHx64_Data\level24.resS,131232,DEC6292A,34604
0,0,COM3D2OHx64_Data\level25,58924,9EEBD96F,34604
0,0,COM3D2OHx64_Data\level26,64856,AC4D6D1E,34604
0,0,COM3D2OHx64_Data\level27,4032,F89205B9,34604
0,0,COM3D2OHx64_Data\level28,363764,9FA4CA2F,34604
0,0,COM3D2OHx64_Data\level29,1686772,E666359D,34604
0,0,COM3D2OHx64_Data\level30,1541092,7E4750FD,34604
0,0,COM3D2OHx64_Data\level31,1562956,5265F876,34604
0,0,COM3D2OHx64_Data\level32,1454324,D3ED940B,34604
0,0,COM3D2OHx64_Data\level33,1524516,E8B35C84,34604
0,0,COM3D2OHx64_Data\level34,1652132,022D0CC8,34604
0,0,COM3D2OHx64_Data\level35,1380476,2B721A46,34604
0,0,COM3D2OHx64_Data\level36,1123364,3DE02567,34604
0,0,COM3D2OHx64_Data\level37,1130724,146D1B31,34604
0,0,COM3D2OHx64_Data\level38,1380476,32EAE9EF,34604
0,0,COM3D2OHx64_Data\level39,1260796,C7879A0D,34604
0,0,COM3D2OHx64_Data\level40,1042060,1C891711,34604
0,0,COM3D2OHx64_Data\level41,1337660,54D907F0,34604
0,0,COM3D2OHx64_Data\level42,1481172,45045A9D,34604
0,0,COM3D2OHx64_Data\level43,1441556,EE3E9B2F,34604
0,0,COM3D2OHx64_Data\level44,1015116,7698547A,34604
0,0,COM3D2OHx64_Data\level45,440900,390747E2,34604
0,0,COM3D2OHx64_Data\level46,437172,042D5E25,34604
0,0,COM3D2OHx64_Data\level47,481916,623EC2E3,34604
0,0,COM3D2OHx64_Data\level48,504684,8ACF0C09,34604
0,0,COM3D2OHx64_Data\level49,431164,45C0BB08,34604
0,0,COM3D2OHx64_Data\level50,492732,F3F7E86B,34604
0,0,COM3D2OHx64_Data\level51,1142188,FAC89334,34604
0,0,COM3D2OHx64_Data\level52,1061052,0B6FB757,34604
0,0,COM3D2OHx64_Data\level53,485100,555ABF4F,34604
0,0,COM3D2OHx64_Data\level54,507820,D31BA1B5,34604
0,0,COM3D2OHx64_Data\level55,498156,492C543A,34604
0,0,COM3D2OHx64_Data\level56,1142172,CB445384,34604
0,0,COM3D2OHx64_Data\level57,1104348,C64DE0C9,34604
0,0,COM3D2OHx64_Data\level58,490988,A3BF113E,34604
0,0,COM3D2OHx64_Data\level59,475156,AC613CB2,34604
0,0,COM3D2OHx64_Data\level60,456308,373DAAB4,34604
0,0,COM3D2OHx64_Data\level61,1491364,C7E671AE,34604
0,0,COM3D2OHx64_Data\level62,1430452,481A26BC,34604
0,0,COM3D2OHx64_Data\level63,547724,D72CDC73,34604
0,0,COM3D2OHx64_Data\level64,439324,66445BD8,34604
0,0,COM3D2OHx64_Data\level65,1370556,79DE95CA,34604
0,0,COM3D2OHx64_Data\level66,1069324,153EEAFF,34604
0,0,COM3D2OHx64_Data\level67,1548188,921A2073,34604
0,0,COM3D2OHx64_Data\level68,1488628,FDCDAB4E,34604
0,0,COM3D2OHx64_Data\level69,1686788,A885A5B4,34604
0,0,COM3D2OHx64_Data\level70,1652148,14B8FE74,34604
0,0,COM3D2OHx64_Data\level71,1488972,4FA73D43,34604
0,0,COM3D2OHx64_Data\level72,1454332,8543CDEA,34604
0,0,COM3D2OHx64_Data\level73,452708,63A8AA94,34604
0,0,COM3D2OHx64_Data\level74,442884,F1AD97C9,34604
0,0,COM3D2OHx64_Data\level75,1124812,C1E84685,34604
0,0,COM3D2OHx64_Data\level76,918740,D6A8E88C,34604
0,0,COM3D2OHx64_Data\level77,1024796,F8520EF7,34604
0,0,COM3D2OHx64_Data\level78,915796,C6F62394,34604
0,0,COM3D2OHx64_Data\level79,1124356,19543111,34604
0,0,COM3D2OHx64_Data\level80,1823756,E5B418D8,34604
0,0,COM3D2OHx64_Data\level81,1774228,2C05E310,34604
0,0,COM3D2OHx64_Data\level82,1212052,E19B8F51,34604
0,0,COM3D2OHx64_Data\level83,1155580,70661308,34604
0,0,COM3D2OHx64_Data\level84,1634716,2BB92923,34604
0,0,COM3D2OHx64_Data\level85,1739500,714A6836,34604
0,0,COM3D2OHx64_Data\level86,1153316,92759CAF,34604
0,0,COM3D2OHx64_Data\level87,1062652,59FC8AB2,34604
0,0,COM3D2OHx64_Data\level88,1810716,1369BE4D,34604
0,0,COM3D2OHx64_Data\level89,1698620,BD98F2FD,34604
0,0,COM3D2OHx64_Data\level90,515100,9375021F,34604
0,0,COM3D2OHx64_Data\level91,535404,3BA31FB9,34604
0,0,COM3D2OHx64_Data\level92,626132,0FEF5A23,34604
0,0,COM3D2OHx64_Data\level93,563076,4377F17C,34604
0,0,COM3D2OHx64_Data\level93.resS,131232,F174E031,34604
0,0,COM3D2OHx64_Data\level94,510004,0B511D4E,34604
0,0,COM3D2OHx64_Data\level95,624244,246C6883,34604
0,0,COM3D2OHx64_Data\level96,533924,772DCA61,34604
0,0,COM3D2OHx64_Data\level97,1867924,65788BDB,34604
0,0,COM3D2OHx64_Data\level98,1592412,45EDA961,34604
0,0,COM3D2OHx64_Data\level99,1403196,89607B87,34604
0,0,COM3D2OHx64_Data\level100,1246756,7D4ABBE9,34604
0,0,COM3D2OHx64_Data\level101,1340468,867FEECB,34604
0,0,COM3D2OHx64_Data\level102,1537044,38C4590B,34604
0,0,COM3D2OHx64_Data\level103,1436284,F8B8952B,34604
0,0,COM3D2OHx64_Data\level104,1006668,42BE3021,34604
0,0,COM3D2OHx64_Data\level105,606548,6F3A9268,34604
0,0,COM3D2OHx64_Data\level106,1077836,B9D0FB85,34604
0,0,COM3D2OHx64_Data\level107,994972,47EF495A,34604
0,0,COM3D2OHx64_Data\level108,1008364,906E79A1,34604
0,0,COM3D2OHx64_Data\level109,969684,540E4C02,34604
0,0,COM3D2OHx64_Data\level110,950212,90ECDA70,34604
0,0,COM3D2OHx64_Data\level111,439420,9A802141,34604
0,0,COM3D2OHx64_Data\level112,924156,C3A38547,34604
0,0,COM3D2OHx64_Data\level113,579828,3CD325D4,34604
0,0,COM3D2OHx64_Data\level114,584140,CB01429E,34604
0,0,COM3D2OHx64_Data\level115,610172,C942820C,34604
0,0,COM3D2OHx64_Data\level116,608524,A952E522,34604
0,0,COM3D2OHx64_Data\level117,610308,18A17C35,34604
0,0,COM3D2OHx64_Data\level118,612748,10F45080,34604
0,0,COM3D2OHx64_Data\level119,544612,CEBE465B,34604
0,0,COM3D2OHx64_Data\level120,548940,A31810CE,34604
0,0,COM3D2OHx64_Data\level121,573804,2BF10E52,34604
0,0,COM3D2OHx64_Data\level122,605212,F95EE6E5,34604
0,0,COM3D2OHx64_Data\level123,574948,B57A8E7B,34604
0,0,COM3D2OHx64_Data\level124,578020,18B380B3,34604
0,0,COM3D2OHx64_Data\level125,566820,FA46F794,34604
0,0,COM3D2OHx64_Data\level126,606332,2A0574B9,34604
0,0,COM3D2OHx64_Data\level127,1100180,D274C530,34604
0,0,COM3D2OHx64_Data\resources.assets,529333020,1B2101A4,34604
0,0,COM3D2OHx64_Data\resources.assets.resS,2073195648,5811A673,34604
0,0,COM3D2OHx64_Data\resources.resource,1348992,64168176,34604
0,0,COM3D2OHx64_Data\RuntimeInitializeOnLoads.json,5033,28107410,34604
0,0,COM3D2OHx64_Data\ScriptingAssemblies.json,4320,117970F4,34604
0,0,COM3D2OHx64_Data\sharedassets0.assets,31770932,14508F86,34604
0,0,COM3D2OHx64_Data\sharedassets0.assets.resS,28071648,6B7564F2,34604
0,0,COM3D2OHx64_Data\sharedassets1.assets,2301,C0B6F0C3,34604
0,0,COM3D2OHx64_Data\sharedassets2.assets,2601,07505EA2,34604
0,0,COM3D2OHx64_Data\sharedassets3.assets,9009,89E0C28A,34604
0,0,COM3D2OHx64_Data\sharedassets4.assets,3333,CEB54441,34604
0,0,COM3D2OHx64_Data\sharedassets5.assets,2205,671B3286,34604
0,0,COM3D2OHx64_Data\sharedassets6.assets,3201,4FA73023,34604
0,0,COM3D2OHx64_Data\sharedassets7.assets,2133,2F3A513C,34604
0,0,COM3D2OHx64_Data\sharedassets8.assets,2541,F422F4A0,34604
0,0,COM3D2OHx64_Data\sharedassets9.assets,2325,063FAF9D,34604
0,0,COM3D2OHx64_Data\sharedassets10.assets,2721,B6783B33,34604
0,0,COM3D2OHx64_Data\sharedassets11.assets,553,54C3D381,34604
0,0,COM3D2OHx64_Data\sharedassets12.assets,2193,12D6FBB9,34604
0,0,COM3D2OHx64_Data\sharedassets13.assets,277,35C46347,34604
0,0,COM3D2OHx64_Data\sharedassets14.assets,2877,BA7D8419,34604
0,0,COM3D2OHx64_Data\sharedassets15.assets,2277,D17A6E7F,34604
0,0,COM3D2OHx64_Data\sharedassets16.assets,8841,6B9380BB,34604
0,0,COM3D2OHx64_Data\sharedassets17.assets,2373,6663B9AA,34604
0,0,COM3D2OHx64_Data\sharedassets18.assets,8877,B310D6CC,34604
0,0,COM3D2OHx64_Data\sharedassets19.assets,2361,75FADE31,34604
0,0,COM3D2OHx64_Data\sharedassets20.assets,3153,A8EB4F80,34604
0,0,COM3D2OHx64_Data\sharedassets21.assets,8853,C1783165,34604
0,0,COM3D2OHx64_Data\sharedassets22.assets,8853,C1783165,34604
0,0,COM3D2OHx64_Data\sharedassets23.assets,2648,2408FF4E,34604
0,0,COM3D2OHx64_Data\sharedassets24.assets,10456,711C998D,34604
0,0,COM3D2OHx64_Data\sharedassets25.assets,597,938181C9,34604
0,0,COM3D2OHx64_Data\sharedassets26.assets,501,95799A72,34604
0,0,COM3D2OHx64_Data\sharedassets27.assets,505,50826580,34604
0,0,COM3D2OHx64_Data\sharedassets28.assets,2137,EE76F525,34604
0,0,COM3D2OHx64_Data\sharedassets29.assets,8841,6EE2E7F6,34604
0,0,COM3D2OHx64_Data\sharedassets30.assets,8841,B58CA612,34604
0,0,COM3D2OHx64_Data\sharedassets31.assets,8841,97CBE612,34604
0,0,COM3D2OHx64_Data\sharedassets32.assets,5565,33F0BB12,34604
0,0,COM3D2OHx64_Data\sharedassets33.assets,5673,9B033052,34604
0,0,COM3D2OHx64_Data\sharedassets34.assets,5661,25B1476E,34604
0,0,COM3D2OHx64_Data\sharedassets35.assets,8925,8E402E03,34604
0,0,COM3D2OHx64_Data\sharedassets36.assets,5433,630FD541,34604
0,0,COM3D2OHx64_Data\sharedassets37.assets,5469,2FB97FB6,34604
0,0,COM3D2OHx64_Data\sharedassets38.assets,8925,8E402E03,34604
0,0,COM3D2OHx64_Data\sharedassets39.assets,5625,E081D24D,34604
0,0,COM3D2OHx64_Data\sharedassets40.assets,5493,9CBC07AD,34604
0,0,COM3D2OHx64_Data\sharedassets41.assets,5637,13966145,34604
0,0,COM3D2OHx64_Data\sharedassets42.assets,8841,485C3F97,34604
0,0,COM3D2OHx64_Data\sharedassets43.assets,5673,9B033052,34604
0,0,COM3D2OHx64_Data\sharedassets44.assets,5661,25B1476E,34604
0,0,COM3D2OHx64_Data\sharedassets45.assets,6450,43D71E96,34604
0,0,COM3D2OHx64_Data\sharedassets45.assets.resS,87408,84350FBB,34604
0,0,COM3D2OHx64_Data\sharedassets45.resource,41406086,938147B5,34604
0,0,COM3D2OHx64_Data\sharedassets46.assets,3362,90F69E43,34604
0,0,COM3D2OHx64_Data\sharedassets46.resource,36841226,318CE5DA,34604
0,0,COM3D2OHx64_Data\sharedassets47.assets,3322,694FEBDE,34604
0,0,COM3D2OHx64_Data\sharedassets47.resource,32680665,5F8810A9,34604
0,0,COM3D2OHx64_Data\sharedassets48.assets,17266,71A83CE8,34604
0,0,COM3D2OHx64_Data\sharedassets48.assets.resS,174784,C6783C52,34604
0,0,COM3D2OHx64_Data\sharedassets48.resource,35964702,CC2B1BFE,34604
0,0,COM3D2OHx64_Data\sharedassets49.assets,3346,E150F24C,34604
0,0,COM3D2OHx64_Data\sharedassets49.resource,40585017,61D6AACB,34604
0,0,COM3D2OHx64_Data\sharedassets50.assets,3562,ED3D151B,34604
0,0,COM3D2OHx64_Data\sharedassets50.resource,38610538,C2CDB3C3,34604
0,0,COM3D2OHx64_Data\sharedassets51.assets,3014356,BFDBACDA,34604
0,0,COM3D2OHx64_Data\sharedassets51.assets.resS,611744,E0F83BD4,34604
0,0,COM3D2OHx64_Data\sharedassets52.assets,5769,2115BAE9,34604
0,0,COM3D2OHx64_Data\sharedassets53.assets,2697,5FA7B563,34604
0,0,COM3D2OHx64_Data\sharedassets54.assets,2697,5FA7B563,34604
0,0,COM3D2OHx64_Data\sharedassets55.assets,2697,5FA7B563,34604
0,0,COM3D2OHx64_Data\sharedassets56.assets,8853,24DD6808,34604
0,0,COM3D2OHx64_Data\sharedassets57.assets,5673,37D4D464,34604
0,0,COM3D2OHx64_Data\sharedassets58.assets,2613,8E7EC479,34604
0,0,COM3D2OHx64_Data\sharedassets59.assets,55760,CED48F56,34604
0,0,COM3D2OHx64_Data\sharedassets59.assets.resS,174784,F8E8E9F8,34604
0,0,COM3D2OHx64_Data\sharedassets60.assets,2625,923EC3E2,34604
0,0,COM3D2OHx64_Data\sharedassets61.assets,756768,C0C8BFF8,34604
0,0,COM3D2OHx64_Data\sharedassets61.assets.resS,1310896,5596E62C,34604
0,0,COM3D2OHx64_Data\sharedassets61.resource,1657856,B35361D0,34604
0,0,COM3D2OHx64_Data\sharedassets62.assets,5541,73D0FA42,34604
0,0,COM3D2OHx64_Data\sharedassets63.assets,3415164,93AC4F5A,34604
0,0,COM3D2OHx64_Data\sharedassets63.assets.resS,6226160,5BDA7B19,34604
0,0,COM3D2OHx64_Data\sharedassets64.assets,2649,D5EE1BB9,34604
0,0,COM3D2OHx64_Data\sharedassets65.assets,10101,EA4E1007,34604
0,0,COM3D2OHx64_Data\sharedassets66.assets,5661,25B1476E,34604
0,0,COM3D2OHx64_Data\sharedassets67.assets,8877,108EAC3E,34604
0,0,COM3D2OHx64_Data\sharedassets68.assets,5661,39FD2C8E,34604
0,0,COM3D2OHx64_Data\sharedassets69.assets,8841,6EE2E7F6,34604
0,0,COM3D2OHx64_Data\sharedassets70.assets,5661,25B1476E,34604
0,0,COM3D2OHx64_Data\sharedassets71.assets,8877,108EAC3E,34604
0,0,COM3D2OHx64_Data\sharedassets72.assets,6609,8A76F64B,34604
0,0,COM3D2OHx64_Data\sharedassets73.assets,2973,B66185C2,34604
0,0,COM3D2OHx64_Data\sharedassets74.assets,2481,ABFB43B1,34604
0,0,COM3D2OHx64_Data\sharedassets75.assets,7876,6AE61C97,34604
0,0,COM3D2OHx64_Data\sharedassets75.resource,2729248,FCB8D689,34604
0,0,COM3D2OHx64_Data\sharedassets76.assets,7689,5D36F7EF,34604
0,0,COM3D2OHx64_Data\sharedassets77.assets,4389,EDF85000,34604
0,0,COM3D2OHx64_Data\sharedassets78.assets,3753,DD3B8C0F,34604
0,0,COM3D2OHx64_Data\sharedassets79.assets,352924,5F542968,34604
0,0,COM3D2OHx64_Data\sharedassets79.assets.resS,2272064,E37F670D,34604
0,0,COM3D2OHx64_Data\sharedassets79.resource,6236928,E2AEF877,34604
0,0,COM3D2OHx64_Data\sharedassets80.assets,6568072,EC0FB1F1,34604
0,0,COM3D2OHx64_Data\sharedassets80.assets.resS,10944,57B9B85D,34604
0,0,COM3D2OHx64_Data\sharedassets80.resource,2053248,CCA7A7B1,34604
0,0,COM3D2OHx64_Data\sharedassets81.assets,6525,1A8ED7A7,34604
0,0,COM3D2OHx64_Data\sharedassets82.assets,8985,F74DC9C6,34604
0,0,COM3D2OHx64_Data\sharedassets83.assets,5781,D41D60AB,34604
0,0,COM3D2OHx64_Data\sharedassets84.assets,5956,13AFA93B,34604
0,0,COM3D2OHx64_Data\sharedassets84.resource,1239072,9EF23F8B,34604
0,0,COM3D2OHx64_Data\sharedassets85.assets,9189,4920862E,34604
0,0,COM3D2OHx64_Data\sharedassets86.assets,9045,DAF351EA,34604
0,0,COM3D2OHx64_Data\sharedassets87.assets,5721,7A7CC8D4,34604
0,0,COM3D2OHx64_Data\sharedassets88.assets,9540,967E35FA,34604
0,0,COM3D2OHx64_Data\sharedassets88.resource,1500320,468304E6,34604
0,0,COM3D2OHx64_Data\sharedassets89.assets,6081,EADCFCD9,34604
0,0,COM3D2OHx64_Data\sharedassets90.assets,2853,8411575D,34604
0,0,COM3D2OHx64_Data\sharedassets91.assets,2853,8411575D,34604
0,0,COM3D2OHx64_Data\sharedassets92.assets,2769,30EA2761,34604
0,0,COM3D2OHx64_Data\sharedassets93.assets,2433,842DC716,34604
0,0,COM3D2OHx64_Data\sharedassets94.assets,2769,30EA2761,34604
0,0,COM3D2OHx64_Data\sharedassets95.assets,2865,88A1310E,34604
0,0,COM3D2OHx64_Data\sharedassets96.assets,2769,30EA2761,34604
0,0,COM3D2OHx64_Data\sharedassets97.assets,9021,287F9617,34604
0,0,COM3D2OHx64_Data\sharedassets98.assets,5709,0D306C7D,34604
0,0,COM3D2OHx64_Data\sharedassets99.assets,393656,CA20B794,34604
0,0,COM3D2OHx64_Data\sharedassets99.assets.resS,2184656,EE6A6E48,34604
0,0,COM3D2OHx64_Data\sharedassets100.assets,5940,AE1BCA18,34604
0,0,COM3D2OHx64_Data\sharedassets100.resource,2752064,01AB8E9E,34604
0,0,COM3D2OHx64_Data\sharedassets101.assets,9117,62F03266,34604
0,0,COM3D2OHx64_Data\sharedassets102.assets,9105,3683C2F3,34604
0,0,COM3D2OHx64_Data\sharedassets103.assets,5781,B00AB3DA,34604
0,0,COM3D2OHx64_Data\sharedassets104.assets,3316,3ACB24AD,34604
0,0,COM3D2OHx64_Data\sharedassets104.resource,6331360,376DAB75,34604
0,0,COM3D2OHx64_Data\sharedassets105.assets,3189,A60F0D83,34604
0,0,COM3D2OHx64_Data\sharedassets106.assets,83284,CB64B015,34604
0,0,COM3D2OHx64_Data\sharedassets106.resource,8838560,027F254D,34604
0,0,COM3D2OHx64_Data\sharedassets107.assets,4341,3C4B297D,34604
0,0,COM3D2OHx64_Data\sharedassets108.assets,7425,042A3B1D,34604
0,0,COM3D2OHx64_Data\sharedassets109.assets,4233,32E0F416,34604
0,0,COM3D2OHx64_Data\sharedassets110.assets,613456,4C098820,34604
0,0,COM3D2OHx64_Data\sharedassets110.assets.resS,6138656,2613FE39,34604
0,0,COM3D2OHx64_Data\sharedassets111.assets,2649,9DA6078A,34604
0,0,COM3D2OHx64_Data\sharedassets112.assets,3213,2773D83D,34604
0,0,COM3D2OHx64_Data\sharedassets113.assets,3117,4A2EE6F3,34604
0,0,COM3D2OHx64_Data\sharedassets114.assets,3117,4A2EE6F3,34604
0,0,COM3D2OHx64_Data\sharedassets115.assets,3117,4A2EE6F3,34604
0,0,COM3D2OHx64_Data\sharedassets116.assets,3117,4A2EE6F3,34604
0,0,COM3D2OHx64_Data\sharedassets117.assets,3117,4A2EE6F3,34604
0,0,COM3D2OHx64_Data\sharedassets118.assets,3117,4A2EE6F3,34604
0,0,COM3D2OHx64_Data\sharedassets119.assets,2769,30EA2761,34604
0,0,COM3D2OHx64_Data\sharedassets120.assets,2769,30EA2761,34604
0,0,COM3D2OHx64_Data\sharedassets121.assets,2769,30EA2761,34604
0,0,COM3D2OHx64_Data\sharedassets122.assets,2769,30EA2761,34604
0,0,COM3D2OHx64_Data\sharedassets123.assets,2769,30EA2761,34604
0,0,COM3D2OHx64_Data\sharedassets124.assets,2769,30EA2761,34604
0,0,COM3D2OHx64_Data\sharedassets125.assets,2769,30EA2761,34604
0,0,COM3D2OHx64_Data\sharedassets126.assets,3117,4A2EE6F3,34604
0,0,COM3D2OHx64_Data\sharedassets127.assets,210016,9AF46991,34604
0,0,COM3D2OHx64_Data\sharedassets127.assets.resS,174784,F8825DB8,34604
0,0,MonoBleedingEdge\EmbedRuntime\mono-2.0-bdwgc.dll,7897520,FE7710D9,34604
0,0,MonoBleedingEdge\EmbedRuntime\MonoPosixHelper.dll,611240,4AE2D700,34604
0,0,MonoBleedingEdge\etc\mono\2.0\Browsers\Compat.browser,1605,2E178A0B,34604
0,0,MonoBleedingEdge\etc\mono\2.0\DefaultWsdlHelpGenerator.aspx,60575,95F9D0B4,34604
0,0,MonoBleedingEdge\etc\mono\2.0\machine.config,29066,42543B8B,34604
0,0,MonoBleedingEdge\etc\mono\2.0\settings.map,2622,AD5340F9,34604
0,0,MonoBleedingEdge\etc\mono\2.0\web.config,11635,1A75EBAD,34604
0,0,MonoBleedingEdge\etc\mono\4.0\Browsers\Compat.browser,1605,2E178A0B,34604
0,0,MonoBleedingEdge\etc\mono\4.0\DefaultWsdlHelpGenerator.aspx,60575,95F9D0B4,34604
0,0,MonoBleedingEdge\etc\mono\4.0\machine.config,33598,86F603C4,34604
0,0,MonoBleedingEdge\etc\mono\4.0\settings.map,2622,DC24A240,34604
0,0,MonoBleedingEdge\etc\mono\4.0\web.config,18802,36D8BA3E,34604
0,0,MonoBleedingEdge\etc\mono\4.5\Browsers\Compat.browser,1605,2E178A0B,34604
0,0,MonoBleedingEdge\etc\mono\4.5\DefaultWsdlHelpGenerator.aspx,60575,95F9D0B4,34604
0,0,MonoBleedingEdge\etc\mono\4.5\machine.config,34056,C446A9EB,34604
0,0,MonoBleedingEdge\etc\mono\4.5\settings.map,2622,DC24A240,34604
0,0,MonoBleedingEdge\etc\mono\4.5\web.config,18811,4F48BC13,34604
0,0,MonoBleedingEdge\etc\mono\mconfig\config.xml,25817,80B2033A,34604
0,0,MonoBleedingEdge\etc\mono\browscap.ini,311984,CE6C0AB3,34604
0,0,MonoBleedingEdge\etc\mono\config,3815,88FA6D93,34604
0,0,COM3D2OHx64.exe,666624,D2BCD96C,34604
0,0,UnityCrashHandler64.exe,1185192,C66B68F9,34604
0,0,UnityPlayer.dll,31100840,07C78E1D,34604
share,../com3d2data\GameData\cbl\csv_cbl.arc,GameData\csv_cbl.arc,1459428,93E2C4B5,24608
share,../com3d2data\GameData\cbl\script_cbl.arc,GameData\script_cbl.arc,7506084,B443FA0F,24608
share,../com3d2data\GameData\patch\csv.arc,GameData\csv.arc,46917523,E02D5E35,24608
share,../com3d2data\GameData\patch\parts_accswim_2.arc,GameData\parts_accswim_2.arc,632583,471CEBD0,24602
share,../com3d2data\GameData\patch\parts_cas010_2.arc,GameData\parts_cas010_2.arc,93958,ADCDBA70,24602
share,../com3d2data\GameData\patch\parts_cas036_2.arc,GameData\parts_cas036_2.arc,15704835,CD57DF9C,24602
share,../com3d2data\GameData\patch\parts_dlc294_2.arc,GameData\parts_dlc294_2.arc,292392,A6792345,24602
share,../com3d2data\GameData\patch\parts_dlc323_2.arc,GameData\parts_dlc323_2.arc,13010,FB567E19,24604
share,../com3d2data\GameData\patch\parts_dlc414_2.arc,GameData\parts_dlc414_2.arc,9253469,53EBD9B0,24604
share,../com3d2data\GameData\patch\parts_dlc437_2.arc,GameData\parts_dlc437_2.arc,22395183,B1FD5507,24602
share,../com3d2data\GameData\patch\parts_dlc499_2.arc,GameData\parts_dlc499_2.arc,1220039,0113B53A,24604
share,../com3d2data\GameData\patch\parts_dlc512_2.arc,GameData\parts_dlc512_2.arc,464857,B5295780,24603
share,../com3d2data\GameData\patch\parts_dlc551_2.arc,GameData\parts_dlc551_2.arc,329289,A347A4A3,24602
share,../com3d2data\GameData\patch\parts2.arc,GameData\parts2.arc,231871511,F34E9B24,24607
share,../com3d2data\GameData\patch\paths.dat,GameData\paths.dat,20654,3C675ED1,24608
share,../com3d2data\GameData\patch\prioritymaterial.arc,GameData\prioritymaterial.arc,887893,294E3E74,24604
share,../com3d2data\GameData\patch\system_chronicle_2.arc,GameData\system_chronicle_2.arc,1037290,A3BFB94D,24602
share,../com3d2data\GameData\patch\system_cw011_2.arc,GameData\system_cw011_2.arc,282393133,ABF7D7AC,24604
share,../com3d2data\GameData\patch\system2.arc,GameData\system2.arc,113629922,D3104638,24603
share,../com3d2data\GameData_20\material_cas036_2.arc,GameData_20\material_cas036_2.arc,6578,757441C2,1751
share,../com3d2data\GameData_20\material_magazine001_2.arc,GameData_20\material_magazine001_2.arc,10312250,FC1938E9,1751
share,../com3d2data\GameData_20\menu_dlc294_2.arc,GameData_20\menu_dlc294_2.arc,1234,324EC8C6,1751
share,../com3d2data\GameData_20\menu_dlc323_2.arc,GameData_20\menu_dlc323_2.arc,3666,C13032B8,1752
share,../com3d2data\GameData_20\model_cas010_2.arc,GameData_20\model_cas010_2.arc,92792,23A38F6A,1751
share,../com3d2data\GameData_20\model_cas036_2.arc,GameData_20\model_cas036_2.arc,1489264,436406D4,1751
share,../com3d2data\GameData_20\model_dlc028_2.arc,GameData_20\model_dlc028_2.arc,1608201,B20E1DD0,1752
share,../com3d2data\GameData_20\model_dlc037_2.arc,GameData_20\model_dlc037_2.arc,1743109,5ACA4EE6,1752
share,../com3d2data\GameData_20\model_dlc114_2.arc,GameData_20\model_dlc114_2.arc,313631,F9381ABD,1751
share,../com3d2data\GameData_20\model_dlc294_2.arc,GameData_20\model_dlc294_2.arc,89184,DA8FCA88,1751
share,../com3d2data\GameData_20\model_dlc414_2.arc,GameData_20\model_dlc414_2.arc,955367,D4DC9841,1752
share,../com3d2data\GameData_20\model_dlc437_2.arc,GameData_20\model_dlc437_2.arc,509448,A85B419B,1751
share,../com3d2data\GameData_20\model_dlc499_2.arc,GameData_20\model_dlc499_2.arc,1217029,01F20E86,1752
share,../com3d2data\GameData_20\model_dlc512_2.arc,GameData_20\model_dlc512_2.arc,463683,B099D4C1,1752
share,../com3d2data\GameData_20\model_dlc551_2.arc,GameData_20\model_dlc551_2.arc,328698,9D6D370C,1751
share,../com3d2data\GameData_20\paths.dat,GameData_20\paths.dat,15523,C9578091,1843
share,../com3d2data\GameData_20\prioritymaterial.arc,GameData_20\prioritymaterial.arc,457344,0A21BE9D,1843
share,../com3d2data\GameData_20\texture_dlc323_2.arc,GameData_20\texture_dlc323_2.arc,10482,F3B8882B,1752
