0,0,CM3D2OH.exe,7707136,A913B79B,1007
0,0,CM3D2OHx64.exe,14916096,9613C3D0,138
0,0,CM3D2OHx64_Data\level0,166824,9DC52DF7,1380
0,0,CM3D2OHx64_Data\level1,234968,C9A22923,1380
0,0,CM3D2OHx64_Data\level10,4376,FB5B34EE,1380
0,0,CM3D2OHx64_Data\level11,155632,F1D8B42B,1380
0,0,CM3D2OHx64_Data\level12,4376,E4DE6441,1380
0,0,CM3D2OHx64_Data\level13,169208,77F5212F,1380
0,0,CM3D2OHx64_Data\level14,231328,DF683CF3,1380
0,0,CM3D2OHx64_Data\level15,367800,12723A1C,1380
0,0,CM3D2OHx64_Data\level16,173040,E5FB93CA,1380
0,0,CM3D2OHx64_Data\level17,445424,10D84182,1380
0,0,CM3D2OHx64_Data\level18,216144,AFB3E8AA,1380
0,0,CM3D2OHx64_Data\level19,554016,7CE6E68A,1380
0,0,CM3D2OHx64_Data\level2,490488,B1CC42CA,1380
0,0,CM3D2OHx64_Data\level20,1057152,794C831A,1380
0,0,CM3D2OHx64_Data\level21,433216,178CCDA5,1380
0,0,CM3D2OHx64_Data\level22,503576,27C0276E,1380
0,0,CM3D2OHx64_Data\level23,688112,758E3F98,1380
0,0,CM3D2OHx64_Data\level24,607792,52AFC6ED,1380
0,0,CM3D2OHx64_Data\level3,560368,902BBC6E,1380
0,0,CM3D2OHx64_Data\level4,152976,D8618149,1380
0,0,CM3D2OHx64_Data\level5,189592,0A07DED3,1380
0,0,CM3D2OHx64_Data\level6,152568,C74812DA,1380
0,0,CM3D2OHx64_Data\level7,176912,A685AE8C,1380
0,0,CM3D2OHx64_Data\level8,152984,12AF8792,1380
0,0,CM3D2OHx64_Data\level9,455240,0185EA87,1380
0,0,CM3D2OHx64_Data\mainData,1084480,4FB1BEE8,1380
0,0,CM3D2OHx64_Data\PlayerConnectionConfigFile,21,5EBBA349,1380
0,0,CM3D2OHx64_Data\resources.assets,296786800,3DF9F6BD,1380
0,0,CM3D2OHx64_Data\sharedassets0.assets,241517544,0ED2FD1C,1380
0,0,CM3D2OHx64_Data\sharedassets1.assets,6649432,4E3032B4,1380
0,0,CM3D2OHx64_Data\sharedassets10.assets,4554008,21170C5F,1380
0,0,CM3D2OHx64_Data\sharedassets11.assets,4112,CAD00758,1380
0,0,CM3D2OHx64_Data\sharedassets12.assets,4200984,C34A8E66,1380
0,0,CM3D2OHx64_Data\sharedassets13.assets,4112,1751D5C7,1380
0,0,CM3D2OHx64_Data\sharedassets14.assets,119196164,A1C171B9,1380
0,0,CM3D2OHx64_Data\sharedassets15.assets,3691836,A5D530FF,1380
0,0,CM3D2OHx64_Data\sharedassets16.assets,275140,F4A2D679,1380
0,0,CM3D2OHx64_Data\sharedassets17.assets,5408,B8DFC2AE,1380
0,0,CM3D2OHx64_Data\sharedassets18.assets,72712,644A62A5,1380
0,0,CM3D2OHx64_Data\sharedassets19.assets,5496,0BFFD39A,1380
0,0,CM3D2OHx64_Data\sharedassets2.assets,10497844,188ACCDC,1380
0,0,CM3D2OHx64_Data\sharedassets20.assets,1423828,F931686D,1380
0,0,CM3D2OHx64_Data\sharedassets21.assets,5598924,35A4D306,1380
0,0,CM3D2OHx64_Data\sharedassets22.assets,39509552,20360112,1380
0,0,CM3D2OHx64_Data\sharedassets23.assets,67724960,C96AEC89,1380
0,0,CM3D2OHx64_Data\sharedassets24.assets,67946676,4CA9ACC3,1380
0,0,CM3D2OHx64_Data\sharedassets25.assets,57361460,A2781C46,1380
0,0,CM3D2OHx64_Data\sharedassets3.assets,34784244,50E23AAF,1380
0,0,CM3D2OHx64_Data\sharedassets4.assets,6952228,D2D0A1F9,1380
0,0,CM3D2OHx64_Data\sharedassets5.assets,503424,F534FD4C,1380
0,0,CM3D2OHx64_Data\sharedassets6.assets,11891636,142D94D6,1380
0,0,CM3D2OHx64_Data\sharedassets7.assets,466396,ACC06596,1380
0,0,CM3D2OHx64_Data\sharedassets8.assets,5368,60B0A3A5,1380
0,0,CM3D2OHx64_Data\sharedassets9.assets,927488,C2CCEF09,1380
0,0,CM3D2OHx64_Data\Managed\Accessibility.dll,10752,C80413DC,1380
0,0,CM3D2OHx64_Data\Managed\Assembly-CSharp-firstpass.dll,455680,6BD10CA7,1380
0,0,CM3D2OHx64_Data\Managed\Assembly-CSharp.dll,2220544,32097EDC,1380
0,0,CM3D2OHx64_Data\Managed\Assembly-UnityScript-firstpass.dll,65024,FB4E72EA,1380
0,0,CM3D2OHx64_Data\Managed\Boo.Lang.dll,126976,E379C12B,1380
0,0,CM3D2OHx64_Data\Managed\JsonFx.Json.dll,70144,A0F0CFCB,1380
0,0,CM3D2OHx64_Data\Managed\Mono.Data.Tds.dll,96256,10E297D4,1380
0,0,CM3D2OHx64_Data\Managed\Mono.Posix.dll,184320,82B6C163,1380
0,0,CM3D2OHx64_Data\Managed\Mono.Security.dll,294912,C759B90F,1380
0,0,CM3D2OHx64_Data\Managed\Mono.WebBrowser.dll,172032,3BD66294,1380
0,0,CM3D2OHx64_Data\Managed\mscorlib.dll,2590208,54064D59,1380
0,0,CM3D2OHx64_Data\Managed\System.Configuration.dll,124928,CA10261D,1380
0,0,CM3D2OHx64_Data\Managed\System.Core.dll,300032,615F5AFE,1380
0,0,CM3D2OHx64_Data\Managed\System.Data.dll,856064,E7FF9373,1380
0,0,CM3D2OHx64_Data\Managed\System.dll,1678848,0F9C1035,1380
0,0,CM3D2OHx64_Data\Managed\System.Drawing.Design.dll,29696,E7B53FF9,1380
0,0,CM3D2OHx64_Data\Managed\System.Drawing.dll,448512,C4B2E872,1380
0,0,CM3D2OHx64_Data\Managed\System.EnterpriseServices.dll,46592,4FFDA4D6,1380
0,0,CM3D2OHx64_Data\Managed\System.Security.dll,135168,B020F0F1,1380
0,0,CM3D2OHx64_Data\Managed\System.Transactions.dll,27648,E3B069A5,1380
0,0,CM3D2OHx64_Data\Managed\System.Windows.Forms.dll,3053568,56394001,1380
0,0,CM3D2OHx64_Data\Managed\System.Xml.dll,1270272,C76991B8,1380
0,0,CM3D2OHx64_Data\Managed\System.Xml.Linq.dll,106496,1E91F41B,1380
0,0,CM3D2OHx64_Data\Managed\UnityEngine.dll,614912,78BD0E4B,1380
0,0,CM3D2OHx64_Data\Managed\UnityEngine.UI.dll,176128,59066003,1380
0,0,CM3D2OHx64_Data\Managed\UnityScript.Lang.dll,14336,7309FF69,1380
0,0,CM3D2OHx64_Data\Mono\mono.dll,2601984,92A930A2,1380
0,0,CM3D2OHx64_Data\Mono\etc\mono\browscap.ini,311984,CE6C0AB3,1380
0,0,CM3D2OHx64_Data\Mono\etc\mono\config,1691,A635914A,1380
0,0,CM3D2OHx64_Data\Mono\etc\mono\1.0\DefaultWsdlHelpGenerator.aspx,58196,10E814BF,1380
0,0,CM3D2OHx64_Data\Mono\etc\mono\1.0\machine.config,17259,82F1AD8B,1380
0,0,CM3D2OHx64_Data\Mono\etc\mono\2.0\DefaultWsdlHelpGenerator.aspx,60453,F3869A34,1380
0,0,CM3D2OHx64_Data\Mono\etc\mono\2.0\machine.config,27626,4F6C3F79,1380
0,0,CM3D2OHx64_Data\Mono\etc\mono\2.0\settings.map,2618,A1A3C29F,1380
0,0,CM3D2OHx64_Data\Mono\etc\mono\2.0\web.config,11686,534A9960,1380
0,0,CM3D2OHx64_Data\Mono\etc\mono\2.0\Browsers\Compat.browser,1605,2E178A0B,1380
0,0,CM3D2OHx64_Data\Mono\etc\mono\mconfig\config.xml,25817,80B2033A,1380
0,0,CM3D2OHx64_Data\Plugins\cm3d2_hole_x64.dll,339968,09BB14AC,1380
0,0,CM3D2OHx64_Data\Plugins\cm3d2_x64.dll,1522176,19CB31E0,1380
0,0,CM3D2OHx64_Data\Plugins\device_hook.dll,116224,52D7B853,1380
0,0,CM3D2OHx64_Data\Resources\unity default resources,1571709,31020360,1380
0,0,CM3D2OHx64_Data\Resources\unity_builtin_extra,372672,72A6CE0B,1380
0,0,GameData\bg_pp001_2.arc,1237157,C9D912F7,1220
0,0,GameData\csv.arc,2550032,6FB9C5D5,1380
0,0,GameData\csv_addpose001.arc,1235,D06FCA6D,1220
0,0,GameData\csv_cbl.arc,615327,5F994E94,1380
0,0,GameData\csv_pp001_2.arc,10034,29181748,1370
0,0,GameData\csv_vp001_2.arc,2082,25E58CEB,1160
0,0,GameData\material2.arc,207669,1E308A48,1313
0,0,GameData\material_denkigai2015s003_2.arc,7106,0C82D791,1150
0,0,GameData\material_denkigai2015wTowelR.arc,1602,618192B9,1360
0,0,GameData\material_dlc055_2.arc,5282,11A93109,1280
0,0,GameData\material_dlsite_2.arc,1762,C5A837EA,1150
0,0,GameData\material_shop001_2.arc,1762,D98CED1C,1150
0,0,GameData\material_shop002_2.arc,1762,956BB00E,1150
0,0,GameData\material_shop003_2.arc,1762,38CEBFF2,1150
0,0,GameData\material_shop005_2.arc,1714,3E621A32,1150
0,0,GameData\material_shop007_2.arc,2578,C8CE627C,1150
0,0,GameData\material_vp001_2.arc,9554,066C9CA9,1150
0,0,GameData\material_yomeido003_2.arc,1522,0689A7AC,1240
0,0,GameData\menu2.arc,228225,D2CC7AE2,1380
0,0,GameData\menu_denkigai2015s001_2.arc,6594,8B3E849F,1160
0,0,GameData\menu_denkigai2015s003_2.arc,4338,D294CE88,1150
0,0,GameData\menu_denkigai2015wTowelR.arc,1282,CECEE1FC,1360
0,0,GameData\menu_dlc026_2.arc,3778,69453D54,1190
0,0,GameData\menu_dlc028_2.arc,3874,DE3F1C31,1200
0,0,GameData\menu_dlc041_2.arc,6786,97F738D3,1380
0,0,GameData\menu_dlc061_2.arc,3810,F99C1D4E,1290
0,0,GameData\menu_dlc065_2.arc,7602,D9387834,1380
0,0,GameData\menu_dlc074_2.arc,5618,24C559D7,1312
0,0,GameData\menu_dlsite_2.arc,1954,B2268BA7,1150
0,0,GameData\menu_personal002_2.arc,1282,5687650C,1310
0,0,GameData\menu_shop001_2.arc,3314,35207C87,1150
0,0,GameData\menu_shop005_2.arc,1378,0C9AF725,1150
0,0,GameData\menu_vp001_2.arc,18546,5FFF33DA,1150
0,0,GameData\menu_yomeido003_2.arc,1234,4D6F619D,1240
0,0,GameData\menu_yomeidogp_wedding_2.arc,3954,C251B12C,1320
0,0,GameData\model2.arc,11100629,7C2AD9D9,1331
0,0,GameData\model_denkigai2015s003_2.arc,394665,41A48185,1150
0,0,GameData\model_denkigai2015wTowelR.arc,38258,FB570A24,1360
0,0,GameData\model_dlc005_2.arc,175424,F7DD7D82,1270
0,0,GameData\model_dlc046_2.arc,155690,83B34173,1220
0,0,GameData\model_dlc073_2.arc,267037,47D33A06,1320
0,0,GameData\model_dlsite_2.arc,197173,24366C43,1150
0,0,GameData\model_shop001_2.arc,115215,9C941FAF,1150
0,0,GameData\model_shop002_2.arc,251253,743C3D97,1150
0,0,GameData\model_shop003_2.arc,185433,A15EC70A,1150
0,0,GameData\model_shop005_2.arc,150103,FB5341FA,1150
0,0,GameData\model_shop007_2.arc,288759,80615CBD,1150
0,0,GameData\model_vp001_2.arc,290407,A19508D6,1150
0,0,GameData\motion_cbl2.arc,18781367,96E0D475,1380
0,0,GameData\motion_cbl_addpose001.arc,902201,447E5863,1220
0,0,GameData\motion_cbl_pp002_2.arc,62463881,9CEF1E84,1360
0,0,GameData\motion_cbl_vp001_2.arc,141603,80D0D160,1160
0,0,GameData\motion_cbl_ytgc003_2.arc,296091,68096F71,1340
0,0,GameData\motion_cbl_ytgc002_2.arc,2475220,008FABF0,1160
0,0,GameData\paths.dat,2327,ABBB29E0,1380
0,0,GameData\prioritymaterial.arc,129404,8F833838,1380
0,0,GameData\script_cbl.arc,2186328,05BA30B7,1380
0,0,GameData\script_cbl_addpose001.arc,1219,0C884F57,1220
0,0,GameData\script_cbl_denkigai2016s_2.arc,81434,8C81CD11,1370
0,0,GameData\script_cbl_denkigai2016sSukumizu_2.arc,28002,5783CE35,1370
0,0,GameData\script_cbl_personal001_2.arc,340451,B4150145,1260
0,0,GameData\texture3.arc,8309676,4D1D3FA9,1340
0,0,GameData\texture_addpose001.arc,23943,1D529A44,1220
0,0,GameData\texture_denkigai2015wTowelR.arc,133065,FE4BDC34,1360
0,0,GameData\texture_dlc004_2.arc,4805734,C8E5CFB4,1200
0,0,GameData\texture_dlc046_2.arc,596960,FC606BA5,1220
0,0,GameData\texture_vp001_2.arc,562695,D458C6A6,1300
0,0,GameData\texture_yomeido003_2.arc,117248,0EE72B42,1240
0,0,GameData\sound2.arc,12017684,3FAA939B,1330
0,0,GameData\voice_cbl2.arc,9627083,76D43E7B,1090
0,0,manual\data\005.png,459612,3AF928C5,1170
0,0,manual\data\010.png,800070,5269304C,1170
0,0,PhotoModeData\Mod\Motion\readme.txt,146,3BF5AF4D,1220
0,0,Preset\8_ren_1_yosiko.preset,55432,D54FD70C,1220
0,0,Preset\8_ren_2_ayumi.preset,51097,3C44F9DB,1220
0,0,Preset\8_ren_3_sakura.preset,52635,33F54D90,1220
0,0,Preset\8_ren_4_ai.preset,46819,9B6E5960,1220
