0,0,COM3D2.exe,6607360,9C604F0A,2005
0,0,COM3D2x64.exe,22841856,A9562BF9,1150
0,0,LICENSE,31205,24BAD003,1150
0,0,COM3D2x64_Data\app.info,27,F9A266E7,1150
0,0,COM3D2x64_Data\globalgamemanagers,4066820,A07B87D2,1150
0,0,COM3D2x64_Data\globalgamemanagers.assets,213828,279A9ABB,1150
0,0,COM3D2x64_Data\level0,268972,7D9E198F,1150
0,0,COM3D2x64_Data\level1,285620,A5FEF13E,1150
0,0,COM3D2x64_Data\level10,293932,DDE6A0F6,1150
0,0,COM3D2x64_Data\level11,269484,A95180D9,1150
0,0,COM3D2x64_Data\level12,334204,FD27F916,1150
0,0,COM3D2x64_Data\level13,270452,59F2C972,1150
0,0,COM3D2x64_Data\level14,726716,6858B467,1150
0,0,COM3D2x64_Data\level15,6948,91E7CA6D,1150
0,0,COM3D2x64_Data\level16,271412,4997D1BE,1150
0,0,COM3D2x64_Data\level17,4664,5C22D476,1150
0,0,COM3D2x64_Data\level18,288116,8FF97730,1150
0,0,COM3D2x64_Data\level19,276292,4C679997,1150
0,0,COM3D2x64_Data\level2,286948,CA71B48C,1150
0,0,COM3D2x64_Data\level20,893908,9AD5EB72,1150
0,0,COM3D2x64_Data\level21,348084,E8A2A758,1150
0,0,COM3D2x64_Data\level22,1023548,631CD9FD,1150
0,0,COM3D2x64_Data\level23,348732,971B4181,1150
0,0,COM3D2x64_Data\level24,545404,4913FF87,1150
0,0,COM3D2x64_Data\level25,291452,5C04C00F,1150
0,0,COM3D2x64_Data\level26,1917284,A0B6153F,1150
0,0,COM3D2x64_Data\level27,1053556,23F0E057,1150
0,0,COM3D2x64_Data\level28,291452,EFF31432,1150
0,0,COM3D2x64_Data\level29,1026852,0E223484,1150
0,0,COM3D2x64_Data\level3,1064836,F2DE18DC,1150
0,0,COM3D2x64_Data\level30,284076,E0C3CA92,1150
0,0,COM3D2x64_Data\level31,391124,54E61B93,1150
0,0,COM3D2x64_Data\level32,27904,EB4E6528,1150
0,0,COM3D2x64_Data\level32.resS,131232,437C95D8,1150
0,0,COM3D2x64_Data\level33,51676,B4115376,1150
0,0,COM3D2x64_Data\level34,56036,BBDB3E46,1150
0,0,COM3D2x64_Data\level35,6832,A7423573,1150
0,0,COM3D2x64_Data\level36,269876,CDCE1809,1150
0,0,COM3D2x64_Data\level37,1514852,DA98AEF0,1150
0,0,COM3D2x64_Data\level38,1371500,78215578,1150
0,0,COM3D2x64_Data\level39,1393084,6432A0C4,1150
0,0,COM3D2x64_Data\level4,1151396,919BA982,1150
0,0,COM3D2x64_Data\level40,364580,2A55F458,1150
0,0,COM3D2x64_Data\level41,327652,73263902,1150
0,0,COM3D2x64_Data\level42,353948,78E43391,1150
0,0,COM3D2x64_Data\level43,1288332,68FDD446,1150
0,0,COM3D2x64_Data\level44,1352788,EA8F565C,1150
0,0,COM3D2x64_Data\level45,1478196,3113ADAA,1150
0,0,COM3D2x64_Data\level46,357500,EAB202E4,1150
0,0,COM3D2x64_Data\level47,320396,2E1E840D,1150
0,0,COM3D2x64_Data\level48,380532,92CEEC23,1150
0,0,COM3D2x64_Data\level49,338572,791D345C,1150
0,0,COM3D2x64_Data\level5,1096500,8D3906ED,1150
0,0,COM3D2x64_Data\level50,1313236,9ABD6347,1150
0,0,COM3D2x64_Data\level51,322316,3B247903,1150
0,0,COM3D2x64_Data\level52,569356,D8CE8874,1150
0,0,COM3D2x64_Data\level53,449652,D56C96B5,1150
0,0,COM3D2x64_Data\level54,291764,694DFA4B,1150
0,0,COM3D2x64_Data\level55,1215196,F77C917B,1150
0,0,COM3D2x64_Data\level56,965828,5273E84B,1150
0,0,COM3D2x64_Data\level57,973116,6D2F9600,1150
0,0,COM3D2x64_Data\level58,1215196,2F18E223,1150
0,0,COM3D2x64_Data\level59,1095796,E2554398,1150
0,0,COM3D2x64_Data\level6,269956,09FD12F3,1150
0,0,COM3D2x64_Data\level60,884364,F071F9FE,1150
0,0,COM3D2x64_Data\level61,1170764,E6AF124F,1150
0,0,COM3D2x64_Data\level62,1271780,A8397F63,1150
0,0,COM3D2x64_Data\level63,624828,E4D218B1,1150
0,0,COM3D2x64_Data\level64,856588,9E0E33A5,1150
0,0,COM3D2x64_Data\level65,344748,1B7830C2,1150
0,0,COM3D2x64_Data\level66,341116,6F63166F,1150
0,0,COM3D2x64_Data\level67,384820,08440E2B,1150
0,0,COM3D2x64_Data\level68,406956,7557860A,1150
0,0,COM3D2x64_Data\level69,335348,A39A1444,1150
0,0,COM3D2x64_Data\level7,832108,0A65722F,1150
0,0,COM3D2x64_Data\level70,395308,D46C7EA6,1150
0,0,COM3D2x64_Data\level71,978764,E96EB126,1150
0,0,COM3D2x64_Data\level72,903164,BFF10DE3,1150
0,0,COM3D2x64_Data\level73,388036,B3224E93,1150
0,0,COM3D2x64_Data\level74,410180,D03B18AD,1150
0,0,COM3D2x64_Data\level75,400756,3A243539,1150
0,0,COM3D2x64_Data\level8,299932,106D6B4E,1150
0,0,COM3D2x64_Data\level9,357532,6812E8A7,1150
0,0,COM3D2x64_Data\resources.assets,384749040,FED05790,1150
0,0,COM3D2x64_Data\resources.assets.resS,1640846432,3B92E044,1150
0,0,COM3D2x64_Data\resources.resource,692096,84F04AA0,1150
0,0,COM3D2x64_Data\sharedassets0.assets,115224736,79904FD5,1150
0,0,COM3D2x64_Data\sharedassets0.assets.resS,121744416,342139C8,1150
0,0,COM3D2x64_Data\sharedassets1.assets,6208,934E6BB5,1150
0,0,COM3D2x64_Data\sharedassets10.assets,6076,0CDA4E51,1150
0,0,COM3D2x64_Data\sharedassets11.assets,6052,61A70F96,1150
0,0,COM3D2x64_Data\sharedassets12.assets,6292,0B9AE304,1150
0,0,COM3D2x64_Data\sharedassets13.assets,6100,925BF942,1150
0,0,COM3D2x64_Data\sharedassets14.assets,6676,70962972,1150
0,0,COM3D2x64_Data\sharedassets15.assets,4540,43099CE1,1150
0,0,COM3D2x64_Data\sharedassets16.assets,6112,3863FF8E,1150
0,0,COM3D2x64_Data\sharedassets17.assets,4132,F4998E54,1150
0,0,COM3D2x64_Data\sharedassets18.assets,6832,39AE34EC,1150
0,0,COM3D2x64_Data\sharedassets19.assets,6172,43860370,1150
0,0,COM3D2x64_Data\sharedassets2.assets,6256,4B6BDA17,1150
0,0,COM3D2x64_Data\sharedassets20.assets,12352,B6A44951,1150
0,0,COM3D2x64_Data\sharedassets21.assets,6256,B30145F6,1150
0,0,COM3D2x64_Data\sharedassets22.assets,12580,C3ADD6AE,1150
0,0,COM3D2x64_Data\sharedassets23.assets,6280,7601264A,1150
0,0,COM3D2x64_Data\sharedassets24.assets,6400,136625D8,1150
0,0,COM3D2x64_Data\sharedassets25.assets,6148,D3716618,1150
0,0,COM3D2x64_Data\sharedassets26.assets,7060,140DC525,1150
0,0,COM3D2x64_Data\sharedassets27.assets,12556,CB95C438,1150
0,0,COM3D2x64_Data\sharedassets28.assets,6148,9360F892,1150
0,0,COM3D2x64_Data\sharedassets29.assets,12556,CB95C438,1150
0,0,COM3D2x64_Data\sharedassets3.assets,7840,A16D46AB,1150
0,0,COM3D2x64_Data\sharedassets30.assets,6076,7FF137A5,1150
0,0,COM3D2x64_Data\sharedassets31.assets,18126824,2FB3BB93,1150
0,0,COM3D2x64_Data\sharedassets32.assets,12328,8021031B,1150
0,0,COM3D2x64_Data\sharedassets33.assets,4420,B7A08E9D,1150
0,0,COM3D2x64_Data\sharedassets34.assets,4324,A5938796,1150
0,0,COM3D2x64_Data\sharedassets35.assets,4264,5F313DDF,1150
0,0,COM3D2x64_Data\sharedassets36.assets,6088,F1BB2D57,1150
0,0,COM3D2x64_Data\sharedassets37.assets,12352,E0D04975,1150
0,0,COM3D2x64_Data\sharedassets38.assets,12352,F712BCC1,1150
0,0,COM3D2x64_Data\sharedassets39.assets,12352,B2869835,1150
0,0,COM3D2x64_Data\sharedassets4.assets,12808,6ACC5F6E,1150
0,0,COM3D2x64_Data\sharedassets40.assets,7156,3C521BA6,1150
0,0,COM3D2x64_Data\sharedassets41.assets,6916,6376A4D3,1150
0,0,COM3D2x64_Data\sharedassets42.assets,7168,34160C37,1150
0,0,COM3D2x64_Data\sharedassets43.assets,9244,4148D4C2,1150
0,0,COM3D2x64_Data\sharedassets44.assets,9352,28A0478D,1150
0,0,COM3D2x64_Data\sharedassets45.assets,9340,19C558D2,1150
0,0,COM3D2x64_Data\sharedassets46.assets,8392,1BC0099A,1150
0,0,COM3D2x64_Data\sharedassets47.assets,6544,B7B39AE4,1150
0,0,COM3D2x64_Data\sharedassets48.assets,8236,4607791E,1150
0,0,COM3D2x64_Data\sharedassets49.assets,792644,212CD304,1150
0,0,COM3D2x64_Data\sharedassets49.assets.resS,6506584,427886ED,1150
0,0,COM3D2x64_Data\sharedassets5.assets,7072,7363BBBE,1150
0,0,COM3D2x64_Data\sharedassets50.assets,12352,AE96E75E,1150
0,0,COM3D2x64_Data\sharedassets51.assets,6604,8A69F223,1150
0,0,COM3D2x64_Data\sharedassets52.assets,6712,E35DFA79,1150
0,0,COM3D2x64_Data\sharedassets53.assets,6556,E56E580F,1150
0,0,COM3D2x64_Data\sharedassets54.assets,6076,16C7F115,1150
0,0,COM3D2x64_Data\sharedassets55.assets,12436,EBCA2681,1150
0,0,COM3D2x64_Data\sharedassets56.assets,9136,FFC124CB,1150
0,0,COM3D2x64_Data\sharedassets57.assets,9172,AE82BE13,1150
0,0,COM3D2x64_Data\sharedassets58.assets,12436,EBCA2681,1150
0,0,COM3D2x64_Data\sharedassets59.assets,9376,81E4A85E,1150
0,0,COM3D2x64_Data\sharedassets6.assets,6076,75A009E4,1150
0,0,COM3D2x64_Data\sharedassets60.assets,9172,AE82BE13,1150
0,0,COM3D2x64_Data\sharedassets61.assets,9316,A3C0B25D,1150
0,0,COM3D2x64_Data\sharedassets62.assets,9352,28A0478D,1150
0,0,COM3D2x64_Data\sharedassets63.assets,6628,9EC8CE16,1150
0,0,COM3D2x64_Data\sharedassets64.assets,9340,19C558D2,1150
0,0,COM3D2x64_Data\sharedassets65.assets,42236508,AB0BAE82,1150
0,0,COM3D2x64_Data\sharedassets65.assets.resS,87400,8BA6C322,1150
0,0,COM3D2x64_Data\sharedassets66.assets,38246476,F93C5C57,1150
0,0,COM3D2x64_Data\sharedassets67.assets,32874572,51197BBA,1150
0,0,COM3D2x64_Data\sharedassets68.assets,36735644,DBBB1541,1150
0,0,COM3D2x64_Data\sharedassets68.assets.resS,174776,5B619AF1,1150
0,0,COM3D2x64_Data\sharedassets69.assets,41277328,CD250C22,1150
0,0,COM3D2x64_Data\sharedassets7.assets,6916,32821D4F,1150
0,0,COM3D2x64_Data\sharedassets70.assets,39399080,EE23F236,1150
0,0,COM3D2x64_Data\sharedassets71.assets,3016908,B787A7E8,1150
0,0,COM3D2x64_Data\sharedassets71.assets.resS,611728,7BFBEAAE,1150
0,0,COM3D2x64_Data\sharedassets72.assets,9400,B729A04B,1150
0,0,COM3D2x64_Data\sharedassets73.assets,6472,292695DD,1150
0,0,COM3D2x64_Data\sharedassets74.assets,6472,292695DD,1150
0,0,COM3D2x64_Data\sharedassets75.assets,6472,292695DD,1150
0,0,COM3D2x64_Data\sharedassets8.assets,6160,42D65B49,1150
0,0,COM3D2x64_Data\sharedassets9.assets,6988,901EDA6E,1150
0,0,COM3D2x64_Data\Managed\Accessibility.dll,10752,5CB31E4E,1150
0,0,COM3D2x64_Data\Managed\Assembly-CSharp-firstpass.dll,786944,DB36442B,1150
0,0,COM3D2x64_Data\Managed\Assembly-CSharp.dll,4708352,1D1436A3,1150
0,0,COM3D2x64_Data\Managed\Assembly-UnityScript-firstpass.dll,65024,17648373,1150
0,0,COM3D2x64_Data\Managed\Boo.Lang.dll,126976,28383F70,1150
0,0,COM3D2x64_Data\Managed\BouncyCastle.Crypto.dll,2236416,5A4C4F07,1150
0,0,COM3D2x64_Data\Managed\FoveUnityPlugin.dll,28672,A6EA882B,1150
0,0,COM3D2x64_Data\Managed\ICSharpCode.SharpZipLib.dll,200704,D3160A1C,1150
0,0,COM3D2x64_Data\Managed\Ionic.Zlib.dll,102400,7C9E7DD2,1150
0,0,COM3D2x64_Data\Managed\JsonFx.Json.dll,70144,A0F0CFCB,1150
0,0,COM3D2x64_Data\Managed\LeapCSharp.NET3.5.dll,82432,38E38212,1150
0,0,COM3D2x64_Data\Managed\Mono.Data.Tds.dll,96256,2965324B,1150
0,0,COM3D2x64_Data\Managed\Mono.Posix.dll,184320,0CE35BE3,1150
0,0,COM3D2x64_Data\Managed\Mono.Security.dll,294912,66EB9979,1150
0,0,COM3D2x64_Data\Managed\Mono.WebBrowser.dll,172032,137B736F,1150
0,0,COM3D2x64_Data\Managed\mscorlib.dll,2590208,5166389B,1150
0,0,COM3D2x64_Data\Managed\Newtonsoft.Json.dll,494592,5C881B73,1150
0,0,COM3D2x64_Data\Managed\System.Configuration.dll,124928,72952344,1150
0,0,COM3D2x64_Data\Managed\System.Core.dll,297472,9E3EE5D7,1150
0,0,COM3D2x64_Data\Managed\System.Data.dll,856064,DDDB80CD,1150
0,0,COM3D2x64_Data\Managed\System.dll,1679360,13922617,1150
0,0,COM3D2x64_Data\Managed\System.Drawing.Design.dll,29696,E7B53FF9,1150
0,0,COM3D2x64_Data\Managed\System.Drawing.dll,448512,C4B2E872,1150
0,0,COM3D2x64_Data\Managed\System.EnterpriseServices.dll,46592,2C72A9FE,1150
0,0,COM3D2x64_Data\Managed\System.Security.dll,135168,1CE94C57,1150
0,0,COM3D2x64_Data\Managed\System.Transactions.dll,27648,45299FCF,1150
0,0,COM3D2x64_Data\Managed\System.Windows.Forms.dll,3053568,56394001,1150
0,0,COM3D2x64_Data\Managed\System.Xml.dll,1270272,4581A35B,1150
0,0,COM3D2x64_Data\Managed\System.Xml.Linq.dll,106496,E844371C,1150
0,0,COM3D2x64_Data\Managed\UnityEngine.dll,1393152,2C35388C,1150
0,0,COM3D2x64_Data\Managed\UnityEngine.dll.mdb,449828,8610375E,1150
0,0,COM3D2x64_Data\Managed\UnityEngine.Networking.dll,253952,2BDF701F,1150
0,0,COM3D2x64_Data\Managed\UnityEngine.UI.dll,245760,FA552B2D,1150
0,0,COM3D2x64_Data\Managed\UnityEngine.VR.dll,3072,A4582CD6,1150
0,0,COM3D2x64_Data\Managed\UnityScript.Lang.dll,13824,0DA8F681,1150
0,0,COM3D2x64_Data\Managed\zxing.unity.dll,430592,9FD1F198,1150
0,0,COM3D2x64_Data\Mono\mono.dll,2618816,0BEA8C0F,1150
0,0,COM3D2x64_Data\Mono\MonoPosixHelper.dll,113664,9B5E1E4D,1150
0,0,COM3D2x64_Data\Mono\etc\mono\browscap.ini,311984,CE6C0AB3,1150
0,0,COM3D2x64_Data\Mono\etc\mono\config,1691,A635914A,1150
0,0,COM3D2x64_Data\Mono\etc\mono\1.0\DefaultWsdlHelpGenerator.aspx,58196,10E814BF,1150
0,0,COM3D2x64_Data\Mono\etc\mono\1.0\machine.config,17258,EDE1AC59,1150
0,0,COM3D2x64_Data\Mono\etc\mono\2.0\DefaultWsdlHelpGenerator.aspx,60453,F3869A34,1150
0,0,COM3D2x64_Data\Mono\etc\mono\2.0\machine.config,27625,73C91C24,1150
0,0,COM3D2x64_Data\Mono\etc\mono\2.0\settings.map,2618,A1A3C29F,1150
0,0,COM3D2x64_Data\Mono\etc\mono\2.0\web.config,11686,534A9960,1150
0,0,COM3D2x64_Data\Mono\etc\mono\2.0\Browsers\Compat.browser,1605,2E178A0B,1150
0,0,COM3D2x64_Data\Mono\etc\mono\mconfig\config.xml,25817,80B2033A,1150
0,0,COM3D2x64_Data\Plugins\assimp.dll,4388864,7C910D84,1150
0,0,COM3D2x64_Data\Plugins\Audio360.dll,1499136,2D77400A,1150
0,0,COM3D2x64_Data\Plugins\AVProVideo.dll,891392,A3612D4B,1150
0,0,COM3D2x64_Data\Plugins\clothpp.dll,112128,7C3264A4,1150
0,0,COM3D2x64_Data\Plugins\cm3d2.dll,2091520,A919A31A,1150
0,0,COM3D2x64_Data\Plugins\device_hook.dll,738816,F61E7CED,1150
0,0,COM3D2x64_Data\Plugins\FoveClient.dll,1849384,58C8B4F6,1150
0,0,COM3D2x64_Data\Plugins\LeapC.dll,2516992,FBDD3767,1150
0,0,COM3D2x64_Data\Plugins\openvr_api.dll,318272,44432E0F,1150
0,0,COM3D2x64_Data\Plugins\OVRGamepad.dll,12800,2C526135,1150
0,0,COM3D2x64_Data\Plugins\OVRLipSync.dll,2512296,391C1F4C,1150
0,0,COM3D2x64_Data\Plugins\OVRPlugin.dll,1898408,5DD05B6C,1150
0,0,COM3D2x64_Data\Resources\unity default resources,752360,71DB1AEA,1150
0,0,COM3D2x64_Data\Resources\unity_builtin_extra,284012,91145F7F,1150
0,0,GameData\bg_kissevent2018_sp_card_2.arc,493322,140250D1,1100
0,0,GameData\csv.arc,2892628,61B5371B,1150
0,0,GameData\csv_old_2.arc,1746,7AD2A97C,1150
0,0,GameData\csv_ordermade001_2.arc,770,422A7575,1150
0,0,GameData\motion2.arc,101709236,DE4BB3B1,1120
0,0,GameData\motion_3d21reserve_2.arc,153931,C630D84E,1100
0,0,GameData\motion_cos021_2.arc,323647,5697AC81,1061
0,0,GameData\motion_denkigai2017w_2.arc,1466874,DEACF6A8,1070
0,0,GameData\parts2.arc,118310391,AE25BF56,1120
0,0,GameData\parts_magazine003_2.arc,201385,3A5B273D,1120
0,0,GameData\parts_omvr.arc,3206509,4F0D0480,1120
0,0,GameData\parts_kissevent2018_2.arc,5570,005BBD00,1100
0,0,GameData\parts_shop016_2.arc,171410,3D70CEC4,1060
0,0,GameData\paths.dat,2270,9FB671EE,1150
0,0,GameData\prioritymaterial.arc,285597,C43982B7,1150
0,0,GameData\script.arc,11751474,D10D9EFF,1150
0,0,GameData\script_charaevent001_2.arc,30674,FD2BB099,1090
0,0,GameData\script_charaevent002ntr_2.arc,16114,A039DACC,1150
0,0,GameData\script_cos021_2.arc,109385,684D92BB,1140
0,0,GameData\script_denkigai2017w_2.arc,430750,44E8DF34,1140
0,0,GameData\script_exm001_2.arc,2738,7DFDDDE5,1070
0,0,GameData\script_old_2.arc,543442,998673E0,1150
0,0,GameData\script_ordermade001_2.arc,113700,7B9A8D03,1150
0,0,GameData\script_share_karaoke_2.arc,1939,6A7D34A5,1000
0,0,GameData\sound2.arc,2831373,17A6CBF3,1050
0,0,GameData\system2.arc,10720595,37094157,1150
0,0,GameData\voice2.arc,282742866,31C5FDD2,1150
0,0,GameData_20\material_denkigai2015w_2.arc,3490,F06AAABE,1090
0,0,GameData_20\material_dlc195_2.arc,1746,ECFBFE17,1090
0,0,GameData_20\material_dlcdenkigai2015w_2.arc,3522,D35394D7,1090
0,0,GameData_20\material_dlcdenkigai2017w_2.arc,3506,40FF8AFA,1090
0,0,GameData_20\material_kissevent2017march_2.arc,3538,7A6FC5CF,1090
0,0,GameData_20\menu_dlc195_2.arc,1170,BF163DDC,1090
0,0,GameData_20\model_denkigai2015w_2.arc,174373,F9233759,1090
0,0,GameData_20\model_dlc195_2.arc,583563,16C95E54,1090
0,0,GameData_20\model_dlcdenkigai2015w_2.arc,174400,BE6E5467,1090
0,0,GameData_20\model_dlcdenkigai2017w_2.arc,181384,6D5B735E,1090
0,0,GameData_20\model_kissevent2017march_2.arc,190682,21F32FCB,1090
0,0,GameData_20\texture_dlc195_2.arc,16075880,456A4C76,1090
0,0,GameData_20\paths.dat,5091,D094E2BE,1580
0,0,GameData_20\prioritymaterial.arc,221488,580931AC,1582
0,0,GameData_20\material_denkigai2015s003_2.arc,7106,0C82D791,1150
0,0,GameData_20\material_denkigai2015wTowelR.arc,1602,618192B9,1360
0,0,GameData_20\material_dlc055_2.arc,5282,11A93109,1280
0,0,GameData_20\material_dlsite_2.arc,1762,C5A837EA,1150
0,0,GameData_20\material_shop001_2.arc,1762,D98CED1C,1150
0,0,GameData_20\material_shop002_2.arc,1762,956BB00E,1150
0,0,GameData_20\material_shop003_2.arc,1762,38CEBFF2,1150
0,0,GameData_20\material_shop005_2.arc,1714,3E621A32,1150
0,0,GameData_20\material_shop007_2.arc,2578,C8CE627C,1150
0,0,GameData_20\material_vp001_2.arc,11890,8CB043B0,1400
0,0,GameData_20\material_yomeido003_2.arc,1522,0689A7AC,1240
0,0,GameData_20\menu_denkigai2015s001_2.arc,6594,8B3E849F,1160
0,0,GameData_20\menu_denkigai2015s003_2.arc,4338,D294CE88,1150
0,0,GameData_20\menu_denkigai2015wTowelR.arc,1282,CECEE1FC,1360
0,0,GameData_20\menu_denkigai2016s_2.arc,1346,4A9440B1,1351
0,0,GameData_20\menu_denkigai2016w_2.arc,15154,C8D64D3B,1450
0,0,GameData_20\menu_denkigai2017s_2.arc,1218,267B1338,1540
0,0,GameData_20\menu_dlcdenkigai2016w_2.arc,13522,45E7F667,1450
0,0,GameData_20\menu_dlcdenkigai2017s_2.arc,1218,A6C83B5D,1540
0,0,GameData_20\menu_dlc026_2.arc,3778,69453D54,1190
0,0,GameData_20\menu_dlc028_2.arc,3874,DE3F1C31,1200
0,0,GameData_20\menu_dlc041_2.arc,6786,97F738D3,1380
0,0,GameData_20\menu_dlc042_2.arc,1154,EE4016C0,1440
0,0,GameData_20\menu_dlc049_2.arc,3106,E30D6F4C,1522
0,0,GameData_20\menu_dlc061_2.arc,3810,F99C1D4E,1290
0,0,GameData_20\menu_dlc065_2.arc,7602,D9387834,1380
0,0,GameData_20\menu_dlc074_2.arc,5618,24C559D7,1312
0,0,GameData_20\menu_dlc100_2.arc,1250,DFF94E9A,1400
0,0,GameData_20\menu_dlc101_2.arc,1218,44DB4049,1481
0,0,GameData_20\menu_dlsite_2.arc,1954,B2268BA7,1150
0,0,GameData_20\menu_magazine002_2.arc,12498,691C1126,1471
0,0,GameData_20\menu_personal002_2.arc,1282,5687650C,1310
0,0,GameData_20\menu_shop001_2.arc,3314,35207C87,1150
0,0,GameData_20\menu_shop005_2.arc,1378,0C9AF725,1150
0,0,GameData_20\menu_vp001_2.arc,19138,7C7AFD9C,1400
0,0,GameData_20\menu_yomeido003_2.arc,1234,4D6F619D,1240
0,0,GameData_20\menu_yomeidogp_wedding_2.arc,3954,C251B12C,1320
0,0,GameData_20\model_denkigai2015s003_2.arc,394665,41A48185,1150
0,0,GameData_20\model_denkigai2015wTowelR.arc,38258,FB570A24,1360
0,0,GameData_20\model_denkigai2017s_2.arc,462663,8917104A,1582
0,0,GameData_20\model_dlcdenkigai2017s_2.arc,462667,9F0C3D54,1582
0,0,GameData_20\model_dlc005_2.arc,175424,F7DD7D82,1270
0,0,GameData_20\model_dlc046_2.arc,155690,83B34173,1220
0,0,GameData_20\model_dlc073_2.arc,267037,47D33A06,1320
0,0,GameData_20\model_dlc100_2.arc,691347,7C3D679D,1400
0,0,GameData_20\model_dlc109_2.arc,137998,8FCCF513,1460
0,0,GameData_20\model_dlc151_2.arc,213532,8C3C80C3,1520
0,0,GameData_20\model_dlsite_2.arc,197173,24366C43,1150
0,0,GameData_20\model_shop001_2.arc,115215,9C941FAF,1150
0,0,GameData_20\model_shop002_2.arc,251253,743C3D97,1150
0,0,GameData_20\model_shop003_2.arc,185433,A15EC70A,1150
0,0,GameData_20\model_shop005_2.arc,150103,FB5341FA,1150
0,0,GameData_20\model_shop007_2.arc,288759,80615CBD,1150
0,0,GameData_20\model_vp001_2.arc,647957,D68B5D2F,1400
0,0,GameData_20\texture_denkigai2015wTowelR.arc,133065,FE4BDC34,1360
0,0,GameData_20\texture_denkigai2016w_2.arc,10105247,3B4641C3,1450
0,0,GameData_20\texture_dlcdenkigai2016w_2.arc,10105332,90868016,1450
0,0,GameData_20\texture_kissevent2017march.arc,281,FF4EEB9B,1522
0,0,GameData_20\texture_kissevent2017march_2.arc,79432605,C1FCD24F,1522
0,0,GameData_20\texture_dlc004_2.arc,4805734,C8E5CFB4,1200
0,0,GameData_20\texture_dlc046_2.arc,596960,FC606BA5,1220
0,0,GameData_20\texture_vp001_2.arc,755269,18D5027D,1400
0,0,GameData_20\texture_yomeido003_2.arc,117248,0EE72B42,1240
0,0,manual\favicon.ico,370070,687492C6,1050
0,0,manual\index.html,71545,035C59F0,1060
0,0,manual\css\close.png,1250,304A1D8C,1050
0,0,manual\css\common.css,3409,BA5B06EB,1050
0,0,manual\css\index.css,6614,38725E3B,1050
0,0,manual\css\lightbox.css,3674,9235D408,1050
0,0,manual\css\loading.gif,1279,72456323,1050
0,0,manual\css\next.png,1682,E0895D01,1050
0,0,manual\css\prev.png,1666,12F2027E,1050
0,0,manual\img\casino01.jpg,272694,C6FE6781,1050
0,0,manual\img\clubstatus.jpg,36546,DAA11F1D,1050
0,0,manual\img\com3d2_logo.png,100187,28605834,1050
0,0,manual\img\comp01.jpg,54909,F2AE5CE1,1050
0,0,manual\img\comp02.jpg,87599,493340A0,1050
0,0,manual\img\config.jpg,156802,1871EF55,1050
0,0,manual\img\dance01.jpg,305648,B87D0340,1050
0,0,manual\img\dance02.jpg,345535,27BEFAE3,1050
0,0,manual\img\edit01.jpg,312602,CB3E64D0,1050
0,0,manual\img\edit02.jpg,278318,878B2857,1050
0,0,manual\img\event01.jpg,194983,E4E03D42,1050
0,0,manual\img\facilitysetting01.jpg,338947,40D2A7D3,1050
0,0,manual\img\facilitysetting02.jpg,185709,12E0C653,1050
0,0,manual\img\facilitysetting03.jpg,267150,D08D54B7,1050
0,0,manual\img\kashizuki01.jpg,210954,8E6084EA,1050
0,0,manual\img\kashizuki02.jpg,209895,BD363567,1050
0,0,manual\img\kashizuki03.jpg,215560,D28EDBD6,1050
0,0,manual\img\kiss_logo.png,6459,7966A6E9,1050
0,0,manual\img\maidmanagement01.jpg,242517,21B3E491,1050
0,0,manual\img\maidmanagement02.jpg,140237,945D483D,1050
0,0,manual\img\maidmanagement03.jpg,208300,B7C8F3CD,1050
0,0,manual\img\mainmenu01.jpg,208641,7218A847,1060
0,0,manual\img\mainmenu02.jpg,193956,4C7EF1A8,1050
0,0,manual\img\myroom.jpg,225108,398BA2D8,1050
0,0,manual\img\myroom.psd,1301284,E3472053,1050
0,0,manual\img\reminiscence01.jpg,236014,B0302E74,1050
0,0,manual\img\schedule01.jpg,198475,6AD2FF8C,1050
0,0,manual\img\schedule02.jpg,240595,AE23B15D,1050
0,0,manual\img\shitsu_mode.jpg,166109,966737E0,1050
0,0,manual\img\shop.jpg,216722,67700EE6,1050
0,0,manual\img\studio.jpg,328576,FC7FDE83,1050
0,0,manual\img\system01.jpg,67204,A61273B1,1050
0,0,manual\img\yotogi01.jpg,283179,93847FCE,1050
0,0,manual\img\yotogi02.jpg,278963,0959D75C,1050
0,0,manual\img\yotogi03.jpg,243961,20F88D92,1050
0,0,manual\sys\common.js,240,976D3DF4,1050
0,0,manual\sys\jquery-3.1.0.min.js,86351,AE6B746B,1050
0,0,manual\sys\jquery.lazy.min.js,5022,FEEB9C66,1050
0,0,manual\sys\lightbox.js,18410,F90AE353,1050
