0,0,CM3D2OHVRx64.exe,20649984,0A92CEB6,1400
0,0,CM3D2OHVRx64_DirectToRift.exe,465408,ED45B3A7,1400
0,0,CM3D2OHVRx64_Data\globalgamemanagers,1341132,BB44922A,1400
0,0,CM3D2OHVRx64_Data\globalgamemanagers.assets,120920,CC9FE602,1400
0,0,CM3D2OHVRx64_Data\level0,184180,E3022D64,1400
0,0,CM3D2OHVRx64_Data\level1,202156,6CF90138,1400
0,0,CM3D2OHVRx64_Data\level10,543204,DF0DF6D8,1400
0,0,CM3D2OHVRx64_Data\level11,4640,FC866A4D,1400
0,0,CM3D2OHVRx64_Data\level12,186788,C682119A,1400
0,0,CM3D2OHVRx64_Data\level13,4640,F4EE38FE,1400
0,0,CM3D2OHVRx64_Data\level14,204908,C471C94B,1400
0,0,CM3D2OHVRx64_Data\level15,274796,870D5810,1400
0,0,CM3D2OHVRx64_Data\level16,446372,5506824A,1400
0,0,CM3D2OHVRx64_Data\level17,209708,8E0AC4F3,1400
0,0,CM3D2OHVRx64_Data\level18,532780,2F4A1B56,1400
0,0,CM3D2OHVRx64_Data\level19,260484,3F113A4B,1400
0,0,CM3D2OHVRx64_Data\level2,282580,2CDD46FC,1400
0,0,CM3D2OHVRx64_Data\level20,655244,712F7582,1400
0,0,CM3D2OHVRx64_Data\level21,1263172,04AAFFD7,1400
0,0,CM3D2OHVRx64_Data\level22,514436,BEE27D8F,1400
0,0,CM3D2OHVRx64_Data\level23,607420,A9F3B4AA,1400
0,0,CM3D2OHVRx64_Data\level24,838628,57BF9AF7,1400
0,0,CM3D2OHVRx64_Data\level25,699572,FB83808C,1400
0,0,CM3D2OHVRx64_Data\level3,592204,386FEEA3,1400
0,0,CM3D2OHVRx64_Data\level4,632756,6309E8D1,1400
0,0,CM3D2OHVRx64_Data\level5,185228,76B2A0B9,1400
0,0,CM3D2OHVRx64_Data\level6,229300,8EBE9C09,1400
0,0,CM3D2OHVRx64_Data\level7,184716,6201873F,1400
0,0,CM3D2OHVRx64_Data\level8,212164,FFD6A803,1400
0,0,CM3D2OHVRx64_Data\level9,185236,705C6A81,1400
0,0,CM3D2OHVRx64_Data\resources.assets,248439224,5A43381E,1400
0,0,CM3D2OHVRx64_Data\resources.assets.resS,368744356,86378517,1400
0,0,CM3D2OHVRx64_Data\sharedassets0.assets,16482976,A6AE848B,1400
0,0,CM3D2OHVRx64_Data\sharedassets0.assets.resS,121728032,3D69BF0B,1400
0,0,CM3D2OHVRx64_Data\sharedassets1.assets,5920,EF44D387,1400
0,0,CM3D2OHVRx64_Data\sharedassets10.assets,6244,401F0858,1400
0,0,CM3D2OHVRx64_Data\sharedassets11.assets,4132,94B3E8D9,1400
0,0,CM3D2OHVRx64_Data\sharedassets12.assets,5824,7BBCE705,1400
0,0,CM3D2OHVRx64_Data\sharedassets13.assets,4132,0239E830,1400
0,0,CM3D2OHVRx64_Data\sharedassets14.assets,6544,CFA991DF,1400
0,0,CM3D2OHVRx64_Data\sharedassets15.assets,5788,99BE63BB,1400
0,0,CM3D2OHVRx64_Data\sharedassets16.assets,215280,A65D78D5,1400
0,0,CM3D2OHVRx64_Data\sharedassets16.assets.resS,51968,C41BC4E7,1400
0,0,CM3D2OHVRx64_Data\sharedassets17.assets,5860,11F99730,1400
0,0,CM3D2OHVRx64_Data\sharedassets18.assets,74160,440B23F6,1400
0,0,CM3D2OHVRx64_Data\sharedassets19.assets,5992,FF842671,1400
0,0,CM3D2OHVRx64_Data\sharedassets2.assets,6136,8E764EDF,1400
0,0,CM3D2OHVRx64_Data\sharedassets20.assets,8128,392CCD1E,1400
0,0,CM3D2OHVRx64_Data\sharedassets21.assets,6484,FD989814,1400
0,0,CM3D2OHVRx64_Data\sharedassets22.assets,39511712,40A135FA,1400
0,0,CM3D2OHVRx64_Data\sharedassets23.assets,67700952,39B0DB46,1400
0,0,CM3D2OHVRx64_Data\sharedassets24.assets,67690184,104D2A80,1400
0,0,CM3D2OHVRx64_Data\sharedassets25.assets,47233820,F0F60A29,1400
0,0,CM3D2OHVRx64_Data\sharedassets25.resource,3813344,7B95E5D4,1400
0,0,CM3D2OHVRx64_Data\sharedassets3.assets,1310240,FC43CA0E,1400
0,0,CM3D2OHVRx64_Data\sharedassets4.assets,6460,8D76AB26,1400
0,0,CM3D2OHVRx64_Data\sharedassets5.assets,5788,B4796690,1400
0,0,CM3D2OHVRx64_Data\sharedassets6.assets,6268,BBAA619C,1400
0,0,CM3D2OHVRx64_Data\sharedassets7.assets,5764,55BC2D8D,1400
0,0,CM3D2OHVRx64_Data\sharedassets8.assets,5788,2D1DF987,1400
0,0,CM3D2OHVRx64_Data\sharedassets9.assets,5788,83F82EB6,1400
0,0,CM3D2OHVRx64_Data\Managed\Accessibility.dll,10752,594EE943,1400
0,0,CM3D2OHVRx64_Data\Managed\Assembly-CSharp-firstpass.dll,600576,ACF3DA2C,1400
0,0,CM3D2OHVRx64_Data\Managed\Assembly-CSharp.dll,2546688,828D3D75,1400
0,0,CM3D2OHVRx64_Data\Managed\Assembly-UnityScript-firstpass.dll,65024,F23B2C64,1400
0,0,CM3D2OHVRx64_Data\Managed\Boo.Lang.dll,126976,9ADD3789,1400
0,0,CM3D2OHVRx64_Data\Managed\JsonFx.Json.dll,70144,A0F0CFCB,1400
0,0,CM3D2OHVRx64_Data\Managed\LeapCSharp.NET3.5.dll,82432,38E38212,1400
0,0,CM3D2OHVRx64_Data\Managed\Mono.Data.Tds.dll,96256,DDA7BAB7,1400
0,0,CM3D2OHVRx64_Data\Managed\Mono.Posix.dll,184320,C7063ABB,1400
0,0,CM3D2OHVRx64_Data\Managed\Mono.Security.dll,294912,8C7E67B3,1400
0,0,CM3D2OHVRx64_Data\Managed\Mono.WebBrowser.dll,172032,541986C3,1400
0,0,CM3D2OHVRx64_Data\Managed\mscorlib.dll,2589696,AFA570E5,1400
0,0,CM3D2OHVRx64_Data\Managed\System.Configuration.dll,124928,D5F2A804,1400
0,0,CM3D2OHVRx64_Data\Managed\System.Core.dll,297472,BCE2218F,1400
0,0,CM3D2OHVRx64_Data\Managed\System.Data.dll,856064,F1D38D2E,1400
0,0,CM3D2OHVRx64_Data\Managed\System.dll,1679360,288F722A,1400
0,0,CM3D2OHVRx64_Data\Managed\System.Drawing.Design.dll,29696,E7B53FF9,1400
0,0,CM3D2OHVRx64_Data\Managed\System.Drawing.dll,448512,C4B2E872,1400
0,0,CM3D2OHVRx64_Data\Managed\System.EnterpriseServices.dll,46592,75A19B93,1400
0,0,CM3D2OHVRx64_Data\Managed\System.Security.dll,135168,365C74A7,1400
0,0,CM3D2OHVRx64_Data\Managed\System.Transactions.dll,27648,203D65C1,1400
0,0,CM3D2OHVRx64_Data\Managed\System.Windows.Forms.dll,3053568,56394001,1400
0,0,CM3D2OHVRx64_Data\Managed\System.Xml.dll,1270272,9B79033F,1400
0,0,CM3D2OHVRx64_Data\Managed\System.Xml.Linq.dll,106496,B3ACF139,1400
0,0,CM3D2OHVRx64_Data\Managed\UnityEngine.dll,972800,B3EB425F,1400
0,0,CM3D2OHVRx64_Data\Managed\UnityEngine.dll.mdb,353934,02424F6C,1400
0,0,CM3D2OHVRx64_Data\Managed\UnityEngine.Networking.dll,230912,EBC88F56,1400
0,0,CM3D2OHVRx64_Data\Managed\UnityEngine.UI.dll,219136,8E43BC11,1400
0,0,CM3D2OHVRx64_Data\Managed\UnityScript.Lang.dll,14336,13EE284D,1400
0,0,CM3D2OHVRx64_Data\Mono\mono.dll,2612696,2A5A1006,1400
0,0,CM3D2OHVRx64_Data\Mono\etc\mono\browscap.ini,311984,CE6C0AB3,1400
0,0,CM3D2OHVRx64_Data\Mono\etc\mono\config,1691,A635914A,1400
0,0,CM3D2OHVRx64_Data\Mono\etc\mono\1.0\DefaultWsdlHelpGenerator.aspx,58196,10E814BF,1400
0,0,CM3D2OHVRx64_Data\Mono\etc\mono\1.0\machine.config,17258,EDE1AC59,1400
0,0,CM3D2OHVRx64_Data\Mono\etc\mono\2.0\DefaultWsdlHelpGenerator.aspx,60453,F3869A34,1400
0,0,CM3D2OHVRx64_Data\Mono\etc\mono\2.0\machine.config,27625,73C91C24,1400
0,0,CM3D2OHVRx64_Data\Mono\etc\mono\2.0\settings.map,2618,A1A3C29F,1400
0,0,CM3D2OHVRx64_Data\Mono\etc\mono\2.0\web.config,11686,534A9960,1400
0,0,CM3D2OHVRx64_Data\Mono\etc\mono\2.0\Browsers\Compat.browser,1605,2E178A0B,1400
0,0,CM3D2OHVRx64_Data\Mono\etc\mono\mconfig\config.xml,25817,80B2033A,1400
0,0,CM3D2OHVRx64_Data\Plugins\cm3d2_hole_x64.dll,339968,09BB14AC,1400
0,0,CM3D2OHVRx64_Data\Plugins\cm3d2_x64.dll,1542656,E14B8436,1400
0,0,CM3D2OHVRx64_Data\Plugins\device_hook.dll,116224,52D7B853,1400
0,0,CM3D2OHVRx64_Data\Plugins\LeapC.dll,2516992,FBDD3767,1400
0,0,CM3D2OHVRx64_Data\Plugins\openvr_api.dll,318272,44432E0F,1400
0,0,CM3D2OHVRx64_Data\Plugins\OVRGamepad.dll,12800,2C526135,1400
0,0,CM3D2OHVRx64_Data\Plugins\OVRPlugin.dll,399272,D560055D,1400
0,0,CM3D2OHVRx64_Data\Resources\unity default resources,1544700,7137E221,1400
0,0,CM3D2OHVRx64_Data\Resources\unity_builtin_extra,128416,EB7E12DB,1400
0,0,GameData\material_vr.arc,6184,D2EAFD73,130
0,0,GameData\menu_vr.arc,3407,D3B43CF5,130
0,0,GameData\model_vr.arc,866449,B84B7620,130
0,0,GameData\texture_vr.arc,1111256,DF651968,130
