0,0,CM3D2OHVRx64.exe,20649984,0A92CEB6,1401
0,0,CM3D2OHVRx64_DirectToRift.exe,465408,ED45B3A7,1401
0,0,CM3D2OHVRx64_Data\globalgamemanagers,1385900,32E18CFA,1401
0,0,CM3D2OHVRx64_Data\globalgamemanagers.assets,120920,CC9FE602,1401
0,0,CM3D2OHVRx64_Data\level0,184180,DCEDB624,1401
0,0,CM3D2OHVRx64_Data\level1,202156,89934712,1401
0,0,CM3D2OHVRx64_Data\level10,543204,D629EE0B,1401
0,0,CM3D2OHVRx64_Data\level11,4640,FC866A4D,1401
0,0,CM3D2OHVRx64_Data\level12,186788,2AFD3540,1401
0,0,CM3D2OHVRx64_Data\level13,4640,F4EE38FE,1401
0,0,CM3D2OHVRx64_Data\level14,204908,D6A86D9B,1401
0,0,CM3D2OHVRx64_Data\level15,274852,F4210AE4,1401
0,0,CM3D2OHVRx64_Data\level16,446372,9A43A4CC,1401
0,0,CM3D2OHVRx64_Data\level17,209708,0A00613B,1401
0,0,CM3D2OHVRx64_Data\level18,532780,C015648C,1401
0,0,CM3D2OHVRx64_Data\level19,260484,EE6C0AC3,1401
0,0,CM3D2OHVRx64_Data\level2,282580,71E433D8,1401
0,0,CM3D2OHVRx64_Data\level20,655244,D6DDA84D,1401
0,0,CM3D2OHVRx64_Data\level21,1263172,2626C049,1401
0,0,CM3D2OHVRx64_Data\level22,514436,008563A6,1401
0,0,CM3D2OHVRx64_Data\level23,607420,EB51E14E,1401
0,0,CM3D2OHVRx64_Data\level24,838628,97F4392E,1401
0,0,CM3D2OHVRx64_Data\level25,699572,88E658E8,1401
0,0,CM3D2OHVRx64_Data\level3,592204,67A1FC2B,1401
0,0,CM3D2OHVRx64_Data\level4,632756,AA1A7347,1401
0,0,CM3D2OHVRx64_Data\level5,185228,B9752171,1401
0,0,CM3D2OHVRx64_Data\level6,229300,77712968,1401
0,0,CM3D2OHVRx64_Data\level7,184716,D641674D,1401
0,0,CM3D2OHVRx64_Data\level8,212164,21817B6D,1401
0,0,CM3D2OHVRx64_Data\level9,185236,D3CD86D5,1401
0,0,CM3D2OHVRx64_Data\resources.assets,248765144,7A711FC9,1401
0,0,CM3D2OHVRx64_Data\resources.assets.resS,402309764,626F8F1F,1401
0,0,CM3D2OHVRx64_Data\sharedassets0.assets,16482976,A6AE848B,1401
0,0,CM3D2OHVRx64_Data\sharedassets0.assets.resS,121728032,3D69BF0B,1401
0,0,CM3D2OHVRx64_Data\sharedassets1.assets,5920,4AEA95DD,1401
0,0,CM3D2OHVRx64_Data\sharedassets10.assets,6244,01483863,1401
0,0,CM3D2OHVRx64_Data\sharedassets11.assets,4132,94B3E8D9,1401
0,0,CM3D2OHVRx64_Data\sharedassets12.assets,5824,6BA10444,1401
0,0,CM3D2OHVRx64_Data\sharedassets13.assets,4132,0239E830,1401
0,0,CM3D2OHVRx64_Data\sharedassets14.assets,6544,DB3C230A,1401
0,0,CM3D2OHVRx64_Data\sharedassets15.assets,5788,2930F7A6,1401
0,0,CM3D2OHVRx64_Data\sharedassets16.assets,215280,F574A364,1401
0,0,CM3D2OHVRx64_Data\sharedassets16.assets.resS,51968,C41BC4E7,1401
0,0,CM3D2OHVRx64_Data\sharedassets17.assets,5860,E9FC9B3C,1401
0,0,CM3D2OHVRx64_Data\sharedassets18.assets,74160,A9131929,1401
0,0,CM3D2OHVRx64_Data\sharedassets19.assets,5992,6D51769D,1401
0,0,CM3D2OHVRx64_Data\sharedassets2.assets,6136,E06AB9D1,1401
0,0,CM3D2OHVRx64_Data\sharedassets20.assets,8128,D0F98098,1401
0,0,CM3D2OHVRx64_Data\sharedassets21.assets,6484,7BB34879,1401
0,0,CM3D2OHVRx64_Data\sharedassets22.assets,39511712,E6A0A449,1401
0,0,CM3D2OHVRx64_Data\sharedassets23.assets,67700952,039A7FE5,1401
0,0,CM3D2OHVRx64_Data\sharedassets24.assets,67690184,875E560F,1401
0,0,CM3D2OHVRx64_Data\sharedassets25.assets,47233820,00D7114E,1401
0,0,CM3D2OHVRx64_Data\sharedassets25.resource,3813344,7B95E5D4,1401
0,0,CM3D2OHVRx64_Data\sharedassets3.assets,1310240,E6AB6962,1401
0,0,CM3D2OHVRx64_Data\sharedassets4.assets,6460,6AC4D5AD,1401
0,0,CM3D2OHVRx64_Data\sharedassets5.assets,5788,6EB3980D,1401
0,0,CM3D2OHVRx64_Data\sharedassets6.assets,6268,AC8DDCC5,1401
0,0,CM3D2OHVRx64_Data\sharedassets7.assets,5764,C19BC10D,1401
0,0,CM3D2OHVRx64_Data\sharedassets8.assets,5788,2D1DF987,1401
0,0,CM3D2OHVRx64_Data\sharedassets9.assets,5788,4DB15B3B,1401
0,0,CM3D2OHVRx64_Data\Managed\Accessibility.dll,10752,594EE943,1401
0,0,CM3D2OHVRx64_Data\Managed\Assembly-CSharp-firstpass.dll,600576,9BBB1617,1401
0,0,CM3D2OHVRx64_Data\Managed\Assembly-CSharp.dll,2547200,1F40E4B2,1401
0,0,CM3D2OHVRx64_Data\Managed\Assembly-UnityScript-firstpass.dll,65024,8DEC8474,1401
0,0,CM3D2OHVRx64_Data\Managed\Boo.Lang.dll,126976,9ADD3789,1401
0,0,CM3D2OHVRx64_Data\Managed\JsonFx.Json.dll,70144,A0F0CFCB,1401
0,0,CM3D2OHVRx64_Data\Managed\LeapCSharp.NET3.5.dll,82432,38E38212,1401
0,0,CM3D2OHVRx64_Data\Managed\Mono.Data.Tds.dll,96256,DDA7BAB7,1401
0,0,CM3D2OHVRx64_Data\Managed\Mono.Posix.dll,184320,C7063ABB,1401
0,0,CM3D2OHVRx64_Data\Managed\Mono.Security.dll,294912,8C7E67B3,1401
0,0,CM3D2OHVRx64_Data\Managed\Mono.WebBrowser.dll,172032,541986C3,1401
0,0,CM3D2OHVRx64_Data\Managed\mscorlib.dll,2589696,AFA570E5,1401
0,0,CM3D2OHVRx64_Data\Managed\System.Configuration.dll,124928,D5F2A804,1401
0,0,CM3D2OHVRx64_Data\Managed\System.Core.dll,297472,BCE2218F,1401
0,0,CM3D2OHVRx64_Data\Managed\System.Data.dll,856064,F1D38D2E,1401
0,0,CM3D2OHVRx64_Data\Managed\System.dll,1679360,288F722A,1401
0,0,CM3D2OHVRx64_Data\Managed\System.Drawing.Design.dll,29696,E7B53FF9,1401
0,0,CM3D2OHVRx64_Data\Managed\System.Drawing.dll,448512,C4B2E872,1401
0,0,CM3D2OHVRx64_Data\Managed\System.EnterpriseServices.dll,46592,75A19B93,1401
0,0,CM3D2OHVRx64_Data\Managed\System.Security.dll,135168,365C74A7,1401
0,0,CM3D2OHVRx64_Data\Managed\System.Transactions.dll,27648,203D65C1,1401
0,0,CM3D2OHVRx64_Data\Managed\System.Windows.Forms.dll,3053568,56394001,1401
0,0,CM3D2OHVRx64_Data\Managed\System.Xml.dll,1270272,9B79033F,1401
0,0,CM3D2OHVRx64_Data\Managed\System.Xml.Linq.dll,106496,B3ACF139,1401
0,0,CM3D2OHVRx64_Data\Managed\UnityEngine.dll,972800,B3EB425F,1401
0,0,CM3D2OHVRx64_Data\Managed\UnityEngine.dll.mdb,353934,02424F6C,1401
0,0,CM3D2OHVRx64_Data\Managed\UnityEngine.Networking.dll,230912,EBC88F56,1401
0,0,CM3D2OHVRx64_Data\Managed\UnityEngine.UI.dll,219136,8E43BC11,1401
0,0,CM3D2OHVRx64_Data\Managed\UnityScript.Lang.dll,14336,13EE284D,1401
0,0,CM3D2OHVRx64_Data\Mono\mono.dll,2612696,2A5A1006,1401
0,0,CM3D2OHVRx64_Data\Mono\etc\mono\browscap.ini,311984,CE6C0AB3,1401
0,0,CM3D2OHVRx64_Data\Mono\etc\mono\config,1691,A635914A,1401
0,0,CM3D2OHVRx64_Data\Mono\etc\mono\1.0\DefaultWsdlHelpGenerator.aspx,58196,10E814BF,1401
0,0,CM3D2OHVRx64_Data\Mono\etc\mono\1.0\machine.config,17258,EDE1AC59,1401
0,0,CM3D2OHVRx64_Data\Mono\etc\mono\2.0\DefaultWsdlHelpGenerator.aspx,60453,F3869A34,1401
0,0,CM3D2OHVRx64_Data\Mono\etc\mono\2.0\machine.config,27625,73C91C24,1401
0,0,CM3D2OHVRx64_Data\Mono\etc\mono\2.0\settings.map,2618,A1A3C29F,1401
0,0,CM3D2OHVRx64_Data\Mono\etc\mono\2.0\web.config,11686,534A9960,1401
0,0,CM3D2OHVRx64_Data\Mono\etc\mono\2.0\Browsers\Compat.browser,1605,2E178A0B,1401
0,0,CM3D2OHVRx64_Data\Mono\etc\mono\mconfig\config.xml,25817,80B2033A,1401
0,0,CM3D2OHVRx64_Data\Plugins\cm3d2_hole_x64.dll,339968,09BB14AC,1401
0,0,CM3D2OHVRx64_Data\Plugins\cm3d2_x64.dll,1542656,E14B8436,1401
0,0,CM3D2OHVRx64_Data\Plugins\device_hook.dll,116224,52D7B853,1401
0,0,CM3D2OHVRx64_Data\Plugins\LeapC.dll,2516992,FBDD3767,1401
0,0,CM3D2OHVRx64_Data\Plugins\openvr_api.dll,318272,44432E0F,1401
0,0,CM3D2OHVRx64_Data\Plugins\OVRGamepad.dll,12800,2C526135,1401
0,0,CM3D2OHVRx64_Data\Plugins\OVRPlugin.dll,399272,D560055D,1401
0,0,CM3D2OHVRx64_Data\Resources\unity default resources,1544700,7137E221,1401
0,0,CM3D2OHVRx64_Data\Resources\unity_builtin_extra,128416,EB7E12DB,1401
0,0,GameData\material_vr.arc,6184,D2EAFD73,130
0,0,GameData\menu_vr.arc,3407,D3B43CF5,130
0,0,GameData\model_vr.arc,866449,B84B7620,130
0,0,GameData\texture_vr.arc,1111256,DF651968,130
