0,0,CM3D2OH.exe,7707136,A913B79B,1007
0,0,CM3D2OHx86.exe,16834560,08D88BD9,147
0,0,LICENSE,19099,328E95A1,1470
0,0,CM3D2OHx86_Data\globalgamemanagers,1428100,119B18F6,1470
0,0,CM3D2OHx86_Data\globalgamemanagers.assets,134156,A0A751E8,1470
0,0,CM3D2OHx86_Data\level0,189260,12E983C8,1470
0,0,CM3D2OHx86_Data\level1,207252,3821E273,1470
0,0,CM3D2OHx86_Data\level10,548364,71131E04,1470
0,0,CM3D2OHx86_Data\level11,4640,BDC07279,1470
0,0,CM3D2OHx86_Data\level12,191884,B7404811,1470
0,0,CM3D2OHx86_Data\level13,4640,E9A8DDC9,1470
0,0,CM3D2OHx86_Data\level14,210004,2E5DAE42,1470
0,0,CM3D2OHx86_Data\level15,304572,AE28EC59,1470
0,0,CM3D2OHx86_Data\level16,451468,88A40CF1,1470
0,0,CM3D2OHx86_Data\level17,215404,C15B907C,1470
0,0,CM3D2OHx86_Data\level18,537876,344D6025,1470
0,0,CM3D2OHx86_Data\level19,273388,00EE532A,1470
0,0,CM3D2OHx86_Data\level2,287692,777652E2,1470
0,0,CM3D2OHx86_Data\level20,660324,70BADFB5,1470
0,0,CM3D2OHx86_Data\level21,1328900,6062AA77,1470
0,0,CM3D2OHx86_Data\level22,519532,A9F1E97E,1470
0,0,CM3D2OHx86_Data\level23,612516,6159CC54,1470
0,0,CM3D2OHx86_Data\level24,843724,A1628776,1470
0,0,CM3D2OHx86_Data\level25,704668,2ABFCDD2,1470
0,0,CM3D2OHx86_Data\level26,551828,06396CD6,1470
0,0,CM3D2OHx86_Data\level27,826884,E087AA62,1470
0,0,CM3D2OHx86_Data\level28,544996,638BC2DF,1470
0,0,CM3D2OHx86_Data\level3,597300,1E80B04A,1470
0,0,CM3D2OHx86_Data\level4,620372,E9C224FF,1470
0,0,CM3D2OHx86_Data\level5,190308,5936A836,1470
0,0,CM3D2OHx86_Data\level6,234380,59FC23A7,1470
0,0,CM3D2OHx86_Data\level7,189812,E17D1839,1470
0,0,CM3D2OHx86_Data\level8,217260,728723E4,1470
0,0,CM3D2OHx86_Data\level9,190844,0EC65422,1470
0,0,CM3D2OHx86_Data\resources.assets,252411468,268A7C15,1470
0,0,CM3D2OHx86_Data\resources.assets.resS,420203188,3CE2F3C1,1470
0,0,CM3D2OHx86_Data\sharedassets0.assets,16483040,028BEB95,1470
0,0,CM3D2OHx86_Data\sharedassets0.assets.resS,121728032,217CBB40,1470
0,0,CM3D2OHx86_Data\sharedassets1.assets,5920,9A4B8C29,1470
0,0,CM3D2OHx86_Data\sharedassets10.assets,6244,B7FC1B00,1470
0,0,CM3D2OHx86_Data\sharedassets11.assets,4132,C3E2A6FE,1470
0,0,CM3D2OHx86_Data\sharedassets12.assets,5824,E8D3A15E,1470
0,0,CM3D2OHx86_Data\sharedassets13.assets,4132,A4F37E4C,1470
0,0,CM3D2OHx86_Data\sharedassets14.assets,6544,9848DC8F,1470
0,0,CM3D2OHx86_Data\sharedassets15.assets,5788,D449BC87,1470
0,0,CM3D2OHx86_Data\sharedassets16.assets,215280,378A23F8,1470
0,0,CM3D2OHx86_Data\sharedassets16.assets.resS,51968,C41BC4E7,1470
0,0,CM3D2OHx86_Data\sharedassets17.assets,5860,C3A4BEFA,1470
0,0,CM3D2OHx86_Data\sharedassets18.assets,74160,244554E8,1470
0,0,CM3D2OHx86_Data\sharedassets19.assets,6004,95C165C9,1470
0,0,CM3D2OHx86_Data\sharedassets2.assets,6136,77402CE3,1470
0,0,CM3D2OHx86_Data\sharedassets20.assets,8128,3CCC8C7E,1470
0,0,CM3D2OHx86_Data\sharedassets21.assets,6580,B46E87FE,1470
0,0,CM3D2OHx86_Data\sharedassets22.assets,39511712,15536F63,1470
0,0,CM3D2OHx86_Data\sharedassets23.assets,67700952,8BDE3D05,1470
0,0,CM3D2OHx86_Data\sharedassets24.assets,67690184,81F4B330,1470
0,0,CM3D2OHx86_Data\sharedassets25.assets,47233820,8E9AA41F,1470
0,0,CM3D2OHx86_Data\sharedassets25.resource,3813344,7B95E5D4,1470
0,0,CM3D2OHx86_Data\sharedassets26.assets,80174972,AE46567E,1470
0,0,CM3D2OHx86_Data\sharedassets27.assets,84139364,EBE759F8,1470
0,0,CM3D2OHx86_Data\sharedassets28.assets,48988468,B2709B10,1470
0,0,CM3D2OHx86_Data\sharedassets3.assets,1310240,60DB0430,1470
0,0,CM3D2OHx86_Data\sharedassets4.assets,6448,94456A24,1470
0,0,CM3D2OHx86_Data\sharedassets5.assets,5788,92FA9C9E,1470
0,0,CM3D2OHx86_Data\sharedassets6.assets,6268,FBB4F627,1470
0,0,CM3D2OHx86_Data\sharedassets7.assets,5764,D7DB39C2,1470
0,0,CM3D2OHx86_Data\sharedassets8.assets,5788,63C8455F,1470
0,0,CM3D2OHx86_Data\sharedassets9.assets,5812,39EA3A83,1470
0,0,CM3D2OHx86_Data\Managed\Accessibility.dll,10752,594EE943,1470
0,0,CM3D2OHx86_Data\Managed\Assembly-CSharp-firstpass.dll,636416,8C84444D,1470
0,0,CM3D2OHx86_Data\Managed\Assembly-CSharp.dll,2420736,3DD465E2,1470
0,0,CM3D2OHx86_Data\Managed\Assembly-UnityScript-firstpass.dll,65024,40516AE4,1470
0,0,CM3D2OHx86_Data\Managed\Boo.Lang.dll,126976,9ADD3789,1470
0,0,CM3D2OHx86_Data\Managed\Ionic.Zlib.dll,102400,7C9E7DD2,1470
0,0,CM3D2OHx86_Data\Managed\JsonFx.Json.dll,70144,A0F0CFCB,1470
0,0,CM3D2OHx86_Data\Managed\Mono.Data.Tds.dll,96256,DDA7BAB7,1470
0,0,CM3D2OHx86_Data\Managed\Mono.Posix.dll,184320,C7063ABB,1470
0,0,CM3D2OHx86_Data\Managed\Mono.Security.dll,294912,8C7E67B3,1470
0,0,CM3D2OHx86_Data\Managed\Mono.WebBrowser.dll,172032,541986C3,1470
0,0,CM3D2OHx86_Data\Managed\mscorlib.dll,2589696,AFA570E5,1470
0,0,CM3D2OHx86_Data\Managed\System.Configuration.dll,124928,D5F2A804,1470
0,0,CM3D2OHx86_Data\Managed\System.Core.dll,297472,BCE2218F,1470
0,0,CM3D2OHx86_Data\Managed\System.Data.dll,856064,F1D38D2E,1470
0,0,CM3D2OHx86_Data\Managed\System.dll,1679360,288F722A,1470
0,0,CM3D2OHx86_Data\Managed\System.Drawing.Design.dll,29696,E7B53FF9,1470
0,0,CM3D2OHx86_Data\Managed\System.Drawing.dll,448512,C4B2E872,1470
0,0,CM3D2OHx86_Data\Managed\System.EnterpriseServices.dll,46592,75A19B93,1470
0,0,CM3D2OHx86_Data\Managed\System.Security.dll,135168,365C74A7,1470
0,0,CM3D2OHx86_Data\Managed\System.Transactions.dll,27648,203D65C1,1470
0,0,CM3D2OHx86_Data\Managed\System.Windows.Forms.dll,3053568,56394001,1470
0,0,CM3D2OHx86_Data\Managed\System.Xml.dll,1270272,9B79033F,1470
0,0,CM3D2OHx86_Data\Managed\System.Xml.Linq.dll,106496,B3ACF139,1470
0,0,CM3D2OHx86_Data\Managed\UnityEngine.dll,972800,C8810FF6,1470
0,0,CM3D2OHx86_Data\Managed\UnityEngine.dll.mdb,353934,00DADFA5,1470
0,0,CM3D2OHx86_Data\Managed\UnityEngine.Networking.dll,230912,EBC88F56,1470
0,0,CM3D2OHx86_Data\Managed\UnityEngine.UI.dll,219136,8E43BC11,1470
0,0,CM3D2OHx86_Data\Managed\UnityScript.Lang.dll,14336,13EE284D,1470
0,0,CM3D2OHx86_Data\Managed\zxing.unity.dll,430592,9FD1F198,1470
0,0,CM3D2OHx86_Data\Mono\mono.dll,2114008,1F0AD6CA,1470
0,0,CM3D2OHx86_Data\Mono\etc\mono\browscap.ini,311984,CE6C0AB3,1470
0,0,CM3D2OHx86_Data\Mono\etc\mono\config,1691,A635914A,1470
0,0,CM3D2OHx86_Data\Mono\etc\mono\1.0\DefaultWsdlHelpGenerator.aspx,58196,10E814BF,1470
0,0,CM3D2OHx86_Data\Mono\etc\mono\1.0\machine.config,17258,EDE1AC59,1470
0,0,CM3D2OHx86_Data\Mono\etc\mono\2.0\DefaultWsdlHelpGenerator.aspx,60453,F3869A34,1470
0,0,CM3D2OHx86_Data\Mono\etc\mono\2.0\machine.config,27625,73C91C24,1470
0,0,CM3D2OHx86_Data\Mono\etc\mono\2.0\settings.map,2618,A1A3C29F,1470
0,0,CM3D2OHx86_Data\Mono\etc\mono\2.0\web.config,11686,534A9960,1470
0,0,CM3D2OHx86_Data\Mono\etc\mono\2.0\Browsers\Compat.browser,1605,2E178A0B,1470
0,0,CM3D2OHx86_Data\Mono\etc\mono\mconfig\config.xml,25817,80B2033A,1470
0,0,CM3D2OHx86_Data\Plugins\AVProVideo.dll,658944,C4385B2E,1470
0,0,CM3D2OHx86_Data\Plugins\cm3d2_hole_x86.dll,266240,5C01E01F,1470
0,0,CM3D2OHx86_Data\Plugins\cm3d2_x86.dll,1331200,79222237,1470
0,0,CM3D2OHx86_Data\Plugins\device_hook.dll,371712,1686D487,1470
0,0,CM3D2OHx86_Data\Resources\unity default resources,1544700,7137E221,1470
0,0,CM3D2OHx86_Data\Resources\unity_builtin_extra,142196,65224570,1470
0,0,GameData\csv_cbl.arc,675336,BD1A7948,1470
0,0,GameData\motion_cbl2.arc,18785381,38882C16,1460
0,0,GameData\motion_cbl_addpose001.arc,902201,447E5863,1220
0,0,GameData\motion_cbl_pp002_2.arc,62463881,9CEF1E84,1360
0,0,GameData\motion_cbl_vp001_2.arc,141603,80D0D160,1160
0,0,GameData\motion_cbl_ytgc003_2.arc,296091,68096F71,1340
0,0,GameData\motion_cbl_ytgc002_2.arc,2475220,008FABF0,1160
0,0,GameData\script_cbl.arc,2547632,F8B13D67,1470
0,0,GameData\script_cbl_addpose001.arc,1219,0C884F57,1220
0,0,GameData\script_cbl_denkigai2016s_2.arc,81434,8C81CD11,1370
0,0,GameData\script_cbl_denkigai2016sSukumizu_2.arc,28002,5783CE35,1370
0,0,GameData\script_cbl_personal001_2.arc,340451,B4150145,1260
0,0,GameData\script_cbl_personal003_2.arc,233458,FEF36EF9,1420
0,0,GameData\system_cbl.arc,535,0B028230,1419
0,0,GameData\voice_cbl2.arc,9627083,76D43E7B,1090
0,0,manual\data\005.png,459612,3AF928C5,1170
0,0,manual\data\010.png,800070,5269304C,1170
share,GameData\patch\bg_pp001_2.arc,GameData\bg_pp001_2.arc,1237157,C9D912F7,1220
share,GameData\patch\csv.arc,GameData\csv.arc,2990461,BF72F3D0,1470
share,GameData\patch\csv_addpose001.arc,GameData\csv_addpose001.arc,1235,D06FCA6D,1220
share,GameData\patch\csv_pp001_2.arc,GameData\csv_pp001_2.arc,10034,29181748,1370
share,GameData\patch\csv_pp002_2.arc,GameData\csv_pp002_2.arc,450,65BCF215,1462
share,GameData\patch\csv_urayome001_2.arc,GameData\csv_urayome001_2.arc,1714,1D92B577,1401
share,GameData\patch\csv_vp001_2.arc,GameData\csv_vp001_2.arc,2082,25E58CEB,1160
share,GameData\patch\material2.arc,GameData\material2.arc,214082,9A3968AB,1460
share,GameData\patch\material_denkigai2015s003_2.arc,GameData\material_denkigai2015s003_2.arc,7106,0C82D791,1150
share,GameData\patch\material_denkigai2015wTowelR.arc,GameData\material_denkigai2015wTowelR.arc,1602,618192B9,1360
share,GameData\patch\material_dlc055_2.arc,GameData\material_dlc055_2.arc,5282,11A93109,1280
share,GameData\patch\material_dlsite_2.arc,GameData\material_dlsite_2.arc,1762,C5A837EA,1150
share,GameData\patch\material_shop001_2.arc,GameData\material_shop001_2.arc,1762,D98CED1C,1150
share,GameData\patch\material_shop002_2.arc,GameData\material_shop002_2.arc,1762,956BB00E,1150
share,GameData\patch\material_shop003_2.arc,GameData\material_shop003_2.arc,1762,38CEBFF2,1150
share,GameData\patch\material_shop005_2.arc,GameData\material_shop005_2.arc,1714,3E621A32,1150
share,GameData\patch\material_shop007_2.arc,GameData\material_shop007_2.arc,2578,C8CE627C,1150
share,GameData\patch\material_vp001_2.arc,GameData\material_vp001_2.arc,11890,8CB043B0,1400
share,GameData\patch\material_yomeido003_2.arc,GameData\material_yomeido003_2.arc,1522,0689A7AC,1240
share,GameData\patch\menu2.arc,GameData\menu2.arc,230858,41CD9F15,1460
share,GameData\patch\menu_denkigai2015s001_2.arc,GameData\menu_denkigai2015s001_2.arc,6594,8B3E849F,1160
share,GameData\patch\menu_denkigai2015s003_2.arc,GameData\menu_denkigai2015s003_2.arc,4338,D294CE88,1150
share,GameData\patch\menu_denkigai2015wTowelR.arc,GameData\menu_denkigai2015wTowelR.arc,1282,CECEE1FC,1360
share,GameData\patch\menu_denkigai2016s_2.arc,GameData\menu_denkigai2016s_2.arc,1346,4A9440B1,1351
share,GameData\patch\menu_denkigai2016w_2.arc,GameData\menu_denkigai2016w_2.arc,15154,C8D64D3B,1450
share,GameData\patch\menu_dlcdenkigai2016w_2.arc,GameData\menu_dlcdenkigai2016w_2.arc,13522,45E7F667,1450
share,GameData\patch\menu_dlc026_2.arc,GameData\menu_dlc026_2.arc,3778,69453D54,1190
share,GameData\patch\menu_dlc028_2.arc,GameData\menu_dlc028_2.arc,3874,DE3F1C31,1200
share,GameData\patch\menu_dlc041_2.arc,GameData\menu_dlc041_2.arc,6786,97F738D3,1380
share,GameData\patch\menu_dlc042_2.arc,GameData\menu_dlc042_2.arc,1154,EE4016C0,1440
share,GameData\patch\menu_dlc061_2.arc,GameData\menu_dlc061_2.arc,3810,F99C1D4E,1290
share,GameData\patch\menu_dlc065_2.arc,GameData\menu_dlc065_2.arc,7602,D9387834,1380
share,GameData\patch\menu_dlc074_2.arc,GameData\menu_dlc074_2.arc,5618,24C559D7,1312
share,GameData\patch\menu_dlc100_2.arc,GameData\menu_dlc100_2.arc,1250,DFF94E9A,1400
share,GameData\patch\menu_dlsite_2.arc,GameData\menu_dlsite_2.arc,1954,B2268BA7,1150
share,GameData\patch\menu_personal002_2.arc,GameData\menu_personal002_2.arc,1282,5687650C,1310
share,GameData\patch\menu_shop001_2.arc,GameData\menu_shop001_2.arc,3314,35207C87,1150
share,GameData\patch\menu_shop005_2.arc,GameData\menu_shop005_2.arc,1378,0C9AF725,1150
share,GameData\patch\menu_vp001_2.arc,GameData\menu_vp001_2.arc,19138,7C7AFD9C,1400
share,GameData\patch\menu_yomeido003_2.arc,GameData\menu_yomeido003_2.arc,1234,4D6F619D,1240
share,GameData\patch\menu_yomeidogp_wedding_2.arc,GameData\menu_yomeidogp_wedding_2.arc,3954,C251B12C,1320
share,GameData\patch\model2.arc,GameData\model2.arc,12337467,EC8FFA97,1460
share,GameData\patch\model_denkigai2015s003_2.arc,GameData\model_denkigai2015s003_2.arc,394665,41A48185,1150
share,GameData\patch\model_denkigai2015wTowelR.arc,GameData\model_denkigai2015wTowelR.arc,38258,FB570A24,1360
share,GameData\patch\model_dlc005_2.arc,GameData\model_dlc005_2.arc,175424,F7DD7D82,1270
share,GameData\patch\model_dlc046_2.arc,GameData\model_dlc046_2.arc,155690,83B34173,1220
share,GameData\patch\model_dlc073_2.arc,GameData\model_dlc073_2.arc,267037,47D33A06,1320
share,GameData\patch\model_dlc100_2.arc,GameData\model_dlc100_2.arc,691347,7C3D679D,1400
share,GameData\patch\model_dlc109_2.arc,GameData\model_dlc109_2.arc,137998,8FCCF513,1460
share,GameData\patch\model_dlsite_2.arc,GameData\model_dlsite_2.arc,197173,24366C43,1150
share,GameData\patch\model_shop001_2.arc,GameData\model_shop001_2.arc,115215,9C941FAF,1150
share,GameData\patch\model_shop002_2.arc,GameData\model_shop002_2.arc,251253,743C3D97,1150
share,GameData\patch\model_shop003_2.arc,GameData\model_shop003_2.arc,185433,A15EC70A,1150
share,GameData\patch\model_shop005_2.arc,GameData\model_shop005_2.arc,150103,FB5341FA,1150
share,GameData\patch\model_shop007_2.arc,GameData\model_shop007_2.arc,288759,80615CBD,1150
share,GameData\patch\model_vp001_2.arc,GameData\model_vp001_2.arc,647957,D68B5D2F,1400
share,GameData\patch\paths.dat,GameData\paths.dat,3770,583D9AD6,1470
share,GameData\patch\prioritymaterial.arc,GameData\prioritymaterial.arc,156415,BB91E1A2,1470
share,GameData\patch\sound2.arc,GameData\sound2.arc,12017684,3FAA939B,1330
share,GameData\patch\texture3.arc,GameData\texture3.arc,10035227,7C463DAB,1460
share,GameData\patch\texture_addpose001.arc,GameData\texture_addpose001.arc,23943,1D529A44,1220
share,GameData\patch\texture_denkigai2015wTowelR.arc,GameData\texture_denkigai2015wTowelR.arc,133065,FE4BDC34,1360
share,GameData\patch\texture_denkigai2016w_2.arc,GameData\texture_denkigai2016w_2.arc,10105247,3B4641C3,1450
share,GameData\patch\texture_dlcdenkigai2016w_2.arc,GameData\texture_dlcdenkigai2016w_2.arc,10105332,90868016,1450
share,GameData\patch\texture_dlc004_2.arc,GameData\texture_dlc004_2.arc,4805734,C8E5CFB4,1200
share,GameData\patch\texture_dlc046_2.arc,GameData\texture_dlc046_2.arc,596960,FC606BA5,1220
share,GameData\patch\texture_vp001_2.arc,GameData\texture_vp001_2.arc,755269,18D5027D,1400
share,GameData\patch\texture_yomeido003_2.arc,GameData\texture_yomeido003_2.arc,117248,0EE72B42,1240
share,PhotoModeData\Mod\Motion\readme.txt,PhotoModeData\Mod\Motion\readme.txt,146,3BF5AF4D,1220
share,Preset\8_ren_1_yosiko.preset,Preset\8_ren_1_yosiko.preset,55432,D54FD70C,1220
share,Preset\8_ren_2_ayumi.preset,Preset\8_ren_2_ayumi.preset,51097,3C44F9DB,1220
share,Preset\8_ren_3_sakura.preset,Preset\8_ren_3_sakura.preset,52635,33F54D90,1220
share,Preset\8_ren_4_ai.preset,Preset\8_ren_4_ai.preset,46819,9B6E5960,1220
