0,0,CM3D2OHVRx64.exe,14915584,EEBFF07A,1280
0,0,CM3D2OHVRx64_DirectToRift.exe,465408,ED45B3A7,128
0,0,CM3D2OHVRx64_Data\level0,165104,C167EB00,128
0,0,CM3D2OHVRx64_Data\level1,233248,8442BC4E,128
0,0,CM3D2OHVRx64_Data\level10,4376,3C01B194,128
0,0,CM3D2OHVRx64_Data\level11,153912,98EA7662,128
0,0,CM3D2OHVRx64_Data\level12,4376,5BAB4085,128
0,0,CM3D2OHVRx64_Data\level13,162240,C0147AD6,128
0,0,CM3D2OHVRx64_Data\level14,224984,FFB6D4C0,128
0,0,CM3D2OHVRx64_Data\level15,366112,235C5098,128
0,0,CM3D2OHVRx64_Data\level16,171320,6943229D,128
0,0,CM3D2OHVRx64_Data\level17,443704,20B19F07,128
0,0,CM3D2OHVRx64_Data\level18,214424,3511F3E4,128
0,0,CM3D2OHVRx64_Data\level19,552296,9E223F15,128
0,0,CM3D2OHVRx64_Data\level2,488768,B084808A,128
0,0,CM3D2OHVRx64_Data\level20,640976,59C19418,128
0,0,CM3D2OHVRx64_Data\level21,431496,34FC80A1,128
0,0,CM3D2OHVRx64_Data\level3,558648,F67EBDB4,128
0,0,CM3D2OHVRx64_Data\level4,151256,E4837F5A,128
0,0,CM3D2OHVRx64_Data\level5,187872,15E4F0D4,128
0,0,CM3D2OHVRx64_Data\level6,150832,B31471A8,128
0,0,CM3D2OHVRx64_Data\level7,175192,B45DE134,128
0,0,CM3D2OHVRx64_Data\level8,151264,76277E7F,128
0,0,CM3D2OHVRx64_Data\level9,453504,F79D6882,128
0,0,CM3D2OHVRx64_Data\mainData,981136,54F63B4B,128
0,0,CM3D2OHVRx64_Data\PlayerConnectionConfigFile,21,D50B3093,128
0,0,CM3D2OHVRx64_Data\resources.assets,228732388,0FF4BD37,128
0,0,CM3D2OHVRx64_Data\sharedassets0.assets,237166976,BC8CE3BD,128
0,0,CM3D2OHVRx64_Data\sharedassets1.assets,6649276,4154B753,128
0,0,CM3D2OHVRx64_Data\sharedassets10.assets,4553936,B7D710F0,128
0,0,CM3D2OHVRx64_Data\sharedassets11.assets,4112,AFC2ECF8,128
0,0,CM3D2OHVRx64_Data\sharedassets12.assets,4200912,00812D7D,128
0,0,CM3D2OHVRx64_Data\sharedassets13.assets,4112,85D5607B,128
0,0,CM3D2OHVRx64_Data\sharedassets14.assets,52417456,2F09AEAE,128
0,0,CM3D2OHVRx64_Data\sharedassets15.assets,3691764,BBBC658B,128
0,0,CM3D2OHVRx64_Data\sharedassets16.assets,1587644,B7A36404,128
0,0,CM3D2OHVRx64_Data\sharedassets17.assets,5336,A63BA865,128
0,0,CM3D2OHVRx64_Data\sharedassets18.assets,72640,56BBC37B,128
0,0,CM3D2OHVRx64_Data\sharedassets19.assets,5424,2CF8C84D,128
0,0,CM3D2OHVRx64_Data\sharedassets2.assets,10497772,F41C4BCD,128
0,0,CM3D2OHVRx64_Data\sharedassets20.assets,1423756,0DA8BB52,128
0,0,CM3D2OHVRx64_Data\sharedassets21.assets,5648,C32BB2A6,128
0,0,CM3D2OHVRx64_Data\sharedassets22.assets,39509480,4B4601BB,128
0,0,CM3D2OHVRx64_Data\sharedassets3.assets,36843908,2C139441,128
0,0,CM3D2OHVRx64_Data\sharedassets4.assets,6952156,E25BAE37,128
0,0,CM3D2OHVRx64_Data\sharedassets5.assets,503352,B4A74E1F,128
0,0,CM3D2OHVRx64_Data\sharedassets6.assets,11891564,C1DFC7DC,128
0,0,CM3D2OHVRx64_Data\sharedassets7.assets,466324,957396B5,128
0,0,CM3D2OHVRx64_Data\sharedassets8.assets,5296,EB19F07E,128
0,0,CM3D2OHVRx64_Data\sharedassets9.assets,927416,A789BC38,128
0,0,CM3D2OHVRx64_Data\Managed\Accessibility.dll,10752,A358E135,128
0,0,CM3D2OHVRx64_Data\Managed\Assembly-CSharp-firstpass.dll,176128,CCC0B4D7,128
0,0,CM3D2OHVRx64_Data\Managed\Assembly-CSharp.dll,2237440,6FCAE3EB,128
0,0,CM3D2OHVRx64_Data\Managed\Assembly-UnityScript-firstpass.dll,65024,32463AE0,128
0,0,CM3D2OHVRx64_Data\Managed\Boo.Lang.dll,126976,B1FDC6B6,128
0,0,CM3D2OHVRx64_Data\Managed\JsonFx.Json.dll,70144,A0F0CFCB,128
0,0,CM3D2OHVRx64_Data\Managed\Mono.Data.Tds.dll,96256,DE9FBD55,128
0,0,CM3D2OHVRx64_Data\Managed\Mono.Posix.dll,184320,A333AAF5,128
0,0,CM3D2OHVRx64_Data\Managed\Mono.Security.dll,294912,D5BB48FC,128
0,0,CM3D2OHVRx64_Data\Managed\Mono.WebBrowser.dll,172032,5D310803,128
0,0,CM3D2OHVRx64_Data\Managed\mscorlib.dll,2590208,5A5FF75C,128
0,0,CM3D2OHVRx64_Data\Managed\System.Configuration.dll,124928,F88CF714,128
0,0,CM3D2OHVRx64_Data\Managed\System.Core.dll,300032,0504C277,128
0,0,CM3D2OHVRx64_Data\Managed\System.Data.dll,856064,1DE4F5EB,128
0,0,CM3D2OHVRx64_Data\Managed\System.dll,1678848,08B8E16D,128
0,0,CM3D2OHVRx64_Data\Managed\System.Drawing.Design.dll,29696,E7B53FF9,128
0,0,CM3D2OHVRx64_Data\Managed\System.Drawing.dll,448512,C4B2E872,128
0,0,CM3D2OHVRx64_Data\Managed\System.EnterpriseServices.dll,46592,1B56067D,128
0,0,CM3D2OHVRx64_Data\Managed\System.Security.dll,135168,A9F5B9F1,128
0,0,CM3D2OHVRx64_Data\Managed\System.Transactions.dll,27648,DE82E2C6,128
0,0,CM3D2OHVRx64_Data\Managed\System.Windows.Forms.dll,3053568,56394001,128
0,0,CM3D2OHVRx64_Data\Managed\System.Xml.dll,1270272,BCE39995,128
0,0,CM3D2OHVRx64_Data\Managed\System.Xml.Linq.dll,106496,1062D683,128
0,0,CM3D2OHVRx64_Data\Managed\UnityEngine.dll,614912,6F2B6F30,128
0,0,CM3D2OHVRx64_Data\Managed\UnityEngine.UI.dll,176128,380C2545,128
0,0,CM3D2OHVRx64_Data\Managed\UnityScript.Lang.dll,14336,FAB8DDA9,128
0,0,CM3D2OHVRx64_Data\Mono\mono.dll,2601984,5E0870C0,128
0,0,CM3D2OHVRx64_Data\Mono\etc\mono\browscap.ini,311984,CE6C0AB3,128
0,0,CM3D2OHVRx64_Data\Mono\etc\mono\config,1691,A635914A,128
0,0,CM3D2OHVRx64_Data\Mono\etc\mono\1.0\DefaultWsdlHelpGenerator.aspx,58196,10E814BF,128
0,0,CM3D2OHVRx64_Data\Mono\etc\mono\1.0\machine.config,17259,82F1AD8B,128
0,0,CM3D2OHVRx64_Data\Mono\etc\mono\2.0\DefaultWsdlHelpGenerator.aspx,60453,F3869A34,128
0,0,CM3D2OHVRx64_Data\Mono\etc\mono\2.0\machine.config,27626,4F6C3F79,128
0,0,CM3D2OHVRx64_Data\Mono\etc\mono\2.0\settings.map,2618,A1A3C29F,128
0,0,CM3D2OHVRx64_Data\Mono\etc\mono\2.0\web.config,11686,534A9960,128
0,0,CM3D2OHVRx64_Data\Mono\etc\mono\2.0\Browsers\Compat.browser,1605,2E178A0B,128
0,0,CM3D2OHVRx64_Data\Mono\etc\mono\mconfig\config.xml,25817,80B2033A,128
0,0,CM3D2OHVRx64_Data\Plugins\cm3d2_hole_x64.dll,339968,09BB14AC,128
0,0,CM3D2OHVRx64_Data\Plugins\cm3d2_x64.dll,1512960,0A8F8009,128
0,0,CM3D2OHVRx64_Data\Plugins\device_hook.dll,87552,65F0207E,128
0,0,CM3D2OHVRx64_Data\Plugins\OculusPlugin.dll,302080,B873E721,128
0,0,CM3D2OHVRx64_Data\Plugins\OVRGamepad.dll,12800,46477987,128
0,0,CM3D2OHVRx64_Data\Plugins\OVRPlugin.dll,354304,F04E9B58,128
0,0,CM3D2OHVRx64_Data\Resources\unity default resources,1571709,31020360,128
0,0,CM3D2OHVRx64_Data\Resources\unity_builtin_extra,372672,13813718,128
0,0,GameData\material_vr.arc,1393,E8F3D878,100
0,0,GameData\menu_vr.arc,1262,6510B03E,100
0,0,GameData\model_vr.arc,70824,C9DCB2E5,100
0,0,GameData\texture_vr.arc,470392,5F59D9B6,100
