0,0,CM3D2OH.exe,7707136,A913B79B,1007
0,0,CM3D2OHx86.exe,11632128,19E472F9,136
0,0,CM3D2OHx86_Data\level0,165464,28C12B9B,1360
0,0,CM3D2OHx86_Data\level1,233608,7BFBC549,1360
0,0,CM3D2OHx86_Data\level10,4376,B687C3C4,1360
0,0,CM3D2OHx86_Data\level11,154272,B0A175C8,1360
0,0,CM3D2OHx86_Data\level12,4376,B64D8840,1360
0,0,CM3D2OHx86_Data\level13,167848,4AE3786A,1360
0,0,CM3D2OHx86_Data\level14,229968,CCBE521A,1360
0,0,CM3D2OHx86_Data\level15,366440,CC12B5ED,1360
0,0,CM3D2OHx86_Data\level16,171680,20217E07,1360
0,0,CM3D2OHx86_Data\level17,444064,A4DF78A3,1360
0,0,CM3D2OHx86_Data\level18,214784,C6402E1D,1360
0,0,CM3D2OHx86_Data\level19,552656,4F5EA104,1360
0,0,CM3D2OHx86_Data\level2,489128,A1BDA4BB,1360
0,0,CM3D2OHx86_Data\level20,1035408,5EF59E3D,1360
0,0,CM3D2OHx86_Data\level21,431856,CBFBF281,1360
0,0,CM3D2OHx86_Data\level22,502216,C0AC9E9A,1360
0,0,CM3D2OHx86_Data\level23,686736,5BBDC737,1360
0,0,CM3D2OHx86_Data\level24,606432,E7BE66A7,1360
0,0,CM3D2OHx86_Data\level3,559008,502BDAFB,1360
0,0,CM3D2OHx86_Data\level4,151616,8145749B,1360
0,0,CM3D2OHx86_Data\level5,188232,A6B03B00,1360
0,0,CM3D2OHx86_Data\level6,151192,E8DE5D79,1360
0,0,CM3D2OHx86_Data\level7,175552,40E9CAD4,1360
0,0,CM3D2OHx86_Data\level8,151624,2785EAA6,1360
0,0,CM3D2OHx86_Data\level9,453864,D0B6F4DE,1360
0,0,CM3D2OHx86_Data\mainData,1075856,631BA9F1,1360
0,0,CM3D2OHx86_Data\PlayerConnectionConfigFile,21,B2ACF52D,1360
0,0,CM3D2OHx86_Data\resources.assets,296589612,026D3BDB,1360
0,0,CM3D2OHx86_Data\sharedassets0.assets,241516848,6DBBBD0C,1360
0,0,CM3D2OHx86_Data\sharedassets1.assets,6649424,41843D52,1360
0,0,CM3D2OHx86_Data\sharedassets10.assets,4554000,08E9903C,1360
0,0,CM3D2OHx86_Data\sharedassets11.assets,4112,4C53003D,1360
0,0,CM3D2OHx86_Data\sharedassets12.assets,4200976,A2379AE4,1360
0,0,CM3D2OHx86_Data\sharedassets13.assets,4112,ECDA9D28,1360
0,0,CM3D2OHx86_Data\sharedassets14.assets,119196156,BD73FAA7,1360
0,0,CM3D2OHx86_Data\sharedassets15.assets,3691828,2CCD0608,1360
0,0,CM3D2OHx86_Data\sharedassets16.assets,275132,76B6D79C,1360
0,0,CM3D2OHx86_Data\sharedassets17.assets,5400,747C9FDC,1360
0,0,CM3D2OHx86_Data\sharedassets18.assets,72704,7451CCEB,1360
0,0,CM3D2OHx86_Data\sharedassets19.assets,5488,A6D4A4D7,1360
0,0,CM3D2OHx86_Data\sharedassets2.assets,10497836,0008AAE6,1360
0,0,CM3D2OHx86_Data\sharedassets20.assets,1423820,DB27B4CE,1360
0,0,CM3D2OHx86_Data\sharedassets21.assets,5598908,33E76A37,1360
0,0,CM3D2OHx86_Data\sharedassets22.assets,39509544,A5EBB04F,1360
0,0,CM3D2OHx86_Data\sharedassets23.assets,67724952,3CE9B4AB,1360
0,0,CM3D2OHx86_Data\sharedassets24.assets,67946668,CCDB7BDE,1360
0,0,CM3D2OHx86_Data\sharedassets25.assets,57361452,3C7FF61F,1360
0,0,CM3D2OHx86_Data\sharedassets3.assets,34784236,42224F10,1360
0,0,CM3D2OHx86_Data\sharedassets4.assets,6952220,EC6FA122,1360
0,0,CM3D2OHx86_Data\sharedassets5.assets,503416,20C0E15B,1360
0,0,CM3D2OHx86_Data\sharedassets6.assets,11891628,E48FF2E9,1360
0,0,CM3D2OHx86_Data\sharedassets7.assets,466388,7C84E0B7,1360
0,0,CM3D2OHx86_Data\sharedassets8.assets,5360,B57D49B1,1360
0,0,CM3D2OHx86_Data\sharedassets9.assets,927480,00072958,1360
0,0,CM3D2OHx86_Data\Managed\Accessibility.dll,10752,C80413DC,1360
0,0,CM3D2OHx86_Data\Managed\Assembly-CSharp-firstpass.dll,449536,30FFF9B1,1360
0,0,CM3D2OHx86_Data\Managed\Assembly-CSharp.dll,2213888,90B6F005,1360
0,0,CM3D2OHx86_Data\Managed\Assembly-UnityScript-firstpass.dll,65024,52D61AE8,1360
0,0,CM3D2OHx86_Data\Managed\Boo.Lang.dll,126976,E379C12B,1360
0,0,CM3D2OHx86_Data\Managed\JsonFx.Json.dll,70144,A0F0CFCB,1360
0,0,CM3D2OHx86_Data\Managed\Mono.Data.Tds.dll,96256,10E297D4,1360
0,0,CM3D2OHx86_Data\Managed\Mono.Posix.dll,184320,82B6C163,1360
0,0,CM3D2OHx86_Data\Managed\Mono.Security.dll,294912,C759B90F,1360
0,0,CM3D2OHx86_Data\Managed\Mono.WebBrowser.dll,172032,3BD66294,1360
0,0,CM3D2OHx86_Data\Managed\mscorlib.dll,2590208,54064D59,1360
0,0,CM3D2OHx86_Data\Managed\System.Configuration.dll,124928,CA10261D,1360
0,0,CM3D2OHx86_Data\Managed\System.Core.dll,300032,615F5AFE,1360
0,0,CM3D2OHx86_Data\Managed\System.Data.dll,856064,E7FF9373,1360
0,0,CM3D2OHx86_Data\Managed\System.dll,1678848,0F9C1035,1360
0,0,CM3D2OHx86_Data\Managed\System.Drawing.Design.dll,29696,E7B53FF9,1360
0,0,CM3D2OHx86_Data\Managed\System.Drawing.dll,448512,C4B2E872,1360
0,0,CM3D2OHx86_Data\Managed\System.EnterpriseServices.dll,46592,4FFDA4D6,1360
0,0,CM3D2OHx86_Data\Managed\System.Security.dll,135168,B020F0F1,1360
0,0,CM3D2OHx86_Data\Managed\System.Transactions.dll,27648,E3B069A5,1360
0,0,CM3D2OHx86_Data\Managed\System.Windows.Forms.dll,3053568,56394001,1360
0,0,CM3D2OHx86_Data\Managed\System.Xml.dll,1270272,C76991B8,1360
0,0,CM3D2OHx86_Data\Managed\System.Xml.Linq.dll,106496,1E91F41B,1360
0,0,CM3D2OHx86_Data\Managed\UnityEngine.dll,614912,EDA0EE35,1360
0,0,CM3D2OHx86_Data\Managed\UnityEngine.UI.dll,176128,59066003,1360
0,0,CM3D2OHx86_Data\Managed\UnityScript.Lang.dll,14336,7309FF69,1360
0,0,CM3D2OHx86_Data\Mono\mono.dll,2103296,6E4591F8,1360
0,0,CM3D2OHx86_Data\Mono\etc\mono\browscap.ini,311984,CE6C0AB3,1360
0,0,CM3D2OHx86_Data\Mono\etc\mono\config,1691,A635914A,1360
0,0,CM3D2OHx86_Data\Mono\etc\mono\1.0\DefaultWsdlHelpGenerator.aspx,58196,10E814BF,1360
0,0,CM3D2OHx86_Data\Mono\etc\mono\1.0\machine.config,17259,82F1AD8B,1360
0,0,CM3D2OHx86_Data\Mono\etc\mono\2.0\DefaultWsdlHelpGenerator.aspx,60453,F3869A34,1360
0,0,CM3D2OHx86_Data\Mono\etc\mono\2.0\machine.config,27626,4F6C3F79,1360
0,0,CM3D2OHx86_Data\Mono\etc\mono\2.0\settings.map,2618,A1A3C29F,1360
0,0,CM3D2OHx86_Data\Mono\etc\mono\2.0\web.config,11686,534A9960,1360
0,0,CM3D2OHx86_Data\Mono\etc\mono\2.0\Browsers\Compat.browser,1605,2E178A0B,1360
0,0,CM3D2OHx86_Data\Mono\etc\mono\mconfig\config.xml,25817,80B2033A,1360
0,0,CM3D2OHx86_Data\Plugins\cm3d2_hole_x86.dll,266240,5C01E01F,1360
0,0,CM3D2OHx86_Data\Plugins\cm3d2_x86.dll,1308160,E4C80ED6,1360
0,0,CM3D2OHx86_Data\Plugins\device_hook.dll,99840,F85CDA1B,1360
0,0,CM3D2OHx86_Data\Resources\unity default resources,1571709,31020360,1360
0,0,CM3D2OHx86_Data\Resources\unity_builtin_extra,372672,B51FCBBC,1360
0,0,GameData\bg_pp001_2.arc,1237157,C9D912F7,1220
0,0,GameData\csv.arc,2415504,15F63A4B,1360
0,0,GameData\csv_addpose001.arc,1235,D06FCA6D,1220
0,0,GameData\csv_cbl.arc,567007,642BC50D,1350
0,0,GameData\csv_pp001_2.arc,10002,668119FA,1330
0,0,GameData\csv_vp001_2.arc,2082,25E58CEB,1160
0,0,GameData\material2.arc,207669,1E308A48,1313
0,0,GameData\material_denkigai2015s003_2.arc,7106,0C82D791,1150
0,0,GameData\material_denkigai2015wTowelR.arc,1602,618192B9,1360
0,0,GameData\material_dlc055_2.arc,5282,11A93109,1280
0,0,GameData\material_dlsite_2.arc,1762,C5A837EA,1150
0,0,GameData\material_shop001_2.arc,1762,D98CED1C,1150
0,0,GameData\material_shop002_2.arc,1762,956BB00E,1150
0,0,GameData\material_shop003_2.arc,1762,38CEBFF2,1150
0,0,GameData\material_shop005_2.arc,1714,3E621A32,1150
0,0,GameData\material_shop007_2.arc,2578,C8CE627C,1150
0,0,GameData\material_vp001_2.arc,9554,066C9CA9,1150
0,0,GameData\material_yomeido003_2.arc,1522,0689A7AC,1240
0,0,GameData\menu2.arc,227325,E2159374,1320
0,0,GameData\menu_denkigai2015s001_2.arc,6594,8B3E849F,1160
0,0,GameData\menu_denkigai2015s003_2.arc,4338,D294CE88,1150
0,0,GameData\menu_denkigai2015wTowelR.arc,1282,CECEE1FC,1360
0,0,GameData\menu_dlc026_2.arc,3778,69453D54,1190
0,0,GameData\menu_dlc028_2.arc,3874,DE3F1C31,1200
0,0,GameData\menu_dlc061_2.arc,3810,F99C1D4E,1290
0,0,GameData\menu_dlc074_2.arc,5618,24C559D7,1312
0,0,GameData\menu_dlsite_2.arc,1954,B2268BA7,1150
0,0,GameData\menu_personal002_2.arc,1282,5687650C,1310
0,0,GameData\menu_shop001_2.arc,3314,35207C87,1150
0,0,GameData\menu_shop005_2.arc,1378,0C9AF725,1150
0,0,GameData\menu_vp001_2.arc,18546,5FFF33DA,1150
0,0,GameData\menu_yomeido003_2.arc,1234,4D6F619D,1240
0,0,GameData\menu_yomeidogp_wedding_2.arc,3954,C251B12C,1320
0,0,GameData\model2.arc,11100629,7C2AD9D9,1331
0,0,GameData\model_denkigai2015s003_2.arc,394665,41A48185,1150
0,0,GameData\model_denkigai2015wTowelR.arc,38258,FB570A24,1360
0,0,GameData\model_dlc005_2.arc,175424,F7DD7D82,1270
0,0,GameData\model_dlc046_2.arc,155690,83B34173,1220
0,0,GameData\model_dlc073_2.arc,267037,47D33A06,1320
0,0,GameData\model_dlsite_2.arc,197173,24366C43,1150
0,0,GameData\model_shop001_2.arc,115215,9C941FAF,1150
0,0,GameData\model_shop002_2.arc,251253,743C3D97,1150
0,0,GameData\model_shop003_2.arc,185433,A15EC70A,1150
0,0,GameData\model_shop005_2.arc,150103,FB5341FA,1150
0,0,GameData\model_shop007_2.arc,288759,80615CBD,1150
0,0,GameData\model_vp001_2.arc,290407,A19508D6,1150
0,0,GameData\motion_cbl2.arc,434674,212D7235,1270
0,0,GameData\motion_cbl_addpose001.arc,902201,447E5863,1220
0,0,GameData\motion_cbl_pp002_2.arc,62463881,9CEF1E84,1360
0,0,GameData\motion_cbl_vp001_2.arc,141603,80D0D160,1160
0,0,GameData\motion_cbl_ytgc003_2.arc,296091,68096F71,1340
0,0,GameData\motion_cbl_ytgc002_2.arc,2475220,008FABF0,1160
0,0,GameData\paths.dat,2205,88A1F754,1360
0,0,GameData\prioritymaterial.arc,124838,E0685A4C,1360
0,0,GameData\script_cbl.arc,2113769,2CF55BDC,1360
0,0,GameData\script_cbl_addpose001.arc,1219,0C884F57,1220
0,0,GameData\script_cbl_personal001_2.arc,340451,B4150145,1260
0,0,GameData\texture3.arc,8309676,4D1D3FA9,1340
0,0,GameData\texture_addpose001.arc,23943,1D529A44,1220
0,0,GameData\texture_denkigai2015wTowelR.arc,133065,FE4BDC34,1360
0,0,GameData\texture_dlc004_2.arc,4805734,C8E5CFB4,1200
0,0,GameData\texture_dlc046_2.arc,596960,FC606BA5,1220
0,0,GameData\texture_vp001_2.arc,562695,D458C6A6,1300
0,0,GameData\texture_yomeido003_2.arc,117248,0EE72B42,1240
0,0,GameData\sound2.arc,12017684,3FAA939B,1330
0,0,GameData\voice_cbl2.arc,9627083,76D43E7B,1090
0,0,manual\data\005.png,459612,3AF928C5,1170
0,0,manual\data\010.png,800070,5269304C,1170
0,0,PhotoModeData\Mod\Motion\readme.txt,146,3BF5AF4D,1220
0,0,Preset\8_ren_1_yosiko.preset,55432,D54FD70C,1220
0,0,Preset\8_ren_2_ayumi.preset,51097,3C44F9DB,1220
0,0,Preset\8_ren_3_sakura.preset,52635,33F54D90,1220
0,0,Preset\8_ren_4_ai.preset,46819,9B6E5960,1220
