0,0,CM3D2.exe,7793664,D44E2FA5,1007
0,0,CM3D2x86.exe,11632128,015E8BDA,125
0,0,CM3D2x86_Data\level0,165088,45542792,1250
0,0,CM3D2x86_Data\level1,168392,BD54DE40,1250
0,0,CM3D2x86_Data\level10,150816,A25C2F84,1250
0,0,CM3D2x86_Data\level11,175176,1321805D,1250
0,0,CM3D2x86_Data\level12,151248,E3F04ED2,1250
0,0,CM3D2x86_Data\level13,473240,0F4F0760,1250
0,0,CM3D2x86_Data\level14,4376,FF52415D,1250
0,0,CM3D2x86_Data\level15,153896,AB97A137,1250
0,0,CM3D2x86_Data\level16,4376,98F8B04C,1250
0,0,CM3D2x86_Data\level17,162256,A09C5943,1250
0,0,CM3D2x86_Data\level18,223424,CE9F9E60,1250
0,0,CM3D2x86_Data\level19,363712,724B9807,1250
0,0,CM3D2x86_Data\level2,367640,A51B386E,1250
0,0,CM3D2x86_Data\level20,171304,11F91D4B,1250
0,0,CM3D2x86_Data\level21,441728,180033A5,1250
0,0,CM3D2x86_Data\level22,214408,7ED81E5A,1250
0,0,CM3D2x86_Data\level23,237184,9551C945,1250
0,0,CM3D2x86_Data\level24,170296,2DAA49CD,1250
0,0,CM3D2x86_Data\level25,549800,5A508FB8,1250
0,0,CM3D2x86_Data\level26,640960,B0D5F641,1250
0,0,CM3D2x86_Data\level3,486048,8806A663,1250
0,0,CM3D2x86_Data\level4,558632,730E14DA,1250
0,0,CM3D2x86_Data\level5,151240,7844B8A0,1250
0,0,CM3D2x86_Data\level6,298024,D1454473,1250
0,0,CM3D2x86_Data\level7,191664,90C249BC,1250
0,0,CM3D2x86_Data\level8,187856,3108D0DE,1250
0,0,CM3D2x86_Data\level9,160848,B5DF83B9,1250
0,0,CM3D2x86_Data\mainData,962016,C4F118DA,1250
0,0,CM3D2x86_Data\PlayerConnectionConfigFile,20,D5D8375D,1250
0,0,CM3D2x86_Data\resources.assets,222277984,BDBED902,1250
0,0,CM3D2x86_Data\sharedassets0.assets,237166976,6C7374EC,1250
0,0,CM3D2x86_Data\sharedassets1.assets,6649276,DDF7C27A,1250
0,0,CM3D2x86_Data\sharedassets10.assets,5272,B91B447F,1250
0,0,CM3D2x86_Data\sharedassets11.assets,466324,98802EBC,1250
0,0,CM3D2x86_Data\sharedassets12.assets,5296,3105F859,1250
0,0,CM3D2x86_Data\sharedassets13.assets,927416,249C899B,1250
0,0,CM3D2x86_Data\sharedassets14.assets,2458064,49D87D16,1250
0,0,CM3D2x86_Data\sharedassets15.assets,4112,3BF44473,1250
0,0,CM3D2x86_Data\sharedassets16.assets,4200912,90E602E9,1250
0,0,CM3D2x86_Data\sharedassets17.assets,4112,11E3C8F0,1250
0,0,CM3D2x86_Data\sharedassets18.assets,49608480,F95B8242,1250
0,0,CM3D2x86_Data\sharedassets19.assets,3691764,11778108,1250
0,0,CM3D2x86_Data\sharedassets2.assets,3514212,C5E5057A,1250
0,0,CM3D2x86_Data\sharedassets20.assets,1587644,730888B1,1250
0,0,CM3D2x86_Data\sharedassets21.assets,5336,BE8ABDD7,1250
0,0,CM3D2x86_Data\sharedassets22.assets,72640,ED4F71D3,1250
0,0,CM3D2x86_Data\sharedassets23.assets,5424,00291F32,1250
0,0,CM3D2x86_Data\sharedassets24.assets,5344,4C276333,1250
0,0,CM3D2x86_Data\sharedassets25.assets,5344,754C5C5A,1250
0,0,CM3D2x86_Data\sharedassets26.assets,1423756,9B004064,1250
0,0,CM3D2x86_Data\sharedassets27.assets,5648,C78D5C52,1250
0,0,CM3D2x86_Data\sharedassets3.assets,16005664,3BFC8788,1250
0,0,CM3D2x86_Data\sharedassets4.assets,36843908,FE1732AA,1250
0,0,CM3D2x86_Data\sharedassets5.assets,6952156,B4203D82,1250
0,0,CM3D2x86_Data\sharedassets6.assets,503352,CF4338CB,1250
0,0,CM3D2x86_Data\sharedassets7.assets,5472,88533D3B,1250
0,0,CM3D2x86_Data\sharedassets8.assets,355452,D69982EB,1250
0,0,CM3D2x86_Data\sharedassets9.assets,11891564,BC09025F,1250
0,0,CM3D2x86_Data\Managed\Accessibility.dll,10752,A358E135,1250
0,0,CM3D2x86_Data\Managed\Assembly-CSharp-firstpass.dll,171008,2A30903D,1250
0,0,CM3D2x86_Data\Managed\Assembly-CSharp.dll,2170880,2765319D,1250
0,0,CM3D2x86_Data\Managed\Assembly-UnityScript-firstpass.dll,65024,AB6243AF,1250
0,0,CM3D2x86_Data\Managed\Boo.Lang.dll,126976,B1FDC6B6,1250
0,0,CM3D2x86_Data\Managed\JsonFx.Json.dll,70144,A0F0CFCB,1250
0,0,CM3D2x86_Data\Managed\Mono.Data.Tds.dll,96256,DE9FBD55,1250
0,0,CM3D2x86_Data\Managed\Mono.Posix.dll,184320,A333AAF5,1250
0,0,CM3D2x86_Data\Managed\Mono.Security.dll,294912,D5BB48FC,1250
0,0,CM3D2x86_Data\Managed\Mono.WebBrowser.dll,172032,5D310803,1250
0,0,CM3D2x86_Data\Managed\mscorlib.dll,2590208,5A5FF75C,1250
0,0,CM3D2x86_Data\Managed\System.Configuration.dll,124928,F88CF714,1250
0,0,CM3D2x86_Data\Managed\System.Core.dll,300032,0504C277,1250
0,0,CM3D2x86_Data\Managed\System.Data.dll,856064,1DE4F5EB,1250
0,0,CM3D2x86_Data\Managed\System.dll,1678848,08B8E16D,1250
0,0,CM3D2x86_Data\Managed\System.Drawing.Design.dll,29696,E7B53FF9,1250
0,0,CM3D2x86_Data\Managed\System.Drawing.dll,448512,C4B2E872,1250
0,0,CM3D2x86_Data\Managed\System.EnterpriseServices.dll,46592,1B56067D,1250
0,0,CM3D2x86_Data\Managed\System.Security.dll,135168,A9F5B9F1,1250
0,0,CM3D2x86_Data\Managed\System.Transactions.dll,27648,DE82E2C6,1250
0,0,CM3D2x86_Data\Managed\System.Windows.Forms.dll,3053568,56394001,1250
0,0,CM3D2x86_Data\Managed\System.Xml.dll,1270272,BCE39995,1250
0,0,CM3D2x86_Data\Managed\System.Xml.Linq.dll,106496,1062D683,1250
0,0,CM3D2x86_Data\Managed\UnityEngine.dll,614912,6749BBED,1250
0,0,CM3D2x86_Data\Managed\UnityEngine.UI.dll,176128,380C2545,1250
0,0,CM3D2x86_Data\Managed\UnityScript.Lang.dll,14336,FAB8DDA9,1250
0,0,CM3D2x86_Data\Mono\mono.dll,2103296,36130890,1250
0,0,CM3D2x86_Data\Mono\etc\mono\browscap.ini,311984,CE6C0AB3,1250
0,0,CM3D2x86_Data\Mono\etc\mono\config,1691,A635914A,1250
0,0,CM3D2x86_Data\Mono\etc\mono\1.0\DefaultWsdlHelpGenerator.aspx,58196,10E814BF,1250
0,0,CM3D2x86_Data\Mono\etc\mono\1.0\machine.config,17259,82F1AD8B,1250
0,0,CM3D2x86_Data\Mono\etc\mono\2.0\DefaultWsdlHelpGenerator.aspx,60453,F3869A34,1250
0,0,CM3D2x86_Data\Mono\etc\mono\2.0\machine.config,27626,4F6C3F79,1250
0,0,CM3D2x86_Data\Mono\etc\mono\2.0\settings.map,2618,A1A3C29F,1250
0,0,CM3D2x86_Data\Mono\etc\mono\2.0\web.config,11686,534A9960,1250
0,0,CM3D2x86_Data\Mono\etc\mono\2.0\Browsers\Compat.browser,1605,2E178A0B,1250
0,0,CM3D2x86_Data\Mono\etc\mono\mconfig\config.xml,25817,80B2033A,1250
0,0,CM3D2x86_Data\Plugins\cm3d2_x86.dll,1304576,AAE31448,1250
0,0,CM3D2x86_Data\Plugins\device_hook.dll,77312,7EEF9868,1250
0,0,CM3D2x86_Data\Resources\unity default resources,1571709,31020360,1250
0,0,CM3D2x86_Data\Resources\unity_builtin_extra,372672,D43832AF,1250
0,0,GameData\bg_pp001_2.arc,1237157,C9D912F7,1220
0,0,GameData\csv.arc,1819232,29C8964F,1250
0,0,GameData\csv_addpose001.arc,1235,D06FCA6D,1220
0,0,GameData\csv_vp001_2.arc,2082,25E58CEB,1160
0,0,GameData\material2.arc,196884,BED668DB,1220
0,0,GameData\material_denkigai2015s003_2.arc,7106,0C82D791,1150
0,0,GameData\material_dlsite_2.arc,1762,C5A837EA,1150
0,0,GameData\material_shop001_2.arc,1762,D98CED1C,1150
0,0,GameData\material_shop002_2.arc,1762,956BB00E,1150
0,0,GameData\material_shop003_2.arc,1762,38CEBFF2,1150
0,0,GameData\material_shop005_2.arc,1714,3E621A32,1150
0,0,GameData\material_shop007_2.arc,2578,C8CE627C,1150
0,0,GameData\material_vp001_2.arc,9554,066C9CA9,1150
0,0,GameData\material_yomeido003_2.arc,1522,0689A7AC,1240
0,0,GameData\menu2.arc,222431,D166D9EA,1240
0,0,GameData\menu_denkigai2015s001_2.arc,6594,8B3E849F,1160
0,0,GameData\menu_denkigai2015s003_2.arc,4338,D294CE88,1150
0,0,GameData\menu_dlc026_2.arc,3778,69453D54,1190
0,0,GameData\menu_dlc028_2.arc,3874,DE3F1C31,1200
0,0,GameData\menu_dlsite_2.arc,1954,B2268BA7,1150
0,0,GameData\menu_shop001_2.arc,3314,35207C87,1150
0,0,GameData\menu_shop005_2.arc,1378,0C9AF725,1150
0,0,GameData\menu_vp001_2.arc,18546,5FFF33DA,1150
0,0,GameData\menu_yomeido003_2.arc,1234,4D6F619D,1240
0,0,GameData\model2.arc,12131417,54D44B0A,1220
0,0,GameData\model_denkigai2015s003_2.arc,394665,41A48185,1150
0,0,GameData\model_dlc046_2.arc,155690,83B34173,1220
0,0,GameData\model_dlsite_2.arc,197173,24366C43,1150
0,0,GameData\model_shop001_2.arc,115215,9C941FAF,1150
0,0,GameData\model_shop002_2.arc,251253,743C3D97,1150
0,0,GameData\model_shop003_2.arc,185433,A15EC70A,1150
0,0,GameData\model_shop005_2.arc,150103,FB5341FA,1150
0,0,GameData\model_shop007_2.arc,288759,80615CBD,1150
0,0,GameData\model_vp001_2.arc,290407,A19508D6,1150
0,0,GameData\motion2.arc,60360116,67F656D6,1220
0,0,GameData\motion_addpose001.arc,902194,517CF6C8,1220
0,0,GameData\motion_pp001_2.arc,615858,0E432519,1220
0,0,GameData\motion_vp001_2.arc,141579,7857F9CD,1160
0,0,GameData\paths.dat,1300,682BB29B,1250
0,0,GameData\prioritymaterial.arc,95841,B9FBB91B,1250
0,0,GameData\script.arc,13044051,B1101CD1,1250
0,0,GameData\script_addpose001.arc,1194,9F2EDF3C,1220
0,0,GameData\script_denkigai2015w_2.arc,40178,8634EE8F,1220
0,0,GameData\script_denkigai2015wPants_2.arc,12658,57896547,1220
0,0,GameData\script_personal001_2.arc,2669784,1D9A5372,1250
0,0,GameData\script_pp001_2.arc,79734,09E30E37,1250
0,0,GameData\sound2.arc,7402763,5D761564,1170
0,0,GameData\texture3.arc,7006504,DF141704,1220
0,0,GameData\texture_addpose001.arc,23943,1D529A44,1220
0,0,GameData\texture_dlc004_2.arc,4805734,C8E5CFB4,1200
0,0,GameData\texture_dlc046_2.arc,596960,FC606BA5,1220
0,0,GameData\texture_yomeido003_2.arc,117248,0EE72B42,1240
0,0,GameData\voice3.arc,101849461,061F0890,1250
0,0,manual\data\004.png,699424,54A4DC50,1010
0,0,manual\data\007.png,453984,97E623F5,1010
0,0,manual\data\008.png,553674,7B23C3DF,1010
0,0,manual\data\013.png,673884,992CEEC5,1010
0,0,PhotoModeData\Mod\Motion\readme.txt,146,3BF5AF4D,1220
0,0,Preset\1_junshin.preset,43021,0D00795A,1010
0,0,Preset\2_coodere.preset,43516,E9EBB0F2,1010
0,0,Preset\3_tsundere.preset,48900,D0EF8B9E,1010
0,0,Preset\4_default.preset,43697,C5E392BE,1010
0,0,Preset\5_pretty_junshin.preset,40739,D9262BEF,1010
0,0,Preset\6_pretty_coodere.preset,39554,E54D5766,1010
0,0,Preset\7_pretty_tsundere.preset,38235,CA8437BB,1010
0,0,Preset\8_ren_1_yosiko.preset,55432,D54FD70C,1220
0,0,Preset\8_ren_2_ayumi.preset,51097,3C44F9DB,1220
0,0,Preset\8_ren_3_sakura.preset,52635,33F54D90,1220
0,0,Preset\8_ren_4_ai.preset,46819,9B6E5960,1220