0,0,CM3D2OH.exe,7707136,A913B79B,1007
0,0,CM3D2OHx64.exe,14915584,EEBFF07A,124
0,0,CM3D2OHx64_Data\level0,165088,32D9136E,124
0,0,CM3D2OHx64_Data\level1,233232,8308FCBD,124
0,0,CM3D2OHx64_Data\level10,4376,F0ABB10A,124
0,0,CM3D2OHx64_Data\level11,153896,50C95EE4,124
0,0,CM3D2OHx64_Data\level12,4376,516E499C,124
0,0,CM3D2OHx64_Data\level13,162224,765FA328,124
0,0,CM3D2OHx64_Data\level14,223424,AE804559,124
0,0,CM3D2OHx64_Data\level15,363712,A7E90D7C,124
0,0,CM3D2OHx64_Data\level16,171304,D519A0F7,124
0,0,CM3D2OHx64_Data\level17,441728,456145CE,124
0,0,CM3D2OHx64_Data\level18,214408,E4DEBE54,124
0,0,CM3D2OHx64_Data\level19,549800,D2DF0CFB,124
0,0,CM3D2OHx64_Data\level2,486048,FB716F3B,124
0,0,CM3D2OHx64_Data\level20,624016,6BE0A4A5,124
0,0,CM3D2OHx64_Data\level3,558632,251ABFFE,124
0,0,CM3D2OHx64_Data\level4,151240,558100C9,124
0,0,CM3D2OHx64_Data\level5,187856,83ACA40C,124
0,0,CM3D2OHx64_Data\level6,150816,18949A8C,124
0,0,CM3D2OHx64_Data\level7,175176,C5A85A4F,124
0,0,CM3D2OHx64_Data\level8,151248,7A007856,124
0,0,CM3D2OHx64_Data\level9,453488,ACBB4229,124
0,0,CM3D2OHx64_Data\mainData,961728,8EAB4FD8,124
0,0,CM3D2OHx64_Data\PlayerConnectionConfigFile,21,0FCE71F2,124
0,0,CM3D2OHx64_Data\resources.assets,226740076,6A65FF01,124
0,0,CM3D2OHx64_Data\sharedassets0.assets,237166888,F5093990,124
0,0,CM3D2OHx64_Data\sharedassets1.assets,6649276,B4F85A40,124
0,0,CM3D2OHx64_Data\sharedassets10.assets,4553936,85DA7BAD,124
0,0,CM3D2OHx64_Data\sharedassets11.assets,4112,177E8B9D,124
0,0,CM3D2OHx64_Data\sharedassets12.assets,4200912,7F20C397,124
0,0,CM3D2OHx64_Data\sharedassets13.assets,4112,180258C2,124
0,0,CM3D2OHx64_Data\sharedassets14.assets,52417456,ACC260DE,124
0,0,CM3D2OHx64_Data\sharedassets15.assets,3691764,025E1EA8,124
0,0,CM3D2OHx64_Data\sharedassets16.assets,1587644,FAA72714,124
0,0,CM3D2OHx64_Data\sharedassets17.assets,5336,DF1D1228,124
0,0,CM3D2OHx64_Data\sharedassets18.assets,72640,4BB77C59,124
0,0,CM3D2OHx64_Data\sharedassets19.assets,5424,500E9347,124
0,0,CM3D2OHx64_Data\sharedassets2.assets,10497772,A25780C0,124
0,0,CM3D2OHx64_Data\sharedassets20.assets,1423756,D6DACA63,124
0,0,CM3D2OHx64_Data\sharedassets21.assets,5640,4BE2791C,124
0,0,CM3D2OHx64_Data\sharedassets3.assets,36843908,F1451547,124
0,0,CM3D2OHx64_Data\sharedassets4.assets,6952156,5D325A40,124
0,0,CM3D2OHx64_Data\sharedassets5.assets,503352,96810CE6,124
0,0,CM3D2OHx64_Data\sharedassets6.assets,11891564,296E7899,124
0,0,CM3D2OHx64_Data\sharedassets7.assets,466324,FD2D50D4,124
0,0,CM3D2OHx64_Data\sharedassets8.assets,5296,91B0369D,124
0,0,CM3D2OHx64_Data\sharedassets9.assets,927416,BC149FB5,124
0,0,CM3D2OHx64_Data\Managed\Accessibility.dll,10752,A358E135,124
0,0,CM3D2OHx64_Data\Managed\Assembly-CSharp-firstpass.dll,175616,55E37A01,124
0,0,CM3D2OHx64_Data\Managed\Assembly-CSharp.dll,2217472,35BA75A8,124
0,0,CM3D2OHx64_Data\Managed\Assembly-UnityScript-firstpass.dll,65024,86E18FA3,124
0,0,CM3D2OHx64_Data\Managed\Boo.Lang.dll,126976,B1FDC6B6,124
0,0,CM3D2OHx64_Data\Managed\JsonFx.Json.dll,70144,A0F0CFCB,124
0,0,CM3D2OHx64_Data\Managed\Mono.Data.Tds.dll,96256,DE9FBD55,124
0,0,CM3D2OHx64_Data\Managed\Mono.Posix.dll,184320,A333AAF5,124
0,0,CM3D2OHx64_Data\Managed\Mono.Security.dll,294912,D5BB48FC,124
0,0,CM3D2OHx64_Data\Managed\Mono.WebBrowser.dll,172032,5D310803,124
0,0,CM3D2OHx64_Data\Managed\mscorlib.dll,2590208,5A5FF75C,124
0,0,CM3D2OHx64_Data\Managed\System.Configuration.dll,124928,F88CF714,124
0,0,CM3D2OHx64_Data\Managed\System.Core.dll,300032,0504C277,124
0,0,CM3D2OHx64_Data\Managed\System.Data.dll,856064,1DE4F5EB,124
0,0,CM3D2OHx64_Data\Managed\System.dll,1678848,08B8E16D,124
0,0,CM3D2OHx64_Data\Managed\System.Drawing.Design.dll,29696,E7B53FF9,124
0,0,CM3D2OHx64_Data\Managed\System.Drawing.dll,448512,C4B2E872,124
0,0,CM3D2OHx64_Data\Managed\System.EnterpriseServices.dll,46592,1B56067D,124
0,0,CM3D2OHx64_Data\Managed\System.Security.dll,135168,A9F5B9F1,124
0,0,CM3D2OHx64_Data\Managed\System.Transactions.dll,27648,DE82E2C6,124
0,0,CM3D2OHx64_Data\Managed\System.Windows.Forms.dll,3053568,56394001,124
0,0,CM3D2OHx64_Data\Managed\System.Xml.dll,1270272,BCE39995,124
0,0,CM3D2OHx64_Data\Managed\System.Xml.Linq.dll,106496,1062D683,124
0,0,CM3D2OHx64_Data\Managed\UnityEngine.dll,614912,6F2B6F30,124
0,0,CM3D2OHx64_Data\Managed\UnityEngine.UI.dll,176128,380C2545,124
0,0,CM3D2OHx64_Data\Managed\UnityScript.Lang.dll,14336,FAB8DDA9,124
0,0,CM3D2OHx64_Data\Mono\mono.dll,2601984,5E0870C0,124
0,0,CM3D2OHx64_Data\Mono\etc\mono\browscap.ini,311984,CE6C0AB3,124
0,0,CM3D2OHx64_Data\Mono\etc\mono\config,1691,A635914A,124
0,0,CM3D2OHx64_Data\Mono\etc\mono\1.0\DefaultWsdlHelpGenerator.aspx,58196,10E814BF,124
0,0,CM3D2OHx64_Data\Mono\etc\mono\1.0\machine.config,17259,82F1AD8B,124
0,0,CM3D2OHx64_Data\Mono\etc\mono\2.0\DefaultWsdlHelpGenerator.aspx,60453,F3869A34,124
0,0,CM3D2OHx64_Data\Mono\etc\mono\2.0\machine.config,27626,4F6C3F79,124
0,0,CM3D2OHx64_Data\Mono\etc\mono\2.0\settings.map,2618,A1A3C29F,124
0,0,CM3D2OHx64_Data\Mono\etc\mono\2.0\web.config,11686,534A9960,124
0,0,CM3D2OHx64_Data\Mono\etc\mono\2.0\Browsers\Compat.browser,1605,2E178A0B,124
0,0,CM3D2OHx64_Data\Mono\etc\mono\mconfig\config.xml,25817,80B2033A,124
0,0,CM3D2OHx64_Data\Plugins\cm3d2_hole_x64.dll,339968,09BB14AC,124
0,0,CM3D2OHx64_Data\Plugins\cm3d2_x64.dll,1507840,78A8CE9D,124
0,0,CM3D2OHx64_Data\Plugins\device_hook.dll,87552,65F0207E,124
0,0,CM3D2OHx64_Data\Resources\unity default resources,1571709,31020360,124
0,0,CM3D2OHx64_Data\Resources\unity_builtin_extra,372672,13813718,124
0,0,GameData\bg_pp001_2.arc,1237157,C9D912F7,1220
0,0,GameData\csv.arc,1812156,B265D1E7,1240
0,0,GameData\csv_addpose001.arc,1235,D06FCA6D,1220
0,0,GameData\csv_cbl.arc,289983,EA9B0BD4,1210
0,0,GameData\csv_vp001_2.arc,2082,25E58CEB,1160
0,0,GameData\material2.arc,196884,BED668DB,1220
0,0,GameData\material_denkigai2015s003_2.arc,7106,0C82D791,1150
0,0,GameData\material_dlsite_2.arc,1762,C5A837EA,1150
0,0,GameData\material_shop001_2.arc,1762,D98CED1C,1150
0,0,GameData\material_shop002_2.arc,1762,956BB00E,1150
0,0,GameData\material_shop003_2.arc,1762,38CEBFF2,1150
0,0,GameData\material_shop005_2.arc,1714,3E621A32,1150
0,0,GameData\material_shop007_2.arc,2578,C8CE627C,1150
0,0,GameData\material_vp001_2.arc,9554,066C9CA9,1150
0,0,GameData\material_yomeido003_2.arc,1522,0689A7AC,1240
0,0,GameData\menu2.arc,222431,D166D9EA,1240
0,0,GameData\menu_denkigai2015s001_2.arc,6594,8B3E849F,1160
0,0,GameData\menu_denkigai2015s003_2.arc,4338,D294CE88,1150
0,0,GameData\menu_dlc026_2.arc,3778,69453D54,1190
0,0,GameData\menu_dlc028_2.arc,3874,DE3F1C31,1200
0,0,GameData\menu_dlsite_2.arc,1954,B2268BA7,1150
0,0,GameData\menu_shop001_2.arc,3314,35207C87,1150
0,0,GameData\menu_shop005_2.arc,1378,0C9AF725,1150
0,0,GameData\menu_vp001_2.arc,18546,5FFF33DA,1150
0,0,GameData\menu_yomeido003_2.arc,1234,4D6F619D,1240
0,0,GameData\model2.arc,12131417,54D44B0A,1220
0,0,GameData\model_denkigai2015s003_2.arc,394665,41A48185,1150
0,0,GameData\model_dlc046_2.arc,155690,83B34173,1220
0,0,GameData\model_dlsite_2.arc,197173,24366C43,1150
0,0,GameData\model_shop001_2.arc,115215,9C941FAF,1150
0,0,GameData\model_shop002_2.arc,251253,743C3D97,1150
0,0,GameData\model_shop003_2.arc,185433,A15EC70A,1150
0,0,GameData\model_shop005_2.arc,150103,FB5341FA,1150
0,0,GameData\model_shop007_2.arc,288759,80615CBD,1150
0,0,GameData\model_vp001_2.arc,290407,A19508D6,1150
0,0,GameData\motion_cbl2.arc,142422,A40CF0CC,1170
0,0,GameData\motion_cbl_addpose001.arc,902201,447E5863,1220
0,0,GameData\motion_cbl_vp001_2.arc,141603,80D0D160,1160
0,0,GameData\motion_cbl_ytgc002_2.arc,2475220,008FABF0,1160
0,0,GameData\paths.dat,1291,665086CC,1220
0,0,GameData\prioritymaterial.arc,95841,D7113F62,1220
0,0,GameData\script_cbl.arc,1734945,13EF471C,1220
0,0,GameData\script_cbl_addpose001.arc,1219,0C884F57,1220
0,0,GameData\texture2.arc,748712227,393809F6,1130
0,0,GameData\texture3.arc,7006504,DF141704,1220
0,0,GameData\texture_addpose001.arc,23943,1D529A44,1220
0,0,GameData\texture_dlc004_2.arc,4805734,C8E5CFB4,1200
0,0,GameData\texture_dlc046_2.arc,596960,FC606BA5,1220
0,0,GameData\texture_yomeido003_2.arc,117248,0EE72B42,1240
0,0,GameData\sound2.arc,7402763,5D761564,1170
0,0,GameData\voice_cbl2.arc,9627083,76D43E7B,1090
0,0,manual\data\005.png,459612,3AF928C5,1170
0,0,manual\data\010.png,800070,5269304C,1170
0,0,PhotoModeData\Mod\Motion\readme.txt,146,3BF5AF4D,1220
0,0,Preset\8_ren_1_yosiko.preset,55432,D54FD70C,1220
0,0,Preset\8_ren_2_ayumi.preset,51097,3C44F9DB,1220
0,0,Preset\8_ren_3_sakura.preset,52635,33F54D90,1220
0,0,Preset\8_ren_4_ai.preset,46819,9B6E5960,1220
