0,0,CM3D2OHVRx64.exe,14915584,EEBFF07A,1240
0,0,CM3D2OHVRx64_DirectToRift.exe,465408,ED45B3A7,124
0,0,CM3D2OHVRx64_Data\level0,165104,EB819778,124
0,0,CM3D2OHVRx64_Data\level1,233248,D67C4DB9,124
0,0,CM3D2OHVRx64_Data\level10,4376,F0ABB10A,124
0,0,CM3D2OHVRx64_Data\level11,153912,89ECAFB3,124
0,0,CM3D2OHVRx64_Data\level12,4376,516E499C,124
0,0,CM3D2OHVRx64_Data\level13,162240,B79F37C6,124
0,0,CM3D2OHVRx64_Data\level14,223440,936137A7,124
0,0,CM3D2OHVRx64_Data\level15,363728,DA851B2C,124
0,0,CM3D2OHVRx64_Data\level16,171320,42383775,124
0,0,CM3D2OHVRx64_Data\level17,441744,E1D9E344,124
0,0,CM3D2OHVRx64_Data\level18,214424,4B4421E8,124
0,0,CM3D2OHVRx64_Data\level19,549816,A6CF3E09,124
0,0,CM3D2OHVRx64_Data\level2,486064,027E1158,124
0,0,CM3D2OHVRx64_Data\level20,624032,C4AC21B2,124
0,0,CM3D2OHVRx64_Data\level3,558648,E0F9267F,124
0,0,CM3D2OHVRx64_Data\level4,151256,35DE38D4,124
0,0,CM3D2OHVRx64_Data\level5,187872,3BBB6AD6,124
0,0,CM3D2OHVRx64_Data\level6,150832,6097CF50,124
0,0,CM3D2OHVRx64_Data\level7,175192,D8010021,124
0,0,CM3D2OHVRx64_Data\level8,151264,347C80B5,124
0,0,CM3D2OHVRx64_Data\level9,453504,21A9BD1C,124
0,0,CM3D2OHVRx64_Data\mainData,961744,7CFA28A6,124
0,0,CM3D2OHVRx64_Data\output_log.txt,56862,CCC60484,124
0,0,CM3D2OHVRx64_Data\PlayerConnectionConfigFile,21,0FCE71F2,124
0,0,CM3D2OHVRx64_Data\resources.assets,226740140,116CD451,124
0,0,CM3D2OHVRx64_Data\sharedassets0.assets,237166520,55879AB2,124
0,0,CM3D2OHVRx64_Data\sharedassets1.assets,6649276,B4F85A40,124
0,0,CM3D2OHVRx64_Data\sharedassets10.assets,4553936,85DA7BAD,124
0,0,CM3D2OHVRx64_Data\sharedassets11.assets,4112,177E8B9D,124
0,0,CM3D2OHVRx64_Data\sharedassets12.assets,4200912,7F20C397,124
0,0,CM3D2OHVRx64_Data\sharedassets13.assets,4112,180258C2,124
0,0,CM3D2OHVRx64_Data\sharedassets14.assets,52417456,ACC260DE,124
0,0,CM3D2OHVRx64_Data\sharedassets15.assets,3691764,025E1EA8,124
0,0,CM3D2OHVRx64_Data\sharedassets16.assets,1587644,FAA72714,124
0,0,CM3D2OHVRx64_Data\sharedassets17.assets,5336,DF1D1228,124
0,0,CM3D2OHVRx64_Data\sharedassets18.assets,72640,4BB77C59,124
0,0,CM3D2OHVRx64_Data\sharedassets19.assets,5424,500E9347,124
0,0,CM3D2OHVRx64_Data\sharedassets2.assets,10497772,A25780C0,124
0,0,CM3D2OHVRx64_Data\sharedassets20.assets,1423756,D6DACA63,124
0,0,CM3D2OHVRx64_Data\sharedassets21.assets,5640,4BE2791C,124
0,0,CM3D2OHVRx64_Data\sharedassets3.assets,36843908,F1451547,124
0,0,CM3D2OHVRx64_Data\sharedassets4.assets,6952156,5D325A40,124
0,0,CM3D2OHVRx64_Data\sharedassets5.assets,503352,96810CE6,124
0,0,CM3D2OHVRx64_Data\sharedassets6.assets,11891564,296E7899,124
0,0,CM3D2OHVRx64_Data\sharedassets7.assets,466324,FD2D50D4,124
0,0,CM3D2OHVRx64_Data\sharedassets8.assets,5296,91B0369D,124
0,0,CM3D2OHVRx64_Data\sharedassets9.assets,927416,BC149FB5,124
0,0,CM3D2OHVRx64_Data\Managed\Accessibility.dll,10752,A358E135,124
0,0,CM3D2OHVRx64_Data\Managed\Assembly-CSharp-firstpass.dll,175616,63C46686,124
0,0,CM3D2OHVRx64_Data\Managed\Assembly-CSharp.dll,2225664,36ED9772,124
0,0,CM3D2OHVRx64_Data\Managed\Assembly-UnityScript-firstpass.dll,65024,16C6065E,124
0,0,CM3D2OHVRx64_Data\Managed\Boo.Lang.dll,126976,B1FDC6B6,124
0,0,CM3D2OHVRx64_Data\Managed\JsonFx.Json.dll,70144,A0F0CFCB,124
0,0,CM3D2OHVRx64_Data\Managed\Mono.Data.Tds.dll,96256,DE9FBD55,124
0,0,CM3D2OHVRx64_Data\Managed\Mono.Posix.dll,184320,A333AAF5,124
0,0,CM3D2OHVRx64_Data\Managed\Mono.Security.dll,294912,D5BB48FC,124
0,0,CM3D2OHVRx64_Data\Managed\Mono.WebBrowser.dll,172032,5D310803,124
0,0,CM3D2OHVRx64_Data\Managed\mscorlib.dll,2590208,5A5FF75C,124
0,0,CM3D2OHVRx64_Data\Managed\System.Configuration.dll,124928,F88CF714,124
0,0,CM3D2OHVRx64_Data\Managed\System.Core.dll,300032,0504C277,124
0,0,CM3D2OHVRx64_Data\Managed\System.Data.dll,856064,1DE4F5EB,124
0,0,CM3D2OHVRx64_Data\Managed\System.dll,1678848,08B8E16D,124
0,0,CM3D2OHVRx64_Data\Managed\System.Drawing.Design.dll,29696,E7B53FF9,124
0,0,CM3D2OHVRx64_Data\Managed\System.Drawing.dll,448512,C4B2E872,124
0,0,CM3D2OHVRx64_Data\Managed\System.EnterpriseServices.dll,46592,1B56067D,124
0,0,CM3D2OHVRx64_Data\Managed\System.Security.dll,135168,A9F5B9F1,124
0,0,CM3D2OHVRx64_Data\Managed\System.Transactions.dll,27648,DE82E2C6,124
0,0,CM3D2OHVRx64_Data\Managed\System.Windows.Forms.dll,3053568,56394001,124
0,0,CM3D2OHVRx64_Data\Managed\System.Xml.dll,1270272,BCE39995,124
0,0,CM3D2OHVRx64_Data\Managed\System.Xml.Linq.dll,106496,1062D683,124
0,0,CM3D2OHVRx64_Data\Managed\UnityEngine.dll,614912,6F2B6F30,124
0,0,CM3D2OHVRx64_Data\Managed\UnityEngine.UI.dll,176128,380C2545,124
0,0,CM3D2OHVRx64_Data\Managed\UnityScript.Lang.dll,14336,FAB8DDA9,124
0,0,CM3D2OHVRx64_Data\Mono\mono.dll,2601984,5E0870C0,124
0,0,CM3D2OHVRx64_Data\Mono\etc\mono\browscap.ini,311984,CE6C0AB3,124
0,0,CM3D2OHVRx64_Data\Mono\etc\mono\config,1691,A635914A,124
0,0,CM3D2OHVRx64_Data\Mono\etc\mono\1.0\DefaultWsdlHelpGenerator.aspx,58196,10E814BF,124
0,0,CM3D2OHVRx64_Data\Mono\etc\mono\1.0\machine.config,17259,82F1AD8B,124
0,0,CM3D2OHVRx64_Data\Mono\etc\mono\2.0\DefaultWsdlHelpGenerator.aspx,60453,F3869A34,124
0,0,CM3D2OHVRx64_Data\Mono\etc\mono\2.0\machine.config,27626,4F6C3F79,124
0,0,CM3D2OHVRx64_Data\Mono\etc\mono\2.0\settings.map,2618,A1A3C29F,124
0,0,CM3D2OHVRx64_Data\Mono\etc\mono\2.0\web.config,11686,534A9960,124
0,0,CM3D2OHVRx64_Data\Mono\etc\mono\2.0\Browsers\Compat.browser,1605,2E178A0B,124
0,0,CM3D2OHVRx64_Data\Mono\etc\mono\mconfig\config.xml,25817,80B2033A,124
0,0,CM3D2OHVRx64_Data\Plugins\cm3d2_hole_x64.dll,339968,09BB14AC,124
0,0,CM3D2OHVRx64_Data\Plugins\cm3d2_x64.dll,1507840,78A8CE9D,124
0,0,CM3D2OHVRx64_Data\Plugins\device_hook.dll,87552,65F0207E,124
0,0,CM3D2OHVRx64_Data\Plugins\OculusPlugin.dll,302080,B873E721,124
0,0,CM3D2OHVRx64_Data\Plugins\OVRGamepad.dll,12800,46477987,124
0,0,CM3D2OHVRx64_Data\Plugins\OVRPlugin.dll,354304,F04E9B58,124
0,0,CM3D2OHVRx64_Data\Resources\unity default resources,1571709,31020360,124
0,0,CM3D2OHVRx64_Data\Resources\unity_builtin_extra,372672,13813718,124
0,0,GameData\material_vr.arc,1393,E8F3D878,100
0,0,GameData\menu_vr.arc,1262,6510B03E,100
0,0,GameData\model_vr.arc,70824,C9DCB2E5,100
0,0,GameData\texture_vr.arc,470392,5F59D9B6,100
