0,0,COM3D2.exe,6385664,4A099346,2001
0,0,COM3D2x64.exe,22841856,A9562BF9,1010
0,0,COM3D2x64_Data\app.info,27,F9A266E7,1010
0,0,COM3D2x64_Data\globalgamemanagers,3831564,E9C8176F,1010
0,0,COM3D2x64_Data\globalgamemanagers.assets,202828,20E49892,1010
0,0,COM3D2x64_Data\level0,180764,72028002,1010
0,0,COM3D2x64_Data\level1,197428,688854D8,1010
0,0,COM3D2x64_Data\level10,205740,E58E8763,1010
0,0,COM3D2x64_Data\level11,181292,13E87540,1010
0,0,COM3D2x64_Data\level12,245996,CD65794F,1010
0,0,COM3D2x64_Data\level13,181756,0E46CD9F,1010
0,0,COM3D2x64_Data\level14,627156,2AD7A331,1010
0,0,COM3D2x64_Data\level15,6948,4B142A6A,1010
0,0,COM3D2x64_Data\level16,183220,F5592DA9,1010
0,0,COM3D2x64_Data\level17,4664,A9F4C0E2,1010
0,0,COM3D2x64_Data\level18,199908,6544376D,1010
0,0,COM3D2x64_Data\level19,188148,E7AAABB8,1010
0,0,COM3D2x64_Data\level2,198788,51F38DCF,1010
0,0,COM3D2x64_Data\level20,798156,37361C9C,1010
0,0,COM3D2x64_Data\level21,259876,B18E0DFF,1010
0,0,COM3D2x64_Data\level22,927796,4A892CB9,1010
0,0,COM3D2x64_Data\level23,260588,A0478F04,1010
0,0,COM3D2x64_Data\level24,457260,017F940D,1010
0,0,COM3D2x64_Data\level25,203260,110B7E8A,1010
0,0,COM3D2x64_Data\level26,643548,EF33A20B,1010
0,0,COM3D2x64_Data\level27,1700948,45E835CA,1010
0,0,COM3D2x64_Data\level28,957820,C3F2219D,1010
0,0,COM3D2x64_Data\level29,203260,0B642527,1010
0,0,COM3D2x64_Data\level3,976684,25C3D4EA,1010
0,0,COM3D2x64_Data\level30,586892,341BC070,1010
0,0,COM3D2x64_Data\level31,833732,678CA557,1010
0,0,COM3D2x64_Data\level32,931116,EE1E4F5D,1010
0,0,COM3D2x64_Data\level33,195884,BFF3667D,1010
0,0,COM3D2x64_Data\level34,543604,779C435E,1010
0,0,COM3D2x64_Data\level35,805156,B7D21836,1010
0,0,COM3D2x64_Data\level36,537220,A4D7D95D,1010
0,0,COM3D2x64_Data\level37,685076,F08E75E6,1010
0,0,COM3D2x64_Data\level38,302916,2C9451AE,1010
0,0,COM3D2x64_Data\level39,27904,A6053DF3,1010
0,0,COM3D2x64_Data\level39.resS,131232,740D6D28,1010
0,0,COM3D2x64_Data\level4,1055660,9EEC5D0A,1010
0,0,COM3D2x64_Data\level40,51676,0079B9B7,1010
0,0,COM3D2x64_Data\level41,56036,616F8D05,1010
0,0,COM3D2x64_Data\level42,6656,8CA025CA,1010
0,0,COM3D2x64_Data\level43,181660,F28E7BDE,1010
0,0,COM3D2x64_Data\level44,1419116,C1528537,1010
0,0,COM3D2x64_Data\level45,1275748,8440F919,1010
0,0,COM3D2x64_Data\level46,1297348,5227B117,1010
0,0,COM3D2x64_Data\level47,276372,E5442028,1010
0,0,COM3D2x64_Data\level48,239444,D8C33BD0,1010
0,0,COM3D2x64_Data\level49,265740,CB60429D,1010
0,0,COM3D2x64_Data\level5,1008404,C9CF6A44,1010
0,0,COM3D2x64_Data\level50,1192580,ABD98079,1010
0,0,COM3D2x64_Data\level51,1257052,B881A233,1010
0,0,COM3D2x64_Data\level52,1382460,FA85BE56,1010
0,0,COM3D2x64_Data\level53,269292,AFC4F1A7,1010
0,0,COM3D2x64_Data\level54,232204,E001C40A,1010
0,0,COM3D2x64_Data\level55,292340,33777015,1010
0,0,COM3D2x64_Data\level56,250380,A5DDCB79,1010
0,0,COM3D2x64_Data\level57,1217500,30740898,1010
0,0,COM3D2x64_Data\level58,234124,BF8489FB,1010
0,0,COM3D2x64_Data\level59,481164,37482498,1010
0,0,COM3D2x64_Data\level6,181748,803066B7,1010
0,0,COM3D2x64_Data\level60,361556,24252181,1010
0,0,COM3D2x64_Data\level61,203572,EE4831C7,1010
0,0,COM3D2x64_Data\level62,1119444,79495E55,1010
0,0,COM3D2x64_Data\level63,870076,AA65AEAF,1010
0,0,COM3D2x64_Data\level64,877364,02E219F8,1010
0,0,COM3D2x64_Data\level65,1119444,8218813E,1010
0,0,COM3D2x64_Data\level66,1000060,DBA563C0,1010
0,0,COM3D2x64_Data\level67,788628,DE18CFAC,1010
0,0,COM3D2x64_Data\level68,1075012,49F84B40,1010
0,0,COM3D2x64_Data\level69,1176028,451C8F88,1010
0,0,COM3D2x64_Data\level7,735052,57DB259E,1010
0,0,COM3D2x64_Data\level70,536636,C8852523,1010
0,0,COM3D2x64_Data\level71,760852,C89FEA5E,1010
0,0,COM3D2x64_Data\level72,256540,88A6860C,1010
0,0,COM3D2x64_Data\level73,252908,1FABD7AF,1010
0,0,COM3D2x64_Data\level74,296612,8AF38992,1010
0,0,COM3D2x64_Data\level75,318748,499FC2E0,1010
0,0,COM3D2x64_Data\level76,247140,0DDB68F4,1010
0,0,COM3D2x64_Data\level77,307100,3E843056,1010
0,0,COM3D2x64_Data\level8,211724,EDA6E562,1010
0,0,COM3D2x64_Data\level9,269340,C6777CE8,1010
0,0,COM3D2x64_Data\resources.assets,374637352,66FE4A10,1010
0,0,COM3D2x64_Data\resources.assets.resS,1606202616,79CEDB53,1010
0,0,COM3D2x64_Data\resources.resource,692096,84F04AA0,1010
0,0,COM3D2x64_Data\sharedassets0.assets,115224616,F61A65FF,1010
0,0,COM3D2x64_Data\sharedassets0.assets.resS,121728032,D7EB5908,1010
0,0,COM3D2x64_Data\sharedassets1.assets,6136,3314B386,1010
0,0,COM3D2x64_Data\sharedassets10.assets,6004,E09CDE67,1010
0,0,COM3D2x64_Data\sharedassets11.assets,5980,3A1773AD,1010
0,0,COM3D2x64_Data\sharedassets12.assets,6220,5104C668,1010
0,0,COM3D2x64_Data\sharedassets13.assets,6004,62B1A659,1010
0,0,COM3D2x64_Data\sharedassets14.assets,6604,AA816BF8,1010
0,0,COM3D2x64_Data\sharedassets15.assets,4540,A9430B3C,1010
0,0,COM3D2x64_Data\sharedassets16.assets,6040,CE1AE14D,1010
0,0,COM3D2x64_Data\sharedassets17.assets,4132,B61816BE,1010
0,0,COM3D2x64_Data\sharedassets18.assets,6760,81FB893F,1010
0,0,COM3D2x64_Data\sharedassets19.assets,6112,E90F79FB,1010
0,0,COM3D2x64_Data\sharedassets2.assets,6196,D52B4E70,1010
0,0,COM3D2x64_Data\sharedassets20.assets,12232,76C7EC48,1010
0,0,COM3D2x64_Data\sharedassets21.assets,6184,6FC7BD6C,1010
0,0,COM3D2x64_Data\sharedassets22.assets,12460,C72372B5,1010
0,0,COM3D2x64_Data\sharedassets23.assets,6220,E1AC2C06,1010
0,0,COM3D2x64_Data\sharedassets24.assets,6340,298432BB,1010
0,0,COM3D2x64_Data\sharedassets25.assets,6076,33D0D894,1010
0,0,COM3D2x64_Data\sharedassets26.assets,215068,A5C25DCD,1010
0,0,COM3D2x64_Data\sharedassets27.assets,6928,8FD67D0F,1010
0,0,COM3D2x64_Data\sharedassets28.assets,12436,E869775A,1010
0,0,COM3D2x64_Data\sharedassets29.assets,6076,2C13ACCD,1010
0,0,COM3D2x64_Data\sharedassets3.assets,7780,A7315FD9,1010
0,0,COM3D2x64_Data\sharedassets30.assets,1320732,9BA6871E,1010
0,0,COM3D2x64_Data\sharedassets31.assets,8500,6C0E5FAB,1010
0,0,COM3D2x64_Data\sharedassets32.assets,12436,E869775A,1010
0,0,COM3D2x64_Data\sharedassets33.assets,6004,72652DCF,1010
0,0,COM3D2x64_Data\sharedassets34.assets,38183308,A404680D,1010
0,0,COM3D2x64_Data\sharedassets35.assets,7792,6210C1A9,1010
0,0,COM3D2x64_Data\sharedassets36.assets,13346004,A54F9209,1010
0,0,COM3D2x64_Data\sharedassets37.assets,6220,A54E6677,1010
0,0,COM3D2x64_Data\sharedassets38.assets,18126752,7D92B1D4,1010
0,0,COM3D2x64_Data\sharedassets39.assets,12328,9C631DE4,1010
0,0,COM3D2x64_Data\sharedassets4.assets,12688,A4242ECB,1010
0,0,COM3D2x64_Data\sharedassets40.assets,4420,B449F5F7,1010
0,0,COM3D2x64_Data\sharedassets41.assets,4324,06436B63,1010
0,0,COM3D2x64_Data\sharedassets42.assets,4264,F7EC3D42,1010
0,0,COM3D2x64_Data\sharedassets43.assets,6016,CF1D2ABD,1010
0,0,COM3D2x64_Data\sharedassets44.assets,12232,4A658873,1010
0,0,COM3D2x64_Data\sharedassets45.assets,12232,18C1653D,1010
0,0,COM3D2x64_Data\sharedassets46.assets,12232,E56E601A,1010
0,0,COM3D2x64_Data\sharedassets47.assets,7084,EB867AA6,1010
0,0,COM3D2x64_Data\sharedassets48.assets,6844,EF082A96,1010
0,0,COM3D2x64_Data\sharedassets49.assets,7096,0C1F062C,1010
0,0,COM3D2x64_Data\sharedassets5.assets,7024,4EF4EC05,1010
0,0,COM3D2x64_Data\sharedassets50.assets,9124,CB816755,1010
0,0,COM3D2x64_Data\sharedassets51.assets,9232,29F14EA6,1010
0,0,COM3D2x64_Data\sharedassets52.assets,9220,9A64F01B,1010
0,0,COM3D2x64_Data\sharedassets53.assets,8320,6FAEE977,1010
0,0,COM3D2x64_Data\sharedassets54.assets,6472,367AFF93,1010
0,0,COM3D2x64_Data\sharedassets55.assets,8164,AB74082D,1010
0,0,COM3D2x64_Data\sharedassets56.assets,792572,46E084DD,1010
0,0,COM3D2x64_Data\sharedassets56.assets.resS,6506584,427886ED,1010
0,0,COM3D2x64_Data\sharedassets57.assets,12232,A5EA649C,1010
0,0,COM3D2x64_Data\sharedassets58.assets,6532,029CE65D,1010
0,0,COM3D2x64_Data\sharedassets59.assets,6640,2BBD2063,1010
0,0,COM3D2x64_Data\sharedassets6.assets,6004,C07108E4,1010
0,0,COM3D2x64_Data\sharedassets60.assets,6508,4A319750,1010
0,0,COM3D2x64_Data\sharedassets61.assets,6004,8E2054B9,1010
0,0,COM3D2x64_Data\sharedassets62.assets,12316,F5912D5E,1010
0,0,COM3D2x64_Data\sharedassets63.assets,9016,9FDFDB05,1010
0,0,COM3D2x64_Data\sharedassets64.assets,9052,E0220CB3,1010
0,0,COM3D2x64_Data\sharedassets65.assets,12316,F5912D5E,1010
0,0,COM3D2x64_Data\sharedassets66.assets,9256,C7BD1F68,1010
0,0,COM3D2x64_Data\sharedassets67.assets,9052,E0220CB3,1010
0,0,COM3D2x64_Data\sharedassets68.assets,9196,FA9B2BEB,1010
0,0,COM3D2x64_Data\sharedassets69.assets,9232,29F14EA6,1010
0,0,COM3D2x64_Data\sharedassets7.assets,6808,56033420,1010
0,0,COM3D2x64_Data\sharedassets70.assets,6556,AF808D68,1010
0,0,COM3D2x64_Data\sharedassets71.assets,9220,9A64F01B,1010
0,0,COM3D2x64_Data\sharedassets72.assets,42236436,48343EA5,1010
0,0,COM3D2x64_Data\sharedassets72.assets.resS,87400,8BA6C322,1010
0,0,COM3D2x64_Data\sharedassets73.assets,38246404,A9652AAC,1010
0,0,COM3D2x64_Data\sharedassets74.assets,32874500,C61E6231,1010
0,0,COM3D2x64_Data\sharedassets75.assets,36735572,DB9CCE0F,1010
0,0,COM3D2x64_Data\sharedassets75.assets.resS,174776,5B619AF1,1010
0,0,COM3D2x64_Data\sharedassets76.assets,41277256,50DF63AA,1010
0,0,COM3D2x64_Data\sharedassets77.assets,39399008,B960428C,1010
0,0,COM3D2x64_Data\sharedassets8.assets,6088,DE185931,1010
0,0,COM3D2x64_Data\sharedassets9.assets,6916,B4915F63,1010
0,0,COM3D2x64_Data\Managed\Accessibility.dll,10752,5CB31E4E,1010
0,0,COM3D2x64_Data\Managed\Assembly-CSharp-firstpass.dll,784384,3C160D16,1010
0,0,COM3D2x64_Data\Managed\Assembly-CSharp.dll,4350976,4C9292ED,1010
0,0,COM3D2x64_Data\Managed\Assembly-UnityScript-firstpass.dll,65024,108A44EA,1010
0,0,COM3D2x64_Data\Managed\Boo.Lang.dll,126976,28383F70,1010
0,0,COM3D2x64_Data\Managed\BouncyCastle.Crypto.dll,2236416,5A4C4F07,1010
0,0,COM3D2x64_Data\Managed\FoveUnityPlugin.dll,28672,A6EA882B,1010
0,0,COM3D2x64_Data\Managed\Ionic.Zlib.dll,102400,7C9E7DD2,1010
0,0,COM3D2x64_Data\Managed\JsonFx.Json.dll,70144,A0F0CFCB,1010
0,0,COM3D2x64_Data\Managed\LeapCSharp.NET3.5.dll,82432,38E38212,1010
0,0,COM3D2x64_Data\Managed\Mono.Data.Tds.dll,96256,2965324B,1010
0,0,COM3D2x64_Data\Managed\Mono.Posix.dll,184320,0CE35BE3,1010
0,0,COM3D2x64_Data\Managed\Mono.Security.dll,294912,66EB9979,1010
0,0,COM3D2x64_Data\Managed\Mono.WebBrowser.dll,172032,137B736F,1010
0,0,COM3D2x64_Data\Managed\mscorlib.dll,2590208,5166389B,1010
0,0,COM3D2x64_Data\Managed\Newtonsoft.Json.dll,494592,5C881B73,1010
0,0,COM3D2x64_Data\Managed\System.Configuration.dll,124928,72952344,1010
0,0,COM3D2x64_Data\Managed\System.Core.dll,297472,9E3EE5D7,1010
0,0,COM3D2x64_Data\Managed\System.Data.dll,856064,DDDB80CD,1010
0,0,COM3D2x64_Data\Managed\System.dll,1679360,13922617,1010
0,0,COM3D2x64_Data\Managed\System.Drawing.Design.dll,29696,E7B53FF9,1010
0,0,COM3D2x64_Data\Managed\System.Drawing.dll,448512,C4B2E872,1010
0,0,COM3D2x64_Data\Managed\System.EnterpriseServices.dll,46592,2C72A9FE,1010
0,0,COM3D2x64_Data\Managed\System.Security.dll,135168,1CE94C57,1010
0,0,COM3D2x64_Data\Managed\System.Transactions.dll,27648,45299FCF,1010
0,0,COM3D2x64_Data\Managed\System.Windows.Forms.dll,3053568,56394001,1010
0,0,COM3D2x64_Data\Managed\System.Xml.dll,1270272,4581A35B,1010
0,0,COM3D2x64_Data\Managed\System.Xml.Linq.dll,106496,E844371C,1010
0,0,COM3D2x64_Data\Managed\UnityEngine.dll,1393152,2C35388C,1010
0,0,COM3D2x64_Data\Managed\UnityEngine.dll.mdb,449828,8610375E,1010
0,0,COM3D2x64_Data\Managed\UnityEngine.Networking.dll,253952,2BDF701F,1010
0,0,COM3D2x64_Data\Managed\UnityEngine.UI.dll,245760,FA552B2D,1010
0,0,COM3D2x64_Data\Managed\UnityEngine.VR.dll,3072,A4582CD6,1010
0,0,COM3D2x64_Data\Managed\UnityScript.Lang.dll,13824,0DA8F681,1010
0,0,COM3D2x64_Data\Managed\zxing.unity.dll,430592,9FD1F198,1010
0,0,COM3D2x64_Data\Mono\mono.dll,2618816,0BEA8C0F,1010
0,0,COM3D2x64_Data\Mono\MonoPosixHelper.dll,113664,9B5E1E4D,1010
0,0,COM3D2x64_Data\Mono\etc\mono\browscap.ini,311984,CE6C0AB3,1010
0,0,COM3D2x64_Data\Mono\etc\mono\config,1691,A635914A,1010
0,0,COM3D2x64_Data\Mono\etc\mono\1.0\DefaultWsdlHelpGenerator.aspx,58196,10E814BF,1010
0,0,COM3D2x64_Data\Mono\etc\mono\1.0\machine.config,17258,EDE1AC59,1010
0,0,COM3D2x64_Data\Mono\etc\mono\2.0\DefaultWsdlHelpGenerator.aspx,60453,F3869A34,1010
0,0,COM3D2x64_Data\Mono\etc\mono\2.0\machine.config,27625,73C91C24,1010
0,0,COM3D2x64_Data\Mono\etc\mono\2.0\settings.map,2618,A1A3C29F,1010
0,0,COM3D2x64_Data\Mono\etc\mono\2.0\web.config,11686,534A9960,1010
0,0,COM3D2x64_Data\Mono\etc\mono\2.0\Browsers\Compat.browser,1605,2E178A0B,1010
0,0,COM3D2x64_Data\Mono\etc\mono\mconfig\config.xml,25817,80B2033A,1010
0,0,COM3D2x64_Data\Plugins\AVProVideo.dll,813056,60B54FA5,1010
0,0,COM3D2x64_Data\Plugins\clothpp.dll,112128,7C3264A4,1010
0,0,COM3D2x64_Data\Plugins\cm3d2.dll,2151936,48625657,1010
0,0,COM3D2x64_Data\Plugins\device_hook.dll,731136,8E59B7A5,1010
0,0,COM3D2x64_Data\Plugins\FoveClient.dll,1849384,58C8B4F6,1010
0,0,COM3D2x64_Data\Plugins\LeapC.dll,2516992,FBDD3767,1010
0,0,COM3D2x64_Data\Plugins\openvr_api.dll,318272,44432E0F,1010
0,0,COM3D2x64_Data\Plugins\OVRGamepad.dll,12800,2C526135,1010
0,0,COM3D2x64_Data\Plugins\OVRPlugin.dll,1898408,5DD05B6C,1010
0,0,COM3D2x64_Data\Resources\unity default resources,752360,71DB1AEA,1010
0,0,COM3D2x64_Data\Resources\unity_builtin_extra,284012,91145F7F,1010
0,0,GameData\csv.arc,2689533,1C264C35,1010
0,0,GameData\motion2.arc,70114245,C2D7769F,1010
0,0,GameData\parts2.arc,36803332,06CC6471,1010
0,0,GameData\paths.dat,511,65354D83,1010
0,0,GameData\prioritymaterial.arc,261604,A405EF6C,1010
0,0,GameData\script.arc,11670204,6FDB4F17,1010
0,0,GameData\sound2.arc,2831373,17A6CBF3,1010
0,0,GameData\system2.arc,3292572,2F155897,1010
0,0,GameData\voice2.arc,39077693,C0F43FB5,1010
