0,0,COM3D2x64_Data\Managed\Accessibility.dll,10752,5CB31E4E,24403
0,0,COM3D2x64_Data\Managed\Assembly-CSharp.dll,6139904,783F68C4,24403
0,0,COM3D2x64_Data\Managed\Assembly-CSharp-firstpass.dll,788480,9D54E118,24403
0,0,COM3D2x64_Data\Managed\Assembly-UnityScript-firstpass.dll,65024,C9D4230C,24403
0,0,COM3D2x64_Data\Managed\Boo.Lang.dll,126976,28383F70,24403
0,0,COM3D2x64_Data\Managed\BouncyCastle.Crypto.dll,2236416,5A4C4F07,24403
0,0,COM3D2x64_Data\Managed\FoveUnityPlugin.dll,28672,A6EA882B,24403
0,0,COM3D2x64_Data\Managed\ICSharpCode.SharpZipLib.dll,200704,D3160A1C,24403
0,0,COM3D2x64_Data\Managed\Ionic.Zlib.dll,102400,7C9E7DD2,24403
0,0,COM3D2x64_Data\Managed\JsonFx.Json.dll,70144,A0F0CFCB,24403
0,0,COM3D2x64_Data\Managed\LeapCSharp.NET3.5.dll,82432,38E38212,24403
0,0,COM3D2x64_Data\Managed\Mono.Data.Tds.dll,96256,2965324B,24403
0,0,COM3D2x64_Data\Managed\Mono.Posix.dll,184320,0CE35BE3,24403
0,0,COM3D2x64_Data\Managed\Mono.Security.dll,294912,66EB9979,24403
0,0,COM3D2x64_Data\Managed\Mono.WebBrowser.dll,172032,137B736F,24403
0,0,COM3D2x64_Data\Managed\mscorlib.dll,2590208,5166389B,24403
0,0,COM3D2x64_Data\Managed\Newtonsoft.Json.dll,494592,5C881B73,24403
0,0,COM3D2x64_Data\Managed\System.Configuration.dll,124928,72952344,24403
0,0,COM3D2x64_Data\Managed\System.Core.dll,297472,9E3EE5D7,24403
0,0,COM3D2x64_Data\Managed\System.Data.dll,856064,DDDB80CD,24403
0,0,COM3D2x64_Data\Managed\System.dll,1679360,13922617,24403
0,0,COM3D2x64_Data\Managed\System.Drawing.Design.dll,29696,E7B53FF9,24403
0,0,COM3D2x64_Data\Managed\System.Drawing.dll,448512,C4B2E872,24403
0,0,COM3D2x64_Data\Managed\System.EnterpriseServices.dll,46592,2C72A9FE,24403
0,0,COM3D2x64_Data\Managed\System.Security.dll,135168,1CE94C57,24403
0,0,COM3D2x64_Data\Managed\System.Transactions.dll,27648,45299FCF,24403
0,0,COM3D2x64_Data\Managed\System.Windows.Forms.dll,3053568,56394001,24403
0,0,COM3D2x64_Data\Managed\System.Xml.dll,1270272,4581A35B,24403
0,0,COM3D2x64_Data\Managed\System.Xml.Linq.dll,106496,E844371C,24403
0,0,COM3D2x64_Data\Managed\UnityEngine.dll,1393152,2C35388C,24403
0,0,COM3D2x64_Data\Managed\UnityEngine.dll.mdb,449828,8610375E,24403
0,0,COM3D2x64_Data\Managed\UnityEngine.Networking.dll,253952,2BDF701F,24403
0,0,COM3D2x64_Data\Managed\UnityEngine.UI.dll,245760,FA552B2D,24403
0,0,COM3D2x64_Data\Managed\UnityEngine.VR.dll,3072,A4582CD6,24403
0,0,COM3D2x64_Data\Managed\UnityScript.Lang.dll,13824,0DA8F681,24403
0,0,COM3D2x64_Data\Managed\Win32.dll,13312,7781C2A2,24403
0,0,COM3D2x64_Data\Managed\zxing.unity.dll,430592,9FD1F198,24403
0,0,COM3D2x64_Data\Mono\etc\mono\1.0\DefaultWsdlHelpGenerator.aspx,58196,10E814BF,24403
0,0,COM3D2x64_Data\Mono\etc\mono\1.0\machine.config,17258,EDE1AC59,24403
0,0,COM3D2x64_Data\Mono\etc\mono\2.0\Browsers\Compat.browser,1605,2E178A0B,24403
0,0,COM3D2x64_Data\Mono\etc\mono\2.0\DefaultWsdlHelpGenerator.aspx,60453,F3869A34,24403
0,0,COM3D2x64_Data\Mono\etc\mono\2.0\machine.config,27625,73C91C24,24403
0,0,COM3D2x64_Data\Mono\etc\mono\2.0\settings.map,2618,A1A3C29F,24403
0,0,COM3D2x64_Data\Mono\etc\mono\2.0\web.config,11686,534A9960,24403
0,0,COM3D2x64_Data\Mono\etc\mono\mconfig\config.xml,25817,80B2033A,24403
0,0,COM3D2x64_Data\Mono\etc\mono\browscap.ini,311984,CE6C0AB3,24403
0,0,COM3D2x64_Data\Mono\etc\mono\config,1691,A635914A,24403
0,0,COM3D2x64_Data\Mono\mono.dll,2618816,0BEA8C0F,24403
0,0,COM3D2x64_Data\Mono\MonoPosixHelper.dll,113664,9B5E1E4D,24403
0,0,COM3D2x64_Data\Plugins\assimp.dll,4388864,7C910D84,24403
0,0,COM3D2x64_Data\Plugins\Audio360.dll,1956352,0D4B8E9D,24403
0,0,COM3D2x64_Data\Plugins\AVProVideo.dll,886272,278352F0,24403
0,0,COM3D2x64_Data\Plugins\clothpp.dll,112128,7C3264A4,24403
0,0,COM3D2x64_Data\Plugins\cm3d2.dll,2265088,CA67D1AD,24403
0,0,COM3D2x64_Data\Plugins\device_hook.dll,738816,F61E7CED,24403
0,0,COM3D2x64_Data\Plugins\FbxExporterCore.dll,12491776,CBAA51C1,24403
0,0,COM3D2x64_Data\Plugins\FoveClient.dll,1849384,58C8B4F6,24403
0,0,COM3D2x64_Data\Plugins\LeapC.dll,2516992,FBDD3767,24403
0,0,COM3D2x64_Data\Plugins\openvr_api.dll,318272,44432E0F,24403
0,0,COM3D2x64_Data\Plugins\OVRGamepad.dll,12800,2C526135,24403
0,0,COM3D2x64_Data\Plugins\OVRLipSync.dll,2512296,391C1F4C,24403
0,0,COM3D2x64_Data\Plugins\OVRPlugin.dll,1898408,5DD05B6C,24403
0,0,COM3D2x64_Data\Plugins\Win32-WebView.dll,504832,382AEE66,24403
0,0,COM3D2x64_Data\Resources\unity default resources,752360,71DB1AEA,24403
0,0,COM3D2x64_Data\Resources\unity_builtin_extra,284012,91145F7F,24403
0,0,COM3D2x64_Data\app.info,27,F9A266E7,24403
0,0,COM3D2x64_Data\globalgamemanagers,5347044,EAFF7ABE,24403
0,0,COM3D2x64_Data\globalgamemanagers.assets,257676,46349777,24403
0,0,COM3D2x64_Data\level0,356324,BA07E7FC,24403
0,0,COM3D2x64_Data\level1,379468,93291908,24403
0,0,COM3D2x64_Data\level2,374300,FBED55D4,24403
0,0,COM3D2x64_Data\level3,1291404,4953D303,24403
0,0,COM3D2x64_Data\level4,1245508,EB3CD223,24403
0,0,COM3D2x64_Data\level5,1344508,0706BC27,24403
0,0,COM3D2x64_Data\level6,358308,752A1D0D,24403
0,0,COM3D2x64_Data\level7,1091388,DB4A7400,24403
0,0,COM3D2x64_Data\level8,388884,0F45E427,24403
0,0,COM3D2x64_Data\level9,455428,8A5DA3DD,24403
0,0,COM3D2x64_Data\level10,383500,322956DC,24403
0,0,COM3D2x64_Data\level11,356836,90B4CB27,24403
0,0,COM3D2x64_Data\level12,470756,B1671688,24403
0,0,COM3D2x64_Data\level13,360948,44376338,24403
0,0,COM3D2x64_Data\level14,913588,FDD220BC,24403
0,0,COM3D2x64_Data\level15,7524,A0131AE2,24403
0,0,COM3D2x64_Data\level16,358780,8DE54840,24403
0,0,COM3D2x64_Data\level17,4664,BD01E57F,24403
0,0,COM3D2x64_Data\level18,375468,3C35966D,24403
0,0,COM3D2x64_Data\level19,365148,CFA53327,24403
0,0,COM3D2x64_Data\level20,987956,EB62653C,24403
0,0,COM3D2x64_Data\level21,468436,7631E88D,24403
0,0,COM3D2x64_Data\level22,1117604,52935AAB,24403
0,0,COM3D2x64_Data\level23,441468,84DF7D4C,24403
0,0,COM3D2x64_Data\level24,711820,42E358BF,24403
0,0,COM3D2x64_Data\level25,378804,2C8B95F1,24403
0,0,COM3D2x64_Data\level26,2235316,BD7CDC71,24403
0,0,COM3D2x64_Data\level27,1147620,22BECAF4,24403
0,0,COM3D2x64_Data\level28,378804,7E3E2BB5,24403
0,0,COM3D2x64_Data\level29,1120924,BD7BF164,24403
0,0,COM3D2x64_Data\level30,371428,3BC4DEF5,24403
0,0,COM3D2x64_Data\level31,478540,89214EA7,24403
0,0,COM3D2x64_Data\level32,27904,B997BEA7,24403
0,0,COM3D2x64_Data\level32.resS,131232,851AC384,24403
0,0,COM3D2x64_Data\level33,51676,562FF055,24403
0,0,COM3D2x64_Data\level34,56036,D3E88817,24403
0,0,COM3D2x64_Data\level35,6824,DADD3056,24403
0,0,COM3D2x64_Data\level36,357228,571116DF,24403
0,0,COM3D2x64_Data\level37,1608916,D64E9E34,24403
0,0,COM3D2x64_Data\level38,1465556,279385AD,24403
0,0,COM3D2x64_Data\level39,1487148,D370C7B5,24403
0,0,COM3D2x64_Data\level40,474884,B99CB9F1,24403
0,0,COM3D2x64_Data\level41,426252,E67BBDC4,24403
0,0,COM3D2x64_Data\level42,457668,AFEC5F92,24403
0,0,COM3D2x64_Data\level43,1382556,F7C3DB91,24403
0,0,COM3D2x64_Data\level44,1447020,52A67BF4,24403
0,0,COM3D2x64_Data\level45,1572428,AEAFEEC9,24403
0,0,COM3D2x64_Data\level46,444852,9FB0BB85,24403
0,0,COM3D2x64_Data\level47,411948,9B744041,24403
0,0,COM3D2x64_Data\level48,470316,15026160,24403
0,0,COM3D2x64_Data\level49,427524,7DA44679,24403
0,0,COM3D2x64_Data\level50,1407300,C3882060,24403
0,0,COM3D2x64_Data\level51,412212,45AF2A92,24403
0,0,COM3D2x64_Data\level52,772628,59CFA2B0,24403
0,0,COM3D2x64_Data\level53,653100,72002928,24403
0,0,COM3D2x64_Data\level54,380972,8F2A9107,24403
0,0,COM3D2x64_Data\level55,1309260,C4309617,24403
0,0,COM3D2x64_Data\level56,1060052,73DAA56B,24403
0,0,COM3D2x64_Data\level57,1067340,01ECD350,24403
0,0,COM3D2x64_Data\level58,1309268,3B53A01D,24403
0,0,COM3D2x64_Data\level59,1190068,081452CC,24403
0,0,COM3D2x64_Data\level60,978596,2C8E0EE9,24403
0,0,COM3D2x64_Data\level61,1264980,6D46569C,24403
0,0,COM3D2x64_Data\level62,1365996,FEF06A7B,24403
0,0,COM3D2x64_Data\level63,712188,866B7B51,24403
0,0,COM3D2x64_Data\level64,950820,BF39A11F,24403
0,0,COM3D2x64_Data\level65,432164,DCC102A7,24403
0,0,COM3D2x64_Data\level66,428532,6874177E,24403
0,0,COM3D2x64_Data\level67,472236,5FA0EF8D,24403
0,0,COM3D2x64_Data\level68,494372,74156232,24403
0,0,COM3D2x64_Data\level69,422764,59381BBB,24403
0,0,COM3D2x64_Data\level70,482724,3635BEC8,24403
0,0,COM3D2x64_Data\level71,1072836,408F8DBB,24403
0,0,COM3D2x64_Data\level72,997404,349FF80A,24403
0,0,COM3D2x64_Data\level73,475564,75F3FC46,24403
0,0,COM3D2x64_Data\level74,497708,3FB46C11,24403
0,0,COM3D2x64_Data\level75,488284,08D3C647,24403
0,0,COM3D2x64_Data\level76,1077244,1E6ECE97,24403
0,0,COM3D2x64_Data\level77,1037684,E2F6640D,24403
0,0,COM3D2x64_Data\level78,481332,E4890AC8,24403
0,0,COM3D2x64_Data\level79,465860,D61B9D69,24403
0,0,COM3D2x64_Data\level80,447532,84A46323,24403
0,0,COM3D2x64_Data\level81,390452,BB67393B,24403
0,0,COM3D2x64_Data\level82,1416628,40A68086,24403
0,0,COM3D2x64_Data\level83,1357556,617DE8FE,24403
0,0,COM3D2x64_Data\level84,534324,2636D2F0,24403
0,0,COM3D2x64_Data\level85,436340,C4793D54,24403
0,0,COM3D2x64_Data\level86,1285580,CC626699,24403
0,0,COM3D2x64_Data\level87,1003420,91BDFE82,24403
0,0,COM3D2x64_Data\level88,1462060,7F036434,24403
0,0,COM3D2x64_Data\level89,1403196,7BDDE7CF,24403
0,0,COM3D2x64_Data\level90,1608932,B929F2DD,24403
0,0,COM3D2x64_Data\level91,1572444,9696706D,24403
0,0,COM3D2x64_Data\level92,1404340,DEB81F1A,24403
0,0,COM3D2x64_Data\level93,1370284,8D92BD22,24403
0,0,COM3D2x64_Data\level94,457292,1EBF20A1,24403
0,0,COM3D2x64_Data\level95,437764,C8EF64AB,24403
0,0,COM3D2x64_Data\level96,1081548,CABF453D,24403
0,0,COM3D2x64_Data\level97,882836,B07A6A34,24403
0,0,COM3D2x64_Data\level98,989604,B071C435,24403
0,0,COM3D2x64_Data\level99,883812,809091CB,24403
0,0,COM3D2x64_Data\level100,1062804,B3707B2E,24403
0,0,COM3D2x64_Data\level101,1726436,F02C46F5,24403
0,0,COM3D2x64_Data\level102,1677500,D72F1113,24403
0,0,COM3D2x64_Data\level103,1145948,F55FB289,24403
0,0,COM3D2x64_Data\level104,1089780,AE62CBCC,24403
0,0,COM3D2x64_Data\level105,1545252,B0110B98,24403
0,0,COM3D2x64_Data\level106,1644180,E62FC5AE,24403
0,0,COM3D2x64_Data\level107,1087684,EEDE2113,24403
0,0,COM3D2x64_Data\level108,1003228,E5B20C7D,24403
0,0,COM3D2x64_Data\level109,1712180,8DB91A27,24403
0,0,COM3D2x64_Data\level110,1608996,D9C57AA8,24403
0,0,COM3D2x64_Data\level111,498996,BA00631D,24403
0,0,COM3D2x64_Data\level112,518772,38B74F54,24403
0,0,COM3D2x64_Data\level113,607252,9EF71DB7,24403
0,0,COM3D2x64_Data\level114,566692,0A49CFB1,24403
0,0,COM3D2x64_Data\level114.resS,131232,9337BCA3,24403
0,0,COM3D2x64_Data\level115,494052,9CD75292,24403
0,0,COM3D2x64_Data\level116,593260,6B1D8348,24403
0,0,COM3D2x64_Data\level117,517364,B67A4EAE,24403
0,0,COM3D2x64_Data\level118,1766844,2C72E7F8,24403
0,0,COM3D2x64_Data\level119,1509412,5D19802F,24403
0,0,COM3D2x64_Data\level120,1337420,604E967A,24403
0,0,COM3D2x64_Data\level121,1168572,4F4602D7,24403
0,0,COM3D2x64_Data\level122,1255996,55A3180D,24403
0,0,COM3D2x64_Data\level123,1447340,C98935E0,24403
0,0,COM3D2x64_Data\level124,1353044,85C0E55D,24403
0,0,COM3D2x64_Data\level125,970612,A6293884,24403
0,0,COM3D2x64_Data\level126,588140,410DC234,24403
0,0,COM3D2x64_Data\level127,1033492,7DE2AD37,24403
0,0,COM3D2x64_Data\level128,956172,564A3A45,24403
0,0,COM3D2x64_Data\level129,737940,2696EE11,24403
0,0,COM3D2x64_Data\level130,970756,9BE7F84E,24403
0,0,COM3D2x64_Data\level131,930340,00A8B014,24403
0,0,COM3D2x64_Data\level132,896028,A904A6AC,24403
0,0,COM3D2x64_Data\level133,870596,0B0AA1D5,24403
0,0,COM3D2x64_Data\level134,561484,60BB2BA6,24403
0,0,COM3D2x64_Data\level135,565684,FA971C87,24403
0,0,COM3D2x64_Data\level136,591060,CE326F06,24403
0,0,COM3D2x64_Data\level137,589460,721E9CB9,24403
0,0,COM3D2x64_Data\level138,591196,647E905F,24403
0,0,COM3D2x64_Data\level139,593572,05CA8484,24403
0,0,COM3D2x64_Data\level140,527780,D4DB7728,24403
0,0,COM3D2x64_Data\level141,531996,933814A7,24403
0,0,COM3D2x64_Data\level142,556220,0846133D,24403
0,0,COM3D2x64_Data\level143,586556,48883FC3,24403
0,0,COM3D2x64_Data\level144,557348,5E4F898E,24403
0,0,COM3D2x64_Data\level145,560340,808E470F,24403
0,0,COM3D2x64_Data\level146,549412,7DF0A1D9,24403
0,0,COM3D2x64_Data\level147,587268,7A9BCF71,24403
0,0,COM3D2x64_Data\level148,462260,A79F3B1A,24403
0,0,COM3D2x64_Data\level149,363572,870212A6,24403
0,0,COM3D2x64_Data\level150,445796,790253D8,24403
0,0,COM3D2x64_Data\level150.resS,131232,9337BCA3,24403
0,0,COM3D2x64_Data\level151,1031484,816D999B,24403
0,0,COM3D2x64_Data\level152,1375932,042596FF,24403
0,0,COM3D2x64_Data\level153,414036,84614688,24403
0,0,COM3D2x64_Data\level154,453852,88DACB15,24403
0,0,COM3D2x64_Data\level155,457940,6D24BD10,24403
0,0,COM3D2x64_Data\resources.assets,473054332,E5C84ACB,24403
0,0,COM3D2x64_Data\resources.assets.resS,2071422816,4FF88495,24403
0,0,COM3D2x64_Data\resources.resource,1348672,632087DF,24403
0,0,COM3D2x64_Data\sharedassets0.assets,115228100,D8872882,24403
0,0,COM3D2x64_Data\sharedassets0.assets.resS,28071636,8A34135A,24403
0,0,COM3D2x64_Data\sharedassets1.assets,6256,DB4353B7,24403
0,0,COM3D2x64_Data\sharedassets2.assets,6292,0B4517CE,24403
0,0,COM3D2x64_Data\sharedassets3.assets,8296,D530D706,24403
0,0,COM3D2x64_Data\sharedassets4.assets,12964,34CEFE76,24403
0,0,COM3D2x64_Data\sharedassets5.assets,7276,3E643E7E,24403
0,0,COM3D2x64_Data\sharedassets6.assets,6160,D9883A4E,24403
0,0,COM3D2x64_Data\sharedassets7.assets,6988,AF3A7E89,24403
0,0,COM3D2x64_Data\sharedassets8.assets,6148,EB9BFF26,24403
0,0,COM3D2x64_Data\sharedassets9.assets,7108,D6BF4906,24403
0,0,COM3D2x64_Data\sharedassets10.assets,6124,58B6AB78,24403
0,0,COM3D2x64_Data\sharedassets11.assets,6088,C3E32F04,24403
0,0,COM3D2x64_Data\sharedassets12.assets,6448,4F641C68,24403
0,0,COM3D2x64_Data\sharedassets13.assets,6280,BAB793DC,24403
0,0,COM3D2x64_Data\sharedassets14.assets,6916,2C90A6A2,24403
0,0,COM3D2x64_Data\sharedassets15.assets,4576,A67D878B,24403
0,0,COM3D2x64_Data\sharedassets16.assets,6148,A9768343,24403
0,0,COM3D2x64_Data\sharedassets17.assets,4132,B4298CBB,24403
0,0,COM3D2x64_Data\sharedassets18.assets,6868,C7AE1CEA,24403
0,0,COM3D2x64_Data\sharedassets19.assets,6232,8F63B89E,24403
0,0,COM3D2x64_Data\sharedassets20.assets,12676,A0677CDB,24403
0,0,COM3D2x64_Data\sharedassets21.assets,6328,2C6ABAA5,24403
0,0,COM3D2x64_Data\sharedassets22.assets,12736,D4CDD25E,24403
0,0,COM3D2x64_Data\sharedassets23.assets,6316,FB60E265,24403
0,0,COM3D2x64_Data\sharedassets24.assets,6376,F23A04C4,24403
0,0,COM3D2x64_Data\sharedassets25.assets,6184,BAA6A2CD,24403
0,0,COM3D2x64_Data\sharedassets26.assets,7108,DBA91554,24403
0,0,COM3D2x64_Data\sharedassets27.assets,12712,E51FB9B4,24403
0,0,COM3D2x64_Data\sharedassets28.assets,6184,C77B5A85,24403
0,0,COM3D2x64_Data\sharedassets29.assets,12712,E51FB9B4,24403
0,0,COM3D2x64_Data\sharedassets30.assets,6112,AA643F26,24403
0,0,COM3D2x64_Data\sharedassets31.assets,18126856,044F8C2E,24403
0,0,COM3D2x64_Data\sharedassets32.assets,12328,CFB6EC68,24403
0,0,COM3D2x64_Data\sharedassets33.assets,4420,A0B97288,24403
0,0,COM3D2x64_Data\sharedassets34.assets,4324,C7538660,24403
0,0,COM3D2x64_Data\sharedassets35.assets,4264,9CF02178,24403
0,0,COM3D2x64_Data\sharedassets36.assets,6124,236CDBEC,24403
0,0,COM3D2x64_Data\sharedassets37.assets,12676,A312B713,24403
0,0,COM3D2x64_Data\sharedassets38.assets,12676,961FBD9B,24403
0,0,COM3D2x64_Data\sharedassets39.assets,12676,93E19EA1,24403
0,0,COM3D2x64_Data\sharedassets40.assets,7228,CBFA6A39,24403
0,0,COM3D2x64_Data\sharedassets41.assets,6976,EC146BAE,24403
0,0,COM3D2x64_Data\sharedassets42.assets,7264,A34F08A5,24403
0,0,COM3D2x64_Data\sharedassets43.assets,9400,0E48976F,24403
0,0,COM3D2x64_Data\sharedassets44.assets,9508,CE9E3396,24403
0,0,COM3D2x64_Data\sharedassets45.assets,9496,87099E67,24403
0,0,COM3D2x64_Data\sharedassets46.assets,8560,87B4A65E,24403
0,0,COM3D2x64_Data\sharedassets47.assets,6592,A0A93BB7,24403
0,0,COM3D2x64_Data\sharedassets48.assets,8332,C1DCE8C3,24403
0,0,COM3D2x64_Data\sharedassets49.assets,792692,DDB85263,24403
0,0,COM3D2x64_Data\sharedassets49.assets.resS,6506584,427886ED,24403
0,0,COM3D2x64_Data\sharedassets50.assets,12676,F40CEE28,24403
0,0,COM3D2x64_Data\sharedassets51.assets,6592,B0BA0B63,24403
0,0,COM3D2x64_Data\sharedassets52.assets,6928,703D3CF9,24403
0,0,COM3D2x64_Data\sharedassets53.assets,6724,A28B9131,24403
0,0,COM3D2x64_Data\sharedassets54.assets,6136,CC65EB4F,24403
0,0,COM3D2x64_Data\sharedassets55.assets,12760,AFF91A84,24403
0,0,COM3D2x64_Data\sharedassets56.assets,9292,457C3C41,24403
0,0,COM3D2x64_Data\sharedassets57.assets,9328,0B56F4A0,24403
0,0,COM3D2x64_Data\sharedassets58.assets,12760,AFF91A84,24403
0,0,COM3D2x64_Data\sharedassets59.assets,9532,2587A59C,24403
0,0,COM3D2x64_Data\sharedassets60.assets,9328,0B56F4A0,24403
0,0,COM3D2x64_Data\sharedassets61.assets,9472,FE03C5C0,24403
0,0,COM3D2x64_Data\sharedassets62.assets,9508,CE9E3396,24403
0,0,COM3D2x64_Data\sharedassets63.assets,6652,D66BFED5,24403
0,0,COM3D2x64_Data\sharedassets64.assets,9496,87099E67,24403
0,0,COM3D2x64_Data\sharedassets65.assets,42236540,3B31084C,24403
0,0,COM3D2x64_Data\sharedassets65.assets.resS,87400,8BA6C322,24403
0,0,COM3D2x64_Data\sharedassets66.assets,38246508,7F0BEBF4,24403
0,0,COM3D2x64_Data\sharedassets67.assets,32874604,8C42ED95,24403
0,0,COM3D2x64_Data\sharedassets68.assets,36735684,431D27A5,24403
0,0,COM3D2x64_Data\sharedassets68.assets.resS,174776,5B619AF1,24403
0,0,COM3D2x64_Data\sharedassets69.assets,41277360,28B436D6,24403
0,0,COM3D2x64_Data\sharedassets70.assets,39399112,46DD12B7,24403
0,0,COM3D2x64_Data\sharedassets71.assets,3017228,1D5A307A,24403
0,0,COM3D2x64_Data\sharedassets71.assets.resS,611728,7BFBEAAE,24403
0,0,COM3D2x64_Data\sharedassets72.assets,9556,74F8A9F0,24403
0,0,COM3D2x64_Data\sharedassets73.assets,6508,C5D772F8,24403
0,0,COM3D2x64_Data\sharedassets74.assets,6508,C5D772F8,24403
0,0,COM3D2x64_Data\sharedassets75.assets,6508,C5D772F8,24403
0,0,COM3D2x64_Data\sharedassets76.assets,12688,903D13CD,24403
0,0,COM3D2x64_Data\sharedassets77.assets,9508,8BBCBEC4,24403
0,0,COM3D2x64_Data\sharedassets78.assets,6472,7EB4B1DB,24403
0,0,COM3D2x64_Data\sharedassets79.assets,59364,5FC4EAF9,24403
0,0,COM3D2x64_Data\sharedassets79.assets.resS,174776,B51EE5DC,24403
0,0,COM3D2x64_Data\sharedassets80.assets,6484,2BF0E45E,24403
0,0,COM3D2x64_Data\sharedassets81.assets,6736,1A31B233,24403
0,0,COM3D2x64_Data\sharedassets82.assets,759744,444B2090,24403
0,0,COM3D2x64_Data\sharedassets82.assets.resS,1310880,58801C35,24403
0,0,COM3D2x64_Data\sharedassets82.resource,1178176,90268BF4,24403
0,0,COM3D2x64_Data\sharedassets83.assets,9376,7487FA9A,24403
0,0,COM3D2x64_Data\sharedassets84.assets,3412512,313E433C,24403
0,0,COM3D2x64_Data\sharedassets84.assets.resS,6226112,B3E98769,24403
0,0,COM3D2x64_Data\sharedassets85.assets,6580,46FF9175,24403
0,0,COM3D2x64_Data\sharedassets86.assets,13936,92B413FB,24403
0,0,COM3D2x64_Data\sharedassets87.assets,9496,87099E67,24403
0,0,COM3D2x64_Data\sharedassets88.assets,12712,E4929032,24403
0,0,COM3D2x64_Data\sharedassets89.assets,9496,6228AC09,24403
0,0,COM3D2x64_Data\sharedassets90.assets,12676,A312B713,24403
0,0,COM3D2x64_Data\sharedassets91.assets,9496,87099E67,24403
0,0,COM3D2x64_Data\sharedassets92.assets,12712,E4929032,24403
0,0,COM3D2x64_Data\sharedassets93.assets,10444,CA11BBA7,24403
0,0,COM3D2x64_Data\sharedassets94.assets,6928,3D0EDF84,24403
0,0,COM3D2x64_Data\sharedassets95.assets,6436,8051EEA9,24403
0,0,COM3D2x64_Data\sharedassets96.assets,11732,F591AB26,24403
0,0,COM3D2x64_Data\sharedassets96.resource,2729184,2D4064D6,24403
0,0,COM3D2x64_Data\sharedassets97.assets,11596,FDF9EEB8,24403
0,0,COM3D2x64_Data\sharedassets98.assets,8296,6FF1B7AD,24403
0,0,COM3D2x64_Data\sharedassets99.assets,7612,455B6C59,24403
0,0,COM3D2x64_Data\sharedassets100.assets,353948,658822E5,24403
0,0,COM3D2x64_Data\sharedassets100.assets.resS,2272048,E50143CB,24403
0,0,COM3D2x64_Data\sharedassets100.resource,6236800,C7E9CFDE,24403
0,0,COM3D2x64_Data\sharedassets101.assets,6568400,6837A16F,24403
0,0,COM3D2x64_Data\sharedassets101.assets.resS,10936,3B0D7ADF,24403
0,0,COM3D2x64_Data\sharedassets101.resource,1136352,956B5452,24403
0,0,COM3D2x64_Data\sharedassets102.assets,10312,0180AF57,24403
0,0,COM3D2x64_Data\sharedassets103.assets,12844,A1EF96AB,24403
0,0,COM3D2x64_Data\sharedassets104.assets,9640,44672C1D,24403
0,0,COM3D2x64_Data\sharedassets105.assets,9764,41903EC9,24403
0,0,COM3D2x64_Data\sharedassets105.resource,1003968,52A085C2,24403
0,0,COM3D2x64_Data\sharedassets106.assets,13000,BA9525E1,24403
0,0,COM3D2x64_Data\sharedassets107.assets,12904,C9DC8E03,24403
0,0,COM3D2x64_Data\sharedassets108.assets,9580,D1628880,24403
0,0,COM3D2x64_Data\sharedassets109.assets,13348,E331FBC8,24403
0,0,COM3D2x64_Data\sharedassets109.resource,1166848,2709F6C2,24403
0,0,COM3D2x64_Data\sharedassets110.assets,9892,E55FF953,24403
0,0,COM3D2x64_Data\sharedassets111.assets,6664,39B02E39,24403
0,0,COM3D2x64_Data\sharedassets112.assets,6664,39B02E39,24403
0,0,COM3D2x64_Data\sharedassets113.assets,6628,470BB5D8,24403
0,0,COM3D2x64_Data\sharedassets114.assets,6340,7B98DD16,24403
0,0,COM3D2x64_Data\sharedassets115.assets,6628,470BB5D8,24403
0,0,COM3D2x64_Data\sharedassets116.assets,6724,38ED009D,24403
0,0,COM3D2x64_Data\sharedassets117.assets,6628,470BB5D8,24403
0,0,COM3D2x64_Data\sharedassets118.assets,12856,3BC90FEE,24403
0,0,COM3D2x64_Data\sharedassets119.assets,9544,C87D6C97,24403
0,0,COM3D2x64_Data\sharedassets120.assets,394920,0C924981,24403
0,0,COM3D2x64_Data\sharedassets120.assets.resS,2184640,DF887086,24403
0,0,COM3D2x64_Data\sharedassets121.assets,9748,B9C489BB,24403
0,0,COM3D2x64_Data\sharedassets121.resource,2751968,AE761A89,24403
0,0,COM3D2x64_Data\sharedassets122.assets,12928,4E66ACB2,24403
0,0,COM3D2x64_Data\sharedassets123.assets,12964,B4D206D1,24403
0,0,COM3D2x64_Data\sharedassets124.assets,9640,48110818,24403
0,0,COM3D2x64_Data\sharedassets125.assets,7172,4F8DB6D8,24403
0,0,COM3D2x64_Data\sharedassets125.resource,6331552,B816A215,24403
0,0,COM3D2x64_Data\sharedassets126.assets,7048,2CBD2CEE,24403
0,0,COM3D2x64_Data\sharedassets127.assets,86916,DD6E9453,24403
0,0,COM3D2x64_Data\sharedassets127.resource,8838816,EBFF12DA,24403
0,0,COM3D2x64_Data\sharedassets128.assets,8200,CCCD192B,24403
0,0,COM3D2x64_Data\sharedassets129.assets,7840,38F4020A,24403
0,0,COM3D2x64_Data\sharedassets130.assets,11332,B6EA4E24,24403
0,0,COM3D2x64_Data\sharedassets131.assets,8140,E4B9452D,24403
0,0,COM3D2x64_Data\sharedassets132.assets,615896,2FF688A2,24403
0,0,COM3D2x64_Data\sharedassets132.assets.resS,6138632,73B447A4,24403
0,0,COM3D2x64_Data\sharedassets133.assets,7024,5A9F37B6,24403
0,0,COM3D2x64_Data\sharedassets134.assets,6928,2BD5DCBB,24403
0,0,COM3D2x64_Data\sharedassets135.assets,6928,2BD5DCBB,24403
0,0,COM3D2x64_Data\sharedassets136.assets,6928,2BD5DCBB,24403
0,0,COM3D2x64_Data\sharedassets137.assets,6928,2BD5DCBB,24403
0,0,COM3D2x64_Data\sharedassets138.assets,6928,2BD5DCBB,24403
0,0,COM3D2x64_Data\sharedassets139.assets,6928,2BD5DCBB,24403
0,0,COM3D2x64_Data\sharedassets140.assets,6628,470BB5D8,24403
0,0,COM3D2x64_Data\sharedassets141.assets,6628,470BB5D8,24403
0,0,COM3D2x64_Data\sharedassets142.assets,6628,470BB5D8,24403
0,0,COM3D2x64_Data\sharedassets143.assets,6628,470BB5D8,24403
0,0,COM3D2x64_Data\sharedassets144.assets,6628,470BB5D8,24403
0,0,COM3D2x64_Data\sharedassets145.assets,6628,470BB5D8,24403
0,0,COM3D2x64_Data\sharedassets146.assets,6628,470BB5D8,24403
0,0,COM3D2x64_Data\sharedassets147.assets,6928,2BD5DCBB,24403
0,0,COM3D2x64_Data\sharedassets148.assets,6448,2B5EA9B9,24403
0,0,COM3D2x64_Data\sharedassets149.assets,6160,1AD052BA,24403
0,0,COM3D2x64_Data\sharedassets150.assets,7276,5AA566B2,24403
0,0,COM3D2x64_Data\sharedassets151.assets,213676,731B77F5,24403
0,0,COM3D2x64_Data\sharedassets151.assets.resS,174776,583F8A72,24403
0,0,COM3D2x64_Data\sharedassets152.assets,10260,F3017EE5,24403
0,0,COM3D2x64_Data\sharedassets153.assets,6448,B3CA888F,24403
0,0,COM3D2x64_Data\sharedassets154.assets,6448,8FFF127A,24403
0,0,COM3D2x64_Data\sharedassets155.assets,6568,1289C923,24403
0,0,COM3D2x64.exe,22841856,A9562BF9,24403
share,../com3d2data\GameData\ja\motion_omytgc035_2.arc,GameData\motion_omytgc035_2.arc,626379,5C67B1FA,24400
share,../com3d2data\GameData\ja\voice2.arc,GameData\voice2.arc,978689805,76ABD21C,24401
share,../com3d2data\GameData\ja_script\script.arc,GameData\script.arc,16732182,FCADEFC3,24407
share,../com3d2data\GameData\ja_script\script_charaevent009ntr_2.arc,GameData\script_charaevent009ntr_2.arc,36114,B411C22A,24402
share,../com3d2data\GameData\ja_script\script_dateplan001_2.arc,GameData\script_dateplan001_2.arc,2514,3616DD6A,24400
share,../com3d2data\GameData\ja_script\script_modeplus001_2.arc,GameData\script_modeplus001_2.arc,4642,E85A7109,24403
share,../com3d2data\GameData\ja_script\script_omytgc031_2.arc,GameData\script_omytgc031_2.arc,11730,FF9EFAB1,24402
share,../com3d2data\GameData\ja_script\script_omytgc031_add2_2.arc,GameData\script_omytgc031_add2_2.arc,13682,ECAA9DA6,24402
share,../com3d2data\GameData\ja_script\script_omytgc032_2.arc,GameData\script_omytgc032_2.arc,248570,7C68249B,24402
share,../com3d2data\GameData\ja_script\script_omytgc035_2.arc,GameData\script_omytgc035_2.arc,39714,7BBAC127,24402
share,../com3d2data\GameData\ja_script\script_personal_om003plus_2.arc,GameData\script_personal_om003plus_2.arc,44514,BF2E5D64,24402
share,../com3d2data\GameData\ja_script\script_personal_om007_2.arc,GameData\script_personal_om007_2.arc,259116,2DA2D6CE,24402
share,../com3d2data\GameData\ja_script\script_personal_om008_2.arc,GameData\script_personal_om008_2.arc,251849,9AEEA588,24400
share,../com3d2data\GameData\ja_script\script_personal_om012_gp002_2.arc,GameData\script_personal_om012_gp002_2.arc,32130,05B5697D,24401
share,../com3d2data\GameData\ja_script\script_select001_2.arc,GameData\script_select001_2.arc,30450,8779AE41,24403
share,../com3d2data\GameData\ja_script\script_stream001_2.arc,GameData\script_stream001_2.arc,2162,BFF4B091,24402
share,../com3d2data\GameData\ja_script\script_stream002_2.arc,GameData\script_stream002_2.arc,9874,93EAECFF,24403
share,../com3d2data\GameData\ja_script\script_trio002_2.arc,GameData\script_trio002_2.arc,8834,ACF4BB92,24401
share,../com3d2data\GameData\ja_script\script_valentine2025_2.arc,GameData\script_valentine2025_2.arc,11522,181ABC2F,24400
share,../com3d2data\GameData\ja_script\script_x_galplus_2.arc,GameData\script_x_galplus_2.arc,16162,B8EAFA5F,24400
share,../com3d2data\GameData\ja_script\script_x001_2.arc,GameData\script_x001_2.arc,23155861,1FD6CF4D,24400
share,../com3d2data\GameData\ja_script\script_x001plus_2.arc,GameData\script_x001plus_2.arc,23472311,77E9552A,24400
share,../com3d2data\GameData\patch\bg_cw010_2.arc,GameData\bg_cw010_2.arc,18093072,42FCE41A,24402
share,../com3d2data\GameData\patch\csv.arc,GameData\csv.arc,45175521,0D666ACA,24410
share,../com3d2data\GameData\patch\csv_dance_hhs_2.arc,GameData\csv_dance_hhs_2.arc,818,E0195413,24401
share,../com3d2data\GameData\patch\csv_dance_smt_2.arc,GameData\csv_dance_smt_2.arc,770,6B48DF0B,24401
share,../com3d2data\GameData\patch\csv_dance_sse_2.arc,GameData\csv_dance_sse_2.arc,786,A9BBB348,24401
share,../com3d2data\GameData\patch\csv_selfishdestiny_2.arc,GameData\csv_selfishdestiny_2.arc,43218,C15DF8CD,24403
share,../com3d2data\GameData\patch\parts_dlc361_2.arc,GameData\parts_dlc361_2.arc,6251044,1F5496DC,24403
share,../com3d2data\GameData\patch\parts_dlc363_2.arc,GameData\parts_dlc363_2.arc,11168402,3591087B,24403
share,../com3d2data\GameData\patch\parts_dlc368_2.arc,GameData\parts_dlc368_2.arc,142902,0FB0973B,24402
share,../com3d2data\GameData\patch\parts_dlc528_2.arc,GameData\parts_dlc528_2.arc,1503027,E8538580,24402
share,../com3d2data\GameData\patch\parts_gp003_2.arc,GameData\parts_gp003_2.arc,156431709,F4CA31A2,24402
share,../com3d2data\GameData\patch\parts_nightpool001_add2_2.arc,GameData\parts_nightpool001_add2_2.arc,201787,7774246B,24402
share,../com3d2data\GameData\patch\parts_oldplus011cloth_2.arc,GameData\parts_oldplus011cloth_2.arc,228764,3AE1A229,24402
share,../com3d2data\GameData\patch\parts_sp001_2.arc,GameData\parts_sp001_2.arc,368802,36296F61,24402
share,../com3d2data\GameData\patch\parts2.arc,GameData\parts2.arc,224249617,199F468F,24402
share,../com3d2data\GameData\patch\paths.dat,GameData\paths.dat,19919,CEF69302,24407
share,../com3d2data\GameData\patch\prioritymaterial.arc,GameData\prioritymaterial.arc,875355,842039B3,24403
share,../com3d2data\GameData\patch\sound_dance_hhs_2.arc,GameData\sound_dance_hhs_2.arc,16074673,9745C9D8,24401
share,../com3d2data\GameData\patch\sound_dance_smt_2.arc,GameData\sound_dance_smt_2.arc,19977815,0A32078B,24401
share,../com3d2data\GameData\patch\sound_dance_sse_2.arc,GameData\sound_dance_sse_2.arc,18108195,40971188,24401
share,../com3d2data\GameData\patch\sound_maidtaisou_2.arc,GameData\sound_maidtaisou_2.arc,7299538,D151932F,24401
share,../com3d2data\GameData\patch\system2.arc,GameData\system2.arc,48453878,E4132D16,24402
share,../com3d2data\GameData_20\material_cas133_2.arc,GameData_20\material_cas133_2.arc,2546,0E77C955,1744
share,../com3d2data\GameData_20\material_denkigai2021s_2.arc,GameData_20\material_denkigai2021s_2.arc,1730,5A8CFCE7,1744
share,../com3d2data\GameData_20\material_dlc004_2.arc,GameData_20\material_dlc004_2.arc,5042,54116788,1744
share,../com3d2data\GameData_20\material_dlc007_2.arc,GameData_20\material_dlc007_2.arc,5122,7C7A291B,1744
share,../com3d2data\GameData_20\material_dlc326_2.arc,GameData_20\material_dlc326_2.arc,1682,5D16A84A,1744
share,../com3d2data\GameData_20\material_dlc386_2.arc,GameData_20\material_dlc386_2.arc,13250,4D9AA74F,1744
share,../com3d2data\GameData_20\material_dlc414_2.arc,GameData_20\material_dlc414_2.arc,13474,9E58194A,1744
share,../com3d2data\GameData_20\material_dlc427_2.arc,GameData_20\material_dlc427_2.arc,13746,1B72758F,1744
share,../com3d2data\GameData_20\material_dlc437hair_2.arc,GameData_20\material_dlc437hair_2.arc,1746,F7DF6102,1744
share,../com3d2data\GameData_20\material_dlc488_2.arc,GameData_20\material_dlc488_2.arc,1714,1AA5F731,1744
share,../com3d2data\GameData_20\menu_cas133_2.arc,GameData_20\menu_cas133_2.arc,8962,B2C49D27,1744
share,../com3d2data\GameData_20\menu_cas134_2.arc,GameData_20\menu_cas134_2.arc,9090,F8D6780D,1744
share,../com3d2data\GameData_20\menu_dlc004_2.arc,GameData_20\menu_dlc004_2.arc,3362,F70C6943,1744
share,../com3d2data\GameData_20\menu_dlc286_2.arc,GameData_20\menu_dlc286_2.arc,2626,18F6964C,1744
share,../com3d2data\GameData_20\menu_dlc326_2.arc,GameData_20\menu_dlc326_2.arc,1730,625DC929,1744
share,../com3d2data\GameData_20\menu_dlc361_2.arc,GameData_20\menu_dlc361_2.arc,1218,CE7AA7A8,1746
share,../com3d2data\GameData_20\menu_dlc363_2.arc,GameData_20\menu_dlc363_2.arc,2034,AAF5EDC6,1746
share,../com3d2data\GameData_20\menu_dlc386_2.arc,GameData_20\menu_dlc386_2.arc,8242,43DF28B0,1744
share,../com3d2data\GameData_20\menu_dlc399_2.arc,GameData_20\menu_dlc399_2.arc,1234,9EC7D1A9,1744
share,../com3d2data\GameData_20\menu_dlc414_2.arc,GameData_20\menu_dlc414_2.arc,3666,01397BC6,1744
share,../com3d2data\GameData_20\menu_dlc423_2.arc,GameData_20\menu_dlc423_2.arc,3298,861496D6,1744
share,../com3d2data\GameData_20\menu_dlc487_2.arc,GameData_20\menu_dlc487_2.arc,3266,52969574,1744
share,../com3d2data\GameData_20\menu_dlc526_2.arc,GameData_20\menu_dlc526_2.arc,4258,988E8441,1744
share,../com3d2data\GameData_20\menu_gp001_2.arc,GameData_20\menu_gp001_2.arc,6770,59BE68C7,1744
share,../com3d2data\GameData_20\menu_oldplus009cloth_2.arc,GameData_20\menu_oldplus009cloth_2.arc,9602,4E06F551,1744
share,../com3d2data\GameData_20\menu_personal_om008_2.arc,GameData_20\menu_personal_om008_2.arc,6866,2468F845,1744
share,../com3d2data\GameData_20\model_cas043_2.arc,GameData_20\model_cas043_2.arc,166587,C4122F7E,1744
share,../com3d2data\GameData_20\model_cas056_2.arc,GameData_20\model_cas056_2.arc,515645,4C84558A,1744
share,../com3d2data\GameData_20\model_cas064_2.arc,GameData_20\model_cas064_2.arc,116026,0A8CC175,1744
share,../com3d2data\GameData_20\model_cas099_2.arc,GameData_20\model_cas099_2.arc,120018,F24B9C93,1744
share,../com3d2data\GameData_20\model_cas113_2.arc,GameData_20\model_cas113_2.arc,474721,DDA747D5,1744
share,../com3d2data\GameData_20\model_cas133_2.arc,GameData_20\model_cas133_2.arc,1797049,9CFB4397,1744
share,../com3d2data\GameData_20\model_cw004cloth1_2.arc,GameData_20\model_cw004cloth1_2.arc,877052,EEB61B76,1744
share,../com3d2data\GameData_20\model_cw004cloth3_2.arc,GameData_20\model_cw004cloth3_2.arc,392556,2C567671,1744
share,../com3d2data\GameData_20\model_cw007cloth2_2.arc,GameData_20\model_cw007cloth2_2.arc,198050,99EE2B6C,1744
share,../com3d2data\GameData_20\model_denkigai2020s_2.arc,GameData_20\model_denkigai2020s_2.arc,70702,A7C3EBB2,1744
share,../com3d2data\GameData_20\model_dlc004_2.arc,GameData_20\model_dlc004_2.arc,285512,53E9912D,1744
share,../com3d2data\GameData_20\model_dlc007_2.arc,GameData_20\model_dlc007_2.arc,72986,85596DB7,1744
share,../com3d2data\GameData_20\model_dlc038_2.arc,GameData_20\model_dlc038_2.arc,171553,12426AA2,1744
share,../com3d2data\GameData_20\model_dlc264_2.arc,GameData_20\model_dlc264_2.arc,1284137,3BAA1822,1744
share,../com3d2data\GameData_20\model_dlc314_2.arc,GameData_20\model_dlc314_2.arc,102829,E3EE6B88,1744
share,../com3d2data\GameData_20\model_dlc317_2.arc,GameData_20\model_dlc317_2.arc,4235399,79891393,1744
share,../com3d2data\GameData_20\model_dlc326_2.arc,GameData_20\model_dlc326_2.arc,414866,4374BB67,1744
share,../com3d2data\GameData_20\model_dlc345_2.arc,GameData_20\model_dlc345_2.arc,305873,22B2B3C4,1744
share,../com3d2data\GameData_20\model_dlc361_2.arc,GameData_20\model_dlc361_2.arc,2831298,4199C5F0,1746
share,../com3d2data\GameData_20\model_dlc363_2.arc,GameData_20\model_dlc363_2.arc,858109,8BD01DD1,1746
share,../com3d2data\GameData_20\model_dlc368_2.arc,GameData_20\model_dlc368_2.arc,228834,D8234312,1745
share,../com3d2data\GameData_20\model_dlc392_2.arc,GameData_20\model_dlc392_2.arc,1183892,E5FCC07F,1744
share,../com3d2data\GameData_20\model_dlc414_2.arc,GameData_20\model_dlc414_2.arc,399533,EA325852,1744
share,../com3d2data\GameData_20\model_dlc423_2.arc,GameData_20\model_dlc423_2.arc,243401,53F93DDE,1744
share,../com3d2data\GameData_20\model_dlc437_2.arc,GameData_20\model_dlc437_2.arc,487721,9BBC736D,1744
share,../com3d2data\GameData_20\model_dlc437hair_2.arc,GameData_20\model_dlc437hair_2.arc,354059,D48CD13B,1744
share,../com3d2data\GameData_20\model_dlc450_2.arc,GameData_20\model_dlc450_2.arc,508820,CFFA2D48,1744
share,../com3d2data\GameData_20\model_dlc451_2.arc,GameData_20\model_dlc451_2.arc,537178,E56CAB81,1744
share,../com3d2data\GameData_20\model_dlc462_2.arc,GameData_20\model_dlc462_2.arc,337274,335419B3,1744
share,../com3d2data\GameData_20\model_dlc466_2.arc,GameData_20\model_dlc466_2.arc,220262,A2895402,1744
share,../com3d2data\GameData_20\model_dlc475_2.arc,GameData_20\model_dlc475_2.arc,1346362,9820A575,1744
share,../com3d2data\GameData_20\model_dlc505_2.arc,GameData_20\model_dlc505_2.arc,114740,AF1B0F13,1744
share,../com3d2data\GameData_20\model_dlc508_2.arc,GameData_20\model_dlc508_2.arc,1171745,91EBD4B1,1744
share,../com3d2data\GameData_20\model_dlc510_2.arc,GameData_20\model_dlc510_2.arc,1798570,28BA1A40,1744
share,../com3d2data\GameData_20\model_dlc513_2.arc,GameData_20\model_dlc513_2.arc,142742,C92F2E78,1744
share,../com3d2data\GameData_20\model_dlc519_2.arc,GameData_20\model_dlc519_2.arc,196088,933B2E23,1744
share,../com3d2data\GameData_20\model_dlc520_2.arc,GameData_20\model_dlc520_2.arc,647048,A82B87A1,1744
share,../com3d2data\GameData_20\model_dlc527_2.arc,GameData_20\model_dlc527_2.arc,263958,D13DC3A3,1744
share,../com3d2data\GameData_20\model_dlc528_2.arc,GameData_20\model_dlc528_2.arc,1494027,45D5AB2F,1745
share,../com3d2data\GameData_20\model_dlc536_2.arc,GameData_20\model_dlc536_2.arc,1135095,9F93E2F2,1744
share,../com3d2data\GameData_20\model_oldplus011cloth_2.arc,GameData_20\model_oldplus011cloth_2.arc,204370,BE9D89E8,1745
share,../com3d2data\GameData_20\model_personal_om008_2.arc,GameData_20\model_personal_om008_2.arc,219900,95ED3847,1744
share,../com3d2data\GameData_20\paths.dat,GameData_20\paths.dat,15335,2E63AA64,1833
share,../com3d2data\GameData_20\prioritymaterial.arc,GameData_20\prioritymaterial.arc,452593,1CF309EF,1833
share,../com3d2data\GameData_20\texture_cas113_2.arc,GameData_20\texture_cas113_2.arc,46625634,E6F2E799,1744
share,../com3d2data\GameData_20\texture_cas139_2.arc,GameData_20\texture_cas139_2.arc,8118853,61331B0E,1744
share,../com3d2data\GameData_20\texture_dlc004_2.arc,GameData_20\texture_dlc004_2.arc,4805793,1C7DB786,1744
share,../com3d2data\GameData_20\texture_dlc361_2.arc,GameData_20\texture_dlc361_2.arc,29567498,BD5402B6,1746
share,../com3d2data\GameData_20\texture_dlc363_2.arc,GameData_20\texture_dlc363_2.arc,10616586,1DB6B7B6,1746
share,../com3d2data\GameData_20\texture_dlc377_2.arc,GameData_20\texture_dlc377_2.arc,2633123,5A9C0F72,1744
share,../com3d2data\GameData_20\texture_dlc386_2.arc,GameData_20\texture_dlc386_2.arc,1022408,504C11D3,1744
share,../com3d2data\GameData_20\texture_dlc405_2.arc,GameData_20\texture_dlc405_2.arc,4522663,AD657DA6,1744
share,../com3d2data\GameData_20\texture_dlc414_2.arc,GameData_20\texture_dlc414_2.arc,8276290,844E9DDA,1744
share,../com3d2data\GameData_20\texture_dlc437_2.arc,GameData_20\texture_dlc437_2.arc,21879766,37D74A80,1744
share,../com3d2data\GameData_20\texture_dlc475_2.arc,GameData_20\texture_dlc475_2.arc,12536480,61782DA5,1744
share,../com3d2data\GameData_20\texture_dlc526_2.arc,GameData_20\texture_dlc526_2.arc,8210,1462E6A1,1744
share,../com3d2data\GameData_20\texture_dlc536_2.arc,GameData_20\texture_dlc536_2.arc,20742956,B73EA101,1744
