0,0,COM3D2OH.exe,6623232,E30BEDE0,2006
0,0,COM3D2OHx64.exe,22841856,858642A8,1321
0,0,LICENSE,31205,24BAD003,1320
0,0,COM3D2OHx64_Data\app.info,42,6CD75754,1320
0,0,COM3D2OHx64_Data\globalgamemanagers,4277812,4B779390,1320
0,0,COM3D2OHx64_Data\globalgamemanagers.assets,237276,5197EB06,1320
0,0,COM3D2OHx64_Data\level0,323740,3B68362B,1320
0,0,COM3D2OHx64_Data\level1,346820,22BEBE8B,1320
0,0,COM3D2OHx64_Data\level10,695076,3BBB247C,1320
0,0,COM3D2OHx64_Data\level11,7476,48DF8BE0,1320
0,0,COM3D2OHx64_Data\level12,326180,5A7CF23C,1320
0,0,COM3D2OHx64_Data\level13,4664,F0FF423E,1320
0,0,COM3D2OHx64_Data\level14,342884,2730DE00,1320
0,0,COM3D2OHx64_Data\level15,332564,A8AB7150,1320
0,0,COM3D2OHx64_Data\level16,953772,5EB4EBCC,1320
0,0,COM3D2OHx64_Data\level17,425388,5B1AAB2D,1320
0,0,COM3D2OHx64_Data\level18,1083428,83D26C24,1320
0,0,COM3D2OHx64_Data\level19,408868,23968E6D,1320
0,0,COM3D2OHx64_Data\level2,738564,73E71C7A,1320
0,0,COM3D2OHx64_Data\level20,2186068,86BD0D7B,1320
0,0,COM3D2OHx64_Data\level21,1113436,A8E36ECF,1320
0,0,COM3D2OHx64_Data\level22,1086740,CB1F5B2B,1320
0,0,COM3D2OHx64_Data\level23,445916,D0573385,1320
0,0,COM3D2OHx64_Data\level24,27904,4EDF3052,1320
0,0,COM3D2OHx64_Data\level24.resS,131232,851AC384,1320
0,0,COM3D2OHx64_Data\level25,51676,1D998E49,1320
0,0,COM3D2OHx64_Data\level26,56036,D6DD81A4,1320
0,0,COM3D2OHx64_Data\level27,6832,D4848E88,1320
0,0,COM3D2OHx64_Data\level28,324628,1FDFF4B7,1320
0,0,COM3D2OHx64_Data\level29,1574740,91DD4C84,1320
0,0,COM3D2OHx64_Data\level3,1211284,24BFCBDC,1320
0,0,COM3D2OHx64_Data\level30,1431372,FD5B3C1D,1320
0,0,COM3D2OHx64_Data\level31,1452972,0798F75F,1320
0,0,COM3D2OHx64_Data\level32,1348204,DB92C49B,1320
0,0,COM3D2OHx64_Data\level33,1412676,A3C1FEB7,1320
0,0,COM3D2OHx64_Data\level34,1538084,3821D19C,1320
0,0,COM3D2OHx64_Data\level35,1275084,C3A45C1B,1320
0,0,COM3D2OHx64_Data\level36,1025692,178E764A,1320
0,0,COM3D2OHx64_Data\level37,1032980,E21C21C9,1320
0,0,COM3D2OHx64_Data\level38,1275084,340AC923,1320
0,0,COM3D2OHx64_Data\level39,1155676,4B31C3ED,1320
0,0,COM3D2OHx64_Data\level4,1282404,64D88147,1320
0,0,COM3D2OHx64_Data\level40,944244,0C304A38,1320
0,0,COM3D2OHx64_Data\level41,1230652,41DCE38A,1320
0,0,COM3D2OHx64_Data\level42,1373124,59C12183,1320
0,0,COM3D2OHx64_Data\level43,1331652,9F92BF48,1320
0,0,COM3D2OHx64_Data\level44,916476,CCE95DF7,1320
0,0,COM3D2OHx64_Data\level45,399548,FCE6F6AF,1320
0,0,COM3D2OHx64_Data\level46,395900,0EA0B4E4,1320
0,0,COM3D2OHx64_Data\level47,439612,94344973,1320
0,0,COM3D2OHx64_Data\level48,461756,809C48A9,1320
0,0,COM3D2OHx64_Data\level49,390140,5DF507C0,1320
0,0,COM3D2OHx64_Data\level5,325236,55E420C7,1320
0,0,COM3D2OHx64_Data\level50,450116,2122D36C,1320
0,0,COM3D2OHx64_Data\level51,1038652,91E732F7,1320
0,0,COM3D2OHx64_Data\level52,963052,5B934981,1320
0,0,COM3D2OHx64_Data\level53,442836,60630BDA,1320
0,0,COM3D2OHx64_Data\level54,464980,BDBBEE5F,1320
0,0,COM3D2OHx64_Data\level55,455564,BBD044E0,1320
0,0,COM3D2OHx64_Data\level56,1043060,D254029A,1320
0,0,COM3D2OHx64_Data\level57,1003332,C1241BC1,1320
0,0,COM3D2OHx64_Data\level58,448596,76A8AA1E,1320
0,0,COM3D2OHx64_Data\level59,433132,2BA33579,1320
0,0,COM3D2OHx64_Data\level6,415380,6A7D93FE,1320
0,0,COM3D2OHx64_Data\level60,414804,7FD3BF3D,1320
0,0,COM3D2OHx64_Data\level61,1382452,B983A53F,1320
0,0,COM3D2OHx64_Data\level62,1323204,79501460,1320
0,0,COM3D2OHx64_Data\level63,501612,024700E0,1320
0,0,COM3D2OHx64_Data\level64,401516,3D48FCF7,1320
0,0,COM3D2OHx64_Data\level65,1251220,468E4B8D,1320
0,0,COM3D2OHx64_Data\level66,969052,FA0765DA,1320
0,0,COM3D2OHx64_Data\level67,1427524,3AC07BF3,1320
0,0,COM3D2OHx64_Data\level68,1368676,04E666DB,1320
0,0,COM3D2OHx64_Data\level69,1574748,F227DF70,1320
0,0,COM3D2OHx64_Data\level7,324252,3C58017A,1320
0,0,COM3D2OHx64_Data\level70,1538092,D684B946,1320
0,0,COM3D2OHx64_Data\level71,1369820,907F7AAC,1320
0,0,COM3D2OHx64_Data\level72,1335772,8F10EE31,1320
0,0,COM3D2OHx64_Data\level8,391684,2099F0C9,1320
0,0,COM3D2OHx64_Data\level9,327364,4F32D4D6,1320
0,0,COM3D2OHx64_Data\resources.assets,399715104,93369707,1320
0,0,COM3D2OHx64_Data\resources.assets.resS,1716572704,EA9134BA,1320
0,0,COM3D2OHx64_Data\resources.resource,727392,54F90BDA,1320
0,0,COM3D2OHx64_Data\sharedassets0.assets,115226420,EFD2E918,1320
0,0,COM3D2OHx64_Data\sharedassets0.assets.resS,28071636,A1AB9432,1320
0,0,COM3D2OHx64_Data\sharedassets1.assets,6232,F5C7EECF,1320
0,0,COM3D2OHx64_Data\sharedassets10.assets,6628,113CEAED,1320
0,0,COM3D2OHx64_Data\sharedassets11.assets,4564,BE14DD4B,1320
0,0,COM3D2OHx64_Data\sharedassets12.assets,6124,2CE1DD48,1320
0,0,COM3D2OHx64_Data\sharedassets13.assets,4132,CCDF38A3,1320
0,0,COM3D2OHx64_Data\sharedassets14.assets,6844,0CC5695A,1320
0,0,COM3D2OHx64_Data\sharedassets15.assets,6208,8D4DA76C,1320
0,0,COM3D2OHx64_Data\sharedassets16.assets,12544,8DB4DDF7,1320
0,0,COM3D2OHx64_Data\sharedassets17.assets,6268,27403AF9,1320
0,0,COM3D2OHx64_Data\sharedassets18.assets,12688,AB9E8A9E,1320
0,0,COM3D2OHx64_Data\sharedassets19.assets,6292,C659E796,1320
0,0,COM3D2OHx64_Data\sharedassets2.assets,6544,95251DF6,1320
0,0,COM3D2OHx64_Data\sharedassets20.assets,7084,A10FAB65,1320
0,0,COM3D2OHx64_Data\sharedassets21.assets,12664,D5749D68,1320
0,0,COM3D2OHx64_Data\sharedassets22.assets,12664,D5749D68,1320
0,0,COM3D2OHx64_Data\sharedassets23.assets,18126832,E5FC2B16,1320
0,0,COM3D2OHx64_Data\sharedassets24.assets,12328,8449858C,1320
0,0,COM3D2OHx64_Data\sharedassets25.assets,4420,F7A51AB6,1320
0,0,COM3D2OHx64_Data\sharedassets26.assets,4324,79A98ED0,1320
0,0,COM3D2OHx64_Data\sharedassets27.assets,4264,97086070,1320
0,0,COM3D2OHx64_Data\sharedassets28.assets,6100,FAEFCC66,1320
0,0,COM3D2OHx64_Data\sharedassets29.assets,12544,E0810D46,1320
0,0,COM3D2OHx64_Data\sharedassets3.assets,12916,79A0BAF1,1320
0,0,COM3D2OHx64_Data\sharedassets30.assets,12544,37423F8E,1320
0,0,COM3D2OHx64_Data\sharedassets31.assets,12544,E28EDDE8,1320
0,0,COM3D2OHx64_Data\sharedassets32.assets,9352,ED307A18,1320
0,0,COM3D2OHx64_Data\sharedassets33.assets,9460,F850D3F8,1320
0,0,COM3D2OHx64_Data\sharedassets34.assets,9448,B2809B37,1320
0,0,COM3D2OHx64_Data\sharedassets35.assets,12628,E11F0609,1320
0,0,COM3D2OHx64_Data\sharedassets36.assets,9244,074BF3CE,1320
0,0,COM3D2OHx64_Data\sharedassets37.assets,9280,245CA923,1320
0,0,COM3D2OHx64_Data\sharedassets38.assets,12628,E11F0609,1320
0,0,COM3D2OHx64_Data\sharedassets39.assets,9484,F2CA7F6D,1320
0,0,COM3D2OHx64_Data\sharedassets4.assets,7144,7565140E,1320
0,0,COM3D2OHx64_Data\sharedassets40.assets,9280,245CA923,1320
0,0,COM3D2OHx64_Data\sharedassets41.assets,9424,C345C274,1320
0,0,COM3D2OHx64_Data\sharedassets42.assets,12544,7E4ECFE3,1320
0,0,COM3D2OHx64_Data\sharedassets43.assets,9460,F850D3F8,1320
0,0,COM3D2OHx64_Data\sharedassets44.assets,9448,B2809B37,1320
0,0,COM3D2OHx64_Data\sharedassets45.assets,42236516,A5054039,1320
0,0,COM3D2OHx64_Data\sharedassets45.assets.resS,87400,8BA6C322,1320
0,0,COM3D2OHx64_Data\sharedassets46.assets,38246484,BB3F164E,1320
0,0,COM3D2OHx64_Data\sharedassets47.assets,32874580,68635DB4,1320
0,0,COM3D2OHx64_Data\sharedassets48.assets,36735660,0F2F116C,1320
0,0,COM3D2OHx64_Data\sharedassets48.assets.resS,174776,5B619AF1,1320
0,0,COM3D2OHx64_Data\sharedassets49.assets,41277336,6BBE6D65,1320
0,0,COM3D2OHx64_Data\sharedassets5.assets,6112,F5A4E19A,1320
0,0,COM3D2OHx64_Data\sharedassets50.assets,39399088,D6639EA6,1320
0,0,COM3D2OHx64_Data\sharedassets51.assets,3017100,7C2014D6,1320
0,0,COM3D2OHx64_Data\sharedassets51.assets.resS,611728,7BFBEAAE,1320
0,0,COM3D2OHx64_Data\sharedassets52.assets,9508,409FF8FF,1320
0,0,COM3D2OHx64_Data\sharedassets53.assets,6484,FAF67A9F,1320
0,0,COM3D2OHx64_Data\sharedassets54.assets,6484,FAF67A9F,1320
0,0,COM3D2OHx64_Data\sharedassets55.assets,6484,FAF67A9F,1320
0,0,COM3D2OHx64_Data\sharedassets56.assets,12556,0707201A,1320
0,0,COM3D2OHx64_Data\sharedassets57.assets,9460,05A1F966,1320
0,0,COM3D2OHx64_Data\sharedassets58.assets,6448,EDB26B2F,1320
0,0,COM3D2OHx64_Data\sharedassets59.assets,59340,38DD514C,1320
0,0,COM3D2OHx64_Data\sharedassets59.assets.resS,174776,B51EE5DC,1320
0,0,COM3D2OHx64_Data\sharedassets6.assets,7072,84DC9C0C,1320
0,0,COM3D2OHx64_Data\sharedassets60.assets,6460,1908B198,1320
0,0,COM3D2OHx64_Data\sharedassets61.assets,759616,B5FEC471,1320
0,0,COM3D2OHx64_Data\sharedassets61.assets.resS,1310880,58801C35,1320
0,0,COM3D2OHx64_Data\sharedassets61.resource,1178176,90268BF4,1320
0,0,COM3D2OHx64_Data\sharedassets62.assets,9316,3F470DC6,1320
0,0,COM3D2OHx64_Data\sharedassets63.assets,3412488,BA081025,1320
0,0,COM3D2OHx64_Data\sharedassets63.assets.resS,6226112,B3E98769,1320
0,0,COM3D2OHx64_Data\sharedassets64.assets,6556,6695D92D,1320
0,0,COM3D2OHx64_Data\sharedassets65.assets,13804,6DFD506C,1320
0,0,COM3D2OHx64_Data\sharedassets66.assets,9448,B2809B37,1320
0,0,COM3D2OHx64_Data\sharedassets67.assets,12568,F62DB3FA,1320
0,0,COM3D2OHx64_Data\sharedassets68.assets,9436,7F83908F,1320
0,0,COM3D2OHx64_Data\sharedassets69.assets,12544,E0810D46,1320
0,0,COM3D2OHx64_Data\sharedassets7.assets,6064,30ABCC16,1320
0,0,COM3D2OHx64_Data\sharedassets70.assets,9448,B2809B37,1320
0,0,COM3D2OHx64_Data\sharedassets71.assets,12568,F62DB3FA,1320
0,0,COM3D2OHx64_Data\sharedassets72.assets,10488,BE855603,1320
0,0,COM3D2OHx64_Data\sharedassets72.resource,1979968,F38C075A,1320
0,0,COM3D2OHx64_Data\sharedassets8.assets,6304,A490D747,1320
0,0,COM3D2OHx64_Data\sharedassets9.assets,6208,DF8B18B8,1320
0,0,COM3D2OHx64_Data\Managed\Accessibility.dll,10752,5CB31E4E,1320
0,0,COM3D2OHx64_Data\Managed\Assembly-CSharp-firstpass.dll,787456,DCEB9520,1320
0,0,COM3D2OHx64_Data\Managed\Assembly-CSharp.dll,5352448,F15F8D0F,1321
0,0,COM3D2OHx64_Data\Managed\Assembly-UnityScript-firstpass.dll,65024,579B423A,1320
0,0,COM3D2OHx64_Data\Managed\Boo.Lang.dll,126976,28383F70,1320
0,0,COM3D2OHx64_Data\Managed\BouncyCastle.Crypto.dll,2236416,5A4C4F07,1320
0,0,COM3D2OHx64_Data\Managed\FoveUnityPlugin.dll,28672,A6EA882B,1320
0,0,COM3D2OHx64_Data\Managed\ICSharpCode.SharpZipLib.dll,200704,D3160A1C,1320
0,0,COM3D2OHx64_Data\Managed\Ionic.Zlib.dll,102400,7C9E7DD2,1320
0,0,COM3D2OHx64_Data\Managed\JsonFx.Json.dll,70144,A0F0CFCB,1320
0,0,COM3D2OHx64_Data\Managed\LeapCSharp.NET3.5.dll,82432,38E38212,1320
0,0,COM3D2OHx64_Data\Managed\Mono.Data.Tds.dll,96256,2965324B,1320
0,0,COM3D2OHx64_Data\Managed\Mono.Posix.dll,184320,0CE35BE3,1320
0,0,COM3D2OHx64_Data\Managed\Mono.Security.dll,294912,66EB9979,1320
0,0,COM3D2OHx64_Data\Managed\Mono.WebBrowser.dll,172032,137B736F,1320
0,0,COM3D2OHx64_Data\Managed\mscorlib.dll,2590208,5166389B,1320
0,0,COM3D2OHx64_Data\Managed\Newtonsoft.Json.dll,494592,5C881B73,1320
0,0,COM3D2OHx64_Data\Managed\System.Configuration.dll,124928,72952344,1320
0,0,COM3D2OHx64_Data\Managed\System.Core.dll,297472,9E3EE5D7,1320
0,0,COM3D2OHx64_Data\Managed\System.Data.dll,856064,DDDB80CD,1320
0,0,COM3D2OHx64_Data\Managed\System.dll,1679360,13922617,1320
0,0,COM3D2OHx64_Data\Managed\System.Drawing.Design.dll,29696,E7B53FF9,1320
0,0,COM3D2OHx64_Data\Managed\System.Drawing.dll,448512,C4B2E872,1320
0,0,COM3D2OHx64_Data\Managed\System.EnterpriseServices.dll,46592,2C72A9FE,1320
0,0,COM3D2OHx64_Data\Managed\System.Security.dll,135168,1CE94C57,1320
0,0,COM3D2OHx64_Data\Managed\System.Transactions.dll,27648,45299FCF,1320
0,0,COM3D2OHx64_Data\Managed\System.Windows.Forms.dll,3053568,56394001,1320
0,0,COM3D2OHx64_Data\Managed\System.Xml.dll,1270272,4581A35B,1320
0,0,COM3D2OHx64_Data\Managed\System.Xml.Linq.dll,106496,E844371C,1320
0,0,COM3D2OHx64_Data\Managed\UnityEngine.dll,1393152,2C35388C,1320
0,0,COM3D2OHx64_Data\Managed\UnityEngine.dll.mdb,449828,8610375E,1320
0,0,COM3D2OHx64_Data\Managed\UnityEngine.Networking.dll,253952,2BDF701F,1320
0,0,COM3D2OHx64_Data\Managed\UnityEngine.UI.dll,245760,FA552B2D,1320
0,0,COM3D2OHx64_Data\Managed\UnityEngine.VR.dll,3072,A4582CD6,1320
0,0,COM3D2OHx64_Data\Managed\UnityScript.Lang.dll,13824,0DA8F681,1320
0,0,COM3D2OHx64_Data\Managed\zxing.unity.dll,430592,9FD1F198,1320
0,0,COM3D2OHx64_Data\Mono\mono.dll,2618816,0BEA8C0F,1320
0,0,COM3D2OHx64_Data\Mono\MonoPosixHelper.dll,113664,9B5E1E4D,1320
0,0,COM3D2OHx64_Data\Mono\etc\mono\browscap.ini,311984,CE6C0AB3,1320
0,0,COM3D2OHx64_Data\Mono\etc\mono\config,1691,A635914A,1320
0,0,COM3D2OHx64_Data\Mono\etc\mono\1.0\DefaultWsdlHelpGenerator.aspx,58196,10E814BF,1320
0,0,COM3D2OHx64_Data\Mono\etc\mono\1.0\machine.config,17258,EDE1AC59,1320
0,0,COM3D2OHx64_Data\Mono\etc\mono\2.0\DefaultWsdlHelpGenerator.aspx,60453,F3869A34,1320
0,0,COM3D2OHx64_Data\Mono\etc\mono\2.0\machine.config,27625,73C91C24,1320
0,0,COM3D2OHx64_Data\Mono\etc\mono\2.0\settings.map,2618,A1A3C29F,1320
0,0,COM3D2OHx64_Data\Mono\etc\mono\2.0\web.config,11686,534A9960,1320
0,0,COM3D2OHx64_Data\Mono\etc\mono\2.0\Browsers\Compat.browser,1605,2E178A0B,1320
0,0,COM3D2OHx64_Data\Mono\etc\mono\mconfig\config.xml,25817,80B2033A,1320
0,0,COM3D2OHx64_Data\Plugins\assimp.dll,4388864,7C910D84,1320
0,0,COM3D2OHx64_Data\Plugins\Audio360.dll,1499136,2D77400A,1320
0,0,COM3D2OHx64_Data\Plugins\AVProVideo.dll,891392,A3612D4B,1320
0,0,COM3D2OHx64_Data\Plugins\clothpp.dll,112128,7C3264A4,1320
0,0,COM3D2OHx64_Data\Plugins\cm3d2.dll,2100736,74B315EF,1320
0,0,COM3D2OHx64_Data\Plugins\device_hook.dll,738816,F61E7CED,1320
0,0,COM3D2OHx64_Data\Plugins\FoveClient.dll,1849384,58C8B4F6,1320
0,0,COM3D2OHx64_Data\Plugins\LeapC.dll,2516992,FBDD3767,1320
0,0,COM3D2OHx64_Data\Plugins\openvr_api.dll,318272,44432E0F,1320
0,0,COM3D2OHx64_Data\Plugins\OVRGamepad.dll,12800,2C526135,1320
0,0,COM3D2OHx64_Data\Plugins\OVRLipSync.dll,2512296,391C1F4C,1320
0,0,COM3D2OHx64_Data\Plugins\OVRPlugin.dll,1898408,5DD05B6C,1320
0,0,COM3D2OHx64_Data\Resources\unity default resources,752360,71DB1AEA,1320
0,0,COM3D2OHx64_Data\Resources\unity_builtin_extra,284012,91145F7F,1320
0,0,GameData\bg_kissevent2018_sp_card_2.arc,493322,140250D1,1100
0,0,GameData\bg_sp001_2.arc,16204240,91030B15,1000
0,0,GameData\bg_sp004_2.arc,35284425,D79D7E66,1290
0,0,GameData\csv.arc,5387245,4CDFAE63,1320
0,0,GameData\csv_cbl.arc,762360,07FBD385,1320
0,0,GameData\csv_gp001_2.arc,34178,AA372C5C,1270
0,0,GameData\csv_old_2.arc,1746,7AD2A97C,1150
0,0,GameData\csv_ordermade001_2.arc,770,422A7575,1150
0,0,GameData\motion_cbl2.arc,22222457,FD0F6146,1280
0,0,GameData\motion_cbl_3d21reserve_2.arc,153938,9CB83B59,1120
0,0,GameData\motion_cbl_kissnohi001_2.arc,158468,9CE47192,1200
0,0,GameData\motion_cbl_vp001_2.arc,1659046,62219F7A,1250
0,0,GameData\parts2.arc,156309713,F6961FDE,1320
0,0,GameData\parts_dlc209_2.arc,1363413,BF1ABBC0,1171
0,0,GameData\parts_dlc216_2.arc,932171,E7454670,1200
0,0,GameData\parts_dlc232_2.arc,3682,115DEE3E,1250
0,0,GameData\parts_dlc268_2.arc,465617,1FC74BD4,1320
0,0,GameData\parts_dlc268ns_2.arc,465634,269DB210,1320
0,0,GameData\parts_gp001_2.arc,45293283,8FDBD530,1260
0,0,GameData\parts_karaoke001_2.arc,453245,11C970D3,1280
0,0,GameData\parts_kissevent2018_2.arc,5570,005BBD00,1100
0,0,GameData\parts_magazine003_2.arc,201385,3A5B273D,1120
0,0,GameData\parts_omvr.arc,3206509,4F0D0480,1120
0,0,GameData\parts_sp002cloth1_2.arc,10930,46512519,1250
0,0,GameData\parts_sp005cloth2_2.arc,23826,9ECA62AD,1303
0,0,GameData\parts_vac001_2.arc,6706,959CBD1B,1250
0,0,GameData\paths.dat,5093,4F40997B,1320
0,0,GameData\prioritymaterial.arc,336045,A1B42D45,1320
0,0,GameData\script_cbl.arc,5853318,AE55F64A,1320
0,0,GameData\script_cbl_omytgc001_2.arc,212278,5759B805,1210
0,0,GameData\script_cbl_ordermade001_2.arc,36866,2E4CD733,1210
0,0,GameData\script_cbl_ordermade002_2.arc,36466,DD7811A4,1210
0,0,GameData\script_cbl_ordermade003_2.arc,3026,080F3688,1250
0,0,GameData\script_cbl_ordermade004_2.arc,3250,96221889,1250
0,0,GameData\script_cbl_personal_om002_2.arc,1730,BC1779C2,1250
0,0,GameData\script_cbl_personal_om004_2.arc,1954,3FEFD65F,1280
0,0,GameData\script_cbl_s2.arc,1170205,611FCB43,1230
0,0,GameData\script_share_karaoke_2.arc,8100,48F87ED6,1275
0,0,GameData\sound2.arc,3301463,9DB6FEA0,1290
0,0,GameData\system2.arc,14319727,2CE96810,1301
0,0,GameData\system_gp001_2.arc,6758158,26F382BD,1280
0,0,GameData\voice_cbl_s2.arc,160897961,3132D9C8,1301
0,0,GameData\voice_gp001_2.arc,128499501,74943317,1270
0,0,GameData_20\bg_vp001_2.arc,283046,A7A90EE1,1190
0,0,GameData_20\material_denkigai2015s003_2.arc,7106,0C82D791,1150
0,0,GameData_20\material_denkigai2015wTowelR.arc,1602,618192B9,1360
0,0,GameData_20\material_dlc055_2.arc,5282,11A93109,1280
0,0,GameData_20\material_dlsite_2.arc,1762,C5A837EA,1150
0,0,GameData_20\material_shop001_2.arc,1762,D98CED1C,1150
0,0,GameData_20\material_shop002_2.arc,1762,956BB00E,1150
0,0,GameData_20\material_shop003_2.arc,1762,38CEBFF2,1150
0,0,GameData_20\material_shop005_2.arc,1714,3E621A32,1150
0,0,GameData_20\material_shop007_2.arc,2578,C8CE627C,1150
0,0,GameData_20\material_vp001_2.arc,11890,8CB043B0,1400
0,0,GameData_20\material_yomeido003_2.arc,1522,0689A7AC,1240
0,0,GameData_20\menu_denkigai2015s001_2.arc,6594,8B3E849F,1160
0,0,GameData_20\menu_denkigai2015s003_2.arc,4338,D294CE88,1150
0,0,GameData_20\menu_denkigai2015wTowelR.arc,1282,CECEE1FC,1360
0,0,GameData_20\menu_denkigai2016s_2.arc,1346,4A9440B1,1351
0,0,GameData_20\menu_denkigai2016w_2.arc,15154,C8D64D3B,1450
0,0,GameData_20\menu_denkigai2017s_2.arc,1218,267B1338,1540
0,0,GameData_20\menu_dlcdenkigai2016w_2.arc,13522,45E7F667,1450
0,0,GameData_20\menu_dlcdenkigai2017s_2.arc,1218,A6C83B5D,1540
0,0,GameData_20\menu_dlc026_2.arc,3778,69453D54,1190
0,0,GameData_20\menu_dlc028_2.arc,3874,DE3F1C31,1200
0,0,GameData_20\menu_dlc041_2.arc,6786,97F738D3,1380
0,0,GameData_20\menu_dlc042_2.arc,1154,EE4016C0,1440
0,0,GameData_20\menu_dlc049_2.arc,3106,E30D6F4C,1522
0,0,GameData_20\menu_dlc061_2.arc,3810,F99C1D4E,1290
0,0,GameData_20\menu_dlc065_2.arc,7602,D9387834,1380
0,0,GameData_20\menu_dlc074_2.arc,5618,24C559D7,1312
0,0,GameData_20\menu_dlc100_2.arc,1250,DFF94E9A,1400
0,0,GameData_20\menu_dlc101_2.arc,1218,44DB4049,1481
0,0,GameData_20\menu_dlsite_2.arc,1954,B2268BA7,1150
0,0,GameData_20\menu_kissevent2017march.arc,281,FF4EEB9B,1522
0,0,GameData_20\menu_kissevent2017march_2.arc,106624,14291926,1631
0,0,GameData_20\menu_magazine002_2.arc,12498,691C1126,1471
0,0,GameData_20\menu_personal002_2.arc,1282,5687650C,1310
0,0,GameData_20\menu_shop001_2.arc,3314,35207C87,1150
0,0,GameData_20\menu_shop005_2.arc,1378,0C9AF725,1150
0,0,GameData_20\menu_vp001_2.arc,19138,7C7AFD9C,1400
0,0,GameData_20\menu_yomeido003_2.arc,1234,4D6F619D,1240
0,0,GameData_20\menu_yomeidogp_wedding_2.arc,3954,C251B12C,1320
0,0,GameData_20\model_denkigai2015s003_2.arc,394665,41A48185,1150
0,0,GameData_20\model_denkigai2015wTowelR.arc,38258,FB570A24,1360
0,0,GameData_20\model_denkigai2017s_2.arc,462663,8917104A,1582
0,0,GameData_20\model_dlcdenkigai2017s_2.arc,462667,9F0C3D54,1582
0,0,GameData_20\model_dlc005_2.arc,175424,F7DD7D82,1270
0,0,GameData_20\model_dlc046_2.arc,155690,83B34173,1220
0,0,GameData_20\model_dlc073_2.arc,267037,47D33A06,1320
0,0,GameData_20\model_dlc100_2.arc,691347,7C3D679D,1400
0,0,GameData_20\model_dlc109_2.arc,137998,8FCCF513,1460
0,0,GameData_20\model_dlc151_2.arc,213532,8C3C80C3,1520
0,0,GameData_20\model_dlsite_2.arc,197173,24366C43,1150
0,0,GameData_20\model_shop001_2.arc,115215,9C941FAF,1150
0,0,GameData_20\model_shop002_2.arc,251253,743C3D97,1150
0,0,GameData_20\model_shop003_2.arc,185433,A15EC70A,1150
0,0,GameData_20\model_shop005_2.arc,150103,FB5341FA,1150
0,0,GameData_20\model_shop007_2.arc,288759,80615CBD,1150
0,0,GameData_20\model_vp001_2.arc,647957,D68B5D2F,1400
0,0,GameData_20\texture_denkigai2015wTowelR.arc,133065,FE4BDC34,1360
0,0,GameData_20\texture_denkigai2016w_2.arc,10105247,3B4641C3,1450
0,0,GameData_20\texture_dlcdenkigai2016w_2.arc,10105332,90868016,1450
0,0,GameData_20\texture_kissevent2017march.arc,281,FF4EEB9B,1522
0,0,GameData_20\texture_kissevent2017march_2.arc,79432604,C7DD457A,1631
0,0,GameData_20\texture_dlc004_2.arc,4805734,C8E5CFB4,1200
0,0,GameData_20\texture_dlc046_2.arc,596960,FC606BA5,1220
0,0,GameData_20\texture_vp001_2.arc,755269,18D5027D,1400
0,0,GameData_20\texture_yomeido003_2.arc,117248,0EE72B42,1240
0,0,manual\index.html,52620,3D3D5ACF,1170
0,0,manual\css\index.css,7168,D11B8AF5,1170
0,0,manual\img\chu-blip2.jpg,78933,95522903,1170
0,0,manual\img\com3d2wcls2_logo.png,107288,47D023F7,1170
0,0,manual\img\config.jpg,167519,C5E4FAF3,1170
0,0,manual\img\menu001.jpg,13885,25B66329,1170
0,0,manual\img\menu002.jpg,24247,87A4205F,1170
0,0,manual\img\yotogi04.jpg,239859,141EC205,1170
0,0,manual\img\yotogi05.jpg,187720,9C93EE69,1170