0,0,CM3D2OHVRx64.exe,20649984,0A92CEB6,1390
0,0,CM3D2OHVRx64_DirectToRift.exe,465408,ED45B3A7,1390
0,0,CM3D2OHVRx64_Data\globalgamemanagers,1357484,E2CD309D,1390
0,0,CM3D2OHVRx64_Data\globalgamemanagers.assets,117080,811E5476,1390
0,0,CM3D2OHVRx64_Data\level0,184180,04AF3C3F,1390
0,0,CM3D2OHVRx64_Data\level1,202156,084A2049,1390
0,0,CM3D2OHVRx64_Data\level10,543204,A281A90A,1390
0,0,CM3D2OHVRx64_Data\level11,4640,B30FA53E,1390
0,0,CM3D2OHVRx64_Data\level12,186788,BEC6C832,1390
0,0,CM3D2OHVRx64_Data\level13,4640,11B80373,1390
0,0,CM3D2OHVRx64_Data\level14,204908,E695C00A,1390
0,0,CM3D2OHVRx64_Data\level15,274796,84778470,1390
0,0,CM3D2OHVRx64_Data\level16,446372,FF41C6A3,1390
0,0,CM3D2OHVRx64_Data\level17,209708,A0803245,1390
0,0,CM3D2OHVRx64_Data\level18,532780,11FDA05D,1390
0,0,CM3D2OHVRx64_Data\level19,260484,1487742F,1390
0,0,CM3D2OHVRx64_Data\level2,282580,5F7A45A5,1390
0,0,CM3D2OHVRx64_Data\level20,655244,66ECFD12,1390
0,0,CM3D2OHVRx64_Data\level21,1263172,1CC5CA72,1390
0,0,CM3D2OHVRx64_Data\level22,514436,BE0F9E06,1390
0,0,CM3D2OHVRx64_Data\level23,607420,5C5495D1,1390
0,0,CM3D2OHVRx64_Data\level24,838628,FEC37C95,1390
0,0,CM3D2OHVRx64_Data\level25,699572,C143E806,1390
0,0,CM3D2OHVRx64_Data\level3,592204,7A53900B,1390
0,0,CM3D2OHVRx64_Data\level4,632756,1551DAE2,1390
0,0,CM3D2OHVRx64_Data\level5,185228,74EE97FC,1390
0,0,CM3D2OHVRx64_Data\level6,229300,6F6736FE,1390
0,0,CM3D2OHVRx64_Data\level7,184716,E2270029,1390
0,0,CM3D2OHVRx64_Data\level8,212164,854A58EF,1390
0,0,CM3D2OHVRx64_Data\level9,185236,8B4E1158,1390
0,0,CM3D2OHVRx64_Data\resources.assets,248475864,E18CEC51,1390
0,0,CM3D2OHVRx64_Data\resources.assets.resS,368389156,C79EBB99,1390
0,0,CM3D2OHVRx64_Data\sharedassets0.assets,16482976,705BBA6C,1390
0,0,CM3D2OHVRx64_Data\sharedassets0.assets.resS,121728032,3D69BF0B,1390
0,0,CM3D2OHVRx64_Data\sharedassets1.assets,5920,4A2BB49C,1390
0,0,CM3D2OHVRx64_Data\sharedassets10.assets,6244,DF0891FD,1390
0,0,CM3D2OHVRx64_Data\sharedassets11.assets,4132,E02B0156,1390
0,0,CM3D2OHVRx64_Data\sharedassets12.assets,5824,D0BCA921,1390
0,0,CM3D2OHVRx64_Data\sharedassets13.assets,4132,0B2B484D,1390
0,0,CM3D2OHVRx64_Data\sharedassets14.assets,6544,8141850D,1390
0,0,CM3D2OHVRx64_Data\sharedassets15.assets,5788,4EDAA006,1390
0,0,CM3D2OHVRx64_Data\sharedassets16.assets,215280,2CB41516,1390
0,0,CM3D2OHVRx64_Data\sharedassets16.assets.resS,51968,C41BC4E7,1390
0,0,CM3D2OHVRx64_Data\sharedassets17.assets,5860,7E226AFD,1390
0,0,CM3D2OHVRx64_Data\sharedassets18.assets,74160,F6AB2961,1390
0,0,CM3D2OHVRx64_Data\sharedassets19.assets,5992,A1DE71E9,1390
0,0,CM3D2OHVRx64_Data\sharedassets2.assets,6136,69D35D1A,1390
0,0,CM3D2OHVRx64_Data\sharedassets20.assets,8128,C44935D2,1390
0,0,CM3D2OHVRx64_Data\sharedassets21.assets,6484,AD882903,1390
0,0,CM3D2OHVRx64_Data\sharedassets22.assets,39511712,B2F5D8D6,1390
0,0,CM3D2OHVRx64_Data\sharedassets23.assets,67700952,74826632,1390
0,0,CM3D2OHVRx64_Data\sharedassets24.assets,67690184,8C751F1D,1390
0,0,CM3D2OHVRx64_Data\sharedassets25.assets,47233820,A2301B53,1390
0,0,CM3D2OHVRx64_Data\sharedassets25.resource,3813344,7B95E5D4,1390
0,0,CM3D2OHVRx64_Data\sharedassets3.assets,1310240,6A167A7B,1390
0,0,CM3D2OHVRx64_Data\sharedassets4.assets,6460,564434B9,1390
0,0,CM3D2OHVRx64_Data\sharedassets5.assets,5788,51C69E89,1390
0,0,CM3D2OHVRx64_Data\sharedassets6.assets,6268,8651A0C6,1390
0,0,CM3D2OHVRx64_Data\sharedassets7.assets,5764,132923F5,1390
0,0,CM3D2OHVRx64_Data\sharedassets8.assets,5788,05337226,1390
0,0,CM3D2OHVRx64_Data\sharedassets9.assets,5788,B0D19588,1390
0,0,CM3D2OHVRx64_Data\Managed\Accessibility.dll,10752,594EE943,1390
0,0,CM3D2OHVRx64_Data\Managed\Assembly-CSharp-firstpass.dll,600576,DA151890,1390
0,0,CM3D2OHVRx64_Data\Managed\Assembly-CSharp.dll,2498560,60B17685,1390
0,0,CM3D2OHVRx64_Data\Managed\Assembly-UnityScript-firstpass.dll,65024,71C0BF60,1390
0,0,CM3D2OHVRx64_Data\Managed\Boo.Lang.dll,126976,9ADD3789,1390
0,0,CM3D2OHVRx64_Data\Managed\JsonFx.Json.dll,70144,A0F0CFCB,1390
0,0,CM3D2OHVRx64_Data\Managed\LeapCSharp.NET3.5.dll,96080,CF6AC469,1390
0,0,CM3D2OHVRx64_Data\Managed\Mono.Data.Tds.dll,96256,DDA7BAB7,1390
0,0,CM3D2OHVRx64_Data\Managed\Mono.Posix.dll,184320,C7063ABB,1390
0,0,CM3D2OHVRx64_Data\Managed\Mono.Security.dll,294912,8C7E67B3,1390
0,0,CM3D2OHVRx64_Data\Managed\Mono.WebBrowser.dll,172032,541986C3,1390
0,0,CM3D2OHVRx64_Data\Managed\mscorlib.dll,2589696,AFA570E5,1390
0,0,CM3D2OHVRx64_Data\Managed\System.Configuration.dll,124928,D5F2A804,1390
0,0,CM3D2OHVRx64_Data\Managed\System.Core.dll,297472,BCE2218F,1390
0,0,CM3D2OHVRx64_Data\Managed\System.Data.dll,856064,F1D38D2E,1390
0,0,CM3D2OHVRx64_Data\Managed\System.dll,1679360,288F722A,1390
0,0,CM3D2OHVRx64_Data\Managed\System.Drawing.Design.dll,29696,E7B53FF9,1390
0,0,CM3D2OHVRx64_Data\Managed\System.Drawing.dll,448512,C4B2E872,1390
0,0,CM3D2OHVRx64_Data\Managed\System.EnterpriseServices.dll,46592,75A19B93,1390
0,0,CM3D2OHVRx64_Data\Managed\System.Security.dll,135168,365C74A7,1390
0,0,CM3D2OHVRx64_Data\Managed\System.Transactions.dll,27648,203D65C1,1390
0,0,CM3D2OHVRx64_Data\Managed\System.Windows.Forms.dll,3053568,56394001,1390
0,0,CM3D2OHVRx64_Data\Managed\System.Xml.dll,1270272,9B79033F,1390
0,0,CM3D2OHVRx64_Data\Managed\System.Xml.Linq.dll,106496,B3ACF139,1390
0,0,CM3D2OHVRx64_Data\Managed\UnityEngine.dll,972800,B3EB425F,1390
0,0,CM3D2OHVRx64_Data\Managed\UnityEngine.dll.mdb,353934,02424F6C,1390
0,0,CM3D2OHVRx64_Data\Managed\UnityEngine.Networking.dll,230912,EBC88F56,1390
0,0,CM3D2OHVRx64_Data\Managed\UnityEngine.UI.dll,219136,8E43BC11,1390
0,0,CM3D2OHVRx64_Data\Managed\UnityScript.Lang.dll,14336,13EE284D,1390
0,0,CM3D2OHVRx64_Data\Mono\mono.dll,2612696,2A5A1006,1390
0,0,CM3D2OHVRx64_Data\Mono\etc\mono\browscap.ini,311984,CE6C0AB3,1390
0,0,CM3D2OHVRx64_Data\Mono\etc\mono\config,1691,A635914A,1390
0,0,CM3D2OHVRx64_Data\Mono\etc\mono\1.0\DefaultWsdlHelpGenerator.aspx,58196,10E814BF,1390
0,0,CM3D2OHVRx64_Data\Mono\etc\mono\1.0\machine.config,17258,EDE1AC59,1390
0,0,CM3D2OHVRx64_Data\Mono\etc\mono\2.0\DefaultWsdlHelpGenerator.aspx,60453,F3869A34,1390
0,0,CM3D2OHVRx64_Data\Mono\etc\mono\2.0\machine.config,27625,73C91C24,1390
0,0,CM3D2OHVRx64_Data\Mono\etc\mono\2.0\settings.map,2618,A1A3C29F,1390
0,0,CM3D2OHVRx64_Data\Mono\etc\mono\2.0\web.config,11686,534A9960,1390
0,0,CM3D2OHVRx64_Data\Mono\etc\mono\2.0\Browsers\Compat.browser,1605,2E178A0B,1390
0,0,CM3D2OHVRx64_Data\Mono\etc\mono\mconfig\config.xml,25817,80B2033A,1390
0,0,CM3D2OHVRx64_Data\Plugins\cm3d2_hole_x64.dll,339968,09BB14AC,1390
0,0,CM3D2OHVRx64_Data\Plugins\cm3d2_x64.dll,1542656,E14B8436,1390
0,0,CM3D2OHVRx64_Data\Plugins\device_hook.dll,116224,52D7B853,1390
0,0,CM3D2OHVRx64_Data\Plugins\LeapC.dll,2516992,FBDD3767,1390
0,0,CM3D2OHVRx64_Data\Plugins\openvr_api.dll,318272,44432E0F,1390
0,0,CM3D2OHVRx64_Data\Plugins\OVRGamepad.dll,12800,2C526135,1390
0,0,CM3D2OHVRx64_Data\Plugins\OVRPlugin.dll,399272,D560055D,1390
0,0,CM3D2OHVRx64_Data\Resources\unity default resources,1544700,7137E221,1390
0,0,CM3D2OHVRx64_Data\Resources\unity_builtin_extra,128416,EB7E12DB,1390
0,0,GameData\material_vr.arc,6184,D2EAFD73,130
0,0,GameData\menu_vr.arc,3407,D3B43CF5,130
0,0,GameData\model_vr.arc,866449,B84B7620,130
0,0,GameData\texture_vr.arc,1111256,DF651968,130
