0,CM3D2.exe,463872,7B700576
1,CM3D2x64.exe.bz2,6205604,E3613EE2
0,setup.ini,161,1192047C
0,uninst.exe,887296,9C3803E6
0,CM3D2x64_Data\level0,123528,A9A497C3
0,CM3D2x64_Data\level1,123120,AA3055FE
0,CM3D2x64_Data\level2,131600,5FE9F831
0,CM3D2x64_Data\level3,524184,FEACE2C0
0,CM3D2x64_Data\level4,123120,AEEFDD98
0,CM3D2x64_Data\mainData,527808,394EA7DF
0,CM3D2x64_Data\PlayerConnectionConfigFile,21,2C4DA7A6
0,CM3D2x64_Data\resources.assets,203114352,2CDC5C6F
0,CM3D2x64_Data\sharedassets0.assets,229539516,F036CAEE
0,CM3D2x64_Data\sharedassets1.assets,503152,00A70BE7
0,CM3D2x64_Data\sharedassets2.assets,466124,63D435C5
0,CM3D2x64_Data\sharedassets3.assets,12067540,67205B4F
0,CM3D2x64_Data\sharedassets4.assets,18911636,6F037963
0,CM3D2x64_Data\sharedassets5.assets,466124,B380D608
0,CM3D2x64_Data\Managed\Accessibility.dll,10752,75C7CAD5
0,CM3D2x64_Data\Managed\Assembly-CSharp-firstpass.dll,159232,BFE58A1E
0,CM3D2x64_Data\Managed\Assembly-CSharp.dll,1289216,114F7513
0,CM3D2x64_Data\Managed\Assembly-UnityScript-firstpass.dll,65024,31FB97DB
0,CM3D2x64_Data\Managed\Boo.Lang.dll,126976,D19F1FC7
0,CM3D2x64_Data\Managed\JsonFx.Json.dll,70144,A0F0CFCB
0,CM3D2x64_Data\Managed\Mono.Data.Tds.dll,96256,E249200E
0,CM3D2x64_Data\Managed\Mono.Posix.dll,184320,E2491DA7
0,CM3D2x64_Data\Managed\Mono.Security.dll,294912,7A795D4F
0,CM3D2x64_Data\Managed\Mono.WebBrowser.dll,172032,AC7F28E8
0,CM3D2x64_Data\Managed\mscorlib.dll,2590208,56CD1278
0,CM3D2x64_Data\Managed\System.Configuration.dll,124928,1AF25A63
0,CM3D2x64_Data\Managed\System.Core.dll,300032,DC99BC6F
0,CM3D2x64_Data\Managed\System.Data.dll,856064,A6D725E0
0,CM3D2x64_Data\Managed\System.dll,1678848,95BAD00B
0,CM3D2x64_Data\Managed\System.Drawing.Design.dll,29696,E7B53FF9
0,CM3D2x64_Data\Managed\System.Drawing.dll,448512,C4B2E872
0,CM3D2x64_Data\Managed\System.EnterpriseServices.dll,46592,E617C72F
0,CM3D2x64_Data\Managed\System.Security.dll,135168,5372FD03
0,CM3D2x64_Data\Managed\System.Transactions.dll,27648,A60894A8
0,CM3D2x64_Data\Managed\System.Windows.Forms.dll,3053568,56394001
0,CM3D2x64_Data\Managed\System.Xml.dll,1270272,BDB59CC1
0,CM3D2x64_Data\Managed\System.Xml.Linq.dll,106496,D5D1BEF4
0,CM3D2x64_Data\Managed\UnityEngine.dll,612864,27794B2F
0,CM3D2x64_Data\Managed\UnityEngine.UI.dll,176128,0B749536
0,CM3D2x64_Data\Managed\UnityScript.Lang.dll,14336,6BC5B026
0,CM3D2x64_Data\Mono\mono.dll,2601472,5B8C92E7
0,CM3D2x64_Data\Mono\etc\mono\browscap.ini,311984,CE6C0AB3
0,CM3D2x64_Data\Mono\etc\mono\config,1691,A635914A
0,CM3D2x64_Data\Mono\etc\mono\1.0\DefaultWsdlHelpGenerator.aspx,58196,10E814BF
0,CM3D2x64_Data\Mono\etc\mono\1.0\machine.config,17259,82F1AD8B
0,CM3D2x64_Data\Mono\etc\mono\2.0\DefaultWsdlHelpGenerator.aspx,60453,F3869A34
0,CM3D2x64_Data\Mono\etc\mono\2.0\machine.config,27626,4F6C3F79
0,CM3D2x64_Data\Mono\etc\mono\2.0\settings.map,2618,A1A3C29F
0,CM3D2x64_Data\Mono\etc\mono\2.0\web.config,11686,534A9960
0,CM3D2x64_Data\Mono\etc\mono\2.0\Browsers\Compat.browser,1605,2E178A0B
0,CM3D2x64_Data\Mono\etc\mono\mconfig\config.xml,25817,80B2033A
0,CM3D2x64_Data\Plugins\cm3d2_x64.dll,1463808,704759BE
0,CM3D2x64_Data\Plugins\device_hook.dll,87552,65F0207E
0,CM3D2x64_Data\Resources\unity default resources,1571709,C8F79FB9
0,CM3D2x64_Data\Resources\unity_builtin_extra,372672,0CA2A76D
0,GameData\csv.arc,81641,15FC31A7
0,GameData\material.arc,724432,383AE1B8
0,GameData\menu.arc,540946,13DB6D1B
0,GameData\model.arc,40241857,876B9A80
0,GameData\motion.arc,3784533,279B47CC
0,GameData\script.arc,857997,1F38C4B5
0,GameData\sound.arc,5744613,04A6B8D2
0,GameData\system.arc,5084,27FE3F12
0,GameData\texture.arc,573256183,2E2ACB64
0,GameData\tjs.arc,1113,E2893A0F
0,GameData\voice.arc,1583450,C78DDB00
0,Preset\pre_じゅんしんちゃん_20150514222806.preset,143949,6696AF2D
0,Preset\pre_クールちゃん_20150514222957.preset,148249,CC8736F4
0,Preset\pre_ツンデレちゃん_20150514223225.preset,161125,78D4B86E
0,Preset\pre_デフォ子_20150515171716.preset,144071,A91C7895