0,0,CM3D2VRx64.exe,20649984,6EFB2A0D,1470
0,0,CM3D2VRx64_DirectToRift.exe,465408,ED45B3A7,1470
0,0,LICENSE,3453,541AF859,1470
0,0,CM3D2VRx64_Data\globalgamemanagers,1533180,04E7D88A,1470
0,0,CM3D2VRx64_Data\globalgamemanagers.assets,151212,786811C3,1470
0,0,CM3D2VRx64_Data\level0,189284,9EE60BC8,1470
0,0,CM3D2VRx64_Data\level1,207276,B49720C2,1470
0,0,CM3D2VRx64_Data\level10,201956,44EB398D,1470
0,0,CM3D2VRx64_Data\level11,189836,2F25F578,1470
0,0,CM3D2VRx64_Data\level12,217284,B8D9C2DB,1470
0,0,CM3D2VRx64_Data\level13,190868,816BD8C2,1470
0,0,CM3D2VRx64_Data\level14,571788,B8760BA6,1470
0,0,CM3D2VRx64_Data\level15,4640,712455FC,1470
0,0,CM3D2VRx64_Data\level16,191908,16901272,1470
0,0,CM3D2VRx64_Data\level17,4640,2952BCCF,1470
0,0,CM3D2VRx64_Data\level18,210028,494951BD,1470
0,0,CM3D2VRx64_Data\level19,304596,44D6E0DA,1470
0,0,CM3D2VRx64_Data\level2,207164,1CDF34BF,1470
0,0,CM3D2VRx64_Data\level20,451492,37164A79,1470
0,0,CM3D2VRx64_Data\level21,215428,CADBCC93,1470
0,0,CM3D2VRx64_Data\level22,537900,7B1A1066,1470
0,0,CM3D2VRx64_Data\level23,273412,FD28C48B,1470
0,0,CM3D2VRx64_Data\level24,310740,6FFD094E,1470
0,0,CM3D2VRx64_Data\level25,213644,27701CF5,1470
0,0,CM3D2VRx64_Data\level26,660348,BC1D13CD,1470
0,0,CM3D2VRx64_Data\level27,1328932,F5DF3A1B,1470
0,0,CM3D2VRx64_Data\level28,519556,97889500,1470
0,0,CM3D2VRx64_Data\level29,213700,C15FC5FB,1470
0,0,CM3D2VRx64_Data\level3,428836,DF0FE2FC,1470
0,0,CM3D2VRx64_Data\level30,612540,750D5DAD,1470
0,0,CM3D2VRx64_Data\level31,843748,3C4011D2,1470
0,0,CM3D2VRx64_Data\level32,704692,7B0D4762,1470
0,0,CM3D2VRx64_Data\level33,205588,1550E461,1470
0,0,CM3D2VRx64_Data\level34,551852,E3F347A2,1470
0,0,CM3D2VRx64_Data\level35,826908,900A4860,1470
0,0,CM3D2VRx64_Data\level36,545020,14E55327,1470
0,0,CM3D2VRx64_Data\level4,597324,72CFF41D,1470
0,0,CM3D2VRx64_Data\level5,620396,552BFF15,1470
0,0,CM3D2VRx64_Data\level6,190332,D0792DD2,1470
0,0,CM3D2VRx64_Data\level7,363884,9F49AFBA,1470
0,0,CM3D2VRx64_Data\level8,238828,8C6AD863,1470
0,0,CM3D2VRx64_Data\level9,234404,6D97F815,1470
0,0,CM3D2VRx64_Data\resources.assets,255607556,71BEA6DE,1470
0,0,CM3D2VRx64_Data\resources.assets.resS,423104304,F07FD3FC,1470
0,0,CM3D2VRx64_Data\sharedassets0.assets,16483048,6BE6558B,1470
0,0,CM3D2VRx64_Data\sharedassets0.assets.resS,121728032,217CBB40,1470
0,0,CM3D2VRx64_Data\sharedassets1.assets,5920,B331B260,1470
0,0,CM3D2VRx64_Data\sharedassets10.assets,5764,0E0C5BF1,1470
0,0,CM3D2VRx64_Data\sharedassets11.assets,5764,BF15C177,1470
0,0,CM3D2VRx64_Data\sharedassets12.assets,5788,D54FB630,1470
0,0,CM3D2VRx64_Data\sharedassets13.assets,5812,EAAEE2A7,1470
0,0,CM3D2VRx64_Data\sharedassets14.assets,6340,04CC7BC4,1470
0,0,CM3D2VRx64_Data\sharedassets15.assets,4132,860D789E,1470
0,0,CM3D2VRx64_Data\sharedassets16.assets,5824,A9436BF8,1470
0,0,CM3D2VRx64_Data\sharedassets17.assets,4132,FC51863E,1470
0,0,CM3D2VRx64_Data\sharedassets18.assets,6544,11A18E2C,1470
0,0,CM3D2VRx64_Data\sharedassets19.assets,5788,F3C4C82A,1470
0,0,CM3D2VRx64_Data\sharedassets2.assets,5968,5AD43BA0,1470
0,0,CM3D2VRx64_Data\sharedassets20.assets,215280,D6C3A2BB,1470
0,0,CM3D2VRx64_Data\sharedassets20.assets.resS,51968,C41BC4E7,1470
0,0,CM3D2VRx64_Data\sharedassets21.assets,5860,C4906BA0,1470
0,0,CM3D2VRx64_Data\sharedassets22.assets,74160,79A12A9F,1470
0,0,CM3D2VRx64_Data\sharedassets23.assets,6004,1D43484A,1470
0,0,CM3D2VRx64_Data\sharedassets24.assets,5884,F1CC8900,1470
0,0,CM3D2VRx64_Data\sharedassets25.assets,5872,12128A18,1470
0,0,CM3D2VRx64_Data\sharedassets26.assets,8128,C8E80015,1470
0,0,CM3D2VRx64_Data\sharedassets27.assets,6580,11636A79,1470
0,0,CM3D2VRx64_Data\sharedassets28.assets,39511712,63FCDD9D,1470
0,0,CM3D2VRx64_Data\sharedassets29.assets,5872,2393C289,1470
0,0,CM3D2VRx64_Data\sharedassets3.assets,6340,77B8E59A,1470
0,0,CM3D2VRx64_Data\sharedassets30.assets,67700952,8B9D6E0D,1470
0,0,CM3D2VRx64_Data\sharedassets31.assets,67690184,F4C1D8DD,1470
0,0,CM3D2VRx64_Data\sharedassets32.assets,47233820,4B8127BC,1470
0,0,CM3D2VRx64_Data\sharedassets32.resource,3813344,7B95E5D4,1470
0,0,CM3D2VRx64_Data\sharedassets33.assets,5788,8AE0A4FD,1470
0,0,CM3D2VRx64_Data\sharedassets34.assets,80174972,C4133E7A,1470
0,0,CM3D2VRx64_Data\sharedassets35.assets,84139364,CA5EF901,1470
0,0,CM3D2VRx64_Data\sharedassets36.assets,48988468,C79CBCCE,1470
0,0,CM3D2VRx64_Data\sharedassets4.assets,1310240,A06B5E19,1470
0,0,CM3D2VRx64_Data\sharedassets5.assets,6448,5FD3FDA5,1470
0,0,CM3D2VRx64_Data\sharedassets6.assets,5788,92F91E14,1470
0,0,CM3D2VRx64_Data\sharedassets7.assets,6064,34EC4494,1470
0,0,CM3D2VRx64_Data\sharedassets8.assets,5944,A17719F4,1470
0,0,CM3D2VRx64_Data\sharedassets9.assets,6268,34DF8733,1470
0,0,CM3D2VRx64_Data\Managed\Accessibility.dll,10752,594EE943,1470
0,0,CM3D2VRx64_Data\Managed\Assembly-CSharp-firstpass.dll,773120,FEE232A5,1470
0,0,CM3D2VRx64_Data\Managed\Assembly-CSharp.dll,2773504,04D4D8F0,1470
0,0,CM3D2VRx64_Data\Managed\Assembly-UnityScript-firstpass.dll,65024,ACE78B72,1470
0,0,CM3D2VRx64_Data\Managed\Boo.Lang.dll,126976,9ADD3789,1470
0,0,CM3D2VRx64_Data\Managed\FoveUnityPlugin.dll,28672,A6EA882B,1470
0,0,CM3D2VRx64_Data\Managed\Ionic.Zlib.dll,102400,7C9E7DD2,1470
0,0,CM3D2VRx64_Data\Managed\JsonFx.Json.dll,70144,A0F0CFCB,1470
0,0,CM3D2VRx64_Data\Managed\LeapCSharp.NET3.5.dll,82432,38E38212,1470
0,0,CM3D2VRx64_Data\Managed\Mono.Data.Tds.dll,96256,DDA7BAB7,1470
0,0,CM3D2VRx64_Data\Managed\Mono.Posix.dll,184320,C7063ABB,1470
0,0,CM3D2VRx64_Data\Managed\Mono.Security.dll,294912,8C7E67B3,1470
0,0,CM3D2VRx64_Data\Managed\Mono.WebBrowser.dll,172032,541986C3,1470
0,0,CM3D2VRx64_Data\Managed\mscorlib.dll,2589696,AFA570E5,1470
0,0,CM3D2VRx64_Data\Managed\System.Configuration.dll,124928,D5F2A804,1470
0,0,CM3D2VRx64_Data\Managed\System.Core.dll,297472,BCE2218F,1470
0,0,CM3D2VRx64_Data\Managed\System.Data.dll,856064,F1D38D2E,1470
0,0,CM3D2VRx64_Data\Managed\System.dll,1679360,288F722A,1470
0,0,CM3D2VRx64_Data\Managed\System.Drawing.Design.dll,29696,E7B53FF9,1470
0,0,CM3D2VRx64_Data\Managed\System.Drawing.dll,448512,C4B2E872,1470
0,0,CM3D2VRx64_Data\Managed\System.EnterpriseServices.dll,46592,75A19B93,1470
0,0,CM3D2VRx64_Data\Managed\System.Security.dll,135168,365C74A7,1470
0,0,CM3D2VRx64_Data\Managed\System.Transactions.dll,27648,203D65C1,1470
0,0,CM3D2VRx64_Data\Managed\System.Windows.Forms.dll,3053568,56394001,1470
0,0,CM3D2VRx64_Data\Managed\System.Xml.dll,1270272,9B79033F,1470
0,0,CM3D2VRx64_Data\Managed\System.Xml.Linq.dll,106496,B3ACF139,1470
0,0,CM3D2VRx64_Data\Managed\UnityEngine.dll,972800,B3EB425F,1470
0,0,CM3D2VRx64_Data\Managed\UnityEngine.dll.mdb,353934,02424F6C,1470
0,0,CM3D2VRx64_Data\Managed\UnityEngine.Networking.dll,230912,EBC88F56,1470
0,0,CM3D2VRx64_Data\Managed\UnityEngine.UI.dll,219136,8E43BC11,1470
0,0,CM3D2VRx64_Data\Managed\UnityScript.Lang.dll,14336,13EE284D,1470
0,0,CM3D2VRx64_Data\Managed\zxing.unity.dll,430592,9FD1F198,1470
0,0,CM3D2VRx64_Data\Mono\mono.dll,2612696,2A5A1006,1470
0,0,CM3D2VRx64_Data\Mono\etc\mono\browscap.ini,311984,CE6C0AB3,1470
0,0,CM3D2VRx64_Data\Mono\etc\mono\config,1691,A635914A,1470
0,0,CM3D2VRx64_Data\Mono\etc\mono\1.0\DefaultWsdlHelpGenerator.aspx,58196,10E814BF,1470
0,0,CM3D2VRx64_Data\Mono\etc\mono\1.0\machine.config,17258,EDE1AC59,1470
0,0,CM3D2VRx64_Data\Mono\etc\mono\2.0\DefaultWsdlHelpGenerator.aspx,60453,F3869A34,1470
0,0,CM3D2VRx64_Data\Mono\etc\mono\2.0\machine.config,27625,73C91C24,1470
0,0,CM3D2VRx64_Data\Mono\etc\mono\2.0\settings.map,2618,A1A3C29F,1470
0,0,CM3D2VRx64_Data\Mono\etc\mono\2.0\web.config,11686,534A9960,1470
0,0,CM3D2VRx64_Data\Mono\etc\mono\2.0\Browsers\Compat.browser,1605,2E178A0B,1470
0,0,CM3D2VRx64_Data\Mono\etc\mono\mconfig\config.xml,25817,80B2033A,1470
0,0,CM3D2VRx64_Data\Plugins\AVProVideo.dll,813056,60B54FA5,1470
0,0,CM3D2VRx64_Data\Plugins\cm3d2_x64.dll,1544704,E3190A4C,1470
0,0,CM3D2VRx64_Data\Plugins\device_hook.dll,393216,D1A0EF4C,1470
0,0,CM3D2VRx64_Data\Plugins\FoveClient.dll,1849384,58C8B4F6,1470
0,0,CM3D2VRx64_Data\Plugins\LeapC.dll,2516992,FBDD3767,1470
0,0,CM3D2VRx64_Data\Plugins\openvr_api.dll,318272,44432E0F,1470
0,0,CM3D2VRx64_Data\Plugins\OVRGamepad.dll,12800,2C526135,1470
0,0,CM3D2VRx64_Data\Plugins\OVRPlugin.dll,1894312,38EDD831,1470
0,0,CM3D2VRx64_Data\Resources\unity default resources,1544700,7137E221,1470
0,0,CM3D2VRx64_Data\Resources\unity_builtin_extra,142196,DF9A5755,1470
0,0,GameData\material_vr.arc,6184,D2EAFD73,130
0,0,GameData\menu_vr.arc,3407,D3B43CF5,130
0,0,GameData\model_vr.arc,866449,B84B7620,130
0,0,GameData\texture_vr.arc,1111256,DF651968,130
