0,0,CM3D2.exe,7793664,D44E2FA5,1007
0,0,CM3D2x64.exe,14916096,81C8AE0F,143
0,0,LICENSE,19099,328E95A1,1430
0,0,CM3D2x64_Data\level0,171112,E08614DA,1430
0,0,CM3D2x64_Data\level1,174432,A7C62DA0,1430
0,0,CM3D2x64_Data\level10,156856,16408991,1430
0,0,CM3D2x64_Data\level11,181200,9F0EBA58,1430
0,0,CM3D2x64_Data\level12,157704,4346CF7A,1430
0,0,CM3D2x64_Data\level13,479280,E9E85BFE,1430
0,0,CM3D2x64_Data\level14,4376,1333D41F,1430
0,0,CM3D2x64_Data\level15,159936,BDB421A6,1430
0,0,CM3D2x64_Data\level16,4376,B1F89787,1430
0,0,CM3D2x64_Data\level17,173544,A3F95178,1430
0,0,CM3D2x64_Data\level18,235680,7FD41938,1430
0,0,CM3D2x64_Data\level19,372136,77B0A73D,1430
0,0,CM3D2x64_Data\level2,374544,B04BA9BF,1430
0,0,CM3D2x64_Data\level20,177344,5771F8F9,1430
0,0,CM3D2x64_Data\level21,449712,9447BC4B,1430
0,0,CM3D2x64_Data\level22,220432,47EB2E59,1430
0,0,CM3D2x64_Data\level23,243208,8C35A7FB,1430
0,0,CM3D2x64_Data\level24,176320,5D7ECB68,1430
0,0,CM3D2x64_Data\level25,558304,019636F9,1430
0,0,CM3D2x64_Data\level26,1061440,69A25992,1430
0,0,CM3D2x64_Data\level27,437504,3D1CA16D,1430
0,0,CM3D2x64_Data\level28,176344,61D1108C,1430
0,0,CM3D2x64_Data\level29,507864,69B0B176,1430
0,0,CM3D2x64_Data\level3,494776,0641331F,1430
0,0,CM3D2x64_Data\level30,692400,4E4A66BB,1430
0,0,CM3D2x64_Data\level31,612096,E36FDAB9,1430
0,0,CM3D2x64_Data\level4,564656,119F5799,1430
0,0,CM3D2x64_Data\level5,157280,BAB6DEC8,1430
0,0,CM3D2x64_Data\level6,304456,63CF9679,1430
0,0,CM3D2x64_Data\level7,197688,77C608F9,1430
0,0,CM3D2x64_Data\level8,193880,D8DD537D,1430
0,0,CM3D2x64_Data\level9,166872,35E96D2C,1430
0,0,CM3D2x64_Data\mainData,1088696,4575D07A,1430
0,0,CM3D2x64_Data\PlayerConnectionConfigFile,21,9791D5A2,1430
0,0,CM3D2x64_Data\resources.assets,342977272,F339A0FA,1430
0,0,CM3D2x64_Data\sharedassets0.assets,237469640,D0CCDF09,1430
0,0,CM3D2x64_Data\sharedassets1.assets,6649432,4C03F6A1,1430
0,0,CM3D2x64_Data\sharedassets10.assets,5344,4FBF1B5C,1430
0,0,CM3D2x64_Data\sharedassets11.assets,466396,DFF3858E,1430
0,0,CM3D2x64_Data\sharedassets12.assets,5368,4EE0AD42,1430
0,0,CM3D2x64_Data\sharedassets13.assets,1388576,A1ABBBCC,1430
0,0,CM3D2x64_Data\sharedassets14.assets,2458136,DD2654CD,1430
0,0,CM3D2x64_Data\sharedassets15.assets,4112,2DB2D6D6,1430
0,0,CM3D2x64_Data\sharedassets16.assets,4200984,0A839818,1430
0,0,CM3D2x64_Data\sharedassets17.assets,4112,DC5CDA65,1430
0,0,CM3D2x64_Data\sharedassets18.assets,116387188,5D6DAB90,1430
0,0,CM3D2x64_Data\sharedassets19.assets,3691836,5095FB20,1430
0,0,CM3D2x64_Data\sharedassets2.assets,3514284,ECBCCE10,1430
0,0,CM3D2x64_Data\sharedassets20.assets,1587716,EA2DC1BE,1430
0,0,CM3D2x64_Data\sharedassets21.assets,5408,B3F54B11,1430
0,0,CM3D2x64_Data\sharedassets22.assets,72712,B7B52826,1430
0,0,CM3D2x64_Data\sharedassets23.assets,5496,DA54D241,1430
0,0,CM3D2x64_Data\sharedassets24.assets,5416,7957C331,1430
0,0,CM3D2x64_Data\sharedassets25.assets,5416,C33722D7,1430
0,0,CM3D2x64_Data\sharedassets26.assets,1423828,3D980131,1430
0,0,CM3D2x64_Data\sharedassets27.assets,5598924,01F0ED9A,1430
0,0,CM3D2x64_Data\sharedassets28.assets,39509552,0016CCD9,1430
0,0,CM3D2x64_Data\sharedassets29.assets,5416,9A77C9D1,1430
0,0,CM3D2x64_Data\sharedassets3.assets,16005736,6673E503,1430
0,0,CM3D2x64_Data\sharedassets30.assets,67724960,76315653,1430
0,0,CM3D2x64_Data\sharedassets31.assets,67946676,3A60EA72,1430
0,0,CM3D2x64_Data\sharedassets32.assets,57361460,8E34E2B1,1430
0,0,CM3D2x64_Data\sharedassets4.assets,36843980,A017C84F,1430
0,0,CM3D2x64_Data\sharedassets5.assets,6952228,14F9CF28,1430
0,0,CM3D2x64_Data\sharedassets6.assets,503424,7B241719,1430
0,0,CM3D2x64_Data\sharedassets7.assets,5544,CDBB496A,1430
0,0,CM3D2x64_Data\sharedassets8.assets,355604,5B5754C6,1430
0,0,CM3D2x64_Data\sharedassets9.assets,11891708,D0A22A11,1430
0,0,CM3D2x64_Data\Managed\Accessibility.dll,10752,C80413DC,1430
0,0,CM3D2x64_Data\Managed\Assembly-CSharp-firstpass.dll,551424,7DC24EBE,1430
0,0,CM3D2x64_Data\Managed\Assembly-CSharp.dll,2222080,C77B6702,1430
0,0,CM3D2x64_Data\Managed\Assembly-UnityScript-firstpass.dll,65024,4DE77C6E,1430
0,0,CM3D2x64_Data\Managed\Boo.Lang.dll,126976,E379C12B,1430
0,0,CM3D2x64_Data\Managed\Ionic.Zlib.dll,102400,7C9E7DD2,1430
0,0,CM3D2x64_Data\Managed\JsonFx.Json.dll,70144,A0F0CFCB,1430
0,0,CM3D2x64_Data\Managed\Mono.Data.Tds.dll,96256,10E297D4,1430
0,0,CM3D2x64_Data\Managed\Mono.Posix.dll,184320,82B6C163,1430
0,0,CM3D2x64_Data\Managed\Mono.Security.dll,294912,C759B90F,1430
0,0,CM3D2x64_Data\Managed\Mono.WebBrowser.dll,172032,3BD66294,1430
0,0,CM3D2x64_Data\Managed\mscorlib.dll,2590208,54064D59,1430
0,0,CM3D2x64_Data\Managed\System.Configuration.dll,124928,CA10261D,1430
0,0,CM3D2x64_Data\Managed\System.Core.dll,300032,615F5AFE,1430
0,0,CM3D2x64_Data\Managed\System.Data.dll,856064,E7FF9373,1430
0,0,CM3D2x64_Data\Managed\System.dll,1678848,0F9C1035,1430
0,0,CM3D2x64_Data\Managed\System.Drawing.Design.dll,29696,E7B53FF9,1430
0,0,CM3D2x64_Data\Managed\System.Drawing.dll,448512,C4B2E872,1430
0,0,CM3D2x64_Data\Managed\System.EnterpriseServices.dll,46592,4FFDA4D6,1430
0,0,CM3D2x64_Data\Managed\System.Security.dll,135168,B020F0F1,1430
0,0,CM3D2x64_Data\Managed\System.Transactions.dll,27648,E3B069A5,1430
0,0,CM3D2x64_Data\Managed\System.Windows.Forms.dll,3053568,56394001,1430
0,0,CM3D2x64_Data\Managed\System.Xml.dll,1270272,C76991B8,1430
0,0,CM3D2x64_Data\Managed\System.Xml.Linq.dll,106496,1E91F41B,1430
0,0,CM3D2x64_Data\Managed\UnityEngine.dll,614912,78BD0E4B,1430
0,0,CM3D2x64_Data\Managed\UnityEngine.UI.dll,176128,59066003,1430
0,0,CM3D2x64_Data\Managed\UnityScript.Lang.dll,14336,7309FF69,1430
0,0,CM3D2x64_Data\Managed\zxing.unity.dll,430592,9FD1F198,1430
0,0,CM3D2x64_Data\Mono\mono.dll,2601984,92A930A2,1430
0,0,CM3D2x64_Data\Mono\etc\mono\browscap.ini,311984,CE6C0AB3,1430
0,0,CM3D2x64_Data\Mono\etc\mono\config,1691,A635914A,1430
0,0,CM3D2x64_Data\Mono\etc\mono\1.0\DefaultWsdlHelpGenerator.aspx,58196,10E814BF,1430
0,0,CM3D2x64_Data\Mono\etc\mono\1.0\machine.config,17259,82F1AD8B,1430
0,0,CM3D2x64_Data\Mono\etc\mono\2.0\DefaultWsdlHelpGenerator.aspx,60453,F3869A34,1430
0,0,CM3D2x64_Data\Mono\etc\mono\2.0\machine.config,27626,4F6C3F79,1430
0,0,CM3D2x64_Data\Mono\etc\mono\2.0\settings.map,2618,A1A3C29F,1430
0,0,CM3D2x64_Data\Mono\etc\mono\2.0\web.config,11686,534A9960,1430
0,0,CM3D2x64_Data\Mono\etc\mono\2.0\Browsers\Compat.browser,1605,2E178A0B,1430
0,0,CM3D2x64_Data\Mono\etc\mono\mconfig\config.xml,25817,80B2033A,1430
0,0,CM3D2x64_Data\Plugins\cm3d2_x64.dll,1543680,6027F7CE,1430
0,0,CM3D2x64_Data\Plugins\device_hook.dll,116224,52D7B853,1430
0,0,CM3D2x64_Data\Resources\unity default resources,1571709,31020360,1430
0,0,CM3D2x64_Data\Resources\unity_builtin_extra,372672,72A6CE0B,1430
0,0,GameData\bg_pp001_2.arc,1237157,C9D912F7,1220
0,0,GameData\csv.arc,2609072,B972965C,1430
0,0,GameData\csv_addpose001.arc,1235,D06FCA6D,1220
0,0,GameData\csv_pp001_2.arc,10034,29181748,1370
0,0,GameData\csv_urayome001_2.arc,1714,1D92B577,1401
0,0,GameData\csv_vp001_2.arc,2082,25E58CEB,1160
0,0,GameData\material2.arc,207669,1E308A48,1313
0,0,GameData\material_denkigai2015s003_2.arc,7106,0C82D791,1150
0,0,GameData\material_denkigai2015wTowelR.arc,1602,618192B9,1360
0,0,GameData\material_dlc055_2.arc,5282,11A93109,1280
0,0,GameData\material_dlsite_2.arc,1762,C5A837EA,1150
0,0,GameData\material_shop001_2.arc,1762,D98CED1C,1150
0,0,GameData\material_shop002_2.arc,1762,956BB00E,1150
0,0,GameData\material_shop003_2.arc,1762,38CEBFF2,1150
0,0,GameData\material_shop005_2.arc,1714,3E621A32,1150
0,0,GameData\material_shop007_2.arc,2578,C8CE627C,1150
0,0,GameData\material_vp001_2.arc,11890,8CB043B0,1400
0,0,GameData\material_yomeido003_2.arc,1522,0689A7AC,1240
0,0,GameData\menu2.arc,239183,456CA15F,1420
0,0,GameData\menu_denkigai2015s001_2.arc,6594,8B3E849F,1160
0,0,GameData\menu_denkigai2015s003_2.arc,4338,D294CE88,1150
0,0,GameData\menu_denkigai2015wTowelR.arc,1282,CECEE1FC,1360
0,0,GameData\menu_denkigai2016s_2.arc,1346,4A9440B1,1351
0,0,GameData\menu_dlc026_2.arc,3778,69453D54,1190
0,0,GameData\menu_dlc028_2.arc,3874,DE3F1C31,1200
0,0,GameData\menu_dlc041_2.arc,6786,97F738D3,1380
0,0,GameData\menu_dlc061_2.arc,3810,F99C1D4E,1290
0,0,GameData\menu_dlc065_2.arc,7602,D9387834,1380
0,0,GameData\menu_dlc074_2.arc,5618,24C559D7,1312
0,0,GameData\menu_dlc100_2.arc,1250,DFF94E9A,1400
0,0,GameData\menu_dlsite_2.arc,1954,B2268BA7,1150
0,0,GameData\menu_personal002_2.arc,1282,5687650C,1310
0,0,GameData\menu_shop001_2.arc,3314,35207C87,1150
0,0,GameData\menu_shop005_2.arc,1378,0C9AF725,1150
0,0,GameData\menu_vp001_2.arc,19138,7C7AFD9C,1400
0,0,GameData\menu_yomeido003_2.arc,1234,4D6F619D,1240
0,0,GameData\menu_yomeidogp_wedding_2.arc,3954,C251B12C,1320
0,0,GameData\model2.arc,13629623,D248C55F,1420
0,0,GameData\model_denkigai2015s003_2.arc,394665,41A48185,1150
0,0,GameData\model_denkigai2015wTowelR.arc,38258,FB570A24,1360
0,0,GameData\model_dlc005_2.arc,175424,F7DD7D82,1270
0,0,GameData\model_dlc046_2.arc,155690,83B34173,1220
0,0,GameData\model_dlc073_2.arc,267037,47D33A06,1320
0,0,GameData\model_dlc100_2.arc,691347,7C3D679D,1400
0,0,GameData\model_dlsite_2.arc,197173,24366C43,1150
0,0,GameData\model_shop001_2.arc,115215,9C941FAF,1150
0,0,GameData\model_shop002_2.arc,251253,743C3D97,1150
0,0,GameData\model_shop003_2.arc,185433,A15EC70A,1150
0,0,GameData\model_shop005_2.arc,150103,FB5341FA,1150
0,0,GameData\model_shop007_2.arc,288759,80615CBD,1150
0,0,GameData\model_vp001_2.arc,647957,D68B5D2F,1400
0,0,GameData\paths.dat,2831,D612F8B9,1430
0,0,GameData\prioritymaterial.arc,146519,6B02E80D,1430
0,0,GameData\sound2.arc,12017684,3FAA939B,1330
0,0,GameData\texture3.arc,21386296,0B1286F5,1420
0,0,GameData\texture_addpose001.arc,23943,1D529A44,1220
0,0,GameData\texture_denkigai2015wTowelR.arc,133065,FE4BDC34,1360
0,0,GameData\texture_dlc004_2.arc,4805734,C8E5CFB4,1200
0,0,GameData\texture_dlc046_2.arc,596960,FC606BA5,1220
0,0,GameData\texture_vp001_2.arc,755269,18D5027D,1400
0,0,GameData\texture_yomeido003_2.arc,117248,0EE72B42,1240
0,0,PhotoModeData\Mod\Motion\readme.txt,146,3BF5AF4D,1220
0,0,GameData\script.arc,13590169,22E79B17,1430
0,0,GameData\script_addpose001.arc,1194,9F2EDF3C,1220
0,0,GameData\script_cos002_2.arc,72002,5BAAF903,1330
0,0,GameData\script_cos005_2.arc,1698,FDA1E978,1380
0,0,GameData\script_denkigai2015w_2.arc,40178,8634EE8F,1220
0,0,GameData\script_denkigai2015wPants_2.arc,12658,57896547,1220
0,0,GameData\script_denkigai2016s_2.arc,135147,6150004D,1370
0,0,GameData\script_magazine001_2.arc,59602,D547478D,1400
0,0,GameData\script_personal001_2.arc,2685555,5099F83C,1370
0,0,GameData\script_personal002_2.arc,104196,490847D4,1400
0,0,GameData\script_personal003_2.arc,859260,6F2D1CDD,1430
0,0,GameData\script_pp001_2.arc,186284,61AF2780,1400
0,0,GameData\script_pp002_2.arc,91378,98E5FD11,1401
0,0,GameData\script_ytgc005_2.arc,18898,11456C1A,1340
0,0,GameData\script_ytgc006_2.arc,218689,B2CF5373,1340
0,0,GameData\script_ytgc008_2.arc,134059,62EAF572,1400
0,0,GameData\script_ytgc009_2.arc,288434,D9537E37,1400
0,0,GameData\motion2.arc,87354333,16307A19,1400
0,0,GameData\motion_addpose001.arc,902194,517CF6C8,1220
0,0,GameData\motion_pp001_2.arc,615858,0E432519,1220
0,0,GameData\motion_pp002_2.arc,57428957,EF952E37,1360
0,0,GameData\motion_vp001_2.arc,141579,7857F9CD,1160
0,0,GameData\voice3.arc,101849461,061F0890,1250
0,0,manual\data\004.png,699424,54A4DC50,1010
0,0,manual\data\007.png,453984,97E623F5,1010
0,0,manual\data\008.png,553674,7B23C3DF,1010
0,0,manual\data\013.png,673884,992CEEC5,1010
0,0,Preset\1_junshin.preset,43021,0D00795A,1010
0,0,Preset\2_coodere.preset,43516,E9EBB0F2,1010
0,0,Preset\3_tsundere.preset,48900,D0EF8B9E,1010
0,0,Preset\4_default.preset,43697,C5E392BE,1010
0,0,Preset\5_pretty_junshin.preset,40739,D9262BEF,1010
0,0,Preset\6_pretty_coodere.preset,39554,E54D5766,1010
0,0,Preset\7_pretty_tsundere.preset,38235,CA8437BB,1010
0,0,Preset\8_ren_1_yosiko.preset,55432,D54FD70C,1220
0,0,Preset\8_ren_2_ayumi.preset,51097,3C44F9DB,1220
0,0,Preset\8_ren_3_sakura.preset,52635,33F54D90,1220
0,0,Preset\8_ren_4_ai.preset,46819,9B6E5960,1220