0,0,CM3D2.exe,7793664,D44E2FA5,1007
0,0,CM3D2x86.exe,16834560,3CE36063,142
0,0,LICENSE,19099,328E95A1,1420
0,0,CM3D2x86_Data\globalgamemanagers,1312580,A12BC7EE,1420
0,0,CM3D2x86_Data\globalgamemanagers.assets,106864,DF1C03C9,1420
0,0,CM3D2x86_Data\level0,189212,C6A153EF,1420
0,0,CM3D2x86_Data\level1,207188,E55B6E8B,1420
0,0,CM3D2x86_Data\level10,201868,535769DE,1420
0,0,CM3D2x86_Data\level11,189764,45CC9F22,1420
0,0,CM3D2x86_Data\level12,217212,C6D0E9A1,1420
0,0,CM3D2x86_Data\level13,190796,B480E175,1420
0,0,CM3D2x86_Data\level14,571652,CA797719,1420
0,0,CM3D2x86_Data\level15,4640,58B32C91,1420
0,0,CM3D2x86_Data\level16,191836,59129FFB,1420
0,0,CM3D2x86_Data\level17,4640,B203D93F,1420
0,0,CM3D2x86_Data\level18,209956,8C6B9888,1420
0,0,CM3D2x86_Data\level19,279900,4FBE9AD0,1420
0,0,CM3D2x86_Data\level2,207076,44BDBA35,1420
0,0,CM3D2x86_Data\level20,451420,B00F7424,1420
0,0,CM3D2x86_Data\level21,214756,CE65A1AC,1420
0,0,CM3D2x86_Data\level22,537828,6AAF6414,1420
0,0,CM3D2x86_Data\level23,265516,2BA194A9,1420
0,0,CM3D2x86_Data\level24,291788,C6204CD7,1420
0,0,CM3D2x86_Data\level25,213540,27FF82F9,1420
0,0,CM3D2x86_Data\level26,660276,36CDB8B5,1420
0,0,CM3D2x86_Data\level27,1268212,2C9650B9,1420
0,0,CM3D2x86_Data\level28,519484,44C1B392,1420
0,0,CM3D2x86_Data\level29,213596,626657F9,1420
0,0,CM3D2x86_Data\level3,428788,6AF138F5,1420
0,0,CM3D2x86_Data\level30,612468,D3BBEE48,1420
0,0,CM3D2x86_Data\level31,843676,D446CC26,1420
0,0,CM3D2x86_Data\level32,704620,1AB8E865,1420
0,0,CM3D2x86_Data\level33,205500,C5D91E4A,1420
0,0,CM3D2x86_Data\level4,597252,91D07D48,1420
0,0,CM3D2x86_Data\level5,637804,D50F702C,1420
0,0,CM3D2x86_Data\level6,190260,4A2C6CB3,1420
0,0,CM3D2x86_Data\level7,363892,89A159EF,1420
0,0,CM3D2x86_Data\level8,238708,708BDDC6,1420
0,0,CM3D2x86_Data\level9,234332,A6D00D67,1420
0,0,CM3D2x86_Data\resources.assets,246514400,38BAFE8B,1420
0,0,CM3D2x86_Data\resources.assets.resS,402343068,D79501D2,1420
0,0,CM3D2x86_Data\sharedassets0.assets,16482968,94B20B2F,1420
0,0,CM3D2x86_Data\sharedassets0.assets.resS,121728032,3D69BF0B,1420
0,0,CM3D2x86_Data\sharedassets1.assets,5920,1C94A4BE,1420
0,0,CM3D2x86_Data\sharedassets10.assets,5764,7680FDF0,1420
0,0,CM3D2x86_Data\sharedassets11.assets,5764,290EADB0,1420
0,0,CM3D2x86_Data\sharedassets12.assets,5788,7868E480,1420
0,0,CM3D2x86_Data\sharedassets13.assets,5812,33619759,1420
0,0,CM3D2x86_Data\sharedassets14.assets,6340,5F0DE35F,1420
0,0,CM3D2x86_Data\sharedassets15.assets,4132,A0CE92B7,1420
0,0,CM3D2x86_Data\sharedassets16.assets,5824,83CB0B23,1420
0,0,CM3D2x86_Data\sharedassets17.assets,4132,F7BCFDF5,1420
0,0,CM3D2x86_Data\sharedassets18.assets,6544,628AB955,1420
0,0,CM3D2x86_Data\sharedassets19.assets,5788,415B918B,1420
0,0,CM3D2x86_Data\sharedassets2.assets,5968,A2BF85B2,1420
0,0,CM3D2x86_Data\sharedassets20.assets,215280,9CCC5E77,1420
0,0,CM3D2x86_Data\sharedassets20.assets.resS,51968,C41BC4E7,1420
0,0,CM3D2x86_Data\sharedassets21.assets,5860,6BC0DF3B,1420
0,0,CM3D2x86_Data\sharedassets22.assets,74160,617A66FA,1420
0,0,CM3D2x86_Data\sharedassets23.assets,5992,1A319E93,1420
0,0,CM3D2x86_Data\sharedassets24.assets,5872,43A32D89,1420
0,0,CM3D2x86_Data\sharedassets25.assets,5872,BF304096,1420
0,0,CM3D2x86_Data\sharedassets26.assets,8128,242EA715,1420
0,0,CM3D2x86_Data\sharedassets27.assets,6484,E44DD586,1420
0,0,CM3D2x86_Data\sharedassets28.assets,39511712,84E23BB0,1420
0,0,CM3D2x86_Data\sharedassets29.assets,5872,DB5C86D8,1420
0,0,CM3D2x86_Data\sharedassets3.assets,6340,A2E35A47,1420
0,0,CM3D2x86_Data\sharedassets30.assets,67700952,8E520B2D,1420
0,0,CM3D2x86_Data\sharedassets31.assets,67690184,53BEBF17,1420
0,0,CM3D2x86_Data\sharedassets32.assets,47233820,307BF139,1420
0,0,CM3D2x86_Data\sharedassets32.resource,3813344,7B95E5D4,1420
0,0,CM3D2x86_Data\sharedassets33.assets,5788,7B9A52DC,1420
0,0,CM3D2x86_Data\sharedassets4.assets,1310240,FEA32452,1420
0,0,CM3D2x86_Data\sharedassets5.assets,6460,700F0BEE,1420
0,0,CM3D2x86_Data\sharedassets6.assets,5788,7ED25CA1,1420
0,0,CM3D2x86_Data\sharedassets7.assets,6064,01CC244B,1420
0,0,CM3D2x86_Data\sharedassets8.assets,5944,E727911B,1420
0,0,CM3D2x86_Data\sharedassets9.assets,6268,5DF95676,1420
0,0,CM3D2x86_Data\Managed\Accessibility.dll,10752,594EE943,1420
0,0,CM3D2x86_Data\Managed\Assembly-CSharp-firstpass.dll,551424,BA298EE7,1420
0,0,CM3D2x86_Data\Managed\Assembly-CSharp.dll,2221056,DD803B2A,1420
0,0,CM3D2x86_Data\Managed\Assembly-UnityScript-firstpass.dll,65024,79467D96,1420
0,0,CM3D2x86_Data\Managed\Boo.Lang.dll,126976,9ADD3789,1420
0,0,CM3D2x86_Data\Managed\Ionic.Zlib.dll,102400,7C9E7DD2,1420
0,0,CM3D2x86_Data\Managed\JsonFx.Json.dll,70144,A0F0CFCB,1420
0,0,CM3D2x86_Data\Managed\Mono.Data.Tds.dll,96256,DDA7BAB7,1420
0,0,CM3D2x86_Data\Managed\Mono.Posix.dll,184320,C7063ABB,1420
0,0,CM3D2x86_Data\Managed\Mono.Security.dll,294912,8C7E67B3,1420
0,0,CM3D2x86_Data\Managed\Mono.WebBrowser.dll,172032,541986C3,1420
0,0,CM3D2x86_Data\Managed\mscorlib.dll,2589696,AFA570E5,1420
0,0,CM3D2x86_Data\Managed\System.Configuration.dll,124928,D5F2A804,1420
0,0,CM3D2x86_Data\Managed\System.Core.dll,297472,BCE2218F,1420
0,0,CM3D2x86_Data\Managed\System.Data.dll,856064,F1D38D2E,1420
0,0,CM3D2x86_Data\Managed\System.dll,1679360,288F722A,1420
0,0,CM3D2x86_Data\Managed\System.Drawing.Design.dll,29696,E7B53FF9,1420
0,0,CM3D2x86_Data\Managed\System.Drawing.dll,448512,C4B2E872,1420
0,0,CM3D2x86_Data\Managed\System.EnterpriseServices.dll,46592,75A19B93,1420
0,0,CM3D2x86_Data\Managed\System.Security.dll,135168,365C74A7,1420
0,0,CM3D2x86_Data\Managed\System.Transactions.dll,27648,203D65C1,1420
0,0,CM3D2x86_Data\Managed\System.Windows.Forms.dll,3053568,56394001,1420
0,0,CM3D2x86_Data\Managed\System.Xml.dll,1270272,9B79033F,1420
0,0,CM3D2x86_Data\Managed\System.Xml.Linq.dll,106496,B3ACF139,1420
0,0,CM3D2x86_Data\Managed\UnityEngine.dll,972800,C8810FF6,1420
0,0,CM3D2x86_Data\Managed\UnityEngine.dll.mdb,353934,00DADFA5,1420
0,0,CM3D2x86_Data\Managed\UnityEngine.Networking.dll,230912,EBC88F56,1420
0,0,CM3D2x86_Data\Managed\UnityEngine.UI.dll,219136,8E43BC11,1420
0,0,CM3D2x86_Data\Managed\UnityScript.Lang.dll,14336,13EE284D,1420
0,0,CM3D2x86_Data\Managed\zxing.unity.dll,430592,9FD1F198,1420
0,0,CM3D2x86_Data\Mono\mono.dll,2114008,1F0AD6CA,1420
0,0,CM3D2x86_Data\Mono\etc\mono\browscap.ini,311984,CE6C0AB3,1420
0,0,CM3D2x86_Data\Mono\etc\mono\config,1691,A635914A,1420
0,0,CM3D2x86_Data\Mono\etc\mono\1.0\DefaultWsdlHelpGenerator.aspx,58196,10E814BF,1420
0,0,CM3D2x86_Data\Mono\etc\mono\1.0\machine.config,17258,EDE1AC59,1420
0,0,CM3D2x86_Data\Mono\etc\mono\2.0\DefaultWsdlHelpGenerator.aspx,60453,F3869A34,1420
0,0,CM3D2x86_Data\Mono\etc\mono\2.0\machine.config,27625,73C91C24,1420
0,0,CM3D2x86_Data\Mono\etc\mono\2.0\settings.map,2618,A1A3C29F,1420
0,0,CM3D2x86_Data\Mono\etc\mono\2.0\web.config,11686,534A9960,1420
0,0,CM3D2x86_Data\Mono\etc\mono\2.0\Browsers\Compat.browser,1605,2E178A0B,1420
0,0,CM3D2x86_Data\Mono\etc\mono\mconfig\config.xml,25817,80B2033A,1420
0,0,CM3D2x86_Data\Plugins\cm3d2_x86.dll,1330176,1C5F4B8A,1420
0,0,CM3D2x86_Data\Plugins\device_hook.dll,98816,32DA7957,1420
0,0,CM3D2x86_Data\Resources\unity default resources,1544700,7137E221,1420
0,0,CM3D2x86_Data\Resources\unity_builtin_extra,128416,2F4DCCA7,1420
0,0,GameData\bg_pp001_2.arc,1237157,C9D912F7,1220
0,0,GameData\csv.arc,2608016,85FB792E,1420
0,0,GameData\csv_addpose001.arc,1235,D06FCA6D,1220
0,0,GameData\csv_pp001_2.arc,10034,29181748,1370
0,0,GameData\csv_urayome001_2.arc,1714,1D92B577,1401
0,0,GameData\csv_vp001_2.arc,2082,25E58CEB,1160
0,0,GameData\material2.arc,207669,1E308A48,1313
0,0,GameData\material_denkigai2015s003_2.arc,7106,0C82D791,1150
0,0,GameData\material_denkigai2015wTowelR.arc,1602,618192B9,1360
0,0,GameData\material_dlc055_2.arc,5282,11A93109,1280
0,0,GameData\material_dlsite_2.arc,1762,C5A837EA,1150
0,0,GameData\material_shop001_2.arc,1762,D98CED1C,1150
0,0,GameData\material_shop002_2.arc,1762,956BB00E,1150
0,0,GameData\material_shop003_2.arc,1762,38CEBFF2,1150
0,0,GameData\material_shop005_2.arc,1714,3E621A32,1150
0,0,GameData\material_shop007_2.arc,2578,C8CE627C,1150
0,0,GameData\material_vp001_2.arc,11890,8CB043B0,1400
0,0,GameData\material_yomeido003_2.arc,1522,0689A7AC,1240
0,0,GameData\menu2.arc,239183,456CA15F,1420
0,0,GameData\menu_denkigai2015s001_2.arc,6594,8B3E849F,1160
0,0,GameData\menu_denkigai2015s003_2.arc,4338,D294CE88,1150
0,0,GameData\menu_denkigai2015wTowelR.arc,1282,CECEE1FC,1360
0,0,GameData\menu_denkigai2016s_2.arc,1346,4A9440B1,1351
0,0,GameData\menu_dlc026_2.arc,3778,69453D54,1190
0,0,GameData\menu_dlc028_2.arc,3874,DE3F1C31,1200
0,0,GameData\menu_dlc041_2.arc,6786,97F738D3,1380
0,0,GameData\menu_dlc061_2.arc,3810,F99C1D4E,1290
0,0,GameData\menu_dlc065_2.arc,7602,D9387834,1380
0,0,GameData\menu_dlc074_2.arc,5618,24C559D7,1312
0,0,GameData\menu_dlc100_2.arc,1250,DFF94E9A,1400
0,0,GameData\menu_dlsite_2.arc,1954,B2268BA7,1150
0,0,GameData\menu_personal002_2.arc,1282,5687650C,1310
0,0,GameData\menu_shop001_2.arc,3314,35207C87,1150
0,0,GameData\menu_shop005_2.arc,1378,0C9AF725,1150
0,0,GameData\menu_vp001_2.arc,19138,7C7AFD9C,1400
0,0,GameData\menu_yomeido003_2.arc,1234,4D6F619D,1240
0,0,GameData\menu_yomeidogp_wedding_2.arc,3954,C251B12C,1320
0,0,GameData\model2.arc,13629623,D248C55F,1420
0,0,GameData\model_denkigai2015s003_2.arc,394665,41A48185,1150
0,0,GameData\model_denkigai2015wTowelR.arc,38258,FB570A24,1360
0,0,GameData\model_dlc005_2.arc,175424,F7DD7D82,1270
0,0,GameData\model_dlc046_2.arc,155690,83B34173,1220
0,0,GameData\model_dlc073_2.arc,267037,47D33A06,1320
0,0,GameData\model_dlc100_2.arc,691347,7C3D679D,1400
0,0,GameData\model_dlsite_2.arc,197173,24366C43,1150
0,0,GameData\model_shop001_2.arc,115215,9C941FAF,1150
0,0,GameData\model_shop002_2.arc,251253,743C3D97,1150
0,0,GameData\model_shop003_2.arc,185433,A15EC70A,1150
0,0,GameData\model_shop005_2.arc,150103,FB5341FA,1150
0,0,GameData\model_shop007_2.arc,288759,80615CBD,1150
0,0,GameData\model_vp001_2.arc,647957,D68B5D2F,1400
0,0,GameData\paths.dat,2711,E8B651E6,1420
0,0,GameData\prioritymaterial.arc,143812,D48CFCC6,1420
0,0,GameData\sound2.arc,12017684,3FAA939B,1330
0,0,GameData\texture3.arc,21386296,0B1286F5,1420
0,0,GameData\texture_addpose001.arc,23943,1D529A44,1220
0,0,GameData\texture_denkigai2015wTowelR.arc,133065,FE4BDC34,1360
0,0,GameData\texture_dlc004_2.arc,4805734,C8E5CFB4,1200
0,0,GameData\texture_dlc046_2.arc,596960,FC606BA5,1220
0,0,GameData\texture_vp001_2.arc,755269,18D5027D,1400
0,0,GameData\texture_yomeido003_2.arc,117248,0EE72B42,1240
0,0,PhotoModeData\Mod\Motion\readme.txt,146,3BF5AF4D,1220
0,0,GameData\script.arc,13586064,172AAA01,1420
0,0,GameData\script_addpose001.arc,1194,9F2EDF3C,1220
0,0,GameData\script_cos002_2.arc,72002,5BAAF903,1330
0,0,GameData\script_cos005_2.arc,1698,FDA1E978,1380
0,0,GameData\script_denkigai2015w_2.arc,40178,8634EE8F,1220
0,0,GameData\script_denkigai2015wPants_2.arc,12658,57896547,1220
0,0,GameData\script_denkigai2016s_2.arc,135147,6150004D,1370
0,0,GameData\script_magazine001_2.arc,59602,D547478D,1400
0,0,GameData\script_personal001_2.arc,2685555,5099F83C,1370
0,0,GameData\script_personal002_2.arc,104196,490847D4,1400
0,0,GameData\script_personal003_2.arc,842808,26A64836,1401
0,0,GameData\script_pp001_2.arc,186284,61AF2780,1400
0,0,GameData\script_pp002_2.arc,91378,98E5FD11,1401
0,0,GameData\script_ytgc005_2.arc,18898,11456C1A,1340
0,0,GameData\script_ytgc006_2.arc,218689,B2CF5373,1340
0,0,GameData\script_ytgc008_2.arc,134059,62EAF572,1400
0,0,GameData\script_ytgc009_2.arc,288434,D9537E37,1400
0,0,GameData\motion2.arc,87354333,16307A19,1400
0,0,GameData\motion_addpose001.arc,902194,517CF6C8,1220
0,0,GameData\motion_pp001_2.arc,615858,0E432519,1220
0,0,GameData\motion_pp002_2.arc,57428957,EF952E37,1360
0,0,GameData\motion_vp001_2.arc,141579,7857F9CD,1160
0,0,GameData\voice3.arc,101849461,061F0890,1250
0,0,manual\data\004.png,699424,54A4DC50,1010
0,0,manual\data\007.png,453984,97E623F5,1010
0,0,manual\data\008.png,553674,7B23C3DF,1010
0,0,manual\data\013.png,673884,992CEEC5,1010
0,0,Preset\1_junshin.preset,43021,0D00795A,1010
0,0,Preset\2_coodere.preset,43516,E9EBB0F2,1010
0,0,Preset\3_tsundere.preset,48900,D0EF8B9E,1010
0,0,Preset\4_default.preset,43697,C5E392BE,1010
0,0,Preset\5_pretty_junshin.preset,40739,D9262BEF,1010
0,0,Preset\6_pretty_coodere.preset,39554,E54D5766,1010
0,0,Preset\7_pretty_tsundere.preset,38235,CA8437BB,1010
0,0,Preset\8_ren_1_yosiko.preset,55432,D54FD70C,1220
0,0,Preset\8_ren_2_ayumi.preset,51097,3C44F9DB,1220
0,0,Preset\8_ren_3_sakura.preset,52635,33F54D90,1220
0,0,Preset\8_ren_4_ai.preset,46819,9B6E5960,1220