0,0,CM3D2.exe,7793664,D44E2FA5,1007
0,0,CM3D2x64.exe,14916096,81C8AE0F,134
0,0,CM3D2x64_Data\level0,165464,8B01E95B,1340
0,0,CM3D2x64_Data\level1,168768,9A649FCC,1340
0,0,CM3D2x64_Data\level10,151192,125D7C76,1340
0,0,CM3D2x64_Data\level11,175552,64BFB9CE,1340
0,0,CM3D2x64_Data\level12,151624,583CD957,1340
0,0,CM3D2x64_Data\level13,473616,6343C9B9,1340
0,0,CM3D2x64_Data\level14,4376,75D4330D,1340
0,0,CM3D2x64_Data\level15,154272,AD6EF22F,1340
0,0,CM3D2x64_Data\level16,4376,B9B47817,1340
0,0,CM3D2x64_Data\level17,167896,ADC9558C,1340
0,0,CM3D2x64_Data\level18,229968,967A0C9B,1340
0,0,CM3D2x64_Data\level19,366440,D0696911,1340
0,0,CM3D2x64_Data\level2,368016,D3D5F5E1,1340
0,0,CM3D2x64_Data\level20,171680,17C727F7,1340
0,0,CM3D2x64_Data\level21,444064,CC2C7A0A,1340
0,0,CM3D2x64_Data\level22,214784,AD943C99,1340
0,0,CM3D2x64_Data\level23,237560,AB7C4406,1340
0,0,CM3D2x64_Data\level24,170672,B7CFF276,1340
0,0,CM3D2x64_Data\level25,552656,7F8989E2,1340
0,0,CM3D2x64_Data\level26,1035408,64437CFE,1340
0,0,CM3D2x64_Data\level27,431856,837E0602,1340
0,0,CM3D2x64_Data\level28,170696,C0AD9113,1340
0,0,CM3D2x64_Data\level29,502216,010BC077,1340
0,0,CM3D2x64_Data\level3,489128,CE143AA0,1340
0,0,CM3D2x64_Data\level4,559008,DBF1DED8,1340
0,0,CM3D2x64_Data\level5,151616,4E247A27,1340
0,0,CM3D2x64_Data\level6,298808,48E78C6A,1340
0,0,CM3D2x64_Data\level7,192040,FF8156D0,1340
0,0,CM3D2x64_Data\level8,188232,AD309570,1340
0,0,CM3D2x64_Data\level9,161224,8724C291,1340
0,0,CM3D2x64_Data\mainData,1074480,F74CF63E,1340
0,0,CM3D2x64_Data\PlayerConnectionConfigFile,21,938C68AB,1340
0,0,CM3D2x64_Data\resources.assets,290802192,6518C408,1340
0,0,CM3D2x64_Data\sharedassets0.assets,241516736,E4DA0C2B,1340
0,0,CM3D2x64_Data\sharedassets1.assets,6649340,E31AA8D8,1340
0,0,CM3D2x64_Data\sharedassets10.assets,5336,EDE4BECD,1340
0,0,CM3D2x64_Data\sharedassets11.assets,466388,C475C4DC,1340
0,0,CM3D2x64_Data\sharedassets12.assets,5360,665DCBC6,1340
0,0,CM3D2x64_Data\sharedassets13.assets,927480,30FB6405,1340
0,0,CM3D2x64_Data\sharedassets14.assets,2458128,7C475AC9,1340
0,0,CM3D2x64_Data\sharedassets15.assets,4112,D865A8B6,1340
0,0,CM3D2x64_Data\sharedassets16.assets,4200976,5AE903DB,1340
0,0,CM3D2x64_Data\sharedassets17.assets,4112,C05052C6,1340
0,0,CM3D2x64_Data\sharedassets18.assets,116387180,CBC17F95,1340
0,0,CM3D2x64_Data\sharedassets19.assets,3691828,C69133C4,1340
0,0,CM3D2x64_Data\sharedassets2.assets,3514276,D6680667,1340
0,0,CM3D2x64_Data\sharedassets20.assets,275132,E8BB9D5D,1340
0,0,CM3D2x64_Data\sharedassets21.assets,5400,8A781A88,1340
0,0,CM3D2x64_Data\sharedassets22.assets,72704,4866EF29,1340
0,0,CM3D2x64_Data\sharedassets23.assets,5488,10718805,1340
0,0,CM3D2x64_Data\sharedassets24.assets,5408,7CA2FA3D,1340
0,0,CM3D2x64_Data\sharedassets25.assets,5408,6B92BEFE,1340
0,0,CM3D2x64_Data\sharedassets26.assets,1423820,1E179337,1340
0,0,CM3D2x64_Data\sharedassets27.assets,5598908,25D14B3C,1340
0,0,CM3D2x64_Data\sharedassets28.assets,39509544,C71F8AE5,1340
0,0,CM3D2x64_Data\sharedassets29.assets,5408,D89B541F,1340
0,0,CM3D2x64_Data\sharedassets3.assets,16005728,8DCA4C09,1340
0,0,CM3D2x64_Data\sharedassets30.assets,67724952,9099938E,1340
0,0,CM3D2x64_Data\sharedassets4.assets,34784236,94115182,1340
0,0,CM3D2x64_Data\sharedassets5.assets,6952220,D47A0C15,1340
0,0,CM3D2x64_Data\sharedassets6.assets,503416,8DB244D3,1340
0,0,CM3D2x64_Data\sharedassets7.assets,5536,7C58B429,1340
0,0,CM3D2x64_Data\sharedassets8.assets,355516,003A7B75,1340
0,0,CM3D2x64_Data\sharedassets9.assets,11891628,C74604FB,1340
0,0,CM3D2x64_Data\Managed\Accessibility.dll,10752,C80413DC,1340
0,0,CM3D2x64_Data\Managed\Assembly-CSharp-firstpass.dll,443904,9063401A,1340
0,0,CM3D2x64_Data\Managed\Assembly-CSharp.dll,2158080,3AA29736,1340
0,0,CM3D2x64_Data\Managed\Assembly-UnityScript-firstpass.dll,65024,F560A356,1340
0,0,CM3D2x64_Data\Managed\Boo.Lang.dll,126976,E379C12B,1340
0,0,CM3D2x64_Data\Managed\JsonFx.Json.dll,70144,A0F0CFCB,1340
0,0,CM3D2x64_Data\Managed\Mono.Data.Tds.dll,96256,10E297D4,1340
0,0,CM3D2x64_Data\Managed\Mono.Posix.dll,184320,82B6C163,1340
0,0,CM3D2x64_Data\Managed\Mono.Security.dll,294912,C759B90F,1340
0,0,CM3D2x64_Data\Managed\Mono.WebBrowser.dll,172032,3BD66294,1340
0,0,CM3D2x64_Data\Managed\mscorlib.dll,2590208,54064D59,1340
0,0,CM3D2x64_Data\Managed\System.Configuration.dll,124928,CA10261D,1340
0,0,CM3D2x64_Data\Managed\System.Core.dll,300032,615F5AFE,1340
0,0,CM3D2x64_Data\Managed\System.Data.dll,856064,E7FF9373,1340
0,0,CM3D2x64_Data\Managed\System.dll,1678848,0F9C1035,1340
0,0,CM3D2x64_Data\Managed\System.Drawing.Design.dll,29696,E7B53FF9,1340
0,0,CM3D2x64_Data\Managed\System.Drawing.dll,448512,C4B2E872,1340
0,0,CM3D2x64_Data\Managed\System.EnterpriseServices.dll,46592,4FFDA4D6,1340
0,0,CM3D2x64_Data\Managed\System.Security.dll,135168,B020F0F1,1340
0,0,CM3D2x64_Data\Managed\System.Transactions.dll,27648,E3B069A5,1340
0,0,CM3D2x64_Data\Managed\System.Windows.Forms.dll,3053568,56394001,1340
0,0,CM3D2x64_Data\Managed\System.Xml.dll,1270272,C76991B8,1340
0,0,CM3D2x64_Data\Managed\System.Xml.Linq.dll,106496,1E91F41B,1340
0,0,CM3D2x64_Data\Managed\UnityEngine.dll,614912,78BD0E4B,1340
0,0,CM3D2x64_Data\Managed\UnityEngine.UI.dll,176128,59066003,1340
0,0,CM3D2x64_Data\Managed\UnityScript.Lang.dll,14336,7309FF69,1340
0,0,CM3D2x64_Data\Mono\mono.dll,2601984,92A930A2,1340
0,0,CM3D2x64_Data\Mono\etc\mono\browscap.ini,311984,CE6C0AB3,1340
0,0,CM3D2x64_Data\Mono\etc\mono\config,1691,A635914A,1340
0,0,CM3D2x64_Data\Mono\etc\mono\1.0\DefaultWsdlHelpGenerator.aspx,58196,10E814BF,1340
0,0,CM3D2x64_Data\Mono\etc\mono\1.0\machine.config,17259,82F1AD8B,1340
0,0,CM3D2x64_Data\Mono\etc\mono\2.0\DefaultWsdlHelpGenerator.aspx,60453,F3869A34,1340
0,0,CM3D2x64_Data\Mono\etc\mono\2.0\machine.config,27626,4F6C3F79,1340
0,0,CM3D2x64_Data\Mono\etc\mono\2.0\settings.map,2618,A1A3C29F,1340
0,0,CM3D2x64_Data\Mono\etc\mono\2.0\web.config,11686,534A9960,1340
0,0,CM3D2x64_Data\Mono\etc\mono\2.0\Browsers\Compat.browser,1605,2E178A0B,1340
0,0,CM3D2x64_Data\Mono\etc\mono\mconfig\config.xml,25817,80B2033A,1340
0,0,CM3D2x64_Data\Plugins\cm3d2_x64.dll,1516032,D01D1619,1340
0,0,CM3D2x64_Data\Plugins\device_hook.dll,114688,21D72F31,1340
0,0,CM3D2x64_Data\Resources\unity default resources,1571709,31020360,1340
0,0,CM3D2x64_Data\Resources\unity_builtin_extra,372672,72A6CE0B,1340
0,0,GameData\bg_pp001_2.arc,1237157,C9D912F7,1220
0,0,GameData\csv.arc,2365536,C0391FF6,1340
0,0,GameData\csv_addpose001.arc,1235,D06FCA6D,1220
0,0,GameData\csv_pp001_2.arc,10002,668119FA,1330
0,0,GameData\csv_vp001_2.arc,2082,25E58CEB,1160
0,0,GameData\material2.arc,207669,1E308A48,1313
0,0,GameData\material_denkigai2015s003_2.arc,7106,0C82D791,1150
0,0,GameData\material_dlc055_2.arc,5282,11A93109,1280
0,0,GameData\material_dlsite_2.arc,1762,C5A837EA,1150
0,0,GameData\material_shop001_2.arc,1762,D98CED1C,1150
0,0,GameData\material_shop002_2.arc,1762,956BB00E,1150
0,0,GameData\material_shop003_2.arc,1762,38CEBFF2,1150
0,0,GameData\material_shop005_2.arc,1714,3E621A32,1150
0,0,GameData\material_shop007_2.arc,2578,C8CE627C,1150
0,0,GameData\material_vp001_2.arc,9554,066C9CA9,1150
0,0,GameData\material_yomeido003_2.arc,1522,0689A7AC,1240
0,0,GameData\menu2.arc,227325,E2159374,1320
0,0,GameData\menu_denkigai2015s001_2.arc,6594,8B3E849F,1160
0,0,GameData\menu_denkigai2015s003_2.arc,4338,D294CE88,1150
0,0,GameData\menu_dlc026_2.arc,3778,69453D54,1190
0,0,GameData\menu_dlc028_2.arc,3874,DE3F1C31,1200
0,0,GameData\menu_dlc061_2.arc,3810,F99C1D4E,1290
0,0,GameData\menu_dlc074_2.arc,5618,24C559D7,1312
0,0,GameData\menu_dlsite_2.arc,1954,B2268BA7,1150
0,0,GameData\menu_personal002_2.arc,1282,5687650C,1310
0,0,GameData\menu_shop001_2.arc,3314,35207C87,1150
0,0,GameData\menu_shop005_2.arc,1378,0C9AF725,1150
0,0,GameData\menu_vp001_2.arc,18546,5FFF33DA,1150
0,0,GameData\menu_yomeido003_2.arc,1234,4D6F619D,1240
0,0,GameData\menu_yomeidogp_wedding_2.arc,3954,C251B12C,1320
0,0,GameData\model2.arc,11100629,7C2AD9D9,1331
0,0,GameData\model_denkigai2015s003_2.arc,394665,41A48185,1150
0,0,GameData\model_dlc005_2.arc,175424,F7DD7D82,1270
0,0,GameData\model_dlc046_2.arc,155690,83B34173,1220
0,0,GameData\model_dlc073_2.arc,267037,47D33A06,1320
0,0,GameData\model_dlsite_2.arc,197173,24366C43,1150
0,0,GameData\model_shop001_2.arc,115215,9C941FAF,1150
0,0,GameData\model_shop002_2.arc,251253,743C3D97,1150
0,0,GameData\model_shop003_2.arc,185433,A15EC70A,1150
0,0,GameData\model_shop005_2.arc,150103,FB5341FA,1150
0,0,GameData\model_shop007_2.arc,288759,80615CBD,1150
0,0,GameData\model_vp001_2.arc,290407,A19508D6,1150
0,0,GameData\paths.dat,2148,83B431F6,1340
0,0,GameData\prioritymaterial.arc,124575,6414F67F,1340
0,0,GameData\sound2.arc,12017684,3FAA939B,1330
0,0,GameData\texture3.arc,8309676,4D1D3FA9,1340
0,0,GameData\texture_addpose001.arc,23943,1D529A44,1220
0,0,GameData\texture_dlc004_2.arc,4805734,C8E5CFB4,1200
0,0,GameData\texture_dlc046_2.arc,596960,FC606BA5,1220
0,0,GameData\texture_vp001_2.arc,562695,D458C6A6,1300
0,0,GameData\texture_yomeido003_2.arc,117248,0EE72B42,1240
0,0,PhotoModeData\Mod\Motion\readme.txt,146,3BF5AF4D,1220
0,0,GameData\script.arc,13382269,24195319,1340
0,0,GameData\script_addpose001.arc,1194,9F2EDF3C,1220
0,0,GameData\script_cos002_2.arc,72002,5BAAF903,1330
0,0,GameData\script_denkigai2015w_2.arc,40178,8634EE8F,1220
0,0,GameData\script_denkigai2015wPants_2.arc,12658,57896547,1220
0,0,GameData\script_personal001_2.arc,2696467,A7340AC6,1310
0,0,GameData\script_personal002_2.arc,87319,37579909,1340
0,0,GameData\script_pp001_2.arc,137320,5371A019,1340
0,0,GameData\script_pp002_2.arc,11506,AC74075A,1340
0,0,GameData\script_ytgc005_2.arc,18898,11456C1A,1340
0,0,GameData\script_ytgc006_2.arc,218689,B2CF5373,1340
0,0,GameData\motion2.arc,81908792,6C1C1A62,1340
0,0,GameData\motion_addpose001.arc,902194,517CF6C8,1220
0,0,GameData\motion_pp001_2.arc,615858,0E432519,1220
0,0,GameData\motion_vp001_2.arc,141579,7857F9CD,1160
0,0,GameData\voice3.arc,101849461,061F0890,1250
0,0,manual\data\004.png,699424,54A4DC50,1010
0,0,manual\data\007.png,453984,97E623F5,1010
0,0,manual\data\008.png,553674,7B23C3DF,1010
0,0,manual\data\013.png,673884,992CEEC5,1010
0,0,Preset\1_junshin.preset,43021,0D00795A,1010
0,0,Preset\2_coodere.preset,43516,E9EBB0F2,1010
0,0,Preset\3_tsundere.preset,48900,D0EF8B9E,1010
0,0,Preset\4_default.preset,43697,C5E392BE,1010
0,0,Preset\5_pretty_junshin.preset,40739,D9262BEF,1010
0,0,Preset\6_pretty_coodere.preset,39554,E54D5766,1010
0,0,Preset\7_pretty_tsundere.preset,38235,CA8437BB,1010
0,0,Preset\8_ren_1_yosiko.preset,55432,D54FD70C,1220
0,0,Preset\8_ren_2_ayumi.preset,51097,3C44F9DB,1220
0,0,Preset\8_ren_3_sakura.preset,52635,33F54D90,1220
0,0,Preset\8_ren_4_ai.preset,46819,9B6E5960,1220