0,0,CM3D2VRx64.exe,20649984,6EFB2A0D,1350
0,0,CM3D2VRx64_DirectToRift.exe,465408,ED45B3A7,1350
0,0,LICENSE,3453,541AF859,1350
0,0,CM3D2VRx64_Data\globalgamemanagers,1345404,7D0DE824,1350
0,0,CM3D2VRx64_Data\globalgamemanagers.assets,115720,4C640D08,1350
0,0,CM3D2VRx64_Data\level0,182420,67964279,1350
0,0,CM3D2VRx64_Data\level1,200396,F3FF9EC6,1350
0,0,CM3D2VRx64_Data\level10,195076,C892B78F,1350
0,0,CM3D2VRx64_Data\level11,182972,25C008AF,1350
0,0,CM3D2VRx64_Data\level12,210404,0B3BC53F,1350
0,0,CM3D2VRx64_Data\level13,183476,ACA82841,1350
0,0,CM3D2VRx64_Data\level14,564860,694AF184,1350
0,0,CM3D2VRx64_Data\level15,4640,7039A3BE,1350
0,0,CM3D2VRx64_Data\level16,185028,B8FF23EB,1350
0,0,CM3D2VRx64_Data\level17,4640,21AEB6D0,1350
0,0,CM3D2VRx64_Data\level18,203148,0E3FE28C,1350
0,0,CM3D2VRx64_Data\level19,273036,FAD359DD,1350
0,0,CM3D2VRx64_Data\level2,200284,C72D4902,1350
0,0,CM3D2VRx64_Data\level20,444628,882B8633,1350
0,0,CM3D2VRx64_Data\level21,207964,9048ED1A,1350
0,0,CM3D2VRx64_Data\level22,531020,1EF2B508,1350
0,0,CM3D2VRx64_Data\level23,258724,EDF43B85,1350
0,0,CM3D2VRx64_Data\level24,284996,68358FD3,1350
0,0,CM3D2VRx64_Data\level25,206748,28C7AB87,1350
0,0,CM3D2VRx64_Data\level26,653484,D851A2F2,1350
0,0,CM3D2VRx64_Data\level27,1237116,F5CE0987,1350
0,0,CM3D2VRx64_Data\level28,512644,A76E71B0,1350
0,0,CM3D2VRx64_Data\level29,206804,D6CBCE29,1350
0,0,CM3D2VRx64_Data\level3,420948,4F922D10,1350
0,0,CM3D2VRx64_Data\level30,605660,121FEDD2,1350
0,0,CM3D2VRx64_Data\level4,590460,A5A0DD0F,1350
0,0,CM3D2VRx64_Data\level5,631012,0469812A,1350
0,0,CM3D2VRx64_Data\level6,183468,430D1B8D,1350
0,0,CM3D2VRx64_Data\level7,357100,C20BC1AA,1350
0,0,CM3D2VRx64_Data\level8,231916,506A63A4,1350
0,0,CM3D2VRx64_Data\level9,227540,B9B2AA90,1350
0,0,CM3D2VRx64_Data\resources.assets,243609508,46D3099F,1350
0,0,CM3D2VRx64_Data\resources.assets.resS,365840924,2BB59F09,1350
0,0,CM3D2VRx64_Data\sharedassets0.assets,16482968,20AFD3F9,1350
0,0,CM3D2VRx64_Data\sharedassets0.assets.resS,121728032,3D69BF0B,1350
0,0,CM3D2VRx64_Data\sharedassets1.assets,5908,B67245EC,1350
0,0,CM3D2VRx64_Data\sharedassets10.assets,5752,7E53B234,1350
0,0,CM3D2VRx64_Data\sharedassets11.assets,5752,FDB695F6,1350
0,0,CM3D2VRx64_Data\sharedassets12.assets,5776,135C7975,1350
0,0,CM3D2VRx64_Data\sharedassets13.assets,5776,EE68C28D,1350
0,0,CM3D2VRx64_Data\sharedassets14.assets,6328,1568790A,1350
0,0,CM3D2VRx64_Data\sharedassets15.assets,4132,92BF9E27,1350
0,0,CM3D2VRx64_Data\sharedassets16.assets,5812,2E208C98,1350
0,0,CM3D2VRx64_Data\sharedassets17.assets,4132,C05C6C59,1350
0,0,CM3D2VRx64_Data\sharedassets18.assets,6532,2479D105,1350
0,0,CM3D2VRx64_Data\sharedassets19.assets,5776,972AC701,1350
0,0,CM3D2VRx64_Data\sharedassets2.assets,5956,0B1153CD,1350
0,0,CM3D2VRx64_Data\sharedassets20.assets,215272,914DF836,1350
0,0,CM3D2VRx64_Data\sharedassets20.assets.resS,51968,C41BC4E7,1350
0,0,CM3D2VRx64_Data\sharedassets21.assets,5848,830C533E,1350
0,0,CM3D2VRx64_Data\sharedassets22.assets,74152,17AF9678,1350
0,0,CM3D2VRx64_Data\sharedassets23.assets,5980,484F93C3,1350
0,0,CM3D2VRx64_Data\sharedassets24.assets,5860,10BAE864,1350
0,0,CM3D2VRx64_Data\sharedassets25.assets,5860,F4781FE8,1350
0,0,CM3D2VRx64_Data\sharedassets26.assets,8116,6277E869,1350
0,0,CM3D2VRx64_Data\sharedassets27.assets,6460,D1ECB5C9,1350
0,0,CM3D2VRx64_Data\sharedassets28.assets,8008,B4F0250A,1350
0,0,CM3D2VRx64_Data\sharedassets29.assets,5860,6D9FD0EB,1350
0,0,CM3D2VRx64_Data\sharedassets3.assets,6328,2421E157,1350
0,0,CM3D2VRx64_Data\sharedassets30.assets,19168,4DD522E1,1350
0,0,CM3D2VRx64_Data\sharedassets4.assets,1310208,6DE26B0A,1350
0,0,CM3D2VRx64_Data\sharedassets5.assets,6448,11641280,1350
0,0,CM3D2VRx64_Data\sharedassets6.assets,5776,8A495580,1350
0,0,CM3D2VRx64_Data\sharedassets7.assets,6052,225EFA33,1350
0,0,CM3D2VRx64_Data\sharedassets8.assets,5932,E5A8A15A,1350
0,0,CM3D2VRx64_Data\sharedassets9.assets,6256,CED990AE,1350
0,0,CM3D2VRx64_Data\Managed\Accessibility.dll,10752,594EE943,1350
0,0,CM3D2VRx64_Data\Managed\Assembly-CSharp-firstpass.dll,580608,325E04F8,1350
0,0,CM3D2VRx64_Data\Managed\Assembly-CSharp.dll,2431488,B0E7733D,1350
0,0,CM3D2VRx64_Data\Managed\Assembly-UnityScript-firstpass.dll,65024,8F6AA6A6,1350
0,0,CM3D2VRx64_Data\Managed\Boo.Lang.dll,126976,9ADD3789,1350
0,0,CM3D2VRx64_Data\Managed\JsonFx.Json.dll,70144,A0F0CFCB,1350
0,0,CM3D2VRx64_Data\Managed\LeapCSharp.NET3.5.dll,96080,CF6AC469,1350
0,0,CM3D2VRx64_Data\Managed\Mono.Data.Tds.dll,96256,DDA7BAB7,1350
0,0,CM3D2VRx64_Data\Managed\Mono.Posix.dll,184320,C7063ABB,1350
0,0,CM3D2VRx64_Data\Managed\Mono.Security.dll,294912,8C7E67B3,1350
0,0,CM3D2VRx64_Data\Managed\Mono.WebBrowser.dll,172032,541986C3,1350
0,0,CM3D2VRx64_Data\Managed\mscorlib.dll,2589696,AFA570E5,1350
0,0,CM3D2VRx64_Data\Managed\System.Configuration.dll,124928,D5F2A804,1350
0,0,CM3D2VRx64_Data\Managed\System.Core.dll,297472,BCE2218F,1350
0,0,CM3D2VRx64_Data\Managed\System.Data.dll,856064,F1D38D2E,1350
0,0,CM3D2VRx64_Data\Managed\System.dll,1679360,288F722A,1350
0,0,CM3D2VRx64_Data\Managed\System.Drawing.Design.dll,29696,E7B53FF9,1350
0,0,CM3D2VRx64_Data\Managed\System.Drawing.dll,448512,C4B2E872,1350
0,0,CM3D2VRx64_Data\Managed\System.EnterpriseServices.dll,46592,75A19B93,1350
0,0,CM3D2VRx64_Data\Managed\System.Security.dll,135168,365C74A7,1350
0,0,CM3D2VRx64_Data\Managed\System.Transactions.dll,27648,203D65C1,1350
0,0,CM3D2VRx64_Data\Managed\System.Windows.Forms.dll,3053568,56394001,1350
0,0,CM3D2VRx64_Data\Managed\System.Xml.dll,1270272,9B79033F,1350
0,0,CM3D2VRx64_Data\Managed\System.Xml.Linq.dll,106496,B3ACF139,1350
0,0,CM3D2VRx64_Data\Managed\UnityEngine.dll,972800,B3EB425F,1350
0,0,CM3D2VRx64_Data\Managed\UnityEngine.dll.mdb,353934,02424F6C,1350
0,0,CM3D2VRx64_Data\Managed\UnityEngine.Networking.dll,230912,EBC88F56,1350
0,0,CM3D2VRx64_Data\Managed\UnityEngine.UI.dll,219136,8E43BC11,1350
0,0,CM3D2VRx64_Data\Managed\UnityScript.Lang.dll,14336,13EE284D,1350
0,0,CM3D2VRx64_Data\Mono\mono.dll,2612696,2A5A1006,1350
0,0,CM3D2VRx64_Data\Mono\etc\mono\browscap.ini,311984,CE6C0AB3,1350
0,0,CM3D2VRx64_Data\Mono\etc\mono\config,1691,A635914A,1350
0,0,CM3D2VRx64_Data\Mono\etc\mono\1.0\DefaultWsdlHelpGenerator.aspx,58196,10E814BF,1350
0,0,CM3D2VRx64_Data\Mono\etc\mono\1.0\machine.config,17258,EDE1AC59,1350
0,0,CM3D2VRx64_Data\Mono\etc\mono\2.0\DefaultWsdlHelpGenerator.aspx,60453,F3869A34,1350
0,0,CM3D2VRx64_Data\Mono\etc\mono\2.0\machine.config,27625,73C91C24,1350
0,0,CM3D2VRx64_Data\Mono\etc\mono\2.0\settings.map,2618,A1A3C29F,1350
0,0,CM3D2VRx64_Data\Mono\etc\mono\2.0\web.config,11686,534A9960,1350
0,0,CM3D2VRx64_Data\Mono\etc\mono\2.0\Browsers\Compat.browser,1605,2E178A0B,1350
0,0,CM3D2VRx64_Data\Mono\etc\mono\mconfig\config.xml,25817,80B2033A,1350
0,0,CM3D2VRx64_Data\Plugins\cm3d2_x64.dll,1516032,D01D1619,1350
0,0,CM3D2VRx64_Data\Plugins\device_hook.dll,114688,21D72F31,1350
0,0,CM3D2VRx64_Data\Plugins\LeapC.dll,2516992,FBDD3767,1350
0,0,CM3D2VRx64_Data\Plugins\openvr_api.dll,318272,44432E0F,1350
0,0,CM3D2VRx64_Data\Plugins\OVRGamepad.dll,12800,2C526135,1350
0,0,CM3D2VRx64_Data\Plugins\OVRPlugin.dll,399272,D560055D,1350
0,0,CM3D2VRx64_Data\Resources\unity default resources,1544700,7137E221,1350
0,0,CM3D2VRx64_Data\Resources\unity_builtin_extra,128416,EB7E12DB,1350
0,0,GameData\material_vr.arc,6184,D2EAFD73,130
0,0,GameData\menu_vr.arc,3407,D3B43CF5,130
0,0,GameData\model_vr.arc,866449,B84B7620,130
0,0,GameData\paths.dat,1775,A7C8D802,1310
0,0,GameData\texture_vr.arc,1111256,DF651968,130
