0,0,COM3D2OHx64_Data\Managed\Accessibility.dll,10752,5CB31E4E,24501
0,0,COM3D2OHx64_Data\Managed\Assembly-CSharp.dll,6243328,F3A36B8C,24501
0,0,COM3D2OHx64_Data\Managed\Assembly-CSharp-firstpass.dll,792576,004BCBED,24501
0,0,COM3D2OHx64_Data\Managed\Assembly-UnityScript-firstpass.dll,65024,0C0F08B1,24501
0,0,COM3D2OHx64_Data\Managed\Boo.Lang.dll,126976,28383F70,24501
0,0,COM3D2OHx64_Data\Managed\BouncyCastle.Crypto.dll,2236416,5A4C4F07,24501
0,0,COM3D2OHx64_Data\Managed\FoveUnityPlugin.dll,28672,A6EA882B,24501
0,0,COM3D2OHx64_Data\Managed\ICSharpCode.SharpZipLib.dll,200704,D3160A1C,24501
0,0,COM3D2OHx64_Data\Managed\Ionic.Zlib.dll,102400,7C9E7DD2,24501
0,0,COM3D2OHx64_Data\Managed\JsonFx.Json.dll,70144,A0F0CFCB,24501
0,0,COM3D2OHx64_Data\Managed\LeapCSharp.NET3.5.dll,82432,38E38212,24501
0,0,COM3D2OHx64_Data\Managed\Mono.Data.Tds.dll,96256,2965324B,24501
0,0,COM3D2OHx64_Data\Managed\Mono.Posix.dll,184320,0CE35BE3,24501
0,0,COM3D2OHx64_Data\Managed\Mono.Security.dll,294912,66EB9979,24501
0,0,COM3D2OHx64_Data\Managed\Mono.WebBrowser.dll,172032,137B736F,24501
0,0,COM3D2OHx64_Data\Managed\mscorlib.dll,2590208,5166389B,24501
0,0,COM3D2OHx64_Data\Managed\Newtonsoft.Json.dll,494592,5C881B73,24501
0,0,COM3D2OHx64_Data\Managed\System.Configuration.dll,124928,72952344,24501
0,0,COM3D2OHx64_Data\Managed\System.Core.dll,297472,9E3EE5D7,24501
0,0,COM3D2OHx64_Data\Managed\System.Data.dll,856064,DDDB80CD,24501
0,0,COM3D2OHx64_Data\Managed\System.dll,1679360,13922617,24501
0,0,COM3D2OHx64_Data\Managed\System.Drawing.Design.dll,29696,E7B53FF9,24501
0,0,COM3D2OHx64_Data\Managed\System.Drawing.dll,448512,C4B2E872,24501
0,0,COM3D2OHx64_Data\Managed\System.EnterpriseServices.dll,46592,2C72A9FE,24501
0,0,COM3D2OHx64_Data\Managed\System.Security.dll,135168,1CE94C57,24501
0,0,COM3D2OHx64_Data\Managed\System.Transactions.dll,27648,45299FCF,24501
0,0,COM3D2OHx64_Data\Managed\System.Windows.Forms.dll,3053568,56394001,24501
0,0,COM3D2OHx64_Data\Managed\System.Xml.dll,1270272,4581A35B,24501
0,0,COM3D2OHx64_Data\Managed\System.Xml.Linq.dll,106496,E844371C,24501
0,0,COM3D2OHx64_Data\Managed\UnityEngine.dll,1393152,2C35388C,24501
0,0,COM3D2OHx64_Data\Managed\UnityEngine.dll.mdb,449828,8610375E,24501
0,0,COM3D2OHx64_Data\Managed\UnityEngine.Networking.dll,253952,2BDF701F,24501
0,0,COM3D2OHx64_Data\Managed\UnityEngine.UI.dll,245760,FA552B2D,24501
0,0,COM3D2OHx64_Data\Managed\UnityEngine.VR.dll,3072,A4582CD6,24501
0,0,COM3D2OHx64_Data\Managed\UnityScript.Lang.dll,13824,0DA8F681,24501
0,0,COM3D2OHx64_Data\Managed\Win32.dll,13312,7781C2A2,24501
0,0,COM3D2OHx64_Data\Managed\zxing.unity.dll,430592,9FD1F198,24501
0,0,COM3D2OHx64_Data\Mono\etc\mono\1.0\DefaultWsdlHelpGenerator.aspx,58196,10E814BF,24501
0,0,COM3D2OHx64_Data\Mono\etc\mono\1.0\machine.config,17258,EDE1AC59,24501
0,0,COM3D2OHx64_Data\Mono\etc\mono\2.0\Browsers\Compat.browser,1605,2E178A0B,24501
0,0,COM3D2OHx64_Data\Mono\etc\mono\2.0\DefaultWsdlHelpGenerator.aspx,60453,F3869A34,24501
0,0,COM3D2OHx64_Data\Mono\etc\mono\2.0\machine.config,27625,73C91C24,24501
0,0,COM3D2OHx64_Data\Mono\etc\mono\2.0\settings.map,2618,A1A3C29F,24501
0,0,COM3D2OHx64_Data\Mono\etc\mono\2.0\web.config,11686,534A9960,24501
0,0,COM3D2OHx64_Data\Mono\etc\mono\mconfig\config.xml,25817,80B2033A,24501
0,0,COM3D2OHx64_Data\Mono\etc\mono\browscap.ini,311984,CE6C0AB3,24501
0,0,COM3D2OHx64_Data\Mono\etc\mono\config,1691,A635914A,24501
0,0,COM3D2OHx64_Data\Mono\mono.dll,2618816,0BEA8C0F,24501
0,0,COM3D2OHx64_Data\Mono\MonoPosixHelper.dll,113664,9B5E1E4D,24501
0,0,COM3D2OHx64_Data\Plugins\assimp.dll,4388864,7C910D84,24501
0,0,COM3D2OHx64_Data\Plugins\Audio360.dll,1956352,0D4B8E9D,24501
0,0,COM3D2OHx64_Data\Plugins\AVProVideo.dll,886272,278352F0,24501
0,0,COM3D2OHx64_Data\Plugins\clothpp.dll,112128,7C3264A4,24501
0,0,COM3D2OHx64_Data\Plugins\cm3d2.dll,2265088,CA67D1AD,24501
0,0,COM3D2OHx64_Data\Plugins\device_hook.dll,738816,F61E7CED,24501
0,0,COM3D2OHx64_Data\Plugins\FbxExporterCore.dll,12491776,CBAA51C1,24501
0,0,COM3D2OHx64_Data\Plugins\FoveClient.dll,1849384,58C8B4F6,24501
0,0,COM3D2OHx64_Data\Plugins\LeapC.dll,2516992,FBDD3767,24501
0,0,COM3D2OHx64_Data\Plugins\openvr_api.dll,318272,44432E0F,24501
0,0,COM3D2OHx64_Data\Plugins\OVRGamepad.dll,12800,2C526135,24501
0,0,COM3D2OHx64_Data\Plugins\OVRLipSync.dll,2512296,391C1F4C,24501
0,0,COM3D2OHx64_Data\Plugins\OVRPlugin.dll,1898408,5DD05B6C,24501
0,0,COM3D2OHx64_Data\Plugins\Win32-WebView.dll,504832,382AEE66,24501
0,0,COM3D2OHx64_Data\Resources\unity default resources,752360,71DB1AEA,24501
0,0,COM3D2OHx64_Data\Resources\unity_builtin_extra,284012,91145F7F,24501
0,0,COM3D2OHx64_Data\app.info,42,6CD75754,24501
0,0,COM3D2OHx64_Data\globalgamemanagers,5369052,28B5247B,24501
0,0,COM3D2OHx64_Data\globalgamemanagers.assets,257676,081CB3C8,24501
0,0,COM3D2OHx64_Data\level0,356316,0B3583D4,24501
0,0,COM3D2OHx64_Data\level1,379460,F6E75F98,24501
0,0,COM3D2OHx64_Data\level2,771100,0CB8A284,24501
0,0,COM3D2OHx64_Data\level3,1245500,DE81598D,24501
0,0,COM3D2OHx64_Data\level4,1344500,909C2109,24501
0,0,COM3D2OHx64_Data\level5,358300,524CF873,24501
0,0,COM3D2OHx64_Data\level6,455420,F3CDE228,24501
0,0,COM3D2OHx64_Data\level7,356828,121B836F,24501
0,0,COM3D2OHx64_Data\level8,470748,AB3E0C95,24501
0,0,COM3D2OHx64_Data\level9,360940,EB99BCD3,24501
0,0,COM3D2OHx64_Data\level10,745812,10BE7856,24501
0,0,COM3D2OHx64_Data\level11,7524,A0131AE2,24501
0,0,COM3D2OHx64_Data\level12,358772,2A0AB920,24501
0,0,COM3D2OHx64_Data\level13,4664,BD01E57F,24501
0,0,COM3D2OHx64_Data\level14,375460,993D864D,24501
0,0,COM3D2OHx64_Data\level15,365140,1DCF6EB1,24501
0,0,COM3D2OHx64_Data\level16,987948,0996E3A4,24501
0,0,COM3D2OHx64_Data\level17,468428,D8A21DE7,24501
0,0,COM3D2OHx64_Data\level18,1117596,FF6EC8AA,24501
0,0,COM3D2OHx64_Data\level19,441460,9C5FA37E,24501
0,0,COM3D2OHx64_Data\level20,2235308,75BB427E,24501
0,0,COM3D2OHx64_Data\level21,1147612,95BE37F0,24501
0,0,COM3D2OHx64_Data\level22,1120916,D3D36F9D,24501
0,0,COM3D2OHx64_Data\level23,478532,D638D3B4,24501
0,0,COM3D2OHx64_Data\level24,27904,29E1F0CF,24501
0,0,COM3D2OHx64_Data\level24.resS,131232,851AC384,24501
0,0,COM3D2OHx64_Data\level25,51676,21C962EC,24501
0,0,COM3D2OHx64_Data\level26,56036,DC62DD00,24501
0,0,COM3D2OHx64_Data\level27,6824,5C004C3A,24501
0,0,COM3D2OHx64_Data\level28,357220,BD2CE328,24501
0,0,COM3D2OHx64_Data\level29,1608908,6B67208A,24501
0,0,COM3D2OHx64_Data\level30,1465548,C57D44ED,24501
0,0,COM3D2OHx64_Data\level31,1487140,091A879F,24501
0,0,COM3D2OHx64_Data\level32,1382548,69973B34,24501
0,0,COM3D2OHx64_Data\level33,1447012,563870E2,24501
0,0,COM3D2OHx64_Data\level34,1572420,71F185A8,24501
0,0,COM3D2OHx64_Data\level35,1309252,76BE8EAB,24501
0,0,COM3D2OHx64_Data\level36,1060044,6A0495CF,24501
0,0,COM3D2OHx64_Data\level37,1067332,1F057A5F,24501
0,0,COM3D2OHx64_Data\level38,1309260,7CA00FE9,24501
0,0,COM3D2OHx64_Data\level39,1190060,0F6293A5,24501
0,0,COM3D2OHx64_Data\level40,978588,CBA82883,24501
0,0,COM3D2OHx64_Data\level41,1264972,05A97607,24501
0,0,COM3D2OHx64_Data\level42,1407292,C3C06D99,24501
0,0,COM3D2OHx64_Data\level43,1365988,748EDBED,24501
0,0,COM3D2OHx64_Data\level44,950812,61F6A96A,24501
0,0,COM3D2OHx64_Data\level45,432156,D0901FBC,24501
0,0,COM3D2OHx64_Data\level46,428524,E91A4786,24501
0,0,COM3D2OHx64_Data\level47,472228,DB80B0F7,24501
0,0,COM3D2OHx64_Data\level48,494364,E834B4F4,24501
0,0,COM3D2OHx64_Data\level49,422756,2B1E2224,24501
0,0,COM3D2OHx64_Data\level50,482716,D7BB0FC9,24501
0,0,COM3D2OHx64_Data\level51,1072828,69B9EDC5,24501
0,0,COM3D2OHx64_Data\level52,997396,7DD75C49,24501
0,0,COM3D2OHx64_Data\level53,475556,119272C6,24501
0,0,COM3D2OHx64_Data\level54,497700,F57E92F8,24501
0,0,COM3D2OHx64_Data\level55,488276,DCF6CF22,24501
0,0,COM3D2OHx64_Data\level56,1077236,44B796CE,24501
0,0,COM3D2OHx64_Data\level57,1037676,E7265279,24501
0,0,COM3D2OHx64_Data\level58,481324,CE27E4FE,24501
0,0,COM3D2OHx64_Data\level59,465852,2D90973C,24501
0,0,COM3D2OHx64_Data\level60,447524,E9D7916D,24501
0,0,COM3D2OHx64_Data\level61,1416620,342DA15C,24501
0,0,COM3D2OHx64_Data\level62,1357548,8BDB06AE,24501
0,0,COM3D2OHx64_Data\level63,534316,9FA3BC86,24501
0,0,COM3D2OHx64_Data\level64,436332,E8FEF3E8,24501
0,0,COM3D2OHx64_Data\level65,1285572,32795925,24501
0,0,COM3D2OHx64_Data\level66,1003412,DB95056C,24501
0,0,COM3D2OHx64_Data\level67,1462052,89E2497B,24501
0,0,COM3D2OHx64_Data\level68,1403188,83C48C72,24501
0,0,COM3D2OHx64_Data\level69,1608924,009E18CF,24501
0,0,COM3D2OHx64_Data\level70,1572436,4EEFA748,24501
0,0,COM3D2OHx64_Data\level71,1404332,BE64C7EB,24501
0,0,COM3D2OHx64_Data\level72,1370276,04469FCF,24501
0,0,COM3D2OHx64_Data\level73,457284,889AE826,24501
0,0,COM3D2OHx64_Data\level74,437756,6A7B3176,24501
0,0,COM3D2OHx64_Data\level75,1081540,68051E13,24501
0,0,COM3D2OHx64_Data\level76,882828,D22F2D95,24501
0,0,COM3D2OHx64_Data\level77,989596,CDEE1DCC,24501
0,0,COM3D2OHx64_Data\level78,883804,B735EA62,24501
0,0,COM3D2OHx64_Data\level79,1062796,B12CA9F0,24501
0,0,COM3D2OHx64_Data\level80,1726412,27296821,24501
0,0,COM3D2OHx64_Data\level81,1677476,A3384750,24501
0,0,COM3D2OHx64_Data\level82,1145940,3EED6133,24501
0,0,COM3D2OHx64_Data\level83,1089772,84E19D31,24501
0,0,COM3D2OHx64_Data\level84,1545244,B83CD7C2,24501
0,0,COM3D2OHx64_Data\level85,1644172,E0814E4B,24501
0,0,COM3D2OHx64_Data\level86,1087676,71B3F648,24501
0,0,COM3D2OHx64_Data\level87,1003220,00EAA413,24501
0,0,COM3D2OHx64_Data\level88,1712172,DF5AE22A,24501
0,0,COM3D2OHx64_Data\level89,1608972,09642039,24501
0,0,COM3D2OHx64_Data\level90,498988,B18C6430,24501
0,0,COM3D2OHx64_Data\level91,518764,FA3E698E,24501
0,0,COM3D2OHx64_Data\level92,607244,BA3CC310,24501
0,0,COM3D2OHx64_Data\level93,566684,EB301F02,24501
0,0,COM3D2OHx64_Data\level93.resS,131232,9337BCA3,24501
0,0,COM3D2OHx64_Data\level94,494044,C9BAA047,24501
0,0,COM3D2OHx64_Data\level95,593252,D05AA87E,24501
0,0,COM3D2OHx64_Data\level96,517356,383ED7C3,24501
0,0,COM3D2OHx64_Data\level97,1766836,21AF525A,24501
0,0,COM3D2OHx64_Data\level98,1509404,980FEA9D,24501
0,0,COM3D2OHx64_Data\level99,1337412,6677B6DE,24501
0,0,COM3D2OHx64_Data\level100,1168564,B8C6A89C,24501
0,0,COM3D2OHx64_Data\level101,1255988,52CCDE3D,24501
0,0,COM3D2OHx64_Data\level102,1447332,3BF8B75E,24501
0,0,COM3D2OHx64_Data\level103,1353036,F7C86986,24501
0,0,COM3D2OHx64_Data\level104,970604,52DCCB23,24501
0,0,COM3D2OHx64_Data\level105,588132,5720C13C,24501
0,0,COM3D2OHx64_Data\level106,1033484,73B60846,24501
0,0,COM3D2OHx64_Data\level107,956164,838DE8DB,24501
0,0,COM3D2OHx64_Data\level108,970748,3CC2F9AC,24501
0,0,COM3D2OHx64_Data\level109,930332,96DF9305,24501
0,0,COM3D2OHx64_Data\level110,896020,B16FAB83,24501
0,0,COM3D2OHx64_Data\level111,870588,79877840,24501
0,0,COM3D2OHx64_Data\level112,561476,352F9D24,24501
0,0,COM3D2OHx64_Data\level113,565676,5764C832,24501
0,0,COM3D2OHx64_Data\level114,591052,D6B72C01,24501
0,0,COM3D2OHx64_Data\level115,589452,0A231973,24501
0,0,COM3D2OHx64_Data\level116,591188,93EDA763,24501
0,0,COM3D2OHx64_Data\level117,593564,A28BC65D,24501
0,0,COM3D2OHx64_Data\level118,527772,EE05A189,24501
0,0,COM3D2OHx64_Data\level119,531988,46D87B68,24501
0,0,COM3D2OHx64_Data\level120,556212,AADDFC43,24501
0,0,COM3D2OHx64_Data\level121,586548,CA54F528,24501
0,0,COM3D2OHx64_Data\level122,557340,3B005AEE,24501
0,0,COM3D2OHx64_Data\level123,560332,62D3B9E0,24501
0,0,COM3D2OHx64_Data\level124,549404,173CDB1F,24501
0,0,COM3D2OHx64_Data\level125,587260,CCB73B33,24501
0,0,COM3D2OHx64_Data\level126,1031476,9D41B0D1,24501
0,0,COM3D2OHx64_Data\resources.assets,473456196,2894C0AC,24501
0,0,COM3D2OHx64_Data\resources.assets.resS,2077015224,EA7DDDA5,24501
0,0,COM3D2OHx64_Data\resources.resource,1348672,632087DF,24501
0,0,COM3D2OHx64_Data\sharedassets0.assets,115228100,D8872882,24501
0,0,COM3D2OHx64_Data\sharedassets0.assets.resS,28071636,8A34135A,24501
0,0,COM3D2OHx64_Data\sharedassets1.assets,6256,12929E9B,24501
0,0,COM3D2OHx64_Data\sharedassets2.assets,6556,E77C5DC8,24501
0,0,COM3D2OHx64_Data\sharedassets3.assets,12964,E03E97E7,24501
0,0,COM3D2OHx64_Data\sharedassets4.assets,7276,F2E8BEA2,24501
0,0,COM3D2OHx64_Data\sharedassets5.assets,6160,0FD5E667,24501
0,0,COM3D2OHx64_Data\sharedassets6.assets,7108,C0AF68AB,24501
0,0,COM3D2OHx64_Data\sharedassets7.assets,6088,E2E0372C,24501
0,0,COM3D2OHx64_Data\sharedassets8.assets,6448,58C7A778,24501
0,0,COM3D2OHx64_Data\sharedassets9.assets,6280,F0C80BFD,24501
0,0,COM3D2OHx64_Data\sharedassets10.assets,6676,C176EC13,24501
0,0,COM3D2OHx64_Data\sharedassets11.assets,4576,A67D878B,24501
0,0,COM3D2OHx64_Data\sharedassets12.assets,6148,F7C39909,24501
0,0,COM3D2OHx64_Data\sharedassets13.assets,4132,B4298CBB,24501
0,0,COM3D2OHx64_Data\sharedassets14.assets,6868,3E8CFC29,24501
0,0,COM3D2OHx64_Data\sharedassets15.assets,6232,E0E00E7A,24501
0,0,COM3D2OHx64_Data\sharedassets16.assets,12676,10D753DF,24501
0,0,COM3D2OHx64_Data\sharedassets17.assets,6328,10741087,24501
0,0,COM3D2OHx64_Data\sharedassets18.assets,12736,5F90E860,24501
0,0,COM3D2OHx64_Data\sharedassets19.assets,6316,4EC6E1DD,24501
0,0,COM3D2OHx64_Data\sharedassets20.assets,7108,DF676A30,24501
0,0,COM3D2OHx64_Data\sharedassets21.assets,12712,67AAF1CD,24501
0,0,COM3D2OHx64_Data\sharedassets22.assets,12712,67AAF1CD,24501
0,0,COM3D2OHx64_Data\sharedassets23.assets,18126856,D7CB98D2,24501
0,0,COM3D2OHx64_Data\sharedassets24.assets,12328,2CFDBA93,24501
0,0,COM3D2OHx64_Data\sharedassets25.assets,4420,17E72136,24501
0,0,COM3D2OHx64_Data\sharedassets26.assets,4324,C347DBA3,24501
0,0,COM3D2OHx64_Data\sharedassets27.assets,4264,28A3FD8D,24501
0,0,COM3D2OHx64_Data\sharedassets28.assets,6124,236CDBEC,24501
0,0,COM3D2OHx64_Data\sharedassets29.assets,12676,18B0CF9B,24501
0,0,COM3D2OHx64_Data\sharedassets30.assets,12676,FB172971,24501
0,0,COM3D2OHx64_Data\sharedassets31.assets,12676,68D3BCC1,24501
0,0,COM3D2OHx64_Data\sharedassets32.assets,9400,644E1D55,24501
0,0,COM3D2OHx64_Data\sharedassets33.assets,9508,0D7F2B87,24501
0,0,COM3D2OHx64_Data\sharedassets34.assets,9496,44E88676,24501
0,0,COM3D2OHx64_Data\sharedassets35.assets,12760,19885302,24501
0,0,COM3D2OHx64_Data\sharedassets36.assets,9292,8C2D8FB7,24501
0,0,COM3D2OHx64_Data\sharedassets37.assets,9328,87851854,24501
0,0,COM3D2OHx64_Data\sharedassets38.assets,12760,19885302,24501
0,0,COM3D2OHx64_Data\sharedassets39.assets,9532,657893B0,24501
0,0,COM3D2OHx64_Data\sharedassets40.assets,9328,87851854,24501
0,0,COM3D2OHx64_Data\sharedassets41.assets,9472,781720E1,24501
0,0,COM3D2OHx64_Data\sharedassets42.assets,12676,654FD84B,24501
0,0,COM3D2OHx64_Data\sharedassets43.assets,9508,0D7F2B87,24501
0,0,COM3D2OHx64_Data\sharedassets44.assets,9496,44E88676,24501
0,0,COM3D2OHx64_Data\sharedassets45.assets,42236540,7E0B6CB0,24501
0,0,COM3D2OHx64_Data\sharedassets45.assets.resS,87400,8BA6C322,24501
0,0,COM3D2OHx64_Data\sharedassets46.assets,38246508,FB290AEE,24501
0,0,COM3D2OHx64_Data\sharedassets47.assets,32874604,BF3E6725,24501
0,0,COM3D2OHx64_Data\sharedassets48.assets,36735684,4DB99F5D,24501
0,0,COM3D2OHx64_Data\sharedassets48.assets.resS,174776,5B619AF1,24501
0,0,COM3D2OHx64_Data\sharedassets49.assets,41277360,1D2B9CD6,24501
0,0,COM3D2OHx64_Data\sharedassets50.assets,39399112,8C533F7B,24501
0,0,COM3D2OHx64_Data\sharedassets51.assets,3017228,D7682275,24501
0,0,COM3D2OHx64_Data\sharedassets51.assets.resS,611728,7BFBEAAE,24501
0,0,COM3D2OHx64_Data\sharedassets52.assets,9556,DB665AB4,24501
0,0,COM3D2OHx64_Data\sharedassets53.assets,6508,F2627F70,24501
0,0,COM3D2OHx64_Data\sharedassets54.assets,6508,F2627F70,24501
0,0,COM3D2OHx64_Data\sharedassets55.assets,6508,F2627F70,24501
0,0,COM3D2OHx64_Data\sharedassets56.assets,12688,E4943A4F,24501
0,0,COM3D2OHx64_Data\sharedassets57.assets,9508,485DA6D5,24501
0,0,COM3D2OHx64_Data\sharedassets58.assets,6472,C12E35A3,24501
0,0,COM3D2OHx64_Data\sharedassets59.assets,59364,5B39C7B0,24501
0,0,COM3D2OHx64_Data\sharedassets59.assets.resS,174776,B51EE5DC,24501
0,0,COM3D2OHx64_Data\sharedassets60.assets,6484,BA87DDB4,24501
0,0,COM3D2OHx64_Data\sharedassets61.assets,759744,93E24495,24501
0,0,COM3D2OHx64_Data\sharedassets61.assets.resS,1310880,58801C35,24501
0,0,COM3D2OHx64_Data\sharedassets61.resource,1178176,90268BF4,24501
0,0,COM3D2OHx64_Data\sharedassets62.assets,9376,C7A7DF2A,24501
0,0,COM3D2OHx64_Data\sharedassets63.assets,3412512,7730EEDB,24501
0,0,COM3D2OHx64_Data\sharedassets63.assets.resS,6226112,B3E98769,24501
0,0,COM3D2OHx64_Data\sharedassets64.assets,6580,B932E5BC,24501
0,0,COM3D2OHx64_Data\sharedassets65.assets,13936,AABC980F,24501
0,0,COM3D2OHx64_Data\sharedassets66.assets,9496,44E88676,24501
0,0,COM3D2OHx64_Data\sharedassets67.assets,12712,42D809AB,24501
0,0,COM3D2OHx64_Data\sharedassets68.assets,9496,833A377F,24501
0,0,COM3D2OHx64_Data\sharedassets69.assets,12676,18B0CF9B,24501
0,0,COM3D2OHx64_Data\sharedassets70.assets,9496,44E88676,24501
0,0,COM3D2OHx64_Data\sharedassets71.assets,12712,42D809AB,24501
0,0,COM3D2OHx64_Data\sharedassets72.assets,10444,B4761C05,24501
0,0,COM3D2OHx64_Data\sharedassets73.assets,6928,24418D5C,24501
0,0,COM3D2OHx64_Data\sharedassets74.assets,6436,AF584439,24501
0,0,COM3D2OHx64_Data\sharedassets75.assets,11732,0ABF2A88,24501
0,0,COM3D2OHx64_Data\sharedassets75.resource,2729184,2D4064D6,24501
0,0,COM3D2OHx64_Data\sharedassets76.assets,11596,6B5A53D0,24501
0,0,COM3D2OHx64_Data\sharedassets77.assets,8296,013E6818,24501
0,0,COM3D2OHx64_Data\sharedassets78.assets,7612,E2F1F50C,24501
0,0,COM3D2OHx64_Data\sharedassets79.assets,353948,28261215,24501
0,0,COM3D2OHx64_Data\sharedassets79.assets.resS,2272048,E50143CB,24501
0,0,COM3D2OHx64_Data\sharedassets79.resource,6236800,C7E9CFDE,24501
0,0,COM3D2OHx64_Data\sharedassets80.assets,6568400,239002CA,24501
0,0,COM3D2OHx64_Data\sharedassets80.assets.resS,10936,3B0D7ADF,24501
0,0,COM3D2OHx64_Data\sharedassets80.resource,1136352,956B5452,24501
0,0,COM3D2OHx64_Data\sharedassets81.assets,10312,6B873835,24501
0,0,COM3D2OHx64_Data\sharedassets82.assets,12844,020C9A3F,24501
0,0,COM3D2OHx64_Data\sharedassets83.assets,9640,CA326042,24501
0,0,COM3D2OHx64_Data\sharedassets84.assets,9764,DAA6A618,24501
0,0,COM3D2OHx64_Data\sharedassets84.resource,1003968,52A085C2,24501
0,0,COM3D2OHx64_Data\sharedassets85.assets,13000,F6ABBA3E,24501
0,0,COM3D2OHx64_Data\sharedassets86.assets,12904,A316BC1F,24501
0,0,COM3D2OHx64_Data\sharedassets87.assets,9580,20B8EE3D,24501
0,0,COM3D2OHx64_Data\sharedassets88.assets,13348,09A1A6D6,24501
0,0,COM3D2OHx64_Data\sharedassets88.resource,1166848,2709F6C2,24501
0,0,COM3D2OHx64_Data\sharedassets89.assets,9892,0AC6B7A3,24501
0,0,COM3D2OHx64_Data\sharedassets90.assets,6664,47AA2799,24501
0,0,COM3D2OHx64_Data\sharedassets91.assets,6664,47AA2799,24501
0,0,COM3D2OHx64_Data\sharedassets92.assets,6628,FC7871EF,24501
0,0,COM3D2OHx64_Data\sharedassets93.assets,6340,C85E1507,24501
0,0,COM3D2OHx64_Data\sharedassets94.assets,6628,FC7871EF,24501
0,0,COM3D2OHx64_Data\sharedassets95.assets,6724,594528B8,24501
0,0,COM3D2OHx64_Data\sharedassets96.assets,6628,FC7871EF,24501
0,0,COM3D2OHx64_Data\sharedassets97.assets,12856,8E82A22A,24501
0,0,COM3D2OHx64_Data\sharedassets98.assets,9544,BD5700F5,24501
0,0,COM3D2OHx64_Data\sharedassets99.assets,394920,2122455D,24501
0,0,COM3D2OHx64_Data\sharedassets99.assets.resS,2184640,DF887086,24501
0,0,COM3D2OHx64_Data\sharedassets100.assets,9748,3ED037FA,24501
0,0,COM3D2OHx64_Data\sharedassets100.resource,2751968,AE761A89,24501
0,0,COM3D2OHx64_Data\sharedassets101.assets,12928,CBB55C2F,24501
0,0,COM3D2OHx64_Data\sharedassets102.assets,12964,B41B03B1,24501
0,0,COM3D2OHx64_Data\sharedassets103.assets,9640,6B67BBCC,24501
0,0,COM3D2OHx64_Data\sharedassets104.assets,7172,6DC442F6,24501
0,0,COM3D2OHx64_Data\sharedassets104.resource,6331552,B816A215,24501
0,0,COM3D2OHx64_Data\sharedassets105.assets,7048,0FFEAB1A,24501
0,0,COM3D2OHx64_Data\sharedassets106.assets,86916,3825E8A2,24501
0,0,COM3D2OHx64_Data\sharedassets106.resource,8838816,EBFF12DA,24501
0,0,COM3D2OHx64_Data\sharedassets107.assets,8200,5A63F71B,24501
0,0,COM3D2OHx64_Data\sharedassets108.assets,11332,25D5C447,24501
0,0,COM3D2OHx64_Data\sharedassets109.assets,8140,F28EECE8,24501
0,0,COM3D2OHx64_Data\sharedassets110.assets,615896,F75141CC,24501
0,0,COM3D2OHx64_Data\sharedassets110.assets.resS,6138632,73B447A4,24501
0,0,COM3D2OHx64_Data\sharedassets111.assets,7024,0234B235,24501
0,0,COM3D2OHx64_Data\sharedassets112.assets,6928,D370E153,24501
0,0,COM3D2OHx64_Data\sharedassets113.assets,6928,D370E153,24501
0,0,COM3D2OHx64_Data\sharedassets114.assets,6928,D370E153,24501
0,0,COM3D2OHx64_Data\sharedassets115.assets,6928,D370E153,24501
0,0,COM3D2OHx64_Data\sharedassets116.assets,6928,D370E153,24501
0,0,COM3D2OHx64_Data\sharedassets117.assets,6928,D370E153,24501
0,0,COM3D2OHx64_Data\sharedassets118.assets,6628,FC7871EF,24501
0,0,COM3D2OHx64_Data\sharedassets119.assets,6628,FC7871EF,24501
0,0,COM3D2OHx64_Data\sharedassets120.assets,6628,FC7871EF,24501
0,0,COM3D2OHx64_Data\sharedassets121.assets,6628,FC7871EF,24501
0,0,COM3D2OHx64_Data\sharedassets122.assets,6628,FC7871EF,24501
0,0,COM3D2OHx64_Data\sharedassets123.assets,6628,FC7871EF,24501
0,0,COM3D2OHx64_Data\sharedassets124.assets,6628,FC7871EF,24501
0,0,COM3D2OHx64_Data\sharedassets125.assets,6928,D370E153,24501
0,0,COM3D2OHx64_Data\sharedassets126.assets,213676,F03129DF,24501
0,0,COM3D2OHx64_Data\sharedassets126.assets.resS,174776,583F8A72,24501
0,0,COM3D2OHx64.exe,22841856,858642A8,24501
share,../com3d2data\GameData\cbl\csv_cbl.arc,GameData\csv_cbl.arc,1430052,2F16840A,24505
share,../com3d2data\GameData\cbl\script_cbl.arc,GameData\script_cbl.arc,7425169,63265393,24505
share,../com3d2data\GameData\patch\csv.arc,GameData\csv.arc,46101985,479DA663,24505
share,../com3d2data\GameData\patch\parts_cas135_2.arc,GameData\parts_cas135_2.arc,5780151,5E26BF0B,24501
share,../com3d2data\GameData\patch\parts2.arc,GameData\parts2.arc,231721123,5963BC8B,24501
share,../com3d2data\GameData\patch\paths.dat,GameData\paths.dat,20293,FD14EA70,24505
share,../com3d2data\GameData\patch\prioritymaterial.arc,GameData\prioritymaterial.arc,883400,CF932636,24501
share,../com3d2data\GameData\patch\system_cw011_2.arc,GameData\system_cw011_2.arc,282393148,EE1FC87D,24501
share,../com3d2data\GameData_20\material_cas135_2.arc,GameData_20\material_cas135_2.arc,4866,14F86D4C,1749
share,../com3d2data\GameData_20\model_cas135_2.arc,GameData_20\model_cas135_2.arc,383793,10C4EE04,1749
share,../com3d2data\GameData_20\model_dlc519_2.arc,GameData_20\model_dlc519_2.arc,1083748,B94E1F6C,1749
share,../com3d2data\GameData_20\paths.dat,GameData_20\paths.dat,15509,B7AB196F,1840
share,../com3d2data\GameData_20\prioritymaterial.arc,GameData_20\prioritymaterial.arc,455985,54BBE903,1840
