0,0,CM3D2.exe,9558016,7808DA5C,1004
0,0,CM3D2x64.exe,14915584,F9649DA5,119
0,0,CM3D2x64_Data\level0,154376,391ED3FA,119
0,0,CM3D2x64_Data\level1,157696,69157EE1,119
0,0,CM3D2x64_Data\level10,140120,42464BA0,119
0,0,CM3D2x64_Data\level11,164464,F91AD806,119
0,0,CM3D2x64_Data\level12,140536,969C9E21,119
0,0,CM3D2x64_Data\level13,460720,5DC1BA60,119
0,0,CM3D2x64_Data\level14,4376,B9CCE2E9,119
0,0,CM3D2x64_Data\level15,143184,134C765C,119
0,0,CM3D2x64_Data\level16,4376,42F92DB2,119
0,0,CM3D2x64_Data\level17,151560,E5F03303,119
0,0,CM3D2x64_Data\level18,212712,727DF763,119
0,0,CM3D2x64_Data\level19,352992,94AB90AD,119
0,0,CM3D2x64_Data\level2,355160,5F6D954B,119
0,0,CM3D2x64_Data\level20,160592,4163106C,119
0,0,CM3D2x64_Data\level21,430992,E6519538,119
0,0,CM3D2x64_Data\level3,475288,6617983F,119
0,0,CM3D2x64_Data\level4,547920,D41D3B2E,119
0,0,CM3D2x64_Data\level5,140528,EB8626DA,119
0,0,CM3D2x64_Data\level6,287312,85AA8374,119
0,0,CM3D2x64_Data\level7,180952,89CB1E7E,119
0,0,CM3D2x64_Data\level8,177144,D4A2432E,119
0,0,CM3D2x64_Data\level9,150136,29115A56,119
0,0,CM3D2x64_Data\mainData,884960,253C6647,119
0,0,CM3D2x64_Data\PlayerConnectionConfigFile,21,22D0BFA5,119
0,0,CM3D2x64_Data\resources.assets,220140632,FEE8C9EA,119
0,0,CM3D2x64_Data\sharedassets0.assets,237509960,ED26BEDA,119
0,0,CM3D2x64_Data\sharedassets1.assets,6998796,14DEE12B,119
0,0,CM3D2x64_Data\sharedassets10.assets,5256,E9CCA5FF,119
0,0,CM3D2x64_Data\sharedassets11.assets,466308,FD8E61D9,119
0,0,CM3D2x64_Data\sharedassets12.assets,5280,D64A6038,119
0,0,CM3D2x64_Data\sharedassets13.assets,927400,1F094FB8,119
0,0,CM3D2x64_Data\sharedassets14.assets,2458016,92A44020,119
0,0,CM3D2x64_Data\sharedassets15.assets,4112,5FE91459,119
0,0,CM3D2x64_Data\sharedassets16.assets,4200896,8618ED3B,119
0,0,CM3D2x64_Data\sharedassets17.assets,4112,DE899668,119
0,0,CM3D2x64_Data\sharedassets18.assets,49616896,8AEDE414,119
0,0,CM3D2x64_Data\sharedassets19.assets,3691748,641C49F1,119
0,0,CM3D2x64_Data\sharedassets2.assets,3514196,2E823E54,119
0,0,CM3D2x64_Data\sharedassets20.assets,1587628,BACCA8A7,119
0,0,CM3D2x64_Data\sharedassets21.assets,5328,D3BEF765,119
0,0,CM3D2x64_Data\sharedassets22.assets,72624,DDAC19B4,119
0,0,CM3D2x64_Data\sharedassets3.assets,16004896,D77C8D83,119
0,0,CM3D2x64_Data\sharedassets4.assets,36843892,26C21741,119
0,0,CM3D2x64_Data\sharedassets5.assets,6952140,C82E9E68,119
0,0,CM3D2x64_Data\sharedassets6.assets,503336,631E7E42,119
0,0,CM3D2x64_Data\sharedassets7.assets,5464,5906835C,119
0,0,CM3D2x64_Data\sharedassets8.assets,355444,173B7B2F,119
0,0,CM3D2x64_Data\sharedassets9.assets,11891548,4CDB6496,119
0,0,CM3D2x64_Data\Managed\Accessibility.dll,10752,A358E135,119
0,0,CM3D2x64_Data\Managed\Assembly-CSharp-firstpass.dll,170496,A3A2C24E,119
0,0,CM3D2x64_Data\Managed\Assembly-CSharp.dll,1925120,95D9D5C0,119
0,0,CM3D2x64_Data\Managed\Assembly-UnityScript-firstpass.dll,65024,DE87AEB7,119
0,0,CM3D2x64_Data\Managed\Boo.Lang.dll,126976,B1FDC6B6,119
0,0,CM3D2x64_Data\Managed\JsonFx.Json.dll,70144,A0F0CFCB,119
0,0,CM3D2x64_Data\Managed\Mono.Data.Tds.dll,96256,DE9FBD55,119
0,0,CM3D2x64_Data\Managed\Mono.Posix.dll,184320,A333AAF5,119
0,0,CM3D2x64_Data\Managed\Mono.Security.dll,294912,D5BB48FC,119
0,0,CM3D2x64_Data\Managed\Mono.WebBrowser.dll,172032,5D310803,119
0,0,CM3D2x64_Data\Managed\mscorlib.dll,2590208,5A5FF75C,119
0,0,CM3D2x64_Data\Managed\System.Configuration.dll,124928,F88CF714,119
0,0,CM3D2x64_Data\Managed\System.Core.dll,300032,0504C277,119
0,0,CM3D2x64_Data\Managed\System.Data.dll,856064,1DE4F5EB,119
0,0,CM3D2x64_Data\Managed\System.dll,1678848,08B8E16D,119
0,0,CM3D2x64_Data\Managed\System.Drawing.Design.dll,29696,E7B53FF9,119
0,0,CM3D2x64_Data\Managed\System.Drawing.dll,448512,C4B2E872,119
0,0,CM3D2x64_Data\Managed\System.EnterpriseServices.dll,46592,1B56067D,119
0,0,CM3D2x64_Data\Managed\System.Security.dll,135168,A9F5B9F1,119
0,0,CM3D2x64_Data\Managed\System.Transactions.dll,27648,DE82E2C6,119
0,0,CM3D2x64_Data\Managed\System.Windows.Forms.dll,3053568,56394001,119
0,0,CM3D2x64_Data\Managed\System.Xml.dll,1270272,BCE39995,119
0,0,CM3D2x64_Data\Managed\System.Xml.Linq.dll,106496,1062D683,119
0,0,CM3D2x64_Data\Managed\UnityEngine.dll,614912,6F2B6F30,119
0,0,CM3D2x64_Data\Managed\UnityEngine.UI.dll,176128,380C2545,119
0,0,CM3D2x64_Data\Managed\UnityScript.Lang.dll,14336,FAB8DDA9,119
0,0,CM3D2x64_Data\Mono\mono.dll,2601984,5E0870C0,119
0,0,CM3D2x64_Data\Mono\etc\mono\browscap.ini,311984,CE6C0AB3,119
0,0,CM3D2x64_Data\Mono\etc\mono\config,1691,A635914A,119
0,0,CM3D2x64_Data\Mono\etc\mono\1.0\DefaultWsdlHelpGenerator.aspx,58196,10E814BF,119
0,0,CM3D2x64_Data\Mono\etc\mono\1.0\machine.config,17259,82F1AD8B,119
0,0,CM3D2x64_Data\Mono\etc\mono\2.0\DefaultWsdlHelpGenerator.aspx,60453,F3869A34,119
0,0,CM3D2x64_Data\Mono\etc\mono\2.0\machine.config,27626,4F6C3F79,119
0,0,CM3D2x64_Data\Mono\etc\mono\2.0\settings.map,2618,A1A3C29F,119
0,0,CM3D2x64_Data\Mono\etc\mono\2.0\web.config,11686,534A9960,119
0,0,CM3D2x64_Data\Mono\etc\mono\2.0\Browsers\Compat.browser,1605,2E178A0B,119
0,0,CM3D2x64_Data\Mono\etc\mono\mconfig\config.xml,25817,80B2033A,119
0,0,CM3D2x64_Data\Plugins\cm3d2_x64.dll,1506816,D06D7E94,119
0,0,CM3D2x64_Data\Plugins\device_hook.dll,87552,65F0207E,119
0,0,CM3D2x64_Data\Resources\unity default resources,1571709,31020360,119
0,0,CM3D2x64_Data\Resources\unity_builtin_extra,372672,13813718,119
0,0,GameData\csv.arc,1537973,100DE8DF,1190
0,0,GameData\csv_vp001_2.arc,2082,25E58CEB,1160
0,0,GameData\material2.arc,102655,704BD3F7,1170
0,0,GameData\material_denkigai2015s003_2.arc,7106,0C82D791,1150
0,0,GameData\material_dlsite_2.arc,1762,C5A837EA,1150
0,0,GameData\material_shop001_2.arc,1762,D98CED1C,1150
0,0,GameData\material_shop002_2.arc,1762,956BB00E,1150
0,0,GameData\material_shop003_2.arc,1762,38CEBFF2,1150
0,0,GameData\material_shop005_2.arc,1714,3E621A32,1150
0,0,GameData\material_shop007_2.arc,2578,C8CE627C,1150
0,0,GameData\material_vp001_2.arc,9554,066C9CA9,1150
0,0,GameData\menu2.arc,218108,010D4B80,1190
0,0,GameData\menu_denkigai2015s001_2.arc,6594,8B3E849F,1160
0,0,GameData\menu_denkigai2015s003_2.arc,4338,D294CE88,1150
0,0,GameData\menu_dlc026_2.arc,3778,69453D54,1190
0,0,GameData\menu_dlsite_2.arc,1954,B2268BA7,1150
0,0,GameData\menu_shop001_2.arc,3314,35207C87,1150
0,0,GameData\menu_shop005_2.arc,1378,0C9AF725,1150
0,0,GameData\menu_vp001_2.arc,18546,5FFF33DA,1150
0,0,GameData\model2.arc,12131417,0402ABE9,1170
0,0,GameData\model_denkigai2015s003_2.arc,394665,41A48185,1150
0,0,GameData\model_dlsite_2.arc,197173,24366C43,1150
0,0,GameData\model_shop001_2.arc,115215,9C941FAF,1150
0,0,GameData\model_shop002_2.arc,251253,743C3D97,1150
0,0,GameData\model_shop003_2.arc,185433,A15EC70A,1150
0,0,GameData\model_shop005_2.arc,150103,FB5341FA,1150
0,0,GameData\model_shop007_2.arc,288759,80615CBD,1150
0,0,GameData\model_vp001_2.arc,290407,A19508D6,1150
0,0,GameData\motion2.arc,59974795,C5D87C88,1170
0,0,GameData\motion_vp001_2.arc,141579,7857F9CD,1160
0,0,GameData\paths.dat,1071,89F454F1,1190
0,0,GameData\prioritymaterial.arc,79985,4E99FBA3,1170
0,0,GameData\script.arc,12947715,FED4EBFF,1190
0,0,GameData\sound2.arc,7402763,5D761564,1170
0,0,GameData\texture3.arc,5763653,3C5A4AFD,1170
