0,0,COM3D2OHx64_Data\Managed\Assembly-CSharp.dll,6354944,DCC97648,33402
0,0,COM3D2OHx64.exe,22841856,A9562BF9,33403
share,../com3d2data\GameData\patch\csv.arc,GameData\csv.arc,35022928,9D531CA1,23413
share,../com3d2data\GameData\patch\parts_cas135_2.arc,GameData\parts_cas135_2.arc,5387228,0515149A,23401
share,../com3d2data\GameData\patch\parts_dlc286_2.arc,GameData\parts_dlc286_2.arc,78160,D8D34456,23403
share,../com3d2data\GameData\patch\parts_dlc389_2.arc,GameData\parts_dlc389_2.arc,1936963,5532AD1A,23403
share,../com3d2data\GameData\patch\parts_gp003_2.arc,GameData\parts_gp003_2.arc,156439453,CD161679,23403
share,../com3d2data\GameData\patch\parts_personal_om005_2.arc,GameData\parts_personal_om005_2.arc,11772919,5F0C7010,23403
share,../com3d2data\GameData\patch\parts_studio001_2.arc,GameData\parts_studio001_2.arc,72054,1BC66A72,23401
share,../com3d2data\GameData\patch\parts_x001_2.arc,GameData\parts_x001_2.arc,38904481,3D48389B,23403
share,../com3d2data\GameData\patch\paths.dat,GameData\paths.dat,17928,17072250,23407
share,../com3d2data\GameData\patch\prioritymaterial.arc,GameData\prioritymaterial.arc,820080,7409DC33,23402
share,../com3d2data\GameData_20\material_dlc170_2.arc,GameData_20\material_dlc170_2.arc,2754,72F99E90,1717
share,../com3d2data\GameData_20\menu_dlc286_2.arc,GameData_20\menu_dlc286_2.arc,2565,07A4E46E,1717
share,../com3d2data\GameData_20\menu_studio001_2.arc,GameData_20\menu_studio001_2.arc,58562,DBEECC6F,1717
share,../com3d2data\GameData_20\model_dlc081_2.arc,GameData_20\model_dlc081_2.arc,232289,7997B915,1717
share,../com3d2data\GameData_20\model_dlc170_2.arc,GameData_20\model_dlc170_2.arc,801873,1707FCC8,1717
share,../com3d2data\GameData_20\model_dlc389_2.arc,GameData_20\model_dlc389_2.arc,1945949,2E55ED67,1717
share,../com3d2data\GameData_20\model_x001_2.arc,GameData_20\model_x001_2.arc,278133,F40C9EA5,1717
share,../com3d2data\GameData_20\texture_cas135_2.arc,GameData_20\texture_cas135_2.arc,5232067,D7612E82,1717
