0,0,COM3D2OH.exe,6622208,1E96D7A7,2005
0,0,COM3D2OHx64.exe,22841856,858642A8,1160
0,0,LICENSE,31205,24BAD003,1160
0,0,COM3D2OHx64_Data\app.info,42,6CD75754,1160
0,0,COM3D2OHx64_Data\globalgamemanagers,4082140,40B0B316,1160
0,0,COM3D2OHx64_Data\globalgamemanagers.assets,225260,8339216C,1160
0,0,COM3D2OHx64_Data\level0,268964,FB14CC65,1160
0,0,COM3D2OHx64_Data\level1,285612,314CDAB5,1160
0,0,COM3D2OHx64_Data\level10,629284,9690E7DA,1160
0,0,COM3D2OHx64_Data\level11,6948,438C5496,1160
0,0,COM3D2OHx64_Data\level12,271404,22FAEE46,1160
0,0,COM3D2OHx64_Data\level13,4664,30055529,1160
0,0,COM3D2OHx64_Data\level14,288108,539E9100,1160
0,0,COM3D2OHx64_Data\level15,276284,20175A8E,1160
0,0,COM3D2OHx64_Data\level16,893900,18D861DF,1160
0,0,COM3D2OHx64_Data\level17,348076,F9807C78,1160
0,0,COM3D2OHx64_Data\level18,1023540,4F4A84AE,1160
0,0,COM3D2OHx64_Data\level19,348724,C9D3EA10,1160
0,0,COM3D2OHx64_Data\level2,673420,CEBFCD0A,1160
0,0,COM3D2OHx64_Data\level20,1917276,1EC61122,1160
0,0,COM3D2OHx64_Data\level21,1053548,F3C606CD,1160
0,0,COM3D2OHx64_Data\level22,1026844,E31AF0D4,1160
0,0,COM3D2OHx64_Data\level23,391116,A6D3D807,1160
0,0,COM3D2OHx64_Data\level24,27904,0BB2658D,1160
0,0,COM3D2OHx64_Data\level24.resS,131232,437C95D8,1160
0,0,COM3D2OHx64_Data\level25,51676,02C7F800,1160
0,0,COM3D2OHx64_Data\level26,56036,550331DA,1160
0,0,COM3D2OHx64_Data\level27,6832,1E831FBC,1160
0,0,COM3D2OHx64_Data\level28,269868,E19724C7,1160
0,0,COM3D2OHx64_Data\level29,1514844,A7D26181,1160
0,0,COM3D2OHx64_Data\level3,1151388,4F3D21D0,1160
0,0,COM3D2OHx64_Data\level30,1371492,500ED32A,1160
0,0,COM3D2OHx64_Data\level31,1393076,1CC4B8B1,1160
0,0,COM3D2OHx64_Data\level32,1288324,C1385846,1160
0,0,COM3D2OHx64_Data\level33,1352780,49D3FE01,1160
0,0,COM3D2OHx64_Data\level34,1478188,56B49E72,1160
0,0,COM3D2OHx64_Data\level35,1215188,F1C161FB,1160
0,0,COM3D2OHx64_Data\level36,965820,B5E07256,1160
0,0,COM3D2OHx64_Data\level37,973108,858A7CAE,1160
0,0,COM3D2OHx64_Data\level38,1215188,01FA2BAC,1160
0,0,COM3D2OHx64_Data\level39,1095788,78A020D2,1160
0,0,COM3D2OHx64_Data\level4,1096492,A7E4964C,1160
0,0,COM3D2OHx64_Data\level40,884356,4B52886B,1160
0,0,COM3D2OHx64_Data\level41,1170756,6F021FDD,1160
0,0,COM3D2OHx64_Data\level42,1313228,80E6C167,1160
0,0,COM3D2OHx64_Data\level43,1271772,368EEFE5,1160
0,0,COM3D2OHx64_Data\level44,856580,D57E3781,1160
0,0,COM3D2OHx64_Data\level45,344740,7156119C,1160
0,0,COM3D2OHx64_Data\level46,341108,97467B0C,1160
0,0,COM3D2OHx64_Data\level47,384812,4126AFBC,1160
0,0,COM3D2OHx64_Data\level48,406948,CBE52FBD,1160
0,0,COM3D2OHx64_Data\level49,335340,5660ABF5,1160
0,0,COM3D2OHx64_Data\level5,269948,DE6D8C0F,1160
0,0,COM3D2OHx64_Data\level50,395300,F1D691F9,1160
0,0,COM3D2OHx64_Data\level51,978756,E32682B4,1160
0,0,COM3D2OHx64_Data\level52,903156,55B103CB,1160
0,0,COM3D2OHx64_Data\level53,388028,B6DAB013,1160
0,0,COM3D2OHx64_Data\level54,410172,887CB9CE,1160
0,0,COM3D2OHx64_Data\level55,400748,30718BF4,1160
0,0,COM3D2OHx64_Data\level56,983172,FFBD3665,1160
0,0,COM3D2OHx64_Data\level57,943460,EE50D3FD,1160
0,0,COM3D2OHx64_Data\level6,357524,10E521AE,1160
0,0,COM3D2OHx64_Data\level7,269476,9F9838A0,1160
0,0,COM3D2OHx64_Data\level8,334196,D5896A9E,1160
0,0,COM3D2OHx64_Data\level9,270444,13D4BE5A,1160
0,0,COM3D2OHx64_Data\resources.assets,387632464,9E4E04C8,1160
0,0,COM3D2OHx64_Data\resources.assets.resS,1643989344,D84705A2,1160
0,0,COM3D2OHx64_Data\resources.resource,727392,54F90BDA,1160
0,0,COM3D2OHx64_Data\sharedassets0.assets,115224736,F18F1D73,1160
0,0,COM3D2OHx64_Data\sharedassets0.assets.resS,121744416,342139C8,1160
0,0,COM3D2OHx64_Data\sharedassets1.assets,6208,24D97763,1160
0,0,COM3D2OHx64_Data\sharedassets10.assets,6556,AA953A33,1160
0,0,COM3D2OHx64_Data\sharedassets11.assets,4540,1A269779,1160
0,0,COM3D2OHx64_Data\sharedassets12.assets,6112,0901DA3D,1160
0,0,COM3D2OHx64_Data\sharedassets13.assets,4132,CDE899D9,1160
0,0,COM3D2OHx64_Data\sharedassets14.assets,6832,ED4A31EB,1160
0,0,COM3D2OHx64_Data\sharedassets15.assets,6172,C4226AA7,1160
0,0,COM3D2OHx64_Data\sharedassets16.assets,12352,6496B554,1160
0,0,COM3D2OHx64_Data\sharedassets17.assets,6256,62C6AC94,1160
0,0,COM3D2OHx64_Data\sharedassets18.assets,12580,E6540DB7,1160
0,0,COM3D2OHx64_Data\sharedassets19.assets,6280,1FD515B5,1160
0,0,COM3D2OHx64_Data\sharedassets2.assets,6532,B1892906,1160
0,0,COM3D2OHx64_Data\sharedassets20.assets,7060,8E542F12,1160
0,0,COM3D2OHx64_Data\sharedassets21.assets,12556,EE67DE7D,1160
0,0,COM3D2OHx64_Data\sharedassets22.assets,12556,EE67DE7D,1160
0,0,COM3D2OHx64_Data\sharedassets23.assets,18126824,351933E1,1160
0,0,COM3D2OHx64_Data\sharedassets24.assets,12328,95FC7C79,1160
0,0,COM3D2OHx64_Data\sharedassets25.assets,4420,EA123162,1160
0,0,COM3D2OHx64_Data\sharedassets26.assets,4324,00BCC36A,1160
0,0,COM3D2OHx64_Data\sharedassets27.assets,4264,76741B06,1160
0,0,COM3D2OHx64_Data\sharedassets28.assets,6088,68AF33BD,1160
0,0,COM3D2OHx64_Data\sharedassets29.assets,12352,D9DE8B35,1160
0,0,COM3D2OHx64_Data\sharedassets3.assets,12808,0C4A5133,1160
0,0,COM3D2OHx64_Data\sharedassets30.assets,12352,9893BD77,1160
0,0,COM3D2OHx64_Data\sharedassets31.assets,12352,4A5B333D,1160
0,0,COM3D2OHx64_Data\sharedassets32.assets,9244,56ECA053,1160
0,0,COM3D2OHx64_Data\sharedassets33.assets,9352,54CB594A,1160
0,0,COM3D2OHx64_Data\sharedassets34.assets,9340,3951033E,1160
0,0,COM3D2OHx64_Data\sharedassets35.assets,12436,62CE1376,1160
0,0,COM3D2OHx64_Data\sharedassets36.assets,9136,D0D54874,1160
0,0,COM3D2OHx64_Data\sharedassets37.assets,9172,41569758,1160
0,0,COM3D2OHx64_Data\sharedassets38.assets,12436,62CE1376,1160
0,0,COM3D2OHx64_Data\sharedassets39.assets,9376,F310B130,1160
0,0,COM3D2OHx64_Data\sharedassets4.assets,7072,98C231DB,1160
0,0,COM3D2OHx64_Data\sharedassets40.assets,9172,41569758,1160
0,0,COM3D2OHx64_Data\sharedassets41.assets,9316,467D1CB6,1160
0,0,COM3D2OHx64_Data\sharedassets42.assets,12352,02FA2619,1160
0,0,COM3D2OHx64_Data\sharedassets43.assets,9352,54CB594A,1160
0,0,COM3D2OHx64_Data\sharedassets44.assets,9340,3951033E,1160
0,0,COM3D2OHx64_Data\sharedassets45.assets,42236508,4A8C69AE,1160
0,0,COM3D2OHx64_Data\sharedassets45.assets.resS,87400,8BA6C322,1160
0,0,COM3D2OHx64_Data\sharedassets46.assets,38246476,FFE5F475,1160
0,0,COM3D2OHx64_Data\sharedassets47.assets,32874572,7298CDD1,1160
0,0,COM3D2OHx64_Data\sharedassets48.assets,36735644,7859AD35,1160
0,0,COM3D2OHx64_Data\sharedassets48.assets.resS,174776,5B619AF1,1160
0,0,COM3D2OHx64_Data\sharedassets49.assets,41277328,6EFD55B1,1160
0,0,COM3D2OHx64_Data\sharedassets5.assets,6076,43D6A0F6,1160
0,0,COM3D2OHx64_Data\sharedassets50.assets,39399080,08E9A578,1160
0,0,COM3D2OHx64_Data\sharedassets51.assets,3016908,E1473D7A,1160
0,0,COM3D2OHx64_Data\sharedassets51.assets.resS,611728,7BFBEAAE,1160
0,0,COM3D2OHx64_Data\sharedassets52.assets,9400,27E80DAA,1160
0,0,COM3D2OHx64_Data\sharedassets53.assets,6472,96829027,1160
0,0,COM3D2OHx64_Data\sharedassets54.assets,6472,96829027,1160
0,0,COM3D2OHx64_Data\sharedassets55.assets,6472,96829027,1160
0,0,COM3D2OHx64_Data\sharedassets56.assets,12364,73F84EBD,1160
0,0,COM3D2OHx64_Data\sharedassets57.assets,9352,8EAA4C75,1160
0,0,COM3D2OHx64_Data\sharedassets6.assets,6988,89A69D63,1160
0,0,COM3D2OHx64_Data\sharedassets7.assets,6052,26F858DE,1160
0,0,COM3D2OHx64_Data\sharedassets8.assets,6292,1EBC4750,1160
0,0,COM3D2OHx64_Data\sharedassets9.assets,6100,D37F0238,1160
0,0,COM3D2OHx64_Data\Managed\Accessibility.dll,10752,5CB31E4E,1160
0,0,COM3D2OHx64_Data\Managed\Assembly-CSharp-firstpass.dll,787456,4FD62F48,1160
0,0,COM3D2OHx64_Data\Managed\Assembly-CSharp.dll,4958720,D56F9F12,1160
0,0,COM3D2OHx64_Data\Managed\Assembly-UnityScript-firstpass.dll,65024,CB090D4F,1160
0,0,COM3D2OHx64_Data\Managed\Boo.Lang.dll,126976,28383F70,1160
0,0,COM3D2OHx64_Data\Managed\BouncyCastle.Crypto.dll,2236416,5A4C4F07,1160
0,0,COM3D2OHx64_Data\Managed\FoveUnityPlugin.dll,28672,A6EA882B,1160
0,0,COM3D2OHx64_Data\Managed\ICSharpCode.SharpZipLib.dll,200704,D3160A1C,1160
0,0,COM3D2OHx64_Data\Managed\Ionic.Zlib.dll,102400,7C9E7DD2,1160
0,0,COM3D2OHx64_Data\Managed\JsonFx.Json.dll,70144,A0F0CFCB,1160
0,0,COM3D2OHx64_Data\Managed\LeapCSharp.NET3.5.dll,82432,38E38212,1160
0,0,COM3D2OHx64_Data\Managed\Mono.Data.Tds.dll,96256,2965324B,1160
0,0,COM3D2OHx64_Data\Managed\Mono.Posix.dll,184320,0CE35BE3,1160
0,0,COM3D2OHx64_Data\Managed\Mono.Security.dll,294912,66EB9979,1160
0,0,COM3D2OHx64_Data\Managed\Mono.WebBrowser.dll,172032,137B736F,1160
0,0,COM3D2OHx64_Data\Managed\mscorlib.dll,2590208,5166389B,1160
0,0,COM3D2OHx64_Data\Managed\Newtonsoft.Json.dll,494592,5C881B73,1160
0,0,COM3D2OHx64_Data\Managed\System.Configuration.dll,124928,72952344,1160
0,0,COM3D2OHx64_Data\Managed\System.Core.dll,297472,9E3EE5D7,1160
0,0,COM3D2OHx64_Data\Managed\System.Data.dll,856064,DDDB80CD,1160
0,0,COM3D2OHx64_Data\Managed\System.dll,1679360,13922617,1160
0,0,COM3D2OHx64_Data\Managed\System.Drawing.Design.dll,29696,E7B53FF9,1160
0,0,COM3D2OHx64_Data\Managed\System.Drawing.dll,448512,C4B2E872,1160
0,0,COM3D2OHx64_Data\Managed\System.EnterpriseServices.dll,46592,2C72A9FE,1160
0,0,COM3D2OHx64_Data\Managed\System.Security.dll,135168,1CE94C57,1160
0,0,COM3D2OHx64_Data\Managed\System.Transactions.dll,27648,45299FCF,1160
0,0,COM3D2OHx64_Data\Managed\System.Windows.Forms.dll,3053568,56394001,1160
0,0,COM3D2OHx64_Data\Managed\System.Xml.dll,1270272,4581A35B,1160
0,0,COM3D2OHx64_Data\Managed\System.Xml.Linq.dll,106496,E844371C,1160
0,0,COM3D2OHx64_Data\Managed\UnityEngine.dll,1393152,2C35388C,1160
0,0,COM3D2OHx64_Data\Managed\UnityEngine.dll.mdb,449828,8610375E,1160
0,0,COM3D2OHx64_Data\Managed\UnityEngine.Networking.dll,253952,2BDF701F,1160
0,0,COM3D2OHx64_Data\Managed\UnityEngine.UI.dll,245760,FA552B2D,1160
0,0,COM3D2OHx64_Data\Managed\UnityEngine.VR.dll,3072,A4582CD6,1160
0,0,COM3D2OHx64_Data\Managed\UnityScript.Lang.dll,13824,0DA8F681,1160
0,0,COM3D2OHx64_Data\Managed\zxing.unity.dll,430592,9FD1F198,1160
0,0,COM3D2OHx64_Data\Mono\mono.dll,2618816,0BEA8C0F,1160
0,0,COM3D2OHx64_Data\Mono\MonoPosixHelper.dll,113664,9B5E1E4D,1160
0,0,COM3D2OHx64_Data\Mono\etc\mono\browscap.ini,311984,CE6C0AB3,1160
0,0,COM3D2OHx64_Data\Mono\etc\mono\config,1691,A635914A,1160
0,0,COM3D2OHx64_Data\Mono\etc\mono\1.0\DefaultWsdlHelpGenerator.aspx,58196,10E814BF,1160
0,0,COM3D2OHx64_Data\Mono\etc\mono\1.0\machine.config,17258,EDE1AC59,1160
0,0,COM3D2OHx64_Data\Mono\etc\mono\2.0\DefaultWsdlHelpGenerator.aspx,60453,F3869A34,1160
0,0,COM3D2OHx64_Data\Mono\etc\mono\2.0\machine.config,27625,73C91C24,1160
0,0,COM3D2OHx64_Data\Mono\etc\mono\2.0\settings.map,2618,A1A3C29F,1160
0,0,COM3D2OHx64_Data\Mono\etc\mono\2.0\web.config,11686,534A9960,1160
0,0,COM3D2OHx64_Data\Mono\etc\mono\2.0\Browsers\Compat.browser,1605,2E178A0B,1160
0,0,COM3D2OHx64_Data\Mono\etc\mono\mconfig\config.xml,25817,80B2033A,1160
0,0,COM3D2OHx64_Data\Plugins\assimp.dll,4388864,7C910D84,1160
0,0,COM3D2OHx64_Data\Plugins\Audio360.dll,1499136,2D77400A,1160
0,0,COM3D2OHx64_Data\Plugins\AVProVideo.dll,891392,A3612D4B,1160
0,0,COM3D2OHx64_Data\Plugins\clothpp.dll,112128,7C3264A4,1160
0,0,COM3D2OHx64_Data\Plugins\cm3d2.dll,2092032,FB380F6E,1160
0,0,COM3D2OHx64_Data\Plugins\device_hook.dll,738816,F61E7CED,1160
0,0,COM3D2OHx64_Data\Plugins\FoveClient.dll,1849384,58C8B4F6,1160
0,0,COM3D2OHx64_Data\Plugins\LeapC.dll,2516992,FBDD3767,1160
0,0,COM3D2OHx64_Data\Plugins\openvr_api.dll,318272,44432E0F,1160
0,0,COM3D2OHx64_Data\Plugins\OVRGamepad.dll,12800,2C526135,1160
0,0,COM3D2OHx64_Data\Plugins\OVRLipSync.dll,2512296,391C1F4C,1160
0,0,COM3D2OHx64_Data\Plugins\OVRPlugin.dll,1898408,5DD05B6C,1160
0,0,COM3D2OHx64_Data\Resources\unity default resources,752360,71DB1AEA,1160
0,0,COM3D2OHx64_Data\Resources\unity_builtin_extra,284012,91145F7F,1160
0,0,GameData\bg_kissevent2018_sp_card_2.arc,493322,140250D1,1100
0,0,GameData\csv.arc,2905524,7C4D08BB,1160
0,0,GameData\csv_cbl.arc,670649,50C9DFA6,1160
0,0,GameData\csv_old_2.arc,1746,7AD2A97C,1150
0,0,GameData\csv_ordermade001_2.arc,770,422A7575,1150
0,0,GameData\motion_cbl2.arc,2393076,010E3778,1160
0,0,GameData\motion_cbl_3d21reserve_2.arc,153938,9CB83B59,1120
0,0,GameData\parts2.arc,118310391,AE25BF56,1120
0,0,GameData\parts_magazine003_2.arc,201385,3A5B273D,1120
0,0,GameData\parts_kissevent2018_2.arc,5570,005BBD00,1100
0,0,GameData\parts_omvr.arc,3206509,4F0D0480,1120
0,0,GameData\paths.dat,2623,E4304410,1160
0,0,GameData\prioritymaterial.arc,287917,502C42C2,1160
0,0,GameData\script_cbl.arc,5213188,E913BA65,1160
0,0,GameData\script_share_karaoke_2.arc,1939,6A7D34A5,1000
0,0,GameData\system2.arc,10720595,37094157,1150
0,0,GameData_20\material_denkigai2015s003_2.arc,7106,0C82D791,1150
0,0,GameData_20\material_denkigai2015wTowelR.arc,1602,618192B9,1360
0,0,GameData_20\material_dlc055_2.arc,5282,11A93109,1280
0,0,GameData_20\material_dlsite_2.arc,1762,C5A837EA,1150
0,0,GameData_20\material_shop001_2.arc,1762,D98CED1C,1150
0,0,GameData_20\material_shop002_2.arc,1762,956BB00E,1150
0,0,GameData_20\material_shop003_2.arc,1762,38CEBFF2,1150
0,0,GameData_20\material_shop005_2.arc,1714,3E621A32,1150
0,0,GameData_20\material_shop007_2.arc,2578,C8CE627C,1150
0,0,GameData_20\material_vp001_2.arc,11890,8CB043B0,1400
0,0,GameData_20\material_yomeido003_2.arc,1522,0689A7AC,1240
0,0,GameData_20\menu_denkigai2015s001_2.arc,6594,8B3E849F,1160
0,0,GameData_20\menu_denkigai2015s003_2.arc,4338,D294CE88,1150
0,0,GameData_20\menu_denkigai2015wTowelR.arc,1282,CECEE1FC,1360
0,0,GameData_20\menu_denkigai2016s_2.arc,1346,4A9440B1,1351
0,0,GameData_20\menu_denkigai2016w_2.arc,15154,C8D64D3B,1450
0,0,GameData_20\menu_denkigai2017s_2.arc,1218,267B1338,1540
0,0,GameData_20\menu_dlcdenkigai2016w_2.arc,13522,45E7F667,1450
0,0,GameData_20\menu_dlcdenkigai2017s_2.arc,1218,A6C83B5D,1540
0,0,GameData_20\menu_dlc026_2.arc,3778,69453D54,1190
0,0,GameData_20\menu_dlc028_2.arc,3874,DE3F1C31,1200
0,0,GameData_20\menu_dlc041_2.arc,6786,97F738D3,1380
0,0,GameData_20\menu_dlc042_2.arc,1154,EE4016C0,1440
0,0,GameData_20\menu_dlc049_2.arc,3106,E30D6F4C,1522
0,0,GameData_20\menu_dlc061_2.arc,3810,F99C1D4E,1290
0,0,GameData_20\menu_dlc065_2.arc,7602,D9387834,1380
0,0,GameData_20\menu_dlc074_2.arc,5618,24C559D7,1312
0,0,GameData_20\menu_dlc100_2.arc,1250,DFF94E9A,1400
0,0,GameData_20\menu_dlc101_2.arc,1218,44DB4049,1481
0,0,GameData_20\menu_dlsite_2.arc,1954,B2268BA7,1150
0,0,GameData_20\menu_magazine002_2.arc,12498,691C1126,1471
0,0,GameData_20\menu_personal002_2.arc,1282,5687650C,1310
0,0,GameData_20\menu_shop001_2.arc,3314,35207C87,1150
0,0,GameData_20\menu_shop005_2.arc,1378,0C9AF725,1150
0,0,GameData_20\menu_vp001_2.arc,19138,7C7AFD9C,1400
0,0,GameData_20\menu_yomeido003_2.arc,1234,4D6F619D,1240
0,0,GameData_20\menu_yomeidogp_wedding_2.arc,3954,C251B12C,1320
0,0,GameData_20\model_denkigai2015s003_2.arc,394665,41A48185,1150
0,0,GameData_20\model_denkigai2015wTowelR.arc,38258,FB570A24,1360
0,0,GameData_20\model_denkigai2017s_2.arc,462663,8917104A,1582
0,0,GameData_20\model_dlcdenkigai2017s_2.arc,462667,9F0C3D54,1582
0,0,GameData_20\model_dlc005_2.arc,175424,F7DD7D82,1270
0,0,GameData_20\model_dlc046_2.arc,155690,83B34173,1220
0,0,GameData_20\model_dlc073_2.arc,267037,47D33A06,1320
0,0,GameData_20\model_dlc100_2.arc,691347,7C3D679D,1400
0,0,GameData_20\model_dlc109_2.arc,137998,8FCCF513,1460
0,0,GameData_20\model_dlc151_2.arc,213532,8C3C80C3,1520
0,0,GameData_20\model_dlsite_2.arc,197173,24366C43,1150
0,0,GameData_20\model_shop001_2.arc,115215,9C941FAF,1150
0,0,GameData_20\model_shop002_2.arc,251253,743C3D97,1150
0,0,GameData_20\model_shop003_2.arc,185433,A15EC70A,1150
0,0,GameData_20\model_shop005_2.arc,150103,FB5341FA,1150
0,0,GameData_20\model_shop007_2.arc,288759,80615CBD,1150
0,0,GameData_20\model_vp001_2.arc,647957,D68B5D2F,1400
0,0,GameData_20\texture_denkigai2015wTowelR.arc,133065,FE4BDC34,1360
0,0,GameData_20\texture_denkigai2016w_2.arc,10105247,3B4641C3,1450
0,0,GameData_20\texture_dlcdenkigai2016w_2.arc,10105332,90868016,1450
0,0,GameData_20\texture_kissevent2017march.arc,281,FF4EEB9B,1522
0,0,GameData_20\texture_kissevent2017march_2.arc,79432605,C1FCD24F,1522
0,0,GameData_20\texture_dlc004_2.arc,4805734,C8E5CFB4,1200
0,0,GameData_20\texture_dlc046_2.arc,596960,FC606BA5,1220
0,0,GameData_20\texture_vp001_2.arc,755269,18D5027D,1400
0,0,GameData_20\texture_yomeido003_2.arc,117248,0EE72B42,1240
