0,0,COM3D2OH.exe,6623232,E30BEDE0,2006
0,0,COM3D2OHx64.exe,22841856,858642A8,1480
0,0,LICENSE,31205,24BAD003,1480
0,0,COM3D2OHx64_Data\app.info,42,6CD75754,1480
0,0,COM3D2OHx64_Data\globalgamemanagers,4457452,87D22F90,1480
0,0,COM3D2OHx64_Data\globalgamemanagers.assets,244036,00A2BA66,1480
0,0,COM3D2OHx64_Data\level0,325484,AF8E593E,1480
0,0,COM3D2OHx64_Data\level1,348628,07DFB545,1480
0,0,COM3D2OHx64_Data\level10,696836,B3E81ED7,1480
0,0,COM3D2OHx64_Data\level11,7476,051DB040,1480
0,0,COM3D2OHx64_Data\level12,327940,19B92BEC,1480
0,0,COM3D2OHx64_Data\level13,4664,A78D5E5E,1480
0,0,COM3D2OHx64_Data\level14,344628,695BE227,1480
0,0,COM3D2OHx64_Data\level15,334324,1AE28974,1480
0,0,COM3D2OHx64_Data\level16,955468,B2900689,1480
0,0,COM3D2OHx64_Data\level17,427148,7FEE0686,1480
0,0,COM3D2OHx64_Data\level18,1085108,DAF8507E,1480
0,0,COM3D2OHx64_Data\level19,410628,7653019B,1480
0,0,COM3D2OHx64_Data\level2,740260,6BC20BFE,1480
0,0,COM3D2OHx64_Data\level20,2187796,38A78C40,1480
0,0,COM3D2OHx64_Data\level21,1115116,54880C52,1480
0,0,COM3D2OHx64_Data\level22,1088388,5E907300,1480
0,0,COM3D2OHx64_Data\level23,447676,49548A68,1480
0,0,COM3D2OHx64_Data\level24,27904,45AA2A22,1480
0,0,COM3D2OHx64_Data\level24.resS,131232,851AC384,1480
0,0,COM3D2OHx64_Data\level25,51676,B313717D,1480
0,0,COM3D2OHx64_Data\level26,56036,4DAEB2EC,1480
0,0,COM3D2OHx64_Data\level27,6832,1E4DE853,1480
0,0,COM3D2OHx64_Data\level28,326388,ED052668,1480
0,0,COM3D2OHx64_Data\level29,1576436,297F6AB0,1480
0,0,COM3D2OHx64_Data\level3,1212932,F53AC9F8,1480
0,0,COM3D2OHx64_Data\level30,1433068,D4CA2596,1480
0,0,COM3D2OHx64_Data\level31,1454668,B4672CE0,1480
0,0,COM3D2OHx64_Data\level32,1349900,00870792,1480
0,0,COM3D2OHx64_Data\level33,1414356,5D7655EE,1480
0,0,COM3D2OHx64_Data\level34,1539780,767149FB,1480
0,0,COM3D2OHx64_Data\level35,1276764,3C6CD70D,1480
0,0,COM3D2OHx64_Data\level36,1027388,3F05B577,1480
0,0,COM3D2OHx64_Data\level37,1034628,F890ADC9,1480
0,0,COM3D2OHx64_Data\level38,1276764,6213C407,1480
0,0,COM3D2OHx64_Data\level39,1157324,5B5CFFEE,1480
0,0,COM3D2OHx64_Data\level4,1301084,C2A639AA,1480
0,0,COM3D2OHx64_Data\level40,945940,6D35737F,1480
0,0,COM3D2OHx64_Data\level41,1232332,054DCE98,1480
0,0,COM3D2OHx64_Data\level42,1374804,09491CD5,1480
0,0,COM3D2OHx64_Data\level43,1333348,E5CD982E,1480
0,0,COM3D2OHx64_Data\level44,918156,0CABBDFA,1480
0,0,COM3D2OHx64_Data\level45,401292,8BD031CC,1480
0,0,COM3D2OHx64_Data\level46,397660,29C27616,1480
0,0,COM3D2OHx64_Data\level47,441372,EACC86C6,1480
0,0,COM3D2OHx64_Data\level48,463500,CAA58D3C,1480
0,0,COM3D2OHx64_Data\level49,391900,4F6906A0,1480
0,0,COM3D2OHx64_Data\level5,326980,8B561C53,1480
0,0,COM3D2OHx64_Data\level50,451860,6D76A365,1480
0,0,COM3D2OHx64_Data\level51,1040300,82E52C50,1480
0,0,COM3D2OHx64_Data\level52,964700,CB9796E4,1480
0,0,COM3D2OHx64_Data\level53,444580,7E1DAE34,1480
0,0,COM3D2OHx64_Data\level54,466724,2A280287,1480
0,0,COM3D2OHx64_Data\level55,457308,EDE7C355,1480
0,0,COM3D2OHx64_Data\level56,1044708,47BEB2E9,1480
0,0,COM3D2OHx64_Data\level57,1004980,B0D8E117,1480
0,0,COM3D2OHx64_Data\level58,450356,DD867D01,1480
0,0,COM3D2OHx64_Data\level59,434876,EF5B1D04,1480
0,0,COM3D2OHx64_Data\level6,417140,D2550AF1,1480
0,0,COM3D2OHx64_Data\level60,416548,CEC96411,1480
0,0,COM3D2OHx64_Data\level61,1384100,E12CB912,1480
0,0,COM3D2OHx64_Data\level62,1324852,9BCC70DE,1480
0,0,COM3D2OHx64_Data\level63,503372,AD6DAF6B,1480
0,0,COM3D2OHx64_Data\level64,405500,C2224736,1480
0,0,COM3D2OHx64_Data\level65,1252868,470CAB99,1480
0,0,COM3D2OHx64_Data\level66,970700,D65D1CF3,1480
0,0,COM3D2OHx64_Data\level67,1429172,69468DA5,1480
0,0,COM3D2OHx64_Data\level68,1370324,B6EBA986,1480
0,0,COM3D2OHx64_Data\level69,1576444,FAAA5E0F,1480
0,0,COM3D2OHx64_Data\level7,325996,57C3BE4B,1480
0,0,COM3D2OHx64_Data\level70,1539788,B647FBDA,1480
0,0,COM3D2OHx64_Data\level71,1371476,2940E9E0,1480
0,0,COM3D2OHx64_Data\level72,1337420,90126948,1480
0,0,COM3D2OHx64_Data\level73,418108,3014F424,1480
0,0,COM3D2OHx64_Data\level74,406740,B2A66A68,1480
0,0,COM3D2OHx64_Data\level75,1050580,5DED0303,1480
0,0,COM3D2OHx64_Data\level76,851868,2ACDD50F,1480
0,0,COM3D2OHx64_Data\level77,958636,62CF1F0C,1480
0,0,COM3D2OHx64_Data\level78,852828,CE7CC392,1480
0,0,COM3D2OHx64_Data\level79,1030196,46750184,1480
0,0,COM3D2OHx64_Data\level8,393444,30B85E81,1480
0,0,COM3D2OHx64_Data\level80,1693556,35D422D1,1480
0,0,COM3D2OHx64_Data\level81,1644628,7144F428,1480
0,0,COM3D2OHx64_Data\level82,1113404,16C1F9FE,1480
0,0,COM3D2OHx64_Data\level83,1057076,D6BEC67E,1480
0,0,COM3D2OHx64_Data\level84,1512532,B68AD920,1480
0,0,COM3D2OHx64_Data\level85,1611460,9B339E41,1480
0,0,COM3D2OHx64_Data\level86,1054972,49AD81F4,1480
0,0,COM3D2OHx64_Data\level87,970516,1747FDE8,1480
0,0,COM3D2OHx64_Data\level88,1679468,BB4C5DB1,1480
0,0,COM3D2OHx64_Data\level89,1576276,24C5C50B,1480
0,0,COM3D2OHx64_Data\level9,329108,84159F46,1480
0,0,COM3D2OHx64_Data\level90,468012,7174EF61,1480
0,0,COM3D2OHx64_Data\level91,487788,06C69EEE,1480
0,0,COM3D2OHx64_Data\level92,576276,E4A731DC,1480
0,0,COM3D2OHx64_Data\level93,535252,955AED0E,1480
0,0,COM3D2OHx64_Data\level93.resS,131232,9337BCA3,1480
0,0,COM3D2OHx64_Data\resources.assets,422520792,4D7C03B1,1480
0,0,COM3D2OHx64_Data\resources.assets.resS,1791863664,DAEC54FC,1480
0,0,COM3D2OHx64_Data\resources.resource,727392,54F90BDA,1480
0,0,COM3D2OHx64_Data\sharedassets0.assets,115226516,F3F097DF,1480
0,0,COM3D2OHx64_Data\sharedassets0.assets.resS,28071636,A1AB9432,1480
0,0,COM3D2OHx64_Data\sharedassets1.assets,6256,1CE8F8D8,1480
0,0,COM3D2OHx64_Data\sharedassets10.assets,6652,6BB90214,1480
0,0,COM3D2OHx64_Data\sharedassets11.assets,4564,2A991DA6,1480
0,0,COM3D2OHx64_Data\sharedassets12.assets,6148,AF1312F1,1480
0,0,COM3D2OHx64_Data\sharedassets13.assets,4132,DDFC4326,1480
0,0,COM3D2OHx64_Data\sharedassets14.assets,6868,2FE28F09,1480
0,0,COM3D2OHx64_Data\sharedassets15.assets,6232,56F3FF36,1480
0,0,COM3D2OHx64_Data\sharedassets16.assets,30936236,DE8E5532,1480
0,0,COM3D2OHx64_Data\sharedassets17.assets,6292,3722D3B4,1480
0,0,COM3D2OHx64_Data\sharedassets18.assets,48052092,071DC48F,1480
0,0,COM3D2OHx64_Data\sharedassets19.assets,6316,258D3761,1480
0,0,COM3D2OHx64_Data\sharedassets2.assets,6556,785C4AD6,1480
0,0,COM3D2OHx64_Data\sharedassets20.assets,7096,563B7AC6,1480
0,0,COM3D2OHx64_Data\sharedassets21.assets,39516308,737A32F5,1480
0,0,COM3D2OHx64_Data\sharedassets22.assets,12664,DA7407EE,1480
0,0,COM3D2OHx64_Data\sharedassets23.assets,18126856,E05146B5,1480
0,0,COM3D2OHx64_Data\sharedassets24.assets,12328,BBB1D4A2,1480
0,0,COM3D2OHx64_Data\sharedassets25.assets,4420,F2067740,1480
0,0,COM3D2OHx64_Data\sharedassets26.assets,4324,EFCB0D26,1480
0,0,COM3D2OHx64_Data\sharedassets27.assets,4264,9EA5FF06,1480
0,0,COM3D2OHx64_Data\sharedassets28.assets,6124,CFC00234,1480
0,0,COM3D2OHx64_Data\sharedassets29.assets,145550532,84A16073,1480
0,0,COM3D2OHx64_Data\sharedassets3.assets,12916,927FD293,1480
0,0,COM3D2OHx64_Data\sharedassets30.assets,135254532,5B351406,1480
0,0,COM3D2OHx64_Data\sharedassets31.assets,127532532,1D8943D9,1480
0,0,COM3D2OHx64_Data\sharedassets32.assets,9388,AF4C4141,1480
0,0,COM3D2OHx64_Data\sharedassets33.assets,9496,887B83EB,1480
0,0,COM3D2OHx64_Data\sharedassets34.assets,9484,54C9165B,1480
0,0,COM3D2OHx64_Data\sharedassets35.assets,128819620,60DC78BC,1480
0,0,COM3D2OHx64_Data\sharedassets36.assets,9256,B4595CC3,1480
0,0,COM3D2OHx64_Data\sharedassets37.assets,9280,CD43BC3D,1480
0,0,COM3D2OHx64_Data\sharedassets38.assets,12712,0A0F7CD8,1480
0,0,COM3D2OHx64_Data\sharedassets39.assets,9484,714D9C9D,1480
0,0,COM3D2OHx64_Data\sharedassets4.assets,7156,BB25CC76,1480
0,0,COM3D2OHx64_Data\sharedassets40.assets,9292,48B3F72D,1480
0,0,COM3D2OHx64_Data\sharedassets41.assets,9460,0659E451,1480
0,0,COM3D2OHx64_Data\sharedassets42.assets,141689532,72CEFA8F,1480
0,0,COM3D2OHx64_Data\sharedassets43.assets,9496,FBFBB117,1480
0,0,COM3D2OHx64_Data\sharedassets44.assets,9460,3B5B6677,1480
0,0,COM3D2OHx64_Data\sharedassets45.assets,42236540,74859708,1480
0,0,COM3D2OHx64_Data\sharedassets45.assets.resS,87400,8BA6C322,1480
0,0,COM3D2OHx64_Data\sharedassets46.assets,38246508,44F74F2A,1480
0,0,COM3D2OHx64_Data\sharedassets47.assets,32874604,40003FDA,1480
0,0,COM3D2OHx64_Data\sharedassets48.assets,36735684,B4317FFA,1480
0,0,COM3D2OHx64_Data\sharedassets48.assets.resS,174776,5B619AF1,1480
0,0,COM3D2OHx64_Data\sharedassets49.assets,41277360,8A88DFCA,1480
0,0,COM3D2OHx64_Data\sharedassets5.assets,6136,321E0F44,1480
0,0,COM3D2OHx64_Data\sharedassets50.assets,39399112,32D57055,1480
0,0,COM3D2OHx64_Data\sharedassets51.assets,3017148,B90490E2,1480
0,0,COM3D2OHx64_Data\sharedassets51.assets.resS,611728,7BFBEAAE,1480
0,0,COM3D2OHx64_Data\sharedassets52.assets,9508,76AD6EE4,1480
0,0,COM3D2OHx64_Data\sharedassets53.assets,6508,68FABA8B,1480
0,0,COM3D2OHx64_Data\sharedassets54.assets,6508,68FABA8B,1480
0,0,COM3D2OHx64_Data\sharedassets55.assets,6508,68FABA8B,1480
0,0,COM3D2OHx64_Data\sharedassets56.assets,12604,DD4C4F3B,1480
0,0,COM3D2OHx64_Data\sharedassets57.assets,9460,C6187357,1480
0,0,COM3D2OHx64_Data\sharedassets58.assets,6472,8287429D,1480
0,0,COM3D2OHx64_Data\sharedassets59.assets,59364,C661AA85,1480
0,0,COM3D2OHx64_Data\sharedassets59.assets.resS,174776,B51EE5DC,1480
0,0,COM3D2OHx64_Data\sharedassets6.assets,7096,80FD1D51,1480
0,0,COM3D2OHx64_Data\sharedassets60.assets,6484,C47FAF0F,1480
0,0,COM3D2OHx64_Data\sharedassets61.assets,759664,0F65C670,1480
0,0,COM3D2OHx64_Data\sharedassets61.assets.resS,1310880,58801C35,1480
0,0,COM3D2OHx64_Data\sharedassets61.resource,1178176,90268BF4,1480
0,0,COM3D2OHx64_Data\sharedassets62.assets,9316,90C44FFA,1480
0,0,COM3D2OHx64_Data\sharedassets63.assets,52838324,F6C21DE8,1480
0,0,COM3D2OHx64_Data\sharedassets63.assets.resS,6226112,B3E98769,1480
0,0,COM3D2OHx64_Data\sharedassets64.assets,6580,7B88961B,1480
0,0,COM3D2OHx64_Data\sharedassets65.assets,13852,39231509,1480
0,0,COM3D2OHx64_Data\sharedassets66.assets,9448,7AFB27DC,1480
0,0,COM3D2OHx64_Data\sharedassets67.assets,12616,F9FE1DE3,1480
0,0,COM3D2OHx64_Data\sharedassets68.assets,9436,EF98378F,1480
0,0,COM3D2OHx64_Data\sharedassets69.assets,12628,03942CD9,1480
0,0,COM3D2OHx64_Data\sharedassets7.assets,6088,2D0393B1,1480
0,0,COM3D2OHx64_Data\sharedassets70.assets,9484,54C9165B,1480
0,0,COM3D2OHx64_Data\sharedassets71.assets,12616,F9FE1DE3,1480
0,0,COM3D2OHx64_Data\sharedassets72.assets,10384,B7126064,1480
0,0,COM3D2OHx64_Data\sharedassets73.assets,6868,D9BA5792,1480
0,0,COM3D2OHx64_Data\sharedassets74.assets,6436,E5CA8DD5,1480
0,0,COM3D2OHx64_Data\sharedassets75.assets,11692,65D6DC47,1480
0,0,COM3D2OHx64_Data\sharedassets75.resource,2729184,2D4064D6,1480
0,0,COM3D2OHx64_Data\sharedassets76.assets,11560,85898EAC,1480
0,0,COM3D2OHx64_Data\sharedassets77.assets,8296,2646AA48,1480
0,0,COM3D2OHx64_Data\sharedassets78.assets,7612,0F159DD7,1480
0,0,COM3D2OHx64_Data\sharedassets79.assets,353884,66B0FE5D,1480
0,0,COM3D2OHx64_Data\sharedassets79.assets.resS,2272048,E50143CB,1480
0,0,COM3D2OHx64_Data\sharedassets79.resource,6236800,C7E9CFDE,1480
0,0,COM3D2OHx64_Data\sharedassets8.assets,6328,06028EE4,1480
0,0,COM3D2OHx64_Data\sharedassets80.assets,6568304,72EAF62D,1480
0,0,COM3D2OHx64_Data\sharedassets80.assets.resS,10936,3B0D7ADF,1480
0,0,COM3D2OHx64_Data\sharedassets80.resource,1136352,956B5452,1480
0,0,COM3D2OHx64_Data\sharedassets81.assets,10252,37A62F85,1480
0,0,COM3D2OHx64_Data\sharedassets82.assets,12796,E3784CDD,1480
0,0,COM3D2OHx64_Data\sharedassets83.assets,9592,398F6681,1480
0,0,COM3D2OHx64_Data\sharedassets84.assets,9716,DF1675E9,1480
0,0,COM3D2OHx64_Data\sharedassets84.resource,1003968,52A085C2,1480
0,0,COM3D2OHx64_Data\sharedassets85.assets,12916,2D952FDC,1480
0,0,COM3D2OHx64_Data\sharedassets86.assets,12856,F4A62338,1480
0,0,COM3D2OHx64_Data\sharedassets87.assets,9532,3D98EF26,1480
0,0,COM3D2OHx64_Data\sharedassets88.assets,13300,A40480E8,1480
0,0,COM3D2OHx64_Data\sharedassets88.resource,1166848,2709F6C2,1480
0,0,COM3D2OHx64_Data\sharedassets89.assets,9844,7FDE6E36,1480
0,0,COM3D2OHx64_Data\sharedassets9.assets,6232,9600EA4B,1480
0,0,COM3D2OHx64_Data\sharedassets90.assets,6652,69D527DF,1480
0,0,COM3D2OHx64_Data\sharedassets91.assets,6652,69D527DF,1480
0,0,COM3D2OHx64_Data\sharedassets92.assets,6616,2107FB95,1480
0,0,COM3D2OHx64_Data\sharedassets93.assets,6340,0D15C84D,1480
0,0,COM3D2OHx64_Data\Managed\Accessibility.dll,10752,5CB31E4E,1480
0,0,COM3D2OHx64_Data\Managed\Assembly-CSharp-firstpass.dll,791040,C62A1BC5,1480
0,0,COM3D2OHx64_Data\Managed\Assembly-CSharp.dll,5526528,CE1CEF5D,1480
0,0,COM3D2OHx64_Data\Managed\Assembly-UnityScript-firstpass.dll,65024,9551AF20,1480
0,0,COM3D2OHx64_Data\Managed\Boo.Lang.dll,126976,28383F70,1480
0,0,COM3D2OHx64_Data\Managed\BouncyCastle.Crypto.dll,2236416,5A4C4F07,1480
0,0,COM3D2OHx64_Data\Managed\FoveUnityPlugin.dll,28672,A6EA882B,1480
0,0,COM3D2OHx64_Data\Managed\ICSharpCode.SharpZipLib.dll,200704,D3160A1C,1480
0,0,COM3D2OHx64_Data\Managed\Ionic.Zlib.dll,102400,7C9E7DD2,1480
0,0,COM3D2OHx64_Data\Managed\JsonFx.Json.dll,70144,A0F0CFCB,1480
0,0,COM3D2OHx64_Data\Managed\LeapCSharp.NET3.5.dll,82432,38E38212,1480
0,0,COM3D2OHx64_Data\Managed\Mono.Data.Tds.dll,96256,2965324B,1480
0,0,COM3D2OHx64_Data\Managed\Mono.Posix.dll,184320,0CE35BE3,1480
0,0,COM3D2OHx64_Data\Managed\Mono.Security.dll,294912,66EB9979,1480
0,0,COM3D2OHx64_Data\Managed\Mono.WebBrowser.dll,172032,137B736F,1480
0,0,COM3D2OHx64_Data\Managed\mscorlib.dll,2590208,5166389B,1480
0,0,COM3D2OHx64_Data\Managed\Newtonsoft.Json.dll,494592,5C881B73,1480
0,0,COM3D2OHx64_Data\Managed\System.Configuration.dll,124928,72952344,1480
0,0,COM3D2OHx64_Data\Managed\System.Core.dll,297472,9E3EE5D7,1480
0,0,COM3D2OHx64_Data\Managed\System.Data.dll,856064,DDDB80CD,1480
0,0,COM3D2OHx64_Data\Managed\System.dll,1679360,13922617,1480
0,0,COM3D2OHx64_Data\Managed\System.Drawing.Design.dll,29696,E7B53FF9,1480
0,0,COM3D2OHx64_Data\Managed\System.Drawing.dll,448512,C4B2E872,1480
0,0,COM3D2OHx64_Data\Managed\System.EnterpriseServices.dll,46592,2C72A9FE,1480
0,0,COM3D2OHx64_Data\Managed\System.Security.dll,135168,1CE94C57,1480
0,0,COM3D2OHx64_Data\Managed\System.Transactions.dll,27648,45299FCF,1480
0,0,COM3D2OHx64_Data\Managed\System.Windows.Forms.dll,3053568,56394001,1480
0,0,COM3D2OHx64_Data\Managed\System.Xml.dll,1270272,4581A35B,1480
0,0,COM3D2OHx64_Data\Managed\System.Xml.Linq.dll,106496,E844371C,1480
0,0,COM3D2OHx64_Data\Managed\UnityEngine.dll,1393152,2C35388C,1480
0,0,COM3D2OHx64_Data\Managed\UnityEngine.dll.mdb,449828,8610375E,1480
0,0,COM3D2OHx64_Data\Managed\UnityEngine.Networking.dll,253952,2BDF701F,1480
0,0,COM3D2OHx64_Data\Managed\UnityEngine.UI.dll,245760,FA552B2D,1480
0,0,COM3D2OHx64_Data\Managed\UnityEngine.VR.dll,3072,A4582CD6,1480
0,0,COM3D2OHx64_Data\Managed\UnityScript.Lang.dll,13824,0DA8F681,1480
0,0,COM3D2OHx64_Data\Managed\Win32.dll,13312,7781C2A2,1480
0,0,COM3D2OHx64_Data\Managed\zxing.unity.dll,430592,9FD1F198,1480
0,0,COM3D2OHx64_Data\Mono\mono.dll,2618816,0BEA8C0F,1480
0,0,COM3D2OHx64_Data\Mono\MonoPosixHelper.dll,113664,9B5E1E4D,1480
0,0,COM3D2OHx64_Data\Mono\etc\mono\browscap.ini,311984,CE6C0AB3,1480
0,0,COM3D2OHx64_Data\Mono\etc\mono\config,1691,A635914A,1480
0,0,COM3D2OHx64_Data\Mono\etc\mono\1.0\DefaultWsdlHelpGenerator.aspx,58196,10E814BF,1480
0,0,COM3D2OHx64_Data\Mono\etc\mono\1.0\machine.config,17258,EDE1AC59,1480
0,0,COM3D2OHx64_Data\Mono\etc\mono\2.0\DefaultWsdlHelpGenerator.aspx,60453,F3869A34,1480
0,0,COM3D2OHx64_Data\Mono\etc\mono\2.0\machine.config,27625,73C91C24,1480
0,0,COM3D2OHx64_Data\Mono\etc\mono\2.0\settings.map,2618,A1A3C29F,1480
0,0,COM3D2OHx64_Data\Mono\etc\mono\2.0\web.config,11686,534A9960,1480
0,0,COM3D2OHx64_Data\Mono\etc\mono\2.0\Browsers\Compat.browser,1605,2E178A0B,1480
0,0,COM3D2OHx64_Data\Mono\etc\mono\mconfig\config.xml,25817,80B2033A,1480
0,0,COM3D2OHx64_Data\Plugins\assimp.dll,4388864,7C910D84,1480
0,0,COM3D2OHx64_Data\Plugins\Audio360.dll,1499136,2D77400A,1480
0,0,COM3D2OHx64_Data\Plugins\AVProVideo.dll,891392,A3612D4B,1480
0,0,COM3D2OHx64_Data\Plugins\clothpp.dll,112128,7C3264A4,1480
0,0,COM3D2OHx64_Data\Plugins\cm3d2.dll,2088960,542B1DEC,1480
0,0,COM3D2OHx64_Data\Plugins\device_hook.dll,738816,F61E7CED,1480
0,0,COM3D2OHx64_Data\Plugins\FbxExporterCore.dll,12491776,CBAA51C1,1480
0,0,COM3D2OHx64_Data\Plugins\FoveClient.dll,1849384,58C8B4F6,1480
0,0,COM3D2OHx64_Data\Plugins\LeapC.dll,2516992,FBDD3767,1480
0,0,COM3D2OHx64_Data\Plugins\openvr_api.dll,318272,44432E0F,1480
0,0,COM3D2OHx64_Data\Plugins\OVRGamepad.dll,12800,2C526135,1480
0,0,COM3D2OHx64_Data\Plugins\OVRLipSync.dll,2512296,391C1F4C,1480
0,0,COM3D2OHx64_Data\Plugins\OVRPlugin.dll,1898408,5DD05B6C,1480
0,0,COM3D2OHx64_Data\Plugins\Win32-WebView.dll,504832,382AEE66,1480
0,0,COM3D2OHx64_Data\Resources\unity default resources,752360,71DB1AEA,1480
0,0,COM3D2OHx64_Data\Resources\unity_builtin_extra,284012,91145F7F,1480
0,0,GameData\csv_cbl.arc,849129,B24B133A,1480
0,0,GameData\motion_cbl2.arc,22222457,FD0F6146,1280
0,0,GameData\motion_cbl_3d21reserve_2.arc,153938,9CB83B59,1120
0,0,GameData\motion_cbl_denkigai2019s_2.arc,753524,B6E084B2,1410
0,0,GameData\motion_cbl_kissnohi001_2.arc,158468,9CE47192,1200
0,0,GameData\motion_cbl_vp001_2.arc,1659046,62219F7A,1250
0,0,GameData\script_cbl.arc,4353641,4F7D000F,1480
0,0,GameData\script_cbl_omytgc001_2.arc,212278,5759B805,1210
0,0,GameData\script_cbl_ordermade001_2.arc,36866,2E4CD733,1210
0,0,GameData\script_cbl_ordermade002_2.arc,36466,DD7811A4,1210
0,0,GameData\script_cbl_ordermade003_2.arc,3026,080F3688,1250
0,0,GameData\script_cbl_ordermade004_2.arc,3250,96221889,1250
0,0,GameData\script_cbl_personal_om002_2.arc,1730,BC1779C2,1250
0,0,GameData\script_cbl_personal_om003plus_2.arc,5282,34A5C955,1360
0,0,GameData\script_cbl_personal_om004_2.arc,1954,3FEFD65F,1280
0,0,GameData\script_cbl_personal_om004plus_2.arc,5490,15D3F64F,1360
0,0,GameData\script_cbl_personal_om005plus_2.arc,5058,9471327B,1360
0,0,GameData\script_cbl_personal_om007_2.arc,2546,36DB0761,1460
0,0,GameData\script_cbl_personal_om008_2.arc,6162,D4E7C510,1460
0,0,GameData\script_cbl_s2.arc,1170205,611FCB43,1230
0,0,GameData\voice_cbl_s2.arc,179107734,F560AF3C,1480
0,0,manual\index.html,52620,3D3D5ACF,1170
0,0,manual\css\index.css,7168,D11B8AF5,1170
0,0,manual\img\chu-blip2.jpg,78933,95522903,1170
0,0,manual\img\com3d2wcls2_logo.png,107288,47D023F7,1170
0,0,manual\img\config.jpg,167519,C5E4FAF3,1170
0,0,manual\img\menu001.jpg,13885,25B66329,1170
0,0,manual\img\menu002.jpg,24247,87A4205F,1170
0,0,manual\img\yotogi04.jpg,239859,141EC205,1170
0,0,manual\img\yotogi05.jpg,187720,9C93EE69,1170
share,GameData\patch\bg_kissevent2018_sp_card_2.arc,GameData\bg_kissevent2018_sp_card_2.arc,493322,140250D1,1100
share,GameData\patch\bg_sp001_2.arc,GameData\bg_sp001_2.arc,16204240,91030B15,1000
share,GameData\patch\bg_sp004_2.arc,GameData\bg_sp004_2.arc,35284425,D79D7E66,1290
share,GameData\patch\csv.arc,GameData\csv.arc,7603721,2295F82B,1480
share,GameData\patch\csv_3d21reserve2_2.arc,GameData\csv_3d21reserve2_2.arc,51058,6AD913F3,1380
share,GameData\patch\csv_dlc305_2.arc,GameData\csv_dlc305_2.arc,67779,3D73BCB9,1380
share,GameData\patch\csv_denkigai2018wpcard_2.arc,GameData\csv_denkigai2018wpcard_2.arc,450,CD1D6826,1331
share,GameData\patch\csv_gp001_2.arc,GameData\csv_gp001_2.arc,89204,9BB06354,1420
share,GameData\patch\csv_jp.arc,GameData\csv_jp.arc,14963,9C524993,1470
share,GameData\patch\csv_personal_om006_2.arc,GameData\csv_personal_om006_2.arc,1426,AB118368,1350
share,GameData\patch\csv_old_2.arc,GameData\csv_old_2.arc,1746,7AD2A97C,1150
share,GameData\patch\csv_ordermade001_2.arc,GameData\csv_ordermade001_2.arc,770,422A7575,1150
share,GameData\patch\parts2.arc,GameData\parts2.arc,164504639,25787618,1480
share,GameData\patch\parts_cas013_2.arc,GameData\parts_cas013_2.arc,1554,314DD9D9,1480
share,GameData\patch\parts_cas014_2.arc,GameData\parts_cas014_2.arc,1554,EB2539A7,1480
share,GameData\patch\parts_com3d2cbp_2.arc,GameData\parts_com3d2cbp_2.arc,197948,415AD83E,1460
share,GameData\patch\parts_cw001cloth2_2.arc,GameData\parts_cw001cloth2_2.arc,196199,EAF4C9F1,1460
share,GameData\patch\parts_cw001cloth3_2.arc,GameData\parts_cw001cloth3_2.arc,4370,1F2FFFCD,1380
share,GameData\patch\parts_denkigai2019s_2.arc,GameData\parts_denkigai2019s_2.arc,6565399,1351B41C,1352
share,GameData\patch\parts_dlc209_2.arc,GameData\parts_dlc209_2.arc,1363413,BF1ABBC0,1171
share,GameData\patch\parts_dlc216_2.arc,GameData\parts_dlc216_2.arc,932171,E7454670,1200
share,GameData\patch\parts_dlc232_2.arc,GameData\parts_dlc232_2.arc,3682,115DEE3E,1250
share,GameData\patch\parts_dlc241_2.arc,GameData\parts_dlc241_2.arc,1618,5C4797C1,1380
share,GameData\patch\parts_dlc256_2.arc,GameData\parts_dlc256_2.arc,459473,67DE15EB,1480
share,GameData\patch\parts_dlc256ns_2.arc,GameData\parts_dlc256ns_2.arc,464943,902A8184,1480
share,GameData\patch\parts_dlc267_2.arc,GameData\parts_dlc267_2.arc,2827817,95D40D44,1480
share,GameData\patch\parts_dlc267ns_2.arc,GameData\parts_dlc267ns_2.arc,2827831,320F93A5,1480
share,GameData\patch\parts_dlc268_2.arc,GameData\parts_dlc268_2.arc,465617,1FC74BD4,1320
share,GameData\patch\parts_dlc268ns_2.arc,GameData\parts_dlc268ns_2.arc,465634,269DB210,1320
share,GameData\patch\parts_dlc279_2.arc,GameData\parts_dlc279_2.arc,6171073,DF439D14,1331
share,GameData\patch\parts_dlc320_2.arc,GameData\parts_dlc320_2.arc,94639,DC5A14A4,1470
share,GameData\patch\parts_gp001_2.arc,GameData\parts_gp001_2.arc,62132696,2ADBAD1F,1440
share,GameData\patch\parts_karaoke001_2.arc,GameData\parts_karaoke001_2.arc,453245,11C970D3,1280
share,GameData\patch\parts_magazine003_2.arc,GameData\parts_magazine003_2.arc,201385,3A5B273D,1120
share,GameData\patch\parts_omvr.arc,GameData\parts_omvr.arc,3206509,4F0D0480,1120
share,GameData\patch\parts_personal_om003_2.arc,GameData\parts_personal_om003_2.arc,78703,5113D874,1460
share,GameData\patch\parts_personal_om006_2.arc,GameData\parts_personal_om006_2.arc,307194,3FCB0A15,1331
share,GameData\patch\parts_kissevent2018_2.arc,GameData\parts_kissevent2018_2.arc,5570,005BBD00,1100
share,GameData\patch\parts_shop016_2.arc,GameData\parts_shop016_2.arc,171410,3D70CEC4,1060
share,GameData\patch\parts_sp002cloth1_2.arc,GameData\parts_sp002cloth1_2.arc,10930,46512519,1250
share,GameData\patch\parts_sp002cloth2_2.arc,GameData\parts_sp002cloth2_2.arc,1825089,3BCD25A8,1352
share,GameData\patch\parts_sp003cloth3_2.arc,GameData\parts_sp003cloth3_2.arc,2971010,1DD812CE,1410
share,GameData\patch\parts_sp005cloth2_2.arc,GameData\parts_sp005cloth2_2.arc,303977,DCB548A3,1460
share,GameData\patch\parts_vac001_2.arc,GameData\parts_vac001_2.arc,6706,959CBD1B,1250
share,GameData\patch\paths.dat,GameData\paths.dat,8849,D378A54E,1480
share,GameData\patch\prioritymaterial.arc,GameData\prioritymaterial.arc,406229,82F7E3B0,1480
share,GameData\patch\script_share_karaoke_2.arc,GameData\script_share_karaoke_2.arc,8297,3BE6964C,1470
share,GameData\patch\sound2.arc,GameData\sound2.arc,4910723,3A8AB0BA,1480
share,GameData\patch\system2.arc,GameData\system2.arc,14628459,035A5837,1420
share,GameData\patch\system_gp001_2.arc,GameData\system_gp001_2.arc,7478491,A3D9E534,1420
share,GameData\patch\system_gp002_2.arc,GameData\system_gp002_2.arc,3352431,A85DA78B,1350
share,GameData\patch\voice_gp001_2.arc,GameData\voice_gp001_2.arc,128499501,74943317,1270
share,GameData\patch\voice_personal_om005_2.arc,GameData\voice_personal_om005_2.arc,77014392,941AFD15,1420
share,GameData\patch\voice_personal_om008_2.arc,GameData\voice_personal_om008_2.arc,536157,7ADCFB18,1460
share,GameData_20\bg_vp001_2.arc,GameData_20\bg_vp001_2.arc,283046,A7A90EE1,1190
share,GameData_20\material_denkigai2015w_2.arc,GameData_20\material_denkigai2015w_2.arc,3490,F06AAABE,1090
share,GameData_20\material_dlc195_2.arc,GameData_20\material_dlc195_2.arc,1746,ECFBFE17,1090
share,GameData_20\material_dlcdenkigai2015w_2.arc,GameData_20\material_dlcdenkigai2015w_2.arc,3522,D35394D7,1090
share,GameData_20\material_dlcdenkigai2017w_2.arc,GameData_20\material_dlcdenkigai2017w_2.arc,3506,40FF8AFA,1090
share,GameData_20\material_kissevent2017march_2.arc,GameData_20\material_kissevent2017march_2.arc,3538,7A6FC5CF,1090
share,GameData_20\menu_dlc195_2.arc,GameData_20\menu_dlc195_2.arc,1170,BF163DDC,1090
share,GameData_20\model_denkigai2015w_2.arc,GameData_20\model_denkigai2015w_2.arc,174373,F9233759,1090
share,GameData_20\model_dlc195_2.arc,GameData_20\model_dlc195_2.arc,583563,16C95E54,1090
share,GameData_20\model_dlcdenkigai2015w_2.arc,GameData_20\model_dlcdenkigai2015w_2.arc,174400,BE6E5467,1090
share,GameData_20\model_dlcdenkigai2017w_2.arc,GameData_20\model_dlcdenkigai2017w_2.arc,181384,6D5B735E,1090
share,GameData_20\model_kissevent2017march_2.arc,GameData_20\model_kissevent2017march_2.arc,190682,21F32FCB,1090
share,GameData_20\texture_dlc195_2.arc,GameData_20\texture_dlc195_2.arc,16075880,456A4C76,1090
share,GameData_20\paths.dat,GameData_20\paths.dat,5091,D094E2BE,1580
share,GameData_20\prioritymaterial.arc,GameData_20\prioritymaterial.arc,221488,580931AC,1582
share,GameData_20\material_denkigai2015s003_2.arc,GameData_20\material_denkigai2015s003_2.arc,7106,0C82D791,1150
share,GameData_20\material_denkigai2015wTowelR.arc,GameData_20\material_denkigai2015wTowelR.arc,1602,618192B9,1360
share,GameData_20\material_dlc055_2.arc,GameData_20\material_dlc055_2.arc,5282,11A93109,1280
share,GameData_20\material_dlsite_2.arc,GameData_20\material_dlsite_2.arc,1762,C5A837EA,1150
share,GameData_20\material_shop001_2.arc,GameData_20\material_shop001_2.arc,1762,D98CED1C,1150
share,GameData_20\material_shop002_2.arc,GameData_20\material_shop002_2.arc,1762,956BB00E,1150
share,GameData_20\material_shop003_2.arc,GameData_20\material_shop003_2.arc,1762,38CEBFF2,1150
share,GameData_20\material_shop005_2.arc,GameData_20\material_shop005_2.arc,1714,3E621A32,1150
share,GameData_20\material_shop007_2.arc,GameData_20\material_shop007_2.arc,2578,C8CE627C,1150
share,GameData_20\material_vp001_2.arc,GameData_20\material_vp001_2.arc,11890,8CB043B0,1400
share,GameData_20\material_yomeido003_2.arc,GameData_20\material_yomeido003_2.arc,1522,0689A7AC,1240
share,GameData_20\menu_denkigai2015s001_2.arc,GameData_20\menu_denkigai2015s001_2.arc,6594,8B3E849F,1160
share,GameData_20\menu_denkigai2015s003_2.arc,GameData_20\menu_denkigai2015s003_2.arc,4338,D294CE88,1150
share,GameData_20\menu_denkigai2015wTowelR.arc,GameData_20\menu_denkigai2015wTowelR.arc,1282,CECEE1FC,1360
share,GameData_20\menu_denkigai2016s_2.arc,GameData_20\menu_denkigai2016s_2.arc,1346,4A9440B1,1351
share,GameData_20\menu_denkigai2016w_2.arc,GameData_20\menu_denkigai2016w_2.arc,15154,C8D64D3B,1450
share,GameData_20\menu_denkigai2017s_2.arc,GameData_20\menu_denkigai2017s_2.arc,1218,267B1338,1540
share,GameData_20\menu_dlcdenkigai2016w_2.arc,GameData_20\menu_dlcdenkigai2016w_2.arc,13522,45E7F667,1450
share,GameData_20\menu_dlcdenkigai2017s_2.arc,GameData_20\menu_dlcdenkigai2017s_2.arc,1218,A6C83B5D,1540
share,GameData_20\menu_dlc026_2.arc,GameData_20\menu_dlc026_2.arc,3778,69453D54,1190
share,GameData_20\menu_dlc028_2.arc,GameData_20\menu_dlc028_2.arc,3874,DE3F1C31,1200
share,GameData_20\menu_dlc041_2.arc,GameData_20\menu_dlc041_2.arc,6786,97F738D3,1380
share,GameData_20\menu_dlc042_2.arc,GameData_20\menu_dlc042_2.arc,1154,EE4016C0,1440
share,GameData_20\menu_dlc049_2.arc,GameData_20\menu_dlc049_2.arc,3106,E30D6F4C,1522
share,GameData_20\menu_dlc061_2.arc,GameData_20\menu_dlc061_2.arc,3810,F99C1D4E,1290
share,GameData_20\menu_dlc065_2.arc,GameData_20\menu_dlc065_2.arc,7602,D9387834,1380
share,GameData_20\menu_dlc074_2.arc,GameData_20\menu_dlc074_2.arc,5618,24C559D7,1312
share,GameData_20\menu_dlc100_2.arc,GameData_20\menu_dlc100_2.arc,1250,DFF94E9A,1400
share,GameData_20\menu_dlc101_2.arc,GameData_20\menu_dlc101_2.arc,1218,44DB4049,1481
share,GameData_20\menu_dlsite_2.arc,GameData_20\menu_dlsite_2.arc,1954,B2268BA7,1150
share,GameData_20\menu_kissevent2017march.arc,GameData_20\menu_kissevent2017march.arc,281,FF4EEB9B,1522
share,GameData_20\menu_kissevent2017march_2.arc,GameData_20\menu_kissevent2017march_2.arc,106624,14291926,1631
share,GameData_20\menu_magazine002_2.arc,GameData_20\menu_magazine002_2.arc,12498,691C1126,1471
share,GameData_20\menu_personal002_2.arc,GameData_20\menu_personal002_2.arc,1282,5687650C,1310
share,GameData_20\menu_shop001_2.arc,GameData_20\menu_shop001_2.arc,3314,35207C87,1150
share,GameData_20\menu_shop005_2.arc,GameData_20\menu_shop005_2.arc,1378,0C9AF725,1150
share,GameData_20\menu_vp001_2.arc,GameData_20\menu_vp001_2.arc,19138,7C7AFD9C,1400
share,GameData_20\menu_yomeido003_2.arc,GameData_20\menu_yomeido003_2.arc,1234,4D6F619D,1240
share,GameData_20\menu_yomeidogp_wedding_2.arc,GameData_20\menu_yomeidogp_wedding_2.arc,3954,C251B12C,1320
share,GameData_20\model_denkigai2015s003_2.arc,GameData_20\model_denkigai2015s003_2.arc,394665,41A48185,1150
share,GameData_20\model_denkigai2015wTowelR.arc,GameData_20\model_denkigai2015wTowelR.arc,38258,FB570A24,1360
share,GameData_20\model_denkigai2017s_2.arc,GameData_20\model_denkigai2017s_2.arc,462663,8917104A,1582
share,GameData_20\model_dlcdenkigai2017s_2.arc,GameData_20\model_dlcdenkigai2017s_2.arc,462667,9F0C3D54,1582
share,GameData_20\model_dlc005_2.arc,GameData_20\model_dlc005_2.arc,175424,F7DD7D82,1270
share,GameData_20\model_dlc046_2.arc,GameData_20\model_dlc046_2.arc,155690,83B34173,1220
share,GameData_20\model_dlc073_2.arc,GameData_20\model_dlc073_2.arc,267037,47D33A06,1320
share,GameData_20\model_dlc100_2.arc,GameData_20\model_dlc100_2.arc,691347,7C3D679D,1400
share,GameData_20\model_dlc109_2.arc,GameData_20\model_dlc109_2.arc,137998,8FCCF513,1460
share,GameData_20\model_dlc151_2.arc,GameData_20\model_dlc151_2.arc,213532,8C3C80C3,1520
share,GameData_20\model_dlsite_2.arc,GameData_20\model_dlsite_2.arc,197173,24366C43,1150
share,GameData_20\model_shop001_2.arc,GameData_20\model_shop001_2.arc,115215,9C941FAF,1150
share,GameData_20\model_shop002_2.arc,GameData_20\model_shop002_2.arc,251253,743C3D97,1150
share,GameData_20\model_shop003_2.arc,GameData_20\model_shop003_2.arc,185433,A15EC70A,1150
share,GameData_20\model_shop005_2.arc,GameData_20\model_shop005_2.arc,150103,FB5341FA,1150
share,GameData_20\model_shop007_2.arc,GameData_20\model_shop007_2.arc,288759,80615CBD,1150
share,GameData_20\model_vp001_2.arc,GameData_20\model_vp001_2.arc,647957,D68B5D2F,1400
share,GameData_20\texture_denkigai2015wTowelR.arc,GameData_20\texture_denkigai2015wTowelR.arc,133065,FE4BDC34,1360
share,GameData_20\texture_denkigai2016w_2.arc,GameData_20\texture_denkigai2016w_2.arc,10105247,3B4641C3,1450
share,GameData_20\texture_dlcdenkigai2016w_2.arc,GameData_20\texture_dlcdenkigai2016w_2.arc,10105332,90868016,1450
share,GameData_20\texture_kissevent2017march.arc,GameData_20\texture_kissevent2017march.arc,281,FF4EEB9B,1522
share,GameData_20\texture_kissevent2017march_2.arc,GameData_20\texture_kissevent2017march_2.arc,79432604,C7DD457A,1631
share,GameData_20\texture_dlc004_2.arc,GameData_20\texture_dlc004_2.arc,4805734,C8E5CFB4,1200
share,GameData_20\texture_dlc046_2.arc,GameData_20\texture_dlc046_2.arc,596960,FC606BA5,1220
share,GameData_20\texture_vp001_2.arc,GameData_20\texture_vp001_2.arc,755269,18D5027D,1400
share,GameData_20\texture_yomeido003_2.arc,GameData_20\texture_yomeido003_2.arc,117248,0EE72B42,1240
