0,0,CM3D2.exe,7793664,D44E2FA5,1007
0,0,CM3D2x86.exe,11632128,324F85F4,135
0,0,CM3D2x86_Data\level0,165464,8733C5B4,1350
0,0,CM3D2x86_Data\level1,168768,80812BBF,1350
0,0,CM3D2x86_Data\level10,151192,1FA205CD,1350
0,0,CM3D2x86_Data\level11,175552,AA3932A3,1350
0,0,CM3D2x86_Data\level12,151624,395AB787,1350
0,0,CM3D2x86_Data\level13,473616,9C3BE7C3,1350
0,0,CM3D2x86_Data\level14,4376,B687C3C4,1350
0,0,CM3D2x86_Data\level15,154272,C28EE946,1350
0,0,CM3D2x86_Data\level16,4376,7AE788DE,1350
0,0,CM3D2x86_Data\level17,167896,8270D191,1350
0,0,CM3D2x86_Data\level18,229968,F38F4D69,1350
0,0,CM3D2x86_Data\level19,366440,754EF679,1350
0,0,CM3D2x86_Data\level2,368016,028835FF,1350
0,0,CM3D2x86_Data\level20,171680,E7BD29CD,1350
0,0,CM3D2x86_Data\level21,444064,3F2E7A40,1350
0,0,CM3D2x86_Data\level22,214784,C05D994E,1350
0,0,CM3D2x86_Data\level23,237560,F53A800F,1350
0,0,CM3D2x86_Data\level24,170672,C636CECF,1350
0,0,CM3D2x86_Data\level25,552656,21A7B308,1350
0,0,CM3D2x86_Data\level26,1035408,66978AF4,1350
0,0,CM3D2x86_Data\level27,431856,E72FFCE5,1350
0,0,CM3D2x86_Data\level28,170696,8C12F7E8,1350
0,0,CM3D2x86_Data\level29,502216,71F651FD,1350
0,0,CM3D2x86_Data\level3,489128,AAED38AB,1350
0,0,CM3D2x86_Data\level4,559008,5BBA0504,1350
0,0,CM3D2x86_Data\level5,151616,D41329EC,1350
0,0,CM3D2x86_Data\level6,298808,1C63F7AB,1350
0,0,CM3D2x86_Data\level7,192040,0144FAC2,1350
0,0,CM3D2x86_Data\level8,188232,6403C3B7,1350
0,0,CM3D2x86_Data\level9,161224,79B14989,1350
0,0,CM3D2x86_Data\mainData,1074720,BC05ACDB,1350
0,0,CM3D2x86_Data\PlayerConnectionConfigFile,21,03A8F8DE,1350
0,0,CM3D2x86_Data\resources.assets,292041448,02E1532C,1350
0,0,CM3D2x86_Data\sharedassets0.assets,241516736,40547CB9,1350
0,0,CM3D2x86_Data\sharedassets1.assets,6649424,1E2F16C7,1350
0,0,CM3D2x86_Data\sharedassets10.assets,5336,F555AB7F,1350
0,0,CM3D2x86_Data\sharedassets11.assets,466388,0DAF1B0C,1350
0,0,CM3D2x86_Data\sharedassets12.assets,5360,FE8458F8,1350
0,0,CM3D2x86_Data\sharedassets13.assets,927480,D68F9490,1350
0,0,CM3D2x86_Data\sharedassets14.assets,2458128,FA54D010,1350
0,0,CM3D2x86_Data\sharedassets15.assets,4112,4C53003D,1350
0,0,CM3D2x86_Data\sharedassets16.assets,4200976,8DFE3526,1350
0,0,CM3D2x86_Data\sharedassets17.assets,4112,5466FA4D,1350
0,0,CM3D2x86_Data\sharedassets18.assets,116387180,2F652AB0,1350
0,0,CM3D2x86_Data\sharedassets19.assets,3691828,291D8553,1350
0,0,CM3D2x86_Data\sharedassets2.assets,3514276,5F21F5FF,1350
0,0,CM3D2x86_Data\sharedassets20.assets,275132,3CE45066,1350
0,0,CM3D2x86_Data\sharedassets21.assets,5400,459A9650,1350
0,0,CM3D2x86_Data\sharedassets22.assets,72704,F605C00F,1350
0,0,CM3D2x86_Data\sharedassets23.assets,5488,515C3B69,1350
0,0,CM3D2x86_Data\sharedassets24.assets,5408,D625D291,1350
0,0,CM3D2x86_Data\sharedassets25.assets,5408,C1159652,1350
0,0,CM3D2x86_Data\sharedassets26.assets,1423820,E3A0095A,1350
0,0,CM3D2x86_Data\sharedassets27.assets,5598908,59231204,1350
0,0,CM3D2x86_Data\sharedassets28.assets,39509544,8C94BFF2,1350
0,0,CM3D2x86_Data\sharedassets29.assets,5408,721C7CB3,1350
0,0,CM3D2x86_Data\sharedassets3.assets,16005728,F0967054,1350
0,0,CM3D2x86_Data\sharedassets30.assets,67724952,1FBB3D69,1350
0,0,CM3D2x86_Data\sharedassets4.assets,34784236,8FD12E69,1350
0,0,CM3D2x86_Data\sharedassets5.assets,6952220,15274A19,1350
0,0,CM3D2x86_Data\sharedassets6.assets,503416,44589FF5,1350
0,0,CM3D2x86_Data\sharedassets7.assets,5536,AFFD8E95,1350
0,0,CM3D2x86_Data\sharedassets8.assets,355516,7F26A6C4,1350
0,0,CM3D2x86_Data\sharedassets9.assets,11891628,BB9E6713,1350
0,0,CM3D2x86_Data\Managed\Accessibility.dll,10752,C80413DC,1350
0,0,CM3D2x86_Data\Managed\Assembly-CSharp-firstpass.dll,443904,BC1E124C,1350
0,0,CM3D2x86_Data\Managed\Assembly-CSharp.dll,2158080,4F8C94AF,1350
0,0,CM3D2x86_Data\Managed\Assembly-UnityScript-firstpass.dll,65024,8715279C,1350
0,0,CM3D2x86_Data\Managed\Boo.Lang.dll,126976,E379C12B,1350
0,0,CM3D2x86_Data\Managed\JsonFx.Json.dll,70144,A0F0CFCB,1350
0,0,CM3D2x86_Data\Managed\Mono.Data.Tds.dll,96256,10E297D4,1350
0,0,CM3D2x86_Data\Managed\Mono.Posix.dll,184320,82B6C163,1350
0,0,CM3D2x86_Data\Managed\Mono.Security.dll,294912,C759B90F,1350
0,0,CM3D2x86_Data\Managed\Mono.WebBrowser.dll,172032,3BD66294,1350
0,0,CM3D2x86_Data\Managed\mscorlib.dll,2590208,54064D59,1350
0,0,CM3D2x86_Data\Managed\System.Configuration.dll,124928,CA10261D,1350
0,0,CM3D2x86_Data\Managed\System.Core.dll,300032,615F5AFE,1350
0,0,CM3D2x86_Data\Managed\System.Data.dll,856064,E7FF9373,1350
0,0,CM3D2x86_Data\Managed\System.dll,1678848,0F9C1035,1350
0,0,CM3D2x86_Data\Managed\System.Drawing.Design.dll,29696,E7B53FF9,1350
0,0,CM3D2x86_Data\Managed\System.Drawing.dll,448512,C4B2E872,1350
0,0,CM3D2x86_Data\Managed\System.EnterpriseServices.dll,46592,4FFDA4D6,1350
0,0,CM3D2x86_Data\Managed\System.Security.dll,135168,B020F0F1,1350
0,0,CM3D2x86_Data\Managed\System.Transactions.dll,27648,E3B069A5,1350
0,0,CM3D2x86_Data\Managed\System.Windows.Forms.dll,3053568,56394001,1350
0,0,CM3D2x86_Data\Managed\System.Xml.dll,1270272,C76991B8,1350
0,0,CM3D2x86_Data\Managed\System.Xml.Linq.dll,106496,1E91F41B,1350
0,0,CM3D2x86_Data\Managed\UnityEngine.dll,614912,EDA0EE35,1350
0,0,CM3D2x86_Data\Managed\UnityEngine.UI.dll,176128,59066003,1350
0,0,CM3D2x86_Data\Managed\UnityScript.Lang.dll,14336,7309FF69,1350
0,0,CM3D2x86_Data\Mono\mono.dll,2103296,6E4591F8,1350
0,0,CM3D2x86_Data\Mono\etc\mono\browscap.ini,311984,CE6C0AB3,1350
0,0,CM3D2x86_Data\Mono\etc\mono\config,1691,A635914A,1350
0,0,CM3D2x86_Data\Mono\etc\mono\1.0\DefaultWsdlHelpGenerator.aspx,58196,10E814BF,1350
0,0,CM3D2x86_Data\Mono\etc\mono\1.0\machine.config,17259,82F1AD8B,1350
0,0,CM3D2x86_Data\Mono\etc\mono\2.0\DefaultWsdlHelpGenerator.aspx,60453,F3869A34,1350
0,0,CM3D2x86_Data\Mono\etc\mono\2.0\machine.config,27626,4F6C3F79,1350
0,0,CM3D2x86_Data\Mono\etc\mono\2.0\settings.map,2618,A1A3C29F,1350
0,0,CM3D2x86_Data\Mono\etc\mono\2.0\web.config,11686,534A9960,1350
0,0,CM3D2x86_Data\Mono\etc\mono\2.0\Browsers\Compat.browser,1605,2E178A0B,1350
0,0,CM3D2x86_Data\Mono\etc\mono\mconfig\config.xml,25817,80B2033A,1350
0,0,CM3D2x86_Data\Plugins\cm3d2_x86.dll,1308160,E4C80ED6,1350
0,0,CM3D2x86_Data\Plugins\device_hook.dll,97280,05B93188,1350
0,0,CM3D2x86_Data\Resources\unity default resources,1571709,31020360,1350
0,0,CM3D2x86_Data\Resources\unity_builtin_extra,372672,B51FCBBC,1350
0,0,GameData\bg_pp001_2.arc,1237157,C9D912F7,1220
0,0,GameData\csv.arc,2412752,CDB9C3F7,1350
0,0,GameData\csv_addpose001.arc,1235,D06FCA6D,1220
0,0,GameData\csv_pp001_2.arc,10002,668119FA,1330
0,0,GameData\csv_vp001_2.arc,2082,25E58CEB,1160
0,0,GameData\material2.arc,207669,1E308A48,1313
0,0,GameData\material_denkigai2015s003_2.arc,7106,0C82D791,1150
0,0,GameData\material_dlc055_2.arc,5282,11A93109,1280
0,0,GameData\material_dlsite_2.arc,1762,C5A837EA,1150
0,0,GameData\material_shop001_2.arc,1762,D98CED1C,1150
0,0,GameData\material_shop002_2.arc,1762,956BB00E,1150
0,0,GameData\material_shop003_2.arc,1762,38CEBFF2,1150
0,0,GameData\material_shop005_2.arc,1714,3E621A32,1150
0,0,GameData\material_shop007_2.arc,2578,C8CE627C,1150
0,0,GameData\material_vp001_2.arc,9554,066C9CA9,1150
0,0,GameData\material_yomeido003_2.arc,1522,0689A7AC,1240
0,0,GameData\menu2.arc,227325,E2159374,1320
0,0,GameData\menu_denkigai2015s001_2.arc,6594,8B3E849F,1160
0,0,GameData\menu_denkigai2015s003_2.arc,4338,D294CE88,1150
0,0,GameData\menu_dlc026_2.arc,3778,69453D54,1190
0,0,GameData\menu_dlc028_2.arc,3874,DE3F1C31,1200
0,0,GameData\menu_dlc061_2.arc,3810,F99C1D4E,1290
0,0,GameData\menu_dlc074_2.arc,5618,24C559D7,1312
0,0,GameData\menu_dlsite_2.arc,1954,B2268BA7,1150
0,0,GameData\menu_personal002_2.arc,1282,5687650C,1310
0,0,GameData\menu_shop001_2.arc,3314,35207C87,1150
0,0,GameData\menu_shop005_2.arc,1378,0C9AF725,1150
0,0,GameData\menu_vp001_2.arc,18546,5FFF33DA,1150
0,0,GameData\menu_yomeido003_2.arc,1234,4D6F619D,1240
0,0,GameData\menu_yomeidogp_wedding_2.arc,3954,C251B12C,1320
0,0,GameData\model2.arc,11100629,7C2AD9D9,1331
0,0,GameData\model_denkigai2015s003_2.arc,394665,41A48185,1150
0,0,GameData\model_dlc005_2.arc,175424,F7DD7D82,1270
0,0,GameData\model_dlc046_2.arc,155690,83B34173,1220
0,0,GameData\model_dlc073_2.arc,267037,47D33A06,1320
0,0,GameData\model_dlsite_2.arc,197173,24366C43,1150
0,0,GameData\model_shop001_2.arc,115215,9C941FAF,1150
0,0,GameData\model_shop002_2.arc,251253,743C3D97,1150
0,0,GameData\model_shop003_2.arc,185433,A15EC70A,1150
0,0,GameData\model_shop005_2.arc,150103,FB5341FA,1150
0,0,GameData\model_shop007_2.arc,288759,80615CBD,1150
0,0,GameData\model_vp001_2.arc,290407,A19508D6,1150
0,0,GameData\paths.dat,2148,83B431F6,1340
0,0,GameData\prioritymaterial.arc,124575,6414F67F,1340
0,0,GameData\sound2.arc,12017684,3FAA939B,1330
0,0,GameData\texture3.arc,8309676,4D1D3FA9,1340
0,0,GameData\texture_addpose001.arc,23943,1D529A44,1220
0,0,GameData\texture_dlc004_2.arc,4805734,C8E5CFB4,1200
0,0,GameData\texture_dlc046_2.arc,596960,FC606BA5,1220
0,0,GameData\texture_vp001_2.arc,562695,D458C6A6,1300
0,0,GameData\texture_yomeido003_2.arc,117248,0EE72B42,1240
0,0,PhotoModeData\Mod\Motion\readme.txt,146,3BF5AF4D,1220
0,0,GameData\script.arc,13394105,6FB7B10F,1350
0,0,GameData\script_addpose001.arc,1194,9F2EDF3C,1220
0,0,GameData\script_cos002_2.arc,72002,5BAAF903,1330
0,0,GameData\script_denkigai2015w_2.arc,40178,8634EE8F,1220
0,0,GameData\script_denkigai2015wPants_2.arc,12658,57896547,1220
0,0,GameData\script_personal001_2.arc,2696467,A7340AC6,1310
0,0,GameData\script_personal002_2.arc,87319,37579909,1340
0,0,GameData\script_pp001_2.arc,137320,5371A019,1340
0,0,GameData\script_pp002_2.arc,11506,AC74075A,1340
0,0,GameData\script_ytgc005_2.arc,18898,11456C1A,1340
0,0,GameData\script_ytgc006_2.arc,218689,B2CF5373,1340
0,0,GameData\motion2.arc,81908792,6C1C1A62,1340
0,0,GameData\motion_addpose001.arc,902194,517CF6C8,1220
0,0,GameData\motion_pp001_2.arc,615858,0E432519,1220
0,0,GameData\motion_vp001_2.arc,141579,7857F9CD,1160
0,0,GameData\voice3.arc,101849461,061F0890,1250
0,0,manual\data\004.png,699424,54A4DC50,1010
0,0,manual\data\007.png,453984,97E623F5,1010
0,0,manual\data\008.png,553674,7B23C3DF,1010
0,0,manual\data\013.png,673884,992CEEC5,1010
0,0,Preset\1_junshin.preset,43021,0D00795A,1010
0,0,Preset\2_coodere.preset,43516,E9EBB0F2,1010
0,0,Preset\3_tsundere.preset,48900,D0EF8B9E,1010
0,0,Preset\4_default.preset,43697,C5E392BE,1010
0,0,Preset\5_pretty_junshin.preset,40739,D9262BEF,1010
0,0,Preset\6_pretty_coodere.preset,39554,E54D5766,1010
0,0,Preset\7_pretty_tsundere.preset,38235,CA8437BB,1010
0,0,Preset\8_ren_1_yosiko.preset,55432,D54FD70C,1220
0,0,Preset\8_ren_2_ayumi.preset,51097,3C44F9DB,1220
0,0,Preset\8_ren_3_sakura.preset,52635,33F54D90,1220
0,0,Preset\8_ren_4_ai.preset,46819,9B6E5960,1220