0,0,CM3D2.exe,7793664,D44E2FA5,1007
0,0,CM3D2x64.exe,20649984,6EFB2A0D,145
0,0,LICENSE,19099,328E95A1,1450
0,0,CM3D2x64_Data\globalgamemanagers,1341164,2B46636B,1450
0,0,CM3D2x64_Data\globalgamemanagers.assets,121164,37106FF8,1450
0,0,CM3D2x64_Data\level0,189212,165450C7,1450
0,0,CM3D2x64_Data\level1,207188,746654EB,1450
0,0,CM3D2x64_Data\level10,201868,A309A583,1450
0,0,CM3D2x64_Data\level11,189764,28A3C372,1450
0,0,CM3D2x64_Data\level12,217212,07F31B9C,1450
0,0,CM3D2x64_Data\level13,190796,E71D688A,1450
0,0,CM3D2x64_Data\level14,571652,61F2FAE4,1450
0,0,CM3D2x64_Data\level15,4640,DAE65740,1450
0,0,CM3D2x64_Data\level16,191836,507BB3D4,1450
0,0,CM3D2x64_Data\level17,4640,C7945D51,1450
0,0,CM3D2x64_Data\level18,209956,C61A7404,1450
0,0,CM3D2x64_Data\level19,304524,33E14176,1450
0,0,CM3D2x64_Data\level2,207076,36CA34E3,1450
0,0,CM3D2x64_Data\level20,451420,FC888C7D,1450
0,0,CM3D2x64_Data\level21,215324,271CC138,1450
0,0,CM3D2x64_Data\level22,537828,8A0A3107,1450
0,0,CM3D2x64_Data\level23,273068,C04A2A69,1450
0,0,CM3D2x64_Data\level24,291788,DE47E0C0,1450
0,0,CM3D2x64_Data\level25,213540,D1C1AD3C,1450
0,0,CM3D2x64_Data\level26,660276,F783E76B,1450
0,0,CM3D2x64_Data\level27,1291556,2F1A576E,1450
0,0,CM3D2x64_Data\level28,519484,773EFEEC,1450
0,0,CM3D2x64_Data\level29,213596,2FA6FEDC,1450
0,0,CM3D2x64_Data\level3,428716,66C577F9,1450
0,0,CM3D2x64_Data\level30,612468,F979B438,1450
0,0,CM3D2x64_Data\level31,843676,64E2B51F,1450
0,0,CM3D2x64_Data\level32,704620,331F9735,1450
0,0,CM3D2x64_Data\level33,205500,60C37035,1450
0,0,CM3D2x64_Data\level34,551780,F812D9B6,1450
0,0,CM3D2x64_Data\level35,826836,3C2E1057,1450
0,0,CM3D2x64_Data\level4,597252,6E37FBEB,1450
0,0,CM3D2x64_Data\level5,620132,F9081289,1450
0,0,CM3D2x64_Data\level6,190260,7A1BDA22,1450
0,0,CM3D2x64_Data\level7,363732,1279B3D5,1450
0,0,CM3D2x64_Data\level8,238708,F79420E9,1450
0,0,CM3D2x64_Data\level9,234332,0395E046,1450
0,0,CM3D2x64_Data\resources.assets,250464192,1283A2D0,1450
0,0,CM3D2x64_Data\resources.assets.resS,409844948,1FF0ED99,1450
0,0,CM3D2x64_Data\sharedassets0.assets,16483040,78086050,1450
0,0,CM3D2x64_Data\sharedassets0.assets.resS,121728032,217CBB40,1450
0,0,CM3D2x64_Data\sharedassets1.assets,5920,873DABD6,1450
0,0,CM3D2x64_Data\sharedassets10.assets,5764,BFE32E48,1450
0,0,CM3D2x64_Data\sharedassets11.assets,5764,BFA2B0C2,1450
0,0,CM3D2x64_Data\sharedassets12.assets,5788,ABEE8269,1450
0,0,CM3D2x64_Data\sharedassets13.assets,5812,FB624A74,1450
0,0,CM3D2x64_Data\sharedassets14.assets,6340,FCCE6BF6,1450
0,0,CM3D2x64_Data\sharedassets15.assets,4132,EF35D7D5,1450
0,0,CM3D2x64_Data\sharedassets16.assets,5824,A4E08BCF,1450
0,0,CM3D2x64_Data\sharedassets17.assets,4132,20E4CF87,1450
0,0,CM3D2x64_Data\sharedassets18.assets,6544,5DF4B898,1450
0,0,CM3D2x64_Data\sharedassets19.assets,5788,A58761BE,1450
0,0,CM3D2x64_Data\sharedassets2.assets,5968,BBDB14E5,1450
0,0,CM3D2x64_Data\sharedassets20.assets,215280,C1EA77C0,1450
0,0,CM3D2x64_Data\sharedassets20.assets.resS,51968,C41BC4E7,1450
0,0,CM3D2x64_Data\sharedassets21.assets,5860,344C38D4,1450
0,0,CM3D2x64_Data\sharedassets22.assets,74160,DC6D264F,1450
0,0,CM3D2x64_Data\sharedassets23.assets,6004,777595E8,1450
0,0,CM3D2x64_Data\sharedassets24.assets,5872,C8EE01EA,1450
0,0,CM3D2x64_Data\sharedassets25.assets,5872,4F4AFA44,1450
0,0,CM3D2x64_Data\sharedassets26.assets,8128,026D2F92,1450
0,0,CM3D2x64_Data\sharedassets27.assets,6580,D7490A39,1450
0,0,CM3D2x64_Data\sharedassets28.assets,39511712,78781E96,1450
0,0,CM3D2x64_Data\sharedassets29.assets,5872,42CFB077,1450
0,0,CM3D2x64_Data\sharedassets3.assets,6340,A2C2DC86,1450
0,0,CM3D2x64_Data\sharedassets30.assets,67700952,AD1B19FA,1450
0,0,CM3D2x64_Data\sharedassets31.assets,67690184,3A51A35D,1450
0,0,CM3D2x64_Data\sharedassets32.assets,47233820,173F8798,1450
0,0,CM3D2x64_Data\sharedassets32.resource,3813344,7B95E5D4,1450
0,0,CM3D2x64_Data\sharedassets33.assets,5788,71C45918,1450
0,0,CM3D2x64_Data\sharedassets34.assets,80174972,D84C1DB6,1450
0,0,CM3D2x64_Data\sharedassets35.assets,84139364,B79949BE,1450
0,0,CM3D2x64_Data\sharedassets4.assets,1310240,E0F9103D,1450
0,0,CM3D2x64_Data\sharedassets5.assets,6448,5EBF968F,1450
0,0,CM3D2x64_Data\sharedassets6.assets,5788,46794660,1450
0,0,CM3D2x64_Data\sharedassets7.assets,6064,9CA48BCA,1450
0,0,CM3D2x64_Data\sharedassets8.assets,5944,845FE802,1450
0,0,CM3D2x64_Data\sharedassets9.assets,6268,FFE6CE9C,1450
0,0,CM3D2x64_Data\Managed\Accessibility.dll,10752,594EE943,1450
0,0,CM3D2x64_Data\Managed\Assembly-CSharp-firstpass.dll,551936,7D5D567A,1450
0,0,CM3D2x64_Data\Managed\Assembly-CSharp.dll,2233856,36391E0C,1450
0,0,CM3D2x64_Data\Managed\Assembly-UnityScript-firstpass.dll,65024,15BBB083,1450
0,0,CM3D2x64_Data\Managed\Boo.Lang.dll,126976,9ADD3789,1450
0,0,CM3D2x64_Data\Managed\Ionic.Zlib.dll,102400,7C9E7DD2,1450
0,0,CM3D2x64_Data\Managed\JsonFx.Json.dll,70144,A0F0CFCB,1450
0,0,CM3D2x64_Data\Managed\Mono.Data.Tds.dll,96256,DDA7BAB7,1450
0,0,CM3D2x64_Data\Managed\Mono.Posix.dll,184320,C7063ABB,1450
0,0,CM3D2x64_Data\Managed\Mono.Security.dll,294912,8C7E67B3,1450
0,0,CM3D2x64_Data\Managed\Mono.WebBrowser.dll,172032,541986C3,1450
0,0,CM3D2x64_Data\Managed\mscorlib.dll,2589696,AFA570E5,1450
0,0,CM3D2x64_Data\Managed\System.Configuration.dll,124928,D5F2A804,1450
0,0,CM3D2x64_Data\Managed\System.Core.dll,297472,BCE2218F,1450
0,0,CM3D2x64_Data\Managed\System.Data.dll,856064,F1D38D2E,1450
0,0,CM3D2x64_Data\Managed\System.dll,1679360,288F722A,1450
0,0,CM3D2x64_Data\Managed\System.Drawing.Design.dll,29696,E7B53FF9,1450
0,0,CM3D2x64_Data\Managed\System.Drawing.dll,448512,C4B2E872,1450
0,0,CM3D2x64_Data\Managed\System.EnterpriseServices.dll,46592,75A19B93,1450
0,0,CM3D2x64_Data\Managed\System.Security.dll,135168,365C74A7,1450
0,0,CM3D2x64_Data\Managed\System.Transactions.dll,27648,203D65C1,1450
0,0,CM3D2x64_Data\Managed\System.Windows.Forms.dll,3053568,56394001,1450
0,0,CM3D2x64_Data\Managed\System.Xml.dll,1270272,9B79033F,1450
0,0,CM3D2x64_Data\Managed\System.Xml.Linq.dll,106496,B3ACF139,1450
0,0,CM3D2x64_Data\Managed\UnityEngine.dll,972800,B3EB425F,1450
0,0,CM3D2x64_Data\Managed\UnityEngine.dll.mdb,353934,02424F6C,1450
0,0,CM3D2x64_Data\Managed\UnityEngine.Networking.dll,230912,EBC88F56,1450
0,0,CM3D2x64_Data\Managed\UnityEngine.UI.dll,219136,8E43BC11,1450
0,0,CM3D2x64_Data\Managed\UnityScript.Lang.dll,14336,13EE284D,1450
0,0,CM3D2x64_Data\Managed\zxing.unity.dll,430592,9FD1F198,1450
0,0,CM3D2x64_Data\Mono\mono.dll,2612696,2A5A1006,1450
0,0,CM3D2x64_Data\Mono\etc\mono\browscap.ini,311984,CE6C0AB3,1450
0,0,CM3D2x64_Data\Mono\etc\mono\config,1691,A635914A,1450
0,0,CM3D2x64_Data\Mono\etc\mono\1.0\DefaultWsdlHelpGenerator.aspx,58196,10E814BF,1450
0,0,CM3D2x64_Data\Mono\etc\mono\1.0\machine.config,17258,EDE1AC59,1450
0,0,CM3D2x64_Data\Mono\etc\mono\2.0\DefaultWsdlHelpGenerator.aspx,60453,F3869A34,1450
0,0,CM3D2x64_Data\Mono\etc\mono\2.0\machine.config,27625,73C91C24,1450
0,0,CM3D2x64_Data\Mono\etc\mono\2.0\settings.map,2618,A1A3C29F,1450
0,0,CM3D2x64_Data\Mono\etc\mono\2.0\web.config,11686,534A9960,1450
0,0,CM3D2x64_Data\Mono\etc\mono\2.0\Browsers\Compat.browser,1605,2E178A0B,1450
0,0,CM3D2x64_Data\Mono\etc\mono\mconfig\config.xml,25817,80B2033A,1450
0,0,CM3D2x64_Data\Plugins\cm3d2_x64.dll,1544192,1FEE76CF,1450
0,0,CM3D2x64_Data\Plugins\device_hook.dll,392704,C273C518,1450
0,0,CM3D2x64_Data\Resources\unity default resources,1544700,7137E221,1450
0,0,CM3D2x64_Data\Resources\unity_builtin_extra,142196,DF9A5755,1450
0,0,GameData\bg_pp001_2.arc,1237157,C9D912F7,1220
0,0,GameData\csv.arc,2879048,2BA02602,1450
0,0,GameData\csv_addpose001.arc,1235,D06FCA6D,1220
0,0,GameData\csv_pp001_2.arc,10034,29181748,1370
0,0,GameData\csv_urayome001_2.arc,1714,1D92B577,1401
0,0,GameData\csv_vp001_2.arc,2082,25E58CEB,1160
0,0,GameData\material2.arc,210749,33A1BD54,1440
0,0,GameData\material_denkigai2015s003_2.arc,7106,0C82D791,1150
0,0,GameData\material_denkigai2015wTowelR.arc,1602,618192B9,1360
0,0,GameData\material_dlc055_2.arc,5282,11A93109,1280
0,0,GameData\material_dlsite_2.arc,1762,C5A837EA,1150
0,0,GameData\material_shop001_2.arc,1762,D98CED1C,1150
0,0,GameData\material_shop002_2.arc,1762,956BB00E,1150
0,0,GameData\material_shop003_2.arc,1762,38CEBFF2,1150
0,0,GameData\material_shop005_2.arc,1714,3E621A32,1150
0,0,GameData\material_shop007_2.arc,2578,C8CE627C,1150
0,0,GameData\material_vp001_2.arc,11890,8CB043B0,1400
0,0,GameData\material_yomeido003_2.arc,1522,0689A7AC,1240
0,0,GameData\menu2.arc,229871,789772BC,1440
0,0,GameData\menu_denkigai2015s001_2.arc,6594,8B3E849F,1160
0,0,GameData\menu_denkigai2015s003_2.arc,4338,D294CE88,1150
0,0,GameData\menu_denkigai2015wTowelR.arc,1282,CECEE1FC,1360
0,0,GameData\menu_denkigai2016s_2.arc,1346,4A9440B1,1351
0,0,GameData\menu_denkigai2016w_2.arc,15154,C8D64D3B,1450
0,0,GameData\menu_dlcdenkigai2016w_2.arc,13522,45E7F667,1450
0,0,GameData\menu_dlc026_2.arc,3778,69453D54,1190
0,0,GameData\menu_dlc028_2.arc,3874,DE3F1C31,1200
0,0,GameData\menu_dlc041_2.arc,6786,97F738D3,1380
0,0,GameData\menu_dlc042_2.arc,1154,EE4016C0,1440
0,0,GameData\menu_dlc061_2.arc,3810,F99C1D4E,1290
0,0,GameData\menu_dlc065_2.arc,7602,D9387834,1380
0,0,GameData\menu_dlc074_2.arc,5618,24C559D7,1312
0,0,GameData\menu_dlc100_2.arc,1250,DFF94E9A,1400
0,0,GameData\menu_dlsite_2.arc,1954,B2268BA7,1150
0,0,GameData\menu_personal002_2.arc,1282,5687650C,1310
0,0,GameData\menu_shop001_2.arc,3314,35207C87,1150
0,0,GameData\menu_shop005_2.arc,1378,0C9AF725,1150
0,0,GameData\menu_vp001_2.arc,19138,7C7AFD9C,1400
0,0,GameData\menu_yomeido003_2.arc,1234,4D6F619D,1240
0,0,GameData\menu_yomeidogp_wedding_2.arc,3954,C251B12C,1320
0,0,GameData\model2.arc,12275646,5E1277C4,1440
0,0,GameData\model_denkigai2015s003_2.arc,394665,41A48185,1150
0,0,GameData\model_denkigai2015wTowelR.arc,38258,FB570A24,1360
0,0,GameData\model_dlc005_2.arc,175424,F7DD7D82,1270
0,0,GameData\model_dlc046_2.arc,155690,83B34173,1220
0,0,GameData\model_dlc073_2.arc,267037,47D33A06,1320
0,0,GameData\model_dlc100_2.arc,691347,7C3D679D,1400
0,0,GameData\model_dlsite_2.arc,197173,24366C43,1150
0,0,GameData\model_shop001_2.arc,115215,9C941FAF,1150
0,0,GameData\model_shop002_2.arc,251253,743C3D97,1150
0,0,GameData\model_shop003_2.arc,185433,A15EC70A,1150
0,0,GameData\model_shop005_2.arc,150103,FB5341FA,1150
0,0,GameData\model_shop007_2.arc,288759,80615CBD,1150
0,0,GameData\model_vp001_2.arc,647957,D68B5D2F,1400
0,0,GameData\motion2.arc,92669585,8CBAE49D,1450
0,0,GameData\motion_addpose001.arc,902194,517CF6C8,1220
0,0,GameData\motion_pp001_2.arc,615858,0E432519,1220
0,0,GameData\motion_pp002_2.arc,57428957,EF952E37,1360
0,0,GameData\motion_vp001_2.arc,141579,7857F9CD,1160
0,0,GameData\paths.dat,3484,CE37AD31,1450
0,0,GameData\prioritymaterial.arc,152825,84DEDF3E,1450
0,0,GameData\script.arc,13749659,AEB35FE3,1450
0,0,GameData\script_addpose001.arc,1194,9F2EDF3C,1220
0,0,GameData\script_cos002_2.arc,72002,5BAAF903,1330
0,0,GameData\script_cos005_2.arc,1698,FDA1E978,1380
0,0,GameData\script_denkigai2015wPants_2.arc,12658,57896547,1220
0,0,GameData\script_denkigai2015w_2.arc,40178,8634EE8F,1220
0,0,GameData\script_denkigai2016s_2.arc,135147,6150004D,1370
0,0,GameData\script_magazine001_2.arc,59602,D547478D,1400
0,0,GameData\script_personal001_2.arc,2685555,5099F83C,1370
0,0,GameData\script_personal002_2.arc,104196,490847D4,1400
0,0,GameData\script_personal003_2.arc,859260,6F2D1CDD,1430
0,0,GameData\script_pp001_2.arc,186284,61AF2780,1400
0,0,GameData\script_pp002_2.arc,91399,A5D01B82,1440
0,0,GameData\script_pp003_2.arc,77256,F6D3E059,1450
0,0,GameData\script_ytgc005_2.arc,18898,11456C1A,1340
0,0,GameData\script_ytgc006_2.arc,218689,B2CF5373,1340
0,0,GameData\script_ytgc008_2.arc,134059,62EAF572,1400
0,0,GameData\script_ytgc009_2.arc,288434,D9537E37,1400
0,0,GameData\script_ytgc010_2.arc,21714,43E60670,1433
0,0,GameData\script_xmas2016_2.arc,4338,7FAFBB83,1433
0,0,GameData\sound2.arc,12017684,3FAA939B,1330
0,0,GameData\texture3.arc,9744594,BA1A4F6B,1450
0,0,GameData\texture_addpose001.arc,23943,1D529A44,1220
0,0,GameData\texture_denkigai2015wTowelR.arc,133065,FE4BDC34,1360
0,0,GameData\texture_denkigai2016w_2.arc,10105247,3B4641C3,1450
0,0,GameData\texture_dlcdenkigai2016w_2.arc,10105332,90868016,1450
0,0,GameData\texture_dlc004_2.arc,4805734,C8E5CFB4,1200
0,0,GameData\texture_dlc046_2.arc,596960,FC606BA5,1220
0,0,GameData\texture_vp001_2.arc,755269,18D5027D,1400
0,0,GameData\texture_yomeido003_2.arc,117248,0EE72B42,1240
0,0,GameData\voice3.arc,101849461,061F0890,1250
0,0,PhotoModeData\Mod\Motion\readme.txt,146,3BF5AF4D,1220
0,0,Preset\1_junshin.preset,43021,0D00795A,1010
0,0,Preset\2_coodere.preset,43516,E9EBB0F2,1010
0,0,Preset\3_tsundere.preset,48900,D0EF8B9E,1010
0,0,Preset\4_default.preset,43697,C5E392BE,1010
0,0,Preset\5_pretty_junshin.preset,40739,D9262BEF,1010
0,0,Preset\6_pretty_coodere.preset,39554,E54D5766,1010
0,0,Preset\7_pretty_tsundere.preset,38235,CA8437BB,1010
0,0,Preset\8_ren_1_yosiko.preset,55432,D54FD70C,1220
0,0,Preset\8_ren_2_ayumi.preset,51097,3C44F9DB,1220
0,0,Preset\8_ren_3_sakura.preset,52635,33F54D90,1220
0,0,Preset\8_ren_4_ai.preset,46819,9B6E5960,1220
0,0,manual\data\004.png,699424,54A4DC50,1010
0,0,manual\data\007.png,453984,97E623F5,1010
0,0,manual\data\008.png,553674,7B23C3DF,1010
0,0,manual\data\013.png,673884,992CEEC5,1010
