0,0,COM3D2.exe,6607360,B7BB12CE,2006
0,0,COM3D2x64.exe,22841856,A9562BF9,1400
0,0,LICENSE,31205,24BAD003,1400
0,0,COM3D2x64_Data\app.info,27,F9A266E7,1400
0,0,COM3D2x64_Data\globalgamemanagers,4395764,18352189,1400
0,0,COM3D2x64_Data\globalgamemanagers.assets,241444,C91461FC,1400
0,0,COM3D2x64_Data\level0,325508,EDC2855B,1400
0,0,COM3D2x64_Data\level1,348652,227A1E45,1400
0,0,COM3D2x64_Data\level10,352364,7793EEBE,1400
0,0,COM3D2x64_Data\level100,1030236,E739DBED,1400
0,0,COM3D2x64_Data\level101,1693596,4622D45A,1400
0,0,COM3D2x64_Data\level102,1644652,A0CAE164,1400
0,0,COM3D2x64_Data\level11,326020,F6589B17,1400
0,0,COM3D2x64_Data\level12,393468,5F33AD3E,1400
0,0,COM3D2x64_Data\level13,329132,ED7DF983,1400
0,0,COM3D2x64_Data\level14,825628,1FCFABEE,1400
0,0,COM3D2x64_Data\level15,7476,3B1F6532,1400
0,0,COM3D2x64_Data\level16,327964,8F0B4BEF,1400
0,0,COM3D2x64_Data\level17,4664,E633C92B,1400
0,0,COM3D2x64_Data\level18,344652,5EB3E9A5,1400
0,0,COM3D2x64_Data\level19,334348,787671B1,1400
0,0,COM3D2x64_Data\level2,343484,4B52FA27,1400
0,0,COM3D2x64_Data\level20,955444,EEFCA4EA,1400
0,0,COM3D2x64_Data\level21,427172,49B3F875,1400
0,0,COM3D2x64_Data\level22,1085100,539BEF66,1400
0,0,COM3D2x64_Data\level23,410652,1F900B96,1400
0,0,COM3D2x64_Data\level24,680988,706131B3,1400
0,0,COM3D2x64_Data\level25,347988,2D69ED8C,1400
0,0,COM3D2x64_Data\level26,2187804,15779591,1400
0,0,COM3D2x64_Data\level27,1115108,05CC4999,1400
0,0,COM3D2x64_Data\level28,347988,4F55D7C8,1400
0,0,COM3D2x64_Data\level29,1088412,76DA8C43,1400
0,0,COM3D2x64_Data\level3,1200780,9271A60E,1400
0,0,COM3D2x64_Data\level30,340612,9342BE54,1400
0,0,COM3D2x64_Data\level31,447700,CFCDF88C,1400
0,0,COM3D2x64_Data\level32,27904,500E7279,1400
0,0,COM3D2x64_Data\level32.resS,131232,851AC384,1400
0,0,COM3D2x64_Data\level33,51676,94F16A7D,1400
0,0,COM3D2x64_Data\level34,56036,CEC2A71E,1400
0,0,COM3D2x64_Data\level35,6832,85CA219F,1400
0,0,COM3D2x64_Data\level36,326412,CE77E14D,1400
0,0,COM3D2x64_Data\level37,1576412,7D40ABD1,1400
0,0,COM3D2x64_Data\level38,1433044,833D0843,1400
0,0,COM3D2x64_Data\level39,1454644,F1425F08,1400
0,0,COM3D2x64_Data\level4,1212956,40D01173,1400
0,0,COM3D2x64_Data\level40,444068,B77690C2,1400
0,0,COM3D2x64_Data\level41,395436,5D79F16A,1400
0,0,COM3D2x64_Data\level42,426596,0CEDC187,1400
0,0,COM3D2x64_Data\level43,1349876,1A7CACB6,1400
0,0,COM3D2x64_Data\level44,1414348,3538FE77,1400
0,0,COM3D2x64_Data\level45,1539756,A8F4E99C,1400
0,0,COM3D2x64_Data\level46,414036,B3C09B5B,1400
0,0,COM3D2x64_Data\level47,381132,7246A22E,1400
0,0,COM3D2x64_Data\level48,439500,15291327,1400
0,0,COM3D2x64_Data\level49,396724,C60E4412,1400
0,0,COM3D2x64_Data\level5,1284076,19C10F55,1400
0,0,COM3D2x64_Data\level50,1374796,3A5FCF30,1400
0,0,COM3D2x64_Data\level51,381284,84A8A765,1400
0,0,COM3D2x64_Data\level52,659484,EE3B7C1F,1400
0,0,COM3D2x64_Data\level53,537868,F98B8C51,1400
0,0,COM3D2x64_Data\level54,349900,8E08BEAE,1400
0,0,COM3D2x64_Data\level55,1276756,36A25DE6,1400
0,0,COM3D2x64_Data\level56,1027364,D193BDCC,1400
0,0,COM3D2x64_Data\level57,1034652,85DEE8C5,1400
0,0,COM3D2x64_Data\level58,1276756,FCACEAC0,1400
0,0,COM3D2x64_Data\level59,1157348,AD21D90E,1400
0,0,COM3D2x64_Data\level6,327004,6EE4A9CD,1400
0,0,COM3D2x64_Data\level60,945916,881277EE,1400
0,0,COM3D2x64_Data\level61,1232324,C8B99B02,1400
0,0,COM3D2x64_Data\level62,1333324,D89D69B9,1400
0,0,COM3D2x64_Data\level63,681380,14CBB9DA,1400
0,0,COM3D2x64_Data\level64,918148,2F8AAB5C,1400
0,0,COM3D2x64_Data\level65,401316,1BBF3213,1400
0,0,COM3D2x64_Data\level66,397684,2A37B1C0,1400
0,0,COM3D2x64_Data\level67,441396,19B7FA7F,1400
0,0,COM3D2x64_Data\level68,463524,FC38AD10,1400
0,0,COM3D2x64_Data\level69,391924,FB415AF2,1400
0,0,COM3D2x64_Data\level7,1057028,9E4369E1,1400
0,0,COM3D2x64_Data\level70,451884,1D3C6B6D,1400
0,0,COM3D2x64_Data\level71,1040324,7260A243,1400
0,0,COM3D2x64_Data\level72,964724,C3AF5747,1400
0,0,COM3D2x64_Data\level73,444604,74AFA8A5,1400
0,0,COM3D2x64_Data\level74,466748,1FD9DA50,1400
0,0,COM3D2x64_Data\level75,457332,6E5DB314,1400
0,0,COM3D2x64_Data\level76,1044732,BADD4265,1400
0,0,COM3D2x64_Data\level77,1005004,7DECF1A9,1400
0,0,COM3D2x64_Data\level78,450380,AC141160,1400
0,0,COM3D2x64_Data\level79,434900,722F360B,1400
0,0,COM3D2x64_Data\level8,357876,E384AF9A,1400
0,0,COM3D2x64_Data\level80,416572,CB8AD07D,1400
0,0,COM3D2x64_Data\level81,359636,2D0F43AC,1400
0,0,COM3D2x64_Data\level82,1384124,E82B527C,1400
0,0,COM3D2x64_Data\level83,1324876,2F25EA1C,1400
0,0,COM3D2x64_Data\level84,503396,7ACA6A1E,1400
0,0,COM3D2x64_Data\level85,405524,EA6C52EB,1400
0,0,COM3D2x64_Data\level86,1252892,28F2E7D5,1400
0,0,COM3D2x64_Data\level87,970724,3DBE42D9,1400
0,0,COM3D2x64_Data\level88,1429196,E3DDA928,1400
0,0,COM3D2x64_Data\level89,1370348,D62199A1,1400
0,0,COM3D2x64_Data\level9,417164,41224563,1400
0,0,COM3D2x64_Data\level90,1576420,00C43DA2,1400
0,0,COM3D2x64_Data\level91,1539764,04B103DD,1400
0,0,COM3D2x64_Data\level92,1371500,88020138,1400
0,0,COM3D2x64_Data\level93,1337444,FEF66F6C,1400
0,0,COM3D2x64_Data\level94,373188,7061F45F,1400
0,0,COM3D2x64_Data\level95,370756,8502DB2D,1400
0,0,COM3D2x64_Data\level96,1050604,8A605708,1400
0,0,COM3D2x64_Data\level97,851892,3990B83D,1400
0,0,COM3D2x64_Data\level98,958660,E2682E14,1400
0,0,COM3D2x64_Data\level99,852852,E2ACC7BA,1400
0,0,COM3D2x64_Data\resources.assets,410008272,99F2A6AF,1400
0,0,COM3D2x64_Data\resources.assets.resS,1755839100,FB57732D,1400
0,0,COM3D2x64_Data\resources.resource,727392,54F90BDA,1400
0,0,COM3D2x64_Data\sharedassets0.assets,115226516,07E5A901,1400
0,0,COM3D2x64_Data\sharedassets0.assets.resS,28071636,A1AB9432,1400
0,0,COM3D2x64_Data\sharedassets1.assets,6256,D1130F9D,1400
0,0,COM3D2x64_Data\sharedassets10.assets,6112,BEB4438F,1400
0,0,COM3D2x64_Data\sharedassets100.assets,353884,F211AA97,1400
0,0,COM3D2x64_Data\sharedassets100.assets.resS,2272048,E50143CB,1400
0,0,COM3D2x64_Data\sharedassets100.resource,6236800,C7E9CFDE,1400
0,0,COM3D2x64_Data\sharedassets101.assets,6568304,435F0931,1400
0,0,COM3D2x64_Data\sharedassets101.assets.resS,10936,3B0D7ADF,1400
0,0,COM3D2x64_Data\sharedassets101.resource,1136352,956B5452,1400
0,0,COM3D2x64_Data\sharedassets102.assets,10252,8E0ADBB7,1400
0,0,COM3D2x64_Data\sharedassets11.assets,6088,8E8CA973,1400
0,0,COM3D2x64_Data\sharedassets12.assets,6328,2B7C9E6F,1400
0,0,COM3D2x64_Data\sharedassets13.assets,6232,1C3BB14C,1400
0,0,COM3D2x64_Data\sharedassets14.assets,6688,C40D30E0,1400
0,0,COM3D2x64_Data\sharedassets15.assets,4564,69B3C32C,1400
0,0,COM3D2x64_Data\sharedassets16.assets,6148,EBBB30AF,1400
0,0,COM3D2x64_Data\sharedassets17.assets,4132,D4EEE35B,1400
0,0,COM3D2x64_Data\sharedassets18.assets,6868,26923D6B,1400
0,0,COM3D2x64_Data\sharedassets19.assets,6232,0126ABAE,1400
0,0,COM3D2x64_Data\sharedassets2.assets,6292,8CB8F511,1400
0,0,COM3D2x64_Data\sharedassets20.assets,12592,1F466A38,1400
0,0,COM3D2x64_Data\sharedassets21.assets,6292,4224458D,1400
0,0,COM3D2x64_Data\sharedassets22.assets,12688,3942B03B,1400
0,0,COM3D2x64_Data\sharedassets23.assets,6316,A2E55346,1400
0,0,COM3D2x64_Data\sharedassets24.assets,6376,31EAFA57,1400
0,0,COM3D2x64_Data\sharedassets25.assets,6184,A5A9F687,1400
0,0,COM3D2x64_Data\sharedassets26.assets,7096,8658E8BE,1400
0,0,COM3D2x64_Data\sharedassets27.assets,12664,7A7C47E5,1400
0,0,COM3D2x64_Data\sharedassets28.assets,6184,D672D295,1400
0,0,COM3D2x64_Data\sharedassets29.assets,12664,7A7C47E5,1400
0,0,COM3D2x64_Data\sharedassets3.assets,7972,19A8C10D,1400
0,0,COM3D2x64_Data\sharedassets30.assets,6112,C5BD71E6,1400
0,0,COM3D2x64_Data\sharedassets31.assets,18126856,FDBAAFC9,1400
0,0,COM3D2x64_Data\sharedassets32.assets,12328,4C8BD4E9,1400
0,0,COM3D2x64_Data\sharedassets33.assets,4420,4848D122,1400
0,0,COM3D2x64_Data\sharedassets34.assets,4324,A0991960,1400
0,0,COM3D2x64_Data\sharedassets35.assets,4264,73DCAE7E,1400
0,0,COM3D2x64_Data\sharedassets36.assets,6124,FA2899A5,1400
0,0,COM3D2x64_Data\sharedassets37.assets,12592,F8C82450,1400
0,0,COM3D2x64_Data\sharedassets38.assets,12592,735B60FB,1400
0,0,COM3D2x64_Data\sharedassets39.assets,12592,CDB23DCE,1400
0,0,COM3D2x64_Data\sharedassets4.assets,12916,62B474FA,1400
0,0,COM3D2x64_Data\sharedassets40.assets,7228,01E88F08,1400
0,0,COM3D2x64_Data\sharedassets41.assets,6976,03E7B43B,1400
0,0,COM3D2x64_Data\sharedassets42.assets,7252,AE171C03,1400
0,0,COM3D2x64_Data\sharedassets43.assets,9352,D0DDF2D1,1400
0,0,COM3D2x64_Data\sharedassets44.assets,9460,7F79CEBB,1400
0,0,COM3D2x64_Data\sharedassets45.assets,9448,7A2ECD0E,1400
0,0,COM3D2x64_Data\sharedassets46.assets,8524,4195816A,1400
0,0,COM3D2x64_Data\sharedassets47.assets,6592,00F7CACB,1400
0,0,COM3D2x64_Data\sharedassets48.assets,8332,5BD7649D,1400
0,0,COM3D2x64_Data\sharedassets49.assets,792692,6D243179,1400
0,0,COM3D2x64_Data\sharedassets49.assets.resS,6506584,427886ED,1400
0,0,COM3D2x64_Data\sharedassets5.assets,7144,4BD80884,1400
0,0,COM3D2x64_Data\sharedassets50.assets,12592,2AC7B61D,1400
0,0,COM3D2x64_Data\sharedassets51.assets,6580,675DF427,1400
0,0,COM3D2x64_Data\sharedassets52.assets,6748,AD533C13,1400
0,0,COM3D2x64_Data\sharedassets53.assets,6520,D99CED4A,1400
0,0,COM3D2x64_Data\sharedassets54.assets,6124,75AD0B89,1400
0,0,COM3D2x64_Data\sharedassets55.assets,12676,06736AF4,1400
0,0,COM3D2x64_Data\sharedassets56.assets,9244,BD531C91,1400
0,0,COM3D2x64_Data\sharedassets57.assets,9280,36B435C0,1400
0,0,COM3D2x64_Data\sharedassets58.assets,12676,06736AF4,1400
0,0,COM3D2x64_Data\sharedassets59.assets,9484,CA85D550,1400
0,0,COM3D2x64_Data\sharedassets6.assets,6136,F3CD96AB,1400
0,0,COM3D2x64_Data\sharedassets60.assets,9280,36B435C0,1400
0,0,COM3D2x64_Data\sharedassets61.assets,9424,CD0A4475,1400
0,0,COM3D2x64_Data\sharedassets62.assets,9460,7F79CEBB,1400
0,0,COM3D2x64_Data\sharedassets63.assets,6652,981469A5,1400
0,0,COM3D2x64_Data\sharedassets64.assets,9448,7A2ECD0E,1400
0,0,COM3D2x64_Data\sharedassets65.assets,42236540,C0AB8D14,1400
0,0,COM3D2x64_Data\sharedassets65.assets.resS,87400,8BA6C322,1400
0,0,COM3D2x64_Data\sharedassets66.assets,38246508,C90AFFC2,1400
0,0,COM3D2x64_Data\sharedassets67.assets,32874604,23A2C0A7,1400
0,0,COM3D2x64_Data\sharedassets68.assets,36735684,E4B1DB41,1400
0,0,COM3D2x64_Data\sharedassets68.assets.resS,174776,5B619AF1,1400
0,0,COM3D2x64_Data\sharedassets69.assets,41277360,8D02DE8F,1400
0,0,COM3D2x64_Data\sharedassets7.assets,6976,CD072700,1400
0,0,COM3D2x64_Data\sharedassets70.assets,39399112,5610A6C9,1400
0,0,COM3D2x64_Data\sharedassets71.assets,3017148,29C31D65,1400
0,0,COM3D2x64_Data\sharedassets71.assets.resS,611728,7BFBEAAE,1400
0,0,COM3D2x64_Data\sharedassets72.assets,9508,96EFCED7,1400
0,0,COM3D2x64_Data\sharedassets73.assets,6508,5B75D51C,1400
0,0,COM3D2x64_Data\sharedassets74.assets,6508,5B75D51C,1400
0,0,COM3D2x64_Data\sharedassets75.assets,6508,5B75D51C,1400
0,0,COM3D2x64_Data\sharedassets76.assets,12604,BCDDF4EF,1400
0,0,COM3D2x64_Data\sharedassets77.assets,9460,28D224FA,1400
0,0,COM3D2x64_Data\sharedassets78.assets,6472,A9559D39,1400
0,0,COM3D2x64_Data\sharedassets79.assets,59364,FF5E4403,1400
0,0,COM3D2x64_Data\sharedassets79.assets.resS,174776,B51EE5DC,1400
0,0,COM3D2x64_Data\sharedassets8.assets,6136,D498D039,1400
0,0,COM3D2x64_Data\sharedassets80.assets,6484,C9442382,1400
0,0,COM3D2x64_Data\sharedassets81.assets,6736,A2ADD174,1400
0,0,COM3D2x64_Data\sharedassets82.assets,759664,66297B42,1400
0,0,COM3D2x64_Data\sharedassets82.assets.resS,1310880,58801C35,1400
0,0,COM3D2x64_Data\sharedassets82.resource,1178176,90268BF4,1400
0,0,COM3D2x64_Data\sharedassets83.assets,9316,FC6A0249,1400
0,0,COM3D2x64_Data\sharedassets84.assets,3412512,98CD2BC4,1400
0,0,COM3D2x64_Data\sharedassets84.assets.resS,6226112,B3E98769,1400
0,0,COM3D2x64_Data\sharedassets85.assets,6580,5B5248CC,1400
0,0,COM3D2x64_Data\sharedassets86.assets,13852,993467CC,1400
0,0,COM3D2x64_Data\sharedassets87.assets,9448,7A2ECD0E,1400
0,0,COM3D2x64_Data\sharedassets88.assets,12616,53C50CB7,1400
0,0,COM3D2x64_Data\sharedassets89.assets,9436,81B07D8C,1400
0,0,COM3D2x64_Data\sharedassets9.assets,7096,B5C6AEE0,1400
0,0,COM3D2x64_Data\sharedassets90.assets,12592,F8C82450,1400
0,0,COM3D2x64_Data\sharedassets91.assets,9448,7A2ECD0E,1400
0,0,COM3D2x64_Data\sharedassets92.assets,12616,53C50CB7,1400
0,0,COM3D2x64_Data\sharedassets93.assets,10384,63D4AA7B,1400
0,0,COM3D2x64_Data\sharedassets94.assets,6640,80A34DFF,1400
0,0,COM3D2x64_Data\sharedassets95.assets,6280,052D5BCF,1400
0,0,COM3D2x64_Data\sharedassets96.assets,11692,9DE179EF,1400
0,0,COM3D2x64_Data\sharedassets96.resource,2729184,2D4064D6,1400
0,0,COM3D2x64_Data\sharedassets97.assets,11560,9C950B81,1400
0,0,COM3D2x64_Data\sharedassets98.assets,8296,5D4C5D28,1400
0,0,COM3D2x64_Data\sharedassets99.assets,7612,761A0292,1400
0,0,COM3D2x64_Data\Managed\Accessibility.dll,10752,5CB31E4E,1400
0,0,COM3D2x64_Data\Managed\Assembly-CSharp-firstpass.dll,783872,78FDB1DE,1400
0,0,COM3D2x64_Data\Managed\Assembly-CSharp.dll,5354496,79BA7E26,1400
0,0,COM3D2x64_Data\Managed\Assembly-UnityScript-firstpass.dll,65024,FFDD356F,1400
0,0,COM3D2x64_Data\Managed\Boo.Lang.dll,126976,28383F70,1400
0,0,COM3D2x64_Data\Managed\BouncyCastle.Crypto.dll,2236416,5A4C4F07,1400
0,0,COM3D2x64_Data\Managed\FoveUnityPlugin.dll,28672,A6EA882B,1400
0,0,COM3D2x64_Data\Managed\ICSharpCode.SharpZipLib.dll,200704,D3160A1C,1400
0,0,COM3D2x64_Data\Managed\Ionic.Zlib.dll,102400,7C9E7DD2,1400
0,0,COM3D2x64_Data\Managed\JsonFx.Json.dll,70144,A0F0CFCB,1400
0,0,COM3D2x64_Data\Managed\LeapCSharp.NET3.5.dll,82432,38E38212,1400
0,0,COM3D2x64_Data\Managed\Mono.Data.Tds.dll,96256,2965324B,1400
0,0,COM3D2x64_Data\Managed\Mono.Posix.dll,184320,0CE35BE3,1400
0,0,COM3D2x64_Data\Managed\Mono.Security.dll,294912,66EB9979,1400
0,0,COM3D2x64_Data\Managed\Mono.WebBrowser.dll,172032,137B736F,1400
0,0,COM3D2x64_Data\Managed\mscorlib.dll,2590208,5166389B,1400
0,0,COM3D2x64_Data\Managed\Newtonsoft.Json.dll,494592,5C881B73,1400
0,0,COM3D2x64_Data\Managed\System.Configuration.dll,124928,72952344,1400
0,0,COM3D2x64_Data\Managed\System.Core.dll,297472,9E3EE5D7,1400
0,0,COM3D2x64_Data\Managed\System.Data.dll,856064,DDDB80CD,1400
0,0,COM3D2x64_Data\Managed\System.dll,1679360,13922617,1400
0,0,COM3D2x64_Data\Managed\System.Drawing.Design.dll,29696,E7B53FF9,1400
0,0,COM3D2x64_Data\Managed\System.Drawing.dll,448512,C4B2E872,1400
0,0,COM3D2x64_Data\Managed\System.EnterpriseServices.dll,46592,2C72A9FE,1400
0,0,COM3D2x64_Data\Managed\System.Security.dll,135168,1CE94C57,1400
0,0,COM3D2x64_Data\Managed\System.Transactions.dll,27648,45299FCF,1400
0,0,COM3D2x64_Data\Managed\System.Windows.Forms.dll,3053568,56394001,1400
0,0,COM3D2x64_Data\Managed\System.Xml.dll,1270272,4581A35B,1400
0,0,COM3D2x64_Data\Managed\System.Xml.Linq.dll,106496,E844371C,1400
0,0,COM3D2x64_Data\Managed\UnityEngine.dll,1393152,2C35388C,1400
0,0,COM3D2x64_Data\Managed\UnityEngine.dll.mdb,449828,8610375E,1400
0,0,COM3D2x64_Data\Managed\UnityEngine.Networking.dll,253952,2BDF701F,1400
0,0,COM3D2x64_Data\Managed\UnityEngine.UI.dll,245760,FA552B2D,1400
0,0,COM3D2x64_Data\Managed\UnityEngine.VR.dll,3072,A4582CD6,1400
0,0,COM3D2x64_Data\Managed\UnityScript.Lang.dll,13824,0DA8F681,1400
0,0,COM3D2x64_Data\Managed\Win32.dll,13312,7781C2A2,1400
0,0,COM3D2x64_Data\Managed\zxing.unity.dll,430592,9FD1F198,1400
0,0,COM3D2x64_Data\Mono\mono.dll,2618816,0BEA8C0F,1400
0,0,COM3D2x64_Data\Mono\MonoPosixHelper.dll,113664,9B5E1E4D,1400
0,0,COM3D2x64_Data\Mono\etc\mono\browscap.ini,311984,CE6C0AB3,1400
0,0,COM3D2x64_Data\Mono\etc\mono\config,1691,A635914A,1400
0,0,COM3D2x64_Data\Mono\etc\mono\1.0\DefaultWsdlHelpGenerator.aspx,58196,10E814BF,1400
0,0,COM3D2x64_Data\Mono\etc\mono\1.0\machine.config,17258,EDE1AC59,1400
0,0,COM3D2x64_Data\Mono\etc\mono\2.0\DefaultWsdlHelpGenerator.aspx,60453,F3869A34,1400
0,0,COM3D2x64_Data\Mono\etc\mono\2.0\machine.config,27625,73C91C24,1400
0,0,COM3D2x64_Data\Mono\etc\mono\2.0\settings.map,2618,A1A3C29F,1400
0,0,COM3D2x64_Data\Mono\etc\mono\2.0\web.config,11686,534A9960,1400
0,0,COM3D2x64_Data\Mono\etc\mono\2.0\Browsers\Compat.browser,1605,2E178A0B,1400
0,0,COM3D2x64_Data\Mono\etc\mono\mconfig\config.xml,25817,80B2033A,1400
0,0,COM3D2x64_Data\Plugins\assimp.dll,4388864,7C910D84,1400
0,0,COM3D2x64_Data\Plugins\Audio360.dll,1499136,2D77400A,1400
0,0,COM3D2x64_Data\Plugins\AVProVideo.dll,891392,A3612D4B,1400
0,0,COM3D2x64_Data\Plugins\clothpp.dll,112128,7C3264A4,1400
0,0,COM3D2x64_Data\Plugins\cm3d2.dll,2100736,74B315EF,1400
0,0,COM3D2x64_Data\Plugins\device_hook.dll,738816,F61E7CED,1400
0,0,COM3D2x64_Data\Plugins\FoveClient.dll,1849384,58C8B4F6,1400
0,0,COM3D2x64_Data\Plugins\LeapC.dll,2516992,FBDD3767,1400
0,0,COM3D2x64_Data\Plugins\openvr_api.dll,318272,44432E0F,1400
0,0,COM3D2x64_Data\Plugins\OVRGamepad.dll,12800,2C526135,1400
0,0,COM3D2x64_Data\Plugins\OVRLipSync.dll,2512296,391C1F4C,1400
0,0,COM3D2x64_Data\Plugins\OVRPlugin.dll,1898408,5DD05B6C,1400
0,0,COM3D2x64_Data\Plugins\Win32-WebView.dll,504832,382AEE66,1400
0,0,COM3D2x64_Data\Resources\unity default resources,752360,71DB1AEA,1400
0,0,COM3D2x64_Data\Resources\unity_builtin_extra,284012,91145F7F,1400
0,0,COM3D2x64_Data\StreamingAssets\demo.html,683,A00BB8A2,1400
0,0,GameData\motion2.arc,181498814,30F4CECE,1350
0,0,GameData\motion_3d21reserve_2.arc,153931,C630D84E,1100
0,0,GameData\motion_charaevent001_2.arc,1620106,06D07D92,1250
0,0,GameData\motion_charaevent002_2.arc,529007,1EE16A3C,1310
0,0,GameData\motion_charaevent004_2.arc,1873028,B7C13F05,1250
0,0,GameData\motion_charaevent005_2.arc,677366,64D8BC97,1310
0,0,GameData\motion_charaevent007_2.arc,1419293,1825E020,1280
0,0,GameData\motion_cos021_2.arc,323647,5697AC81,1061
0,0,GameData\motion_denkigai2017w_2.arc,1466874,DEACF6A8,1070
0,0,GameData\motion_gp001_2.arc,44501550,AA93BEF1,1312
0,0,GameData\motion_kissnohi001_2.arc,158459,BD4D598E,1200
0,0,GameData\motion_omytgc002_2.arc,2611175,C672249A,1310
0,0,GameData\motion_personal_om005_2.arc,16232604,DF69DE56,1301
0,0,GameData\script.arc,12781346,5DDF287E,1380
0,0,GameData\script_charaevent001_2.arc,30674,FD2BB099,1090
0,0,GameData\script_charaevent002_2.arc,10754,793C2808,1270
0,0,GameData\script_charaevent002ntr_2.arc,16114,A039DACC,1150
0,0,GameData\script_charaevent003ntr_2.arc,14370,7667AFA0,1312
0,0,GameData\script_charaevent004ntr_2.arc,16450,5334480E,1220
0,0,GameData\script_cos021_2.arc,109385,684D92BB,1140
0,0,GameData\script_denkigai2017w_2.arc,430750,44E8DF34,1140
0,0,GameData\script_denkigai2018s_2.arc,10274,96AE23D5,1191
0,0,GameData\script_dlc247_2.arc,26514,BF160EF4,1310
0,0,GameData\script_dlc251_2.arc,22658,0C0DAA32,1310
0,0,GameData\script_dlc255_2.arc,5922,D1AE825D,1310
0,0,GameData\script_dlc272_2.arc,8866,229A3C4C,1310
0,0,GameData\script_dlc280_2.arc,3506,0B54F783,1320
0,0,GameData\script_exm001_2.arc,2738,7DFDDDE5,1070
0,0,GameData\script_gp001_2.arc,2376413,F6A5BEAA,1320
0,0,GameData\script_gp002_2.arc,383987,5413A2E0,1380
0,0,GameData\script_gp002p1_2.arc,3458,E47A3AE4,1360
0,0,GameData\script_old_2.arc,594157,54E7563B,1370
0,0,GameData\script_oldplus001_2.arc,7426,744CDD8B,1370
0,0,GameData\script_omytgc001_2.arc,54354,4F59E426,1380
0,0,GameData\script_omytgc003_2.arc,4402,0FF93434,1250
0,0,GameData\script_ordermade001_2.arc,126337,E8445492,1331
0,0,GameData\script_ordermade002_2.arc,28818,ECE50516,1331
0,0,GameData\script_ordermade003_2.arc,22626,32DB0F13,1331
0,0,GameData\script_ordermade004_2.arc,30402,FB7C0B10,1331
0,0,GameData\script_personal_om001_2.arc,49042,91A5221D,1380
0,0,GameData\script_personal_om001plus_2.arc,37346,CA245E2F,1312
0,0,GameData\script_personal_om002_2.arc,54354,2329A940,1380
0,0,GameData\script_personal_om002plus_2.arc,29730,7AF47A76,1310
0,0,GameData\script_personal_om003_2.arc,14914,5F1C25DE,1380
0,0,GameData\script_personal_om003plus_2.arc,28226,0F69BF19,1352
0,0,GameData\script_personal_om004_2.arc,39794,70FF4315,1380
0,0,GameData\script_personal_om004plus_2.arc,5330,D62BB7FD,1352
0,0,GameData\script_personal_om005_2.arc,63266,30459F4A,1380
0,0,GameData\script_personal_om005plus_2.arc,4914,7804F397,1352
0,0,GameData\script_personal_om006_2.arc,21554,A6C87026,1380
0,0,GameData\voice2.arc,445007879,8511FC6B,1350
0,0,manual\favicon.ico,370070,687492C6,1050
0,0,manual\index.html,71545,035C59F0,1060
0,0,manual\css\close.png,1250,304A1D8C,1050
0,0,manual\css\common.css,3409,BA5B06EB,1050
0,0,manual\css\index.css,6614,38725E3B,1050
0,0,manual\css\lightbox.css,3674,9235D408,1050
0,0,manual\css\loading.gif,1279,72456323,1050
0,0,manual\css\next.png,1682,E0895D01,1050
0,0,manual\css\prev.png,1666,12F2027E,1050
0,0,manual\img\casino01.jpg,272694,C6FE6781,1050
0,0,manual\img\clubstatus.jpg,36546,DAA11F1D,1050
0,0,manual\img\com3d2_logo.png,100187,28605834,1050
0,0,manual\img\comp01.jpg,54909,F2AE5CE1,1050
0,0,manual\img\comp02.jpg,87599,493340A0,1050
0,0,manual\img\config.jpg,156802,1871EF55,1050
0,0,manual\img\dance01.jpg,305648,B87D0340,1050
0,0,manual\img\dance02.jpg,345535,27BEFAE3,1050
0,0,manual\img\edit01.jpg,312602,CB3E64D0,1050
0,0,manual\img\edit02.jpg,278318,878B2857,1050
0,0,manual\img\event01.jpg,194983,E4E03D42,1050
0,0,manual\img\facilitysetting01.jpg,338947,40D2A7D3,1050
0,0,manual\img\facilitysetting02.jpg,185709,12E0C653,1050
0,0,manual\img\facilitysetting03.jpg,267150,D08D54B7,1050
0,0,manual\img\kashizuki01.jpg,210954,8E6084EA,1050
0,0,manual\img\kashizuki02.jpg,209895,BD363567,1050
0,0,manual\img\kashizuki03.jpg,215560,D28EDBD6,1050
0,0,manual\img\kiss_logo.png,6459,7966A6E9,1050
0,0,manual\img\maidmanagement01.jpg,242517,21B3E491,1050
0,0,manual\img\maidmanagement02.jpg,140237,945D483D,1050
0,0,manual\img\maidmanagement03.jpg,208300,B7C8F3CD,1050
0,0,manual\img\mainmenu01.jpg,208641,7218A847,1060
0,0,manual\img\mainmenu02.jpg,193956,4C7EF1A8,1050
0,0,manual\img\myroom.jpg,225108,398BA2D8,1050
0,0,manual\img\myroom.psd,1301284,E3472053,1050
0,0,manual\img\reminiscence01.jpg,236014,B0302E74,1050
0,0,manual\img\schedule01.jpg,198475,6AD2FF8C,1050
0,0,manual\img\schedule02.jpg,240595,AE23B15D,1050
0,0,manual\img\shitsu_mode.jpg,166109,966737E0,1050
0,0,manual\img\shop.jpg,216722,67700EE6,1050
0,0,manual\img\studio.jpg,328576,FC7FDE83,1050
0,0,manual\img\system01.jpg,67204,A61273B1,1050
0,0,manual\img\yotogi01.jpg,283179,93847FCE,1050
0,0,manual\img\yotogi02.jpg,278963,0959D75C,1050
0,0,manual\img\yotogi03.jpg,243961,20F88D92,1050
0,0,manual\sys\common.js,240,976D3DF4,1050
0,0,manual\sys\jquery-3.1.0.min.js,86351,AE6B746B,1050
0,0,manual\sys\jquery.lazy.min.js,5022,FEEB9C66,1050
0,0,manual\sys\lightbox.js,18410,F90AE353,1050
share,GameData\patch\bg_kissevent2018_sp_card_2.arc,GameData\bg_kissevent2018_sp_card_2.arc,493322,140250D1,1100
share,GameData\patch\bg_sp001_2.arc,GameData\bg_sp001_2.arc,16204240,91030B15,1000
share,GameData\patch\bg_sp004_2.arc,GameData\bg_sp004_2.arc,35284425,D79D7E66,1290
share,GameData\patch\csv.arc,GameData\csv.arc,6533321,DDE7BE4A,1400
share,GameData\patch\csv_3d21reserve2_2.arc,GameData\csv_3d21reserve2_2.arc,51058,6AD913F3,1380
share,GameData\patch\csv_dlc305_2.arc,GameData\csv_dlc305_2.arc,67779,3D73BCB9,1380
share,GameData\patch\csv_denkigai2018wpcard_2.arc,GameData\csv_denkigai2018wpcard_2.arc,450,CD1D6826,1331
share,GameData\patch\csv_gp001_2.arc,GameData\csv_gp001_2.arc,34178,AA372C5C,1270
share,GameData\patch\csv_jp.arc,GameData\csv_jp.arc,13747,BE714C79,1310
share,GameData\patch\csv_personal_om006_2.arc,GameData\csv_personal_om006_2.arc,1426,AB118368,1350
share,GameData\patch\csv_old_2.arc,GameData\csv_old_2.arc,1746,7AD2A97C,1150
share,GameData\patch\csv_ordermade001_2.arc,GameData\csv_ordermade001_2.arc,770,422A7575,1150
share,GameData\patch\parts2.arc,GameData\parts2.arc,157176845,C650D56F,1380
share,GameData\patch\parts_cw001cloth3_2.arc,GameData\parts_cw001cloth3_2.arc,4370,1F2FFFCD,1380
share,GameData\patch\parts_denkigai2019s_2.arc,GameData\parts_denkigai2019s_2.arc,6565399,1351B41C,1352
share,GameData\patch\parts_dlc209_2.arc,GameData\parts_dlc209_2.arc,1363413,BF1ABBC0,1171
share,GameData\patch\parts_dlc216_2.arc,GameData\parts_dlc216_2.arc,932171,E7454670,1200
share,GameData\patch\parts_dlc232_2.arc,GameData\parts_dlc232_2.arc,3682,115DEE3E,1250
share,GameData\patch\parts_dlc241_2.arc,GameData\parts_dlc241_2.arc,1618,5C4797C1,1380
share,GameData\patch\parts_dlc267_2.arc,GameData\parts_dlc267_2.arc,2317684,C3E93D7B,1331
share,GameData\patch\parts_dlc268_2.arc,GameData\parts_dlc268_2.arc,465617,1FC74BD4,1320
share,GameData\patch\parts_dlc268ns_2.arc,GameData\parts_dlc268ns_2.arc,465634,269DB210,1320
share,GameData\patch\parts_dlc279_2.arc,GameData\parts_dlc279_2.arc,6171073,DF439D14,1331
share,GameData\patch\parts_gp001_2.arc,GameData\parts_gp001_2.arc,62554244,832A6EBA,1380
share,GameData\patch\parts_karaoke001_2.arc,GameData\parts_karaoke001_2.arc,453245,11C970D3,1280
share,GameData\patch\parts_magazine003_2.arc,GameData\parts_magazine003_2.arc,201385,3A5B273D,1120
share,GameData\patch\parts_omvr.arc,GameData\parts_omvr.arc,3206509,4F0D0480,1120
share,GameData\patch\parts_personal_om006_2.arc,GameData\parts_personal_om006_2.arc,307194,3FCB0A15,1331
share,GameData\patch\parts_kissevent2018_2.arc,GameData\parts_kissevent2018_2.arc,5570,005BBD00,1100
share,GameData\patch\parts_shop016_2.arc,GameData\parts_shop016_2.arc,171410,3D70CEC4,1060
share,GameData\patch\parts_sp002cloth1_2.arc,GameData\parts_sp002cloth1_2.arc,10930,46512519,1250
share,GameData\patch\parts_sp002cloth2_2.arc,GameData\parts_sp002cloth2_2.arc,1825089,3BCD25A8,1352
share,GameData\patch\parts_sp005cloth2_2.arc,GameData\parts_sp005cloth2_2.arc,23826,9ECA62AD,1312
share,GameData\patch\parts_vac001_2.arc,GameData\parts_vac001_2.arc,6706,959CBD1B,1250
share,GameData\patch\paths.dat,GameData\paths.dat,6516,50066599,1380
share,GameData\patch\prioritymaterial.arc,GameData\prioritymaterial.arc,368158,86BEDDF1,1380
share,GameData\patch\script_share_karaoke_2.arc,GameData\script_share_karaoke_2.arc,8129,42BE23AF,1303
share,GameData\patch\sound2.arc,GameData\sound2.arc,4054324,EC955071,1370
share,GameData\patch\system2.arc,GameData\system2.arc,14570363,A60F8067,1360
share,GameData\patch\system_gp001_2.arc,GameData\system_gp001_2.arc,6758158,C5047B0C,1301
share,GameData\patch\system_gp002_2.arc,GameData\system_gp002_2.arc,3352431,A85DA78B,1350
share,GameData\patch\voice_gp001_2.arc,GameData\voice_gp001_2.arc,128499501,74943317,1270
share,GameData_20\bg_vp001_2.arc,GameData_20\bg_vp001_2.arc,283046,A7A90EE1,1190
share,GameData_20\material_denkigai2015w_2.arc,GameData_20\material_denkigai2015w_2.arc,3490,F06AAABE,1090
share,GameData_20\material_dlc195_2.arc,GameData_20\material_dlc195_2.arc,1746,ECFBFE17,1090
share,GameData_20\material_dlcdenkigai2015w_2.arc,GameData_20\material_dlcdenkigai2015w_2.arc,3522,D35394D7,1090
share,GameData_20\material_dlcdenkigai2017w_2.arc,GameData_20\material_dlcdenkigai2017w_2.arc,3506,40FF8AFA,1090
share,GameData_20\material_kissevent2017march_2.arc,GameData_20\material_kissevent2017march_2.arc,3538,7A6FC5CF,1090
share,GameData_20\menu_dlc195_2.arc,GameData_20\menu_dlc195_2.arc,1170,BF163DDC,1090
share,GameData_20\model_denkigai2015w_2.arc,GameData_20\model_denkigai2015w_2.arc,174373,F9233759,1090
share,GameData_20\model_dlc195_2.arc,GameData_20\model_dlc195_2.arc,583563,16C95E54,1090
share,GameData_20\model_dlcdenkigai2015w_2.arc,GameData_20\model_dlcdenkigai2015w_2.arc,174400,BE6E5467,1090
share,GameData_20\model_dlcdenkigai2017w_2.arc,GameData_20\model_dlcdenkigai2017w_2.arc,181384,6D5B735E,1090
share,GameData_20\model_kissevent2017march_2.arc,GameData_20\model_kissevent2017march_2.arc,190682,21F32FCB,1090
share,GameData_20\texture_dlc195_2.arc,GameData_20\texture_dlc195_2.arc,16075880,456A4C76,1090
share,GameData_20\paths.dat,GameData_20\paths.dat,5091,D094E2BE,1580
share,GameData_20\prioritymaterial.arc,GameData_20\prioritymaterial.arc,221488,580931AC,1582
share,GameData_20\material_denkigai2015s003_2.arc,GameData_20\material_denkigai2015s003_2.arc,7106,0C82D791,1150
share,GameData_20\material_denkigai2015wTowelR.arc,GameData_20\material_denkigai2015wTowelR.arc,1602,618192B9,1360
share,GameData_20\material_dlc055_2.arc,GameData_20\material_dlc055_2.arc,5282,11A93109,1280
share,GameData_20\material_dlsite_2.arc,GameData_20\material_dlsite_2.arc,1762,C5A837EA,1150
share,GameData_20\material_shop001_2.arc,GameData_20\material_shop001_2.arc,1762,D98CED1C,1150
share,GameData_20\material_shop002_2.arc,GameData_20\material_shop002_2.arc,1762,956BB00E,1150
share,GameData_20\material_shop003_2.arc,GameData_20\material_shop003_2.arc,1762,38CEBFF2,1150
share,GameData_20\material_shop005_2.arc,GameData_20\material_shop005_2.arc,1714,3E621A32,1150
share,GameData_20\material_shop007_2.arc,GameData_20\material_shop007_2.arc,2578,C8CE627C,1150
share,GameData_20\material_vp001_2.arc,GameData_20\material_vp001_2.arc,11890,8CB043B0,1400
share,GameData_20\material_yomeido003_2.arc,GameData_20\material_yomeido003_2.arc,1522,0689A7AC,1240
share,GameData_20\menu_denkigai2015s001_2.arc,GameData_20\menu_denkigai2015s001_2.arc,6594,8B3E849F,1160
share,GameData_20\menu_denkigai2015s003_2.arc,GameData_20\menu_denkigai2015s003_2.arc,4338,D294CE88,1150
share,GameData_20\menu_denkigai2015wTowelR.arc,GameData_20\menu_denkigai2015wTowelR.arc,1282,CECEE1FC,1360
share,GameData_20\menu_denkigai2016s_2.arc,GameData_20\menu_denkigai2016s_2.arc,1346,4A9440B1,1351
share,GameData_20\menu_denkigai2016w_2.arc,GameData_20\menu_denkigai2016w_2.arc,15154,C8D64D3B,1450
share,GameData_20\menu_denkigai2017s_2.arc,GameData_20\menu_denkigai2017s_2.arc,1218,267B1338,1540
share,GameData_20\menu_dlcdenkigai2016w_2.arc,GameData_20\menu_dlcdenkigai2016w_2.arc,13522,45E7F667,1450
share,GameData_20\menu_dlcdenkigai2017s_2.arc,GameData_20\menu_dlcdenkigai2017s_2.arc,1218,A6C83B5D,1540
share,GameData_20\menu_dlc026_2.arc,GameData_20\menu_dlc026_2.arc,3778,69453D54,1190
share,GameData_20\menu_dlc028_2.arc,GameData_20\menu_dlc028_2.arc,3874,DE3F1C31,1200
share,GameData_20\menu_dlc041_2.arc,GameData_20\menu_dlc041_2.arc,6786,97F738D3,1380
share,GameData_20\menu_dlc042_2.arc,GameData_20\menu_dlc042_2.arc,1154,EE4016C0,1440
share,GameData_20\menu_dlc049_2.arc,GameData_20\menu_dlc049_2.arc,3106,E30D6F4C,1522
share,GameData_20\menu_dlc061_2.arc,GameData_20\menu_dlc061_2.arc,3810,F99C1D4E,1290
share,GameData_20\menu_dlc065_2.arc,GameData_20\menu_dlc065_2.arc,7602,D9387834,1380
share,GameData_20\menu_dlc074_2.arc,GameData_20\menu_dlc074_2.arc,5618,24C559D7,1312
share,GameData_20\menu_dlc100_2.arc,GameData_20\menu_dlc100_2.arc,1250,DFF94E9A,1400
share,GameData_20\menu_dlc101_2.arc,GameData_20\menu_dlc101_2.arc,1218,44DB4049,1481
share,GameData_20\menu_dlsite_2.arc,GameData_20\menu_dlsite_2.arc,1954,B2268BA7,1150
share,GameData_20\menu_kissevent2017march.arc,GameData_20\menu_kissevent2017march.arc,281,FF4EEB9B,1522
share,GameData_20\menu_kissevent2017march_2.arc,GameData_20\menu_kissevent2017march_2.arc,106624,14291926,1631
share,GameData_20\menu_magazine002_2.arc,GameData_20\menu_magazine002_2.arc,12498,691C1126,1471
share,GameData_20\menu_personal002_2.arc,GameData_20\menu_personal002_2.arc,1282,5687650C,1310
share,GameData_20\menu_shop001_2.arc,GameData_20\menu_shop001_2.arc,3314,35207C87,1150
share,GameData_20\menu_shop005_2.arc,GameData_20\menu_shop005_2.arc,1378,0C9AF725,1150
share,GameData_20\menu_vp001_2.arc,GameData_20\menu_vp001_2.arc,19138,7C7AFD9C,1400
share,GameData_20\menu_yomeido003_2.arc,GameData_20\menu_yomeido003_2.arc,1234,4D6F619D,1240
share,GameData_20\menu_yomeidogp_wedding_2.arc,GameData_20\menu_yomeidogp_wedding_2.arc,3954,C251B12C,1320
share,GameData_20\model_denkigai2015s003_2.arc,GameData_20\model_denkigai2015s003_2.arc,394665,41A48185,1150
share,GameData_20\model_denkigai2015wTowelR.arc,GameData_20\model_denkigai2015wTowelR.arc,38258,FB570A24,1360
share,GameData_20\model_denkigai2017s_2.arc,GameData_20\model_denkigai2017s_2.arc,462663,8917104A,1582
share,GameData_20\model_dlcdenkigai2017s_2.arc,GameData_20\model_dlcdenkigai2017s_2.arc,462667,9F0C3D54,1582
share,GameData_20\model_dlc005_2.arc,GameData_20\model_dlc005_2.arc,175424,F7DD7D82,1270
share,GameData_20\model_dlc046_2.arc,GameData_20\model_dlc046_2.arc,155690,83B34173,1220
share,GameData_20\model_dlc073_2.arc,GameData_20\model_dlc073_2.arc,267037,47D33A06,1320
share,GameData_20\model_dlc100_2.arc,GameData_20\model_dlc100_2.arc,691347,7C3D679D,1400
share,GameData_20\model_dlc109_2.arc,GameData_20\model_dlc109_2.arc,137998,8FCCF513,1460
share,GameData_20\model_dlc151_2.arc,GameData_20\model_dlc151_2.arc,213532,8C3C80C3,1520
share,GameData_20\model_dlsite_2.arc,GameData_20\model_dlsite_2.arc,197173,24366C43,1150
share,GameData_20\model_shop001_2.arc,GameData_20\model_shop001_2.arc,115215,9C941FAF,1150
share,GameData_20\model_shop002_2.arc,GameData_20\model_shop002_2.arc,251253,743C3D97,1150
share,GameData_20\model_shop003_2.arc,GameData_20\model_shop003_2.arc,185433,A15EC70A,1150
share,GameData_20\model_shop005_2.arc,GameData_20\model_shop005_2.arc,150103,FB5341FA,1150
share,GameData_20\model_shop007_2.arc,GameData_20\model_shop007_2.arc,288759,80615CBD,1150
share,GameData_20\model_vp001_2.arc,GameData_20\model_vp001_2.arc,647957,D68B5D2F,1400
share,GameData_20\texture_denkigai2015wTowelR.arc,GameData_20\texture_denkigai2015wTowelR.arc,133065,FE4BDC34,1360
share,GameData_20\texture_denkigai2016w_2.arc,GameData_20\texture_denkigai2016w_2.arc,10105247,3B4641C3,1450
share,GameData_20\texture_dlcdenkigai2016w_2.arc,GameData_20\texture_dlcdenkigai2016w_2.arc,10105332,90868016,1450
share,GameData_20\texture_kissevent2017march.arc,GameData_20\texture_kissevent2017march.arc,281,FF4EEB9B,1522
share,GameData_20\texture_kissevent2017march_2.arc,GameData_20\texture_kissevent2017march_2.arc,79432604,C7DD457A,1631
share,GameData_20\texture_dlc004_2.arc,GameData_20\texture_dlc004_2.arc,4805734,C8E5CFB4,1200
share,GameData_20\texture_dlc046_2.arc,GameData_20\texture_dlc046_2.arc,596960,FC606BA5,1220
share,GameData_20\texture_vp001_2.arc,GameData_20\texture_vp001_2.arc,755269,18D5027D,1400
share,GameData_20\texture_yomeido003_2.arc,GameData_20\texture_yomeido003_2.arc,117248,0EE72B42,1240
