0,0,COM3D2x64_Data\Managed\Assembly-CSharp.dll,5721088,DF0960CE,22501
0,0,COM3D2.exe,11352064,8C8D7515,2036
0,0,COM3D2x64.exe,22841856,A9562BF9,22502
share,GameData\ja\motion2.arc,GameData\motion2.arc,287606829,E7A522FB,22504
share,GameData\ja\script.arc,GameData\script.arc,15517249,520ED4A6,22505
share,GameData\ja\script_adultplus_black_2.arc,GameData\script_adultplus_black_2.arc,123863,D5B42FD9,22502
share,GameData\ja\script_charaevent013_2.arc,GameData\script_charaevent013_2.arc,32402,6E74752B,22502
share,GameData\ja\script_eventplus_devilish_2.arc,GameData\script_eventplus_devilish_2.arc,482,A1CC5A9C,22502
share,GameData\ja\script_omytgc025_2.arc,GameData\script_omytgc025_2.arc,17346,726C6728,22501
share,GameData\ja\script_personal_om004_2.arc,GameData\script_personal_om004_2.arc,155307,0A068145,22502
share,GameData\ja\script_personal_om005_2.arc,GameData\script_personal_om005_2.arc,122345,C5023EFB,22502
share,GameData\ja\script_personal_om006_2.arc,GameData\script_personal_om006_2.arc,95782,1F1325DA,22502
share,GameData\ja\script_personal_om008_gp001fb_2.arc,GameData\script_personal_om008_gp001fb_2.arc,16082,9F44E793,22501
share,GameData\ja\script_x001m1n1_2.arc,GameData\script_x001m1n1_2.arc,21570,4E49972E,22502
share,GameData\patch\bg_personal_om007_2.arc,GameData\bg_personal_om007_2.arc,121236,B362ABA5,22501
share,GameData\patch\csv.arc,GameData\csv.arc,30631678,D5103C8A,22604
share,GameData\patch\parts_dlc256_2.arc,GameData\parts_dlc256_2.arc,1193257,F74D4328,22502
share,GameData\patch\parts_dlc270_2.arc,GameData\parts_dlc270_2.arc,864961,295CFFD9,22502
share,GameData\patch\parts_dlc340_2.arc,GameData\parts_dlc340_2.arc,2934508,6EA550AC,22502
share,GameData\patch\parts_dlc466_2.arc,GameData\parts_dlc466_2.arc,212101,769D15AF,22502
share,GameData\patch\parts_dlc477_2.arc,GameData\parts_dlc477_2.arc,376189,AC5C85EB,22502
share,GameData\patch\parts_oldplus004hair2_2.arc,GameData\parts_oldplus004hair2_2.arc,526116,0FEC4431,22502
share,GameData\patch\parts_personal_om001_2.arc,GameData\parts_personal_om001_2.arc,13060312,0E25B1B7,22502
share,GameData\patch\parts_personal_om002_2.arc,GameData\parts_personal_om002_2.arc,792058,E3D5B9B8,22502
share,GameData\patch\parts_personal_om005_2.arc,GameData\parts_personal_om005_2.arc,8554951,DBF08655,22502
share,GameData\patch\parts_personal_om006_2.arc,GameData\parts_personal_om006_2.arc,1312837,7AF4918B,22502
share,GameData\patch\parts_personal_om007_2.arc,GameData\parts_personal_om007_2.arc,1935474,07653941,22502
share,GameData\patch\paths.dat,GameData\paths.dat,15116,CCDB8C21,22506
share,GameData\patch\prioritymaterial.arc,GameData\prioritymaterial.arc,742200,439E959B,22506
share,GameData\patch\system_adultplus_black_2.arc,GameData\system_adultplus_black_2.arc,39970,D828875F,22501
share,GameData_20\material_dlc467_2.arc,GameData_20\material_dlc467_2.arc,1794,8518A3EB,1704
share,GameData_20\model_dlc139_2.arc,GameData_20\model_dlc139_2.arc,256344,0DBAAA90,1704
share,GameData_20\model_dlc154_2.arc,GameData_20\model_dlc154_2.arc,592473,747CD3BA,1704
share,GameData_20\model_dlc182_2.arc,GameData_20\model_dlc182_2.arc,236813,E4F42514,1704
share,GameData_20\model_dlc466_2.arc,GameData_20\model_dlc466_2.arc,220212,079C3F8B,1704
share,GameData_20\model_dlc477_2.arc,GameData_20\model_dlc477_2.arc,373498,A6DC190B,1704
share,GameData_20\paths.dat,GameData_20\paths.dat,14169,38F6763E,1762
share,GameData_20\prioritymaterial.arc,GameData_20\prioritymaterial.arc,406220,B162768C,1762
share,GameData_20\texture_dlc205_2.arc,GameData_20\texture_dlc205_2.arc,71995,709036D0,1704
