0,0,GameData\dlc\parts_3d21reserve.aba,25479265,4281836C,10000
0,0,GameData\dlc\parts_3d21reserve.ct,4136,FA5C6C35,10000
0,0,GameData\dlc\parts_3d21reserve_gp003.aba,421131,767C7E0B,10000
0,0,GameData\dlc\parts_3d21reserve_gp003.ct,2143,DEE9D50A,10000
0,0,GameData\dlc\parts_bcc2_gp003.aba,860187,00FD2A76,10000
0,0,GameData\dlc\parts_bcc2_gp003.ct,1264,990F13BF,10000
0,0,GameData\dlc\parts_cas008.aba,23685601,38A10CFF,10000
0,0,GameData\dlc\parts_cas008.ct,4137,2F65ACDD,10000
0,0,GameData\dlc\parts_cas012.aba,33121692,0237D072,10000
0,0,GameData\dlc\parts_cas012.ct,4157,34B8E3B2,10000
0,0,GameData\dlc\parts_cas013.aba,37719534,BDAC178D,10000
0,0,GameData\dlc\parts_cas013.ct,6099,B819EBF0,10000
0,0,GameData\dlc\parts_cas014.aba,32408239,B9C8E46E,10000
0,0,GameData\dlc\parts_cas014.ct,6105,546548CD,10000
0,0,GameData\dlc\parts_cas016.aba,26860351,E7FDCD2E,10000
0,0,GameData\dlc\parts_cas016.ct,4130,9F9AF0D1,10000
0,0,GameData\dlc\parts_cas021.aba,19662435,5C6D5ECE,10000
0,0,GameData\dlc\parts_cas021.ct,4178,58FE5A37,10000
0,0,GameData\dlc\parts_cas022.aba,23943602,1BE58B6B,10000
0,0,GameData\dlc\parts_cas022.ct,4129,FF110DC8,10000
0,0,GameData\dlc\parts_cas023.aba,33280106,EEAA97D1,10000
0,0,GameData\dlc\parts_cas023.ct,4152,31348FC5,10000
0,0,GameData\dlc\parts_cas024.aba,24081432,417EC107,10000
0,0,GameData\dlc\parts_cas024.ct,4128,63C0AC5A,10000
0,0,GameData\dlc\parts_cas025.aba,35695123,AD4F3147,10000
0,0,GameData\dlc\parts_cas025.ct,4188,90F3A390,10000
0,0,GameData\dlc\parts_cas032.aba,32108761,FE1843A3,10000
0,0,GameData\dlc\parts_cas032.ct,4159,773EF39E,10000
0,0,GameData\dlc\parts_cas033.aba,24818250,E33B2F33,10000
0,0,GameData\dlc\parts_cas033.ct,4119,02BFA188,10000
0,0,GameData\dlc\parts_cas034.aba,22974908,E1CFB95A,10000
0,0,GameData\dlc\parts_cas034.ct,4200,79B02D09,10000
0,0,GameData\dlc\parts_cas039.aba,42231145,9720FF11,10000
0,0,GameData\dlc\parts_cas039.ct,4136,2C7BC8EC,10000
0,0,GameData\dlc\parts_cas040.aba,29439894,3FCE4466,10000
0,0,GameData\dlc\parts_cas040.ct,4120,B1214D34,10000
0,0,GameData\dlc\parts_cas041.aba,27059681,EBAB6304,10000
0,0,GameData\dlc\parts_cas041.ct,4126,F961B631,10000
0,0,GameData\dlc\parts_cas045.aba,32422794,7206F166,10000
0,0,GameData\dlc\parts_cas045.ct,6090,FD9877CD,10000
0,0,GameData\dlc\parts_cas046.aba,29748959,F43ECA27,10000
0,0,GameData\dlc\parts_cas046.ct,4148,D2A0B5FD,10000
0,0,GameData\dlc\parts_cas047.aba,18730192,DC8EB0EE,10000
0,0,GameData\dlc\parts_cas047.ct,6272,65DB8D27,10000
0,0,GameData\dlc\parts_cas059_gp003.aba,30005200,B3A2825E,10000
0,0,GameData\dlc\parts_cas059_gp003.ct,4192,7ABAED87,10000
0,0,GameData\dlc\parts_cas060_gp003.aba,27554535,BD75AB57,10000
0,0,GameData\dlc\parts_cas060_gp003.ct,4181,7BB2640E,10000
0,0,GameData\dlc\parts_cas061_gp003.aba,23869421,A7E779C8,10000
0,0,GameData\dlc\parts_cas061_gp003.ct,6139,1188B7F4,10000
0,0,GameData\dlc\parts_cas070_gp003.aba,28076911,1D9E9F01,10000
0,0,GameData\dlc\parts_cas070_gp003.ct,4195,410BBC35,10000
0,0,GameData\dlc\parts_cas071_gp003.aba,24161145,F03A729B,10000
0,0,GameData\dlc\parts_cas071_gp003.ct,6220,DE38726C,10000
0,0,GameData\dlc\parts_cas072_gp003.aba,22136984,D6DA95E1,10000
0,0,GameData\dlc\parts_cas072_gp003.ct,4168,B1E5B2A0,10000
0,0,GameData\dlc\parts_cas081_gp003.aba,21287221,63574CC1,10000
0,0,GameData\dlc\parts_cas081_gp003.ct,4141,58F8B035,10000
0,0,GameData\dlc\parts_cas082_gp003.aba,30689068,77472BB9,10000
0,0,GameData\dlc\parts_cas082_gp003.ct,4212,41040942,10000
0,0,GameData\dlc\parts_cas083_gp003.aba,36206890,2E4E69B3,10000
0,0,GameData\dlc\parts_cas083_gp003.ct,6247,C0636161,10000
0,0,GameData\dlc\parts_cas089_gp003.aba,50431848,7EA8A600,10000
0,0,GameData\dlc\parts_cas089_gp003.ct,4266,2F9B4811,10000
0,0,GameData\dlc\parts_cas090_gp003.aba,52471437,63BD67B5,10000
0,0,GameData\dlc\parts_cas090_gp003.ct,4172,7E2FB331,10000
0,0,GameData\dlc\parts_cas091_gp003.aba,81197062,6286FDF8,10000
0,0,GameData\dlc\parts_cas091_gp003.ct,4143,11A0F9C2,10000
0,0,GameData\dlc\parts_cas094_gp003.aba,20485436,82BF7F10,10000
0,0,GameData\dlc\parts_cas094_gp003.ct,6184,3159FEC1,10000
0,0,GameData\dlc\parts_cas095_gp003.aba,16838377,C8D8602E,10000
0,0,GameData\dlc\parts_cas095_gp003.ct,4175,B0F0F3B7,10000
0,0,GameData\dlc\parts_cas096_gp003.aba,26712818,0A768297,10000
0,0,GameData\dlc\parts_cas096_gp003.ct,6075,78AB8B1B,10000
0,0,GameData\dlc\parts_cas097_gp003.aba,25181241,5AA82D8B,10000
0,0,GameData\dlc\parts_cas097_gp003.ct,4194,110AE587,10000
0,0,GameData\dlc\parts_cas098_gp003.aba,29222063,5404C6DC,10000
0,0,GameData\dlc\parts_cas098_gp003.ct,4199,95116D14,10000
0,0,GameData\dlc\parts_cas102_gp003.aba,61169896,EC564B98,10000
0,0,GameData\dlc\parts_cas102_gp003.ct,4178,B935E743,10000
0,0,GameData\dlc\parts_cas103_gp003.aba,26985614,B0C83AD0,10000
0,0,GameData\dlc\parts_cas103_gp003.ct,4162,D3FAD1E1,10000
0,0,GameData\dlc\parts_cas104_gp003.aba,34033507,C548E9EC,10000
0,0,GameData\dlc\parts_cas104_gp003.ct,4190,C7C74D58,10000
0,0,GameData\dlc\parts_cas108_gp003.aba,43835250,043D36E7,10000
0,0,GameData\dlc\parts_cas108_gp003.ct,4177,FDBD2B31,10000
0,0,GameData\dlc\parts_cas109_gp003.aba,66212216,DF68E32E,10000
0,0,GameData\dlc\parts_cas109_gp003.ct,4159,C3334110,10000
0,0,GameData\dlc\parts_cas110_gp003.aba,45157204,1254EC5E,10000
0,0,GameData\dlc\parts_cas110_gp003.ct,4160,DE373E03,10000
0,0,GameData\dlc\parts_cas114_gp003.aba,62000228,2446A077,10000
0,0,GameData\dlc\parts_cas114_gp003.ct,9640,9085AB5B,10000
0,0,GameData\dlc\parts_cas115_gp003.aba,44413418,331D0AFE,10000
0,0,GameData\dlc\parts_cas115_gp003.ct,6156,EAF4D691,10000
0,0,GameData\dlc\parts_cas116_gp003.aba,171186863,D0FDF006,10000
0,0,GameData\dlc\parts_cas116_gp003.ct,11478,C3B37A42,10000
0,0,GameData\dlc\parts_cas120_gp003.aba,78811969,B4E28FA7,10000
0,0,GameData\dlc\parts_cas120_gp003.ct,4184,1CADDB0D,10000
0,0,GameData\dlc\parts_cas121_gp003.aba,50896660,BF457AC6,10000
0,0,GameData\dlc\parts_cas121_gp003.ct,4154,757F96EC,10000
0,0,GameData\dlc\parts_cas122_gp003.aba,59907016,23F80163,10000
0,0,GameData\dlc\parts_cas122_gp003.ct,9737,96049118,10000
0,0,GameData\dlc\parts_cas126_gp003.aba,55454288,EA784956,10000
0,0,GameData\dlc\parts_cas126_gp003.ct,4177,6ABA906F,10000
0,0,GameData\dlc\parts_cas127_gp003.aba,38329145,0E6AEF8B,10000
0,0,GameData\dlc\parts_cas127_gp003.ct,4165,57D8EBEF,10000
0,0,GameData\dlc\parts_cas128_gp003.aba,71458615,139D4FE1,10000
0,0,GameData\dlc\parts_cas128_gp003.ct,4172,9A3E95B0,10000
0,0,GameData\dlc\parts_cm3d2_hair.aba,584679382,865AA731,10000
0,0,GameData\dlc\parts_cm3d2_hair.ct,97375,D9FB9D16,10000
0,0,GameData\dlc\parts_com3d2_hair.aba,1039015314,1F1DCA22,10000
0,0,GameData\dlc\parts_com3d2_hair.ct,345854,62124325,10000
0,0,GameData\dlc\parts_denkigai2015s004.aba,35738371,3C36883A,10000
0,0,GameData\dlc\parts_denkigai2015s004.ct,6145,36F26E02,10000
0,0,GameData\dlc\parts_dlc023.aba,50668186,DDA59C9D,10000
0,0,GameData\dlc\parts_dlc023.ct,8007,5A4C4BA1,10000
0,0,GameData\dlc\parts_dlc024.aba,31353743,911EEBDB,10000
0,0,GameData\dlc\parts_dlc024.ct,6082,09C63B62,10000
0,0,GameData\dlc\parts_dlc025.aba,25427796,CBAACEBD,10000
0,0,GameData\dlc\parts_dlc025.ct,7987,DAE4BE53,10000
0,0,GameData\dlc\parts_dlc029.aba,18951463,4BFD2D8B,10000
0,0,GameData\dlc\parts_dlc029.ct,4136,9E472D18,10000
0,0,GameData\dlc\parts_dlc035.aba,22780665,414DB433,10000
0,0,GameData\dlc\parts_dlc035.ct,4133,B8B8BCF5,10000
0,0,GameData\dlc\parts_dlc038.aba,21381530,F70A3565,10000
0,0,GameData\dlc\parts_dlc038.ct,4150,9CF362ED,10000
0,0,GameData\dlc\parts_dlc043.aba,23836252,BFAEA62E,10000
0,0,GameData\dlc\parts_dlc043.ct,4118,7DE3FA76,10000
0,0,GameData\dlc\parts_dlc050.aba,19482734,7BBDB48D,10000
0,0,GameData\dlc\parts_dlc050.ct,4105,40B00CC2,10000
0,0,GameData\dlc\parts_dlc056.aba,23791383,B6263B1C,10000
0,0,GameData\dlc\parts_dlc056.ct,4170,E9F36457,10000
0,0,GameData\dlc\parts_dlc068.aba,27460346,B8C17A33,10000
0,0,GameData\dlc\parts_dlc068.ct,4123,D2A528A7,10000
0,0,GameData\dlc\parts_dlc079_gp003.aba,388737,E71D3D01,10000
0,0,GameData\dlc\parts_dlc079_gp003.ct,1492,649BFCD4,10000
0,0,GameData\dlc\parts_dlc080.aba,46614208,6ED6D939,10000
0,0,GameData\dlc\parts_dlc080.ct,9636,709C3C32,10000
0,0,GameData\dlc\parts_dlc081.aba,58841346,BD84103C,10000
0,0,GameData\dlc\parts_dlc081.ct,9623,AC044D97,10000
0,0,GameData\dlc\parts_dlc082.aba,27220487,29F4D622,10000
0,0,GameData\dlc\parts_dlc082.ct,6129,91996884,10000
0,0,GameData\dlc\parts_dlc083.aba,32123280,DDB8D41E,10000
0,0,GameData\dlc\parts_dlc083.ct,7855,ACB92C81,10000
0,0,GameData\dlc\parts_dlc084.aba,23537273,33B2C805,10000
0,0,GameData\dlc\parts_dlc084.ct,4141,DF2BE174,10000
0,0,GameData\dlc\parts_dlc090_gp003.aba,193477,9DE82861,10000
0,0,GameData\dlc\parts_dlc090_gp003.ct,1052,453988E7,10000
0,0,GameData\dlc\parts_dlc095.aba,27118532,22B99EB8,10000
0,0,GameData\dlc\parts_dlc095.ct,4144,69137240,10000
0,0,GameData\dlc\parts_dlc096.aba,26690105,AA5DA025,10000
0,0,GameData\dlc\parts_dlc096.ct,4172,5954A143,10000
0,0,GameData\dlc\parts_dlc097.aba,31846497,BCC44FB9,10000
0,0,GameData\dlc\parts_dlc097.ct,6094,202538E7,10000
0,0,GameData\dlc\parts_dlc098_gp003.aba,446282,B2F6625B,10000
0,0,GameData\dlc\parts_dlc098_gp003.ct,1064,507170C2,10000
0,0,GameData\dlc\parts_dlc100.aba,71438234,F35EC1B8,10000
0,0,GameData\dlc\parts_dlc100.ct,11575,155A2D39,10000
0,0,GameData\dlc\parts_dlc101.aba,33010845,302176AF,10000
0,0,GameData\dlc\parts_dlc101.ct,4162,A0A4EAC5,10000
0,0,GameData\dlc\parts_dlc110.aba,35983544,AEB9DAA8,10000
0,0,GameData\dlc\parts_dlc110.ct,6116,15263346,10000
0,0,GameData\dlc\parts_dlc111.aba,28922088,A6DB547A,10000
0,0,GameData\dlc\parts_dlc111.ct,4132,A3B00320,10000
0,0,GameData\dlc\parts_dlc112.aba,54487778,203E9D84,10000
0,0,GameData\dlc\parts_dlc112.ct,7837,ED79BCC1,10000
0,0,GameData\dlc\parts_dlc113.aba,24131440,8412546C,10000
0,0,GameData\dlc\parts_dlc113.ct,4153,66B92273,10000
0,0,GameData\dlc\parts_dlc123.aba,24668358,520AEDA3,10000
0,0,GameData\dlc\parts_dlc123.ct,4145,FD91364E,10000
0,0,GameData\dlc\parts_dlc124.aba,44044759,65DF36E4,10000
0,0,GameData\dlc\parts_dlc124.ct,11561,FC198A45,10000
0,0,GameData\dlc\parts_dlc125.aba,24816392,C0233E06,10000
0,0,GameData\dlc\parts_dlc125.ct,4122,46A131BE,10000
0,0,GameData\dlc\parts_dlc126.aba,65289595,B8EE090D,10000
0,0,GameData\dlc\parts_dlc126.ct,11431,B7FBBB91,10000
0,0,GameData\dlc\parts_dlc127.aba,64211368,6A90859B,10000
0,0,GameData\dlc\parts_dlc127.ct,9682,70081B73,10000
0,0,GameData\dlc\parts_dlc128.aba,37472304,ED95738B,10000
0,0,GameData\dlc\parts_dlc128.ct,6183,ED2ABBE3,10000
0,0,GameData\dlc\parts_dlc138.aba,64959108,D5384D34,10000
0,0,GameData\dlc\parts_dlc138.ct,7836,760591D3,10000
0,0,GameData\dlc\parts_dlc139.aba,70494053,3135245F,10000
0,0,GameData\dlc\parts_dlc139.ct,9814,1393F5C5,10000
0,0,GameData\dlc\parts_dlc140.aba,39690087,A0B55C7E,10000
0,0,GameData\dlc\parts_dlc140.ct,6200,B84EBF60,10000
0,0,GameData\dlc\parts_dlc141.aba,35529811,EB5E20A0,10000
0,0,GameData\dlc\parts_dlc141.ct,6239,F0496BDF,10000
0,0,GameData\dlc\parts_dlc146.aba,47196237,2B05B498,10000
0,0,GameData\dlc\parts_dlc146.ct,8183,416341E7,10000
0,0,GameData\dlc\parts_dlc147.aba,22912561,F5471CF8,10000
0,0,GameData\dlc\parts_dlc147.ct,4240,9B18F3FC,10000
0,0,GameData\dlc\parts_dlc148.aba,70626315,2168E8AB,10000
0,0,GameData\dlc\parts_dlc148.ct,9658,D1FA21FC,10000
0,0,GameData\dlc\parts_dlc153.aba,18682345,86654CA8,10000
0,0,GameData\dlc\parts_dlc153.ct,4151,8CB00BF0,10000
0,0,GameData\dlc\parts_dlc154.aba,29306215,F0B27705,10000
0,0,GameData\dlc\parts_dlc154.ct,4139,7B13B2C8,10000
0,0,GameData\dlc\parts_dlc155.aba,49745757,341C7CFD,10000
0,0,GameData\dlc\parts_dlc155.ct,7976,17888F2A,10000
0,0,GameData\dlc\parts_dlc157.aba,28346485,C9B2C0EE,10000
0,0,GameData\dlc\parts_dlc157.ct,4114,15D19157,10000
0,0,GameData\dlc\parts_dlc158.aba,21913699,A23D5F9F,10000
0,0,GameData\dlc\parts_dlc158.ct,4123,92F2066B,10000
0,0,GameData\dlc\parts_dlc159.aba,29018265,CFC65FBB,10000
0,0,GameData\dlc\parts_dlc159.ct,4130,4AB95852,10000
0,0,GameData\dlc\parts_dlc170.aba,30587072,2A052F64,10000
0,0,GameData\dlc\parts_dlc170.ct,4117,D16BB6C0,10000
0,0,GameData\dlc\parts_dlc171.aba,69097762,07ACAC3C,10000
0,0,GameData\dlc\parts_dlc171.ct,13508,6D9D7C25,10000
0,0,GameData\dlc\parts_dlc175.aba,18004620,6B440F79,10000
0,0,GameData\dlc\parts_dlc175.ct,4137,8E5FBAB3,10000
0,0,GameData\dlc\parts_dlc179.aba,33301017,CEE65D66,10000
0,0,GameData\dlc\parts_dlc179.ct,6078,688F3931,10000
0,0,GameData\dlc\parts_dlc180.aba,23519567,C64C3930,10000
0,0,GameData\dlc\parts_dlc180.ct,4130,0FA6EDFB,10000
0,0,GameData\dlc\parts_dlc181.aba,33074390,85BFD4FA,10000
0,0,GameData\dlc\parts_dlc181.ct,4251,EEE45E1D,10000
0,0,GameData\dlc\parts_dlc182.aba,45484788,E5810315,10000
0,0,GameData\dlc\parts_dlc182.ct,6068,6662EA72,10000
0,0,GameData\dlc\parts_dlc183.aba,24860381,12A99024,10000
0,0,GameData\dlc\parts_dlc183.ct,4345,7B327CC1,10000
0,0,GameData\dlc\parts_dlc188.aba,35713081,D48B24FD,10000
0,0,GameData\dlc\parts_dlc188.ct,4128,85F7AE2F,10000
0,0,GameData\dlc\parts_dlc189.aba,25184006,8D18CE2E,10000
0,0,GameData\dlc\parts_dlc189.ct,4120,C9D507EE,10000
0,0,GameData\dlc\parts_dlc194.aba,24838511,1151E091,10000
0,0,GameData\dlc\parts_dlc194.ct,4111,826189DA,10000
0,0,GameData\dlc\parts_dlc195.aba,33561427,F238367B,10000
0,0,GameData\dlc\parts_dlc195.ct,4163,8255E8D4,10000
0,0,GameData\dlc\parts_dlc196.aba,29687381,D23E383C,10000
0,0,GameData\dlc\parts_dlc196.ct,4155,8A45771F,10000
0,0,GameData\dlc\parts_dlc200.aba,44169517,71CF67D3,10000
0,0,GameData\dlc\parts_dlc200.ct,8068,7D80035A,10000
0,0,GameData\dlc\parts_dlc201.aba,24687449,25A96050,10000
0,0,GameData\dlc\parts_dlc201.ct,4277,F7EB2A76,10000
0,0,GameData\dlc\parts_dlc209.aba,30687170,ABEB3C62,10000
0,0,GameData\dlc\parts_dlc209.ct,6211,555F5511,10000
0,0,GameData\dlc\parts_dlc210.aba,30681989,0629265A,10000
0,0,GameData\dlc\parts_dlc210.ct,7945,4E2EB98A,10000
0,0,GameData\dlc\parts_dlc211.aba,36964204,0C91D625,10000
0,0,GameData\dlc\parts_dlc211.ct,7961,2C4F91BC,10000
0,0,GameData\dlc\parts_dlc212.aba,41801222,417D9EFE,10000
0,0,GameData\dlc\parts_dlc212.ct,6135,685A8623,10000
0,0,GameData\dlc\parts_dlc213.aba,24190191,6BE66AE0,10000
0,0,GameData\dlc\parts_dlc213.ct,4142,4289AE88,10000
0,0,GameData\dlc\parts_dlc214.aba,14260566,AD7D02A0,10000
0,0,GameData\dlc\parts_dlc214.ct,2351,AA111970,10000
0,0,GameData\dlc\parts_dlc215.aba,29590845,97008A02,10000
0,0,GameData\dlc\parts_dlc215.ct,4248,FB68EF03,10000
0,0,GameData\dlc\parts_dlc216.aba,32398365,C0895285,10000
0,0,GameData\dlc\parts_dlc216.ct,4263,47A278F6,10000
0,0,GameData\dlc\parts_dlc218.aba,27447922,82AB4B5F,10000
0,0,GameData\dlc\parts_dlc218.ct,4143,E5A7077E,10000
0,0,GameData\dlc\parts_dlc220.aba,31266354,1F9DE010,10000
0,0,GameData\dlc\parts_dlc220.ct,4145,DE9722A4,10000
0,0,GameData\dlc\parts_dlc221.aba,32047383,E603FF6F,10000
0,0,GameData\dlc\parts_dlc221.ct,6153,5A8FCD3F,10000
0,0,GameData\dlc\parts_dlc222.aba,28868009,81D7EA97,10000
0,0,GameData\dlc\parts_dlc222.ct,4160,AC779A00,10000
0,0,GameData\dlc\parts_dlc223.aba,45565546,58E58768,10000
0,0,GameData\dlc\parts_dlc223.ct,7927,E52C4348,10000
0,0,GameData\dlc\parts_dlc225.aba,27975991,9C9BECD1,10000
0,0,GameData\dlc\parts_dlc225.ct,6159,F6291EC7,10000
0,0,GameData\dlc\parts_dlc226.aba,26876755,293F86B2,10000
0,0,GameData\dlc\parts_dlc226.ct,4159,86CC4237,10000
0,0,GameData\dlc\parts_dlc227.aba,42084064,2190FFD9,10000
0,0,GameData\dlc\parts_dlc227.ct,6102,41417FF8,10000
0,0,GameData\dlc\parts_dlc228.aba,27453996,CF1D9713,10000
0,0,GameData\dlc\parts_dlc228.ct,6129,098430C2,10000
0,0,GameData\dlc\parts_dlc230.aba,44727543,6934635D,10000
0,0,GameData\dlc\parts_dlc230.ct,7895,7EA55BF3,10000
0,0,GameData\dlc\parts_dlc231.aba,25050747,390212E8,10000
0,0,GameData\dlc\parts_dlc231.ct,4217,F8E05CF2,10000
0,0,GameData\dlc\parts_dlc232.aba,34961874,E345AA25,10000
0,0,GameData\dlc\parts_dlc232.ct,6112,DAB5E2F8,10000
0,0,GameData\dlc\parts_dlc233.aba,26197259,34AE63A2,10000
0,0,GameData\dlc\parts_dlc233.ct,6082,6795B1F8,10000
0,0,GameData\dlc\parts_dlc235.aba,39294485,8CE996D3,10000
0,0,GameData\dlc\parts_dlc235.ct,6148,D3C59310,10000
0,0,GameData\dlc\parts_dlc236.aba,38103818,D78256FF,10000
0,0,GameData\dlc\parts_dlc236.ct,6217,F0D4B846,10000
0,0,GameData\dlc\parts_dlc237.aba,19688257,55C0B278,10000
0,0,GameData\dlc\parts_dlc237.ct,4175,7FBDC393,10000
0,0,GameData\dlc\parts_dlc240.aba,31454155,9CA4032B,10000
0,0,GameData\dlc\parts_dlc240.ct,4247,742DD1A7,10000
0,0,GameData\dlc\parts_dlc241.aba,38247827,809F9E57,10000
0,0,GameData\dlc\parts_dlc241.ct,6088,74C15F8B,10000
0,0,GameData\dlc\parts_dlc242.aba,27998724,7C6A58FC,10000
0,0,GameData\dlc\parts_dlc242.ct,4236,BDFD9E47,10000
0,0,GameData\dlc\parts_dlc243.aba,26463393,575DC6D7,10000
0,0,GameData\dlc\parts_dlc243.ct,6136,8C10AF51,10000
0,0,GameData\dlc\parts_dlc245.aba,38707884,4E021CDD,10000
0,0,GameData\dlc\parts_dlc245.ct,6153,3F348B28,10000
0,0,GameData\dlc\parts_dlc248.aba,42152986,C53BF34E,10000
0,0,GameData\dlc\parts_dlc248.ct,6096,CF165CB1,10000
0,0,GameData\dlc\parts_dlc249.aba,32740218,45FE0655,10000
0,0,GameData\dlc\parts_dlc249.ct,6252,1099FE75,10000
0,0,GameData\dlc\parts_dlc252.aba,41816016,1FCC78AB,10000
0,0,GameData\dlc\parts_dlc252.ct,7959,596932F5,10000
0,0,GameData\dlc\parts_dlc253.aba,33705799,547B1703,10000
0,0,GameData\dlc\parts_dlc253.ct,7918,29D3B747,10000
0,0,GameData\dlc\parts_dlc254.aba,41570138,80EFC4D5,10000
0,0,GameData\dlc\parts_dlc254.ct,8066,30BD8D40,10000
0,0,GameData\dlc\parts_dlc262.aba,32520348,5DE41F1F,10000
0,0,GameData\dlc\parts_dlc262.ct,9756,2356A171,10000
0,0,GameData\dlc\parts_dlc263.aba,54696820,61FB1D09,10000
0,0,GameData\dlc\parts_dlc263.ct,11590,9EC066F2,10000
0,0,GameData\dlc\parts_dlc264.aba,29190468,CF54EFB6,10000
0,0,GameData\dlc\parts_dlc264.ct,8034,493FFDA5,10000
0,0,GameData\dlc\parts_dlc265.aba,29410479,738CB1BB,10000
0,0,GameData\dlc\parts_dlc265.ct,6127,38FDA897,10000
0,0,GameData\dlc\parts_dlc266.aba,61560656,B1CE729E,10000
0,0,GameData\dlc\parts_dlc266.ct,11433,ED633861,10000
0,0,GameData\dlc\parts_dlc274.aba,37833736,C51D5343,10000
0,0,GameData\dlc\parts_dlc274.ct,6280,EB027922,10000
0,0,GameData\dlc\parts_dlc275.aba,30253847,46C9B3E5,10000
0,0,GameData\dlc\parts_dlc275.ct,6094,15A105E6,10000
0,0,GameData\dlc\parts_dlc277.aba,36215088,48044161,10000
0,0,GameData\dlc\parts_dlc277.ct,6068,C301FF17,10000
0,0,GameData\dlc\parts_dlc278.aba,32163775,9FC06DDF,10000
0,0,GameData\dlc\parts_dlc278.ct,6101,C4A168F0,10000
0,0,GameData\dlc\parts_dlc279.aba,18258734,5271DB8A,10000
0,0,GameData\dlc\parts_dlc279.ct,4137,70328674,10000
0,0,GameData\dlc\parts_dlc287.aba,29243439,67E2270A,10000
0,0,GameData\dlc\parts_dlc287.ct,6223,C9208168,10000
0,0,GameData\dlc\parts_dlc288.aba,37430317,39B7ACCF,10000
0,0,GameData\dlc\parts_dlc288.ct,6158,F99BF250,10000
0,0,GameData\dlc\parts_dlc289.aba,33073353,98329DF4,10000
0,0,GameData\dlc\parts_dlc289.ct,6221,4F0765F7,10000
0,0,GameData\dlc\parts_dlc290.aba,31358419,E78EDA68,10000
0,0,GameData\dlc\parts_dlc290.ct,6182,7FF65F38,10000
0,0,GameData\dlc\parts_dlc301.aba,38036276,EA61DAA1,10000
0,0,GameData\dlc\parts_dlc301.ct,6134,2536500E,10000
0,0,GameData\dlc\parts_dlc302.aba,23605500,1EC436FE,10000
0,0,GameData\dlc\parts_dlc302.ct,4159,1ACA071B,10000
0,0,GameData\dlc\parts_dlc303.aba,22993143,FDE04282,10000
0,0,GameData\dlc\parts_dlc303.ct,4126,1CC7BBB2,10000
0,0,GameData\dlc\parts_dlc304.aba,42089389,5CF1491A,10000
0,0,GameData\dlc\parts_dlc304.ct,9553,A8C15E58,10000
0,0,GameData\dlc\parts_dlc307.aba,48810171,C60251AA,10000
0,0,GameData\dlc\parts_dlc307.ct,9418,D5DE1EEB,10000
0,0,GameData\dlc\parts_dlc308.aba,23195716,CBA07E3F,10000
0,0,GameData\dlc\parts_dlc308.ct,4144,A09DF43A,10000
0,0,GameData\dlc\parts_dlc309.aba,35774869,16C0DECB,10000
0,0,GameData\dlc\parts_dlc309.ct,8051,B57D1374,10000
0,0,GameData\dlc\parts_dlc318.aba,33697714,1C582C66,10000
0,0,GameData\dlc\parts_dlc318.ct,6094,384A34FB,10000
0,0,GameData\dlc\parts_dlc326.aba,22164301,820DBE84,10000
0,0,GameData\dlc\parts_dlc326.ct,4139,CBD24321,10000
0,0,GameData\dlc\parts_dlc331_gp003.aba,1993248,8A7B8467,10000
0,0,GameData\dlc\parts_dlc331_gp003.ct,1582,628CC762,10000
0,0,GameData\dlc\parts_dlc344.aba,27695582,1843ADC0,10000
0,0,GameData\dlc\parts_dlc344.ct,6258,3CA1B1D4,10000
0,0,GameData\dlc\parts_dlc345.aba,48896008,AFF2D2A0,10000
0,0,GameData\dlc\parts_dlc345.ct,7939,AFBB9695,10000
0,0,GameData\dlc\parts_dlc346.aba,56920886,55875BD1,10000
0,0,GameData\dlc\parts_dlc346.ct,6078,C2D60210,10000
0,0,GameData\dlc\parts_dlc352.aba,31975894,74337F0D,10000
0,0,GameData\dlc\parts_dlc352.ct,6120,B44D21D0,10000
0,0,GameData\dlc\parts_dlc353.aba,51729571,632791FC,10000
0,0,GameData\dlc\parts_dlc353.ct,4150,8D6C3BD5,10000
0,0,GameData\dlc\parts_dlc354.aba,72664697,9B671B11,10000
0,0,GameData\dlc\parts_dlc354.ct,4123,381EAC4B,10000
0,0,GameData\dlc\parts_dlc355.aba,27018411,17E92E36,10000
0,0,GameData\dlc\parts_dlc355.ct,4266,519D3D7B,10000
0,0,GameData\dlc\parts_dlc360.aba,32868642,13079C5A,10000
0,0,GameData\dlc\parts_dlc360.ct,7885,3D68BA51,10000
0,0,GameData\dlc\parts_dlc361.aba,29174457,39CAE939,10000
0,0,GameData\dlc\parts_dlc361.ct,6219,040A4624,10000
0,0,GameData\dlc\parts_dlc362.aba,29569643,E2D873F4,10000
0,0,GameData\dlc\parts_dlc362.ct,4177,D43E997F,10000
0,0,GameData\dlc\parts_dlc363.aba,26739443,E509801D,10000
0,0,GameData\dlc\parts_dlc363.ct,6105,531AAD39,10000
0,0,GameData\dlc\parts_dlc373.aba,89970245,0F98E439,10000
0,0,GameData\dlc\parts_dlc373.ct,4325,47E78883,10000
0,0,GameData\dlc\parts_dlc374.aba,79112934,C1B8E97D,10000
0,0,GameData\dlc\parts_dlc374.ct,6142,E89A9C50,10000
0,0,GameData\dlc\parts_dlc375.aba,32667520,14EA0E1F,10000
0,0,GameData\dlc\parts_dlc375.ct,9822,844D2909,10000
0,0,GameData\dlc\parts_dlc376.aba,35168297,60E919A0,10000
0,0,GameData\dlc\parts_dlc376.ct,6179,BF9A70E3,10000
0,0,GameData\dlc\parts_dlc377.aba,36569109,CA007479,10000
0,0,GameData\dlc\parts_dlc377.ct,7974,E96E64CA,10000
0,0,GameData\dlc\parts_dlc378.aba,25930328,17D99D1F,10000
0,0,GameData\dlc\parts_dlc378.ct,7946,A2261E4E,10000
0,0,GameData\dlc\parts_dlcdenkigai2015s004.aba,35677403,1D4FE67A,10000
0,0,GameData\dlc\parts_dlcdenkigai2015s004.ct,6192,939B570A,10000
0,0,GameData\dlc\parts_gp001fb.aba,48812188,0C29653A,10000
0,0,GameData\dlc\parts_gp001fb.ct,9721,B7F266C3,10000
0,0,GameData\dlc\parts_gp001fb_gp003.aba,6089625,0A0FEE40,10000
0,0,GameData\dlc\parts_gp001fb_gp003.ct,3681,93D47692,10000
0,0,GameData\dlc\parts_gp01fbset.aba,57308027,BC7B8A23,10000
0,0,GameData\dlc\parts_gp01fbset.ct,13537,23EEA986,10000
0,0,GameData\dlc\parts_gp01set.aba,15897731,EB574FBC,10000
0,0,GameData\dlc\parts_gp01set.ct,4032,87020E07,10000
0,0,GameData\dlc\parts_gp02set.aba,36131741,D7340E99,10000
0,0,GameData\dlc\parts_gp02set.ct,7724,3FDEF90C,10000
0,0,GameData\dlc\parts_kissevent2018.aba,40525623,074323FA,10000
0,0,GameData\dlc\parts_kissevent2018.ct,7997,DB5701E9,10000
0,0,GameData\dlc\parts_kissevent2018_gp003.aba,198782,C7775891,10000
0,0,GameData\dlc\parts_kissevent2018_gp003.ct,1041,88026876,10000
0,0,GameData\dlc\parts_kissevent2018_mask_gp003.aba,346068,FFACBBF7,10000
0,0,GameData\dlc\parts_kissevent2018_mask_gp003.ct,917,DE171677,10000
0,0,GameData\dlc\parts_kissevent2018_penlight_gp003.aba,474538,A81066CB,10000
0,0,GameData\dlc\parts_kissevent2018_penlight_gp003.ct,1126,F5E094AD,10000
0,0,GameData\dlc\parts_magazine002.aba,56824299,49AABD55,10000
0,0,GameData\dlc\parts_magazine002.ct,11564,32B27395,10000
0,0,GameData\dlc\parts_nijiyomec.aba,28977893,7EC899D4,10000
0,0,GameData\dlc\parts_nijiyomec.ct,6143,BE5B9CCD,10000
0,0,GameData\dlc\parts_oldplus002hair1.aba,53951969,31E061D1,10000
0,0,GameData\dlc\parts_oldplus002hair1.ct,9737,C13F72DA,10000
0,0,GameData\dlc\parts_oldplus002hair2.aba,41234249,7E9E771F,10000
0,0,GameData\dlc\parts_oldplus002hair2.ct,9702,613C3D55,10000
0,0,GameData\dlc\parts_oldplus003hair1.aba,24462059,87EE1ACD,10000
0,0,GameData\dlc\parts_oldplus003hair1.ct,4197,3C258AA4,10000
0,0,GameData\dlc\parts_oldplus003hair2.aba,25504451,57BA06C6,10000
0,0,GameData\dlc\parts_oldplus003hair2.ct,4306,DBE48E9F,10000
0,0,GameData\dlc\parts_oldplus004hair1.aba,35753555,EC23A592,10000
0,0,GameData\dlc\parts_oldplus004hair1.ct,7993,EC8F57FF,10000
0,0,GameData\dlc\parts_oldplus004hair2.aba,25196703,CB855FCC,10000
0,0,GameData\dlc\parts_oldplus004hair2.ct,4192,505FA6A8,10000
0,0,GameData\dlc\parts_oldplus005hair1.aba,25692443,350BCFA1,10000
0,0,GameData\dlc\parts_oldplus005hair1.ct,4299,632C41C2,10000
0,0,GameData\dlc\parts_oldplus005hair2.aba,30109062,55630569,10000
0,0,GameData\dlc\parts_oldplus005hair2.ct,6143,81519B3D,10000
0,0,GameData\dlc\parts_oldplus007hair1.aba,20578444,54651464,10000
0,0,GameData\dlc\parts_oldplus007hair1.ct,6161,D1F780CD,10000
0,0,GameData\dlc\parts_oldplus007hair2.aba,21121723,9002B304,10000
0,0,GameData\dlc\parts_oldplus007hair2.ct,4163,A686C6AD,10000
0,0,GameData\dlc\parts_ordermade001.aba,27359414,C487C468,10000
0,0,GameData\dlc\parts_ordermade001.ct,6114,B71A354C,10000
0,0,GameData\dlc\parts_ordermade002.aba,23812686,149960D2,10000
0,0,GameData\dlc\parts_ordermade002.ct,4188,57E720C1,10000
0,0,GameData\dlc\parts_personal_om001.aba,32243198,E68CD6FD,10000
0,0,GameData\dlc\parts_personal_om001.ct,4159,60F1EA7E,10000
0,0,GameData\dlc\parts_personal_om002.aba,42420405,B0E3CD36,10000
0,0,GameData\dlc\parts_personal_om002.ct,9664,5166E92E,10000
0,0,GameData\dlc\parts_personal_om003.aba,39778344,6B1884FD,10000
0,0,GameData\dlc\parts_personal_om003.ct,6300,CE41A76F,10000
0,0,GameData\dlc\parts_personal_om004.aba,25976741,302157F0,10000
0,0,GameData\dlc\parts_personal_om004.ct,4173,5D80525C,10000
0,0,GameData\dlc\parts_personal_om005.aba,29739377,D95A2B3A,10000
0,0,GameData\dlc\parts_personal_om005.ct,4171,9AEBDF45,10000
0,0,GameData\dlc\parts_personal_om006.aba,37981342,58348392,10000
0,0,GameData\dlc\parts_personal_om006.ct,6137,26B61E35,10000
0,0,GameData\dlc\parts_personal_om007.aba,38438256,232E631F,10000
0,0,GameData\dlc\parts_personal_om007.ct,6106,356CEB12,10000
0,0,GameData\dlc\parts_personal_om008.aba,39254783,6A3CEC2B,10000
0,0,GameData\dlc\parts_personal_om008.ct,6261,8551658B,10000
0,0,GameData\dlc\parts_personal_om009.aba,41991980,4FA86F9A,10000
0,0,GameData\dlc\parts_personal_om009.ct,9787,9842A71B,10000
0,0,GameData\dlc\parts_personal_om010.aba,27368422,F03A4AF9,10000
0,0,GameData\dlc\parts_personal_om010.ct,4179,D22021DB,10000
0,0,GameData\dlc\parts_personal002.aba,35309822,7F3199FB,10000
0,0,GameData\dlc\parts_personal002.ct,7955,BA58DDB3,10000
0,0,GameData\dlc\parts_personal004.aba,27143202,02A43260,10000
0,0,GameData\dlc\parts_personal004.ct,6169,E55C0C07,10000
0,0,GameData\dlc\parts_pp002.aba,98852061,40A930C7,10000
0,0,GameData\dlc\parts_pp002.ct,16669,D5FDEB25,10000
0,0,GameData\dlc\parts_pp003p.aba,43831616,4CDAB636,10001
0,0,GameData\dlc\parts_pp003p.ct,9620,AF17FD09,10001
0,0,GameData\dlc\parts_sp001.aba,41030999,9CE13467,10000
0,0,GameData\dlc\parts_sp001.ct,7880,5767B5BF,10000
0,0,GameData\dlc\parts_sp004.aba,13660643,DD55491A,10000
0,0,GameData\dlc\parts_sp004.ct,2339,146E79BE,10000
0,0,GameData\dlc\parts_tech003.aba,30042843,8F484A78,10000
0,0,GameData\dlc\parts_tech003.ct,6189,ABDD2611,10000
0,0,GameData\dlc\parts_tech004.aba,44702558,B2FCA364,10000
0,0,GameData\dlc\parts_tech004.ct,7932,8A101077,10000
0,0,GameData\dlc\parts_vp001.aba,115829221,9AB9FCEE,10001
0,0,GameData\dlc\parts_vp001.ct,18125,10788068,10001
0,0,GameData\dlc\parts_vp001_gp003.aba,5939397,E8C1492C,10001
0,0,GameData\dlc\parts_vp001_gp003.ct,5130,D5C89E7C,10001
0,0,GameData\dlc\parts_vp001_vercm3d2.aba,118919462,05D6D885,10001
0,0,GameData\dlc\parts_vp001_vercm3d2.ct,22693,90A97766,10001
0,0,GameData\dlc\parts_yomeidogp2018_tiara1_gp003.aba,1588296,7CF061A5,10000
0,0,GameData\dlc\parts_yomeidogp2018_tiara1_gp003.ct,961,EC2BD57E,10000
0,0,GameData\dlc\parts_yomeidogp2018_tiara2_gp003.aba,1194211,0175960C,10000
0,0,GameData\dlc\parts_yomeidogp2018_tiara2_gp003.ct,958,985B90E5,10000
0,0,GameData\dlc\parts_yomeidogp2018_tiara3_gp003.aba,867368,2FEA85D4,10000
0,0,GameData\dlc\parts_yomeidogp2018_tiara3_gp003.ct,922,4C074EB4,10000
0,0,GameData\dlc\parts_yomeidogp2020teadou_gp003.aba,1358061,1775C476,10000
0,0,GameData\dlc\parts_yomeidogp2020teadou_gp003.ct,956,320965BB,10000
0,0,GameData\dlc\parts_yomeidogp2020teagin_gp003.aba,1534162,C5714697,10000
0,0,GameData\dlc\parts_yomeidogp2020teagin_gp003.ct,958,4A236EE0,10000
0,0,GameData\dlc\parts_yomeidogp2020teakin_gp003.aba,2011616,B15C8D28,10000
0,0,GameData\dlc\parts_yomeidogp2020teakin_gp003.ct,963,617020B0,10000
0,0,GameData\dlc\parts_yomeidokanteidan_accset_b_gp003.aba,2081967,27B69452,10000
0,0,GameData\dlc\parts_yomeidokanteidan_accset_b_gp003.ct,2676,952ECDFF,10000
0,0,GameData\dlc\parts_yomeidokanteidan_accset_gp003.aba,6654357,A5B3CC04,10000
0,0,GameData\dlc\parts_yomeidokanteidan_accset_gp003.ct,2712,F8BDFF10,10000
0,0,GameData\dlc\parts_yomeidokanteidan_bladeset_gp003.aba,4273582,28B7BC72,10000
0,0,GameData\dlc\parts_yomeidokanteidan_bladeset_gp003.ct,2222,3F7B8123,10000
0,0,GameData\dlc\parts_yomeidokanteidan_realguneset_gp003.aba,7333569,07EB799D,10000
0,0,GameData\dlc\parts_yomeidokanteidan_realguneset_gp003.ct,1856,AA8E901B,10000
0,0,GameData\dlc\parts_yomeidokanteidan_superguneset_gp003.aba,8878096,87F7C84E,10000
0,0,GameData\dlc\parts_yomeidokanteidan_superguneset_gp003.ct,2169,CEC865F0,10000
0,0,GameData\dlc\parts_yomeidokanteidan_swordset_gp003.aba,4664110,82274DCE,10000
0,0,GameData\dlc\parts_yomeidokanteidan_swordset_gp003.ct,1613,B881A78F,10000
