0,0,COM3D2OH.exe,6622208,1E96D7A7,2005
0,0,COM3D2OHx64.exe,22841856,858642A8,1130
0,0,LICENSE,31205,24BAD003,1130
0,0,COM3D2OHx64_Data\app.info,42,6CD75754,1130
0,0,COM3D2OHx64_Data\globalgamemanagers,4061764,431C3601,1130
0,0,COM3D2OHx64_Data\globalgamemanagers.assets,213316,981E926A,1130
0,0,COM3D2OHx64_Data\level0,261836,268E6E6A,1130
0,0,COM3D2OHx64_Data\level1,278500,3D9ACA94,1130
0,0,COM3D2OHx64_Data\level10,618012,D3D7F276,1130
0,0,COM3D2OHx64_Data\level11,6948,0DDEBC96,1130
0,0,COM3D2OHx64_Data\level12,264292,0B5E284F,1130
0,0,COM3D2OHx64_Data\level13,4664,FB4285A9,1130
0,0,COM3D2OHx64_Data\level14,280980,CB66389E,1130
0,0,COM3D2OHx64_Data\level15,269156,13044D96,1130
0,0,COM3D2OHx64_Data\level16,886772,E609D0C8,1130
0,0,COM3D2OHx64_Data\level17,340948,7B3A99B2,1130
0,0,COM3D2OHx64_Data\level18,1016412,DEFA3744,1130
0,0,COM3D2OHx64_Data\level19,341612,E1F7DC2B,1130
0,0,COM3D2OHx64_Data\level2,666292,D622B26C,1130
0,0,COM3D2OHx64_Data\level20,1862660,16ED4AF5,1130
0,0,COM3D2OHx64_Data\level21,1046420,B4738813,1130
0,0,COM3D2OHx64_Data\level22,1019716,D3A2CDFB,1130
0,0,COM3D2OHx64_Data\level23,383988,242F75CB,1130
0,0,COM3D2OHx64_Data\level24,27904,48923EDC,1130
0,0,COM3D2OHx64_Data\level24.resS,131232,437C95D8,1130
0,0,COM3D2OHx64_Data\level25,51676,33A88F51,1130
0,0,COM3D2OHx64_Data\level26,56036,FF0FCF2F,1130
0,0,COM3D2OHx64_Data\level27,6832,99FBBB42,1130
0,0,COM3D2OHx64_Data\level28,262740,A1B6EA41,1130
0,0,COM3D2OHx64_Data\level29,1507732,3B7ED427,1130
0,0,COM3D2OHx64_Data\level3,1144260,7A7587C1,1130
0,0,COM3D2OHx64_Data\level30,1364364,F131C58A,1130
0,0,COM3D2OHx64_Data\level31,1385964,800B93FF,1130
0,0,COM3D2OHx64_Data\level32,1281196,94A7CA9B,1130
0,0,COM3D2OHx64_Data\level33,1345652,BDEC0933,1130
0,0,COM3D2OHx64_Data\level34,1471076,070AAB9D,1130
0,0,COM3D2OHx64_Data\level35,1208060,6184B5CD,1130
0,0,COM3D2OHx64_Data\level36,958692,72AE7722,1130
0,0,COM3D2OHx64_Data\level37,965980,26B09CAB,1130
0,0,COM3D2OHx64_Data\level38,1208060,DE471321,1130
0,0,COM3D2OHx64_Data\level39,1088676,AC55F3AE,1130
0,0,COM3D2OHx64_Data\level4,1089364,11732653,1130
0,0,COM3D2OHx64_Data\level40,877244,E5CEA7FF,1130
0,0,COM3D2OHx64_Data\level41,1163628,1721A8B5,1130
0,0,COM3D2OHx64_Data\level42,1306116,D98C87EC,1130
0,0,COM3D2OHx64_Data\level43,1264644,E7602F30,1130
0,0,COM3D2OHx64_Data\level44,849452,3003798F,1130
0,0,COM3D2OHx64_Data\level45,337612,63005430,1130
0,0,COM3D2OHx64_Data\level46,333980,C52D34BE,1130
0,0,COM3D2OHx64_Data\level47,377684,BCC75E6B,1130
0,0,COM3D2OHx64_Data\level48,399820,AA5ED2B0,1130
0,0,COM3D2OHx64_Data\level49,328212,7896A28C,1130
0,0,COM3D2OHx64_Data\level5,262820,B13BA670,1130
0,0,COM3D2OHx64_Data\level50,388172,E4B54295,1130
0,0,COM3D2OHx64_Data\level51,971628,001457B2,1130
0,0,COM3D2OHx64_Data\level52,896028,64905B2C,1130
0,0,COM3D2OHx64_Data\level53,380900,A5CFFF62,1130
0,0,COM3D2OHx64_Data\level54,403044,FD5D4595,1130
0,0,COM3D2OHx64_Data\level55,393620,C7C9C6CA,1130
0,0,COM3D2OHx64_Data\level6,350412,2FE62242,1130
0,0,COM3D2OHx64_Data\level7,262348,D56B7A71,1130
0,0,COM3D2OHx64_Data\level8,327068,EAB1873B,1130
0,0,COM3D2OHx64_Data\level9,263316,0B313241,1130
0,0,COM3D2OHx64_Data\resources.assets,384733592,0F88AD52,1130
0,0,COM3D2OHx64_Data\resources.assets.resS,1640846432,3B92E044,1130
0,0,COM3D2OHx64_Data\resources.resource,692096,84F04AA0,1130
0,0,COM3D2OHx64_Data\sharedassets0.assets,115224720,9E1E2C1E,1130
0,0,COM3D2OHx64_Data\sharedassets0.assets.resS,121744416,342139C8,1130
0,0,COM3D2OHx64_Data\sharedassets1.assets,6196,D967DE31,1130
0,0,COM3D2OHx64_Data\sharedassets10.assets,6496,1ADB3C6F,1130
0,0,COM3D2OHx64_Data\sharedassets11.assets,4540,5B23EB2E,1130
0,0,COM3D2OHx64_Data\sharedassets12.assets,6100,EB8506AE,1130
0,0,COM3D2OHx64_Data\sharedassets13.assets,4132,F193C3D5,1130
0,0,COM3D2OHx64_Data\sharedassets14.assets,6820,B6002926,1130
0,0,COM3D2OHx64_Data\sharedassets15.assets,6160,2940CDA4,1130
0,0,COM3D2OHx64_Data\sharedassets16.assets,12340,44D10706,1130
0,0,COM3D2OHx64_Data\sharedassets17.assets,6244,F6C077A4,1130
0,0,COM3D2OHx64_Data\sharedassets18.assets,12568,7A44DC46,1130
0,0,COM3D2OHx64_Data\sharedassets19.assets,6268,E0405263,1130
0,0,COM3D2OHx64_Data\sharedassets2.assets,6520,1CE68A15,1130
0,0,COM3D2OHx64_Data\sharedassets20.assets,7036,4F5E6D42,1130
0,0,COM3D2OHx64_Data\sharedassets21.assets,12544,B9A47CCC,1130
0,0,COM3D2OHx64_Data\sharedassets22.assets,12544,B9A47CCC,1130
0,0,COM3D2OHx64_Data\sharedassets23.assets,18126808,BB41E028,1130
0,0,COM3D2OHx64_Data\sharedassets24.assets,12328,8F97AE3C,1130
0,0,COM3D2OHx64_Data\sharedassets25.assets,4420,2EFB6666,1130
0,0,COM3D2OHx64_Data\sharedassets26.assets,4324,EA576459,1130
0,0,COM3D2OHx64_Data\sharedassets27.assets,4264,D221471A,1130
0,0,COM3D2OHx64_Data\sharedassets28.assets,6076,719DFA1A,1130
0,0,COM3D2OHx64_Data\sharedassets29.assets,12340,7C90428A,1130
0,0,COM3D2OHx64_Data\sharedassets3.assets,12796,DE4D9345,1130
0,0,COM3D2OHx64_Data\sharedassets30.assets,12340,B0685D06,1130
0,0,COM3D2OHx64_Data\sharedassets31.assets,12340,EA998AFF,1130
0,0,COM3D2OHx64_Data\sharedassets32.assets,9232,C8EC321B,1130
0,0,COM3D2OHx64_Data\sharedassets33.assets,9340,2A6EFEDD,1130
0,0,COM3D2OHx64_Data\sharedassets34.assets,9328,97EA3A9C,1130
0,0,COM3D2OHx64_Data\sharedassets35.assets,12424,1FC6564A,1130
0,0,COM3D2OHx64_Data\sharedassets36.assets,9124,A41693A3,1130
0,0,COM3D2OHx64_Data\sharedassets37.assets,9160,297A9D64,1130
0,0,COM3D2OHx64_Data\sharedassets38.assets,12424,1FC6564A,1130
0,0,COM3D2OHx64_Data\sharedassets39.assets,9364,C1035652,1130
0,0,COM3D2OHx64_Data\sharedassets4.assets,7060,E89F78E1,1130
0,0,COM3D2OHx64_Data\sharedassets40.assets,9160,297A9D64,1130
0,0,COM3D2OHx64_Data\sharedassets41.assets,9304,97AFE217,1130
0,0,COM3D2OHx64_Data\sharedassets42.assets,12340,2E57BC73,1130
0,0,COM3D2OHx64_Data\sharedassets43.assets,9340,2A6EFEDD,1130
0,0,COM3D2OHx64_Data\sharedassets44.assets,9328,97EA3A9C,1130
0,0,COM3D2OHx64_Data\sharedassets45.assets,42236492,04F55D80,1130
0,0,COM3D2OHx64_Data\sharedassets45.assets.resS,87400,8BA6C322,1130
0,0,COM3D2OHx64_Data\sharedassets46.assets,38246460,6D193578,1130
0,0,COM3D2OHx64_Data\sharedassets47.assets,32874556,95D54F31,1130
0,0,COM3D2OHx64_Data\sharedassets48.assets,36735636,FA212F29,1130
0,0,COM3D2OHx64_Data\sharedassets48.assets.resS,174776,5B619AF1,1130
0,0,COM3D2OHx64_Data\sharedassets49.assets,41277312,A3038FCE,1130
0,0,COM3D2OHx64_Data\sharedassets5.assets,6064,7E4550CA,1130
0,0,COM3D2OHx64_Data\sharedassets50.assets,39399064,D4661294,1130
0,0,COM3D2OHx64_Data\sharedassets51.assets,3016892,D961BB3B,1130
0,0,COM3D2OHx64_Data\sharedassets51.assets.resS,611728,7BFBEAAE,1130
0,0,COM3D2OHx64_Data\sharedassets52.assets,9388,3E04ECFA,1130
0,0,COM3D2OHx64_Data\sharedassets53.assets,6460,6F39382A,1130
0,0,COM3D2OHx64_Data\sharedassets54.assets,6460,6F39382A,1130
0,0,COM3D2OHx64_Data\sharedassets55.assets,6460,6F39382A,1130
0,0,COM3D2OHx64_Data\sharedassets6.assets,6976,FE2ECE4B,1130
0,0,COM3D2OHx64_Data\sharedassets7.assets,6040,451B4AFF,1130
0,0,COM3D2OHx64_Data\sharedassets8.assets,6280,6918E06C,1130
0,0,COM3D2OHx64_Data\sharedassets9.assets,6088,75A2EB2B,1130
0,0,COM3D2OHx64_Data\Managed\Accessibility.dll,10752,5CB31E4E,1130
0,0,COM3D2OHx64_Data\Managed\Assembly-CSharp-firstpass.dll,790528,AC6ABB1D,1130
0,0,COM3D2OHx64_Data\Managed\Assembly-CSharp.dll,4758528,8E5815D3,1130
0,0,COM3D2OHx64_Data\Managed\Assembly-UnityScript-firstpass.dll,65024,4A1F9567,1130
0,0,COM3D2OHx64_Data\Managed\Boo.Lang.dll,126976,28383F70,1130
0,0,COM3D2OHx64_Data\Managed\BouncyCastle.Crypto.dll,2236416,5A4C4F07,1130
0,0,COM3D2OHx64_Data\Managed\FoveUnityPlugin.dll,28672,A6EA882B,1130
0,0,COM3D2OHx64_Data\Managed\ICSharpCode.SharpZipLib.dll,200704,D3160A1C,1130
0,0,COM3D2OHx64_Data\Managed\Ionic.Zlib.dll,102400,7C9E7DD2,1130
0,0,COM3D2OHx64_Data\Managed\JsonFx.Json.dll,70144,A0F0CFCB,1130
0,0,COM3D2OHx64_Data\Managed\LeapCSharp.NET3.5.dll,82432,38E38212,1130
0,0,COM3D2OHx64_Data\Managed\Mono.Data.Tds.dll,96256,2965324B,1130
0,0,COM3D2OHx64_Data\Managed\Mono.Posix.dll,184320,0CE35BE3,1130
0,0,COM3D2OHx64_Data\Managed\Mono.Security.dll,294912,66EB9979,1130
0,0,COM3D2OHx64_Data\Managed\Mono.WebBrowser.dll,172032,137B736F,1130
0,0,COM3D2OHx64_Data\Managed\mscorlib.dll,2590208,5166389B,1130
0,0,COM3D2OHx64_Data\Managed\Newtonsoft.Json.dll,494592,5C881B73,1130
0,0,COM3D2OHx64_Data\Managed\System.Configuration.dll,124928,72952344,1130
0,0,COM3D2OHx64_Data\Managed\System.Core.dll,297472,9E3EE5D7,1130
0,0,COM3D2OHx64_Data\Managed\System.Data.dll,856064,DDDB80CD,1130
0,0,COM3D2OHx64_Data\Managed\System.dll,1679360,13922617,1130
0,0,COM3D2OHx64_Data\Managed\System.Drawing.Design.dll,29696,E7B53FF9,1130
0,0,COM3D2OHx64_Data\Managed\System.Drawing.dll,448512,C4B2E872,1130
0,0,COM3D2OHx64_Data\Managed\System.EnterpriseServices.dll,46592,2C72A9FE,1130
0,0,COM3D2OHx64_Data\Managed\System.Security.dll,135168,1CE94C57,1130
0,0,COM3D2OHx64_Data\Managed\System.Transactions.dll,27648,45299FCF,1130
0,0,COM3D2OHx64_Data\Managed\System.Windows.Forms.dll,3053568,56394001,1130
0,0,COM3D2OHx64_Data\Managed\System.Xml.dll,1270272,4581A35B,1130
0,0,COM3D2OHx64_Data\Managed\System.Xml.Linq.dll,106496,E844371C,1130
0,0,COM3D2OHx64_Data\Managed\UnityEngine.dll,1393152,2C35388C,1130
0,0,COM3D2OHx64_Data\Managed\UnityEngine.dll.mdb,449828,8610375E,1130
0,0,COM3D2OHx64_Data\Managed\UnityEngine.Networking.dll,253952,2BDF701F,1130
0,0,COM3D2OHx64_Data\Managed\UnityEngine.UI.dll,245760,FA552B2D,1130
0,0,COM3D2OHx64_Data\Managed\UnityEngine.VR.dll,3072,A4582CD6,1130
0,0,COM3D2OHx64_Data\Managed\UnityScript.Lang.dll,13824,0DA8F681,1130
0,0,COM3D2OHx64_Data\Managed\zxing.unity.dll,430592,9FD1F198,1130
0,0,COM3D2OHx64_Data\Mono\mono.dll,2618816,0BEA8C0F,1130
0,0,COM3D2OHx64_Data\Mono\MonoPosixHelper.dll,113664,9B5E1E4D,1130
0,0,COM3D2OHx64_Data\Mono\etc\mono\browscap.ini,311984,CE6C0AB3,1130
0,0,COM3D2OHx64_Data\Mono\etc\mono\config,1691,A635914A,1130
0,0,COM3D2OHx64_Data\Mono\etc\mono\1.0\DefaultWsdlHelpGenerator.aspx,58196,10E814BF,1130
0,0,COM3D2OHx64_Data\Mono\etc\mono\1.0\machine.config,17258,EDE1AC59,1130
0,0,COM3D2OHx64_Data\Mono\etc\mono\2.0\DefaultWsdlHelpGenerator.aspx,60453,F3869A34,1130
0,0,COM3D2OHx64_Data\Mono\etc\mono\2.0\machine.config,27625,73C91C24,1130
0,0,COM3D2OHx64_Data\Mono\etc\mono\2.0\settings.map,2618,A1A3C29F,1130
0,0,COM3D2OHx64_Data\Mono\etc\mono\2.0\web.config,11686,534A9960,1130
0,0,COM3D2OHx64_Data\Mono\etc\mono\2.0\Browsers\Compat.browser,1605,2E178A0B,1130
0,0,COM3D2OHx64_Data\Mono\etc\mono\mconfig\config.xml,25817,80B2033A,1130
0,0,COM3D2OHx64_Data\Plugins\assimp.dll,4388864,7C910D84,1130
0,0,COM3D2OHx64_Data\Plugins\Audio360.dll,1499136,2D77400A,1130
0,0,COM3D2OHx64_Data\Plugins\AVProVideo.dll,891392,A3612D4B,1130
0,0,COM3D2OHx64_Data\Plugins\clothpp.dll,112128,7C3264A4,1130
0,0,COM3D2OHx64_Data\Plugins\cm3d2.dll,2091520,A919A31A,1130
0,0,COM3D2OHx64_Data\Plugins\device_hook.dll,738816,F61E7CED,1130
0,0,COM3D2OHx64_Data\Plugins\FoveClient.dll,1849384,58C8B4F6,1130
0,0,COM3D2OHx64_Data\Plugins\LeapC.dll,2516992,FBDD3767,1130
0,0,COM3D2OHx64_Data\Plugins\openvr_api.dll,318272,44432E0F,1130
0,0,COM3D2OHx64_Data\Plugins\OVRGamepad.dll,12800,2C526135,1130
0,0,COM3D2OHx64_Data\Plugins\OVRLipSync.dll,2512296,391C1F4C,1130
0,0,COM3D2OHx64_Data\Plugins\OVRPlugin.dll,1898408,5DD05B6C,1130
0,0,COM3D2OHx64_Data\Resources\unity default resources,752360,71DB1AEA,1130
0,0,COM3D2OHx64_Data\Resources\unity_builtin_extra,284012,91145F7F,1130
0,0,GameData\bg_kissevent2018_sp_card_2.arc,493322,140250D1,1100
0,0,GameData\csv.arc,2865957,3C73A7AE,1130
0,0,GameData\csv_cbl.arc,670649,E8D124C2,1130
0,0,GameData\csv_old_2.arc,563,C560F995,1110
0,0,GameData\motion_cbl2.arc,627149,B4324014,1120
0,0,GameData\motion_cbl_3d21reserve_2.arc,153938,9CB83B59,1120
0,0,GameData\parts2.arc,118310391,AE25BF56,1120
0,0,GameData\parts_magazine003_2.arc,201385,3A5B273D,1120
0,0,GameData\parts_kissevent2018_2.arc,5570,005BBD00,1100
0,0,GameData\parts_omvr.arc,3206509,4F0D0480,1120
0,0,GameData\paths.dat,2168,B165C079,1130
0,0,GameData\prioritymaterial.arc,285322,68AA2F21,1130
0,0,GameData\script_cbl.arc,5166671,646B842D,1130
0,0,GameData\script_share_karaoke_2.arc,1939,6A7D34A5,1000
0,0,GameData\system2.arc,10305656,8B89D987,1120
0,0,GameData_20\material_denkigai2015s003_2.arc,7106,0C82D791,1150
0,0,GameData_20\material_denkigai2015wTowelR.arc,1602,618192B9,1360
0,0,GameData_20\material_dlc055_2.arc,5282,11A93109,1280
0,0,GameData_20\material_dlsite_2.arc,1762,C5A837EA,1150
0,0,GameData_20\material_shop001_2.arc,1762,D98CED1C,1150
0,0,GameData_20\material_shop002_2.arc,1762,956BB00E,1150
0,0,GameData_20\material_shop003_2.arc,1762,38CEBFF2,1150
0,0,GameData_20\material_shop005_2.arc,1714,3E621A32,1150
0,0,GameData_20\material_shop007_2.arc,2578,C8CE627C,1150
0,0,GameData_20\material_vp001_2.arc,11890,8CB043B0,1400
0,0,GameData_20\material_yomeido003_2.arc,1522,0689A7AC,1240
0,0,GameData_20\menu_denkigai2015s001_2.arc,6594,8B3E849F,1160
0,0,GameData_20\menu_denkigai2015s003_2.arc,4338,D294CE88,1150
0,0,GameData_20\menu_denkigai2015wTowelR.arc,1282,CECEE1FC,1360
0,0,GameData_20\menu_denkigai2016s_2.arc,1346,4A9440B1,1351
0,0,GameData_20\menu_denkigai2016w_2.arc,15154,C8D64D3B,1450
0,0,GameData_20\menu_denkigai2017s_2.arc,1218,267B1338,1540
0,0,GameData_20\menu_dlcdenkigai2016w_2.arc,13522,45E7F667,1450
0,0,GameData_20\menu_dlcdenkigai2017s_2.arc,1218,A6C83B5D,1540
0,0,GameData_20\menu_dlc026_2.arc,3778,69453D54,1190
0,0,GameData_20\menu_dlc028_2.arc,3874,DE3F1C31,1200
0,0,GameData_20\menu_dlc041_2.arc,6786,97F738D3,1380
0,0,GameData_20\menu_dlc042_2.arc,1154,EE4016C0,1440
0,0,GameData_20\menu_dlc049_2.arc,3106,E30D6F4C,1522
0,0,GameData_20\menu_dlc061_2.arc,3810,F99C1D4E,1290
0,0,GameData_20\menu_dlc065_2.arc,7602,D9387834,1380
0,0,GameData_20\menu_dlc074_2.arc,5618,24C559D7,1312
0,0,GameData_20\menu_dlc100_2.arc,1250,DFF94E9A,1400
0,0,GameData_20\menu_dlc101_2.arc,1218,44DB4049,1481
0,0,GameData_20\menu_dlsite_2.arc,1954,B2268BA7,1150
0,0,GameData_20\menu_magazine002_2.arc,12498,691C1126,1471
0,0,GameData_20\menu_personal002_2.arc,1282,5687650C,1310
0,0,GameData_20\menu_shop001_2.arc,3314,35207C87,1150
0,0,GameData_20\menu_shop005_2.arc,1378,0C9AF725,1150
0,0,GameData_20\menu_vp001_2.arc,19138,7C7AFD9C,1400
0,0,GameData_20\menu_yomeido003_2.arc,1234,4D6F619D,1240
0,0,GameData_20\menu_yomeidogp_wedding_2.arc,3954,C251B12C,1320
0,0,GameData_20\model_denkigai2015s003_2.arc,394665,41A48185,1150
0,0,GameData_20\model_denkigai2015wTowelR.arc,38258,FB570A24,1360
0,0,GameData_20\model_denkigai2017s_2.arc,462663,8917104A,1582
0,0,GameData_20\model_dlcdenkigai2017s_2.arc,462667,9F0C3D54,1582
0,0,GameData_20\model_dlc005_2.arc,175424,F7DD7D82,1270
0,0,GameData_20\model_dlc046_2.arc,155690,83B34173,1220
0,0,GameData_20\model_dlc073_2.arc,267037,47D33A06,1320
0,0,GameData_20\model_dlc100_2.arc,691347,7C3D679D,1400
0,0,GameData_20\model_dlc109_2.arc,137998,8FCCF513,1460
0,0,GameData_20\model_dlc151_2.arc,213532,8C3C80C3,1520
0,0,GameData_20\model_dlsite_2.arc,197173,24366C43,1150
0,0,GameData_20\model_shop001_2.arc,115215,9C941FAF,1150
0,0,GameData_20\model_shop002_2.arc,251253,743C3D97,1150
0,0,GameData_20\model_shop003_2.arc,185433,A15EC70A,1150
0,0,GameData_20\model_shop005_2.arc,150103,FB5341FA,1150
0,0,GameData_20\model_shop007_2.arc,288759,80615CBD,1150
0,0,GameData_20\model_vp001_2.arc,647957,D68B5D2F,1400
0,0,GameData_20\texture_denkigai2015wTowelR.arc,133065,FE4BDC34,1360
0,0,GameData_20\texture_denkigai2016w_2.arc,10105247,3B4641C3,1450
0,0,GameData_20\texture_dlcdenkigai2016w_2.arc,10105332,90868016,1450
0,0,GameData_20\texture_kissevent2017march.arc,281,FF4EEB9B,1522
0,0,GameData_20\texture_kissevent2017march_2.arc,79432605,C1FCD24F,1522
0,0,GameData_20\texture_dlc004_2.arc,4805734,C8E5CFB4,1200
0,0,GameData_20\texture_dlc046_2.arc,596960,FC606BA5,1220
0,0,GameData_20\texture_vp001_2.arc,755269,18D5027D,1400
0,0,GameData_20\texture_yomeido003_2.arc,117248,0EE72B42,1240
