0,0,GameData\csv.arc,3235583,F4B0B89F,1513
0,0,GameData\paths.dat,4189,3A59F650,1513
0,0,GameData\prioritymaterial.arc,178007,273B2FF7,1513
0,0,GameData\script.arc,14356051,884AA241,1513
0,0,GameData\sound2.arc,13077302,803150E2,1513
0,0,GameData\csv_cos015.arc,542,28B8FB6B,100
0,0,GameData\script_cos015.arc,359880,D9C743E2,100
0,0,GameData\voice_cos015.arc,278010771,C75A13BF,100
0,0,GameData\csv_cos015dos.arc,531,46699E66,100
0,0,GameData\script_cos015dos.arc,30926,5EB94679,100
0,0,GameData\voice_cos015dos.arc,23803608,CF4A764D,100
0,0,GameData\material_dlc160.arc,13720,8135FB9C,100
0,0,GameData\menu_dlc160.arc,11741,C6DD69C2,100
0,0,GameData\model_dlc160.arc,2889826,3A85D9D2,100
0,0,GameData\texture_dlc160.arc,21068489,ADB8BC15,100
0,0,GameData\material_dlc161.arc,13930,A95D2345,100
0,0,GameData\menu_dlc161.arc,14730,B2C4DA6A,100
0,0,GameData\model_dlc161.arc,1022131,6A9FE610,100
0,0,GameData\texture_dlc161.arc,14413989,C27C2247,100
0,0,GameData\material_dlc162.arc,30995,9C3FCFB9,100
0,0,GameData\menu_dlc162.arc,19949,827B85A8,100
0,0,GameData\model_dlc162.arc,1030673,6C11A204,100
0,0,GameData\texture_dlc162.arc,33678434,9392E535,100
0,0,GameData\material_dlc163.arc,16778,4ECC6234,100
0,0,GameData\menu_dlc163.arc,11073,7013A034,100
0,0,GameData\model_dlc163.arc,473153,B06D2DA9,100
0,0,GameData\texture_dlc163.arc,13733128,419C897D,100