0,0,COM3D2.exe,6607360,B7BB12CE,2006
0,0,COM3D2x64.exe,22841856,A9562BF9,1280
0,0,LICENSE,31205,24BAD003,1280
0,0,COM3D2x64_Data\app.info,27,F9A266E7,1280
0,0,COM3D2x64_Data\globalgamemanagers,4258212,8DA52E33,1280
0,0,COM3D2x64_Data\globalgamemanagers.assets,230332,8FC86B91,1280
0,0,COM3D2x64_Data\level0,320420,32695FD2,1280
0,0,COM3D2x64_Data\level1,343268,52BD3133,1280
0,0,COM3D2x64_Data\level10,347156,38DB3D95,1280
0,0,COM3D2x64_Data\level11,320932,A77C8D9E,1280
0,0,COM3D2x64_Data\level12,388164,04FE3E60,1280
0,0,COM3D2x64_Data\level13,324044,E3C00FDC,1280
0,0,COM3D2x64_Data\level14,818084,5A8A7375,1280
0,0,COM3D2x64_Data\level15,7412,8DB7B44A,1280
0,0,COM3D2x64_Data\level16,322860,A4EC11AD,1280
0,0,COM3D2x64_Data\level17,4664,FA6B272C,1280
0,0,COM3D2x64_Data\level18,339564,3E2348F3,1280
0,0,COM3D2x64_Data\level19,327740,D48C3ABF,1280
0,0,COM3D2x64_Data\level2,338380,D46062D9,1280
0,0,COM3D2x64_Data\level20,949708,2F05F89A,1280
0,0,COM3D2x64_Data\level21,420068,52DE4122,1280
0,0,COM3D2x64_Data\level22,1079364,BC40A0B5,1280
0,0,COM3D2x64_Data\level23,404388,E34F0C32,1280
0,0,COM3D2x64_Data\level24,666084,7B48C48E,1280
0,0,COM3D2x64_Data\level25,342900,76EB1C05,1280
0,0,COM3D2x64_Data\level26,2169396,A7B6C5F3,1280
0,0,COM3D2x64_Data\level27,1109372,A7AC2E65,1280
0,0,COM3D2x64_Data\level28,342900,0CE84700,1280
0,0,COM3D2x64_Data\level29,1082676,7F3E7F5A,1280
0,0,COM3D2x64_Data\level3,1178500,7649C13B,1280
0,0,COM3D2x64_Data\level30,335524,93F6E47D,1280
0,0,COM3D2x64_Data\level31,442596,87067C3B,1280
0,0,COM3D2x64_Data\level32,27904,4954F1DB,1280
0,0,COM3D2x64_Data\level32.resS,131232,437C95D8,1280
0,0,COM3D2x64_Data\level33,51676,56661B2E,1280
0,0,COM3D2x64_Data\level34,56036,E2785CCF,1280
0,0,COM3D2x64_Data\level35,6832,3B5A5A4F,1280
0,0,COM3D2x64_Data\level36,321308,93DFA06D,1280
0,0,COM3D2x64_Data\level37,1570676,7DEE01BE,1280
0,0,COM3D2x64_Data\level38,1427308,1B2B067E,1280
0,0,COM3D2x64_Data\level39,1448908,073A8EDC,1280
0,0,COM3D2x64_Data\level4,1207220,8473F01B,1280
0,0,COM3D2x64_Data\level40,434908,2D0857D6,1280
0,0,COM3D2x64_Data\level41,388140,EDDD89D8,1280
0,0,COM3D2x64_Data\level42,419020,793926C4,1280
0,0,COM3D2x64_Data\level43,1344140,97CA7C24,1280
0,0,COM3D2x64_Data\level44,1408612,C125969E,1280
0,0,COM3D2x64_Data\level45,1534020,2C6AD75C,1280
0,0,COM3D2x64_Data\level46,408932,4D333529,1280
0,0,COM3D2x64_Data\level47,375196,9DD23863,1280
0,0,COM3D2x64_Data\level48,433884,46420BC3,1280
0,0,COM3D2x64_Data\level49,391300,509DAB77,1280
0,0,COM3D2x64_Data\level5,1265268,0848E30B,1280
0,0,COM3D2x64_Data\level50,1369060,D1AB01BE,1280
0,0,COM3D2x64_Data\level51,375884,53A0F666,1280
0,0,COM3D2x64_Data\level52,646396,7E91A21A,1280
0,0,COM3D2x64_Data\level53,530212,1189C92D,1280
0,0,COM3D2x64_Data\level54,344732,DB98C850,1280
0,0,COM3D2x64_Data\level55,1271020,B3262309,1280
0,0,COM3D2x64_Data\level56,1021628,6FC2D9B4,1280
0,0,COM3D2x64_Data\level57,1028916,F9DC9E8E,1280
0,0,COM3D2x64_Data\level58,1271020,C901C5F6,1280
0,0,COM3D2x64_Data\level59,1151612,896A31FE,1280
0,0,COM3D2x64_Data\level6,322540,2C5474E1,1280
0,0,COM3D2x64_Data\level60,940180,DC0669B9,1280
0,0,COM3D2x64_Data\level61,1226588,8212B5CC,1280
0,0,COM3D2x64_Data\level62,1327588,FB9A67B0,1280
0,0,COM3D2x64_Data\level63,676276,44D96CAF,1280
0,0,COM3D2x64_Data\level64,912412,681497A0,1280
0,0,COM3D2x64_Data\level65,396228,67BD35C9,1280
0,0,COM3D2x64_Data\level66,392580,385CFA5A,1280
0,0,COM3D2x64_Data\level67,436292,68901999,1280
0,0,COM3D2x64_Data\level68,458436,230BBCAD,1280
0,0,COM3D2x64_Data\level69,386820,25FED3CA,1280
0,0,COM3D2x64_Data\level7,1042060,7B399C9A,1280
0,0,COM3D2x64_Data\level70,446796,76D58E91,1280
0,0,COM3D2x64_Data\level71,1034588,72048BDD,1280
0,0,COM3D2x64_Data\level72,958988,A4A05237,1280
0,0,COM3D2x64_Data\level73,439516,57F6FBB1,1280
0,0,COM3D2x64_Data\level74,461660,8F875B74,1280
0,0,COM3D2x64_Data\level75,452244,50AA4421,1280
0,0,COM3D2x64_Data\level76,1038996,86CCBD3D,1280
0,0,COM3D2x64_Data\level77,999268,CFBBDD36,1280
0,0,COM3D2x64_Data\level78,445276,F934207F,1280
0,0,COM3D2x64_Data\level79,429812,5890D79B,1280
0,0,COM3D2x64_Data\level8,352756,E7581D40,1280
0,0,COM3D2x64_Data\level80,411484,2AC67DDB,1280
0,0,COM3D2x64_Data\level81,353988,C5F7265A,1280
0,0,COM3D2x64_Data\level82,1378388,36DDD7B0,1280
0,0,COM3D2x64_Data\level83,1319140,3CA074A7,1280
0,0,COM3D2x64_Data\level84,498292,3CE92CBC,1280
0,0,COM3D2x64_Data\level85,397036,4277B385,1280
0,0,COM3D2x64_Data\level86,1247156,4DD0149A,1280
0,0,COM3D2x64_Data\level87,964988,FFC174F8,1280
0,0,COM3D2x64_Data\level88,1423460,5A1CCF72,1280
0,0,COM3D2x64_Data\level89,1364612,66B11260,1280
0,0,COM3D2x64_Data\level9,411396,4B3DF2F6,1280
0,0,COM3D2x64_Data\level90,1570692,435B5B79,1280
0,0,COM3D2x64_Data\level91,1534036,D4254BD0,1280
0,0,COM3D2x64_Data\resources.assets,392087024,1CA9A8E5,1280
0,0,COM3D2x64_Data\resources.assets.resS,1712704272,411CA7C0,1280
0,0,COM3D2x64_Data\resources.resource,727392,54F90BDA,1280
0,0,COM3D2x64_Data\sharedassets0.assets,115226420,E28669AE,1280
0,0,COM3D2x64_Data\sharedassets0.assets.resS,28071636,22B86DBB,1280
0,0,COM3D2x64_Data\sharedassets1.assets,6256,2E5F0231,1280
0,0,COM3D2x64_Data\sharedassets10.assets,6100,E23ABE35,1280
0,0,COM3D2x64_Data\sharedassets11.assets,6064,265E3DA5,1280
0,0,COM3D2x64_Data\sharedassets12.assets,6316,E10A8C2B,1280
0,0,COM3D2x64_Data\sharedassets13.assets,6208,977C1676,1280
0,0,COM3D2x64_Data\sharedassets14.assets,6688,9CE0B861,1280
0,0,COM3D2x64_Data\sharedassets15.assets,4576,D6C55379,1280
0,0,COM3D2x64_Data\sharedassets16.assets,6124,BB84BAD7,1280
0,0,COM3D2x64_Data\sharedassets17.assets,4132,8136C6A1,1280
0,0,COM3D2x64_Data\sharedassets18.assets,6844,9DF97E91,1280
0,0,COM3D2x64_Data\sharedassets19.assets,6184,7E92C444,1280
0,0,COM3D2x64_Data\sharedassets2.assets,6268,BDDAB883,1280
0,0,COM3D2x64_Data\sharedassets20.assets,12544,1284A37D,1280
0,0,COM3D2x64_Data\sharedassets21.assets,6292,6DC1A82A,1280
0,0,COM3D2x64_Data\sharedassets22.assets,12688,507F2645,1280
0,0,COM3D2x64_Data\sharedassets23.assets,6292,A8522A22,1280
0,0,COM3D2x64_Data\sharedassets24.assets,6364,FC80EAA1,1280
0,0,COM3D2x64_Data\sharedassets25.assets,6160,A2B145A8,1280
0,0,COM3D2x64_Data\sharedassets26.assets,7108,17FC6156,1280
0,0,COM3D2x64_Data\sharedassets27.assets,12664,7B11E85A,1280
0,0,COM3D2x64_Data\sharedassets28.assets,6160,A237053D,1280
0,0,COM3D2x64_Data\sharedassets29.assets,12664,7B11E85A,1280
0,0,COM3D2x64_Data\sharedassets3.assets,7960,D61E88B9,1280
0,0,COM3D2x64_Data\sharedassets30.assets,6088,596DCC4E,1280
0,0,COM3D2x64_Data\sharedassets31.assets,18126832,3D804094,1280
0,0,COM3D2x64_Data\sharedassets32.assets,12328,08B7C43A,1280
0,0,COM3D2x64_Data\sharedassets33.assets,4420,EB18619D,1280
0,0,COM3D2x64_Data\sharedassets34.assets,4324,122C6E84,1280
0,0,COM3D2x64_Data\sharedassets35.assets,4264,AD26F2C0,1280
0,0,COM3D2x64_Data\sharedassets36.assets,6100,7E2135A1,1280
0,0,COM3D2x64_Data\sharedassets37.assets,12544,4C4B951F,1280
0,0,COM3D2x64_Data\sharedassets38.assets,12544,BB8ADEE5,1280
0,0,COM3D2x64_Data\sharedassets39.assets,12544,6B963D3D,1280
0,0,COM3D2x64_Data\sharedassets4.assets,12916,EE671F26,1280
0,0,COM3D2x64_Data\sharedassets40.assets,7204,B870C04E,1280
0,0,COM3D2x64_Data\sharedassets41.assets,6952,894CAA55,1280
0,0,COM3D2x64_Data\sharedassets42.assets,7240,DBB75818,1280
0,0,COM3D2x64_Data\sharedassets43.assets,9352,A861F42A,1280
0,0,COM3D2x64_Data\sharedassets44.assets,9460,837EEFF4,1280
0,0,COM3D2x64_Data\sharedassets45.assets,9448,14439F66,1280
0,0,COM3D2x64_Data\sharedassets46.assets,8452,BA6B3B96,1280
0,0,COM3D2x64_Data\sharedassets47.assets,6568,F29E1567,1280
0,0,COM3D2x64_Data\sharedassets48.assets,8308,88FDB9CD,1280
0,0,COM3D2x64_Data\sharedassets49.assets,792668,B17A4085,1280
0,0,COM3D2x64_Data\sharedassets49.assets.resS,6506584,427886ED,1280
0,0,COM3D2x64_Data\sharedassets5.assets,7180,CC69598E,1280
0,0,COM3D2x64_Data\sharedassets50.assets,12544,D7D3EFD0,1280
0,0,COM3D2x64_Data\sharedassets51.assets,6568,46BF5737,1280
0,0,COM3D2x64_Data\sharedassets52.assets,6724,C4904DC1,1280
0,0,COM3D2x64_Data\sharedassets53.assets,6520,2B8DDD72,1280
0,0,COM3D2x64_Data\sharedassets54.assets,6112,BAB2DA77,1280
0,0,COM3D2x64_Data\sharedassets55.assets,12628,72B21D85,1280
0,0,COM3D2x64_Data\sharedassets56.assets,9244,B265F38B,1280
0,0,COM3D2x64_Data\sharedassets57.assets,9280,99FE54E9,1280
0,0,COM3D2x64_Data\sharedassets58.assets,12628,72B21D85,1280
0,0,COM3D2x64_Data\sharedassets59.assets,9484,6039FF43,1280
0,0,COM3D2x64_Data\sharedassets6.assets,6136,287C581A,1280
0,0,COM3D2x64_Data\sharedassets60.assets,9280,99FE54E9,1280
0,0,COM3D2x64_Data\sharedassets61.assets,9424,9DF7166A,1280
0,0,COM3D2x64_Data\sharedassets62.assets,9460,837EEFF4,1280
0,0,COM3D2x64_Data\sharedassets63.assets,6628,63546CBB,1280
0,0,COM3D2x64_Data\sharedassets64.assets,9448,14439F66,1280
0,0,COM3D2x64_Data\sharedassets65.assets,42236516,0A8541D8,1280
0,0,COM3D2x64_Data\sharedassets65.assets.resS,87400,8BA6C322,1280
0,0,COM3D2x64_Data\sharedassets66.assets,38246484,8E5B8830,1280
0,0,COM3D2x64_Data\sharedassets67.assets,32874580,AE59C636,1280
0,0,COM3D2x64_Data\sharedassets68.assets,36735660,A1666763,1280
0,0,COM3D2x64_Data\sharedassets68.assets.resS,174776,5B619AF1,1280
0,0,COM3D2x64_Data\sharedassets69.assets,41277336,3D7127DF,1280
0,0,COM3D2x64_Data\sharedassets7.assets,6988,A4826AD7,1280
0,0,COM3D2x64_Data\sharedassets70.assets,39399088,ACB751F2,1280
0,0,COM3D2x64_Data\sharedassets71.assets,3017100,8E3475EE,1280
0,0,COM3D2x64_Data\sharedassets71.assets.resS,611728,7BFBEAAE,1280
0,0,COM3D2x64_Data\sharedassets72.assets,9508,74E111EE,1280
0,0,COM3D2x64_Data\sharedassets73.assets,6484,8CDDCA93,1280
0,0,COM3D2x64_Data\sharedassets74.assets,6484,8CDDCA93,1280
0,0,COM3D2x64_Data\sharedassets75.assets,6484,8CDDCA93,1280
0,0,COM3D2x64_Data\sharedassets76.assets,12556,4C0EBDD0,1280
0,0,COM3D2x64_Data\sharedassets77.assets,9460,5B405C83,1280
0,0,COM3D2x64_Data\sharedassets78.assets,6448,762FFB23,1280
0,0,COM3D2x64_Data\sharedassets79.assets,59340,0E0CFA3A,1280
0,0,COM3D2x64_Data\sharedassets79.assets.resS,174776,B51EE5DC,1280
0,0,COM3D2x64_Data\sharedassets8.assets,6124,0DBCD03D,1280
0,0,COM3D2x64_Data\sharedassets80.assets,6460,685441F6,1280
0,0,COM3D2x64_Data\sharedassets81.assets,6700,160D5C1B,1280
0,0,COM3D2x64_Data\sharedassets82.assets,759616,7A6F59DA,1280
0,0,COM3D2x64_Data\sharedassets82.assets.resS,1310880,58801C35,1280
0,0,COM3D2x64_Data\sharedassets82.resource,1178176,90268BF4,1280
0,0,COM3D2x64_Data\sharedassets83.assets,9316,C5BD3192,1280
0,0,COM3D2x64_Data\sharedassets84.assets,3412488,6DD1400E,1280
0,0,COM3D2x64_Data\sharedassets84.assets.resS,6226112,B3E98769,1280
0,0,COM3D2x64_Data\sharedassets85.assets,6568,16415587,1280
0,0,COM3D2x64_Data\sharedassets86.assets,13804,0763D5FB,1280
0,0,COM3D2x64_Data\sharedassets87.assets,9448,14439F66,1280
0,0,COM3D2x64_Data\sharedassets88.assets,12568,502CC368,1280
0,0,COM3D2x64_Data\sharedassets89.assets,9436,5A2B57A7,1280
0,0,COM3D2x64_Data\sharedassets9.assets,7072,C82251D9,1280
0,0,COM3D2x64_Data\sharedassets90.assets,12544,4C4B951F,1280
0,0,COM3D2x64_Data\sharedassets91.assets,9448,14439F66,1280
0,0,COM3D2x64_Data\Managed\Accessibility.dll,10752,5CB31E4E,1280
0,0,COM3D2x64_Data\Managed\Assembly-CSharp-firstpass.dll,783872,486B2D1D,1280
0,0,COM3D2x64_Data\Managed\Assembly-CSharp.dll,5165568,7C6E997E,1280
0,0,COM3D2x64_Data\Managed\Assembly-UnityScript-firstpass.dll,65024,C204DA7D,1280
0,0,COM3D2x64_Data\Managed\Boo.Lang.dll,126976,28383F70,1280
0,0,COM3D2x64_Data\Managed\BouncyCastle.Crypto.dll,2236416,5A4C4F07,1280
0,0,COM3D2x64_Data\Managed\FoveUnityPlugin.dll,28672,A6EA882B,1280
0,0,COM3D2x64_Data\Managed\ICSharpCode.SharpZipLib.dll,200704,D3160A1C,1280
0,0,COM3D2x64_Data\Managed\Ionic.Zlib.dll,102400,7C9E7DD2,1280
0,0,COM3D2x64_Data\Managed\JsonFx.Json.dll,70144,A0F0CFCB,1280
0,0,COM3D2x64_Data\Managed\LeapCSharp.NET3.5.dll,82432,38E38212,1280
0,0,COM3D2x64_Data\Managed\Mono.Data.Tds.dll,96256,2965324B,1280
0,0,COM3D2x64_Data\Managed\Mono.Posix.dll,184320,0CE35BE3,1280
0,0,COM3D2x64_Data\Managed\Mono.Security.dll,294912,66EB9979,1280
0,0,COM3D2x64_Data\Managed\Mono.WebBrowser.dll,172032,137B736F,1280
0,0,COM3D2x64_Data\Managed\mscorlib.dll,2590208,5166389B,1280
0,0,COM3D2x64_Data\Managed\Newtonsoft.Json.dll,494592,5C881B73,1280
0,0,COM3D2x64_Data\Managed\System.Configuration.dll,124928,72952344,1280
0,0,COM3D2x64_Data\Managed\System.Core.dll,297472,9E3EE5D7,1280
0,0,COM3D2x64_Data\Managed\System.Data.dll,856064,DDDB80CD,1280
0,0,COM3D2x64_Data\Managed\System.dll,1679360,13922617,1280
0,0,COM3D2x64_Data\Managed\System.Drawing.Design.dll,29696,E7B53FF9,1280
0,0,COM3D2x64_Data\Managed\System.Drawing.dll,448512,C4B2E872,1280
0,0,COM3D2x64_Data\Managed\System.EnterpriseServices.dll,46592,2C72A9FE,1280
0,0,COM3D2x64_Data\Managed\System.Security.dll,135168,1CE94C57,1280
0,0,COM3D2x64_Data\Managed\System.Transactions.dll,27648,45299FCF,1280
0,0,COM3D2x64_Data\Managed\System.Windows.Forms.dll,3053568,56394001,1280
0,0,COM3D2x64_Data\Managed\System.Xml.dll,1270272,4581A35B,1280
0,0,COM3D2x64_Data\Managed\System.Xml.Linq.dll,106496,E844371C,1280
0,0,COM3D2x64_Data\Managed\UnityEngine.dll,1393152,2C35388C,1280
0,0,COM3D2x64_Data\Managed\UnityEngine.dll.mdb,449828,8610375E,1280
0,0,COM3D2x64_Data\Managed\UnityEngine.Networking.dll,253952,2BDF701F,1280
0,0,COM3D2x64_Data\Managed\UnityEngine.UI.dll,245760,FA552B2D,1280
0,0,COM3D2x64_Data\Managed\UnityEngine.VR.dll,3072,A4582CD6,1280
0,0,COM3D2x64_Data\Managed\UnityScript.Lang.dll,13824,0DA8F681,1280
0,0,COM3D2x64_Data\Managed\zxing.unity.dll,430592,9FD1F198,1280
0,0,COM3D2x64_Data\Mono\mono.dll,2618816,0BEA8C0F,1280
0,0,COM3D2x64_Data\Mono\MonoPosixHelper.dll,113664,9B5E1E4D,1280
0,0,COM3D2x64_Data\Mono\etc\mono\browscap.ini,311984,CE6C0AB3,1280
0,0,COM3D2x64_Data\Mono\etc\mono\config,1691,A635914A,1280
0,0,COM3D2x64_Data\Mono\etc\mono\1.0\DefaultWsdlHelpGenerator.aspx,58196,10E814BF,1280
0,0,COM3D2x64_Data\Mono\etc\mono\1.0\machine.config,17258,EDE1AC59,1280
0,0,COM3D2x64_Data\Mono\etc\mono\2.0\DefaultWsdlHelpGenerator.aspx,60453,F3869A34,1280
0,0,COM3D2x64_Data\Mono\etc\mono\2.0\machine.config,27625,73C91C24,1280
0,0,COM3D2x64_Data\Mono\etc\mono\2.0\settings.map,2618,A1A3C29F,1280
0,0,COM3D2x64_Data\Mono\etc\mono\2.0\web.config,11686,534A9960,1280
0,0,COM3D2x64_Data\Mono\etc\mono\2.0\Browsers\Compat.browser,1605,2E178A0B,1280
0,0,COM3D2x64_Data\Mono\etc\mono\mconfig\config.xml,25817,80B2033A,1280
0,0,COM3D2x64_Data\Plugins\assimp.dll,4388864,7C910D84,1280
0,0,COM3D2x64_Data\Plugins\Audio360.dll,1499136,2D77400A,1280
0,0,COM3D2x64_Data\Plugins\AVProVideo.dll,891392,A3612D4B,1280
0,0,COM3D2x64_Data\Plugins\clothpp.dll,112128,7C3264A4,1280
0,0,COM3D2x64_Data\Plugins\cm3d2.dll,2100736,74B315EF,1280
0,0,COM3D2x64_Data\Plugins\device_hook.dll,738816,F61E7CED,1280
0,0,COM3D2x64_Data\Plugins\FoveClient.dll,1849384,58C8B4F6,1280
0,0,COM3D2x64_Data\Plugins\LeapC.dll,2516992,FBDD3767,1280
0,0,COM3D2x64_Data\Plugins\openvr_api.dll,318272,44432E0F,1280
0,0,COM3D2x64_Data\Plugins\OVRGamepad.dll,12800,2C526135,1280
0,0,COM3D2x64_Data\Plugins\OVRLipSync.dll,2512296,391C1F4C,1280
0,0,COM3D2x64_Data\Plugins\OVRPlugin.dll,1898408,5DD05B6C,1280
0,0,COM3D2x64_Data\Resources\unity default resources,752360,71DB1AEA,1280
0,0,COM3D2x64_Data\Resources\unity_builtin_extra,284012,91145F7F,1280
0,0,GameData\bg_kissevent2018_sp_card_2.arc,493322,140250D1,1100
0,0,GameData\bg_sp001_2.arc,16204240,91030B15,1000
0,0,GameData\csv.arc,5149367,28CA610F,1280
0,0,GameData\csv_gp001_2.arc,34178,AA372C5C,1270
0,0,GameData\csv_old_2.arc,1746,7AD2A97C,1150
0,0,GameData\csv_ordermade001_2.arc,770,422A7575,1150
0,0,GameData\motion2.arc,179938545,E7D5AAF1,1280
0,0,GameData\motion_3d21reserve_2.arc,153931,C630D84E,1100
0,0,GameData\motion_charaevent001_2.arc,1620106,06D07D92,1250
0,0,GameData\motion_charaevent002_2.arc,437689,A5EFDC3F,1230
0,0,GameData\motion_charaevent004_2.arc,1873028,B7C13F05,1250
0,0,GameData\motion_charaevent005_2.arc,585864,6CB6FD23,1250
0,0,GameData\motion_charaevent007_2.arc,1419293,1825E020,1280
0,0,GameData\motion_cos021_2.arc,323647,5697AC81,1061
0,0,GameData\motion_denkigai2017w_2.arc,1466874,DEACF6A8,1070
0,0,GameData\motion_gp001_2.arc,44307195,9E2BB5F3,1280
0,0,GameData\motion_kissnohi001_2.arc,158459,BD4D598E,1200
0,0,GameData\motion_omytgc002_2.arc,2519856,1A256F35,1260
0,0,GameData\parts2.arc,153782365,39B77863,1280
0,0,GameData\parts_dlc209_2.arc,1363413,BF1ABBC0,1171
0,0,GameData\parts_dlc216_2.arc,932171,E7454670,1200
0,0,GameData\parts_dlc232_2.arc,3682,115DEE3E,1250
0,0,GameData\parts_gp001_2.arc,45293283,8FDBD530,1260
0,0,GameData\parts_karaoke001_2.arc,453245,11C970D3,1280
0,0,GameData\parts_magazine003_2.arc,201385,3A5B273D,1120
0,0,GameData\parts_omvr.arc,3206509,4F0D0480,1120
0,0,GameData\parts_kissevent2018_2.arc,5570,005BBD00,1100
0,0,GameData\parts_shop016_2.arc,171410,3D70CEC4,1060
0,0,GameData\parts_sp002cloth1_2.arc,10930,46512519,1250
0,0,GameData\parts_vac001_2.arc,6706,959CBD1B,1250
0,0,GameData\paths.dat,4366,688960A0,1280
0,0,GameData\prioritymaterial.arc,321105,68DE5A0F,1280
0,0,GameData\script.arc,12188393,A663AF7C,1280
0,0,GameData\script_charaevent001_2.arc,30674,FD2BB099,1090
0,0,GameData\script_charaevent002_2.arc,10754,793C2808,1270
0,0,GameData\script_charaevent002ntr_2.arc,16114,A039DACC,1150
0,0,GameData\script_charaevent004ntr_2.arc,16450,5334480E,1220
0,0,GameData\script_cos021_2.arc,109385,684D92BB,1140
0,0,GameData\script_denkigai2017w_2.arc,430750,44E8DF34,1140
0,0,GameData\script_denkigai2018s_2.arc,10274,96AE23D5,1191
0,0,GameData\script_dlc247_2.arc,26498,A28A80F6,1280
0,0,GameData\script_dlc251_2.arc,16146,E59075F9,1280
0,0,GameData\script_exm001_2.arc,2738,7DFDDDE5,1070
0,0,GameData\script_gp001_2.arc,2372524,6B0FFD1A,1280
0,0,GameData\script_old_2.arc,590097,C16D1352,1270
0,0,GameData\script_omytgc001_2.arc,8338,3D4B84BA,1250
0,0,GameData\script_omytgc003_2.arc,4402,0FF93434,1250
0,0,GameData\script_ordermade001_2.arc,121981,1FF84BAF,1270
0,0,GameData\script_ordermade002_2.arc,7474,9EC52134,1270
0,0,GameData\script_ordermade003_2.arc,1570,29033AAD,1210
0,0,GameData\script_ordermade004_2.arc,7554,E3379BF6,1270
0,0,GameData\script_personal_om001_2.arc,5314,520D3EE4,1210
0,0,GameData\script_personal_om001plus_2.arc,14514,6BA4F5F1,1280
0,0,GameData\script_personal_om002_2.arc,5794,AE80C769,1250
0,0,GameData\script_personal_om002plus_2.arc,12322,29C47739,1280
0,0,GameData\script_personal_om003_2.arc,5138,08ADE2A5,1260
0,0,GameData\script_personal_om004_2.arc,19106,33889226,1280
0,0,GameData\script_share_karaoke_2.arc,8100,48F87ED6,1275
0,0,GameData\sound2.arc,2892294,20324F6B,1280
0,0,GameData\system2.arc,11891076,1E4A59B9,1270
0,0,GameData\system_gp001_2.arc,6758158,26F382BD,1280
0,0,GameData\voice2.arc,291305651,6B5BCE93,1280
0,0,GameData\voice_gp001_2.arc,128499501,74943317,1270
0,0,GameData_20\bg_vp001_2.arc,283046,A7A90EE1,1190
0,0,GameData_20\material_denkigai2015w_2.arc,3490,F06AAABE,1090
0,0,GameData_20\material_dlc195_2.arc,1746,ECFBFE17,1090
0,0,GameData_20\material_dlcdenkigai2015w_2.arc,3522,D35394D7,1090
0,0,GameData_20\material_dlcdenkigai2017w_2.arc,3506,40FF8AFA,1090
0,0,GameData_20\material_kissevent2017march_2.arc,3538,7A6FC5CF,1090
0,0,GameData_20\menu_dlc195_2.arc,1170,BF163DDC,1090
0,0,GameData_20\model_denkigai2015w_2.arc,174373,F9233759,1090
0,0,GameData_20\model_dlc195_2.arc,583563,16C95E54,1090
0,0,GameData_20\model_dlcdenkigai2015w_2.arc,174400,BE6E5467,1090
0,0,GameData_20\model_dlcdenkigai2017w_2.arc,181384,6D5B735E,1090
0,0,GameData_20\model_kissevent2017march_2.arc,190682,21F32FCB,1090
0,0,GameData_20\texture_dlc195_2.arc,16075880,456A4C76,1090
0,0,GameData_20\paths.dat,5091,D094E2BE,1580
0,0,GameData_20\prioritymaterial.arc,221488,580931AC,1582
0,0,GameData_20\material_denkigai2015s003_2.arc,7106,0C82D791,1150
0,0,GameData_20\material_denkigai2015wTowelR.arc,1602,618192B9,1360
0,0,GameData_20\material_dlc055_2.arc,5282,11A93109,1280
0,0,GameData_20\material_dlsite_2.arc,1762,C5A837EA,1150
0,0,GameData_20\material_shop001_2.arc,1762,D98CED1C,1150
0,0,GameData_20\material_shop002_2.arc,1762,956BB00E,1150
0,0,GameData_20\material_shop003_2.arc,1762,38CEBFF2,1150
0,0,GameData_20\material_shop005_2.arc,1714,3E621A32,1150
0,0,GameData_20\material_shop007_2.arc,2578,C8CE627C,1150
0,0,GameData_20\material_vp001_2.arc,11890,8CB043B0,1400
0,0,GameData_20\material_yomeido003_2.arc,1522,0689A7AC,1240
0,0,GameData_20\menu_denkigai2015s001_2.arc,6594,8B3E849F,1160
0,0,GameData_20\menu_denkigai2015s003_2.arc,4338,D294CE88,1150
0,0,GameData_20\menu_denkigai2015wTowelR.arc,1282,CECEE1FC,1360
0,0,GameData_20\menu_denkigai2016s_2.arc,1346,4A9440B1,1351
0,0,GameData_20\menu_denkigai2016w_2.arc,15154,C8D64D3B,1450
0,0,GameData_20\menu_denkigai2017s_2.arc,1218,267B1338,1540
0,0,GameData_20\menu_dlcdenkigai2016w_2.arc,13522,45E7F667,1450
0,0,GameData_20\menu_dlcdenkigai2017s_2.arc,1218,A6C83B5D,1540
0,0,GameData_20\menu_dlc026_2.arc,3778,69453D54,1190
0,0,GameData_20\menu_dlc028_2.arc,3874,DE3F1C31,1200
0,0,GameData_20\menu_dlc041_2.arc,6786,97F738D3,1380
0,0,GameData_20\menu_dlc042_2.arc,1154,EE4016C0,1440
0,0,GameData_20\menu_dlc049_2.arc,3106,E30D6F4C,1522
0,0,GameData_20\menu_dlc061_2.arc,3810,F99C1D4E,1290
0,0,GameData_20\menu_dlc065_2.arc,7602,D9387834,1380
0,0,GameData_20\menu_dlc074_2.arc,5618,24C559D7,1312
0,0,GameData_20\menu_dlc100_2.arc,1250,DFF94E9A,1400
0,0,GameData_20\menu_dlc101_2.arc,1218,44DB4049,1481
0,0,GameData_20\menu_dlsite_2.arc,1954,B2268BA7,1150
0,0,GameData_20\menu_kissevent2017march.arc,281,FF4EEB9B,1522
0,0,GameData_20\menu_kissevent2017march_2.arc,106624,14291926,1631
0,0,GameData_20\menu_magazine002_2.arc,12498,691C1126,1471
0,0,GameData_20\menu_personal002_2.arc,1282,5687650C,1310
0,0,GameData_20\menu_shop001_2.arc,3314,35207C87,1150
0,0,GameData_20\menu_shop005_2.arc,1378,0C9AF725,1150
0,0,GameData_20\menu_vp001_2.arc,19138,7C7AFD9C,1400
0,0,GameData_20\menu_yomeido003_2.arc,1234,4D6F619D,1240
0,0,GameData_20\menu_yomeidogp_wedding_2.arc,3954,C251B12C,1320
0,0,GameData_20\model_denkigai2015s003_2.arc,394665,41A48185,1150
0,0,GameData_20\model_denkigai2015wTowelR.arc,38258,FB570A24,1360
0,0,GameData_20\model_denkigai2017s_2.arc,462663,8917104A,1582
0,0,GameData_20\model_dlcdenkigai2017s_2.arc,462667,9F0C3D54,1582
0,0,GameData_20\model_dlc005_2.arc,175424,F7DD7D82,1270
0,0,GameData_20\model_dlc046_2.arc,155690,83B34173,1220
0,0,GameData_20\model_dlc073_2.arc,267037,47D33A06,1320
0,0,GameData_20\model_dlc100_2.arc,691347,7C3D679D,1400
0,0,GameData_20\model_dlc109_2.arc,137998,8FCCF513,1460
0,0,GameData_20\model_dlc151_2.arc,213532,8C3C80C3,1520
0,0,GameData_20\model_dlsite_2.arc,197173,24366C43,1150
0,0,GameData_20\model_shop001_2.arc,115215,9C941FAF,1150
0,0,GameData_20\model_shop002_2.arc,251253,743C3D97,1150
0,0,GameData_20\model_shop003_2.arc,185433,A15EC70A,1150
0,0,GameData_20\model_shop005_2.arc,150103,FB5341FA,1150
0,0,GameData_20\model_shop007_2.arc,288759,80615CBD,1150
0,0,GameData_20\model_vp001_2.arc,647957,D68B5D2F,1400
0,0,GameData_20\texture_denkigai2015wTowelR.arc,133065,FE4BDC34,1360
0,0,GameData_20\texture_denkigai2016w_2.arc,10105247,3B4641C3,1450
0,0,GameData_20\texture_dlcdenkigai2016w_2.arc,10105332,90868016,1450
0,0,GameData_20\texture_kissevent2017march.arc,281,FF4EEB9B,1522
0,0,GameData_20\texture_kissevent2017march_2.arc,79432604,C7DD457A,1631
0,0,GameData_20\texture_dlc004_2.arc,4805734,C8E5CFB4,1200
0,0,GameData_20\texture_dlc046_2.arc,596960,FC606BA5,1220
0,0,GameData_20\texture_vp001_2.arc,755269,18D5027D,1400
0,0,GameData_20\texture_yomeido003_2.arc,117248,0EE72B42,1240
0,0,manual\favicon.ico,370070,687492C6,1050
0,0,manual\index.html,71545,035C59F0,1060
0,0,manual\css\close.png,1250,304A1D8C,1050
0,0,manual\css\common.css,3409,BA5B06EB,1050
0,0,manual\css\index.css,6614,38725E3B,1050
0,0,manual\css\lightbox.css,3674,9235D408,1050
0,0,manual\css\loading.gif,1279,72456323,1050
0,0,manual\css\next.png,1682,E0895D01,1050
0,0,manual\css\prev.png,1666,12F2027E,1050
0,0,manual\img\casino01.jpg,272694,C6FE6781,1050
0,0,manual\img\clubstatus.jpg,36546,DAA11F1D,1050
0,0,manual\img\com3d2_logo.png,100187,28605834,1050
0,0,manual\img\comp01.jpg,54909,F2AE5CE1,1050
0,0,manual\img\comp02.jpg,87599,493340A0,1050
0,0,manual\img\config.jpg,156802,1871EF55,1050
0,0,manual\img\dance01.jpg,305648,B87D0340,1050
0,0,manual\img\dance02.jpg,345535,27BEFAE3,1050
0,0,manual\img\edit01.jpg,312602,CB3E64D0,1050
0,0,manual\img\edit02.jpg,278318,878B2857,1050
0,0,manual\img\event01.jpg,194983,E4E03D42,1050
0,0,manual\img\facilitysetting01.jpg,338947,40D2A7D3,1050
0,0,manual\img\facilitysetting02.jpg,185709,12E0C653,1050
0,0,manual\img\facilitysetting03.jpg,267150,D08D54B7,1050
0,0,manual\img\kashizuki01.jpg,210954,8E6084EA,1050
0,0,manual\img\kashizuki02.jpg,209895,BD363567,1050
0,0,manual\img\kashizuki03.jpg,215560,D28EDBD6,1050
0,0,manual\img\kiss_logo.png,6459,7966A6E9,1050
0,0,manual\img\maidmanagement01.jpg,242517,21B3E491,1050
0,0,manual\img\maidmanagement02.jpg,140237,945D483D,1050
0,0,manual\img\maidmanagement03.jpg,208300,B7C8F3CD,1050
0,0,manual\img\mainmenu01.jpg,208641,7218A847,1060
0,0,manual\img\mainmenu02.jpg,193956,4C7EF1A8,1050
0,0,manual\img\myroom.jpg,225108,398BA2D8,1050
0,0,manual\img\myroom.psd,1301284,E3472053,1050
0,0,manual\img\reminiscence01.jpg,236014,B0302E74,1050
0,0,manual\img\schedule01.jpg,198475,6AD2FF8C,1050
0,0,manual\img\schedule02.jpg,240595,AE23B15D,1050
0,0,manual\img\shitsu_mode.jpg,166109,966737E0,1050
0,0,manual\img\shop.jpg,216722,67700EE6,1050
0,0,manual\img\studio.jpg,328576,FC7FDE83,1050
0,0,manual\img\system01.jpg,67204,A61273B1,1050
0,0,manual\img\yotogi01.jpg,283179,93847FCE,1050
0,0,manual\img\yotogi02.jpg,278963,0959D75C,1050
0,0,manual\img\yotogi03.jpg,243961,20F88D92,1050
0,0,manual\sys\common.js,240,976D3DF4,1050
0,0,manual\sys\jquery-3.1.0.min.js,86351,AE6B746B,1050
0,0,manual\sys\jquery.lazy.min.js,5022,FEEB9C66,1050
0,0,manual\sys\lightbox.js,18410,F90AE353,1050
