0,0,COM3D2OHx64_Data\Managed\Accessibility.dll,12288,778A87C9,34501
0,0,COM3D2OHx64_Data\Managed\Assembly-CSharp.dll,6444032,515BDBCD,34501
0,0,COM3D2OHx64_Data\Managed\Assembly-CSharp-firstpass.dll,878592,9CEB8066,34501
0,0,COM3D2OHx64_Data\Managed\BouncyCastle.Crypto.dll,2236416,5A4C4F07,34501
0,0,COM3D2OHx64_Data\Managed\FoveUnityPlugin.dll,28672,A6EA882B,34501
0,0,COM3D2OHx64_Data\Managed\ICSharpCode.SharpZipLib.dll,200704,D3160A1C,34501
0,0,COM3D2OHx64_Data\Managed\Ionic.Zlib.dll,102400,7C9E7DD2,34501
0,0,COM3D2OHx64_Data\Managed\JsonFx.Json.dll,70144,A0F0CFCB,34501
0,0,COM3D2OHx64_Data\Managed\LeapCSharp.NET3.5.dll,82432,38E38212,34501
0,0,COM3D2OHx64_Data\Managed\MagicaCloth.dll,380416,0C9C7E7F,34501
0,0,COM3D2OHx64_Data\Managed\MagicaClothV2.dll,419840,B7CAC960,34501
0,0,COM3D2OHx64_Data\Managed\MessagePack.Annotations.dll,8192,3AD437AC,34501
0,0,COM3D2OHx64_Data\Managed\MessagePack.dll,331776,629DD7DE,34501
0,0,COM3D2OHx64_Data\Managed\Microsoft.NET.StringTools.dll,30336,C3CACDD5,34501
0,0,COM3D2OHx64_Data\Managed\Mono.Posix.dll,214528,968E9B9D,34501
0,0,COM3D2OHx64_Data\Managed\Mono.Security.dll,241152,90CD243C,34501
0,0,COM3D2OHx64_Data\Managed\Mono.WebBrowser.dll,166912,9EC422AF,34501
0,0,COM3D2OHx64_Data\Managed\mscorlib.dll,4631552,1CC22052,34501
0,0,COM3D2OHx64_Data\Managed\netstandard.dll,90112,975FFBBE,34501
0,0,COM3D2OHx64_Data\Managed\Newtonsoft.Json.dll,691712,8CEF25D0,34501
0,0,COM3D2OHx64_Data\Managed\System.ComponentModel.Composition.dll,257024,44EC5201,34501
0,0,COM3D2OHx64_Data\Managed\System.Configuration.dll,124928,5CF4B8F7,34501
0,0,COM3D2OHx64_Data\Managed\System.Core.dll,1113088,2602A15A,34501
0,0,COM3D2OHx64_Data\Managed\System.Data.DataSetExtensions.dll,29696,7A0640D6,34501
0,0,COM3D2OHx64_Data\Managed\System.Data.dll,2125312,07CEA976,34501
0,0,COM3D2OHx64_Data\Managed\System.dll,2637824,DC1055E7,34501
0,0,COM3D2OHx64_Data\Managed\System.Drawing.Design.dll,29696,E7B53FF9,34501
0,0,COM3D2OHx64_Data\Managed\System.Drawing.dll,489984,9C7932A7,34501
0,0,COM3D2OHx64_Data\Managed\System.EnterpriseServices.dll,44544,9D5266BB,34501
0,0,COM3D2OHx64_Data\Managed\System.IO.Compression.dll,114688,5A843287,34501
0,0,COM3D2OHx64_Data\Managed\System.IO.Compression.FileSystem.dll,18432,FE8B8424,34501
0,0,COM3D2OHx64_Data\Managed\System.Memory.dll,4608,F0BBFFDF,34501
0,0,COM3D2OHx64_Data\Managed\System.Net.Http.dll,122880,C982D760,34501
0,0,COM3D2OHx64_Data\Managed\System.Numerics.dll,119296,1947467C,34501
0,0,COM3D2OHx64_Data\Managed\System.Runtime.CompilerServices.Unsafe.dll,18024,8C9A1A8B,34501
0,0,COM3D2OHx64_Data\Managed\System.Runtime.dll,12288,58AE9F48,34501
0,0,COM3D2OHx64_Data\Managed\System.Runtime.Serialization.dll,934400,6800AA2B,34501
0,0,COM3D2OHx64_Data\Managed\System.Security.dll,320000,8BEA3DC4,34501
0,0,COM3D2OHx64_Data\Managed\System.ServiceModel.Internals.dll,215040,9655D9FB,34501
0,0,COM3D2OHx64_Data\Managed\System.Transactions.dll,35328,E2FF2F1E,34501
0,0,COM3D2OHx64_Data\Managed\System.Windows.Forms.dll,3053568,56394001,34501
0,0,COM3D2OHx64_Data\Managed\System.Xml.dll,3160064,6066CFE3,34501
0,0,COM3D2OHx64_Data\Managed\System.Xml.Linq.dll,136704,DDFB724A,34501
0,0,COM3D2OHx64_Data\Managed\Unity.AI.Navigation.dll,20480,4EBA83D8,34501
0,0,COM3D2OHx64_Data\Managed\Unity.Burst.dll,317440,993EDE70,34501
0,0,COM3D2OHx64_Data\Managed\Unity.Burst.Unsafe.dll,5632,D504B969,34501
0,0,COM3D2OHx64_Data\Managed\Unity.Collections.dll,446976,F54D09B2,34501
0,0,COM3D2OHx64_Data\Managed\Unity.Collections.LowLevel.ILSupport.dll,4608,15F3B0BE,34501
0,0,COM3D2OHx64_Data\Managed\Unity.InputSystem.dll,1102336,70578A8C,34501
0,0,COM3D2OHx64_Data\Managed\Unity.InputSystem.ForUI.dll,4608,1DB77971,34501
0,0,COM3D2OHx64_Data\Managed\Unity.Mathematics.dll,741376,4962D9A0,34501
0,0,COM3D2OHx64_Data\Managed\Unity.MemoryProfiler.dll,6144,3D26796C,34501
0,0,COM3D2OHx64_Data\Managed\Unity.Profiling.Core.dll,10240,BADC5DBE,34501
0,0,COM3D2OHx64_Data\Managed\Unity.RenderPipeline.Universal.ShaderLibrary.dll,8704,3F25AE2D,34501
0,0,COM3D2OHx64_Data\Managed\Unity.RenderPipelines.Core.Runtime.dll,531968,A2735FCC,34501
0,0,COM3D2OHx64_Data\Managed\Unity.RenderPipelines.Core.ShaderLibrary.dll,5120,CB22E8CD,34501
0,0,COM3D2OHx64_Data\Managed\Unity.RenderPipelines.ShaderGraph.ShaderGraphLibrary.dll,5120,DF25C891,34501
0,0,COM3D2OHx64_Data\Managed\Unity.RenderPipelines.Universal.Config.Runtime.dll,5632,5352B6D5,34501
0,0,COM3D2OHx64_Data\Managed\Unity.RenderPipelines.Universal.Runtime.dll,782848,63F7A3DB,34501
0,0,COM3D2OHx64_Data\Managed\Unity.RenderPipelines.Universal.Shaders.dll,5120,78762807,34501
0,0,COM3D2OHx64_Data\Managed\Unity.TextMeshPro.dll,380928,B68E183B,34501
0,0,COM3D2OHx64_Data\Managed\Unity.Timeline.dll,128000,3236F844,34501
0,0,COM3D2OHx64_Data\Managed\Unity.VisualScripting.Antlr3.Runtime.dll,86016,3268D00A,34501
0,0,COM3D2OHx64_Data\Managed\Unity.VisualScripting.Core.dll,627200,F8849000,34501
0,0,COM3D2OHx64_Data\Managed\Unity.VisualScripting.Flow.dll,404992,7F039F2F,34501
0,0,COM3D2OHx64_Data\Managed\Unity.VisualScripting.State.dll,32768,C7AF2041,34501
0,0,COM3D2OHx64_Data\Managed\Unity.XR.CoreUtils.dll,86016,8848CF9D,34501
0,0,COM3D2OHx64_Data\Managed\Unity.XR.Management.dll,17408,613128E6,34501
0,0,COM3D2OHx64_Data\Managed\Unity.XR.OpenXR.dll,153088,66444A02,34501
0,0,COM3D2OHx64_Data\Managed\Unity.XR.OpenXR.Features.ConformanceAutomation.dll,8192,B10C872D,34501
0,0,COM3D2OHx64_Data\Managed\Unity.XR.OpenXR.Features.MetaQuestSupport.dll,5632,C4D0C938,34501
0,0,COM3D2OHx64_Data\Managed\Unity.XR.OpenXR.Features.MockRuntime.dll,10752,5FD3F886,34501
0,0,COM3D2OHx64_Data\Managed\Unity.XR.OpenXR.Features.OculusQuestSupport.dll,5632,372FF2DD,34501
0,0,COM3D2OHx64_Data\Managed\Unity.XR.OpenXR.Features.RuntimeDebugger.dll,6656,8E00FAAB,34501
0,0,COM3D2OHx64_Data\Managed\UnityEngine.AccessibilityModule.dll,22208,940388E5,34501
0,0,COM3D2OHx64_Data\Managed\UnityEngine.AIModule.dll,57024,4AED298C,34501
0,0,COM3D2OHx64_Data\Managed\UnityEngine.AndroidJNIModule.dll,93376,F8BE5C59,34501
0,0,COM3D2OHx64_Data\Managed\UnityEngine.AnimationModule.dll,162496,EC06E95B,34501
0,0,COM3D2OHx64_Data\Managed\UnityEngine.ARModule.dll,19648,6D6A2B0A,34501
0,0,COM3D2OHx64_Data\Managed\UnityEngine.AssetBundleModule.dll,31424,11232AC5,34501
0,0,COM3D2OHx64_Data\Managed\UnityEngine.AudioModule.dll,69312,40A316EB,34501
0,0,COM3D2OHx64_Data\Managed\UnityEngine.ClothModule.dll,24768,8E44CD98,34501
0,0,COM3D2OHx64_Data\Managed\UnityEngine.ClusterInputModule.dll,20160,8382833E,34501
0,0,COM3D2OHx64_Data\Managed\UnityEngine.ClusterRendererModule.dll,20672,93DFB521,34501
0,0,COM3D2OHx64_Data\Managed\UnityEngine.ContentLoadModule.dll,25792,C7CB5E83,34501
0,0,COM3D2OHx64_Data\Managed\UnityEngine.CoreModule.dll,1386688,D8904613,34501
0,0,COM3D2OHx64_Data\Managed\UnityEngine.CrashReportingModule.dll,19648,DE0DA1E7,34501
0,0,COM3D2OHx64_Data\Managed\UnityEngine.DirectorModule.dll,23232,E6BBF1B7,34501
0,0,COM3D2OHx64_Data\Managed\UnityEngine.dll,125120,ACC44EA4,34501
0,0,COM3D2OHx64_Data\Managed\UnityEngine.DSPGraphModule.dll,27840,9F375433,34501
0,0,COM3D2OHx64_Data\Managed\UnityEngine.GameCenterModule.dll,38592,4AF95643,34501
0,0,COM3D2OHx64_Data\Managed\UnityEngine.GIModule.dll,18624,99C41147,34501
0,0,COM3D2OHx64_Data\Managed\UnityEngine.GridModule.dll,23744,07A0C846,34501
0,0,COM3D2OHx64_Data\Managed\UnityEngine.HotReloadModule.dll,18624,0719CD62,34501
0,0,COM3D2OHx64_Data\Managed\UnityEngine.ImageConversionModule.dll,22720,9098FE30,34501
0,0,COM3D2OHx64_Data\Managed\UnityEngine.IMGUIModule.dll,188608,504ECC6C,34501
0,0,COM3D2OHx64_Data\Managed\UnityEngine.InputLegacyModule.dll,37568,A3D92E95,34501
0,0,COM3D2OHx64_Data\Managed\UnityEngine.InputModule.dll,22208,B06B758E,34501
0,0,COM3D2OHx64_Data\Managed\UnityEngine.JSONSerializeModule.dll,20672,F5F20857,34501
0,0,COM3D2OHx64_Data\Managed\UnityEngine.LocalizationModule.dll,19648,83E57F94,34501
0,0,COM3D2OHx64_Data\Managed\UnityEngine.NVIDIAModule.dll,32448,3E5C958A,34501
0,0,COM3D2OHx64_Data\Managed\UnityEngine.ParticleSystemModule.dll,159424,B8726568,34501
0,0,COM3D2OHx64_Data\Managed\UnityEngine.PerformanceReportingModule.dll,19136,DCA02851,34501
0,0,COM3D2OHx64_Data\Managed\UnityEngine.Physics2DModule.dll,139968,58998194,34501
0,0,COM3D2OHx64_Data\Managed\UnityEngine.PhysicsModule.dll,136896,CB0A0A28,34501
0,0,COM3D2OHx64_Data\Managed\UnityEngine.ProfilerModule.dll,18624,559D06DD,34501
0,0,COM3D2OHx64_Data\Managed\UnityEngine.PropertiesModule.dll,153792,0A9EC660,34501
0,0,COM3D2OHx64_Data\Managed\UnityEngine.RuntimeInitializeOnLoadManagerInitializerModule.dll,18624,5FE22BA9,34501
0,0,COM3D2OHx64_Data\Managed\UnityEngine.ScreenCaptureModule.dll,19648,5C7CDB21,34501
0,0,COM3D2OHx64_Data\Managed\UnityEngine.SharedInternalsModule.dll,31424,30E602B9,34501
0,0,COM3D2OHx64_Data\Managed\UnityEngine.SpatialTracking.dll,11776,0DC301C7,34501
0,0,COM3D2OHx64_Data\Managed\UnityEngine.SpriteMaskModule.dll,20160,1872554F,34501
0,0,COM3D2OHx64_Data\Managed\UnityEngine.SpriteShapeModule.dll,24768,8E970A68,34501
0,0,COM3D2OHx64_Data\Managed\UnityEngine.StreamingModule.dll,19136,4F0C6222,34501
0,0,COM3D2OHx64_Data\Managed\UnityEngine.SubstanceModule.dll,23232,F5D5C262,34501
0,0,COM3D2OHx64_Data\Managed\UnityEngine.SubsystemsModule.dll,33472,E95E504B,34501
0,0,COM3D2OHx64_Data\Managed\UnityEngine.TerrainModule.dll,99520,08F57429,34501
0,0,COM3D2OHx64_Data\Managed\UnityEngine.TerrainPhysicsModule.dll,19648,263EF97E,34501
0,0,COM3D2OHx64_Data\Managed\UnityEngine.TextCoreFontEngineModule.dll,70848,77C17F8F,34501
0,0,COM3D2OHx64_Data\Managed\UnityEngine.TextCoreTextEngineModule.dll,247488,24D8B2F9,34501
0,0,COM3D2OHx64_Data\Managed\UnityEngine.TextRenderingModule.dll,37568,54C08CB7,34501
0,0,COM3D2OHx64_Data\Managed\UnityEngine.TilemapModule.dll,45248,BC785FAA,34501
0,0,COM3D2OHx64_Data\Managed\UnityEngine.TLSModule.dll,25280,0A590030,34501
0,0,COM3D2OHx64_Data\Managed\UnityEngine.UI.dll,265728,3805D7CC,34501
0,0,COM3D2OHx64_Data\Managed\UnityEngine.UIElementsModule.dll,1526464,5A419370,34501
0,0,COM3D2OHx64_Data\Managed\UnityEngine.UIModule.dll,35008,C32C087F,34501
0,0,COM3D2OHx64_Data\Managed\UnityEngine.UmbraModule.dll,18624,EF849C1E,34501
0,0,COM3D2OHx64_Data\Managed\UnityEngine.UnityAnalyticsCommonModule.dll,19648,22D7285E,34501
0,0,COM3D2OHx64_Data\Managed\UnityEngine.UnityAnalyticsModule.dll,43200,5F0B5F74,34501
0,0,COM3D2OHx64_Data\Managed\UnityEngine.UnityConnectModule.dll,20160,91B73C93,34501
0,0,COM3D2OHx64_Data\Managed\UnityEngine.UnityCurlModule.dll,20160,1658738B,34501
0,0,COM3D2OHx64_Data\Managed\UnityEngine.UnityTestProtocolModule.dll,18624,7546D936,34501
0,0,COM3D2OHx64_Data\Managed\UnityEngine.UnityWebRequestAssetBundleModule.dll,21696,B3D8862F,34501
0,0,COM3D2OHx64_Data\Managed\UnityEngine.UnityWebRequestAudioModule.dll,21184,17734AFB,34501
0,0,COM3D2OHx64_Data\Managed\UnityEngine.UnityWebRequestModule.dll,56512,7044D8B7,34501
0,0,COM3D2OHx64_Data\Managed\UnityEngine.UnityWebRequestTextureModule.dll,20160,5FF42057,34501
0,0,COM3D2OHx64_Data\Managed\UnityEngine.UnityWebRequestWWWModule.dll,29888,D40A5FCC,34501
0,0,COM3D2OHx64_Data\Managed\UnityEngine.VehiclesModule.dll,22720,6F6C9DE5,34501
0,0,COM3D2OHx64_Data\Managed\UnityEngine.VFXModule.dll,57024,47140EAD,34501
0,0,COM3D2OHx64_Data\Managed\UnityEngine.VideoModule.dll,39616,B375C790,34501
0,0,COM3D2OHx64_Data\Managed\UnityEngine.VirtualTexturingModule.dll,34496,7426C2CA,34501
0,0,COM3D2OHx64_Data\Managed\UnityEngine.VRModule.dll,25280,AEE8A0C9,34501
0,0,COM3D2OHx64_Data\Managed\UnityEngine.WindModule.dll,19648,A92186FE,34501
0,0,COM3D2OHx64_Data\Managed\UnityEngine.XR.LegacyInputHelpers.dll,23552,19456080,34501
0,0,COM3D2OHx64_Data\Managed\UnityEngine.XRModule.dll,69312,B36295B8,34501
0,0,COM3D2OHx64_Data\Managed\Win32.dll,13312,7781C2A2,34501
0,0,COM3D2OHx64_Data\Managed\zxing.unity.dll,430592,9FD1F198,34501
0,0,COM3D2OHx64_Data\Plugins\x86_64\assimp.dll,4388864,7C910D84,34501
0,0,COM3D2OHx64_Data\Plugins\x86_64\Audio360.dll,1956352,0D4B8E9D,34501
0,0,COM3D2OHx64_Data\Plugins\x86_64\AVProVideo.dll,886272,278352F0,34501
0,0,COM3D2OHx64_Data\Plugins\x86_64\clothpp.dll,112128,7C3264A4,34501
0,0,COM3D2OHx64_Data\Plugins\x86_64\cm3d2.dll,2265088,CA67D1AD,34501
0,0,COM3D2OHx64_Data\Plugins\x86_64\device_hook.dll,738816,F61E7CED,34501
0,0,COM3D2OHx64_Data\Plugins\x86_64\FbxExporterCore.dll,12491776,CBAA51C1,34501
0,0,COM3D2OHx64_Data\Plugins\x86_64\FoveClient.dll,1849384,58C8B4F6,34501
0,0,COM3D2OHx64_Data\Plugins\x86_64\LeapC.dll,2516992,FBDD3767,34501
0,0,COM3D2OHx64_Data\Plugins\x86_64\lib_burst_generated.dll,1064960,C09589A3,34501
0,0,COM3D2OHx64_Data\Plugins\x86_64\openvr_api.dll,318272,44432E0F,34501
0,0,COM3D2OHx64_Data\Plugins\x86_64\openxr_loader.dll,1948672,A9899457,34501
0,0,COM3D2OHx64_Data\Plugins\x86_64\OVRGamepad.dll,12800,2C526135,34501
0,0,COM3D2OHx64_Data\Plugins\x86_64\OVRLipSync.dll,2512296,391C1F4C,34501
0,0,COM3D2OHx64_Data\Plugins\x86_64\UnityOpenXR.dll,740864,6285EC22,34501
0,0,COM3D2OHx64_Data\Plugins\x86_64\Win32-WebView.dll,504832,382AEE66,34501
0,0,COM3D2OHx64_Data\Resources\unity default resources,1564256,28AF3A61,34501
0,0,COM3D2OHx64_Data\Resources\unity_builtin_extra,428296,1A294B77,34501
0,0,COM3D2OHx64_Data\UnitySubsystems\UnityOpenXR\UnitySubsystemsManifest.json,334,076D4451,34501
0,0,COM3D2OHx64_Data\app.info,42,6CD75754,34501
0,0,COM3D2OHx64_Data\boot.config,128,1A34DF11,34501
0,0,COM3D2OHx64_Data\globalgamemanagers,5429116,F981F754,34501
0,0,COM3D2OHx64_Data\globalgamemanagers.assets,569704,237B94F4,34501
0,0,COM3D2OHx64_Data\globalgamemanagers.assets.resS,2796240,F6707524,34501
0,0,COM3D2OHx64_Data\level0,362844,E02AD640,34501
0,0,COM3D2OHx64_Data\level1,385780,ABB682A1,34501
0,0,COM3D2OHx64_Data\level2,796588,EB253674,34501
0,0,COM3D2OHx64_Data\level3,1312516,A57211B0,34501
0,0,COM3D2OHx64_Data\level4,1359892,F52D2D09,34501
0,0,COM3D2OHx64_Data\level5,364876,ACC1BF53,34501
0,0,COM3D2OHx64_Data\level6,465500,111DFEBB,34501
0,0,COM3D2OHx64_Data\level7,363372,2AC09398,34501
0,0,COM3D2OHx64_Data\level8,476172,4502A046,34501
0,0,COM3D2OHx64_Data\level9,367580,E05205EA,34501
0,0,COM3D2OHx64_Data\level10,755956,48094F21,34501
0,0,COM3D2OHx64_Data\level11,4996,F79F88CA,34501
0,0,COM3D2OHx64_Data\level12,365364,D8EE6505,34501
0,0,COM3D2OHx64_Data\level13,1192,5A9EA3FD,34501
0,0,COM3D2OHx64_Data\level14,382164,72A70893,34501
0,0,COM3D2OHx64_Data\level15,371924,B7720683,34501
0,0,COM3D2OHx64_Data\level16,1050452,56B0C6B6,34501
0,0,COM3D2OHx64_Data\level17,469820,88B562AB,34501
0,0,COM3D2OHx64_Data\level18,1180372,AC1B9113,34501
0,0,COM3D2OHx64_Data\level19,448692,12D86BBC,34501
0,0,COM3D2OHx64_Data\level20,2246564,B4A9337D,34501
0,0,COM3D2OHx64_Data\level21,1210756,9E48B3BA,34501
0,0,COM3D2OHx64_Data\level22,1183548,2BCC5E2C,34501
0,0,COM3D2OHx64_Data\level23,488236,6EB972B4,34501
0,0,COM3D2OHx64_Data\level24,29832,A5F5DE25,34501
0,0,COM3D2OHx64_Data\level24.resS,131232,DEC6292A,34501
0,0,COM3D2OHx64_Data\level25,58924,F75DA5AA,34501
0,0,COM3D2OHx64_Data\level26,64856,E7F2F7F2,34501
0,0,COM3D2OHx64_Data\level27,4032,C8B624E9,34501
0,0,COM3D2OHx64_Data\level28,363764,C8AC942B,34501
0,0,COM3D2OHx64_Data\level29,1686772,2E01B37B,34501
0,0,COM3D2OHx64_Data\level30,1541092,0A845A23,34501
0,0,COM3D2OHx64_Data\level31,1562956,97322B70,34501
0,0,COM3D2OHx64_Data\level32,1454324,D1609A0A,34501
0,0,COM3D2OHx64_Data\level33,1524516,375FCD1D,34501
0,0,COM3D2OHx64_Data\level34,1652132,779739EE,34501
0,0,COM3D2OHx64_Data\level35,1380476,88ACFB2A,34501
0,0,COM3D2OHx64_Data\level36,1123364,2A628A35,34501
0,0,COM3D2OHx64_Data\level37,1130724,D2D6819D,34501
0,0,COM3D2OHx64_Data\level38,1380476,91340883,34501
0,0,COM3D2OHx64_Data\level39,1260796,D77E0DCF,34501
0,0,COM3D2OHx64_Data\level40,1042060,BC437512,34501
0,0,COM3D2OHx64_Data\level41,1337660,35AC2579,34501
0,0,COM3D2OHx64_Data\level42,1481172,6DDAB077,34501
0,0,COM3D2OHx64_Data\level43,1441556,BA95A68A,34501
0,0,COM3D2OHx64_Data\level44,1015116,3059E0B7,34501
0,0,COM3D2OHx64_Data\level45,440900,1C405C8A,34501
0,0,COM3D2OHx64_Data\level46,437172,8A4C0B40,34501
0,0,COM3D2OHx64_Data\level47,481916,2266AA47,34501
0,0,COM3D2OHx64_Data\level48,504684,B675F9A9,34501
0,0,COM3D2OHx64_Data\level49,431164,A2E803D5,34501
0,0,COM3D2OHx64_Data\level50,492732,BA0EAA26,34501
0,0,COM3D2OHx64_Data\level51,1142188,4D2B357D,34501
0,0,COM3D2OHx64_Data\level52,1061052,41AD4BC3,34501
0,0,COM3D2OHx64_Data\level53,485100,775DED28,34501
0,0,COM3D2OHx64_Data\level54,507820,95EF3D67,34501
0,0,COM3D2OHx64_Data\level55,498156,1A111787,34501
0,0,COM3D2OHx64_Data\level56,1142172,9C023DFD,34501
0,0,COM3D2OHx64_Data\level57,1104348,790FE709,34501
0,0,COM3D2OHx64_Data\level58,490988,65212916,34501
0,0,COM3D2OHx64_Data\level59,475156,844AF6DE,34501
0,0,COM3D2OHx64_Data\level60,456308,B270DD57,34501
0,0,COM3D2OHx64_Data\level61,1491364,91C5A5D3,34501
0,0,COM3D2OHx64_Data\level62,1430452,6769154A,34501
0,0,COM3D2OHx64_Data\level63,547724,9C2CD09D,34501
0,0,COM3D2OHx64_Data\level64,439324,926765E9,34501
0,0,COM3D2OHx64_Data\level65,1370556,EF7A9AC9,34501
0,0,COM3D2OHx64_Data\level66,1069324,4629B6CB,34501
0,0,COM3D2OHx64_Data\level67,1548188,C88E228A,34501
0,0,COM3D2OHx64_Data\level68,1488628,76090108,34501
0,0,COM3D2OHx64_Data\level69,1686788,A2268E8F,34501
0,0,COM3D2OHx64_Data\level70,1652148,D90A98C4,34501
0,0,COM3D2OHx64_Data\level71,1488972,A4B4DCA1,34501
0,0,COM3D2OHx64_Data\level72,1454332,B0AE2BEE,34501
0,0,COM3D2OHx64_Data\level73,452708,E31A65B7,34501
0,0,COM3D2OHx64_Data\level74,442884,B3AB662F,34501
0,0,COM3D2OHx64_Data\level75,1124812,03167425,34501
0,0,COM3D2OHx64_Data\level76,918740,BAD2F89F,34501
0,0,COM3D2OHx64_Data\level77,1024796,4DC55A47,34501
0,0,COM3D2OHx64_Data\level78,915796,97D2D8AB,34501
0,0,COM3D2OHx64_Data\level79,1124356,AF978C4C,34501
0,0,COM3D2OHx64_Data\level80,1823756,5861D96C,34501
0,0,COM3D2OHx64_Data\level81,1774228,182EE27D,34501
0,0,COM3D2OHx64_Data\level82,1212052,35A916ED,34501
0,0,COM3D2OHx64_Data\level83,1155580,7229BD8C,34501
0,0,COM3D2OHx64_Data\level84,1634716,870899DC,34501
0,0,COM3D2OHx64_Data\level85,1739500,CE87474A,34501
0,0,COM3D2OHx64_Data\level86,1153316,E2CFF882,34501
0,0,COM3D2OHx64_Data\level87,1062652,C7691484,34501
0,0,COM3D2OHx64_Data\level88,1810716,C06ABDEA,34501
0,0,COM3D2OHx64_Data\level89,1698620,02708461,34501
0,0,COM3D2OHx64_Data\level90,515100,19AA82DE,34501
0,0,COM3D2OHx64_Data\level91,535404,68E375D6,34501
0,0,COM3D2OHx64_Data\level92,626132,695A56A4,34501
0,0,COM3D2OHx64_Data\level93,563076,599F3BA8,34501
0,0,COM3D2OHx64_Data\level93.resS,131232,F174E031,34501
0,0,COM3D2OHx64_Data\level94,510004,7378B73C,34501
0,0,COM3D2OHx64_Data\level95,624244,D4330A13,34501
0,0,COM3D2OHx64_Data\level96,533924,E136A5F7,34501
0,0,COM3D2OHx64_Data\level97,1867924,EC0B190B,34501
0,0,COM3D2OHx64_Data\level98,1592412,F3A564A0,34501
0,0,COM3D2OHx64_Data\level99,1403196,CA2F7CC2,34501
0,0,COM3D2OHx64_Data\level100,1246756,F5FE15ED,34501
0,0,COM3D2OHx64_Data\level101,1340468,252BC003,34501
0,0,COM3D2OHx64_Data\level102,1537044,A91FFB99,34501
0,0,COM3D2OHx64_Data\level103,1436284,8BBCFC53,34501
0,0,COM3D2OHx64_Data\level104,1006668,12940126,34501
0,0,COM3D2OHx64_Data\level105,606548,25819E96,34501
0,0,COM3D2OHx64_Data\level106,1077836,7D745C78,34501
0,0,COM3D2OHx64_Data\level107,994972,CB2F57F4,34501
0,0,COM3D2OHx64_Data\level108,1008364,D905E4AD,34501
0,0,COM3D2OHx64_Data\level109,969684,AFC26E2F,34501
0,0,COM3D2OHx64_Data\level110,950212,18913037,34501
0,0,COM3D2OHx64_Data\level111,439420,EB06149D,34501
0,0,COM3D2OHx64_Data\level112,924156,D53E086C,34501
0,0,COM3D2OHx64_Data\level113,579828,E11FBE2C,34501
0,0,COM3D2OHx64_Data\level114,584140,D2987360,34501
0,0,COM3D2OHx64_Data\level115,610172,C5586F49,34501
0,0,COM3D2OHx64_Data\level116,608524,E9EF04A2,34501
0,0,COM3D2OHx64_Data\level117,610308,92C5255D,34501
0,0,COM3D2OHx64_Data\level118,612748,ECF2EBE5,34501
0,0,COM3D2OHx64_Data\level119,544612,B5FB9ED2,34501
0,0,COM3D2OHx64_Data\level120,548940,5042417C,34501
0,0,COM3D2OHx64_Data\level121,573804,FAE60CC6,34501
0,0,COM3D2OHx64_Data\level122,605212,7882BA85,34501
0,0,COM3D2OHx64_Data\level123,574948,A29F49D7,34501
0,0,COM3D2OHx64_Data\level124,578020,44EEBF5F,34501
0,0,COM3D2OHx64_Data\level125,566820,800E86AA,34501
0,0,COM3D2OHx64_Data\level126,606332,8B08ED75,34501
0,0,COM3D2OHx64_Data\level127,1100180,5FEEFDF1,34501
0,0,COM3D2OHx64_Data\resources.assets,529268732,4074A589,34501
0,0,COM3D2OHx64_Data\resources.assets.resS,2073195648,C36FC577,34501
0,0,COM3D2OHx64_Data\resources.resource,1348992,64168176,34501
0,0,COM3D2OHx64_Data\RuntimeInitializeOnLoads.json,5255,EA8B8F07,34501
0,0,COM3D2OHx64_Data\ScriptingAssemblies.json,4395,31B91F14,34501
0,0,COM3D2OHx64_Data\sharedassets0.assets,31770932,F4E513EE,34501
0,0,COM3D2OHx64_Data\sharedassets0.assets.resS,28071648,6B7564F2,34501
0,0,COM3D2OHx64_Data\sharedassets1.assets,2301,1468BD69,34501
0,0,COM3D2OHx64_Data\sharedassets2.assets,2601,A0030852,34501
0,0,COM3D2OHx64_Data\sharedassets3.assets,9009,D27A1304,34501
0,0,COM3D2OHx64_Data\sharedassets4.assets,3333,4F2546F8,34501
0,0,COM3D2OHx64_Data\sharedassets5.assets,2205,463866CB,34501
0,0,COM3D2OHx64_Data\sharedassets6.assets,3201,481ED58C,34501
0,0,COM3D2OHx64_Data\sharedassets7.assets,2133,86C4E0C6,34501
0,0,COM3D2OHx64_Data\sharedassets8.assets,2541,2DA5E42E,34501
0,0,COM3D2OHx64_Data\sharedassets9.assets,2325,55C85234,34501
0,0,COM3D2OHx64_Data\sharedassets10.assets,2721,8AE5A767,34501
0,0,COM3D2OHx64_Data\sharedassets11.assets,553,5763FBF4,34501
0,0,COM3D2OHx64_Data\sharedassets12.assets,2193,F510C320,34501
0,0,COM3D2OHx64_Data\sharedassets13.assets,277,CACD8BF6,34501
0,0,COM3D2OHx64_Data\sharedassets14.assets,2877,4B45E6CC,34501
0,0,COM3D2OHx64_Data\sharedassets15.assets,2277,6F2A6DA1,34501
0,0,COM3D2OHx64_Data\sharedassets16.assets,8841,D067612C,34501
0,0,COM3D2OHx64_Data\sharedassets17.assets,2373,E1E9B480,34501
0,0,COM3D2OHx64_Data\sharedassets18.assets,8877,58B54ABF,34501
0,0,COM3D2OHx64_Data\sharedassets19.assets,2361,C65E6EC9,34501
0,0,COM3D2OHx64_Data\sharedassets20.assets,3153,236C7F88,34501
0,0,COM3D2OHx64_Data\sharedassets21.assets,8853,5EC5091E,34501
0,0,COM3D2OHx64_Data\sharedassets22.assets,8853,5EC5091E,34501
0,0,COM3D2OHx64_Data\sharedassets23.assets,2648,8FD092EA,34501
0,0,COM3D2OHx64_Data\sharedassets24.assets,10456,61A3344C,34501
0,0,COM3D2OHx64_Data\sharedassets25.assets,597,9B093E5F,34501
0,0,COM3D2OHx64_Data\sharedassets26.assets,501,64AC4D50,34501
0,0,COM3D2OHx64_Data\sharedassets27.assets,505,DA3E7DEA,34501
0,0,COM3D2OHx64_Data\sharedassets28.assets,2137,2D7B32BC,34501
0,0,COM3D2OHx64_Data\sharedassets29.assets,8841,A6EB8228,34501
0,0,COM3D2OHx64_Data\sharedassets30.assets,8841,02D56FDA,34501
0,0,COM3D2OHx64_Data\sharedassets31.assets,8841,B8DEB550,34501
0,0,COM3D2OHx64_Data\sharedassets32.assets,5565,7A2B6247,34501
0,0,COM3D2OHx64_Data\sharedassets33.assets,5673,8550A6EB,34501
0,0,COM3D2OHx64_Data\sharedassets34.assets,5661,A00C5371,34501
0,0,COM3D2OHx64_Data\sharedassets35.assets,8925,8387F84C,34501
0,0,COM3D2OHx64_Data\sharedassets36.assets,5433,0EDDED2D,34501
0,0,COM3D2OHx64_Data\sharedassets37.assets,5469,2A7C7BB9,34501
0,0,COM3D2OHx64_Data\sharedassets38.assets,8925,8387F84C,34501
0,0,COM3D2OHx64_Data\sharedassets39.assets,5625,61E4810D,34501
0,0,COM3D2OHx64_Data\sharedassets40.assets,5493,8987B592,34501
0,0,COM3D2OHx64_Data\sharedassets41.assets,5637,D2E8DEA7,34501
0,0,COM3D2OHx64_Data\sharedassets42.assets,8841,9C380BA0,34501
0,0,COM3D2OHx64_Data\sharedassets43.assets,5673,8550A6EB,34501
0,0,COM3D2OHx64_Data\sharedassets44.assets,5661,A00C5371,34501
0,0,COM3D2OHx64_Data\sharedassets45.assets,6450,273FD153,34501
0,0,COM3D2OHx64_Data\sharedassets45.assets.resS,87408,84350FBB,34501
0,0,COM3D2OHx64_Data\sharedassets45.resource,41406086,938147B5,34501
0,0,COM3D2OHx64_Data\sharedassets46.assets,3362,705AC350,34501
0,0,COM3D2OHx64_Data\sharedassets46.resource,36841226,318CE5DA,34501
0,0,COM3D2OHx64_Data\sharedassets47.assets,3322,7919F08B,34501
0,0,COM3D2OHx64_Data\sharedassets47.resource,32680665,5F8810A9,34501
0,0,COM3D2OHx64_Data\sharedassets48.assets,17266,2F28513D,34501
0,0,COM3D2OHx64_Data\sharedassets48.assets.resS,174784,C6783C52,34501
0,0,COM3D2OHx64_Data\sharedassets48.resource,35964702,CC2B1BFE,34501
0,0,COM3D2OHx64_Data\sharedassets49.assets,3346,591CD6B5,34501
0,0,COM3D2OHx64_Data\sharedassets49.resource,40585017,61D6AACB,34501
0,0,COM3D2OHx64_Data\sharedassets50.assets,3562,BEBFA5CB,34501
0,0,COM3D2OHx64_Data\sharedassets50.resource,38610538,C2CDB3C3,34501
0,0,COM3D2OHx64_Data\sharedassets51.assets,3014356,003713F6,34501
0,0,COM3D2OHx64_Data\sharedassets51.assets.resS,611744,E0F83BD4,34501
0,0,COM3D2OHx64_Data\sharedassets52.assets,5769,EC0D84D7,34501
0,0,COM3D2OHx64_Data\sharedassets53.assets,2697,47A2C246,34501
0,0,COM3D2OHx64_Data\sharedassets54.assets,2697,47A2C246,34501
0,0,COM3D2OHx64_Data\sharedassets55.assets,2697,47A2C246,34501
0,0,COM3D2OHx64_Data\sharedassets56.assets,8853,53DBBDF6,34501
0,0,COM3D2OHx64_Data\sharedassets57.assets,5673,20570082,34501
0,0,COM3D2OHx64_Data\sharedassets58.assets,2613,3A87453F,34501
0,0,COM3D2OHx64_Data\sharedassets59.assets,55760,EC3BFB61,34501
0,0,COM3D2OHx64_Data\sharedassets59.assets.resS,174784,F8E8E9F8,34501
0,0,COM3D2OHx64_Data\sharedassets60.assets,2625,8CADA30D,34501
0,0,COM3D2OHx64_Data\sharedassets61.assets,756768,3A6C341E,34501
0,0,COM3D2OHx64_Data\sharedassets61.assets.resS,1310896,5596E62C,34501
0,0,COM3D2OHx64_Data\sharedassets61.resource,1657856,B35361D0,34501
0,0,COM3D2OHx64_Data\sharedassets62.assets,5541,7DAC9C30,34501
0,0,COM3D2OHx64_Data\sharedassets63.assets,3415164,3F503713,34501
0,0,COM3D2OHx64_Data\sharedassets63.assets.resS,6226160,5BDA7B19,34501
0,0,COM3D2OHx64_Data\sharedassets64.assets,2649,44F5197F,34501
0,0,COM3D2OHx64_Data\sharedassets65.assets,10101,E1FE161C,34501
0,0,COM3D2OHx64_Data\sharedassets66.assets,5661,A00C5371,34501
0,0,COM3D2OHx64_Data\sharedassets67.assets,8877,6098EB6B,34501
0,0,COM3D2OHx64_Data\sharedassets68.assets,5661,8DFE99A4,34501
0,0,COM3D2OHx64_Data\sharedassets69.assets,8841,A6EB8228,34501
0,0,COM3D2OHx64_Data\sharedassets70.assets,5661,A00C5371,34501
0,0,COM3D2OHx64_Data\sharedassets71.assets,8877,6098EB6B,34501
0,0,COM3D2OHx64_Data\sharedassets72.assets,6609,B7AF8E82,34501
0,0,COM3D2OHx64_Data\sharedassets73.assets,2973,954118EC,34501
0,0,COM3D2OHx64_Data\sharedassets74.assets,2481,51C9849E,34501
0,0,COM3D2OHx64_Data\sharedassets75.assets,7876,8A8649E1,34501
0,0,COM3D2OHx64_Data\sharedassets75.resource,2729248,FCB8D689,34501
0,0,COM3D2OHx64_Data\sharedassets76.assets,7689,F0340057,34501
0,0,COM3D2OHx64_Data\sharedassets77.assets,4389,925CAFDC,34501
0,0,COM3D2OHx64_Data\sharedassets78.assets,3753,F7574C5D,34501
0,0,COM3D2OHx64_Data\sharedassets79.assets,352924,4DB537E9,34501
0,0,COM3D2OHx64_Data\sharedassets79.assets.resS,2272064,E37F670D,34501
0,0,COM3D2OHx64_Data\sharedassets79.resource,6236928,E2AEF877,34501
0,0,COM3D2OHx64_Data\sharedassets80.assets,6568072,D0D44535,34501
0,0,COM3D2OHx64_Data\sharedassets80.assets.resS,10944,57B9B85D,34501
0,0,COM3D2OHx64_Data\sharedassets80.resource,2053248,CCA7A7B1,34501
0,0,COM3D2OHx64_Data\sharedassets81.assets,6525,F0587C72,34501
0,0,COM3D2OHx64_Data\sharedassets82.assets,8985,42EE14C4,34501
0,0,COM3D2OHx64_Data\sharedassets83.assets,5781,C8A71C3E,34501
0,0,COM3D2OHx64_Data\sharedassets84.assets,5956,2073523F,34501
0,0,COM3D2OHx64_Data\sharedassets84.resource,1239072,9EF23F8B,34501
0,0,COM3D2OHx64_Data\sharedassets85.assets,9189,F36ADB5B,34501
0,0,COM3D2OHx64_Data\sharedassets86.assets,9045,C85EBA3C,34501
0,0,COM3D2OHx64_Data\sharedassets87.assets,5721,C4E5EF6C,34501
0,0,COM3D2OHx64_Data\sharedassets88.assets,9540,EE0A0F1A,34501
0,0,COM3D2OHx64_Data\sharedassets88.resource,1500320,468304E6,34501
0,0,COM3D2OHx64_Data\sharedassets89.assets,6081,2EEF6518,34501
0,0,COM3D2OHx64_Data\sharedassets90.assets,2853,8C5AD4F5,34501
0,0,COM3D2OHx64_Data\sharedassets91.assets,2853,8C5AD4F5,34501
0,0,COM3D2OHx64_Data\sharedassets92.assets,2769,71F86C14,34501
0,0,COM3D2OHx64_Data\sharedassets93.assets,2433,AD9254C8,34501
0,0,COM3D2OHx64_Data\sharedassets94.assets,2769,71F86C14,34501
0,0,COM3D2OHx64_Data\sharedassets95.assets,2865,EAB011B2,34501
0,0,COM3D2OHx64_Data\sharedassets96.assets,2769,71F86C14,34501
0,0,COM3D2OHx64_Data\sharedassets97.assets,9021,B7723CC7,34501
0,0,COM3D2OHx64_Data\sharedassets98.assets,5709,7754D245,34501
0,0,COM3D2OHx64_Data\sharedassets99.assets,393656,2A70016F,34501
0,0,COM3D2OHx64_Data\sharedassets99.assets.resS,2184656,EE6A6E48,34501
0,0,COM3D2OHx64_Data\sharedassets100.assets,5940,87B6FF48,34501
0,0,COM3D2OHx64_Data\sharedassets100.resource,2752064,01AB8E9E,34501
0,0,COM3D2OHx64_Data\sharedassets101.assets,9117,39953929,34501
0,0,COM3D2OHx64_Data\sharedassets102.assets,9105,4F8F353C,34501
0,0,COM3D2OHx64_Data\sharedassets103.assets,5781,1A30B35A,34501
0,0,COM3D2OHx64_Data\sharedassets104.assets,3316,074929CE,34501
0,0,COM3D2OHx64_Data\sharedassets104.resource,6331360,376DAB75,34501
0,0,COM3D2OHx64_Data\sharedassets105.assets,3189,8F64B3C1,34501
0,0,COM3D2OHx64_Data\sharedassets106.assets,83284,1A9A20EC,34501
0,0,COM3D2OHx64_Data\sharedassets106.resource,8838560,027F254D,34501
0,0,COM3D2OHx64_Data\sharedassets107.assets,4341,13D06206,34501
0,0,COM3D2OHx64_Data\sharedassets108.assets,7425,95FF7BA3,34501
0,0,COM3D2OHx64_Data\sharedassets109.assets,4233,22949AED,34501
0,0,COM3D2OHx64_Data\sharedassets110.assets,613456,B4BB0D06,34501
0,0,COM3D2OHx64_Data\sharedassets110.assets.resS,6138656,2613FE39,34501
0,0,COM3D2OHx64_Data\sharedassets111.assets,2649,F0EBCBA2,34501
0,0,COM3D2OHx64_Data\sharedassets112.assets,3213,F4100885,34501
0,0,COM3D2OHx64_Data\sharedassets113.assets,3117,B03F20A8,34501
0,0,COM3D2OHx64_Data\sharedassets114.assets,3117,B03F20A8,34501
0,0,COM3D2OHx64_Data\sharedassets115.assets,3117,B03F20A8,34501
0,0,COM3D2OHx64_Data\sharedassets116.assets,3117,B03F20A8,34501
0,0,COM3D2OHx64_Data\sharedassets117.assets,3117,B03F20A8,34501
0,0,COM3D2OHx64_Data\sharedassets118.assets,3117,B03F20A8,34501
0,0,COM3D2OHx64_Data\sharedassets119.assets,2769,71F86C14,34501
0,0,COM3D2OHx64_Data\sharedassets120.assets,2769,71F86C14,34501
0,0,COM3D2OHx64_Data\sharedassets121.assets,2769,71F86C14,34501
0,0,COM3D2OHx64_Data\sharedassets122.assets,2769,71F86C14,34501
0,0,COM3D2OHx64_Data\sharedassets123.assets,2769,71F86C14,34501
0,0,COM3D2OHx64_Data\sharedassets124.assets,2769,71F86C14,34501
0,0,COM3D2OHx64_Data\sharedassets125.assets,2769,71F86C14,34501
0,0,COM3D2OHx64_Data\sharedassets126.assets,3117,B03F20A8,34501
0,0,COM3D2OHx64_Data\sharedassets127.assets,210016,E4B4EC0D,34501
0,0,COM3D2OHx64_Data\sharedassets127.assets.resS,174784,F8825DB8,34501
0,0,MonoBleedingEdge\EmbedRuntime\mono-2.0-bdwgc.dll,7895744,19AF8B01,34501
0,0,MonoBleedingEdge\EmbedRuntime\MonoPosixHelper.dll,609472,68524C42,34501
0,0,MonoBleedingEdge\etc\mono\2.0\Browsers\Compat.browser,1605,2E178A0B,34501
0,0,MonoBleedingEdge\etc\mono\2.0\DefaultWsdlHelpGenerator.aspx,60575,95F9D0B4,34501
0,0,MonoBleedingEdge\etc\mono\2.0\machine.config,29066,42543B8B,34501
0,0,MonoBleedingEdge\etc\mono\2.0\settings.map,2622,AD5340F9,34501
0,0,MonoBleedingEdge\etc\mono\2.0\web.config,11635,1A75EBAD,34501
0,0,MonoBleedingEdge\etc\mono\4.0\Browsers\Compat.browser,1605,2E178A0B,34501
0,0,MonoBleedingEdge\etc\mono\4.0\DefaultWsdlHelpGenerator.aspx,60575,95F9D0B4,34501
0,0,MonoBleedingEdge\etc\mono\4.0\machine.config,33598,86F603C4,34501
0,0,MonoBleedingEdge\etc\mono\4.0\settings.map,2622,DC24A240,34501
0,0,MonoBleedingEdge\etc\mono\4.0\web.config,18802,36D8BA3E,34501
0,0,MonoBleedingEdge\etc\mono\4.5\Browsers\Compat.browser,1605,2E178A0B,34501
0,0,MonoBleedingEdge\etc\mono\4.5\DefaultWsdlHelpGenerator.aspx,60575,95F9D0B4,34501
0,0,MonoBleedingEdge\etc\mono\4.5\machine.config,34056,C446A9EB,34501
0,0,MonoBleedingEdge\etc\mono\4.5\settings.map,2622,DC24A240,34501
0,0,MonoBleedingEdge\etc\mono\4.5\web.config,18811,4F48BC13,34501
0,0,MonoBleedingEdge\etc\mono\mconfig\config.xml,25817,80B2033A,34501
0,0,MonoBleedingEdge\etc\mono\browscap.ini,311984,CE6C0AB3,34501
0,0,MonoBleedingEdge\etc\mono\config,3815,88FA6D93,34501
0,0,COM3D2OHx64.exe,666624,38AEADC1,34501
0,0,UnityCrashHandler64.exe,1112768,1C830F9F,34501
0,0,UnityPlayer.dll,30996672,9C9085E6,34501
share,../com3d2data\GameData\cbl\csv_cbl.arc,GameData\csv_cbl.arc,1430052,2F16840A,24505
share,../com3d2data\GameData\cbl\script_cbl.arc,GameData\script_cbl.arc,7425169,63265393,24505
share,../com3d2data\GameData\patch\csv.arc,GameData\csv.arc,46101985,479DA663,24505
share,../com3d2data\GameData\patch\parts_cas135_2.arc,GameData\parts_cas135_2.arc,5780151,5E26BF0B,24501
share,../com3d2data\GameData\patch\parts2.arc,GameData\parts2.arc,231721123,5963BC8B,24501
share,../com3d2data\GameData\patch\paths.dat,GameData\paths.dat,20293,FD14EA70,24505
share,../com3d2data\GameData\patch\prioritymaterial.arc,GameData\prioritymaterial.arc,883400,CF932636,24501
share,../com3d2data\GameData\patch\system_cw011_2.arc,GameData\system_cw011_2.arc,282393148,EE1FC87D,24501
share,../com3d2data\GameData_20\material_cas135_2.arc,GameData_20\material_cas135_2.arc,4866,14F86D4C,1749
share,../com3d2data\GameData_20\model_cas135_2.arc,GameData_20\model_cas135_2.arc,383793,10C4EE04,1749
share,../com3d2data\GameData_20\model_dlc519_2.arc,GameData_20\model_dlc519_2.arc,1083748,B94E1F6C,1749
share,../com3d2data\GameData_20\paths.dat,GameData_20\paths.dat,15509,B7AB196F,1840
share,../com3d2data\GameData_20\prioritymaterial.arc,GameData_20\prioritymaterial.arc,455985,54BBE903,1840
