0,0,COM3D2OH.exe,6623232,E30BEDE0,2006
0,0,COM3D2OHx64.exe,22841856,858642A8,1350
0,0,LICENSE,31205,24BAD003,1350
0,0,COM3D2OHx64_Data\app.info,42,6CD75754,1350
0,0,COM3D2OHx64_Data\globalgamemanagers,4362076,E6625062,1350
0,0,COM3D2OHx64_Data\globalgamemanagers.assets,239924,6A7D20C0,1350
0,0,COM3D2OHx64_Data\level0,323740,031F040E,1350
0,0,COM3D2OHx64_Data\level1,347140,F4AFE34A,1350
0,0,COM3D2OHx64_Data\level10,695076,33192D9F,1350
0,0,COM3D2OHx64_Data\level11,7524,96711088,1350
0,0,COM3D2OHx64_Data\level12,326180,EAB4A3C0,1350
0,0,COM3D2OHx64_Data\level13,4664,B141D54B,1350
0,0,COM3D2OHx64_Data\level14,342884,CE083494,1350
0,0,COM3D2OHx64_Data\level15,332564,7CCDE389,1350
0,0,COM3D2OHx64_Data\level16,953772,957F92D9,1350
0,0,COM3D2OHx64_Data\level17,427804,624268B8,1350
0,0,COM3D2OHx64_Data\level18,1083428,B7AC9F7C,1350
0,0,COM3D2OHx64_Data\level19,408868,912D8AB2,1350
0,0,COM3D2OHx64_Data\level2,738564,A25446E9,1350
0,0,COM3D2OHx64_Data\level20,2186804,D9AC326B,1350
0,0,COM3D2OHx64_Data\level21,1113436,8F8E0B36,1350
0,0,COM3D2OHx64_Data\level22,1086740,25A186B1,1350
0,0,COM3D2OHx64_Data\level23,445916,C9285FD7,1350
0,0,COM3D2OHx64_Data\level24,27904,9659919F,1350
0,0,COM3D2OHx64_Data\level24.resS,131232,851AC384,1350
0,0,COM3D2OHx64_Data\level25,51676,FDBAEBBA,1350
0,0,COM3D2OHx64_Data\level26,56036,D1E4E119,1350
0,0,COM3D2OHx64_Data\level27,6832,1A5D4534,1350
0,0,COM3D2OHx64_Data\level28,324628,6C3FDE19,1350
0,0,COM3D2OHx64_Data\level29,1574740,75C8BD82,1350
0,0,COM3D2OHx64_Data\level3,1211284,624DABAA,1350
0,0,COM3D2OHx64_Data\level30,1431372,7DAB2232,1350
0,0,COM3D2OHx64_Data\level31,1452972,8D88335D,1350
0,0,COM3D2OHx64_Data\level32,1348204,6DC59699,1350
0,0,COM3D2OHx64_Data\level33,1412676,C369304F,1350
0,0,COM3D2OHx64_Data\level34,1538084,6222A16C,1350
0,0,COM3D2OHx64_Data\level35,1275084,AAF3F259,1350
0,0,COM3D2OHx64_Data\level36,1025692,3D8978B5,1350
0,0,COM3D2OHx64_Data\level37,1032980,5312CB94,1350
0,0,COM3D2OHx64_Data\level38,1275084,B7294D66,1350
0,0,COM3D2OHx64_Data\level39,1155676,524766BE,1350
0,0,COM3D2OHx64_Data\level4,1291124,9247CF18,1350
0,0,COM3D2OHx64_Data\level40,944244,CE2036F5,1350
0,0,COM3D2OHx64_Data\level41,1230652,3BB5CE19,1350
0,0,COM3D2OHx64_Data\level42,1373124,7A2EC748,1350
0,0,COM3D2OHx64_Data\level43,1331652,04532ED4,1350
0,0,COM3D2OHx64_Data\level44,916476,E5899196,1350
0,0,COM3D2OHx64_Data\level45,399548,C553DA61,1350
0,0,COM3D2OHx64_Data\level46,395900,FA2552E9,1350
0,0,COM3D2OHx64_Data\level47,439612,65D3895D,1350
0,0,COM3D2OHx64_Data\level48,461756,FCC7FEB8,1350
0,0,COM3D2OHx64_Data\level49,390140,9191DA2F,1350
0,0,COM3D2OHx64_Data\level5,325236,20161685,1350
0,0,COM3D2OHx64_Data\level50,450116,B52E8B86,1350
0,0,COM3D2OHx64_Data\level51,1038652,853E0D77,1350
0,0,COM3D2OHx64_Data\level52,963052,186B13E7,1350
0,0,COM3D2OHx64_Data\level53,442836,C5973667,1350
0,0,COM3D2OHx64_Data\level54,464980,594FC79A,1350
0,0,COM3D2OHx64_Data\level55,455564,CF2FD32D,1350
0,0,COM3D2OHx64_Data\level56,1043060,ACA3FF46,1350
0,0,COM3D2OHx64_Data\level57,1003332,5CE6959D,1350
0,0,COM3D2OHx64_Data\level58,448596,68D265EB,1350
0,0,COM3D2OHx64_Data\level59,433132,C943CFB4,1350
0,0,COM3D2OHx64_Data\level6,415380,D5D28D4F,1350
0,0,COM3D2OHx64_Data\level60,414804,B0B2986D,1350
0,0,COM3D2OHx64_Data\level61,1382452,7F1F15AE,1350
0,0,COM3D2OHx64_Data\level62,1323204,ABDAB5E6,1350
0,0,COM3D2OHx64_Data\level63,501612,5F86EDEE,1350
0,0,COM3D2OHx64_Data\level64,401644,E7FC9C6E,1350
0,0,COM3D2OHx64_Data\level65,1251220,E594593D,1350
0,0,COM3D2OHx64_Data\level66,969052,7C9BB70D,1350
0,0,COM3D2OHx64_Data\level67,1427524,FE7D5F7D,1350
0,0,COM3D2OHx64_Data\level68,1368676,2B283417,1350
0,0,COM3D2OHx64_Data\level69,1574748,9E1668DF,1350
0,0,COM3D2OHx64_Data\level7,324252,AF142D23,1350
0,0,COM3D2OHx64_Data\level70,1538092,CC2EA6D2,1350
0,0,COM3D2OHx64_Data\level71,1369828,BCA6412C,1350
0,0,COM3D2OHx64_Data\level72,1335772,CCD6A73A,1350
0,0,COM3D2OHx64_Data\level73,371076,18D4C029,1350
0,0,COM3D2OHx64_Data\level74,369244,D141D937,1350
0,0,COM3D2OHx64_Data\level75,1048836,A80CE62A,1350
0,0,COM3D2OHx64_Data\level76,850108,5B09F448,1350
0,0,COM3D2OHx64_Data\level77,956876,5661F68E,1350
0,0,COM3D2OHx64_Data\level78,851084,728FFBEA,1350
0,0,COM3D2OHx64_Data\level8,392148,8701EEA6,1350
0,0,COM3D2OHx64_Data\level9,327364,973FCF06,1350
0,0,COM3D2OHx64_Data\resources.assets,405919152,18FB773B,1350
0,0,COM3D2OHx64_Data\resources.assets.resS,1751192620,16683612,1350
0,0,COM3D2OHx64_Data\resources.resource,727392,54F90BDA,1350
0,0,COM3D2OHx64_Data\sharedassets0.assets,115226420,B4ABFFC1,1350
0,0,COM3D2OHx64_Data\sharedassets0.assets.resS,28071636,A1AB9432,1350
0,0,COM3D2OHx64_Data\sharedassets1.assets,6256,3B4F1822,1350
0,0,COM3D2OHx64_Data\sharedassets10.assets,6628,F6000619,1350
0,0,COM3D2OHx64_Data\sharedassets11.assets,4576,5EFE4844,1350
0,0,COM3D2OHx64_Data\sharedassets12.assets,6124,398C3C9D,1350
0,0,COM3D2OHx64_Data\sharedassets13.assets,4132,C5CD98DE,1350
0,0,COM3D2OHx64_Data\sharedassets14.assets,6844,D6675904,1350
0,0,COM3D2OHx64_Data\sharedassets15.assets,6208,5F2C269C,1350
0,0,COM3D2OHx64_Data\sharedassets16.assets,12592,942E8590,1350
0,0,COM3D2OHx64_Data\sharedassets17.assets,6292,422A50BE,1350
0,0,COM3D2OHx64_Data\sharedassets18.assets,12688,6D6918DA,1350
0,0,COM3D2OHx64_Data\sharedassets19.assets,6292,2E9BF44A,1350
0,0,COM3D2OHx64_Data\sharedassets2.assets,6544,56758535,1350
0,0,COM3D2OHx64_Data\sharedassets20.assets,7096,822E5EAB,1350
0,0,COM3D2OHx64_Data\sharedassets21.assets,12664,E1D3CF84,1350
0,0,COM3D2OHx64_Data\sharedassets22.assets,12664,E1D3CF84,1350
0,0,COM3D2OHx64_Data\sharedassets23.assets,18126832,32903707,1350
0,0,COM3D2OHx64_Data\sharedassets24.assets,12328,3581A053,1350
0,0,COM3D2OHx64_Data\sharedassets25.assets,4420,97DAEF58,1350
0,0,COM3D2OHx64_Data\sharedassets26.assets,4324,4EC530C9,1350
0,0,COM3D2OHx64_Data\sharedassets27.assets,4264,66F8047B,1350
0,0,COM3D2OHx64_Data\sharedassets28.assets,6100,C36E992C,1350
0,0,COM3D2OHx64_Data\sharedassets29.assets,12592,44686B34,1350
0,0,COM3D2OHx64_Data\sharedassets3.assets,12916,A8DA4520,1350
0,0,COM3D2OHx64_Data\sharedassets30.assets,12592,0A95D796,1350
0,0,COM3D2OHx64_Data\sharedassets31.assets,12592,CEC13F52,1350
0,0,COM3D2OHx64_Data\sharedassets32.assets,9352,AA973198,1350
0,0,COM3D2OHx64_Data\sharedassets33.assets,9460,F1078BD2,1350
0,0,COM3D2OHx64_Data\sharedassets34.assets,9448,60756EBF,1350
0,0,COM3D2OHx64_Data\sharedassets35.assets,12676,EF18F610,1350
0,0,COM3D2OHx64_Data\sharedassets36.assets,9244,CD646961,1350
0,0,COM3D2OHx64_Data\sharedassets37.assets,9280,FE7868E1,1350
0,0,COM3D2OHx64_Data\sharedassets38.assets,12676,EF18F610,1350
0,0,COM3D2OHx64_Data\sharedassets39.assets,9484,6F014969,1350
0,0,COM3D2OHx64_Data\sharedassets4.assets,7180,C8D51159,1350
0,0,COM3D2OHx64_Data\sharedassets40.assets,9280,FE7868E1,1350
0,0,COM3D2OHx64_Data\sharedassets41.assets,9424,3EB2FD99,1350
0,0,COM3D2OHx64_Data\sharedassets42.assets,12592,0B3D96D9,1350
0,0,COM3D2OHx64_Data\sharedassets43.assets,9460,F1078BD2,1350
0,0,COM3D2OHx64_Data\sharedassets44.assets,9448,60756EBF,1350
0,0,COM3D2OHx64_Data\sharedassets45.assets,42236516,061FC659,1350
0,0,COM3D2OHx64_Data\sharedassets45.assets.resS,87400,8BA6C322,1350
0,0,COM3D2OHx64_Data\sharedassets46.assets,38246484,2B2215EB,1350
0,0,COM3D2OHx64_Data\sharedassets47.assets,32874580,0E1A7EF6,1350
0,0,COM3D2OHx64_Data\sharedassets48.assets,36735660,3CF06B11,1350
0,0,COM3D2OHx64_Data\sharedassets48.assets.resS,174776,5B619AF1,1350
0,0,COM3D2OHx64_Data\sharedassets49.assets,41277336,C4284CEE,1350
0,0,COM3D2OHx64_Data\sharedassets5.assets,6112,8AD3BFEB,1350
0,0,COM3D2OHx64_Data\sharedassets50.assets,39399088,D167BA6F,1350
0,0,COM3D2OHx64_Data\sharedassets51.assets,3017148,4CCCF325,1350
0,0,COM3D2OHx64_Data\sharedassets51.assets.resS,611728,7BFBEAAE,1350
0,0,COM3D2OHx64_Data\sharedassets52.assets,9508,08E69306,1350
0,0,COM3D2OHx64_Data\sharedassets53.assets,6484,DA714A65,1350
0,0,COM3D2OHx64_Data\sharedassets54.assets,6484,DA714A65,1350
0,0,COM3D2OHx64_Data\sharedassets55.assets,6484,DA714A65,1350
0,0,COM3D2OHx64_Data\sharedassets56.assets,12604,065829A3,1350
0,0,COM3D2OHx64_Data\sharedassets57.assets,9460,0CC99F5E,1350
0,0,COM3D2OHx64_Data\sharedassets58.assets,6448,7FB70B0B,1350
0,0,COM3D2OHx64_Data\sharedassets59.assets,59340,2B38CBA7,1350
0,0,COM3D2OHx64_Data\sharedassets59.assets.resS,174776,B51EE5DC,1350
0,0,COM3D2OHx64_Data\sharedassets6.assets,7072,7E659E9F,1350
0,0,COM3D2OHx64_Data\sharedassets60.assets,6460,9B776326,1350
0,0,COM3D2OHx64_Data\sharedassets61.assets,759664,38328670,1350
0,0,COM3D2OHx64_Data\sharedassets61.assets.resS,1310880,58801C35,1350
0,0,COM3D2OHx64_Data\sharedassets61.resource,1178176,90268BF4,1350
0,0,COM3D2OHx64_Data\sharedassets62.assets,9316,576C4854,1350
0,0,COM3D2OHx64_Data\sharedassets63.assets,3412488,61697B5E,1350
0,0,COM3D2OHx64_Data\sharedassets63.assets.resS,6226112,B3E98769,1350
0,0,COM3D2OHx64_Data\sharedassets64.assets,6568,CBA607A5,1350
0,0,COM3D2OHx64_Data\sharedassets65.assets,13852,7C715138,1350
0,0,COM3D2OHx64_Data\sharedassets66.assets,9448,60756EBF,1350
0,0,COM3D2OHx64_Data\sharedassets67.assets,12616,AFE8075E,1350
0,0,COM3D2OHx64_Data\sharedassets68.assets,9436,C0DACC3A,1350
0,0,COM3D2OHx64_Data\sharedassets69.assets,12592,44686B34,1350
0,0,COM3D2OHx64_Data\sharedassets7.assets,6064,500F6789,1350
0,0,COM3D2OHx64_Data\sharedassets70.assets,9448,60756EBF,1350
0,0,COM3D2OHx64_Data\sharedassets71.assets,12616,AFE8075E,1350
0,0,COM3D2OHx64_Data\sharedassets72.assets,10384,BEB078BE,1350
0,0,COM3D2OHx64_Data\sharedassets73.assets,6604,757481D7,1350
0,0,COM3D2OHx64_Data\sharedassets74.assets,6268,EF7A52E5,1350
0,0,COM3D2OHx64_Data\sharedassets75.assets,11668,AB803CDD,1350
0,0,COM3D2OHx64_Data\sharedassets75.resource,2729184,2D4064D6,1350
0,0,COM3D2OHx64_Data\sharedassets76.assets,11536,B56A5D51,1350
0,0,COM3D2OHx64_Data\sharedassets77.assets,8272,3E03F454,1350
0,0,COM3D2OHx64_Data\sharedassets78.assets,7588,EE1F70DF,1350
0,0,COM3D2OHx64_Data\sharedassets8.assets,6316,2F3CBA5E,1350
0,0,COM3D2OHx64_Data\sharedassets9.assets,6208,49ADB7BE,1350
0,0,COM3D2OHx64_Data\Managed\Accessibility.dll,10752,5CB31E4E,1350
0,0,COM3D2OHx64_Data\Managed\Assembly-CSharp-firstpass.dll,787456,42882535,1350
0,0,COM3D2OHx64_Data\Managed\Assembly-CSharp.dll,5409792,3142920C,1350
0,0,COM3D2OHx64_Data\Managed\Assembly-UnityScript-firstpass.dll,65024,57CA59FD,1350
0,0,COM3D2OHx64_Data\Managed\Boo.Lang.dll,126976,28383F70,1350
0,0,COM3D2OHx64_Data\Managed\BouncyCastle.Crypto.dll,2236416,5A4C4F07,1350
0,0,COM3D2OHx64_Data\Managed\FoveUnityPlugin.dll,28672,A6EA882B,1350
0,0,COM3D2OHx64_Data\Managed\ICSharpCode.SharpZipLib.dll,200704,D3160A1C,1350
0,0,COM3D2OHx64_Data\Managed\Ionic.Zlib.dll,102400,7C9E7DD2,1350
0,0,COM3D2OHx64_Data\Managed\JsonFx.Json.dll,70144,A0F0CFCB,1350
0,0,COM3D2OHx64_Data\Managed\LeapCSharp.NET3.5.dll,82432,38E38212,1350
0,0,COM3D2OHx64_Data\Managed\Mono.Data.Tds.dll,96256,2965324B,1350
0,0,COM3D2OHx64_Data\Managed\Mono.Posix.dll,184320,0CE35BE3,1350
0,0,COM3D2OHx64_Data\Managed\Mono.Security.dll,294912,66EB9979,1350
0,0,COM3D2OHx64_Data\Managed\Mono.WebBrowser.dll,172032,137B736F,1350
0,0,COM3D2OHx64_Data\Managed\mscorlib.dll,2590208,5166389B,1350
0,0,COM3D2OHx64_Data\Managed\Newtonsoft.Json.dll,494592,5C881B73,1350
0,0,COM3D2OHx64_Data\Managed\System.Configuration.dll,124928,72952344,1350
0,0,COM3D2OHx64_Data\Managed\System.Core.dll,297472,9E3EE5D7,1350
0,0,COM3D2OHx64_Data\Managed\System.Data.dll,856064,DDDB80CD,1350
0,0,COM3D2OHx64_Data\Managed\System.dll,1679360,13922617,1350
0,0,COM3D2OHx64_Data\Managed\System.Drawing.Design.dll,29696,E7B53FF9,1350
0,0,COM3D2OHx64_Data\Managed\System.Drawing.dll,448512,C4B2E872,1350
0,0,COM3D2OHx64_Data\Managed\System.EnterpriseServices.dll,46592,2C72A9FE,1350
0,0,COM3D2OHx64_Data\Managed\System.Security.dll,135168,1CE94C57,1350
0,0,COM3D2OHx64_Data\Managed\System.Transactions.dll,27648,45299FCF,1350
0,0,COM3D2OHx64_Data\Managed\System.Windows.Forms.dll,3053568,56394001,1350
0,0,COM3D2OHx64_Data\Managed\System.Xml.dll,1270272,4581A35B,1350
0,0,COM3D2OHx64_Data\Managed\System.Xml.Linq.dll,106496,E844371C,1350
0,0,COM3D2OHx64_Data\Managed\UnityEngine.dll,1393152,2C35388C,1350
0,0,COM3D2OHx64_Data\Managed\UnityEngine.dll.mdb,449828,8610375E,1350
0,0,COM3D2OHx64_Data\Managed\UnityEngine.Networking.dll,253952,2BDF701F,1350
0,0,COM3D2OHx64_Data\Managed\UnityEngine.UI.dll,245760,FA552B2D,1350
0,0,COM3D2OHx64_Data\Managed\UnityEngine.VR.dll,3072,A4582CD6,1350
0,0,COM3D2OHx64_Data\Managed\UnityScript.Lang.dll,13824,0DA8F681,1350
0,0,COM3D2OHx64_Data\Managed\zxing.unity.dll,430592,9FD1F198,1350
0,0,COM3D2OHx64_Data\Mono\mono.dll,2618816,0BEA8C0F,1350
0,0,COM3D2OHx64_Data\Mono\MonoPosixHelper.dll,113664,9B5E1E4D,1350
0,0,COM3D2OHx64_Data\Mono\etc\mono\browscap.ini,311984,CE6C0AB3,1350
0,0,COM3D2OHx64_Data\Mono\etc\mono\config,1691,A635914A,1350
0,0,COM3D2OHx64_Data\Mono\etc\mono\1.0\DefaultWsdlHelpGenerator.aspx,58196,10E814BF,1350
0,0,COM3D2OHx64_Data\Mono\etc\mono\1.0\machine.config,17258,EDE1AC59,1350
0,0,COM3D2OHx64_Data\Mono\etc\mono\2.0\DefaultWsdlHelpGenerator.aspx,60453,F3869A34,1350
0,0,COM3D2OHx64_Data\Mono\etc\mono\2.0\machine.config,27625,73C91C24,1350
0,0,COM3D2OHx64_Data\Mono\etc\mono\2.0\settings.map,2618,A1A3C29F,1350
0,0,COM3D2OHx64_Data\Mono\etc\mono\2.0\web.config,11686,534A9960,1350
0,0,COM3D2OHx64_Data\Mono\etc\mono\2.0\Browsers\Compat.browser,1605,2E178A0B,1350
0,0,COM3D2OHx64_Data\Mono\etc\mono\mconfig\config.xml,25817,80B2033A,1350
0,0,COM3D2OHx64_Data\Plugins\assimp.dll,4388864,7C910D84,1350
0,0,COM3D2OHx64_Data\Plugins\Audio360.dll,1499136,2D77400A,1350
0,0,COM3D2OHx64_Data\Plugins\AVProVideo.dll,891392,A3612D4B,1350
0,0,COM3D2OHx64_Data\Plugins\clothpp.dll,112128,7C3264A4,1350
0,0,COM3D2OHx64_Data\Plugins\cm3d2.dll,2100736,74B315EF,1350
0,0,COM3D2OHx64_Data\Plugins\device_hook.dll,738816,F61E7CED,1350
0,0,COM3D2OHx64_Data\Plugins\FoveClient.dll,1849384,58C8B4F6,1350
0,0,COM3D2OHx64_Data\Plugins\LeapC.dll,2516992,FBDD3767,1350
0,0,COM3D2OHx64_Data\Plugins\openvr_api.dll,318272,44432E0F,1350
0,0,COM3D2OHx64_Data\Plugins\OVRGamepad.dll,12800,2C526135,1350
0,0,COM3D2OHx64_Data\Plugins\OVRLipSync.dll,2512296,391C1F4C,1350
0,0,COM3D2OHx64_Data\Plugins\OVRPlugin.dll,1898408,5DD05B6C,1350
0,0,COM3D2OHx64_Data\Resources\unity default resources,752360,71DB1AEA,1350
0,0,COM3D2OHx64_Data\Resources\unity_builtin_extra,284012,91145F7F,1350
0,0,GameData\csv_cbl.arc,782696,E8A33610,1350
0,0,GameData\motion_cbl2.arc,22222457,FD0F6146,1280
0,0,GameData\motion_cbl_3d21reserve_2.arc,153938,9CB83B59,1120
0,0,GameData\motion_cbl_kissnohi001_2.arc,158468,9CE47192,1200
0,0,GameData\motion_cbl_vp001_2.arc,1659046,62219F7A,1250
0,0,GameData\script_cbl.arc,5934798,86870B5C,1350
0,0,GameData\script_cbl_omytgc001_2.arc,212278,5759B805,1210
0,0,GameData\script_cbl_ordermade001_2.arc,36866,2E4CD733,1210
0,0,GameData\script_cbl_ordermade002_2.arc,36466,DD7811A4,1210
0,0,GameData\script_cbl_ordermade003_2.arc,3026,080F3688,1250
0,0,GameData\script_cbl_ordermade004_2.arc,3250,96221889,1250
0,0,GameData\script_cbl_personal_om002_2.arc,1730,BC1779C2,1250
0,0,GameData\script_cbl_personal_om004_2.arc,1954,3FEFD65F,1280
0,0,GameData\script_cbl_s2.arc,1170205,611FCB43,1230
0,0,GameData\voice_cbl_s2.arc,160897961,3132D9C8,1301
0,0,manual\index.html,52620,3D3D5ACF,1170
0,0,manual\css\index.css,7168,D11B8AF5,1170
0,0,manual\img\chu-blip2.jpg,78933,95522903,1170
0,0,manual\img\com3d2wcls2_logo.png,107288,47D023F7,1170
0,0,manual\img\config.jpg,167519,C5E4FAF3,1170
0,0,manual\img\menu001.jpg,13885,25B66329,1170
0,0,manual\img\menu002.jpg,24247,87A4205F,1170
0,0,manual\img\yotogi04.jpg,239859,141EC205,1170
0,0,manual\img\yotogi05.jpg,187720,9C93EE69,1170
share,GameData\patch\bg_kissevent2018_sp_card_2.arc,GameData\bg_kissevent2018_sp_card_2.arc,493322,140250D1,1100
share,GameData\patch\bg_sp001_2.arc,GameData\bg_sp001_2.arc,16204240,91030B15,1000
share,GameData\patch\bg_sp004_2.arc,GameData\bg_sp004_2.arc,35284425,D79D7E66,1290
share,GameData\patch\csv.arc,GameData\csv.arc,6156711,81B427DA,1350
share,GameData\patch\csv_denkigai2018wpcard_2.arc,GameData\csv_denkigai2018wpcard_2.arc,450,CD1D6826,1331
share,GameData\patch\csv_gp001_2.arc,GameData\csv_gp001_2.arc,34178,AA372C5C,1270
share,GameData\patch\csv_jp.arc,GameData\csv_jp.arc,13747,BE714C79,1310
share,GameData\patch\csv_personal_om006_2.arc,GameData\csv_personal_om006_2.arc,1426,AB118368,1350
share,GameData\patch\csv_old_2.arc,GameData\csv_old_2.arc,1746,7AD2A97C,1150
share,GameData\patch\csv_ordermade001_2.arc,GameData\csv_ordermade001_2.arc,770,422A7575,1150
share,GameData\patch\parts2.arc,GameData\parts2.arc,157172658,4C5B4FE1,1350
share,GameData\patch\parts_denkigai2019s_2.arc,GameData\parts_denkigai2019s_2.arc,6064088,504C8260,1350
share,GameData\patch\parts_dlc209_2.arc,GameData\parts_dlc209_2.arc,1363413,BF1ABBC0,1171
share,GameData\patch\parts_dlc216_2.arc,GameData\parts_dlc216_2.arc,932171,E7454670,1200
share,GameData\patch\parts_dlc232_2.arc,GameData\parts_dlc232_2.arc,3682,115DEE3E,1250
share,GameData\patch\parts_dlc267_2.arc,GameData\parts_dlc267_2.arc,2317684,C3E93D7B,1331
share,GameData\patch\parts_dlc268_2.arc,GameData\parts_dlc268_2.arc,465617,1FC74BD4,1320
share,GameData\patch\parts_dlc268ns_2.arc,GameData\parts_dlc268ns_2.arc,465634,269DB210,1320
share,GameData\patch\parts_dlc279_2.arc,GameData\parts_dlc279_2.arc,6171073,DF439D14,1331
share,GameData\patch\parts_gp001_2.arc,GameData\parts_gp001_2.arc,46067545,AD48821C,1331
share,GameData\patch\parts_karaoke001_2.arc,GameData\parts_karaoke001_2.arc,453245,11C970D3,1280
share,GameData\patch\parts_magazine003_2.arc,GameData\parts_magazine003_2.arc,201385,3A5B273D,1120
share,GameData\patch\parts_omvr.arc,GameData\parts_omvr.arc,3206509,4F0D0480,1120
share,GameData\patch\parts_personal_om006_2.arc,GameData\parts_personal_om006_2.arc,307194,3FCB0A15,1331
share,GameData\patch\parts_kissevent2018_2.arc,GameData\parts_kissevent2018_2.arc,5570,005BBD00,1100
share,GameData\patch\parts_shop016_2.arc,GameData\parts_shop016_2.arc,171410,3D70CEC4,1060
share,GameData\patch\parts_sp002cloth1_2.arc,GameData\parts_sp002cloth1_2.arc,10930,46512519,1250
share,GameData\patch\parts_sp005cloth2_2.arc,GameData\parts_sp005cloth2_2.arc,23826,9ECA62AD,1312
share,GameData\patch\parts_vac001_2.arc,GameData\parts_vac001_2.arc,6706,959CBD1B,1250
share,GameData\patch\paths.dat,GameData\paths.dat,6008,4F7D53A0,1350
share,GameData\patch\prioritymaterial.arc,GameData\prioritymaterial.arc,324907,8EFC0D6D,1350
share,GameData\patch\script_share_karaoke_2.arc,GameData\script_share_karaoke_2.arc,8129,42BE23AF,1303
share,GameData\patch\sound2.arc,GameData\sound2.arc,4012002,5CB1BFAE,1350
share,GameData\patch\system2.arc,GameData\system2.arc,14526179,EC9694EF,1350
share,GameData\patch\system_gp001_2.arc,GameData\system_gp001_2.arc,6758158,C5047B0C,1301
share,GameData\patch\system_gp002_2.arc,GameData\system_gp002_2.arc,3352431,A85DA78B,1350
share,GameData\patch\voice_gp001_2.arc,GameData\voice_gp001_2.arc,128499501,74943317,1270
share,GameData_20\bg_vp001_2.arc,GameData_20\bg_vp001_2.arc,283046,A7A90EE1,1190
share,GameData_20\material_denkigai2015w_2.arc,GameData_20\material_denkigai2015w_2.arc,3490,F06AAABE,1090
share,GameData_20\material_dlc195_2.arc,GameData_20\material_dlc195_2.arc,1746,ECFBFE17,1090
share,GameData_20\material_dlcdenkigai2015w_2.arc,GameData_20\material_dlcdenkigai2015w_2.arc,3522,D35394D7,1090
share,GameData_20\material_dlcdenkigai2017w_2.arc,GameData_20\material_dlcdenkigai2017w_2.arc,3506,40FF8AFA,1090
share,GameData_20\material_kissevent2017march_2.arc,GameData_20\material_kissevent2017march_2.arc,3538,7A6FC5CF,1090
share,GameData_20\menu_dlc195_2.arc,GameData_20\menu_dlc195_2.arc,1170,BF163DDC,1090
share,GameData_20\model_denkigai2015w_2.arc,GameData_20\model_denkigai2015w_2.arc,174373,F9233759,1090
share,GameData_20\model_dlc195_2.arc,GameData_20\model_dlc195_2.arc,583563,16C95E54,1090
share,GameData_20\model_dlcdenkigai2015w_2.arc,GameData_20\model_dlcdenkigai2015w_2.arc,174400,BE6E5467,1090
share,GameData_20\model_dlcdenkigai2017w_2.arc,GameData_20\model_dlcdenkigai2017w_2.arc,181384,6D5B735E,1090
share,GameData_20\model_kissevent2017march_2.arc,GameData_20\model_kissevent2017march_2.arc,190682,21F32FCB,1090
share,GameData_20\texture_dlc195_2.arc,GameData_20\texture_dlc195_2.arc,16075880,456A4C76,1090
share,GameData_20\paths.dat,GameData_20\paths.dat,5091,D094E2BE,1580
share,GameData_20\prioritymaterial.arc,GameData_20\prioritymaterial.arc,221488,580931AC,1582
share,GameData_20\material_denkigai2015s003_2.arc,GameData_20\material_denkigai2015s003_2.arc,7106,0C82D791,1150
share,GameData_20\material_denkigai2015wTowelR.arc,GameData_20\material_denkigai2015wTowelR.arc,1602,618192B9,1360
share,GameData_20\material_dlc055_2.arc,GameData_20\material_dlc055_2.arc,5282,11A93109,1280
share,GameData_20\material_dlsite_2.arc,GameData_20\material_dlsite_2.arc,1762,C5A837EA,1150
share,GameData_20\material_shop001_2.arc,GameData_20\material_shop001_2.arc,1762,D98CED1C,1150
share,GameData_20\material_shop002_2.arc,GameData_20\material_shop002_2.arc,1762,956BB00E,1150
share,GameData_20\material_shop003_2.arc,GameData_20\material_shop003_2.arc,1762,38CEBFF2,1150
share,GameData_20\material_shop005_2.arc,GameData_20\material_shop005_2.arc,1714,3E621A32,1150
share,GameData_20\material_shop007_2.arc,GameData_20\material_shop007_2.arc,2578,C8CE627C,1150
share,GameData_20\material_vp001_2.arc,GameData_20\material_vp001_2.arc,11890,8CB043B0,1400
share,GameData_20\material_yomeido003_2.arc,GameData_20\material_yomeido003_2.arc,1522,0689A7AC,1240
share,GameData_20\menu_denkigai2015s001_2.arc,GameData_20\menu_denkigai2015s001_2.arc,6594,8B3E849F,1160
share,GameData_20\menu_denkigai2015s003_2.arc,GameData_20\menu_denkigai2015s003_2.arc,4338,D294CE88,1150
share,GameData_20\menu_denkigai2015wTowelR.arc,GameData_20\menu_denkigai2015wTowelR.arc,1282,CECEE1FC,1360
share,GameData_20\menu_denkigai2016s_2.arc,GameData_20\menu_denkigai2016s_2.arc,1346,4A9440B1,1351
share,GameData_20\menu_denkigai2016w_2.arc,GameData_20\menu_denkigai2016w_2.arc,15154,C8D64D3B,1450
share,GameData_20\menu_denkigai2017s_2.arc,GameData_20\menu_denkigai2017s_2.arc,1218,267B1338,1540
share,GameData_20\menu_dlcdenkigai2016w_2.arc,GameData_20\menu_dlcdenkigai2016w_2.arc,13522,45E7F667,1450
share,GameData_20\menu_dlcdenkigai2017s_2.arc,GameData_20\menu_dlcdenkigai2017s_2.arc,1218,A6C83B5D,1540
share,GameData_20\menu_dlc026_2.arc,GameData_20\menu_dlc026_2.arc,3778,69453D54,1190
share,GameData_20\menu_dlc028_2.arc,GameData_20\menu_dlc028_2.arc,3874,DE3F1C31,1200
share,GameData_20\menu_dlc041_2.arc,GameData_20\menu_dlc041_2.arc,6786,97F738D3,1380
share,GameData_20\menu_dlc042_2.arc,GameData_20\menu_dlc042_2.arc,1154,EE4016C0,1440
share,GameData_20\menu_dlc049_2.arc,GameData_20\menu_dlc049_2.arc,3106,E30D6F4C,1522
share,GameData_20\menu_dlc061_2.arc,GameData_20\menu_dlc061_2.arc,3810,F99C1D4E,1290
share,GameData_20\menu_dlc065_2.arc,GameData_20\menu_dlc065_2.arc,7602,D9387834,1380
share,GameData_20\menu_dlc074_2.arc,GameData_20\menu_dlc074_2.arc,5618,24C559D7,1312
share,GameData_20\menu_dlc100_2.arc,GameData_20\menu_dlc100_2.arc,1250,DFF94E9A,1400
share,GameData_20\menu_dlc101_2.arc,GameData_20\menu_dlc101_2.arc,1218,44DB4049,1481
share,GameData_20\menu_dlsite_2.arc,GameData_20\menu_dlsite_2.arc,1954,B2268BA7,1150
share,GameData_20\menu_kissevent2017march.arc,GameData_20\menu_kissevent2017march.arc,281,FF4EEB9B,1522
share,GameData_20\menu_kissevent2017march_2.arc,GameData_20\menu_kissevent2017march_2.arc,106624,14291926,1631
share,GameData_20\menu_magazine002_2.arc,GameData_20\menu_magazine002_2.arc,12498,691C1126,1471
share,GameData_20\menu_personal002_2.arc,GameData_20\menu_personal002_2.arc,1282,5687650C,1310
share,GameData_20\menu_shop001_2.arc,GameData_20\menu_shop001_2.arc,3314,35207C87,1150
share,GameData_20\menu_shop005_2.arc,GameData_20\menu_shop005_2.arc,1378,0C9AF725,1150
share,GameData_20\menu_vp001_2.arc,GameData_20\menu_vp001_2.arc,19138,7C7AFD9C,1400
share,GameData_20\menu_yomeido003_2.arc,GameData_20\menu_yomeido003_2.arc,1234,4D6F619D,1240
share,GameData_20\menu_yomeidogp_wedding_2.arc,GameData_20\menu_yomeidogp_wedding_2.arc,3954,C251B12C,1320
share,GameData_20\model_denkigai2015s003_2.arc,GameData_20\model_denkigai2015s003_2.arc,394665,41A48185,1150
share,GameData_20\model_denkigai2015wTowelR.arc,GameData_20\model_denkigai2015wTowelR.arc,38258,FB570A24,1360
share,GameData_20\model_denkigai2017s_2.arc,GameData_20\model_denkigai2017s_2.arc,462663,8917104A,1582
share,GameData_20\model_dlcdenkigai2017s_2.arc,GameData_20\model_dlcdenkigai2017s_2.arc,462667,9F0C3D54,1582
share,GameData_20\model_dlc005_2.arc,GameData_20\model_dlc005_2.arc,175424,F7DD7D82,1270
share,GameData_20\model_dlc046_2.arc,GameData_20\model_dlc046_2.arc,155690,83B34173,1220
share,GameData_20\model_dlc073_2.arc,GameData_20\model_dlc073_2.arc,267037,47D33A06,1320
share,GameData_20\model_dlc100_2.arc,GameData_20\model_dlc100_2.arc,691347,7C3D679D,1400
share,GameData_20\model_dlc109_2.arc,GameData_20\model_dlc109_2.arc,137998,8FCCF513,1460
share,GameData_20\model_dlc151_2.arc,GameData_20\model_dlc151_2.arc,213532,8C3C80C3,1520
share,GameData_20\model_dlsite_2.arc,GameData_20\model_dlsite_2.arc,197173,24366C43,1150
share,GameData_20\model_shop001_2.arc,GameData_20\model_shop001_2.arc,115215,9C941FAF,1150
share,GameData_20\model_shop002_2.arc,GameData_20\model_shop002_2.arc,251253,743C3D97,1150
share,GameData_20\model_shop003_2.arc,GameData_20\model_shop003_2.arc,185433,A15EC70A,1150
share,GameData_20\model_shop005_2.arc,GameData_20\model_shop005_2.arc,150103,FB5341FA,1150
share,GameData_20\model_shop007_2.arc,GameData_20\model_shop007_2.arc,288759,80615CBD,1150
share,GameData_20\model_vp001_2.arc,GameData_20\model_vp001_2.arc,647957,D68B5D2F,1400
share,GameData_20\texture_denkigai2015wTowelR.arc,GameData_20\texture_denkigai2015wTowelR.arc,133065,FE4BDC34,1360
share,GameData_20\texture_denkigai2016w_2.arc,GameData_20\texture_denkigai2016w_2.arc,10105247,3B4641C3,1450
share,GameData_20\texture_dlcdenkigai2016w_2.arc,GameData_20\texture_dlcdenkigai2016w_2.arc,10105332,90868016,1450
share,GameData_20\texture_kissevent2017march.arc,GameData_20\texture_kissevent2017march.arc,281,FF4EEB9B,1522
share,GameData_20\texture_kissevent2017march_2.arc,GameData_20\texture_kissevent2017march_2.arc,79432604,C7DD457A,1631
share,GameData_20\texture_dlc004_2.arc,GameData_20\texture_dlc004_2.arc,4805734,C8E5CFB4,1200
share,GameData_20\texture_dlc046_2.arc,GameData_20\texture_dlc046_2.arc,596960,FC606BA5,1220
share,GameData_20\texture_vp001_2.arc,GameData_20\texture_vp001_2.arc,755269,18D5027D,1400
share,GameData_20\texture_yomeido003_2.arc,GameData_20\texture_yomeido003_2.arc,117248,0EE72B42,1240
