0,0,CM3D2.exe,6257152,9C5FAD73,1003
0,0,CM3D2x86.exe,11629568,B2599E30,106
0,0,CM3D2x86_Data\level0,154376,94B8155C,106
0,0,CM3D2x86_Data\level1,209928,8E1B7B08,106
0,0,CM3D2x86_Data\level10,140120,E11184D9,106
0,0,CM3D2x86_Data\level11,164464,E11DD99D,106
0,0,CM3D2x86_Data\level12,140120,8AAD3039,106
0,0,CM3D2x86_Data\level13,423024,3BE19266,106
0,0,CM3D2x86_Data\level14,4376,6FABE656,104
0,0,CM3D2x86_Data\level15,143184,33474E54,106
0,0,CM3D2x86_Data\level16,4376,7B6CE267,106
0,0,CM3D2x86_Data\level17,140880,68613880,106
0,0,CM3D2x86_Data\level18,193328,26038FE6,106
0,0,CM3D2x86_Data\level19,400672,ED7DC684,106
0,0,CM3D2x86_Data\level2,427672,393E2BE1,106
0,0,CM3D2x86_Data\level3,621264,292467D1,106
0,0,CM3D2x86_Data\level4,545944,B648EBC0,106
0,0,CM3D2x86_Data\level5,140528,062D9E78,106
0,0,CM3D2x86_Data\level6,277152,1F8A9CA6,106
0,0,CM3D2x86_Data\level7,180952,F8825AE4,106
0,0,CM3D2x86_Data\level8,177144,7D8D5DE9,106
0,0,CM3D2x86_Data\level9,150136,ED3D172F,106
0,0,CM3D2x86_Data\mainData,832248,A24B5262,106
0,0,CM3D2x86_Data\PlayerConnectionConfigFile,20,D2DF9DAF,106
0,0,CM3D2x86_Data\resources.assets,205131208,61F182DE,106
0,0,CM3D2x86_Data\sharedassets0.assets,236803728,A1B5C220,106
0,0,CM3D2x86_Data\sharedassets1.assets,6998796,87E324E8,106
0,0,CM3D2x86_Data\sharedassets10.assets,5256,29C3E3BA,106
0,0,CM3D2x86_Data\sharedassets11.assets,466308,70D9DCBA,106
0,0,CM3D2x86_Data\sharedassets12.assets,5280,9BB3BEEF,106
0,0,CM3D2x86_Data\sharedassets13.assets,466308,7B096C8D,106
0,0,CM3D2x86_Data\sharedassets14.assets,1758656,65AAC400,106
0,0,CM3D2x86_Data\sharedassets15.assets,4112,664BD2C6,104
0,0,CM3D2x86_Data\sharedassets16.assets,4200896,5756315A,106
0,0,CM3D2x86_Data\sharedassets17.assets,4112,59545716,106
0,0,CM3D2x86_Data\sharedassets18.assets,5320,5ABE2EC9,106
0,0,CM3D2x86_Data\sharedassets19.assets,3691748,F994FD28,106
0,0,CM3D2x86_Data\sharedassets2.assets,5612280,5A5C4DED,106
0,0,CM3D2x86_Data\sharedassets20.assets,32511080,6A35876B,106
0,0,CM3D2x86_Data\sharedassets20.assets.resS,1857256,5A8E845B,105
0,0,CM3D2x86_Data\sharedassets3.assets,13906728,9DAF9E87,106
0,0,CM3D2x86_Data\sharedassets4.assets,170642964,0C32967E,106
0,0,CM3D2x86_Data\sharedassets4.assets.resS,3985350,98874744,101
0,0,CM3D2x86_Data\sharedassets5.assets,6952140,09C57EE9,106
0,0,CM3D2x86_Data\sharedassets6.assets,503336,45F8CD31,106
0,0,CM3D2x86_Data\sharedassets7.assets,5456,492F4363,106
0,0,CM3D2x86_Data\sharedassets8.assets,355444,A8D1A59C,106
0,0,CM3D2x86_Data\sharedassets9.assets,11891548,A3F3315A,106
0,0,CM3D2x86_Data\Managed\Accessibility.dll,10752,E4E77DC7,101
0,0,CM3D2x86_Data\Managed\Assembly-CSharp-firstpass.dll,163328,0658F1F2,106
0,0,CM3D2x86_Data\Managed\Assembly-CSharp.dll,1785344,9B9BF385,106
0,0,CM3D2x86_Data\Managed\Assembly-UnityScript-firstpass.dll,65024,6E965F1C,106
0,0,CM3D2x86_Data\Managed\Boo.Lang.dll,126976,1E4A828D,101
0,0,CM3D2x86_Data\Managed\JsonFx.Json.dll,70144,A0F0CFCB,101
0,0,CM3D2x86_Data\Managed\Mono.Data.Tds.dll,96256,91E0BB7F,101
0,0,CM3D2x86_Data\Managed\Mono.Posix.dll,184320,2F4F12C4,101
0,0,CM3D2x86_Data\Managed\Mono.Security.dll,294912,DD165EC5,101
0,0,CM3D2x86_Data\Managed\Mono.WebBrowser.dll,172032,631F0611,101
0,0,CM3D2x86_Data\Managed\mscorlib.dll,2590208,E1020A4B,101
0,0,CM3D2x86_Data\Managed\System.Configuration.dll,124928,6B1D3776,101
0,0,CM3D2x86_Data\Managed\System.Core.dll,300032,95425E2C,101
0,0,CM3D2x86_Data\Managed\System.Data.dll,856064,AC9FDB6F,101
0,0,CM3D2x86_Data\Managed\System.dll,1678848,3731B01A,101
0,0,CM3D2x86_Data\Managed\System.Drawing.Design.dll,29696,E7B53FF9,101
0,0,CM3D2x86_Data\Managed\System.Drawing.dll,448512,C4B2E872,101
0,0,CM3D2x86_Data\Managed\System.EnterpriseServices.dll,46592,2719761F,101
0,0,CM3D2x86_Data\Managed\System.Security.dll,135168,051BE01E,101
0,0,CM3D2x86_Data\Managed\System.Transactions.dll,27648,4038EEFE,101
0,0,CM3D2x86_Data\Managed\System.Windows.Forms.dll,3053568,56394001,101
0,0,CM3D2x86_Data\Managed\System.Xml.dll,1270272,5C597B82,101
0,0,CM3D2x86_Data\Managed\System.Xml.Linq.dll,106496,8E124937,101
0,0,CM3D2x86_Data\Managed\UnityEngine.dll,612864,64D03B85,101
0,0,CM3D2x86_Data\Managed\UnityEngine.UI.dll,176128,761D83BD,101
0,0,CM3D2x86_Data\Managed\UnityScript.Lang.dll,14336,4E18BC10,101
0,0,CM3D2x86_Data\Mono\mono.dll,2103296,43DE6274,101
0,0,CM3D2x86_Data\Mono\etc\mono\browscap.ini,311984,CE6C0AB3,101
0,0,CM3D2x86_Data\Mono\etc\mono\config,1691,A635914A,101
0,0,CM3D2x86_Data\Mono\etc\mono\1.0\DefaultWsdlHelpGenerator.aspx,58196,10E814BF,101
0,0,CM3D2x86_Data\Mono\etc\mono\1.0\machine.config,17259,82F1AD8B,101
0,0,CM3D2x86_Data\Mono\etc\mono\2.0\DefaultWsdlHelpGenerator.aspx,60453,F3869A34,101
0,0,CM3D2x86_Data\Mono\etc\mono\2.0\machine.config,27626,4F6C3F79,101
0,0,CM3D2x86_Data\Mono\etc\mono\2.0\settings.map,2618,A1A3C29F,101
0,0,CM3D2x86_Data\Mono\etc\mono\2.0\web.config,11686,534A9960,101
0,0,CM3D2x86_Data\Mono\etc\mono\2.0\Browsers\Compat.browser,1605,2E178A0B,101
0,0,CM3D2x86_Data\Mono\etc\mono\mconfig\config.xml,25817,80B2033A,101
0,0,CM3D2x86_Data\Plugins\cm3d2_x86.dll,1270784,BD05819F,101
0,0,CM3D2x86_Data\Plugins\device_hook.dll,77312,7EEF9868,101
0,0,CM3D2x86_Data\Resources\unity default resources,1571709,31020360,101
0,0,CM3D2x86_Data\Resources\unity_builtin_extra,372672,FA28C415,101
0,0,GameData\csv.arc,1336390,C4BE5268,106
0,0,GameData\material2.arc,21723,03615CC8,105
0,0,GameData\menu2.arc,153918,ABD52878,105
0,0,GameData\model2.arc,2271465,9E51DBB3,105
0,0,GameData\motion2.arc,57682416,DE917555,106
0,0,GameData\paths.dat,112,A3A3172C,106
0,0,GameData\script.arc,10804447,D3869D67,106
0,0,GameData\sound2.arc,7121023,3F25C34A,106
0,0,GameData\texture2.arc,622669718,A5FA93C6,101
0,0,GameData\voice2.arc,290990258,55953CD2,101
0,0,manual\data\004.png,699424,54A4DC50,101
0,0,manual\data\007.png,453984,97E623F5,101
0,0,manual\data\008.png,553674,7B23C3DF,101
0,0,manual\data\013.png,673884,992CEEC5,101
0,0,Preset\1_junshin.preset,43021,0D00795A,101
0,0,Preset\2_coodere.preset,43516,E9EBB0F2,101
0,0,Preset\3_tsundere.preset,48900,D0EF8B9E,101
0,0,Preset\4_default.preset,43697,C5E392BE,101
0,0,Preset\5_pretty_junshin.preset,40739,D9262BEF,101
0,0,Preset\6_pretty_coodere.preset,39554,E54D5766,101
0,0,Preset\7_pretty_tsundere.preset,38235,CA8437BB,101
