0,0,CM3D2OH.exe,7485440,3AE3DEAF,1010
0,0,CM3D2OHx64.exe,20649984,0A92CEB6,1660
0,0,CM3D2OHx64_VR.bat,78,B607902C,1672
0,0,LICENSE,25204,17CCA6C1,1672
0,0,CM3D2OHx64_Data\globalgamemanagers,2209028,43FC27DF,1672
0,0,CM3D2OHx64_Data\globalgamemanagers.assets,163484,C25FE69F,1672
0,0,CM3D2OHx64_Data\level0,276868,9B7E63E9,1672
0,0,CM3D2OHx64_Data\level1,294860,07931EFD,1672
0,0,CM3D2OHx64_Data\level10,651956,289E478E,1672
0,0,CM3D2OHx64_Data\level11,4640,1ABC81CC,1672
0,0,CM3D2OHx64_Data\level12,279476,86479AA3,1672
0,0,CM3D2OHx64_Data\level13,4640,92C5ACFE,1672
0,0,CM3D2OHx64_Data\level14,297596,7B895411,1672
0,0,CM3D2OHx64_Data\level15,397588,AFB97AAD,1672
0,0,CM3D2OHx64_Data\level16,539084,E73C77C2,1672
0,0,CM3D2OHx64_Data\level17,303012,AEF9A244,1672
0,0,CM3D2OHx64_Data\level18,625476,090C8338,1672
0,0,CM3D2OHx64_Data\level19,362924,AF460EBF,1672
0,0,CM3D2OHx64_Data\level2,377596,823D6AE0,1672
0,0,CM3D2OHx64_Data\level20,747940,15397AF3,1672
0,0,CM3D2OHx64_Data\level21,1416444,991FE180,1672
0,0,CM3D2OHx64_Data\level22,607148,566252AF,1672
0,0,CM3D2OHx64_Data\level23,700116,F122487B,1672
0,0,CM3D2OHx64_Data\level24,931340,75CAA09C,1672
0,0,CM3D2OHx64_Data\level25,792268,62C16A3D,1672
0,0,CM3D2OHx64_Data\level26,639428,8B00D0EE,1672
0,0,CM3D2OHx64_Data\level27,914484,B2AB7C17,1672
0,0,CM3D2OHx64_Data\level28,632596,6F8BCE9E,1672
0,0,CM3D2OHx64_Data\level29,855252,2686CCFF,1672
0,0,CM3D2OHx64_Data\level3,684916,70803A47,1672
0,0,CM3D2OHx64_Data\level30,405220,CB9B1C02,1672
0,0,CM3D2OHx64_Data\level31,27784,D505D864,1672
0,0,CM3D2OHx64_Data\level31.resS,131232,EB296BB9,1672
0,0,CM3D2OHx64_Data\level32,38492,0E648C11,1672
0,0,CM3D2OHx64_Data\level33,44076,6B83FD4D,1672
0,0,CM3D2OHx64_Data\level34,39992,2863B27C,1672
0,0,CM3D2OHx64_Data\level35,277756,42751CCB,1672
0,0,CM3D2OHx64_Data\level36,644740,AD762BE6,1672
0,0,CM3D2OHx64_Data\level37,356012,9D419993,1672
0,0,CM3D2OHx64_Data\level38,352612,03BF8941,1672
0,0,CM3D2OHx64_Data\level39,346148,79F291F7,1672
0,0,CM3D2OHx64_Data\level4,707980,ACCBBC84,1672
0,0,CM3D2OHx64_Data\level40,409644,53648D05,1672
0,0,CM3D2OHx64_Data\level41,422012,D03C131F,1672
0,0,CM3D2OHx64_Data\level42,398628,8614DF44,1672
0,0,CM3D2OHx64_Data\level5,277916,AA54BB3C,1672
0,0,CM3D2OHx64_Data\level6,321988,68B1AD91,1672
0,0,CM3D2OHx64_Data\level7,277420,BBA265A9,1672
0,0,CM3D2OHx64_Data\level8,304852,294DD665,1672
0,0,CM3D2OHx64_Data\level9,278436,4EF1DA0A,1672
0,0,CM3D2OHx64_Data\resources.assets,281080268,E765F8C3,1672
0,0,CM3D2OHx64_Data\resources.assets.resS,578372716,0DAD6FD5,1672
0,0,CM3D2OHx64_Data\sharedassets0.assets,16483168,3761835F,1672
0,0,CM3D2OHx64_Data\sharedassets0.assets.resS,121728032,BCB828A4,1672
0,0,CM3D2OHx64_Data\sharedassets1.assets,5956,A0734407,1672
0,0,CM3D2OHx64_Data\sharedassets10.assets,6388,78131893,1672
0,0,CM3D2OHx64_Data\sharedassets11.assets,4132,740B4B07,1672
0,0,CM3D2OHx64_Data\sharedassets12.assets,5860,DE1C3DD6,1672
0,0,CM3D2OHx64_Data\sharedassets13.assets,4132,E075D9A7,1672
0,0,CM3D2OHx64_Data\sharedassets14.assets,6580,8F4041A1,1672
0,0,CM3D2OHx64_Data\sharedassets15.assets,5824,22415470,1672
0,0,CM3D2OHx64_Data\sharedassets16.assets,215320,A983B484,1672
0,0,CM3D2OHx64_Data\sharedassets16.assets.resS,51968,C41BC4E7,1672
0,0,CM3D2OHx64_Data\sharedassets17.assets,5896,A2DB0067,1672
0,0,CM3D2OHx64_Data\sharedassets18.assets,74200,382001F4,1672
0,0,CM3D2OHx64_Data\sharedassets19.assets,6028,67788D27,1672
0,0,CM3D2OHx64_Data\sharedassets2.assets,6172,48E77929,1672
0,0,CM3D2OHx64_Data\sharedassets20.assets,8164,3474AEA5,1672
0,0,CM3D2OHx64_Data\sharedassets21.assets,6604,0751DD3E,1672
0,0,CM3D2OHx64_Data\sharedassets22.assets,39511744,BA4CAB78,1672
0,0,CM3D2OHx64_Data\sharedassets23.assets,67700992,256B9635,1672
0,0,CM3D2OHx64_Data\sharedassets24.assets,67690216,BCE0556B,1672
0,0,CM3D2OHx64_Data\sharedassets25.assets,47233852,D86A3DE6,1672
0,0,CM3D2OHx64_Data\sharedassets25.resource,3813344,7B95E5D4,1672
0,0,CM3D2OHx64_Data\sharedassets26.assets,80175012,8F9212B8,1672
0,0,CM3D2OHx64_Data\sharedassets27.assets,84139396,3B504BF7,1672
0,0,CM3D2OHx64_Data\sharedassets28.assets,48988508,27A86E17,1672
0,0,CM3D2OHx64_Data\sharedassets29.assets,111395772,C513158E,1672
0,0,CM3D2OHx64_Data\sharedassets29.assets.resS,7296672,0E6CF936,1672
0,0,CM3D2OHx64_Data\sharedassets3.assets,1310280,F3513744,1672
0,0,CM3D2OHx64_Data\sharedassets30.assets,55916816,2D51365A,1672
0,0,CM3D2OHx64_Data\sharedassets31.assets,27512,BC4CC9DE,1672
0,0,CM3D2OHx64_Data\sharedassets31.assets.resS,174776,7D821248,1672
0,0,CM3D2OHx64_Data\sharedassets32.assets,55004,7604F4B3,1672
0,0,CM3D2OHx64_Data\sharedassets32.assets.resS,786464,17681AC8,1672
0,0,CM3D2OHx64_Data\sharedassets33.assets,4432,A6B4316F,1672
0,0,CM3D2OHx64_Data\sharedassets34.assets,1032148,291B54C2,1672
0,0,CM3D2OHx64_Data\sharedassets34.assets.resS,5417776,A41251E2,1672
0,0,CM3D2OHx64_Data\sharedassets35.assets,5836,08787D54,1672
0,0,CM3D2OHx64_Data\sharedassets36.assets,130769172,B238500A,1672
0,0,CM3D2OHx64_Data\sharedassets37.assets,86031244,BBB9A9BC,1672
0,0,CM3D2OHx64_Data\sharedassets37.assets.resS,87400,0DB2AE3E,1672
0,0,CM3D2OHx64_Data\sharedassets38.assets,77322220,A0FA5AD4,1672
0,0,CM3D2OHx64_Data\sharedassets39.assets,83356072,73C26C6E,1672
0,0,CM3D2OHx64_Data\sharedassets4.assets,6484,BED90A58,1672
0,0,CM3D2OHx64_Data\sharedassets40.assets,81435928,59AAB208,1672
0,0,CM3D2OHx64_Data\sharedassets40.assets.resS,174776,08EE0C0E,1672
0,0,CM3D2OHx64_Data\sharedassets41.assets,75087788,2065DDB5,1672
0,0,CM3D2OHx64_Data\sharedassets42.assets,66802316,43C9E3A3,1672
0,0,CM3D2OHx64_Data\sharedassets5.assets,5824,5D94E0CC,1672
0,0,CM3D2OHx64_Data\sharedassets6.assets,6364,BD1BDDCF,1672
0,0,CM3D2OHx64_Data\sharedassets7.assets,5800,D5BA84A3,1672
0,0,CM3D2OHx64_Data\sharedassets8.assets,5824,DDD4548D,1672
0,0,CM3D2OHx64_Data\sharedassets9.assets,5848,A1BE86E8,1672
0,0,CM3D2OHx64_Data\Managed\Accessibility.dll,10752,594EE943,1672
0,0,CM3D2OHx64_Data\Managed\Assembly-CSharp-firstpass.dll,780288,97FB6956,1672
0,0,CM3D2OHx64_Data\Managed\Assembly-CSharp.dll,3251200,468D5458,1672
0,0,CM3D2OHx64_Data\Managed\Assembly-UnityScript-firstpass.dll,65024,86F42728,1672
0,0,CM3D2OHx64_Data\Managed\Boo.Lang.dll,126976,9ADD3789,1672
0,0,CM3D2OHx64_Data\Managed\FoveUnityPlugin.dll,28672,A6EA882B,1672
0,0,CM3D2OHx64_Data\Managed\Ionic.Zlib.dll,102400,7C9E7DD2,1672
0,0,CM3D2OHx64_Data\Managed\JsonFx.Json.dll,70144,A0F0CFCB,1672
0,0,CM3D2OHx64_Data\Managed\LeapCSharp.NET3.5.dll,82432,38E38212,1672
0,0,CM3D2OHx64_Data\Managed\Mono.Data.Tds.dll,96256,DDA7BAB7,1672
0,0,CM3D2OHx64_Data\Managed\Mono.Posix.dll,184320,C7063ABB,1672
0,0,CM3D2OHx64_Data\Managed\Mono.Security.dll,294912,8C7E67B3,1672
0,0,CM3D2OHx64_Data\Managed\Mono.WebBrowser.dll,172032,541986C3,1672
0,0,CM3D2OHx64_Data\Managed\mscorlib.dll,2589696,AFA570E5,1672
0,0,CM3D2OHx64_Data\Managed\System.Configuration.dll,124928,D5F2A804,1672
0,0,CM3D2OHx64_Data\Managed\System.Core.dll,297472,BCE2218F,1672
0,0,CM3D2OHx64_Data\Managed\System.Data.dll,856064,F1D38D2E,1672
0,0,CM3D2OHx64_Data\Managed\System.dll,1679360,288F722A,1672
0,0,CM3D2OHx64_Data\Managed\System.Drawing.Design.dll,29696,E7B53FF9,1672
0,0,CM3D2OHx64_Data\Managed\System.Drawing.dll,448512,C4B2E872,1672
0,0,CM3D2OHx64_Data\Managed\System.EnterpriseServices.dll,46592,75A19B93,1672
0,0,CM3D2OHx64_Data\Managed\System.Security.dll,135168,365C74A7,1672
0,0,CM3D2OHx64_Data\Managed\System.Transactions.dll,27648,203D65C1,1672
0,0,CM3D2OHx64_Data\Managed\System.Windows.Forms.dll,3053568,56394001,1672
0,0,CM3D2OHx64_Data\Managed\System.Xml.dll,1270272,9B79033F,1672
0,0,CM3D2OHx64_Data\Managed\System.Xml.Linq.dll,106496,B3ACF139,1672
0,0,CM3D2OHx64_Data\Managed\UnityEngine.dll,972800,B3EB425F,1672
0,0,CM3D2OHx64_Data\Managed\UnityEngine.dll.mdb,353934,02424F6C,1672
0,0,CM3D2OHx64_Data\Managed\UnityEngine.Networking.dll,230912,EBC88F56,1672
0,0,CM3D2OHx64_Data\Managed\UnityEngine.UI.dll,219136,8E43BC11,1672
0,0,CM3D2OHx64_Data\Managed\UnityScript.Lang.dll,14336,13EE284D,1672
0,0,CM3D2OHx64_Data\Managed\zxing.unity.dll,430592,9FD1F198,1672
0,0,CM3D2OHx64_Data\Mono\mono.dll,2612696,2A5A1006,1672
0,0,CM3D2OHx64_Data\Mono\etc\mono\browscap.ini,311984,CE6C0AB3,1672
0,0,CM3D2OHx64_Data\Mono\etc\mono\config,1691,A635914A,1672
0,0,CM3D2OHx64_Data\Mono\etc\mono\1.0\DefaultWsdlHelpGenerator.aspx,58196,10E814BF,1672
0,0,CM3D2OHx64_Data\Mono\etc\mono\1.0\machine.config,17258,EDE1AC59,1672
0,0,CM3D2OHx64_Data\Mono\etc\mono\2.0\DefaultWsdlHelpGenerator.aspx,60453,F3869A34,1672
0,0,CM3D2OHx64_Data\Mono\etc\mono\2.0\machine.config,27625,73C91C24,1672
0,0,CM3D2OHx64_Data\Mono\etc\mono\2.0\settings.map,2618,A1A3C29F,1672
0,0,CM3D2OHx64_Data\Mono\etc\mono\2.0\web.config,11686,534A9960,1672
0,0,CM3D2OHx64_Data\Mono\etc\mono\2.0\Browsers\Compat.browser,1605,2E178A0B,1672
0,0,CM3D2OHx64_Data\Mono\etc\mono\mconfig\config.xml,25817,80B2033A,1672
0,0,CM3D2OHx64_Data\Plugins\AVProVideo.dll,813056,60B54FA5,1672
0,0,CM3D2OHx64_Data\Plugins\cm3d2_hole_x64.dll,366592,ADDE8928,1672
0,0,CM3D2OHx64_Data\Plugins\cm3d2_x64.dll,1545216,E57EE95D,1672
0,0,CM3D2OHx64_Data\Plugins\device_hook.dll,401920,34332562,1672
0,0,CM3D2OHx64_Data\Plugins\FoveClient.dll,1849384,58C8B4F6,1672
0,0,CM3D2OHx64_Data\Plugins\LeapC.dll,2516992,FBDD3767,1672
0,0,CM3D2OHx64_Data\Plugins\openvr_api.dll,318272,44432E0F,1672
0,0,CM3D2OHx64_Data\Plugins\OVRGamepad.dll,12800,2C526135,1672
0,0,CM3D2OHx64_Data\Plugins\OVRPlugin.dll,1894312,38EDD831,1672
0,0,CM3D2OHx64_Data\Resources\unity default resources,1544700,7137E221,1672
0,0,CM3D2OHx64_Data\Resources\unity_builtin_extra,142196,DF9A5755,1672
0,0,GameData\csv_cbl.arc,789555,03E6AFB5,1672
0,0,GameData\motion_cbl2.arc,39147788,94600C7D,1610
0,0,GameData\motion_cbl_3d21reserve_2.arc,153695,115A5573,1590
0,0,GameData\motion_cbl_addpose001.arc,902201,447E5863,1220
0,0,GameData\motion_cbl_denkigai2016sOkou_2.arc,3995894,0D95C322,1540
0,0,GameData\motion_cbl_denkigai2017w_2.arc,495249,EFAA6DB8,1590
0,0,GameData\motion_cbl_denkigai2019s_2.arc,753520,6B178D48,1672
0,0,GameData\motion_cbl_pp002_2.arc,62463881,9CEF1E84,1360
0,0,GameData\motion_cbl_vp001_2.arc,141603,80D0D160,1160
0,0,GameData\motion_cbl_ytgc003_2.arc,296091,68096F71,1340
0,0,GameData\motion_cbl_ytgc002_2.arc,2475220,008FABF0,1160
0,0,GameData\motion_cbl_ytgc012_2.arc,1627105,BDF311CC,1540
0,0,GameData\script_cbl.arc,3637740,A8F9B5D1,16720
0,0,GameData\script_cbl_addpose001.arc,1219,0C884F57,1220
0,0,GameData\script_cbl_denkigai2016s_2.arc,81434,8C81CD11,1370
0,0,GameData\script_cbl_denkigai2016sSukumizu_2.arc,28002,5783CE35,1370
0,0,GameData\script_cbl_personal001.arc,333,811BEAE8,1
0,0,GameData\script_cbl_personal001_2.arc,625052,215396EB,1611
0,0,GameData\script_cbl_personal002_2.arc,166886,F7E3EB78,1610
0,0,GameData\script_cbl_personal003_2.arc,396946,B189C32B,1610
0,0,GameData\script_cbl_personal004_2.arc,160622,04EE02E6,1610
0,0,GameData\system_cbl.arc,535,0B028230,1419
0,0,GameData\voice_cbl2.arc,20099011,B8440DE3,1610
0,0,manual\data\005.png,459612,3AF928C5,1170
0,0,manual\data\010.png,800070,5269304C,1170
share,GameData\patch\bg_pp001_2.arc,GameData\bg_pp001_2.arc,1237157,C9D912F7,1220
share,GameData\patch\csv.arc,GameData\csv.arc,4125649,C7BE177A,1672
share,GameData\patch\csv_addpose001.arc,GameData\csv_addpose001.arc,1235,D06FCA6D,1220
share,GameData\patch\csv_pp001_2.arc,GameData\csv_pp001_2.arc,10034,29181748,1370
share,GameData\patch\csv_pp002_2.arc,GameData\csv_pp002_2.arc,450,65BCF215,1462
share,GameData\patch\csv_urayome001_2.arc,GameData\csv_urayome001_2.arc,1714,1D92B577,1401
share,GameData\patch\csv_vrcom_2.arc,GameData\csv_vrcom_2.arc,5650,BC36D221,1510
share,GameData\patch\csv_vp001_2.arc,GameData\csv_vp001_2.arc,2082,25E58CEB,1160
share,GameData\patch\material2.arc,GameData\material2.arc,229553,49B4B478,1640
share,GameData\patch\material_denkigai2015s003_2.arc,GameData\material_denkigai2015s003_2.arc,7106,0C82D791,1150
share,GameData\patch\material_denkigai2015wTowelR.arc,GameData\material_denkigai2015wTowelR.arc,1602,618192B9,1360
share,GameData\patch\material_dlc055_2.arc,GameData\material_dlc055_2.arc,5282,11A93109,1280
share,GameData\patch\material_dlc107_2.arc,GameData\material_dlc107_2.arc,5218,F9837138,1590
share,GameData\patch\material_dlc278_2.arc,GameData\material_dlc278_2.arc,3794,94EE71BB,1651
share,GameData\patch\material_dlsite_2.arc,GameData\material_dlsite_2.arc,1762,C5A837EA,1150
share,GameData\patch\material_shop001_2.arc,GameData\material_shop001_2.arc,1762,D98CED1C,1150
share,GameData\patch\material_shop002_2.arc,GameData\material_shop002_2.arc,1762,956BB00E,1150
share,GameData\patch\material_shop003_2.arc,GameData\material_shop003_2.arc,1762,38CEBFF2,1150
share,GameData\patch\material_shop005_2.arc,GameData\material_shop005_2.arc,1714,3E621A32,1150
share,GameData\patch\material_shop007_2.arc,GameData\material_shop007_2.arc,2578,C8CE627C,1150
share,GameData\patch\material_sp005cloth2_2.arc,GameData\material_sp005cloth2_2.arc,1810,3AE810F9,1641
share,GameData\patch\material_vp001_2.arc,GameData\material_vp001_2.arc,11890,8CB043B0,1400
share,GameData\patch\material_yomeido003_2.arc,GameData\material_yomeido003_2.arc,1522,0689A7AC,1240
share,GameData\patch\menu2.arc,GameData\menu2.arc,234656,3656F839,1640
share,GameData\patch\menu_cw001cloth3_2.arc,GameData\menu_cw001cloth3_2.arc,3986,E090A9CA,1672
share,GameData\patch\menu_denkigai2015s001_2.arc,GameData\menu_denkigai2015s001_2.arc,6594,8B3E849F,1160
share,GameData\patch\menu_denkigai2015s003_2.arc,GameData\menu_denkigai2015s003_2.arc,4338,D294CE88,1150
share,GameData\patch\menu_denkigai2015wTowelR.arc,GameData\menu_denkigai2015wTowelR.arc,1282,CECEE1FC,1360
share,GameData\patch\menu_denkigai2016s_2.arc,GameData\menu_denkigai2016s_2.arc,1346,4A9440B1,1351
share,GameData\patch\menu_denkigai2016w_2.arc,GameData\menu_denkigai2016w_2.arc,15154,C8D64D3B,1450
share,GameData\patch\menu_denkigai2017s_2.arc,GameData\menu_denkigai2017s_2.arc,4690,FD8D5340,1630
share,GameData\patch\menu_dlcdenkigai2016w_2.arc,GameData\menu_dlcdenkigai2016w_2.arc,13522,45E7F667,1450
share,GameData\patch\menu_dlcdenkigai2017s_2.arc,GameData\menu_dlcdenkigai2017s_2.arc,4706,B5EE5D43,1630
share,GameData\patch\menu_dlc026_2.arc,GameData\menu_dlc026_2.arc,3778,69453D54,1190
share,GameData\patch\menu_dlc028_2.arc,GameData\menu_dlc028_2.arc,3874,DE3F1C31,1200
share,GameData\patch\menu_dlc041_2.arc,GameData\menu_dlc041_2.arc,6786,97F738D3,1380
share,GameData\patch\menu_dlc042_2.arc,GameData\menu_dlc042_2.arc,1154,EE4016C0,1440
share,GameData\patch\menu_dlc049_2.arc,GameData\menu_dlc049_2.arc,3106,E30D6F4C,1522
share,GameData\patch\menu_dlc061_2.arc,GameData\menu_dlc061_2.arc,3810,F99C1D4E,1290
share,GameData\patch\menu_dlc065_2.arc,GameData\menu_dlc065_2.arc,7602,D9387834,1380
share,GameData\patch\menu_dlc074_2.arc,GameData\menu_dlc074_2.arc,5618,24C559D7,1312
share,GameData\patch\menu_dlc100_2.arc,GameData\menu_dlc100_2.arc,1250,DFF94E9A,1400
share,GameData\patch\menu_dlc101_2.arc,GameData\menu_dlc101_2.arc,1218,44DB4049,1481
share,GameData\patch\menu_dlc107_2.arc,GameData\menu_dlc107_2.arc,1746,A6C9E7C4,1590
share,GameData\patch\menu_dlc189_2.arc,GameData\menu_dlc189_2.arc,2258,5A9F3DE9,1590
share,GameData\patch\menu_dlc207_2.arc,GameData\menu_dlc207_2.arc,3922,552F051C,1630
share,GameData\patch\menu_dlsite_2.arc,GameData\menu_dlsite_2.arc,1954,B2268BA7,1150
share,GameData\patch\menu_kissevent2017march.arc,GameData\menu_kissevent2017march.arc,281,FF4EEB9B,1522
share,GameData\patch\menu_kissevent2017march_2.arc,GameData\menu_kissevent2017march_2.arc,106629,421A1F33,1522
share,GameData\patch\menu_magazine002_2.arc,GameData\menu_magazine002_2.arc,12498,691C1126,1471
share,GameData\patch\menu_personal002_2.arc,GameData\menu_personal002_2.arc,1282,5687650C,1310
share,GameData\patch\menu_shop001_2.arc,GameData\menu_shop001_2.arc,3314,35207C87,1150
share,GameData\patch\menu_shop005_2.arc,GameData\menu_shop005_2.arc,1378,0C9AF725,1150
share,GameData\patch\menu_sp003cloth3_2.arc,GameData\menu_sp003cloth3_2.arc,9826,4C326B5D,1672
share,GameData\patch\menu_vac001.arc,GameData\menu_vac001.arc,317,11490F18,1640
share,GameData\patch\menu_vac001_2.arc,GameData\menu_vac001_2.arc,24162,C5F8DFA9,1640
share,GameData\patch\menu_vp001_2.arc,GameData\menu_vp001_2.arc,19138,7C7AFD9C,1400
share,GameData\patch\menu_yomeido003_2.arc,GameData\menu_yomeido003_2.arc,1234,4D6F619D,1240
share,GameData\patch\menu_yomeidogp_wedding_2.arc,GameData\menu_yomeidogp_wedding_2.arc,3954,C251B12C,1320
share,GameData\patch\model2.arc,GameData\model2.arc,13969379,484826C9,1672
share,GameData\patch\model_denkigai2015s003_2.arc,GameData\model_denkigai2015s003_2.arc,394665,41A48185,1150
share,GameData\patch\model_denkigai2015wTowelR.arc,GameData\model_denkigai2015wTowelR.arc,38258,FB570A24,1360
share,GameData\patch\model_denkigai2017s_2.arc,GameData\model_denkigai2017s_2.arc,462663,8917104A,1582
share,GameData\patch\model_dlcdenkigai2017s_2.arc,GameData\model_dlcdenkigai2017s_2.arc,462667,9F0C3D54,1582
share,GameData\patch\model_dlc005_2.arc,GameData\model_dlc005_2.arc,799521,9B6E1D63,1672
share,GameData\patch\model_dlc046_2.arc,GameData\model_dlc046_2.arc,155690,83B34173,1220
share,GameData\patch\model_dlc073_2.arc,GameData\model_dlc073_2.arc,267037,47D33A06,1320
share,GameData\patch\model_dlc100_2.arc,GameData\model_dlc100_2.arc,691347,7C3D679D,1400
share,GameData\patch\model_dlc109_2.arc,GameData\model_dlc109_2.arc,137998,8FCCF513,1460
share,GameData\patch\model_dlc151_2.arc,GameData\model_dlc151_2.arc,213532,8C3C80C3,1520
share,GameData\patch\model_dlc209_2.arc,GameData\model_dlc209_2.arc,1360811,72C67140,1610
share,GameData\patch\model_dlc268_2.arc,GameData\model_dlc268_2.arc,463350,1F545CEE,1650
share,GameData\patch\model_dlc278_2.arc,GameData\model_dlc278_2.arc,944175,D859BA41,1651
share,GameData\patch\model_dlsite_2.arc,GameData\model_dlsite_2.arc,197173,24366C43,1150
share,GameData\patch\model_shop001_2.arc,GameData\model_shop001_2.arc,115215,9C941FAF,1150
share,GameData\patch\model_shop002_2.arc,GameData\model_shop002_2.arc,251253,743C3D97,1150
share,GameData\patch\model_shop003_2.arc,GameData\model_shop003_2.arc,185433,A15EC70A,1150
share,GameData\patch\model_shop005_2.arc,GameData\model_shop005_2.arc,150103,FB5341FA,1150
share,GameData\patch\model_shop007_2.arc,GameData\model_shop007_2.arc,288759,80615CBD,1150
share,GameData\patch\model_sp002cloth2_2.arc,GameData\model_sp002cloth2_2.arc,1816544,0767F20F,1672
share,GameData\patch\model_sp003cloth3_2.arc,GameData\model_sp003cloth3_2.arc,2950224,4B3AAFE9,1672
share,GameData\patch\model_sp005cloth2_2.arc,GameData\model_sp005cloth2_2.arc,21730,2B112F8D,1641
share,GameData\patch\model_vp001_2.arc,GameData\model_vp001_2.arc,647957,D68B5D2F,1400
share,GameData\patch\paths.dat,GameData\paths.dat,9885,0FD6171F,1672
share,GameData\patch\prioritymaterial.arc,GameData\prioritymaterial.arc,297463,A5B3C163,1672
share,GameData\patch\sound2.arc,GameData\sound2.arc,12751123,D3C5ED01,1490
share,GameData\patch\script_share_vrcom_2.arc,GameData\script_share_vrcom_2.arc,34850,FAC1DDAC,1560
share,GameData\patch\texture3.arc,GameData\texture3.arc,12338577,7C223283,1640
share,GameData\patch\texture_addpose001.arc,GameData\texture_addpose001.arc,23943,1D529A44,1220
share,GameData\patch\texture_denkigai2015wTowelR.arc,GameData\texture_denkigai2015wTowelR.arc,133065,FE4BDC34,1360
share,GameData\patch\texture_denkigai2016w_2.arc,GameData\texture_denkigai2016w_2.arc,10105247,3B4641C3,1450
share,GameData\patch\texture_dlcdenkigai2016w_2.arc,GameData\texture_dlcdenkigai2016w_2.arc,10105332,90868016,1450
share,GameData\patch\texture_kissevent2017march.arc,GameData\texture_kissevent2017march.arc,281,FF4EEB9B,1522
share,GameData\patch\texture_kissevent2017march_2.arc,GameData\texture_kissevent2017march_2.arc,79432605,C1FCD24F,1522
share,GameData\patch\texture_dlc004_2.arc,GameData\texture_dlc004_2.arc,4805734,C8E5CFB4,1200
share,GameData\patch\texture_dlc046_2.arc,GameData\texture_dlc046_2.arc,596960,FC606BA5,1220
share,GameData\patch\texture_dlc107_2.arc,GameData\texture_dlc107_2.arc,913018,88EAC715,1590
share,GameData\patch\texture_dlc267_2.arc,GameData\texture_dlc267_2.arc,2311226,F39D6830,1650
share,GameData\patch\texture_dlc279_2.arc,GameData\texture_dlc279_2.arc,6149999,3FE86171,1650
share,GameData\patch\texture_vp001_2.arc,GameData\texture_vp001_2.arc,755269,18D5027D,1400
share,GameData\patch\texture_yomeido003_2.arc,GameData\texture_yomeido003_2.arc,117248,0EE72B42,1240
share,GameData\patch\material_vr.arc,GameData\material_vr.arc,6184,D2EAFD73,130
share,GameData\patch\menu_vr.arc,GameData\menu_vr.arc,3407,D3B43CF5,130
share,GameData\patch\model_vr.arc,GameData\model_vr.arc,866449,B84B7620,130
share,GameData\patch\texture_vr.arc,GameData\texture_vr.arc,1111256,DF651968,130
share,PhotoModeData\Mod\Motion\readme.txt,PhotoModeData\Mod\Motion\readme.txt,146,3BF5AF4D,1220
share,Preset\8_ren_1_yosiko.preset,Preset\8_ren_1_yosiko.preset,55432,D54FD70C,1220
share,Preset\8_ren_2_ayumi.preset,Preset\8_ren_2_ayumi.preset,51097,3C44F9DB,1220
share,Preset\8_ren_3_sakura.preset,Preset\8_ren_3_sakura.preset,52635,33F54D90,1220
share,Preset\8_ren_4_ai.preset,Preset\8_ren_4_ai.preset,46819,9B6E5960,1220
