0,0,CM3D2OH.exe,7707136,A913B79B,1007
0,0,CM3D2OHx86.exe,16834560,08D88BD9,141
0,0,LICENSE,19099,328E95A1,1410
0,0,CM3D2OHx86_Data\globalgamemanagers,1303260,4EE3FAC1,1410
0,0,CM3D2OHx86_Data\globalgamemanagers.assets,106560,0FCEAB2B,1410
0,0,CM3D2OHx86_Data\level0,226516,DBEC43E3,1410
0,0,CM3D2OHx86_Data\level1,202140,CCD74B71,1410
0,0,CM3D2OHx86_Data\level10,543188,74275070,1410
0,0,CM3D2OHx86_Data\level11,4640,58B32C91,1410
0,0,CM3D2OHx86_Data\level12,186772,2D4F3A86,1410
0,0,CM3D2OHx86_Data\level13,4640,2D1047D9,1410
0,0,CM3D2OHx86_Data\level14,204892,3190C701,1410
0,0,CM3D2OHx86_Data\level15,274836,9638F1FA,1410
0,0,CM3D2OHx86_Data\level16,446356,F97134A2,1410
0,0,CM3D2OHx86_Data\level17,209692,EABBE120,1410
0,0,CM3D2OHx86_Data\level18,532764,EF34EADF,1410
0,0,CM3D2OHx86_Data\level19,260468,C95D4EB3,1410
0,0,CM3D2OHx86_Data\level2,282564,700074C5,1410
0,0,CM3D2OHx86_Data\level20,655228,B9290CC4,1410
0,0,CM3D2OHx86_Data\level21,1263148,22294D34,1410
0,0,CM3D2OHx86_Data\level22,514420,E24DC56F,1410
0,0,CM3D2OHx86_Data\level23,607404,27D18E1C,1410
0,0,CM3D2OHx86_Data\level24,838612,62F2DAE0,1410
0,0,CM3D2OHx86_Data\level25,699556,E6E0D767,1410
0,0,CM3D2OHx86_Data\level3,592188,1D508578,1410
0,0,CM3D2OHx86_Data\level4,632740,A6CCB53F,1410
0,0,CM3D2OHx86_Data\level5,185212,6EFFAD58,1410
0,0,CM3D2OHx86_Data\level6,229284,37EF6D43,1410
0,0,CM3D2OHx86_Data\level7,184700,C0C859F9,1410
0,0,CM3D2OHx86_Data\level8,212148,E242D4B8,1410
0,0,CM3D2OHx86_Data\level9,185220,F9FB8FBB,1410
0,0,CM3D2OHx86_Data\resources.assets,243968896,15B88D31,1410
0,0,CM3D2OHx86_Data\resources.assets.resS,398801772,809FF186,1410
0,0,CM3D2OHx86_Data\sharedassets0.assets,18455960,96358460,1410
0,0,CM3D2OHx86_Data\sharedassets0.assets.resS,123650608,A53FC9BF,1410
0,0,CM3D2OHx86_Data\sharedassets1.assets,5920,BBCC6493,1410
0,0,CM3D2OHx86_Data\sharedassets10.assets,6244,214E7A30,1410
0,0,CM3D2OHx86_Data\sharedassets11.assets,4132,A0CE92B7,1410
0,0,CM3D2OHx86_Data\sharedassets12.assets,5824,1537DB43,1410
0,0,CM3D2OHx86_Data\sharedassets13.assets,4132,1E8D2EEB,1410
0,0,CM3D2OHx86_Data\sharedassets14.assets,6544,D4DDA225,1410
0,0,CM3D2OHx86_Data\sharedassets15.assets,5788,6EA73A66,1410
0,0,CM3D2OHx86_Data\sharedassets16.assets,212728,E6E4B593,1410
0,0,CM3D2OHx86_Data\sharedassets16.assets.resS,51968,C41BC4E7,1410
0,0,CM3D2OHx86_Data\sharedassets17.assets,5860,E2CB4C51,1410
0,0,CM3D2OHx86_Data\sharedassets18.assets,74160,91F6E264,1410
0,0,CM3D2OHx86_Data\sharedassets19.assets,5992,6FFCCDCE,1410
0,0,CM3D2OHx86_Data\sharedassets2.assets,6136,AE82A4EB,1410
0,0,CM3D2OHx86_Data\sharedassets20.assets,8128,1D5A3D11,1410
0,0,CM3D2OHx86_Data\sharedassets21.assets,6484,DC85739B,1410
0,0,CM3D2OHx86_Data\sharedassets22.assets,39511712,83BFB23E,1410
0,0,CM3D2OHx86_Data\sharedassets23.assets,67700952,1365ADCF,1410
0,0,CM3D2OHx86_Data\sharedassets24.assets,67690184,2E9FFE93,1410
0,0,CM3D2OHx86_Data\sharedassets25.assets,47233820,5966E263,1410
0,0,CM3D2OHx86_Data\sharedassets25.resource,3813344,7B95E5D4,1410
0,0,CM3D2OHx86_Data\sharedassets3.assets,1310240,E1B66045,1410
0,0,CM3D2OHx86_Data\sharedassets4.assets,6460,A2040D44,1410
0,0,CM3D2OHx86_Data\sharedassets5.assets,5788,DB7B8714,1410
0,0,CM3D2OHx86_Data\sharedassets6.assets,6268,E928884A,1410
0,0,CM3D2OHx86_Data\sharedassets7.assets,5764,8CEAF5E5,1410
0,0,CM3D2OHx86_Data\sharedassets8.assets,5788,A94452DB,1410
0,0,CM3D2OHx86_Data\sharedassets9.assets,5788,9EB83DC1,1410
0,0,CM3D2OHx86_Data\Managed\Accessibility.dll,10752,594EE943,1410
0,0,CM3D2OHx86_Data\Managed\Assembly-CSharp-firstpass.dll,556544,2BBB03F1,1410
0,0,CM3D2OHx86_Data\Managed\Assembly-CSharp.dll,2271744,9D438A53,1410
0,0,CM3D2OHx86_Data\Managed\Assembly-UnityScript-firstpass.dll,65024,5C96FF72,1410
0,0,CM3D2OHx86_Data\Managed\Boo.Lang.dll,126976,9ADD3789,1410
0,0,CM3D2OHx86_Data\Managed\Ionic.Zlib.dll,102400,7C9E7DD2,1410
0,0,CM3D2OHx86_Data\Managed\JsonFx.Json.dll,70144,A0F0CFCB,1410
0,0,CM3D2OHx86_Data\Managed\Mono.Data.Tds.dll,96256,DDA7BAB7,1410
0,0,CM3D2OHx86_Data\Managed\Mono.Posix.dll,184320,C7063ABB,1410
0,0,CM3D2OHx86_Data\Managed\Mono.Security.dll,294912,8C7E67B3,1410
0,0,CM3D2OHx86_Data\Managed\Mono.WebBrowser.dll,172032,541986C3,1410
0,0,CM3D2OHx86_Data\Managed\mscorlib.dll,2589696,AFA570E5,1410
0,0,CM3D2OHx86_Data\Managed\System.Configuration.dll,124928,D5F2A804,1410
0,0,CM3D2OHx86_Data\Managed\System.Core.dll,297472,BCE2218F,1410
0,0,CM3D2OHx86_Data\Managed\System.Data.dll,856064,F1D38D2E,1410
0,0,CM3D2OHx86_Data\Managed\System.dll,1679360,288F722A,1410
0,0,CM3D2OHx86_Data\Managed\System.Drawing.Design.dll,29696,E7B53FF9,1410
0,0,CM3D2OHx86_Data\Managed\System.Drawing.dll,448512,C4B2E872,1410
0,0,CM3D2OHx86_Data\Managed\System.EnterpriseServices.dll,46592,75A19B93,1410
0,0,CM3D2OHx86_Data\Managed\System.Security.dll,135168,365C74A7,1410
0,0,CM3D2OHx86_Data\Managed\System.Transactions.dll,27648,203D65C1,1410
0,0,CM3D2OHx86_Data\Managed\System.Windows.Forms.dll,3053568,56394001,1410
0,0,CM3D2OHx86_Data\Managed\System.Xml.dll,1270272,9B79033F,1410
0,0,CM3D2OHx86_Data\Managed\System.Xml.Linq.dll,106496,B3ACF139,1410
0,0,CM3D2OHx86_Data\Managed\UnityEngine.dll,972800,C8810FF6,1410
0,0,CM3D2OHx86_Data\Managed\UnityEngine.dll.mdb,353934,00DADFA5,1410
0,0,CM3D2OHx86_Data\Managed\UnityEngine.Networking.dll,230912,EBC88F56,1410
0,0,CM3D2OHx86_Data\Managed\UnityEngine.UI.dll,219136,8E43BC11,1410
0,0,CM3D2OHx86_Data\Managed\UnityScript.Lang.dll,14336,13EE284D,1410
0,0,CM3D2OHx86_Data\Managed\zxing.unity.dll,430592,9FD1F198,1410
0,0,CM3D2OHx86_Data\Mono\mono.dll,2114008,1F0AD6CA,1410
0,0,CM3D2OHx86_Data\Mono\etc\mono\browscap.ini,311984,CE6C0AB3,1410
0,0,CM3D2OHx86_Data\Mono\etc\mono\config,1691,A635914A,1410
0,0,CM3D2OHx86_Data\Mono\etc\mono\1.0\DefaultWsdlHelpGenerator.aspx,58196,10E814BF,1410
0,0,CM3D2OHx86_Data\Mono\etc\mono\1.0\machine.config,17258,EDE1AC59,1410
0,0,CM3D2OHx86_Data\Mono\etc\mono\2.0\DefaultWsdlHelpGenerator.aspx,60453,F3869A34,1410
0,0,CM3D2OHx86_Data\Mono\etc\mono\2.0\machine.config,27625,73C91C24,1410
0,0,CM3D2OHx86_Data\Mono\etc\mono\2.0\settings.map,2618,A1A3C29F,1410
0,0,CM3D2OHx86_Data\Mono\etc\mono\2.0\web.config,11686,534A9960,1410
0,0,CM3D2OHx86_Data\Mono\etc\mono\2.0\Browsers\Compat.browser,1605,2E178A0B,1410
0,0,CM3D2OHx86_Data\Mono\etc\mono\mconfig\config.xml,25817,80B2033A,1410
0,0,CM3D2OHx86_Data\Plugins\cm3d2_hole_x86.dll,266240,5C01E01F,1410
0,0,CM3D2OHx86_Data\Plugins\cm3d2_x86.dll,1330176,1C5F4B8A,1410
0,0,CM3D2OHx86_Data\Plugins\device_hook.dll,98816,32DA7957,1410
0,0,CM3D2OHx86_Data\Plugins\tjs_dll_x86.dll,825856,AB59D75A,1410
0,0,CM3D2OHx86_Data\Resources\unity default resources,1544700,7137E221,1410
0,0,CM3D2OHx86_Data\Resources\unity_builtin_extra,128416,2F4DCCA7,1410
0,0,GameData\bg_pp001_2.arc,1237157,C9D912F7,1220
0,0,GameData\csv.arc,2557312,FBE0E065,1402
0,0,GameData\csv_addpose001.arc,1235,D06FCA6D,1220
0,0,GameData\csv_cbl.arc,649023,628E7F7F,1401
0,0,GameData\csv_pp001_2.arc,10034,29181748,1370
0,0,GameData\csv_urayome001_2.arc,1714,1D92B577,1401
0,0,GameData\csv_vp001_2.arc,2082,25E58CEB,1160
0,0,GameData\material2.arc,207669,1E308A48,1313
0,0,GameData\material_denkigai2015s003_2.arc,7106,0C82D791,1150
0,0,GameData\material_denkigai2015wTowelR.arc,1602,618192B9,1360
0,0,GameData\material_dlc055_2.arc,5282,11A93109,1280
0,0,GameData\material_dlsite_2.arc,1762,C5A837EA,1150
0,0,GameData\material_shop001_2.arc,1762,D98CED1C,1150
0,0,GameData\material_shop002_2.arc,1762,956BB00E,1150
0,0,GameData\material_shop003_2.arc,1762,38CEBFF2,1150
0,0,GameData\material_shop005_2.arc,1714,3E621A32,1150
0,0,GameData\material_shop007_2.arc,2578,C8CE627C,1150
0,0,GameData\material_vp001_2.arc,11890,8CB043B0,1400
0,0,GameData\material_yomeido003_2.arc,1522,0689A7AC,1240
0,0,GameData\menu2.arc,228225,D2CC7AE2,1380
0,0,GameData\menu_denkigai2015s001_2.arc,6594,8B3E849F,1160
0,0,GameData\menu_denkigai2015s003_2.arc,4338,D294CE88,1150
0,0,GameData\menu_denkigai2015wTowelR.arc,1282,CECEE1FC,1360
0,0,GameData\menu_denkigai2016s_2.arc,1346,4A9440B1,1351
0,0,GameData\menu_dlc026_2.arc,3778,69453D54,1190
0,0,GameData\menu_dlc028_2.arc,3874,DE3F1C31,1200
0,0,GameData\menu_dlc041_2.arc,6786,97F738D3,1380
0,0,GameData\menu_dlc061_2.arc,3810,F99C1D4E,1290
0,0,GameData\menu_dlc065_2.arc,7602,D9387834,1380
0,0,GameData\menu_dlc074_2.arc,5618,24C559D7,1312
0,0,GameData\menu_dlc100_2.arc,1250,DFF94E9A,1400
0,0,GameData\menu_dlsite_2.arc,1954,B2268BA7,1150
0,0,GameData\menu_personal002_2.arc,1282,5687650C,1310
0,0,GameData\menu_shop001_2.arc,3314,35207C87,1150
0,0,GameData\menu_shop005_2.arc,1378,0C9AF725,1150
0,0,GameData\menu_vp001_2.arc,19138,7C7AFD9C,1400
0,0,GameData\menu_yomeido003_2.arc,1234,4D6F619D,1240
0,0,GameData\menu_yomeidogp_wedding_2.arc,3954,C251B12C,1320
0,0,GameData\model2.arc,11670131,E91D2833,1380
0,0,GameData\model_denkigai2015s003_2.arc,394665,41A48185,1150
0,0,GameData\model_denkigai2015wTowelR.arc,38258,FB570A24,1360
0,0,GameData\model_dlc005_2.arc,175424,F7DD7D82,1270
0,0,GameData\model_dlc046_2.arc,155690,83B34173,1220
0,0,GameData\model_dlc073_2.arc,267037,47D33A06,1320
0,0,GameData\model_dlc100_2.arc,691347,7C3D679D,1400
0,0,GameData\model_dlsite_2.arc,197173,24366C43,1150
0,0,GameData\model_shop001_2.arc,115215,9C941FAF,1150
0,0,GameData\model_shop002_2.arc,251253,743C3D97,1150
0,0,GameData\model_shop003_2.arc,185433,A15EC70A,1150
0,0,GameData\model_shop005_2.arc,150103,FB5341FA,1150
0,0,GameData\model_shop007_2.arc,288759,80615CBD,1150
0,0,GameData\model_vp001_2.arc,647957,D68B5D2F,1400
0,0,GameData\motion_cbl2.arc,18781367,CE3C6303,1400
0,0,GameData\motion_cbl_addpose001.arc,902201,447E5863,1220
0,0,GameData\motion_cbl_pp002_2.arc,62463881,9CEF1E84,1360
0,0,GameData\motion_cbl_vp001_2.arc,141603,80D0D160,1160
0,0,GameData\motion_cbl_ytgc003_2.arc,296091,68096F71,1340
0,0,GameData\motion_cbl_ytgc002_2.arc,2475220,008FABF0,1160
0,0,GameData\paths.dat,2618,5D24540D,1402
0,0,GameData\prioritymaterial.arc,137740,DD15A2D8,1402
0,0,GameData\script_cbl.arc,2300146,330C2EE9,1400
0,0,GameData\script_cbl_addpose001.arc,1219,0C884F57,1220
0,0,GameData\script_cbl_denkigai2016s_2.arc,81434,8C81CD11,1370
0,0,GameData\script_cbl_denkigai2016sSukumizu_2.arc,28002,5783CE35,1370
0,0,GameData\script_cbl_personal001_2.arc,340451,B4150145,1260
0,0,GameData\script_cbl_personal003_2.arc,137765,C06FB419,1400
0,0,GameData\texture3.arc,17300595,D209EC34,1400
0,0,GameData\texture_addpose001.arc,23943,1D529A44,1220
0,0,GameData\texture_denkigai2015wTowelR.arc,133065,FE4BDC34,1360
0,0,GameData\texture_dlc004_2.arc,4805734,C8E5CFB4,1200
0,0,GameData\texture_dlc046_2.arc,596960,FC606BA5,1220
0,0,GameData\texture_vp001_2.arc,755269,18D5027D,1400
0,0,GameData\texture_yomeido003_2.arc,117248,0EE72B42,1240
0,0,GameData\sound2.arc,12017684,3FAA939B,1330
0,0,GameData\voice_cbl2.arc,9627083,76D43E7B,1090
0,0,manual\data\005.png,459612,3AF928C5,1170
0,0,manual\data\010.png,800070,5269304C,1170
0,0,PhotoModeData\Mod\Motion\readme.txt,146,3BF5AF4D,1220
0,0,Preset\8_ren_1_yosiko.preset,55432,D54FD70C,1220
0,0,Preset\8_ren_2_ayumi.preset,51097,3C44F9DB,1220
0,0,Preset\8_ren_3_sakura.preset,52635,33F54D90,1220
0,0,Preset\8_ren_4_ai.preset,46819,9B6E5960,1220
