0,0,CustomStudio Launcher.exe,5482496,83D3EEF9,9
0,0,CustomStudio.exe,666624,43797970,12
0,0,UnityCrashHandler64.exe,1112768,1C830F9F,12
0,0,UnityPlayer.dll,30996672,9C9085E6,12
0,0,CustomStudio_Data\app.info,17,4BA175BE,10
0,0,CustomStudio_Data\boot.config,164,D5115C80,12
0,0,CustomStudio_Data\globalgamemanagers,443236,DC4E1FBE,12
0,0,CustomStudio_Data\globalgamemanagers.assets,412504,BBCCA38F,12
0,0,CustomStudio_Data\globalgamemanagers.assets.resS,2796240,F6707524,12
0,0,CustomStudio_Data\level0,72632,5DD2A61D,12
0,0,CustomStudio_Data\resources.assets,4614496,B45C2A56,12
0,0,CustomStudio_Data\resources.assets.resS,8787120,5EF2FD16,12
0,0,CustomStudio_Data\RuntimeInitializeOnLoads.json,3763,492763A8,12
0,0,CustomStudio_Data\ScriptingAssemblies.json,5311,A1FAC9A8,12
0,0,CustomStudio_Data\sharedassets0.assets,26826284,CA87CDC2,12
0,0,CustomStudio_Data\sharedassets0.assets.resS,68763328,62A10CE1,12
0,0,CustomStudio_Data\Managed\Accessibility.dll,12288,778A87C9,12
0,0,CustomStudio_Data\Managed\AltMouseInput.dll,4608,031715F8,12
0,0,CustomStudio_Data\Managed\Assembly-CSharp-firstpass.dll,626688,897CC01C,12
0,0,CustomStudio_Data\Managed\Assembly-CSharp.dll,3180544,C5A5B308,12
0,0,CustomStudio_Data\Managed\Battlehub.RTEditor.Demo.dll,92160,5C963E52,12
0,0,CustomStudio_Data\Managed\Battlehub.RTEditor.dll,1539584,43A7ECAA,12
0,0,CustomStudio_Data\Managed\Battlehub.RTExtensions.dll,453632,53C5C8CB,12
0,0,CustomStudio_Data\Managed\Battlehub.RTScripting.dll,30208,02A3DFFA,12
0,0,CustomStudio_Data\Managed\CodeAnalysis.dll,8704,1A43A494,12
0,0,CustomStudio_Data\Managed\EditorPlugin.Define.dll,5120,A4645A4C,12
0,0,CustomStudio_Data\Managed\HSVPicker.dll,25088,69228582,12
0,0,CustomStudio_Data\Managed\ICSharpCode.SharpZipLib.dll,198656,6F92C479,10
0,0,CustomStudio_Data\Managed\MessagePack.Annotations.dll,7168,A7A9F670,12
0,0,CustomStudio_Data\Managed\MessagePack.dll,326656,603D3C49,12
0,0,CustomStudio_Data\Managed\Microsoft.CodeAnalysis.CSharp.dll,5218168,E61B3CF0,10
0,0,CustomStudio_Data\Managed\Microsoft.CodeAnalysis.dll,2496376,39A5F4C7,10
0,0,CustomStudio_Data\Managed\Misc.dll,5120,9EFBD1D1,12
0,0,CustomStudio_Data\Managed\Mono.Posix.dll,214528,968E9B9D,12
0,0,CustomStudio_Data\Managed\Mono.Security.dll,241152,90CD243C,12
0,0,CustomStudio_Data\Managed\Mono.WebBrowser.dll,166912,9EC422AF,12
0,0,CustomStudio_Data\Managed\mscorlib.dll,4631552,1CC22052,12
0,0,CustomStudio_Data\Managed\NavMeshComponents.dll,18432,C1E2A646,12
0,0,CustomStudio_Data\Managed\netstandard.dll,90112,975FFBBE,10
0,0,CustomStudio_Data\Managed\Newtonsoft.Json.dll,691712,8CEF25D0,12
0,0,CustomStudio_Data\Managed\protobuf-net.dll,192512,2F6A20E0,10
0,0,CustomStudio_Data\Managed\Purchasing.Common.dll,13824,71DF24A8,12
0,0,CustomStudio_Data\Managed\RTSLTypeModel_StandaloneWindows64.dll,513536,7A1F46FF,10
0,0,CustomStudio_Data\Managed\System.Collections.dll,5120,7B2E3AC2,10
0,0,CustomStudio_Data\Managed\System.Collections.Immutable.dll,302216,8CA32412,10
0,0,CustomStudio_Data\Managed\System.ComponentModel.Composition.dll,257024,44EC5201,12
0,0,CustomStudio_Data\Managed\System.Composition.AttributedModel.dll,24840,719AD0D2,10
0,0,CustomStudio_Data\Managed\System.Composition.Convention.dll,59128,4C50B45B,10
0,0,CustomStudio_Data\Managed\System.Composition.Hosting.dll,62184,A86168BD,10
0,0,CustomStudio_Data\Managed\System.Composition.Runtime.dll,29928,D1E5D47F,10
0,0,CustomStudio_Data\Managed\System.Composition.TypedParts.dll,64760,46C4D49D,10
0,0,CustomStudio_Data\Managed\System.Configuration.dll,124928,5CF4B8F7,12
0,0,CustomStudio_Data\Managed\System.Core.dll,1113088,2602A15A,12
0,0,CustomStudio_Data\Managed\System.Data.DataSetExtensions.dll,29696,7A0640D6,12
0,0,CustomStudio_Data\Managed\System.Data.dll,2125312,07CEA976,12
0,0,CustomStudio_Data\Managed\System.Diagnostics.Debug.dll,4608,DC0FA5A6,10
0,0,CustomStudio_Data\Managed\System.Diagnostics.Tools.dll,4608,36CAECE0,10
0,0,CustomStudio_Data\Managed\System.dll,2637824,DC1055E7,12
0,0,CustomStudio_Data\Managed\System.Drawing.dll,489984,9C7932A7,12
0,0,CustomStudio_Data\Managed\System.EnterpriseServices.dll,44544,9D5266BB,12
0,0,CustomStudio_Data\Managed\System.Globalization.dll,5120,97EAF5B6,10
0,0,CustomStudio_Data\Managed\System.IO.Compression.dll,114688,5A843287,12
0,0,CustomStudio_Data\Managed\System.IO.Compression.FileSystem.dll,18432,FE8B8424,12
0,0,CustomStudio_Data\Managed\System.Linq.dll,4096,FA4AF3CC,10
0,0,CustomStudio_Data\Managed\System.Linq.Expressions.dll,6656,17912799,10
0,0,CustomStudio_Data\Managed\System.Memory.dll,4608,F0BBFFDF,10
0,0,CustomStudio_Data\Managed\System.Net.Http.dll,122880,C982D760,12
0,0,CustomStudio_Data\Managed\System.Numerics.dll,119296,1947467C,12
0,0,CustomStudio_Data\Managed\System.ObjectModel.dll,5120,CA38CA13,10
0,0,CustomStudio_Data\Managed\System.Reflection.dll,5632,4CBDDBF7,10
0,0,CustomStudio_Data\Managed\System.Reflection.Extensions.dll,4608,17ED494A,10
0,0,CustomStudio_Data\Managed\System.Reflection.Metadata.dll,576144,889D309A,10
0,0,CustomStudio_Data\Managed\System.Reflection.TypeExtensions.dll,29600,3F51A22C,10
0,0,CustomStudio_Data\Managed\System.Resources.ResourceManager.dll,4608,3CBBA6D4,10
0,0,CustomStudio_Data\Managed\System.Runtime.CompilerServices.Unsafe.dll,23600,F3CFB256,10
0,0,CustomStudio_Data\Managed\System.Runtime.dll,12288,58AE9F48,10
0,0,CustomStudio_Data\Managed\System.Runtime.Extensions.dll,5120,08BF4F0E,10
0,0,CustomStudio_Data\Managed\System.Runtime.Serialization.dll,934400,6800AA2B,12
0,0,CustomStudio_Data\Managed\System.Runtime.Serialization.Formatters.Soap.dll,38400,CBA2A8DA,12
0,0,CustomStudio_Data\Managed\System.Security.dll,320000,8BEA3DC4,12
0,0,CustomStudio_Data\Managed\System.ServiceModel.Internals.dll,215040,9655D9FB,12
0,0,CustomStudio_Data\Managed\System.Text.Encoding.CodePages.dll,759024,EC8E4C5D,10
0,0,CustomStudio_Data\Managed\System.Threading.dll,5632,5D706938,10
0,0,CustomStudio_Data\Managed\System.Threading.Tasks.Extensions.dll,5120,D58C4C63,10
0,0,CustomStudio_Data\Managed\System.Transactions.dll,35328,E2FF2F1E,12
0,0,CustomStudio_Data\Managed\System.Windows.Forms.dll,2896384,7EB1358B,12
0,0,CustomStudio_Data\Managed\System.Xml.dll,3160064,6066CFE3,12
0,0,CustomStudio_Data\Managed\System.Xml.Linq.dll,136704,DDFB724A,12
0,0,CustomStudio_Data\Managed\UniRx.dll,465408,973B5E49,12
0,0,CustomStudio_Data\Managed\UniTask.Addressables.dll,11264,E7699110,12
0,0,CustomStudio_Data\Managed\UniTask.dll,545280,3AFA50AE,12
0,0,CustomStudio_Data\Managed\UniTask.DOTween.dll,4096,480238D9,12
0,0,CustomStudio_Data\Managed\UniTask.Linq.dll,695296,CAFD6791,12
0,0,CustomStudio_Data\Managed\UniTask.TextMeshPro.dll,12800,29E821FE,12
0,0,CustomStudio_Data\Managed\Unity.Addressables.dll,111616,2155074C,12
0,0,CustomStudio_Data\Managed\Unity.Analytics.DataPrivacy.dll,8704,33981F63,12
0,0,CustomStudio_Data\Managed\Unity.Burst.dll,317440,877A7F24,12
0,0,CustomStudio_Data\Managed\Unity.Burst.Unsafe.dll,5632,D504B969,10
0,0,CustomStudio_Data\Managed\Unity.Collections.dll,365568,F96C744E,12
0,0,CustomStudio_Data\Managed\Unity.Collections.LowLevel.ILSupport.dll,4096,0C2DE885,10
0,0,CustomStudio_Data\Managed\Unity.Jobs.dll,16896,3EC5B575,12
0,0,CustomStudio_Data\Managed\Unity.Mathematics.dll,741376,DFD0D85E,12
0,0,CustomStudio_Data\Managed\Unity.Postprocessing.Runtime.dll,162816,AC294BE5,12
0,0,CustomStudio_Data\Managed\Unity.ProBuilder.dll,370688,9D9D4AE1,12
0,0,CustomStudio_Data\Managed\Unity.ProBuilder.KdTree.dll,20992,3D5D4514,12
0,0,CustomStudio_Data\Managed\Unity.ProBuilder.Poly2Tri.dll,39936,B9E98271,12
0,0,CustomStudio_Data\Managed\Unity.ProBuilder.Stl.dll,14336,29701794,12
0,0,CustomStudio_Data\Managed\Unity.ResourceManager.dll,131584,1F37ADF4,12
0,0,CustomStudio_Data\Managed\Unity.ScriptableBuildPipeline.dll,8704,6564E68D,12
0,0,CustomStudio_Data\Managed\Unity.Services.Analytics.dll,80384,79D68C92,12
0,0,CustomStudio_Data\Managed\Unity.Services.Core.Analytics.dll,5632,C4B247A7,12
0,0,CustomStudio_Data\Managed\Unity.Services.Core.Configuration.dll,14336,BCF597F2,12
0,0,CustomStudio_Data\Managed\Unity.Services.Core.Device.dll,6656,8569E322,12
0,0,CustomStudio_Data\Managed\Unity.Services.Core.dll,14336,55B2EB46,12
0,0,CustomStudio_Data\Managed\Unity.Services.Core.Environments.dll,5632,B19BA9DC,12
0,0,CustomStudio_Data\Managed\Unity.Services.Core.Environments.Internal.dll,5120,47E86F6D,12
0,0,CustomStudio_Data\Managed\Unity.Services.Core.Internal.dll,71680,2229CC8D,12
0,0,CustomStudio_Data\Managed\Unity.Services.Core.Networking.dll,8192,397228BC,12
0,0,CustomStudio_Data\Managed\Unity.Services.Core.Registration.dll,18432,708638E2,12
0,0,CustomStudio_Data\Managed\Unity.Services.Core.Scheduler.dll,12800,3A1E6A17,12
0,0,CustomStudio_Data\Managed\Unity.Services.Core.Telemetry.dll,8704,D3691698,12
0,0,CustomStudio_Data\Managed\Unity.Services.Core.Threading.dll,7168,87E99CF5,12
0,0,CustomStudio_Data\Managed\Unity.TextMeshPro.dll,380416,1C965677,12
0,0,CustomStudio_Data\Managed\Unity.Timeline.dll,127488,5D3EAB9D,12
0,0,CustomStudio_Data\Managed\UnityEngine.AccessibilityModule.dll,22208,78C6C15D,12
0,0,CustomStudio_Data\Managed\UnityEngine.Advertisements.dll,38400,77193D11,12
0,0,CustomStudio_Data\Managed\UnityEngine.AIModule.dll,57024,A46DFD74,12
0,0,CustomStudio_Data\Managed\UnityEngine.AndroidJNIModule.dll,93376,B50A5AFB,12
0,0,CustomStudio_Data\Managed\UnityEngine.AnimationModule.dll,162496,241D474D,12
0,0,CustomStudio_Data\Managed\UnityEngine.ARModule.dll,19648,4A1D5F33,12
0,0,CustomStudio_Data\Managed\UnityEngine.AssetBundleModule.dll,31424,BBD1D7B1,12
0,0,CustomStudio_Data\Managed\UnityEngine.AudioModule.dll,69312,349E621F,12
0,0,CustomStudio_Data\Managed\UnityEngine.ClothModule.dll,24768,0D4371C4,12
0,0,CustomStudio_Data\Managed\UnityEngine.ClusterInputModule.dll,20160,B28C53A1,12
0,0,CustomStudio_Data\Managed\UnityEngine.ClusterRendererModule.dll,20672,918BC9BA,12
0,0,CustomStudio_Data\Managed\UnityEngine.ContentLoadModule.dll,25792,BB90FC09,12
0,0,CustomStudio_Data\Managed\UnityEngine.CoreModule.dll,1386688,48FD115A,12
0,0,CustomStudio_Data\Managed\UnityEngine.CrashReportingModule.dll,19648,41C76870,12
0,0,CustomStudio_Data\Managed\UnityEngine.DirectorModule.dll,23232,2CC1A420,12
0,0,CustomStudio_Data\Managed\UnityEngine.dll,125120,B56BB6D6,12
0,0,CustomStudio_Data\Managed\UnityEngine.DSPGraphModule.dll,27840,5F1EB63B,12
0,0,CustomStudio_Data\Managed\UnityEngine.GameCenterModule.dll,38592,B801B973,12
0,0,CustomStudio_Data\Managed\UnityEngine.GIModule.dll,18624,DA68DA5E,12
0,0,CustomStudio_Data\Managed\UnityEngine.GridModule.dll,23744,FF1520D8,12
0,0,CustomStudio_Data\Managed\UnityEngine.HotReloadModule.dll,18624,9E32D2C5,12
0,0,CustomStudio_Data\Managed\UnityEngine.ImageConversionModule.dll,22720,91655A3B,12
0,0,CustomStudio_Data\Managed\UnityEngine.IMGUIModule.dll,188608,DEA159BD,12
0,0,CustomStudio_Data\Managed\UnityEngine.InputLegacyModule.dll,37568,C1DB6A82,12
0,0,CustomStudio_Data\Managed\UnityEngine.InputModule.dll,22208,F997B8C7,12
0,0,CustomStudio_Data\Managed\UnityEngine.JSONSerializeModule.dll,20672,D57971D2,12
0,0,CustomStudio_Data\Managed\UnityEngine.LocalizationModule.dll,19648,AFDD1EBA,12
0,0,CustomStudio_Data\Managed\UnityEngine.NVIDIAModule.dll,32448,AA6EB95A,12
0,0,CustomStudio_Data\Managed\UnityEngine.ParticleSystemModule.dll,159424,1015EEB4,12
0,0,CustomStudio_Data\Managed\UnityEngine.PerformanceReportingModule.dll,19136,0306AACC,12
0,0,CustomStudio_Data\Managed\UnityEngine.Physics2DModule.dll,139968,A700CCF7,12
0,0,CustomStudio_Data\Managed\UnityEngine.PhysicsModule.dll,136896,4C25069F,12
0,0,CustomStudio_Data\Managed\UnityEngine.ProfilerModule.dll,18624,643CEF55,12
0,0,CustomStudio_Data\Managed\UnityEngine.PropertiesModule.dll,153792,EA69A163,12
0,0,CustomStudio_Data\Managed\UnityEngine.Purchasing.AppleCore.dll,6144,B86B67F6,12
0,0,CustomStudio_Data\Managed\UnityEngine.Purchasing.AppleMacosStub.dll,6144,5AE2ADC3,12
0,0,CustomStudio_Data\Managed\UnityEngine.Purchasing.AppleStub.dll,6144,D5B6DE3A,12
0,0,CustomStudio_Data\Managed\UnityEngine.Purchasing.Codeless.dll,23040,8CC73A8B,12
0,0,CustomStudio_Data\Managed\UnityEngine.Purchasing.dll,62976,25C73E58,12
0,0,CustomStudio_Data\Managed\UnityEngine.Purchasing.SecurityCore.dll,8704,5C2F1108,12
0,0,CustomStudio_Data\Managed\UnityEngine.Purchasing.SecurityStub.dll,7168,AF94AA73,12
0,0,CustomStudio_Data\Managed\UnityEngine.Purchasing.Stores.dll,199680,D3FAE5B0,12
0,0,CustomStudio_Data\Managed\UnityEngine.Purchasing.WinRTCore.dll,7168,5BA3AA6B,12
0,0,CustomStudio_Data\Managed\UnityEngine.Purchasing.WinRTStub.dll,5120,8D6A43B0,12
0,0,CustomStudio_Data\Managed\UnityEngine.RuntimeInitializeOnLoadManagerInitializerModule.dll,18624,D76E22EE,12
0,0,CustomStudio_Data\Managed\UnityEngine.ScreenCaptureModule.dll,19648,541955E1,12
0,0,CustomStudio_Data\Managed\UnityEngine.SharedInternalsModule.dll,31424,4655484A,12
0,0,CustomStudio_Data\Managed\UnityEngine.SpatialTracking.dll,11776,3EBFA3B9,12
0,0,CustomStudio_Data\Managed\UnityEngine.SpriteMaskModule.dll,20160,28D62CA3,12
0,0,CustomStudio_Data\Managed\UnityEngine.SpriteShapeModule.dll,24768,9EA47AE4,12
0,0,CustomStudio_Data\Managed\UnityEngine.StreamingModule.dll,19136,8EBC9B33,12
0,0,CustomStudio_Data\Managed\UnityEngine.SubstanceModule.dll,23232,D79E791D,12
0,0,CustomStudio_Data\Managed\UnityEngine.SubsystemsModule.dll,33472,619F2CB8,12
0,0,CustomStudio_Data\Managed\UnityEngine.TerrainModule.dll,99520,C87BF8A8,12
0,0,CustomStudio_Data\Managed\UnityEngine.TerrainPhysicsModule.dll,19648,C362F820,12
0,0,CustomStudio_Data\Managed\UnityEngine.TextCoreFontEngineModule.dll,70848,91C2111D,12
0,0,CustomStudio_Data\Managed\UnityEngine.TextCoreTextEngineModule.dll,247488,47DA257F,12
0,0,CustomStudio_Data\Managed\UnityEngine.TextRenderingModule.dll,37568,64F4EAE3,12
0,0,CustomStudio_Data\Managed\UnityEngine.TilemapModule.dll,45248,86525F58,12
0,0,CustomStudio_Data\Managed\UnityEngine.TLSModule.dll,25280,28D4A9D2,12
0,0,CustomStudio_Data\Managed\UnityEngine.UI.dll,264704,F9891DA6,12
0,0,CustomStudio_Data\Managed\UnityEngine.UIElementsModule.dll,1526464,D2EF9FE4,12
0,0,CustomStudio_Data\Managed\UnityEngine.UIModule.dll,35008,16712D23,12
0,0,CustomStudio_Data\Managed\UnityEngine.UmbraModule.dll,18624,421ABF60,12
0,0,CustomStudio_Data\Managed\UnityEngine.UnityAnalyticsCommonModule.dll,19648,69C59A3E,12
0,0,CustomStudio_Data\Managed\UnityEngine.UnityAnalyticsModule.dll,43200,0E49D1A9,12
0,0,CustomStudio_Data\Managed\UnityEngine.UnityConnectModule.dll,20160,A5D5E39F,12
0,0,CustomStudio_Data\Managed\UnityEngine.UnityCurlModule.dll,20160,B71C41C4,12
0,0,CustomStudio_Data\Managed\UnityEngine.UnityTestProtocolModule.dll,18624,1E0DEBE9,12
0,0,CustomStudio_Data\Managed\UnityEngine.UnityWebRequestAssetBundleModule.dll,21696,69651A7A,12
0,0,CustomStudio_Data\Managed\UnityEngine.UnityWebRequestAudioModule.dll,21184,63F203EC,12
0,0,CustomStudio_Data\Managed\UnityEngine.UnityWebRequestModule.dll,56512,AF370A89,12
0,0,CustomStudio_Data\Managed\UnityEngine.UnityWebRequestTextureModule.dll,20160,6F60385C,12
0,0,CustomStudio_Data\Managed\UnityEngine.UnityWebRequestWWWModule.dll,29888,59764BF3,12
0,0,CustomStudio_Data\Managed\UnityEngine.VehiclesModule.dll,22720,195DA28D,12
0,0,CustomStudio_Data\Managed\UnityEngine.VFXModule.dll,57024,D3FF217B,12
0,0,CustomStudio_Data\Managed\UnityEngine.VideoModule.dll,39616,4592FDD4,12
0,0,CustomStudio_Data\Managed\UnityEngine.VirtualTexturingModule.dll,34496,1A77BE99,12
0,0,CustomStudio_Data\Managed\UnityEngine.VRModule.dll,25280,B7C1DF4D,12
0,0,CustomStudio_Data\Managed\UnityEngine.WindModule.dll,19648,34258888,12
0,0,CustomStudio_Data\Managed\UnityEngine.XR.LegacyInputHelpers.dll,23552,34CF2C40,12
0,0,CustomStudio_Data\Managed\UnityEngine.XRModule.dll,69312,C01DB11A,12
0,0,CustomStudio_Data\Plugins\x86_64\assimp.dll,6155776,F36470E5,10
0,0,CustomStudio_Data\Plugins\x86_64\clothpp.dll,112128,7C3264A4,10
0,0,CustomStudio_Data\Plugins\x86_64\concrt140.dll,334640,999748B4,10
0,0,CustomStudio_Data\Plugins\x86_64\crc.dll,1925120,7452FE3C,10
0,0,CustomStudio_Data\Plugins\x86_64\device_hook.dll,733696,16904EAF,10
0,0,CustomStudio_Data\Plugins\x86_64\device_hook_com.dll,738816,F61E7CED,10
0,0,CustomStudio_Data\Plugins\x86_64\lib_burst_generated.dll,260096,5DEA911C,12
0,0,CustomStudio_Data\Plugins\x86_64\msvcp140.dll,675112,CDCCC76D,10
0,0,CustomStudio_Data\Plugins\x86_64\msvcp140_1.dll,32048,C9B73877,10
0,0,CustomStudio_Data\Plugins\x86_64\msvcp140_2.dll,195888,3D59C7B7,10
0,0,CustomStudio_Data\Plugins\x86_64\stb_image.dll,343552,9A384110,10
0,0,CustomStudio_Data\Plugins\x86_64\vccorlib140.dll,367416,B88D5E85,10
0,0,CustomStudio_Data\Plugins\x86_64\vcruntime140.dll,87864,8DEC7511,10
0,0,CustomStudio_Data\Resources\unity default resources,1564256,28AF3A61,12
0,0,CustomStudio_Data\Resources\unity_builtin_extra,386604,7A824C37,12
0,0,CustomStudio_Data\StreamingAssets\bundledemo,1852855,C071F1E6,10
0,0,CustomStudio_Data\StreamingAssets\bundledemo.manifest,1637,CFA0219F,10
0,0,CustomStudio_Data\StreamingAssets\StreamingAssets,1017,D096ECD1,10
0,0,CustomStudio_Data\StreamingAssets\StreamingAssets.manifest,144,A033B43A,10
0,0,CustomStudio_Data\StreamingAssets\UnityServicesProjectConfiguration.json,1410,5AF691AE,12
0,0,CustomStudio_Data\StreamingAssets\aa\catalog.json,885,951910E7,10
0,0,CustomStudio_Data\StreamingAssets\aa\settings.json,860,FB42D70E,10
0,0,CustomStudio_Data\StreamingAssets\aa\AddressablesLink\link.xml,572,8602114D,10
0,0,GameData\default_skirt.psk,163,10684B0E,1
0,0,GameData\EmpireClub_Rotary_Prein.csobj,40402953,451988C3,1
0,0,GameData\helplink.hlst,1263,188F84BB,3
0,0,GameData\objlist.olst,61995,E34FBEA8,11
0,0,MonoBleedingEdge\EmbedRuntime\mono-2.0-bdwgc.dll,7895744,19AF8B01,12
0,0,MonoBleedingEdge\EmbedRuntime\MonoPosixHelper.dll,609472,68524C42,12
0,0,MonoBleedingEdge\etc\mono\browscap.ini,311984,CE6C0AB3,10
0,0,MonoBleedingEdge\etc\mono\config,3815,88FA6D93,12
0,0,MonoBleedingEdge\etc\mono\2.0\DefaultWsdlHelpGenerator.aspx,60575,95F9D0B4,10
0,0,MonoBleedingEdge\etc\mono\2.0\machine.config,29066,42543B8B,10
0,0,MonoBleedingEdge\etc\mono\2.0\settings.map,2622,AD5340F9,10
0,0,MonoBleedingEdge\etc\mono\2.0\web.config,11635,1A75EBAD,10
0,0,MonoBleedingEdge\etc\mono\2.0\Browsers\Compat.browser,1605,2E178A0B,10
0,0,MonoBleedingEdge\etc\mono\4.0\DefaultWsdlHelpGenerator.aspx,60575,95F9D0B4,10
0,0,MonoBleedingEdge\etc\mono\4.0\machine.config,33598,86F603C4,10
0,0,MonoBleedingEdge\etc\mono\4.0\settings.map,2622,DC24A240,10
0,0,MonoBleedingEdge\etc\mono\4.0\web.config,18802,36D8BA3E,10
0,0,MonoBleedingEdge\etc\mono\4.0\Browsers\Compat.browser,1605,2E178A0B,10
0,0,MonoBleedingEdge\etc\mono\4.5\DefaultWsdlHelpGenerator.aspx,60575,95F9D0B4,10
0,0,MonoBleedingEdge\etc\mono\4.5\machine.config,34056,C446A9EB,10
0,0,MonoBleedingEdge\etc\mono\4.5\settings.map,2622,DC24A240,10
0,0,MonoBleedingEdge\etc\mono\4.5\web.config,18811,4F48BC13,10
0,0,MonoBleedingEdge\etc\mono\4.5\Browsers\Compat.browser,1605,2E178A0B,10
0,0,MonoBleedingEdge\etc\mono\mconfig\config.xml,25817,80B2033A,10
