0,0,COM3D2OHx64_Data\Managed\Assembly-CSharp.dll,6292480,DF4E336E,33303
0,0,COM3D2OHx64.exe,22841856,858642A8,33302
share,../com3d2data\GameData\cbl\csv_cbl.arc,GameData\csv_cbl.arc,1311642,BD709C87,23302
share,../com3d2data\GameData\cbl\script_cbl.arc,GameData\script_cbl.arc,7085899,BA60611E,23302
share,../com3d2data\GameData\cbl\script_cbl_cafesp001_2.arc,GameData\script_cbl_cafesp001_2.arc,23218,BE965C76,23302
share,../com3d2data\GameData\cbl\script_cbl_personal_om006_2.arc,GameData\script_cbl_personal_om006_2.arc,52002,80585934,23302
share,../com3d2data\GameData\cbl\script_cbl_personal_om013_2.arc,GameData\script_cbl_personal_om013_2.arc,4210,168743C9,23302
share,../com3d2data\GameData\ja_only_share\csv_personal_om003_gpsetunlockv2.arc,GameData\csv_personal_om003_gpsetunlockv2.arc,514,D7CA1719,23301
share,../com3d2data\GameData\ja_only_share\csv_personal_om005_gpsetunlockv2.arc,GameData\csv_personal_om005_gpsetunlockv2.arc,514,93519DA7,23301
share,../com3d2data\GameData\ja_only_share\csv_personal_om006_gpsetunlockv2.arc,GameData\csv_personal_om006_gpsetunlockv2.arc,514,AA3E445D,23301
share,../com3d2data\GameData\ja_only_share\csv_personal_om007_gpsetunlockv2.arc,GameData\csv_personal_om007_gpsetunlockv2.arc,514,88B53951,23301
share,../com3d2data\GameData\ja_only_share\csv_personal_om008_gpsetunlockv2.arc,GameData\csv_personal_om008_gpsetunlockv2.arc,514,1F636A86,23301
share,../com3d2data\GameData\patch\csv.arc,GameData\csv.arc,34428206,7E250408,23305
share,../com3d2data\GameData\patch\csv_personal_om010_2.arc,GameData\csv_personal_om010_2.arc,4978,D0FE5726,23302
share,../com3d2data\GameData\patch\parts_dlc373_2.arc,GameData\parts_dlc373_2.arc,1456446,8777F239,23301
share,../com3d2data\GameData\patch\parts_dlc488_2.arc,GameData\parts_dlc488_2.arc,1268526,111CC961,23301
share,../com3d2data\GameData\patch\parts_gp003_2.arc,GameData\parts_gp003_2.arc,154635951,CB1500E9,23301
share,../com3d2data\GameData\patch\parts_oldplus002hair2_2.arc,GameData\parts_oldplus002hair2_2.arc,930739,00AD96BE,23301
share,../com3d2data\GameData\patch\parts_personal_om013cloth_2.arc,GameData\parts_personal_om013cloth_2.arc,737074,8835ACBD,23302
share,../com3d2data\GameData\patch\parts2.arc,GameData\parts2.arc,208395235,56472A48,23302
share,../com3d2data\GameData\patch\paths.dat,GameData\paths.dat,17767,290300D0,23221
share,../com3d2data\GameData\patch\prioritymaterial.arc,GameData\prioritymaterial.arc,811705,8C84EBBD,23304
share,../com3d2data\GameData_20\material_dlc488_2.arc,GameData_20\material_dlc488_2.arc,1647,49C12595,1715
share,../com3d2data\GameData_20\model_dlc373_2.arc,GameData_20\model_dlc373_2.arc,1449896,3527E9B0,1715
share,../com3d2data\GameData_20\model_dlc488_2.arc,GameData_20\model_dlc488_2.arc,1259905,F3544069,1715
share,../com3d2data\GameData_20\paths.dat,GameData_20\paths.dat,14736,89752026,1794
share,../com3d2data\GameData_20\prioritymaterial.arc,GameData_20\prioritymaterial.arc,424177,D988CCB1,1793
