0,0,CM3D2VRx64.exe,20649984,6EFB2A0D,1390
0,0,CM3D2VRx64_DirectToRift.exe,465408,ED45B3A7,1390
0,0,LICENSE,3453,541AF859,1390
0,0,CM3D2VRx64_Data\globalgamemanagers,1357764,E3EC7E05,1390
0,0,CM3D2VRx64_Data\globalgamemanagers.assets,117080,DE69956A,1390
0,0,CM3D2VRx64_Data\level0,184180,4FD8A288,1390
0,0,CM3D2VRx64_Data\level1,202156,83F786D3,1390
0,0,CM3D2VRx64_Data\level10,196836,2A33F517,1390
0,0,CM3D2VRx64_Data\level11,184716,425AC04A,1390
0,0,CM3D2VRx64_Data\level12,212164,4A5D4F4C,1390
0,0,CM3D2VRx64_Data\level13,185236,D492FB9F,1390
0,0,CM3D2VRx64_Data\level14,566604,8523AFC2,1390
0,0,CM3D2VRx64_Data\level15,4640,B30FA53E,1390
0,0,CM3D2VRx64_Data\level16,186788,7ACF6E71,1390
0,0,CM3D2VRx64_Data\level17,4640,11B80373,1390
0,0,CM3D2VRx64_Data\level18,204908,564A1784,1390
0,0,CM3D2VRx64_Data\level19,274796,9DD51532,1390
0,0,CM3D2VRx64_Data\level2,202044,3A9176CF,1390
0,0,CM3D2VRx64_Data\level20,446372,163EE623,1390
0,0,CM3D2VRx64_Data\level21,209708,77E884F2,1390
0,0,CM3D2VRx64_Data\level22,532780,D57527BC,1390
0,0,CM3D2VRx64_Data\level23,260484,F74D8E7B,1390
0,0,CM3D2VRx64_Data\level24,286740,13B9F121,1390
0,0,CM3D2VRx64_Data\level25,208492,FDD0DBC1,1390
0,0,CM3D2VRx64_Data\level26,655244,573E182D,1390
0,0,CM3D2VRx64_Data\level27,1263172,1CC5CA72,1390
0,0,CM3D2VRx64_Data\level28,514436,430C295A,1390
0,0,CM3D2VRx64_Data\level29,208564,DCA35569,1390
0,0,CM3D2VRx64_Data\level3,423756,A5694963,1390
0,0,CM3D2VRx64_Data\level30,607420,93963C7C,1390
0,0,CM3D2VRx64_Data\level31,838628,AF7E6922,1390
0,0,CM3D2VRx64_Data\level32,699572,4D5DBF14,1390
0,0,CM3D2VRx64_Data\level33,200452,F3DD26CE,1390
0,0,CM3D2VRx64_Data\level4,592204,04613E25,1390
0,0,CM3D2VRx64_Data\level5,632756,41DA0C4F,1390
0,0,CM3D2VRx64_Data\level6,185228,0BE074BA,1390
0,0,CM3D2VRx64_Data\level7,358860,F421EB24,1390
0,0,CM3D2VRx64_Data\level8,233676,5543D0E0,1390
0,0,CM3D2VRx64_Data\level9,229300,E50D1689,1390
0,0,CM3D2VRx64_Data\resources.assets,248475864,E18CEC51,1390
0,0,CM3D2VRx64_Data\resources.assets.resS,368389156,C79EBB99,1390
0,0,CM3D2VRx64_Data\sharedassets0.assets,16482976,705BBA6C,1390
0,0,CM3D2VRx64_Data\sharedassets0.assets.resS,121728032,3D69BF0B,1390
0,0,CM3D2VRx64_Data\sharedassets1.assets,5920,4A2BB49C,1390
0,0,CM3D2VRx64_Data\sharedassets10.assets,5764,A7385304,1390
0,0,CM3D2VRx64_Data\sharedassets11.assets,5764,132923F5,1390
0,0,CM3D2VRx64_Data\sharedassets12.assets,5788,05337226,1390
0,0,CM3D2VRx64_Data\sharedassets13.assets,5788,B0D19588,1390
0,0,CM3D2VRx64_Data\sharedassets14.assets,6340,E8D9F1C1,1390
0,0,CM3D2VRx64_Data\sharedassets15.assets,4132,E02B0156,1390
0,0,CM3D2VRx64_Data\sharedassets16.assets,5824,D0BCA921,1390
0,0,CM3D2VRx64_Data\sharedassets17.assets,4132,0B2B484D,1390
0,0,CM3D2VRx64_Data\sharedassets18.assets,6544,8141850D,1390
0,0,CM3D2VRx64_Data\sharedassets19.assets,5788,4EDAA006,1390
0,0,CM3D2VRx64_Data\sharedassets2.assets,5968,0FAE4A29,1390
0,0,CM3D2VRx64_Data\sharedassets20.assets,215280,D6F35236,1390
0,0,CM3D2VRx64_Data\sharedassets20.assets.resS,51968,C41BC4E7,1390
0,0,CM3D2VRx64_Data\sharedassets21.assets,5860,7E226AFD,1390
0,0,CM3D2VRx64_Data\sharedassets22.assets,74160,E1AC7926,1390
0,0,CM3D2VRx64_Data\sharedassets23.assets,5992,A1DE71E9,1390
0,0,CM3D2VRx64_Data\sharedassets24.assets,5872,389467BF,1390
0,0,CM3D2VRx64_Data\sharedassets25.assets,5872,C9443961,1390
0,0,CM3D2VRx64_Data\sharedassets26.assets,8128,9EECB03D,1390
0,0,CM3D2VRx64_Data\sharedassets27.assets,6484,AD882903,1390
0,0,CM3D2VRx64_Data\sharedassets28.assets,39511712,15FAA8CD,1390
0,0,CM3D2VRx64_Data\sharedassets29.assets,5872,7EB3E035,1390
0,0,CM3D2VRx64_Data\sharedassets3.assets,6340,17398B97,1390
0,0,CM3D2VRx64_Data\sharedassets30.assets,67700952,6E55396E,1390
0,0,CM3D2VRx64_Data\sharedassets31.assets,67690184,8469528E,1390
0,0,CM3D2VRx64_Data\sharedassets32.assets,47233820,72972C61,1390
0,0,CM3D2VRx64_Data\sharedassets32.resource,3813344,7B95E5D4,1390
0,0,CM3D2VRx64_Data\sharedassets33.assets,5788,3F5E6EAD,1390
0,0,CM3D2VRx64_Data\sharedassets4.assets,1310240,6A167A7B,1390
0,0,CM3D2VRx64_Data\sharedassets5.assets,6460,564434B9,1390
0,0,CM3D2VRx64_Data\sharedassets6.assets,5788,51C69E89,1390
0,0,CM3D2VRx64_Data\sharedassets7.assets,6064,C51A4DC0,1390
0,0,CM3D2VRx64_Data\sharedassets8.assets,5944,C9E03C61,1390
0,0,CM3D2VRx64_Data\sharedassets9.assets,6268,8651A0C6,1390
0,0,CM3D2VRx64_Data\Managed\Accessibility.dll,10752,594EE943,1390
0,0,CM3D2VRx64_Data\Managed\Assembly-CSharp-firstpass.dll,595456,0A1333EA,1390
0,0,CM3D2VRx64_Data\Managed\Assembly-CSharp.dll,2445824,66F1AF77,1390
0,0,CM3D2VRx64_Data\Managed\Assembly-UnityScript-firstpass.dll,65024,9090477D,1390
0,0,CM3D2VRx64_Data\Managed\Boo.Lang.dll,126976,9ADD3789,1390
0,0,CM3D2VRx64_Data\Managed\JsonFx.Json.dll,70144,A0F0CFCB,1390
0,0,CM3D2VRx64_Data\Managed\LeapCSharp.NET3.5.dll,96080,CF6AC469,1390
0,0,CM3D2VRx64_Data\Managed\Mono.Data.Tds.dll,96256,DDA7BAB7,1390
0,0,CM3D2VRx64_Data\Managed\Mono.Posix.dll,184320,C7063ABB,1390
0,0,CM3D2VRx64_Data\Managed\Mono.Security.dll,294912,8C7E67B3,1390
0,0,CM3D2VRx64_Data\Managed\Mono.WebBrowser.dll,172032,541986C3,1390
0,0,CM3D2VRx64_Data\Managed\mscorlib.dll,2589696,AFA570E5,1390
0,0,CM3D2VRx64_Data\Managed\System.Configuration.dll,124928,D5F2A804,1390
0,0,CM3D2VRx64_Data\Managed\System.Core.dll,297472,BCE2218F,1390
0,0,CM3D2VRx64_Data\Managed\System.Data.dll,856064,F1D38D2E,1390
0,0,CM3D2VRx64_Data\Managed\System.dll,1679360,288F722A,1390
0,0,CM3D2VRx64_Data\Managed\System.Drawing.Design.dll,29696,E7B53FF9,1390
0,0,CM3D2VRx64_Data\Managed\System.Drawing.dll,448512,C4B2E872,1390
0,0,CM3D2VRx64_Data\Managed\System.EnterpriseServices.dll,46592,75A19B93,1390
0,0,CM3D2VRx64_Data\Managed\System.Security.dll,135168,365C74A7,1390
0,0,CM3D2VRx64_Data\Managed\System.Transactions.dll,27648,203D65C1,1390
0,0,CM3D2VRx64_Data\Managed\System.Windows.Forms.dll,3053568,56394001,1390
0,0,CM3D2VRx64_Data\Managed\System.Xml.dll,1270272,9B79033F,1390
0,0,CM3D2VRx64_Data\Managed\System.Xml.Linq.dll,106496,B3ACF139,1390
0,0,CM3D2VRx64_Data\Managed\UnityEngine.dll,972800,B3EB425F,1390
0,0,CM3D2VRx64_Data\Managed\UnityEngine.dll.mdb,353934,02424F6C,1390
0,0,CM3D2VRx64_Data\Managed\UnityEngine.Networking.dll,230912,EBC88F56,1390
0,0,CM3D2VRx64_Data\Managed\UnityEngine.UI.dll,219136,8E43BC11,1390
0,0,CM3D2VRx64_Data\Managed\UnityScript.Lang.dll,14336,13EE284D,1390
0,0,CM3D2VRx64_Data\Mono\mono.dll,2612696,2A5A1006,1390
0,0,CM3D2VRx64_Data\Mono\etc\mono\browscap.ini,311984,CE6C0AB3,1390
0,0,CM3D2VRx64_Data\Mono\etc\mono\config,1691,A635914A,1390
0,0,CM3D2VRx64_Data\Mono\etc\mono\1.0\DefaultWsdlHelpGenerator.aspx,58196,10E814BF,1390
0,0,CM3D2VRx64_Data\Mono\etc\mono\1.0\machine.config,17258,EDE1AC59,1390
0,0,CM3D2VRx64_Data\Mono\etc\mono\2.0\DefaultWsdlHelpGenerator.aspx,60453,F3869A34,1390
0,0,CM3D2VRx64_Data\Mono\etc\mono\2.0\machine.config,27625,73C91C24,1390
0,0,CM3D2VRx64_Data\Mono\etc\mono\2.0\settings.map,2618,A1A3C29F,1390
0,0,CM3D2VRx64_Data\Mono\etc\mono\2.0\web.config,11686,534A9960,1390
0,0,CM3D2VRx64_Data\Mono\etc\mono\2.0\Browsers\Compat.browser,1605,2E178A0B,1390
0,0,CM3D2VRx64_Data\Mono\etc\mono\mconfig\config.xml,25817,80B2033A,1390
0,0,CM3D2VRx64_Data\Plugins\cm3d2_x64.dll,1542656,E14B8436,1390
0,0,CM3D2VRx64_Data\Plugins\device_hook.dll,116224,52D7B853,1390
0,0,CM3D2VRx64_Data\Plugins\LeapC.dll,2516992,FBDD3767,1390
0,0,CM3D2VRx64_Data\Plugins\openvr_api.dll,318272,44432E0F,1390
0,0,CM3D2VRx64_Data\Plugins\OVRGamepad.dll,12800,2C526135,1390
0,0,CM3D2VRx64_Data\Plugins\OVRPlugin.dll,399272,D560055D,1390
0,0,CM3D2VRx64_Data\Resources\unity default resources,1544700,7137E221,1390
0,0,CM3D2VRx64_Data\Resources\unity_builtin_extra,128416,EB7E12DB,1390
0,0,GameData\material_vr.arc,6184,D2EAFD73,130
0,0,GameData\menu_vr.arc,3407,D3B43CF5,130
0,0,GameData\model_vr.arc,866449,B84B7620,130
0,0,GameData\texture_vr.arc,1111256,DF651968,130
