0,0,COM3D2.exe,6385664,4A099346,2001
0,0,COM3D2x64.exe,22841856,A9562BF9,1030
0,0,COM3D2x64_Data\app.info,27,F9A266E7,1030
0,0,COM3D2x64_Data\globalgamemanagers,3843420,34731FB6,1030
0,0,COM3D2x64_Data\globalgamemanagers.assets,202828,20E49892,1030
0,0,COM3D2x64_Data\level0,180764,3A884C23,1030
0,0,COM3D2x64_Data\level1,197428,0C6FE453,1030
0,0,COM3D2x64_Data\level10,205740,E58E8763,1030
0,0,COM3D2x64_Data\level11,181292,61A3A31A,1030
0,0,COM3D2x64_Data\level12,245996,F5AB7E82,1030
0,0,COM3D2x64_Data\level13,181756,ABB84CAD,1030
0,0,COM3D2x64_Data\level14,627156,B986E676,1030
0,0,COM3D2x64_Data\level15,6948,4B142A6A,1030
0,0,COM3D2x64_Data\level16,183220,B5222CFC,1030
0,0,COM3D2x64_Data\level17,4664,A9F4C0E2,1030
0,0,COM3D2x64_Data\level18,199908,5A2901C7,1030
0,0,COM3D2x64_Data\level19,188148,1AC97790,1030
0,0,COM3D2x64_Data\level2,198788,083AF98A,1030
0,0,COM3D2x64_Data\level20,798156,C4176870,1030
0,0,COM3D2x64_Data\level21,259876,ACB25ED2,1030
0,0,COM3D2x64_Data\level22,927796,B230AC63,1030
0,0,COM3D2x64_Data\level23,260588,321BEDE7,1030
0,0,COM3D2x64_Data\level24,457260,4FC6E0A4,1030
0,0,COM3D2x64_Data\level25,203260,5FD58484,1030
0,0,COM3D2x64_Data\level26,643548,4DA4A870,1030
0,0,COM3D2x64_Data\level27,1700948,D00DFCDF,1030
0,0,COM3D2x64_Data\level28,957820,19FED9F4,1030
0,0,COM3D2x64_Data\level29,203260,73AD4041,1030
0,0,COM3D2x64_Data\level3,976684,0152B076,1030
0,0,COM3D2x64_Data\level30,586892,9690546B,1030
0,0,COM3D2x64_Data\level31,833732,01A62E89,1030
0,0,COM3D2x64_Data\level32,931116,B7493E27,1030
0,0,COM3D2x64_Data\level33,195884,BFF3667D,1030
0,0,COM3D2x64_Data\level34,543604,FA977E48,1030
0,0,COM3D2x64_Data\level35,805156,9D771502,1030
0,0,COM3D2x64_Data\level36,537220,6139425D,1030
0,0,COM3D2x64_Data\level37,685076,F08E75E6,1030
0,0,COM3D2x64_Data\level38,302916,2C9451AE,1030
0,0,COM3D2x64_Data\level39,27904,1BEFA688,1030
0,0,COM3D2x64_Data\level39.resS,131232,740D6D28,1030
0,0,COM3D2x64_Data\level4,1055660,C4DA8F4A,1030
0,0,COM3D2x64_Data\level40,51676,E5E91F07,1030
0,0,COM3D2x64_Data\level41,56036,D749154B,1030
0,0,COM3D2x64_Data\level42,6656,D4059A2D,1030
0,0,COM3D2x64_Data\level43,181660,F28E7BDE,1030
0,0,COM3D2x64_Data\level44,1419116,0AB99159,1030
0,0,COM3D2x64_Data\level45,1275748,2870C323,1030
0,0,COM3D2x64_Data\level46,1297348,2D79AFB2,1030
0,0,COM3D2x64_Data\level47,276372,A4605FAC,1030
0,0,COM3D2x64_Data\level48,239444,FE2EDD5C,1030
0,0,COM3D2x64_Data\level49,265740,8D724853,1030
0,0,COM3D2x64_Data\level5,1008404,C9ABCCB4,1030
0,0,COM3D2x64_Data\level50,1192580,B78C2C2A,1030
0,0,COM3D2x64_Data\level51,1257052,BD4597BD,1030
0,0,COM3D2x64_Data\level52,1382460,FEDCFE81,1030
0,0,COM3D2x64_Data\level53,269292,E2491924,1030
0,0,COM3D2x64_Data\level54,232204,19D3A077,1030
0,0,COM3D2x64_Data\level55,292340,3D5EAF53,1030
0,0,COM3D2x64_Data\level56,250380,B373CB14,1030
0,0,COM3D2x64_Data\level57,1217500,82E21C41,1030
0,0,COM3D2x64_Data\level58,234124,24FCEF2B,1030
0,0,COM3D2x64_Data\level59,481164,2E44660C,1030
0,0,COM3D2x64_Data\level6,181748,6127CFFE,1030
0,0,COM3D2x64_Data\level60,361556,98EA9FC1,1030
0,0,COM3D2x64_Data\level61,203572,EE4831C7,1030
0,0,COM3D2x64_Data\level62,1119444,2CEA2814,1030
0,0,COM3D2x64_Data\level63,870076,9FB427E7,1030
0,0,COM3D2x64_Data\level64,877364,B883D61F,1030
0,0,COM3D2x64_Data\level65,1119444,3D89D419,1030
0,0,COM3D2x64_Data\level66,1000060,29FF73FC,1030
0,0,COM3D2x64_Data\level67,788628,721B7C16,1030
0,0,COM3D2x64_Data\level68,1075012,B6B4F77F,1030
0,0,COM3D2x64_Data\level69,1176028,21C9218A,1030
0,0,COM3D2x64_Data\level7,737068,09EE6281,1030
0,0,COM3D2x64_Data\level70,536636,1A3EBA3F,1030
0,0,COM3D2x64_Data\level71,760852,CE4628B3,1030
0,0,COM3D2x64_Data\level72,256540,88A6860C,1030
0,0,COM3D2x64_Data\level73,252908,1FABD7AF,1030
0,0,COM3D2x64_Data\level74,296612,8AF38992,1030
0,0,COM3D2x64_Data\level75,318748,82C1CE78,1030
0,0,COM3D2x64_Data\level76,247140,0DDB68F4,1030
0,0,COM3D2x64_Data\level77,307100,6BDC49CA,1030
0,0,COM3D2x64_Data\level8,211724,A54A75A5,1030
0,0,COM3D2x64_Data\level9,269340,B898F412,1030
0,0,COM3D2x64_Data\resources.assets,374843824,C6DFF425,1030
0,0,COM3D2x64_Data\resources.assets.resS,1606202616,79CEDB53,1030
0,0,COM3D2x64_Data\resources.resource,692096,84F04AA0,1030
0,0,COM3D2x64_Data\sharedassets0.assets,115224616,F61A65FF,1030
0,0,COM3D2x64_Data\sharedassets0.assets.resS,121728032,D7EB5908,1030
0,0,COM3D2x64_Data\sharedassets1.assets,6136,6FF47A26,1030
0,0,COM3D2x64_Data\sharedassets10.assets,6004,E09CDE67,1030
0,0,COM3D2x64_Data\sharedassets11.assets,5980,B720E8F8,1030
0,0,COM3D2x64_Data\sharedassets12.assets,6220,E0CF6B0E,1030
0,0,COM3D2x64_Data\sharedassets13.assets,6004,86DD9824,1030
0,0,COM3D2x64_Data\sharedassets14.assets,6604,146E2020,1030
0,0,COM3D2x64_Data\sharedassets15.assets,4540,A9430B3C,1030
0,0,COM3D2x64_Data\sharedassets16.assets,6040,9D181B77,1030
0,0,COM3D2x64_Data\sharedassets17.assets,4132,B61816BE,1030
0,0,COM3D2x64_Data\sharedassets18.assets,6760,DC2A038D,1030
0,0,COM3D2x64_Data\sharedassets19.assets,6112,158CD6B6,1030
0,0,COM3D2x64_Data\sharedassets2.assets,6196,57450F1F,1030
0,0,COM3D2x64_Data\sharedassets20.assets,12232,65CC9819,1030
0,0,COM3D2x64_Data\sharedassets21.assets,6184,FBD16C0D,1030
0,0,COM3D2x64_Data\sharedassets22.assets,12460,D765C840,1030
0,0,COM3D2x64_Data\sharedassets23.assets,6220,14DDBB84,1030
0,0,COM3D2x64_Data\sharedassets24.assets,6340,148A4B02,1030
0,0,COM3D2x64_Data\sharedassets25.assets,6076,84B52C41,1030
0,0,COM3D2x64_Data\sharedassets26.assets,215068,223C6694,1030
0,0,COM3D2x64_Data\sharedassets27.assets,6928,3A474541,1030
0,0,COM3D2x64_Data\sharedassets28.assets,12436,88004795,1030
0,0,COM3D2x64_Data\sharedassets29.assets,6076,9B765818,1030
0,0,COM3D2x64_Data\sharedassets3.assets,7780,74D67685,1030
0,0,COM3D2x64_Data\sharedassets30.assets,1320732,DED5ACC0,1030
0,0,COM3D2x64_Data\sharedassets31.assets,8500,99CDA373,1030
0,0,COM3D2x64_Data\sharedassets32.assets,12436,88004795,1030
0,0,COM3D2x64_Data\sharedassets33.assets,6004,72652DCF,1030
0,0,COM3D2x64_Data\sharedassets34.assets,38183308,1632A93C,1030
0,0,COM3D2x64_Data\sharedassets35.assets,7792,8751A25B,1030
0,0,COM3D2x64_Data\sharedassets36.assets,13346004,44C83CE3,1030
0,0,COM3D2x64_Data\sharedassets37.assets,6220,A54E6677,1030
0,0,COM3D2x64_Data\sharedassets38.assets,18126752,3ED7D2DE,1030
0,0,COM3D2x64_Data\sharedassets39.assets,12328,F89D8384,1030
0,0,COM3D2x64_Data\sharedassets4.assets,12688,4E6F1054,1030
0,0,COM3D2x64_Data\sharedassets40.assets,4420,F8942C3C,1030
0,0,COM3D2x64_Data\sharedassets41.assets,4324,360AE58C,1030
0,0,COM3D2x64_Data\sharedassets42.assets,4264,C6F496C9,1030
0,0,COM3D2x64_Data\sharedassets43.assets,6016,CF1D2ABD,1030
0,0,COM3D2x64_Data\sharedassets44.assets,12232,BD5CAEC1,1030
0,0,COM3D2x64_Data\sharedassets45.assets,12232,367CC945,1030
0,0,COM3D2x64_Data\sharedassets46.assets,12232,E1571A64,1030
0,0,COM3D2x64_Data\sharedassets47.assets,7084,0022FFA7,1030
0,0,COM3D2x64_Data\sharedassets48.assets,6844,5083258B,1030
0,0,COM3D2x64_Data\sharedassets49.assets,7096,6CDB3FF2,1030
0,0,COM3D2x64_Data\sharedassets5.assets,7024,81EC9123,1030
0,0,COM3D2x64_Data\sharedassets50.assets,9124,07EC2691,1030
0,0,COM3D2x64_Data\sharedassets51.assets,9232,C6BC474C,1030
0,0,COM3D2x64_Data\sharedassets52.assets,9220,7529F9F1,1030
0,0,COM3D2x64_Data\sharedassets53.assets,8320,CEA60ADB,1030
0,0,COM3D2x64_Data\sharedassets54.assets,6472,A11BE170,1030
0,0,COM3D2x64_Data\sharedassets55.assets,8164,1F629BF2,1030
0,0,COM3D2x64_Data\sharedassets56.assets,792572,BE30B27F,1030
0,0,COM3D2x64_Data\sharedassets56.assets.resS,6506584,427886ED,1030
0,0,COM3D2x64_Data\sharedassets57.assets,12232,8788F08A,1030
0,0,COM3D2x64_Data\sharedassets58.assets,6532,1D5FAEB0,1030
0,0,COM3D2x64_Data\sharedassets59.assets,6640,B51B331E,1030
0,0,COM3D2x64_Data\sharedassets6.assets,6004,2F55FF67,1030
0,0,COM3D2x64_Data\sharedassets60.assets,6508,4D87EB73,1030
0,0,COM3D2x64_Data\sharedassets61.assets,6004,8E2054B9,1030
0,0,COM3D2x64_Data\sharedassets62.assets,12316,7D676793,1030
0,0,COM3D2x64_Data\sharedassets63.assets,9016,407F7D94,1030
0,0,COM3D2x64_Data\sharedassets64.assets,9052,4A7811FB,1030
0,0,COM3D2x64_Data\sharedassets65.assets,12316,7D676793,1030
0,0,COM3D2x64_Data\sharedassets66.assets,9256,309CF662,1030
0,0,COM3D2x64_Data\sharedassets67.assets,9052,4A7811FB,1030
0,0,COM3D2x64_Data\sharedassets68.assets,9196,7870AC4F,1030
0,0,COM3D2x64_Data\sharedassets69.assets,9232,C6BC474C,1030
0,0,COM3D2x64_Data\sharedassets7.assets,6808,4BDB6B52,1030
0,0,COM3D2x64_Data\sharedassets70.assets,6556,116FC6B0,1030
0,0,COM3D2x64_Data\sharedassets71.assets,9220,7529F9F1,1030
0,0,COM3D2x64_Data\sharedassets72.assets,42236436,B240F7B1,1030
0,0,COM3D2x64_Data\sharedassets72.assets.resS,87400,8BA6C322,1030
0,0,COM3D2x64_Data\sharedassets73.assets,38246404,6546EC57,1030
0,0,COM3D2x64_Data\sharedassets74.assets,32874500,A5350D41,1030
0,0,COM3D2x64_Data\sharedassets75.assets,36735572,B44E62FE,1030
0,0,COM3D2x64_Data\sharedassets75.assets.resS,174776,5B619AF1,1030
0,0,COM3D2x64_Data\sharedassets76.assets,41277256,A8811F49,1030
0,0,COM3D2x64_Data\sharedassets77.assets,39399008,0FDF41C2,1030
0,0,COM3D2x64_Data\sharedassets8.assets,6088,DDE8C237,1030
0,0,COM3D2x64_Data\sharedassets9.assets,6916,AF6160B6,1030
0,0,COM3D2x64_Data\Managed\Accessibility.dll,10752,5CB31E4E,1030
0,0,COM3D2x64_Data\Managed\Assembly-CSharp-firstpass.dll,784384,3C160D16,1030
0,0,COM3D2x64_Data\Managed\Assembly-CSharp.dll,4354048,7A19D203,1030
0,0,COM3D2x64_Data\Managed\Assembly-UnityScript-firstpass.dll,65024,09941486,1030
0,0,COM3D2x64_Data\Managed\Boo.Lang.dll,126976,28383F70,1030
0,0,COM3D2x64_Data\Managed\BouncyCastle.Crypto.dll,2236416,5A4C4F07,1030
0,0,COM3D2x64_Data\Managed\FoveUnityPlugin.dll,28672,A6EA882B,1030
0,0,COM3D2x64_Data\Managed\Ionic.Zlib.dll,102400,7C9E7DD2,1030
0,0,COM3D2x64_Data\Managed\JsonFx.Json.dll,70144,A0F0CFCB,1030
0,0,COM3D2x64_Data\Managed\LeapCSharp.NET3.5.dll,82432,38E38212,1030
0,0,COM3D2x64_Data\Managed\Mono.Data.Tds.dll,96256,2965324B,1030
0,0,COM3D2x64_Data\Managed\Mono.Posix.dll,184320,0CE35BE3,1030
0,0,COM3D2x64_Data\Managed\Mono.Security.dll,294912,66EB9979,1030
0,0,COM3D2x64_Data\Managed\Mono.WebBrowser.dll,172032,137B736F,1030
0,0,COM3D2x64_Data\Managed\mscorlib.dll,2590208,5166389B,1030
0,0,COM3D2x64_Data\Managed\Newtonsoft.Json.dll,494592,5C881B73,1030
0,0,COM3D2x64_Data\Managed\System.Configuration.dll,124928,72952344,1030
0,0,COM3D2x64_Data\Managed\System.Core.dll,297472,9E3EE5D7,1030
0,0,COM3D2x64_Data\Managed\System.Data.dll,856064,DDDB80CD,1030
0,0,COM3D2x64_Data\Managed\System.dll,1679360,13922617,1030
0,0,COM3D2x64_Data\Managed\System.Drawing.Design.dll,29696,E7B53FF9,1030
0,0,COM3D2x64_Data\Managed\System.Drawing.dll,448512,C4B2E872,1030
0,0,COM3D2x64_Data\Managed\System.EnterpriseServices.dll,46592,2C72A9FE,1030
0,0,COM3D2x64_Data\Managed\System.Security.dll,135168,1CE94C57,1030
0,0,COM3D2x64_Data\Managed\System.Transactions.dll,27648,45299FCF,1030
0,0,COM3D2x64_Data\Managed\System.Windows.Forms.dll,3053568,56394001,1030
0,0,COM3D2x64_Data\Managed\System.Xml.dll,1270272,4581A35B,1030
0,0,COM3D2x64_Data\Managed\System.Xml.Linq.dll,106496,E844371C,1030
0,0,COM3D2x64_Data\Managed\UnityEngine.dll,1393152,2C35388C,1030
0,0,COM3D2x64_Data\Managed\UnityEngine.dll.mdb,449828,8610375E,1030
0,0,COM3D2x64_Data\Managed\UnityEngine.Networking.dll,253952,2BDF701F,1030
0,0,COM3D2x64_Data\Managed\UnityEngine.UI.dll,245760,FA552B2D,1030
0,0,COM3D2x64_Data\Managed\UnityEngine.VR.dll,3072,A4582CD6,1030
0,0,COM3D2x64_Data\Managed\UnityScript.Lang.dll,13824,0DA8F681,1030
0,0,COM3D2x64_Data\Managed\zxing.unity.dll,430592,9FD1F198,1030
0,0,COM3D2x64_Data\Mono\mono.dll,2618816,0BEA8C0F,1030
0,0,COM3D2x64_Data\Mono\MonoPosixHelper.dll,113664,9B5E1E4D,1030
0,0,COM3D2x64_Data\Mono\etc\mono\browscap.ini,311984,CE6C0AB3,1030
0,0,COM3D2x64_Data\Mono\etc\mono\config,1691,A635914A,1030
0,0,COM3D2x64_Data\Mono\etc\mono\1.0\DefaultWsdlHelpGenerator.aspx,58196,10E814BF,1030
0,0,COM3D2x64_Data\Mono\etc\mono\1.0\machine.config,17258,EDE1AC59,1030
0,0,COM3D2x64_Data\Mono\etc\mono\2.0\DefaultWsdlHelpGenerator.aspx,60453,F3869A34,1030
0,0,COM3D2x64_Data\Mono\etc\mono\2.0\machine.config,27625,73C91C24,1030
0,0,COM3D2x64_Data\Mono\etc\mono\2.0\settings.map,2618,A1A3C29F,1030
0,0,COM3D2x64_Data\Mono\etc\mono\2.0\web.config,11686,534A9960,1030
0,0,COM3D2x64_Data\Mono\etc\mono\2.0\Browsers\Compat.browser,1605,2E178A0B,1030
0,0,COM3D2x64_Data\Mono\etc\mono\mconfig\config.xml,25817,80B2033A,1030
0,0,COM3D2x64_Data\Plugins\AVProVideo.dll,813056,60B54FA5,1030
0,0,COM3D2x64_Data\Plugins\clothpp.dll,112128,7C3264A4,1030
0,0,COM3D2x64_Data\Plugins\cm3d2.dll,2151936,48625657,1030
0,0,COM3D2x64_Data\Plugins\device_hook.dll,731136,8E59B7A5,1030
0,0,COM3D2x64_Data\Plugins\FoveClient.dll,1849384,58C8B4F6,1030
0,0,COM3D2x64_Data\Plugins\LeapC.dll,2516992,FBDD3767,1030
0,0,COM3D2x64_Data\Plugins\openvr_api.dll,318272,44432E0F,1030
0,0,COM3D2x64_Data\Plugins\OVRGamepad.dll,12800,2C526135,1030
0,0,COM3D2x64_Data\Plugins\OVRPlugin.dll,1898408,5DD05B6C,1030
0,0,COM3D2x64_Data\Resources\unity default resources,752360,71DB1AEA,1030
0,0,COM3D2x64_Data\Resources\unity_builtin_extra,284012,91145F7F,1030
0,0,GameData\csv.arc,2708285,D025B4B4,1020
0,0,GameData\motion2.arc,70114245,C2D7769F,1020
0,0,GameData\parts2.arc,36806455,BAF62987,1020
0,0,GameData\paths.dat,533,1DC2D6B5,1020
0,0,GameData\prioritymaterial.arc,271484,7FE620DE,1020
0,0,GameData\script.arc,11693157,BC006716,1020
0,0,GameData\sound2.arc,2831373,17A6CBF3,1020
0,0,GameData\system2.arc,6894180,3B814469,1020
0,0,GameData\voice2.arc,39171801,FF844D18,1020
0,0,GameData_20\paths.dat,5091,D094E2BE,1580
0,0,GameData_20\prioritymaterial.arc,221488,580931AC,1582
0,0,manual\favicon.ico,370070,687492C6,1020
0,0,manual\index.html,71764,8768F62A,1020
0,0,manual\css\close.png,1250,304A1D8C,1020
0,0,manual\css\common.css,3409,BA5B06EB,1020
0,0,manual\css\index.css,6614,38725E3B,1020
0,0,manual\css\lightbox.css,3674,9235D408,1020
0,0,manual\css\loading.gif,1279,72456323,1020
0,0,manual\css\next.png,1682,E0895D01,1020
0,0,manual\css\prev.png,1666,12F2027E,1020
0,0,manual\img\casino01.jpg,272694,C6FE6781,1020
0,0,manual\img\clubstatus.jpg,36546,DAA11F1D,1020
0,0,manual\img\com3d2_logo.png,100187,28605834,1020
0,0,manual\img\comp01.jpg,54909,F2AE5CE1,1020
0,0,manual\img\comp02.jpg,87599,493340A0,1020
0,0,manual\img\config.jpg,156802,1871EF55,1020
0,0,manual\img\dance01.jpg,305648,B87D0340,1020
0,0,manual\img\dance02.jpg,345535,27BEFAE3,1020
0,0,manual\img\edit01.jpg,312602,CB3E64D0,1020
0,0,manual\img\edit02.jpg,278318,878B2857,1020
0,0,manual\img\event01.jpg,194983,E4E03D42,1020
0,0,manual\img\facilitysetting01.jpg,338947,40D2A7D3,1020
0,0,manual\img\facilitysetting02.jpg,185709,12E0C653,1020
0,0,manual\img\facilitysetting03.jpg,267150,D08D54B7,1020
0,0,manual\img\kashizuki01.jpg,210954,8E6084EA,1020
0,0,manual\img\kashizuki02.jpg,209895,BD363567,1020
0,0,manual\img\kashizuki03.jpg,215560,D28EDBD6,1020
0,0,manual\img\kiss_logo.png,6459,7966A6E9,1020
0,0,manual\img\maidmanagement01.jpg,242517,21B3E491,1020
0,0,manual\img\maidmanagement02.jpg,140237,945D483D,1020
0,0,manual\img\maidmanagement03.jpg,208300,B7C8F3CD,1020
0,0,manual\img\mainmenu01.jpg,162713,F925FDAB,1020
0,0,manual\img\mainmenu02.jpg,193956,4C7EF1A8,1020
0,0,manual\img\myroom.jpg,225108,398BA2D8,1020
0,0,manual\img\myroom.psd,1301284,E3472053,1020
0,0,manual\img\reminiscence01.jpg,236014,B0302E74,1020
0,0,manual\img\schedule01.jpg,198475,6AD2FF8C,1020
0,0,manual\img\schedule02.jpg,240595,AE23B15D,1020
0,0,manual\img\shitsu_mode.jpg,166109,966737E0,1020
0,0,manual\img\shop.jpg,216722,67700EE6,1020
0,0,manual\img\studio.jpg,328576,FC7FDE83,1020
0,0,manual\img\system01.jpg,67204,A61273B1,1020
0,0,manual\img\yotogi01.jpg,283179,93847FCE,1020
0,0,manual\img\yotogi02.jpg,278963,0959D75C,1020
0,0,manual\img\yotogi03.jpg,243961,20F88D92,1020
0,0,manual\sys\common.js,240,976D3DF4,1020
0,0,manual\sys\jquery-3.1.0.min.js,86351,AE6B746B,1020
0,0,manual\sys\jquery.lazy.min.js,5022,FEEB9C66,1020
0,0,manual\sys\lightbox.js,18410,F90AE353,1020
