0,0,COM3D2.exe,6607360,9C604F0A,2005
0,0,COM3D2x64.exe,22841856,A9562BF9,1140
0,0,LICENSE,31205,24BAD003,1140
0,0,COM3D2x64_Data\app.info,27,F9A266E7,1140
0,0,COM3D2x64_Data\globalgamemanagers,4062996,27151306,1140
0,0,COM3D2x64_Data\globalgamemanagers.assets,213708,91F47BB3,1140
0,0,COM3D2x64_Data\level0,261844,05FAE72E,1140
0,0,COM3D2x64_Data\level1,278508,5B06BD2C,1140
0,0,COM3D2x64_Data\level10,286820,5BCDD826,1140
0,0,COM3D2x64_Data\level11,262356,CD93AA51,1140
0,0,COM3D2x64_Data\level12,327076,26475790,1140
0,0,COM3D2x64_Data\level13,263324,45159E3C,1140
0,0,COM3D2x64_Data\level14,719620,99BB7085,1140
0,0,COM3D2x64_Data\level15,6948,69962839,1140
0,0,COM3D2x64_Data\level16,264300,73759007,1140
0,0,COM3D2x64_Data\level17,4664,49FE536E,1140
0,0,COM3D2x64_Data\level18,280988,A7BFA056,1140
0,0,COM3D2x64_Data\level19,269164,45FACB3B,1140
0,0,COM3D2x64_Data\level2,279820,D3D38454,1140
0,0,COM3D2x64_Data\level20,886780,F54A4B42,1140
0,0,COM3D2x64_Data\level21,340956,26DDAFAE,1140
0,0,COM3D2x64_Data\level22,1016420,2F5F818D,1140
0,0,COM3D2x64_Data\level23,341620,2592CEC4,1140
0,0,COM3D2x64_Data\level24,538292,42FB0C5C,1140
0,0,COM3D2x64_Data\level25,284324,8EE01BAF,1140
0,0,COM3D2x64_Data\level26,1910156,332D2DA5,1140
0,0,COM3D2x64_Data\level27,1046428,8D994F86,1140
0,0,COM3D2x64_Data\level28,284324,3F9481A8,1140
0,0,COM3D2x64_Data\level29,1019724,8B79209C,1140
0,0,COM3D2x64_Data\level3,1057724,AEC7C107,1140
0,0,COM3D2x64_Data\level30,276948,7B3B9248,1140
0,0,COM3D2x64_Data\level31,383996,7E6C168B,1140
0,0,COM3D2x64_Data\level32,27904,474E7E60,1140
0,0,COM3D2x64_Data\level32.resS,131232,437C95D8,1140
0,0,COM3D2x64_Data\level33,51676,0579CD0B,1140
0,0,COM3D2x64_Data\level34,56036,68916227,1140
0,0,COM3D2x64_Data\level35,6832,8293A715,1140
0,0,COM3D2x64_Data\level36,262748,5FDFD6DF,1140
0,0,COM3D2x64_Data\level37,1507740,F78F6BAB,1140
0,0,COM3D2x64_Data\level38,1364372,9A91551B,1140
0,0,COM3D2x64_Data\level39,1385972,B4BF6B45,1140
0,0,COM3D2x64_Data\level4,1144268,F28E9097,1140
0,0,COM3D2x64_Data\level40,357452,C1C39E55,1140
0,0,COM3D2x64_Data\level41,320524,21D9AF52,1140
0,0,COM3D2x64_Data\level42,346820,6D4C3AD2,1140
0,0,COM3D2x64_Data\level43,1281204,189ACFC4,1140
0,0,COM3D2x64_Data\level44,1345660,E1C1021B,1140
0,0,COM3D2x64_Data\level45,1471084,418B1219,1140
0,0,COM3D2x64_Data\level46,350372,18413192,1140
0,0,COM3D2x64_Data\level47,313284,70DCE6CB,1140
0,0,COM3D2x64_Data\level48,373420,77A867E7,1140
0,0,COM3D2x64_Data\level49,331444,EDB1E07A,1140
0,0,COM3D2x64_Data\level5,1089372,CFB1F1FB,1140
0,0,COM3D2x64_Data\level50,1306124,89CC9632,1140
0,0,COM3D2x64_Data\level51,315204,8F98D442,1140
0,0,COM3D2x64_Data\level52,562228,F677BB8D,1140
0,0,COM3D2x64_Data\level53,442524,5F0DF67B,1140
0,0,COM3D2x64_Data\level54,284652,FAF19EC2,1140
0,0,COM3D2x64_Data\level55,1208068,4680A32B,1140
0,0,COM3D2x64_Data\level56,958700,A41A8F0D,1140
0,0,COM3D2x64_Data\level57,965988,321EFB6D,1140
0,0,COM3D2x64_Data\level58,1208068,CBA7466B,1140
0,0,COM3D2x64_Data\level59,1088684,E91040F9,1140
0,0,COM3D2x64_Data\level6,262828,AF2B7106,1140
0,0,COM3D2x64_Data\level60,877252,A052B82D,1140
0,0,COM3D2x64_Data\level61,1163636,B6F6E835,1140
0,0,COM3D2x64_Data\level62,1264652,C1AA4262,1140
0,0,COM3D2x64_Data\level63,617716,0E62D241,1140
0,0,COM3D2x64_Data\level64,849460,A78C909A,1140
0,0,COM3D2x64_Data\level65,337620,A24E5779,1140
0,0,COM3D2x64_Data\level66,333988,334E4822,1140
0,0,COM3D2x64_Data\level67,377692,C1A4C8EE,1140
0,0,COM3D2x64_Data\level68,399828,1D193D66,1140
0,0,COM3D2x64_Data\level69,328220,48016943,1140
0,0,COM3D2x64_Data\level7,824980,7CA8646A,1140
0,0,COM3D2x64_Data\level70,388180,3F9C2A25,1140
0,0,COM3D2x64_Data\level71,971636,6833A489,1140
0,0,COM3D2x64_Data\level72,896036,727CC078,1140
0,0,COM3D2x64_Data\level73,380908,F3BD6C5B,1140
0,0,COM3D2x64_Data\level74,403052,6DAF2499,1140
0,0,COM3D2x64_Data\level75,393628,435E377C,1140
0,0,COM3D2x64_Data\level8,292804,A595AABD,1140
0,0,COM3D2x64_Data\level9,350420,FCE23B4A,1140
0,0,COM3D2x64_Data\resources.assets,384738576,4A2CCC69,1140
0,0,COM3D2x64_Data\resources.assets.resS,1640846432,3B92E044,1140
0,0,COM3D2x64_Data\resources.resource,692096,84F04AA0,1140
0,0,COM3D2x64_Data\sharedassets0.assets,115224720,582F8885,1140
0,0,COM3D2x64_Data\sharedassets0.assets.resS,121744416,342139C8,1140
0,0,COM3D2x64_Data\sharedassets1.assets,6196,D4C3B957,1140
0,0,COM3D2x64_Data\sharedassets10.assets,6064,34873166,1140
0,0,COM3D2x64_Data\sharedassets11.assets,6040,88972484,1140
0,0,COM3D2x64_Data\sharedassets12.assets,6280,03AEAA9E,1140
0,0,COM3D2x64_Data\sharedassets13.assets,6088,50CE534A,1140
0,0,COM3D2x64_Data\sharedassets14.assets,6676,B92DB625,1140
0,0,COM3D2x64_Data\sharedassets15.assets,4540,B46BF75C,1140
0,0,COM3D2x64_Data\sharedassets16.assets,6100,3CA4B825,1140
0,0,COM3D2x64_Data\sharedassets17.assets,4132,860D1125,1140
0,0,COM3D2x64_Data\sharedassets18.assets,6820,67F12FFB,1140
0,0,COM3D2x64_Data\sharedassets19.assets,6160,B7737D82,1140
0,0,COM3D2x64_Data\sharedassets2.assets,6244,8BB612B4,1140
0,0,COM3D2x64_Data\sharedassets20.assets,12340,BDB7391F,1140
0,0,COM3D2x64_Data\sharedassets21.assets,6244,8F02B94C,1140
0,0,COM3D2x64_Data\sharedassets22.assets,12568,AAD59AD9,1140
0,0,COM3D2x64_Data\sharedassets23.assets,6268,F89755AB,1140
0,0,COM3D2x64_Data\sharedassets24.assets,6388,D4459B4A,1140
0,0,COM3D2x64_Data\sharedassets25.assets,6136,C06402DF,1140
0,0,COM3D2x64_Data\sharedassets26.assets,7048,0C4630CE,1140
0,0,COM3D2x64_Data\sharedassets27.assets,12544,D4C40F09,1140
0,0,COM3D2x64_Data\sharedassets28.assets,6136,702E8F50,1140
0,0,COM3D2x64_Data\sharedassets29.assets,12544,D4C40F09,1140
0,0,COM3D2x64_Data\sharedassets3.assets,7828,9D76EF20,1140
0,0,COM3D2x64_Data\sharedassets30.assets,6064,6B9F6271,1140
0,0,COM3D2x64_Data\sharedassets31.assets,18126808,C5A58431,1140
0,0,COM3D2x64_Data\sharedassets32.assets,12328,8C311A38,1140
0,0,COM3D2x64_Data\sharedassets33.assets,4420,79348480,1140
0,0,COM3D2x64_Data\sharedassets34.assets,4324,2710CA37,1140
0,0,COM3D2x64_Data\sharedassets35.assets,4264,38C73793,1140
0,0,COM3D2x64_Data\sharedassets36.assets,6076,99874EA6,1140
0,0,COM3D2x64_Data\sharedassets37.assets,12340,31BB198C,1140
0,0,COM3D2x64_Data\sharedassets38.assets,12340,896E9514,1140
0,0,COM3D2x64_Data\sharedassets39.assets,12340,CB947EB7,1140
0,0,COM3D2x64_Data\sharedassets4.assets,12796,1A809819,1140
0,0,COM3D2x64_Data\sharedassets40.assets,7144,FCDE83DA,1140
0,0,COM3D2x64_Data\sharedassets41.assets,6904,A0BEBE09,1140
0,0,COM3D2x64_Data\sharedassets42.assets,7156,3B80A22A,1140
0,0,COM3D2x64_Data\sharedassets43.assets,9232,250AA72D,1140
0,0,COM3D2x64_Data\sharedassets44.assets,9340,5D553AFA,1140
0,0,COM3D2x64_Data\sharedassets45.assets,9328,9C84AC6B,1140
0,0,COM3D2x64_Data\sharedassets46.assets,8380,5D1BD4A3,1140
0,0,COM3D2x64_Data\sharedassets47.assets,6532,1127FA21,1140
0,0,COM3D2x64_Data\sharedassets48.assets,8224,D481BA2D,1140
0,0,COM3D2x64_Data\sharedassets49.assets,792636,4466A381,1140
0,0,COM3D2x64_Data\sharedassets49.assets.resS,6506584,427886ED,1140
0,0,COM3D2x64_Data\sharedassets5.assets,7060,CCBE66BF,1140
0,0,COM3D2x64_Data\sharedassets50.assets,12340,175031EA,1140
0,0,COM3D2x64_Data\sharedassets51.assets,6592,1D8F03F2,1140
0,0,COM3D2x64_Data\sharedassets52.assets,6700,B4EA8552,1140
0,0,COM3D2x64_Data\sharedassets53.assets,6544,AE6BCD0F,1140
0,0,COM3D2x64_Data\sharedassets54.assets,6064,3DCF0E46,1140
0,0,COM3D2x64_Data\sharedassets55.assets,12424,F4E1BEA8,1140
0,0,COM3D2x64_Data\sharedassets56.assets,9124,D8E2EC37,1140
0,0,COM3D2x64_Data\sharedassets57.assets,9160,5F93A86A,1140
0,0,COM3D2x64_Data\sharedassets58.assets,12424,F4E1BEA8,1140
0,0,COM3D2x64_Data\sharedassets59.assets,9364,D69E3DD4,1140
0,0,COM3D2x64_Data\sharedassets6.assets,6064,BE4F59EB,1140
0,0,COM3D2x64_Data\sharedassets60.assets,9160,5F93A86A,1140
0,0,COM3D2x64_Data\sharedassets61.assets,9304,03C1C09F,1140
0,0,COM3D2x64_Data\sharedassets62.assets,9340,5D553AFA,1140
0,0,COM3D2x64_Data\sharedassets63.assets,6616,D5D6F920,1140
0,0,COM3D2x64_Data\sharedassets64.assets,9328,9C84AC6B,1140
0,0,COM3D2x64_Data\sharedassets65.assets,42236492,ECF15FDB,1140
0,0,COM3D2x64_Data\sharedassets65.assets.resS,87400,8BA6C322,1140
0,0,COM3D2x64_Data\sharedassets66.assets,38246460,93558203,1140
0,0,COM3D2x64_Data\sharedassets67.assets,32874556,C6007437,1140
0,0,COM3D2x64_Data\sharedassets68.assets,36735636,7A8DECAD,1140
0,0,COM3D2x64_Data\sharedassets68.assets.resS,174776,5B619AF1,1140
0,0,COM3D2x64_Data\sharedassets69.assets,41277312,A57811DA,1140
0,0,COM3D2x64_Data\sharedassets7.assets,6904,5B5A747A,1140
0,0,COM3D2x64_Data\sharedassets70.assets,39399064,AFD69158,1140
0,0,COM3D2x64_Data\sharedassets71.assets,3016892,B949C5D3,1140
0,0,COM3D2x64_Data\sharedassets71.assets.resS,611728,7BFBEAAE,1140
0,0,COM3D2x64_Data\sharedassets72.assets,9388,3EC936C7,1140
0,0,COM3D2x64_Data\sharedassets73.assets,6460,D48C085E,1140
0,0,COM3D2x64_Data\sharedassets74.assets,6460,D48C085E,1140
0,0,COM3D2x64_Data\sharedassets75.assets,6460,D48C085E,1140
0,0,COM3D2x64_Data\sharedassets8.assets,6148,B73863F2,1140
0,0,COM3D2x64_Data\sharedassets9.assets,6976,2C4134D8,1140
0,0,COM3D2x64_Data\Managed\Accessibility.dll,10752,5CB31E4E,1140
0,0,COM3D2x64_Data\Managed\Assembly-CSharp-firstpass.dll,786944,DB36442B,1140
0,0,COM3D2x64_Data\Managed\Assembly-CSharp.dll,4702720,593E84EA,1140
0,0,COM3D2x64_Data\Managed\Assembly-UnityScript-firstpass.dll,65024,C7ECCCAA,1140
0,0,COM3D2x64_Data\Managed\Boo.Lang.dll,126976,28383F70,1140
0,0,COM3D2x64_Data\Managed\BouncyCastle.Crypto.dll,2236416,5A4C4F07,1140
0,0,COM3D2x64_Data\Managed\FoveUnityPlugin.dll,28672,A6EA882B,1140
0,0,COM3D2x64_Data\Managed\ICSharpCode.SharpZipLib.dll,200704,D3160A1C,1140
0,0,COM3D2x64_Data\Managed\Ionic.Zlib.dll,102400,7C9E7DD2,1140
0,0,COM3D2x64_Data\Managed\JsonFx.Json.dll,70144,A0F0CFCB,1140
0,0,COM3D2x64_Data\Managed\LeapCSharp.NET3.5.dll,82432,38E38212,1140
0,0,COM3D2x64_Data\Managed\Mono.Data.Tds.dll,96256,2965324B,1140
0,0,COM3D2x64_Data\Managed\Mono.Posix.dll,184320,0CE35BE3,1140
0,0,COM3D2x64_Data\Managed\Mono.Security.dll,294912,66EB9979,1140
0,0,COM3D2x64_Data\Managed\Mono.WebBrowser.dll,172032,137B736F,1140
0,0,COM3D2x64_Data\Managed\mscorlib.dll,2590208,5166389B,1140
0,0,COM3D2x64_Data\Managed\Newtonsoft.Json.dll,494592,5C881B73,1140
0,0,COM3D2x64_Data\Managed\System.Configuration.dll,124928,72952344,1140
0,0,COM3D2x64_Data\Managed\System.Core.dll,297472,9E3EE5D7,1140
0,0,COM3D2x64_Data\Managed\System.Data.dll,856064,DDDB80CD,1140
0,0,COM3D2x64_Data\Managed\System.dll,1679360,13922617,1140
0,0,COM3D2x64_Data\Managed\System.Drawing.Design.dll,29696,E7B53FF9,1140
0,0,COM3D2x64_Data\Managed\System.Drawing.dll,448512,C4B2E872,1140
0,0,COM3D2x64_Data\Managed\System.EnterpriseServices.dll,46592,2C72A9FE,1140
0,0,COM3D2x64_Data\Managed\System.Security.dll,135168,1CE94C57,1140
0,0,COM3D2x64_Data\Managed\System.Transactions.dll,27648,45299FCF,1140
0,0,COM3D2x64_Data\Managed\System.Windows.Forms.dll,3053568,56394001,1140
0,0,COM3D2x64_Data\Managed\System.Xml.dll,1270272,4581A35B,1140
0,0,COM3D2x64_Data\Managed\System.Xml.Linq.dll,106496,E844371C,1140
0,0,COM3D2x64_Data\Managed\UnityEngine.dll,1393152,2C35388C,1140
0,0,COM3D2x64_Data\Managed\UnityEngine.dll.mdb,449828,8610375E,1140
0,0,COM3D2x64_Data\Managed\UnityEngine.Networking.dll,253952,2BDF701F,1140
0,0,COM3D2x64_Data\Managed\UnityEngine.UI.dll,245760,FA552B2D,1140
0,0,COM3D2x64_Data\Managed\UnityEngine.VR.dll,3072,A4582CD6,1140
0,0,COM3D2x64_Data\Managed\UnityScript.Lang.dll,13824,0DA8F681,1140
0,0,COM3D2x64_Data\Managed\zxing.unity.dll,430592,9FD1F198,1140
0,0,COM3D2x64_Data\Mono\mono.dll,2618816,0BEA8C0F,1140
0,0,COM3D2x64_Data\Mono\MonoPosixHelper.dll,113664,9B5E1E4D,1140
0,0,COM3D2x64_Data\Mono\etc\mono\browscap.ini,311984,CE6C0AB3,1140
0,0,COM3D2x64_Data\Mono\etc\mono\config,1691,A635914A,1140
0,0,COM3D2x64_Data\Mono\etc\mono\1.0\DefaultWsdlHelpGenerator.aspx,58196,10E814BF,1140
0,0,COM3D2x64_Data\Mono\etc\mono\1.0\machine.config,17258,EDE1AC59,1140
0,0,COM3D2x64_Data\Mono\etc\mono\2.0\DefaultWsdlHelpGenerator.aspx,60453,F3869A34,1140
0,0,COM3D2x64_Data\Mono\etc\mono\2.0\machine.config,27625,73C91C24,1140
0,0,COM3D2x64_Data\Mono\etc\mono\2.0\settings.map,2618,A1A3C29F,1140
0,0,COM3D2x64_Data\Mono\etc\mono\2.0\web.config,11686,534A9960,1140
0,0,COM3D2x64_Data\Mono\etc\mono\2.0\Browsers\Compat.browser,1605,2E178A0B,1140
0,0,COM3D2x64_Data\Mono\etc\mono\mconfig\config.xml,25817,80B2033A,1140
0,0,COM3D2x64_Data\Plugins\assimp.dll,4388864,7C910D84,1140
0,0,COM3D2x64_Data\Plugins\Audio360.dll,1499136,2D77400A,1140
0,0,COM3D2x64_Data\Plugins\AVProVideo.dll,891392,A3612D4B,1140
0,0,COM3D2x64_Data\Plugins\clothpp.dll,112128,7C3264A4,1140
0,0,COM3D2x64_Data\Plugins\cm3d2.dll,2091520,A919A31A,1140
0,0,COM3D2x64_Data\Plugins\device_hook.dll,738816,F61E7CED,1140
0,0,COM3D2x64_Data\Plugins\FoveClient.dll,1849384,58C8B4F6,1140
0,0,COM3D2x64_Data\Plugins\LeapC.dll,2516992,FBDD3767,1140
0,0,COM3D2x64_Data\Plugins\openvr_api.dll,318272,44432E0F,1140
0,0,COM3D2x64_Data\Plugins\OVRGamepad.dll,12800,2C526135,1140
0,0,COM3D2x64_Data\Plugins\OVRLipSync.dll,2512296,391C1F4C,1140
0,0,COM3D2x64_Data\Plugins\OVRPlugin.dll,1898408,5DD05B6C,1140
0,0,COM3D2x64_Data\Resources\unity default resources,752360,71DB1AEA,1140
0,0,COM3D2x64_Data\Resources\unity_builtin_extra,284012,91145F7F,1140
0,0,GameData\bg_kissevent2018_sp_card_2.arc,493322,140250D1,1100
0,0,GameData\csv.arc,2879269,403653C7,1140
0,0,GameData\csv_old_2.arc,563,C560F995,1110
0,0,GameData\motion2.arc,101709236,DE4BB3B1,1120
0,0,GameData\motion_3d21reserve_2.arc,153931,C630D84E,1100
0,0,GameData\motion_cos021_2.arc,323647,5697AC81,1061
0,0,GameData\motion_denkigai2017w_2.arc,1466874,DEACF6A8,1070
0,0,GameData\parts2.arc,118310391,AE25BF56,1120
0,0,GameData\parts_magazine003_2.arc,201385,3A5B273D,1120
0,0,GameData\parts_omvr.arc,3206509,4F0D0480,1120
0,0,GameData\parts_kissevent2018_2.arc,5570,005BBD00,1100
0,0,GameData\parts_shop016_2.arc,171410,3D70CEC4,1060
0,0,GameData\paths.dat,2270,9FB671EE,1140
0,0,GameData\prioritymaterial.arc,285461,B2678A0F,1140
0,0,GameData\script.arc,11748767,D5FCDA1D,1140
0,0,GameData\script_charaevent001_2.arc,30674,FD2BB099,1090
0,0,GameData\script_cos021_2.arc,109385,684D92BB,1140
0,0,GameData\script_denkigai2017w_2.arc,430750,44E8DF34,1140
0,0,GameData\script_exm001_2.arc,2738,7DFDDDE5,1070
0,0,GameData\script_old_2.arc,274086,6F3AD5FD,1120
0,0,GameData\script_ordermade001_2.arc,11538,76278104,1140
0,0,GameData\script_share_karaoke_2.arc,1939,6A7D34A5,1000
0,0,GameData\sound2.arc,2831373,17A6CBF3,1050
0,0,GameData\system2.arc,10667601,4A096DB0,1140
0,0,GameData\voice2.arc,282708370,35228776,1120
0,0,GameData_20\material_denkigai2015w_2.arc,3490,F06AAABE,1090
0,0,GameData_20\material_dlc195_2.arc,1746,ECFBFE17,1090
0,0,GameData_20\material_dlcdenkigai2015w_2.arc,3522,D35394D7,1090
0,0,GameData_20\material_dlcdenkigai2017w_2.arc,3506,40FF8AFA,1090
0,0,GameData_20\material_kissevent2017march_2.arc,3538,7A6FC5CF,1090
0,0,GameData_20\menu_dlc195_2.arc,1170,BF163DDC,1090
0,0,GameData_20\model_denkigai2015w_2.arc,174373,F9233759,1090
0,0,GameData_20\model_dlc195_2.arc,583563,16C95E54,1090
0,0,GameData_20\model_dlcdenkigai2015w_2.arc,174400,BE6E5467,1090
0,0,GameData_20\model_dlcdenkigai2017w_2.arc,181384,6D5B735E,1090
0,0,GameData_20\model_kissevent2017march_2.arc,190682,21F32FCB,1090
0,0,GameData_20\texture_dlc195_2.arc,16075880,456A4C76,1090
0,0,GameData_20\paths.dat,5091,D094E2BE,1580
0,0,GameData_20\prioritymaterial.arc,221488,580931AC,1582
0,0,GameData_20\material_denkigai2015s003_2.arc,7106,0C82D791,1150
0,0,GameData_20\material_denkigai2015wTowelR.arc,1602,618192B9,1360
0,0,GameData_20\material_dlc055_2.arc,5282,11A93109,1280
0,0,GameData_20\material_dlsite_2.arc,1762,C5A837EA,1150
0,0,GameData_20\material_shop001_2.arc,1762,D98CED1C,1150
0,0,GameData_20\material_shop002_2.arc,1762,956BB00E,1150
0,0,GameData_20\material_shop003_2.arc,1762,38CEBFF2,1150
0,0,GameData_20\material_shop005_2.arc,1714,3E621A32,1150
0,0,GameData_20\material_shop007_2.arc,2578,C8CE627C,1150
0,0,GameData_20\material_vp001_2.arc,11890,8CB043B0,1400
0,0,GameData_20\material_yomeido003_2.arc,1522,0689A7AC,1240
0,0,GameData_20\menu_denkigai2015s001_2.arc,6594,8B3E849F,1160
0,0,GameData_20\menu_denkigai2015s003_2.arc,4338,D294CE88,1150
0,0,GameData_20\menu_denkigai2015wTowelR.arc,1282,CECEE1FC,1360
0,0,GameData_20\menu_denkigai2016s_2.arc,1346,4A9440B1,1351
0,0,GameData_20\menu_denkigai2016w_2.arc,15154,C8D64D3B,1450
0,0,GameData_20\menu_denkigai2017s_2.arc,1218,267B1338,1540
0,0,GameData_20\menu_dlcdenkigai2016w_2.arc,13522,45E7F667,1450
0,0,GameData_20\menu_dlcdenkigai2017s_2.arc,1218,A6C83B5D,1540
0,0,GameData_20\menu_dlc026_2.arc,3778,69453D54,1190
0,0,GameData_20\menu_dlc028_2.arc,3874,DE3F1C31,1200
0,0,GameData_20\menu_dlc041_2.arc,6786,97F738D3,1380
0,0,GameData_20\menu_dlc042_2.arc,1154,EE4016C0,1440
0,0,GameData_20\menu_dlc049_2.arc,3106,E30D6F4C,1522
0,0,GameData_20\menu_dlc061_2.arc,3810,F99C1D4E,1290
0,0,GameData_20\menu_dlc065_2.arc,7602,D9387834,1380
0,0,GameData_20\menu_dlc074_2.arc,5618,24C559D7,1312
0,0,GameData_20\menu_dlc100_2.arc,1250,DFF94E9A,1400
0,0,GameData_20\menu_dlc101_2.arc,1218,44DB4049,1481
0,0,GameData_20\menu_dlsite_2.arc,1954,B2268BA7,1150
0,0,GameData_20\menu_magazine002_2.arc,12498,691C1126,1471
0,0,GameData_20\menu_personal002_2.arc,1282,5687650C,1310
0,0,GameData_20\menu_shop001_2.arc,3314,35207C87,1150
0,0,GameData_20\menu_shop005_2.arc,1378,0C9AF725,1150
0,0,GameData_20\menu_vp001_2.arc,19138,7C7AFD9C,1400
0,0,GameData_20\menu_yomeido003_2.arc,1234,4D6F619D,1240
0,0,GameData_20\menu_yomeidogp_wedding_2.arc,3954,C251B12C,1320
0,0,GameData_20\model_denkigai2015s003_2.arc,394665,41A48185,1150
0,0,GameData_20\model_denkigai2015wTowelR.arc,38258,FB570A24,1360
0,0,GameData_20\model_denkigai2017s_2.arc,462663,8917104A,1582
0,0,GameData_20\model_dlcdenkigai2017s_2.arc,462667,9F0C3D54,1582
0,0,GameData_20\model_dlc005_2.arc,175424,F7DD7D82,1270
0,0,GameData_20\model_dlc046_2.arc,155690,83B34173,1220
0,0,GameData_20\model_dlc073_2.arc,267037,47D33A06,1320
0,0,GameData_20\model_dlc100_2.arc,691347,7C3D679D,1400
0,0,GameData_20\model_dlc109_2.arc,137998,8FCCF513,1460
0,0,GameData_20\model_dlc151_2.arc,213532,8C3C80C3,1520
0,0,GameData_20\model_dlsite_2.arc,197173,24366C43,1150
0,0,GameData_20\model_shop001_2.arc,115215,9C941FAF,1150
0,0,GameData_20\model_shop002_2.arc,251253,743C3D97,1150
0,0,GameData_20\model_shop003_2.arc,185433,A15EC70A,1150
0,0,GameData_20\model_shop005_2.arc,150103,FB5341FA,1150
0,0,GameData_20\model_shop007_2.arc,288759,80615CBD,1150
0,0,GameData_20\model_vp001_2.arc,647957,D68B5D2F,1400
0,0,GameData_20\texture_denkigai2015wTowelR.arc,133065,FE4BDC34,1360
0,0,GameData_20\texture_denkigai2016w_2.arc,10105247,3B4641C3,1450
0,0,GameData_20\texture_dlcdenkigai2016w_2.arc,10105332,90868016,1450
0,0,GameData_20\texture_kissevent2017march.arc,281,FF4EEB9B,1522
0,0,GameData_20\texture_kissevent2017march_2.arc,79432605,C1FCD24F,1522
0,0,GameData_20\texture_dlc004_2.arc,4805734,C8E5CFB4,1200
0,0,GameData_20\texture_dlc046_2.arc,596960,FC606BA5,1220
0,0,GameData_20\texture_vp001_2.arc,755269,18D5027D,1400
0,0,GameData_20\texture_yomeido003_2.arc,117248,0EE72B42,1240
0,0,manual\favicon.ico,370070,687492C6,1050
0,0,manual\index.html,71545,035C59F0,1060
0,0,manual\css\close.png,1250,304A1D8C,1050
0,0,manual\css\common.css,3409,BA5B06EB,1050
0,0,manual\css\index.css,6614,38725E3B,1050
0,0,manual\css\lightbox.css,3674,9235D408,1050
0,0,manual\css\loading.gif,1279,72456323,1050
0,0,manual\css\next.png,1682,E0895D01,1050
0,0,manual\css\prev.png,1666,12F2027E,1050
0,0,manual\img\casino01.jpg,272694,C6FE6781,1050
0,0,manual\img\clubstatus.jpg,36546,DAA11F1D,1050
0,0,manual\img\com3d2_logo.png,100187,28605834,1050
0,0,manual\img\comp01.jpg,54909,F2AE5CE1,1050
0,0,manual\img\comp02.jpg,87599,493340A0,1050
0,0,manual\img\config.jpg,156802,1871EF55,1050
0,0,manual\img\dance01.jpg,305648,B87D0340,1050
0,0,manual\img\dance02.jpg,345535,27BEFAE3,1050
0,0,manual\img\edit01.jpg,312602,CB3E64D0,1050
0,0,manual\img\edit02.jpg,278318,878B2857,1050
0,0,manual\img\event01.jpg,194983,E4E03D42,1050
0,0,manual\img\facilitysetting01.jpg,338947,40D2A7D3,1050
0,0,manual\img\facilitysetting02.jpg,185709,12E0C653,1050
0,0,manual\img\facilitysetting03.jpg,267150,D08D54B7,1050
0,0,manual\img\kashizuki01.jpg,210954,8E6084EA,1050
0,0,manual\img\kashizuki02.jpg,209895,BD363567,1050
0,0,manual\img\kashizuki03.jpg,215560,D28EDBD6,1050
0,0,manual\img\kiss_logo.png,6459,7966A6E9,1050
0,0,manual\img\maidmanagement01.jpg,242517,21B3E491,1050
0,0,manual\img\maidmanagement02.jpg,140237,945D483D,1050
0,0,manual\img\maidmanagement03.jpg,208300,B7C8F3CD,1050
0,0,manual\img\mainmenu01.jpg,208641,7218A847,1060
0,0,manual\img\mainmenu02.jpg,193956,4C7EF1A8,1050
0,0,manual\img\myroom.jpg,225108,398BA2D8,1050
0,0,manual\img\myroom.psd,1301284,E3472053,1050
0,0,manual\img\reminiscence01.jpg,236014,B0302E74,1050
0,0,manual\img\schedule01.jpg,198475,6AD2FF8C,1050
0,0,manual\img\schedule02.jpg,240595,AE23B15D,1050
0,0,manual\img\shitsu_mode.jpg,166109,966737E0,1050
0,0,manual\img\shop.jpg,216722,67700EE6,1050
0,0,manual\img\studio.jpg,328576,FC7FDE83,1050
0,0,manual\img\system01.jpg,67204,A61273B1,1050
0,0,manual\img\yotogi01.jpg,283179,93847FCE,1050
0,0,manual\img\yotogi02.jpg,278963,0959D75C,1050
0,0,manual\img\yotogi03.jpg,243961,20F88D92,1050
0,0,manual\sys\common.js,240,976D3DF4,1050
0,0,manual\sys\jquery-3.1.0.min.js,86351,AE6B746B,1050
0,0,manual\sys\jquery.lazy.min.js,5022,FEEB9C66,1050
0,0,manual\sys\lightbox.js,18410,F90AE353,1050
