0,0,CM3D2OHVRx64.exe,20638720,38C15B88,1330
0,0,CM3D2OHVRx64_DirectToRift.exe,465408,ED45B3A7,1330
0,0,CM3D2OHVRx64_Data\globalgamemanagers,1325836,120C7A57,1330
0,0,CM3D2OHVRx64_Data\globalgamemanagers.assets,114344,EA7835BB,1330
0,0,CM3D2OHVRx64_Data\level0,182420,1B6F3797,1330
0,0,CM3D2OHVRx64_Data\level1,200396,902D7F9C,1330
0,0,CM3D2OHVRx64_Data\level10,541444,8ECB86CA,1330
0,0,CM3D2OHVRx64_Data\level11,4640,B31A570B,1330
0,0,CM3D2OHVRx64_Data\level12,185028,4C8D7DC7,1330
0,0,CM3D2OHVRx64_Data\level13,4640,F0198657,1330
0,0,CM3D2OHVRx64_Data\level14,203148,CA6749C9,1330
0,0,CM3D2OHVRx64_Data\level15,273036,5AE2AC3C,1330
0,0,CM3D2OHVRx64_Data\level16,444628,4BFE63D5,1330
0,0,CM3D2OHVRx64_Data\level17,207964,91BBD17F,1330
0,0,CM3D2OHVRx64_Data\level18,531020,C974034C,1330
0,0,CM3D2OHVRx64_Data\level19,258724,C33C387C,1330
0,0,CM3D2OHVRx64_Data\level2,280820,4F040BAA,1330
0,0,CM3D2OHVRx64_Data\level20,653484,21EFF252,1330
0,0,CM3D2OHVRx64_Data\level21,880972,D167BB6B,1330
0,0,CM3D2OHVRx64_Data\level22,512644,D86C0E2D,1330
0,0,CM3D2OHVRx64_Data\level23,605660,E04CB3C4,1330
0,0,CM3D2OHVRx64_Data\level3,590460,2929AE98,1330
0,0,CM3D2OHVRx64_Data\level4,631012,97DBD246,1330
0,0,CM3D2OHVRx64_Data\level5,183468,45691DA2,1330
0,0,CM3D2OHVRx64_Data\level6,227540,594ADDDA,1330
0,0,CM3D2OHVRx64_Data\level7,182972,47280F11,1330
0,0,CM3D2OHVRx64_Data\level8,210404,C8E495B2,1330
0,0,CM3D2OHVRx64_Data\level9,183476,5ECCE85E,1330
0,0,CM3D2OHVRx64_Data\resources.assets,243041500,D17AB68F,1330
0,0,CM3D2OHVRx64_Data\resources.assets.resS,339044584,2F6E5AC9,1330
0,0,CM3D2OHVRx64_Data\sharedassets0.assets,16482968,EED289C5,1330
0,0,CM3D2OHVRx64_Data\sharedassets0.assets.resS,121728032,3D69BF0B,1330
0,0,CM3D2OHVRx64_Data\sharedassets1.assets,5908,490B75A2,1330
0,0,CM3D2OHVRx64_Data\sharedassets10.assets,6232,A6663F63,1330
0,0,CM3D2OHVRx64_Data\sharedassets11.assets,4132,076F2D6F,1330
0,0,CM3D2OHVRx64_Data\sharedassets12.assets,5812,F37D74EB,1330
0,0,CM3D2OHVRx64_Data\sharedassets13.assets,4132,C43D087C,1330
0,0,CM3D2OHVRx64_Data\sharedassets14.assets,6532,49138493,1330
0,0,CM3D2OHVRx64_Data\sharedassets15.assets,5776,A313BD7F,1330
0,0,CM3D2OHVRx64_Data\sharedassets16.assets,215272,A0BE85D9,1330
0,0,CM3D2OHVRx64_Data\sharedassets16.assets.resS,51968,C41BC4E7,1330
0,0,CM3D2OHVRx64_Data\sharedassets17.assets,5848,E2691B6C,1330
0,0,CM3D2OHVRx64_Data\sharedassets18.assets,74152,57E0451A,1330
0,0,CM3D2OHVRx64_Data\sharedassets19.assets,5980,E2067E03,1330
0,0,CM3D2OHVRx64_Data\sharedassets2.assets,6124,D713995D,1330
0,0,CM3D2OHVRx64_Data\sharedassets20.assets,8116,BBBCE0F6,1330
0,0,CM3D2OHVRx64_Data\sharedassets21.assets,6352,2720536D,1330
0,0,CM3D2OHVRx64_Data\sharedassets22.assets,8008,CEF9DB95,1330
0,0,CM3D2OHVRx64_Data\sharedassets23.assets,19168,BD811B37,1330
0,0,CM3D2OHVRx64_Data\sharedassets3.assets,1310208,CE8547E7,1330
0,0,CM3D2OHVRx64_Data\sharedassets4.assets,6448,3ACC4FCA,1330
0,0,CM3D2OHVRx64_Data\sharedassets5.assets,5776,66C5A007,1330
0,0,CM3D2OHVRx64_Data\sharedassets6.assets,6256,B8FE6085,1330
0,0,CM3D2OHVRx64_Data\sharedassets7.assets,5752,4114950E,1330
0,0,CM3D2OHVRx64_Data\sharedassets8.assets,5776,F4EE1854,1330
0,0,CM3D2OHVRx64_Data\sharedassets9.assets,5776,1136B406,1330
0,0,CM3D2OHVRx64_Data\Managed\Accessibility.dll,10752,79DA7388,1330
0,0,CM3D2OHVRx64_Data\Managed\Assembly-CSharp-firstpass.dll,585728,AD8E5BA9,1330
0,0,CM3D2OHVRx64_Data\Managed\Assembly-CSharp.dll,2405376,4A034BFB,1330
0,0,CM3D2OHVRx64_Data\Managed\Assembly-UnityScript-firstpass.dll,65024,82E8302C,1330
0,0,CM3D2OHVRx64_Data\Managed\Boo.Lang.dll,126976,8DC882BC,1330
0,0,CM3D2OHVRx64_Data\Managed\JsonFx.Json.dll,70144,A0F0CFCB,1330
0,0,CM3D2OHVRx64_Data\Managed\LeapCSharp.NET3.5.dll,96080,CF6AC469,1330
0,0,CM3D2OHVRx64_Data\Managed\Mono.Data.Tds.dll,96256,4184FFD0,1330
0,0,CM3D2OHVRx64_Data\Managed\Mono.Posix.dll,184320,04980618,1330
0,0,CM3D2OHVRx64_Data\Managed\Mono.Security.dll,294912,7284B9A9,1330
0,0,CM3D2OHVRx64_Data\Managed\Mono.WebBrowser.dll,172032,EBD6E2C4,1330
0,0,CM3D2OHVRx64_Data\Managed\mscorlib.dll,2589696,CCFBFA76,1330
0,0,CM3D2OHVRx64_Data\Managed\System.Configuration.dll,124928,CBE6EDED,1330
0,0,CM3D2OHVRx64_Data\Managed\System.Core.dll,299520,19CE658E,1330
0,0,CM3D2OHVRx64_Data\Managed\System.Data.dll,856064,64DFC9F7,1330
0,0,CM3D2OHVRx64_Data\Managed\System.dll,1678848,140BC9DB,1330
0,0,CM3D2OHVRx64_Data\Managed\System.Drawing.Design.dll,29696,E7B53FF9,1330
0,0,CM3D2OHVRx64_Data\Managed\System.Drawing.dll,448512,C4B2E872,1330
0,0,CM3D2OHVRx64_Data\Managed\System.EnterpriseServices.dll,46592,BA6BADFA,1330
0,0,CM3D2OHVRx64_Data\Managed\System.Security.dll,135168,DEDA560E,1330
0,0,CM3D2OHVRx64_Data\Managed\System.Transactions.dll,27648,36A7CDA8,1330
0,0,CM3D2OHVRx64_Data\Managed\System.Windows.Forms.dll,3053568,56394001,1330
0,0,CM3D2OHVRx64_Data\Managed\System.Xml.dll,1270272,1554166D,1330
0,0,CM3D2OHVRx64_Data\Managed\System.Xml.Linq.dll,106496,B2E9BAAC,1330
0,0,CM3D2OHVRx64_Data\Managed\UnityEngine.dll,971776,78D9DFA4,1330
0,0,CM3D2OHVRx64_Data\Managed\UnityEngine.dll.mdb,353724,9A726F79,1330
0,0,CM3D2OHVRx64_Data\Managed\UnityEngine.Networking.dll,230912,F045940D,1330
0,0,CM3D2OHVRx64_Data\Managed\UnityEngine.UI.dll,219136,933D49CC,1330
0,0,CM3D2OHVRx64_Data\Managed\UnityScript.Lang.dll,14336,0F70112F,1330
0,0,CM3D2OHVRx64_Data\Mono\mono.dll,2612696,545BCE38,1330
0,0,CM3D2OHVRx64_Data\Mono\etc\mono\browscap.ini,311984,CE6C0AB3,1330
0,0,CM3D2OHVRx64_Data\Mono\etc\mono\config,1691,A635914A,1330
0,0,CM3D2OHVRx64_Data\Mono\etc\mono\1.0\DefaultWsdlHelpGenerator.aspx,58196,10E814BF,1330
0,0,CM3D2OHVRx64_Data\Mono\etc\mono\1.0\machine.config,17258,EDE1AC59,1330
0,0,CM3D2OHVRx64_Data\Mono\etc\mono\2.0\DefaultWsdlHelpGenerator.aspx,60453,F3869A34,1330
0,0,CM3D2OHVRx64_Data\Mono\etc\mono\2.0\machine.config,27625,73C91C24,1330
0,0,CM3D2OHVRx64_Data\Mono\etc\mono\2.0\settings.map,2618,A1A3C29F,1330
0,0,CM3D2OHVRx64_Data\Mono\etc\mono\2.0\web.config,11686,534A9960,1330
0,0,CM3D2OHVRx64_Data\Mono\etc\mono\2.0\Browsers\Compat.browser,1605,2E178A0B,1330
0,0,CM3D2OHVRx64_Data\Mono\etc\mono\mconfig\config.xml,25817,80B2033A,1330
0,0,CM3D2OHVRx64_Data\Plugins\cm3d2_hole_x64.dll,339968,09BB14AC,1330
0,0,CM3D2OHVRx64_Data\Plugins\cm3d2_x64.dll,1516032,D01D1619,1330
0,0,CM3D2OHVRx64_Data\Plugins\device_hook.dll,114688,21D72F31,1330
0,0,CM3D2OHVRx64_Data\Plugins\LeapC.dll,2516992,FBDD3767,1330
0,0,CM3D2OHVRx64_Data\Plugins\openvr_api.dll,318272,44432E0F,1330
0,0,CM3D2OHVRx64_Data\Plugins\OVRGamepad.dll,12800,2C526135,1330
0,0,CM3D2OHVRx64_Data\Plugins\OVRPlugin.dll,399272,D560055D,1330
0,0,CM3D2OHVRx64_Data\Resources\unity default resources,1544476,C06C3B45,1330
0,0,CM3D2OHVRx64_Data\Resources\unity_builtin_extra,130744,73E4F178,1330
0,0,GameData\material_vr.arc,6184,D2EAFD73,130
0,0,GameData\menu_vr.arc,3407,D3B43CF5,130
0,0,GameData\model_vr.arc,866449,B84B7620,130
0,0,GameData\paths.dat,1775,A7C8D802,1310
0,0,GameData\texture_vr.arc,1111256,DF651968,130
