0,0,GameData\bg_dlc299.arc,22675648,EA9E92B7,1000
0,0,GameData\csv.arc,5493405,22938E71,1324
0,0,GameData\csv_dlc299.arc,615,8B5C144D,1000
0,0,GameData\parts_dlc287.arc,25970611,71F85D46,1000
0,0,GameData\parts_dlc288.arc,33984457,B07346A4,1000
0,0,GameData\parts_dlc289.arc,28278996,770920EF,1000
0,0,GameData\parts_dlc290.arc,26501847,46E14E12,1000
0,0,GameData\parts_dlc291.arc,20522588,002F1A8C,1000
0,0,GameData\parts_dlc292.arc,20599682,D3392050,1000
0,0,GameData\parts_dlc293.arc,26447335,89273423,1000
0,0,GameData\parts_dlc294.arc,24834012,1AB214E2,1000
0,0,GameData\parts_dlc295.arc,8271934,3AA7C07E,1000
0,0,GameData\parts_dlc296.arc,13827714,A0E7CB45,1000
0,0,GameData\parts_dlc297.arc,6608117,AA6DB98C,1000
0,0,GameData\parts_dlc298.arc,6743214,7D1E1D83,1000
0,0,GameData\prioritymaterial.arc,348271,77FB7720,1324
0,0,GameData\script.arc,12682357,A7349385,1324
0,0,GameData\script_dlc299.arc,28528,30F4B007,1000
0,0,GameData\paths.dat,5570,EBF5F6E1,1324
0,0,GameData\system_dlc299.arc,111119,997CED26,1000
0,0,GameData\voice_dlc299.arc,9009908,C89F22BB,1000