0,0,CM3D2.exe,7440384,A5103607,1009
0,0,CM3D2x64.exe,20649984,6EFB2A0D,1560
0,0,CM3D2x64_VR.bat,61,9085F4DD,1560
0,0,LICENSE,25204,17CCA6C1,1560
0,0,CM3D2x64_Data\globalgamemanagers,2188812,45FE4426,1560
0,0,CM3D2x64_Data\globalgamemanagers.assets,161356,26F0169A,1560
0,0,CM3D2x64_Data\level0,192508,AFEC4A59,1560
0,0,CM3D2x64_Data\level1,210500,EF0AE8BF,1560
0,0,CM3D2x64_Data\level10,205180,211294A0,1560
0,0,CM3D2x64_Data\level11,193044,4CC1DFC4,1560
0,0,CM3D2x64_Data\level12,220492,029E11CA,1560
0,0,CM3D2x64_Data\level13,194076,9CC607E0,1560
0,0,CM3D2x64_Data\level14,574996,093E8D23,1560
0,0,CM3D2x64_Data\level15,4640,0910D6D9,1560
0,0,CM3D2x64_Data\level16,195116,4C5F4232,1560
0,0,CM3D2x64_Data\level17,4640,402EDB25,1560
0,0,CM3D2x64_Data\level18,213236,D51807A3,1560
0,0,CM3D2x64_Data\level19,313228,B41C7536,1560
0,0,CM3D2x64_Data\level2,210388,B34A7AC5,1560
0,0,CM3D2x64_Data\level20,454708,ACD3E0EC,1560
0,0,CM3D2x64_Data\level21,218652,C930C21E,1560
0,0,CM3D2x64_Data\level22,541116,24CD9AC3,1560
0,0,CM3D2x64_Data\level23,278612,9AECDFC1,1560
0,0,CM3D2x64_Data\level24,313964,76892040,1560
0,0,CM3D2x64_Data\level25,216852,96216227,1560
0,0,CM3D2x64_Data\level26,663580,6A643F32,1560
0,0,CM3D2x64_Data\level27,1332132,B1C19DCD,1560
0,0,CM3D2x64_Data\level28,522772,0EDE2E29,1560
0,0,CM3D2x64_Data\level29,216924,8CBBDE94,1560
0,0,CM3D2x64_Data\level3,434460,07FA3E71,1560
0,0,CM3D2x64_Data\level30,615756,C3B372C2,1560
0,0,CM3D2x64_Data\level31,846964,22B84840,1560
0,0,CM3D2x64_Data\level32,707908,047DF15E,1560
0,0,CM3D2x64_Data\level33,208860,CEEEBEAE,1560
0,0,CM3D2x64_Data\level34,555068,85061E9F,1560
0,0,CM3D2x64_Data\level35,830124,38AEF607,1560
0,0,CM3D2x64_Data\level36,548236,7A672173,1560
0,0,CM3D2x64_Data\level37,770892,F4EF67F2,1560
0,0,CM3D2x64_Data\level38,320860,7DD531CC,1560
0,0,CM3D2x64_Data\level39,27784,882452B1,1560
0,0,CM3D2x64_Data\level39.resS,131232,DF682E61,1560
0,0,CM3D2x64_Data\level4,600540,4C08BB83,1560
0,0,CM3D2x64_Data\level40,38492,A3F41270,1560
0,0,CM3D2x64_Data\level41,44076,2216D158,1560
0,0,CM3D2x64_Data\level42,39992,E04EE301,1560
0,0,CM3D2x64_Data\level43,193380,4F1A384F,1560
0,0,CM3D2x64_Data\level44,560380,57DD8D1F,1560
0,0,CM3D2x64_Data\level45,271636,5C66F5DF,1560
0,0,CM3D2x64_Data\level46,268236,F0AE225E,1560
0,0,CM3D2x64_Data\level47,261788,9730AEEF,1560
0,0,CM3D2x64_Data\level48,401500,7A449D44,1560
0,0,CM3D2x64_Data\level49,414260,6A2118FF,1560
0,0,CM3D2x64_Data\level5,623620,291370AE,1560
0,0,CM3D2x64_Data\level50,389772,C5C5595A,1560
0,0,CM3D2x64_Data\level6,193556,48BBDC28,1560
0,0,CM3D2x64_Data\level7,367092,F7E5DF69,1560
0,0,CM3D2x64_Data\level8,242052,C65CF6FB,1560
0,0,CM3D2x64_Data\level9,237628,11790EF4,1560
0,0,CM3D2x64_Data\resources.assets,278768764,91EE7A95,1560
0,0,CM3D2x64_Data\resources.assets.resS,559573356,A8DA2C39,1560
0,0,CM3D2x64_Data\sharedassets0.assets,16483128,231D3456,1560
0,0,CM3D2x64_Data\sharedassets0.assets.resS,121728032,BCB828A4,1560
0,0,CM3D2x64_Data\sharedassets1.assets,5920,CE5CF9B6,1560
0,0,CM3D2x64_Data\sharedassets10.assets,5764,9EB609B1,1560
0,0,CM3D2x64_Data\sharedassets11.assets,5764,4BB180AF,1560
0,0,CM3D2x64_Data\sharedassets12.assets,5788,7296BA83,1560
0,0,CM3D2x64_Data\sharedassets13.assets,5812,64540FE3,1560
0,0,CM3D2x64_Data\sharedassets14.assets,6340,7D347130,1560
0,0,CM3D2x64_Data\sharedassets15.assets,4132,9B36EEE7,1560
0,0,CM3D2x64_Data\sharedassets16.assets,5824,948CFB37,1560
0,0,CM3D2x64_Data\sharedassets17.assets,4132,80C4062C,1560
0,0,CM3D2x64_Data\sharedassets18.assets,6544,0E36D2DD,1560
0,0,CM3D2x64_Data\sharedassets19.assets,5788,81550D9E,1560
0,0,CM3D2x64_Data\sharedassets2.assets,5968,7C954ADC,1560
0,0,CM3D2x64_Data\sharedassets20.assets,215280,5A9E8A0E,1560
0,0,CM3D2x64_Data\sharedassets20.assets.resS,51968,C41BC4E7,1560
0,0,CM3D2x64_Data\sharedassets21.assets,5860,D6AA9217,1560
0,0,CM3D2x64_Data\sharedassets22.assets,74160,353A4723,1560
0,0,CM3D2x64_Data\sharedassets23.assets,6004,9CF6092C,1560
0,0,CM3D2x64_Data\sharedassets24.assets,5884,D24E966F,1560
0,0,CM3D2x64_Data\sharedassets25.assets,5872,1A65D9B1,1560
0,0,CM3D2x64_Data\sharedassets26.assets,8128,B42EF4E9,1560
0,0,CM3D2x64_Data\sharedassets27.assets,6580,716F4DAE,1560
0,0,CM3D2x64_Data\sharedassets28.assets,39511712,250E8E86,1560
0,0,CM3D2x64_Data\sharedassets29.assets,5872,6F873E9A,1560
0,0,CM3D2x64_Data\sharedassets3.assets,6340,219C95AF,1560
0,0,CM3D2x64_Data\sharedassets30.assets,67700952,DBAA7118,1560
0,0,CM3D2x64_Data\sharedassets31.assets,67690184,FB9A4C97,1560
0,0,CM3D2x64_Data\sharedassets32.assets,47233820,0D4C0D0D,1560
0,0,CM3D2x64_Data\sharedassets32.resource,3813344,7B95E5D4,1560
0,0,CM3D2x64_Data\sharedassets33.assets,5788,90C9A97D,1560
0,0,CM3D2x64_Data\sharedassets34.assets,80174972,48616457,1560
0,0,CM3D2x64_Data\sharedassets35.assets,84139364,BDDCE0CF,1560
0,0,CM3D2x64_Data\sharedassets36.assets,48988468,5B08EC1B,1560
0,0,CM3D2x64_Data\sharedassets37.assets,111395708,B7A59B74,1560
0,0,CM3D2x64_Data\sharedassets37.assets.resS,7296672,0E6CF936,1560
0,0,CM3D2x64_Data\sharedassets38.assets,55916784,F58907AF,1560
0,0,CM3D2x64_Data\sharedassets39.assets,27512,BA427DC5,1560
0,0,CM3D2x64_Data\sharedassets39.assets.resS,174776,7D821248,1560
0,0,CM3D2x64_Data\sharedassets4.assets,1310240,C8FE5AB8,1560
0,0,CM3D2x64_Data\sharedassets40.assets,55004,A67B39A3,1560
0,0,CM3D2x64_Data\sharedassets40.assets.resS,786464,17681AC8,1560
0,0,CM3D2x64_Data\sharedassets41.assets,4432,5C44FB1F,1560
0,0,CM3D2x64_Data\sharedassets42.assets,1032124,4EE5788E,1560
0,0,CM3D2x64_Data\sharedassets42.assets.resS,5417776,A41251E2,1560
0,0,CM3D2x64_Data\sharedassets43.assets,5800,83DBC207,1560
0,0,CM3D2x64_Data\sharedassets44.assets,130769132,0303C50F,1560
0,0,CM3D2x64_Data\sharedassets45.assets,86031212,FACD5582,1560
0,0,CM3D2x64_Data\sharedassets45.assets.resS,87400,0DB2AE3E,1560
0,0,CM3D2x64_Data\sharedassets46.assets,77322188,B92ECB8E,1560
0,0,CM3D2x64_Data\sharedassets47.assets,83356040,314A6A20,1560
0,0,CM3D2x64_Data\sharedassets48.assets,92185664,8CF9B097,1560
0,0,CM3D2x64_Data\sharedassets48.assets.resS,3547640,4A48DD2E,1560
0,0,CM3D2x64_Data\sharedassets48.resource,8393344,6BFA4D83,1560
0,0,CM3D2x64_Data\sharedassets49.assets,75239308,3DB7FC4C,1560
0,0,CM3D2x64_Data\sharedassets49.assets.resS,349552,4DECE331,1560
0,0,CM3D2x64_Data\sharedassets49.resource,7085856,1CA7A86C,1560
0,0,CM3D2x64_Data\sharedassets5.assets,6448,62C8FC4E,1560
0,0,CM3D2x64_Data\sharedassets50.assets,66803564,5E0EC9B8,1560
0,0,CM3D2x64_Data\sharedassets50.resource,6935168,541CA3A4,1560
0,0,CM3D2x64_Data\sharedassets6.assets,5788,6539F3F7,1560
0,0,CM3D2x64_Data\sharedassets7.assets,6064,C0B588AA,1560
0,0,CM3D2x64_Data\sharedassets8.assets,5944,B54D5F02,1560
0,0,CM3D2x64_Data\sharedassets9.assets,6268,A4A8307D,1560
0,0,CM3D2x64_Data\Managed\Accessibility.dll,10752,594EE943,1560
0,0,CM3D2x64_Data\Managed\Assembly-CSharp-firstpass.dll,773120,574DDD33,1560
0,0,CM3D2x64_Data\Managed\Assembly-CSharp.dll,3113984,C662083D,1560
0,0,CM3D2x64_Data\Managed\Assembly-UnityScript-firstpass.dll,65024,52B00A1D,1560
0,0,CM3D2x64_Data\Managed\Boo.Lang.dll,126976,9ADD3789,1560
0,0,CM3D2x64_Data\Managed\FoveUnityPlugin.dll,28672,A6EA882B,1560
0,0,CM3D2x64_Data\Managed\Ionic.Zlib.dll,102400,7C9E7DD2,1560
0,0,CM3D2x64_Data\Managed\JsonFx.Json.dll,70144,A0F0CFCB,1560
0,0,CM3D2x64_Data\Managed\LeapCSharp.NET3.5.dll,82432,38E38212,1560
0,0,CM3D2x64_Data\Managed\Mono.Data.Tds.dll,96256,DDA7BAB7,1560
0,0,CM3D2x64_Data\Managed\Mono.Posix.dll,184320,C7063ABB,1560
0,0,CM3D2x64_Data\Managed\Mono.Security.dll,294912,8C7E67B3,1560
0,0,CM3D2x64_Data\Managed\Mono.WebBrowser.dll,172032,541986C3,1560
0,0,CM3D2x64_Data\Managed\mscorlib.dll,2589696,AFA570E5,1560
0,0,CM3D2x64_Data\Managed\System.Configuration.dll,124928,D5F2A804,1560
0,0,CM3D2x64_Data\Managed\System.Core.dll,297472,BCE2218F,1560
0,0,CM3D2x64_Data\Managed\System.Data.dll,856064,F1D38D2E,1560
0,0,CM3D2x64_Data\Managed\System.dll,1679360,288F722A,1560
0,0,CM3D2x64_Data\Managed\System.Drawing.Design.dll,29696,E7B53FF9,1560
0,0,CM3D2x64_Data\Managed\System.Drawing.dll,448512,C4B2E872,1560
0,0,CM3D2x64_Data\Managed\System.EnterpriseServices.dll,46592,75A19B93,1560
0,0,CM3D2x64_Data\Managed\System.Security.dll,135168,365C74A7,1560
0,0,CM3D2x64_Data\Managed\System.Transactions.dll,27648,203D65C1,1560
0,0,CM3D2x64_Data\Managed\System.Windows.Forms.dll,3053568,56394001,1560
0,0,CM3D2x64_Data\Managed\System.Xml.dll,1270272,9B79033F,1560
0,0,CM3D2x64_Data\Managed\System.Xml.Linq.dll,106496,B3ACF139,1560
0,0,CM3D2x64_Data\Managed\UnityEngine.dll,972800,B3EB425F,1560
0,0,CM3D2x64_Data\Managed\UnityEngine.dll.mdb,353934,02424F6C,1560
0,0,CM3D2x64_Data\Managed\UnityEngine.Networking.dll,230912,EBC88F56,1560
0,0,CM3D2x64_Data\Managed\UnityEngine.UI.dll,219136,8E43BC11,1560
0,0,CM3D2x64_Data\Managed\UnityScript.Lang.dll,14336,13EE284D,1560
0,0,CM3D2x64_Data\Managed\zxing.unity.dll,430592,9FD1F198,1560
0,0,CM3D2x64_Data\Mono\mono.dll,2612696,2A5A1006,1560
0,0,CM3D2x64_Data\Mono\etc\mono\browscap.ini,311984,CE6C0AB3,1560
0,0,CM3D2x64_Data\Mono\etc\mono\config,1691,A635914A,1560
0,0,CM3D2x64_Data\Mono\etc\mono\1.0\DefaultWsdlHelpGenerator.aspx,58196,10E814BF,1560
0,0,CM3D2x64_Data\Mono\etc\mono\1.0\machine.config,17258,EDE1AC59,1560
0,0,CM3D2x64_Data\Mono\etc\mono\2.0\DefaultWsdlHelpGenerator.aspx,60453,F3869A34,1560
0,0,CM3D2x64_Data\Mono\etc\mono\2.0\machine.config,27625,73C91C24,1560
0,0,CM3D2x64_Data\Mono\etc\mono\2.0\settings.map,2618,A1A3C29F,1560
0,0,CM3D2x64_Data\Mono\etc\mono\2.0\web.config,11686,534A9960,1560
0,0,CM3D2x64_Data\Mono\etc\mono\2.0\Browsers\Compat.browser,1605,2E178A0B,1560
0,0,CM3D2x64_Data\Mono\etc\mono\mconfig\config.xml,25817,80B2033A,1560
0,0,CM3D2x64_Data\Plugins\AVProVideo.dll,813056,60B54FA5,1560
0,0,CM3D2x64_Data\Plugins\cm3d2_x64.dll,1545216,E57EE95D,1560
0,0,CM3D2x64_Data\Plugins\device_hook.dll,401920,34332562,1560
0,0,CM3D2x64_Data\Plugins\FoveClient.dll,1849384,58C8B4F6,1560
0,0,CM3D2x64_Data\Plugins\LeapC.dll,2516992,FBDD3767,1560
0,0,CM3D2x64_Data\Plugins\openvr_api.dll,318272,44432E0F,1560
0,0,CM3D2x64_Data\Plugins\OVRGamepad.dll,12800,2C526135,1560
0,0,CM3D2x64_Data\Plugins\OVRPlugin.dll,1894312,38EDD831,1560
0,0,CM3D2x64_Data\Resources\unity default resources,1544700,7137E221,1560
0,0,CM3D2x64_Data\Resources\unity_builtin_extra,142196,DF9A5755,1560
0,0,GameData\script.arc,14540687,550BED84,1560
0,0,GameData\script_addpose001.arc,1194,9F2EDF3C,1220
0,0,GameData\script_cos002_2.arc,72002,5BAAF903,1330
0,0,GameData\script_cos005_2.arc,1698,FDA1E978,1380
0,0,GameData\script_denkigai2015w_2.arc,41666,24C0863D,1480
0,0,GameData\script_denkigai2015wPants_2.arc,12658,57896547,1220
0,0,GameData\script_denkigai2016s_2.arc,135147,6150004D,1370
0,0,GameData\script_magazine001_2.arc,59602,D547478D,1400
0,0,GameData\script_personal001_2.arc,2691328,7E1F254D,1540
0,0,GameData\script_personal002_2.arc,144459,A071DC2C,1540
0,0,GameData\script_personal003_2.arc,924844,85253537,1540
0,0,GameData\script_personal004_2.arc,241317,104F6DCC,1540
0,0,GameData\script_pp001_2.arc,185117,CFB825ED,1520
0,0,GameData\script_pp002_2.arc,161894,3930023C,1500
0,0,GameData\script_pp003_2.arc,239973,39CFA137,1510
0,0,GameData\script_ytgc005_2.arc,18898,11456C1A,1340
0,0,GameData\script_ytgc006_2.arc,218689,B2CF5373,1340
0,0,GameData\script_ytgc007_2.arc,9474,1DD722E9,1540
0,0,GameData\script_ytgc008_2.arc,134059,62EAF572,1400
0,0,GameData\script_ytgc009_2.arc,288425,A69AB7BA,1540
0,0,GameData\script_ytgc010_2.arc,21714,43E60670,1433
0,0,GameData\script_ytgc015_2.arc,3330,4D771C35,1540
0,0,GameData\script_xmas2016_2.arc,4338,7FAFBB83,1433
0,0,GameData\motion2.arc,103914943,92F6E2DC,1520
0,0,GameData\motion_addpose001.arc,902194,517CF6C8,1220
0,0,GameData\motion_pp001_2.arc,615858,0E432519,1220
0,0,GameData\motion_pp002_2.arc,57428957,EF952E37,1360
0,0,GameData\motion_vp001_2.arc,141579,7857F9CD,1160
0,0,GameData\voice3.arc,101849461,061F0890,1250
0,0,manual\data\004.png,699424,54A4DC50,1010
0,0,manual\data\007.png,453984,97E623F5,1010
0,0,manual\data\008.png,553674,7B23C3DF,1010
0,0,manual\data\013.png,673884,992CEEC5,1010
0,0,Preset\1_junshin.preset,43021,0D00795A,1010
0,0,Preset\2_coodere.preset,43516,E9EBB0F2,1010
0,0,Preset\3_tsundere.preset,48900,D0EF8B9E,1010
0,0,Preset\4_default.preset,43697,C5E392BE,1010
0,0,Preset\5_pretty_junshin.preset,40739,D9262BEF,1010
0,0,Preset\6_pretty_coodere.preset,39554,E54D5766,1010
0,0,Preset\7_pretty_tsundere.preset,38235,CA8437BB,1010
share,GameData\patch\bg_pp001_2.arc,GameData\bg_pp001_2.arc,1237157,C9D912F7,1220
share,GameData\patch\csv.arc,GameData\csv.arc,3593648,5442E5C7,1560
share,GameData\patch\csv_addpose001.arc,GameData\csv_addpose001.arc,1235,D06FCA6D,1220
share,GameData\patch\csv_pp001_2.arc,GameData\csv_pp001_2.arc,10034,29181748,1370
share,GameData\patch\csv_pp002_2.arc,GameData\csv_pp002_2.arc,450,65BCF215,1462
share,GameData\patch\csv_urayome001_2.arc,GameData\csv_urayome001_2.arc,1714,1D92B577,1401
share,GameData\patch\csv_vrcom_2.arc,GameData\csv_vrcom_2.arc,5650,BC36D221,1510
share,GameData\patch\csv_vp001_2.arc,GameData\csv_vp001_2.arc,2082,25E58CEB,1160
share,GameData\patch\material2.arc,GameData\material2.arc,228184,98159B82,1560
share,GameData\patch\material_denkigai2015s003_2.arc,GameData\material_denkigai2015s003_2.arc,7106,0C82D791,1150
share,GameData\patch\material_denkigai2015wTowelR.arc,GameData\material_denkigai2015wTowelR.arc,1602,618192B9,1360
share,GameData\patch\material_dlc055_2.arc,GameData\material_dlc055_2.arc,5282,11A93109,1280
share,GameData\patch\material_dlsite_2.arc,GameData\material_dlsite_2.arc,1762,C5A837EA,1150
share,GameData\patch\material_shop001_2.arc,GameData\material_shop001_2.arc,1762,D98CED1C,1150
share,GameData\patch\material_shop002_2.arc,GameData\material_shop002_2.arc,1762,956BB00E,1150
share,GameData\patch\material_shop003_2.arc,GameData\material_shop003_2.arc,1762,38CEBFF2,1150
share,GameData\patch\material_shop005_2.arc,GameData\material_shop005_2.arc,1714,3E621A32,1150
share,GameData\patch\material_shop007_2.arc,GameData\material_shop007_2.arc,2578,C8CE627C,1150
share,GameData\patch\material_vp001_2.arc,GameData\material_vp001_2.arc,11890,8CB043B0,1400
share,GameData\patch\material_yomeido003_2.arc,GameData\material_yomeido003_2.arc,1522,0689A7AC,1240
share,GameData\patch\menu2.arc,GameData\menu2.arc,234025,34DA94B0,1560
share,GameData\patch\menu_denkigai2015s001_2.arc,GameData\menu_denkigai2015s001_2.arc,6594,8B3E849F,1160
share,GameData\patch\menu_denkigai2015s003_2.arc,GameData\menu_denkigai2015s003_2.arc,4338,D294CE88,1150
share,GameData\patch\menu_denkigai2015wTowelR.arc,GameData\menu_denkigai2015wTowelR.arc,1282,CECEE1FC,1360
share,GameData\patch\menu_denkigai2016s_2.arc,GameData\menu_denkigai2016s_2.arc,1346,4A9440B1,1351
share,GameData\patch\menu_denkigai2016w_2.arc,GameData\menu_denkigai2016w_2.arc,15154,C8D64D3B,1450
share,GameData\patch\menu_denkigai2017s_2.arc,GameData\menu_denkigai2017s_2.arc,1218,267B1338,1540
share,GameData\patch\menu_dlcdenkigai2016w_2.arc,GameData\menu_dlcdenkigai2016w_2.arc,13522,45E7F667,1450
share,GameData\patch\menu_dlcdenkigai2017s_2.arc,GameData\menu_dlcdenkigai2017s_2.arc,1218,A6C83B5D,1540
share,GameData\patch\menu_dlc026_2.arc,GameData\menu_dlc026_2.arc,3778,69453D54,1190
share,GameData\patch\menu_dlc028_2.arc,GameData\menu_dlc028_2.arc,3874,DE3F1C31,1200
share,GameData\patch\menu_dlc041_2.arc,GameData\menu_dlc041_2.arc,6786,97F738D3,1380
share,GameData\patch\menu_dlc042_2.arc,GameData\menu_dlc042_2.arc,1154,EE4016C0,1440
share,GameData\patch\menu_dlc049_2.arc,GameData\menu_dlc049_2.arc,3106,E30D6F4C,1522
share,GameData\patch\menu_dlc061_2.arc,GameData\menu_dlc061_2.arc,3810,F99C1D4E,1290
share,GameData\patch\menu_dlc065_2.arc,GameData\menu_dlc065_2.arc,7602,D9387834,1380
share,GameData\patch\menu_dlc074_2.arc,GameData\menu_dlc074_2.arc,5618,24C559D7,1312
share,GameData\patch\menu_dlc100_2.arc,GameData\menu_dlc100_2.arc,1250,DFF94E9A,1400
share,GameData\patch\menu_dlc101_2.arc,GameData\menu_dlc101_2.arc,1218,44DB4049,1481
share,GameData\patch\menu_dlsite_2.arc,GameData\menu_dlsite_2.arc,1954,B2268BA7,1150
share,GameData\patch\menu_kissevent2017march.arc,GameData\menu_kissevent2017march.arc,281,FF4EEB9B,1522
share,GameData\patch\menu_kissevent2017march_2.arc,GameData\menu_kissevent2017march_2.arc,106629,421A1F33,1522
share,GameData\patch\menu_magazine002_2.arc,GameData\menu_magazine002_2.arc,12498,691C1126,1471
share,GameData\patch\menu_personal002_2.arc,GameData\menu_personal002_2.arc,1282,5687650C,1310
share,GameData\patch\menu_shop001_2.arc,GameData\menu_shop001_2.arc,3314,35207C87,1150
share,GameData\patch\menu_shop005_2.arc,GameData\menu_shop005_2.arc,1378,0C9AF725,1150
share,GameData\patch\menu_vp001_2.arc,GameData\menu_vp001_2.arc,19138,7C7AFD9C,1400
share,GameData\patch\menu_yomeido003_2.arc,GameData\menu_yomeido003_2.arc,1234,4D6F619D,1240
share,GameData\patch\menu_yomeidogp_wedding_2.arc,GameData\menu_yomeidogp_wedding_2.arc,3954,C251B12C,1320
share,GameData\patch\model2.arc,GameData\model2.arc,13881914,79EA64F0,1560
share,GameData\patch\model_denkigai2015s003_2.arc,GameData\model_denkigai2015s003_2.arc,394665,41A48185,1150
share,GameData\patch\model_denkigai2015wTowelR.arc,GameData\model_denkigai2015wTowelR.arc,38258,FB570A24,1360
share,GameData\patch\model_dlc005_2.arc,GameData\model_dlc005_2.arc,175424,F7DD7D82,1270
share,GameData\patch\model_dlc046_2.arc,GameData\model_dlc046_2.arc,155690,83B34173,1220
share,GameData\patch\model_dlc073_2.arc,GameData\model_dlc073_2.arc,267037,47D33A06,1320
share,GameData\patch\model_dlc100_2.arc,GameData\model_dlc100_2.arc,691347,7C3D679D,1400
share,GameData\patch\model_dlc109_2.arc,GameData\model_dlc109_2.arc,137998,8FCCF513,1460
share,GameData\patch\model_dlc151_2.arc,GameData\model_dlc151_2.arc,213532,8C3C80C3,1520
share,GameData\patch\model_dlsite_2.arc,GameData\model_dlsite_2.arc,197173,24366C43,1150
share,GameData\patch\model_shop001_2.arc,GameData\model_shop001_2.arc,115215,9C941FAF,1150
share,GameData\patch\model_shop002_2.arc,GameData\model_shop002_2.arc,251253,743C3D97,1150
share,GameData\patch\model_shop003_2.arc,GameData\model_shop003_2.arc,185433,A15EC70A,1150
share,GameData\patch\model_shop005_2.arc,GameData\model_shop005_2.arc,150103,FB5341FA,1150
share,GameData\patch\model_shop007_2.arc,GameData\model_shop007_2.arc,288759,80615CBD,1150
share,GameData\patch\model_vp001_2.arc,GameData\model_vp001_2.arc,647957,D68B5D2F,1400
share,GameData\patch\paths.dat,GameData\paths.dat,5084,D170CB10,1560
share,GameData\patch\prioritymaterial.arc,GameData\prioritymaterial.arc,207790,81E1F3C5,1560
share,GameData\patch\sound2.arc,GameData\sound2.arc,12751123,D3C5ED01,1490
share,GameData\patch\script_share_vrcom_2.arc,GameData\script_share_vrcom_2.arc,34850,FAC1DDAC,1560
share,GameData\patch\texture3.arc,GameData\texture3.arc,11334028,5A1CD557,1560
share,GameData\patch\texture_addpose001.arc,GameData\texture_addpose001.arc,23943,1D529A44,1220
share,GameData\patch\texture_denkigai2015wTowelR.arc,GameData\texture_denkigai2015wTowelR.arc,133065,FE4BDC34,1360
share,GameData\patch\texture_denkigai2016w_2.arc,GameData\texture_denkigai2016w_2.arc,10105247,3B4641C3,1450
share,GameData\patch\texture_dlcdenkigai2016w_2.arc,GameData\texture_dlcdenkigai2016w_2.arc,10105332,90868016,1450
share,GameData\patch\texture_kissevent2017march.arc,GameData\texture_kissevent2017march.arc,281,FF4EEB9B,1522
share,GameData\patch\texture_kissevent2017march_2.arc,GameData\texture_kissevent2017march_2.arc,79432605,C1FCD24F,1522
share,GameData\patch\texture_dlc004_2.arc,GameData\texture_dlc004_2.arc,4805734,C8E5CFB4,1200
share,GameData\patch\texture_dlc046_2.arc,GameData\texture_dlc046_2.arc,596960,FC606BA5,1220
share,GameData\patch\texture_vp001_2.arc,GameData\texture_vp001_2.arc,755269,18D5027D,1400
share,GameData\patch\texture_yomeido003_2.arc,GameData\texture_yomeido003_2.arc,117248,0EE72B42,1240
share,GameData\patch\material_vr.arc,GameData\material_vr.arc,6184,D2EAFD73,130
share,GameData\patch\menu_vr.arc,GameData\menu_vr.arc,3407,D3B43CF5,130
share,GameData\patch\model_vr.arc,GameData\model_vr.arc,866449,B84B7620,130
share,GameData\patch\texture_vr.arc,GameData\texture_vr.arc,1111256,DF651968,130
share,PhotoModeData\Mod\Motion\readme.txt,PhotoModeData\Mod\Motion\readme.txt,146,3BF5AF4D,1220
share,Preset\8_ren_1_yosiko.preset,Preset\8_ren_1_yosiko.preset,55432,D54FD70C,1220
share,Preset\8_ren_2_ayumi.preset,Preset\8_ren_2_ayumi.preset,51097,3C44F9DB,1220
share,Preset\8_ren_3_sakura.preset,Preset\8_ren_3_sakura.preset,52635,33F54D90,1220
share,Preset\8_ren_4_ai.preset,Preset\8_ren_4_ai.preset,46819,9B6E5960,1220
