0,0,COM3D2OH.exe,6622208,1E96D7A7,2005
0,0,COM3D2OHx64.exe,22841856,858642A8,1140
0,0,LICENSE,31205,24BAD003,1140
0,0,COM3D2OHx64_Data\app.info,42,6CD75754,1140
0,0,COM3D2OHx64_Data\globalgamemanagers,4062220,8AD919CB,1140
0,0,COM3D2OHx64_Data\globalgamemanagers.assets,213708,24B23322,1140
0,0,COM3D2OHx64_Data\level0,261836,D2386331,1140
0,0,COM3D2OHx64_Data\level1,278500,53522EE6,1140
0,0,COM3D2OHx64_Data\level10,618012,324FED63,1140
0,0,COM3D2OHx64_Data\level11,6948,69962839,1140
0,0,COM3D2OHx64_Data\level12,264292,629800AB,1140
0,0,COM3D2OHx64_Data\level13,4664,49FE536E,1140
0,0,COM3D2OHx64_Data\level14,280980,02B5416C,1140
0,0,COM3D2OHx64_Data\level15,269156,3135FCCE,1140
0,0,COM3D2OHx64_Data\level16,886772,B82996D2,1140
0,0,COM3D2OHx64_Data\level17,340948,46F44B38,1140
0,0,COM3D2OHx64_Data\level18,1016412,59522F30,1140
0,0,COM3D2OHx64_Data\level19,341612,4AA208AF,1140
0,0,COM3D2OHx64_Data\level2,666292,40B527F9,1140
0,0,COM3D2OHx64_Data\level20,1910148,8BDCDA5A,1140
0,0,COM3D2OHx64_Data\level21,1046420,B16C2F34,1140
0,0,COM3D2OHx64_Data\level22,1019716,93D9B8D1,1140
0,0,COM3D2OHx64_Data\level23,383988,0F918C15,1140
0,0,COM3D2OHx64_Data\level24,27904,8D26E91C,1140
0,0,COM3D2OHx64_Data\level24.resS,131232,437C95D8,1140
0,0,COM3D2OHx64_Data\level25,51676,0579CD0B,1140
0,0,COM3D2OHx64_Data\level26,56036,68916227,1140
0,0,COM3D2OHx64_Data\level27,6832,8293A715,1140
0,0,COM3D2OHx64_Data\level28,262740,F10C2D1B,1140
0,0,COM3D2OHx64_Data\level29,1507732,47B4C45A,1140
0,0,COM3D2OHx64_Data\level3,1144260,C65A8993,1140
0,0,COM3D2OHx64_Data\level30,1364364,007B25C0,1140
0,0,COM3D2OHx64_Data\level31,1385964,FF654C1B,1140
0,0,COM3D2OHx64_Data\level32,1281196,BBB5367D,1140
0,0,COM3D2OHx64_Data\level33,1345652,33C55A11,1140
0,0,COM3D2OHx64_Data\level34,1471076,8C6F1115,1140
0,0,COM3D2OHx64_Data\level35,1208060,F585F0C4,1140
0,0,COM3D2OHx64_Data\level36,958692,18E4F3DB,1140
0,0,COM3D2OHx64_Data\level37,965980,6D65E1D9,1140
0,0,COM3D2OHx64_Data\level38,1208060,2660E285,1140
0,0,COM3D2OHx64_Data\level39,1088676,FA4E4FB2,1140
0,0,COM3D2OHx64_Data\level4,1089364,94D03267,1140
0,0,COM3D2OHx64_Data\level40,877244,E8511F66,1140
0,0,COM3D2OHx64_Data\level41,1163628,97CB3F31,1140
0,0,COM3D2OHx64_Data\level42,1306116,AA161D16,1140
0,0,COM3D2OHx64_Data\level43,1264644,31005D15,1140
0,0,COM3D2OHx64_Data\level44,849452,DB2F9742,1140
0,0,COM3D2OHx64_Data\level45,337612,3F8755AF,1140
0,0,COM3D2OHx64_Data\level46,333980,075FC171,1140
0,0,COM3D2OHx64_Data\level47,377684,8E585385,1140
0,0,COM3D2OHx64_Data\level48,399820,51C45C2E,1140
0,0,COM3D2OHx64_Data\level49,328212,B898412D,1140
0,0,COM3D2OHx64_Data\level5,262820,19440C19,1140
0,0,COM3D2OHx64_Data\level50,388172,26B5CE5D,1140
0,0,COM3D2OHx64_Data\level51,971628,3682581D,1140
0,0,COM3D2OHx64_Data\level52,896028,22563EFE,1140
0,0,COM3D2OHx64_Data\level53,380900,A1AA4393,1140
0,0,COM3D2OHx64_Data\level54,403044,BB22DB7E,1140
0,0,COM3D2OHx64_Data\level55,393620,F73A0173,1140
0,0,COM3D2OHx64_Data\level6,350412,BA5C69A9,1140
0,0,COM3D2OHx64_Data\level7,262348,0F99AC3D,1140
0,0,COM3D2OHx64_Data\level8,327068,34ECAF7C,1140
0,0,COM3D2OHx64_Data\level9,263316,3E2A6EBC,1140
0,0,COM3D2OHx64_Data\resources.assets,384737040,098841C2,1140
0,0,COM3D2OHx64_Data\resources.assets.resS,1640846432,3B92E044,1140
0,0,COM3D2OHx64_Data\resources.resource,692096,84F04AA0,1140
0,0,COM3D2OHx64_Data\sharedassets0.assets,115224720,582F8885,1140
0,0,COM3D2OHx64_Data\sharedassets0.assets.resS,121744416,342139C8,1140
0,0,COM3D2OHx64_Data\sharedassets1.assets,6196,D4C3B957,1140
0,0,COM3D2OHx64_Data\sharedassets10.assets,6496,A4E969D9,1140
0,0,COM3D2OHx64_Data\sharedassets11.assets,4540,B46BF75C,1140
0,0,COM3D2OHx64_Data\sharedassets12.assets,6100,3CA4B825,1140
0,0,COM3D2OHx64_Data\sharedassets13.assets,4132,860D1125,1140
0,0,COM3D2OHx64_Data\sharedassets14.assets,6820,67F12FFB,1140
0,0,COM3D2OHx64_Data\sharedassets15.assets,6160,B7737D82,1140
0,0,COM3D2OHx64_Data\sharedassets16.assets,12340,BDB7391F,1140
0,0,COM3D2OHx64_Data\sharedassets17.assets,6244,8F02B94C,1140
0,0,COM3D2OHx64_Data\sharedassets18.assets,12568,AAD59AD9,1140
0,0,COM3D2OHx64_Data\sharedassets19.assets,6268,F89755AB,1140
0,0,COM3D2OHx64_Data\sharedassets2.assets,6520,136EC63D,1140
0,0,COM3D2OHx64_Data\sharedassets20.assets,7048,0C4630CE,1140
0,0,COM3D2OHx64_Data\sharedassets21.assets,12544,D4C40F09,1140
0,0,COM3D2OHx64_Data\sharedassets22.assets,12544,D4C40F09,1140
0,0,COM3D2OHx64_Data\sharedassets23.assets,18126808,C5A58431,1140
0,0,COM3D2OHx64_Data\sharedassets24.assets,12328,8C311A38,1140
0,0,COM3D2OHx64_Data\sharedassets25.assets,4420,79348480,1140
0,0,COM3D2OHx64_Data\sharedassets26.assets,4324,2710CA37,1140
0,0,COM3D2OHx64_Data\sharedassets27.assets,4264,38C73793,1140
0,0,COM3D2OHx64_Data\sharedassets28.assets,6076,99874EA6,1140
0,0,COM3D2OHx64_Data\sharedassets29.assets,12340,31BB198C,1140
0,0,COM3D2OHx64_Data\sharedassets3.assets,12796,1A809819,1140
0,0,COM3D2OHx64_Data\sharedassets30.assets,12340,896E9514,1140
0,0,COM3D2OHx64_Data\sharedassets31.assets,12340,CB947EB7,1140
0,0,COM3D2OHx64_Data\sharedassets32.assets,9232,250AA72D,1140
0,0,COM3D2OHx64_Data\sharedassets33.assets,9340,5D553AFA,1140
0,0,COM3D2OHx64_Data\sharedassets34.assets,9328,9C84AC6B,1140
0,0,COM3D2OHx64_Data\sharedassets35.assets,12424,F4E1BEA8,1140
0,0,COM3D2OHx64_Data\sharedassets36.assets,9124,D8E2EC37,1140
0,0,COM3D2OHx64_Data\sharedassets37.assets,9160,5F93A86A,1140
0,0,COM3D2OHx64_Data\sharedassets38.assets,12424,F4E1BEA8,1140
0,0,COM3D2OHx64_Data\sharedassets39.assets,9364,D69E3DD4,1140
0,0,COM3D2OHx64_Data\sharedassets4.assets,7060,CCBE66BF,1140
0,0,COM3D2OHx64_Data\sharedassets40.assets,9160,5F93A86A,1140
0,0,COM3D2OHx64_Data\sharedassets41.assets,9304,03C1C09F,1140
0,0,COM3D2OHx64_Data\sharedassets42.assets,12340,175031EA,1140
0,0,COM3D2OHx64_Data\sharedassets43.assets,9340,5D553AFA,1140
0,0,COM3D2OHx64_Data\sharedassets44.assets,9328,9C84AC6B,1140
0,0,COM3D2OHx64_Data\sharedassets45.assets,42236492,A05FF1B8,1140
0,0,COM3D2OHx64_Data\sharedassets45.assets.resS,87400,8BA6C322,1140
0,0,COM3D2OHx64_Data\sharedassets46.assets,38246460,91E858D5,1140
0,0,COM3D2OHx64_Data\sharedassets47.assets,32874556,E67F6B1E,1140
0,0,COM3D2OHx64_Data\sharedassets48.assets,36735636,853AE5F7,1140
0,0,COM3D2OHx64_Data\sharedassets48.assets.resS,174776,5B619AF1,1140
0,0,COM3D2OHx64_Data\sharedassets49.assets,41277312,75994914,1140
0,0,COM3D2OHx64_Data\sharedassets5.assets,6064,BE4F59EB,1140
0,0,COM3D2OHx64_Data\sharedassets50.assets,39399064,0613CF2E,1140
0,0,COM3D2OHx64_Data\sharedassets51.assets,3016892,904EC79F,1140
0,0,COM3D2OHx64_Data\sharedassets51.assets.resS,611728,7BFBEAAE,1140
0,0,COM3D2OHx64_Data\sharedassets52.assets,9388,3094C977,1140
0,0,COM3D2OHx64_Data\sharedassets53.assets,6460,157C38C8,1140
0,0,COM3D2OHx64_Data\sharedassets54.assets,6460,157C38C8,1140
0,0,COM3D2OHx64_Data\sharedassets55.assets,6460,157C38C8,1140
0,0,COM3D2OHx64_Data\sharedassets6.assets,6976,2C4134D8,1140
0,0,COM3D2OHx64_Data\sharedassets7.assets,6040,88972484,1140
0,0,COM3D2OHx64_Data\sharedassets8.assets,6280,03AEAA9E,1140
0,0,COM3D2OHx64_Data\sharedassets9.assets,6088,50CE534A,1140
0,0,COM3D2OHx64_Data\Managed\Accessibility.dll,10752,5CB31E4E,1140
0,0,COM3D2OHx64_Data\Managed\Assembly-CSharp-firstpass.dll,790528,AC6ABB1D,1140
0,0,COM3D2OHx64_Data\Managed\Assembly-CSharp.dll,4771328,DC4DDD1A,1140
0,0,COM3D2OHx64_Data\Managed\Assembly-UnityScript-firstpass.dll,65024,7BFEC514,1140
0,0,COM3D2OHx64_Data\Managed\Boo.Lang.dll,126976,28383F70,1140
0,0,COM3D2OHx64_Data\Managed\BouncyCastle.Crypto.dll,2236416,5A4C4F07,1140
0,0,COM3D2OHx64_Data\Managed\FoveUnityPlugin.dll,28672,A6EA882B,1140
0,0,COM3D2OHx64_Data\Managed\ICSharpCode.SharpZipLib.dll,200704,D3160A1C,1140
0,0,COM3D2OHx64_Data\Managed\Ionic.Zlib.dll,102400,7C9E7DD2,1140
0,0,COM3D2OHx64_Data\Managed\JsonFx.Json.dll,70144,A0F0CFCB,1140
0,0,COM3D2OHx64_Data\Managed\LeapCSharp.NET3.5.dll,82432,38E38212,1140
0,0,COM3D2OHx64_Data\Managed\Mono.Data.Tds.dll,96256,2965324B,1140
0,0,COM3D2OHx64_Data\Managed\Mono.Posix.dll,184320,0CE35BE3,1140
0,0,COM3D2OHx64_Data\Managed\Mono.Security.dll,294912,66EB9979,1140
0,0,COM3D2OHx64_Data\Managed\Mono.WebBrowser.dll,172032,137B736F,1140
0,0,COM3D2OHx64_Data\Managed\mscorlib.dll,2590208,5166389B,1140
0,0,COM3D2OHx64_Data\Managed\Newtonsoft.Json.dll,494592,5C881B73,1140
0,0,COM3D2OHx64_Data\Managed\System.Configuration.dll,124928,72952344,1140
0,0,COM3D2OHx64_Data\Managed\System.Core.dll,297472,9E3EE5D7,1140
0,0,COM3D2OHx64_Data\Managed\System.Data.dll,856064,DDDB80CD,1140
0,0,COM3D2OHx64_Data\Managed\System.dll,1679360,13922617,1140
0,0,COM3D2OHx64_Data\Managed\System.Drawing.Design.dll,29696,E7B53FF9,1140
0,0,COM3D2OHx64_Data\Managed\System.Drawing.dll,448512,C4B2E872,1140
0,0,COM3D2OHx64_Data\Managed\System.EnterpriseServices.dll,46592,2C72A9FE,1140
0,0,COM3D2OHx64_Data\Managed\System.Security.dll,135168,1CE94C57,1140
0,0,COM3D2OHx64_Data\Managed\System.Transactions.dll,27648,45299FCF,1140
0,0,COM3D2OHx64_Data\Managed\System.Windows.Forms.dll,3053568,56394001,1140
0,0,COM3D2OHx64_Data\Managed\System.Xml.dll,1270272,4581A35B,1140
0,0,COM3D2OHx64_Data\Managed\System.Xml.Linq.dll,106496,E844371C,1140
0,0,COM3D2OHx64_Data\Managed\UnityEngine.dll,1393152,2C35388C,1140
0,0,COM3D2OHx64_Data\Managed\UnityEngine.dll.mdb,449828,8610375E,1140
0,0,COM3D2OHx64_Data\Managed\UnityEngine.Networking.dll,253952,2BDF701F,1140
0,0,COM3D2OHx64_Data\Managed\UnityEngine.UI.dll,245760,FA552B2D,1140
0,0,COM3D2OHx64_Data\Managed\UnityEngine.VR.dll,3072,A4582CD6,1140
0,0,COM3D2OHx64_Data\Managed\UnityScript.Lang.dll,13824,0DA8F681,1140
0,0,COM3D2OHx64_Data\Managed\zxing.unity.dll,430592,9FD1F198,1140
0,0,COM3D2OHx64_Data\Mono\mono.dll,2618816,0BEA8C0F,1140
0,0,COM3D2OHx64_Data\Mono\MonoPosixHelper.dll,113664,9B5E1E4D,1140
0,0,COM3D2OHx64_Data\Mono\etc\mono\browscap.ini,311984,CE6C0AB3,1140
0,0,COM3D2OHx64_Data\Mono\etc\mono\config,1691,A635914A,1140
0,0,COM3D2OHx64_Data\Mono\etc\mono\1.0\DefaultWsdlHelpGenerator.aspx,58196,10E814BF,1140
0,0,COM3D2OHx64_Data\Mono\etc\mono\1.0\machine.config,17258,EDE1AC59,1140
0,0,COM3D2OHx64_Data\Mono\etc\mono\2.0\DefaultWsdlHelpGenerator.aspx,60453,F3869A34,1140
0,0,COM3D2OHx64_Data\Mono\etc\mono\2.0\machine.config,27625,73C91C24,1140
0,0,COM3D2OHx64_Data\Mono\etc\mono\2.0\settings.map,2618,A1A3C29F,1140
0,0,COM3D2OHx64_Data\Mono\etc\mono\2.0\web.config,11686,534A9960,1140
0,0,COM3D2OHx64_Data\Mono\etc\mono\2.0\Browsers\Compat.browser,1605,2E178A0B,1140
0,0,COM3D2OHx64_Data\Mono\etc\mono\mconfig\config.xml,25817,80B2033A,1140
0,0,COM3D2OHx64_Data\Plugins\assimp.dll,4388864,7C910D84,1140
0,0,COM3D2OHx64_Data\Plugins\Audio360.dll,1499136,2D77400A,1140
0,0,COM3D2OHx64_Data\Plugins\AVProVideo.dll,891392,A3612D4B,1140
0,0,COM3D2OHx64_Data\Plugins\clothpp.dll,112128,7C3264A4,1140
0,0,COM3D2OHx64_Data\Plugins\cm3d2.dll,2091520,A919A31A,1140
0,0,COM3D2OHx64_Data\Plugins\device_hook.dll,738816,F61E7CED,1140
0,0,COM3D2OHx64_Data\Plugins\FoveClient.dll,1849384,58C8B4F6,1140
0,0,COM3D2OHx64_Data\Plugins\LeapC.dll,2516992,FBDD3767,1140
0,0,COM3D2OHx64_Data\Plugins\openvr_api.dll,318272,44432E0F,1140
0,0,COM3D2OHx64_Data\Plugins\OVRGamepad.dll,12800,2C526135,1140
0,0,COM3D2OHx64_Data\Plugins\OVRLipSync.dll,2512296,391C1F4C,1140
0,0,COM3D2OHx64_Data\Plugins\OVRPlugin.dll,1898408,5DD05B6C,1140
0,0,COM3D2OHx64_Data\Resources\unity default resources,752360,71DB1AEA,1140
0,0,COM3D2OHx64_Data\Resources\unity_builtin_extra,284012,91145F7F,1140
0,0,GameData\bg_kissevent2018_sp_card_2.arc,493322,140250D1,1100
0,0,GameData\csv.arc,2879269,403653C7,1140
0,0,GameData\csv_cbl.arc,670649,19A6BAFF,1140
0,0,GameData\csv_old_2.arc,563,C560F995,1110
0,0,GameData\motion_cbl2.arc,627149,B4324014,1120
0,0,GameData\motion_cbl_3d21reserve_2.arc,153938,9CB83B59,1120
0,0,GameData\parts2.arc,118310391,AE25BF56,1120
0,0,GameData\parts_magazine003_2.arc,201385,3A5B273D,1120
0,0,GameData\parts_kissevent2018_2.arc,5570,005BBD00,1100
0,0,GameData\parts_omvr.arc,3206509,4F0D0480,1120
0,0,GameData\paths.dat,2270,9FB671EE,1140
0,0,GameData\prioritymaterial.arc,285461,B2678A0F,1140
0,0,GameData\script_cbl.arc,5183236,813A52CF,1140
0,0,GameData\script_share_karaoke_2.arc,1939,6A7D34A5,1000
0,0,GameData\system2.arc,10667601,4A096DB0,1140
0,0,GameData_20\material_denkigai2015s003_2.arc,7106,0C82D791,1150
0,0,GameData_20\material_denkigai2015wTowelR.arc,1602,618192B9,1360
0,0,GameData_20\material_dlc055_2.arc,5282,11A93109,1280
0,0,GameData_20\material_dlsite_2.arc,1762,C5A837EA,1150
0,0,GameData_20\material_shop001_2.arc,1762,D98CED1C,1150
0,0,GameData_20\material_shop002_2.arc,1762,956BB00E,1150
0,0,GameData_20\material_shop003_2.arc,1762,38CEBFF2,1150
0,0,GameData_20\material_shop005_2.arc,1714,3E621A32,1150
0,0,GameData_20\material_shop007_2.arc,2578,C8CE627C,1150
0,0,GameData_20\material_vp001_2.arc,11890,8CB043B0,1400
0,0,GameData_20\material_yomeido003_2.arc,1522,0689A7AC,1240
0,0,GameData_20\menu_denkigai2015s001_2.arc,6594,8B3E849F,1160
0,0,GameData_20\menu_denkigai2015s003_2.arc,4338,D294CE88,1150
0,0,GameData_20\menu_denkigai2015wTowelR.arc,1282,CECEE1FC,1360
0,0,GameData_20\menu_denkigai2016s_2.arc,1346,4A9440B1,1351
0,0,GameData_20\menu_denkigai2016w_2.arc,15154,C8D64D3B,1450
0,0,GameData_20\menu_denkigai2017s_2.arc,1218,267B1338,1540
0,0,GameData_20\menu_dlcdenkigai2016w_2.arc,13522,45E7F667,1450
0,0,GameData_20\menu_dlcdenkigai2017s_2.arc,1218,A6C83B5D,1540
0,0,GameData_20\menu_dlc026_2.arc,3778,69453D54,1190
0,0,GameData_20\menu_dlc028_2.arc,3874,DE3F1C31,1200
0,0,GameData_20\menu_dlc041_2.arc,6786,97F738D3,1380
0,0,GameData_20\menu_dlc042_2.arc,1154,EE4016C0,1440
0,0,GameData_20\menu_dlc049_2.arc,3106,E30D6F4C,1522
0,0,GameData_20\menu_dlc061_2.arc,3810,F99C1D4E,1290
0,0,GameData_20\menu_dlc065_2.arc,7602,D9387834,1380
0,0,GameData_20\menu_dlc074_2.arc,5618,24C559D7,1312
0,0,GameData_20\menu_dlc100_2.arc,1250,DFF94E9A,1400
0,0,GameData_20\menu_dlc101_2.arc,1218,44DB4049,1481
0,0,GameData_20\menu_dlsite_2.arc,1954,B2268BA7,1150
0,0,GameData_20\menu_magazine002_2.arc,12498,691C1126,1471
0,0,GameData_20\menu_personal002_2.arc,1282,5687650C,1310
0,0,GameData_20\menu_shop001_2.arc,3314,35207C87,1150
0,0,GameData_20\menu_shop005_2.arc,1378,0C9AF725,1150
0,0,GameData_20\menu_vp001_2.arc,19138,7C7AFD9C,1400
0,0,GameData_20\menu_yomeido003_2.arc,1234,4D6F619D,1240
0,0,GameData_20\menu_yomeidogp_wedding_2.arc,3954,C251B12C,1320
0,0,GameData_20\model_denkigai2015s003_2.arc,394665,41A48185,1150
0,0,GameData_20\model_denkigai2015wTowelR.arc,38258,FB570A24,1360
0,0,GameData_20\model_denkigai2017s_2.arc,462663,8917104A,1582
0,0,GameData_20\model_dlcdenkigai2017s_2.arc,462667,9F0C3D54,1582
0,0,GameData_20\model_dlc005_2.arc,175424,F7DD7D82,1270
0,0,GameData_20\model_dlc046_2.arc,155690,83B34173,1220
0,0,GameData_20\model_dlc073_2.arc,267037,47D33A06,1320
0,0,GameData_20\model_dlc100_2.arc,691347,7C3D679D,1400
0,0,GameData_20\model_dlc109_2.arc,137998,8FCCF513,1460
0,0,GameData_20\model_dlc151_2.arc,213532,8C3C80C3,1520
0,0,GameData_20\model_dlsite_2.arc,197173,24366C43,1150
0,0,GameData_20\model_shop001_2.arc,115215,9C941FAF,1150
0,0,GameData_20\model_shop002_2.arc,251253,743C3D97,1150
0,0,GameData_20\model_shop003_2.arc,185433,A15EC70A,1150
0,0,GameData_20\model_shop005_2.arc,150103,FB5341FA,1150
0,0,GameData_20\model_shop007_2.arc,288759,80615CBD,1150
0,0,GameData_20\model_vp001_2.arc,647957,D68B5D2F,1400
0,0,GameData_20\texture_denkigai2015wTowelR.arc,133065,FE4BDC34,1360
0,0,GameData_20\texture_denkigai2016w_2.arc,10105247,3B4641C3,1450
0,0,GameData_20\texture_dlcdenkigai2016w_2.arc,10105332,90868016,1450
0,0,GameData_20\texture_kissevent2017march.arc,281,FF4EEB9B,1522
0,0,GameData_20\texture_kissevent2017march_2.arc,79432605,C1FCD24F,1522
0,0,GameData_20\texture_dlc004_2.arc,4805734,C8E5CFB4,1200
0,0,GameData_20\texture_dlc046_2.arc,596960,FC606BA5,1220
0,0,GameData_20\texture_vp001_2.arc,755269,18D5027D,1400
0,0,GameData_20\texture_yomeido003_2.arc,117248,0EE72B42,1240
