1,0,CM3D.nei,A63B62DB,153
0,0,Eval.vac,74C15B2E,115
0,0,GameData\Camera.vac,1D637E85,143
0,0,GameData\Camera_SPII.vac,3AE7C5CC,133
0,0,GameData\Model.vac,8D1F10F5,134
0,0,GameData\Morph.vac,26339248,134
0,0,GameData\Motion.vac,AF9BD59A,105
0,0,GameData\Se.vac,80E01D28,101
0,0,GameData\System.vac,ADA0ABEE,101
0,0,GameData\Texture2.vac,E8BC0512,152
0,0,GameData\Voice2.vac,2E109B00,146
0,0,GameData\Xls.vac,D2B8176E,133
1,1,GameData\Xls_VP2.nei,9E3E90D0,133
1,2,GameData\Xls_SP.nei,E7167764,133
0,0,GameData\Bgm_SP2.vac,D6EB01BA,116
0,0,GameData\Model_VP2.vac,056903EA,116
0,0,GameData\Motion_VP2.vac,C7157192,116
0,0,GameData\Motion_FP2.vac,3DE68AD4,122
1,3,GameData\Xls_CP.nei,4E134BDD,119
0,0,GameData\Sperma.vac,3D08E3AB,152
0,0,GameData\Bgm_KT.vac,B4A21885,125
0,0,GameData\Camera_KT.vac,A13952D3,125
0,0,GameData\Model_KT.vac,9C3AFAC1,125
0,0,GameData\Morph_KT.vac,BB360F51,134
0,0,GameData\Motion_KT.vac,E7FDB182,134
0,0,GameData\Texture_KT.vac,9B6A4E20,125
0,0,GameData\Xls_KT.vac,645CC411,125
1,7,GameData\Xls_FP.nei,935A96CC,129
1,5,GameData\Xls_SPII.nei,2AC81C0B,129
0,0,GameData\Model_NPII.vac,54DA64DE,128
1,6,GameData\Xls_NPII.nei,4819785B,135
1,3,GameData\Voice_CP2.nei,7C26B89A,132
1,4,GameData\Voice_PP2.nei,01961150,132
1,5,GameData\Voice_SPII2.nei,9C4EFD72,132
1,6,GameData\Voice_NPII2.nei,8423B161,132
1,7,GameData\Voice_FP2.nei,012E4DA3,132
0,0,Plugin\cs_plg_009.vac,21739872,103
0,0,Preset\kt.cus,9FAAA3A0,125
0,0,Preset\Basic.cus,0DC54741,100
0,0,Preset\Bunny.cus,3F4BAF82,100
0,0,Preset\China.cus,538CAAFE,100
0,0,Preset\Epron.cus,2E57AFDA,100
0,0,Preset\Garter.cus,07CD5301,100
0,0,Preset\Idol.cus,F34D216A,100
0,0,Preset\Package1.cus,9A2450EB,100
0,0,Preset\Package2.cus,9D2FE4C3,100
0,0,Preset\Package3.cus,BBC5C012,100
0,0,Preset\Package4.cus,41369E00,100
0,0,Preset\Seifuku.cus,BA190037,100
0,0,Preset\Sling.cus,72501589,100
0,0,Preset\Stylish.cus,F93AD4AD,100
0,0,Preset\Sukumizu.cus,0B2E0009,100
0,0,Preset\Taisou.cus,B4E9BF30,100
0,0,Preset\Vontage1.cus,141B71D1,100
0,0,Preset\Vontage2.cus,EFF2496A,100
0,0,Preset\Yshirt.cus,A29CD235,100
0,0,SystemCheck.exe,E84BBBF6,134
0,0,GameData\Morph_PP.vac,FFA401EB,134
0,0,GameData\Morph_SP.vac,BEE9F1F5,134
0,0,GameData\Morph_SPII.vac,840CD8E5,134
0,0,FileCheck.exe,87FF1118,135
0,0,GameData\Camera_SP.vac,FFEDB71F,135
0,0,GameData\Camera_PP.vac,564584F0,135
0,0,GameData\Model2.vac,B782DA68,152
0,0,GameData\Shader.vac,21D2074C,152
0,0,Script.vac,99C4D9F9,152
0,0,GameData\Xls2.vac,54B0045B,153
0,0,GameData\Motion2.vac,10B43DFB,153
0,0,GameData\Morph2.vac,3A1C2180,149
