0,0,COM3D2x64_Data\Managed\Accessibility.dll,10752,5CB31E4E,24604
0,0,COM3D2x64_Data\Managed\Assembly-CSharp.dll,6160896,19363B6B,24604
0,0,COM3D2x64_Data\Managed\Assembly-CSharp-firstpass.dll,788480,9D54E118,24604
0,0,COM3D2x64_Data\Managed\Assembly-UnityScript-firstpass.dll,65024,8F043426,24604
0,0,COM3D2x64_Data\Managed\Boo.Lang.dll,126976,28383F70,24604
0,0,COM3D2x64_Data\Managed\BouncyCastle.Crypto.dll,2236416,5A4C4F07,24604
0,0,COM3D2x64_Data\Managed\FoveUnityPlugin.dll,28672,A6EA882B,24604
0,0,COM3D2x64_Data\Managed\ICSharpCode.SharpZipLib.dll,200704,D3160A1C,24604
0,0,COM3D2x64_Data\Managed\Ionic.Zlib.dll,102400,7C9E7DD2,24604
0,0,COM3D2x64_Data\Managed\JsonFx.Json.dll,70144,A0F0CFCB,24604
0,0,COM3D2x64_Data\Managed\LeapCSharp.NET3.5.dll,82432,38E38212,24604
0,0,COM3D2x64_Data\Managed\Mono.Data.Tds.dll,96256,2965324B,24604
0,0,COM3D2x64_Data\Managed\Mono.Posix.dll,184320,0CE35BE3,24604
0,0,COM3D2x64_Data\Managed\Mono.Security.dll,294912,66EB9979,24604
0,0,COM3D2x64_Data\Managed\Mono.WebBrowser.dll,172032,137B736F,24604
0,0,COM3D2x64_Data\Managed\mscorlib.dll,2590208,5166389B,24604
0,0,COM3D2x64_Data\Managed\Newtonsoft.Json.dll,494592,5C881B73,24604
0,0,COM3D2x64_Data\Managed\System.Configuration.dll,124928,72952344,24604
0,0,COM3D2x64_Data\Managed\System.Core.dll,297472,9E3EE5D7,24604
0,0,COM3D2x64_Data\Managed\System.Data.dll,856064,DDDB80CD,24604
0,0,COM3D2x64_Data\Managed\System.dll,1679360,13922617,24604
0,0,COM3D2x64_Data\Managed\System.Drawing.Design.dll,29696,E7B53FF9,24604
0,0,COM3D2x64_Data\Managed\System.Drawing.dll,448512,C4B2E872,24604
0,0,COM3D2x64_Data\Managed\System.EnterpriseServices.dll,46592,2C72A9FE,24604
0,0,COM3D2x64_Data\Managed\System.Security.dll,135168,1CE94C57,24604
0,0,COM3D2x64_Data\Managed\System.Transactions.dll,27648,45299FCF,24604
0,0,COM3D2x64_Data\Managed\System.Windows.Forms.dll,3053568,56394001,24604
0,0,COM3D2x64_Data\Managed\System.Xml.dll,1270272,4581A35B,24604
0,0,COM3D2x64_Data\Managed\System.Xml.Linq.dll,106496,E844371C,24604
0,0,COM3D2x64_Data\Managed\UnityEngine.dll,1393152,2C35388C,24604
0,0,COM3D2x64_Data\Managed\UnityEngine.dll.mdb,449828,8610375E,24604
0,0,COM3D2x64_Data\Managed\UnityEngine.Networking.dll,253952,2BDF701F,24604
0,0,COM3D2x64_Data\Managed\UnityEngine.UI.dll,245760,FA552B2D,24604
0,0,COM3D2x64_Data\Managed\UnityEngine.VR.dll,3072,A4582CD6,24604
0,0,COM3D2x64_Data\Managed\UnityScript.Lang.dll,13824,0DA8F681,24604
0,0,COM3D2x64_Data\Managed\Win32.dll,13312,7781C2A2,24604
0,0,COM3D2x64_Data\Managed\zxing.unity.dll,430592,9FD1F198,24604
0,0,COM3D2x64_Data\Mono\etc\mono\1.0\DefaultWsdlHelpGenerator.aspx,58196,10E814BF,24604
0,0,COM3D2x64_Data\Mono\etc\mono\1.0\machine.config,17258,EDE1AC59,24604
0,0,COM3D2x64_Data\Mono\etc\mono\2.0\Browsers\Compat.browser,1605,2E178A0B,24604
0,0,COM3D2x64_Data\Mono\etc\mono\2.0\DefaultWsdlHelpGenerator.aspx,60453,F3869A34,24604
0,0,COM3D2x64_Data\Mono\etc\mono\2.0\machine.config,27625,73C91C24,24604
0,0,COM3D2x64_Data\Mono\etc\mono\2.0\settings.map,2618,A1A3C29F,24604
0,0,COM3D2x64_Data\Mono\etc\mono\2.0\web.config,11686,534A9960,24604
0,0,COM3D2x64_Data\Mono\etc\mono\mconfig\config.xml,25817,80B2033A,24604
0,0,COM3D2x64_Data\Mono\etc\mono\browscap.ini,311984,CE6C0AB3,24604
0,0,COM3D2x64_Data\Mono\etc\mono\config,1691,A635914A,24604
0,0,COM3D2x64_Data\Mono\mono.dll,2618816,0BEA8C0F,24604
0,0,COM3D2x64_Data\Mono\MonoPosixHelper.dll,113664,9B5E1E4D,24604
0,0,COM3D2x64_Data\Plugins\assimp.dll,4388864,7C910D84,24604
0,0,COM3D2x64_Data\Plugins\Audio360.dll,1956352,0D4B8E9D,24604
0,0,COM3D2x64_Data\Plugins\AVProVideo.dll,886272,278352F0,24604
0,0,COM3D2x64_Data\Plugins\clothpp.dll,112128,7C3264A4,24604
0,0,COM3D2x64_Data\Plugins\cm3d2.dll,2265088,CA67D1AD,24604
0,0,COM3D2x64_Data\Plugins\device_hook.dll,738816,F61E7CED,24604
0,0,COM3D2x64_Data\Plugins\FbxExporterCore.dll,12491776,CBAA51C1,24604
0,0,COM3D2x64_Data\Plugins\FoveClient.dll,1849384,58C8B4F6,24604
0,0,COM3D2x64_Data\Plugins\LeapC.dll,2516992,FBDD3767,24604
0,0,COM3D2x64_Data\Plugins\openvr_api.dll,318272,44432E0F,24604
0,0,COM3D2x64_Data\Plugins\OVRGamepad.dll,12800,2C526135,24604
0,0,COM3D2x64_Data\Plugins\OVRLipSync.dll,2512296,391C1F4C,24604
0,0,COM3D2x64_Data\Plugins\OVRPlugin.dll,1898408,5DD05B6C,24604
0,0,COM3D2x64_Data\Plugins\Win32-WebView.dll,504832,382AEE66,24604
0,0,COM3D2x64_Data\Resources\unity default resources,752360,71DB1AEA,24604
0,0,COM3D2x64_Data\Resources\unity_builtin_extra,284012,91145F7F,24604
0,0,COM3D2x64_Data\app.info,27,F9A266E7,24604
0,0,COM3D2x64_Data\globalgamemanagers,5373436,C1917D51,24604
0,0,COM3D2x64_Data\globalgamemanagers.assets,257892,05BA4640,24604
0,0,COM3D2x64_Data\level0,356324,3C0E0A52,24604
0,0,COM3D2x64_Data\level1,379468,C1AF7F2B,24604
0,0,COM3D2x64_Data\level2,374300,A0629EAE,24604
0,0,COM3D2x64_Data\level3,1291404,10589C40,24604
0,0,COM3D2x64_Data\level4,1245508,EBF6A707,24604
0,0,COM3D2x64_Data\level5,1344508,53CD15EE,24604
0,0,COM3D2x64_Data\level6,358308,E784A552,24604
0,0,COM3D2x64_Data\level7,1091388,DC40F9E8,24604
0,0,COM3D2x64_Data\level8,388884,0FD02281,24604
0,0,COM3D2x64_Data\level9,455428,8CC0C84D,24604
0,0,COM3D2x64_Data\level10,383500,8FE9EC41,24604
0,0,COM3D2x64_Data\level11,356836,29D23B8B,24604
0,0,COM3D2x64_Data\level12,470756,28CCA37B,24604
0,0,COM3D2x64_Data\level13,360948,6C6F3AB5,24604
0,0,COM3D2x64_Data\level14,913588,6C374909,24604
0,0,COM3D2x64_Data\level15,7524,BB881384,24604
0,0,COM3D2x64_Data\level16,358780,094DBA84,24604
0,0,COM3D2x64_Data\level17,4664,70662DE5,24604
0,0,COM3D2x64_Data\level18,375468,B1F743BD,24604
0,0,COM3D2x64_Data\level19,365148,2959E5FB,24604
0,0,COM3D2x64_Data\level20,987956,3D8924B5,24604
0,0,COM3D2x64_Data\level21,468436,3FE75EBE,24604
0,0,COM3D2x64_Data\level22,1117604,6EECC156,24604
0,0,COM3D2x64_Data\level23,441468,3A0AA184,24604
0,0,COM3D2x64_Data\level24,711820,5A4C3674,24604
0,0,COM3D2x64_Data\level25,378804,AD447730,24604
0,0,COM3D2x64_Data\level26,2235316,A6CD82FD,24604
0,0,COM3D2x64_Data\level27,1147620,73E7A675,24604
0,0,COM3D2x64_Data\level28,378804,2FE0FB69,24604
0,0,COM3D2x64_Data\level29,1120924,4F6B8DF2,24604
0,0,COM3D2x64_Data\level30,371428,A3E7D9A9,24604
0,0,COM3D2x64_Data\level31,478540,B7138D80,24604
0,0,COM3D2x64_Data\level32,27904,F094DFAA,24604
0,0,COM3D2x64_Data\level32.resS,131232,851AC384,24604
0,0,COM3D2x64_Data\level33,51676,4EEEBAD1,24604
0,0,COM3D2x64_Data\level34,56036,846A47F9,24604
0,0,COM3D2x64_Data\level35,6824,2409499A,24604
0,0,COM3D2x64_Data\level36,357228,2835AB4D,24604
0,0,COM3D2x64_Data\level37,1608916,38D91D12,24604
0,0,COM3D2x64_Data\level38,1465556,3D12D353,24604
0,0,COM3D2x64_Data\level39,1487148,C65DCFDF,24604
0,0,COM3D2x64_Data\level40,474884,0EC3F19D,24604
0,0,COM3D2x64_Data\level41,426252,39D515C5,24604
0,0,COM3D2x64_Data\level42,457668,6FEC6226,24604
0,0,COM3D2x64_Data\level43,1382556,D1FECFF1,24604
0,0,COM3D2x64_Data\level44,1447020,C2C880E3,24604
0,0,COM3D2x64_Data\level45,1572428,508E94D4,24604
0,0,COM3D2x64_Data\level46,444852,2334C422,24604
0,0,COM3D2x64_Data\level47,411948,DF455D67,24604
0,0,COM3D2x64_Data\level48,470316,30748467,24604
0,0,COM3D2x64_Data\level49,427524,727418D5,24604
0,0,COM3D2x64_Data\level50,1407300,40BA2D09,24604
0,0,COM3D2x64_Data\level51,412212,64D9FDF9,24604
0,0,COM3D2x64_Data\level52,772628,CA43107D,24604
0,0,COM3D2x64_Data\level53,653308,DD6EE1CA,24604
0,0,COM3D2x64_Data\level54,380972,ACC385C7,24604
0,0,COM3D2x64_Data\level55,1309260,D389D59F,24604
0,0,COM3D2x64_Data\level56,1060052,50AA2972,24604
0,0,COM3D2x64_Data\level57,1067340,246D47F0,24604
0,0,COM3D2x64_Data\level58,1309268,F3525F23,24604
0,0,COM3D2x64_Data\level59,1190068,5C11D08E,24604
0,0,COM3D2x64_Data\level60,978596,9E4865EC,24604
0,0,COM3D2x64_Data\level61,1264980,A5753FC8,24604
0,0,COM3D2x64_Data\level62,1365996,E5E114FD,24604
0,0,COM3D2x64_Data\level63,712188,2FDC007C,24604
0,0,COM3D2x64_Data\level64,950820,556708EF,24604
0,0,COM3D2x64_Data\level65,432164,E1A18C72,24604
0,0,COM3D2x64_Data\level66,428532,BB126A96,24604
0,0,COM3D2x64_Data\level67,472236,4ADF4512,24604
0,0,COM3D2x64_Data\level68,494372,423D483C,24604
0,0,COM3D2x64_Data\level69,422764,CA089690,24604
0,0,COM3D2x64_Data\level70,482724,3CE1E243,24604
0,0,COM3D2x64_Data\level71,1072836,BC2AF880,24604
0,0,COM3D2x64_Data\level72,997404,2EA71773,24604
0,0,COM3D2x64_Data\level73,475564,B2226537,24604
0,0,COM3D2x64_Data\level74,497708,A4C4BCC1,24604
0,0,COM3D2x64_Data\level75,488284,642794F1,24604
0,0,COM3D2x64_Data\level76,1077244,15DBD922,24604
0,0,COM3D2x64_Data\level77,1037684,25FA0212,24604
0,0,COM3D2x64_Data\level78,481332,2E835FFF,24604
0,0,COM3D2x64_Data\level79,465860,8D340278,24604
0,0,COM3D2x64_Data\level80,447532,52B72815,24604
0,0,COM3D2x64_Data\level81,390452,1AD8A86E,24604
0,0,COM3D2x64_Data\level82,1416628,3A97EE1D,24604
0,0,COM3D2x64_Data\level83,1357556,F339DAE8,24604
0,0,COM3D2x64_Data\level84,534324,8CA45858,24604
0,0,COM3D2x64_Data\level85,436340,65307431,24604
0,0,COM3D2x64_Data\level86,1285580,D56A48D7,24604
0,0,COM3D2x64_Data\level87,1003420,1837C31D,24604
0,0,COM3D2x64_Data\level88,1462060,21F09418,24604
0,0,COM3D2x64_Data\level89,1403196,6F17D116,24604
0,0,COM3D2x64_Data\level90,1608932,E1710241,24604
0,0,COM3D2x64_Data\level91,1572444,47557FEF,24604
0,0,COM3D2x64_Data\level92,1404340,5F81A747,24604
0,0,COM3D2x64_Data\level93,1370284,062DF2C3,24604
0,0,COM3D2x64_Data\level94,457292,9AA6EEED,24604
0,0,COM3D2x64_Data\level95,437764,4A0B0227,24604
0,0,COM3D2x64_Data\level96,1081548,FE735DFE,24604
0,0,COM3D2x64_Data\level97,882836,8D6C7B1D,24604
0,0,COM3D2x64_Data\level98,989604,D266FFBF,24604
0,0,COM3D2x64_Data\level99,883812,FF0382B1,24604
0,0,COM3D2x64_Data\level100,1062804,BD0BE4A6,24604
0,0,COM3D2x64_Data\level101,1726436,1FF6D60F,24604
0,0,COM3D2x64_Data\level102,1677500,19A22A6A,24604
0,0,COM3D2x64_Data\level103,1145948,05ECF3CC,24604
0,0,COM3D2x64_Data\level104,1089780,D1A1D45B,24604
0,0,COM3D2x64_Data\level105,1545252,32C43806,24604
0,0,COM3D2x64_Data\level106,1644180,0942D18E,24604
0,0,COM3D2x64_Data\level107,1087684,E61513BF,24604
0,0,COM3D2x64_Data\level108,1003228,BCDB8258,24604
0,0,COM3D2x64_Data\level109,1712180,D4ED761F,24604
0,0,COM3D2x64_Data\level110,1608996,D9BA8D2A,24604
0,0,COM3D2x64_Data\level111,498996,2D9EA9C1,24604
0,0,COM3D2x64_Data\level112,518772,481466F6,24604
0,0,COM3D2x64_Data\level113,607252,4F73FE91,24604
0,0,COM3D2x64_Data\level114,566692,5BFBB843,24604
0,0,COM3D2x64_Data\level114.resS,131232,9337BCA3,24604
0,0,COM3D2x64_Data\level115,494052,9415F63B,24604
0,0,COM3D2x64_Data\level116,593260,526DAEC6,24604
0,0,COM3D2x64_Data\level117,517364,85626851,24604
0,0,COM3D2x64_Data\level118,1766844,CECAC308,24604
0,0,COM3D2x64_Data\level119,1509412,0C22E96C,24604
0,0,COM3D2x64_Data\level120,1337420,74856C12,24604
0,0,COM3D2x64_Data\level121,1168572,AB6B2BED,24604
0,0,COM3D2x64_Data\level122,1255996,25A906B4,24604
0,0,COM3D2x64_Data\level123,1447340,0EF15037,24604
0,0,COM3D2x64_Data\level124,1353044,A28F0BA5,24604
0,0,COM3D2x64_Data\level125,970612,0CC60C26,24604
0,0,COM3D2x64_Data\level126,588140,0154B4BE,24604
0,0,COM3D2x64_Data\level127,1033492,9D49C57A,24604
0,0,COM3D2x64_Data\level128,956172,79D1F346,24604
0,0,COM3D2x64_Data\level129,737940,7EA3BE70,24604
0,0,COM3D2x64_Data\level130,970756,73D11F23,24604
0,0,COM3D2x64_Data\level131,930340,4957465D,24604
0,0,COM3D2x64_Data\level132,896028,8D37FFCA,24604
0,0,COM3D2x64_Data\level133,870596,BE7F38EB,24604
0,0,COM3D2x64_Data\level134,561484,1000AB93,24604
0,0,COM3D2x64_Data\level135,565684,007EF7FC,24604
0,0,COM3D2x64_Data\level136,591060,98EF8E3F,24604
0,0,COM3D2x64_Data\level137,589460,A6ED167C,24604
0,0,COM3D2x64_Data\level138,591196,FAC6E660,24604
0,0,COM3D2x64_Data\level139,593572,AF471952,24604
0,0,COM3D2x64_Data\level140,527780,0A0068E5,24604
0,0,COM3D2x64_Data\level141,531996,E1AF466E,24604
0,0,COM3D2x64_Data\level142,556220,0317B3AA,24604
0,0,COM3D2x64_Data\level143,586556,7FA3C013,24604
0,0,COM3D2x64_Data\level144,557348,BFA72F1A,24604
0,0,COM3D2x64_Data\level145,560340,CF71B14B,24604
0,0,COM3D2x64_Data\level146,549412,AC26660D,24604
0,0,COM3D2x64_Data\level147,587268,139F9D5F,24604
0,0,COM3D2x64_Data\level148,462260,58944CBB,24604
0,0,COM3D2x64_Data\level149,363572,066A0A9B,24604
0,0,COM3D2x64_Data\level150,445796,6F9919A6,24604
0,0,COM3D2x64_Data\level150.resS,131232,9337BCA3,24604
0,0,COM3D2x64_Data\level151,1031484,3D489CD6,24604
0,0,COM3D2x64_Data\level152,1375988,DD1432A3,24604
0,0,COM3D2x64_Data\level153,414036,25011015,24604
0,0,COM3D2x64_Data\level154,453852,8916EFFD,24604
0,0,COM3D2x64_Data\level155,460460,80374DFA,24604
0,0,COM3D2x64_Data\resources.assets,473530908,C3F0F062,24604
0,0,COM3D2x64_Data\resources.assets.resS,2077015224,EA7DDDA5,24604
0,0,COM3D2x64_Data\resources.resource,1348672,632087DF,24604
0,0,COM3D2x64_Data\sharedassets0.assets,115228100,132382BF,24604
0,0,COM3D2x64_Data\sharedassets0.assets.resS,28071636,8A34135A,24604
0,0,COM3D2x64_Data\sharedassets1.assets,6256,E9349BDF,24604
0,0,COM3D2x64_Data\sharedassets2.assets,6292,B5B59EED,24604
0,0,COM3D2x64_Data\sharedassets3.assets,8296,8799E822,24604
0,0,COM3D2x64_Data\sharedassets4.assets,12964,068C7E73,24604
0,0,COM3D2x64_Data\sharedassets5.assets,7276,FAF68BED,24604
0,0,COM3D2x64_Data\sharedassets6.assets,6160,309EFFAC,24604
0,0,COM3D2x64_Data\sharedassets7.assets,6988,4093F450,24604
0,0,COM3D2x64_Data\sharedassets8.assets,6148,713C2858,24604
0,0,COM3D2x64_Data\sharedassets9.assets,7108,0DB5F1F8,24604
0,0,COM3D2x64_Data\sharedassets10.assets,6124,8D5DA6B5,24604
0,0,COM3D2x64_Data\sharedassets11.assets,6088,A359F218,24604
0,0,COM3D2x64_Data\sharedassets12.assets,6448,0417FCFB,24604
0,0,COM3D2x64_Data\sharedassets13.assets,6280,525FCF36,24604
0,0,COM3D2x64_Data\sharedassets14.assets,6916,4C5F336F,24604
0,0,COM3D2x64_Data\sharedassets15.assets,4576,9E979B34,24604
0,0,COM3D2x64_Data\sharedassets16.assets,6148,F7BE728B,24604
0,0,COM3D2x64_Data\sharedassets17.assets,4132,5D185FA5,24604
0,0,COM3D2x64_Data\sharedassets18.assets,6868,40A8F092,24604
0,0,COM3D2x64_Data\sharedassets19.assets,6232,58ED4064,24604
0,0,COM3D2x64_Data\sharedassets20.assets,12676,2E2D888F,24604
0,0,COM3D2x64_Data\sharedassets21.assets,6328,E73C2282,24604
0,0,COM3D2x64_Data\sharedassets22.assets,12736,679BC1CD,24604
0,0,COM3D2x64_Data\sharedassets23.assets,6316,D89B069F,24604
0,0,COM3D2x64_Data\sharedassets24.assets,6376,B617B5F4,24604
0,0,COM3D2x64_Data\sharedassets25.assets,6184,7CF57D90,24604
0,0,COM3D2x64_Data\sharedassets26.assets,7108,7718D433,24604
0,0,COM3D2x64_Data\sharedassets27.assets,12712,DF7D3A20,24604
0,0,COM3D2x64_Data\sharedassets28.assets,6184,F12A60B6,24604
0,0,COM3D2x64_Data\sharedassets29.assets,12712,DF7D3A20,24604
0,0,COM3D2x64_Data\sharedassets30.assets,6112,E8606053,24604
0,0,COM3D2x64_Data\sharedassets31.assets,18126856,FD45F4B0,24604
0,0,COM3D2x64_Data\sharedassets32.assets,12328,BBA925B0,24604
0,0,COM3D2x64_Data\sharedassets33.assets,4420,3851DFF4,24604
0,0,COM3D2x64_Data\sharedassets34.assets,4324,F6D9385C,24604
0,0,COM3D2x64_Data\sharedassets35.assets,4264,4705BFA7,24604
0,0,COM3D2x64_Data\sharedassets36.assets,6124,0BCE3744,24604
0,0,COM3D2x64_Data\sharedassets37.assets,12676,6865B7CF,24604
0,0,COM3D2x64_Data\sharedassets38.assets,12676,027C853A,24604
0,0,COM3D2x64_Data\sharedassets39.assets,12676,DD850574,24604
0,0,COM3D2x64_Data\sharedassets40.assets,7228,00301EC3,24604
0,0,COM3D2x64_Data\sharedassets41.assets,6976,963C74E1,24604
0,0,COM3D2x64_Data\sharedassets42.assets,7264,E21981C3,24604
0,0,COM3D2x64_Data\sharedassets43.assets,9400,1569B474,24604
0,0,COM3D2x64_Data\sharedassets44.assets,9508,CF9E4B36,24604
0,0,COM3D2x64_Data\sharedassets45.assets,9496,B68C4084,24604
0,0,COM3D2x64_Data\sharedassets46.assets,8560,2B3C9A39,24604
0,0,COM3D2x64_Data\sharedassets47.assets,6592,8BFF3BD0,24604
0,0,COM3D2x64_Data\sharedassets48.assets,8332,AFAB65F7,24604
0,0,COM3D2x64_Data\sharedassets49.assets,792692,843C853F,24604
0,0,COM3D2x64_Data\sharedassets49.assets.resS,6506584,427886ED,24604
0,0,COM3D2x64_Data\sharedassets50.assets,12676,30A633EE,24604
0,0,COM3D2x64_Data\sharedassets51.assets,6592,0C4BEB4D,24604
0,0,COM3D2x64_Data\sharedassets52.assets,6928,94C434A8,24604
0,0,COM3D2x64_Data\sharedassets53.assets,6724,35F98F62,24604
0,0,COM3D2x64_Data\sharedassets54.assets,6136,DF1E0300,24604
0,0,COM3D2x64_Data\sharedassets55.assets,12760,BDCD14C1,24604
0,0,COM3D2x64_Data\sharedassets56.assets,9292,98D1EA82,24604
0,0,COM3D2x64_Data\sharedassets57.assets,9328,0CD22523,24604
0,0,COM3D2x64_Data\sharedassets58.assets,12760,BDCD14C1,24604
0,0,COM3D2x64_Data\sharedassets59.assets,9532,EF0BFA49,24604
0,0,COM3D2x64_Data\sharedassets60.assets,9328,0CD22523,24604
0,0,COM3D2x64_Data\sharedassets61.assets,9472,8337410C,24604
0,0,COM3D2x64_Data\sharedassets62.assets,9508,CF9E4B36,24604
0,0,COM3D2x64_Data\sharedassets63.assets,6652,AD038C9D,24604
0,0,COM3D2x64_Data\sharedassets64.assets,9496,B68C4084,24604
0,0,COM3D2x64_Data\sharedassets65.assets,42236540,C7745A85,24604
0,0,COM3D2x64_Data\sharedassets65.assets.resS,87400,8BA6C322,24604
0,0,COM3D2x64_Data\sharedassets66.assets,38246508,D18DEF90,24604
0,0,COM3D2x64_Data\sharedassets67.assets,32874604,144A5B85,24604
0,0,COM3D2x64_Data\sharedassets68.assets,36735684,D74B384D,24604
0,0,COM3D2x64_Data\sharedassets68.assets.resS,174776,5B619AF1,24604
0,0,COM3D2x64_Data\sharedassets69.assets,41277360,1AC193EF,24604
0,0,COM3D2x64_Data\sharedassets70.assets,39399112,74CDECA9,24604
0,0,COM3D2x64_Data\sharedassets71.assets,3017228,98AEF244,24604
0,0,COM3D2x64_Data\sharedassets71.assets.resS,611728,7BFBEAAE,24604
0,0,COM3D2x64_Data\sharedassets72.assets,9556,DCEDC75B,24604
0,0,COM3D2x64_Data\sharedassets73.assets,6508,DA6B95CE,24604
0,0,COM3D2x64_Data\sharedassets74.assets,6508,DA6B95CE,24604
0,0,COM3D2x64_Data\sharedassets75.assets,6508,DA6B95CE,24604
0,0,COM3D2x64_Data\sharedassets76.assets,12688,4011F3CC,24604
0,0,COM3D2x64_Data\sharedassets77.assets,9508,7F1A423E,24604
0,0,COM3D2x64_Data\sharedassets78.assets,6472,6D1E38D1,24604
0,0,COM3D2x64_Data\sharedassets79.assets,59364,20D150BB,24604
0,0,COM3D2x64_Data\sharedassets79.assets.resS,174776,B51EE5DC,24604
0,0,COM3D2x64_Data\sharedassets80.assets,6484,6673BDF5,24604
0,0,COM3D2x64_Data\sharedassets81.assets,6736,E55369BE,24604
0,0,COM3D2x64_Data\sharedassets82.assets,759744,31EDEA08,24604
0,0,COM3D2x64_Data\sharedassets82.assets.resS,1310880,58801C35,24604
0,0,COM3D2x64_Data\sharedassets82.resource,1178176,90268BF4,24604
0,0,COM3D2x64_Data\sharedassets83.assets,9376,F1E8EAEE,24604
0,0,COM3D2x64_Data\sharedassets84.assets,3412512,6202ADEC,24604
0,0,COM3D2x64_Data\sharedassets84.assets.resS,6226112,B3E98769,24604
0,0,COM3D2x64_Data\sharedassets85.assets,6580,8E1C0E45,24604
0,0,COM3D2x64_Data\sharedassets86.assets,13936,68CDA51E,24604
0,0,COM3D2x64_Data\sharedassets87.assets,9496,B68C4084,24604
0,0,COM3D2x64_Data\sharedassets88.assets,12712,29FA0E39,24604
0,0,COM3D2x64_Data\sharedassets89.assets,9496,78807D1C,24604
0,0,COM3D2x64_Data\sharedassets90.assets,12676,6865B7CF,24604
0,0,COM3D2x64_Data\sharedassets91.assets,9496,B68C4084,24604
0,0,COM3D2x64_Data\sharedassets92.assets,12712,29FA0E39,24604
0,0,COM3D2x64_Data\sharedassets93.assets,10444,ABE91374,24604
0,0,COM3D2x64_Data\sharedassets94.assets,6928,4C84D351,24604
0,0,COM3D2x64_Data\sharedassets95.assets,6436,C97C6F48,24604
0,0,COM3D2x64_Data\sharedassets96.assets,11732,5B0E7125,24604
0,0,COM3D2x64_Data\sharedassets96.resource,2729184,2D4064D6,24604
0,0,COM3D2x64_Data\sharedassets97.assets,11596,AB7B90C1,24604
0,0,COM3D2x64_Data\sharedassets98.assets,8296,E110394C,24604
0,0,COM3D2x64_Data\sharedassets99.assets,7612,5FC4F02C,24604
0,0,COM3D2x64_Data\sharedassets100.assets,353948,39E66F66,24604
0,0,COM3D2x64_Data\sharedassets100.assets.resS,2272048,E50143CB,24604
0,0,COM3D2x64_Data\sharedassets100.resource,6236800,C7E9CFDE,24604
0,0,COM3D2x64_Data\sharedassets101.assets,6568400,EC400BC2,24604
0,0,COM3D2x64_Data\sharedassets101.assets.resS,10936,3B0D7ADF,24604
0,0,COM3D2x64_Data\sharedassets101.resource,1136352,956B5452,24604
0,0,COM3D2x64_Data\sharedassets102.assets,10312,4B7A5DDA,24604
0,0,COM3D2x64_Data\sharedassets103.assets,12844,10857E8E,24604
0,0,COM3D2x64_Data\sharedassets104.assets,9640,499FE21F,24604
0,0,COM3D2x64_Data\sharedassets105.assets,9764,71663C49,24604
0,0,COM3D2x64_Data\sharedassets105.resource,1003968,52A085C2,24604
0,0,COM3D2x64_Data\sharedassets106.assets,13000,5096AA6F,24604
0,0,COM3D2x64_Data\sharedassets107.assets,12904,B0023B88,24604
0,0,COM3D2x64_Data\sharedassets108.assets,9580,D28077BF,24604
0,0,COM3D2x64_Data\sharedassets109.assets,13348,2054244D,24604
0,0,COM3D2x64_Data\sharedassets109.resource,1166848,2709F6C2,24604
0,0,COM3D2x64_Data\sharedassets110.assets,9892,1B1C72B9,24604
0,0,COM3D2x64_Data\sharedassets111.assets,6664,958D61F5,24604
0,0,COM3D2x64_Data\sharedassets112.assets,6664,958D61F5,24604
0,0,COM3D2x64_Data\sharedassets113.assets,6628,DD20EA7E,24604
0,0,COM3D2x64_Data\sharedassets114.assets,6340,58B6D591,24604
0,0,COM3D2x64_Data\sharedassets115.assets,6628,DD20EA7E,24604
0,0,COM3D2x64_Data\sharedassets116.assets,6724,E8E22AAE,24604
0,0,COM3D2x64_Data\sharedassets117.assets,6628,DD20EA7E,24604
0,0,COM3D2x64_Data\sharedassets118.assets,12856,BE6FE56C,24604
0,0,COM3D2x64_Data\sharedassets119.assets,9544,88C3704E,24604
0,0,COM3D2x64_Data\sharedassets120.assets,394920,72CB46AA,24604
0,0,COM3D2x64_Data\sharedassets120.assets.resS,2184640,DF887086,24604
0,0,COM3D2x64_Data\sharedassets121.assets,9748,1BDC2E39,24604
0,0,COM3D2x64_Data\sharedassets121.resource,2751968,AE761A89,24604
0,0,COM3D2x64_Data\sharedassets122.assets,12928,D92DCCA1,24604
0,0,COM3D2x64_Data\sharedassets123.assets,12964,10D7B172,24604
0,0,COM3D2x64_Data\sharedassets124.assets,9640,5AA15814,24604
0,0,COM3D2x64_Data\sharedassets125.assets,7172,3981BEAB,24604
0,0,COM3D2x64_Data\sharedassets125.resource,6331552,B816A215,24604
0,0,COM3D2x64_Data\sharedassets126.assets,7048,608F4831,24604
0,0,COM3D2x64_Data\sharedassets127.assets,86916,6688AF5A,24604
0,0,COM3D2x64_Data\sharedassets127.resource,8838816,EBFF12DA,24604
0,0,COM3D2x64_Data\sharedassets128.assets,8200,A02DA184,24604
0,0,COM3D2x64_Data\sharedassets129.assets,7840,996FED67,24604
0,0,COM3D2x64_Data\sharedassets130.assets,11332,D86A4F29,24604
0,0,COM3D2x64_Data\sharedassets131.assets,8140,B6B2583D,24604
0,0,COM3D2x64_Data\sharedassets132.assets,615896,8B5D6CFB,24604
0,0,COM3D2x64_Data\sharedassets132.assets.resS,6138632,73B447A4,24604
0,0,COM3D2x64_Data\sharedassets133.assets,7024,4BD9209C,24604
0,0,COM3D2x64_Data\sharedassets134.assets,6928,1754D454,24604
0,0,COM3D2x64_Data\sharedassets135.assets,6928,1754D454,24604
0,0,COM3D2x64_Data\sharedassets136.assets,6928,1754D454,24604
0,0,COM3D2x64_Data\sharedassets137.assets,6928,1754D454,24604
0,0,COM3D2x64_Data\sharedassets138.assets,6928,1754D454,24604
0,0,COM3D2x64_Data\sharedassets139.assets,6928,1754D454,24604
0,0,COM3D2x64_Data\sharedassets140.assets,6628,DD20EA7E,24604
0,0,COM3D2x64_Data\sharedassets141.assets,6628,DD20EA7E,24604
0,0,COM3D2x64_Data\sharedassets142.assets,6628,DD20EA7E,24604
0,0,COM3D2x64_Data\sharedassets143.assets,6628,DD20EA7E,24604
0,0,COM3D2x64_Data\sharedassets144.assets,6628,DD20EA7E,24604
0,0,COM3D2x64_Data\sharedassets145.assets,6628,DD20EA7E,24604
0,0,COM3D2x64_Data\sharedassets146.assets,6628,DD20EA7E,24604
0,0,COM3D2x64_Data\sharedassets147.assets,6928,1754D454,24604
0,0,COM3D2x64_Data\sharedassets148.assets,6448,933D0DE4,24604
0,0,COM3D2x64_Data\sharedassets149.assets,6160,154D59ED,24604
0,0,COM3D2x64_Data\sharedassets150.assets,7276,C1718EB3,24604
0,0,COM3D2x64_Data\sharedassets151.assets,213676,641A8A42,24604
0,0,COM3D2x64_Data\sharedassets151.assets.resS,174776,583F8A72,24604
0,0,COM3D2x64_Data\sharedassets152.assets,10260,DDD1F85A,24604
0,0,COM3D2x64_Data\sharedassets153.assets,6448,63A2F571,24604
0,0,COM3D2x64_Data\sharedassets154.assets,6448,3F7581DC,24604
0,0,COM3D2x64_Data\sharedassets155.assets,6568,962D7FD4,24604
0,0,COM3D2x64.exe,22841856,A9562BF9,24604
share,../com3d2data\GameData\ja\motion_soapempire001_2.arc,GameData\motion_soapempire001_2.arc,35353554,3B230E9D,24603
share,../com3d2data\GameData\ja\voice2.arc,GameData\voice2.arc,998170293,FCBD0652,24604
share,../com3d2data\GameData\ja_script\script.arc,GameData\script.arc,17036211,D84AE63F,24608
share,../com3d2data\GameData\ja_script\script_empirelive001_2.arc,GameData\script_empirelive001_2.arc,14210,665D6EA7,24604
share,../com3d2data\GameData\ja_script\script_omytgc037_2.arc,GameData\script_omytgc037_2.arc,2578,6E7971FA,24602
share,../com3d2data\GameData\ja_script\script_rooftop001_2.arc,GameData\script_rooftop001_2.arc,3122,8E203543,24603
share,../com3d2data\GameData\ja_script\script_stream001_2.arc,GameData\script_stream001_2.arc,18514,E61EBE2B,24604
share,../com3d2data\GameData\patch\csv.arc,GameData\csv.arc,46917523,E02D5E35,24608
share,../com3d2data\GameData\patch\parts_accswim_2.arc,GameData\parts_accswim_2.arc,632583,471CEBD0,24602
share,../com3d2data\GameData\patch\parts_cas010_2.arc,GameData\parts_cas010_2.arc,93958,ADCDBA70,24602
share,../com3d2data\GameData\patch\parts_cas036_2.arc,GameData\parts_cas036_2.arc,15704835,CD57DF9C,24602
share,../com3d2data\GameData\patch\parts_dlc294_2.arc,GameData\parts_dlc294_2.arc,292392,A6792345,24602
share,../com3d2data\GameData\patch\parts_dlc323_2.arc,GameData\parts_dlc323_2.arc,13010,FB567E19,24604
share,../com3d2data\GameData\patch\parts_dlc414_2.arc,GameData\parts_dlc414_2.arc,9253469,53EBD9B0,24604
share,../com3d2data\GameData\patch\parts_dlc437_2.arc,GameData\parts_dlc437_2.arc,22395183,B1FD5507,24602
share,../com3d2data\GameData\patch\parts_dlc499_2.arc,GameData\parts_dlc499_2.arc,1220039,0113B53A,24604
share,../com3d2data\GameData\patch\parts_dlc512_2.arc,GameData\parts_dlc512_2.arc,464857,B5295780,24603
share,../com3d2data\GameData\patch\parts_dlc551_2.arc,GameData\parts_dlc551_2.arc,329289,A347A4A3,24602
share,../com3d2data\GameData\patch\parts2.arc,GameData\parts2.arc,231871511,F34E9B24,24607
share,../com3d2data\GameData\patch\paths.dat,GameData\paths.dat,20654,3C675ED1,24608
share,../com3d2data\GameData\patch\prioritymaterial.arc,GameData\prioritymaterial.arc,887893,294E3E74,24604
share,../com3d2data\GameData\patch\system_chronicle_2.arc,GameData\system_chronicle_2.arc,1037290,A3BFB94D,24602
share,../com3d2data\GameData\patch\system_cw011_2.arc,GameData\system_cw011_2.arc,282393133,ABF7D7AC,24604
share,../com3d2data\GameData\patch\system2.arc,GameData\system2.arc,113629922,D3104638,24603
share,../com3d2data\GameData_20\material_cas036_2.arc,GameData_20\material_cas036_2.arc,6578,757441C2,1751
share,../com3d2data\GameData_20\material_magazine001_2.arc,GameData_20\material_magazine001_2.arc,10312250,FC1938E9,1751
share,../com3d2data\GameData_20\menu_dlc294_2.arc,GameData_20\menu_dlc294_2.arc,1234,324EC8C6,1751
share,../com3d2data\GameData_20\menu_dlc323_2.arc,GameData_20\menu_dlc323_2.arc,3666,C13032B8,1752
share,../com3d2data\GameData_20\model_cas010_2.arc,GameData_20\model_cas010_2.arc,92792,23A38F6A,1751
share,../com3d2data\GameData_20\model_cas036_2.arc,GameData_20\model_cas036_2.arc,1489264,436406D4,1751
share,../com3d2data\GameData_20\model_dlc028_2.arc,GameData_20\model_dlc028_2.arc,1608201,B20E1DD0,1752
share,../com3d2data\GameData_20\model_dlc037_2.arc,GameData_20\model_dlc037_2.arc,1743109,5ACA4EE6,1752
share,../com3d2data\GameData_20\model_dlc114_2.arc,GameData_20\model_dlc114_2.arc,313631,F9381ABD,1751
share,../com3d2data\GameData_20\model_dlc294_2.arc,GameData_20\model_dlc294_2.arc,89184,DA8FCA88,1751
share,../com3d2data\GameData_20\model_dlc414_2.arc,GameData_20\model_dlc414_2.arc,955367,D4DC9841,1752
share,../com3d2data\GameData_20\model_dlc437_2.arc,GameData_20\model_dlc437_2.arc,509448,A85B419B,1751
share,../com3d2data\GameData_20\model_dlc499_2.arc,GameData_20\model_dlc499_2.arc,1217029,01F20E86,1752
share,../com3d2data\GameData_20\model_dlc512_2.arc,GameData_20\model_dlc512_2.arc,463683,B099D4C1,1752
share,../com3d2data\GameData_20\model_dlc551_2.arc,GameData_20\model_dlc551_2.arc,328698,9D6D370C,1751
share,../com3d2data\GameData_20\paths.dat,GameData_20\paths.dat,15523,C9578091,1843
share,../com3d2data\GameData_20\prioritymaterial.arc,GameData_20\prioritymaterial.arc,457344,0A21BE9D,1843
share,../com3d2data\GameData_20\texture_dlc323_2.arc,GameData_20\texture_dlc323_2.arc,10482,F3B8882B,1752
