0,0,COM3D2OHx64_Data\Managed\Accessibility.dll,12288,778A87C9,34400
0,0,COM3D2OHx64_Data\Managed\Assembly-CSharp.dll,6420992,B9D82F86,34400
0,0,COM3D2OHx64_Data\Managed\Assembly-CSharp-firstpass.dll,878592,67FE193F,34400
0,0,COM3D2OHx64_Data\Managed\BouncyCastle.Crypto.dll,2236416,5A4C4F07,34400
0,0,COM3D2OHx64_Data\Managed\FoveUnityPlugin.dll,28672,A6EA882B,34400
0,0,COM3D2OHx64_Data\Managed\ICSharpCode.SharpZipLib.dll,200704,D3160A1C,34400
0,0,COM3D2OHx64_Data\Managed\Ionic.Zlib.dll,102400,7C9E7DD2,34400
0,0,COM3D2OHx64_Data\Managed\JsonFx.Json.dll,70144,A0F0CFCB,34400
0,0,COM3D2OHx64_Data\Managed\LeapCSharp.NET3.5.dll,82432,38E38212,34400
0,0,COM3D2OHx64_Data\Managed\MagicaCloth.dll,380416,91C7F2DB,34400
0,0,COM3D2OHx64_Data\Managed\MagicaClothV2.dll,419840,825BDEA8,34400
0,0,COM3D2OHx64_Data\Managed\MessagePack.Annotations.dll,8192,F61E27B3,34400
0,0,COM3D2OHx64_Data\Managed\MessagePack.dll,331776,7D7C0AF1,34400
0,0,COM3D2OHx64_Data\Managed\Microsoft.NET.StringTools.dll,30336,C3CACDD5,34400
0,0,COM3D2OHx64_Data\Managed\Mono.Posix.dll,214528,968E9B9D,34400
0,0,COM3D2OHx64_Data\Managed\Mono.Security.dll,241152,90CD243C,34400
0,0,COM3D2OHx64_Data\Managed\Mono.WebBrowser.dll,166912,9EC422AF,34400
0,0,COM3D2OHx64_Data\Managed\mscorlib.dll,4631552,1CC22052,34400
0,0,COM3D2OHx64_Data\Managed\netstandard.dll,90112,975FFBBE,34400
0,0,COM3D2OHx64_Data\Managed\Newtonsoft.Json.dll,691712,8CEF25D0,34400
0,0,COM3D2OHx64_Data\Managed\System.ComponentModel.Composition.dll,257024,44EC5201,34400
0,0,COM3D2OHx64_Data\Managed\System.Configuration.dll,124928,5CF4B8F7,34400
0,0,COM3D2OHx64_Data\Managed\System.Core.dll,1113088,2602A15A,34400
0,0,COM3D2OHx64_Data\Managed\System.Data.DataSetExtensions.dll,29696,7A0640D6,34400
0,0,COM3D2OHx64_Data\Managed\System.Data.dll,2125312,07CEA976,34400
0,0,COM3D2OHx64_Data\Managed\System.dll,2637824,DC1055E7,34400
0,0,COM3D2OHx64_Data\Managed\System.Drawing.Design.dll,29696,E7B53FF9,34400
0,0,COM3D2OHx64_Data\Managed\System.Drawing.dll,489984,9C7932A7,34400
0,0,COM3D2OHx64_Data\Managed\System.EnterpriseServices.dll,44544,9D5266BB,34400
0,0,COM3D2OHx64_Data\Managed\System.IO.Compression.dll,114688,5A843287,34400
0,0,COM3D2OHx64_Data\Managed\System.IO.Compression.FileSystem.dll,18432,FE8B8424,34400
0,0,COM3D2OHx64_Data\Managed\System.Memory.dll,4608,F0BBFFDF,34400
0,0,COM3D2OHx64_Data\Managed\System.Net.Http.dll,122880,C982D760,34400
0,0,COM3D2OHx64_Data\Managed\System.Numerics.dll,119296,1947467C,34400
0,0,COM3D2OHx64_Data\Managed\System.Runtime.CompilerServices.Unsafe.dll,18024,8C9A1A8B,34400
0,0,COM3D2OHx64_Data\Managed\System.Runtime.dll,12288,58AE9F48,34400
0,0,COM3D2OHx64_Data\Managed\System.Runtime.Serialization.dll,934400,6800AA2B,34400
0,0,COM3D2OHx64_Data\Managed\System.Security.dll,320000,8BEA3DC4,34400
0,0,COM3D2OHx64_Data\Managed\System.ServiceModel.Internals.dll,215040,9655D9FB,34400
0,0,COM3D2OHx64_Data\Managed\System.Transactions.dll,35328,E2FF2F1E,34400
0,0,COM3D2OHx64_Data\Managed\System.Windows.Forms.dll,3053568,56394001,34400
0,0,COM3D2OHx64_Data\Managed\System.Xml.dll,3160064,6066CFE3,34400
0,0,COM3D2OHx64_Data\Managed\System.Xml.Linq.dll,136704,DDFB724A,34400
0,0,COM3D2OHx64_Data\Managed\Unity.AI.Navigation.dll,20480,4EBA83D8,34400
0,0,COM3D2OHx64_Data\Managed\Unity.Burst.dll,317440,993EDE70,34400
0,0,COM3D2OHx64_Data\Managed\Unity.Burst.Unsafe.dll,5632,D504B969,34400
0,0,COM3D2OHx64_Data\Managed\Unity.Collections.dll,446976,022B0EA5,34400
0,0,COM3D2OHx64_Data\Managed\Unity.Collections.LowLevel.ILSupport.dll,4608,15F3B0BE,34400
0,0,COM3D2OHx64_Data\Managed\Unity.InputSystem.dll,1102336,70578A8C,34400
0,0,COM3D2OHx64_Data\Managed\Unity.InputSystem.ForUI.dll,4608,1DB77971,34400
0,0,COM3D2OHx64_Data\Managed\Unity.Mathematics.dll,741376,4962D9A0,34400
0,0,COM3D2OHx64_Data\Managed\Unity.MemoryProfiler.dll,6144,3D26796C,34400
0,0,COM3D2OHx64_Data\Managed\Unity.Profiling.Core.dll,10240,BADC5DBE,34400
0,0,COM3D2OHx64_Data\Managed\Unity.RenderPipeline.Universal.ShaderLibrary.dll,8704,3F25AE2D,34400
0,0,COM3D2OHx64_Data\Managed\Unity.RenderPipelines.Core.Runtime.dll,531968,A2735FCC,34400
0,0,COM3D2OHx64_Data\Managed\Unity.RenderPipelines.Core.ShaderLibrary.dll,5120,CB22E8CD,34400
0,0,COM3D2OHx64_Data\Managed\Unity.RenderPipelines.ShaderGraph.ShaderGraphLibrary.dll,5120,DF25C891,34400
0,0,COM3D2OHx64_Data\Managed\Unity.RenderPipelines.Universal.Config.Runtime.dll,5632,5352B6D5,34400
0,0,COM3D2OHx64_Data\Managed\Unity.RenderPipelines.Universal.Runtime.dll,782848,2E1B7168,34400
0,0,COM3D2OHx64_Data\Managed\Unity.RenderPipelines.Universal.Shaders.dll,5120,78762807,34400
0,0,COM3D2OHx64_Data\Managed\Unity.TextMeshPro.dll,380928,C53B150B,34400
0,0,COM3D2OHx64_Data\Managed\Unity.Timeline.dll,128000,3236F844,34400
0,0,COM3D2OHx64_Data\Managed\Unity.VisualScripting.Antlr3.Runtime.dll,86016,3268D00A,34400
0,0,COM3D2OHx64_Data\Managed\Unity.VisualScripting.Core.dll,627200,F8849000,34400
0,0,COM3D2OHx64_Data\Managed\Unity.VisualScripting.Flow.dll,404992,7F039F2F,34400
0,0,COM3D2OHx64_Data\Managed\Unity.VisualScripting.State.dll,32768,C7AF2041,34400
0,0,COM3D2OHx64_Data\Managed\Unity.XR.CoreUtils.dll,86016,8848CF9D,34400
0,0,COM3D2OHx64_Data\Managed\Unity.XR.Management.dll,17408,613128E6,34400
0,0,COM3D2OHx64_Data\Managed\Unity.XR.OpenXR.dll,153088,66444A02,34400
0,0,COM3D2OHx64_Data\Managed\Unity.XR.OpenXR.Features.ConformanceAutomation.dll,8192,B10C872D,34400
0,0,COM3D2OHx64_Data\Managed\Unity.XR.OpenXR.Features.MetaQuestSupport.dll,5632,C4D0C938,34400
0,0,COM3D2OHx64_Data\Managed\Unity.XR.OpenXR.Features.MockRuntime.dll,10752,5FD3F886,34400
0,0,COM3D2OHx64_Data\Managed\Unity.XR.OpenXR.Features.OculusQuestSupport.dll,5632,372FF2DD,34400
0,0,COM3D2OHx64_Data\Managed\Unity.XR.OpenXR.Features.RuntimeDebugger.dll,6656,8E00FAAB,34400
0,0,COM3D2OHx64_Data\Managed\UnityEngine.AccessibilityModule.dll,22208,78C6C15D,34400
0,0,COM3D2OHx64_Data\Managed\UnityEngine.AIModule.dll,57024,A46DFD74,34400
0,0,COM3D2OHx64_Data\Managed\UnityEngine.AndroidJNIModule.dll,93376,B50A5AFB,34400
0,0,COM3D2OHx64_Data\Managed\UnityEngine.AnimationModule.dll,162496,241D474D,34400
0,0,COM3D2OHx64_Data\Managed\UnityEngine.ARModule.dll,19648,4A1D5F33,34400
0,0,COM3D2OHx64_Data\Managed\UnityEngine.AssetBundleModule.dll,31424,BBD1D7B1,34400
0,0,COM3D2OHx64_Data\Managed\UnityEngine.AudioModule.dll,69312,349E621F,34400
0,0,COM3D2OHx64_Data\Managed\UnityEngine.ClothModule.dll,24768,0D4371C4,34400
0,0,COM3D2OHx64_Data\Managed\UnityEngine.ClusterInputModule.dll,20160,B28C53A1,34400
0,0,COM3D2OHx64_Data\Managed\UnityEngine.ClusterRendererModule.dll,20672,918BC9BA,34400
0,0,COM3D2OHx64_Data\Managed\UnityEngine.ContentLoadModule.dll,25792,BB90FC09,34400
0,0,COM3D2OHx64_Data\Managed\UnityEngine.CoreModule.dll,1386688,48FD115A,34400
0,0,COM3D2OHx64_Data\Managed\UnityEngine.CrashReportingModule.dll,19648,41C76870,34400
0,0,COM3D2OHx64_Data\Managed\UnityEngine.DirectorModule.dll,23232,2CC1A420,34400
0,0,COM3D2OHx64_Data\Managed\UnityEngine.dll,125120,B56BB6D6,34400
0,0,COM3D2OHx64_Data\Managed\UnityEngine.DSPGraphModule.dll,27840,5F1EB63B,34400
0,0,COM3D2OHx64_Data\Managed\UnityEngine.GameCenterModule.dll,38592,B801B973,34400
0,0,COM3D2OHx64_Data\Managed\UnityEngine.GIModule.dll,18624,DA68DA5E,34400
0,0,COM3D2OHx64_Data\Managed\UnityEngine.GridModule.dll,23744,FF1520D8,34400
0,0,COM3D2OHx64_Data\Managed\UnityEngine.HotReloadModule.dll,18624,9E32D2C5,34400
0,0,COM3D2OHx64_Data\Managed\UnityEngine.ImageConversionModule.dll,22720,91655A3B,34400
0,0,COM3D2OHx64_Data\Managed\UnityEngine.IMGUIModule.dll,188608,DEA159BD,34400
0,0,COM3D2OHx64_Data\Managed\UnityEngine.InputLegacyModule.dll,37568,C1DB6A82,34400
0,0,COM3D2OHx64_Data\Managed\UnityEngine.InputModule.dll,22208,F997B8C7,34400
0,0,COM3D2OHx64_Data\Managed\UnityEngine.JSONSerializeModule.dll,20672,D57971D2,34400
0,0,COM3D2OHx64_Data\Managed\UnityEngine.LocalizationModule.dll,19648,AFDD1EBA,34400
0,0,COM3D2OHx64_Data\Managed\UnityEngine.NVIDIAModule.dll,32448,AA6EB95A,34400
0,0,COM3D2OHx64_Data\Managed\UnityEngine.ParticleSystemModule.dll,159424,1015EEB4,34400
0,0,COM3D2OHx64_Data\Managed\UnityEngine.PerformanceReportingModule.dll,19136,0306AACC,34400
0,0,COM3D2OHx64_Data\Managed\UnityEngine.Physics2DModule.dll,139968,A700CCF7,34400
0,0,COM3D2OHx64_Data\Managed\UnityEngine.PhysicsModule.dll,136896,4C25069F,34400
0,0,COM3D2OHx64_Data\Managed\UnityEngine.ProfilerModule.dll,18624,643CEF55,34400
0,0,COM3D2OHx64_Data\Managed\UnityEngine.PropertiesModule.dll,153792,EA69A163,34400
0,0,COM3D2OHx64_Data\Managed\UnityEngine.RuntimeInitializeOnLoadManagerInitializerModule.dll,18624,D76E22EE,34400
0,0,COM3D2OHx64_Data\Managed\UnityEngine.ScreenCaptureModule.dll,19648,541955E1,34400
0,0,COM3D2OHx64_Data\Managed\UnityEngine.SharedInternalsModule.dll,31424,4655484A,34400
0,0,COM3D2OHx64_Data\Managed\UnityEngine.SpatialTracking.dll,11776,0DC301C7,34400
0,0,COM3D2OHx64_Data\Managed\UnityEngine.SpriteMaskModule.dll,20160,28D62CA3,34400
0,0,COM3D2OHx64_Data\Managed\UnityEngine.SpriteShapeModule.dll,24768,9EA47AE4,34400
0,0,COM3D2OHx64_Data\Managed\UnityEngine.StreamingModule.dll,19136,8EBC9B33,34400
0,0,COM3D2OHx64_Data\Managed\UnityEngine.SubstanceModule.dll,23232,D79E791D,34400
0,0,COM3D2OHx64_Data\Managed\UnityEngine.SubsystemsModule.dll,33472,619F2CB8,34400
0,0,COM3D2OHx64_Data\Managed\UnityEngine.TerrainModule.dll,99520,C87BF8A8,34400
0,0,COM3D2OHx64_Data\Managed\UnityEngine.TerrainPhysicsModule.dll,19648,C362F820,34400
0,0,COM3D2OHx64_Data\Managed\UnityEngine.TextCoreFontEngineModule.dll,70848,91C2111D,34400
0,0,COM3D2OHx64_Data\Managed\UnityEngine.TextCoreTextEngineModule.dll,247488,47DA257F,34400
0,0,COM3D2OHx64_Data\Managed\UnityEngine.TextRenderingModule.dll,37568,64F4EAE3,34400
0,0,COM3D2OHx64_Data\Managed\UnityEngine.TilemapModule.dll,45248,86525F58,34400
0,0,COM3D2OHx64_Data\Managed\UnityEngine.TLSModule.dll,25280,28D4A9D2,34400
0,0,COM3D2OHx64_Data\Managed\UnityEngine.UI.dll,265728,3805D7CC,34400
0,0,COM3D2OHx64_Data\Managed\UnityEngine.UIElementsModule.dll,1526464,D2EF9FE4,34400
0,0,COM3D2OHx64_Data\Managed\UnityEngine.UIModule.dll,35008,16712D23,34400
0,0,COM3D2OHx64_Data\Managed\UnityEngine.UmbraModule.dll,18624,421ABF60,34400
0,0,COM3D2OHx64_Data\Managed\UnityEngine.UnityAnalyticsCommonModule.dll,19648,69C59A3E,34400
0,0,COM3D2OHx64_Data\Managed\UnityEngine.UnityAnalyticsModule.dll,43200,0E49D1A9,34400
0,0,COM3D2OHx64_Data\Managed\UnityEngine.UnityConnectModule.dll,20160,A5D5E39F,34400
0,0,COM3D2OHx64_Data\Managed\UnityEngine.UnityCurlModule.dll,20160,B71C41C4,34400
0,0,COM3D2OHx64_Data\Managed\UnityEngine.UnityTestProtocolModule.dll,18624,1E0DEBE9,34400
0,0,COM3D2OHx64_Data\Managed\UnityEngine.UnityWebRequestAssetBundleModule.dll,21696,69651A7A,34400
0,0,COM3D2OHx64_Data\Managed\UnityEngine.UnityWebRequestAudioModule.dll,21184,63F203EC,34400
0,0,COM3D2OHx64_Data\Managed\UnityEngine.UnityWebRequestModule.dll,56512,AF370A89,34400
0,0,COM3D2OHx64_Data\Managed\UnityEngine.UnityWebRequestTextureModule.dll,20160,6F60385C,34400
0,0,COM3D2OHx64_Data\Managed\UnityEngine.UnityWebRequestWWWModule.dll,29888,59764BF3,34400
0,0,COM3D2OHx64_Data\Managed\UnityEngine.VehiclesModule.dll,22720,195DA28D,34400
0,0,COM3D2OHx64_Data\Managed\UnityEngine.VFXModule.dll,57024,D3FF217B,34400
0,0,COM3D2OHx64_Data\Managed\UnityEngine.VideoModule.dll,39616,4592FDD4,34400
0,0,COM3D2OHx64_Data\Managed\UnityEngine.VirtualTexturingModule.dll,34496,1A77BE99,34400
0,0,COM3D2OHx64_Data\Managed\UnityEngine.VRModule.dll,25280,B7C1DF4D,34400
0,0,COM3D2OHx64_Data\Managed\UnityEngine.WindModule.dll,19648,34258888,34400
0,0,COM3D2OHx64_Data\Managed\UnityEngine.XR.LegacyInputHelpers.dll,23552,19456080,34400
0,0,COM3D2OHx64_Data\Managed\UnityEngine.XRModule.dll,69312,C01DB11A,34400
0,0,COM3D2OHx64_Data\Managed\Win32.dll,13312,7781C2A2,34400
0,0,COM3D2OHx64_Data\Managed\zxing.unity.dll,430592,9FD1F198,34400
0,0,COM3D2OHx64_Data\Plugins\x86_64\assimp.dll,4388864,7C910D84,34400
0,0,COM3D2OHx64_Data\Plugins\x86_64\Audio360.dll,1956352,0D4B8E9D,34400
0,0,COM3D2OHx64_Data\Plugins\x86_64\AVProVideo.dll,886272,278352F0,34400
0,0,COM3D2OHx64_Data\Plugins\x86_64\clothpp.dll,112128,7C3264A4,34400
0,0,COM3D2OHx64_Data\Plugins\x86_64\cm3d2.dll,2265088,CA67D1AD,34400
0,0,COM3D2OHx64_Data\Plugins\x86_64\device_hook.dll,738816,F61E7CED,34400
0,0,COM3D2OHx64_Data\Plugins\x86_64\FbxExporterCore.dll,12491776,CBAA51C1,34400
0,0,COM3D2OHx64_Data\Plugins\x86_64\FoveClient.dll,1849384,58C8B4F6,34400
0,0,COM3D2OHx64_Data\Plugins\x86_64\LeapC.dll,2516992,FBDD3767,34400
0,0,COM3D2OHx64_Data\Plugins\x86_64\lib_burst_generated.dll,1064960,FD2ED832,34400
0,0,COM3D2OHx64_Data\Plugins\x86_64\openvr_api.dll,318272,44432E0F,34400
0,0,COM3D2OHx64_Data\Plugins\x86_64\openxr_loader.dll,1948672,A9899457,34400
0,0,COM3D2OHx64_Data\Plugins\x86_64\OVRGamepad.dll,12800,2C526135,34400
0,0,COM3D2OHx64_Data\Plugins\x86_64\OVRLipSync.dll,2512296,391C1F4C,34400
0,0,COM3D2OHx64_Data\Plugins\x86_64\UnityOpenXR.dll,740864,6285EC22,34400
0,0,COM3D2OHx64_Data\Plugins\x86_64\Win32-WebView.dll,504832,382AEE66,34400
0,0,COM3D2OHx64_Data\Resources\unity default resources,1564256,28AF3A61,34400
0,0,COM3D2OHx64_Data\Resources\unity_builtin_extra,428296,1A294B77,34400
0,0,COM3D2OHx64_Data\UnitySubsystems\UnityOpenXR\UnitySubsystemsManifest.json,334,076D4451,34400
0,0,COM3D2OHx64_Data\app.info,42,6CD75754,34400
0,0,COM3D2OHx64_Data\boot.config,128,F8EAB6F8,34400
0,0,COM3D2OHx64_Data\globalgamemanagers,5351852,E2AC272E,34400
0,0,COM3D2OHx64_Data\globalgamemanagers.assets,568424,14F2BC7F,34400
0,0,COM3D2OHx64_Data\globalgamemanagers.assets.resS,2796240,F6707524,34400
0,0,COM3D2OHx64_Data\level0,362844,9B6D7FB7,34400
0,0,COM3D2OHx64_Data\level1,385780,A704D03A,34400
0,0,COM3D2OHx64_Data\level2,796588,31B4DC9D,34400
0,0,COM3D2OHx64_Data\level3,1312444,B60875C9,34400
0,0,COM3D2OHx64_Data\level4,1359892,B0FD5D1F,34400
0,0,COM3D2OHx64_Data\level5,364876,103D07A0,34400
0,0,COM3D2OHx64_Data\level6,465500,959BAC31,34400
0,0,COM3D2OHx64_Data\level7,363372,1273704D,34400
0,0,COM3D2OHx64_Data\level8,476172,9ADB51B6,34400
0,0,COM3D2OHx64_Data\level9,367580,5A457550,34400
0,0,COM3D2OHx64_Data\level10,755956,5B6F9AA4,34400
0,0,COM3D2OHx64_Data\level11,4996,7BBEA990,34400
0,0,COM3D2OHx64_Data\level12,365364,160634E0,34400
0,0,COM3D2OHx64_Data\level13,1192,2B18ADB9,34400
0,0,COM3D2OHx64_Data\level14,382164,C561010A,34400
0,0,COM3D2OHx64_Data\level15,371924,99835899,34400
0,0,COM3D2OHx64_Data\level16,1050380,06E0461B,34400
0,0,COM3D2OHx64_Data\level17,469820,1038E23C,34400
0,0,COM3D2OHx64_Data\level18,1180300,B82B0B82,34400
0,0,COM3D2OHx64_Data\level19,448692,F23C0D33,34400
0,0,COM3D2OHx64_Data\level20,2246564,62C9DAF3,34400
0,0,COM3D2OHx64_Data\level21,1210684,6E9C5638,34400
0,0,COM3D2OHx64_Data\level22,1183476,2DF451E7,34400
0,0,COM3D2OHx64_Data\level23,488236,0820208E,34400
0,0,COM3D2OHx64_Data\level24,29832,20BB8110,34400
0,0,COM3D2OHx64_Data\level24.resS,131232,DEC6292A,34400
0,0,COM3D2OHx64_Data\level25,58924,1F390F2E,34400
0,0,COM3D2OHx64_Data\level26,64856,898EAF67,34400
0,0,COM3D2OHx64_Data\level27,4032,8D4B9E1D,34400
0,0,COM3D2OHx64_Data\level28,363764,3DFA176A,34400
0,0,COM3D2OHx64_Data\level29,1686700,AD025FF5,34400
0,0,COM3D2OHx64_Data\level30,1541020,DC19C1A2,34400
0,0,COM3D2OHx64_Data\level31,1562884,391408D8,34400
0,0,COM3D2OHx64_Data\level32,1454252,5633531F,34400
0,0,COM3D2OHx64_Data\level33,1524444,87CCDFC3,34400
0,0,COM3D2OHx64_Data\level34,1652060,8EE652C9,34400
0,0,COM3D2OHx64_Data\level35,1380404,79105073,34400
0,0,COM3D2OHx64_Data\level36,1123292,47240C7E,34400
0,0,COM3D2OHx64_Data\level37,1130652,66F1855B,34400
0,0,COM3D2OHx64_Data\level38,1380404,7E76E8F2,34400
0,0,COM3D2OHx64_Data\level39,1260724,56BAB4F9,34400
0,0,COM3D2OHx64_Data\level40,1041988,7EB2B91F,34400
0,0,COM3D2OHx64_Data\level41,1337588,3C5425A3,34400
0,0,COM3D2OHx64_Data\level42,1481100,9BAA24E8,34400
0,0,COM3D2OHx64_Data\level43,1441484,CBDFE140,34400
0,0,COM3D2OHx64_Data\level44,1015044,7100A8EF,34400
0,0,COM3D2OHx64_Data\level45,440900,697B6522,34400
0,0,COM3D2OHx64_Data\level46,437172,7C98D456,34400
0,0,COM3D2OHx64_Data\level47,481916,4DDD081C,34400
0,0,COM3D2OHx64_Data\level48,504684,205230E2,34400
0,0,COM3D2OHx64_Data\level49,431164,FB3457E5,34400
0,0,COM3D2OHx64_Data\level50,492732,1633718A,34400
0,0,COM3D2OHx64_Data\level51,1142116,CE11824B,34400
0,0,COM3D2OHx64_Data\level52,1060980,DFEF30A3,34400
0,0,COM3D2OHx64_Data\level53,485100,BAE57C19,34400
0,0,COM3D2OHx64_Data\level54,507820,DB605905,34400
0,0,COM3D2OHx64_Data\level55,498156,65F8AA66,34400
0,0,COM3D2OHx64_Data\level56,1142100,01394230,34400
0,0,COM3D2OHx64_Data\level57,1104276,FFDF5656,34400
0,0,COM3D2OHx64_Data\level58,490988,CF4A76AD,34400
0,0,COM3D2OHx64_Data\level59,475156,66512200,34400
0,0,COM3D2OHx64_Data\level60,456308,08AB8BD7,34400
0,0,COM3D2OHx64_Data\level61,1491292,010D3FDD,34400
0,0,COM3D2OHx64_Data\level62,1430380,947A6641,34400
0,0,COM3D2OHx64_Data\level63,547724,A4376F8A,34400
0,0,COM3D2OHx64_Data\level64,439324,559B1B30,34400
0,0,COM3D2OHx64_Data\level65,1370484,7F5D8AE7,34400
0,0,COM3D2OHx64_Data\level66,1069252,FAA0FC2F,34400
0,0,COM3D2OHx64_Data\level67,1548116,0A69937A,34400
0,0,COM3D2OHx64_Data\level68,1488556,43F24956,34400
0,0,COM3D2OHx64_Data\level69,1686716,1F112365,34400
0,0,COM3D2OHx64_Data\level70,1652076,86EC6F02,34400
0,0,COM3D2OHx64_Data\level71,1488900,2FB4CE3F,34400
0,0,COM3D2OHx64_Data\level72,1454260,39D19731,34400
0,0,COM3D2OHx64_Data\level73,452708,5766C3A7,34400
0,0,COM3D2OHx64_Data\level74,442884,B1313EC8,34400
0,0,COM3D2OHx64_Data\level75,1124812,EC965531,34400
0,0,COM3D2OHx64_Data\level76,918740,280C0CBA,34400
0,0,COM3D2OHx64_Data\level77,1024796,7A277659,34400
0,0,COM3D2OHx64_Data\level78,915796,EFCB3F96,34400
0,0,COM3D2OHx64_Data\level79,1124284,D7C19059,34400
0,0,COM3D2OHx64_Data\level80,1823684,8842190D,34400
0,0,COM3D2OHx64_Data\level81,1774156,8D70CCBD,34400
0,0,COM3D2OHx64_Data\level82,1211980,080B9DE9,34400
0,0,COM3D2OHx64_Data\level83,1155508,0A442FB2,34400
0,0,COM3D2OHx64_Data\level84,1634492,35306041,34400
0,0,COM3D2OHx64_Data\level85,1739276,02EBE7FD,34400
0,0,COM3D2OHx64_Data\level86,1153244,CB463847,34400
0,0,COM3D2OHx64_Data\level87,1062580,15DF3260,34400
0,0,COM3D2OHx64_Data\level88,1810644,D11D3DEB,34400
0,0,COM3D2OHx64_Data\level89,1698548,1396E266,34400
0,0,COM3D2OHx64_Data\level90,515100,00D15632,34400
0,0,COM3D2OHx64_Data\level91,535404,1E29BCD7,34400
0,0,COM3D2OHx64_Data\level92,626132,97DDBA3F,34400
0,0,COM3D2OHx64_Data\level93,563076,76DD7AB4,34400
0,0,COM3D2OHx64_Data\level93.resS,131232,F174E031,34400
0,0,COM3D2OHx64_Data\level94,510004,D8F92ACF,34400
0,0,COM3D2OHx64_Data\level95,624244,882F1B64,34400
0,0,COM3D2OHx64_Data\level96,533924,D35069B1,34400
0,0,COM3D2OHx64_Data\level97,1867852,1141595A,34400
0,0,COM3D2OHx64_Data\level98,1592340,4AA01E87,34400
0,0,COM3D2OHx64_Data\level99,1403124,1991E164,34400
0,0,COM3D2OHx64_Data\level100,1246684,7C36419C,34400
0,0,COM3D2OHx64_Data\level101,1340396,30614D57,34400
0,0,COM3D2OHx64_Data\level102,1536972,1CA01282,34400
0,0,COM3D2OHx64_Data\level103,1436212,6B10C091,34400
0,0,COM3D2OHx64_Data\level104,1006668,28AD43F3,34400
0,0,COM3D2OHx64_Data\level105,606548,FE76784D,34400
0,0,COM3D2OHx64_Data\level106,1077836,ECE597F2,34400
0,0,COM3D2OHx64_Data\level107,994972,4F93D3CB,34400
0,0,COM3D2OHx64_Data\level108,1008364,AD1BA86F,34400
0,0,COM3D2OHx64_Data\level109,969684,6B06B914,34400
0,0,COM3D2OHx64_Data\level110,950212,BA88B245,34400
0,0,COM3D2OHx64_Data\level111,439420,7B8FBE43,34400
0,0,COM3D2OHx64_Data\level112,924156,D3D52180,34400
0,0,COM3D2OHx64_Data\level113,579828,549A9B94,34400
0,0,COM3D2OHx64_Data\level114,584140,7358F421,34400
0,0,COM3D2OHx64_Data\level115,610172,686D950A,34400
0,0,COM3D2OHx64_Data\level116,608524,43D9D51C,34400
0,0,COM3D2OHx64_Data\level117,610308,BE324CEC,34400
0,0,COM3D2OHx64_Data\level118,612748,0B3F6B3B,34400
0,0,COM3D2OHx64_Data\level119,544612,932E8C03,34400
0,0,COM3D2OHx64_Data\level120,548940,9C6B7307,34400
0,0,COM3D2OHx64_Data\level121,573804,0854B46D,34400
0,0,COM3D2OHx64_Data\level122,605212,09A41D98,34400
0,0,COM3D2OHx64_Data\level123,574948,7EC4FCDA,34400
0,0,COM3D2OHx64_Data\level124,578020,1A4FC768,34400
0,0,COM3D2OHx64_Data\level125,566820,A601667E,34400
0,0,COM3D2OHx64_Data\level126,606332,BDADD9A4,34400
0,0,COM3D2OHx64_Data\level127,1100180,9FFC54DA,34400
0,0,COM3D2OHx64_Data\resources.assets,528592852,C1CC2EE8,34400
0,0,COM3D2OHx64_Data\resources.assets.resS,2067603248,A313F9CA,34400
0,0,COM3D2OHx64_Data\resources.resource,1348992,64168176,34400
0,0,COM3D2OHx64_Data\RuntimeInitializeOnLoads.json,5255,E9CF43AE,34400
0,0,COM3D2OHx64_Data\ScriptingAssemblies.json,4395,31B91F14,34400
0,0,COM3D2OHx64_Data\sharedassets0.assets,31770932,3AE3B90C,34400
0,0,COM3D2OHx64_Data\sharedassets0.assets.resS,28071648,6B7564F2,34400
0,0,COM3D2OHx64_Data\sharedassets1.assets,2301,C2211B81,34400
0,0,COM3D2OHx64_Data\sharedassets2.assets,2601,80372E9F,34400
0,0,COM3D2OHx64_Data\sharedassets3.assets,9009,DE23F1AA,34400
0,0,COM3D2OHx64_Data\sharedassets4.assets,3333,E9E31729,34400
0,0,COM3D2OHx64_Data\sharedassets5.assets,2205,9F766A95,34400
0,0,COM3D2OHx64_Data\sharedassets6.assets,3201,90DE6B2B,34400
0,0,COM3D2OHx64_Data\sharedassets7.assets,2133,82802D09,34400
0,0,COM3D2OHx64_Data\sharedassets8.assets,2541,CA7B0306,34400
0,0,COM3D2OHx64_Data\sharedassets9.assets,2325,B05DF572,34400
0,0,COM3D2OHx64_Data\sharedassets10.assets,2721,D8F327CA,34400
0,0,COM3D2OHx64_Data\sharedassets11.assets,553,D3B3A547,34400
0,0,COM3D2OHx64_Data\sharedassets12.assets,2193,9D1A3930,34400
0,0,COM3D2OHx64_Data\sharedassets13.assets,277,DE2FF2F1,34400
0,0,COM3D2OHx64_Data\sharedassets14.assets,2877,4CFDF287,34400
0,0,COM3D2OHx64_Data\sharedassets15.assets,2277,3962AB30,34400
0,0,COM3D2OHx64_Data\sharedassets16.assets,8841,40382385,34400
0,0,COM3D2OHx64_Data\sharedassets17.assets,2373,CF063AA1,34400
0,0,COM3D2OHx64_Data\sharedassets18.assets,8877,1A22A266,34400
0,0,COM3D2OHx64_Data\sharedassets19.assets,2361,1F2C906E,34400
0,0,COM3D2OHx64_Data\sharedassets20.assets,3153,BC04DC3A,34400
0,0,COM3D2OHx64_Data\sharedassets21.assets,8853,431D7C93,34400
0,0,COM3D2OHx64_Data\sharedassets22.assets,8853,431D7C93,34400
0,0,COM3D2OHx64_Data\sharedassets23.assets,2648,19D3620C,34400
0,0,COM3D2OHx64_Data\sharedassets24.assets,10456,9D63E957,34400
0,0,COM3D2OHx64_Data\sharedassets25.assets,597,11904FA8,34400
0,0,COM3D2OHx64_Data\sharedassets26.assets,501,665FD900,34400
0,0,COM3D2OHx64_Data\sharedassets27.assets,505,3E09817C,34400
0,0,COM3D2OHx64_Data\sharedassets28.assets,2137,33C0A19F,34400
0,0,COM3D2OHx64_Data\sharedassets29.assets,8841,15C2B593,34400
0,0,COM3D2OHx64_Data\sharedassets30.assets,8841,3A32AF8F,34400
0,0,COM3D2OHx64_Data\sharedassets31.assets,8841,03041291,34400
0,0,COM3D2OHx64_Data\sharedassets32.assets,5565,1A70E854,34400
0,0,COM3D2OHx64_Data\sharedassets33.assets,5673,02852A95,34400
0,0,COM3D2OHx64_Data\sharedassets34.assets,5661,53E09DD5,34400
0,0,COM3D2OHx64_Data\sharedassets35.assets,8925,12C9EB05,34400
0,0,COM3D2OHx64_Data\sharedassets36.assets,5433,91042040,34400
0,0,COM3D2OHx64_Data\sharedassets37.assets,5469,AE1DFA4D,34400
0,0,COM3D2OHx64_Data\sharedassets38.assets,8925,12C9EB05,34400
0,0,COM3D2OHx64_Data\sharedassets39.assets,5625,A48F7A7A,34400
0,0,COM3D2OHx64_Data\sharedassets40.assets,5493,01462784,34400
0,0,COM3D2OHx64_Data\sharedassets41.assets,5637,4E845244,34400
0,0,COM3D2OHx64_Data\sharedassets42.assets,8841,A4649AA2,34400
0,0,COM3D2OHx64_Data\sharedassets43.assets,5673,02852A95,34400
0,0,COM3D2OHx64_Data\sharedassets44.assets,5661,53E09DD5,34400
0,0,COM3D2OHx64_Data\sharedassets45.assets,6450,B670A173,34400
0,0,COM3D2OHx64_Data\sharedassets45.assets.resS,87408,84350FBB,34400
0,0,COM3D2OHx64_Data\sharedassets45.resource,41406086,938147B5,34400
0,0,COM3D2OHx64_Data\sharedassets46.assets,3362,81BF7C95,34400
0,0,COM3D2OHx64_Data\sharedassets46.resource,36841226,318CE5DA,34400
0,0,COM3D2OHx64_Data\sharedassets47.assets,3322,C170E867,34400
0,0,COM3D2OHx64_Data\sharedassets47.resource,32680665,5F8810A9,34400
0,0,COM3D2OHx64_Data\sharedassets48.assets,17266,07695012,34400
0,0,COM3D2OHx64_Data\sharedassets48.assets.resS,174784,C6783C52,34400
0,0,COM3D2OHx64_Data\sharedassets48.resource,35964702,CC2B1BFE,34400
0,0,COM3D2OHx64_Data\sharedassets49.assets,3346,A2599019,34400
0,0,COM3D2OHx64_Data\sharedassets49.resource,40585017,61D6AACB,34400
0,0,COM3D2OHx64_Data\sharedassets50.assets,3562,BDC31617,34400
0,0,COM3D2OHx64_Data\sharedassets50.resource,38610538,C2CDB3C3,34400
0,0,COM3D2OHx64_Data\sharedassets51.assets,3014356,4891C2A5,34400
0,0,COM3D2OHx64_Data\sharedassets51.assets.resS,611744,E0F83BD4,34400
0,0,COM3D2OHx64_Data\sharedassets52.assets,5769,A1DD0870,34400
0,0,COM3D2OHx64_Data\sharedassets53.assets,2697,E8A6904D,34400
0,0,COM3D2OHx64_Data\sharedassets54.assets,2697,E8A6904D,34400
0,0,COM3D2OHx64_Data\sharedassets55.assets,2697,E8A6904D,34400
0,0,COM3D2OHx64_Data\sharedassets56.assets,8853,C732290D,34400
0,0,COM3D2OHx64_Data\sharedassets57.assets,5673,CFA7C045,34400
0,0,COM3D2OHx64_Data\sharedassets58.assets,2613,D559393E,34400
0,0,COM3D2OHx64_Data\sharedassets59.assets,55760,05EB4AA2,34400
0,0,COM3D2OHx64_Data\sharedassets59.assets.resS,174784,F8E8E9F8,34400
0,0,COM3D2OHx64_Data\sharedassets60.assets,2625,34998798,34400
0,0,COM3D2OHx64_Data\sharedassets61.assets,756768,A7BDA942,34400
0,0,COM3D2OHx64_Data\sharedassets61.assets.resS,1310896,5596E62C,34400
0,0,COM3D2OHx64_Data\sharedassets61.resource,1657856,B35361D0,34400
0,0,COM3D2OHx64_Data\sharedassets62.assets,5541,DCD7BAA3,34400
0,0,COM3D2OHx64_Data\sharedassets63.assets,3415164,4F7D4CF3,34400
0,0,COM3D2OHx64_Data\sharedassets63.assets.resS,6226160,5BDA7B19,34400
0,0,COM3D2OHx64_Data\sharedassets64.assets,2649,2D6766FD,34400
0,0,COM3D2OHx64_Data\sharedassets65.assets,10101,77F2FDAD,34400
0,0,COM3D2OHx64_Data\sharedassets66.assets,5661,53E09DD5,34400
0,0,COM3D2OHx64_Data\sharedassets67.assets,8877,CE5C55A7,34400
0,0,COM3D2OHx64_Data\sharedassets68.assets,5661,8F99F31B,34400
0,0,COM3D2OHx64_Data\sharedassets69.assets,8841,15C2B593,34400
0,0,COM3D2OHx64_Data\sharedassets70.assets,5661,53E09DD5,34400
0,0,COM3D2OHx64_Data\sharedassets71.assets,8877,CE5C55A7,34400
0,0,COM3D2OHx64_Data\sharedassets72.assets,6609,5A26A9D4,34400
0,0,COM3D2OHx64_Data\sharedassets73.assets,2973,8CC7726E,34400
0,0,COM3D2OHx64_Data\sharedassets74.assets,2481,EED0BDCD,34400
0,0,COM3D2OHx64_Data\sharedassets75.assets,7876,E11F0BE1,34400
0,0,COM3D2OHx64_Data\sharedassets75.resource,2729248,FCB8D689,34400
0,0,COM3D2OHx64_Data\sharedassets76.assets,7689,F0B889ED,34400
0,0,COM3D2OHx64_Data\sharedassets77.assets,4389,DA1BC501,34400
0,0,COM3D2OHx64_Data\sharedassets78.assets,3753,4003D93D,34400
0,0,COM3D2OHx64_Data\sharedassets79.assets,352924,6AE09DD4,34400
0,0,COM3D2OHx64_Data\sharedassets79.assets.resS,2272064,E37F670D,34400
0,0,COM3D2OHx64_Data\sharedassets79.resource,6236928,E2AEF877,34400
0,0,COM3D2OHx64_Data\sharedassets80.assets,6568072,33D05711,34400
0,0,COM3D2OHx64_Data\sharedassets80.assets.resS,10944,57B9B85D,34400
0,0,COM3D2OHx64_Data\sharedassets80.resource,2053248,CCA7A7B1,34400
0,0,COM3D2OHx64_Data\sharedassets81.assets,6525,AFD65B91,34400
0,0,COM3D2OHx64_Data\sharedassets82.assets,8985,B23A2CA7,34400
0,0,COM3D2OHx64_Data\sharedassets83.assets,5781,266E3FAB,34400
0,0,COM3D2OHx64_Data\sharedassets84.assets,5956,34316B92,34400
0,0,COM3D2OHx64_Data\sharedassets84.resource,1239072,9EF23F8B,34400
0,0,COM3D2OHx64_Data\sharedassets85.assets,9189,330E696A,34400
0,0,COM3D2OHx64_Data\sharedassets86.assets,9045,E2E224AA,34400
0,0,COM3D2OHx64_Data\sharedassets87.assets,5721,D666FD7D,34400
0,0,COM3D2OHx64_Data\sharedassets88.assets,9540,5D57801B,34400
0,0,COM3D2OHx64_Data\sharedassets88.resource,1500320,468304E6,34400
0,0,COM3D2OHx64_Data\sharedassets89.assets,6081,B7AA690C,34400
0,0,COM3D2OHx64_Data\sharedassets90.assets,2853,B56050AB,34400
0,0,COM3D2OHx64_Data\sharedassets91.assets,2853,B56050AB,34400
0,0,COM3D2OHx64_Data\sharedassets92.assets,2769,80102FE4,34400
0,0,COM3D2OHx64_Data\sharedassets93.assets,2433,7465E2A0,34400
0,0,COM3D2OHx64_Data\sharedassets94.assets,2769,80102FE4,34400
0,0,COM3D2OHx64_Data\sharedassets95.assets,2865,A91C76B0,34400
0,0,COM3D2OHx64_Data\sharedassets96.assets,2769,80102FE4,34400
0,0,COM3D2OHx64_Data\sharedassets97.assets,9021,9026C7B1,34400
0,0,COM3D2OHx64_Data\sharedassets98.assets,5709,2D5F83DC,34400
0,0,COM3D2OHx64_Data\sharedassets99.assets,393656,BEFB99B3,34400
0,0,COM3D2OHx64_Data\sharedassets99.assets.resS,2184656,EE6A6E48,34400
0,0,COM3D2OHx64_Data\sharedassets100.assets,5940,D66DE84D,34400
0,0,COM3D2OHx64_Data\sharedassets100.resource,2752064,01AB8E9E,34400
0,0,COM3D2OHx64_Data\sharedassets101.assets,9117,C33878BE,34400
0,0,COM3D2OHx64_Data\sharedassets102.assets,9105,502A0376,34400
0,0,COM3D2OHx64_Data\sharedassets103.assets,5781,5378C299,34400
0,0,COM3D2OHx64_Data\sharedassets104.assets,3316,F075F8D8,34400
0,0,COM3D2OHx64_Data\sharedassets104.resource,6331360,376DAB75,34400
0,0,COM3D2OHx64_Data\sharedassets105.assets,3189,A823A870,34400
0,0,COM3D2OHx64_Data\sharedassets106.assets,83284,98B1C192,34400
0,0,COM3D2OHx64_Data\sharedassets106.resource,8838560,027F254D,34400
0,0,COM3D2OHx64_Data\sharedassets107.assets,4341,35AD2446,34400
0,0,COM3D2OHx64_Data\sharedassets108.assets,7425,CF657D33,34400
0,0,COM3D2OHx64_Data\sharedassets109.assets,4233,B888F692,34400
0,0,COM3D2OHx64_Data\sharedassets110.assets,613456,5322628E,34400
0,0,COM3D2OHx64_Data\sharedassets110.assets.resS,6138656,2613FE39,34400
0,0,COM3D2OHx64_Data\sharedassets111.assets,2649,B52E757B,34400
0,0,COM3D2OHx64_Data\sharedassets112.assets,3213,CEE39451,34400
0,0,COM3D2OHx64_Data\sharedassets113.assets,3117,D4E171A0,34400
0,0,COM3D2OHx64_Data\sharedassets114.assets,3117,D4E171A0,34400
0,0,COM3D2OHx64_Data\sharedassets115.assets,3117,D4E171A0,34400
0,0,COM3D2OHx64_Data\sharedassets116.assets,3117,D4E171A0,34400
0,0,COM3D2OHx64_Data\sharedassets117.assets,3117,D4E171A0,34400
0,0,COM3D2OHx64_Data\sharedassets118.assets,3117,D4E171A0,34400
0,0,COM3D2OHx64_Data\sharedassets119.assets,2769,80102FE4,34400
0,0,COM3D2OHx64_Data\sharedassets120.assets,2769,80102FE4,34400
0,0,COM3D2OHx64_Data\sharedassets121.assets,2769,80102FE4,34400
0,0,COM3D2OHx64_Data\sharedassets122.assets,2769,80102FE4,34400
0,0,COM3D2OHx64_Data\sharedassets123.assets,2769,80102FE4,34400
0,0,COM3D2OHx64_Data\sharedassets124.assets,2769,80102FE4,34400
0,0,COM3D2OHx64_Data\sharedassets125.assets,2769,80102FE4,34400
0,0,COM3D2OHx64_Data\sharedassets126.assets,3117,D4E171A0,34400
0,0,COM3D2OHx64_Data\sharedassets127.assets,210016,1EA75428,34400
0,0,COM3D2OHx64_Data\sharedassets127.assets.resS,174784,F8825DB8,34400
0,0,MonoBleedingEdge\EmbedRuntime\mono-2.0-bdwgc.dll,7895744,19AF8B01,34400
0,0,MonoBleedingEdge\EmbedRuntime\MonoPosixHelper.dll,609472,68524C42,34400
0,0,MonoBleedingEdge\etc\mono\2.0\Browsers\Compat.browser,1605,2E178A0B,34400
0,0,MonoBleedingEdge\etc\mono\2.0\DefaultWsdlHelpGenerator.aspx,60575,95F9D0B4,34400
0,0,MonoBleedingEdge\etc\mono\2.0\machine.config,29066,42543B8B,34400
0,0,MonoBleedingEdge\etc\mono\2.0\settings.map,2622,AD5340F9,34400
0,0,MonoBleedingEdge\etc\mono\2.0\web.config,11635,1A75EBAD,34400
0,0,MonoBleedingEdge\etc\mono\4.0\Browsers\Compat.browser,1605,2E178A0B,34400
0,0,MonoBleedingEdge\etc\mono\4.0\DefaultWsdlHelpGenerator.aspx,60575,95F9D0B4,34400
0,0,MonoBleedingEdge\etc\mono\4.0\machine.config,33598,86F603C4,34400
0,0,MonoBleedingEdge\etc\mono\4.0\settings.map,2622,DC24A240,34400
0,0,MonoBleedingEdge\etc\mono\4.0\web.config,18802,36D8BA3E,34400
0,0,MonoBleedingEdge\etc\mono\4.5\Browsers\Compat.browser,1605,2E178A0B,34400
0,0,MonoBleedingEdge\etc\mono\4.5\DefaultWsdlHelpGenerator.aspx,60575,95F9D0B4,34400
0,0,MonoBleedingEdge\etc\mono\4.5\machine.config,34056,C446A9EB,34400
0,0,MonoBleedingEdge\etc\mono\4.5\settings.map,2622,DC24A240,34400
0,0,MonoBleedingEdge\etc\mono\4.5\web.config,18811,4F48BC13,34400
0,0,MonoBleedingEdge\etc\mono\mconfig\config.xml,25817,80B2033A,34400
0,0,MonoBleedingEdge\etc\mono\browscap.ini,311984,CE6C0AB3,34400
0,0,MonoBleedingEdge\etc\mono\config,3815,88FA6D93,34400
0,0,COM3D2OHx64.exe,666624,38AEADC1,34400
0,0,UnityCrashHandler64.exe,1112768,1C830F9F,34400
0,0,UnityPlayer.dll,30996672,9C9085E6,34400
share,../com3d2data\GameData\cbl\csv_cbl.arc,GameData\csv_cbl.arc,1422372,A8E35E18,24400
share,../com3d2data\GameData\cbl\motion_cbl_omytgc035_2.arc,GameData\motion_cbl_omytgc035_2.arc,626387,97DF9735,24400
share,../com3d2data\GameData\cbl\script_cbl.arc,GameData\script_cbl.arc,7269415,F86E3EF8,24400
share,../com3d2data\GameData\patch\csv.arc,GameData\csv.arc,44841489,508EB1A3,24400
share,../com3d2data\GameData\patch\parts_dlc363_2.arc,GameData\parts_dlc363_2.arc,11514704,647316E5,24400
share,../com3d2data\GameData\patch\parts2.arc,GameData\parts2.arc,224248176,47C1067E,24400
share,../com3d2data\GameData\patch\paths.dat,GameData\paths.dat,19704,EB710363,24400
share,../com3d2data\GameData\patch\prioritymaterial.arc,GameData\prioritymaterial.arc,867220,0D204E22,24400
share,../com3d2data\GameData\patch\system2.arc,GameData\system2.arc,48370542,A9C0B681,24400
share,../com3d2data\GameData_20\menu_dlc363_2.arc,GameData_20\menu_dlc363_2.arc,1985,73FD87CF,1743
share,../com3d2data\GameData_20\model_dlc363_2.arc,GameData_20\model_dlc363_2.arc,910449,C0F6BA23,1743
share,../com3d2data\GameData_20\paths.dat,GameData_20\paths.dat,15335,2E63AA64,1831
share,../com3d2data\GameData_20\prioritymaterial.arc,GameData_20\prioritymaterial.arc,452595,23992E1F,1831
share,../com3d2data\GameData_20\texture_dlc363_2.arc,GameData_20\texture_dlc363_2.arc,10910476,4070E2EC,1743
