0,0,COM3D2OHx64_Data\Managed\Accessibility.dll,10752,5CB31E4E,24500
0,0,COM3D2OHx64_Data\Managed\Assembly-CSharp.dll,6239744,65DB401D,24500
0,0,COM3D2OHx64_Data\Managed\Assembly-CSharp-firstpass.dll,792576,004BCBED,24500
0,0,COM3D2OHx64_Data\Managed\Assembly-UnityScript-firstpass.dll,65024,B32E46E0,24500
0,0,COM3D2OHx64_Data\Managed\Boo.Lang.dll,126976,28383F70,24500
0,0,COM3D2OHx64_Data\Managed\BouncyCastle.Crypto.dll,2236416,5A4C4F07,24500
0,0,COM3D2OHx64_Data\Managed\FoveUnityPlugin.dll,28672,A6EA882B,24500
0,0,COM3D2OHx64_Data\Managed\ICSharpCode.SharpZipLib.dll,200704,D3160A1C,24500
0,0,COM3D2OHx64_Data\Managed\Ionic.Zlib.dll,102400,7C9E7DD2,24500
0,0,COM3D2OHx64_Data\Managed\JsonFx.Json.dll,70144,A0F0CFCB,24500
0,0,COM3D2OHx64_Data\Managed\LeapCSharp.NET3.5.dll,82432,38E38212,24500
0,0,COM3D2OHx64_Data\Managed\Mono.Data.Tds.dll,96256,2965324B,24500
0,0,COM3D2OHx64_Data\Managed\Mono.Posix.dll,184320,0CE35BE3,24500
0,0,COM3D2OHx64_Data\Managed\Mono.Security.dll,294912,66EB9979,24500
0,0,COM3D2OHx64_Data\Managed\Mono.WebBrowser.dll,172032,137B736F,24500
0,0,COM3D2OHx64_Data\Managed\mscorlib.dll,2590208,5166389B,24500
0,0,COM3D2OHx64_Data\Managed\Newtonsoft.Json.dll,494592,5C881B73,24500
0,0,COM3D2OHx64_Data\Managed\System.Configuration.dll,124928,72952344,24500
0,0,COM3D2OHx64_Data\Managed\System.Core.dll,297472,9E3EE5D7,24500
0,0,COM3D2OHx64_Data\Managed\System.Data.dll,856064,DDDB80CD,24500
0,0,COM3D2OHx64_Data\Managed\System.dll,1679360,13922617,24500
0,0,COM3D2OHx64_Data\Managed\System.Drawing.Design.dll,29696,E7B53FF9,24500
0,0,COM3D2OHx64_Data\Managed\System.Drawing.dll,448512,C4B2E872,24500
0,0,COM3D2OHx64_Data\Managed\System.EnterpriseServices.dll,46592,2C72A9FE,24500
0,0,COM3D2OHx64_Data\Managed\System.Security.dll,135168,1CE94C57,24500
0,0,COM3D2OHx64_Data\Managed\System.Transactions.dll,27648,45299FCF,24500
0,0,COM3D2OHx64_Data\Managed\System.Windows.Forms.dll,3053568,56394001,24500
0,0,COM3D2OHx64_Data\Managed\System.Xml.dll,1270272,4581A35B,24500
0,0,COM3D2OHx64_Data\Managed\System.Xml.Linq.dll,106496,E844371C,24500
0,0,COM3D2OHx64_Data\Managed\UnityEngine.dll,1393152,2C35388C,24500
0,0,COM3D2OHx64_Data\Managed\UnityEngine.dll.mdb,449828,8610375E,24500
0,0,COM3D2OHx64_Data\Managed\UnityEngine.Networking.dll,253952,2BDF701F,24500
0,0,COM3D2OHx64_Data\Managed\UnityEngine.UI.dll,245760,FA552B2D,24500
0,0,COM3D2OHx64_Data\Managed\UnityEngine.VR.dll,3072,A4582CD6,24500
0,0,COM3D2OHx64_Data\Managed\UnityScript.Lang.dll,13824,0DA8F681,24500
0,0,COM3D2OHx64_Data\Managed\Win32.dll,13312,7781C2A2,24500
0,0,COM3D2OHx64_Data\Managed\zxing.unity.dll,430592,9FD1F198,24500
0,0,COM3D2OHx64_Data\Mono\etc\mono\1.0\DefaultWsdlHelpGenerator.aspx,58196,10E814BF,24500
0,0,COM3D2OHx64_Data\Mono\etc\mono\1.0\machine.config,17258,EDE1AC59,24500
0,0,COM3D2OHx64_Data\Mono\etc\mono\2.0\Browsers\Compat.browser,1605,2E178A0B,24500
0,0,COM3D2OHx64_Data\Mono\etc\mono\2.0\DefaultWsdlHelpGenerator.aspx,60453,F3869A34,24500
0,0,COM3D2OHx64_Data\Mono\etc\mono\2.0\machine.config,27625,73C91C24,24500
0,0,COM3D2OHx64_Data\Mono\etc\mono\2.0\settings.map,2618,A1A3C29F,24500
0,0,COM3D2OHx64_Data\Mono\etc\mono\2.0\web.config,11686,534A9960,24500
0,0,COM3D2OHx64_Data\Mono\etc\mono\mconfig\config.xml,25817,80B2033A,24500
0,0,COM3D2OHx64_Data\Mono\etc\mono\browscap.ini,311984,CE6C0AB3,24500
0,0,COM3D2OHx64_Data\Mono\etc\mono\config,1691,A635914A,24500
0,0,COM3D2OHx64_Data\Mono\mono.dll,2618816,0BEA8C0F,24500
0,0,COM3D2OHx64_Data\Mono\MonoPosixHelper.dll,113664,9B5E1E4D,24500
0,0,COM3D2OHx64_Data\Plugins\assimp.dll,4388864,7C910D84,24500
0,0,COM3D2OHx64_Data\Plugins\Audio360.dll,1956352,0D4B8E9D,24500
0,0,COM3D2OHx64_Data\Plugins\AVProVideo.dll,886272,278352F0,24500
0,0,COM3D2OHx64_Data\Plugins\clothpp.dll,112128,7C3264A4,24500
0,0,COM3D2OHx64_Data\Plugins\cm3d2.dll,2265088,CA67D1AD,24500
0,0,COM3D2OHx64_Data\Plugins\device_hook.dll,738816,F61E7CED,24500
0,0,COM3D2OHx64_Data\Plugins\FbxExporterCore.dll,12491776,CBAA51C1,24500
0,0,COM3D2OHx64_Data\Plugins\FoveClient.dll,1849384,58C8B4F6,24500
0,0,COM3D2OHx64_Data\Plugins\LeapC.dll,2516992,FBDD3767,24500
0,0,COM3D2OHx64_Data\Plugins\openvr_api.dll,318272,44432E0F,24500
0,0,COM3D2OHx64_Data\Plugins\OVRGamepad.dll,12800,2C526135,24500
0,0,COM3D2OHx64_Data\Plugins\OVRLipSync.dll,2512296,391C1F4C,24500
0,0,COM3D2OHx64_Data\Plugins\OVRPlugin.dll,1898408,5DD05B6C,24500
0,0,COM3D2OHx64_Data\Plugins\Win32-WebView.dll,504832,382AEE66,24500
0,0,COM3D2OHx64_Data\Resources\unity default resources,752360,71DB1AEA,24500
0,0,COM3D2OHx64_Data\Resources\unity_builtin_extra,284012,91145F7F,24500
0,0,COM3D2OHx64_Data\app.info,42,6CD75754,24500
0,0,COM3D2OHx64_Data\globalgamemanagers,5360716,3EB25DD6,24500
0,0,COM3D2OHx64_Data\globalgamemanagers.assets,257676,3AC7C0DC,24500
0,0,COM3D2OHx64_Data\level0,356316,0B3583D4,24500
0,0,COM3D2OHx64_Data\level1,379460,605EF69F,24500
0,0,COM3D2OHx64_Data\level2,771100,735B9AC8,24500
0,0,COM3D2OHx64_Data\level3,1245500,41B4BCFE,24500
0,0,COM3D2OHx64_Data\level4,1344500,3B4AF32E,24500
0,0,COM3D2OHx64_Data\level5,358300,D75729E6,24500
0,0,COM3D2OHx64_Data\level6,455420,44396D6F,24500
0,0,COM3D2OHx64_Data\level7,356828,EF8678AD,24500
0,0,COM3D2OHx64_Data\level8,470748,650FB923,24500
0,0,COM3D2OHx64_Data\level9,360940,458EFF31,24500
0,0,COM3D2OHx64_Data\level10,745812,1AD6DB83,24500
0,0,COM3D2OHx64_Data\level11,7524,A0131AE2,24500
0,0,COM3D2OHx64_Data\level12,358772,7D1982A7,24500
0,0,COM3D2OHx64_Data\level13,4664,BD01E57F,24500
0,0,COM3D2OHx64_Data\level14,375460,40704EBA,24500
0,0,COM3D2OHx64_Data\level15,365140,6E9DDC89,24500
0,0,COM3D2OHx64_Data\level16,987948,0D0B1520,24500
0,0,COM3D2OHx64_Data\level17,468428,49255E36,24500
0,0,COM3D2OHx64_Data\level18,1117596,94581C27,24500
0,0,COM3D2OHx64_Data\level19,441460,EAF9200B,24500
0,0,COM3D2OHx64_Data\level20,2235308,67254D8A,24500
0,0,COM3D2OHx64_Data\level21,1147612,EBF52CBF,24500
0,0,COM3D2OHx64_Data\level22,1120916,07C866AB,24500
0,0,COM3D2OHx64_Data\level23,478532,D638D3B4,24500
0,0,COM3D2OHx64_Data\level24,27904,F481C3F0,24500
0,0,COM3D2OHx64_Data\level24.resS,131232,851AC384,24500
0,0,COM3D2OHx64_Data\level25,51676,DF1820DF,24500
0,0,COM3D2OHx64_Data\level26,56036,2358400E,24500
0,0,COM3D2OHx64_Data\level27,6824,BD057A1A,24500
0,0,COM3D2OHx64_Data\level28,357220,BD2CE328,24500
0,0,COM3D2OHx64_Data\level29,1608908,4B6FD552,24500
0,0,COM3D2OHx64_Data\level30,1465548,84B8B86A,24500
0,0,COM3D2OHx64_Data\level31,1487140,FED92615,24500
0,0,COM3D2OHx64_Data\level32,1382548,8D524E67,24500
0,0,COM3D2OHx64_Data\level33,1447012,AA92B881,24500
0,0,COM3D2OHx64_Data\level34,1572420,158C91F3,24500
0,0,COM3D2OHx64_Data\level35,1309252,6DA54769,24500
0,0,COM3D2OHx64_Data\level36,1060044,4007DE8C,24500
0,0,COM3D2OHx64_Data\level37,1067332,1FB08676,24500
0,0,COM3D2OHx64_Data\level38,1309260,459DA4D3,24500
0,0,COM3D2OHx64_Data\level39,1190060,347ABB11,24500
0,0,COM3D2OHx64_Data\level40,978588,E04BA75B,24500
0,0,COM3D2OHx64_Data\level41,1264972,879B51BF,24500
0,0,COM3D2OHx64_Data\level42,1407292,3B362216,24500
0,0,COM3D2OHx64_Data\level43,1365988,92466EA9,24500
0,0,COM3D2OHx64_Data\level44,950812,7695B3B3,24500
0,0,COM3D2OHx64_Data\level45,432156,D0901FBC,24500
0,0,COM3D2OHx64_Data\level46,428524,E91A4786,24500
0,0,COM3D2OHx64_Data\level47,472228,DB80B0F7,24500
0,0,COM3D2OHx64_Data\level48,494364,8C18B2DA,24500
0,0,COM3D2OHx64_Data\level49,422756,2B1E2224,24500
0,0,COM3D2OHx64_Data\level50,482716,E09E8075,24500
0,0,COM3D2OHx64_Data\level51,1072828,CC6E3807,24500
0,0,COM3D2OHx64_Data\level52,997396,326323F1,24500
0,0,COM3D2OHx64_Data\level53,475556,74E946A9,24500
0,0,COM3D2OHx64_Data\level54,497700,854063D6,24500
0,0,COM3D2OHx64_Data\level55,488276,08DEB349,24500
0,0,COM3D2OHx64_Data\level56,1077236,5DBFBDB6,24500
0,0,COM3D2OHx64_Data\level57,1037676,9D34AB8B,24500
0,0,COM3D2OHx64_Data\level58,481324,C9D30E32,24500
0,0,COM3D2OHx64_Data\level59,465852,BB4533F4,24500
0,0,COM3D2OHx64_Data\level60,447524,48B4000A,24500
0,0,COM3D2OHx64_Data\level61,1416620,0D56BF81,24500
0,0,COM3D2OHx64_Data\level62,1357548,F70FBF3E,24500
0,0,COM3D2OHx64_Data\level63,534316,042D7765,24500
0,0,COM3D2OHx64_Data\level64,436332,F92E9EA5,24500
0,0,COM3D2OHx64_Data\level65,1285572,64F44A7C,24500
0,0,COM3D2OHx64_Data\level66,1003412,A745604A,24500
0,0,COM3D2OHx64_Data\level67,1462052,B567B96F,24500
0,0,COM3D2OHx64_Data\level68,1403188,963FB48A,24500
0,0,COM3D2OHx64_Data\level69,1608924,A1EB1624,24500
0,0,COM3D2OHx64_Data\level70,1572436,88571C05,24500
0,0,COM3D2OHx64_Data\level71,1404332,CC9241DF,24500
0,0,COM3D2OHx64_Data\level72,1370276,D7AB9F10,24500
0,0,COM3D2OHx64_Data\level73,457284,47810889,24500
0,0,COM3D2OHx64_Data\level74,437756,10919026,24500
0,0,COM3D2OHx64_Data\level75,1081540,0ABAE6AD,24500
0,0,COM3D2OHx64_Data\level76,882828,8E332EA5,24500
0,0,COM3D2OHx64_Data\level77,989596,10704BBD,24500
0,0,COM3D2OHx64_Data\level78,883804,A7288E92,24500
0,0,COM3D2OHx64_Data\level79,1062796,67B8D037,24500
0,0,COM3D2OHx64_Data\level80,1726412,6D817516,24500
0,0,COM3D2OHx64_Data\level81,1677476,089511A1,24500
0,0,COM3D2OHx64_Data\level82,1145940,345AB8DD,24500
0,0,COM3D2OHx64_Data\level83,1089772,49322900,24500
0,0,COM3D2OHx64_Data\level84,1545244,2E98D245,24500
0,0,COM3D2OHx64_Data\level85,1644172,AA3E2A2E,24500
0,0,COM3D2OHx64_Data\level86,1087676,7BE84CB2,24500
0,0,COM3D2OHx64_Data\level87,1003220,B7474CB2,24500
0,0,COM3D2OHx64_Data\level88,1712172,C5D692EB,24500
0,0,COM3D2OHx64_Data\level89,1608972,BBEC9E82,24500
0,0,COM3D2OHx64_Data\level90,498988,1BD061BF,24500
0,0,COM3D2OHx64_Data\level91,518764,FBDC033F,24500
0,0,COM3D2OHx64_Data\level92,607244,FC0FFC54,24500
0,0,COM3D2OHx64_Data\level93,566684,6280DBDF,24500
0,0,COM3D2OHx64_Data\level93.resS,131232,9337BCA3,24500
0,0,COM3D2OHx64_Data\level94,494044,FB7B0B2C,24500
0,0,COM3D2OHx64_Data\level95,593252,8FC4A97A,24500
0,0,COM3D2OHx64_Data\level96,517356,5A79CD56,24500
0,0,COM3D2OHx64_Data\level97,1766836,97D032E7,24500
0,0,COM3D2OHx64_Data\level98,1509404,F366B73E,24500
0,0,COM3D2OHx64_Data\level99,1337412,89EB8356,24500
0,0,COM3D2OHx64_Data\level100,1168564,BED36374,24500
0,0,COM3D2OHx64_Data\level101,1255988,8B4E1792,24500
0,0,COM3D2OHx64_Data\level102,1447332,03D8EA8D,24500
0,0,COM3D2OHx64_Data\level103,1353036,319D427F,24500
0,0,COM3D2OHx64_Data\level104,970604,B1B786A3,24500
0,0,COM3D2OHx64_Data\level105,588132,25C044CB,24500
0,0,COM3D2OHx64_Data\level106,1033484,0AA7E61C,24500
0,0,COM3D2OHx64_Data\level107,956164,A17591C5,24500
0,0,COM3D2OHx64_Data\level108,970748,FEABF8A0,24500
0,0,COM3D2OHx64_Data\level109,930332,BD33976E,24500
0,0,COM3D2OHx64_Data\level110,896020,C720646E,24500
0,0,COM3D2OHx64_Data\level111,870588,BC9C60DE,24500
0,0,COM3D2OHx64_Data\level112,561476,351BD12A,24500
0,0,COM3D2OHx64_Data\level113,565676,00A3D38F,24500
0,0,COM3D2OHx64_Data\level114,591052,3FD8C0E1,24500
0,0,COM3D2OHx64_Data\level115,589452,C660E66B,24500
0,0,COM3D2OHx64_Data\level116,591188,F8FAE366,24500
0,0,COM3D2OHx64_Data\level117,593564,1AC111E0,24500
0,0,COM3D2OHx64_Data\level118,527772,11B33B6F,24500
0,0,COM3D2OHx64_Data\level119,531988,ACBB5F30,24500
0,0,COM3D2OHx64_Data\level120,556212,E5899296,24500
0,0,COM3D2OHx64_Data\level121,586548,3CCD76AA,24500
0,0,COM3D2OHx64_Data\level122,557340,F1B48DC3,24500
0,0,COM3D2OHx64_Data\level123,560332,3E6AD338,24500
0,0,COM3D2OHx64_Data\level124,549404,B16FB2F2,24500
0,0,COM3D2OHx64_Data\level125,587260,420D5C1C,24500
0,0,COM3D2OHx64_Data\level126,1031476,CD449F8A,24500
0,0,COM3D2OHx64_Data\resources.assets,473265500,6821067D,24500
0,0,COM3D2OHx64_Data\resources.assets.resS,2077015224,EA7DDDA5,24500
0,0,COM3D2OHx64_Data\resources.resource,1348672,632087DF,24500
0,0,COM3D2OHx64_Data\sharedassets0.assets,115228100,D8872882,24500
0,0,COM3D2OHx64_Data\sharedassets0.assets.resS,28071636,8A34135A,24500
0,0,COM3D2OHx64_Data\sharedassets1.assets,6256,3F9D4B4C,24500
0,0,COM3D2OHx64_Data\sharedassets2.assets,6556,2E954036,24500
0,0,COM3D2OHx64_Data\sharedassets3.assets,12964,D05C5DC3,24500
0,0,COM3D2OHx64_Data\sharedassets4.assets,7276,D8533483,24500
0,0,COM3D2OHx64_Data\sharedassets5.assets,6160,D80E7D66,24500
0,0,COM3D2OHx64_Data\sharedassets6.assets,7108,2ED701A7,24500
0,0,COM3D2OHx64_Data\sharedassets7.assets,6088,B1DD3AE7,24500
0,0,COM3D2OHx64_Data\sharedassets8.assets,6448,756A96AA,24500
0,0,COM3D2OHx64_Data\sharedassets9.assets,6280,3B7F6DBF,24500
0,0,COM3D2OHx64_Data\sharedassets10.assets,6676,3FED7241,24500
0,0,COM3D2OHx64_Data\sharedassets11.assets,4576,A67D878B,24500
0,0,COM3D2OHx64_Data\sharedassets12.assets,6148,22065A34,24500
0,0,COM3D2OHx64_Data\sharedassets13.assets,4132,B4298CBB,24500
0,0,COM3D2OHx64_Data\sharedassets14.assets,6868,3A0E0C41,24500
0,0,COM3D2OHx64_Data\sharedassets15.assets,6232,E60A487B,24500
0,0,COM3D2OHx64_Data\sharedassets16.assets,12676,8528458B,24500
0,0,COM3D2OHx64_Data\sharedassets17.assets,6328,920C83CC,24500
0,0,COM3D2OHx64_Data\sharedassets18.assets,12736,9BB78C07,24500
0,0,COM3D2OHx64_Data\sharedassets19.assets,6316,53189455,24500
0,0,COM3D2OHx64_Data\sharedassets20.assets,7108,1FB4135F,24500
0,0,COM3D2OHx64_Data\sharedassets21.assets,12712,0D473CF6,24500
0,0,COM3D2OHx64_Data\sharedassets22.assets,12712,0D473CF6,24500
0,0,COM3D2OHx64_Data\sharedassets23.assets,18126856,DBFD0FB2,24500
0,0,COM3D2OHx64_Data\sharedassets24.assets,12328,C9174679,24500
0,0,COM3D2OHx64_Data\sharedassets25.assets,4420,616EE9A2,24500
0,0,COM3D2OHx64_Data\sharedassets26.assets,4324,F8249BD4,24500
0,0,COM3D2OHx64_Data\sharedassets27.assets,4264,4DD6AA5B,24500
0,0,COM3D2OHx64_Data\sharedassets28.assets,6124,236CDBEC,24500
0,0,COM3D2OHx64_Data\sharedassets29.assets,12676,606B59FE,24500
0,0,COM3D2OHx64_Data\sharedassets30.assets,12676,008B1130,24500
0,0,COM3D2OHx64_Data\sharedassets31.assets,12676,D02DBC14,24500
0,0,COM3D2OHx64_Data\sharedassets32.assets,9400,1BA2331F,24500
0,0,COM3D2OHx64_Data\sharedassets33.assets,9508,65479A0C,24500
0,0,COM3D2OHx64_Data\sharedassets34.assets,9496,2CD037FD,24500
0,0,COM3D2OHx64_Data\sharedassets35.assets,12760,ACC17A2C,24500
0,0,COM3D2OHx64_Data\sharedassets36.assets,9292,703F10DD,24500
0,0,COM3D2OHx64_Data\sharedassets37.assets,9328,4D438162,24500
0,0,COM3D2OHx64_Data\sharedassets38.assets,12760,ACC17A2C,24500
0,0,COM3D2OHx64_Data\sharedassets39.assets,9532,C0AE6220,24500
0,0,COM3D2OHx64_Data\sharedassets40.assets,9328,4D438162,24500
0,0,COM3D2OHx64_Data\sharedassets41.assets,9472,D0DC37CC,24500
0,0,COM3D2OHx64_Data\sharedassets42.assets,12676,395B7B88,24500
0,0,COM3D2OHx64_Data\sharedassets43.assets,9508,65479A0C,24500
0,0,COM3D2OHx64_Data\sharedassets44.assets,9496,2CD037FD,24500
0,0,COM3D2OHx64_Data\sharedassets45.assets,42236540,2839F917,24500
0,0,COM3D2OHx64_Data\sharedassets45.assets.resS,87400,8BA6C322,24500
0,0,COM3D2OHx64_Data\sharedassets46.assets,38246508,24D81855,24500
0,0,COM3D2OHx64_Data\sharedassets47.assets,32874604,7DE067F9,24500
0,0,COM3D2OHx64_Data\sharedassets48.assets,36735684,599C0C61,24500
0,0,COM3D2OHx64_Data\sharedassets48.assets.resS,174776,5B619AF1,24500
0,0,COM3D2OHx64_Data\sharedassets49.assets,41277360,DCD4A042,24500
0,0,COM3D2OHx64_Data\sharedassets50.assets,39399112,A8EEC6DC,24500
0,0,COM3D2OHx64_Data\sharedassets51.assets,3017228,A9CCF0A9,24500
0,0,COM3D2OHx64_Data\sharedassets51.assets.resS,611728,7BFBEAAE,24500
0,0,COM3D2OHx64_Data\sharedassets52.assets,9556,427EC423,24500
0,0,COM3D2OHx64_Data\sharedassets53.assets,6508,6E24DDC5,24500
0,0,COM3D2OHx64_Data\sharedassets54.assets,6508,6E24DDC5,24500
0,0,COM3D2OHx64_Data\sharedassets55.assets,6508,6E24DDC5,24500
0,0,COM3D2OHx64_Data\sharedassets56.assets,12688,3B078AF5,24500
0,0,COM3D2OHx64_Data\sharedassets57.assets,9508,2065175E,24500
0,0,COM3D2OHx64_Data\sharedassets58.assets,6472,F1E13E7D,24500
0,0,COM3D2OHx64_Data\sharedassets59.assets,59364,78A0D065,24500
0,0,COM3D2OHx64_Data\sharedassets59.assets.resS,174776,B51EE5DC,24500
0,0,COM3D2OHx64_Data\sharedassets60.assets,6484,8A48D66A,24500
0,0,COM3D2OHx64_Data\sharedassets61.assets,759744,D0E0A221,24500
0,0,COM3D2OHx64_Data\sharedassets61.assets.resS,1310880,58801C35,24500
0,0,COM3D2OHx64_Data\sharedassets61.resource,1178176,90268BF4,24500
0,0,COM3D2OHx64_Data\sharedassets62.assets,9376,7CCEDE39,24500
0,0,COM3D2OHx64_Data\sharedassets63.assets,3412512,35D52DBD,24500
0,0,COM3D2OHx64_Data\sharedassets63.assets.resS,6226112,B3E98769,24500
0,0,COM3D2OHx64_Data\sharedassets64.assets,6580,B72B6804,24500
0,0,COM3D2OHx64_Data\sharedassets65.assets,13936,285DB739,24500
0,0,COM3D2OHx64_Data\sharedassets66.assets,9496,2CD037FD,24500
0,0,COM3D2OHx64_Data\sharedassets67.assets,12712,D5A640BF,24500
0,0,COM3D2OHx64_Data\sharedassets68.assets,9496,622D2BB4,24500
0,0,COM3D2OHx64_Data\sharedassets69.assets,12676,606B59FE,24500
0,0,COM3D2OHx64_Data\sharedassets70.assets,9496,2CD037FD,24500
0,0,COM3D2OHx64_Data\sharedassets71.assets,12712,D5A640BF,24500
0,0,COM3D2OHx64_Data\sharedassets72.assets,10444,5138E962,24500
0,0,COM3D2OHx64_Data\sharedassets73.assets,6928,F2952638,24500
0,0,COM3D2OHx64_Data\sharedassets74.assets,6436,585C87BC,24500
0,0,COM3D2OHx64_Data\sharedassets75.assets,11732,F4E003D8,24500
0,0,COM3D2OHx64_Data\sharedassets75.resource,2729184,2D4064D6,24500
0,0,COM3D2OHx64_Data\sharedassets76.assets,11596,2852DC14,24500
0,0,COM3D2OHx64_Data\sharedassets77.assets,8296,DB8CBACD,24500
0,0,COM3D2OHx64_Data\sharedassets78.assets,7612,95458390,24500
0,0,COM3D2OHx64_Data\sharedassets79.assets,353948,96F526AA,24500
0,0,COM3D2OHx64_Data\sharedassets79.assets.resS,2272048,E50143CB,24500
0,0,COM3D2OHx64_Data\sharedassets79.resource,6236800,C7E9CFDE,24500
0,0,COM3D2OHx64_Data\sharedassets80.assets,6568400,05CFC11B,24500
0,0,COM3D2OHx64_Data\sharedassets80.assets.resS,10936,3B0D7ADF,24500
0,0,COM3D2OHx64_Data\sharedassets80.resource,1136352,956B5452,24500
0,0,COM3D2OHx64_Data\sharedassets81.assets,10312,2E2E60D2,24500
0,0,COM3D2OHx64_Data\sharedassets82.assets,12844,7B85765F,24500
0,0,COM3D2OHx64_Data\sharedassets83.assets,9640,1C99E067,24500
0,0,COM3D2OHx64_Data\sharedassets84.assets,9764,29E4BB87,24500
0,0,COM3D2OHx64_Data\sharedassets84.resource,1003968,52A085C2,24500
0,0,COM3D2OHx64_Data\sharedassets85.assets,13000,AEA98E31,24500
0,0,COM3D2OHx64_Data\sharedassets86.assets,12904,A2FACB0B,24500
0,0,COM3D2OHx64_Data\sharedassets87.assets,9580,08C54997,24500
0,0,COM3D2OHx64_Data\sharedassets88.assets,13348,D29CF00F,24500
0,0,COM3D2OHx64_Data\sharedassets88.resource,1166848,2709F6C2,24500
0,0,COM3D2OHx64_Data\sharedassets89.assets,9892,C18A0C11,24500
0,0,COM3D2OHx64_Data\sharedassets90.assets,6664,56142CC6,24500
0,0,COM3D2OHx64_Data\sharedassets91.assets,6664,56142CC6,24500
0,0,COM3D2OHx64_Data\sharedassets92.assets,6628,2F837842,24500
0,0,COM3D2OHx64_Data\sharedassets93.assets,6340,F596EAE4,24500
0,0,COM3D2OHx64_Data\sharedassets94.assets,6628,2F837842,24500
0,0,COM3D2OHx64_Data\sharedassets95.assets,6724,26C44106,24500
0,0,COM3D2OHx64_Data\sharedassets96.assets,6628,2F837842,24500
0,0,COM3D2OHx64_Data\sharedassets97.assets,12856,845F70A4,24500
0,0,COM3D2OHx64_Data\sharedassets98.assets,9544,F1B366EF,24500
0,0,COM3D2OHx64_Data\sharedassets99.assets,394920,A5B718FC,24500
0,0,COM3D2OHx64_Data\sharedassets99.assets.resS,2184640,DF887086,24500
0,0,COM3D2OHx64_Data\sharedassets100.assets,9748,CCB92826,24500
0,0,COM3D2OHx64_Data\sharedassets100.resource,2751968,AE761A89,24500
0,0,COM3D2OHx64_Data\sharedassets101.assets,12928,8CA1519C,24500
0,0,COM3D2OHx64_Data\sharedassets102.assets,12964,1A48E8F5,24500
0,0,COM3D2OHx64_Data\sharedassets103.assets,9640,13845A1A,24500
0,0,COM3D2OHx64_Data\sharedassets104.assets,7172,256C6BE8,24500
0,0,COM3D2OHx64_Data\sharedassets104.resource,6331552,B816A215,24500
0,0,COM3D2OHx64_Data\sharedassets105.assets,7048,08DC318F,24500
0,0,COM3D2OHx64_Data\sharedassets106.assets,86916,857CAD13,24500
0,0,COM3D2OHx64_Data\sharedassets106.resource,8838816,EBFF12DA,24500
0,0,COM3D2OHx64_Data\sharedassets107.assets,8200,2D6D1A06,24500
0,0,COM3D2OHx64_Data\sharedassets108.assets,11332,E082E3A0,24500
0,0,COM3D2OHx64_Data\sharedassets109.assets,8140,FC13370A,24500
0,0,COM3D2OHx64_Data\sharedassets110.assets,615896,D5EB0549,24500
0,0,COM3D2OHx64_Data\sharedassets110.assets.resS,6138632,73B447A4,24500
0,0,COM3D2OHx64_Data\sharedassets111.assets,7024,C849B8F4,24500
0,0,COM3D2OHx64_Data\sharedassets112.assets,6928,5FAFF462,24500
0,0,COM3D2OHx64_Data\sharedassets113.assets,6928,5FAFF462,24500
0,0,COM3D2OHx64_Data\sharedassets114.assets,6928,5FAFF462,24500
0,0,COM3D2OHx64_Data\sharedassets115.assets,6928,5FAFF462,24500
0,0,COM3D2OHx64_Data\sharedassets116.assets,6928,5FAFF462,24500
0,0,COM3D2OHx64_Data\sharedassets117.assets,6928,5FAFF462,24500
0,0,COM3D2OHx64_Data\sharedassets118.assets,6628,2F837842,24500
0,0,COM3D2OHx64_Data\sharedassets119.assets,6628,2F837842,24500
0,0,COM3D2OHx64_Data\sharedassets120.assets,6628,2F837842,24500
0,0,COM3D2OHx64_Data\sharedassets121.assets,6628,2F837842,24500
0,0,COM3D2OHx64_Data\sharedassets122.assets,6628,2F837842,24500
0,0,COM3D2OHx64_Data\sharedassets123.assets,6628,2F837842,24500
0,0,COM3D2OHx64_Data\sharedassets124.assets,6628,2F837842,24500
0,0,COM3D2OHx64_Data\sharedassets125.assets,6928,5FAFF462,24500
0,0,COM3D2OHx64_Data\sharedassets126.assets,213676,D052D2AB,24500
0,0,COM3D2OHx64_Data\sharedassets126.assets.resS,174776,583F8A72,24500
0,0,COM3D2OHx64.exe,22841856,858642A8,24500
share,../com3d2data\GameData\cbl\csv_cbl.arc,GameData\csv_cbl.arc,1425172,E620C6A2,24500
share,../com3d2data\GameData\cbl\script_cbl.arc,GameData\script_cbl.arc,7376495,028787DE,24500
share,../com3d2data\GameData\patch\csv.arc,GameData\csv.arc,46019665,956EED58,24500
share,../com3d2data\GameData\patch\parts_cafesp001_2.arc,GameData\parts_cafesp001_2.arc,205238,D5C47D9B,24500
share,../com3d2data\GameData\patch\parts_cas069_2.arc,GameData\parts_cas069_2.arc,177123,39C1BBBF,24500
share,../com3d2data\GameData\patch\parts_cas146_2.arc,GameData\parts_cas146_2.arc,81962,925829F2,24500
share,../com3d2data\GameData\patch\parts_cw007cloth2_2.arc,GameData\parts_cw007cloth2_2.arc,221240,EAC3D2B3,24500
share,../com3d2data\GameData\patch\parts_dlc529_2.arc,GameData\parts_dlc529_2.arc,355536,27F8B0E3,24500
share,../com3d2data\GameData\patch\parts_personal_om004_2.arc,GameData\parts_personal_om004_2.arc,16786,A34EF970,24500
share,../com3d2data\GameData\patch\parts_sp006cloth1_2.arc,GameData\parts_sp006cloth1_2.arc,1742121,A48D2877,24500
share,../com3d2data\GameData\patch\prioritymaterial.arc,GameData\prioritymaterial.arc,877408,56BC22AF,24500
share,../com3d2data\GameData\patch\system2.arc,GameData\system2.arc,113160769,45A9CF63,24405
share,../com3d2data\GameData_20\material_cas069_2.arc,GameData_20\material_cas069_2.arc,1762,7B4D07CF,1748
share,../com3d2data\GameData_20\material_sp006cloth1_2.arc,GameData_20\material_sp006cloth1_2.arc,5778,ACB7ACA2,1748
share,../com3d2data\GameData_20\menu_cas069_2.arc,GameData_20\menu_cas069_2.arc,3634,47BE304F,1748
share,../com3d2data\GameData_20\menu_dlc112_2.arc,GameData_20\menu_dlc112_2.arc,1826,64D3475B,1748
share,../com3d2data\GameData_20\menu_dlc529_2.arc,GameData_20\menu_dlc529_2.arc,3426,DB386466,1748
share,../com3d2data\GameData_20\model_cas069_2.arc,GameData_20\model_cas069_2.arc,172908,C07975D5,1748
share,../com3d2data\GameData_20\model_cas146_2.arc,GameData_20\model_cas146_2.arc,80800,827D109C,1748
share,../com3d2data\GameData_20\model_cw007cloth2_2.arc,GameData_20\model_cw007cloth2_2.arc,217700,DAC6F05B,1748
share,../com3d2data\GameData_20\model_dlc529_2.arc,GameData_20\model_dlc529_2.arc,345000,4BE5C790,1748
share,../com3d2data\GameData_20\model_sp006cloth1_2.arc,GameData_20\model_sp006cloth1_2.arc,1733170,84FC8AE0,1748
share,../com3d2data\GameData_20\paths.dat,GameData_20\paths.dat,15489,ECDF320C,1839
share,../com3d2data\GameData_20\prioritymaterial.arc,GameData_20\prioritymaterial.arc,454635,1DDA0063,1838
share,../com3d2data\GameData_20\texture_cafesp001_2.arc,GameData_20\texture_cafesp001_2.arc,205507,2E1A9EDF,1748
share,../com3d2data\GameData_20\texture_dlc529_2.arc,GameData_20\texture_dlc529_2.arc,7970,B67E60CD,1748
