0,0,CM3D2OH.exe,7343616,1C81AB7A,1008
0,0,CM3D2OHVRx64.exe,20649984,0A92CEB6,1480
0,0,LICENSE,20363,CB38E20E,1481
0,0,CM3D2OHVRx64_Data\globalgamemanagers,1900572,A4E767A4,1480
0,0,CM3D2OHVRx64_Data\globalgamemanagers.assets,158116,97E2163A,1480
0,0,CM3D2OHVRx64_Data\level0,189292,8C9971AC,1480
0,0,CM3D2OHVRx64_Data\level1,207284,8E5951DA,1480
0,0,CM3D2OHVRx64_Data\level10,548396,83F246EA,1480
0,0,CM3D2OHVRx64_Data\level11,4640,ED7E7E73,1480
0,0,CM3D2OHVRx64_Data\level12,191916,614F2193,1480
0,0,CM3D2OHVRx64_Data\level13,4640,41164802,1480
0,0,CM3D2OHVRx64_Data\level14,210036,E98874FD,1480
0,0,CM3D2OHVRx64_Data\level15,304604,4C9115BD,1480
0,0,CM3D2OHVRx64_Data\level16,451500,C53B4FF0,1480
0,0,CM3D2OHVRx64_Data\level17,215436,C807DE5E,1480
0,0,CM3D2OHVRx64_Data\level18,537908,064A59A5,1480
0,0,CM3D2OHVRx64_Data\level19,275412,6B0E38D7,1480
0,0,CM3D2OHVRx64_Data\level2,288780,960D95C1,1480
0,0,CM3D2OHVRx64_Data\level20,660356,35A1429C,1480
0,0,CM3D2OHVRx64_Data\level21,1328940,1F9FCA0C,1480
0,0,CM3D2OHVRx64_Data\level22,519564,AFF3E3E1,1480
0,0,CM3D2OHVRx64_Data\level23,612548,62944461,1480
0,0,CM3D2OHVRx64_Data\level24,843756,D52969F9,1480
0,0,CM3D2OHVRx64_Data\level25,704700,6C9089DA,1480
0,0,CM3D2OHVRx64_Data\level26,551860,65505D90,1480
0,0,CM3D2OHVRx64_Data\level27,826916,6A34920D,1480
0,0,CM3D2OHVRx64_Data\level28,545028,29093189,1480
0,0,CM3D2OHVRx64_Data\level29,767652,52AF35DA,1480
0,0,CM3D2OHVRx64_Data\level3,597332,345E897D,1480
0,0,CM3D2OHVRx64_Data\level4,620404,89625819,1480
0,0,CM3D2OHVRx64_Data\level5,190340,CD1479ED,1480
0,0,CM3D2OHVRx64_Data\level6,234412,617B102D,1480
0,0,CM3D2OHVRx64_Data\level7,189844,7A8B2D08,1480
0,0,CM3D2OHVRx64_Data\level8,217292,35D95E92,1480
0,0,CM3D2OHVRx64_Data\level9,190876,45C80019,1480
0,0,CM3D2OHVRx64_Data\resources.assets,263016348,0F907348,1480
0,0,CM3D2OHVRx64_Data\resources.assets.resS,471446240,6D597C93,1480
0,0,CM3D2OHVRx64_Data\sharedassets0.assets,16483048,6B051394,1480
0,0,CM3D2OHVRx64_Data\sharedassets0.assets.resS,121728032,217CBB40,1480
0,0,CM3D2OHVRx64_Data\sharedassets1.assets,5920,07B73F88,1480
0,0,CM3D2OHVRx64_Data\sharedassets10.assets,6244,ABFA3F78,1480
0,0,CM3D2OHVRx64_Data\sharedassets11.assets,4132,ECA83C17,1480
0,0,CM3D2OHVRx64_Data\sharedassets12.assets,5824,27B33D98,1480
0,0,CM3D2OHVRx64_Data\sharedassets13.assets,4132,FE4874A1,1480
0,0,CM3D2OHVRx64_Data\sharedassets14.assets,6544,EF4EB7EE,1480
0,0,CM3D2OHVRx64_Data\sharedassets15.assets,5788,C510F28F,1480
0,0,CM3D2OHVRx64_Data\sharedassets16.assets,215280,95F658FC,1480
0,0,CM3D2OHVRx64_Data\sharedassets16.assets.resS,51968,C41BC4E7,1480
0,0,CM3D2OHVRx64_Data\sharedassets17.assets,5860,F588A4A0,1480
0,0,CM3D2OHVRx64_Data\sharedassets18.assets,74160,242CAAB8,1480
0,0,CM3D2OHVRx64_Data\sharedassets19.assets,6004,4FBC274A,1480
0,0,CM3D2OHVRx64_Data\sharedassets2.assets,6136,1B255F9E,1480
0,0,CM3D2OHVRx64_Data\sharedassets20.assets,8128,563944B7,1480
0,0,CM3D2OHVRx64_Data\sharedassets21.assets,6580,1C326555,1480
0,0,CM3D2OHVRx64_Data\sharedassets22.assets,39511712,F6A11B18,1480
0,0,CM3D2OHVRx64_Data\sharedassets23.assets,67700952,873AAD43,1480
0,0,CM3D2OHVRx64_Data\sharedassets24.assets,67690184,9DB65F35,1480
0,0,CM3D2OHVRx64_Data\sharedassets25.assets,47233820,C694C51A,1480
0,0,CM3D2OHVRx64_Data\sharedassets25.resource,3813344,7B95E5D4,1480
0,0,CM3D2OHVRx64_Data\sharedassets26.assets,80174972,AF50E687,1480
0,0,CM3D2OHVRx64_Data\sharedassets27.assets,84139364,918F03D1,1480
0,0,CM3D2OHVRx64_Data\sharedassets28.assets,48988468,502080AC,1480
0,0,CM3D2OHVRx64_Data\sharedassets29.assets,111395708,BBBAB448,1480
0,0,CM3D2OHVRx64_Data\sharedassets29.assets.resS,7296672,0E6CF936,1480
0,0,CM3D2OHVRx64_Data\sharedassets3.assets,1310240,92A3E793,1480
0,0,CM3D2OHVRx64_Data\sharedassets4.assets,6448,11EF4593,1480
0,0,CM3D2OHVRx64_Data\sharedassets5.assets,5788,4A966920,1480
0,0,CM3D2OHVRx64_Data\sharedassets6.assets,6268,F5EEABF6,1480
0,0,CM3D2OHVRx64_Data\sharedassets7.assets,5764,B1D8E155,1480
0,0,CM3D2OHVRx64_Data\sharedassets8.assets,5788,5518E29A,1480
0,0,CM3D2OHVRx64_Data\sharedassets9.assets,5812,D22B743B,1480
0,0,CM3D2OHVRx64_Data\Managed\Accessibility.dll,10752,594EE943,1480
0,0,CM3D2OHVRx64_Data\Managed\Assembly-CSharp-firstpass.dll,778240,7B345B46,1480
0,0,CM3D2OHVRx64_Data\Managed\Assembly-CSharp.dll,2910208,16C4BBA4,1480
0,0,CM3D2OHVRx64_Data\Managed\Assembly-UnityScript-firstpass.dll,65024,9B31DD0C,1480
0,0,CM3D2OHVRx64_Data\Managed\Boo.Lang.dll,126976,9ADD3789,1480
0,0,CM3D2OHVRx64_Data\Managed\FoveUnityPlugin.dll,28672,A6EA882B,1480
0,0,CM3D2OHVRx64_Data\Managed\Ionic.Zlib.dll,102400,7C9E7DD2,1480
0,0,CM3D2OHVRx64_Data\Managed\JsonFx.Json.dll,70144,A0F0CFCB,1480
0,0,CM3D2OHVRx64_Data\Managed\LeapCSharp.NET3.5.dll,82432,38E38212,1480
0,0,CM3D2OHVRx64_Data\Managed\Mono.Data.Tds.dll,96256,DDA7BAB7,1480
0,0,CM3D2OHVRx64_Data\Managed\Mono.Posix.dll,184320,C7063ABB,1480
0,0,CM3D2OHVRx64_Data\Managed\Mono.Security.dll,294912,8C7E67B3,1480
0,0,CM3D2OHVRx64_Data\Managed\Mono.WebBrowser.dll,172032,541986C3,1480
0,0,CM3D2OHVRx64_Data\Managed\mscorlib.dll,2589696,AFA570E5,1480
0,0,CM3D2OHVRx64_Data\Managed\System.Configuration.dll,124928,D5F2A804,1480
0,0,CM3D2OHVRx64_Data\Managed\System.Core.dll,297472,BCE2218F,1480
0,0,CM3D2OHVRx64_Data\Managed\System.Data.dll,856064,F1D38D2E,1480
0,0,CM3D2OHVRx64_Data\Managed\System.dll,1679360,288F722A,1480
0,0,CM3D2OHVRx64_Data\Managed\System.Drawing.Design.dll,29696,E7B53FF9,1480
0,0,CM3D2OHVRx64_Data\Managed\System.Drawing.dll,448512,C4B2E872,1480
0,0,CM3D2OHVRx64_Data\Managed\System.EnterpriseServices.dll,46592,75A19B93,1480
0,0,CM3D2OHVRx64_Data\Managed\System.Security.dll,135168,365C74A7,1480
0,0,CM3D2OHVRx64_Data\Managed\System.Transactions.dll,27648,203D65C1,1480
0,0,CM3D2OHVRx64_Data\Managed\System.Windows.Forms.dll,3053568,56394001,1480
0,0,CM3D2OHVRx64_Data\Managed\System.Xml.dll,1270272,9B79033F,1480
0,0,CM3D2OHVRx64_Data\Managed\System.Xml.Linq.dll,106496,B3ACF139,1480
0,0,CM3D2OHVRx64_Data\Managed\UnityEngine.dll,972800,B3EB425F,1480
0,0,CM3D2OHVRx64_Data\Managed\UnityEngine.dll.mdb,353934,02424F6C,1480
0,0,CM3D2OHVRx64_Data\Managed\UnityEngine.Networking.dll,230912,EBC88F56,1480
0,0,CM3D2OHVRx64_Data\Managed\UnityEngine.UI.dll,219136,8E43BC11,1480
0,0,CM3D2OHVRx64_Data\Managed\UnityScript.Lang.dll,14336,13EE284D,1480
0,0,CM3D2OHVRx64_Data\Managed\zxing.unity.dll,430592,9FD1F198,1480
0,0,CM3D2OHVRx64_Data\Mono\mono.dll,2612696,2A5A1006,1480
0,0,CM3D2OHVRx64_Data\Mono\etc\mono\browscap.ini,311984,CE6C0AB3,1480
0,0,CM3D2OHVRx64_Data\Mono\etc\mono\config,1691,A635914A,1480
0,0,CM3D2OHVRx64_Data\Mono\etc\mono\1.0\DefaultWsdlHelpGenerator.aspx,58196,10E814BF,1480
0,0,CM3D2OHVRx64_Data\Mono\etc\mono\1.0\machine.config,17258,EDE1AC59,1480
0,0,CM3D2OHVRx64_Data\Mono\etc\mono\2.0\DefaultWsdlHelpGenerator.aspx,60453,F3869A34,1480
0,0,CM3D2OHVRx64_Data\Mono\etc\mono\2.0\machine.config,27625,73C91C24,1480
0,0,CM3D2OHVRx64_Data\Mono\etc\mono\2.0\settings.map,2618,A1A3C29F,1480
0,0,CM3D2OHVRx64_Data\Mono\etc\mono\2.0\web.config,11686,534A9960,1480
0,0,CM3D2OHVRx64_Data\Mono\etc\mono\2.0\Browsers\Compat.browser,1605,2E178A0B,1480
0,0,CM3D2OHVRx64_Data\Mono\etc\mono\mconfig\config.xml,25817,80B2033A,1480
0,0,CM3D2OHVRx64_Data\Plugins\AVProVideo.dll,813056,60B54FA5,1480
0,0,CM3D2OHVRx64_Data\Plugins\cm3d2_hole_x64.dll,339968,09BB14AC,1480
0,0,CM3D2OHVRx64_Data\Plugins\cm3d2_x64.dll,1545216,A0DE269D,1480
0,0,CM3D2OHVRx64_Data\Plugins\device_hook.dll,393216,D1A0EF4C,1480
0,0,CM3D2OHVRx64_Data\Plugins\FoveClient.dll,1849384,58C8B4F6,1480
0,0,CM3D2OHVRx64_Data\Plugins\LeapC.dll,2516992,FBDD3767,1480
0,0,CM3D2OHVRx64_Data\Plugins\openvr_api.dll,318272,44432E0F,1480
0,0,CM3D2OHVRx64_Data\Plugins\OVRGamepad.dll,12800,2C526135,1480
0,0,CM3D2OHVRx64_Data\Plugins\OVRPlugin.dll,1894312,38EDD831,1480
0,0,CM3D2OHVRx64_Data\Resources\unity default resources,1544700,7137E221,1480
0,0,CM3D2OHVRx64_Data\Resources\unity_builtin_extra,142196,DF9A5755,1480
0,0,GameData\material_vr.arc,6184,D2EAFD73,130
0,0,GameData\menu_vr.arc,3407,D3B43CF5,130
0,0,GameData\model_vr.arc,866449,B84B7620,130
0,0,GameData\texture_vr.arc,1111256,DF651968,130
