0,0,COM3D2.exe,6649856,DF89D8A8,2006
0,0,COM3D2x64.exe,22841856,A9562BF9,1040
0,0,COM3D2x64_Data\app.info,27,F9A266E7,1450
0,0,COM3D2x64_Data\globalgamemanagers,4423756,9942DAF6,1450
0,0,COM3D2x64_Data\globalgamemanagers.assets,242148,3CC5AAF6,1450
0,0,COM3D2x64_Data\level0,325508,C87CF0E1,1450
0,0,COM3D2x64_Data\level1,348652,25788A57,1450
0,0,COM3D2x64_Data\level10,352364,7CDF7AC5,1450
0,0,COM3D2x64_Data\level100,1030236,D2A7BF31,1450
0,0,COM3D2x64_Data\level101,1693580,C5FE66A2,1450
0,0,COM3D2x64_Data\level102,1644652,B67D4E8D,1450
0,0,COM3D2x64_Data\level103,1113428,32334CAE,1450
0,0,COM3D2x64_Data\level104,1057100,FDA7FC67,1450
0,0,COM3D2x64_Data\level105,1512556,D0549A2B,1450
0,0,COM3D2x64_Data\level106,1611484,8FF2B6B6,1450
0,0,COM3D2x64_Data\level107,1054996,ED003E4F,1450
0,0,COM3D2x64_Data\level108,970540,5ABD697E,1450
0,0,COM3D2x64_Data\level11,326020,7AFAC3C0,1450
0,0,COM3D2x64_Data\level12,393468,5CEB4A5B,1450
0,0,COM3D2x64_Data\level13,329132,21B2F895,1450
0,0,COM3D2x64_Data\level14,825644,41C14597,1450
0,0,COM3D2x64_Data\level15,7476,A17F87CF,1450
0,0,COM3D2x64_Data\level16,327964,45FAFBC2,1450
0,0,COM3D2x64_Data\level17,4664,FF5B333B,1450
0,0,COM3D2x64_Data\level18,344652,CC4F1EDB,1450
0,0,COM3D2x64_Data\level19,334348,3148196F,1450
0,0,COM3D2x64_Data\level2,343484,2CD41A68,1450
0,0,COM3D2x64_Data\level20,955492,A7CBE8A5,1450
0,0,COM3D2x64_Data\level21,427172,64B5FD6B,1450
0,0,COM3D2x64_Data\level22,1085132,55926461,1450
0,0,COM3D2x64_Data\level23,410652,F189DBB7,1450
0,0,COM3D2x64_Data\level24,680988,E8E6CBF6,1450
0,0,COM3D2x64_Data\level25,347988,D754C75A,1450
0,0,COM3D2x64_Data\level26,2187804,9ACDD7DC,1450
0,0,COM3D2x64_Data\level27,1115140,7D00D093,1450
0,0,COM3D2x64_Data\level28,347988,2BA779F6,1450
0,0,COM3D2x64_Data\level29,1088412,A00DF2E2,1450
0,0,COM3D2x64_Data\level3,1200804,6A5AC52E,1450
0,0,COM3D2x64_Data\level30,340612,B7E4C53E,1450
0,0,COM3D2x64_Data\level31,447700,A1D06170,1450
0,0,COM3D2x64_Data\level32,27904,0DCDBA90,1450
0,0,COM3D2x64_Data\level32.resS,131232,851AC384,1450
0,0,COM3D2x64_Data\level33,51676,836279E8,1450
0,0,COM3D2x64_Data\level34,56036,B011A8E8,1450
0,0,COM3D2x64_Data\level35,6832,60A573EE,1450
0,0,COM3D2x64_Data\level36,326412,B5F54BE0,1450
0,0,COM3D2x64_Data\level37,1576460,7C7D7AF6,1450
0,0,COM3D2x64_Data\level38,1433092,3A9C0ED4,1450
0,0,COM3D2x64_Data\level39,1454692,FB33A6E7,1450
0,0,COM3D2x64_Data\level4,1212956,53E8B76F,1450
0,0,COM3D2x64_Data\level40,444068,07311A57,1450
0,0,COM3D2x64_Data\level41,395436,E7E99364,1450
0,0,COM3D2x64_Data\level42,426596,CF733A86,1450
0,0,COM3D2x64_Data\level43,1349924,D95A6254,1450
0,0,COM3D2x64_Data\level44,1414380,9D375EE6,1450
0,0,COM3D2x64_Data\level45,1539804,18FB9C75,1450
0,0,COM3D2x64_Data\level46,414036,86FA4120,1450
0,0,COM3D2x64_Data\level47,381132,03278826,1450
0,0,COM3D2x64_Data\level48,439500,03E13F3B,1450
0,0,COM3D2x64_Data\level49,396724,3451B799,1450
0,0,COM3D2x64_Data\level5,1284076,9F7204AB,1450
0,0,COM3D2x64_Data\level50,1374828,9B11DA1B,1450
0,0,COM3D2x64_Data\level51,381284,E73296FC,1450
0,0,COM3D2x64_Data\level52,659484,54E7C1A8,1450
0,0,COM3D2x64_Data\level53,537868,282133AA,1450
0,0,COM3D2x64_Data\level54,349900,B797E188,1450
0,0,COM3D2x64_Data\level55,1276788,99DB4A56,1450
0,0,COM3D2x64_Data\level56,1027412,34F9F9C4,1450
0,0,COM3D2x64_Data\level57,1034652,978A3144,1450
0,0,COM3D2x64_Data\level58,1276788,D2A7A70A,1450
0,0,COM3D2x64_Data\level59,1157348,0F9E5D62,1450
0,0,COM3D2x64_Data\level6,327004,6C891FAF,1450
0,0,COM3D2x64_Data\level60,945964,D875C311,1450
0,0,COM3D2x64_Data\level61,1232356,F9CB07E3,1450
0,0,COM3D2x64_Data\level62,1333372,1958B26F,1450
0,0,COM3D2x64_Data\level63,681380,CE4ACD9F,1450
0,0,COM3D2x64_Data\level64,918180,D39A2E7C,1450
0,0,COM3D2x64_Data\level65,401316,6DEE8BE6,1450
0,0,COM3D2x64_Data\level66,397684,B7211C2F,1450
0,0,COM3D2x64_Data\level67,441396,3B36BCCE,1450
0,0,COM3D2x64_Data\level68,463524,8FE3413E,1450
0,0,COM3D2x64_Data\level69,391924,F5C641C1,1450
0,0,COM3D2x64_Data\level7,1057044,5486D29B,1450
0,0,COM3D2x64_Data\level70,451884,FD2E61BA,1450
0,0,COM3D2x64_Data\level71,1040324,258BF59E,1450
0,0,COM3D2x64_Data\level72,964724,55522F55,1450
0,0,COM3D2x64_Data\level73,444604,433418E5,1450
0,0,COM3D2x64_Data\level74,466748,324BB991,1450
0,0,COM3D2x64_Data\level75,457332,47465D4F,1450
0,0,COM3D2x64_Data\level76,1044732,9AD1E27D,1450
0,0,COM3D2x64_Data\level77,1005004,F65C7FF6,1450
0,0,COM3D2x64_Data\level78,450380,F6E27D7B,1450
0,0,COM3D2x64_Data\level79,434900,C78CB7B4,1450
0,0,COM3D2x64_Data\level8,357876,12171920,1450
0,0,COM3D2x64_Data\level80,416572,2FEFF49E,1450
0,0,COM3D2x64_Data\level81,359636,3F1F2A2D,1450
0,0,COM3D2x64_Data\level82,1384124,5F37249F,1450
0,0,COM3D2x64_Data\level83,1324876,EFDE0CEE,1450
0,0,COM3D2x64_Data\level84,503396,67DFA365,1450
0,0,COM3D2x64_Data\level85,405524,3A30051B,1450
0,0,COM3D2x64_Data\level86,1252892,D68082AB,1450
0,0,COM3D2x64_Data\level87,970724,FEECC4DE,1450
0,0,COM3D2x64_Data\level88,1429196,9AC40A6A,1450
0,0,COM3D2x64_Data\level89,1370348,29190CB6,1450
0,0,COM3D2x64_Data\level9,417164,6066BF0E,1450
0,0,COM3D2x64_Data\level90,1576468,15267DD4,1450
0,0,COM3D2x64_Data\level91,1539812,232ACF9D,1450
0,0,COM3D2x64_Data\level92,1371500,94303DDD,1450
0,0,COM3D2x64_Data\level93,1337444,7773D187,1450
0,0,COM3D2x64_Data\level94,418132,02471E2A,1450
0,0,COM3D2x64_Data\level95,406748,452D3238,1450
0,0,COM3D2x64_Data\level96,1050604,1777B894,1450
0,0,COM3D2x64_Data\level97,851892,5869B4E0,1450
0,0,COM3D2x64_Data\level98,958660,CBC89516,1450
0,0,COM3D2x64_Data\level99,852852,76C493A7,1450
0,0,COM3D2x64_Data\resources.assets,411543616,C3FE0846,1450
0,0,COM3D2x64_Data\resources.assets.resS,1771516164,E3D8FB44,1450
0,0,COM3D2x64_Data\resources.resource,727392,54F90BDA,1450
0,0,COM3D2x64_Data\sharedassets0.assets,115226516,229BF607,1450
0,0,COM3D2x64_Data\sharedassets0.assets.resS,28071636,A1AB9432,1450
0,0,COM3D2x64_Data\sharedassets1.assets,6256,3E1CAC24,1450
0,0,COM3D2x64_Data\sharedassets10.assets,6112,E694DEC1,1450
0,0,COM3D2x64_Data\sharedassets100.assets,353884,80A86532,1450
0,0,COM3D2x64_Data\sharedassets100.assets.resS,2272048,E50143CB,1450
0,0,COM3D2x64_Data\sharedassets100.resource,6236800,C7E9CFDE,1450
0,0,COM3D2x64_Data\sharedassets101.assets,6568304,7D07EF4C,1450
0,0,COM3D2x64_Data\sharedassets101.assets.resS,10936,3B0D7ADF,1450
0,0,COM3D2x64_Data\sharedassets101.resource,1136352,956B5452,1450
0,0,COM3D2x64_Data\sharedassets102.assets,10252,E648B0A7,1450
0,0,COM3D2x64_Data\sharedassets103.assets,12796,E4DC009D,1450
0,0,COM3D2x64_Data\sharedassets104.assets,9592,ED28BF9A,1450
0,0,COM3D2x64_Data\sharedassets105.assets,9716,6D81AF7E,1450
0,0,COM3D2x64_Data\sharedassets105.resource,1003968,52A085C2,1450
0,0,COM3D2x64_Data\sharedassets106.assets,12916,41201278,1450
0,0,COM3D2x64_Data\sharedassets107.assets,12856,CE296F33,1450
0,0,COM3D2x64_Data\sharedassets108.assets,9532,30C61E8D,1450
0,0,COM3D2x64_Data\sharedassets11.assets,6088,84DE55CB,1450
0,0,COM3D2x64_Data\sharedassets12.assets,6328,A5CAEE56,1450
0,0,COM3D2x64_Data\sharedassets13.assets,6232,9CC088A7,1450
0,0,COM3D2x64_Data\sharedassets14.assets,6688,10C4EF82,1450
0,0,COM3D2x64_Data\sharedassets15.assets,4564,F2389E2C,1450
0,0,COM3D2x64_Data\sharedassets16.assets,6148,E2905E7C,1450
0,0,COM3D2x64_Data\sharedassets17.assets,4132,3ED90B3A,1450
0,0,COM3D2x64_Data\sharedassets18.assets,6868,B55FE7E1,1450
0,0,COM3D2x64_Data\sharedassets19.assets,6232,EB152FDD,1450
0,0,COM3D2x64_Data\sharedassets2.assets,6292,97D3B382,1450
0,0,COM3D2x64_Data\sharedassets20.assets,30936236,C9B2FA1C,1450
0,0,COM3D2x64_Data\sharedassets21.assets,6292,1E042E8B,1450
0,0,COM3D2x64_Data\sharedassets22.assets,48052092,3252D300,1450
0,0,COM3D2x64_Data\sharedassets23.assets,6316,6BF6F09A,1450
0,0,COM3D2x64_Data\sharedassets24.assets,6376,F645CC00,1450
0,0,COM3D2x64_Data\sharedassets25.assets,6184,AEFFFAD2,1450
0,0,COM3D2x64_Data\sharedassets26.assets,7096,BED245E0,1450
0,0,COM3D2x64_Data\sharedassets27.assets,39516308,350919E9,1450
0,0,COM3D2x64_Data\sharedassets28.assets,6184,60B0A9EF,1450
0,0,COM3D2x64_Data\sharedassets29.assets,12664,67D4FA2A,1450
0,0,COM3D2x64_Data\sharedassets3.assets,7972,DF3FB43E,1450
0,0,COM3D2x64_Data\sharedassets30.assets,6112,9B22E9D0,1450
0,0,COM3D2x64_Data\sharedassets31.assets,18126856,F23CA83A,1450
0,0,COM3D2x64_Data\sharedassets32.assets,12328,C2DF92B8,1450
0,0,COM3D2x64_Data\sharedassets33.assets,4420,673FF1A5,1450
0,0,COM3D2x64_Data\sharedassets34.assets,4324,F0AB3D9B,1450
0,0,COM3D2x64_Data\sharedassets35.assets,4264,492DCE80,1450
0,0,COM3D2x64_Data\sharedassets36.assets,6124,B122020C,1450
0,0,COM3D2x64_Data\sharedassets37.assets,145550532,73F7FCE4,1450
0,0,COM3D2x64_Data\sharedassets38.assets,135254532,E5949C06,1450
0,0,COM3D2x64_Data\sharedassets39.assets,127532532,1F43EBE8,1450
0,0,COM3D2x64_Data\sharedassets4.assets,12916,8C7388EC,1450
0,0,COM3D2x64_Data\sharedassets40.assets,7228,CFBAAC5E,1450
0,0,COM3D2x64_Data\sharedassets41.assets,6976,40AAF592,1450
0,0,COM3D2x64_Data\sharedassets42.assets,7252,8DC26798,1450
0,0,COM3D2x64_Data\sharedassets43.assets,9388,A652BFC0,1450
0,0,COM3D2x64_Data\sharedassets44.assets,9496,92BFA9E4,1450
0,0,COM3D2x64_Data\sharedassets45.assets,9484,BBE6BBB6,1450
0,0,COM3D2x64_Data\sharedassets46.assets,8524,D17FEDEC,1450
0,0,COM3D2x64_Data\sharedassets47.assets,6592,91514FE2,1450
0,0,COM3D2x64_Data\sharedassets48.assets,8332,AD0DC632,1450
0,0,COM3D2x64_Data\sharedassets49.assets,792692,F55E9258,1450
0,0,COM3D2x64_Data\sharedassets49.assets.resS,6506584,427886ED,1450
0,0,COM3D2x64_Data\sharedassets5.assets,7144,123B80F5,1450
0,0,COM3D2x64_Data\sharedassets50.assets,141689532,C58BA32C,1450
0,0,COM3D2x64_Data\sharedassets51.assets,6580,DD413D13,1450
0,0,COM3D2x64_Data\sharedassets52.assets,6748,767D870D,1450
0,0,COM3D2x64_Data\sharedassets53.assets,6520,72A5E987,1450
0,0,COM3D2x64_Data\sharedassets54.assets,6124,7812D430,1450
0,0,COM3D2x64_Data\sharedassets55.assets,128819620,8717E039,1450
0,0,COM3D2x64_Data\sharedassets56.assets,9256,942FF5D4,1450
0,0,COM3D2x64_Data\sharedassets57.assets,9280,7E34C23B,1450
0,0,COM3D2x64_Data\sharedassets58.assets,12712,EE7FA50C,1450
0,0,COM3D2x64_Data\sharedassets59.assets,9484,EB760815,1450
0,0,COM3D2x64_Data\sharedassets6.assets,6136,6E285EAD,1450
0,0,COM3D2x64_Data\sharedassets60.assets,9292,8FFCF323,1450
0,0,COM3D2x64_Data\sharedassets61.assets,9460,2C91E349,1450
0,0,COM3D2x64_Data\sharedassets62.assets,9496,B95B3AC1,1450
0,0,COM3D2x64_Data\sharedassets63.assets,6652,9976D2BF,1450
0,0,COM3D2x64_Data\sharedassets64.assets,9460,1518F717,1450
0,0,COM3D2x64_Data\sharedassets65.assets,42236540,FF069AF7,1450
0,0,COM3D2x64_Data\sharedassets65.assets.resS,87400,8BA6C322,1450
0,0,COM3D2x64_Data\sharedassets66.assets,38246508,9C27B674,1450
0,0,COM3D2x64_Data\sharedassets67.assets,32874604,776BD351,1450
0,0,COM3D2x64_Data\sharedassets68.assets,36735684,B1337C22,1450
0,0,COM3D2x64_Data\sharedassets68.assets.resS,174776,5B619AF1,1450
0,0,COM3D2x64_Data\sharedassets69.assets,41277360,D3BAC0B1,1450
0,0,COM3D2x64_Data\sharedassets7.assets,6976,F0DE314D,1450
0,0,COM3D2x64_Data\sharedassets70.assets,39399112,483D82A9,1450
0,0,COM3D2x64_Data\sharedassets71.assets,3017148,98B81C6F,1450
0,0,COM3D2x64_Data\sharedassets71.assets.resS,611728,7BFBEAAE,1450
0,0,COM3D2x64_Data\sharedassets72.assets,9508,D7CD455D,1450
0,0,COM3D2x64_Data\sharedassets73.assets,6508,4D0913DA,1450
0,0,COM3D2x64_Data\sharedassets74.assets,6508,4D0913DA,1450
0,0,COM3D2x64_Data\sharedassets75.assets,6508,4D0913DA,1450
0,0,COM3D2x64_Data\sharedassets76.assets,12604,77F60E6C,1450
0,0,COM3D2x64_Data\sharedassets77.assets,9460,848DC486,1450
0,0,COM3D2x64_Data\sharedassets78.assets,6472,6ABBA103,1450
0,0,COM3D2x64_Data\sharedassets79.assets,59364,E83D1438,1450
0,0,COM3D2x64_Data\sharedassets79.assets.resS,174776,B51EE5DC,1450
0,0,COM3D2x64_Data\sharedassets8.assets,6136,C7D20A62,1450
0,0,COM3D2x64_Data\sharedassets80.assets,6484,EC3FBFBD,1450
0,0,COM3D2x64_Data\sharedassets81.assets,6736,9FBF8D16,1450
0,0,COM3D2x64_Data\sharedassets82.assets,759664,882A8395,1450
0,0,COM3D2x64_Data\sharedassets82.assets.resS,1310880,58801C35,1450
0,0,COM3D2x64_Data\sharedassets82.resource,1178176,90268BF4,1450
0,0,COM3D2x64_Data\sharedassets83.assets,9316,6BCCFCD5,1450
0,0,COM3D2x64_Data\sharedassets84.assets,52838324,A690294A,1450
0,0,COM3D2x64_Data\sharedassets84.assets.resS,6226112,B3E98769,1450
0,0,COM3D2x64_Data\sharedassets85.assets,6580,1623E063,1450
0,0,COM3D2x64_Data\sharedassets86.assets,13852,3FB76102,1450
0,0,COM3D2x64_Data\sharedassets87.assets,9448,B1989B8E,1450
0,0,COM3D2x64_Data\sharedassets88.assets,12616,A1D19DE0,1450
0,0,COM3D2x64_Data\sharedassets89.assets,9436,C3604EE3,1450
0,0,COM3D2x64_Data\sharedassets9.assets,7096,C36C3722,1450
0,0,COM3D2x64_Data\sharedassets90.assets,12628,1FDE2CAF,1450
0,0,COM3D2x64_Data\sharedassets91.assets,9484,BBE6BBB6,1450
0,0,COM3D2x64_Data\sharedassets92.assets,12616,A1D19DE0,1450
0,0,COM3D2x64_Data\sharedassets93.assets,10384,8EA8A253,1450
0,0,COM3D2x64_Data\sharedassets94.assets,6868,8B8787ED,1450
0,0,COM3D2x64_Data\sharedassets95.assets,6436,F76C0B2E,1450
0,0,COM3D2x64_Data\sharedassets96.assets,11692,79D8A12A,1450
0,0,COM3D2x64_Data\sharedassets96.resource,2729184,2D4064D6,1450
0,0,COM3D2x64_Data\sharedassets97.assets,11560,CB7764B0,1450
0,0,COM3D2x64_Data\sharedassets98.assets,8296,CC40707B,1450
0,0,COM3D2x64_Data\sharedassets99.assets,7612,594F8E25,1450
0,0,COM3D2x64_Data\Managed\Accessibility.dll,10752,5CB31E4E,1450
0,0,COM3D2x64_Data\Managed\Assembly-CSharp-firstpass.dll,785920,C0E8E1AB,1450
0,0,COM3D2x64_Data\Managed\Assembly-CSharp.dll,5373440,45E194A4,1450
0,0,COM3D2x64_Data\Managed\Assembly-UnityScript-firstpass.dll,65024,4FDF1F7E,1450
0,0,COM3D2x64_Data\Managed\Boo.Lang.dll,126976,28383F70,1450
0,0,COM3D2x64_Data\Managed\BouncyCastle.Crypto.dll,2236416,5A4C4F07,1450
0,0,COM3D2x64_Data\Managed\FoveUnityPlugin.dll,28672,A6EA882B,1450
0,0,COM3D2x64_Data\Managed\ICSharpCode.SharpZipLib.dll,200704,D3160A1C,1450
0,0,COM3D2x64_Data\Managed\Ionic.Zlib.dll,102400,7C9E7DD2,1450
0,0,COM3D2x64_Data\Managed\JsonFx.Json.dll,70144,A0F0CFCB,1450
0,0,COM3D2x64_Data\Managed\LeapCSharp.NET3.5.dll,82432,38E38212,1450
0,0,COM3D2x64_Data\Managed\Mono.Data.Tds.dll,96256,2965324B,1450
0,0,COM3D2x64_Data\Managed\Mono.Posix.dll,184320,0CE35BE3,1450
0,0,COM3D2x64_Data\Managed\Mono.Security.dll,294912,66EB9979,1450
0,0,COM3D2x64_Data\Managed\Mono.WebBrowser.dll,172032,137B736F,1450
0,0,COM3D2x64_Data\Managed\mscorlib.dll,2590208,5166389B,1450
0,0,COM3D2x64_Data\Managed\Newtonsoft.Json.dll,494592,5C881B73,1450
0,0,COM3D2x64_Data\Managed\System.Configuration.dll,124928,72952344,1450
0,0,COM3D2x64_Data\Managed\System.Core.dll,297472,9E3EE5D7,1450
0,0,COM3D2x64_Data\Managed\System.Data.dll,856064,DDDB80CD,1450
0,0,COM3D2x64_Data\Managed\System.dll,1679360,13922617,1450
0,0,COM3D2x64_Data\Managed\System.Drawing.Design.dll,29696,E7B53FF9,1450
0,0,COM3D2x64_Data\Managed\System.Drawing.dll,448512,C4B2E872,1450
0,0,COM3D2x64_Data\Managed\System.EnterpriseServices.dll,46592,2C72A9FE,1450
0,0,COM3D2x64_Data\Managed\System.Security.dll,135168,1CE94C57,1450
0,0,COM3D2x64_Data\Managed\System.Transactions.dll,27648,45299FCF,1450
0,0,COM3D2x64_Data\Managed\System.Windows.Forms.dll,3053568,56394001,1450
0,0,COM3D2x64_Data\Managed\System.Xml.dll,1270272,4581A35B,1450
0,0,COM3D2x64_Data\Managed\System.Xml.Linq.dll,106496,E844371C,1450
0,0,COM3D2x64_Data\Managed\UnityEngine.dll,1393152,2C35388C,1450
0,0,COM3D2x64_Data\Managed\UnityEngine.dll.mdb,449828,8610375E,1450
0,0,COM3D2x64_Data\Managed\UnityEngine.Networking.dll,253952,2BDF701F,1450
0,0,COM3D2x64_Data\Managed\UnityEngine.UI.dll,245760,FA552B2D,1450
0,0,COM3D2x64_Data\Managed\UnityEngine.VR.dll,3072,A4582CD6,1450
0,0,COM3D2x64_Data\Managed\UnityScript.Lang.dll,13824,0DA8F681,1450
0,0,COM3D2x64_Data\Managed\Win32.dll,13312,7781C2A2,1450
0,0,COM3D2x64_Data\Managed\zxing.unity.dll,430592,9FD1F198,1450
0,0,COM3D2x64_Data\Mono\mono.dll,2618816,0BEA8C0F,1450
0,0,COM3D2x64_Data\Mono\MonoPosixHelper.dll,113664,9B5E1E4D,1450
0,0,COM3D2x64_Data\Mono\etc\mono\browscap.ini,311984,CE6C0AB3,1450
0,0,COM3D2x64_Data\Mono\etc\mono\config,1691,A635914A,1450
0,0,COM3D2x64_Data\Mono\etc\mono\1.0\DefaultWsdlHelpGenerator.aspx,58196,10E814BF,1450
0,0,COM3D2x64_Data\Mono\etc\mono\1.0\machine.config,17258,EDE1AC59,1450
0,0,COM3D2x64_Data\Mono\etc\mono\2.0\DefaultWsdlHelpGenerator.aspx,60453,F3869A34,1450
0,0,COM3D2x64_Data\Mono\etc\mono\2.0\machine.config,27625,73C91C24,1450
0,0,COM3D2x64_Data\Mono\etc\mono\2.0\settings.map,2618,A1A3C29F,1450
0,0,COM3D2x64_Data\Mono\etc\mono\2.0\web.config,11686,534A9960,1450
0,0,COM3D2x64_Data\Mono\etc\mono\2.0\Browsers\Compat.browser,1605,2E178A0B,1450
0,0,COM3D2x64_Data\Mono\etc\mono\mconfig\config.xml,25817,80B2033A,1450
0,0,COM3D2x64_Data\Plugins\assimp.dll,4388864,7C910D84,1450
0,0,COM3D2x64_Data\Plugins\Audio360.dll,1499136,2D77400A,1450
0,0,COM3D2x64_Data\Plugins\AVProVideo.dll,891392,A3612D4B,1450
0,0,COM3D2x64_Data\Plugins\clothpp.dll,112128,7C3264A4,1450
0,0,COM3D2x64_Data\Plugins\cm3d2.dll,2088448,554FCBFF,1450
0,0,COM3D2x64_Data\Plugins\device_hook.dll,738816,F61E7CED,1450
0,0,COM3D2x64_Data\Plugins\FoveClient.dll,1849384,58C8B4F6,1450
0,0,COM3D2x64_Data\Plugins\LeapC.dll,2516992,FBDD3767,1450
0,0,COM3D2x64_Data\Plugins\openvr_api.dll,318272,44432E0F,1450
0,0,COM3D2x64_Data\Plugins\OVRGamepad.dll,12800,2C526135,1450
0,0,COM3D2x64_Data\Plugins\OVRLipSync.dll,2512296,391C1F4C,1450
0,0,COM3D2x64_Data\Plugins\OVRPlugin.dll,1898408,5DD05B6C,1450
0,0,COM3D2x64_Data\Plugins\Win32-WebView.dll,504832,382AEE66,1450
0,0,COM3D2x64_Data\Resources\unity default resources,752360,71DB1AEA,1450
0,0,COM3D2x64_Data\Resources\unity_builtin_extra,284012,91145F7F,1450
0,0,GameData\motion2.arc,182206657,A1DA2B66,1430
0,0,GameData\motion_gp001_2.arc,44501550,AA93BEF1,1312
0,0,GameData\script.arc,16959843,A5C2D510,1450
0,0,GameData\voice2.arc,445007879,8511FC6B,1350
share,GameData\en_only\csv_3d21reserve2_2.arc,GameData\csv_3d21reserve2_2.arc,51058,873C1E3B,1430
share,GameData\en_only\language.arc,GameData\language.arc,420659,45185601,1450
share,GameData\patch\csv.arc,GameData\csv.arc,7104851,BDA911C8,1450
share,GameData\patch\csv_gp001_2.arc,GameData\csv_gp001_2.arc,89204,9BB06354,1420
share,GameData\patch\parts2.arc,GameData\parts2.arc,164499763,768E383C,1440
share,GameData\patch\parts_gp001_2.arc,GameData\parts_gp001_2.arc,62132696,2ADBAD1F,1440
share,GameData\patch\paths.dat,GameData\paths.dat,7524,A3BD5F92,1450
share,GameData\patch\prioritymaterial.arc,GameData\prioritymaterial.arc,384061,BDFF3F49,1450
share,GameData\patch\sound2.arc,GameData\sound2.arc,4094217,BA4C4711,1430
share,GameData\patch\system2.arc,GameData\system2.arc,14628459,035A5837,1420
share,GameData\patch\system_gp001_2.arc,GameData\system_gp001_2.arc,7478491,A3D9E534,1420
