0,0,CM3D2x64.exe,14914560,C06F8490,108
0,0,CM3D2x64_Data\level0,154376,B4D7A298,108
0,0,CM3D2x64_Data\level1,209928,632DCD9E,108
0,0,CM3D2x64_Data\level10,140120,E0481D1B,108
0,0,CM3D2x64_Data\level11,164464,5C4CE73B,108
0,0,CM3D2x64_Data\level12,140120,58854835,108
0,0,CM3D2x64_Data\level15,143184,51315114,108
0,0,CM3D2x64_Data\level17,140880,32B0D60C,108
0,0,CM3D2x64_Data\level18,193328,18D3552B,108
0,0,CM3D2x64_Data\level2,427672,ECAA55A1,108
0,0,CM3D2x64_Data\level4,545944,7BEBCD79,108
0,0,CM3D2x64_Data\level5,140528,033F0B47,108
0,0,CM3D2x64_Data\level6,277152,4352712F,108
0,0,CM3D2x64_Data\level7,180952,C0D6A14E,108
0,0,CM3D2x64_Data\level8,177144,FC7690FE,108
0,0,CM3D2x64_Data\level9,150136,52F8EA68,108
0,0,CM3D2x64_Data\mainData,847984,8DAF307F,108
0,0,CM3D2x64_Data\PlayerConnectionConfigFile,19,3E457A9B,108
0,0,CM3D2x64_Data\resources.assets,209522208,64180238,108
0,0,CM3D2x64_Data\sharedassets4.assets,170642964,B18D4269,108
0,0,CM3D2x64_Data\Managed\Assembly-CSharp-firstpass.dll,163328,20F35434,108
0,0,CM3D2x64_Data\Managed\Assembly-CSharp.dll,1790464,17E2F9A9,108
0,0,CM3D2x64_Data\Managed\Assembly-UnityScript-firstpass.dll,65024,8002BF72,108
