0,0,GameData\assets\language.aba,298498,30B96FE5,13206
0,0,GameData\assets\language.ct,203,DB00C203,13206
0,0,GameData\assets\parts_2.aba,105308607,734F6240,13203
0,0,GameData\assets\parts_2.ct,12794,9A80832D,13203
0,0,GameData\assets\partsmeta.aba,169603,7446FB9C,13210
0,0,GameData\assets\partsmeta.ct,19912,BBE7A09C,13210
0,0,GameData\dlc\parts_cm3d2_hair_2.aba,282984,2234B7E1,13206
0,0,GameData\dlc\parts_cm3d2_hair_2.ct,672,B09CE2A7,13206
0,0,GameData\dlc\parts_com3d2_hair_2.aba,27421294,AC24A1F5,13203
0,0,GameData\dlc\parts_com3d2_hair_2.ct,4507,95297665,13203
0,0,GameData\dlc\parts_cr002_gp003_2.aba,61161,BC9F8ADF,13204
0,0,GameData\dlc\parts_cr002_gp003_2.ct,591,2F52305D,13204
0,0,GameData\dlc\parts_cres2_2.aba,10848744,B7620B21,13204
0,0,GameData\dlc\parts_cres2_2.ct,804,94753341,13204
0,0,GameData\dlc\parts_dlc216_2.aba,2831,9B72F503,13203
0,0,GameData\dlc\parts_dlc216_2.ct,295,4D5EC31D,13203
0,0,GameData\dlc\parts_dlc361_2.aba,4332885,413DE5E6,13204
0,0,GameData\dlc\parts_dlc361_2.ct,2362,BB5FFFBC,13204
0,0,GameData\dlc\parts_dlc363_2.aba,10961571,A5A922BE,13204
0,0,GameData\dlc\parts_dlc363_2.ct,2341,AAA8F87F,13204
0,0,GameData\dlc\parts_dlc417_gp003_2.aba,96740541,709709A6,13203
0,0,GameData\dlc\parts_dlc417_gp003_2.ct,9663,E92B64B5,13203
0,0,GameData\dlc\parts_dlc499_gp003_2.aba,6901625,73EE5465,13203
0,0,GameData\dlc\parts_dlc499_gp003_2.ct,960,69F439F9,13203
0,0,GameData\dlc\parts_dlc504_gp003_2.aba,2683,4703E77E,13203
0,0,GameData\dlc\parts_dlc504_gp003_2.ct,312,E7095B4E,13203
0,0,GameData\dlc\parts_dlc510_gp003_2.aba,27745660,465ADCE9,13202
0,0,GameData\dlc\parts_dlc510_gp003_2.ct,1052,99435BEC,13202
0,0,GameData\dlc\parts_dlc511_gp003_2.aba,2986398,262116BF,13204
0,0,GameData\dlc\parts_dlc511_gp003_2.ct,723,7650E2F7,13204
0,0,GameData\dlc\parts_dlc540_gp003_2.aba,795562,AA7446AF,13205
0,0,GameData\dlc\parts_dlc540_gp003_2.ct,719,C539D7FE,13205
0,0,GameData\dlc\parts_dlc546_gp003_2.aba,2843,58DAA6CC,13206
0,0,GameData\dlc\parts_dlc546_gp003_2.ct,312,8CE7D103,13206
0,0,GameData\dlc\parts_gp001fb_2.aba,3441,C4A107C1,13203
0,0,GameData\dlc\parts_gp001fb_2.ct,299,81F1C5BC,13203
0,0,GameData\dlc\parts_oldplus007hair2_2.aba,2897,67C8B100,13203
0,0,GameData\dlc\parts_oldplus007hair2_2.ct,324,D2F38695,13203
0,0,GameData\dlc\parts_stream001_2.aba,2805,7344D6D8,13202
0,0,GameData\dlc\parts_stream001_2.ct,305,A13BFEEA,13202
0,0,GameData\dlc\parts_yomeidokanteidan_accset_gp003_2.aba,1257712,E3CA856D,13201
0,0,GameData\dlc\parts_yomeidokanteidan_accset_gp003_2.ct,1216,4CAB314E,13201
0,0,CR EditSystem.exe,666624,2F9CBFC9,13206
