0,0,COM3D2OH.exe,6623232,E30BEDE0,2006
0,0,COM3D2OHx64.exe,22841856,858642A8,1271
0,0,LICENSE,31205,24BAD003,1270
0,0,COM3D2OHx64_Data\app.info,42,6CD75754,1270
0,0,COM3D2OHx64_Data\globalgamemanagers,4222652,66F9CA9E,1270
0,0,COM3D2OHx64_Data\globalgamemanagers.assets,229740,625F46A8,1270
0,0,COM3D2OHx64_Data\level0,313076,F99F6FD9,1270
0,0,COM3D2OHx64_Data\level1,335924,6A70CC66,1270
0,0,COM3D2OHx64_Data\level10,681412,BB675616,1270
0,0,COM3D2OHx64_Data\level11,7412,DA9E7E68,1270
0,0,COM3D2OHx64_Data\level12,315532,3AC6BD95,1270
0,0,COM3D2OHx64_Data\level13,4664,2E6415A6,1270
0,0,COM3D2OHx64_Data\level14,332220,7A1D483A,1270
0,0,COM3D2OHx64_Data\level15,320396,949AA77A,1270
0,0,COM3D2OHx64_Data\level16,940932,DF004B15,1270
0,0,COM3D2OHx64_Data\level17,411204,C54767B7,1270
0,0,COM3D2OHx64_Data\level18,1070572,AFAB4B20,1270
0,0,COM3D2OHx64_Data\level19,397060,8AC6FFBE,1270
0,0,COM3D2OHx64_Data\level2,727908,DC411066,1270
0,0,COM3D2OHx64_Data\level20,2154212,A8541EBA,1270
0,0,COM3D2OHx64_Data\level21,1100580,D35AAC18,1270
0,0,COM3D2OHx64_Data\level22,1073884,68E23795,1270
0,0,COM3D2OHx64_Data\level23,435268,FAA34A51,1270
0,0,COM3D2OHx64_Data\level24,27904,E65B6107,1270
0,0,COM3D2OHx64_Data\level24.resS,131232,437C95D8,1270
0,0,COM3D2OHx64_Data\level25,51676,7B3B5F9F,1270
0,0,COM3D2OHx64_Data\level26,56036,4400D875,1270
0,0,COM3D2OHx64_Data\level27,6832,F55CFE8A,1270
0,0,COM3D2OHx64_Data\level28,313980,D2E0E695,1270
0,0,COM3D2OHx64_Data\level29,1561900,E4250D75,1270
0,0,COM3D2OHx64_Data\level3,1198428,54359FFD,1270
0,0,COM3D2OHx64_Data\level30,1418532,F2B65CFA,1270
0,0,COM3D2OHx64_Data\level31,1440132,47732E7F,1270
0,0,COM3D2OHx64_Data\level32,1335364,8562551E,1270
0,0,COM3D2OHx64_Data\level33,1399820,AE198C70,1270
0,0,COM3D2OHx64_Data\level34,1525228,1A0C9BCC,1270
0,0,COM3D2OHx64_Data\level35,1262228,E472416B,1270
0,0,COM3D2OHx64_Data\level36,1012852,10A206AC,1270
0,0,COM3D2OHx64_Data\level37,1020140,BE78CAD5,1270
0,0,COM3D2OHx64_Data\level38,1262228,E65DE8AA,1270
0,0,COM3D2OHx64_Data\level39,1142820,AE373809,1270
0,0,COM3D2OHx64_Data\level4,1231412,1865F48F,1270
0,0,COM3D2OHx64_Data\level40,931388,BF2195BF,1270
0,0,COM3D2OHx64_Data\level41,1217796,9CFE2732,1270
0,0,COM3D2OHx64_Data\level42,1360268,A820D330,1270
0,0,COM3D2OHx64_Data\level43,1318812,84E34920,1270
0,0,COM3D2OHx64_Data\level44,903620,C04FCDC9,1270
0,0,COM3D2OHx64_Data\level45,388884,8BC15632,1270
0,0,COM3D2OHx64_Data\level46,385252,F327E73C,1270
0,0,COM3D2OHx64_Data\level47,428964,45897097,1270
0,0,COM3D2OHx64_Data\level48,451092,94666E13,1270
0,0,COM3D2OHx64_Data\level49,379492,E393E854,1270
0,0,COM3D2OHx64_Data\level5,315196,D32FF3AC,1270
0,0,COM3D2OHx64_Data\level50,439452,8D3082C1,1270
0,0,COM3D2OHx64_Data\level51,1025796,945FCD44,1270
0,0,COM3D2OHx64_Data\level52,950196,FB41F539,1270
0,0,COM3D2OHx64_Data\level53,432172,60B59D02,1270
0,0,COM3D2OHx64_Data\level54,454316,8370E2B3,1270
0,0,COM3D2OHx64_Data\level55,444900,4ACA0F0A,1270
0,0,COM3D2OHx64_Data\level56,1030204,6F92A8F0,1270
0,0,COM3D2OHx64_Data\level57,990492,A8F4A5FA,1270
0,0,COM3D2OHx64_Data\level58,437948,585E2EDC,1270
0,0,COM3D2OHx64_Data\level59,422468,E41245F1,1270
0,0,COM3D2OHx64_Data\level6,403692,C3CBB3EB,1270
0,0,COM3D2OHx64_Data\level60,404140,E1C0FE3B,1270
0,0,COM3D2OHx64_Data\level61,1369612,2242231D,1270
0,0,COM3D2OHx64_Data\level62,1310348,4863445F,1270
0,0,COM3D2OHx64_Data\level63,490964,238CC7BC,1270
0,0,COM3D2OHx64_Data\level64,389348,6E3B4652,1270
0,0,COM3D2OHx64_Data\level65,1238364,6727D8B4,1270
0,0,COM3D2OHx64_Data\level66,956196,AD3AF479,1270
0,0,COM3D2OHx64_Data\level7,313588,DA9B4B0B,1270
0,0,COM3D2OHx64_Data\level8,380820,24BFFC3D,1270
0,0,COM3D2OHx64_Data\level9,316700,EF849E79,1270
0,0,COM3D2OHx64_Data\resources.assets,391006544,879BB10E,1270
0,0,COM3D2OHx64_Data\resources.assets.resS,1705375672,6A5DA16B,1270
0,0,COM3D2OHx64_Data\resources.resource,727392,54F90BDA,1270
0,0,COM3D2OHx64_Data\sharedassets0.assets,115228244,56B7C0C2,1270
0,0,COM3D2OHx64_Data\sharedassets0.assets.resS,121744416,255B44E0,1270
0,0,COM3D2OHx64_Data\sharedassets1.assets,6304,DA85B4CB,1270
0,0,COM3D2OHx64_Data\sharedassets10.assets,6676,C79ADBA1,1270
0,0,COM3D2OHx64_Data\sharedassets11.assets,4576,D01A5AAE,1270
0,0,COM3D2OHx64_Data\sharedassets12.assets,6172,55D5F71F,1270
0,0,COM3D2OHx64_Data\sharedassets13.assets,4132,8230FDDE,1270
0,0,COM3D2OHx64_Data\sharedassets14.assets,6892,E44C7933,1270
0,0,COM3D2OHx64_Data\sharedassets15.assets,6232,623DC707,1270
0,0,COM3D2OHx64_Data\sharedassets16.assets,12580,FC6B5A96,1270
0,0,COM3D2OHx64_Data\sharedassets17.assets,6340,4ECE6196,1270
0,0,COM3D2OHx64_Data\sharedassets18.assets,12724,1F0FA535,1270
0,0,COM3D2OHx64_Data\sharedassets19.assets,6340,0ADBBC90,1270
0,0,COM3D2OHx64_Data\sharedassets2.assets,6592,A4BC9596,1270
0,0,COM3D2OHx64_Data\sharedassets20.assets,7132,1295052F,1270
0,0,COM3D2OHx64_Data\sharedassets21.assets,12700,62182126,1270
0,0,COM3D2OHx64_Data\sharedassets22.assets,12700,62182126,1270
0,0,COM3D2OHx64_Data\sharedassets23.assets,18126880,9D601EBD,1270
0,0,COM3D2OHx64_Data\sharedassets24.assets,12328,77C39F57,1270
0,0,COM3D2OHx64_Data\sharedassets25.assets,4420,54FEF1D7,1270
0,0,COM3D2OHx64_Data\sharedassets26.assets,4324,CE09B144,1270
0,0,COM3D2OHx64_Data\sharedassets27.assets,4264,1CE8CF80,1270
0,0,COM3D2OHx64_Data\sharedassets28.assets,6148,78498AEA,1270
0,0,COM3D2OHx64_Data\sharedassets29.assets,12580,F5F71C5D,1270
0,0,COM3D2OHx64_Data\sharedassets3.assets,12952,EFE24FCC,1270
0,0,COM3D2OHx64_Data\sharedassets30.assets,12580,56389ADA,1270
0,0,COM3D2OHx64_Data\sharedassets31.assets,12580,1C6A19D9,1270
0,0,COM3D2OHx64_Data\sharedassets32.assets,9400,D7F48702,1270
0,0,COM3D2OHx64_Data\sharedassets33.assets,9508,79FC16AE,1270
0,0,COM3D2OHx64_Data\sharedassets34.assets,9496,5EF35CD2,1270
0,0,COM3D2OHx64_Data\sharedassets35.assets,12664,1D850A52,1270
0,0,COM3D2OHx64_Data\sharedassets36.assets,9292,8AC679D4,1270
0,0,COM3D2OHx64_Data\sharedassets37.assets,9328,7DE2C174,1270
0,0,COM3D2OHx64_Data\sharedassets38.assets,12664,1D850A52,1270
0,0,COM3D2OHx64_Data\sharedassets39.assets,9532,2B7379E2,1270
0,0,COM3D2OHx64_Data\sharedassets4.assets,7216,29137CD6,1270
0,0,COM3D2OHx64_Data\sharedassets40.assets,9328,7DE2C174,1270
0,0,COM3D2OHx64_Data\sharedassets41.assets,9472,234966DE,1270
0,0,COM3D2OHx64_Data\sharedassets42.assets,12580,EA41F334,1270
0,0,COM3D2OHx64_Data\sharedassets43.assets,9508,79FC16AE,1270
0,0,COM3D2OHx64_Data\sharedassets44.assets,9496,5EF35CD2,1270
0,0,COM3D2OHx64_Data\sharedassets45.assets,42236564,0A31D266,1270
0,0,COM3D2OHx64_Data\sharedassets45.assets.resS,87400,8BA6C322,1270
0,0,COM3D2OHx64_Data\sharedassets46.assets,38246532,695929BD,1270
0,0,COM3D2OHx64_Data\sharedassets47.assets,32874628,E534D35A,1270
0,0,COM3D2OHx64_Data\sharedassets48.assets,36735708,2B3CEA80,1270
0,0,COM3D2OHx64_Data\sharedassets48.assets.resS,174776,5B619AF1,1270
0,0,COM3D2OHx64_Data\sharedassets49.assets,41277384,9489D42E,1270
0,0,COM3D2OHx64_Data\sharedassets5.assets,6184,500A279B,1270
0,0,COM3D2OHx64_Data\sharedassets50.assets,39399136,2153838F,1270
0,0,COM3D2OHx64_Data\sharedassets51.assets,3017132,562C0150,1270
0,0,COM3D2OHx64_Data\sharedassets51.assets.resS,611728,7BFBEAAE,1270
0,0,COM3D2OHx64_Data\sharedassets52.assets,9556,593BAE98,1270
0,0,COM3D2OHx64_Data\sharedassets53.assets,6532,EDC9E35F,1270
0,0,COM3D2OHx64_Data\sharedassets54.assets,6532,EDC9E35F,1270
0,0,COM3D2OHx64_Data\sharedassets55.assets,6532,EDC9E35F,1270
0,0,COM3D2OHx64_Data\sharedassets56.assets,12592,BEF170A7,1270
0,0,COM3D2OHx64_Data\sharedassets57.assets,9508,62B6EC64,1270
0,0,COM3D2OHx64_Data\sharedassets58.assets,6496,275AD578,1270
0,0,COM3D2OHx64_Data\sharedassets59.assets,59388,D1D8615B,1270
0,0,COM3D2OHx64_Data\sharedassets59.assets.resS,174776,B51EE5DC,1270
0,0,COM3D2OHx64_Data\sharedassets6.assets,7108,5039541D,1270
0,0,COM3D2OHx64_Data\sharedassets60.assets,6508,CF4CF573,1270
0,0,COM3D2OHx64_Data\sharedassets61.assets,759648,15082E5F,1270
0,0,COM3D2OHx64_Data\sharedassets61.assets.resS,1310880,58801C35,1270
0,0,COM3D2OHx64_Data\sharedassets61.resource,1178176,90268BF4,1270
0,0,COM3D2OHx64_Data\sharedassets62.assets,9364,B0D13117,1270
0,0,COM3D2OHx64_Data\sharedassets63.assets,3412536,78B91A6C,1270
0,0,COM3D2OHx64_Data\sharedassets63.assets.resS,6226112,B3E98769,1270
0,0,COM3D2OHx64_Data\sharedassets64.assets,6604,9302C92D,1270
0,0,COM3D2OHx64_Data\sharedassets65.assets,13840,C6412FDF,1270
0,0,COM3D2OHx64_Data\sharedassets66.assets,9496,5EF35CD2,1270
0,0,COM3D2OHx64_Data\sharedassets7.assets,6112,898761A3,1270
0,0,COM3D2OHx64_Data\sharedassets8.assets,6364,8394B7DB,1270
0,0,COM3D2OHx64_Data\sharedassets9.assets,6256,F46566CF,1270
0,0,COM3D2OHx64_Data\Managed\Accessibility.dll,10752,5CB31E4E,1270
0,0,COM3D2OHx64_Data\Managed\Assembly-CSharp-firstpass.dll,787456,DCEB9520,1270
0,0,COM3D2OHx64_Data\Managed\Assembly-CSharp.dll,5231616,F7389A09,1271
0,0,COM3D2OHx64_Data\Managed\Assembly-UnityScript-firstpass.dll,65024,2A8F3F9D,1270
0,0,COM3D2OHx64_Data\Managed\Boo.Lang.dll,126976,28383F70,1270
0,0,COM3D2OHx64_Data\Managed\BouncyCastle.Crypto.dll,2236416,5A4C4F07,1270
0,0,COM3D2OHx64_Data\Managed\FoveUnityPlugin.dll,28672,A6EA882B,1270
0,0,COM3D2OHx64_Data\Managed\ICSharpCode.SharpZipLib.dll,200704,D3160A1C,1270
0,0,COM3D2OHx64_Data\Managed\Ionic.Zlib.dll,102400,7C9E7DD2,1270
0,0,COM3D2OHx64_Data\Managed\JsonFx.Json.dll,70144,A0F0CFCB,1270
0,0,COM3D2OHx64_Data\Managed\LeapCSharp.NET3.5.dll,82432,38E38212,1270
0,0,COM3D2OHx64_Data\Managed\Mono.Data.Tds.dll,96256,2965324B,1270
0,0,COM3D2OHx64_Data\Managed\Mono.Posix.dll,184320,0CE35BE3,1270
0,0,COM3D2OHx64_Data\Managed\Mono.Security.dll,294912,66EB9979,1270
0,0,COM3D2OHx64_Data\Managed\Mono.WebBrowser.dll,172032,137B736F,1270
0,0,COM3D2OHx64_Data\Managed\mscorlib.dll,2590208,5166389B,1270
0,0,COM3D2OHx64_Data\Managed\Newtonsoft.Json.dll,494592,5C881B73,1270
0,0,COM3D2OHx64_Data\Managed\System.Configuration.dll,124928,72952344,1270
0,0,COM3D2OHx64_Data\Managed\System.Core.dll,297472,9E3EE5D7,1270
0,0,COM3D2OHx64_Data\Managed\System.Data.dll,856064,DDDB80CD,1270
0,0,COM3D2OHx64_Data\Managed\System.dll,1679360,13922617,1270
0,0,COM3D2OHx64_Data\Managed\System.Drawing.Design.dll,29696,E7B53FF9,1270
0,0,COM3D2OHx64_Data\Managed\System.Drawing.dll,448512,C4B2E872,1270
0,0,COM3D2OHx64_Data\Managed\System.EnterpriseServices.dll,46592,2C72A9FE,1270
0,0,COM3D2OHx64_Data\Managed\System.Security.dll,135168,1CE94C57,1270
0,0,COM3D2OHx64_Data\Managed\System.Transactions.dll,27648,45299FCF,1270
0,0,COM3D2OHx64_Data\Managed\System.Windows.Forms.dll,3053568,56394001,1270
0,0,COM3D2OHx64_Data\Managed\System.Xml.dll,1270272,4581A35B,1270
0,0,COM3D2OHx64_Data\Managed\System.Xml.Linq.dll,106496,E844371C,1270
0,0,COM3D2OHx64_Data\Managed\UnityEngine.dll,1393152,2C35388C,1270
0,0,COM3D2OHx64_Data\Managed\UnityEngine.dll.mdb,449828,8610375E,1270
0,0,COM3D2OHx64_Data\Managed\UnityEngine.Networking.dll,253952,2BDF701F,1270
0,0,COM3D2OHx64_Data\Managed\UnityEngine.UI.dll,245760,FA552B2D,1270
0,0,COM3D2OHx64_Data\Managed\UnityEngine.VR.dll,3072,A4582CD6,1270
0,0,COM3D2OHx64_Data\Managed\UnityScript.Lang.dll,13824,0DA8F681,1270
0,0,COM3D2OHx64_Data\Managed\zxing.unity.dll,430592,9FD1F198,1270
0,0,COM3D2OHx64_Data\Mono\mono.dll,2618816,0BEA8C0F,1270
0,0,COM3D2OHx64_Data\Mono\MonoPosixHelper.dll,113664,9B5E1E4D,1270
0,0,COM3D2OHx64_Data\Mono\etc\mono\browscap.ini,311984,CE6C0AB3,1270
0,0,COM3D2OHx64_Data\Mono\etc\mono\config,1691,A635914A,1270
0,0,COM3D2OHx64_Data\Mono\etc\mono\1.0\DefaultWsdlHelpGenerator.aspx,58196,10E814BF,1270
0,0,COM3D2OHx64_Data\Mono\etc\mono\1.0\machine.config,17258,EDE1AC59,1270
0,0,COM3D2OHx64_Data\Mono\etc\mono\2.0\DefaultWsdlHelpGenerator.aspx,60453,F3869A34,1270
0,0,COM3D2OHx64_Data\Mono\etc\mono\2.0\machine.config,27625,73C91C24,1270
0,0,COM3D2OHx64_Data\Mono\etc\mono\2.0\settings.map,2618,A1A3C29F,1270
0,0,COM3D2OHx64_Data\Mono\etc\mono\2.0\web.config,11686,534A9960,1270
0,0,COM3D2OHx64_Data\Mono\etc\mono\2.0\Browsers\Compat.browser,1605,2E178A0B,1270
0,0,COM3D2OHx64_Data\Mono\etc\mono\mconfig\config.xml,25817,80B2033A,1270
0,0,COM3D2OHx64_Data\Plugins\assimp.dll,4388864,7C910D84,1270
0,0,COM3D2OHx64_Data\Plugins\Audio360.dll,1499136,2D77400A,1270
0,0,COM3D2OHx64_Data\Plugins\AVProVideo.dll,891392,A3612D4B,1270
0,0,COM3D2OHx64_Data\Plugins\clothpp.dll,112128,7C3264A4,1270
0,0,COM3D2OHx64_Data\Plugins\cm3d2.dll,2100736,74B315EF,1270
0,0,COM3D2OHx64_Data\Plugins\device_hook.dll,738816,F61E7CED,1270
0,0,COM3D2OHx64_Data\Plugins\FoveClient.dll,1849384,58C8B4F6,1270
0,0,COM3D2OHx64_Data\Plugins\LeapC.dll,2516992,FBDD3767,1270
0,0,COM3D2OHx64_Data\Plugins\openvr_api.dll,318272,44432E0F,1270
0,0,COM3D2OHx64_Data\Plugins\OVRGamepad.dll,12800,2C526135,1270
0,0,COM3D2OHx64_Data\Plugins\OVRLipSync.dll,2512296,391C1F4C,1270
0,0,COM3D2OHx64_Data\Plugins\OVRPlugin.dll,1898408,5DD05B6C,1270
0,0,COM3D2OHx64_Data\Resources\unity default resources,752360,71DB1AEA,1270
0,0,COM3D2OHx64_Data\Resources\unity_builtin_extra,284012,91145F7F,1270
0,0,GameData\bg_kissevent2018_sp_card_2.arc,493322,140250D1,1100
0,0,GameData\bg_sp001_2.arc,16204240,91030B15,1000
0,0,GameData\csv.arc,5002282,4A854690,1270
0,0,GameData\csv_cbl.arc,733977,7B4C5F8B,1270
0,0,GameData\csv_gp001_2.arc,34178,AA372C5C,1270
0,0,GameData\csv_old_2.arc,1746,7AD2A97C,1150
0,0,GameData\csv_ordermade001_2.arc,770,422A7575,1150
0,0,GameData\motion_cbl2.arc,13460284,35E6C647,1210
0,0,GameData\motion_cbl_3d21reserve_2.arc,153938,9CB83B59,1120
0,0,GameData\motion_cbl_kissnohi001_2.arc,158468,9CE47192,1200
0,0,GameData\motion_cbl_vp001_2.arc,1659046,62219F7A,1250
0,0,GameData\parts2.arc,153142528,9BB95DE8,1270
0,0,GameData\parts_dlc209_2.arc,1363413,BF1ABBC0,1171
0,0,GameData\parts_dlc216_2.arc,932171,E7454670,1200
0,0,GameData\parts_dlc232_2.arc,3682,115DEE3E,1250
0,0,GameData\parts_gp001_2.arc,45293283,8FDBD530,1260
0,0,GameData\parts_magazine003_2.arc,201385,3A5B273D,1120
0,0,GameData\parts_kissevent2018_2.arc,5570,005BBD00,1100
0,0,GameData\parts_omvr.arc,3206509,4F0D0480,1120
0,0,GameData\parts_sp002cloth1_2.arc,10930,46512519,1250
0,0,GameData\parts_vac001_2.arc,6706,959CBD1B,1250
0,0,GameData\paths.dat,4332,B8D662E0,1270
0,0,GameData\prioritymaterial.arc,317333,9437C093,1270
0,0,GameData\script_cbl.arc,5655596,C64071C4,1270
0,0,GameData\script_cbl_omytgc001_2.arc,212278,5759B805,1210
0,0,GameData\script_cbl_ordermade001_2.arc,36866,2E4CD733,1210
0,0,GameData\script_cbl_ordermade002_2.arc,36466,DD7811A4,1210
0,0,GameData\script_cbl_ordermade003_2.arc,3026,080F3688,1250
0,0,GameData\script_cbl_ordermade004_2.arc,3250,96221889,1250
0,0,GameData\script_cbl_personal_om002_2.arc,1730,BC1779C2,1250
0,0,GameData\script_cbl_s2.arc,1170205,611FCB43,1230
0,0,GameData\script_share_karaoke_2.arc,8074,468A97FC,1250
0,0,GameData\system2.arc,11891076,1E4A59B9,1270
0,0,GameData\voice_cbl_s2.arc,32906282,98B4E1E9,1170
0,0,GameData\voice_gp001_2.arc,128499501,74943317,1270
0,0,GameData_20\bg_vp001_2.arc,283046,A7A90EE1,1190
0,0,GameData_20\material_denkigai2015s003_2.arc,7106,0C82D791,1150
0,0,GameData_20\material_denkigai2015wTowelR.arc,1602,618192B9,1360
0,0,GameData_20\material_dlc055_2.arc,5282,11A93109,1280
0,0,GameData_20\material_dlsite_2.arc,1762,C5A837EA,1150
0,0,GameData_20\material_shop001_2.arc,1762,D98CED1C,1150
0,0,GameData_20\material_shop002_2.arc,1762,956BB00E,1150
0,0,GameData_20\material_shop003_2.arc,1762,38CEBFF2,1150
0,0,GameData_20\material_shop005_2.arc,1714,3E621A32,1150
0,0,GameData_20\material_shop007_2.arc,2578,C8CE627C,1150
0,0,GameData_20\material_vp001_2.arc,11890,8CB043B0,1400
0,0,GameData_20\material_yomeido003_2.arc,1522,0689A7AC,1240
0,0,GameData_20\menu_denkigai2015s001_2.arc,6594,8B3E849F,1160
0,0,GameData_20\menu_denkigai2015s003_2.arc,4338,D294CE88,1150
0,0,GameData_20\menu_denkigai2015wTowelR.arc,1282,CECEE1FC,1360
0,0,GameData_20\menu_denkigai2016s_2.arc,1346,4A9440B1,1351
0,0,GameData_20\menu_denkigai2016w_2.arc,15154,C8D64D3B,1450
0,0,GameData_20\menu_denkigai2017s_2.arc,1218,267B1338,1540
0,0,GameData_20\menu_dlcdenkigai2016w_2.arc,13522,45E7F667,1450
0,0,GameData_20\menu_dlcdenkigai2017s_2.arc,1218,A6C83B5D,1540
0,0,GameData_20\menu_dlc026_2.arc,3778,69453D54,1190
0,0,GameData_20\menu_dlc028_2.arc,3874,DE3F1C31,1200
0,0,GameData_20\menu_dlc041_2.arc,6786,97F738D3,1380
0,0,GameData_20\menu_dlc042_2.arc,1154,EE4016C0,1440
0,0,GameData_20\menu_dlc049_2.arc,3106,E30D6F4C,1522
0,0,GameData_20\menu_dlc061_2.arc,3810,F99C1D4E,1290
0,0,GameData_20\menu_dlc065_2.arc,7602,D9387834,1380
0,0,GameData_20\menu_dlc074_2.arc,5618,24C559D7,1312
0,0,GameData_20\menu_dlc100_2.arc,1250,DFF94E9A,1400
0,0,GameData_20\menu_dlc101_2.arc,1218,44DB4049,1481
0,0,GameData_20\menu_dlsite_2.arc,1954,B2268BA7,1150
0,0,GameData_20\menu_kissevent2017march.arc,281,FF4EEB9B,1522
0,0,GameData_20\menu_kissevent2017march_2.arc,106624,14291926,1631
0,0,GameData_20\menu_magazine002_2.arc,12498,691C1126,1471
0,0,GameData_20\menu_personal002_2.arc,1282,5687650C,1310
0,0,GameData_20\menu_shop001_2.arc,3314,35207C87,1150
0,0,GameData_20\menu_shop005_2.arc,1378,0C9AF725,1150
0,0,GameData_20\menu_vp001_2.arc,19138,7C7AFD9C,1400
0,0,GameData_20\menu_yomeido003_2.arc,1234,4D6F619D,1240
0,0,GameData_20\menu_yomeidogp_wedding_2.arc,3954,C251B12C,1320
0,0,GameData_20\model_denkigai2015s003_2.arc,394665,41A48185,1150
0,0,GameData_20\model_denkigai2015wTowelR.arc,38258,FB570A24,1360
0,0,GameData_20\model_denkigai2017s_2.arc,462663,8917104A,1582
0,0,GameData_20\model_dlcdenkigai2017s_2.arc,462667,9F0C3D54,1582
0,0,GameData_20\model_dlc005_2.arc,175424,F7DD7D82,1270
0,0,GameData_20\model_dlc046_2.arc,155690,83B34173,1220
0,0,GameData_20\model_dlc073_2.arc,267037,47D33A06,1320
0,0,GameData_20\model_dlc100_2.arc,691347,7C3D679D,1400
0,0,GameData_20\model_dlc109_2.arc,137998,8FCCF513,1460
0,0,GameData_20\model_dlc151_2.arc,213532,8C3C80C3,1520
0,0,GameData_20\model_dlsite_2.arc,197173,24366C43,1150
0,0,GameData_20\model_shop001_2.arc,115215,9C941FAF,1150
0,0,GameData_20\model_shop002_2.arc,251253,743C3D97,1150
0,0,GameData_20\model_shop003_2.arc,185433,A15EC70A,1150
0,0,GameData_20\model_shop005_2.arc,150103,FB5341FA,1150
0,0,GameData_20\model_shop007_2.arc,288759,80615CBD,1150
0,0,GameData_20\model_vp001_2.arc,647957,D68B5D2F,1400
0,0,GameData_20\texture_denkigai2015wTowelR.arc,133065,FE4BDC34,1360
0,0,GameData_20\texture_denkigai2016w_2.arc,10105247,3B4641C3,1450
0,0,GameData_20\texture_dlcdenkigai2016w_2.arc,10105332,90868016,1450
0,0,GameData_20\texture_kissevent2017march.arc,281,FF4EEB9B,1522
0,0,GameData_20\texture_kissevent2017march_2.arc,79432604,C7DD457A,1631
0,0,GameData_20\texture_dlc004_2.arc,4805734,C8E5CFB4,1200
0,0,GameData_20\texture_dlc046_2.arc,596960,FC606BA5,1220
0,0,GameData_20\texture_vp001_2.arc,755269,18D5027D,1400
0,0,GameData_20\texture_yomeido003_2.arc,117248,0EE72B42,1240
0,0,manual\index.html,52620,3D3D5ACF,1170
0,0,manual\css\index.css,7168,D11B8AF5,1170
0,0,manual\img\chu-blip2.jpg,78933,95522903,1170
0,0,manual\img\com3d2wcls2_logo.png,107288,47D023F7,1170
0,0,manual\img\config.jpg,167519,C5E4FAF3,1170
0,0,manual\img\menu001.jpg,13885,25B66329,1170
0,0,manual\img\menu002.jpg,24247,87A4205F,1170
0,0,manual\img\yotogi04.jpg,239859,141EC205,1170
0,0,manual\img\yotogi05.jpg,187720,9C93EE69,1170