0,0,COM3D2OH.exe,6623232,E30BEDE0,2006
0,0,COM3D2OHx64.exe,22841856,858642A8,1300
0,0,LICENSE,31205,24BAD003,1300
0,0,COM3D2OHx64_Data\app.info,42,6CD75754,1300
0,0,COM3D2OHx64_Data\globalgamemanagers,4259460,7A7B0A6F,1300
0,0,COM3D2OHx64_Data\globalgamemanagers.assets,230436,E8C95DD9,1300
0,0,COM3D2OHx64_Data\level0,323740,209141B1,1300
0,0,COM3D2OHx64_Data\level1,346820,D10A1C30,1300
0,0,COM3D2OHx64_Data\level10,695076,B1DEFEED,1300
0,0,COM3D2OHx64_Data\level11,7476,90D1F70B,1300
0,0,COM3D2OHx64_Data\level12,326180,E82E797F,1300
0,0,COM3D2OHx64_Data\level13,4664,48D7F1EB,1300
0,0,COM3D2OHx64_Data\level14,342884,79134359,1300
0,0,COM3D2OHx64_Data\level15,332564,167C865D,1300
0,0,COM3D2OHx64_Data\level16,953772,40CE489A,1300
0,0,COM3D2OHx64_Data\level17,425004,AB6159E8,1300
0,0,COM3D2OHx64_Data\level18,1083428,935B24A4,1300
0,0,COM3D2OHx64_Data\level19,408868,DE653EA3,1300
0,0,COM3D2OHx64_Data\level2,738564,B285B783,1300
0,0,COM3D2OHx64_Data\level20,2186068,788C2C52,1300
0,0,COM3D2OHx64_Data\level21,1113436,FD39D19E,1300
0,0,COM3D2OHx64_Data\level22,1086740,183AC1B2,1300
0,0,COM3D2OHx64_Data\level23,445916,10B0431D,1300
0,0,COM3D2OHx64_Data\level24,27904,086C576F,1300
0,0,COM3D2OHx64_Data\level24.resS,131232,437C95D8,1300
0,0,COM3D2OHx64_Data\level25,51676,9CFA7236,1300
0,0,COM3D2OHx64_Data\level26,56036,83A02DAD,1300
0,0,COM3D2OHx64_Data\level27,6832,AB787FD6,1300
0,0,COM3D2OHx64_Data\level28,324628,1B92D06F,1300
0,0,COM3D2OHx64_Data\level29,1574740,56F3B3D9,1300
0,0,COM3D2OHx64_Data\level3,1211284,C6327644,1300
0,0,COM3D2OHx64_Data\level30,1431372,113318DB,1300
0,0,COM3D2OHx64_Data\level31,1452972,76B8BBD3,1300
0,0,COM3D2OHx64_Data\level32,1348204,0497F5D8,1300
0,0,COM3D2OHx64_Data\level33,1412676,CB1DFC49,1300
0,0,COM3D2OHx64_Data\level34,1538084,938B60E7,1300
0,0,COM3D2OHx64_Data\level35,1275084,F9A2E5CF,1300
0,0,COM3D2OHx64_Data\level36,1025692,ED3D5E81,1300
0,0,COM3D2OHx64_Data\level37,1032980,E6EC9B52,1300
0,0,COM3D2OHx64_Data\level38,1275084,438C5D65,1300
0,0,COM3D2OHx64_Data\level39,1155676,1578DFE9,1300
0,0,COM3D2OHx64_Data\level4,1281948,FA98EAE5,1300
0,0,COM3D2OHx64_Data\level40,944244,9CE1A074,1300
0,0,COM3D2OHx64_Data\level41,1230652,3F676922,1300
0,0,COM3D2OHx64_Data\level42,1373124,C163EBDE,1300
0,0,COM3D2OHx64_Data\level43,1331652,80F37284,1300
0,0,COM3D2OHx64_Data\level44,916476,FD9D88DE,1300
0,0,COM3D2OHx64_Data\level45,399548,884FE614,1300
0,0,COM3D2OHx64_Data\level46,395900,16F38AEA,1300
0,0,COM3D2OHx64_Data\level47,439612,2D849C0F,1300
0,0,COM3D2OHx64_Data\level48,461756,F913770E,1300
0,0,COM3D2OHx64_Data\level49,390140,E6BF7335,1300
0,0,COM3D2OHx64_Data\level5,325236,1E533CC7,1300
0,0,COM3D2OHx64_Data\level50,450116,E5A57787,1300
0,0,COM3D2OHx64_Data\level51,1038652,BFD69065,1300
0,0,COM3D2OHx64_Data\level52,963052,DC805B7B,1300
0,0,COM3D2OHx64_Data\level53,442836,24E8D507,1300
0,0,COM3D2OHx64_Data\level54,464980,754BDE45,1300
0,0,COM3D2OHx64_Data\level55,455564,A36ADAEB,1300
0,0,COM3D2OHx64_Data\level56,1043060,DFB15E70,1300
0,0,COM3D2OHx64_Data\level57,1003332,50653D81,1300
0,0,COM3D2OHx64_Data\level58,448596,CDC12EBE,1300
0,0,COM3D2OHx64_Data\level59,433132,D983159C,1300
0,0,COM3D2OHx64_Data\level6,415380,AC08557F,1300
0,0,COM3D2OHx64_Data\level60,414804,96538BD8,1300
0,0,COM3D2OHx64_Data\level61,1382452,C97F3171,1300
0,0,COM3D2OHx64_Data\level62,1323204,2A841EB9,1300
0,0,COM3D2OHx64_Data\level63,501612,6E3ACFFF,1300
0,0,COM3D2OHx64_Data\level64,401516,D7B175AC,1300
0,0,COM3D2OHx64_Data\level65,1251220,AD03C912,1300
0,0,COM3D2OHx64_Data\level66,969052,46A9671A,1300
0,0,COM3D2OHx64_Data\level67,1427524,3615585D,1300
0,0,COM3D2OHx64_Data\level68,1368676,7E54268E,1300
0,0,COM3D2OHx64_Data\level69,1574756,2A4E1953,1300
0,0,COM3D2OHx64_Data\level7,324252,473F9E13,1300
0,0,COM3D2OHx64_Data\level70,1538100,FA929958,1300
0,0,COM3D2OHx64_Data\level8,391684,0AF2F69D,1300
0,0,COM3D2OHx64_Data\level9,327364,54B410EE,1300
0,0,COM3D2OHx64_Data\resources.assets,392473776,DC18DA0C,1300
0,0,COM3D2OHx64_Data\resources.assets.resS,1714230032,028F7F9E,1300
0,0,COM3D2OHx64_Data\resources.resource,727392,54F90BDA,1300
0,0,COM3D2OHx64_Data\sharedassets0.assets,115226348,A49ACE90,1300
0,0,COM3D2OHx64_Data\sharedassets0.assets.resS,28071636,22B86DBB,1300
0,0,COM3D2OHx64_Data\sharedassets1.assets,6232,BEA77624,1300
0,0,COM3D2OHx64_Data\sharedassets10.assets,6628,1F77676A,1300
0,0,COM3D2OHx64_Data\sharedassets11.assets,4564,80122190,1300
0,0,COM3D2OHx64_Data\sharedassets12.assets,6124,C411114C,1300
0,0,COM3D2OHx64_Data\sharedassets13.assets,4132,F6A81451,1300
0,0,COM3D2OHx64_Data\sharedassets14.assets,6844,2357C0A5,1300
0,0,COM3D2OHx64_Data\sharedassets15.assets,6208,6089E23A,1300
0,0,COM3D2OHx64_Data\sharedassets16.assets,12544,2E1C9793,1300
0,0,COM3D2OHx64_Data\sharedassets17.assets,6280,57A29B12,1300
0,0,COM3D2OHx64_Data\sharedassets18.assets,12688,1BCFBB94,1300
0,0,COM3D2OHx64_Data\sharedassets19.assets,6292,F614582C,1300
0,0,COM3D2OHx64_Data\sharedassets2.assets,6544,36DF06F9,1300
0,0,COM3D2OHx64_Data\sharedassets20.assets,7084,8F313C33,1300
0,0,COM3D2OHx64_Data\sharedassets21.assets,12664,3594351A,1300
0,0,COM3D2OHx64_Data\sharedassets22.assets,12664,3594351A,1300
0,0,COM3D2OHx64_Data\sharedassets23.assets,18126832,59AD324C,1300
0,0,COM3D2OHx64_Data\sharedassets24.assets,12328,C7CCA35E,1300
0,0,COM3D2OHx64_Data\sharedassets25.assets,4420,94AF8CC4,1300
0,0,COM3D2OHx64_Data\sharedassets26.assets,4324,1AE3CBFC,1300
0,0,COM3D2OHx64_Data\sharedassets27.assets,4264,5A14E486,1300
0,0,COM3D2OHx64_Data\sharedassets28.assets,6100,75573D11,1300
0,0,COM3D2OHx64_Data\sharedassets29.assets,12544,2D90C5DE,1300
0,0,COM3D2OHx64_Data\sharedassets3.assets,12916,6E6FBECA,1300
0,0,COM3D2OHx64_Data\sharedassets30.assets,12544,F41652FE,1300
0,0,COM3D2OHx64_Data\sharedassets31.assets,12544,798D7623,1300
0,0,COM3D2OHx64_Data\sharedassets32.assets,9352,927A33FF,1300
0,0,COM3D2OHx64_Data\sharedassets33.assets,9460,D5972B36,1300
0,0,COM3D2OHx64_Data\sharedassets34.assets,9448,42AA5BA4,1300
0,0,COM3D2OHx64_Data\sharedassets35.assets,12628,3709C782,1300
0,0,COM3D2OHx64_Data\sharedassets36.assets,9244,096DAA25,1300
0,0,COM3D2OHx64_Data\sharedassets37.assets,9280,C54FADFA,1300
0,0,COM3D2OHx64_Data\sharedassets38.assets,12628,3709C782,1300
0,0,COM3D2OHx64_Data\sharedassets39.assets,9484,6DE5382C,1300
0,0,COM3D2OHx64_Data\sharedassets4.assets,7144,8BEB4968,1300
0,0,COM3D2OHx64_Data\sharedassets40.assets,9280,C54FADFA,1300
0,0,COM3D2OHx64_Data\sharedassets41.assets,9424,540A4A75,1300
0,0,COM3D2OHx64_Data\sharedassets42.assets,12544,91B733C5,1300
0,0,COM3D2OHx64_Data\sharedassets43.assets,9460,D5972B36,1300
0,0,COM3D2OHx64_Data\sharedassets44.assets,9448,42AA5BA4,1300
0,0,COM3D2OHx64_Data\sharedassets45.assets,42236516,AD1F2A5C,1300
0,0,COM3D2OHx64_Data\sharedassets45.assets.resS,87400,8BA6C322,1300
0,0,COM3D2OHx64_Data\sharedassets46.assets,38246484,CA01382F,1300
0,0,COM3D2OHx64_Data\sharedassets47.assets,32874580,812558DB,1300
0,0,COM3D2OHx64_Data\sharedassets48.assets,36735660,7ED73260,1300
0,0,COM3D2OHx64_Data\sharedassets48.assets.resS,174776,5B619AF1,1300
0,0,COM3D2OHx64_Data\sharedassets49.assets,41277336,A835C4F6,1300
0,0,COM3D2OHx64_Data\sharedassets5.assets,6112,249696B3,1300
0,0,COM3D2OHx64_Data\sharedassets50.assets,39399088,9EC7AB65,1300
0,0,COM3D2OHx64_Data\sharedassets51.assets,3017100,778FE770,1300
0,0,COM3D2OHx64_Data\sharedassets51.assets.resS,611728,7BFBEAAE,1300
0,0,COM3D2OHx64_Data\sharedassets52.assets,9508,7EFE76C8,1300
0,0,COM3D2OHx64_Data\sharedassets53.assets,6484,CDB1A1B3,1300
0,0,COM3D2OHx64_Data\sharedassets54.assets,6484,CDB1A1B3,1300
0,0,COM3D2OHx64_Data\sharedassets55.assets,6484,CDB1A1B3,1300
0,0,COM3D2OHx64_Data\sharedassets56.assets,12556,B6C961FB,1300
0,0,COM3D2OHx64_Data\sharedassets57.assets,9460,AAA47C4F,1300
0,0,COM3D2OHx64_Data\sharedassets58.assets,6448,117444CB,1300
0,0,COM3D2OHx64_Data\sharedassets59.assets,59340,5CE8762A,1300
0,0,COM3D2OHx64_Data\sharedassets59.assets.resS,174776,B51EE5DC,1300
0,0,COM3D2OHx64_Data\sharedassets6.assets,7072,B06DECC0,1300
0,0,COM3D2OHx64_Data\sharedassets60.assets,6460,DF863CCA,1300
0,0,COM3D2OHx64_Data\sharedassets61.assets,759616,1FB20209,1300
0,0,COM3D2OHx64_Data\sharedassets61.assets.resS,1310880,58801C35,1300
0,0,COM3D2OHx64_Data\sharedassets61.resource,1178176,90268BF4,1300
0,0,COM3D2OHx64_Data\sharedassets62.assets,9316,550E3194,1300
0,0,COM3D2OHx64_Data\sharedassets63.assets,3412488,45E47915,1300
0,0,COM3D2OHx64_Data\sharedassets63.assets.resS,6226112,B3E98769,1300
0,0,COM3D2OHx64_Data\sharedassets64.assets,6556,5B45C118,1300
0,0,COM3D2OHx64_Data\sharedassets65.assets,13804,20ED54F2,1300
0,0,COM3D2OHx64_Data\sharedassets66.assets,9448,42AA5BA4,1300
0,0,COM3D2OHx64_Data\sharedassets67.assets,12568,8BB63E41,1300
0,0,COM3D2OHx64_Data\sharedassets68.assets,9436,29990818,1300
0,0,COM3D2OHx64_Data\sharedassets69.assets,12544,2D90C5DE,1300
0,0,COM3D2OHx64_Data\sharedassets7.assets,6064,DD6288AC,1300
0,0,COM3D2OHx64_Data\sharedassets70.assets,9448,42AA5BA4,1300
0,0,COM3D2OHx64_Data\sharedassets8.assets,6304,CBCC14C9,1300
0,0,COM3D2OHx64_Data\sharedassets9.assets,6208,F4AB63C6,1300
0,0,COM3D2OHx64_Data\Managed\Accessibility.dll,10752,5CB31E4E,1300
0,0,COM3D2OHx64_Data\Managed\Assembly-CSharp-firstpass.dll,787456,DCEB9520,1300
0,0,COM3D2OHx64_Data\Managed\Assembly-CSharp.dll,5262336,DB85AD84,1300
0,0,COM3D2OHx64_Data\Managed\Assembly-UnityScript-firstpass.dll,65024,7F0E2187,1300
0,0,COM3D2OHx64_Data\Managed\Boo.Lang.dll,126976,28383F70,1300
0,0,COM3D2OHx64_Data\Managed\BouncyCastle.Crypto.dll,2236416,5A4C4F07,1300
0,0,COM3D2OHx64_Data\Managed\FoveUnityPlugin.dll,28672,A6EA882B,1300
0,0,COM3D2OHx64_Data\Managed\ICSharpCode.SharpZipLib.dll,200704,D3160A1C,1300
0,0,COM3D2OHx64_Data\Managed\Ionic.Zlib.dll,102400,7C9E7DD2,1300
0,0,COM3D2OHx64_Data\Managed\JsonFx.Json.dll,70144,A0F0CFCB,1300
0,0,COM3D2OHx64_Data\Managed\LeapCSharp.NET3.5.dll,82432,38E38212,1300
0,0,COM3D2OHx64_Data\Managed\Mono.Data.Tds.dll,96256,2965324B,1300
0,0,COM3D2OHx64_Data\Managed\Mono.Posix.dll,184320,0CE35BE3,1300
0,0,COM3D2OHx64_Data\Managed\Mono.Security.dll,294912,66EB9979,1300
0,0,COM3D2OHx64_Data\Managed\Mono.WebBrowser.dll,172032,137B736F,1300
0,0,COM3D2OHx64_Data\Managed\mscorlib.dll,2590208,5166389B,1300
0,0,COM3D2OHx64_Data\Managed\Newtonsoft.Json.dll,494592,5C881B73,1300
0,0,COM3D2OHx64_Data\Managed\System.Configuration.dll,124928,72952344,1300
0,0,COM3D2OHx64_Data\Managed\System.Core.dll,297472,9E3EE5D7,1300
0,0,COM3D2OHx64_Data\Managed\System.Data.dll,856064,DDDB80CD,1300
0,0,COM3D2OHx64_Data\Managed\System.dll,1679360,13922617,1300
0,0,COM3D2OHx64_Data\Managed\System.Drawing.Design.dll,29696,E7B53FF9,1300
0,0,COM3D2OHx64_Data\Managed\System.Drawing.dll,448512,C4B2E872,1300
0,0,COM3D2OHx64_Data\Managed\System.EnterpriseServices.dll,46592,2C72A9FE,1300
0,0,COM3D2OHx64_Data\Managed\System.Security.dll,135168,1CE94C57,1300
0,0,COM3D2OHx64_Data\Managed\System.Transactions.dll,27648,45299FCF,1300
0,0,COM3D2OHx64_Data\Managed\System.Windows.Forms.dll,3053568,56394001,1300
0,0,COM3D2OHx64_Data\Managed\System.Xml.dll,1270272,4581A35B,1300
0,0,COM3D2OHx64_Data\Managed\System.Xml.Linq.dll,106496,E844371C,1300
0,0,COM3D2OHx64_Data\Managed\UnityEngine.dll,1393152,2C35388C,1300
0,0,COM3D2OHx64_Data\Managed\UnityEngine.dll.mdb,449828,8610375E,1300
0,0,COM3D2OHx64_Data\Managed\UnityEngine.Networking.dll,253952,2BDF701F,1300
0,0,COM3D2OHx64_Data\Managed\UnityEngine.UI.dll,245760,FA552B2D,1300
0,0,COM3D2OHx64_Data\Managed\UnityEngine.VR.dll,3072,A4582CD6,1300
0,0,COM3D2OHx64_Data\Managed\UnityScript.Lang.dll,13824,0DA8F681,1300
0,0,COM3D2OHx64_Data\Managed\zxing.unity.dll,430592,9FD1F198,1300
0,0,COM3D2OHx64_Data\Mono\mono.dll,2618816,0BEA8C0F,1300
0,0,COM3D2OHx64_Data\Mono\MonoPosixHelper.dll,113664,9B5E1E4D,1300
0,0,COM3D2OHx64_Data\Mono\etc\mono\browscap.ini,311984,CE6C0AB3,1300
0,0,COM3D2OHx64_Data\Mono\etc\mono\config,1691,A635914A,1300
0,0,COM3D2OHx64_Data\Mono\etc\mono\1.0\DefaultWsdlHelpGenerator.aspx,58196,10E814BF,1300
0,0,COM3D2OHx64_Data\Mono\etc\mono\1.0\machine.config,17258,EDE1AC59,1300
0,0,COM3D2OHx64_Data\Mono\etc\mono\2.0\DefaultWsdlHelpGenerator.aspx,60453,F3869A34,1300
0,0,COM3D2OHx64_Data\Mono\etc\mono\2.0\machine.config,27625,73C91C24,1300
0,0,COM3D2OHx64_Data\Mono\etc\mono\2.0\settings.map,2618,A1A3C29F,1300
0,0,COM3D2OHx64_Data\Mono\etc\mono\2.0\web.config,11686,534A9960,1300
0,0,COM3D2OHx64_Data\Mono\etc\mono\2.0\Browsers\Compat.browser,1605,2E178A0B,1300
0,0,COM3D2OHx64_Data\Mono\etc\mono\mconfig\config.xml,25817,80B2033A,1300
0,0,COM3D2OHx64_Data\Plugins\assimp.dll,4388864,7C910D84,1300
0,0,COM3D2OHx64_Data\Plugins\Audio360.dll,1499136,2D77400A,1300
0,0,COM3D2OHx64_Data\Plugins\AVProVideo.dll,891392,A3612D4B,1300
0,0,COM3D2OHx64_Data\Plugins\clothpp.dll,112128,7C3264A4,1300
0,0,COM3D2OHx64_Data\Plugins\cm3d2.dll,2100736,74B315EF,1300
0,0,COM3D2OHx64_Data\Plugins\device_hook.dll,738816,F61E7CED,1300
0,0,COM3D2OHx64_Data\Plugins\FoveClient.dll,1849384,58C8B4F6,1300
0,0,COM3D2OHx64_Data\Plugins\LeapC.dll,2516992,FBDD3767,1300
0,0,COM3D2OHx64_Data\Plugins\openvr_api.dll,318272,44432E0F,1300
0,0,COM3D2OHx64_Data\Plugins\OVRGamepad.dll,12800,2C526135,1300
0,0,COM3D2OHx64_Data\Plugins\OVRLipSync.dll,2512296,391C1F4C,1300
0,0,COM3D2OHx64_Data\Plugins\OVRPlugin.dll,1898408,5DD05B6C,1300
0,0,COM3D2OHx64_Data\Resources\unity default resources,752360,71DB1AEA,1300
0,0,COM3D2OHx64_Data\Resources\unity_builtin_extra,284012,91145F7F,1300
0,0,GameData\bg_kissevent2018_sp_card_2.arc,493322,140250D1,1100
0,0,GameData\bg_sp001_2.arc,16204240,91030B15,1000
0,0,GameData\bg_sp004_2.arc,35284425,D79D7E66,1290
0,0,GameData\csv.arc,5327310,A9EEEEFC,1290
0,0,GameData\csv_cbl.arc,744313,A9BA6307,1290
0,0,GameData\csv_gp001_2.arc,34178,AA372C5C,1270
0,0,GameData\csv_old_2.arc,1746,7AD2A97C,1150
0,0,GameData\csv_ordermade001_2.arc,770,422A7575,1150
0,0,GameData\motion_cbl2.arc,22222457,FD0F6146,1280
0,0,GameData\motion_cbl_3d21reserve_2.arc,153938,9CB83B59,1120
0,0,GameData\motion_cbl_kissnohi001_2.arc,158468,9CE47192,1200
0,0,GameData\motion_cbl_vp001_2.arc,1659046,62219F7A,1250
0,0,GameData\parts2.arc,155875844,84EE19BB,1300
0,0,GameData\parts_dlc209_2.arc,1363413,BF1ABBC0,1171
0,0,GameData\parts_dlc216_2.arc,932171,E7454670,1200
0,0,GameData\parts_dlc232_2.arc,3682,115DEE3E,1250
0,0,GameData\parts_gp001_2.arc,45293283,8FDBD530,1260
0,0,GameData\parts_karaoke001_2.arc,453245,11C970D3,1280
0,0,GameData\parts_kissevent2018_2.arc,5570,005BBD00,1100
0,0,GameData\parts_magazine003_2.arc,201385,3A5B273D,1120
0,0,GameData\parts_omvr.arc,3206509,4F0D0480,1120
0,0,GameData\parts_sp002cloth1_2.arc,10930,46512519,1250
0,0,GameData\parts_vac001_2.arc,6706,959CBD1B,1250
0,0,GameData\paths.dat,4474,DD66F78C,1290
0,0,GameData\prioritymaterial.arc,324085,BF39B779,1290
0,0,GameData\script_cbl.arc,5742641,F13284F6,1290
0,0,GameData\script_cbl_omytgc001_2.arc,212278,5759B805,1210
0,0,GameData\script_cbl_ordermade001_2.arc,36866,2E4CD733,1210
0,0,GameData\script_cbl_ordermade002_2.arc,36466,DD7811A4,1210
0,0,GameData\script_cbl_ordermade003_2.arc,3026,080F3688,1250
0,0,GameData\script_cbl_ordermade004_2.arc,3250,96221889,1250
0,0,GameData\script_cbl_personal_om002_2.arc,1730,BC1779C2,1250
0,0,GameData\script_cbl_personal_om004_2.arc,1954,3FEFD65F,1280
0,0,GameData\script_cbl_s2.arc,1170205,611FCB43,1230
0,0,GameData\script_share_karaoke_2.arc,8100,48F87ED6,1275
0,0,GameData\sound2.arc,3301463,9DB6FEA0,1290
0,0,GameData\system2.arc,11891076,1E4A59B9,1270
0,0,GameData\system_gp001_2.arc,6758158,26F382BD,1280
0,0,GameData\voice2.arc,291484114,B1BEAACB,1300
0,0,GameData\voice_cbl_s2.arc,32906282,98B4E1E9,1170
0,0,GameData\voice_gp001_2.arc,128499501,74943317,1270
0,0,GameData_20\bg_vp001_2.arc,283046,A7A90EE1,1190
0,0,GameData_20\material_denkigai2015s003_2.arc,7106,0C82D791,1150
0,0,GameData_20\material_denkigai2015wTowelR.arc,1602,618192B9,1360
0,0,GameData_20\material_dlc055_2.arc,5282,11A93109,1280
0,0,GameData_20\material_dlsite_2.arc,1762,C5A837EA,1150
0,0,GameData_20\material_shop001_2.arc,1762,D98CED1C,1150
0,0,GameData_20\material_shop002_2.arc,1762,956BB00E,1150
0,0,GameData_20\material_shop003_2.arc,1762,38CEBFF2,1150
0,0,GameData_20\material_shop005_2.arc,1714,3E621A32,1150
0,0,GameData_20\material_shop007_2.arc,2578,C8CE627C,1150
0,0,GameData_20\material_vp001_2.arc,11890,8CB043B0,1400
0,0,GameData_20\material_yomeido003_2.arc,1522,0689A7AC,1240
0,0,GameData_20\menu_denkigai2015s001_2.arc,6594,8B3E849F,1160
0,0,GameData_20\menu_denkigai2015s003_2.arc,4338,D294CE88,1150
0,0,GameData_20\menu_denkigai2015wTowelR.arc,1282,CECEE1FC,1360
0,0,GameData_20\menu_denkigai2016s_2.arc,1346,4A9440B1,1351
0,0,GameData_20\menu_denkigai2016w_2.arc,15154,C8D64D3B,1450
0,0,GameData_20\menu_denkigai2017s_2.arc,1218,267B1338,1540
0,0,GameData_20\menu_dlcdenkigai2016w_2.arc,13522,45E7F667,1450
0,0,GameData_20\menu_dlcdenkigai2017s_2.arc,1218,A6C83B5D,1540
0,0,GameData_20\menu_dlc026_2.arc,3778,69453D54,1190
0,0,GameData_20\menu_dlc028_2.arc,3874,DE3F1C31,1200
0,0,GameData_20\menu_dlc041_2.arc,6786,97F738D3,1380
0,0,GameData_20\menu_dlc042_2.arc,1154,EE4016C0,1440
0,0,GameData_20\menu_dlc049_2.arc,3106,E30D6F4C,1522
0,0,GameData_20\menu_dlc061_2.arc,3810,F99C1D4E,1290
0,0,GameData_20\menu_dlc065_2.arc,7602,D9387834,1380
0,0,GameData_20\menu_dlc074_2.arc,5618,24C559D7,1312
0,0,GameData_20\menu_dlc100_2.arc,1250,DFF94E9A,1400
0,0,GameData_20\menu_dlc101_2.arc,1218,44DB4049,1481
0,0,GameData_20\menu_dlsite_2.arc,1954,B2268BA7,1150
0,0,GameData_20\menu_kissevent2017march.arc,281,FF4EEB9B,1522
0,0,GameData_20\menu_kissevent2017march_2.arc,106624,14291926,1631
0,0,GameData_20\menu_magazine002_2.arc,12498,691C1126,1471
0,0,GameData_20\menu_personal002_2.arc,1282,5687650C,1310
0,0,GameData_20\menu_shop001_2.arc,3314,35207C87,1150
0,0,GameData_20\menu_shop005_2.arc,1378,0C9AF725,1150
0,0,GameData_20\menu_vp001_2.arc,19138,7C7AFD9C,1400
0,0,GameData_20\menu_yomeido003_2.arc,1234,4D6F619D,1240
0,0,GameData_20\menu_yomeidogp_wedding_2.arc,3954,C251B12C,1320
0,0,GameData_20\model_denkigai2015s003_2.arc,394665,41A48185,1150
0,0,GameData_20\model_denkigai2015wTowelR.arc,38258,FB570A24,1360
0,0,GameData_20\model_denkigai2017s_2.arc,462663,8917104A,1582
0,0,GameData_20\model_dlcdenkigai2017s_2.arc,462667,9F0C3D54,1582
0,0,GameData_20\model_dlc005_2.arc,175424,F7DD7D82,1270
0,0,GameData_20\model_dlc046_2.arc,155690,83B34173,1220
0,0,GameData_20\model_dlc073_2.arc,267037,47D33A06,1320
0,0,GameData_20\model_dlc100_2.arc,691347,7C3D679D,1400
0,0,GameData_20\model_dlc109_2.arc,137998,8FCCF513,1460
0,0,GameData_20\model_dlc151_2.arc,213532,8C3C80C3,1520
0,0,GameData_20\model_dlsite_2.arc,197173,24366C43,1150
0,0,GameData_20\model_shop001_2.arc,115215,9C941FAF,1150
0,0,GameData_20\model_shop002_2.arc,251253,743C3D97,1150
0,0,GameData_20\model_shop003_2.arc,185433,A15EC70A,1150
0,0,GameData_20\model_shop005_2.arc,150103,FB5341FA,1150
0,0,GameData_20\model_shop007_2.arc,288759,80615CBD,1150
0,0,GameData_20\model_vp001_2.arc,647957,D68B5D2F,1400
0,0,GameData_20\texture_denkigai2015wTowelR.arc,133065,FE4BDC34,1360
0,0,GameData_20\texture_denkigai2016w_2.arc,10105247,3B4641C3,1450
0,0,GameData_20\texture_dlcdenkigai2016w_2.arc,10105332,90868016,1450
0,0,GameData_20\texture_kissevent2017march.arc,281,FF4EEB9B,1522
0,0,GameData_20\texture_kissevent2017march_2.arc,79432604,C7DD457A,1631
0,0,GameData_20\texture_dlc004_2.arc,4805734,C8E5CFB4,1200
0,0,GameData_20\texture_dlc046_2.arc,596960,FC606BA5,1220
0,0,GameData_20\texture_vp001_2.arc,755269,18D5027D,1400
0,0,GameData_20\texture_yomeido003_2.arc,117248,0EE72B42,1240
0,0,manual\index.html,52620,3D3D5ACF,1170
0,0,manual\css\index.css,7168,D11B8AF5,1170
0,0,manual\img\chu-blip2.jpg,78933,95522903,1170
0,0,manual\img\com3d2wcls2_logo.png,107288,47D023F7,1170
0,0,manual\img\config.jpg,167519,C5E4FAF3,1170
0,0,manual\img\menu001.jpg,13885,25B66329,1170
0,0,manual\img\menu002.jpg,24247,87A4205F,1170
0,0,manual\img\yotogi04.jpg,239859,141EC205,1170
0,0,manual\img\yotogi05.jpg,187720,9C93EE69,1170