0,0,COM3D2x64_Data\Managed\Accessibility.dll,12288,778A87C9,34404
0,0,COM3D2x64_Data\Managed\Assembly-CSharp.dll,6348800,202C575F,34404
0,0,COM3D2x64_Data\Managed\Assembly-CSharp-firstpass.dll,874496,76508A3A,34404
0,0,COM3D2x64_Data\Managed\BouncyCastle.Crypto.dll,2236416,5A4C4F07,34404
0,0,COM3D2x64_Data\Managed\FoveUnityPlugin.dll,28672,A6EA882B,34404
0,0,COM3D2x64_Data\Managed\ICSharpCode.SharpZipLib.dll,200704,D3160A1C,34404
0,0,COM3D2x64_Data\Managed\Ionic.Zlib.dll,102400,7C9E7DD2,34404
0,0,COM3D2x64_Data\Managed\JsonFx.Json.dll,70144,A0F0CFCB,34404
0,0,COM3D2x64_Data\Managed\LeapCSharp.NET3.5.dll,82432,38E38212,34404
0,0,COM3D2x64_Data\Managed\MagicaCloth.dll,380416,9183CB12,34404
0,0,COM3D2x64_Data\Managed\MagicaClothV2.dll,419840,429D9889,34404
0,0,COM3D2x64_Data\Managed\MessagePack.Annotations.dll,8192,D126FC16,34404
0,0,COM3D2x64_Data\Managed\MessagePack.dll,331776,366C40C7,34404
0,0,COM3D2x64_Data\Managed\Microsoft.NET.StringTools.dll,30336,C3CACDD5,34404
0,0,COM3D2x64_Data\Managed\Mono.Posix.dll,214528,968E9B9D,34404
0,0,COM3D2x64_Data\Managed\Mono.Security.dll,241152,90CD243C,34404
0,0,COM3D2x64_Data\Managed\Mono.WebBrowser.dll,166912,9EC422AF,34404
0,0,COM3D2x64_Data\Managed\mscorlib.dll,4631552,1CC22052,34404
0,0,COM3D2x64_Data\Managed\netstandard.dll,90112,975FFBBE,34404
0,0,COM3D2x64_Data\Managed\Newtonsoft.Json.dll,691712,8CEF25D0,34404
0,0,COM3D2x64_Data\Managed\System.ComponentModel.Composition.dll,257024,44EC5201,34404
0,0,COM3D2x64_Data\Managed\System.Configuration.dll,124928,5CF4B8F7,34404
0,0,COM3D2x64_Data\Managed\System.Core.dll,1113088,2602A15A,34404
0,0,COM3D2x64_Data\Managed\System.Data.DataSetExtensions.dll,29696,7A0640D6,34404
0,0,COM3D2x64_Data\Managed\System.Data.dll,2125312,07CEA976,34404
0,0,COM3D2x64_Data\Managed\System.dll,2637824,DC1055E7,34404
0,0,COM3D2x64_Data\Managed\System.Drawing.Design.dll,29696,E7B53FF9,34404
0,0,COM3D2x64_Data\Managed\System.Drawing.dll,489984,9C7932A7,34404
0,0,COM3D2x64_Data\Managed\System.EnterpriseServices.dll,44544,9D5266BB,34404
0,0,COM3D2x64_Data\Managed\System.IO.Compression.dll,114688,5A843287,34404
0,0,COM3D2x64_Data\Managed\System.IO.Compression.FileSystem.dll,18432,FE8B8424,34404
0,0,COM3D2x64_Data\Managed\System.Memory.dll,4608,F0BBFFDF,34404
0,0,COM3D2x64_Data\Managed\System.Net.Http.dll,122880,C982D760,34404
0,0,COM3D2x64_Data\Managed\System.Numerics.dll,119296,1947467C,34404
0,0,COM3D2x64_Data\Managed\System.Runtime.CompilerServices.Unsafe.dll,18024,8C9A1A8B,34404
0,0,COM3D2x64_Data\Managed\System.Runtime.dll,12288,58AE9F48,34404
0,0,COM3D2x64_Data\Managed\System.Runtime.Serialization.dll,934400,6800AA2B,34404
0,0,COM3D2x64_Data\Managed\System.Security.dll,320000,8BEA3DC4,34404
0,0,COM3D2x64_Data\Managed\System.ServiceModel.Internals.dll,215040,9655D9FB,34404
0,0,COM3D2x64_Data\Managed\System.Transactions.dll,35328,E2FF2F1E,34404
0,0,COM3D2x64_Data\Managed\System.Windows.Forms.dll,3053568,56394001,34404
0,0,COM3D2x64_Data\Managed\System.Xml.dll,3160064,6066CFE3,34404
0,0,COM3D2x64_Data\Managed\System.Xml.Linq.dll,136704,DDFB724A,34404
0,0,COM3D2x64_Data\Managed\Unity.AI.Navigation.dll,20480,6C3F29ED,34404
0,0,COM3D2x64_Data\Managed\Unity.Burst.dll,317440,861C1097,34404
0,0,COM3D2x64_Data\Managed\Unity.Burst.Unsafe.dll,5632,D504B969,34404
0,0,COM3D2x64_Data\Managed\Unity.Collections.dll,446976,4242FB2C,34404
0,0,COM3D2x64_Data\Managed\Unity.Collections.LowLevel.ILSupport.dll,4608,15F3B0BE,34404
0,0,COM3D2x64_Data\Managed\Unity.InputSystem.dll,1102336,DA9C766A,34404
0,0,COM3D2x64_Data\Managed\Unity.InputSystem.ForUI.dll,4608,02BD34A0,34404
0,0,COM3D2x64_Data\Managed\Unity.Mathematics.dll,741376,DD7470DF,34404
0,0,COM3D2x64_Data\Managed\Unity.MemoryProfiler.dll,6144,F22A3638,34404
0,0,COM3D2x64_Data\Managed\Unity.Profiling.Core.dll,10240,2BC36CA8,34404
0,0,COM3D2x64_Data\Managed\Unity.RenderPipeline.Universal.ShaderLibrary.dll,8704,ADFE4196,34404
0,0,COM3D2x64_Data\Managed\Unity.RenderPipelines.Core.Runtime.dll,531968,2456B193,34404
0,0,COM3D2x64_Data\Managed\Unity.RenderPipelines.Core.ShaderLibrary.dll,5120,5B83D0F7,34404
0,0,COM3D2x64_Data\Managed\Unity.RenderPipelines.ShaderGraph.ShaderGraphLibrary.dll,5120,8F7B5D0F,34404
0,0,COM3D2x64_Data\Managed\Unity.RenderPipelines.Universal.Config.Runtime.dll,5632,84112225,34404
0,0,COM3D2x64_Data\Managed\Unity.RenderPipelines.Universal.Runtime.dll,782848,DB1A0BF6,34404
0,0,COM3D2x64_Data\Managed\Unity.RenderPipelines.Universal.Shaders.dll,5120,985CDE78,34404
0,0,COM3D2x64_Data\Managed\Unity.TextMeshPro.dll,380928,183F029B,34404
0,0,COM3D2x64_Data\Managed\Unity.Timeline.dll,128000,E0ABF95A,34404
0,0,COM3D2x64_Data\Managed\Unity.VisualScripting.Antlr3.Runtime.dll,86016,3268D00A,34404
0,0,COM3D2x64_Data\Managed\Unity.VisualScripting.Core.dll,627200,435DE069,34404
0,0,COM3D2x64_Data\Managed\Unity.VisualScripting.Flow.dll,404992,70E45AB1,34404
0,0,COM3D2x64_Data\Managed\Unity.VisualScripting.State.dll,32768,6AAA5B7C,34404
0,0,COM3D2x64_Data\Managed\Unity.XR.CoreUtils.dll,86016,CD4BDB33,34404
0,0,COM3D2x64_Data\Managed\Unity.XR.Management.dll,17408,137A5B7E,34404
0,0,COM3D2x64_Data\Managed\Unity.XR.OpenXR.dll,153088,84F58A4F,34404
0,0,COM3D2x64_Data\Managed\Unity.XR.OpenXR.Features.ConformanceAutomation.dll,8192,8881B4C6,34404
0,0,COM3D2x64_Data\Managed\Unity.XR.OpenXR.Features.MetaQuestSupport.dll,5632,FE40053F,34404
0,0,COM3D2x64_Data\Managed\Unity.XR.OpenXR.Features.MockRuntime.dll,10752,3A8D4AD1,34404
0,0,COM3D2x64_Data\Managed\Unity.XR.OpenXR.Features.OculusQuestSupport.dll,5632,6D9E0E6C,34404
0,0,COM3D2x64_Data\Managed\Unity.XR.OpenXR.Features.RuntimeDebugger.dll,6656,9B11A467,34404
0,0,COM3D2x64_Data\Managed\UnityEngine.AccessibilityModule.dll,22208,78C6C15D,34404
0,0,COM3D2x64_Data\Managed\UnityEngine.AIModule.dll,57024,A46DFD74,34404
0,0,COM3D2x64_Data\Managed\UnityEngine.AndroidJNIModule.dll,93376,B50A5AFB,34404
0,0,COM3D2x64_Data\Managed\UnityEngine.AnimationModule.dll,162496,241D474D,34404
0,0,COM3D2x64_Data\Managed\UnityEngine.ARModule.dll,19648,4A1D5F33,34404
0,0,COM3D2x64_Data\Managed\UnityEngine.AssetBundleModule.dll,31424,BBD1D7B1,34404
0,0,COM3D2x64_Data\Managed\UnityEngine.AudioModule.dll,69312,349E621F,34404
0,0,COM3D2x64_Data\Managed\UnityEngine.ClothModule.dll,24768,0D4371C4,34404
0,0,COM3D2x64_Data\Managed\UnityEngine.ClusterInputModule.dll,20160,B28C53A1,34404
0,0,COM3D2x64_Data\Managed\UnityEngine.ClusterRendererModule.dll,20672,918BC9BA,34404
0,0,COM3D2x64_Data\Managed\UnityEngine.ContentLoadModule.dll,25792,BB90FC09,34404
0,0,COM3D2x64_Data\Managed\UnityEngine.CoreModule.dll,1386688,48FD115A,34404
0,0,COM3D2x64_Data\Managed\UnityEngine.CrashReportingModule.dll,19648,41C76870,34404
0,0,COM3D2x64_Data\Managed\UnityEngine.DirectorModule.dll,23232,2CC1A420,34404
0,0,COM3D2x64_Data\Managed\UnityEngine.dll,125120,B56BB6D6,34404
0,0,COM3D2x64_Data\Managed\UnityEngine.DSPGraphModule.dll,27840,5F1EB63B,34404
0,0,COM3D2x64_Data\Managed\UnityEngine.GameCenterModule.dll,38592,B801B973,34404
0,0,COM3D2x64_Data\Managed\UnityEngine.GIModule.dll,18624,DA68DA5E,34404
0,0,COM3D2x64_Data\Managed\UnityEngine.GridModule.dll,23744,FF1520D8,34404
0,0,COM3D2x64_Data\Managed\UnityEngine.HotReloadModule.dll,18624,9E32D2C5,34404
0,0,COM3D2x64_Data\Managed\UnityEngine.ImageConversionModule.dll,22720,91655A3B,34404
0,0,COM3D2x64_Data\Managed\UnityEngine.IMGUIModule.dll,188608,DEA159BD,34404
0,0,COM3D2x64_Data\Managed\UnityEngine.InputLegacyModule.dll,37568,C1DB6A82,34404
0,0,COM3D2x64_Data\Managed\UnityEngine.InputModule.dll,22208,F997B8C7,34404
0,0,COM3D2x64_Data\Managed\UnityEngine.JSONSerializeModule.dll,20672,D57971D2,34404
0,0,COM3D2x64_Data\Managed\UnityEngine.LocalizationModule.dll,19648,AFDD1EBA,34404
0,0,COM3D2x64_Data\Managed\UnityEngine.NVIDIAModule.dll,32448,AA6EB95A,34404
0,0,COM3D2x64_Data\Managed\UnityEngine.ParticleSystemModule.dll,159424,1015EEB4,34404
0,0,COM3D2x64_Data\Managed\UnityEngine.PerformanceReportingModule.dll,19136,0306AACC,34404
0,0,COM3D2x64_Data\Managed\UnityEngine.Physics2DModule.dll,139968,A700CCF7,34404
0,0,COM3D2x64_Data\Managed\UnityEngine.PhysicsModule.dll,136896,4C25069F,34404
0,0,COM3D2x64_Data\Managed\UnityEngine.ProfilerModule.dll,18624,643CEF55,34404
0,0,COM3D2x64_Data\Managed\UnityEngine.PropertiesModule.dll,153792,EA69A163,34404
0,0,COM3D2x64_Data\Managed\UnityEngine.RuntimeInitializeOnLoadManagerInitializerModule.dll,18624,D76E22EE,34404
0,0,COM3D2x64_Data\Managed\UnityEngine.ScreenCaptureModule.dll,19648,541955E1,34404
0,0,COM3D2x64_Data\Managed\UnityEngine.SharedInternalsModule.dll,31424,4655484A,34404
0,0,COM3D2x64_Data\Managed\UnityEngine.SpatialTracking.dll,11776,80704D11,34404
0,0,COM3D2x64_Data\Managed\UnityEngine.SpriteMaskModule.dll,20160,28D62CA3,34404
0,0,COM3D2x64_Data\Managed\UnityEngine.SpriteShapeModule.dll,24768,9EA47AE4,34404
0,0,COM3D2x64_Data\Managed\UnityEngine.StreamingModule.dll,19136,8EBC9B33,34404
0,0,COM3D2x64_Data\Managed\UnityEngine.SubstanceModule.dll,23232,D79E791D,34404
0,0,COM3D2x64_Data\Managed\UnityEngine.SubsystemsModule.dll,33472,619F2CB8,34404
0,0,COM3D2x64_Data\Managed\UnityEngine.TerrainModule.dll,99520,C87BF8A8,34404
0,0,COM3D2x64_Data\Managed\UnityEngine.TerrainPhysicsModule.dll,19648,C362F820,34404
0,0,COM3D2x64_Data\Managed\UnityEngine.TextCoreFontEngineModule.dll,70848,91C2111D,34404
0,0,COM3D2x64_Data\Managed\UnityEngine.TextCoreTextEngineModule.dll,247488,47DA257F,34404
0,0,COM3D2x64_Data\Managed\UnityEngine.TextRenderingModule.dll,37568,64F4EAE3,34404
0,0,COM3D2x64_Data\Managed\UnityEngine.TilemapModule.dll,45248,86525F58,34404
0,0,COM3D2x64_Data\Managed\UnityEngine.TLSModule.dll,25280,28D4A9D2,34404
0,0,COM3D2x64_Data\Managed\UnityEngine.UI.dll,265728,B026644B,34404
0,0,COM3D2x64_Data\Managed\UnityEngine.UIElementsModule.dll,1526464,D2EF9FE4,34404
0,0,COM3D2x64_Data\Managed\UnityEngine.UIModule.dll,35008,16712D23,34404
0,0,COM3D2x64_Data\Managed\UnityEngine.UmbraModule.dll,18624,421ABF60,34404
0,0,COM3D2x64_Data\Managed\UnityEngine.UnityAnalyticsCommonModule.dll,19648,69C59A3E,34404
0,0,COM3D2x64_Data\Managed\UnityEngine.UnityAnalyticsModule.dll,43200,0E49D1A9,34404
0,0,COM3D2x64_Data\Managed\UnityEngine.UnityConnectModule.dll,20160,A5D5E39F,34404
0,0,COM3D2x64_Data\Managed\UnityEngine.UnityCurlModule.dll,20160,B71C41C4,34404
0,0,COM3D2x64_Data\Managed\UnityEngine.UnityTestProtocolModule.dll,18624,1E0DEBE9,34404
0,0,COM3D2x64_Data\Managed\UnityEngine.UnityWebRequestAssetBundleModule.dll,21696,69651A7A,34404
0,0,COM3D2x64_Data\Managed\UnityEngine.UnityWebRequestAudioModule.dll,21184,63F203EC,34404
0,0,COM3D2x64_Data\Managed\UnityEngine.UnityWebRequestModule.dll,56512,AF370A89,34404
0,0,COM3D2x64_Data\Managed\UnityEngine.UnityWebRequestTextureModule.dll,20160,6F60385C,34404
0,0,COM3D2x64_Data\Managed\UnityEngine.UnityWebRequestWWWModule.dll,29888,59764BF3,34404
0,0,COM3D2x64_Data\Managed\UnityEngine.VehiclesModule.dll,22720,195DA28D,34404
0,0,COM3D2x64_Data\Managed\UnityEngine.VFXModule.dll,57024,D3FF217B,34404
0,0,COM3D2x64_Data\Managed\UnityEngine.VideoModule.dll,39616,4592FDD4,34404
0,0,COM3D2x64_Data\Managed\UnityEngine.VirtualTexturingModule.dll,34496,1A77BE99,34404
0,0,COM3D2x64_Data\Managed\UnityEngine.VRModule.dll,25280,B7C1DF4D,34404
0,0,COM3D2x64_Data\Managed\UnityEngine.WindModule.dll,19648,34258888,34404
0,0,COM3D2x64_Data\Managed\UnityEngine.XR.LegacyInputHelpers.dll,23552,B6A6D19A,34404
0,0,COM3D2x64_Data\Managed\UnityEngine.XRModule.dll,69312,C01DB11A,34404
0,0,COM3D2x64_Data\Managed\Win32.dll,13312,7781C2A2,34404
0,0,COM3D2x64_Data\Managed\zxing.unity.dll,430592,9FD1F198,34404
0,0,COM3D2x64_Data\Plugins\x86_64\assimp.dll,4388864,7C910D84,34404
0,0,COM3D2x64_Data\Plugins\x86_64\Audio360.dll,1956352,0D4B8E9D,34404
0,0,COM3D2x64_Data\Plugins\x86_64\AVProVideo.dll,886272,278352F0,34404
0,0,COM3D2x64_Data\Plugins\x86_64\clothpp.dll,112128,7C3264A4,34404
0,0,COM3D2x64_Data\Plugins\x86_64\cm3d2.dll,2265088,CA67D1AD,34404
0,0,COM3D2x64_Data\Plugins\x86_64\device_hook.dll,738816,F61E7CED,34404
0,0,COM3D2x64_Data\Plugins\x86_64\FbxExporterCore.dll,12491776,CBAA51C1,34404
0,0,COM3D2x64_Data\Plugins\x86_64\FoveClient.dll,1849384,58C8B4F6,34404
0,0,COM3D2x64_Data\Plugins\x86_64\LeapC.dll,2516992,FBDD3767,34404
0,0,COM3D2x64_Data\Plugins\x86_64\lib_burst_generated.dll,1064960,21C26BDD,34404
0,0,COM3D2x64_Data\Plugins\x86_64\openvr_api.dll,318272,44432E0F,34404
0,0,COM3D2x64_Data\Plugins\x86_64\openxr_loader.dll,1948672,A9899457,34404
0,0,COM3D2x64_Data\Plugins\x86_64\OVRGamepad.dll,12800,2C526135,34404
0,0,COM3D2x64_Data\Plugins\x86_64\OVRLipSync.dll,2512296,391C1F4C,34404
0,0,COM3D2x64_Data\Plugins\x86_64\UnityOpenXR.dll,740864,6285EC22,34404
0,0,COM3D2x64_Data\Plugins\x86_64\Win32-WebView.dll,504832,382AEE66,34404
0,0,COM3D2x64_Data\Resources\unity default resources,1564256,28AF3A61,34404
0,0,COM3D2x64_Data\Resources\unity_builtin_extra,428296,1A294B77,34404
0,0,COM3D2x64_Data\UnitySubsystems\UnityOpenXR\UnitySubsystemsManifest.json,334,076D4451,34404
0,0,COM3D2x64_Data\app.info,27,F9A266E7,34404
0,0,COM3D2x64_Data\boot.config,128,3D02AA4E,34404
0,0,COM3D2x64_Data\globalgamemanagers,5411116,B48130E8,34404
0,0,COM3D2x64_Data\globalgamemanagers.assets,569528,53661657,34404
0,0,COM3D2x64_Data\globalgamemanagers.assets.resS,2796240,F6707524,34404
0,0,COM3D2x64_Data\level0,362852,55C30518,34404
0,0,COM3D2x64_Data\level1,385788,BFE9946E,34404
0,0,COM3D2x64_Data\level2,381452,E6DA1138,34404
0,0,COM3D2x64_Data\level3,1274812,5C8BF1BB,34404
0,0,COM3D2x64_Data\level4,1312524,615F0F52,34404
0,0,COM3D2x64_Data\level5,1359900,41FE70B5,34404
0,0,COM3D2x64_Data\level6,364884,3B77CCC3,34404
0,0,COM3D2x64_Data\level7,1099036,5930C453,34404
0,0,COM3D2x64_Data\level8,396468,8BA9ECEE,34404
0,0,COM3D2x64_Data\level9,465508,CA0F9B29,34404
0,0,COM3D2x64_Data\level10,390252,5AF4C829,34404
0,0,COM3D2x64_Data\level11,363380,C50D2FC9,34404
0,0,COM3D2x64_Data\level12,476180,A4731A13,34404
0,0,COM3D2x64_Data\level13,367588,A3A2701A,34404
0,0,COM3D2x64_Data\level14,916636,3DDB593D,34404
0,0,COM3D2x64_Data\level15,4996,B1AB14CE,34404
0,0,COM3D2x64_Data\level16,365372,2326DEDA,34404
0,0,COM3D2x64_Data\level17,1192,4A50FBB0,34404
0,0,COM3D2x64_Data\level18,382172,9A07D07C,34404
0,0,COM3D2x64_Data\level19,371932,7958F7EF,34404
0,0,COM3D2x64_Data\level20,1050460,5383CBF5,34404
0,0,COM3D2x64_Data\level21,469828,501CFFA0,34404
0,0,COM3D2x64_Data\level22,1180380,FB75E106,34404
0,0,COM3D2x64_Data\level23,448700,3D2E3731,34404
0,0,COM3D2x64_Data\level24,714556,7B2CE1F8,34404
0,0,COM3D2x64_Data\level25,386244,33DC9D74,34404
0,0,COM3D2x64_Data\level26,2246572,EA334B59,34404
0,0,COM3D2x64_Data\level27,1210764,3776E726,34404
0,0,COM3D2x64_Data\level28,386244,98D17399,34404
0,0,COM3D2x64_Data\level29,1183556,C32AD57B,34404
0,0,COM3D2x64_Data\level30,378644,FF036467,34404
0,0,COM3D2x64_Data\level31,488244,A7A6F58B,34404
0,0,COM3D2x64_Data\level32,29832,FD22B564,34404
0,0,COM3D2x64_Data\level32.resS,131232,DEC6292A,34404
0,0,COM3D2x64_Data\level33,58924,38F5CACE,34404
0,0,COM3D2x64_Data\level34,64856,6D63B625,34404
0,0,COM3D2x64_Data\level35,4032,DAE562C1,34404
0,0,COM3D2x64_Data\level36,363772,0C8D0325,34404
0,0,COM3D2x64_Data\level37,1686780,C1D3D135,34404
0,0,COM3D2x64_Data\level38,1541100,72713AD5,34404
0,0,COM3D2x64_Data\level39,1562964,F8903611,34404
0,0,COM3D2x64_Data\level40,461700,DFE286B2,34404
0,0,COM3D2x64_Data\level41,420684,E12925D3,34404
0,0,COM3D2x64_Data\level42,462436,39ADFCC2,34404
0,0,COM3D2x64_Data\level43,1454332,66FFE402,34404
0,0,COM3D2x64_Data\level44,1524524,18F00714,34404
0,0,COM3D2x64_Data\level45,1652140,0F0FEFD2,34404
0,0,COM3D2x64_Data\level46,457476,3E92695C,34404
0,0,COM3D2x64_Data\level47,411820,B8658362,34404
0,0,COM3D2x64_Data\level48,463508,70CAB38B,34404
0,0,COM3D2x64_Data\level49,430860,4B5BF8DE,34404
0,0,COM3D2x64_Data\level50,1481180,E93ED6AF,34404
0,0,COM3D2x64_Data\level51,414788,E5ADB9B1,34404
0,0,COM3D2x64_Data\level52,712852,F1AB5D5E,34404
0,0,COM3D2x64_Data\level53,655316,EDA9A672,34404
0,0,COM3D2x64_Data\level54,387636,87FD251C,34404
0,0,COM3D2x64_Data\level55,1380484,2766423D,34404
0,0,COM3D2x64_Data\level56,1123372,7CFB156A,34404
0,0,COM3D2x64_Data\level57,1130732,9E7CA983,34404
0,0,COM3D2x64_Data\level58,1380484,5B37FF03,34404
0,0,COM3D2x64_Data\level59,1260804,FEA48C4C,34404
0,0,COM3D2x64_Data\level60,1042068,F921628A,34404
0,0,COM3D2x64_Data\level61,1337668,2CA82AAD,34404
0,0,COM3D2x64_Data\level62,1441564,FB0DDC09,34404
0,0,COM3D2x64_Data\level63,730412,24A05847,34404
0,0,COM3D2x64_Data\level64,1015124,93CE3E0F,34404
0,0,COM3D2x64_Data\level65,440908,E229B219,34404
0,0,COM3D2x64_Data\level66,437180,BD190399,34404
0,0,COM3D2x64_Data\level67,481924,29CA0DA5,34404
0,0,COM3D2x64_Data\level68,504692,3E0C4169,34404
0,0,COM3D2x64_Data\level69,431172,6CD732C8,34404
0,0,COM3D2x64_Data\level70,492740,ADBE2946,34404
0,0,COM3D2x64_Data\level71,1142196,F8797F89,34404
0,0,COM3D2x64_Data\level72,1061060,E3B713D9,34404
0,0,COM3D2x64_Data\level73,485108,E70C72C8,34404
0,0,COM3D2x64_Data\level74,507828,571F3A60,34404
0,0,COM3D2x64_Data\level75,498164,D652C0C4,34404
0,0,COM3D2x64_Data\level76,1142180,5F647EAA,34404
0,0,COM3D2x64_Data\level77,1104356,2050B67D,34404
0,0,COM3D2x64_Data\level78,490996,DB463E04,34404
0,0,COM3D2x64_Data\level79,475164,6DB4075C,34404
0,0,COM3D2x64_Data\level80,456316,E5B3A5C7,34404
0,0,COM3D2x64_Data\level81,392628,E052180E,34404
0,0,COM3D2x64_Data\level82,1491372,C91B60C3,34404
0,0,COM3D2x64_Data\level83,1430460,A52A9568,34404
0,0,COM3D2x64_Data\level84,547732,F259D2C4,34404
0,0,COM3D2x64_Data\level85,439332,F8BCE402,34404
0,0,COM3D2x64_Data\level86,1370564,2EF6F4D7,34404
0,0,COM3D2x64_Data\level87,1069332,84C3CC9E,34404
0,0,COM3D2x64_Data\level88,1548196,19B564B3,34404
0,0,COM3D2x64_Data\level89,1488636,6F6255DC,34404
0,0,COM3D2x64_Data\level90,1686796,564B9EF3,34404
0,0,COM3D2x64_Data\level91,1652156,A3C192EF,34404
0,0,COM3D2x64_Data\level92,1488980,DAC45B82,34404
0,0,COM3D2x64_Data\level93,1454340,1CF419B0,34404
0,0,COM3D2x64_Data\level94,452716,C88C04C5,34404
0,0,COM3D2x64_Data\level95,442892,E79DC9A0,34404
0,0,COM3D2x64_Data\level96,1124820,E15D2059,34404
0,0,COM3D2x64_Data\level97,918748,3726BCE9,34404
0,0,COM3D2x64_Data\level98,1024804,095F60EA,34404
0,0,COM3D2x64_Data\level99,915804,05C6BE29,34404
0,0,COM3D2x64_Data\level100,1124364,F4A8650B,34404
0,0,COM3D2x64_Data\level101,1823764,AF61777A,34404
0,0,COM3D2x64_Data\level102,1774236,8533B08C,34404
0,0,COM3D2x64_Data\level103,1212060,3FD22BE6,34404
0,0,COM3D2x64_Data\level104,1155588,E538D800,34404
0,0,COM3D2x64_Data\level105,1634572,D0B6BB57,34404
0,0,COM3D2x64_Data\level106,1739356,DB2065CC,34404
0,0,COM3D2x64_Data\level107,1153324,310609E4,34404
0,0,COM3D2x64_Data\level108,1062660,9F9D450E,34404
0,0,COM3D2x64_Data\level109,1810724,14D26447,34404
0,0,COM3D2x64_Data\level110,1698628,4D498F7A,34404
0,0,COM3D2x64_Data\level111,515108,616CFAF6,34404
0,0,COM3D2x64_Data\level112,535412,8B1D2EB0,34404
0,0,COM3D2x64_Data\level113,626140,F246F26F,34404
0,0,COM3D2x64_Data\level114,563084,BF2F0778,34404
0,0,COM3D2x64_Data\level114.resS,131232,F174E031,34404
0,0,COM3D2x64_Data\level115,510012,501C0C2D,34404
0,0,COM3D2x64_Data\level116,624252,EA8F972B,34404
0,0,COM3D2x64_Data\level117,533932,48FCE853,34404
0,0,COM3D2x64_Data\level118,1867932,29463D8A,34404
0,0,COM3D2x64_Data\level119,1592420,633371FE,34404
0,0,COM3D2x64_Data\level120,1403220,A45E2DD8,34404
0,0,COM3D2x64_Data\level121,1246764,DC7F6FB6,34404
0,0,COM3D2x64_Data\level122,1340476,B3B0F997,34404
0,0,COM3D2x64_Data\level123,1537052,95773F5E,34404
0,0,COM3D2x64_Data\level124,1436292,8EA7E13D,34404
0,0,COM3D2x64_Data\level125,1006676,9860D299,34404
0,0,COM3D2x64_Data\level126,606556,41FDE286,34404
0,0,COM3D2x64_Data\level127,1077844,AE7C82A5,34404
0,0,COM3D2x64_Data\level128,994980,6743F847,34404
0,0,COM3D2x64_Data\level129,361620,5B71E799,34404
0,0,COM3D2x64_Data\level130,766404,F2AD14FE,34404
0,0,COM3D2x64_Data\level131,1008372,3006B94D,34404
0,0,COM3D2x64_Data\level132,969692,B30A55E6,34404
0,0,COM3D2x64_Data\level133,950220,3AA81406,34404
0,0,COM3D2x64_Data\level134,439428,43ACF2E3,34404
0,0,COM3D2x64_Data\level135,924164,26F1E619,34404
0,0,COM3D2x64_Data\level136,579836,3F38D617,34404
0,0,COM3D2x64_Data\level137,584148,10074922,34404
0,0,COM3D2x64_Data\level138,610180,4E826FE2,34404
0,0,COM3D2x64_Data\level139,608532,FBDB26B9,34404
0,0,COM3D2x64_Data\level140,610316,5A82C595,34404
0,0,COM3D2x64_Data\level141,612756,1153A805,34404
0,0,COM3D2x64_Data\level142,544620,EF325DE3,34404
0,0,COM3D2x64_Data\level143,548948,7A1DF691,34404
0,0,COM3D2x64_Data\level144,573812,6EA1B320,34404
0,0,COM3D2x64_Data\level145,605220,BA21803B,34404
0,0,COM3D2x64_Data\level146,574956,3582A6ED,34404
0,0,COM3D2x64_Data\level147,578028,4B2F2861,34404
0,0,COM3D2x64_Data\level148,566828,7624443C,34404
0,0,COM3D2x64_Data\level149,606340,EBA32E17,34404
0,0,COM3D2x64_Data\level150,470084,F63509D5,34404
0,0,COM3D2x64_Data\level151,370324,C4C6C1CC,34404
0,0,COM3D2x64_Data\level152,458844,0F36B6F8,34404
0,0,COM3D2x64_Data\level152.resS,131232,F174E031,34404
0,0,COM3D2x64_Data\level153,1100188,39F85521,34404
0,0,COM3D2x64_Data\level154,1507684,4EFE2699,34404
0,0,COM3D2x64_Data\level155,419940,97B50E02,34404
0,0,COM3D2x64_Data\level156,456436,920EA1FF,34404
0,0,COM3D2x64_Data\level157,466588,201A706E,34404
0,0,COM3D2x64_Data\resources.assets,528811972,BFA9E3C3,34404
0,0,COM3D2x64_Data\resources.assets.resS,2067603248,A313F9CA,34404
0,0,COM3D2x64_Data\resources.resource,1348992,64168176,34404
0,0,COM3D2x64_Data\RuntimeInitializeOnLoads.json,5256,3FAF3D3B,34404
0,0,COM3D2x64_Data\ScriptingAssemblies.json,4395,31B91F14,34404
0,0,COM3D2x64_Data\sharedassets0.assets,31770932,CA06ADA5,34404
0,0,COM3D2x64_Data\sharedassets0.assets.resS,28071648,6B7564F2,34404
0,0,COM3D2x64_Data\sharedassets1.assets,2301,4089ECC1,34404
0,0,COM3D2x64_Data\sharedassets2.assets,2337,61916ACA,34404
0,0,COM3D2x64_Data\sharedassets3.assets,4305,FD64FB8C,34404
0,0,COM3D2x64_Data\sharedassets4.assets,9009,F7E301EC,34404
0,0,COM3D2x64_Data\sharedassets5.assets,3333,5BBE247A,34404
0,0,COM3D2x64_Data\sharedassets6.assets,2205,3EB01924,34404
0,0,COM3D2x64_Data\sharedassets7.assets,3057,04AC60EF,34404
0,0,COM3D2x64_Data\sharedassets8.assets,2193,94B767F7,34404
0,0,COM3D2x64_Data\sharedassets9.assets,3201,EBD910C7,34404
0,0,COM3D2x64_Data\sharedassets10.assets,2137,69AB2146,34404
0,0,COM3D2x64_Data\sharedassets11.assets,2133,DE1CB813,34404
0,0,COM3D2x64_Data\sharedassets12.assets,2541,54BFE03A,34404
0,0,COM3D2x64_Data\sharedassets13.assets,2325,07CC5A96,34404
0,0,COM3D2x64_Data\sharedassets14.assets,2961,745198B1,34404
0,0,COM3D2x64_Data\sharedassets15.assets,553,37A84E2E,34404
0,0,COM3D2x64_Data\sharedassets16.assets,2193,C7AECEA0,34404
0,0,COM3D2x64_Data\sharedassets17.assets,277,EDBD5EC3,34404
0,0,COM3D2x64_Data\sharedassets18.assets,2877,10F78156,34404
0,0,COM3D2x64_Data\sharedassets19.assets,2277,84D0CF9F,34404
0,0,COM3D2x64_Data\sharedassets20.assets,8841,7BD5A148,34404
0,0,COM3D2x64_Data\sharedassets21.assets,2373,C875431E,34404
0,0,COM3D2x64_Data\sharedassets22.assets,8877,19BC4BBD,34404
0,0,COM3D2x64_Data\sharedassets23.assets,2361,89AD0BEF,34404
0,0,COM3D2x64_Data\sharedassets24.assets,2421,4488B413,34404
0,0,COM3D2x64_Data\sharedassets25.assets,2413,9ADA040F,34404
0,0,COM3D2x64_Data\sharedassets26.assets,3153,BE1B5FA8,34404
0,0,COM3D2x64_Data\sharedassets27.assets,8853,99E33108,34404
0,0,COM3D2x64_Data\sharedassets28.assets,2405,4BD1D465,34404
0,0,COM3D2x64_Data\sharedassets29.assets,8853,99E33108,34404
0,0,COM3D2x64_Data\sharedassets30.assets,2125,81A240FB,34404
0,0,COM3D2x64_Data\sharedassets31.assets,2648,1C909C2B,34404
0,0,COM3D2x64_Data\sharedassets32.assets,10456,A487BECD,34404
0,0,COM3D2x64_Data\sharedassets33.assets,597,58900321,34404
0,0,COM3D2x64_Data\sharedassets34.assets,501,71238ED0,34404
0,0,COM3D2x64_Data\sharedassets35.assets,505,7C2C96B5,34404
0,0,COM3D2x64_Data\sharedassets36.assets,2137,33AA67CC,34404
0,0,COM3D2x64_Data\sharedassets37.assets,8841,B93E2E52,34404
0,0,COM3D2x64_Data\sharedassets38.assets,8841,96B49E0E,34404
0,0,COM3D2x64_Data\sharedassets39.assets,8841,C31BF537,34404
0,0,COM3D2x64_Data\sharedassets40.assets,3201,BFC278E1,34404
0,0,COM3D2x64_Data\sharedassets41.assets,2961,E461A8C7,34404
0,0,COM3D2x64_Data\sharedassets42.assets,3381,A8DCC3E5,34404
0,0,COM3D2x64_Data\sharedassets43.assets,5565,5E4A534E,34404
0,0,COM3D2x64_Data\sharedassets44.assets,5673,7B5DB985,34404
0,0,COM3D2x64_Data\sharedassets45.assets,5661,5E014C1F,34404
0,0,COM3D2x64_Data\sharedassets46.assets,4653,44DFBC84,34404
0,0,COM3D2x64_Data\sharedassets47.assets,2601,F22440B3,34404
0,0,COM3D2x64_Data\sharedassets48.assets,4389,EBCC5FE6,34404
0,0,COM3D2x64_Data\sharedassets49.assets,800316,A8E3E90C,34404
0,0,COM3D2x64_Data\sharedassets49.assets.resS,6507040,06B77963,34404
0,0,COM3D2x64_Data\sharedassets50.assets,8841,DE55A393,34404
0,0,COM3D2x64_Data\sharedassets51.assets,2601,81CB475A,34404
0,0,COM3D2x64_Data\sharedassets52.assets,2865,7E8AE180,34404
0,0,COM3D2x64_Data\sharedassets53.assets,2769,29CB8245,34404
0,0,COM3D2x64_Data\sharedassets54.assets,2149,A1F4AFA9,34404
0,0,COM3D2x64_Data\sharedassets55.assets,8925,1C3AAFC4,34404
0,0,COM3D2x64_Data\sharedassets56.assets,5433,6922C58E,34404
0,0,COM3D2x64_Data\sharedassets57.assets,5469,53EDA78E,34404
0,0,COM3D2x64_Data\sharedassets58.assets,8925,1C3AAFC4,34404
0,0,COM3D2x64_Data\sharedassets59.assets,5625,B55A078F,34404
0,0,COM3D2x64_Data\sharedassets60.assets,5493,CE4886A0,34404
0,0,COM3D2x64_Data\sharedassets61.assets,5637,014F432D,34404
0,0,COM3D2x64_Data\sharedassets62.assets,5673,7B5DB985,34404
0,0,COM3D2x64_Data\sharedassets63.assets,2697,4CF06C87,34404
0,0,COM3D2x64_Data\sharedassets64.assets,5661,5E014C1F,34404
0,0,COM3D2x64_Data\sharedassets65.assets,6450,A10A11C0,34404
0,0,COM3D2x64_Data\sharedassets65.assets.resS,87408,84350FBB,34404
0,0,COM3D2x64_Data\sharedassets65.resource,41406086,938147B5,34404
0,0,COM3D2x64_Data\sharedassets66.assets,3362,0A7A43D7,34404
0,0,COM3D2x64_Data\sharedassets66.resource,36841226,318CE5DA,34404
0,0,COM3D2x64_Data\sharedassets67.assets,3322,FBFD7953,34404
0,0,COM3D2x64_Data\sharedassets67.resource,32680665,5F8810A9,34404
0,0,COM3D2x64_Data\sharedassets68.assets,17266,0ED0B3F5,34404
0,0,COM3D2x64_Data\sharedassets68.assets.resS,174784,C6783C52,34404
0,0,COM3D2x64_Data\sharedassets68.resource,35964702,CC2B1BFE,34404
0,0,COM3D2x64_Data\sharedassets69.assets,3346,DA695293,34404
0,0,COM3D2x64_Data\sharedassets69.resource,40585017,61D6AACB,34404
0,0,COM3D2x64_Data\sharedassets70.assets,3562,80641E91,34404
0,0,COM3D2x64_Data\sharedassets70.resource,38610538,C2CDB3C3,34404
0,0,COM3D2x64_Data\sharedassets71.assets,3014356,DF9883D5,34404
0,0,COM3D2x64_Data\sharedassets71.assets.resS,611744,E0F83BD4,34404
0,0,COM3D2x64_Data\sharedassets72.assets,5769,ADD74A05,34404
0,0,COM3D2x64_Data\sharedassets73.assets,2697,4A94849C,34404
0,0,COM3D2x64_Data\sharedassets74.assets,2697,4A94849C,34404
0,0,COM3D2x64_Data\sharedassets75.assets,2697,4A94849C,34404
0,0,COM3D2x64_Data\sharedassets76.assets,8853,A84F9EEF,34404
0,0,COM3D2x64_Data\sharedassets77.assets,5673,A9BFFF68,34404
0,0,COM3D2x64_Data\sharedassets78.assets,2613,85526915,34404
0,0,COM3D2x64_Data\sharedassets79.assets,55760,D681F75E,34404
0,0,COM3D2x64_Data\sharedassets79.assets.resS,174784,F8E8E9F8,34404
0,0,COM3D2x64_Data\sharedassets80.assets,2625,A3A70F3E,34404
0,0,COM3D2x64_Data\sharedassets81.assets,2769,D65D5FC8,34404
0,0,COM3D2x64_Data\sharedassets82.assets,756768,E304BB43,34404
0,0,COM3D2x64_Data\sharedassets82.assets.resS,1310896,5596E62C,34404
0,0,COM3D2x64_Data\sharedassets82.resource,1657856,B35361D0,34404
0,0,COM3D2x64_Data\sharedassets83.assets,5541,92EFF4BF,34404
0,0,COM3D2x64_Data\sharedassets84.assets,3415164,F70C98B6,34404
0,0,COM3D2x64_Data\sharedassets84.assets.resS,6226160,5BDA7B19,34404
0,0,COM3D2x64_Data\sharedassets85.assets,2649,F337D3E4,34404
0,0,COM3D2x64_Data\sharedassets86.assets,10101,03A19997,34404
0,0,COM3D2x64_Data\sharedassets87.assets,5661,5E014C1F,34404
0,0,COM3D2x64_Data\sharedassets88.assets,8877,51FBBC49,34404
0,0,COM3D2x64_Data\sharedassets89.assets,5661,09FCDCB2,34404
0,0,COM3D2x64_Data\sharedassets90.assets,8841,B93E2E52,34404
0,0,COM3D2x64_Data\sharedassets91.assets,5661,5E014C1F,34404
0,0,COM3D2x64_Data\sharedassets92.assets,8877,51FBBC49,34404
0,0,COM3D2x64_Data\sharedassets93.assets,6609,A9EDA409,34404
0,0,COM3D2x64_Data\sharedassets94.assets,2973,CF0619C1,34404
0,0,COM3D2x64_Data\sharedassets95.assets,2481,6A3C0F5C,34404
0,0,COM3D2x64_Data\sharedassets96.assets,7876,C6E84621,34404
0,0,COM3D2x64_Data\sharedassets96.resource,2729248,FCB8D689,34404
0,0,COM3D2x64_Data\sharedassets97.assets,7689,8CAA4D09,34404
0,0,COM3D2x64_Data\sharedassets98.assets,4389,9D754485,34404
0,0,COM3D2x64_Data\sharedassets99.assets,3753,44C7E021,34404
0,0,COM3D2x64_Data\sharedassets100.assets,352924,FB53FC15,34404
0,0,COM3D2x64_Data\sharedassets100.assets.resS,2272064,E37F670D,34404
0,0,COM3D2x64_Data\sharedassets100.resource,6236928,E2AEF877,34404
0,0,COM3D2x64_Data\sharedassets101.assets,6568072,53522BEB,34404
0,0,COM3D2x64_Data\sharedassets101.assets.resS,10944,57B9B85D,34404
0,0,COM3D2x64_Data\sharedassets101.resource,2053248,CCA7A7B1,34404
0,0,COM3D2x64_Data\sharedassets102.assets,6525,A21542F4,34404
0,0,COM3D2x64_Data\sharedassets103.assets,8985,1106A3EB,34404
0,0,COM3D2x64_Data\sharedassets104.assets,5781,8E5A167E,34404
0,0,COM3D2x64_Data\sharedassets105.assets,5956,46E59BE7,34404
0,0,COM3D2x64_Data\sharedassets105.resource,1239072,9EF23F8B,34404
0,0,COM3D2x64_Data\sharedassets106.assets,9189,4F365573,34404
0,0,COM3D2x64_Data\sharedassets107.assets,9045,20458CE4,34404
0,0,COM3D2x64_Data\sharedassets108.assets,5721,13CE2A96,34404
0,0,COM3D2x64_Data\sharedassets109.assets,9540,C2972EF9,34404
0,0,COM3D2x64_Data\sharedassets109.resource,1500320,468304E6,34404
0,0,COM3D2x64_Data\sharedassets110.assets,6081,05D37E69,34404
0,0,COM3D2x64_Data\sharedassets111.assets,2853,A2E1EF85,34404
0,0,COM3D2x64_Data\sharedassets112.assets,2853,A2E1EF85,34404
0,0,COM3D2x64_Data\sharedassets113.assets,2769,EFCEF959,34404
0,0,COM3D2x64_Data\sharedassets114.assets,2433,777FEAC1,34404
0,0,COM3D2x64_Data\sharedassets115.assets,2769,EFCEF959,34404
0,0,COM3D2x64_Data\sharedassets116.assets,2865,5C65F705,34404
0,0,COM3D2x64_Data\sharedassets117.assets,2769,EFCEF959,34404
0,0,COM3D2x64_Data\sharedassets118.assets,9021,A81E8367,34404
0,0,COM3D2x64_Data\sharedassets119.assets,5709,C1EAC635,34404
0,0,COM3D2x64_Data\sharedassets120.assets,393656,99CC632B,34404
0,0,COM3D2x64_Data\sharedassets120.assets.resS,2184656,EE6A6E48,34404
0,0,COM3D2x64_Data\sharedassets121.assets,5940,6FF9FE4F,34404
0,0,COM3D2x64_Data\sharedassets121.resource,2752064,01AB8E9E,34404
0,0,COM3D2x64_Data\sharedassets122.assets,9117,4CC8E885,34404
0,0,COM3D2x64_Data\sharedassets123.assets,9105,2279CE66,34404
0,0,COM3D2x64_Data\sharedassets124.assets,5781,EB3DAB10,34404
0,0,COM3D2x64_Data\sharedassets125.assets,3316,0096A878,34404
0,0,COM3D2x64_Data\sharedassets125.resource,6331360,376DAB75,34404
0,0,COM3D2x64_Data\sharedassets126.assets,3189,938F6404,34404
0,0,COM3D2x64_Data\sharedassets127.assets,83284,C4E9A94C,34404
0,0,COM3D2x64_Data\sharedassets127.resource,8838560,027F254D,34404
0,0,COM3D2x64_Data\sharedassets128.assets,4341,BAACA2C8,34404
0,0,COM3D2x64_Data\sharedassets129.assets,2077,F3DFF997,34404
0,0,COM3D2x64_Data\sharedassets130.assets,3933,BE968FBB,34404
0,0,COM3D2x64_Data\sharedassets131.assets,7425,C78D7410,34404
0,0,COM3D2x64_Data\sharedassets132.assets,4233,A5313A87,34404
0,0,COM3D2x64_Data\sharedassets133.assets,613456,F060D367,34404
0,0,COM3D2x64_Data\sharedassets133.assets.resS,6138656,2613FE39,34404
0,0,COM3D2x64_Data\sharedassets134.assets,2649,B5FAE362,34404
0,0,COM3D2x64_Data\sharedassets135.assets,3213,B384CD91,34404
0,0,COM3D2x64_Data\sharedassets136.assets,3117,F0602972,34404
0,0,COM3D2x64_Data\sharedassets137.assets,3117,F0602972,34404
0,0,COM3D2x64_Data\sharedassets138.assets,3117,F0602972,34404
0,0,COM3D2x64_Data\sharedassets139.assets,3117,F0602972,34404
0,0,COM3D2x64_Data\sharedassets140.assets,3117,F0602972,34404
0,0,COM3D2x64_Data\sharedassets141.assets,3117,F0602972,34404
0,0,COM3D2x64_Data\sharedassets142.assets,2769,EFCEF959,34404
0,0,COM3D2x64_Data\sharedassets143.assets,2769,EFCEF959,34404
0,0,COM3D2x64_Data\sharedassets144.assets,2769,EFCEF959,34404
0,0,COM3D2x64_Data\sharedassets145.assets,2769,EFCEF959,34404
0,0,COM3D2x64_Data\sharedassets146.assets,2769,EFCEF959,34404
0,0,COM3D2x64_Data\sharedassets147.assets,2769,EFCEF959,34404
0,0,COM3D2x64_Data\sharedassets148.assets,2769,EFCEF959,34404
0,0,COM3D2x64_Data\sharedassets149.assets,3117,F0602972,34404
0,0,COM3D2x64_Data\sharedassets150.assets,2493,93CFF34D,34404
0,0,COM3D2x64_Data\sharedassets151.assets,2205,3EDF300D,34404
0,0,COM3D2x64_Data\sharedassets152.assets,3477,9A160457,34404
0,0,COM3D2x64_Data\sharedassets153.assets,210016,F183909E,34404
0,0,COM3D2x64_Data\sharedassets153.assets.resS,174784,F8825DB8,34404
0,0,COM3D2x64_Data\sharedassets154.assets,6588,936B3181,34404
0,0,COM3D2x64_Data\sharedassets155.assets,2493,3A6A3766,34404
0,0,COM3D2x64_Data\sharedassets156.assets,2493,D06200D1,34404
0,0,COM3D2x64_Data\sharedassets157.assets,2613,4F1BB57F,34404
0,0,MonoBleedingEdge\EmbedRuntime\mono-2.0-bdwgc.dll,7895744,19AF8B01,34404
0,0,MonoBleedingEdge\EmbedRuntime\MonoPosixHelper.dll,609472,68524C42,34404
0,0,MonoBleedingEdge\etc\mono\2.0\Browsers\Compat.browser,1605,2E178A0B,34404
0,0,MonoBleedingEdge\etc\mono\2.0\DefaultWsdlHelpGenerator.aspx,60575,95F9D0B4,34404
0,0,MonoBleedingEdge\etc\mono\2.0\machine.config,29066,42543B8B,34404
0,0,MonoBleedingEdge\etc\mono\2.0\settings.map,2622,AD5340F9,34404
0,0,MonoBleedingEdge\etc\mono\2.0\web.config,11635,1A75EBAD,34404
0,0,MonoBleedingEdge\etc\mono\4.0\Browsers\Compat.browser,1605,2E178A0B,34404
0,0,MonoBleedingEdge\etc\mono\4.0\DefaultWsdlHelpGenerator.aspx,60575,95F9D0B4,34404
0,0,MonoBleedingEdge\etc\mono\4.0\machine.config,33598,86F603C4,34404
0,0,MonoBleedingEdge\etc\mono\4.0\settings.map,2622,DC24A240,34404
0,0,MonoBleedingEdge\etc\mono\4.0\web.config,18802,36D8BA3E,34404
0,0,MonoBleedingEdge\etc\mono\4.5\Browsers\Compat.browser,1605,2E178A0B,34404
0,0,MonoBleedingEdge\etc\mono\4.5\DefaultWsdlHelpGenerator.aspx,60575,95F9D0B4,34404
0,0,MonoBleedingEdge\etc\mono\4.5\machine.config,34056,C446A9EB,34404
0,0,MonoBleedingEdge\etc\mono\4.5\settings.map,2622,DC24A240,34404
0,0,MonoBleedingEdge\etc\mono\4.5\web.config,18811,4F48BC13,34404
0,0,MonoBleedingEdge\etc\mono\mconfig\config.xml,25817,80B2033A,34404
0,0,MonoBleedingEdge\etc\mono\browscap.ini,311984,CE6C0AB3,34404
0,0,MonoBleedingEdge\etc\mono\config,3815,88FA6D93,34404
0,0,COM3D2.exe,12605952,A726F167,2046
0,0,COM3D2x64.exe,666624,19AE50FD,34404
0,0,UnityCrashHandler64.exe,1112768,1C830F9F,34404
0,0,UnityPlayer.dll,30996672,9C9085E6,34404
share,../com3d2data\GameData\ja\motion_omytgc033_2.arc,GameData\motion_omytgc033_2.arc,480371,1F48837F,24404
share,../com3d2data\GameData\ja\motion_omytgc035_2.arc,GameData\motion_omytgc035_2.arc,626379,5C67B1FA,24400
share,../com3d2data\GameData\ja\voice2.arc,GameData\voice2.arc,978689805,76ABD21C,24401
share,../com3d2data\GameData\ja_script\script.arc,GameData\script.arc,16734621,1136F843,24409
share,../com3d2data\GameData\ja_script\script_charaevent009ntr_2.arc,GameData\script_charaevent009ntr_2.arc,36114,B411C22A,24402
share,../com3d2data\GameData\ja_script\script_dateplan001_2.arc,GameData\script_dateplan001_2.arc,2514,3616DD6A,24400
share,../com3d2data\GameData\ja_script\script_modeplus001_2.arc,GameData\script_modeplus001_2.arc,73428,81789773,24404
share,../com3d2data\GameData\ja_script\script_omytgc031_2.arc,GameData\script_omytgc031_2.arc,11730,FF9EFAB1,24402
share,../com3d2data\GameData\ja_script\script_omytgc031_add2_2.arc,GameData\script_omytgc031_add2_2.arc,13682,ECAA9DA6,24402
share,../com3d2data\GameData\ja_script\script_omytgc032_2.arc,GameData\script_omytgc032_2.arc,248570,7C68249B,24402
share,../com3d2data\GameData\ja_script\script_omytgc035_2.arc,GameData\script_omytgc035_2.arc,39714,7BBAC127,24402
share,../com3d2data\GameData\ja_script\script_personal_om003plus_2.arc,GameData\script_personal_om003plus_2.arc,44514,BF2E5D64,24402
share,../com3d2data\GameData\ja_script\script_personal_om007_2.arc,GameData\script_personal_om007_2.arc,259116,2DA2D6CE,24402
share,../com3d2data\GameData\ja_script\script_personal_om008_2.arc,GameData\script_personal_om008_2.arc,251849,9AEEA588,24400
share,../com3d2data\GameData\ja_script\script_personal_om012_2.arc,GameData\script_personal_om012_2.arc,244859,CAF98945,24404
share,../com3d2data\GameData\ja_script\script_personal_om012_gp002_2.arc,GameData\script_personal_om012_gp002_2.arc,32130,05B5697D,24401
share,../com3d2data\GameData\ja_script\script_select001_2.arc,GameData\script_select001_2.arc,30450,8779AE41,24403
share,../com3d2data\GameData\ja_script\script_stream001_2.arc,GameData\script_stream001_2.arc,2162,BFF4B091,24402
share,../com3d2data\GameData\ja_script\script_stream002_2.arc,GameData\script_stream002_2.arc,9874,93EAECFF,24403
share,../com3d2data\GameData\ja_script\script_trio002_2.arc,GameData\script_trio002_2.arc,8834,ACF4BB92,24401
share,../com3d2data\GameData\ja_script\script_valentine2025_2.arc,GameData\script_valentine2025_2.arc,11522,181ABC2F,24400
share,../com3d2data\GameData\ja_script\script_x_galplus_2.arc,GameData\script_x_galplus_2.arc,16162,B8EAFA5F,24400
share,../com3d2data\GameData\ja_script\script_x001_2.arc,GameData\script_x001_2.arc,23155861,1FD6CF4D,24400
share,../com3d2data\GameData\ja_script\script_x001plus_2.arc,GameData\script_x001plus_2.arc,23472311,77E9552A,24400
share,../com3d2data\GameData\patch\bg_cw010_2.arc,GameData\bg_cw010_2.arc,18093072,42FCE41A,24402
share,../com3d2data\GameData\patch\csv.arc,GameData\csv.arc,45788449,036FF314,24413
share,../com3d2data\GameData\patch\csv_dance_hhs_2.arc,GameData\csv_dance_hhs_2.arc,818,E0195413,24401
share,../com3d2data\GameData\patch\csv_dance_smt_2.arc,GameData\csv_dance_smt_2.arc,770,6B48DF0B,24401
share,../com3d2data\GameData\patch\csv_dance_sse_2.arc,GameData\csv_dance_sse_2.arc,786,A9BBB348,24401
share,../com3d2data\GameData\patch\csv_selfishdestiny_2.arc,GameData\csv_selfishdestiny_2.arc,43218,C15DF8CD,24403
share,../com3d2data\GameData\patch\parts_dlc361_2.arc,GameData\parts_dlc361_2.arc,6251044,1F5496DC,24403
share,../com3d2data\GameData\patch\parts_dlc363_2.arc,GameData\parts_dlc363_2.arc,11168402,3591087B,24403
share,../com3d2data\GameData\patch\parts_dlc368_2.arc,GameData\parts_dlc368_2.arc,142902,0FB0973B,24402
share,../com3d2data\GameData\patch\parts_dlc394_2.arc,GameData\parts_dlc394_2.arc,2156946,B6CBFC8C,24404
share,../com3d2data\GameData\patch\parts_dlc523_2.arc,GameData\parts_dlc523_2.arc,11378,306F7968,24404
share,../com3d2data\GameData\patch\parts_dlc528_2.arc,GameData\parts_dlc528_2.arc,1503027,E8538580,24402
share,../com3d2data\GameData\patch\parts_dlc543_2.arc,GameData\parts_dlc543_2.arc,452785,65698E69,24404
share,../com3d2data\GameData\patch\parts_dlc545_2.arc,GameData\parts_dlc545_2.arc,10002,21D08BFB,24404
share,../com3d2data\GameData\patch\parts_gp003_2.arc,GameData\parts_gp003_2.arc,156431709,F4CA31A2,24402
share,../com3d2data\GameData\patch\parts_nightpool001_add2_2.arc,GameData\parts_nightpool001_add2_2.arc,201787,7774246B,24402
share,../com3d2data\GameData\patch\parts_oldplus011cloth_2.arc,GameData\parts_oldplus011cloth_2.arc,228764,3AE1A229,24402
share,../com3d2data\GameData\patch\parts_sp001_2.arc,GameData\parts_sp001_2.arc,368802,36296F61,24402
share,../com3d2data\GameData\patch\parts2.arc,GameData\parts2.arc,224249617,199F468F,24402
share,../com3d2data\GameData\patch\paths.dat,GameData\paths.dat,20075,ECE5ECF4,24410
share,../com3d2data\GameData\patch\prioritymaterial.arc,GameData\prioritymaterial.arc,875346,ED54F5FA,24404
share,../com3d2data\GameData\patch\sound_dance_hhs_2.arc,GameData\sound_dance_hhs_2.arc,16074673,9745C9D8,24401
share,../com3d2data\GameData\patch\sound_dance_smt_2.arc,GameData\sound_dance_smt_2.arc,19977815,0A32078B,24401
share,../com3d2data\GameData\patch\sound_dance_sse_2.arc,GameData\sound_dance_sse_2.arc,18108195,40971188,24401
share,../com3d2data\GameData\patch\sound_maidtaisou_2.arc,GameData\sound_maidtaisou_2.arc,7299538,D151932F,24401
share,../com3d2data\GameData\patch\system2.arc,GameData\system2.arc,48503227,DAD7EC9A,24403
share,../com3d2data\GameData_20\material_cas133_2.arc,GameData_20\material_cas133_2.arc,2546,0E77C955,1744
share,../com3d2data\GameData_20\material_denkigai2021s_2.arc,GameData_20\material_denkigai2021s_2.arc,1730,5A8CFCE7,1744
share,../com3d2data\GameData_20\material_dlc004_2.arc,GameData_20\material_dlc004_2.arc,5042,54116788,1744
share,../com3d2data\GameData_20\material_dlc007_2.arc,GameData_20\material_dlc007_2.arc,5122,7C7A291B,1744
share,../com3d2data\GameData_20\material_dlc326_2.arc,GameData_20\material_dlc326_2.arc,1682,5D16A84A,1744
share,../com3d2data\GameData_20\material_dlc386_2.arc,GameData_20\material_dlc386_2.arc,13250,4D9AA74F,1744
share,../com3d2data\GameData_20\material_dlc414_2.arc,GameData_20\material_dlc414_2.arc,13474,9E58194A,1744
share,../com3d2data\GameData_20\material_dlc427_2.arc,GameData_20\material_dlc427_2.arc,13746,1B72758F,1744
share,../com3d2data\GameData_20\material_dlc437hair_2.arc,GameData_20\material_dlc437hair_2.arc,1746,F7DF6102,1744
share,../com3d2data\GameData_20\material_dlc488_2.arc,GameData_20\material_dlc488_2.arc,1714,1AA5F731,1744
share,../com3d2data\GameData_20\menu_cas133_2.arc,GameData_20\menu_cas133_2.arc,8962,B2C49D27,1744
share,../com3d2data\GameData_20\menu_cas134_2.arc,GameData_20\menu_cas134_2.arc,9090,F8D6780D,1744
share,../com3d2data\GameData_20\menu_dlc004_2.arc,GameData_20\menu_dlc004_2.arc,3362,F70C6943,1744
share,../com3d2data\GameData_20\menu_dlc286_2.arc,GameData_20\menu_dlc286_2.arc,2626,18F6964C,1744
share,../com3d2data\GameData_20\menu_dlc326_2.arc,GameData_20\menu_dlc326_2.arc,1730,625DC929,1744
share,../com3d2data\GameData_20\menu_dlc361_2.arc,GameData_20\menu_dlc361_2.arc,1218,CE7AA7A8,1746
share,../com3d2data\GameData_20\menu_dlc363_2.arc,GameData_20\menu_dlc363_2.arc,2034,AAF5EDC6,1746
share,../com3d2data\GameData_20\menu_dlc386_2.arc,GameData_20\menu_dlc386_2.arc,8242,43DF28B0,1744
share,../com3d2data\GameData_20\menu_dlc394_2.arc,GameData_20\menu_dlc394_2.arc,12482,B10CC376,1747
share,../com3d2data\GameData_20\menu_dlc399_2.arc,GameData_20\menu_dlc399_2.arc,1234,9EC7D1A9,1744
share,../com3d2data\GameData_20\menu_dlc414_2.arc,GameData_20\menu_dlc414_2.arc,3666,01397BC6,1744
share,../com3d2data\GameData_20\menu_dlc423_2.arc,GameData_20\menu_dlc423_2.arc,3298,861496D6,1744
share,../com3d2data\GameData_20\menu_dlc487_2.arc,GameData_20\menu_dlc487_2.arc,3266,52969574,1744
share,../com3d2data\GameData_20\menu_dlc523_2.arc,GameData_20\menu_dlc523_2.arc,4130,2EDD2BBF,1747
share,../com3d2data\GameData_20\menu_dlc526_2.arc,GameData_20\menu_dlc526_2.arc,4258,988E8441,1744
share,../com3d2data\GameData_20\menu_gp001_2.arc,GameData_20\menu_gp001_2.arc,6770,59BE68C7,1744
share,../com3d2data\GameData_20\menu_kissevent2017march_2.arc,GameData_20\menu_kissevent2017march_2.arc,106784,C73EFD41,1747
share,../com3d2data\GameData_20\menu_oldplus009cloth_2.arc,GameData_20\menu_oldplus009cloth_2.arc,9602,4E06F551,1744
share,../com3d2data\GameData_20\menu_personal_om008_2.arc,GameData_20\menu_personal_om008_2.arc,6866,2468F845,1744
share,../com3d2data\GameData_20\model_cas043_2.arc,GameData_20\model_cas043_2.arc,166587,C4122F7E,1744
share,../com3d2data\GameData_20\model_cas056_2.arc,GameData_20\model_cas056_2.arc,515645,4C84558A,1744
share,../com3d2data\GameData_20\model_cas064_2.arc,GameData_20\model_cas064_2.arc,116026,0A8CC175,1744
share,../com3d2data\GameData_20\model_cas099_2.arc,GameData_20\model_cas099_2.arc,120018,F24B9C93,1744
share,../com3d2data\GameData_20\model_cas113_2.arc,GameData_20\model_cas113_2.arc,474721,DDA747D5,1744
share,../com3d2data\GameData_20\model_cas133_2.arc,GameData_20\model_cas133_2.arc,1797049,9CFB4397,1744
share,../com3d2data\GameData_20\model_cw004cloth1_2.arc,GameData_20\model_cw004cloth1_2.arc,877052,EEB61B76,1744
share,../com3d2data\GameData_20\model_cw004cloth3_2.arc,GameData_20\model_cw004cloth3_2.arc,392556,2C567671,1744
share,../com3d2data\GameData_20\model_cw007cloth2_2.arc,GameData_20\model_cw007cloth2_2.arc,198050,99EE2B6C,1744
share,../com3d2data\GameData_20\model_denkigai2020s_2.arc,GameData_20\model_denkigai2020s_2.arc,70702,A7C3EBB2,1744
share,../com3d2data\GameData_20\model_dlc004_2.arc,GameData_20\model_dlc004_2.arc,285512,53E9912D,1744
share,../com3d2data\GameData_20\model_dlc007_2.arc,GameData_20\model_dlc007_2.arc,72986,85596DB7,1744
share,../com3d2data\GameData_20\model_dlc038_2.arc,GameData_20\model_dlc038_2.arc,171553,12426AA2,1744
share,../com3d2data\GameData_20\model_dlc264_2.arc,GameData_20\model_dlc264_2.arc,1284137,3BAA1822,1744
share,../com3d2data\GameData_20\model_dlc314_2.arc,GameData_20\model_dlc314_2.arc,102829,E3EE6B88,1744
share,../com3d2data\GameData_20\model_dlc317_2.arc,GameData_20\model_dlc317_2.arc,4235399,79891393,1744
share,../com3d2data\GameData_20\model_dlc326_2.arc,GameData_20\model_dlc326_2.arc,414866,4374BB67,1744
share,../com3d2data\GameData_20\model_dlc345_2.arc,GameData_20\model_dlc345_2.arc,305873,22B2B3C4,1744
share,../com3d2data\GameData_20\model_dlc361_2.arc,GameData_20\model_dlc361_2.arc,2831298,4199C5F0,1746
share,../com3d2data\GameData_20\model_dlc363_2.arc,GameData_20\model_dlc363_2.arc,858109,8BD01DD1,1746
share,../com3d2data\GameData_20\model_dlc368_2.arc,GameData_20\model_dlc368_2.arc,228834,D8234312,1745
share,../com3d2data\GameData_20\model_dlc392_2.arc,GameData_20\model_dlc392_2.arc,1183892,E5FCC07F,1744
share,../com3d2data\GameData_20\model_dlc414_2.arc,GameData_20\model_dlc414_2.arc,399533,EA325852,1744
share,../com3d2data\GameData_20\model_dlc423_2.arc,GameData_20\model_dlc423_2.arc,243401,53F93DDE,1744
share,../com3d2data\GameData_20\model_dlc437_2.arc,GameData_20\model_dlc437_2.arc,487721,9BBC736D,1744
share,../com3d2data\GameData_20\model_dlc437hair_2.arc,GameData_20\model_dlc437hair_2.arc,354059,D48CD13B,1744
share,../com3d2data\GameData_20\model_dlc450_2.arc,GameData_20\model_dlc450_2.arc,508820,CFFA2D48,1744
share,../com3d2data\GameData_20\model_dlc451_2.arc,GameData_20\model_dlc451_2.arc,537178,E56CAB81,1744
share,../com3d2data\GameData_20\model_dlc462_2.arc,GameData_20\model_dlc462_2.arc,337274,335419B3,1744
share,../com3d2data\GameData_20\model_dlc466_2.arc,GameData_20\model_dlc466_2.arc,220262,A2895402,1744
share,../com3d2data\GameData_20\model_dlc475_2.arc,GameData_20\model_dlc475_2.arc,1346362,9820A575,1744
share,../com3d2data\GameData_20\model_dlc505_2.arc,GameData_20\model_dlc505_2.arc,114740,AF1B0F13,1744
share,../com3d2data\GameData_20\model_dlc508_2.arc,GameData_20\model_dlc508_2.arc,1171745,91EBD4B1,1744
share,../com3d2data\GameData_20\model_dlc510_2.arc,GameData_20\model_dlc510_2.arc,1798570,28BA1A40,1744
share,../com3d2data\GameData_20\model_dlc513_2.arc,GameData_20\model_dlc513_2.arc,142742,C92F2E78,1744
share,../com3d2data\GameData_20\model_dlc519_2.arc,GameData_20\model_dlc519_2.arc,196088,933B2E23,1744
share,../com3d2data\GameData_20\model_dlc520_2.arc,GameData_20\model_dlc520_2.arc,647048,A82B87A1,1744
share,../com3d2data\GameData_20\model_dlc527_2.arc,GameData_20\model_dlc527_2.arc,263958,D13DC3A3,1744
share,../com3d2data\GameData_20\model_dlc528_2.arc,GameData_20\model_dlc528_2.arc,1494027,45D5AB2F,1745
share,../com3d2data\GameData_20\model_dlc536_2.arc,GameData_20\model_dlc536_2.arc,1135095,9F93E2F2,1744
share,../com3d2data\GameData_20\model_dlc543_2.arc,GameData_20\model_dlc543_2.arc,451611,22BFDA92,1747
share,../com3d2data\GameData_20\model_kissevent2017march_2.arc,GameData_20\model_kissevent2017march_2.arc,2481232,88866912,1747
share,../com3d2data\GameData_20\model_oldplus011cloth_2.arc,GameData_20\model_oldplus011cloth_2.arc,204370,BE9D89E8,1745
share,../com3d2data\GameData_20\model_personal_om008_2.arc,GameData_20\model_personal_om008_2.arc,219900,95ED3847,1744
share,../com3d2data\GameData_20\paths.dat,GameData_20\paths.dat,15335,2E63AA64,1833
share,../com3d2data\GameData_20\prioritymaterial.arc,GameData_20\prioritymaterial.arc,454632,967576D1,1836
share,../com3d2data\GameData_20\texture_cas113_2.arc,GameData_20\texture_cas113_2.arc,46625634,E6F2E799,1744
share,../com3d2data\GameData_20\texture_cas139_2.arc,GameData_20\texture_cas139_2.arc,8118853,61331B0E,1744
share,../com3d2data\GameData_20\texture_charaevent_pride_2.arc,GameData_20\texture_charaevent_pride_2.arc,13250,C74EA680,1747
share,../com3d2data\GameData_20\texture_dlc004_2.arc,GameData_20\texture_dlc004_2.arc,4805793,1C7DB786,1744
share,../com3d2data\GameData_20\texture_dlc361_2.arc,GameData_20\texture_dlc361_2.arc,29567498,BD5402B6,1746
share,../com3d2data\GameData_20\texture_dlc363_2.arc,GameData_20\texture_dlc363_2.arc,10616586,1DB6B7B6,1746
share,../com3d2data\GameData_20\texture_dlc377_2.arc,GameData_20\texture_dlc377_2.arc,2633123,5A9C0F72,1744
share,../com3d2data\GameData_20\texture_dlc386_2.arc,GameData_20\texture_dlc386_2.arc,1022408,504C11D3,1744
share,../com3d2data\GameData_20\texture_dlc394_2.arc,GameData_20\texture_dlc394_2.arc,9090,D1A6C15B,1747
share,../com3d2data\GameData_20\texture_dlc405_2.arc,GameData_20\texture_dlc405_2.arc,4522663,AD657DA6,1744
share,../com3d2data\GameData_20\texture_dlc414_2.arc,GameData_20\texture_dlc414_2.arc,8276290,844E9DDA,1744
share,../com3d2data\GameData_20\texture_dlc437_2.arc,GameData_20\texture_dlc437_2.arc,21879766,37D74A80,1744
share,../com3d2data\GameData_20\texture_dlc475_2.arc,GameData_20\texture_dlc475_2.arc,12536480,61782DA5,1744
share,../com3d2data\GameData_20\texture_dlc523_2.arc,GameData_20\texture_dlc523_2.arc,8370,67C77597,1747
share,../com3d2data\GameData_20\texture_dlc526_2.arc,GameData_20\texture_dlc526_2.arc,8210,1462E6A1,1744
share,../com3d2data\GameData_20\texture_dlc536_2.arc,GameData_20\texture_dlc536_2.arc,20742956,B73EA101,1744
share,../com3d2data\GameData_20\texture_dlc545_2.arc,GameData_20\texture_dlc545_2.arc,10562,F3127853,1747
share,../com3d2data\GameData_20\texture_kissevent2017march_2.arc,GameData_20\texture_kissevent2017march_2.arc,79439191,B0244CA0,1747
