0,0,CM3D2VRx64.exe,20649984,6EFB2A0D,1450
0,0,CM3D2VRx64_DirectToRift.exe,465408,ED45B3A7,1450
0,0,LICENSE,3453,541AF859,1450
0,0,CM3D2VRx64_Data\globalgamemanagers,1435436,82EC2ECA,1450
0,0,CM3D2VRx64_Data\globalgamemanagers.assets,138108,BE5EFC20,1450
0,0,CM3D2VRx64_Data\level0,189228,84E0A92F,1450
0,0,CM3D2VRx64_Data\level1,207204,9E7F08DF,1450
0,0,CM3D2VRx64_Data\level10,201884,FAD78D01,1450
0,0,CM3D2VRx64_Data\level11,189780,FF4BC8E5,1450
0,0,CM3D2VRx64_Data\level12,217228,6526372A,1450
0,0,CM3D2VRx64_Data\level13,190812,0112FB54,1450
0,0,CM3D2VRx64_Data\level14,571668,7C3B7C9B,1450
0,0,CM3D2VRx64_Data\level15,4640,87DE3964,1450
0,0,CM3D2VRx64_Data\level16,191852,1A245B9F,1450
0,0,CM3D2VRx64_Data\level17,4640,9F76ECCE,1450
0,0,CM3D2VRx64_Data\level18,209972,03E88CF5,1450
0,0,CM3D2VRx64_Data\level19,304540,7FCA9AF0,1450
0,0,CM3D2VRx64_Data\level2,207092,AF9AD204,1450
0,0,CM3D2VRx64_Data\level20,451436,5792C3BA,1450
0,0,CM3D2VRx64_Data\level21,215340,81A94879,1450
0,0,CM3D2VRx64_Data\level22,537844,434CE8CE,1450
0,0,CM3D2VRx64_Data\level23,273084,8F9F0952,1450
0,0,CM3D2VRx64_Data\level24,291804,71DA01E6,1450
0,0,CM3D2VRx64_Data\level25,213556,875828A5,1450
0,0,CM3D2VRx64_Data\level26,660292,B02E58B6,1450
0,0,CM3D2VRx64_Data\level27,1291580,0AA1BB59,1450
0,0,CM3D2VRx64_Data\level28,519500,0AFD4224,1450
0,0,CM3D2VRx64_Data\level29,213612,0868E81A,1450
0,0,CM3D2VRx64_Data\level3,428732,395A4E05,1450
0,0,CM3D2VRx64_Data\level30,612484,AE55966B,1450
0,0,CM3D2VRx64_Data\level31,843692,9658B9D2,1450
0,0,CM3D2VRx64_Data\level32,704636,35688A9A,1450
0,0,CM3D2VRx64_Data\level33,205516,D2B3477D,1450
0,0,CM3D2VRx64_Data\level34,551796,9ADAD001,1450
0,0,CM3D2VRx64_Data\level35,826852,A340AA61,1450
0,0,CM3D2VRx64_Data\level4,597268,440D39DD,1450
0,0,CM3D2VRx64_Data\level5,620148,05FCAB47,1450
0,0,CM3D2VRx64_Data\level6,190276,40AA9C80,1450
0,0,CM3D2VRx64_Data\level7,363748,6B1A9890,1450
0,0,CM3D2VRx64_Data\level8,238724,8755C4BB,1450
0,0,CM3D2VRx64_Data\level9,234348,E998F2A3,1450
0,0,CM3D2VRx64_Data\resources.assets,253369136,C3E6E37B,1450
0,0,CM3D2VRx64_Data\resources.assets.resS,413182872,AA6B19DA,1450
0,0,CM3D2VRx64_Data\sharedassets0.assets,16483048,66E14E86,1450
0,0,CM3D2VRx64_Data\sharedassets0.assets.resS,121728032,217CBB40,1450
0,0,CM3D2VRx64_Data\sharedassets1.assets,5920,BDC5B76A,1450
0,0,CM3D2VRx64_Data\sharedassets10.assets,5764,6C1632DB,1450
0,0,CM3D2VRx64_Data\sharedassets11.assets,5764,EFADF66B,1450
0,0,CM3D2VRx64_Data\sharedassets12.assets,5788,D060C9D7,1450
0,0,CM3D2VRx64_Data\sharedassets13.assets,5812,98A7C6B7,1450
0,0,CM3D2VRx64_Data\sharedassets14.assets,6340,69172D7E,1450
0,0,CM3D2VRx64_Data\sharedassets15.assets,4132,60227D03,1450
0,0,CM3D2VRx64_Data\sharedassets16.assets,5824,EC4C0ECF,1450
0,0,CM3D2VRx64_Data\sharedassets17.assets,4132,F03FDBA9,1450
0,0,CM3D2VRx64_Data\sharedassets18.assets,6544,4D30AA8D,1450
0,0,CM3D2VRx64_Data\sharedassets19.assets,5788,6D3E50FF,1450
0,0,CM3D2VRx64_Data\sharedassets2.assets,5968,786F72DD,1450
0,0,CM3D2VRx64_Data\sharedassets20.assets,215280,BBA30D00,1450
0,0,CM3D2VRx64_Data\sharedassets20.assets.resS,51968,C41BC4E7,1450
0,0,CM3D2VRx64_Data\sharedassets21.assets,5860,D9162FAE,1450
0,0,CM3D2VRx64_Data\sharedassets22.assets,74160,DF89A0F3,1450
0,0,CM3D2VRx64_Data\sharedassets23.assets,6004,AF9ED4BB,1450
0,0,CM3D2VRx64_Data\sharedassets24.assets,5872,030FA569,1450
0,0,CM3D2VRx64_Data\sharedassets25.assets,5872,6B6067C4,1450
0,0,CM3D2VRx64_Data\sharedassets26.assets,8128,89665F65,1450
0,0,CM3D2VRx64_Data\sharedassets27.assets,6580,6AC3117F,1450
0,0,CM3D2VRx64_Data\sharedassets28.assets,39511712,C9A1E2D5,1450
0,0,CM3D2VRx64_Data\sharedassets29.assets,5872,FDBFE6D0,1450
0,0,CM3D2VRx64_Data\sharedassets3.assets,6340,8A2EF52E,1450
0,0,CM3D2VRx64_Data\sharedassets30.assets,67700952,751591A4,1450
0,0,CM3D2VRx64_Data\sharedassets31.assets,67690184,98AAB0A4,1450
0,0,CM3D2VRx64_Data\sharedassets32.assets,47233820,5141D183,1450
0,0,CM3D2VRx64_Data\sharedassets32.resource,3813344,7B95E5D4,1450
0,0,CM3D2VRx64_Data\sharedassets33.assets,5788,F00AAC2C,1450
0,0,CM3D2VRx64_Data\sharedassets34.assets,80174972,975D91CB,1450
0,0,CM3D2VRx64_Data\sharedassets35.assets,84139364,F7668A14,1450
0,0,CM3D2VRx64_Data\sharedassets4.assets,1310240,8C20E5A7,1450
0,0,CM3D2VRx64_Data\sharedassets5.assets,6448,F43E433B,1450
0,0,CM3D2VRx64_Data\sharedassets6.assets,5788,B95FD8B4,1450
0,0,CM3D2VRx64_Data\sharedassets7.assets,6064,921E7670,1450
0,0,CM3D2VRx64_Data\sharedassets8.assets,5944,46F73DEC,1450
0,0,CM3D2VRx64_Data\sharedassets9.assets,6268,970C61B4,1450
0,0,CM3D2VRx64_Data\Managed\Accessibility.dll,10752,594EE943,1450
0,0,CM3D2VRx64_Data\Managed\Assembly-CSharp-firstpass.dll,690176,0F5DC2A6,1450
0,0,CM3D2VRx64_Data\Managed\Assembly-CSharp.dll,2602496,B766D770,1450
0,0,CM3D2VRx64_Data\Managed\Assembly-UnityScript-firstpass.dll,65024,6C7BCC69,1450
0,0,CM3D2VRx64_Data\Managed\Boo.Lang.dll,126976,9ADD3789,1450
0,0,CM3D2VRx64_Data\Managed\Ionic.Zlib.dll,102400,7C9E7DD2,1450
0,0,CM3D2VRx64_Data\Managed\JsonFx.Json.dll,70144,A0F0CFCB,1450
0,0,CM3D2VRx64_Data\Managed\LeapCSharp.NET3.5.dll,82432,38E38212,1450
0,0,CM3D2VRx64_Data\Managed\Mono.Data.Tds.dll,96256,DDA7BAB7,1450
0,0,CM3D2VRx64_Data\Managed\Mono.Posix.dll,184320,C7063ABB,1450
0,0,CM3D2VRx64_Data\Managed\Mono.Security.dll,294912,8C7E67B3,1450
0,0,CM3D2VRx64_Data\Managed\Mono.WebBrowser.dll,172032,541986C3,1450
0,0,CM3D2VRx64_Data\Managed\mscorlib.dll,2589696,AFA570E5,1450
0,0,CM3D2VRx64_Data\Managed\System.Configuration.dll,124928,D5F2A804,1450
0,0,CM3D2VRx64_Data\Managed\System.Core.dll,297472,BCE2218F,1450
0,0,CM3D2VRx64_Data\Managed\System.Data.dll,856064,F1D38D2E,1450
0,0,CM3D2VRx64_Data\Managed\System.dll,1679360,288F722A,1450
0,0,CM3D2VRx64_Data\Managed\System.Drawing.Design.dll,29696,E7B53FF9,1450
0,0,CM3D2VRx64_Data\Managed\System.Drawing.dll,448512,C4B2E872,1450
0,0,CM3D2VRx64_Data\Managed\System.EnterpriseServices.dll,46592,75A19B93,1450
0,0,CM3D2VRx64_Data\Managed\System.Security.dll,135168,365C74A7,1450
0,0,CM3D2VRx64_Data\Managed\System.Transactions.dll,27648,203D65C1,1450
0,0,CM3D2VRx64_Data\Managed\System.Windows.Forms.dll,3053568,56394001,1450
0,0,CM3D2VRx64_Data\Managed\System.Xml.dll,1270272,9B79033F,1450
0,0,CM3D2VRx64_Data\Managed\System.Xml.Linq.dll,106496,B3ACF139,1450
0,0,CM3D2VRx64_Data\Managed\UnityEngine.dll,972800,B3EB425F,1450
0,0,CM3D2VRx64_Data\Managed\UnityEngine.dll.mdb,353934,02424F6C,1450
0,0,CM3D2VRx64_Data\Managed\UnityEngine.Networking.dll,230912,EBC88F56,1450
0,0,CM3D2VRx64_Data\Managed\UnityEngine.UI.dll,219136,8E43BC11,1450
0,0,CM3D2VRx64_Data\Managed\UnityScript.Lang.dll,14336,13EE284D,1450
0,0,CM3D2VRx64_Data\Managed\zxing.unity.dll,430592,9FD1F198,1450
0,0,CM3D2VRx64_Data\Mono\mono.dll,2612696,2A5A1006,1450
0,0,CM3D2VRx64_Data\Mono\etc\mono\browscap.ini,311984,CE6C0AB3,1450
0,0,CM3D2VRx64_Data\Mono\etc\mono\config,1691,A635914A,1450
0,0,CM3D2VRx64_Data\Mono\etc\mono\1.0\DefaultWsdlHelpGenerator.aspx,58196,10E814BF,1450
0,0,CM3D2VRx64_Data\Mono\etc\mono\1.0\machine.config,17258,EDE1AC59,1450
0,0,CM3D2VRx64_Data\Mono\etc\mono\2.0\DefaultWsdlHelpGenerator.aspx,60453,F3869A34,1450
0,0,CM3D2VRx64_Data\Mono\etc\mono\2.0\machine.config,27625,73C91C24,1450
0,0,CM3D2VRx64_Data\Mono\etc\mono\2.0\settings.map,2618,A1A3C29F,1450
0,0,CM3D2VRx64_Data\Mono\etc\mono\2.0\web.config,11686,534A9960,1450
0,0,CM3D2VRx64_Data\Mono\etc\mono\2.0\Browsers\Compat.browser,1605,2E178A0B,1450
0,0,CM3D2VRx64_Data\Mono\etc\mono\mconfig\config.xml,25817,80B2033A,1450
0,0,CM3D2VRx64_Data\Plugins\cm3d2_x64.dll,1544192,1FEE76CF,1450
0,0,CM3D2VRx64_Data\Plugins\device_hook.dll,392704,C273C518,1450
0,0,CM3D2VRx64_Data\Plugins\LeapC.dll,2516992,FBDD3767,1450
0,0,CM3D2VRx64_Data\Plugins\openvr_api.dll,318272,44432E0F,1450
0,0,CM3D2VRx64_Data\Plugins\OVRGamepad.dll,12800,2C526135,1450
0,0,CM3D2VRx64_Data\Plugins\OVRPlugin.dll,1894312,38EDD831,1450
0,0,CM3D2VRx64_Data\Resources\unity default resources,1544700,7137E221,1450
0,0,CM3D2VRx64_Data\Resources\unity_builtin_extra,142196,DF9A5755,1450
0,0,GameData\material_vr.arc,6184,D2EAFD73,130
0,0,GameData\menu_vr.arc,3407,D3B43CF5,130
0,0,GameData\model_vr.arc,866449,B84B7620,130
0,0,GameData\texture_vr.arc,1111256,DF651968,130
