0,0,COM3D2OHx64_Data\Managed\Accessibility.dll,10752,5CB31E4E,22100
0,0,COM3D2OHx64_Data\Managed\Assembly-CSharp.dll,5793792,46204E02,22100
0,0,COM3D2OHx64_Data\Managed\Assembly-CSharp-firstpass.dll,790016,A054CFFF,22100
0,0,COM3D2OHx64_Data\Managed\Assembly-UnityScript-firstpass.dll,65024,EB1C9FA7,22100
0,0,COM3D2OHx64_Data\Managed\Boo.Lang.dll,126976,28383F70,22100
0,0,COM3D2OHx64_Data\Managed\BouncyCastle.Crypto.dll,2236416,5A4C4F07,22100
0,0,COM3D2OHx64_Data\Managed\FoveUnityPlugin.dll,28672,A6EA882B,22100
0,0,COM3D2OHx64_Data\Managed\ICSharpCode.SharpZipLib.dll,200704,D3160A1C,22100
0,0,COM3D2OHx64_Data\Managed\Ionic.Zlib.dll,102400,7C9E7DD2,22100
0,0,COM3D2OHx64_Data\Managed\JsonFx.Json.dll,70144,A0F0CFCB,22100
0,0,COM3D2OHx64_Data\Managed\LeapCSharp.NET3.5.dll,82432,38E38212,22100
0,0,COM3D2OHx64_Data\Managed\Mono.Data.Tds.dll,96256,2965324B,22100
0,0,COM3D2OHx64_Data\Managed\Mono.Posix.dll,184320,0CE35BE3,22100
0,0,COM3D2OHx64_Data\Managed\Mono.Security.dll,294912,66EB9979,22100
0,0,COM3D2OHx64_Data\Managed\Mono.WebBrowser.dll,172032,137B736F,22100
0,0,COM3D2OHx64_Data\Managed\mscorlib.dll,2590208,5166389B,22100
0,0,COM3D2OHx64_Data\Managed\Newtonsoft.Json.dll,494592,5C881B73,22100
0,0,COM3D2OHx64_Data\Managed\System.Configuration.dll,124928,72952344,22100
0,0,COM3D2OHx64_Data\Managed\System.Core.dll,297472,9E3EE5D7,22100
0,0,COM3D2OHx64_Data\Managed\System.Data.dll,856064,DDDB80CD,22100
0,0,COM3D2OHx64_Data\Managed\System.dll,1679360,13922617,22100
0,0,COM3D2OHx64_Data\Managed\System.Drawing.Design.dll,29696,E7B53FF9,22100
0,0,COM3D2OHx64_Data\Managed\System.Drawing.dll,448512,C4B2E872,22100
0,0,COM3D2OHx64_Data\Managed\System.EnterpriseServices.dll,46592,2C72A9FE,22100
0,0,COM3D2OHx64_Data\Managed\System.Security.dll,135168,1CE94C57,22100
0,0,COM3D2OHx64_Data\Managed\System.Transactions.dll,27648,45299FCF,22100
0,0,COM3D2OHx64_Data\Managed\System.Windows.Forms.dll,3053568,56394001,22100
0,0,COM3D2OHx64_Data\Managed\System.Xml.dll,1270272,4581A35B,22100
0,0,COM3D2OHx64_Data\Managed\System.Xml.Linq.dll,106496,E844371C,22100
0,0,COM3D2OHx64_Data\Managed\UnityEngine.dll,1393152,2C35388C,22100
0,0,COM3D2OHx64_Data\Managed\UnityEngine.dll.mdb,449828,8610375E,22100
0,0,COM3D2OHx64_Data\Managed\UnityEngine.Networking.dll,253952,2BDF701F,22100
0,0,COM3D2OHx64_Data\Managed\UnityEngine.UI.dll,245760,FA552B2D,22100
0,0,COM3D2OHx64_Data\Managed\UnityEngine.VR.dll,3072,A4582CD6,22100
0,0,COM3D2OHx64_Data\Managed\UnityScript.Lang.dll,13824,0DA8F681,22100
0,0,COM3D2OHx64_Data\Managed\Win32.dll,13312,7781C2A2,22100
0,0,COM3D2OHx64_Data\Managed\zxing.unity.dll,430592,9FD1F198,22100
0,0,COM3D2OHx64_Data\Mono\etc\mono\1.0\DefaultWsdlHelpGenerator.aspx,58196,10E814BF,22100
0,0,COM3D2OHx64_Data\Mono\etc\mono\1.0\machine.config,17258,EDE1AC59,22100
0,0,COM3D2OHx64_Data\Mono\etc\mono\2.0\Browsers\Compat.browser,1605,2E178A0B,22100
0,0,COM3D2OHx64_Data\Mono\etc\mono\2.0\DefaultWsdlHelpGenerator.aspx,60453,F3869A34,22100
0,0,COM3D2OHx64_Data\Mono\etc\mono\2.0\machine.config,27625,73C91C24,22100
0,0,COM3D2OHx64_Data\Mono\etc\mono\2.0\settings.map,2618,A1A3C29F,22100
0,0,COM3D2OHx64_Data\Mono\etc\mono\2.0\web.config,11686,534A9960,22100
0,0,COM3D2OHx64_Data\Mono\etc\mono\mconfig\config.xml,25817,80B2033A,22100
0,0,COM3D2OHx64_Data\Mono\etc\mono\browscap.ini,311984,CE6C0AB3,22100
0,0,COM3D2OHx64_Data\Mono\etc\mono\config,1691,A635914A,22100
0,0,COM3D2OHx64_Data\Mono\mono.dll,2618816,0BEA8C0F,22100
0,0,COM3D2OHx64_Data\Mono\MonoPosixHelper.dll,113664,9B5E1E4D,22100
0,0,COM3D2OHx64_Data\Plugins\assimp.dll,4388864,7C910D84,22100
0,0,COM3D2OHx64_Data\Plugins\Audio360.dll,1956352,0D4B8E9D,22100
0,0,COM3D2OHx64_Data\Plugins\AVProVideo.dll,886272,278352F0,22100
0,0,COM3D2OHx64_Data\Plugins\clothpp.dll,112128,7C3264A4,22100
0,0,COM3D2OHx64_Data\Plugins\cm3d2.dll,2083328,2C43296A,22100
0,0,COM3D2OHx64_Data\Plugins\device_hook.dll,738816,F61E7CED,22100
0,0,COM3D2OHx64_Data\Plugins\FbxExporterCore.dll,12491776,CBAA51C1,22100
0,0,COM3D2OHx64_Data\Plugins\FoveClient.dll,1849384,58C8B4F6,22100
0,0,COM3D2OHx64_Data\Plugins\LeapC.dll,2516992,FBDD3767,22100
0,0,COM3D2OHx64_Data\Plugins\openvr_api.dll,318272,44432E0F,22100
0,0,COM3D2OHx64_Data\Plugins\OVRGamepad.dll,12800,2C526135,22100
0,0,COM3D2OHx64_Data\Plugins\OVRLipSync.dll,2512296,391C1F4C,22100
0,0,COM3D2OHx64_Data\Plugins\OVRPlugin.dll,1898408,5DD05B6C,22100
0,0,COM3D2OHx64_Data\Plugins\Win32-WebView.dll,504832,382AEE66,22100
0,0,COM3D2OHx64_Data\Resources\unity default resources,752360,71DB1AEA,22100
0,0,COM3D2OHx64_Data\Resources\unity_builtin_extra,284012,91145F7F,22100
0,0,COM3D2OHx64_Data\app.info,42,6CD75754,22100
0,0,COM3D2OHx64_Data\globalgamemanagers,4857004,15AC85BC,22100
0,0,COM3D2OHx64_Data\globalgamemanagers.assets,249372,61863F84,22100
0,0,COM3D2OHx64_Data\level0,337228,CDF88740,22100
0,0,COM3D2OHx64_Data\level1,360372,134B613C,22100
0,0,COM3D2OHx64_Data\level2,752004,AA8C1286,22100
0,0,COM3D2OHx64_Data\level3,1225844,A6BFFE18,22100
0,0,COM3D2OHx64_Data\level4,1323252,1B8D260E,22100
0,0,COM3D2OHx64_Data\level5,338724,94FF751C,22100
0,0,COM3D2OHx64_Data\level6,428868,5FC5D3E9,22100
0,0,COM3D2OHx64_Data\level7,337740,CDD5B46B,22100
0,0,COM3D2OHx64_Data\level8,451660,6BDD1B06,22100
0,0,COM3D2OHx64_Data\level9,341852,B1E64C8E,22100
0,0,COM3D2OHx64_Data\level10,708596,713AD954,22100
0,0,COM3D2OHx64_Data\level11,7524,07429794,22100
0,0,COM3D2OHx64_Data\level12,339684,B99BDAF9,22100
0,0,COM3D2OHx64_Data\level13,4664,13E5DDBF,22100
0,0,COM3D2OHx64_Data\level14,356372,53F4FC8C,22100
0,0,COM3D2OHx64_Data\level15,346052,7972C741,22100
0,0,COM3D2OHx64_Data\level16,968316,53E6201D,22100
0,0,COM3D2OHx64_Data\level17,449300,D59B4C58,22100
0,0,COM3D2OHx64_Data\level18,1097956,1A85A78E,22100
0,0,COM3D2OHx64_Data\level19,422356,807E819F,22100
0,0,COM3D2OHx64_Data\level20,2216076,A948AA9E,22100
0,0,COM3D2OHx64_Data\level21,1127964,4A973548,22100
0,0,COM3D2OHx64_Data\level22,1101260,7873CFC8,22100
0,0,COM3D2OHx64_Data\level23,459444,2087767F,22100
0,0,COM3D2OHx64_Data\level24,27904,7B9CF83D,22100
0,0,COM3D2OHx64_Data\level24.resS,131232,851AC384,22100
0,0,COM3D2OHx64_Data\level25,51676,A50F1DF6,22100
0,0,COM3D2OHx64_Data\level26,56036,2F63918E,22100
0,0,COM3D2OHx64_Data\level27,6944,5769ECC3,22100
0,0,COM3D2OHx64_Data\level28,338132,AD24E9CA,22100
0,0,COM3D2OHx64_Data\level29,1589276,ECF2B9E4,22100
0,0,COM3D2OHx64_Data\level30,1445908,1E87AFD1,22100
0,0,COM3D2OHx64_Data\level31,1467508,0B895DD4,22100
0,0,COM3D2OHx64_Data\level32,1362908,14058A6E,22100
0,0,COM3D2OHx64_Data\level33,1427364,06FA23B9,22100
0,0,COM3D2OHx64_Data\level34,1552788,C4E381DD,22100
0,0,COM3D2OHx64_Data\level35,1289604,0B14E858,22100
0,0,COM3D2OHx64_Data\level36,1040404,4B7BA195,22100
0,0,COM3D2OHx64_Data\level37,1047692,DA819A6F,22100
0,0,COM3D2OHx64_Data\level38,1289612,496F7A89,22100
0,0,COM3D2OHx64_Data\level39,1170420,93140DB8,22100
0,0,COM3D2OHx64_Data\level40,958956,F2CF2D18,22100
0,0,COM3D2OHx64_Data\level41,1245340,B20C4D3B,22100
0,0,COM3D2OHx64_Data\level42,1387644,3294FA25,22100
0,0,COM3D2OHx64_Data\level43,1346356,91C22D53,22100
0,0,COM3D2OHx64_Data\level44,931164,431BF339,22100
0,0,COM3D2OHx64_Data\level45,413068,9EF1CE62,22100
0,0,COM3D2OHx64_Data\level46,409436,93604939,22100
0,0,COM3D2OHx64_Data\level47,453140,5FF604C6,22100
0,0,COM3D2OHx64_Data\level48,475276,72088710,22100
0,0,COM3D2OHx64_Data\level49,403668,18960C41,22100
0,0,COM3D2OHx64_Data\level50,463628,726A108D,22100
0,0,COM3D2OHx64_Data\level51,1053172,0923941D,22100
0,0,COM3D2OHx64_Data\level52,977740,74DC0093,22100
0,0,COM3D2OHx64_Data\level53,456468,F42B1C0E,22100
0,0,COM3D2OHx64_Data\level54,478612,54347F2D,22100
0,0,COM3D2OHx64_Data\level55,469188,FA40E4E4,22100
0,0,COM3D2OHx64_Data\level56,1057588,784D9C87,22100
0,0,COM3D2OHx64_Data\level57,1018044,FE10656F,22100
0,0,COM3D2OHx64_Data\level58,462220,A5E406B3,22100
0,0,COM3D2OHx64_Data\level59,446764,3AA68693,22100
0,0,COM3D2OHx64_Data\level60,428436,FAC69DCA,22100
0,0,COM3D2OHx64_Data\level61,1396988,428453FD,22100
0,0,COM3D2OHx64_Data\level62,1337900,19461C97,22100
0,0,COM3D2OHx64_Data\level63,515228,55595F7C,22100
0,0,COM3D2OHx64_Data\level64,417228,BBAF2F12,22100
0,0,COM3D2OHx64_Data\level65,1265916,A8ECB61E,22100
0,0,COM3D2OHx64_Data\level66,983756,754CE4EE,22100
0,0,COM3D2OHx64_Data\level67,1442396,1E09C261,22100
0,0,COM3D2OHx64_Data\level68,1383548,7C1755EB,22100
0,0,COM3D2OHx64_Data\level69,1589292,337B2163,22100
0,0,COM3D2OHx64_Data\level70,1552804,D3BB463B,22100
0,0,COM3D2OHx64_Data\level71,1384684,DDB55FB9,22100
0,0,COM3D2OHx64_Data\level72,1350628,5CFB78F9,22100
0,0,COM3D2OHx64_Data\level73,438196,A92531E3,22100
0,0,COM3D2OHx64_Data\level74,418668,2311243B,22100
0,0,COM3D2OHx64_Data\level75,1062452,E67703EF,22100
0,0,COM3D2OHx64_Data\level76,863740,D2A90CB3,22100
0,0,COM3D2OHx64_Data\level77,970508,8E766C33,22100
0,0,COM3D2OHx64_Data\level78,864716,D4E3B6E9,22100
0,0,COM3D2OHx64_Data\level79,1043156,4A8141CE,22100
0,0,COM3D2OHx64_Data\level80,1706780,184B6597,22100
0,0,COM3D2OHx64_Data\level81,1657844,7DEA25A0,22100
0,0,COM3D2OHx64_Data\level82,1126308,C9AA908A,22100
0,0,COM3D2OHx64_Data\level83,1070140,25BB2A2B,22100
0,0,COM3D2OHx64_Data\level84,1525604,CBFE9698,22100
0,0,COM3D2OHx64_Data\level85,1624516,2CDA0FAD,22100
0,0,COM3D2OHx64_Data\level86,1068036,E3570867,22100
0,0,COM3D2OHx64_Data\level87,983580,C413016B,22100
0,0,COM3D2OHx64_Data\level88,1692532,3D93C7F9,22100
0,0,COM3D2OHx64_Data\level89,1589332,2E713D31,22100
0,0,COM3D2OHx64_Data\level90,479900,7CE9A825,22100
0,0,COM3D2OHx64_Data\level91,499676,3058DCBA,22100
0,0,COM3D2OHx64_Data\level92,588156,DB1F0605,22100
0,0,COM3D2OHx64_Data\level93,547596,E5D5131C,22100
0,0,COM3D2OHx64_Data\level93.resS,131232,9337BCA3,22100
0,0,COM3D2OHx64_Data\level94,474956,5C3526F9,22100
0,0,COM3D2OHx64_Data\level95,574164,1BE03F59,22100
0,0,COM3D2OHx64_Data\level96,498268,8224208F,22100
0,0,COM3D2OHx64_Data\level97,1747196,49B2C00F,22100
0,0,COM3D2OHx64_Data\level98,1489748,13E63C7F,22100
0,0,COM3D2OHx64_Data\level99,1317780,4EBBC5F9,22100
0,0,COM3D2OHx64_Data\level100,1148924,47A2EFE7,22100
0,0,COM3D2OHx64_Data\level101,1236348,1B1EBB0C,22100
0,0,COM3D2OHx64_Data\level102,1427684,97F42837,22100
0,0,COM3D2OHx64_Data\level103,1333404,CD2013D2,22100
0,0,COM3D2OHx64_Data\level104,951516,C64C216C,22100
0,0,COM3D2OHx64_Data\level105,569044,E376B2DC,22100
0,0,COM3D2OHx64_Data\level106,1014396,3FBB1D7C,22100
0,0,COM3D2OHx64_Data\level107,937076,93727467,22100
0,0,COM3D2OHx64_Data\level108,951660,1457BB2C,22100
0,0,COM3D2OHx64_Data\level109,911244,C7E8CABB,22100
0,0,COM3D2OHx64_Data\level110,876916,0A8C6B79,22100
0,0,COM3D2OHx64_Data\level111,851500,5995C1C9,22100
0,0,COM3D2OHx64_Data\level112,542388,0E017AAF,22100
0,0,COM3D2OHx64_Data\level113,546588,4ABD0982,22100
0,0,COM3D2OHx64_Data\level114,571964,86C0C60F,22100
0,0,COM3D2OHx64_Data\level115,570364,CFA820D9,22100
0,0,COM3D2OHx64_Data\level116,572100,3CC7F508,22100
0,0,COM3D2OHx64_Data\level117,574476,341E9F02,22100
0,0,COM3D2OHx64_Data\level118,508684,5391D2B8,22100
0,0,COM3D2OHx64_Data\level119,512900,4D721AC0,22100
0,0,COM3D2OHx64_Data\level120,537124,345A1698,22100
0,0,COM3D2OHx64_Data\level121,567460,EBC65DBC,22100
0,0,COM3D2OHx64_Data\level122,538252,1853BE2F,22100
0,0,COM3D2OHx64_Data\level123,541244,B3409304,22100
0,0,COM3D2OHx64_Data\level124,530316,CA39CBD9,22100
0,0,COM3D2OHx64_Data\level125,568172,5173B597,22100
0,0,COM3D2OHx64_Data\resources.assets,441168448,7FD4EED0,22100
0,0,COM3D2OHx64_Data\resources.assets.resS,2013277776,6C414436,22100
0,0,COM3D2OHx64_Data\resources.resource,1348672,632087DF,22100
0,0,COM3D2OHx64_Data\sharedassets0.assets,115227884,589F69CB,22100
0,0,COM3D2OHx64_Data\sharedassets0.assets.resS,28071636,F98BCE21,22100
0,0,COM3D2OHx64_Data\sharedassets1.assets,6256,0464996A,22100
0,0,COM3D2OHx64_Data\sharedassets2.assets,6556,CF531F62,22100
0,0,COM3D2OHx64_Data\sharedassets3.assets,12964,7187E92B,22100
0,0,COM3D2OHx64_Data\sharedassets4.assets,7276,4163A6EB,22100
0,0,COM3D2OHx64_Data\sharedassets5.assets,6136,12661161,22100
0,0,COM3D2OHx64_Data\sharedassets6.assets,7096,15BABD19,22100
0,0,COM3D2OHx64_Data\sharedassets7.assets,6088,DA6EB3FB,22100
0,0,COM3D2OHx64_Data\sharedassets8.assets,6448,576323F3,22100
0,0,COM3D2OHx64_Data\sharedassets9.assets,6280,7D4103E3,22100
0,0,COM3D2OHx64_Data\sharedassets10.assets,6652,9A936B41,22100
0,0,COM3D2OHx64_Data\sharedassets11.assets,4576,749AAEFB,22100
0,0,COM3D2OHx64_Data\sharedassets12.assets,6148,906F728C,22100
0,0,COM3D2OHx64_Data\sharedassets13.assets,4132,966F7BB1,22100
0,0,COM3D2OHx64_Data\sharedassets14.assets,6868,87913652,22100
0,0,COM3D2OHx64_Data\sharedassets15.assets,6232,1E2946A4,22100
0,0,COM3D2OHx64_Data\sharedassets16.assets,12676,A9FC355C,22100
0,0,COM3D2OHx64_Data\sharedassets17.assets,6328,631FF2C7,22100
0,0,COM3D2OHx64_Data\sharedassets18.assets,12736,D60661F6,22100
0,0,COM3D2OHx64_Data\sharedassets19.assets,6316,03450542,22100
0,0,COM3D2OHx64_Data\sharedassets20.assets,7108,AB5DA92E,22100
0,0,COM3D2OHx64_Data\sharedassets21.assets,12712,6C0A6749,22100
0,0,COM3D2OHx64_Data\sharedassets22.assets,12712,6C0A6749,22100
0,0,COM3D2OHx64_Data\sharedassets23.assets,18126856,2E1A349C,22100
0,0,COM3D2OHx64_Data\sharedassets24.assets,12328,723F1021,22100
0,0,COM3D2OHx64_Data\sharedassets25.assets,4420,9093E571,22100
0,0,COM3D2OHx64_Data\sharedassets26.assets,4324,A9A04813,22100
0,0,COM3D2OHx64_Data\sharedassets27.assets,4264,1F67E3B6,22100
0,0,COM3D2OHx64_Data\sharedassets28.assets,6124,B8AB6C60,22100
0,0,COM3D2OHx64_Data\sharedassets29.assets,12676,FFEC38B0,22100
0,0,COM3D2OHx64_Data\sharedassets30.assets,12676,596A25CC,22100
0,0,COM3D2OHx64_Data\sharedassets31.assets,12676,0148B12A,22100
0,0,COM3D2OHx64_Data\sharedassets32.assets,9400,94775EBF,22100
0,0,COM3D2OHx64_Data\sharedassets33.assets,9508,2FDB32EB,22100
0,0,COM3D2OHx64_Data\sharedassets34.assets,9496,CF069AF3,22100
0,0,COM3D2OHx64_Data\sharedassets35.assets,12760,6E68F27F,22100
0,0,COM3D2OHx64_Data\sharedassets36.assets,9292,799372F0,22100
0,0,COM3D2OHx64_Data\sharedassets37.assets,9328,17C2070F,22100
0,0,COM3D2OHx64_Data\sharedassets38.assets,12760,6E68F27F,22100
0,0,COM3D2OHx64_Data\sharedassets39.assets,9532,C8F7C4CD,22100
0,0,COM3D2OHx64_Data\sharedassets40.assets,9328,17C2070F,22100
0,0,COM3D2OHx64_Data\sharedassets41.assets,9472,14E39CEB,22100
0,0,COM3D2OHx64_Data\sharedassets42.assets,12676,7BEF925A,22100
0,0,COM3D2OHx64_Data\sharedassets43.assets,9508,2FDB32EB,22100
0,0,COM3D2OHx64_Data\sharedassets44.assets,9496,CF069AF3,22100
0,0,COM3D2OHx64_Data\sharedassets45.assets,42236540,DB0485B6,22100
0,0,COM3D2OHx64_Data\sharedassets45.assets.resS,87400,8BA6C322,22100
0,0,COM3D2OHx64_Data\sharedassets46.assets,38246508,85F59DD7,22100
0,0,COM3D2OHx64_Data\sharedassets47.assets,32874604,13731F4F,22100
0,0,COM3D2OHx64_Data\sharedassets48.assets,36735684,31C69CF0,22100
0,0,COM3D2OHx64_Data\sharedassets48.assets.resS,174776,5B619AF1,22100
0,0,COM3D2OHx64_Data\sharedassets49.assets,41277360,8C6A0FEC,22100
0,0,COM3D2OHx64_Data\sharedassets50.assets,39399112,2E4A3329,22100
0,0,COM3D2OHx64_Data\sharedassets51.assets,3017228,E82BEB99,22100
0,0,COM3D2OHx64_Data\sharedassets51.assets.resS,611728,7BFBEAAE,22100
0,0,COM3D2OHx64_Data\sharedassets52.assets,9556,D6F80EE1,22100
0,0,COM3D2OHx64_Data\sharedassets53.assets,6508,0467C183,22100
0,0,COM3D2OHx64_Data\sharedassets54.assets,6508,0467C183,22100
0,0,COM3D2OHx64_Data\sharedassets55.assets,6508,0467C183,22100
0,0,COM3D2OHx64_Data\sharedassets56.assets,12688,43028B30,22100
0,0,COM3D2OHx64_Data\sharedassets57.assets,9508,B8D5206D,22100
0,0,COM3D2OHx64_Data\sharedassets58.assets,6472,B5FD90D0,22100
0,0,COM3D2OHx64_Data\sharedassets59.assets,59364,BE1338C8,22100
0,0,COM3D2OHx64_Data\sharedassets59.assets.resS,174776,B51EE5DC,22100
0,0,COM3D2OHx64_Data\sharedassets60.assets,6484,83C94DC1,22100
0,0,COM3D2OHx64_Data\sharedassets61.assets,759744,27E48735,22100
0,0,COM3D2OHx64_Data\sharedassets61.assets.resS,1310880,58801C35,22100
0,0,COM3D2OHx64_Data\sharedassets61.resource,1178176,90268BF4,22100
0,0,COM3D2OHx64_Data\sharedassets62.assets,9376,1ED64BFB,22100
0,0,COM3D2OHx64_Data\sharedassets63.assets,3412512,56811039,22100
0,0,COM3D2OHx64_Data\sharedassets63.assets.resS,6226112,B3E98769,22100
0,0,COM3D2OHx64_Data\sharedassets64.assets,6580,802B92F9,22100
0,0,COM3D2OHx64_Data\sharedassets65.assets,13936,F45A0D2D,22100
0,0,COM3D2OHx64_Data\sharedassets66.assets,9496,CF069AF3,22100
0,0,COM3D2OHx64_Data\sharedassets67.assets,12712,9CEE15A8,22100
0,0,COM3D2OHx64_Data\sharedassets68.assets,9496,8B633A24,22100
0,0,COM3D2OHx64_Data\sharedassets69.assets,12676,FFEC38B0,22100
0,0,COM3D2OHx64_Data\sharedassets70.assets,9496,CF069AF3,22100
0,0,COM3D2OHx64_Data\sharedassets71.assets,12712,9CEE15A8,22100
0,0,COM3D2OHx64_Data\sharedassets72.assets,10444,29B68211,22100
0,0,COM3D2OHx64_Data\sharedassets73.assets,6928,D90D8FAA,22100
0,0,COM3D2OHx64_Data\sharedassets74.assets,6436,FA197595,22100
0,0,COM3D2OHx64_Data\sharedassets75.assets,11732,03E98246,22100
0,0,COM3D2OHx64_Data\sharedassets75.resource,2729184,2D4064D6,22100
0,0,COM3D2OHx64_Data\sharedassets76.assets,11596,BBFF6CEF,22100
0,0,COM3D2OHx64_Data\sharedassets77.assets,8296,C4E2FD40,22100
0,0,COM3D2OHx64_Data\sharedassets78.assets,7612,91DFD71C,22100
0,0,COM3D2OHx64_Data\sharedassets79.assets,353948,1CA49E57,22100
0,0,COM3D2OHx64_Data\sharedassets79.assets.resS,2272048,E50143CB,22100
0,0,COM3D2OHx64_Data\sharedassets79.resource,6236800,C7E9CFDE,22100
0,0,COM3D2OHx64_Data\sharedassets80.assets,6568400,57276051,22100
0,0,COM3D2OHx64_Data\sharedassets80.assets.resS,10936,3B0D7ADF,22100
0,0,COM3D2OHx64_Data\sharedassets80.resource,1136352,956B5452,22100
0,0,COM3D2OHx64_Data\sharedassets81.assets,10312,A442089A,22100
0,0,COM3D2OHx64_Data\sharedassets82.assets,12844,E32CDB92,22100
0,0,COM3D2OHx64_Data\sharedassets83.assets,9640,1F974C6E,22100
0,0,COM3D2OHx64_Data\sharedassets84.assets,9764,0CF1DEB4,22100
0,0,COM3D2OHx64_Data\sharedassets84.resource,1003968,52A085C2,22100
0,0,COM3D2OHx64_Data\sharedassets85.assets,13000,8DE6F103,22100
0,0,COM3D2OHx64_Data\sharedassets86.assets,12904,A96E221C,22100
0,0,COM3D2OHx64_Data\sharedassets87.assets,9580,690A9855,22100
0,0,COM3D2OHx64_Data\sharedassets88.assets,13348,4A1DA650,22100
0,0,COM3D2OHx64_Data\sharedassets88.resource,1166848,2709F6C2,22100
0,0,COM3D2OHx64_Data\sharedassets89.assets,9892,548E33C9,22100
0,0,COM3D2OHx64_Data\sharedassets90.assets,6664,4D24D682,22100
0,0,COM3D2OHx64_Data\sharedassets91.assets,6664,4D24D682,22100
0,0,COM3D2OHx64_Data\sharedassets92.assets,6628,DEF85E9C,22100
0,0,COM3D2OHx64_Data\sharedassets93.assets,6340,C777159D,22100
0,0,COM3D2OHx64_Data\sharedassets94.assets,6628,DEF85E9C,22100
0,0,COM3D2OHx64_Data\sharedassets95.assets,6724,86D29DC9,22100
0,0,COM3D2OHx64_Data\sharedassets96.assets,6628,DEF85E9C,22100
0,0,COM3D2OHx64_Data\sharedassets97.assets,12856,6245445B,22100
0,0,COM3D2OHx64_Data\sharedassets98.assets,9544,09908251,22100
0,0,COM3D2OHx64_Data\sharedassets99.assets,394920,F4D015EA,22100
0,0,COM3D2OHx64_Data\sharedassets99.assets.resS,2184640,DF887086,22100
0,0,COM3D2OHx64_Data\sharedassets100.assets,9748,9A1B127F,22100
0,0,COM3D2OHx64_Data\sharedassets100.resource,2751968,AE761A89,22100
0,0,COM3D2OHx64_Data\sharedassets101.assets,12928,8E5716E0,22100
0,0,COM3D2OHx64_Data\sharedassets102.assets,12964,2362C1EF,22100
0,0,COM3D2OHx64_Data\sharedassets103.assets,9640,FE24467F,22100
0,0,COM3D2OHx64_Data\sharedassets104.assets,7172,428F1903,22100
0,0,COM3D2OHx64_Data\sharedassets104.resource,6331552,B816A215,22100
0,0,COM3D2OHx64_Data\sharedassets105.assets,7048,766013E9,22100
0,0,COM3D2OHx64_Data\sharedassets106.assets,86916,F80E3AEF,22100
0,0,COM3D2OHx64_Data\sharedassets106.resource,8838816,EBFF12DA,22100
0,0,COM3D2OHx64_Data\sharedassets107.assets,8200,ACA5B339,22100
0,0,COM3D2OHx64_Data\sharedassets108.assets,11332,00918902,22100
0,0,COM3D2OHx64_Data\sharedassets109.assets,8140,5E0AF283,22100
0,0,COM3D2OHx64_Data\sharedassets110.assets,615896,5EBD941A,22100
0,0,COM3D2OHx64_Data\sharedassets110.assets.resS,6138632,73B447A4,22100
0,0,COM3D2OHx64_Data\sharedassets111.assets,7024,7846702A,22100
0,0,COM3D2OHx64_Data\sharedassets112.assets,6928,EA660DE3,22100
0,0,COM3D2OHx64_Data\sharedassets113.assets,6928,EA660DE3,22100
0,0,COM3D2OHx64_Data\sharedassets114.assets,6928,EA660DE3,22100
0,0,COM3D2OHx64_Data\sharedassets115.assets,6928,EA660DE3,22100
0,0,COM3D2OHx64_Data\sharedassets116.assets,6928,EA660DE3,22100
0,0,COM3D2OHx64_Data\sharedassets117.assets,6928,EA660DE3,22100
0,0,COM3D2OHx64_Data\sharedassets118.assets,6628,DEF85E9C,22100
0,0,COM3D2OHx64_Data\sharedassets119.assets,6628,DEF85E9C,22100
0,0,COM3D2OHx64_Data\sharedassets120.assets,6628,DEF85E9C,22100
0,0,COM3D2OHx64_Data\sharedassets121.assets,6628,DEF85E9C,22100
0,0,COM3D2OHx64_Data\sharedassets122.assets,6628,DEF85E9C,22100
0,0,COM3D2OHx64_Data\sharedassets123.assets,6628,DEF85E9C,22100
0,0,COM3D2OHx64_Data\sharedassets124.assets,6628,DEF85E9C,22100
0,0,COM3D2OHx64_Data\sharedassets125.assets,6928,EA660DE3,22100
0,0,GameData\csv_cbl.arc,1118650,7A0A1880,22100
0,0,GameData\motion_cbl_3d21reserve_2.arc,153938,9CB83B59,1120
0,0,GameData\motion_cbl_denkigai2019s_2.arc,753524,B6E084B2,1410
0,0,GameData\motion_cbl_dlc305_2.arc,25222249,152F79EB,1550
0,0,GameData\motion_cbl_gp001_2.arc,43864034,6E53E43D,21701
0,0,GameData\motion_cbl_karaoke002_2.arc,28789456,8DA918FB,1550
0,0,GameData\motion_cbl_karaoke004_2.arc,35778255,0E9382DD,1550
0,0,GameData\motion_cbl_kissnohi001_2.arc,158468,9CE47192,1200
0,0,GameData\motion_cbl_vp001_2.arc,1659046,62219F7A,1250
0,0,GameData\motion_cbl2.arc,57211516,0394840C,20100
0,0,GameData\script_cbl.arc,5060922,87CE1DFB,22100
0,0,GameData\script_cbl_omytgc001_2.arc,212278,5759B805,1210
0,0,GameData\script_cbl_omytgc004_2.arc,2354,88C30EE5,1510
0,0,GameData\script_cbl_ordermade001_2.arc,39490,253A77F4,20800
0,0,GameData\script_cbl_ordermade002_2.arc,39090,193F3F42,20800
0,0,GameData\script_cbl_ordermade003_2.arc,11586,E1D4A34D,20800
0,0,GameData\script_cbl_ordermade004_2.arc,5698,726BA717,20800
0,0,GameData\script_cbl_personal_om002_2.arc,1730,BC1779C2,1250
0,0,GameData\script_cbl_personal_om003_2.arc,3266,E5D2DC7A,20800
0,0,GameData\script_cbl_personal_om003plus_2.arc,5282,34A5C955,1360
0,0,GameData\script_cbl_personal_om004_2.arc,4450,58D31076,20800
0,0,GameData\script_cbl_personal_om004plus_2.arc,5490,15D3F64F,1360
0,0,GameData\script_cbl_personal_om005_2.arc,3266,CD9C50AF,20800
0,0,GameData\script_cbl_personal_om005plus_2.arc,5058,9471327B,1360
0,0,GameData\script_cbl_personal_om006_2.arc,3266,F57A372F,20800
0,0,GameData\script_cbl_personal_om007_2.arc,5218,5C7D0810,20800
0,0,GameData\script_cbl_personal_om008_2.arc,16866,6A909C4E,20800
0,0,GameData\script_cbl_personal_om008plus_2.arc,32802,FC4CFCFC,1540
0,0,GameData\script_cbl_personal_om011_2.arc,8050,5107FD1C,20800
0,0,GameData\script_cbl_personal_om012_2.arc,7954,5F4FE759,21100
0,0,GameData\script_cbl_s2.arc,1170205,611FCB43,1230
0,0,GameData\script_gp002_2.arc,1306263,A8897285,1530
0,0,GameData\voice_cbl_s2.arc,185970975,644369EF,1630
0,0,launch_resource\update\kiss_update_core.dll,676864,7507F788,20700
0,0,launch_resource\update\update.exe,1077760,7A948DB0,20700
0,0,manual\css\index.css,7168,D11B8AF5,1170
0,0,manual\img\chu-blip2.jpg,78933,95522903,1170
0,0,manual\img\com3d2wcls2_logo.png,107288,47D023F7,1170
0,0,manual\img\config.jpg,167519,C5E4FAF3,1170
0,0,manual\img\menu001.jpg,13885,25B66329,1170
0,0,manual\img\menu002.jpg,24247,87A4205F,1170
0,0,manual\img\yotogi04.jpg,239859,141EC205,1170
0,0,manual\img\yotogi05.jpg,187720,9C93EE69,1170
0,0,manual\index.html,52620,3D3D5ACF,1170
0,0,COM3D2OH.exe,6430208,C8F6E71C,2023
0,0,COM3D2OHx64.exe,22841856,858642A8,22100
0,0,LICENSE,31205,24BAD003,1500
share,GameData\patch\bg_gp001_2.arc,GameData\bg_gp001_2.arc,4536165,D14D2721,1560
share,GameData\patch\bg_gp001fb_2.arc,GameData\bg_gp001fb_2.arc,74085,9CF8EBCF,1520
share,GameData\patch\bg_gp002p1_2.arc,GameData\bg_gp002p1_2.arc,4520463,D2A69A41,1560
share,GameData\patch\bg_kissevent2018_sp_card_2.arc,GameData\bg_kissevent2018_sp_card_2.arc,493322,140250D1,1100
share,GameData\patch\bg_sp001_2.arc,GameData\bg_sp001_2.arc,16204240,91030B15,1000
share,GameData\patch\bg_sp004_2.arc,GameData\bg_sp004_2.arc,36120782,D70323E9,1530
share,GameData\patch\bg_x001_2.arc,GameData\bg_x001_2.arc,45769944,989ACE01,21800
share,GameData\patch\csv.arc,GameData\csv.arc,23366937,8A2EF3AB,22100
share,GameData\patch\csv_3d21reserve2_2.arc,GameData\csv_3d21reserve2_2.arc,51058,6AD913F3,1380
share,GameData\patch\csv_denkigai2018wpcard_2.arc,GameData\csv_denkigai2018wpcard_2.arc,450,CD1D6826,1331
share,GameData\patch\csv_denkigai2021s_2.arc,GameData\csv_denkigai2021s_2.arc,2530,FEA579BB,20800
share,GameData\patch\csv_dlc305_2.arc,GameData\csv_dlc305_2.arc,67779,3D73BCB9,1380
share,GameData\patch\csv_gp001_2.arc,GameData\csv_gp001_2.arc,89204,9BB06354,1420
share,GameData\patch\csv_gp001fb_2.arc,GameData\csv_gp001fb_2.arc,882,FCE085E8,20800
share,GameData\patch\csv_gp001fbp1_2.arc,GameData\csv_gp001fbp1_2.arc,37602,F880BD64,21001
share,GameData\patch\csv_jp.arc,GameData\csv_jp.arc,14963,9C524993,1470
share,GameData\patch\csv_old_2.arc,GameData\csv_old_2.arc,1746,7AD2A97C,1150
share,GameData\patch\csv_ordermade001_2.arc,GameData\csv_ordermade001_2.arc,770,422A7575,1150
share,GameData\patch\csv_personal_om006_2.arc,GameData\csv_personal_om006_2.arc,1426,AB118368,1350
share,GameData\patch\csv_personal_om010_2.arc,GameData\csv_personal_om010_2.arc,1490,AA0632D5,1540
share,GameData\patch\parts_3d21reserve_2.arc,GameData\parts_3d21reserve_2.arc,99486,7ABC2B64,20900
share,GameData\patch\parts_cas002_2.arc,GameData\parts_cas002_2.arc,3602,6E6DC929,20900
share,GameData\patch\parts_cas007_2.arc,GameData\parts_cas007_2.arc,4082,9963255A,21100
share,GameData\patch\parts_cas013_2.arc,GameData\parts_cas013_2.arc,1554,314DD9D9,1480
share,GameData\patch\parts_cas014_2.arc,GameData\parts_cas014_2.arc,1538,A0E9107C,1550
share,GameData\patch\parts_cas017_2.arc,GameData\parts_cas017_2.arc,4306,B4540859,21100
share,GameData\patch\parts_cas018_2.arc,GameData\parts_cas018_2.arc,4162,9FDF590E,21100
share,GameData\patch\parts_cas027_2.arc,GameData\parts_cas027_2.arc,4562,F9A3619D,21100
share,GameData\patch\parts_cas029_2.arc,GameData\parts_cas029_2.arc,4162,CBC72A12,21100
share,GameData\patch\parts_cas030_2.arc,GameData\parts_cas030_2.arc,4258,1C0E6C02,20900
share,GameData\patch\parts_cas031_2.arc,GameData\parts_cas031_2.arc,1263261,331A64CB,1550
share,GameData\patch\parts_cas036_2.arc,GameData\parts_cas036_2.arc,1094024,645F1993,21300
share,GameData\patch\parts_cas040_2.arc,GameData\parts_cas040_2.arc,213144,B642B720,20300
share,GameData\patch\parts_cas044_2.arc,GameData\parts_cas044_2.arc,3586,F823AB8D,1570
share,GameData\patch\parts_cas049_2.arc,GameData\parts_cas049_2.arc,499043,FC8B4029,20300
share,GameData\patch\parts_cas050_2.arc,GameData\parts_cas050_2.arc,364956,7F3CA9CA,20300
share,GameData\patch\parts_cas051_2.arc,GameData\parts_cas051_2.arc,558752,BC026C0D,20300
share,GameData\patch\parts_cas052_2.arc,GameData\parts_cas052_2.arc,573621,4786C375,20300
share,GameData\patch\parts_cas053_2.arc,GameData\parts_cas053_2.arc,613214,5BF69854,20300
share,GameData\patch\parts_cas054_2.arc,GameData\parts_cas054_2.arc,1239675,28F5D7F0,20300
share,GameData\patch\parts_cas055_2.arc,GameData\parts_cas055_2.arc,2869988,4174DFC3,20300
share,GameData\patch\parts_cas056_2.arc,GameData\parts_cas056_2.arc,124170,CBFD3F42,20900
share,GameData\patch\parts_cas062_2.arc,GameData\parts_cas062_2.arc,3538,EDE27A94,1630
share,GameData\patch\parts_cas064_2.arc,GameData\parts_cas064_2.arc,4130,41285B9B,20900
share,GameData\patch\parts_cas084_2.arc,GameData\parts_cas084_2.arc,830233,38AC8EC6,21100
share,GameData\patch\parts_com3d2cbp_2.arc,GameData\parts_com3d2cbp_2.arc,197948,415AD83E,1460
share,GameData\patch\parts_cr002_2.arc,GameData\parts_cr002_2.arc,54258,748FF69B,20300
share,GameData\patch\parts_cres2_2.arc,GameData\parts_cres2_2.arc,34422352,894018DB,21400
share,GameData\patch\parts_cw001cloth1_2.arc,GameData\parts_cw001cloth1_2.arc,108864,322ABA77,20500
share,GameData\patch\parts_cw001cloth2_2.arc,GameData\parts_cw001cloth2_2.arc,196199,EAF4C9F1,1460
share,GameData\patch\parts_cw001cloth3_2.arc,GameData\parts_cw001cloth3_2.arc,7234,115C80E3,20900
share,GameData\patch\parts_cw002cloth1_2.arc,GameData\parts_cw002cloth1_2.arc,4130,3F8513BA,1580
share,GameData\patch\parts_cw002cloth4_2.arc,GameData\parts_cw002cloth4_2.arc,207274,BDB622DC,20300
share,GameData\patch\parts_cw004cloth1_2.arc,GameData\parts_cw004cloth1_2.arc,889802,B1EB81F4,21800
share,GameData\patch\parts_cw004cloth2_2.arc,GameData\parts_cw004cloth2_2.arc,320099,D4550380,1560
share,GameData\patch\parts_cw005cloth1_2.arc,GameData\parts_cw005cloth1_2.arc,3650,6C6B4D6F,20700
share,GameData\patch\parts_cw005cloth3_2.arc,GameData\parts_cw005cloth3_2.arc,1798437,07194B0C,1530
share,GameData\patch\parts_cw005cloth4_2.arc,GameData\parts_cw005cloth4_2.arc,93385493,76CDAC9F,1501
share,GameData\patch\parts_cw007cloth1_2.arc,GameData\parts_cw007cloth1_2.arc,722896,377270B7,21000
share,GameData\patch\parts_denkigai2017w_2.arc,GameData\parts_denkigai2017w_2.arc,1749,5B9DEB62,20900
share,GameData\patch\parts_denkigai2017wTshirt_2.arc,GameData\parts_denkigai2017wTshirt_2.arc,297032,11CE6EF6,1620
share,GameData\patch\parts_denkigai2019s_2.arc,GameData\parts_denkigai2019s_2.arc,6743432,3112F2BB,20900
share,GameData\patch\parts_denkigai2020w_2.arc,GameData\parts_denkigai2020w_2.arc,3986,4F526500,1550
share,GameData\patch\parts_dlc068_2.arc,GameData\parts_dlc068_2.arc,2066,E2A47102,1540
share,GameData\patch\parts_dlc140_2.arc,GameData\parts_dlc140_2.arc,186952,20156B6E,1630
share,GameData\patch\parts_dlc141_2.arc,GameData\parts_dlc141_2.arc,1522,BC86E86A,1630
share,GameData\patch\parts_dlc209_2.arc,GameData\parts_dlc209_2.arc,1363413,BF1ABBC0,1171
share,GameData\patch\parts_dlc215_2.arc,GameData\parts_dlc215_2.arc,2402,4E142C61,20900
share,GameData\patch\parts_dlc216_2.arc,GameData\parts_dlc216_2.arc,932171,E7454670,1200
share,GameData\patch\parts_dlc227_2.arc,GameData\parts_dlc227_2.arc,1586,B4421887,20900
share,GameData\patch\parts_dlc228_2.arc,GameData\parts_dlc228_2.arc,17362,CA81E5FE,20900
share,GameData\patch\parts_dlc230_2.arc,GameData\parts_dlc230_2.arc,1538,713A5F3F,20900
share,GameData\patch\parts_dlc230nh_2.arc,GameData\parts_dlc230nh_2.arc,1554,78B73D66,20900
share,GameData\patch\parts_dlc232_2.arc,GameData\parts_dlc232_2.arc,8018,576B319C,21100
share,GameData\patch\parts_dlc240_2.arc,GameData\parts_dlc240_2.arc,2306,890A5A33,1530
share,GameData\patch\parts_dlc241_2.arc,GameData\parts_dlc241_2.arc,1618,5C4797C1,1380
share,GameData\patch\parts_dlc254_2.arc,GameData\parts_dlc254_2.arc,1650,F7E7BFB1,21100
share,GameData\patch\parts_dlc256_2.arc,GameData\parts_dlc256_2.arc,459473,67DE15EB,1480
share,GameData\patch\parts_dlc256ns_2.arc,GameData\parts_dlc256ns_2.arc,464943,902A8184,1480
share,GameData\patch\parts_dlc265_2.arc,GameData\parts_dlc265_2.arc,1461885,9DC90DB1,20300
share,GameData\patch\parts_dlc267_2.arc,GameData\parts_dlc267_2.arc,2827817,95D40D44,1480
share,GameData\patch\parts_dlc267ns_2.arc,GameData\parts_dlc267ns_2.arc,2827831,320F93A5,1480
share,GameData\patch\parts_dlc268_2.arc,GameData\parts_dlc268_2.arc,465617,1FC74BD4,1320
share,GameData\patch\parts_dlc268ns_2.arc,GameData\parts_dlc268ns_2.arc,465634,269DB210,1320
share,GameData\patch\parts_dlc279_2.arc,GameData\parts_dlc279_2.arc,6171073,DF439D14,1331
share,GameData\patch\parts_dlc281_2.arc,GameData\parts_dlc281_2.arc,1602,B87FBD5C,20900
share,GameData\patch\parts_dlc282_2.arc,GameData\parts_dlc282_2.arc,1602,AFD6C793,20900
share,GameData\patch\parts_dlc283_2.arc,GameData\parts_dlc283_2.arc,214283,48402BBC,1550
share,GameData\patch\parts_dlc284_2.arc,GameData\parts_dlc284_2.arc,534508,B3F4541D,21600
share,GameData\patch\parts_dlc285_2.arc,GameData\parts_dlc285_2.arc,230365,BFC599A9,20500
share,GameData\patch\parts_dlc286_2.arc,GameData\parts_dlc286_2.arc,76043,8B261DCE,1630
share,GameData\patch\parts_dlc290_2.arc,GameData\parts_dlc290_2.arc,382701,B48E55B1,20300
share,GameData\patch\parts_dlc293_2.arc,GameData\parts_dlc293_2.arc,1586,CC44CFFE,20900
share,GameData\patch\parts_dlc297_2.arc,GameData\parts_dlc297_2.arc,1586,F934F3B5,20900
share,GameData\patch\parts_dlc298_2.arc,GameData\parts_dlc298_2.arc,1682,039EB67B,21100
share,GameData\patch\parts_dlc301_2.arc,GameData\parts_dlc301_2.arc,2032332,7D478CC1,1510
share,GameData\patch\parts_dlc302_2.arc,GameData\parts_dlc302_2.arc,1988437,E207724F,1510
share,GameData\patch\parts_dlc303_2.arc,GameData\parts_dlc303_2.arc,2715150,2D1CFC1F,1510
share,GameData\patch\parts_dlc304_2.arc,GameData\parts_dlc304_2.arc,1704802,5CDB51EF,1510
share,GameData\patch\parts_dlc314_2.arc,GameData\parts_dlc314_2.arc,104389,770F4A58,21300
share,GameData\patch\parts_dlc320_2.arc,GameData\parts_dlc320_2.arc,94639,DC5A14A4,1470
share,GameData\patch\parts_dlc322_2.arc,GameData\parts_dlc322_2.arc,1874,ED32ABEA,21800
share,GameData\patch\parts_dlc324_2.arc,GameData\parts_dlc324_2.arc,78305,713DCB5A,21800
share,GameData\patch\parts_dlc326_2.arc,GameData\parts_dlc326_2.arc,419511,3F768469,21701
share,GameData\patch\parts_dlc330_2.arc,GameData\parts_dlc330_2.arc,1416901,40AFFED8,1631
share,GameData\patch\parts_dlc331_2.arc,GameData\parts_dlc331_2.arc,387759,1E7BE0CA,20800
share,GameData\patch\parts_dlc334_2.arc,GameData\parts_dlc334_2.arc,97412,48B386A9,21100
share,GameData\patch\parts_dlc336_2.arc,GameData\parts_dlc336_2.arc,8066,88BCFEC7,21100
share,GameData\patch\parts_dlc339_2.arc,GameData\parts_dlc339_2.arc,3538,BC6E3AC5,20900
share,GameData\patch\parts_dlc340_2.arc,GameData\parts_dlc340_2.arc,10642,53349B16,1540
share,GameData\patch\parts_dlc350_2.arc,GameData\parts_dlc350_2.arc,1666,CA6A5E98,21200
share,GameData\patch\parts_dlc351_2.arc,GameData\parts_dlc351_2.arc,421561,ED107EB9,20500
share,GameData\patch\parts_dlc352_2.arc,GameData\parts_dlc352_2.arc,200045,E0AF717A,21800
share,GameData\patch\parts_dlc353_2.arc,GameData\parts_dlc353_2.arc,967380,18CA7CF1,1540
share,GameData\patch\parts_dlc354_2.arc,GameData\parts_dlc354_2.arc,429245,10E85B0B,21800
share,GameData\patch\parts_dlc355_2.arc,GameData\parts_dlc355_2.arc,348168,5CF6F6A0,1540
share,GameData\patch\parts_dlc356_2.arc,GameData\parts_dlc356_2.arc,57433481,02936498,1540
share,GameData\patch\parts_dlc357_2.arc,GameData\parts_dlc357_2.arc,47375026,F7C5D388,1540
share,GameData\patch\parts_dlc358_2.arc,GameData\parts_dlc358_2.arc,39458721,5960F3DB,1550
share,GameData\patch\parts_dlc359_2.arc,GameData\parts_dlc359_2.arc,109291930,A2D75D7D,1540
share,GameData\patch\parts_dlc360_2.arc,GameData\parts_dlc360_2.arc,26514,AB27B869,20900
share,GameData\patch\parts_dlc362_2.arc,GameData\parts_dlc362_2.arc,628510,A1368035,1550
share,GameData\patch\parts_dlc363_2.arc,GameData\parts_dlc363_2.arc,1602,014DA2DF,1530
share,GameData\patch\parts_dlc367_2.arc,GameData\parts_dlc367_2.arc,64050,9FA7B57C,20900
share,GameData\patch\parts_dlc368_2.arc,GameData\parts_dlc368_2.arc,4210,992FFAC6,20900
share,GameData\patch\parts_dlc376_2.arc,GameData\parts_dlc376_2.arc,239783,34214152,1630
share,GameData\patch\parts_dlc377_2.arc,GameData\parts_dlc377_2.arc,234919,3ACDCA89,20300
share,GameData\patch\parts_dlc379_2.arc,GameData\parts_dlc379_2.arc,3714,9A12C6E5,20900
share,GameData\patch\parts_dlc386_2.arc,GameData\parts_dlc386_2.arc,1893976,7B363123,20300
share,GameData\patch\parts_dlc387_2.arc,GameData\parts_dlc387_2.arc,3762,C2E05343,1630
share,GameData\patch\parts_dlc389_2.arc,GameData\parts_dlc389_2.arc,1843830,9980CBC1,1630
share,GameData\patch\parts_dlc392_2.arc,GameData\parts_dlc392_2.arc,1194956,2E5B0AFE,21000
share,GameData\patch\parts_dlc394_2.arc,GameData\parts_dlc394_2.arc,2140716,E2AEA74F,20900
share,GameData\patch\parts_dlc395_2.arc,GameData\parts_dlc395_2.arc,516949,B3180629,1630
share,GameData\patch\parts_dlc396_2.arc,GameData\parts_dlc396_2.arc,1619389,DE5A7B23,21800
share,GameData\patch\parts_dlc397_2.arc,GameData\parts_dlc397_2.arc,3712250,6DAA79F0,1630
share,GameData\patch\parts_dlc403_2.arc,GameData\parts_dlc403_2.arc,4018,7012D328,20700
share,GameData\patch\parts_dlc405_2.arc,GameData\parts_dlc405_2.arc,4523165,1E2076CC,21900
share,GameData\patch\parts_dlc412_2.arc,GameData\parts_dlc412_2.arc,250260,C4AEEB6C,20800
share,GameData\patch\parts_dlc413_2.arc,GameData\parts_dlc413_2.arc,3282,E7A89561,21000
share,GameData\patch\parts_dlc423_2.arc,GameData\parts_dlc423_2.arc,248533,089AF468,21900
share,GameData\patch\parts_dlc427_2.arc,GameData\parts_dlc427_2.arc,2824374,7295C322,20700
share,GameData\patch\parts_dlc436_2.arc,GameData\parts_dlc436_2.arc,224581,26250F84,21100
share,GameData\patch\parts_dlc437_2.arc,GameData\parts_dlc437_2.arc,22371639,FDEB4F6E,21800
share,GameData\patch\parts_dlc442_2.arc,GameData\parts_dlc442_2.arc,442350,F0113A0C,21501
share,GameData\patch\parts_dlc451_2.arc,GameData\parts_dlc451_2.arc,545064,829973A7,21800
share,GameData\patch\parts_dlcdenkigai2017w_2.arc,GameData\parts_dlcdenkigai2017w_2.arc,1756,BE4AE431,20900
share,GameData\patch\parts_dlcdenkigai2019s_2.arc,GameData\parts_dlcdenkigai2019s_2.arc,176453,AA742E5C,20900
share,GameData\patch\parts_dlcdenkigai2019w_2.arc,GameData\parts_dlcdenkigai2019w_2.arc,15362,070EFED5,1580
share,GameData\patch\parts_dlcfacetex001_2.arc,GameData\parts_dlcfacetex001_2.arc,39618,1A98C1F9,20500
share,GameData\patch\parts_gp001_2.arc,GameData\parts_gp001_2.arc,62139719,101FA3E6,20900
share,GameData\patch\parts_gp001fb_2.arc,GameData\parts_gp001fb_2.arc,1655682,25F82731,21000
share,GameData\patch\parts_gp003_2.arc,GameData\parts_gp003_2.arc,153913036,99B2EC64,21700
share,GameData\patch\parts_karaoke001_2.arc,GameData\parts_karaoke001_2.arc,453245,11C970D3,1280
share,GameData\patch\parts_kissevent2018_2.arc,GameData\parts_kissevent2018_2.arc,195634,BA449716,1610
share,GameData\patch\parts_magazine003_2.arc,GameData\parts_magazine003_2.arc,2092486,745DC69F,21501
share,GameData\patch\parts_nijiyomec_2.arc,GameData\parts_nijiyomec_2.arc,18114,53C76F14,1560
share,GameData\patch\parts_oldplus002hair1_2.arc,GameData\parts_oldplus002hair1_2.arc,187032,40716AA1,20300
share,GameData\patch\parts_oldplus004hair1_2.arc,GameData\parts_oldplus004hair1_2.arc,1189298,D8173A87,21800
share,GameData\patch\parts_oldplus005hair2_2.arc,GameData\parts_oldplus005hair2_2.arc,47826,3A8C3553,1550
share,GameData\patch\parts_oldplus006hair2_2.arc,GameData\parts_oldplus006hair2_2.arc,402927,CAB5CFFA,1540
share,GameData\patch\parts_oldplus009cloth_2.arc,GameData\parts_oldplus009cloth_2.arc,1885119,9BE22C1D,21100
share,GameData\patch\parts_omvr.arc,GameData\parts_omvr.arc,3206509,4F0D0480,1120
share,GameData\patch\parts_personal_om003_2.arc,GameData\parts_personal_om003_2.arc,808314,862384FC,21501
share,GameData\patch\parts_personal_om004_2.arc,GameData\parts_personal_om004_2.arc,18738,B11C1D9D,1580
share,GameData\patch\parts_personal_om005_2.arc,GameData\parts_personal_om005_2.arc,3778,32C6DF55,20900
share,GameData\patch\parts_personal_om006_2.arc,GameData\parts_personal_om006_2.arc,423014,D7359DF9,20900
share,GameData\patch\parts_personal_om007_2.arc,GameData\parts_personal_om007_2.arc,3714,C83D1F12,20900
share,GameData\patch\parts_personal_om008_2.arc,GameData\parts_personal_om008_2.arc,10347444,6F18C9C2,21800
share,GameData\patch\parts_personal_om009_2.arc,GameData\parts_personal_om009_2.arc,38647433,49F65DBA,20900
share,GameData\patch\parts_personal_om010_2.arc,GameData\parts_personal_om010_2.arc,20132696,E36F644B,1540
share,GameData\patch\parts_personal_om011hair_2.arc,GameData\parts_personal_om011hair_2.arc,8794412,8045F402,20300
share,GameData\patch\parts_personal_om012underwear_2.arc,GameData\parts_personal_om012underwear_2.arc,2786,27667338,20900
share,GameData\patch\parts_shop011_2.arc,GameData\parts_shop011_2.arc,1610793,7DC58B5C,21400
share,GameData\patch\parts_shop013_2.arc,GameData\parts_shop013_2.arc,4786,3F8C0C9D,1580
share,GameData\patch\parts_shop016_2.arc,GameData\parts_shop016_2.arc,618922,34D0C0A4,20900
share,GameData\patch\parts_shop019_2.arc,GameData\parts_shop019_2.arc,196310,38FDFDA0,1560
share,GameData\patch\parts_sp001_2.arc,GameData\parts_sp001_2.arc,168563,1ECED52E,1560
share,GameData\patch\parts_sp001cloth1_2.arc,GameData\parts_sp001cloth1_2.arc,62690,0E9AD6BF,20900
share,GameData\patch\parts_sp002cloth1_2.arc,GameData\parts_sp002cloth1_2.arc,10930,46512519,1250
share,GameData\patch\parts_sp002cloth2_2.arc,GameData\parts_sp002cloth2_2.arc,1825089,3BCD25A8,1352
share,GameData\patch\parts_sp003cloth3_2.arc,GameData\parts_sp003cloth3_2.arc,2970776,D1820E11,1530
share,GameData\patch\parts_sp004cloth2_2.arc,GameData\parts_sp004cloth2_2.arc,3954,C1224788,21100
share,GameData\patch\parts_sp005cloth2_2.arc,GameData\parts_sp005cloth2_2.arc,307133,F9B6103A,1560
share,GameData\patch\parts_sp006cloth1_2.arc,GameData\parts_sp006cloth1_2.arc,105662,BC6BE872,20300
share,GameData\patch\parts_vac001_2.arc,GameData\parts_vac001_2.arc,1271224,0597E526,1540
share,GameData\patch\parts_vp001_2.arc,GameData\parts_vp001_2.arc,315891,7624574E,20900
share,GameData\patch\parts_x001_2.arc,GameData\parts_x001_2.arc,38624060,C491B5E9,22100
share,GameData\patch\parts2.arc,GameData\parts2.arc,180980656,F3280ADE,22100
share,GameData\patch\paths.dat,GameData\paths.dat,14549,1C5DF647,22100
share,GameData\patch\prioritymaterial.arc,GameData\prioritymaterial.arc,730199,808905ED,22100
share,GameData\patch\script_share_karaoke_2.arc,GameData\script_share_karaoke_2.arc,8468,FC03F258,21400
share,GameData\patch\sound_maidotaiou_2.arc,GameData\sound_maidotaiou_2.arc,7299462,B7505B64,21300
share,GameData\patch\sound2.arc,GameData\sound2.arc,56608393,08A5D807,22000
share,GameData\patch\system_gp001_2.arc,GameData\system_gp001_2.arc,7478491,A3D9E534,1420
share,GameData\patch\system_gp001fb_2.arc,GameData\system_gp001fb_2.arc,1681009,EFAA885E,20600
share,GameData\patch\system_gp002_2.arc,GameData\system_gp002_2.arc,3352431,A85DA78B,1350
share,GameData\patch\system_gp003_2.arc,GameData\system_gp003_2.arc,13346,A2E59BD5,1630
share,GameData\patch\system_karaoke010_2.arc,GameData\system_karaoke010_2.arc,498553543,95054915,21300
share,GameData\patch\system_omytgc005_2.arc,GameData\system_omytgc005_2.arc,20194,26C12082,21001
share,GameData\patch\system_personal_om009_2.arc,GameData\system_personal_om009_2.arc,7218,94257E0F,21001
share,GameData\patch\system2.arc,GameData\system2.arc,15219000,1752F762,21700
share,GameData\patch\voice_gp001_2.arc,GameData\voice_gp001_2.arc,128499501,74943317,1270
share,GameData\patch\voice_ordermade002_2.arc,GameData\voice_ordermade002_2.arc,4034461,8F5E74E5,1550
share,GameData\patch\voice_ordermade002_solo_2.arc,GameData\voice_ordermade002_solo_2.arc,4034470,80F11421,1550
share,GameData\patch\voice_personal_om005_2.arc,GameData\voice_personal_om005_2.arc,77014392,941AFD15,1420
share,GameData\patch\voice_personal_om008_2.arc,GameData\voice_personal_om008_2.arc,738018,CFD7E516,1540
share,GameData\patch\voice_personal_om010_2.arc,GameData\voice_personal_om010_2.arc,120212,0DC709ED,1540
share,GameData_20\bg_pp001_2.arc,GameData_20\bg_pp001_2.arc,1237157,C9D912F7,1220
share,GameData_20\bg_vp001_2.arc,GameData_20\bg_vp001_2.arc,283046,A7A90EE1,1190
share,GameData_20\material_cw005cloth4_2.arc,GameData_20\material_cw005cloth4_2.arc,31586,74059A93,1661
share,GameData_20\material_denkigai2015s003_2.arc,GameData_20\material_denkigai2015s003_2.arc,7106,0C82D791,1150
share,GameData_20\material_denkigai2015w_2.arc,GameData_20\material_denkigai2015w_2.arc,3490,F06AAABE,1090
share,GameData_20\material_denkigai2015wTowelR.arc,GameData_20\material_denkigai2015wTowelR.arc,1602,618192B9,1360
share,GameData_20\material_denkigai2016w_2.arc,GameData_20\material_denkigai2016w_2.arc,18802,B122AD16,1696
share,GameData_20\material_denkigai2017w_2.arc,GameData_20\material_denkigai2017w_2.arc,4290,0748142E,1674
share,GameData_20\material_denkigai2017wtshirt_2.arc,GameData_20\material_denkigai2017wtshirt_2.arc,2418,F6E9FB90,1674
share,GameData_20\material_denkigai2019stshirt_2.arc,GameData_20\material_denkigai2019stshirt_2.arc,1586,BA3332E0,1680
share,GameData_20\material_dlc004_2.arc,GameData_20\material_dlc004_2.arc,4972,A5B8E657,1696
share,GameData_20\material_dlc028_2.arc,GameData_20\material_dlc028_2.arc,8882,8BE4415C,1691
share,GameData_20\material_dlc034_2.arc,GameData_20\material_dlc034_2.arc,9426,C1C7E085,1696
share,GameData_20\material_dlc037_2.arc,GameData_20\material_dlc037_2.arc,5154,9BA28966,1696
share,GameData_20\material_dlc040_2.arc,GameData_20\material_dlc040_2.arc,5042,B7B69F5F,1696
share,GameData_20\material_dlc042_2.arc,GameData_20\material_dlc042_2.arc,9602,96FF4BEA,1696
share,GameData_20\material_dlc046_2.arc,GameData_20\material_dlc046_2.arc,4210,A2B3A6D9,1695
share,GameData_20\material_dlc049_2.arc,GameData_20\material_dlc049_2.arc,13698,DEF631C9,1696
share,GameData_20\material_dlc055_2.arc,GameData_20\material_dlc055_2.arc,5282,11A93109,1280
share,GameData_20\material_dlc093_2.arc,GameData_20\material_dlc093_2.arc,13586,D911AC0A,1695
share,GameData_20\material_dlc107_2.arc,GameData_20\material_dlc107_2.arc,5218,F9837138,1590
share,GameData_20\material_dlc108_2.arc,GameData_20\material_dlc108_2.arc,13698,93BCAC65,1695
share,GameData_20\material_dlc134_2.arc,GameData_20\material_dlc134_2.arc,2626,E85B6124,1696
share,GameData_20\material_dlc146_2.arc,GameData_20\material_dlc146_2.arc,2594,A86BF4E4,1696
share,GameData_20\material_dlc150_2.arc,GameData_20\material_dlc150_2.arc,26498,8FE30EF3,1696
share,GameData_20\material_dlc166_2.arc,GameData_20\material_dlc166_2.arc,9650,838D53DB,1696
share,GameData_20\material_dlc191_2.arc,GameData_20\material_dlc191_2.arc,35282,6918122F,1695
share,GameData_20\material_dlc192_2.arc,GameData_20\material_dlc192_2.arc,5058,BD463091,1696
share,GameData_20\material_dlc195_2.arc,GameData_20\material_dlc195_2.arc,1746,ECFBFE17,1090
share,GameData_20\material_dlc196_2.arc,GameData_20\material_dlc196_2.arc,2546,6A2B65C0,1701
share,GameData_20\material_dlc256_2.arc,GameData_20\material_dlc256_2.arc,3378,CFF1F232,1673
share,GameData_20\material_dlc267_2.arc,GameData_20\material_dlc267_2.arc,5186,11ED6A88,1673
share,GameData_20\material_dlc278_2.arc,GameData_20\material_dlc278_2.arc,3794,94EE71BB,1651
share,GameData_20\material_dlc326_2.arc,GameData_20\material_dlc326_2.arc,1613,CDE6C26D,1696
share,GameData_20\material_dlc353_2.arc,GameData_20\material_dlc353_2.arc,1762,C3E9BB20,1673
share,GameData_20\material_dlc356_2.arc,GameData_20\material_dlc356_2.arc,38338,802E0C1D,1674
share,GameData_20\material_dlc357_2.arc,GameData_20\material_dlc357_2.arc,55938,3D8DE6D9,1674
share,GameData_20\material_dlc358_2.arc,GameData_20\material_dlc358_2.arc,18754,C73B56B1,1673
share,GameData_20\material_dlc359_2.arc,GameData_20\material_dlc359_2.arc,35026,E141B1FB,1674
share,GameData_20\material_dlc363_2.arc,GameData_20\material_dlc363_2.arc,3794,14C1B1A5,1673
share,GameData_20\material_dlc412_2.arc,GameData_20\material_dlc412_2.arc,16850,B8975C41,1691
share,GameData_20\material_dlc427_2.arc,GameData_20\material_dlc427_2.arc,13675,3B3359A5,1695
share,GameData_20\material_dlcdenkigai2015w_2.arc,GameData_20\material_dlcdenkigai2015w_2.arc,3522,D35394D7,1090
share,GameData_20\material_dlcdenkigai2016w_2.arc,GameData_20\material_dlcdenkigai2016w_2.arc,13698,DFDB1621,1696
share,GameData_20\material_dlcdenkigai2017w_2.arc,GameData_20\material_dlcdenkigai2017w_2.arc,4322,13A2A5F9,1674
share,GameData_20\material_dlsite_2.arc,GameData_20\material_dlsite_2.arc,4018,FC0DCC28,1696
share,GameData_20\material_kissevent2017march_2.arc,GameData_20\material_kissevent2017march_2.arc,4674,8D9C5966,1680
share,GameData_20\material_magazine003_2.arc,GameData_20\material_magazine003_2.arc,30594,697EA347,1695
share,GameData_20\material_shop001_2.arc,GameData_20\material_shop001_2.arc,1762,D98CED1C,1150
share,GameData_20\material_shop002_2.arc,GameData_20\material_shop002_2.arc,1762,956BB00E,1150
share,GameData_20\material_shop003_2.arc,GameData_20\material_shop003_2.arc,1762,38CEBFF2,1150
share,GameData_20\material_shop005_2.arc,GameData_20\material_shop005_2.arc,1714,3E621A32,1150
share,GameData_20\material_shop007_2.arc,GameData_20\material_shop007_2.arc,2578,C8CE627C,1150
share,GameData_20\material_sp005cloth2_2.arc,GameData_20\material_sp005cloth2_2.arc,1810,3AE810F9,1641
share,GameData_20\material_vac001_2.arc,GameData_20\material_vac001_2.arc,5266,46CD10D7,1673
share,GameData_20\material_vp001_2.arc,GameData_20\material_vp001_2.arc,11890,8CB043B0,1400
share,GameData_20\material_yomeido003_2.arc,GameData_20\material_yomeido003_2.arc,1522,0689A7AC,1240
share,GameData_20\menu_cas002_2.arc,GameData_20\menu_cas002_2.arc,3234,B376662F,1691
share,GameData_20\menu_cas005_2.arc,GameData_20\menu_cas005_2.arc,3314,B1151824,1674
share,GameData_20\menu_cas007_2.arc,GameData_20\menu_cas007_2.arc,3714,EA919FC3,1693
share,GameData_20\menu_cas017_2.arc,GameData_20\menu_cas017_2.arc,3938,EBF4794F,1693
share,GameData_20\menu_cas018_2.arc,GameData_20\menu_cas018_2.arc,3794,E3E0301F,1693
share,GameData_20\menu_cas027_2.arc,GameData_20\menu_cas027_2.arc,4194,3B712034,1693
share,GameData_20\menu_cas029_2.arc,GameData_20\menu_cas029_2.arc,3778,58C0365D,1693
share,GameData_20\menu_cas030_2.arc,GameData_20\menu_cas030_2.arc,3874,6028B3BE,1691
share,GameData_20\menu_cas031_2.arc,GameData_20\menu_cas031_2.arc,3906,7CC4BAC7,1673
share,GameData_20\menu_cas044_2.arc,GameData_20\menu_cas044_2.arc,3218,C0415674,1673
share,GameData_20\menu_cas049_2.arc,GameData_20\menu_cas049_2.arc,3266,8BE78307,1693
share,GameData_20\menu_cas056_2.arc,GameData_20\menu_cas056_2.arc,3890,7F6480A2,1691
share,GameData_20\menu_cas062_2.arc,GameData_20\menu_cas062_2.arc,3138,17F6B4B8,1680
share,GameData_20\menu_cas064_2.arc,GameData_20\menu_cas064_2.arc,3746,743A5DCF,1691
share,GameData_20\menu_com3d2cbp_2.arc,GameData_20\menu_com3d2cbp_2.arc,3506,334A88E0,1673
share,GameData_20\menu_cw001cloth3_2.arc,GameData_20\menu_cw001cloth3_2.arc,6994,F7D9910B,1691
share,GameData_20\menu_cw002cloth1_2.arc,GameData_20\menu_cw002cloth1_2.arc,3762,B0366A81,1674
share,GameData_20\menu_cw004cloth2_2.arc,GameData_20\menu_cw004cloth2_2.arc,3330,F61401F7,1673
share,GameData_20\menu_cw005cloth1_2.arc,GameData_20\menu_cw005cloth1_2.arc,3282,14FBC0F8,1681
share,GameData_20\menu_cw005cloth4_2.arc,GameData_20\menu_cw005cloth4_2.arc,23554,B15A0E72,1661
share,GameData_20\menu_cw007cloth1_2.arc,GameData_20\menu_cw007cloth1_2.arc,9410,0CC26EE4,1693
share,GameData_20\menu_denkigai2015s001_2.arc,GameData_20\menu_denkigai2015s001_2.arc,6594,8B3E849F,1160
share,GameData_20\menu_denkigai2015s003_2.arc,GameData_20\menu_denkigai2015s003_2.arc,4338,D294CE88,1150
share,GameData_20\menu_denkigai2015wTowelR.arc,GameData_20\menu_denkigai2015wTowelR.arc,1282,CECEE1FC,1360
share,GameData_20\menu_denkigai2016s_2.arc,GameData_20\menu_denkigai2016s_2.arc,5298,ABC5BCBA,1680
share,GameData_20\menu_denkigai2016w_2.arc,GameData_20\menu_denkigai2016w_2.arc,15154,C8D64D3B,1450
share,GameData_20\menu_denkigai2017s_2.arc,GameData_20\menu_denkigai2017s_2.arc,8642,ED615547,1691
share,GameData_20\menu_denkigai2017w_2.arc,GameData_20\menu_denkigai2017w_2.arc,4210,A57A8E1E,1694
share,GameData_20\menu_denkigai2017wTshirt_2.arc,GameData_20\menu_denkigai2017wTshirt_2.arc,1330,C86D3E8E,1674
share,GameData_20\menu_denkigai2019s_2.arc,GameData_20\menu_denkigai2019s_2.arc,9794,8105F4C2,1674
share,GameData_20\menu_denkigai2019sTshirt_2.arc,GameData_20\menu_denkigai2019sTshirt_2.arc,1314,1585420D,1680
share,GameData_20\menu_denkigai2019w_2.arc,GameData_20\menu_denkigai2019w_2.arc,5938,C4A9AA0F,1674
share,GameData_20\menu_denkigai2020w_2.arc,GameData_20\menu_denkigai2020w_2.arc,9186,51DF1F95,1673
share,GameData_20\menu_dlc001_2.arc,GameData_20\menu_dlc001_2.arc,3954,7D6E4233,1691
share,GameData_20\menu_dlc004_2.arc,GameData_20\menu_dlc004_2.arc,3311,A9F2A96A,1696
share,GameData_20\menu_dlc005_2.arc,GameData_20\menu_dlc005_2.arc,3586,73F33290,1693
share,GameData_20\menu_dlc012_2.arc,GameData_20\menu_dlc012_2.arc,6626,6C5BEA26,1693
share,GameData_20\menu_dlc017_2.arc,GameData_20\menu_dlc017_2.arc,3394,486DB42A,1691
share,GameData_20\menu_dlc026_2.arc,GameData_20\menu_dlc026_2.arc,3778,69453D54,1190
share,GameData_20\menu_dlc028_2.arc,GameData_20\menu_dlc028_2.arc,3874,DE3F1C31,1200
share,GameData_20\menu_dlc033_2.arc,GameData_20\menu_dlc033_2.arc,7314,04421C06,1693
share,GameData_20\menu_dlc034_2.arc,GameData_20\menu_dlc034_2.arc,3714,84E7DC58,1674
share,GameData_20\menu_dlc040_2.arc,GameData_20\menu_dlc040_2.arc,3234,18422919,1696
share,GameData_20\menu_dlc041_2.arc,GameData_20\menu_dlc041_2.arc,6786,97F738D3,1380
share,GameData_20\menu_dlc042_2.arc,GameData_20\menu_dlc042_2.arc,1154,EE4016C0,1440
share,GameData_20\menu_dlc049_2.arc,GameData_20\menu_dlc049_2.arc,5666,6A7F0162,1673
share,GameData_20\menu_dlc061_2.arc,GameData_20\menu_dlc061_2.arc,3810,F99C1D4E,1290
share,GameData_20\menu_dlc065_2.arc,GameData_20\menu_dlc065_2.arc,7602,D9387834,1380
share,GameData_20\menu_dlc074_2.arc,GameData_20\menu_dlc074_2.arc,5618,24C559D7,1312
share,GameData_20\menu_dlc077_2.arc,GameData_20\menu_dlc077_2.arc,9394,B0735D2F,1693
share,GameData_20\menu_dlc078_2.arc,GameData_20\menu_dlc078_2.arc,2338,46D1542F,1673
share,GameData_20\menu_dlc084_2.arc,GameData_20\menu_dlc084_2.arc,1362,514D4584,1694
share,GameData_20\menu_dlc100_2.arc,GameData_20\menu_dlc100_2.arc,1250,DFF94E9A,1400
share,GameData_20\menu_dlc101_2.arc,GameData_20\menu_dlc101_2.arc,1218,44DB4049,1481
share,GameData_20\menu_dlc107_2.arc,GameData_20\menu_dlc107_2.arc,1746,A6C9E7C4,1590
share,GameData_20\menu_dlc111_2.arc,GameData_20\menu_dlc111_2.arc,1330,480BC0DC,1674
share,GameData_20\menu_dlc121_2.arc,GameData_20\menu_dlc121_2.arc,3314,61796D1D,1681
share,GameData_20\menu_dlc123_2.arc,GameData_20\menu_dlc123_2.arc,7714,595B8C3C,1674
share,GameData_20\menu_dlc126_2.arc,GameData_20\menu_dlc126_2.arc,2050,7471540B,1673
share,GameData_20\menu_dlc139_2.arc,GameData_20\menu_dlc139_2.arc,1346,405521A3,1694
share,GameData_20\menu_dlc140_2.arc,GameData_20\menu_dlc140_2.arc,1218,DF957030,1680
share,GameData_20\menu_dlc141_2.arc,GameData_20\menu_dlc141_2.arc,1218,206CE641,1680
share,GameData_20\menu_dlc143_2.arc,GameData_20\menu_dlc143_2.arc,3890,B5ED6650,1693
share,GameData_20\menu_dlc158_2.arc,GameData_20\menu_dlc158_2.arc,1250,BD65297C,1691
share,GameData_20\menu_dlc170_2.arc,GameData_20\menu_dlc170_2.arc,1266,8DD047BD,1674
share,GameData_20\menu_dlc184_2.arc,GameData_20\menu_dlc184_2.arc,3346,5D28E953,1691
share,GameData_20\menu_dlc189_2.arc,GameData_20\menu_dlc189_2.arc,2258,5A9F3DE9,1590
share,GameData_20\menu_dlc192_2.arc,GameData_20\menu_dlc192_2.arc,3458,B345C368,1696
share,GameData_20\menu_dlc195_2.arc,GameData_20\menu_dlc195_2.arc,1170,BF163DDC,1090
share,GameData_20\menu_dlc202_2.arc,GameData_20\menu_dlc202_2.arc,6594,7C41E999,1693
share,GameData_20\menu_dlc203_2.arc,GameData_20\menu_dlc203_2.arc,3922,C3AF937A,1693
share,GameData_20\menu_dlc204_2.arc,GameData_20\menu_dlc204_2.arc,3842,4DD62ADC,1674
share,GameData_20\menu_dlc206_2.arc,GameData_20\menu_dlc206_2.arc,3394,CAC7F5BB,1691
share,GameData_20\menu_dlc207_2.arc,GameData_20\menu_dlc207_2.arc,3922,552F051C,1630
share,GameData_20\menu_dlc227_2.arc,GameData_20\menu_dlc227_2.arc,1234,432C150D,1691
share,GameData_20\menu_dlc228_2.arc,GameData_20\menu_dlc228_2.arc,1234,77F54BF8,1691
share,GameData_20\menu_dlc230_2.arc,GameData_20\menu_dlc230_2.arc,1170,F4DCC0AA,1691
share,GameData_20\menu_dlc230nh_2.arc,GameData_20\menu_dlc230nh_2.arc,1202,4F46042A,1691
share,GameData_20\menu_dlc232_2.arc,GameData_20\menu_dlc232_2.arc,4146,689CEBFB,1693
share,GameData_20\menu_dlc254_2.arc,GameData_20\menu_dlc254_2.arc,1282,5C51B209,1693
share,GameData_20\menu_dlc281_2.arc,GameData_20\menu_dlc281_2.arc,1234,55D6233E,1691
share,GameData_20\menu_dlc282_2.arc,GameData_20\menu_dlc282_2.arc,1234,8AA0E036,1691
share,GameData_20\menu_dlc283_2.arc,GameData_20\menu_dlc283_2.arc,1202,25C4EE86,1673
share,GameData_20\menu_dlc293_2.arc,GameData_20\menu_dlc293_2.arc,1234,0D9FCDF7,1691
share,GameData_20\menu_dlc297_2.arc,GameData_20\menu_dlc297_2.arc,1234,45E20486,1691
share,GameData_20\menu_dlc298_2.arc,GameData_20\menu_dlc298_2.arc,1314,754C44EE,1693
share,GameData_20\menu_dlc322_2.arc,GameData_20\menu_dlc322_2.arc,3138,2A035FB8,1691
share,GameData_20\menu_dlc324_2.arc,GameData_20\menu_dlc324_2.arc,31458,30DAF5BE,1691
share,GameData_20\menu_dlc331_2.arc,GameData_20\menu_dlc331_2.arc,3330,78103186,1673
share,GameData_20\menu_dlc336_2.arc,GameData_20\menu_dlc336_2.arc,19170,293428D3,1693
share,GameData_20\menu_dlc339_2.arc,GameData_20\menu_dlc339_2.arc,3154,EEE967A4,1691
share,GameData_20\menu_dlc340_2.arc,GameData_20\menu_dlc340_2.arc,10226,2E6EC41E,1673
share,GameData_20\menu_dlc350_2.arc,GameData_20\menu_dlc350_2.arc,1298,88354072,1694
share,GameData_20\menu_dlc351_2.arc,GameData_20\menu_dlc351_2.arc,3426,5992BB0B,1681
share,GameData_20\menu_dlc353_2.arc,GameData_20\menu_dlc353_2.arc,1346,250C9D39,1673
share,GameData_20\menu_dlc357_2.arc,GameData_20\menu_dlc357_2.arc,29714,34062D3F,1673
share,GameData_20\menu_dlc358_2.arc,GameData_20\menu_dlc358_2.arc,21186,9A988520,1673
share,GameData_20\menu_dlc359_2.arc,GameData_20\menu_dlc359_2.arc,17554,EA7AC5BA,1673
share,GameData_20\menu_dlc360_2.arc,GameData_20\menu_dlc360_2.arc,1170,05EB0AAA,1691
share,GameData_20\menu_dlc363_2.arc,GameData_20\menu_dlc363_2.arc,1234,FF56BE27,1673
share,GameData_20\menu_dlc367_2.arc,GameData_20\menu_dlc367_2.arc,3410,C3A781BD,1691
share,GameData_20\menu_dlc368_2.arc,GameData_20\menu_dlc368_2.arc,6114,83EAB547,1691
share,GameData_20\menu_dlc376_2.arc,GameData_20\menu_dlc376_2.arc,1218,2A07F130,1680
share,GameData_20\menu_dlc377_2.arc,GameData_20\menu_dlc377_2.arc,1218,09E45563,1680
share,GameData_20\menu_dlc379_2.arc,GameData_20\menu_dlc379_2.arc,2978,756E6CCC,1691
share,GameData_20\menu_dlc387_2.arc,GameData_20\menu_dlc387_2.arc,3378,5BD32D7E,1680
share,GameData_20\menu_dlc389_2.arc,GameData_20\menu_dlc389_2.arc,3138,EBFFCABE,1680
share,GameData_20\menu_dlc394_2.arc,GameData_20\menu_dlc394_2.arc,3298,20BB0E24,1691
share,GameData_20\menu_dlc396_2.arc,GameData_20\menu_dlc396_2.arc,3762,FF96ECF1,1681
share,GameData_20\menu_dlc403_2.arc,GameData_20\menu_dlc403_2.arc,3618,7D6C2F01,1681
share,GameData_20\menu_dlc412_2.arc,GameData_20\menu_dlc412_2.arc,2962,13740778,1691
share,GameData_20\menu_dlc413_2.arc,GameData_20\menu_dlc413_2.arc,2690,043ECB7A,1681
share,GameData_20\menu_dlc423_2.arc,GameData_20\menu_dlc423_2.arc,3245,ACA7F98F,1702
share,GameData_20\menu_dlc433_2.arc,GameData_20\menu_dlc433_2.arc,1042,080D91D6,1681
share,GameData_20\menu_dlcdenkigai2016s_2.arc,GameData_20\menu_dlcdenkigai2016s_2.arc,4226,37F98EE6,1680
share,GameData_20\menu_dlcdenkigai2016w_2.arc,GameData_20\menu_dlcdenkigai2016w_2.arc,13522,45E7F667,1450
share,GameData_20\menu_dlcdenkigai2017s_2.arc,GameData_20\menu_dlcdenkigai2017s_2.arc,7602,6B6DD0C1,1691
share,GameData_20\menu_dlcdenkigai2017w_2.arc,GameData_20\menu_dlcdenkigai2017w_2.arc,11762,EBA84B5A,1694
share,GameData_20\menu_dlcdenkigai2019s_2.arc,GameData_20\menu_dlcdenkigai2019s_2.arc,7266,F30AC64C,1674
share,GameData_20\menu_dlcdenkigai2019w_2.arc,GameData_20\menu_dlcdenkigai2019w_2.arc,4466,6CACEAA5,1674
share,GameData_20\menu_dlsite_2.arc,GameData_20\menu_dlsite_2.arc,1954,B2268BA7,1150
share,GameData_20\menu_gp001_2.arc,GameData_20\menu_gp001_2.arc,6711,C3862D3E,1691
share,GameData_20\menu_kissevent2017march.arc,GameData_20\menu_kissevent2017march.arc,281,FF4EEB9B,1522
share,GameData_20\menu_kissevent2017march_2.arc,GameData_20\menu_kissevent2017march_2.arc,106624,14291926,1631
share,GameData_20\menu_magazine002_2.arc,GameData_20\menu_magazine002_2.arc,12994,C2587640,1691
share,GameData_20\menu_nijiyomec_2.arc,GameData_20\menu_nijiyomec_2.arc,6738,7CDA2CFB,1673
share,GameData_20\menu_oldplus009cloth_2.arc,GameData_20\menu_oldplus009cloth_2.arc,9526,A9DA7A7A,1693
share,GameData_20\menu_ordermade002_2.arc,GameData_20\menu_ordermade002_2.arc,1346,DF7DAA64,1673
share,GameData_20\menu_personal_om008_2.arc,GameData_20\menu_personal_om008_2.arc,6816,A49BE66E,1680
share,GameData_20\menu_personal002_2.arc,GameData_20\menu_personal002_2.arc,1282,5687650C,1310
share,GameData_20\menu_personal004_2.arc,GameData_20\menu_personal004_2.arc,3906,43F24318,1693
share,GameData_20\menu_shop001_2.arc,GameData_20\menu_shop001_2.arc,3314,35207C87,1150
share,GameData_20\menu_shop005_2.arc,GameData_20\menu_shop005_2.arc,1378,0C9AF725,1150
share,GameData_20\menu_sp001cloth1_2.arc,GameData_20\menu_sp001cloth1_2.arc,3314,31F028BF,1691
share,GameData_20\menu_sp003cloth3_2.arc,GameData_20\menu_sp003cloth3_2.arc,9826,4C326B5D,1672
share,GameData_20\menu_sp004cloth2_2.arc,GameData_20\menu_sp004cloth2_2.arc,3586,EC937EC6,1693
share,GameData_20\menu_sp005cloth2_2.arc,GameData_20\menu_sp005cloth2_2.arc,3666,CDB7D350,1673
share,GameData_20\menu_vac001.arc,GameData_20\menu_vac001.arc,317,11490F18,1640
share,GameData_20\menu_vac001_2.arc,GameData_20\menu_vac001_2.arc,24162,C5F8DFA9,1640
share,GameData_20\menu_vp001_2.arc,GameData_20\menu_vp001_2.arc,22178,56017FAF,1691
share,GameData_20\menu_x001_2.arc,GameData_20\menu_x001_2.arc,4482,CAC61B00,1696
share,GameData_20\menu_yomeido003_2.arc,GameData_20\menu_yomeido003_2.arc,1234,4D6F619D,1240
share,GameData_20\menu_yomeidogp_wedding_2.arc,GameData_20\menu_yomeidogp_wedding_2.arc,3954,C251B12C,1320
share,GameData_20\menu2.arc,GameData_20\menu2.arc,245468,50E165D6,1691
share,GameData_20\model_3d21reserve_2.arc,GameData_20\model_3d21reserve_2.arc,97321,682B7108,1691
share,GameData_20\model_cas031_2.arc,GameData_20\model_cas031_2.arc,1275040,257EA812,1673
share,GameData_20\model_cas036_2.arc,GameData_20\model_cas036_2.arc,1091837,7B9087FD,1694
share,GameData_20\model_cas056_2.arc,GameData_20\model_cas056_2.arc,118607,12631C7E,1680
share,GameData_20\model_cas084_2.arc,GameData_20\model_cas084_2.arc,799717,0FE9A23B,1693
share,GameData_20\model_com3d2cbp_2.arc,GameData_20\model_com3d2cbp_2.arc,186624,4DC6333D,1673
share,GameData_20\model_cw001cloth1_2.arc,GameData_20\model_cw001cloth1_2.arc,107314,C52E5E4E,1681
share,GameData_20\model_cw001cloth2_2.arc,GameData_20\model_cw001cloth2_2.arc,194657,F622B758,1673
share,GameData_20\model_cw002cloth4_2.arc,GameData_20\model_cw002cloth4_2.arc,205723,6F695F14,1681
share,GameData_20\model_cw004cloth1_2.arc,GameData_20\model_cw004cloth1_2.arc,876986,21C7BD90,1701
share,GameData_20\model_cw004cloth2_2.arc,GameData_20\model_cw004cloth2_2.arc,315112,C85E6F0F,1673
share,GameData_20\model_cw005cloth3_2.arc,GameData_20\model_cw005cloth3_2.arc,1787568,5851FA8F,1673
share,GameData_20\model_cw005cloth4_2.arc,GameData_20\model_cw005cloth4_2.arc,797916,99503A91,1661
share,GameData_20\model_cw007cloth1_2.arc,GameData_20\model_cw007cloth1_2.arc,702932,B1ACE3C1,1673
share,GameData_20\model_denkigai2015s003_2.arc,GameData_20\model_denkigai2015s003_2.arc,394665,41A48185,1150
share,GameData_20\model_denkigai2015w_2.arc,GameData_20\model_denkigai2015w_2.arc,174373,F9233759,1090
share,GameData_20\model_denkigai2015wTowelR.arc,GameData_20\model_denkigai2015wTowelR.arc,38258,FB570A24,1360
share,GameData_20\model_denkigai2016w_2.arc,GameData_20\model_denkigai2016w_2.arc,55330,157E15CF,1696
share,GameData_20\model_denkigai2017s_2.arc,GameData_20\model_denkigai2017s_2.arc,462663,8917104A,1582
share,GameData_20\model_denkigai2017w_2.arc,GameData_20\model_denkigai2017w_2.arc,564294,4C2FF2C5,1691
share,GameData_20\model_denkigai2017wTshirt_2.arc,GameData_20\model_denkigai2017wTshirt_2.arc,293648,C0ABFC47,1674
share,GameData_20\model_denkigai2019s_2.arc,GameData_20\model_denkigai2019s_2.arc,161179,BAFBA2FA,1691
share,GameData_20\model_denkigai2019sTshirt_2.arc,GameData_20\model_denkigai2019sTshirt_2.arc,188041,2210617D,1680
share,GameData_20\model_dlc004_2.arc,GameData_20\model_dlc004_2.arc,285465,562BF6E1,1696
share,GameData_20\model_dlc005_2.arc,GameData_20\model_dlc005_2.arc,1056726,868455F2,1693
share,GameData_20\model_dlc028_2.arc,GameData_20\model_dlc028_2.arc,1608203,E3FAB2EA,1694
share,GameData_20\model_dlc034_2.arc,GameData_20\model_dlc034_2.arc,215459,8DC01A47,1696
share,GameData_20\model_dlc037_2.arc,GameData_20\model_dlc037_2.arc,38466,D6B5EEBC,1696
share,GameData_20\model_dlc040_2.arc,GameData_20\model_dlc040_2.arc,286010,5EB9D24E,1696
share,GameData_20\model_dlc042_2.arc,GameData_20\model_dlc042_2.arc,31458,3A6B72F6,1696
share,GameData_20\model_dlc046_2.arc,GameData_20\model_dlc046_2.arc,4650987,89C2EC2D,1695
share,GameData_20\model_dlc049_2.arc,GameData_20\model_dlc049_2.arc,787740,8581E73D,1696
share,GameData_20\model_dlc073_2.arc,GameData_20\model_dlc073_2.arc,267037,47D33A06,1320
share,GameData_20\model_dlc093_2.arc,GameData_20\model_dlc093_2.arc,480013,E13DFECC,1695
share,GameData_20\model_dlc100_2.arc,GameData_20\model_dlc100_2.arc,691347,7C3D679D,1400
share,GameData_20\model_dlc108_2.arc,GameData_20\model_dlc108_2.arc,548791,B33F0FE5,1695
share,GameData_20\model_dlc109_2.arc,GameData_20\model_dlc109_2.arc,137998,8FCCF513,1460
share,GameData_20\model_dlc126_2.arc,GameData_20\model_dlc126_2.arc,480713,A5D9E5F6,1701
share,GameData_20\model_dlc134_2.arc,GameData_20\model_dlc134_2.arc,44306,74970F84,1696
share,GameData_20\model_dlc146_2.arc,GameData_20\model_dlc146_2.arc,603378,6A6A4D37,1696
share,GameData_20\model_dlc150_2.arc,GameData_20\model_dlc150_2.arc,612679,AE5E65C9,1696
share,GameData_20\model_dlc151_2.arc,GameData_20\model_dlc151_2.arc,213532,8C3C80C3,1520
share,GameData_20\model_dlc166_2.arc,GameData_20\model_dlc166_2.arc,135727,51F3F8AB,1696
share,GameData_20\model_dlc170_2.arc,GameData_20\model_dlc170_2.arc,536708,170F3493,1701
share,GameData_20\model_dlc191_2.arc,GameData_20\model_dlc191_2.arc,2167029,A26D66D3,1695
share,GameData_20\model_dlc192_2.arc,GameData_20\model_dlc192_2.arc,206013,3FA5CBFD,1696
share,GameData_20\model_dlc195_2.arc,GameData_20\model_dlc195_2.arc,583563,16C95E54,1090
share,GameData_20\model_dlc196_2.arc,GameData_20\model_dlc196_2.arc,735258,B553D8CC,1701
share,GameData_20\model_dlc206_2.arc,GameData_20\model_dlc206_2.arc,645607,3578836D,1673
share,GameData_20\model_dlc208_2.arc,GameData_20\model_dlc208_2.arc,448882,C4D10B97,1673
share,GameData_20\model_dlc209_2.arc,GameData_20\model_dlc209_2.arc,1360811,72C67140,1610
share,GameData_20\model_dlc256_2.arc,GameData_20\model_dlc256_2.arc,434902,AC96EDE7,1673
share,GameData_20\model_dlc267_2.arc,GameData_20\model_dlc267_2.arc,506888,4758395D,1673
share,GameData_20\model_dlc268_2.arc,GameData_20\model_dlc268_2.arc,463350,1F545CEE,1650
share,GameData_20\model_dlc278_2.arc,GameData_20\model_dlc278_2.arc,944175,D859BA41,1651
share,GameData_20\model_dlc283_2.arc,GameData_20\model_dlc283_2.arc,212022,6658BAFF,1673
share,GameData_20\model_dlc284_2.arc,GameData_20\model_dlc284_2.arc,532360,049DC38B,1695
share,GameData_20\model_dlc285_2.arc,GameData_20\model_dlc285_2.arc,228222,3CAEB711,1681
share,GameData_20\model_dlc286_2.arc,GameData_20\model_dlc286_2.arc,73886,A3DC40BE,1680
share,GameData_20\model_dlc301_2.arc,GameData_20\model_dlc301_2.arc,2019393,151AA044,1673
share,GameData_20\model_dlc302_2.arc,GameData_20\model_dlc302_2.arc,1975498,7F93CFBD,1673
share,GameData_20\model_dlc303_2.arc,GameData_20\model_dlc303_2.arc,2689842,AC3B4D66,1673
share,GameData_20\model_dlc304_2.arc,GameData_20\model_dlc304_2.arc,1691856,560A4120,1673
share,GameData_20\model_dlc314_2.arc,GameData_20\model_dlc314_2.arc,102779,FAAA5FC9,1694
share,GameData_20\model_dlc326_2.arc,GameData_20\model_dlc326_2.arc,414816,3627573F,1696
share,GameData_20\model_dlc330_2.arc,GameData_20\model_dlc330_2.arc,1413403,92E3085E,1673
share,GameData_20\model_dlc331_2.arc,GameData_20\model_dlc331_2.arc,382339,7535D433,1691
share,GameData_20\model_dlc334_2.arc,GameData_20\model_dlc334_2.arc,95277,346E7EC4,1693
share,GameData_20\model_dlc351_2.arc,GameData_20\model_dlc351_2.arc,413320,A3A5DB8E,1681
share,GameData_20\model_dlc353_2.arc,GameData_20\model_dlc353_2.arc,964407,DB9B8FA4,1673
share,GameData_20\model_dlc354_2.arc,GameData_20\model_dlc354_2.arc,425496,1EF45300,1681
share,GameData_20\model_dlc356_2.arc,GameData_20\model_dlc356_2.arc,1144913,B1A02CF9,1673
share,GameData_20\model_dlc357_2.arc,GameData_20\model_dlc357_2.arc,4511946,3D1CDF76,1673
share,GameData_20\model_dlc358_2.arc,GameData_20\model_dlc358_2.arc,4341633,D9163415,1673
share,GameData_20\model_dlc359_2.arc,GameData_20\model_dlc359_2.arc,1530334,2F02195C,1673
share,GameData_20\model_dlc360_2.arc,GameData_20\model_dlc360_2.arc,23714,7C145E45,1680
share,GameData_20\model_dlc362_2.arc,GameData_20\model_dlc362_2.arc,624379,447A4556,1673
share,GameData_20\model_dlc363_2.arc,GameData_20\model_dlc363_2.arc,858107,39F745BC,1673
share,GameData_20\model_dlc367_2.arc,GameData_20\model_dlc367_2.arc,58994,4024DDE9,1673
share,GameData_20\model_dlc368_2.arc,GameData_20\model_dlc368_2.arc,90479,8CC752F9,1691
share,GameData_20\model_dlc376_2.arc,GameData_20\model_dlc376_2.arc,236654,FACBF978,1680
share,GameData_20\model_dlc386_2.arc,GameData_20\model_dlc386_2.arc,1888319,F1A8ED0B,1681
share,GameData_20\model_dlc389_2.arc,GameData_20\model_dlc389_2.arc,1838431,BE165C26,1680
share,GameData_20\model_dlc392_2.arc,GameData_20\model_dlc392_2.arc,1183842,3E471248,1693
share,GameData_20\model_dlc394_2.arc,GameData_20\model_dlc394_2.arc,2128670,706A4A3B,1680
share,GameData_20\model_dlc395_2.arc,GameData_20\model_dlc395_2.arc,511319,E5B0E542,1680
share,GameData_20\model_dlc396_2.arc,GameData_20\model_dlc396_2.arc,1604124,578E77AD,1701
share,GameData_20\model_dlc397_2.arc,GameData_20\model_dlc397_2.arc,2657340,F0DC461B,1680
share,GameData_20\model_dlc412_2.arc,GameData_20\model_dlc412_2.arc,236630,17161F9C,1691
share,GameData_20\model_dlc423_2.arc,GameData_20\model_dlc423_2.arc,243350,94469F2C,1702
share,GameData_20\model_dlc427_2.arc,GameData_20\model_dlc427_2.arc,600586,7CED21DC,1695
share,GameData_20\model_dlc436_2.arc,GameData_20\model_dlc436_2.arc,223044,CD18EBF4,1693
share,GameData_20\model_dlc437_2.arc,GameData_20\model_dlc437_2.arc,487670,9F92E91D,1701
share,GameData_20\model_dlc442_2.arc,GameData_20\model_dlc442_2.arc,440085,016F78C4,1695
share,GameData_20\model_dlc451_2.arc,GameData_20\model_dlc451_2.arc,537128,294D7840,1701
share,GameData_20\model_dlcdenkigai2015w_2.arc,GameData_20\model_dlcdenkigai2015w_2.arc,174400,BE6E5467,1090
share,GameData_20\model_dlcdenkigai2016w_2.arc,GameData_20\model_dlcdenkigai2016w_2.arc,55330,E3C7479D,1696
share,GameData_20\model_dlcdenkigai2017s_2.arc,GameData_20\model_dlcdenkigai2017s_2.arc,462667,9F0C3D54,1582
share,GameData_20\model_dlcdenkigai2017w_2.arc,GameData_20\model_dlcdenkigai2017w_2.arc,564322,D9E3D918,1691
share,GameData_20\model_dlcdenkigai2019s_2.arc,GameData_20\model_dlcdenkigai2019s_2.arc,161184,75ECD4CA,1691
share,GameData_20\model_dlsite_2.arc,GameData_20\model_dlsite_2.arc,1805566,01B92BA3,1696
share,GameData_20\model_kissevent2017march_2.arc,GameData_20\model_kissevent2017march_2.arc,378287,9EF61AC7,1680
share,GameData_20\model_magazine003_2.arc,GameData_20\model_magazine003_2.arc,2063765,4EEFED4C,1695
share,GameData_20\model_oldplus002hair1_2.arc,GameData_20\model_oldplus002hair1_2.arc,184829,2DAE518E,1673
share,GameData_20\model_oldplus004hair1_2.arc,GameData_20\model_oldplus004hair1_2.arc,1187008,353C5D0B,1701
share,GameData_20\model_oldplus009cloth_2.arc,GameData_20\model_oldplus009cloth_2.arc,1864338,851C2BDB,1693
share,GameData_20\model_ordermade002_2.arc,GameData_20\model_ordermade002_2.arc,503977,6C062FF7,1681
share,GameData_20\model_personal_om008_2.arc,GameData_20\model_personal_om008_2.arc,219850,C445C67C,1680
share,GameData_20\model_personal004_2.arc,GameData_20\model_personal004_2.arc,239957,612D60C1,1681
share,GameData_20\model_pp002_2.arc,GameData_20\model_pp002_2.arc,25586,6BC54342,1673
share,GameData_20\model_shop001_2.arc,GameData_20\model_shop001_2.arc,115215,9C941FAF,1150
share,GameData_20\model_shop002_2.arc,GameData_20\model_shop002_2.arc,251253,743C3D97,1150
share,GameData_20\model_shop003_2.arc,GameData_20\model_shop003_2.arc,185433,A15EC70A,1150
share,GameData_20\model_shop005_2.arc,GameData_20\model_shop005_2.arc,150103,FB5341FA,1150
share,GameData_20\model_shop007_2.arc,GameData_20\model_shop007_2.arc,288759,80615CBD,1150
share,GameData_20\model_sp001cloth1_2.arc,GameData_20\model_sp001cloth1_2.arc,57746,E9F326F1,1691
share,GameData_20\model_sp002cloth2_2.arc,GameData_20\model_sp002cloth2_2.arc,1816544,0767F20F,1672
share,GameData_20\model_sp003cloth3_2.arc,GameData_20\model_sp003cloth3_2.arc,2950224,4B3AAFE9,1672
share,GameData_20\model_sp005cloth2_2.arc,GameData_20\model_sp005cloth2_2.arc,300283,8FA9F82B,1673
share,GameData_20\model_sp006cloth1_2.arc,GameData_20\model_sp006cloth1_2.arc,103511,DEBB0FCC,1681
share,GameData_20\model_vp001_2.arc,GameData_20\model_vp001_2.arc,647949,3A47B5A0,1691
share,GameData_20\model2.arc,GameData_20\model2.arc,14269988,3E2E7F1F,1691
share,GameData_20\paths.dat,GameData_20\paths.dat,13887,05D9B308,1745
share,GameData_20\prioritymaterial.arc,GameData_20\prioritymaterial.arc,392846,EC77477F,1745
share,GameData_20\texture_addpose001.arc,GameData_20\texture_addpose001.arc,23943,1D529A44,1220
share,GameData_20\texture_cr002_2.arc,GameData_20\texture_cr002_2.arc,6402,370E3B9E,1680
share,GameData_20\texture_cw005cloth4_2.arc,GameData_20\texture_cw005cloth4_2.arc,91545191,1DE51460,1661
share,GameData_20\texture_denkigai2015wTowelR.arc,GameData_20\texture_denkigai2015wTowelR.arc,133065,FE4BDC34,1360
share,GameData_20\texture_denkigai2016w_2.arc,GameData_20\texture_denkigai2016w_2.arc,10105247,3B4641C3,1450
share,GameData_20\texture_dlc004_2.arc,GameData_20\texture_dlc004_2.arc,4805734,C8E5CFB4,1200
share,GameData_20\texture_dlc046_2.arc,GameData_20\texture_dlc046_2.arc,596960,FC606BA5,1220
share,GameData_20\texture_dlc107_2.arc,GameData_20\texture_dlc107_2.arc,913018,88EAC715,1590
share,GameData_20\texture_dlc121_2.arc,GameData_20\texture_dlc121_2.arc,1276165,72A24D1E,1673
share,GameData_20\texture_dlc183_2.arc,GameData_20\texture_dlc183_2.arc,27984504,2ECFF2B5,1673
share,GameData_20\texture_dlc195_2.arc,GameData_20\texture_dlc195_2.arc,16075880,456A4C76,1090
share,GameData_20\texture_dlc267_2.arc,GameData_20\texture_dlc267_2.arc,2311226,F39D6830,1650
share,GameData_20\texture_dlc279_2.arc,GameData_20\texture_dlc279_2.arc,6149999,3FE86171,1650
share,GameData_20\texture_dlc356_2.arc,GameData_20\texture_dlc356_2.arc,54635001,3E70ED43,1674
share,GameData_20\texture_dlc357_2.arc,GameData_20\texture_dlc357_2.arc,42210965,78465BE6,1674
share,GameData_20\texture_dlc358_2.arc,GameData_20\texture_dlc358_2.arc,33834979,13781722,1673
share,GameData_20\texture_dlc359_2.arc,GameData_20\texture_dlc359_2.arc,104915998,0608F8F7,1674
share,GameData_20\texture_dlc405_2.arc,GameData_20\texture_dlc405_2.arc,4522596,88C6BA04,1702
share,GameData_20\texture_dlc437_2.arc,GameData_20\texture_dlc437_2.arc,21879700,33F6A0A2,1701
share,GameData_20\texture_dlcdenkigai2016w_2.arc,GameData_20\texture_dlcdenkigai2016w_2.arc,10105332,90868016,1450
share,GameData_20\texture_kissevent2017march.arc,GameData_20\texture_kissevent2017march.arc,281,FF4EEB9B,1522
share,GameData_20\texture_kissevent2017march_2.arc,GameData_20\texture_kissevent2017march_2.arc,79432604,C7DD457A,1631
share,GameData_20\texture_magazine003_2.arc,GameData_20\texture_magazine003_2.arc,56853288,18ADF07A,1696
share,GameData_20\texture_vac001_2.arc,GameData_20\texture_vac001_2.arc,1265168,4979EB36,1673
share,GameData_20\texture_vp001_2.arc,GameData_20\texture_vp001_2.arc,755269,18D5027D,1400
share,GameData_20\texture_yomeido003_2.arc,GameData_20\texture_yomeido003_2.arc,117248,0EE72B42,1240
share,GameData_20\texture_yomeidokanteidan2_godmaid_2.arc,GameData_20\texture_yomeidokanteidan2_godmaid_2.arc,8610,1B1349B1,1673
