0,0,CM3D2VRx64.exe,20615680,65309F10,1301
0,0,CM3D2VRx64_DirectToRift.exe,465408,ED45B3A7,1301
0,0,LICENSE,3453,541AF859,1301
0,0,CM3D2VRx64_Data\globalgamemanagers,1235572,DC4B2024,1301
0,0,CM3D2VRx64_Data\globalgamemanagers.assets,85256,A296E63F,1301
0,0,CM3D2VRx64_Data\level0,181788,219F9C1D,1301
0,0,CM3D2VRx64_Data\level1,199764,747ECED5,1301
0,0,CM3D2VRx64_Data\level10,194444,36321960,1301
0,0,CM3D2VRx64_Data\level11,182340,618A67A5,1301
0,0,CM3D2VRx64_Data\level12,209772,9C261D76,1301
0,0,CM3D2VRx64_Data\level13,182844,4D063CAB,1301
0,0,CM3D2VRx64_Data\level14,564228,70AC6EF2,1301
0,0,CM3D2VRx64_Data\level15,4640,4B2FBC3B,1301
0,0,CM3D2VRx64_Data\level16,184396,3402FA70,1301
0,0,CM3D2VRx64_Data\level17,4640,BD64ED6A,1301
0,0,CM3D2VRx64_Data\level18,196220,FD4C2157,1301
0,0,CM3D2VRx64_Data\level19,267020,4FFFEA16,1301
0,0,CM3D2VRx64_Data\level2,199652,5D613CFF,1301
0,0,CM3D2VRx64_Data\level20,443996,22BF5C10,1301
0,0,CM3D2VRx64_Data\level21,207332,9F8F58CD,1301
0,0,CM3D2VRx64_Data\level22,530388,419DB167,1301
0,0,CM3D2VRx64_Data\level23,258092,26100DC3,1301
0,0,CM3D2VRx64_Data\level24,284364,6CD22444,1301
0,0,CM3D2VRx64_Data\level25,206116,4EE2FB97,1301
0,0,CM3D2VRx64_Data\level26,652852,DF15C717,1301
0,0,CM3D2VRx64_Data\level27,767332,099FBB34,1301
0,0,CM3D2VRx64_Data\level28,512060,F1BCD097,1301
0,0,CM3D2VRx64_Data\level3,420316,D20C335E,1301
0,0,CM3D2VRx64_Data\level4,589828,3E2AB53B,1301
0,0,CM3D2VRx64_Data\level5,630380,339A600D,1301
0,0,CM3D2VRx64_Data\level6,182836,658C0D81,1301
0,0,CM3D2VRx64_Data\level7,356004,F560412A,1301
0,0,CM3D2VRx64_Data\level8,231284,D141F172,1301
0,0,CM3D2VRx64_Data\level9,226908,5B46C694,1301
0,0,CM3D2VRx64_Data\resources.assets,242557460,BFC855B1,1301
0,0,CM3D2VRx64_Data\resources.assets.resS,229221732,9957513C,1301
0,0,CM3D2VRx64_Data\sharedassets0.assets,16452296,B7149FC6,1301
0,0,CM3D2VRx64_Data\sharedassets0.assets.resS,121722544,B9E60AEA,1301
0,0,CM3D2VRx64_Data\sharedassets1.assets,5812,9A439143,1301
0,0,CM3D2VRx64_Data\sharedassets10.assets,5656,DD09DC40,1301
0,0,CM3D2VRx64_Data\sharedassets11.assets,5656,764EDEA4,1301
0,0,CM3D2VRx64_Data\sharedassets12.assets,5680,0939D14A,1301
0,0,CM3D2VRx64_Data\sharedassets13.assets,5680,2A822873,1301
0,0,CM3D2VRx64_Data\sharedassets14.assets,6232,ECBA11A3,1301
0,0,CM3D2VRx64_Data\sharedassets15.assets,4132,81845BF4,1301
0,0,CM3D2VRx64_Data\sharedassets16.assets,5716,44B65AAE,1301
0,0,CM3D2VRx64_Data\sharedassets17.assets,4132,A71220D3,1301
0,0,CM3D2VRx64_Data\sharedassets18.assets,6280,3C6722FD,1301
0,0,CM3D2VRx64_Data\sharedassets19.assets,5680,45BBDF36,1301
0,0,CM3D2VRx64_Data\sharedassets2.assets,5860,89D01837,1301
0,0,CM3D2VRx64_Data\sharedassets20.assets,215176,311D0118,1301
0,0,CM3D2VRx64_Data\sharedassets20.assets.resS,51968,C41BC4E7,1301
0,0,CM3D2VRx64_Data\sharedassets21.assets,5752,671F6609,1301
0,0,CM3D2VRx64_Data\sharedassets22.assets,74056,6CB58B1E,1301
0,0,CM3D2VRx64_Data\sharedassets23.assets,5884,6A9FA132,1301
0,0,CM3D2VRx64_Data\sharedassets24.assets,5764,D87D3B18,1301
0,0,CM3D2VRx64_Data\sharedassets25.assets,5764,347A8CAE,1301
0,0,CM3D2VRx64_Data\sharedassets26.assets,8020,EB445AE4,1301
0,0,CM3D2VRx64_Data\sharedassets27.assets,6220,69D5EB9F,1301
0,0,CM3D2VRx64_Data\sharedassets28.assets,39511600,C459FF7B,1301
0,0,CM3D2VRx64_Data\sharedassets3.assets,6232,4AEB61B1,1301
0,0,CM3D2VRx64_Data\sharedassets4.assets,1310136,0781EB81,1301
0,0,CM3D2VRx64_Data\sharedassets5.assets,6352,58C6822A,1301
0,0,CM3D2VRx64_Data\sharedassets6.assets,5680,BC44908B,1301
0,0,CM3D2VRx64_Data\sharedassets7.assets,5956,74C241C9,1301
0,0,CM3D2VRx64_Data\sharedassets8.assets,5836,07D119C6,1301
0,0,CM3D2VRx64_Data\sharedassets9.assets,6160,FFB0368F,1301
0,0,CM3D2VRx64_Data\Managed\Accessibility.dll,10752,67D4623D,1301
0,0,CM3D2VRx64_Data\Managed\Assembly-CSharp-firstpass.dll,279552,4311F19F,1301
0,0,CM3D2VRx64_Data\Managed\Assembly-CSharp.dll,2236928,44AE2079,1301
0,0,CM3D2VRx64_Data\Managed\Assembly-UnityScript-firstpass.dll,65024,AF898CAB,1301
0,0,CM3D2VRx64_Data\Managed\Boo.Lang.dll,126976,AA8D6FE9,1301
0,0,CM3D2VRx64_Data\Managed\JsonFx.Json.dll,70144,A0F0CFCB,1301
0,0,CM3D2VRx64_Data\Managed\Mono.Data.Tds.dll,96256,45AD281A,1301
0,0,CM3D2VRx64_Data\Managed\Mono.Posix.dll,184320,29648DFE,1301
0,0,CM3D2VRx64_Data\Managed\Mono.Security.dll,294912,47C69D18,1301
0,0,CM3D2VRx64_Data\Managed\Mono.WebBrowser.dll,172032,7C128360,1301
0,0,CM3D2VRx64_Data\Managed\mscorlib.dll,2589696,7FC818D1,1301
0,0,CM3D2VRx64_Data\Managed\System.Configuration.dll,124928,F6B1A6D0,1301
0,0,CM3D2VRx64_Data\Managed\System.Core.dll,299008,53040774,1301
0,0,CM3D2VRx64_Data\Managed\System.Data.dll,856064,84A5413E,1301
0,0,CM3D2VRx64_Data\Managed\System.dll,1678848,CA8E0A02,1301
0,0,CM3D2VRx64_Data\Managed\System.Drawing.Design.dll,29696,E7B53FF9,1301
0,0,CM3D2VRx64_Data\Managed\System.Drawing.dll,448512,C4B2E872,1301
0,0,CM3D2VRx64_Data\Managed\System.EnterpriseServices.dll,46592,F19375E9,1301
0,0,CM3D2VRx64_Data\Managed\System.Security.dll,135168,96C5745E,1301
0,0,CM3D2VRx64_Data\Managed\System.Transactions.dll,27648,B61D2893,1301
0,0,CM3D2VRx64_Data\Managed\System.Windows.Forms.dll,3053568,56394001,1301
0,0,CM3D2VRx64_Data\Managed\System.Xml.dll,1270272,6574B461,1301
0,0,CM3D2VRx64_Data\Managed\System.Xml.Linq.dll,106496,D836EA3D,1301
0,0,CM3D2VRx64_Data\Managed\UnityEngine.dll,968704,D485D834,1301
0,0,CM3D2VRx64_Data\Managed\UnityEngine.dll.mdb,353141,267D11E9,1301
0,0,CM3D2VRx64_Data\Managed\UnityEngine.Networking.dll,230912,C88C6376,1301
0,0,CM3D2VRx64_Data\Managed\UnityEngine.UI.dll,218624,CF89E333,1301
0,0,CM3D2VRx64_Data\Managed\UnityScript.Lang.dll,14336,A603E1B9,1301
0,0,CM3D2VRx64_Data\Mono\mono.dll,2612696,7118EB7A,1301
0,0,CM3D2VRx64_Data\Mono\etc\mono\browscap.ini,311984,CE6C0AB3,1301
0,0,CM3D2VRx64_Data\Mono\etc\mono\config,1691,A635914A,1301
0,0,CM3D2VRx64_Data\Mono\etc\mono\1.0\DefaultWsdlHelpGenerator.aspx,58196,10E814BF,1301
0,0,CM3D2VRx64_Data\Mono\etc\mono\1.0\machine.config,17258,EDE1AC59,1301
0,0,CM3D2VRx64_Data\Mono\etc\mono\2.0\DefaultWsdlHelpGenerator.aspx,60453,F3869A34,1301
0,0,CM3D2VRx64_Data\Mono\etc\mono\2.0\machine.config,27625,73C91C24,1301
0,0,CM3D2VRx64_Data\Mono\etc\mono\2.0\settings.map,2618,A1A3C29F,1301
0,0,CM3D2VRx64_Data\Mono\etc\mono\2.0\web.config,11686,534A9960,1301
0,0,CM3D2VRx64_Data\Mono\etc\mono\2.0\Browsers\Compat.browser,1605,2E178A0B,1301
0,0,CM3D2VRx64_Data\Mono\etc\mono\mconfig\config.xml,25817,80B2033A,1301
0,0,CM3D2VRx64_Data\Plugins\cm3d2_x64.dll,1514496,40A9A5BB,1301
0,0,CM3D2VRx64_Data\Plugins\device_hook.dll,87552,65F0207E,1301
0,0,CM3D2VRx64_Data\Plugins\openvr_api.dll,314688,158B5A3F,1301
0,0,CM3D2VRx64_Data\Plugins\OVRGamepad.dll,12800,2C526135,1301
0,0,CM3D2VRx64_Data\Plugins\OVRPlugin.dll,383400,E360893E,1301
0,0,CM3D2VRx64_Data\Resources\unity default resources,1571476,64CB035D,1301
0,0,CM3D2VRx64_Data\Resources\unity_builtin_extra,130744,E32CD1B3,1301
0,0,GameData\material_vr.arc,6184,D2EAFD73,130
0,0,GameData\menu_vr.arc,3407,D3B43CF5,130
0,0,GameData\model_vr.arc,866449,B84B7620,130
0,0,GameData\paths.dat,1635,5FBF96B5,1301
0,0,GameData\texture_vr.arc,1111256,DF651968,130
