0,0,GameData\csv.arc,4593704,641CF406,1250
0,0,GameData\csv_cbl.arc,730329,13DA5C7E,1250
0,0,GameData\csv_personal_om002plus.arc,2809,3075F15F,1000
0,0,GameData\motion_cbl_omytgc001.arc,39430887,E063544A,1000
0,0,GameData\motion_cbl_omytgc002.arc,34215915,341167EF,1000
0,0,GameData\motion_charaevent001.arc,25341181,5443E7DC,1000
0,0,GameData\motion_charaevent002.arc,30177646,660C87CB,1000
0,0,GameData\motion_charaevent003.arc,30226592,0392F4C7,1000
0,0,GameData\motion_charaevent004.arc,14028537,420FB26B,1000
0,0,GameData\motion_omytgc001.arc,67866085,87E8C29D,1000
0,0,GameData\motion_omytgc002.arc,55834146,B9B4F924,1000
0,0,GameData\motion_personal_om002plus.arc,27897216,8E4194BF,1000
0,0,GameData\parts2.arc,153130611,9C6CDEB8,1250
0,0,GameData\parts_charaevent002.arc,1862968,4E561505,1000
0,0,GameData\parts_omytgc002.arc,1862938,DBC7FAA5,1000
0,0,GameData\paths.dat,4212,9E174F2B,1250
0,0,GameData\script.arc,12097316,7CA292E9,1250
0,0,GameData\script_cbl.arc,5625808,ED4757D1,1250
0,0,GameData\script_cbl_personal_om002plus.arc,102609,13F37607,1000
0,0,GameData\script_personal_om002plus.arc,523516,8D035AA2,1000
0,0,GameData\script_share_karaoke_2.arc,8074,468A97FC,1250
0,0,GameData\system_omytgc001.arc,53087,CCCF099E,1000
0,0,GameData\system_omytgc002.arc,46443,65C8BDED,1000
0,0,GameData\voice_personal_om002plus.arc,208711663,E9599F83,1000