0,0,CM3D2VRx64.exe,20638720,5CA8BF33,1311
0,0,CM3D2VRx64_DirectToRift.exe,465408,ED45B3A7,1311
0,0,LICENSE,3453,541AF859,1311
0,0,CM3D2VRx64_Data\globalgamemanagers,1313980,982B3CC6,1311
0,0,CM3D2VRx64_Data\globalgamemanagers.assets,92240,4B9E6EE2,1311
0,0,CM3D2VRx64_Data\level0,181788,CBD5F3AF,1311
0,0,CM3D2VRx64_Data\level1,199764,DC06C720,1311
0,0,CM3D2VRx64_Data\level10,194444,C9748832,1311
0,0,CM3D2VRx64_Data\level11,182340,BDF6A250,1311
0,0,CM3D2VRx64_Data\level12,209772,5D672C06,1311
0,0,CM3D2VRx64_Data\level13,182844,9E99ED47,1311
0,0,CM3D2VRx64_Data\level14,564228,450CE2B1,1311
0,0,CM3D2VRx64_Data\level15,4640,B16B7145,1311
0,0,CM3D2VRx64_Data\level16,184396,D5A19B1E,1311
0,0,CM3D2VRx64_Data\level17,4640,12C1214A,1311
0,0,CM3D2VRx64_Data\level18,196220,983E63B9,1311
0,0,CM3D2VRx64_Data\level19,267020,D60A3497,1311
0,0,CM3D2VRx64_Data\level2,199652,79BBC2B7,1311
0,0,CM3D2VRx64_Data\level20,443996,F0B981BC,1311
0,0,CM3D2VRx64_Data\level21,207332,B2DA8115,1311
0,0,CM3D2VRx64_Data\level22,530388,8FFB52BA,1311
0,0,CM3D2VRx64_Data\level23,258092,4310E15F,1311
0,0,CM3D2VRx64_Data\level24,284364,BAECF838,1311
0,0,CM3D2VRx64_Data\level25,206116,A035F55C,1311
0,0,CM3D2VRx64_Data\level26,652852,90FFAF1E,1311
0,0,CM3D2VRx64_Data\level27,767332,E6ABEA5F,1311
0,0,CM3D2VRx64_Data\level28,512060,9D0807A4,1311
0,0,CM3D2VRx64_Data\level3,420316,59CE359C,1311
0,0,CM3D2VRx64_Data\level4,589828,3758F752,1311
0,0,CM3D2VRx64_Data\level5,630380,E3291784,1311
0,0,CM3D2VRx64_Data\level6,182836,482D219D,1311
0,0,CM3D2VRx64_Data\level7,356468,1040843A,1311
0,0,CM3D2VRx64_Data\level8,231284,13F3265A,1311
0,0,CM3D2VRx64_Data\level9,226908,5815E9B1,1311
0,0,CM3D2VRx64_Data\resources.assets,246187756,B980EE1D,1311
0,0,CM3D2VRx64_Data\resources.assets.resS,232373652,FC077B29,1311
0,0,CM3D2VRx64_Data\sharedassets0.assets,16452384,A9064EE8,1311
0,0,CM3D2VRx64_Data\sharedassets0.assets.resS,121722544,0DEE3272,1311
0,0,CM3D2VRx64_Data\sharedassets1.assets,5812,5BAEEB2C,1311
0,0,CM3D2VRx64_Data\sharedassets10.assets,5656,31CD8445,1311
0,0,CM3D2VRx64_Data\sharedassets11.assets,5656,93937B23,1311
0,0,CM3D2VRx64_Data\sharedassets12.assets,5680,41843708,1311
0,0,CM3D2VRx64_Data\sharedassets13.assets,5680,AD280234,1311
0,0,CM3D2VRx64_Data\sharedassets14.assets,6232,3DED6231,1311
0,0,CM3D2VRx64_Data\sharedassets15.assets,4132,FA77C875,1311
0,0,CM3D2VRx64_Data\sharedassets16.assets,5716,2DB593A5,1311
0,0,CM3D2VRx64_Data\sharedassets17.assets,4132,05C567D7,1311
0,0,CM3D2VRx64_Data\sharedassets18.assets,6280,28F90802,1311
0,0,CM3D2VRx64_Data\sharedassets19.assets,5680,F177ABF1,1311
0,0,CM3D2VRx64_Data\sharedassets2.assets,5860,96893253,1311
0,0,CM3D2VRx64_Data\sharedassets20.assets,215176,04B59E52,1311
0,0,CM3D2VRx64_Data\sharedassets20.assets.resS,51968,C41BC4E7,1311
0,0,CM3D2VRx64_Data\sharedassets21.assets,5752,D3CDD11B,1311
0,0,CM3D2VRx64_Data\sharedassets22.assets,74056,28C609B2,1311
0,0,CM3D2VRx64_Data\sharedassets23.assets,5884,BD37C7E7,1311
0,0,CM3D2VRx64_Data\sharedassets24.assets,5764,C8A5F6D6,1311
0,0,CM3D2VRx64_Data\sharedassets25.assets,5764,64B8B753,1311
0,0,CM3D2VRx64_Data\sharedassets26.assets,8020,7B366E55,1311
0,0,CM3D2VRx64_Data\sharedassets27.assets,6220,7BA24CB8,1311
0,0,CM3D2VRx64_Data\sharedassets28.assets,39511600,00CBB6C0,1311
0,0,CM3D2VRx64_Data\sharedassets3.assets,6232,59023ED0,1311
0,0,CM3D2VRx64_Data\sharedassets4.assets,1310136,02FFBE4D,1311
0,0,CM3D2VRx64_Data\sharedassets5.assets,6352,DB880640,1311
0,0,CM3D2VRx64_Data\sharedassets6.assets,5680,DA4BC516,1311
0,0,CM3D2VRx64_Data\sharedassets7.assets,5956,D27B8909,1311
0,0,CM3D2VRx64_Data\sharedassets8.assets,5836,BF874554,1311
0,0,CM3D2VRx64_Data\sharedassets9.assets,6160,FC18752F,1311
0,0,CM3D2VRx64_Data\Managed\Accessibility.dll,10752,79DA7388,1311
0,0,CM3D2VRx64_Data\Managed\Assembly-CSharp-firstpass.dll,276480,691CDC4F,1311
0,0,CM3D2VRx64_Data\Managed\Assembly-CSharp.dll,2329088,1CF40CCF,1311
0,0,CM3D2VRx64_Data\Managed\Assembly-UnityScript-firstpass.dll,65024,77F01286,1311
0,0,CM3D2VRx64_Data\Managed\Boo.Lang.dll,126976,8DC882BC,1311
0,0,CM3D2VRx64_Data\Managed\JsonFx.Json.dll,70144,A0F0CFCB,1311
0,0,CM3D2VRx64_Data\Managed\LeapCSharp.NET3.5.dll,96080,CF6AC469,1311
0,0,CM3D2VRx64_Data\Managed\Mono.Data.Tds.dll,96256,4184FFD0,1311
0,0,CM3D2VRx64_Data\Managed\Mono.Posix.dll,184320,04980618,1311
0,0,CM3D2VRx64_Data\Managed\Mono.Security.dll,294912,7284B9A9,1311
0,0,CM3D2VRx64_Data\Managed\Mono.WebBrowser.dll,172032,EBD6E2C4,1311
0,0,CM3D2VRx64_Data\Managed\mscorlib.dll,2589696,CCFBFA76,1311
0,0,CM3D2VRx64_Data\Managed\System.Configuration.dll,124928,CBE6EDED,1311
0,0,CM3D2VRx64_Data\Managed\System.Core.dll,299520,19CE658E,1311
0,0,CM3D2VRx64_Data\Managed\System.Data.dll,856064,64DFC9F7,1311
0,0,CM3D2VRx64_Data\Managed\System.dll,1678848,140BC9DB,1311
0,0,CM3D2VRx64_Data\Managed\System.Drawing.Design.dll,29696,E7B53FF9,1311
0,0,CM3D2VRx64_Data\Managed\System.Drawing.dll,448512,C4B2E872,1311
0,0,CM3D2VRx64_Data\Managed\System.EnterpriseServices.dll,46592,BA6BADFA,1311
0,0,CM3D2VRx64_Data\Managed\System.Security.dll,135168,DEDA560E,1311
0,0,CM3D2VRx64_Data\Managed\System.Transactions.dll,27648,36A7CDA8,1311
0,0,CM3D2VRx64_Data\Managed\System.Windows.Forms.dll,3053568,56394001,1311
0,0,CM3D2VRx64_Data\Managed\System.Xml.dll,1270272,1554166D,1311
0,0,CM3D2VRx64_Data\Managed\System.Xml.Linq.dll,106496,B2E9BAAC,1311
0,0,CM3D2VRx64_Data\Managed\UnityEngine.dll,971776,78D9DFA4,1311
0,0,CM3D2VRx64_Data\Managed\UnityEngine.dll.mdb,353724,9A726F79,1311
0,0,CM3D2VRx64_Data\Managed\UnityEngine.Networking.dll,230912,F045940D,1311
0,0,CM3D2VRx64_Data\Managed\UnityEngine.UI.dll,219136,933D49CC,1311
0,0,CM3D2VRx64_Data\Managed\UnityScript.Lang.dll,14336,0F70112F,1311
0,0,CM3D2VRx64_Data\Mono\mono.dll,2612696,545BCE38,1311
0,0,CM3D2VRx64_Data\Mono\etc\mono\browscap.ini,311984,CE6C0AB3,1311
0,0,CM3D2VRx64_Data\Mono\etc\mono\config,1691,A635914A,1311
0,0,CM3D2VRx64_Data\Mono\etc\mono\1.0\DefaultWsdlHelpGenerator.aspx,58196,10E814BF,1311
0,0,CM3D2VRx64_Data\Mono\etc\mono\1.0\machine.config,17258,EDE1AC59,1311
0,0,CM3D2VRx64_Data\Mono\etc\mono\2.0\DefaultWsdlHelpGenerator.aspx,60453,F3869A34,1311
0,0,CM3D2VRx64_Data\Mono\etc\mono\2.0\machine.config,27625,73C91C24,1311
0,0,CM3D2VRx64_Data\Mono\etc\mono\2.0\settings.map,2618,A1A3C29F,1311
0,0,CM3D2VRx64_Data\Mono\etc\mono\2.0\web.config,11686,534A9960,1311
0,0,CM3D2VRx64_Data\Mono\etc\mono\2.0\Browsers\Compat.browser,1605,2E178A0B,1311
0,0,CM3D2VRx64_Data\Mono\etc\mono\mconfig\config.xml,25817,80B2033A,1311
0,0,CM3D2VRx64_Data\Plugins\cm3d2_x64.dll,1515008,E3BA070E,1311
0,0,CM3D2VRx64_Data\Plugins\device_hook.dll,87552,65F0207E,1311
0,0,CM3D2VRx64_Data\Plugins\LeapC.dll,2516992,FBDD3767,1311
0,0,CM3D2VRx64_Data\Plugins\openvr_api.dll,318272,44432E0F,1311
0,0,CM3D2VRx64_Data\Plugins\OVRGamepad.dll,12800,2C526135,1311
0,0,CM3D2VRx64_Data\Plugins\OVRPlugin.dll,399272,D560055D,1311
0,0,CM3D2VRx64_Data\Resources\unity default resources,1544476,C06C3B45,1311
0,0,CM3D2VRx64_Data\Resources\unity_builtin_extra,130744,73E4F178,1311
0,0,GameData\material_vr.arc,6184,D2EAFD73,130
0,0,GameData\menu_vr.arc,3407,D3B43CF5,130
0,0,GameData\model_vr.arc,866449,B84B7620,130
0,0,GameData\paths.dat,1775,A7C8D802,1310
0,0,GameData\texture_vr.arc,1111256,DF651968,130
