0,0,CM3D2VRx64.exe,20638720,5CA8BF33,1330
0,0,CM3D2VRx64_DirectToRift.exe,465408,ED45B3A7,1330
0,0,LICENSE,3453,541AF859,1330
0,0,CM3D2VRx64_Data\globalgamemanagers,1326076,6A8ED7F8,1330
0,0,CM3D2VRx64_Data\globalgamemanagers.assets,114344,EEB9E32C,1330
0,0,CM3D2VRx64_Data\level0,182420,8C98A95B,1330
0,0,CM3D2VRx64_Data\level1,200396,5CF26D8F,1330
0,0,CM3D2VRx64_Data\level10,195076,2D96DEB3,1330
0,0,CM3D2VRx64_Data\level11,182972,B30557DB,1330
0,0,CM3D2VRx64_Data\level12,210404,157F9C63,1330
0,0,CM3D2VRx64_Data\level13,183476,4D93777F,1330
0,0,CM3D2VRx64_Data\level14,564860,5AAB5079,1330
0,0,CM3D2VRx64_Data\level15,4640,B31A570B,1330
0,0,CM3D2VRx64_Data\level16,185028,276184C6,1330
0,0,CM3D2VRx64_Data\level17,4640,F0198657,1330
0,0,CM3D2VRx64_Data\level18,203148,CA6749C9,1330
0,0,CM3D2VRx64_Data\level19,273036,5AE2AC3C,1330
0,0,CM3D2VRx64_Data\level2,200284,9A0B159D,1330
0,0,CM3D2VRx64_Data\level20,444628,6E0318CF,1330
0,0,CM3D2VRx64_Data\level21,207964,2E00EA0E,1330
0,0,CM3D2VRx64_Data\level22,531020,39C9BAF3,1330
0,0,CM3D2VRx64_Data\level23,258724,24737327,1330
0,0,CM3D2VRx64_Data\level24,284996,BCBDC98E,1330
0,0,CM3D2VRx64_Data\level25,206748,0B963E1A,1330
0,0,CM3D2VRx64_Data\level26,653484,DA2F727A,1330
0,0,CM3D2VRx64_Data\level27,880972,D167BB6B,1330
0,0,CM3D2VRx64_Data\level28,512644,79C5EECB,1330
0,0,CM3D2VRx64_Data\level29,206804,FD8AEB9D,1330
0,0,CM3D2VRx64_Data\level3,420948,C63F4D92,1330
0,0,CM3D2VRx64_Data\level30,605660,B3D0833B,1330
0,0,CM3D2VRx64_Data\level4,590460,692963D7,1330
0,0,CM3D2VRx64_Data\level5,631012,23406540,1330
0,0,CM3D2VRx64_Data\level6,183468,4C24C5FC,1330
0,0,CM3D2VRx64_Data\level7,357100,B214747C,1330
0,0,CM3D2VRx64_Data\level8,231916,A15CF3B3,1330
0,0,CM3D2VRx64_Data\level9,227540,E3EDFE9C,1330
0,0,CM3D2VRx64_Data\resources.assets,243041500,D17AB68F,1330
0,0,CM3D2VRx64_Data\resources.assets.resS,339044584,2F6E5AC9,1330
0,0,CM3D2VRx64_Data\sharedassets0.assets,16482968,EED289C5,1330
0,0,CM3D2VRx64_Data\sharedassets0.assets.resS,121728032,3D69BF0B,1330
0,0,CM3D2VRx64_Data\sharedassets1.assets,5908,490B75A2,1330
0,0,CM3D2VRx64_Data\sharedassets10.assets,5752,2EC6BEDB,1330
0,0,CM3D2VRx64_Data\sharedassets11.assets,5752,4114950E,1330
0,0,CM3D2VRx64_Data\sharedassets12.assets,5776,F4EE1854,1330
0,0,CM3D2VRx64_Data\sharedassets13.assets,5776,1136B406,1330
0,0,CM3D2VRx64_Data\sharedassets14.assets,6328,920AF2CA,1330
0,0,CM3D2VRx64_Data\sharedassets15.assets,4132,076F2D6F,1330
0,0,CM3D2VRx64_Data\sharedassets16.assets,5812,F37D74EB,1330
0,0,CM3D2VRx64_Data\sharedassets17.assets,4132,C43D087C,1330
0,0,CM3D2VRx64_Data\sharedassets18.assets,6532,49138493,1330
0,0,CM3D2VRx64_Data\sharedassets19.assets,5776,A313BD7F,1330
0,0,CM3D2VRx64_Data\sharedassets2.assets,5956,98D2C22B,1330
0,0,CM3D2VRx64_Data\sharedassets20.assets,215272,5AF9C2F9,1330
0,0,CM3D2VRx64_Data\sharedassets20.assets.resS,51968,C41BC4E7,1330
0,0,CM3D2VRx64_Data\sharedassets21.assets,5848,E2691B6C,1330
0,0,CM3D2VRx64_Data\sharedassets22.assets,74152,FDBE9265,1330
0,0,CM3D2VRx64_Data\sharedassets23.assets,5980,E2067E03,1330
0,0,CM3D2VRx64_Data\sharedassets24.assets,5860,20B0AE15,1330
0,0,CM3D2VRx64_Data\sharedassets25.assets,5860,C39CAD6F,1330
0,0,CM3D2VRx64_Data\sharedassets26.assets,8116,6082E4EE,1330
0,0,CM3D2VRx64_Data\sharedassets27.assets,6352,2720536D,1330
0,0,CM3D2VRx64_Data\sharedassets28.assets,8008,999D6F44,1330
0,0,CM3D2VRx64_Data\sharedassets29.assets,5860,A142F8F7,1330
0,0,CM3D2VRx64_Data\sharedassets3.assets,6328,91CA09EF,1330
0,0,CM3D2VRx64_Data\sharedassets30.assets,19168,CA902741,1330
0,0,CM3D2VRx64_Data\sharedassets4.assets,1310208,CE8547E7,1330
0,0,CM3D2VRx64_Data\sharedassets5.assets,6448,3ACC4FCA,1330
0,0,CM3D2VRx64_Data\sharedassets6.assets,5776,66C5A007,1330
0,0,CM3D2VRx64_Data\sharedassets7.assets,6052,D4E53926,1330
0,0,CM3D2VRx64_Data\sharedassets8.assets,5932,1DE801B6,1330
0,0,CM3D2VRx64_Data\sharedassets9.assets,6256,B8FE6085,1330
0,0,CM3D2VRx64_Data\Managed\Accessibility.dll,10752,79DA7388,1330
0,0,CM3D2VRx64_Data\Managed\Assembly-CSharp-firstpass.dll,580608,2B515DA6,1330
0,0,CM3D2VRx64_Data\Managed\Assembly-CSharp.dll,2354176,62388D3A,1330
0,0,CM3D2VRx64_Data\Managed\Assembly-UnityScript-firstpass.dll,65024,75AAEA7B,1330
0,0,CM3D2VRx64_Data\Managed\Boo.Lang.dll,126976,8DC882BC,1330
0,0,CM3D2VRx64_Data\Managed\JsonFx.Json.dll,70144,A0F0CFCB,1330
0,0,CM3D2VRx64_Data\Managed\LeapCSharp.NET3.5.dll,96080,CF6AC469,1330
0,0,CM3D2VRx64_Data\Managed\Mono.Data.Tds.dll,96256,4184FFD0,1330
0,0,CM3D2VRx64_Data\Managed\Mono.Posix.dll,184320,04980618,1330
0,0,CM3D2VRx64_Data\Managed\Mono.Security.dll,294912,7284B9A9,1330
0,0,CM3D2VRx64_Data\Managed\Mono.WebBrowser.dll,172032,EBD6E2C4,1330
0,0,CM3D2VRx64_Data\Managed\mscorlib.dll,2589696,CCFBFA76,1330
0,0,CM3D2VRx64_Data\Managed\System.Configuration.dll,124928,CBE6EDED,1330
0,0,CM3D2VRx64_Data\Managed\System.Core.dll,299520,19CE658E,1330
0,0,CM3D2VRx64_Data\Managed\System.Data.dll,856064,64DFC9F7,1330
0,0,CM3D2VRx64_Data\Managed\System.dll,1678848,140BC9DB,1330
0,0,CM3D2VRx64_Data\Managed\System.Drawing.Design.dll,29696,E7B53FF9,1330
0,0,CM3D2VRx64_Data\Managed\System.Drawing.dll,448512,C4B2E872,1330
0,0,CM3D2VRx64_Data\Managed\System.EnterpriseServices.dll,46592,BA6BADFA,1330
0,0,CM3D2VRx64_Data\Managed\System.Security.dll,135168,DEDA560E,1330
0,0,CM3D2VRx64_Data\Managed\System.Transactions.dll,27648,36A7CDA8,1330
0,0,CM3D2VRx64_Data\Managed\System.Windows.Forms.dll,3053568,56394001,1330
0,0,CM3D2VRx64_Data\Managed\System.Xml.dll,1270272,1554166D,1330
0,0,CM3D2VRx64_Data\Managed\System.Xml.Linq.dll,106496,B2E9BAAC,1330
0,0,CM3D2VRx64_Data\Managed\UnityEngine.dll,971776,78D9DFA4,1330
0,0,CM3D2VRx64_Data\Managed\UnityEngine.dll.mdb,353724,9A726F79,1330
0,0,CM3D2VRx64_Data\Managed\UnityEngine.Networking.dll,230912,F045940D,1330
0,0,CM3D2VRx64_Data\Managed\UnityEngine.UI.dll,219136,933D49CC,1330
0,0,CM3D2VRx64_Data\Managed\UnityScript.Lang.dll,14336,0F70112F,1330
0,0,CM3D2VRx64_Data\Mono\mono.dll,2612696,545BCE38,1330
0,0,CM3D2VRx64_Data\Mono\etc\mono\browscap.ini,311984,CE6C0AB3,1330
0,0,CM3D2VRx64_Data\Mono\etc\mono\config,1691,A635914A,1330
0,0,CM3D2VRx64_Data\Mono\etc\mono\1.0\DefaultWsdlHelpGenerator.aspx,58196,10E814BF,1330
0,0,CM3D2VRx64_Data\Mono\etc\mono\1.0\machine.config,17258,EDE1AC59,1330
0,0,CM3D2VRx64_Data\Mono\etc\mono\2.0\DefaultWsdlHelpGenerator.aspx,60453,F3869A34,1330
0,0,CM3D2VRx64_Data\Mono\etc\mono\2.0\machine.config,27625,73C91C24,1330
0,0,CM3D2VRx64_Data\Mono\etc\mono\2.0\settings.map,2618,A1A3C29F,1330
0,0,CM3D2VRx64_Data\Mono\etc\mono\2.0\web.config,11686,534A9960,1330
0,0,CM3D2VRx64_Data\Mono\etc\mono\2.0\Browsers\Compat.browser,1605,2E178A0B,1330
0,0,CM3D2VRx64_Data\Mono\etc\mono\mconfig\config.xml,25817,80B2033A,1330
0,0,CM3D2VRx64_Data\Plugins\cm3d2_x64.dll,1516032,D01D1619,1330
0,0,CM3D2VRx64_Data\Plugins\device_hook.dll,114688,21D72F31,1330
0,0,CM3D2VRx64_Data\Plugins\LeapC.dll,2516992,FBDD3767,1330
0,0,CM3D2VRx64_Data\Plugins\openvr_api.dll,318272,44432E0F,1330
0,0,CM3D2VRx64_Data\Plugins\OVRGamepad.dll,12800,2C526135,1330
0,0,CM3D2VRx64_Data\Plugins\OVRPlugin.dll,399272,D560055D,1330
0,0,CM3D2VRx64_Data\Resources\unity default resources,1544476,C06C3B45,1330
0,0,CM3D2VRx64_Data\Resources\unity_builtin_extra,130744,73E4F178,1330
0,0,GameData\material_vr.arc,6184,D2EAFD73,130
0,0,GameData\menu_vr.arc,3407,D3B43CF5,130
0,0,GameData\model_vr.arc,866449,B84B7620,130
0,0,GameData\paths.dat,1775,A7C8D802,1310
0,0,GameData\texture_vr.arc,1111256,DF651968,130
