0,0,CM3D2.exe,7793664,D44E2FA5,1007
0,0,CM3D2x64.exe,20649984,6EFB2A0D,148
0,0,LICENSE,19099,328E95A1,1480
0,0,CM3D2x64_Data\globalgamemanagers,1730684,C2A5D1B0,1480
0,0,CM3D2x64_Data\globalgamemanagers.assets,139300,6A17F769,1480
0,0,CM3D2x64_Data\level0,189268,0DEE5F1E,1480
0,0,CM3D2x64_Data\level1,207260,B3327AFB,1480
0,0,CM3D2x64_Data\level10,201940,56131ABB,1480
0,0,CM3D2x64_Data\level11,189820,B2A0B5AD,1480
0,0,CM3D2x64_Data\level12,217268,CBB02B56,1480
0,0,CM3D2x64_Data\level13,190852,18D6C30E,1480
0,0,CM3D2x64_Data\level14,571772,036C75B7,1480
0,0,CM3D2x64_Data\level15,4640,567CFBD6,1480
0,0,CM3D2x64_Data\level16,191892,F6E8C2DC,1480
0,0,CM3D2x64_Data\level17,4640,5C40EA4E,1480
0,0,CM3D2x64_Data\level18,210012,51C11FD4,1480
0,0,CM3D2x64_Data\level19,304580,621287BA,1480
0,0,CM3D2x64_Data\level2,207148,3337D287,1480
0,0,CM3D2x64_Data\level20,451476,2C5121CB,1480
0,0,CM3D2x64_Data\level21,215412,3761745E,1480
0,0,CM3D2x64_Data\level22,537884,A158C157,1480
0,0,CM3D2x64_Data\level23,275388,BA054065,1480
0,0,CM3D2x64_Data\level24,310724,C0640A5A,1480
0,0,CM3D2x64_Data\level25,213628,EFA8631B,1480
0,0,CM3D2x64_Data\level26,660332,EF3EDA86,1480
0,0,CM3D2x64_Data\level27,1328908,8317BFCC,1480
0,0,CM3D2x64_Data\level28,519540,83BC0F13,1480
0,0,CM3D2x64_Data\level29,213684,E5567AF3,1480
0,0,CM3D2x64_Data\level3,429868,26EEE86B,1480
0,0,CM3D2x64_Data\level30,612524,AAAD887F,1480
0,0,CM3D2x64_Data\level31,843732,244B0E31,1480
0,0,CM3D2x64_Data\level32,704676,2EAC6D4E,1480
0,0,CM3D2x64_Data\level33,205580,9A90F0D8,1480
0,0,CM3D2x64_Data\level34,551836,BBC04FCF,1480
0,0,CM3D2x64_Data\level35,826892,B68C97BB,1480
0,0,CM3D2x64_Data\level36,545004,AC301103,1480
0,0,CM3D2x64_Data\level4,597308,B94B75F5,1480
0,0,CM3D2x64_Data\level5,620380,D64D16C9,1480
0,0,CM3D2x64_Data\level6,190316,503B46F5,1480
0,0,CM3D2x64_Data\level7,363868,83DDC15C,1480
0,0,CM3D2x64_Data\level8,238812,DDA13B35,1480
0,0,CM3D2x64_Data\level9,234388,C49B511F,1480
0,0,CM3D2x64_Data\resources.assets,259188220,4BC2C068,1480
0,0,CM3D2x64_Data\resources.assets.resS,471321600,00115E8A,1480
0,0,CM3D2x64_Data\sharedassets0.assets,16483040,EE72FE2D,1480
0,0,CM3D2x64_Data\sharedassets0.assets.resS,121728032,217CBB40,1480
0,0,CM3D2x64_Data\sharedassets1.assets,5920,66F57759,1480
0,0,CM3D2x64_Data\sharedassets10.assets,5764,78547EFA,1480
0,0,CM3D2x64_Data\sharedassets11.assets,5764,9C15DFA3,1480
0,0,CM3D2x64_Data\sharedassets12.assets,5788,B9CE9111,1480
0,0,CM3D2x64_Data\sharedassets13.assets,5812,497CB30E,1480
0,0,CM3D2x64_Data\sharedassets14.assets,6340,09AC09D4,1480
0,0,CM3D2x64_Data\sharedassets15.assets,4132,8307351F,1480
0,0,CM3D2x64_Data\sharedassets16.assets,5824,EA96F02B,1480
0,0,CM3D2x64_Data\sharedassets17.assets,4132,82AB44D8,1480
0,0,CM3D2x64_Data\sharedassets18.assets,6544,05030175,1480
0,0,CM3D2x64_Data\sharedassets19.assets,5788,CCEB05D2,1480
0,0,CM3D2x64_Data\sharedassets2.assets,5968,C45C22E5,1480
0,0,CM3D2x64_Data\sharedassets20.assets,215280,CA310E84,1480
0,0,CM3D2x64_Data\sharedassets20.assets.resS,51968,C41BC4E7,1480
0,0,CM3D2x64_Data\sharedassets21.assets,5860,232266AB,1480
0,0,CM3D2x64_Data\sharedassets22.assets,74160,F437B44F,1480
0,0,CM3D2x64_Data\sharedassets23.assets,6004,33178D94,1480
0,0,CM3D2x64_Data\sharedassets24.assets,5884,C9BB857B,1480
0,0,CM3D2x64_Data\sharedassets25.assets,5872,D0896C22,1480
0,0,CM3D2x64_Data\sharedassets26.assets,8128,8DF08A1E,1480
0,0,CM3D2x64_Data\sharedassets27.assets,6580,01B69793,1480
0,0,CM3D2x64_Data\sharedassets28.assets,39511712,686EE882,1480
0,0,CM3D2x64_Data\sharedassets29.assets,5872,A630E4B0,1480
0,0,CM3D2x64_Data\sharedassets3.assets,6340,974226C2,1480
0,0,CM3D2x64_Data\sharedassets30.assets,67700952,11796553,1480
0,0,CM3D2x64_Data\sharedassets31.assets,67690184,293FE7E1,1480
0,0,CM3D2x64_Data\sharedassets32.assets,47233820,3D837581,1480
0,0,CM3D2x64_Data\sharedassets32.resource,3813344,7B95E5D4,1480
0,0,CM3D2x64_Data\sharedassets33.assets,5788,7207B730,1480
0,0,CM3D2x64_Data\sharedassets34.assets,80174972,D17EE9A6,1480
0,0,CM3D2x64_Data\sharedassets35.assets,84139364,A2EAA9D6,1480
0,0,CM3D2x64_Data\sharedassets36.assets,48988468,B288C2A9,1480
0,0,CM3D2x64_Data\sharedassets4.assets,1310240,DAB62774,1480
0,0,CM3D2x64_Data\sharedassets5.assets,6448,A8B1230E,1480
0,0,CM3D2x64_Data\sharedassets6.assets,5788,382021E4,1480
0,0,CM3D2x64_Data\sharedassets7.assets,6064,3B3489AB,1480
0,0,CM3D2x64_Data\sharedassets8.assets,5944,4B69D93F,1480
0,0,CM3D2x64_Data\sharedassets9.assets,6268,04A7F2FC,1480
0,0,CM3D2x64_Data\Managed\Accessibility.dll,10752,594EE943,1480
0,0,CM3D2x64_Data\Managed\Assembly-CSharp-firstpass.dll,631808,7C36782A,1480
0,0,CM3D2x64_Data\Managed\Assembly-CSharp.dll,2405888,B4704212,1480
0,0,CM3D2x64_Data\Managed\Assembly-UnityScript-firstpass.dll,65024,66AA60E0,1480
0,0,CM3D2x64_Data\Managed\Boo.Lang.dll,126976,9ADD3789,1480
0,0,CM3D2x64_Data\Managed\Ionic.Zlib.dll,102400,7C9E7DD2,1480
0,0,CM3D2x64_Data\Managed\JsonFx.Json.dll,70144,A0F0CFCB,1480
0,0,CM3D2x64_Data\Managed\Mono.Data.Tds.dll,96256,DDA7BAB7,1480
0,0,CM3D2x64_Data\Managed\Mono.Posix.dll,184320,C7063ABB,1480
0,0,CM3D2x64_Data\Managed\Mono.Security.dll,294912,8C7E67B3,1480
0,0,CM3D2x64_Data\Managed\Mono.WebBrowser.dll,172032,541986C3,1480
0,0,CM3D2x64_Data\Managed\mscorlib.dll,2589696,AFA570E5,1480
0,0,CM3D2x64_Data\Managed\System.Configuration.dll,124928,D5F2A804,1480
0,0,CM3D2x64_Data\Managed\System.Core.dll,297472,BCE2218F,1480
0,0,CM3D2x64_Data\Managed\System.Data.dll,856064,F1D38D2E,1480
0,0,CM3D2x64_Data\Managed\System.dll,1679360,288F722A,1480
0,0,CM3D2x64_Data\Managed\System.Drawing.Design.dll,29696,E7B53FF9,1480
0,0,CM3D2x64_Data\Managed\System.Drawing.dll,448512,C4B2E872,1480
0,0,CM3D2x64_Data\Managed\System.EnterpriseServices.dll,46592,75A19B93,1480
0,0,CM3D2x64_Data\Managed\System.Security.dll,135168,365C74A7,1480
0,0,CM3D2x64_Data\Managed\System.Transactions.dll,27648,203D65C1,1480
0,0,CM3D2x64_Data\Managed\System.Windows.Forms.dll,3053568,56394001,1480
0,0,CM3D2x64_Data\Managed\System.Xml.dll,1270272,9B79033F,1480
0,0,CM3D2x64_Data\Managed\System.Xml.Linq.dll,106496,B3ACF139,1480
0,0,CM3D2x64_Data\Managed\UnityEngine.dll,972800,B3EB425F,1480
0,0,CM3D2x64_Data\Managed\UnityEngine.dll.mdb,353934,02424F6C,1480
0,0,CM3D2x64_Data\Managed\UnityEngine.Networking.dll,230912,EBC88F56,1480
0,0,CM3D2x64_Data\Managed\UnityEngine.UI.dll,219136,8E43BC11,1480
0,0,CM3D2x64_Data\Managed\UnityScript.Lang.dll,14336,13EE284D,1480
0,0,CM3D2x64_Data\Managed\zxing.unity.dll,430592,9FD1F198,1480
0,0,CM3D2x64_Data\Mono\mono.dll,2612696,2A5A1006,1480
0,0,CM3D2x64_Data\Mono\etc\mono\browscap.ini,311984,CE6C0AB3,1480
0,0,CM3D2x64_Data\Mono\etc\mono\config,1691,A635914A,1480
0,0,CM3D2x64_Data\Mono\etc\mono\1.0\DefaultWsdlHelpGenerator.aspx,58196,10E814BF,1480
0,0,CM3D2x64_Data\Mono\etc\mono\1.0\machine.config,17258,EDE1AC59,1480
0,0,CM3D2x64_Data\Mono\etc\mono\2.0\DefaultWsdlHelpGenerator.aspx,60453,F3869A34,1480
0,0,CM3D2x64_Data\Mono\etc\mono\2.0\machine.config,27625,73C91C24,1480
0,0,CM3D2x64_Data\Mono\etc\mono\2.0\settings.map,2618,A1A3C29F,1480
0,0,CM3D2x64_Data\Mono\etc\mono\2.0\web.config,11686,534A9960,1480
0,0,CM3D2x64_Data\Mono\etc\mono\2.0\Browsers\Compat.browser,1605,2E178A0B,1480
0,0,CM3D2x64_Data\Mono\etc\mono\mconfig\config.xml,25817,80B2033A,1480
0,0,CM3D2x64_Data\Plugins\AVProVideo.dll,813056,60B54FA5,1480
0,0,CM3D2x64_Data\Plugins\cm3d2_x64.dll,1545216,024E0542,1480
0,0,CM3D2x64_Data\Plugins\device_hook.dll,393216,D1A0EF4C,1480
0,0,CM3D2x64_Data\Resources\unity default resources,1544700,7137E221,1480
0,0,CM3D2x64_Data\Resources\unity_builtin_extra,142196,DF9A5755,1480
0,0,GameData\script.arc,14163772,F4B958ED,1480
0,0,GameData\script_addpose001.arc,1194,9F2EDF3C,1220
0,0,GameData\script_cos002_2.arc,72002,5BAAF903,1330
0,0,GameData\script_cos005_2.arc,1698,FDA1E978,1380
0,0,GameData\script_denkigai2015w_2.arc,41666,24C0863D,1480
0,0,GameData\script_denkigai2015wPants_2.arc,12658,57896547,1220
0,0,GameData\script_denkigai2016s_2.arc,135147,6150004D,1370
0,0,GameData\script_magazine001_2.arc,59602,D547478D,1400
0,0,GameData\script_personal001_2.arc,2685545,BF6651C6,1460
0,0,GameData\script_personal002_2.arc,120680,200F453C,1480
0,0,GameData\script_personal003_2.arc,879365,271BF2C1,1480
0,0,GameData\script_pp001_2.arc,186284,61AF2780,1400
0,0,GameData\script_pp002_2.arc,119879,43132B30,1480
0,0,GameData\script_pp003_2.arc,235646,1A1FC302,1480
0,0,GameData\script_ytgc005_2.arc,18898,11456C1A,1340
0,0,GameData\script_ytgc006_2.arc,218689,B2CF5373,1340
0,0,GameData\script_ytgc008_2.arc,134059,62EAF572,1400
0,0,GameData\script_ytgc009_2.arc,288434,D9537E37,1400
0,0,GameData\script_ytgc010_2.arc,21714,43E60670,1433
0,0,GameData\script_xmas2016_2.arc,4338,7FAFBB83,1433
0,0,GameData\motion2.arc,98408507,C0F869B2,1474
0,0,GameData\motion_addpose001.arc,902194,517CF6C8,1220
0,0,GameData\motion_pp001_2.arc,615858,0E432519,1220
0,0,GameData\motion_pp002_2.arc,57428957,EF952E37,1360
0,0,GameData\motion_vp001_2.arc,141579,7857F9CD,1160
0,0,GameData\voice3.arc,101849461,061F0890,1250
0,0,manual\data\004.png,699424,54A4DC50,1010
0,0,manual\data\007.png,453984,97E623F5,1010
0,0,manual\data\008.png,553674,7B23C3DF,1010
0,0,manual\data\013.png,673884,992CEEC5,1010
0,0,Preset\1_junshin.preset,43021,0D00795A,1010
0,0,Preset\2_coodere.preset,43516,E9EBB0F2,1010
0,0,Preset\3_tsundere.preset,48900,D0EF8B9E,1010
0,0,Preset\4_default.preset,43697,C5E392BE,1010
0,0,Preset\5_pretty_junshin.preset,40739,D9262BEF,1010
0,0,Preset\6_pretty_coodere.preset,39554,E54D5766,1010
0,0,Preset\7_pretty_tsundere.preset,38235,CA8437BB,1010
share,GameData\patch\bg_pp001_2.arc,GameData\bg_pp001_2.arc,1237157,C9D912F7,1220
share,GameData\patch\csv.arc,GameData\csv.arc,3036013,A93BE434,1480
share,GameData\patch\csv_addpose001.arc,GameData\csv_addpose001.arc,1235,D06FCA6D,1220
share,GameData\patch\csv_pp001_2.arc,GameData\csv_pp001_2.arc,10034,29181748,1370
share,GameData\patch\csv_pp002_2.arc,GameData\csv_pp002_2.arc,450,65BCF215,1462
share,GameData\patch\csv_urayome001_2.arc,GameData\csv_urayome001_2.arc,1714,1D92B577,1401
share,GameData\patch\csv_vp001_2.arc,GameData\csv_vp001_2.arc,2082,25E58CEB,1160
share,GameData\patch\material2.arc,GameData\material2.arc,214082,9A3968AB,1460
share,GameData\patch\material_denkigai2015s003_2.arc,GameData\material_denkigai2015s003_2.arc,7106,0C82D791,1150
share,GameData\patch\material_denkigai2015wTowelR.arc,GameData\material_denkigai2015wTowelR.arc,1602,618192B9,1360
share,GameData\patch\material_dlc055_2.arc,GameData\material_dlc055_2.arc,5282,11A93109,1280
share,GameData\patch\material_dlsite_2.arc,GameData\material_dlsite_2.arc,1762,C5A837EA,1150
share,GameData\patch\material_shop001_2.arc,GameData\material_shop001_2.arc,1762,D98CED1C,1150
share,GameData\patch\material_shop002_2.arc,GameData\material_shop002_2.arc,1762,956BB00E,1150
share,GameData\patch\material_shop003_2.arc,GameData\material_shop003_2.arc,1762,38CEBFF2,1150
share,GameData\patch\material_shop005_2.arc,GameData\material_shop005_2.arc,1714,3E621A32,1150
share,GameData\patch\material_shop007_2.arc,GameData\material_shop007_2.arc,2578,C8CE627C,1150
share,GameData\patch\material_vp001_2.arc,GameData\material_vp001_2.arc,11890,8CB043B0,1400
share,GameData\patch\material_yomeido003_2.arc,GameData\material_yomeido003_2.arc,1522,0689A7AC,1240
share,GameData\patch\menu2.arc,GameData\menu2.arc,230858,41CD9F15,1460
share,GameData\patch\menu_denkigai2015s001_2.arc,GameData\menu_denkigai2015s001_2.arc,6594,8B3E849F,1160
share,GameData\patch\menu_denkigai2015s003_2.arc,GameData\menu_denkigai2015s003_2.arc,4338,D294CE88,1150
share,GameData\patch\menu_denkigai2015wTowelR.arc,GameData\menu_denkigai2015wTowelR.arc,1282,CECEE1FC,1360
share,GameData\patch\menu_denkigai2016s_2.arc,GameData\menu_denkigai2016s_2.arc,1346,4A9440B1,1351
share,GameData\patch\menu_denkigai2016w_2.arc,GameData\menu_denkigai2016w_2.arc,15154,C8D64D3B,1450
share,GameData\patch\menu_dlcdenkigai2016w_2.arc,GameData\menu_dlcdenkigai2016w_2.arc,13522,45E7F667,1450
share,GameData\patch\menu_dlc026_2.arc,GameData\menu_dlc026_2.arc,3778,69453D54,1190
share,GameData\patch\menu_dlc028_2.arc,GameData\menu_dlc028_2.arc,3874,DE3F1C31,1200
share,GameData\patch\menu_dlc041_2.arc,GameData\menu_dlc041_2.arc,6786,97F738D3,1380
share,GameData\patch\menu_dlc042_2.arc,GameData\menu_dlc042_2.arc,1154,EE4016C0,1440
share,GameData\patch\menu_dlc061_2.arc,GameData\menu_dlc061_2.arc,3810,F99C1D4E,1290
share,GameData\patch\menu_dlc065_2.arc,GameData\menu_dlc065_2.arc,7602,D9387834,1380
share,GameData\patch\menu_dlc074_2.arc,GameData\menu_dlc074_2.arc,5618,24C559D7,1312
share,GameData\patch\menu_dlc100_2.arc,GameData\menu_dlc100_2.arc,1250,DFF94E9A,1400
share,GameData\patch\menu_dlsite_2.arc,GameData\menu_dlsite_2.arc,1954,B2268BA7,1150
share,GameData\patch\menu_magazine002_2.arc,GameData\menu_magazine002_2.arc,12498,691C1126,1471
share,GameData\patch\menu_personal002_2.arc,GameData\menu_personal002_2.arc,1282,5687650C,1310
share,GameData\patch\menu_shop001_2.arc,GameData\menu_shop001_2.arc,3314,35207C87,1150
share,GameData\patch\menu_shop005_2.arc,GameData\menu_shop005_2.arc,1378,0C9AF725,1150
share,GameData\patch\menu_vp001_2.arc,GameData\menu_vp001_2.arc,19138,7C7AFD9C,1400
share,GameData\patch\menu_yomeido003_2.arc,GameData\menu_yomeido003_2.arc,1234,4D6F619D,1240
share,GameData\patch\menu_yomeidogp_wedding_2.arc,GameData\menu_yomeidogp_wedding_2.arc,3954,C251B12C,1320
share,GameData\patch\model2.arc,GameData\model2.arc,12337467,EC8FFA97,1460
share,GameData\patch\model_denkigai2015s003_2.arc,GameData\model_denkigai2015s003_2.arc,394665,41A48185,1150
share,GameData\patch\model_denkigai2015wTowelR.arc,GameData\model_denkigai2015wTowelR.arc,38258,FB570A24,1360
share,GameData\patch\model_dlc005_2.arc,GameData\model_dlc005_2.arc,175424,F7DD7D82,1270
share,GameData\patch\model_dlc046_2.arc,GameData\model_dlc046_2.arc,155690,83B34173,1220
share,GameData\patch\model_dlc073_2.arc,GameData\model_dlc073_2.arc,267037,47D33A06,1320
share,GameData\patch\model_dlc100_2.arc,GameData\model_dlc100_2.arc,691347,7C3D679D,1400
share,GameData\patch\model_dlc109_2.arc,GameData\model_dlc109_2.arc,137998,8FCCF513,1460
share,GameData\patch\model_dlsite_2.arc,GameData\model_dlsite_2.arc,197173,24366C43,1150
share,GameData\patch\model_shop001_2.arc,GameData\model_shop001_2.arc,115215,9C941FAF,1150
share,GameData\patch\model_shop002_2.arc,GameData\model_shop002_2.arc,251253,743C3D97,1150
share,GameData\patch\model_shop003_2.arc,GameData\model_shop003_2.arc,185433,A15EC70A,1150
share,GameData\patch\model_shop005_2.arc,GameData\model_shop005_2.arc,150103,FB5341FA,1150
share,GameData\patch\model_shop007_2.arc,GameData\model_shop007_2.arc,288759,80615CBD,1150
share,GameData\patch\model_vp001_2.arc,GameData\model_vp001_2.arc,647957,D68B5D2F,1400
share,GameData\patch\paths.dat,GameData\paths.dat,3896,7109D09B,1480
share,GameData\patch\prioritymaterial.arc,GameData\prioritymaterial.arc,161521,5D02CB6D,1480
share,GameData\patch\sound2.arc,GameData\sound2.arc,12751124,1A86F4BF,1480
share,GameData\patch\texture3.arc,GameData\texture3.arc,10035227,7C463DAB,1460
share,GameData\patch\texture_addpose001.arc,GameData\texture_addpose001.arc,23943,1D529A44,1220
share,GameData\patch\texture_denkigai2015wTowelR.arc,GameData\texture_denkigai2015wTowelR.arc,133065,FE4BDC34,1360
share,GameData\patch\texture_denkigai2016w_2.arc,GameData\texture_denkigai2016w_2.arc,10105247,3B4641C3,1450
share,GameData\patch\texture_dlcdenkigai2016w_2.arc,GameData\texture_dlcdenkigai2016w_2.arc,10105332,90868016,1450
share,GameData\patch\texture_dlc004_2.arc,GameData\texture_dlc004_2.arc,4805734,C8E5CFB4,1200
share,GameData\patch\texture_dlc046_2.arc,GameData\texture_dlc046_2.arc,596960,FC606BA5,1220
share,GameData\patch\texture_vp001_2.arc,GameData\texture_vp001_2.arc,755269,18D5027D,1400
share,GameData\patch\texture_yomeido003_2.arc,GameData\texture_yomeido003_2.arc,117248,0EE72B42,1240
share,PhotoModeData\Mod\Motion\readme.txt,PhotoModeData\Mod\Motion\readme.txt,146,3BF5AF4D,1220
share,Preset\8_ren_1_yosiko.preset,Preset\8_ren_1_yosiko.preset,55432,D54FD70C,1220
share,Preset\8_ren_2_ayumi.preset,Preset\8_ren_2_ayumi.preset,51097,3C44F9DB,1220
share,Preset\8_ren_3_sakura.preset,Preset\8_ren_3_sakura.preset,52635,33F54D90,1220
share,Preset\8_ren_4_ai.preset,Preset\8_ren_4_ai.preset,46819,9B6E5960,1220
