0,0,COM3D2OHx64_Data\Managed\Accessibility.dll,10752,5CB31E4E,1530
0,0,COM3D2OHx64_Data\Managed\Assembly-CSharp.dll,5531648,4B94CF0F,1531
0,0,COM3D2OHx64_Data\Managed\Assembly-CSharp-firstpass.dll,791040,EE9DBFED,1530
0,0,COM3D2OHx64_Data\Managed\Assembly-UnityScript-firstpass.dll,65024,877141AF,1530
0,0,COM3D2OHx64_Data\Managed\Boo.Lang.dll,126976,28383F70,1530
0,0,COM3D2OHx64_Data\Managed\BouncyCastle.Crypto.dll,2236416,5A4C4F07,1530
0,0,COM3D2OHx64_Data\Managed\FoveUnityPlugin.dll,28672,A6EA882B,1530
0,0,COM3D2OHx64_Data\Managed\ICSharpCode.SharpZipLib.dll,200704,D3160A1C,1530
0,0,COM3D2OHx64_Data\Managed\Ionic.Zlib.dll,102400,7C9E7DD2,1530
0,0,COM3D2OHx64_Data\Managed\JsonFx.Json.dll,70144,A0F0CFCB,1530
0,0,COM3D2OHx64_Data\Managed\LeapCSharp.NET3.5.dll,82432,38E38212,1530
0,0,COM3D2OHx64_Data\Managed\Mono.Data.Tds.dll,96256,2965324B,1530
0,0,COM3D2OHx64_Data\Managed\Mono.Posix.dll,184320,0CE35BE3,1530
0,0,COM3D2OHx64_Data\Managed\Mono.Security.dll,294912,66EB9979,1530
0,0,COM3D2OHx64_Data\Managed\Mono.WebBrowser.dll,172032,137B736F,1530
0,0,COM3D2OHx64_Data\Managed\mscorlib.dll,2590208,5166389B,1530
0,0,COM3D2OHx64_Data\Managed\Newtonsoft.Json.dll,494592,5C881B73,1530
0,0,COM3D2OHx64_Data\Managed\System.Configuration.dll,124928,72952344,1530
0,0,COM3D2OHx64_Data\Managed\System.Core.dll,297472,9E3EE5D7,1530
0,0,COM3D2OHx64_Data\Managed\System.Data.dll,856064,DDDB80CD,1530
0,0,COM3D2OHx64_Data\Managed\System.dll,1679360,13922617,1530
0,0,COM3D2OHx64_Data\Managed\System.Drawing.Design.dll,29696,E7B53FF9,1530
0,0,COM3D2OHx64_Data\Managed\System.Drawing.dll,448512,C4B2E872,1530
0,0,COM3D2OHx64_Data\Managed\System.EnterpriseServices.dll,46592,2C72A9FE,1530
0,0,COM3D2OHx64_Data\Managed\System.Security.dll,135168,1CE94C57,1530
0,0,COM3D2OHx64_Data\Managed\System.Transactions.dll,27648,45299FCF,1530
0,0,COM3D2OHx64_Data\Managed\System.Windows.Forms.dll,3053568,56394001,1530
0,0,COM3D2OHx64_Data\Managed\System.Xml.dll,1270272,4581A35B,1530
0,0,COM3D2OHx64_Data\Managed\System.Xml.Linq.dll,106496,E844371C,1530
0,0,COM3D2OHx64_Data\Managed\UnityEngine.dll,1393152,2C35388C,1530
0,0,COM3D2OHx64_Data\Managed\UnityEngine.dll.mdb,449828,8610375E,1530
0,0,COM3D2OHx64_Data\Managed\UnityEngine.Networking.dll,253952,2BDF701F,1530
0,0,COM3D2OHx64_Data\Managed\UnityEngine.UI.dll,245760,FA552B2D,1530
0,0,COM3D2OHx64_Data\Managed\UnityEngine.VR.dll,3072,A4582CD6,1530
0,0,COM3D2OHx64_Data\Managed\UnityScript.Lang.dll,13824,0DA8F681,1530
0,0,COM3D2OHx64_Data\Managed\Win32.dll,13312,7781C2A2,1530
0,0,COM3D2OHx64_Data\Managed\zxing.unity.dll,430592,9FD1F198,1530
0,0,COM3D2OHx64_Data\Mono\etc\mono\1.0\DefaultWsdlHelpGenerator.aspx,58196,10E814BF,1530
0,0,COM3D2OHx64_Data\Mono\etc\mono\1.0\machine.config,17258,EDE1AC59,1530
0,0,COM3D2OHx64_Data\Mono\etc\mono\2.0\Browsers\Compat.browser,1605,2E178A0B,1530
0,0,COM3D2OHx64_Data\Mono\etc\mono\2.0\DefaultWsdlHelpGenerator.aspx,60453,F3869A34,1530
0,0,COM3D2OHx64_Data\Mono\etc\mono\2.0\machine.config,27625,73C91C24,1530
0,0,COM3D2OHx64_Data\Mono\etc\mono\2.0\settings.map,2618,A1A3C29F,1530
0,0,COM3D2OHx64_Data\Mono\etc\mono\2.0\web.config,11686,534A9960,1530
0,0,COM3D2OHx64_Data\Mono\etc\mono\mconfig\config.xml,25817,80B2033A,1530
0,0,COM3D2OHx64_Data\Mono\etc\mono\browscap.ini,311984,CE6C0AB3,1530
0,0,COM3D2OHx64_Data\Mono\etc\mono\config,1691,A635914A,1530
0,0,COM3D2OHx64_Data\Mono\mono.dll,2618816,0BEA8C0F,1530
0,0,COM3D2OHx64_Data\Mono\MonoPosixHelper.dll,113664,9B5E1E4D,1530
0,0,COM3D2OHx64_Data\Plugins\assimp.dll,4388864,7C910D84,1530
0,0,COM3D2OHx64_Data\Plugins\Audio360.dll,1499136,2D77400A,1530
0,0,COM3D2OHx64_Data\Plugins\AVProVideo.dll,891392,A3612D4B,1530
0,0,COM3D2OHx64_Data\Plugins\clothpp.dll,112128,7C3264A4,1530
0,0,COM3D2OHx64_Data\Plugins\cm3d2.dll,2082304,3263084E,1530
0,0,COM3D2OHx64_Data\Plugins\device_hook.dll,738816,F61E7CED,1530
0,0,COM3D2OHx64_Data\Plugins\FbxExporterCore.dll,12491776,CBAA51C1,1530
0,0,COM3D2OHx64_Data\Plugins\FoveClient.dll,1849384,58C8B4F6,1530
0,0,COM3D2OHx64_Data\Plugins\LeapC.dll,2516992,FBDD3767,1530
0,0,COM3D2OHx64_Data\Plugins\openvr_api.dll,318272,44432E0F,1530
0,0,COM3D2OHx64_Data\Plugins\OVRGamepad.dll,12800,2C526135,1530
0,0,COM3D2OHx64_Data\Plugins\OVRLipSync.dll,2512296,391C1F4C,1530
0,0,COM3D2OHx64_Data\Plugins\OVRPlugin.dll,1898408,5DD05B6C,1530
0,0,COM3D2OHx64_Data\Plugins\Win32-WebView.dll,504832,382AEE66,1530
0,0,COM3D2OHx64_Data\Resources\unity default resources,752360,71DB1AEA,1530
0,0,COM3D2OHx64_Data\Resources\unity_builtin_extra,284012,91145F7F,1530
0,0,COM3D2OHx64_Data\app.info,42,6CD75754,1530
0,0,COM3D2OHx64_Data\globalgamemanagers,4472780,CB0F5FB6,1530
0,0,COM3D2OHx64_Data\globalgamemanagers.assets,244036,AE7F2FAA,1530
0,0,COM3D2OHx64_Data\level0,325500,3B0A8207,1530
0,0,COM3D2OHx64_Data\level1,348644,BB822F30,1530
0,0,COM3D2OHx64_Data\level2,740276,F266A107,1530
0,0,COM3D2OHx64_Data\level3,1212972,79BDA5B0,1530
0,0,COM3D2OHx64_Data\level4,1301084,E86F4FB5,1530
0,0,COM3D2OHx64_Data\level5,326996,A9E8E822,1530
0,0,COM3D2OHx64_Data\level6,417156,F0E761F8,1530
0,0,COM3D2OHx64_Data\level7,326012,CE307902,1530
0,0,COM3D2OHx64_Data\level8,393460,90024468,1530
0,0,COM3D2OHx64_Data\level9,329124,19B8D010,1530
0,0,COM3D2OHx64_Data\level10,696852,26401230,1530
0,0,COM3D2OHx64_Data\level11,7476,051DB040,1530
0,0,COM3D2OHx64_Data\level12,327956,FD922213,1530
0,0,COM3D2OHx64_Data\level13,4664,A78D5E5E,1530
0,0,COM3D2OHx64_Data\level14,344644,840C43CB,1530
0,0,COM3D2OHx64_Data\level15,334340,17853087,1530
0,0,COM3D2OHx64_Data\level16,955508,547673A5,1530
0,0,COM3D2OHx64_Data\level17,427164,E88C7EEC,1530
0,0,COM3D2OHx64_Data\level18,1085148,6437F25D,1530
0,0,COM3D2OHx64_Data\level19,410644,650E69E4,1530
0,0,COM3D2OHx64_Data\level20,2187796,40506DB6,1530
0,0,COM3D2OHx64_Data\level21,1115156,EFFEDC8C,1530
0,0,COM3D2OHx64_Data\level22,1088428,01F503AD,1530
0,0,COM3D2OHx64_Data\level23,447716,DB7AAC23,1530
0,0,COM3D2OHx64_Data\level24,27904,55AB5AD6,1530
0,0,COM3D2OHx64_Data\level24.resS,131232,851AC384,1530
0,0,COM3D2OHx64_Data\level25,51676,F131B943,1530
0,0,COM3D2OHx64_Data\level26,56036,5A344AE7,1530
0,0,COM3D2OHx64_Data\level27,6832,6C5AC9B4,1530
0,0,COM3D2OHx64_Data\level28,326404,5486F765,1530
0,0,COM3D2OHx64_Data\level29,1576476,A2E480ED,1530
0,0,COM3D2OHx64_Data\level30,1433108,A22DD54C,1530
0,0,COM3D2OHx64_Data\level31,1454708,D577E890,1530
0,0,COM3D2OHx64_Data\level32,1349940,13C666F9,1530
0,0,COM3D2OHx64_Data\level33,1414396,F4805FAB,1530
0,0,COM3D2OHx64_Data\level34,1539820,C6C3D5F3,1530
0,0,COM3D2OHx64_Data\level35,1276804,9042AEEC,1530
0,0,COM3D2OHx64_Data\level36,1027428,B681E766,1530
0,0,COM3D2OHx64_Data\level37,1034668,B3658B30,1530
0,0,COM3D2OHx64_Data\level38,1276804,C7931B82,1530
0,0,COM3D2OHx64_Data\level39,1157364,D0848D9E,1530
0,0,COM3D2OHx64_Data\level40,945980,DF76850F,1530
0,0,COM3D2OHx64_Data\level41,1232372,0289DE77,1530
0,0,COM3D2OHx64_Data\level42,1374844,65482EA1,1530
0,0,COM3D2OHx64_Data\level43,1333388,DAD11DA0,1530
0,0,COM3D2OHx64_Data\level44,918196,A1FC62D1,1530
0,0,COM3D2OHx64_Data\level45,401332,FF0D431A,1530
0,0,COM3D2OHx64_Data\level46,397700,BCCB3F82,1530
0,0,COM3D2OHx64_Data\level47,441412,CABFEAAE,1530
0,0,COM3D2OHx64_Data\level48,463540,124BDFEA,1530
0,0,COM3D2OHx64_Data\level49,391940,2F0211DB,1530
0,0,COM3D2OHx64_Data\level50,451900,C20A70AF,1530
0,0,COM3D2OHx64_Data\level51,1040340,33F70D14,1530
0,0,COM3D2OHx64_Data\level52,964740,D132CAC7,1530
0,0,COM3D2OHx64_Data\level53,444620,ADCD9DC7,1530
0,0,COM3D2OHx64_Data\level54,466764,305C73A0,1530
0,0,COM3D2OHx64_Data\level55,457348,E04FE611,1530
0,0,COM3D2OHx64_Data\level56,1044748,487E72F9,1530
0,0,COM3D2OHx64_Data\level57,1005020,FF85EE0A,1530
0,0,COM3D2OHx64_Data\level58,450396,1DB6A2C2,1530
0,0,COM3D2OHx64_Data\level59,434916,4F235CC5,1530
0,0,COM3D2OHx64_Data\level60,416588,9A43E622,1530
0,0,COM3D2OHx64_Data\level61,1384140,4A789451,1530
0,0,COM3D2OHx64_Data\level62,1324892,DE67CD2A,1530
0,0,COM3D2OHx64_Data\level63,503412,6B0DFF51,1530
0,0,COM3D2OHx64_Data\level64,405516,C0982ACD,1530
0,0,COM3D2OHx64_Data\level65,1252908,2ED9DD79,1530
0,0,COM3D2OHx64_Data\level66,970740,A5BA0F65,1530
0,0,COM3D2OHx64_Data\level67,1429212,903027E5,1530
0,0,COM3D2OHx64_Data\level68,1370364,0334FB60,1530
0,0,COM3D2OHx64_Data\level69,1576484,06826D3A,1530
0,0,COM3D2OHx64_Data\level70,1539828,351C19F9,1530
0,0,COM3D2OHx64_Data\level71,1371516,0DF36ECB,1530
0,0,COM3D2OHx64_Data\level72,1337460,B0804329,1530
0,0,COM3D2OHx64_Data\level73,418124,8D0B4127,1530
0,0,COM3D2OHx64_Data\level74,406740,4BCEE34F,1530
0,0,COM3D2OHx64_Data\level75,1050620,C2BA62BF,1530
0,0,COM3D2OHx64_Data\level76,851908,1986FCE4,1530
0,0,COM3D2OHx64_Data\level77,958676,BAD70F81,1530
0,0,COM3D2OHx64_Data\level78,852868,FC047828,1530
0,0,COM3D2OHx64_Data\level79,1030236,52E2A987,1530
0,0,COM3D2OHx64_Data\level80,1693596,9F89290C,1530
0,0,COM3D2OHx64_Data\level81,1644668,228ED842,1530
0,0,COM3D2OHx64_Data\level82,1113444,93DFCD77,1530
0,0,COM3D2OHx64_Data\level83,1057116,716F9071,1530
0,0,COM3D2OHx64_Data\level84,1512572,7D15ECCD,1530
0,0,COM3D2OHx64_Data\level85,1611500,445681E2,1530
0,0,COM3D2OHx64_Data\level86,1055012,35EDDF58,1530
0,0,COM3D2OHx64_Data\level87,970556,C036722C,1530
0,0,COM3D2OHx64_Data\level88,1679508,5F589D6D,1530
0,0,COM3D2OHx64_Data\level89,1576316,785401CB,1530
0,0,COM3D2OHx64_Data\level90,468052,C9AD495E,1530
0,0,COM3D2OHx64_Data\level91,487828,98A9E686,1530
0,0,COM3D2OHx64_Data\level92,576316,263FFF34,1530
0,0,COM3D2OHx64_Data\level93,535428,0835893E,1530
0,0,COM3D2OHx64_Data\level93.resS,131232,9337BCA3,1530
0,0,COM3D2OHx64_Data\level94,463108,6526F6A2,1530
0,0,COM3D2OHx64_Data\level95,562324,2893ABC9,1530
0,0,COM3D2OHx64_Data\level96,486428,B6E45C0A,1530
0,0,COM3D2OHx64_Data\level97,1399932,9353E781,1530
0,0,COM3D2OHx64_Data\level98,1476764,125EECB9,1530
0,0,COM3D2OHx64_Data\level99,1304868,0EF3CA39,1530
0,0,COM3D2OHx64_Data\resources.assets,428193248,667A7E0B,1530
0,0,COM3D2OHx64_Data\resources.assets.resS,1797142128,878428E3,1530
0,0,COM3D2OHx64_Data\resources.resource,727392,54F90BDA,1530
0,0,COM3D2OHx64_Data\sharedassets0.assets,115226516,F3F097DF,1530
0,0,COM3D2OHx64_Data\sharedassets0.assets.resS,28071636,A1AB9432,1530
0,0,COM3D2OHx64_Data\sharedassets1.assets,6256,E2B2FEC9,1530
0,0,COM3D2OHx64_Data\sharedassets2.assets,6556,664FF845,1530
0,0,COM3D2OHx64_Data\sharedassets3.assets,12916,32959B1D,1530
0,0,COM3D2OHx64_Data\sharedassets4.assets,7156,7E62B6F1,1530
0,0,COM3D2OHx64_Data\sharedassets5.assets,6136,F27F136E,1530
0,0,COM3D2OHx64_Data\sharedassets6.assets,7096,2709E96D,1530
0,0,COM3D2OHx64_Data\sharedassets7.assets,6088,39D8AC37,1530
0,0,COM3D2OHx64_Data\sharedassets8.assets,6328,C41C5E5C,1530
0,0,COM3D2OHx64_Data\sharedassets9.assets,6232,7662F57A,1530
0,0,COM3D2OHx64_Data\sharedassets10.assets,6652,313DFA31,1530
0,0,COM3D2OHx64_Data\sharedassets11.assets,4564,2A991DA6,1530
0,0,COM3D2OHx64_Data\sharedassets12.assets,6148,9747DDC0,1530
0,0,COM3D2OHx64_Data\sharedassets13.assets,4132,DDFC4326,1530
0,0,COM3D2OHx64_Data\sharedassets14.assets,6868,A2D11306,1530
0,0,COM3D2OHx64_Data\sharedassets15.assets,6232,DB4C23ED,1530
0,0,COM3D2OHx64_Data\sharedassets16.assets,30936236,8636BB94,1530
0,0,COM3D2OHx64_Data\sharedassets17.assets,6292,490E1B10,1530
0,0,COM3D2OHx64_Data\sharedassets18.assets,48052092,970BA3A0,1530
0,0,COM3D2OHx64_Data\sharedassets19.assets,6316,BCA535CF,1530
0,0,COM3D2OHx64_Data\sharedassets20.assets,7096,9CB6B11B,1530
0,0,COM3D2OHx64_Data\sharedassets21.assets,39516308,D8D1CE70,1530
0,0,COM3D2OHx64_Data\sharedassets22.assets,12664,86FEA1D9,1530
0,0,COM3D2OHx64_Data\sharedassets23.assets,18126856,4639E476,1530
0,0,COM3D2OHx64_Data\sharedassets24.assets,12328,4BC05B6A,1530
0,0,COM3D2OHx64_Data\sharedassets25.assets,4420,93C759D7,1530
0,0,COM3D2OHx64_Data\sharedassets26.assets,4324,D0E395EB,1530
0,0,COM3D2OHx64_Data\sharedassets27.assets,4264,AD1A70F3,1530
0,0,COM3D2OHx64_Data\sharedassets28.assets,6124,CFC00234,1530
0,0,COM3D2OHx64_Data\sharedassets29.assets,145550532,3CD2C9C9,1530
0,0,COM3D2OHx64_Data\sharedassets30.assets,135254532,30F21A54,1530
0,0,COM3D2OHx64_Data\sharedassets31.assets,127532532,82C4D049,1530
0,0,COM3D2OHx64_Data\sharedassets32.assets,9388,A6D66D46,1530
0,0,COM3D2OHx64_Data\sharedassets33.assets,9496,F518C288,1530
0,0,COM3D2OHx64_Data\sharedassets34.assets,9484,29AA5738,1530
0,0,COM3D2OHx64_Data\sharedassets35.assets,128819620,A9DEF9D0,1530
0,0,COM3D2OHx64_Data\sharedassets36.assets,9256,B50FEB91,1530
0,0,COM3D2OHx64_Data\sharedassets37.assets,9280,AF93EF41,1530
0,0,COM3D2OHx64_Data\sharedassets38.assets,12712,BF31C2EF,1530
0,0,COM3D2OHx64_Data\sharedassets39.assets,9484,81D7E6EA,1530
0,0,COM3D2OHx64_Data\sharedassets40.assets,9292,A52BA616,1530
0,0,COM3D2OHx64_Data\sharedassets41.assets,9460,B8BD4B2B,1530
0,0,COM3D2OHx64_Data\sharedassets42.assets,141689532,CA003C2B,1530
0,0,COM3D2OHx64_Data\sharedassets43.assets,9496,8698F074,1530
0,0,COM3D2OHx64_Data\sharedassets44.assets,9460,C8F9D91E,1530
0,0,COM3D2OHx64_Data\sharedassets45.assets,42236540,946F7640,1530
0,0,COM3D2OHx64_Data\sharedassets45.assets.resS,87400,8BA6C322,1530
0,0,COM3D2OHx64_Data\sharedassets46.assets,38246508,BF9A2189,1530
0,0,COM3D2OHx64_Data\sharedassets47.assets,32874604,B2A6AF3B,1530
0,0,COM3D2OHx64_Data\sharedassets48.assets,36735684,023CE7BF,1530
0,0,COM3D2OHx64_Data\sharedassets48.assets.resS,174776,5B619AF1,1530
0,0,COM3D2OHx64_Data\sharedassets49.assets,41277360,EADE0F84,1530
0,0,COM3D2OHx64_Data\sharedassets50.assets,39399112,F3581923,1530
0,0,COM3D2OHx64_Data\sharedassets51.assets,3017148,7AF2C979,1530
0,0,COM3D2OHx64_Data\sharedassets51.assets.resS,611728,7BFBEAAE,1530
0,0,COM3D2OHx64_Data\sharedassets52.assets,9508,2997AEE5,1530
0,0,COM3D2OHx64_Data\sharedassets53.assets,6508,5577F932,1530
0,0,COM3D2OHx64_Data\sharedassets54.assets,6508,5577F932,1530
0,0,COM3D2OHx64_Data\sharedassets55.assets,6508,5577F932,1530
0,0,COM3D2OHx64_Data\sharedassets56.assets,12604,99B68D47,1530
0,0,COM3D2OHx64_Data\sharedassets57.assets,9460,3268CA5D,1530
0,0,COM3D2OHx64_Data\sharedassets58.assets,6472,C381AF94,1530
0,0,COM3D2OHx64_Data\sharedassets59.assets,59364,A3C3399C,1530
0,0,COM3D2OHx64_Data\sharedassets59.assets.resS,174776,B51EE5DC,1530
0,0,COM3D2OHx64_Data\sharedassets60.assets,6484,85794206,1530
0,0,COM3D2OHx64_Data\sharedassets61.assets,759664,FFF8E8E7,1530
0,0,COM3D2OHx64_Data\sharedassets61.assets.resS,1310880,58801C35,1530
0,0,COM3D2OHx64_Data\sharedassets61.resource,1178176,90268BF4,1530
0,0,COM3D2OHx64_Data\sharedassets62.assets,9316,77688CCC,1530
0,0,COM3D2OHx64_Data\sharedassets63.assets,52838324,7C219F75,1530
0,0,COM3D2OHx64_Data\sharedassets63.assets.resS,6226112,B3E98769,1530
0,0,COM3D2OHx64_Data\sharedassets64.assets,6580,2C61AE68,1530
0,0,COM3D2OHx64_Data\sharedassets65.assets,13852,450253CA,1530
0,0,COM3D2OHx64_Data\sharedassets66.assets,9448,8E8B9ED6,1530
0,0,COM3D2OHx64_Data\sharedassets67.assets,12616,84D879A5,1530
0,0,COM3D2OHx64_Data\sharedassets68.assets,9436,9D5867ED,1530
0,0,COM3D2OHx64_Data\sharedassets69.assets,12628,77CC98AA,1530
0,0,COM3D2OHx64_Data\sharedassets70.assets,9484,29AA5738,1530
0,0,COM3D2OHx64_Data\sharedassets71.assets,12616,84D879A5,1530
0,0,COM3D2OHx64_Data\sharedassets72.assets,10384,18816C1A,1530
0,0,COM3D2OHx64_Data\sharedassets73.assets,6868,B4745905,1530
0,0,COM3D2OHx64_Data\sharedassets74.assets,6436,BC1F0F54,1530
0,0,COM3D2OHx64_Data\sharedassets75.assets,11692,0B6103B6,1530
0,0,COM3D2OHx64_Data\sharedassets75.resource,2729184,2D4064D6,1530
0,0,COM3D2OHx64_Data\sharedassets76.assets,11560,CAA9BF64,1530
0,0,COM3D2OHx64_Data\sharedassets77.assets,8296,A63D2805,1530
0,0,COM3D2OHx64_Data\sharedassets78.assets,7612,C30A8048,1530
0,0,COM3D2OHx64_Data\sharedassets79.assets,353884,A6D1D53B,1530
0,0,COM3D2OHx64_Data\sharedassets79.assets.resS,2272048,E50143CB,1530
0,0,COM3D2OHx64_Data\sharedassets79.resource,6236800,C7E9CFDE,1530
0,0,COM3D2OHx64_Data\sharedassets80.assets,6568304,B731A4F8,1530
0,0,COM3D2OHx64_Data\sharedassets80.assets.resS,10936,3B0D7ADF,1530
0,0,COM3D2OHx64_Data\sharedassets80.resource,1136352,956B5452,1530
0,0,COM3D2OHx64_Data\sharedassets81.assets,10252,4447BE36,1530
0,0,COM3D2OHx64_Data\sharedassets82.assets,12796,DAF2748A,1530
0,0,COM3D2OHx64_Data\sharedassets83.assets,9592,D93B9BDB,1530
0,0,COM3D2OHx64_Data\sharedassets84.assets,9716,F3444D7D,1530
0,0,COM3D2OHx64_Data\sharedassets84.resource,1003968,52A085C2,1530
0,0,COM3D2OHx64_Data\sharedassets85.assets,12916,23796861,1530
0,0,COM3D2OHx64_Data\sharedassets86.assets,12856,087715C8,1530
0,0,COM3D2OHx64_Data\sharedassets87.assets,9532,69883A74,1530
0,0,COM3D2OHx64_Data\sharedassets88.assets,13300,843F576D,1530
0,0,COM3D2OHx64_Data\sharedassets88.resource,1166848,2709F6C2,1530
0,0,COM3D2OHx64_Data\sharedassets89.assets,9844,DA62FD89,1530
0,0,COM3D2OHx64_Data\sharedassets90.assets,6652,043A7778,1530
0,0,COM3D2OHx64_Data\sharedassets91.assets,6652,043A7778,1530
0,0,COM3D2OHx64_Data\sharedassets92.assets,6616,BB53173B,1530
0,0,COM3D2OHx64_Data\sharedassets93.assets,6340,551C9114,1530
0,0,COM3D2OHx64_Data\sharedassets94.assets,6616,BB53173B,1530
0,0,COM3D2OHx64_Data\sharedassets95.assets,6712,2E7604C0,1530
0,0,COM3D2OHx64_Data\sharedassets96.assets,6616,BB53173B,1530
0,0,COM3D2OHx64_Data\sharedassets97.assets,153076520,1E657245,1530
0,0,COM3D2OHx64_Data\sharedassets98.assets,9520,F87EC36D,1530
0,0,COM3D2OHx64_Data\sharedassets99.assets,394864,375250EE,1530
0,0,COM3D2OHx64_Data\sharedassets99.assets.resS,2184640,DF887086,1530
0,0,GameData\csv_cbl.arc,902248,88CA450C,1530
0,0,GameData\motion_cbl_3d21reserve_2.arc,153938,9CB83B59,1120
0,0,GameData\motion_cbl_denkigai2019s_2.arc,753524,B6E084B2,1410
0,0,GameData\motion_cbl_kissnohi001_2.arc,158468,9CE47192,1200
0,0,GameData\motion_cbl_vp001_2.arc,1659046,62219F7A,1250
0,0,GameData\motion_cbl2.arc,22222457,FD0F6146,1280
0,0,GameData\script_cbl.arc,4537015,75BB1A47,1530
0,0,GameData\script_cbl_omytgc001_2.arc,212278,5759B805,1210
0,0,GameData\script_cbl_omytgc004_2.arc,2354,88C30EE5,1510
0,0,GameData\script_cbl_ordermade001_2.arc,36866,2E4CD733,1210
0,0,GameData\script_cbl_ordermade002_2.arc,36466,DD7811A4,1210
0,0,GameData\script_cbl_ordermade003_2.arc,3026,080F3688,1250
0,0,GameData\script_cbl_ordermade004_2.arc,3250,96221889,1250
0,0,GameData\script_cbl_personal_om002_2.arc,1730,BC1779C2,1250
0,0,GameData\script_cbl_personal_om003plus_2.arc,5282,34A5C955,1360
0,0,GameData\script_cbl_personal_om004_2.arc,1954,3FEFD65F,1280
0,0,GameData\script_cbl_personal_om004plus_2.arc,5490,15D3F64F,1360
0,0,GameData\script_cbl_personal_om005plus_2.arc,5058,9471327B,1360
0,0,GameData\script_cbl_personal_om007_2.arc,2546,36DB0761,1460
0,0,GameData\script_cbl_personal_om008_2.arc,14178,C639755B,1520
0,0,GameData\script_cbl_personal_om008plus_2.arc,32802,2096560F,1530
0,0,GameData\script_cbl_s2.arc,1170205,611FCB43,1230
0,0,GameData\script_gp002_2.arc,1306263,A8897285,1530
0,0,GameData\voice_cbl_s2.arc,185722467,282DF657,1530
0,0,manual\css\index.css,7168,D11B8AF5,1170
0,0,manual\img\chu-blip2.jpg,78933,95522903,1170
0,0,manual\img\com3d2wcls2_logo.png,107288,47D023F7,1170
0,0,manual\img\config.jpg,167519,C5E4FAF3,1170
0,0,manual\img\menu001.jpg,13885,25B66329,1170
0,0,manual\img\menu002.jpg,24247,87A4205F,1170
0,0,manual\img\yotogi04.jpg,239859,141EC205,1170
0,0,manual\img\yotogi05.jpg,187720,9C93EE69,1170
0,0,manual\index.html,52620,3D3D5ACF,1170
0,0,COM3D2OH.exe,6623232,E30BEDE0,2006
0,0,COM3D2OHx64.exe,22841856,858642A8,1531
0,0,LICENSE,31205,24BAD003,1500
share,GameData\patch\bg_gp001fb_2.arc,GameData\bg_gp001fb_2.arc,74085,9CF8EBCF,1520
share,GameData\patch\bg_kissevent2018_sp_card_2.arc,GameData\bg_kissevent2018_sp_card_2.arc,493322,140250D1,1100
share,GameData\patch\bg_sp001_2.arc,GameData\bg_sp001_2.arc,16204240,91030B15,1000
share,GameData\patch\bg_sp004_2.arc,GameData\bg_sp004_2.arc,36120782,D70323E9,1530
share,GameData\patch\csv.arc,GameData\csv.arc,8420541,53FBF116,1530
share,GameData\patch\csv_3d21reserve2_2.arc,GameData\csv_3d21reserve2_2.arc,51058,6AD913F3,1380
share,GameData\patch\csv_denkigai2018wpcard_2.arc,GameData\csv_denkigai2018wpcard_2.arc,450,CD1D6826,1331
share,GameData\patch\csv_dlc305_2.arc,GameData\csv_dlc305_2.arc,67779,3D73BCB9,1380
share,GameData\patch\csv_gp001_2.arc,GameData\csv_gp001_2.arc,89204,9BB06354,1420
share,GameData\patch\csv_jp.arc,GameData\csv_jp.arc,14963,9C524993,1470
share,GameData\patch\csv_old_2.arc,GameData\csv_old_2.arc,1746,7AD2A97C,1150
share,GameData\patch\csv_ordermade001_2.arc,GameData\csv_ordermade001_2.arc,770,422A7575,1150
share,GameData\patch\csv_personal_om006_2.arc,GameData\csv_personal_om006_2.arc,1426,AB118368,1350
share,GameData\patch\parts_cas013_2.arc,GameData\parts_cas013_2.arc,1554,314DD9D9,1480
share,GameData\patch\parts_cas014_2.arc,GameData\parts_cas014_2.arc,1554,EB2539A7,1480
share,GameData\patch\parts_com3d2cbp_2.arc,GameData\parts_com3d2cbp_2.arc,197948,415AD83E,1460
share,GameData\patch\parts_cw001cloth2_2.arc,GameData\parts_cw001cloth2_2.arc,196199,EAF4C9F1,1460
share,GameData\patch\parts_cw001cloth3_2.arc,GameData\parts_cw001cloth3_2.arc,4370,1F2FFFCD,1380
share,GameData\patch\parts_cw005cloth3_2.arc,GameData\parts_cw005cloth3_2.arc,1798437,07194B0C,1530
share,GameData\patch\parts_cw005cloth4_2.arc,GameData\parts_cw005cloth4_2.arc,93385493,76CDAC9F,1501
share,GameData\patch\parts_denkigai2019s_2.arc,GameData\parts_denkigai2019s_2.arc,6568712,81A78E6E,1530
share,GameData\patch\parts_dlc209_2.arc,GameData\parts_dlc209_2.arc,1363413,BF1ABBC0,1171
share,GameData\patch\parts_dlc216_2.arc,GameData\parts_dlc216_2.arc,932171,E7454670,1200
share,GameData\patch\parts_dlc232_2.arc,GameData\parts_dlc232_2.arc,3682,115DEE3E,1250
share,GameData\patch\parts_dlc240_2.arc,GameData\parts_dlc240_2.arc,2306,890A5A33,1530
share,GameData\patch\parts_dlc241_2.arc,GameData\parts_dlc241_2.arc,1618,5C4797C1,1380
share,GameData\patch\parts_dlc256_2.arc,GameData\parts_dlc256_2.arc,459473,67DE15EB,1480
share,GameData\patch\parts_dlc256ns_2.arc,GameData\parts_dlc256ns_2.arc,464943,902A8184,1480
share,GameData\patch\parts_dlc267_2.arc,GameData\parts_dlc267_2.arc,2827817,95D40D44,1480
share,GameData\patch\parts_dlc267ns_2.arc,GameData\parts_dlc267ns_2.arc,2827831,320F93A5,1480
share,GameData\patch\parts_dlc268_2.arc,GameData\parts_dlc268_2.arc,465617,1FC74BD4,1320
share,GameData\patch\parts_dlc268ns_2.arc,GameData\parts_dlc268ns_2.arc,465634,269DB210,1320
share,GameData\patch\parts_dlc279_2.arc,GameData\parts_dlc279_2.arc,6171073,DF439D14,1331
share,GameData\patch\parts_dlc301_2.arc,GameData\parts_dlc301_2.arc,2032332,7D478CC1,1510
share,GameData\patch\parts_dlc302_2.arc,GameData\parts_dlc302_2.arc,1988437,E207724F,1510
share,GameData\patch\parts_dlc303_2.arc,GameData\parts_dlc303_2.arc,2715150,2D1CFC1F,1510
share,GameData\patch\parts_dlc304_2.arc,GameData\parts_dlc304_2.arc,1704802,5CDB51EF,1510
share,GameData\patch\parts_dlc320_2.arc,GameData\parts_dlc320_2.arc,94639,DC5A14A4,1470
share,GameData\patch\parts_dlc330_2.arc,GameData\parts_dlc330_2.arc,1413257,BE036852,1520
share,GameData\patch\parts_dlc331_2.arc,GameData\parts_dlc331_2.arc,3970,B15D6CCC,1490
share,GameData\patch\parts_dlc363_2.arc,GameData\parts_dlc363_2.arc,1602,014DA2DF,1530
share,GameData\patch\parts_dlcdenkigai2019s_2.arc,GameData\parts_dlcdenkigai2019s_2.arc,4066,EC7C2B2C,1530
share,GameData\patch\parts_gp001_2.arc,GameData\parts_gp001_2.arc,62132696,2ADBAD1F,1440
share,GameData\patch\parts_gp001fb_2.arc,GameData\parts_gp001fb_2.arc,1462194,E665EADA,1530
share,GameData\patch\parts_karaoke001_2.arc,GameData\parts_karaoke001_2.arc,453245,11C970D3,1280
share,GameData\patch\parts_kissevent2018_2.arc,GameData\parts_kissevent2018_2.arc,5570,005BBD00,1100
share,GameData\patch\parts_magazine003_2.arc,GameData\parts_magazine003_2.arc,201385,3A5B273D,1120
share,GameData\patch\parts_oldplus002hair1_2.arc,GameData\parts_oldplus002hair1_2.arc,187027,D369C691,1530
share,GameData\patch\parts_omvr.arc,GameData\parts_omvr.arc,3206509,4F0D0480,1120
share,GameData\patch\parts_personal_om003_2.arc,GameData\parts_personal_om003_2.arc,78703,5113D874,1460
share,GameData\patch\parts_personal_om006_2.arc,GameData\parts_personal_om006_2.arc,307194,3FCB0A15,1331
share,GameData\patch\parts_shop016_2.arc,GameData\parts_shop016_2.arc,171410,3D70CEC4,1060
share,GameData\patch\parts_sp002cloth1_2.arc,GameData\parts_sp002cloth1_2.arc,10930,46512519,1250
share,GameData\patch\parts_sp002cloth2_2.arc,GameData\parts_sp002cloth2_2.arc,1825089,3BCD25A8,1352
share,GameData\patch\parts_sp003cloth3_2.arc,GameData\parts_sp003cloth3_2.arc,2970776,D1820E11,1530
share,GameData\patch\parts_sp005cloth2_2.arc,GameData\parts_sp005cloth2_2.arc,303977,DCB548A3,1460
share,GameData\patch\parts_vac001_2.arc,GameData\parts_vac001_2.arc,6706,959CBD1B,1250
share,GameData\patch\parts2.arc,GameData\parts2.arc,166158761,C49F2511,1530
share,GameData\patch\paths.dat,GameData\paths.dat,9432,F9D7E457,1530
share,GameData\patch\prioritymaterial.arc,GameData\prioritymaterial.arc,423768,3513EE4D,1530
share,GameData\patch\script_share_karaoke_2.arc,GameData\script_share_karaoke_2.arc,8354,23EC7857,1500
share,GameData\patch\sound2.arc,GameData\sound2.arc,6181152,2D5B88B7,1501
share,GameData\patch\system_gp001_2.arc,GameData\system_gp001_2.arc,7478491,A3D9E534,1420
share,GameData\patch\system_gp002_2.arc,GameData\system_gp002_2.arc,3352431,A85DA78B,1350
share,GameData\patch\system2.arc,GameData\system2.arc,14893779,79F4EBEC,1501
share,GameData\patch\voice_gp001_2.arc,GameData\voice_gp001_2.arc,128499501,74943317,1270
share,GameData\patch\voice_personal_om005_2.arc,GameData\voice_personal_om005_2.arc,77014392,941AFD15,1420
share,GameData\patch\voice_personal_om008_2.arc,GameData\voice_personal_om008_2.arc,536157,7ADCFB18,1460
share,GameData_20\bg_vp001_2.arc,GameData_20\bg_vp001_2.arc,283046,A7A90EE1,1190
share,GameData_20\material_denkigai2015s003_2.arc,GameData_20\material_denkigai2015s003_2.arc,7106,0C82D791,1150
share,GameData_20\material_denkigai2015w_2.arc,GameData_20\material_denkigai2015w_2.arc,3490,F06AAABE,1090
share,GameData_20\material_denkigai2015wTowelR.arc,GameData_20\material_denkigai2015wTowelR.arc,1602,618192B9,1360
share,GameData_20\material_dlc055_2.arc,GameData_20\material_dlc055_2.arc,5282,11A93109,1280
share,GameData_20\material_dlc195_2.arc,GameData_20\material_dlc195_2.arc,1746,ECFBFE17,1090
share,GameData_20\material_dlcdenkigai2015w_2.arc,GameData_20\material_dlcdenkigai2015w_2.arc,3522,D35394D7,1090
share,GameData_20\material_dlcdenkigai2017w_2.arc,GameData_20\material_dlcdenkigai2017w_2.arc,3506,40FF8AFA,1090
share,GameData_20\material_dlsite_2.arc,GameData_20\material_dlsite_2.arc,1762,C5A837EA,1150
share,GameData_20\material_kissevent2017march_2.arc,GameData_20\material_kissevent2017march_2.arc,3538,7A6FC5CF,1090
share,GameData_20\material_shop001_2.arc,GameData_20\material_shop001_2.arc,1762,D98CED1C,1150
share,GameData_20\material_shop002_2.arc,GameData_20\material_shop002_2.arc,1762,956BB00E,1150
share,GameData_20\material_shop003_2.arc,GameData_20\material_shop003_2.arc,1762,38CEBFF2,1150
share,GameData_20\material_shop005_2.arc,GameData_20\material_shop005_2.arc,1714,3E621A32,1150
share,GameData_20\material_shop007_2.arc,GameData_20\material_shop007_2.arc,2578,C8CE627C,1150
share,GameData_20\material_vp001_2.arc,GameData_20\material_vp001_2.arc,11890,8CB043B0,1400
share,GameData_20\material_yomeido003_2.arc,GameData_20\material_yomeido003_2.arc,1522,0689A7AC,1240
share,GameData_20\menu_denkigai2015s001_2.arc,GameData_20\menu_denkigai2015s001_2.arc,6594,8B3E849F,1160
share,GameData_20\menu_denkigai2015s003_2.arc,GameData_20\menu_denkigai2015s003_2.arc,4338,D294CE88,1150
share,GameData_20\menu_denkigai2015wTowelR.arc,GameData_20\menu_denkigai2015wTowelR.arc,1282,CECEE1FC,1360
share,GameData_20\menu_denkigai2016s_2.arc,GameData_20\menu_denkigai2016s_2.arc,1346,4A9440B1,1351
share,GameData_20\menu_denkigai2016w_2.arc,GameData_20\menu_denkigai2016w_2.arc,15154,C8D64D3B,1450
share,GameData_20\menu_denkigai2017s_2.arc,GameData_20\menu_denkigai2017s_2.arc,1218,267B1338,1540
share,GameData_20\menu_dlc026_2.arc,GameData_20\menu_dlc026_2.arc,3778,69453D54,1190
share,GameData_20\menu_dlc028_2.arc,GameData_20\menu_dlc028_2.arc,3874,DE3F1C31,1200
share,GameData_20\menu_dlc041_2.arc,GameData_20\menu_dlc041_2.arc,6786,97F738D3,1380
share,GameData_20\menu_dlc042_2.arc,GameData_20\menu_dlc042_2.arc,1154,EE4016C0,1440
share,GameData_20\menu_dlc049_2.arc,GameData_20\menu_dlc049_2.arc,3106,E30D6F4C,1522
share,GameData_20\menu_dlc061_2.arc,GameData_20\menu_dlc061_2.arc,3810,F99C1D4E,1290
share,GameData_20\menu_dlc065_2.arc,GameData_20\menu_dlc065_2.arc,7602,D9387834,1380
share,GameData_20\menu_dlc074_2.arc,GameData_20\menu_dlc074_2.arc,5618,24C559D7,1312
share,GameData_20\menu_dlc100_2.arc,GameData_20\menu_dlc100_2.arc,1250,DFF94E9A,1400
share,GameData_20\menu_dlc101_2.arc,GameData_20\menu_dlc101_2.arc,1218,44DB4049,1481
share,GameData_20\menu_dlc195_2.arc,GameData_20\menu_dlc195_2.arc,1170,BF163DDC,1090
share,GameData_20\menu_dlcdenkigai2016w_2.arc,GameData_20\menu_dlcdenkigai2016w_2.arc,13522,45E7F667,1450
share,GameData_20\menu_dlcdenkigai2017s_2.arc,GameData_20\menu_dlcdenkigai2017s_2.arc,1218,A6C83B5D,1540
share,GameData_20\menu_dlsite_2.arc,GameData_20\menu_dlsite_2.arc,1954,B2268BA7,1150
share,GameData_20\menu_kissevent2017march.arc,GameData_20\menu_kissevent2017march.arc,281,FF4EEB9B,1522
share,GameData_20\menu_kissevent2017march_2.arc,GameData_20\menu_kissevent2017march_2.arc,106624,14291926,1631
share,GameData_20\menu_magazine002_2.arc,GameData_20\menu_magazine002_2.arc,12498,691C1126,1471
share,GameData_20\menu_personal002_2.arc,GameData_20\menu_personal002_2.arc,1282,5687650C,1310
share,GameData_20\menu_shop001_2.arc,GameData_20\menu_shop001_2.arc,3314,35207C87,1150
share,GameData_20\menu_shop005_2.arc,GameData_20\menu_shop005_2.arc,1378,0C9AF725,1150
share,GameData_20\menu_vp001_2.arc,GameData_20\menu_vp001_2.arc,19138,7C7AFD9C,1400
share,GameData_20\menu_yomeido003_2.arc,GameData_20\menu_yomeido003_2.arc,1234,4D6F619D,1240
share,GameData_20\menu_yomeidogp_wedding_2.arc,GameData_20\menu_yomeidogp_wedding_2.arc,3954,C251B12C,1320
share,GameData_20\model_denkigai2015s003_2.arc,GameData_20\model_denkigai2015s003_2.arc,394665,41A48185,1150
share,GameData_20\model_denkigai2015w_2.arc,GameData_20\model_denkigai2015w_2.arc,174373,F9233759,1090
share,GameData_20\model_denkigai2015wTowelR.arc,GameData_20\model_denkigai2015wTowelR.arc,38258,FB570A24,1360
share,GameData_20\model_denkigai2017s_2.arc,GameData_20\model_denkigai2017s_2.arc,462663,8917104A,1582
share,GameData_20\model_dlc005_2.arc,GameData_20\model_dlc005_2.arc,175424,F7DD7D82,1270
share,GameData_20\model_dlc046_2.arc,GameData_20\model_dlc046_2.arc,155690,83B34173,1220
share,GameData_20\model_dlc073_2.arc,GameData_20\model_dlc073_2.arc,267037,47D33A06,1320
share,GameData_20\model_dlc100_2.arc,GameData_20\model_dlc100_2.arc,691347,7C3D679D,1400
share,GameData_20\model_dlc109_2.arc,GameData_20\model_dlc109_2.arc,137998,8FCCF513,1460
share,GameData_20\model_dlc151_2.arc,GameData_20\model_dlc151_2.arc,213532,8C3C80C3,1520
share,GameData_20\model_dlc195_2.arc,GameData_20\model_dlc195_2.arc,583563,16C95E54,1090
share,GameData_20\model_dlcdenkigai2015w_2.arc,GameData_20\model_dlcdenkigai2015w_2.arc,174400,BE6E5467,1090
share,GameData_20\model_dlcdenkigai2017s_2.arc,GameData_20\model_dlcdenkigai2017s_2.arc,462667,9F0C3D54,1582
share,GameData_20\model_dlcdenkigai2017w_2.arc,GameData_20\model_dlcdenkigai2017w_2.arc,181384,6D5B735E,1090
share,GameData_20\model_dlsite_2.arc,GameData_20\model_dlsite_2.arc,197173,24366C43,1150
share,GameData_20\model_kissevent2017march_2.arc,GameData_20\model_kissevent2017march_2.arc,190682,21F32FCB,1090
share,GameData_20\model_shop001_2.arc,GameData_20\model_shop001_2.arc,115215,9C941FAF,1150
share,GameData_20\model_shop002_2.arc,GameData_20\model_shop002_2.arc,251253,743C3D97,1150
share,GameData_20\model_shop003_2.arc,GameData_20\model_shop003_2.arc,185433,A15EC70A,1150
share,GameData_20\model_shop005_2.arc,GameData_20\model_shop005_2.arc,150103,FB5341FA,1150
share,GameData_20\model_shop007_2.arc,GameData_20\model_shop007_2.arc,288759,80615CBD,1150
share,GameData_20\model_vp001_2.arc,GameData_20\model_vp001_2.arc,647957,D68B5D2F,1400
share,GameData_20\paths.dat,GameData_20\paths.dat,5091,D094E2BE,1580
share,GameData_20\prioritymaterial.arc,GameData_20\prioritymaterial.arc,221488,580931AC,1582
share,GameData_20\texture_denkigai2015wTowelR.arc,GameData_20\texture_denkigai2015wTowelR.arc,133065,FE4BDC34,1360
share,GameData_20\texture_denkigai2016w_2.arc,GameData_20\texture_denkigai2016w_2.arc,10105247,3B4641C3,1450
share,GameData_20\texture_dlc004_2.arc,GameData_20\texture_dlc004_2.arc,4805734,C8E5CFB4,1200
share,GameData_20\texture_dlc046_2.arc,GameData_20\texture_dlc046_2.arc,596960,FC606BA5,1220
share,GameData_20\texture_dlc195_2.arc,GameData_20\texture_dlc195_2.arc,16075880,456A4C76,1090
share,GameData_20\texture_dlcdenkigai2016w_2.arc,GameData_20\texture_dlcdenkigai2016w_2.arc,10105332,90868016,1450
share,GameData_20\texture_kissevent2017march.arc,GameData_20\texture_kissevent2017march.arc,281,FF4EEB9B,1522
share,GameData_20\texture_kissevent2017march_2.arc,GameData_20\texture_kissevent2017march_2.arc,79432604,C7DD457A,1631
share,GameData_20\texture_vp001_2.arc,GameData_20\texture_vp001_2.arc,755269,18D5027D,1400
share,GameData_20\texture_yomeido003_2.arc,GameData_20\texture_yomeido003_2.arc,117248,0EE72B42,1240
