0,0,CM3D2OH.exe,7707136,A913B79B,1007
0,0,CM3D2OHx64.exe,14916096,9613C3D0,136
0,0,CM3D2OHx64_Data\level0,165464,901FF8B9,1360
0,0,CM3D2OHx64_Data\level1,233608,F12693AF,1360
0,0,CM3D2OHx64_Data\level10,4376,75D4330D,1360
0,0,CM3D2OHx64_Data\level11,154272,2DB4325E,1360
0,0,CM3D2OHx64_Data\level12,4376,751E7889,1360
0,0,CM3D2OHx64_Data\level13,167848,FCC5E38E,1360
0,0,CM3D2OHx64_Data\level14,229968,A94B13E8,1360
0,0,CM3D2OHx64_Data\level15,366440,EE380B97,1360
0,0,CM3D2OHx64_Data\level16,171680,28E8B0A3,1360
0,0,CM3D2OHx64_Data\level17,444064,A0DB72DC,1360
0,0,CM3D2OHx64_Data\level18,214784,CB5FF273,1360
0,0,CM3D2OHx64_Data\level19,552656,795D8279,1360
0,0,CM3D2OHx64_Data\level2,489128,5A447F3F,1360
0,0,CM3D2OHx64_Data\level20,1035408,5C216837,1360
0,0,CM3D2OHx64_Data\level21,431856,AFAA0866,1360
0,0,CM3D2OHx64_Data\level22,502216,B0510F10,1360
0,0,CM3D2OHx64_Data\level23,686736,A4025353,1360
0,0,CM3D2OHx64_Data\level24,606432,688BEFED,1360
0,0,CM3D2OHx64_Data\level3,559008,80D01FF7,1360
0,0,CM3D2OHx64_Data\level4,151616,CA418A5F,1360
0,0,CM3D2OHx64_Data\level5,188232,5CA8957D,1360
0,0,CM3D2OHx64_Data\level6,151192,E37B3BFB,1360
0,0,CM3D2OHx64_Data\level7,175552,E26C2D21,1360
0,0,CM3D2OHx64_Data\level8,151624,F0C7154B,1360
0,0,CM3D2OHx64_Data\level9,453864,77B5CDAF,1360
0,0,CM3D2OHx64_Data\mainData,1075824,FCBC02C8,1360
0,0,CM3D2OHx64_Data\PlayerConnectionConfigFile,21,9ED7F6A5,1360
0,0,CM3D2OHx64_Data\resources.assets,296589564,C76E4343,1360
0,0,CM3D2OHx64_Data\sharedassets0.assets,241516848,95A44037,1360
0,0,CM3D2OHx64_Data\sharedassets1.assets,6649424,C1DA8B6C,1360
0,0,CM3D2OHx64_Data\sharedassets10.assets,4554000,881161C8,1360
0,0,CM3D2OHx64_Data\sharedassets11.assets,4112,D865A8B6,1360
0,0,CM3D2OHx64_Data\sharedassets12.assets,4200976,7520AC19,1360
0,0,CM3D2OHx64_Data\sharedassets13.assets,4112,78EC35A3,1360
0,0,CM3D2OHx64_Data\sharedassets14.assets,119196156,25F643E3,1360
0,0,CM3D2OHx64_Data\sharedassets15.assets,3691828,C341B09F,1360
0,0,CM3D2OHx64_Data\sharedassets16.assets,275132,A2E91AA7,1360
0,0,CM3D2OHx64_Data\sharedassets17.assets,5400,BB9E1304,1360
0,0,CM3D2OHx64_Data\sharedassets18.assets,72704,CA32E3CD,1360
0,0,CM3D2OHx64_Data\sharedassets19.assets,5488,E7F917BB,1360
0,0,CM3D2OHx64_Data\sharedassets2.assets,10497836,8ADEAEA9,1360
0,0,CM3D2OHx64_Data\sharedassets20.assets,1423820,26902EA3,1360
0,0,CM3D2OHx64_Data\sharedassets21.assets,5598908,4F15330F,1360
0,0,CM3D2OHx64_Data\sharedassets22.assets,39509544,EE608558,1360
0,0,CM3D2OHx64_Data\sharedassets23.assets,67724952,B3CB1A4C,1360
0,0,CM3D2OHx64_Data\sharedassets24.assets,67946668,029D99D9,1360
0,0,CM3D2OHx64_Data\sharedassets25.assets,57361452,6D703D47,1360
0,0,CM3D2OHx64_Data\sharedassets3.assets,34784236,59E230FB,1360
0,0,CM3D2OHx64_Data\sharedassets4.assets,6952220,2D32E72E,1360
0,0,CM3D2OHx64_Data\sharedassets5.assets,503416,E92A3A7D,1360
0,0,CM3D2OHx64_Data\sharedassets6.assets,11891628,98579101,1360
0,0,CM3D2OHx64_Data\sharedassets7.assets,466388,B55E3F67,1360
0,0,CM3D2OHx64_Data\sharedassets8.assets,5360,2DA4DA8F,1360
0,0,CM3D2OHx64_Data\sharedassets9.assets,927480,E673D9CD,1360
0,0,CM3D2OHx64_Data\Managed\Accessibility.dll,10752,C80413DC,1360
0,0,CM3D2OHx64_Data\Managed\Assembly-CSharp-firstpass.dll,449536,176CECCD,1360
0,0,CM3D2OHx64_Data\Managed\Assembly-CSharp.dll,2213888,D7EABCDB,1360
0,0,CM3D2OHx64_Data\Managed\Assembly-UnityScript-firstpass.dll,65024,1AB199DB,1360
0,0,CM3D2OHx64_Data\Managed\Boo.Lang.dll,126976,E379C12B,1360
0,0,CM3D2OHx64_Data\Managed\JsonFx.Json.dll,70144,A0F0CFCB,1360
0,0,CM3D2OHx64_Data\Managed\Mono.Data.Tds.dll,96256,10E297D4,1360
0,0,CM3D2OHx64_Data\Managed\Mono.Posix.dll,184320,82B6C163,1360
0,0,CM3D2OHx64_Data\Managed\Mono.Security.dll,294912,C759B90F,1360
0,0,CM3D2OHx64_Data\Managed\Mono.WebBrowser.dll,172032,3BD66294,1360
0,0,CM3D2OHx64_Data\Managed\mscorlib.dll,2590208,54064D59,1360
0,0,CM3D2OHx64_Data\Managed\System.Configuration.dll,124928,CA10261D,1360
0,0,CM3D2OHx64_Data\Managed\System.Core.dll,300032,615F5AFE,1360
0,0,CM3D2OHx64_Data\Managed\System.Data.dll,856064,E7FF9373,1360
0,0,CM3D2OHx64_Data\Managed\System.dll,1678848,0F9C1035,1360
0,0,CM3D2OHx64_Data\Managed\System.Drawing.Design.dll,29696,E7B53FF9,1360
0,0,CM3D2OHx64_Data\Managed\System.Drawing.dll,448512,C4B2E872,1360
0,0,CM3D2OHx64_Data\Managed\System.EnterpriseServices.dll,46592,4FFDA4D6,1360
0,0,CM3D2OHx64_Data\Managed\System.Security.dll,135168,B020F0F1,1360
0,0,CM3D2OHx64_Data\Managed\System.Transactions.dll,27648,E3B069A5,1360
0,0,CM3D2OHx64_Data\Managed\System.Windows.Forms.dll,3053568,56394001,1360
0,0,CM3D2OHx64_Data\Managed\System.Xml.dll,1270272,C76991B8,1360
0,0,CM3D2OHx64_Data\Managed\System.Xml.Linq.dll,106496,1E91F41B,1360
0,0,CM3D2OHx64_Data\Managed\UnityEngine.dll,614912,78BD0E4B,1360
0,0,CM3D2OHx64_Data\Managed\UnityEngine.UI.dll,176128,59066003,1360
0,0,CM3D2OHx64_Data\Managed\UnityScript.Lang.dll,14336,7309FF69,1360
0,0,CM3D2OHx64_Data\Mono\mono.dll,2601984,92A930A2,1360
0,0,CM3D2OHx64_Data\Mono\etc\mono\browscap.ini,311984,CE6C0AB3,1360
0,0,CM3D2OHx64_Data\Mono\etc\mono\config,1691,A635914A,1360
0,0,CM3D2OHx64_Data\Mono\etc\mono\1.0\DefaultWsdlHelpGenerator.aspx,58196,10E814BF,1360
0,0,CM3D2OHx64_Data\Mono\etc\mono\1.0\machine.config,17259,82F1AD8B,1360
0,0,CM3D2OHx64_Data\Mono\etc\mono\2.0\DefaultWsdlHelpGenerator.aspx,60453,F3869A34,1360
0,0,CM3D2OHx64_Data\Mono\etc\mono\2.0\machine.config,27626,4F6C3F79,1360
0,0,CM3D2OHx64_Data\Mono\etc\mono\2.0\settings.map,2618,A1A3C29F,1360
0,0,CM3D2OHx64_Data\Mono\etc\mono\2.0\web.config,11686,534A9960,1360
0,0,CM3D2OHx64_Data\Mono\etc\mono\2.0\Browsers\Compat.browser,1605,2E178A0B,1360
0,0,CM3D2OHx64_Data\Mono\etc\mono\mconfig\config.xml,25817,80B2033A,1360
0,0,CM3D2OHx64_Data\Plugins\cm3d2_hole_x64.dll,339968,09BB14AC,1360
0,0,CM3D2OHx64_Data\Plugins\cm3d2_x64.dll,1516032,D01D1619,1360
0,0,CM3D2OHx64_Data\Plugins\device_hook.dll,117760,315B58D3,1360
0,0,CM3D2OHx64_Data\Resources\unity default resources,1571709,31020360,1360
0,0,CM3D2OHx64_Data\Resources\unity_builtin_extra,372672,72A6CE0B,1360
0,0,GameData\bg_pp001_2.arc,1237157,C9D912F7,1220
0,0,GameData\csv.arc,2415504,15F63A4B,1360
0,0,GameData\csv_addpose001.arc,1235,D06FCA6D,1220
0,0,GameData\csv_cbl.arc,567007,642BC50D,1350
0,0,GameData\csv_pp001_2.arc,10002,668119FA,1330
0,0,GameData\csv_vp001_2.arc,2082,25E58CEB,1160
0,0,GameData\material2.arc,207669,1E308A48,1313
0,0,GameData\material_denkigai2015s003_2.arc,7106,0C82D791,1150
0,0,GameData\material_denkigai2015wTowelR.arc,1602,618192B9,1360
0,0,GameData\material_dlc055_2.arc,5282,11A93109,1280
0,0,GameData\material_dlsite_2.arc,1762,C5A837EA,1150
0,0,GameData\material_shop001_2.arc,1762,D98CED1C,1150
0,0,GameData\material_shop002_2.arc,1762,956BB00E,1150
0,0,GameData\material_shop003_2.arc,1762,38CEBFF2,1150
0,0,GameData\material_shop005_2.arc,1714,3E621A32,1150
0,0,GameData\material_shop007_2.arc,2578,C8CE627C,1150
0,0,GameData\material_vp001_2.arc,9554,066C9CA9,1150
0,0,GameData\material_yomeido003_2.arc,1522,0689A7AC,1240
0,0,GameData\menu2.arc,227325,E2159374,1320
0,0,GameData\menu_denkigai2015s001_2.arc,6594,8B3E849F,1160
0,0,GameData\menu_denkigai2015s003_2.arc,4338,D294CE88,1150
0,0,GameData\menu_denkigai2015wTowelR.arc,1282,CECEE1FC,1360
0,0,GameData\menu_dlc026_2.arc,3778,69453D54,1190
0,0,GameData\menu_dlc028_2.arc,3874,DE3F1C31,1200
0,0,GameData\menu_dlc061_2.arc,3810,F99C1D4E,1290
0,0,GameData\menu_dlc074_2.arc,5618,24C559D7,1312
0,0,GameData\menu_dlsite_2.arc,1954,B2268BA7,1150
0,0,GameData\menu_personal002_2.arc,1282,5687650C,1310
0,0,GameData\menu_shop001_2.arc,3314,35207C87,1150
0,0,GameData\menu_shop005_2.arc,1378,0C9AF725,1150
0,0,GameData\menu_vp001_2.arc,18546,5FFF33DA,1150
0,0,GameData\menu_yomeido003_2.arc,1234,4D6F619D,1240
0,0,GameData\menu_yomeidogp_wedding_2.arc,3954,C251B12C,1320
0,0,GameData\model2.arc,11100629,7C2AD9D9,1331
0,0,GameData\model_denkigai2015s003_2.arc,394665,41A48185,1150
0,0,GameData\model_denkigai2015wTowelR.arc,38258,FB570A24,1360
0,0,GameData\model_dlc005_2.arc,175424,F7DD7D82,1270
0,0,GameData\model_dlc046_2.arc,155690,83B34173,1220
0,0,GameData\model_dlc073_2.arc,267037,47D33A06,1320
0,0,GameData\model_dlsite_2.arc,197173,24366C43,1150
0,0,GameData\model_shop001_2.arc,115215,9C941FAF,1150
0,0,GameData\model_shop002_2.arc,251253,743C3D97,1150
0,0,GameData\model_shop003_2.arc,185433,A15EC70A,1150
0,0,GameData\model_shop005_2.arc,150103,FB5341FA,1150
0,0,GameData\model_shop007_2.arc,288759,80615CBD,1150
0,0,GameData\model_vp001_2.arc,290407,A19508D6,1150
0,0,GameData\motion_cbl2.arc,434674,212D7235,1270
0,0,GameData\motion_cbl_addpose001.arc,902201,447E5863,1220
0,0,GameData\motion_cbl_pp002_2.arc,62463881,9CEF1E84,1360
0,0,GameData\motion_cbl_vp001_2.arc,141603,80D0D160,1160
0,0,GameData\motion_cbl_ytgc003_2.arc,296091,68096F71,1340
0,0,GameData\motion_cbl_ytgc002_2.arc,2475220,008FABF0,1160
0,0,GameData\paths.dat,2205,88A1F754,1360
0,0,GameData\prioritymaterial.arc,124838,E0685A4C,1360
0,0,GameData\script_cbl.arc,2113769,2CF55BDC,1360
0,0,GameData\script_cbl_addpose001.arc,1219,0C884F57,1220
0,0,GameData\script_cbl_personal001_2.arc,340451,B4150145,1260
0,0,GameData\texture3.arc,8309676,4D1D3FA9,1340
0,0,GameData\texture_addpose001.arc,23943,1D529A44,1220
0,0,GameData\texture_denkigai2015wTowelR.arc,133065,FE4BDC34,1360
0,0,GameData\texture_dlc004_2.arc,4805734,C8E5CFB4,1200
0,0,GameData\texture_dlc046_2.arc,596960,FC606BA5,1220
0,0,GameData\texture_vp001_2.arc,562695,D458C6A6,1300
0,0,GameData\texture_yomeido003_2.arc,117248,0EE72B42,1240
0,0,GameData\sound2.arc,12017684,3FAA939B,1330
0,0,GameData\voice_cbl2.arc,9627083,76D43E7B,1090
0,0,manual\data\005.png,459612,3AF928C5,1170
0,0,manual\data\010.png,800070,5269304C,1170
0,0,PhotoModeData\Mod\Motion\readme.txt,146,3BF5AF4D,1220
0,0,Preset\8_ren_1_yosiko.preset,55432,D54FD70C,1220
0,0,Preset\8_ren_2_ayumi.preset,51097,3C44F9DB,1220
0,0,Preset\8_ren_3_sakura.preset,52635,33F54D90,1220
0,0,Preset\8_ren_4_ai.preset,46819,9B6E5960,1220
