0,0,CM3D2.exe,7793664,D44E2FA5,1007
0,0,CM3D2x64.exe,14916096,81C8AE0F,133
0,0,CM3D2x64_Data\level0,165464,6E560B06,1330
0,0,CM3D2x64_Data\level1,168768,64114B5D,1330
0,0,CM3D2x64_Data\level10,151192,535AF4BA,1330
0,0,CM3D2x64_Data\level11,175552,18CE5F75,1330
0,0,CM3D2x64_Data\level12,151624,3E964F26,1330
0,0,CM3D2x64_Data\level13,473616,064A2AD2,1330
0,0,CM3D2x64_Data\level14,4376,9F353575,1330
0,0,CM3D2x64_Data\level15,154272,2CD3B819,1330
0,0,CM3D2x64_Data\level16,4376,5E0A5CED,1330
0,0,CM3D2x64_Data\level17,167896,13F1E86B,1330
0,0,CM3D2x64_Data\level18,229968,7996F2D7,1330
0,0,CM3D2x64_Data\level19,366440,614B300D,1330
0,0,CM3D2x64_Data\level2,368016,B130DA56,1330
0,0,CM3D2x64_Data\level20,171680,C62A781A,1330
0,0,CM3D2x64_Data\level21,444064,3A6EE412,1330
0,0,CM3D2x64_Data\level22,214784,B998F76B,1330
0,0,CM3D2x64_Data\level23,237560,E68FBECE,1330
0,0,CM3D2x64_Data\level24,170672,CBC3A86E,1330
0,0,CM3D2x64_Data\level25,552656,9E97B757,1330
0,0,CM3D2x64_Data\level26,736400,295D43CD,1330
0,0,CM3D2x64_Data\level27,431856,8AD78CA9,1330
0,0,CM3D2x64_Data\level28,170696,AD378A2E,1330
0,0,CM3D2x64_Data\level29,502216,6189BAC5,1330
0,0,CM3D2x64_Data\level3,489128,7885482A,1330
0,0,CM3D2x64_Data\level4,559008,69F29CC0,1330
0,0,CM3D2x64_Data\level5,151616,3BA94206,1330
0,0,CM3D2x64_Data\level6,298808,4BA222BD,1330
0,0,CM3D2x64_Data\level7,192040,7F3DA7C3,1330
0,0,CM3D2x64_Data\level8,188232,BA6FC537,1330
0,0,CM3D2x64_Data\level9,161224,B3054585,1330
0,0,CM3D2x64_Data\mainData,1059856,EED507D0,1330
0,0,CM3D2x64_Data\PlayerConnectionConfigFile,21,D91AF6AE,1330
0,0,CM3D2x64_Data\resources.assets,280177800,10EF7C44,1330
0,0,CM3D2x64_Data\sharedassets0.assets,241515632,21200D9D,1330
0,0,CM3D2x64_Data\sharedassets1.assets,6649340,DACFAC74,1330
0,0,CM3D2x64_Data\sharedassets10.assets,5336,A7996BCE,1330
0,0,CM3D2x64_Data\sharedassets11.assets,466388,04BC8E6A,1330
0,0,CM3D2x64_Data\sharedassets12.assets,5360,CC2B75D9,1330
0,0,CM3D2x64_Data\sharedassets13.assets,927480,BEE9A5C7,1330
0,0,CM3D2x64_Data\sharedassets14.assets,2458128,B806AB9A,1330
0,0,CM3D2x64_Data\sharedassets15.assets,4112,BEDCC922,1330
0,0,CM3D2x64_Data\sharedassets16.assets,4200976,131C0876,1330
0,0,CM3D2x64_Data\sharedassets17.assets,4112,6223DD84,1330
0,0,CM3D2x64_Data\sharedassets18.assets,116387180,D316CDD4,1330
0,0,CM3D2x64_Data\sharedassets19.assets,3691828,E2F9C319,1330
0,0,CM3D2x64_Data\sharedassets2.assets,3514276,35BD8A22,1330
0,0,CM3D2x64_Data\sharedassets20.assets,275132,9574966D,1330
0,0,CM3D2x64_Data\sharedassets21.assets,5400,530F1CF4,1330
0,0,CM3D2x64_Data\sharedassets22.assets,72704,8B215EF8,1330
0,0,CM3D2x64_Data\sharedassets23.assets,5488,BFF0EEDF,1330
0,0,CM3D2x64_Data\sharedassets24.assets,5408,3294B027,1330
0,0,CM3D2x64_Data\sharedassets25.assets,5408,82AC56DE,1330
0,0,CM3D2x64_Data\sharedassets26.assets,1423820,B5BFE6E4,1330
0,0,CM3D2x64_Data\sharedassets27.assets,5736,50E41535,1330
0,0,CM3D2x64_Data\sharedassets28.assets,39509544,AAAEDB00,1330
0,0,CM3D2x64_Data\sharedassets29.assets,5408,3A113157,1330
0,0,CM3D2x64_Data\sharedassets3.assets,16005728,1EEE2099,1330
0,0,CM3D2x64_Data\sharedassets30.assets,67724952,6B370547,1330
0,0,CM3D2x64_Data\sharedassets4.assets,34784236,EBA5D8D8,1330
0,0,CM3D2x64_Data\sharedassets5.assets,6952220,0A6FC5B6,1330
0,0,CM3D2x64_Data\sharedassets6.assets,503416,C6F1EFDE,1330
0,0,CM3D2x64_Data\sharedassets7.assets,5536,6CBA366D,1330
0,0,CM3D2x64_Data\sharedassets8.assets,355516,6DE0E24A,1330
0,0,CM3D2x64_Data\sharedassets9.assets,11891628,A4A4CEB1,1330
0,0,CM3D2x64_Data\Managed\Accessibility.dll,10752,C80413DC,1330
0,0,CM3D2x64_Data\Managed\Assembly-CSharp-firstpass.dll,443904,C18AD1BD,1330
0,0,CM3D2x64_Data\Managed\Assembly-CSharp.dll,2080768,633068E1,1330
0,0,CM3D2x64_Data\Managed\Assembly-UnityScript-firstpass.dll,65024,6A8B43E7,1330
0,0,CM3D2x64_Data\Managed\Boo.Lang.dll,126976,E379C12B,1330
0,0,CM3D2x64_Data\Managed\JsonFx.Json.dll,70144,A0F0CFCB,1330
0,0,CM3D2x64_Data\Managed\Mono.Data.Tds.dll,96256,10E297D4,1330
0,0,CM3D2x64_Data\Managed\Mono.Posix.dll,184320,82B6C163,1330
0,0,CM3D2x64_Data\Managed\Mono.Security.dll,294912,C759B90F,1330
0,0,CM3D2x64_Data\Managed\Mono.WebBrowser.dll,172032,3BD66294,1330
0,0,CM3D2x64_Data\Managed\mscorlib.dll,2590208,54064D59,1330
0,0,CM3D2x64_Data\Managed\System.Configuration.dll,124928,CA10261D,1330
0,0,CM3D2x64_Data\Managed\System.Core.dll,300032,615F5AFE,1330
0,0,CM3D2x64_Data\Managed\System.Data.dll,856064,E7FF9373,1330
0,0,CM3D2x64_Data\Managed\System.dll,1678848,0F9C1035,1330
0,0,CM3D2x64_Data\Managed\System.Drawing.Design.dll,29696,E7B53FF9,1330
0,0,CM3D2x64_Data\Managed\System.Drawing.dll,448512,C4B2E872,1330
0,0,CM3D2x64_Data\Managed\System.EnterpriseServices.dll,46592,4FFDA4D6,1330
0,0,CM3D2x64_Data\Managed\System.Security.dll,135168,B020F0F1,1330
0,0,CM3D2x64_Data\Managed\System.Transactions.dll,27648,E3B069A5,1330
0,0,CM3D2x64_Data\Managed\System.Windows.Forms.dll,3053568,56394001,1330
0,0,CM3D2x64_Data\Managed\System.Xml.dll,1270272,C76991B8,1330
0,0,CM3D2x64_Data\Managed\System.Xml.Linq.dll,106496,1E91F41B,1330
0,0,CM3D2x64_Data\Managed\UnityEngine.dll,614912,78BD0E4B,1330
0,0,CM3D2x64_Data\Managed\UnityEngine.UI.dll,176128,59066003,1330
0,0,CM3D2x64_Data\Managed\UnityScript.Lang.dll,14336,7309FF69,1330
0,0,CM3D2x64_Data\Mono\mono.dll,2601984,92A930A2,1330
0,0,CM3D2x64_Data\Mono\etc\mono\browscap.ini,311984,CE6C0AB3,1330
0,0,CM3D2x64_Data\Mono\etc\mono\config,1691,A635914A,1330
0,0,CM3D2x64_Data\Mono\etc\mono\1.0\DefaultWsdlHelpGenerator.aspx,58196,10E814BF,1330
0,0,CM3D2x64_Data\Mono\etc\mono\1.0\machine.config,17259,82F1AD8B,1330
0,0,CM3D2x64_Data\Mono\etc\mono\2.0\DefaultWsdlHelpGenerator.aspx,60453,F3869A34,1330
0,0,CM3D2x64_Data\Mono\etc\mono\2.0\machine.config,27626,4F6C3F79,1330
0,0,CM3D2x64_Data\Mono\etc\mono\2.0\settings.map,2618,A1A3C29F,1330
0,0,CM3D2x64_Data\Mono\etc\mono\2.0\web.config,11686,534A9960,1330
0,0,CM3D2x64_Data\Mono\etc\mono\2.0\Browsers\Compat.browser,1605,2E178A0B,1330
0,0,CM3D2x64_Data\Mono\etc\mono\mconfig\config.xml,25817,80B2033A,1330
0,0,CM3D2x64_Data\Plugins\cm3d2_x64.dll,1516032,D01D1619,1330
0,0,CM3D2x64_Data\Plugins\device_hook.dll,114688,21D72F31,1330
0,0,CM3D2x64_Data\Resources\unity default resources,1571709,31020360,1330
0,0,CM3D2x64_Data\Resources\unity_builtin_extra,372672,72A6CE0B,1330
0,0,GameData\motion2.arc,74382559,484D47CB,1330
0,0,GameData\motion_addpose001.arc,902194,517CF6C8,1220
0,0,GameData\motion_pp001_2.arc,615858,0E432519,1220
0,0,GameData\motion_vp001_2.arc,141579,7857F9CD,1160
0,0,GameData\script.arc,13341856,63CC94BC,1330
0,0,GameData\script_addpose001.arc,1194,9F2EDF3C,1220
0,0,GameData\script_cos002_2.arc,72002,5BAAF903,1330
0,0,GameData\script_denkigai2015w_2.arc,40178,8634EE8F,1220
0,0,GameData\script_denkigai2015wPants_2.arc,12658,57896547,1220
0,0,GameData\script_personal001_2.arc,2696467,A7340AC6,1310
0,0,GameData\script_personal002_2.arc,85484,8C29135C,1310
0,0,GameData\script_pp001_2.arc,130367,987F0F31,1330
0,0,GameData\script_ytgc006_2.arc,3874,68677825,1311
0,0,GameData\voice2.arc,290990258,55953CD2,1010
0,0,GameData\voice3.arc,101849461,061F0890,1250
0,0,manual\data\004.png,699424,54A4DC50,1010
0,0,manual\data\007.png,453984,97E623F5,1010
0,0,manual\data\008.png,553674,7B23C3DF,1010
0,0,manual\data\013.png,673884,992CEEC5,1010
0,0,Preset\1_junshin.preset,43021,0D00795A,1010
0,0,Preset\2_coodere.preset,43516,E9EBB0F2,1010
0,0,Preset\3_tsundere.preset,48900,D0EF8B9E,1010
0,0,Preset\4_default.preset,43697,C5E392BE,1010
0,0,Preset\5_pretty_junshin.preset,40739,D9262BEF,1010
0,0,Preset\6_pretty_coodere.preset,39554,E54D5766,1010
0,0,Preset\7_pretty_tsundere.preset,38235,CA8437BB,1010
0,0,Preset\8_ren_1_yosiko.preset,55432,D54FD70C,1220
0,0,Preset\8_ren_2_ayumi.preset,51097,3C44F9DB,1220
0,0,Preset\8_ren_3_sakura.preset,52635,33F54D90,1220
0,0,Preset\8_ren_4_ai.preset,46819,9B6E5960,1220
share,../GameData\patch\bg_pp001_2.arc,GameData\bg_pp001_2.arc,1237157,C9D912F7,1220
share,../GameData\patch\csv.arc,GameData\csv.arc,2361360,45E18AC1,1330
share,../GameData\patch\csv_addpose001.arc,GameData\csv_addpose001.arc,1235,D06FCA6D,1220
share,../GameData\patch\csv_pp001_2.arc,GameData\csv_pp001_2.arc,10002,668119FA,1330
share,../GameData\patch\csv_vp001_2.arc,GameData\csv_vp001_2.arc,2082,25E58CEB,1160
share,../GameData\patch\material2.arc,GameData\material2.arc,207669,1E308A48,1313
share,../GameData\patch\material_denkigai2015s003_2.arc,GameData\material_denkigai2015s003_2.arc,7106,0C82D791,1150
share,../GameData\patch\material_dlc055_2.arc,GameData\material_dlc055_2.arc,5282,11A93109,1280
share,../GameData\patch\material_dlsite_2.arc,GameData\material_dlsite_2.arc,1762,C5A837EA,1150
share,../GameData\patch\material_shop001_2.arc,GameData\material_shop001_2.arc,1762,D98CED1C,1150
share,../GameData\patch\material_shop002_2.arc,GameData\material_shop002_2.arc,1762,956BB00E,1150
share,../GameData\patch\material_shop003_2.arc,GameData\material_shop003_2.arc,1762,38CEBFF2,1150
share,../GameData\patch\material_shop005_2.arc,GameData\material_shop005_2.arc,1714,3E621A32,1150
share,../GameData\patch\material_shop007_2.arc,GameData\material_shop007_2.arc,2578,C8CE627C,1150
share,../GameData\patch\material_vp001_2.arc,GameData\material_vp001_2.arc,9554,066C9CA9,1150
share,../GameData\patch\material_yomeido003_2.arc,GameData\material_yomeido003_2.arc,1522,0689A7AC,1240
share,../GameData\patch\menu2.arc,GameData\menu2.arc,227325,E2159374,1320
share,../GameData\patch\menu_denkigai2015s001_2.arc,GameData\menu_denkigai2015s001_2.arc,6594,8B3E849F,1160
share,../GameData\patch\menu_denkigai2015s003_2.arc,GameData\menu_denkigai2015s003_2.arc,4338,D294CE88,1150
share,../GameData\patch\menu_dlc026_2.arc,GameData\menu_dlc026_2.arc,3778,69453D54,1190
share,../GameData\patch\menu_dlc028_2.arc,GameData\menu_dlc028_2.arc,3874,DE3F1C31,1200
share,../GameData\patch\menu_dlc061_2.arc,GameData\menu_dlc061_2.arc,3810,F99C1D4E,1290
share,../GameData\patch\menu_dlc074_2.arc,GameData\menu_dlc074_2.arc,5618,24C559D7,1312
share,../GameData\patch\menu_dlsite_2.arc,GameData\menu_dlsite_2.arc,1954,B2268BA7,1150
share,../GameData\patch\menu_personal002_2.arc,GameData\menu_personal002_2.arc,1282,5687650C,1310
share,../GameData\patch\menu_shop001_2.arc,GameData\menu_shop001_2.arc,3314,35207C87,1150
share,../GameData\patch\menu_shop005_2.arc,GameData\menu_shop005_2.arc,1378,0C9AF725,1150
share,../GameData\patch\menu_vp001_2.arc,GameData\menu_vp001_2.arc,18546,5FFF33DA,1150
share,../GameData\patch\menu_yomeido003_2.arc,GameData\menu_yomeido003_2.arc,1234,4D6F619D,1240
share,../GameData\patch\menu_yomeidogp_wedding_2.arc,GameData\menu_yomeidogp_wedding_2.arc,3954,C251B12C,1320
share,../GameData\patch\model2.arc,GameData\model2.arc,13796294,06D831E7,1313
share,../GameData\patch\model_denkigai2015s003_2.arc,GameData\model_denkigai2015s003_2.arc,394665,41A48185,1150
share,../GameData\patch\model_dlc005_2.arc,GameData\model_dlc005_2.arc,175424,F7DD7D82,1270
share,../GameData\patch\model_dlc046_2.arc,GameData\model_dlc046_2.arc,155690,83B34173,1220
share,../GameData\patch\model_dlc073_2.arc,GameData\model_dlc073_2.arc,267037,47D33A06,1320
share,../GameData\patch\model_dlsite_2.arc,GameData\model_dlsite_2.arc,197173,24366C43,1150
share,../GameData\patch\model_shop001_2.arc,GameData\model_shop001_2.arc,115215,9C941FAF,1150
share,../GameData\patch\model_shop002_2.arc,GameData\model_shop002_2.arc,251253,743C3D97,1150
share,../GameData\patch\model_shop003_2.arc,GameData\model_shop003_2.arc,185433,A15EC70A,1150
share,../GameData\patch\model_shop005_2.arc,GameData\model_shop005_2.arc,150103,FB5341FA,1150
share,../GameData\patch\model_shop007_2.arc,GameData\model_shop007_2.arc,288759,80615CBD,1150
share,../GameData\patch\model_vp001_2.arc,GameData\model_vp001_2.arc,290407,A19508D6,1150
share,../GameData\patch\paths.dat,GameData\paths.dat,1818,97C4445D,1330
share,../GameData\patch\prioritymaterial.arc,GameData\prioritymaterial.arc,116360,B33E3C6F,1330
share,../GameData\patch\sound2.arc,GameData\sound2.arc,12017684,3FAA939B,1330
share,../GameData\patch\texture2.arc,GameData\texture2.arc,748712227,393809F6,1130
share,../GameData\patch\texture3.arc,GameData\texture3.arc,8293843,8B0C7889,1320
share,../GameData\patch\texture_addpose001.arc,GameData\texture_addpose001.arc,23943,1D529A44,1220
share,../GameData\patch\texture_dlc004_2.arc,GameData\texture_dlc004_2.arc,4805734,C8E5CFB4,1200
share,../GameData\patch\texture_dlc046_2.arc,GameData\texture_dlc046_2.arc,596960,FC606BA5,1220
share,../GameData\patch\texture_vp001_2.arc,GameData\texture_vp001_2.arc,562695,D458C6A6,1300
share,../GameData\patch\texture_yomeido003_2.arc,GameData\texture_yomeido003_2.arc,117248,0EE72B42,1240
share,../PhotoModeData\Mod\Motion\readme.txt,PhotoModeData\Mod\Motion\readme.txt,146,3BF5AF4D,1220
share,../Preset\8_ren_5_megumi.preset,Preset\8_ren_5_megumi.preset,55582,1A1581E0,100
share,../Preset\8_ren_6_yuna.preset,Preset\8_ren_6_yuna.preset,57622,57012A7A,100
share,../Preset\8_ren_7_mikoto.preset,Preset\8_ren_7_mikoto.preset,48611,92B0726A,100
share,../Preset\8_ren_8_ginga.preset,Preset\8_ren_8_ginga.preset,56746,03F237E7,100
share,../Preset\10_hhs_chara1.preset,Preset\10_hhs_chara1.preset,53411,AE77A9C4,100
share,../Preset\10_hhs_chara2.preset,Preset\10_hhs_chara2.preset,52008,16C3C8B4,100
share,../GameData\PP002\bg_pp002.arc,GameData\bg_pp002.arc,5985253,8436DDBE,100
share,../GameData\PP002\csv_pp002.arc,GameData\csv_pp002.arc,24830,2356F0F6,100
share,../GameData\PP002\material_pp002.arc,GameData\material_pp002.arc,34150,FA7EFBCD,100
share,../GameData\PP002\menu_pp002.arc,GameData\menu_pp002.arc,18901,79D576CD,100
share,../GameData\PP002\model_pp002.arc,GameData\model_pp002.arc,15995302,159F3C51,100
share,../GameData\PP002\sound_pp002.arc,GameData\sound_pp002.arc,18099381,BD887658,100
share,../GameData\PP002\system_pp002.arc,GameData\system_pp002.arc,333733,4B7D321A,100
share,../GameData\PP002\texture_pp002.arc,GameData\texture_pp002.arc,118744341,ADFC5198,100
share,../GameData\PP002\voice_pp002A.arc,GameData\voice_pp002A.arc,1582463025,8B4001CA,100
share,../GameData\PP002\voice_pp002B.arc,GameData\voice_pp002B.arc,1907624077,1FD50AAB,100
share,../GameData\PP002\script_pp002.arc,GameData\script_pp002.arc,5237867,9EFD4676,100
share,../GameData\PP002\motion_pp002.arc,GameData\motion_pp002.arc,167573478,D68D1065,100
