0,0,COM3D2OH.exe,6612992,2A3F7EC9,2004
0,0,COM3D2OHx64.exe,22841856,858642A8,1110
0,0,LICENSE,31205,24BAD003,1110
0,0,COM3D2OHx64_Data\app.info,42,6CD75754,1110
0,0,COM3D2OHx64_Data\globalgamemanagers,4058036,9B1DC47F,1110
0,0,COM3D2OHx64_Data\globalgamemanagers.assets,213188,88914349,1110
0,0,COM3D2OHx64_Data\level0,261836,EB687B95,1110
0,0,COM3D2OHx64_Data\level1,278500,16505C58,1110
0,0,COM3D2OHx64_Data\level10,618012,5C76885A,1110
0,0,COM3D2OHx64_Data\level11,6948,6FF9C820,1110
0,0,COM3D2OHx64_Data\level12,264292,C5F9CEC2,1110
0,0,COM3D2OHx64_Data\level13,4664,9DF161E4,1110
0,0,COM3D2OHx64_Data\level14,280980,F879D691,1110
0,0,COM3D2OHx64_Data\level15,269156,0A905456,1110
0,0,COM3D2OHx64_Data\level16,886772,B4F519D3,1110
0,0,COM3D2OHx64_Data\level17,340948,19449289,1110
0,0,COM3D2OHx64_Data\level18,1016412,A1536132,1110
0,0,COM3D2OHx64_Data\level19,341612,8D10F01B,1110
0,0,COM3D2OHx64_Data\level2,666292,7E16E1AE,1110
0,0,COM3D2OHx64_Data\level20,1858124,D0A52ABE,1110
0,0,COM3D2OHx64_Data\level21,1046420,64277CB4,1110
0,0,COM3D2OHx64_Data\level22,1019716,4610806E,1110
0,0,COM3D2OHx64_Data\level23,383988,7A9D17CF,1110
0,0,COM3D2OHx64_Data\level24,27904,10D9384A,1110
0,0,COM3D2OHx64_Data\level24.resS,131232,437C95D8,1110
0,0,COM3D2OHx64_Data\level25,51676,4108B6BD,1110
0,0,COM3D2OHx64_Data\level26,56036,6B4AFDFC,1110
0,0,COM3D2OHx64_Data\level27,6832,A1664E0C,1110
0,0,COM3D2OHx64_Data\level28,262732,556B87AA,1110
0,0,COM3D2OHx64_Data\level29,1507732,CF472A40,1110
0,0,COM3D2OHx64_Data\level3,1144260,7AECF79C,1110
0,0,COM3D2OHx64_Data\level30,1364364,56A379F7,1110
0,0,COM3D2OHx64_Data\level31,1385964,AEED92A6,1110
0,0,COM3D2OHx64_Data\level32,1281196,D419C3D4,1110
0,0,COM3D2OHx64_Data\level33,1345652,C2981B50,1110
0,0,COM3D2OHx64_Data\level34,1471076,63C8EB27,1110
0,0,COM3D2OHx64_Data\level35,1208060,48765A86,1110
0,0,COM3D2OHx64_Data\level36,958692,8E767502,1110
0,0,COM3D2OHx64_Data\level37,965980,42A4B1B3,1110
0,0,COM3D2OHx64_Data\level38,1208060,E2B8D6AC,1110
0,0,COM3D2OHx64_Data\level39,1088676,0C5ECE48,1110
0,0,COM3D2OHx64_Data\level4,1089364,9E22A098,1110
0,0,COM3D2OHx64_Data\level40,877244,D1EAFFDB,1110
0,0,COM3D2OHx64_Data\level41,1163628,724EDD36,1110
0,0,COM3D2OHx64_Data\level42,1306116,C61BBE43,1110
0,0,COM3D2OHx64_Data\level43,1264644,412B6C37,1110
0,0,COM3D2OHx64_Data\level44,849452,0212DBF2,1110
0,0,COM3D2OHx64_Data\level45,337612,D425D282,1110
0,0,COM3D2OHx64_Data\level46,333980,DDBF430A,1110
0,0,COM3D2OHx64_Data\level47,377684,A2CEA826,1110
0,0,COM3D2OHx64_Data\level48,399820,1CAA6AC9,1110
0,0,COM3D2OHx64_Data\level49,328212,83B7D395,1110
0,0,COM3D2OHx64_Data\level5,262820,88D66DBF,1110
0,0,COM3D2OHx64_Data\level50,388172,7A06A2D4,1110
0,0,COM3D2OHx64_Data\level51,971628,8649404D,1110
0,0,COM3D2OHx64_Data\level52,896028,BF1BFA51,1110
0,0,COM3D2OHx64_Data\level6,350412,69E03589,1110
0,0,COM3D2OHx64_Data\level7,262348,81E8951E,1110
0,0,COM3D2OHx64_Data\level8,327068,D846E220,1110
0,0,COM3D2OHx64_Data\level9,262828,7F895980,1110
0,0,COM3D2OHx64_Data\resources.assets,382937920,146C5ADD,1110
0,0,COM3D2OHx64_Data\resources.assets.resS,1639722224,737B4CE5,1110
0,0,COM3D2OHx64_Data\resources.resource,692096,84F04AA0,1110
0,0,COM3D2OHx64_Data\sharedassets0.assets,115224720,E02641C2,1110
0,0,COM3D2OHx64_Data\sharedassets0.assets.resS,121744416,342139C8,1110
0,0,COM3D2OHx64_Data\sharedassets1.assets,6196,F644369A,1110
0,0,COM3D2OHx64_Data\sharedassets10.assets,6496,AB162923,1110
0,0,COM3D2OHx64_Data\sharedassets11.assets,4540,93355E51,1110
0,0,COM3D2OHx64_Data\sharedassets12.assets,6100,110920B9,1110
0,0,COM3D2OHx64_Data\sharedassets13.assets,4132,850B2A5A,1110
0,0,COM3D2OHx64_Data\sharedassets14.assets,6820,64422B07,1110
0,0,COM3D2OHx64_Data\sharedassets15.assets,6160,937AA696,1110
0,0,COM3D2OHx64_Data\sharedassets16.assets,12340,B8DF7B49,1110
0,0,COM3D2OHx64_Data\sharedassets17.assets,6244,DB655783,1110
0,0,COM3D2OHx64_Data\sharedassets18.assets,12568,68148A63,1110
0,0,COM3D2OHx64_Data\sharedassets19.assets,6268,E1605925,1110
0,0,COM3D2OHx64_Data\sharedassets2.assets,6520,1A70AC28,1110
0,0,COM3D2OHx64_Data\sharedassets20.assets,7036,65282BDC,1110
0,0,COM3D2OHx64_Data\sharedassets21.assets,12544,48ADE12A,1110
0,0,COM3D2OHx64_Data\sharedassets22.assets,12544,48ADE12A,1110
0,0,COM3D2OHx64_Data\sharedassets23.assets,18126808,B2247D6F,1110
0,0,COM3D2OHx64_Data\sharedassets24.assets,12328,E209A6DB,1110
0,0,COM3D2OHx64_Data\sharedassets25.assets,4420,2F3DDA45,1110
0,0,COM3D2OHx64_Data\sharedassets26.assets,4324,DD58049D,1110
0,0,COM3D2OHx64_Data\sharedassets27.assets,4264,3A8A6CA4,1110
0,0,COM3D2OHx64_Data\sharedassets28.assets,6076,455DC7D8,1110
0,0,COM3D2OHx64_Data\sharedassets29.assets,12340,B91AC661,1110
0,0,COM3D2OHx64_Data\sharedassets3.assets,12796,C82676B9,1110
0,0,COM3D2OHx64_Data\sharedassets30.assets,12340,AFB8E0C0,1110
0,0,COM3D2OHx64_Data\sharedassets31.assets,12340,3EF72464,1110
0,0,COM3D2OHx64_Data\sharedassets32.assets,9232,2CAFD1F9,1110
0,0,COM3D2OHx64_Data\sharedassets33.assets,9340,272BEF80,1110
0,0,COM3D2OHx64_Data\sharedassets34.assets,9328,9AAF2BC1,1110
0,0,COM3D2OHx64_Data\sharedassets35.assets,12424,9E527B3C,1110
0,0,COM3D2OHx64_Data\sharedassets36.assets,9124,76765543,1110
0,0,COM3D2OHx64_Data\sharedassets37.assets,9160,91A9DC89,1110
0,0,COM3D2OHx64_Data\sharedassets38.assets,12424,9E527B3C,1110
0,0,COM3D2OHx64_Data\sharedassets39.assets,9364,3D8D13E3,1110
0,0,COM3D2OHx64_Data\sharedassets4.assets,7060,B03C8ABE,1110
0,0,COM3D2OHx64_Data\sharedassets40.assets,9160,91A9DC89,1110
0,0,COM3D2OHx64_Data\sharedassets41.assets,9304,7E1D0747,1110
0,0,COM3D2OHx64_Data\sharedassets42.assets,12340,41962139,1110
0,0,COM3D2OHx64_Data\sharedassets43.assets,9340,272BEF80,1110
0,0,COM3D2OHx64_Data\sharedassets44.assets,9328,9AAF2BC1,1110
0,0,COM3D2OHx64_Data\sharedassets45.assets,42236492,B8F544BF,1110
0,0,COM3D2OHx64_Data\sharedassets45.assets.resS,87400,8BA6C322,1110
0,0,COM3D2OHx64_Data\sharedassets46.assets,38246460,6F495B49,1110
0,0,COM3D2OHx64_Data\sharedassets47.assets,32874556,7E4377E4,1110
0,0,COM3D2OHx64_Data\sharedassets48.assets,36735636,FC5E23FC,1110
0,0,COM3D2OHx64_Data\sharedassets48.assets.resS,174776,5B619AF1,1110
0,0,COM3D2OHx64_Data\sharedassets49.assets,41277312,C82E5C08,1110
0,0,COM3D2OHx64_Data\sharedassets5.assets,6064,BDE3F010,1110
0,0,COM3D2OHx64_Data\sharedassets50.assets,39399064,4B6F5801,1110
0,0,COM3D2OHx64_Data\sharedassets51.assets,3016892,39B48306,1110
0,0,COM3D2OHx64_Data\sharedassets51.assets.resS,611728,7BFBEAAE,1110
0,0,COM3D2OHx64_Data\sharedassets52.assets,9388,CD5329F9,1110
0,0,COM3D2OHx64_Data\sharedassets6.assets,6976,B772F881,1110
0,0,COM3D2OHx64_Data\sharedassets7.assets,6040,549FEC51,1110
0,0,COM3D2OHx64_Data\sharedassets8.assets,6280,41C82202,1110
0,0,COM3D2OHx64_Data\sharedassets9.assets,6064,DF3DA962,1110
0,0,COM3D2OHx64_Data\Managed\Accessibility.dll,10752,5CB31E4E,1110
0,0,COM3D2OHx64_Data\Managed\Assembly-CSharp-firstpass.dll,790016,AC0115E8,1110
0,0,COM3D2OHx64_Data\Managed\Assembly-CSharp.dll,4745216,AE32E830,1110
0,0,COM3D2OHx64_Data\Managed\Assembly-UnityScript-firstpass.dll,65024,6BF01FA0,1110
0,0,COM3D2OHx64_Data\Managed\Boo.Lang.dll,126976,28383F70,1110
0,0,COM3D2OHx64_Data\Managed\BouncyCastle.Crypto.dll,2236416,5A4C4F07,1110
0,0,COM3D2OHx64_Data\Managed\FoveUnityPlugin.dll,28672,A6EA882B,1110
0,0,COM3D2OHx64_Data\Managed\ICSharpCode.SharpZipLib.dll,200704,D3160A1C,1110
0,0,COM3D2OHx64_Data\Managed\Ionic.Zlib.dll,102400,7C9E7DD2,1110
0,0,COM3D2OHx64_Data\Managed\JsonFx.Json.dll,70144,A0F0CFCB,1110
0,0,COM3D2OHx64_Data\Managed\LeapCSharp.NET3.5.dll,82432,38E38212,1110
0,0,COM3D2OHx64_Data\Managed\Mono.Data.Tds.dll,96256,2965324B,1110
0,0,COM3D2OHx64_Data\Managed\Mono.Posix.dll,184320,0CE35BE3,1110
0,0,COM3D2OHx64_Data\Managed\Mono.Security.dll,294912,66EB9979,1110
0,0,COM3D2OHx64_Data\Managed\Mono.WebBrowser.dll,172032,137B736F,1110
0,0,COM3D2OHx64_Data\Managed\mscorlib.dll,2590208,5166389B,1110
0,0,COM3D2OHx64_Data\Managed\Newtonsoft.Json.dll,494592,5C881B73,1110
0,0,COM3D2OHx64_Data\Managed\System.Configuration.dll,124928,72952344,1110
0,0,COM3D2OHx64_Data\Managed\System.Core.dll,297472,9E3EE5D7,1110
0,0,COM3D2OHx64_Data\Managed\System.Data.dll,856064,DDDB80CD,1110
0,0,COM3D2OHx64_Data\Managed\System.dll,1679360,13922617,1110
0,0,COM3D2OHx64_Data\Managed\System.Drawing.Design.dll,29696,E7B53FF9,1110
0,0,COM3D2OHx64_Data\Managed\System.Drawing.dll,448512,C4B2E872,1110
0,0,COM3D2OHx64_Data\Managed\System.EnterpriseServices.dll,46592,2C72A9FE,1110
0,0,COM3D2OHx64_Data\Managed\System.Security.dll,135168,1CE94C57,1110
0,0,COM3D2OHx64_Data\Managed\System.Transactions.dll,27648,45299FCF,1110
0,0,COM3D2OHx64_Data\Managed\System.Windows.Forms.dll,3053568,56394001,1110
0,0,COM3D2OHx64_Data\Managed\System.Xml.dll,1270272,4581A35B,1110
0,0,COM3D2OHx64_Data\Managed\System.Xml.Linq.dll,106496,E844371C,1110
0,0,COM3D2OHx64_Data\Managed\UnityEngine.dll,1393152,2C35388C,1110
0,0,COM3D2OHx64_Data\Managed\UnityEngine.dll.mdb,449828,8610375E,1110
0,0,COM3D2OHx64_Data\Managed\UnityEngine.Networking.dll,253952,2BDF701F,1110
0,0,COM3D2OHx64_Data\Managed\UnityEngine.UI.dll,245760,FA552B2D,1110
0,0,COM3D2OHx64_Data\Managed\UnityEngine.VR.dll,3072,A4582CD6,1110
0,0,COM3D2OHx64_Data\Managed\UnityScript.Lang.dll,13824,0DA8F681,1110
0,0,COM3D2OHx64_Data\Managed\zxing.unity.dll,430592,9FD1F198,1110
0,0,COM3D2OHx64_Data\Mono\mono.dll,2618816,0BEA8C0F,1110
0,0,COM3D2OHx64_Data\Mono\MonoPosixHelper.dll,113664,9B5E1E4D,1110
0,0,COM3D2OHx64_Data\Mono\etc\mono\browscap.ini,311984,CE6C0AB3,1110
0,0,COM3D2OHx64_Data\Mono\etc\mono\config,1691,A635914A,1110
0,0,COM3D2OHx64_Data\Mono\etc\mono\1.0\DefaultWsdlHelpGenerator.aspx,58196,10E814BF,1110
0,0,COM3D2OHx64_Data\Mono\etc\mono\1.0\machine.config,17258,EDE1AC59,1110
0,0,COM3D2OHx64_Data\Mono\etc\mono\2.0\DefaultWsdlHelpGenerator.aspx,60453,F3869A34,1110
0,0,COM3D2OHx64_Data\Mono\etc\mono\2.0\machine.config,27625,73C91C24,1110
0,0,COM3D2OHx64_Data\Mono\etc\mono\2.0\settings.map,2618,A1A3C29F,1110
0,0,COM3D2OHx64_Data\Mono\etc\mono\2.0\web.config,11686,534A9960,1110
0,0,COM3D2OHx64_Data\Mono\etc\mono\2.0\Browsers\Compat.browser,1605,2E178A0B,1110
0,0,COM3D2OHx64_Data\Mono\etc\mono\mconfig\config.xml,25817,80B2033A,1110
0,0,COM3D2OHx64_Data\Plugins\assimp.dll,4388864,7C910D84,1110
0,0,COM3D2OHx64_Data\Plugins\Audio360.dll,1499136,2D77400A,1110
0,0,COM3D2OHx64_Data\Plugins\AVProVideo.dll,891392,A3612D4B,1110
0,0,COM3D2OHx64_Data\Plugins\clothpp.dll,112128,7C3264A4,1110
0,0,COM3D2OHx64_Data\Plugins\cm3d2.dll,2137088,983414FB,1110
0,0,COM3D2OHx64_Data\Plugins\device_hook.dll,738816,F61E7CED,1110
0,0,COM3D2OHx64_Data\Plugins\FoveClient.dll,1849384,58C8B4F6,1110
0,0,COM3D2OHx64_Data\Plugins\LeapC.dll,2516992,FBDD3767,1110
0,0,COM3D2OHx64_Data\Plugins\openvr_api.dll,318272,44432E0F,1110
0,0,COM3D2OHx64_Data\Plugins\OVRGamepad.dll,12800,2C526135,1110
0,0,COM3D2OHx64_Data\Plugins\OVRLipSync.dll,2512296,391C1F4C,1110
0,0,COM3D2OHx64_Data\Plugins\OVRPlugin.dll,1898408,5DD05B6C,1110
0,0,COM3D2OHx64_Data\Resources\unity default resources,752360,71DB1AEA,1110
0,0,COM3D2OHx64_Data\Resources\unity_builtin_extra,284012,91145F7F,1110
0,0,GameData\bg_kissevent2018_sp_card_2.arc,493322,140250D1,1100
0,0,GameData\csv.arc,2744933,BB2DD595,1110
0,0,GameData\csv_cbl.arc,667209,5716779F,1110
0,0,GameData\csv_old_2.arc,563,C560F995,1110
0,0,GameData\desktop.ini,198,B1BAC754,1110
0,0,GameData\parts2.arc,118306635,1D2E0A51,1110
0,0,GameData\parts_omvr.arc,2024082,DC51E38B,1110
0,0,GameData\parts_kissevent2018_2.arc,5570,005BBD00,1100
0,0,GameData\paths.dat,1945,CFBF4F15,1110
0,0,GameData\prioritymaterial.arc,283434,1EB0378E,1110
0,0,GameData\script_cbl.arc,5113278,8AE5EB54,1110
0,0,GameData\system2.arc,8898186,8AC8C11D,1110
