0,0,COM3D2x64_Data\Managed\Accessibility.dll,12288,778A87C9,34501
0,0,COM3D2x64_Data\Managed\Assembly-CSharp.dll,6353920,2F5EE8B7,34501
0,0,COM3D2x64_Data\Managed\Assembly-CSharp-firstpass.dll,874496,947CA434,34501
0,0,COM3D2x64_Data\Managed\BouncyCastle.Crypto.dll,2236416,5A4C4F07,34501
0,0,COM3D2x64_Data\Managed\FoveUnityPlugin.dll,28672,A6EA882B,34501
0,0,COM3D2x64_Data\Managed\ICSharpCode.SharpZipLib.dll,200704,D3160A1C,34501
0,0,COM3D2x64_Data\Managed\Ionic.Zlib.dll,102400,7C9E7DD2,34501
0,0,COM3D2x64_Data\Managed\JsonFx.Json.dll,70144,A0F0CFCB,34501
0,0,COM3D2x64_Data\Managed\LeapCSharp.NET3.5.dll,82432,38E38212,34501
0,0,COM3D2x64_Data\Managed\MagicaCloth.dll,380416,1BB3A09E,34501
0,0,COM3D2x64_Data\Managed\MagicaClothV2.dll,419840,BC53203B,34501
0,0,COM3D2x64_Data\Managed\MessagePack.Annotations.dll,8192,468DEF01,34501
0,0,COM3D2x64_Data\Managed\MessagePack.dll,331776,8811F6BB,34501
0,0,COM3D2x64_Data\Managed\Microsoft.NET.StringTools.dll,30336,C3CACDD5,34501
0,0,COM3D2x64_Data\Managed\Mono.Posix.dll,214528,968E9B9D,34501
0,0,COM3D2x64_Data\Managed\Mono.Security.dll,241152,90CD243C,34501
0,0,COM3D2x64_Data\Managed\Mono.WebBrowser.dll,166912,9EC422AF,34501
0,0,COM3D2x64_Data\Managed\mscorlib.dll,4631552,1CC22052,34501
0,0,COM3D2x64_Data\Managed\netstandard.dll,90112,975FFBBE,34501
0,0,COM3D2x64_Data\Managed\Newtonsoft.Json.dll,691712,8CEF25D0,34501
0,0,COM3D2x64_Data\Managed\System.ComponentModel.Composition.dll,257024,44EC5201,34501
0,0,COM3D2x64_Data\Managed\System.Configuration.dll,124928,5CF4B8F7,34501
0,0,COM3D2x64_Data\Managed\System.Core.dll,1113088,2602A15A,34501
0,0,COM3D2x64_Data\Managed\System.Data.DataSetExtensions.dll,29696,7A0640D6,34501
0,0,COM3D2x64_Data\Managed\System.Data.dll,2125312,07CEA976,34501
0,0,COM3D2x64_Data\Managed\System.dll,2637824,DC1055E7,34501
0,0,COM3D2x64_Data\Managed\System.Drawing.Design.dll,29696,E7B53FF9,34501
0,0,COM3D2x64_Data\Managed\System.Drawing.dll,489984,9C7932A7,34501
0,0,COM3D2x64_Data\Managed\System.EnterpriseServices.dll,44544,9D5266BB,34501
0,0,COM3D2x64_Data\Managed\System.IO.Compression.dll,114688,5A843287,34501
0,0,COM3D2x64_Data\Managed\System.IO.Compression.FileSystem.dll,18432,FE8B8424,34501
0,0,COM3D2x64_Data\Managed\System.Memory.dll,4608,F0BBFFDF,34501
0,0,COM3D2x64_Data\Managed\System.Net.Http.dll,122880,C982D760,34501
0,0,COM3D2x64_Data\Managed\System.Numerics.dll,119296,1947467C,34501
0,0,COM3D2x64_Data\Managed\System.Runtime.CompilerServices.Unsafe.dll,18024,8C9A1A8B,34501
0,0,COM3D2x64_Data\Managed\System.Runtime.dll,12288,58AE9F48,34501
0,0,COM3D2x64_Data\Managed\System.Runtime.Serialization.dll,934400,6800AA2B,34501
0,0,COM3D2x64_Data\Managed\System.Security.dll,320000,8BEA3DC4,34501
0,0,COM3D2x64_Data\Managed\System.ServiceModel.Internals.dll,215040,9655D9FB,34501
0,0,COM3D2x64_Data\Managed\System.Transactions.dll,35328,E2FF2F1E,34501
0,0,COM3D2x64_Data\Managed\System.Windows.Forms.dll,3053568,56394001,34501
0,0,COM3D2x64_Data\Managed\System.Xml.dll,3160064,6066CFE3,34501
0,0,COM3D2x64_Data\Managed\System.Xml.Linq.dll,136704,DDFB724A,34501
0,0,COM3D2x64_Data\Managed\Unity.AI.Navigation.dll,20480,6C3F29ED,34501
0,0,COM3D2x64_Data\Managed\Unity.Burst.dll,317440,861C1097,34501
0,0,COM3D2x64_Data\Managed\Unity.Burst.Unsafe.dll,5632,D504B969,34501
0,0,COM3D2x64_Data\Managed\Unity.Collections.dll,446976,021C3E78,34501
0,0,COM3D2x64_Data\Managed\Unity.Collections.LowLevel.ILSupport.dll,4608,15F3B0BE,34501
0,0,COM3D2x64_Data\Managed\Unity.InputSystem.dll,1102336,DA9C766A,34501
0,0,COM3D2x64_Data\Managed\Unity.InputSystem.ForUI.dll,4608,02BD34A0,34501
0,0,COM3D2x64_Data\Managed\Unity.Mathematics.dll,741376,DD7470DF,34501
0,0,COM3D2x64_Data\Managed\Unity.MemoryProfiler.dll,6144,F22A3638,34501
0,0,COM3D2x64_Data\Managed\Unity.Profiling.Core.dll,10240,2BC36CA8,34501
0,0,COM3D2x64_Data\Managed\Unity.RenderPipeline.Universal.ShaderLibrary.dll,8704,ADFE4196,34501
0,0,COM3D2x64_Data\Managed\Unity.RenderPipelines.Core.Runtime.dll,531968,2456B193,34501
0,0,COM3D2x64_Data\Managed\Unity.RenderPipelines.Core.ShaderLibrary.dll,5120,5B83D0F7,34501
0,0,COM3D2x64_Data\Managed\Unity.RenderPipelines.ShaderGraph.ShaderGraphLibrary.dll,5120,8F7B5D0F,34501
0,0,COM3D2x64_Data\Managed\Unity.RenderPipelines.Universal.Config.Runtime.dll,5632,84112225,34501
0,0,COM3D2x64_Data\Managed\Unity.RenderPipelines.Universal.Runtime.dll,782848,5F471F19,34501
0,0,COM3D2x64_Data\Managed\Unity.RenderPipelines.Universal.Shaders.dll,5120,985CDE78,34501
0,0,COM3D2x64_Data\Managed\Unity.TextMeshPro.dll,380928,4AB18F3C,34501
0,0,COM3D2x64_Data\Managed\Unity.Timeline.dll,128000,E0ABF95A,34501
0,0,COM3D2x64_Data\Managed\Unity.VisualScripting.Antlr3.Runtime.dll,86016,3268D00A,34501
0,0,COM3D2x64_Data\Managed\Unity.VisualScripting.Core.dll,627200,435DE069,34501
0,0,COM3D2x64_Data\Managed\Unity.VisualScripting.Flow.dll,404992,70E45AB1,34501
0,0,COM3D2x64_Data\Managed\Unity.VisualScripting.State.dll,32768,6AAA5B7C,34501
0,0,COM3D2x64_Data\Managed\Unity.XR.CoreUtils.dll,86016,CD4BDB33,34501
0,0,COM3D2x64_Data\Managed\Unity.XR.Management.dll,17408,137A5B7E,34501
0,0,COM3D2x64_Data\Managed\Unity.XR.OpenXR.dll,153088,84F58A4F,34501
0,0,COM3D2x64_Data\Managed\Unity.XR.OpenXR.Features.ConformanceAutomation.dll,8192,8881B4C6,34501
0,0,COM3D2x64_Data\Managed\Unity.XR.OpenXR.Features.MetaQuestSupport.dll,5632,FE40053F,34501
0,0,COM3D2x64_Data\Managed\Unity.XR.OpenXR.Features.MockRuntime.dll,10752,3A8D4AD1,34501
0,0,COM3D2x64_Data\Managed\Unity.XR.OpenXR.Features.OculusQuestSupport.dll,5632,6D9E0E6C,34501
0,0,COM3D2x64_Data\Managed\Unity.XR.OpenXR.Features.RuntimeDebugger.dll,6656,9B11A467,34501
0,0,COM3D2x64_Data\Managed\UnityEngine.AccessibilityModule.dll,22208,940388E5,34501
0,0,COM3D2x64_Data\Managed\UnityEngine.AIModule.dll,57024,4AED298C,34501
0,0,COM3D2x64_Data\Managed\UnityEngine.AndroidJNIModule.dll,93376,F8BE5C59,34501
0,0,COM3D2x64_Data\Managed\UnityEngine.AnimationModule.dll,162496,EC06E95B,34501
0,0,COM3D2x64_Data\Managed\UnityEngine.ARModule.dll,19648,6D6A2B0A,34501
0,0,COM3D2x64_Data\Managed\UnityEngine.AssetBundleModule.dll,31424,11232AC5,34501
0,0,COM3D2x64_Data\Managed\UnityEngine.AudioModule.dll,69312,40A316EB,34501
0,0,COM3D2x64_Data\Managed\UnityEngine.ClothModule.dll,24768,8E44CD98,34501
0,0,COM3D2x64_Data\Managed\UnityEngine.ClusterInputModule.dll,20160,8382833E,34501
0,0,COM3D2x64_Data\Managed\UnityEngine.ClusterRendererModule.dll,20672,93DFB521,34501
0,0,COM3D2x64_Data\Managed\UnityEngine.ContentLoadModule.dll,25792,C7CB5E83,34501
0,0,COM3D2x64_Data\Managed\UnityEngine.CoreModule.dll,1386688,D8904613,34501
0,0,COM3D2x64_Data\Managed\UnityEngine.CrashReportingModule.dll,19648,DE0DA1E7,34501
0,0,COM3D2x64_Data\Managed\UnityEngine.DirectorModule.dll,23232,E6BBF1B7,34501
0,0,COM3D2x64_Data\Managed\UnityEngine.dll,125120,ACC44EA4,34501
0,0,COM3D2x64_Data\Managed\UnityEngine.DSPGraphModule.dll,27840,9F375433,34501
0,0,COM3D2x64_Data\Managed\UnityEngine.GameCenterModule.dll,38592,4AF95643,34501
0,0,COM3D2x64_Data\Managed\UnityEngine.GIModule.dll,18624,99C41147,34501
0,0,COM3D2x64_Data\Managed\UnityEngine.GridModule.dll,23744,07A0C846,34501
0,0,COM3D2x64_Data\Managed\UnityEngine.HotReloadModule.dll,18624,0719CD62,34501
0,0,COM3D2x64_Data\Managed\UnityEngine.ImageConversionModule.dll,22720,9098FE30,34501
0,0,COM3D2x64_Data\Managed\UnityEngine.IMGUIModule.dll,188608,504ECC6C,34501
0,0,COM3D2x64_Data\Managed\UnityEngine.InputLegacyModule.dll,37568,A3D92E95,34501
0,0,COM3D2x64_Data\Managed\UnityEngine.InputModule.dll,22208,B06B758E,34501
0,0,COM3D2x64_Data\Managed\UnityEngine.JSONSerializeModule.dll,20672,F5F20857,34501
0,0,COM3D2x64_Data\Managed\UnityEngine.LocalizationModule.dll,19648,83E57F94,34501
0,0,COM3D2x64_Data\Managed\UnityEngine.NVIDIAModule.dll,32448,3E5C958A,34501
0,0,COM3D2x64_Data\Managed\UnityEngine.ParticleSystemModule.dll,159424,B8726568,34501
0,0,COM3D2x64_Data\Managed\UnityEngine.PerformanceReportingModule.dll,19136,DCA02851,34501
0,0,COM3D2x64_Data\Managed\UnityEngine.Physics2DModule.dll,139968,58998194,34501
0,0,COM3D2x64_Data\Managed\UnityEngine.PhysicsModule.dll,136896,CB0A0A28,34501
0,0,COM3D2x64_Data\Managed\UnityEngine.ProfilerModule.dll,18624,559D06DD,34501
0,0,COM3D2x64_Data\Managed\UnityEngine.PropertiesModule.dll,153792,0A9EC660,34501
0,0,COM3D2x64_Data\Managed\UnityEngine.RuntimeInitializeOnLoadManagerInitializerModule.dll,18624,5FE22BA9,34501
0,0,COM3D2x64_Data\Managed\UnityEngine.ScreenCaptureModule.dll,19648,5C7CDB21,34501
0,0,COM3D2x64_Data\Managed\UnityEngine.SharedInternalsModule.dll,31424,30E602B9,34501
0,0,COM3D2x64_Data\Managed\UnityEngine.SpatialTracking.dll,11776,80704D11,34501
0,0,COM3D2x64_Data\Managed\UnityEngine.SpriteMaskModule.dll,20160,1872554F,34501
0,0,COM3D2x64_Data\Managed\UnityEngine.SpriteShapeModule.dll,24768,8E970A68,34501
0,0,COM3D2x64_Data\Managed\UnityEngine.StreamingModule.dll,19136,4F0C6222,34501
0,0,COM3D2x64_Data\Managed\UnityEngine.SubstanceModule.dll,23232,F5D5C262,34501
0,0,COM3D2x64_Data\Managed\UnityEngine.SubsystemsModule.dll,33472,E95E504B,34501
0,0,COM3D2x64_Data\Managed\UnityEngine.TerrainModule.dll,99520,08F57429,34501
0,0,COM3D2x64_Data\Managed\UnityEngine.TerrainPhysicsModule.dll,19648,263EF97E,34501
0,0,COM3D2x64_Data\Managed\UnityEngine.TextCoreFontEngineModule.dll,70848,77C17F8F,34501
0,0,COM3D2x64_Data\Managed\UnityEngine.TextCoreTextEngineModule.dll,247488,24D8B2F9,34501
0,0,COM3D2x64_Data\Managed\UnityEngine.TextRenderingModule.dll,37568,54C08CB7,34501
0,0,COM3D2x64_Data\Managed\UnityEngine.TilemapModule.dll,45248,BC785FAA,34501
0,0,COM3D2x64_Data\Managed\UnityEngine.TLSModule.dll,25280,0A590030,34501
0,0,COM3D2x64_Data\Managed\UnityEngine.UI.dll,265728,B026644B,34501
0,0,COM3D2x64_Data\Managed\UnityEngine.UIElementsModule.dll,1526464,5A419370,34501
0,0,COM3D2x64_Data\Managed\UnityEngine.UIModule.dll,35008,C32C087F,34501
0,0,COM3D2x64_Data\Managed\UnityEngine.UmbraModule.dll,18624,EF849C1E,34501
0,0,COM3D2x64_Data\Managed\UnityEngine.UnityAnalyticsCommonModule.dll,19648,22D7285E,34501
0,0,COM3D2x64_Data\Managed\UnityEngine.UnityAnalyticsModule.dll,43200,5F0B5F74,34501
0,0,COM3D2x64_Data\Managed\UnityEngine.UnityConnectModule.dll,20160,91B73C93,34501
0,0,COM3D2x64_Data\Managed\UnityEngine.UnityCurlModule.dll,20160,1658738B,34501
0,0,COM3D2x64_Data\Managed\UnityEngine.UnityTestProtocolModule.dll,18624,7546D936,34501
0,0,COM3D2x64_Data\Managed\UnityEngine.UnityWebRequestAssetBundleModule.dll,21696,B3D8862F,34501
0,0,COM3D2x64_Data\Managed\UnityEngine.UnityWebRequestAudioModule.dll,21184,17734AFB,34501
0,0,COM3D2x64_Data\Managed\UnityEngine.UnityWebRequestModule.dll,56512,7044D8B7,34501
0,0,COM3D2x64_Data\Managed\UnityEngine.UnityWebRequestTextureModule.dll,20160,5FF42057,34501
0,0,COM3D2x64_Data\Managed\UnityEngine.UnityWebRequestWWWModule.dll,29888,D40A5FCC,34501
0,0,COM3D2x64_Data\Managed\UnityEngine.VehiclesModule.dll,22720,6F6C9DE5,34501
0,0,COM3D2x64_Data\Managed\UnityEngine.VFXModule.dll,57024,47140EAD,34501
0,0,COM3D2x64_Data\Managed\UnityEngine.VideoModule.dll,39616,B375C790,34501
0,0,COM3D2x64_Data\Managed\UnityEngine.VirtualTexturingModule.dll,34496,7426C2CA,34501
0,0,COM3D2x64_Data\Managed\UnityEngine.VRModule.dll,25280,AEE8A0C9,34501
0,0,COM3D2x64_Data\Managed\UnityEngine.WindModule.dll,19648,A92186FE,34501
0,0,COM3D2x64_Data\Managed\UnityEngine.XR.LegacyInputHelpers.dll,23552,B6A6D19A,34501
0,0,COM3D2x64_Data\Managed\UnityEngine.XRModule.dll,69312,B36295B8,34501
0,0,COM3D2x64_Data\Managed\Win32.dll,13312,7781C2A2,34501
0,0,COM3D2x64_Data\Managed\zxing.unity.dll,430592,9FD1F198,34501
0,0,COM3D2x64_Data\Plugins\x86_64\assimp.dll,4388864,7C910D84,34501
0,0,COM3D2x64_Data\Plugins\x86_64\Audio360.dll,1956352,0D4B8E9D,34501
0,0,COM3D2x64_Data\Plugins\x86_64\AVProVideo.dll,886272,278352F0,34501
0,0,COM3D2x64_Data\Plugins\x86_64\clothpp.dll,112128,7C3264A4,34501
0,0,COM3D2x64_Data\Plugins\x86_64\cm3d2.dll,2265088,CA67D1AD,34501
0,0,COM3D2x64_Data\Plugins\x86_64\device_hook.dll,738816,F61E7CED,34501
0,0,COM3D2x64_Data\Plugins\x86_64\FbxExporterCore.dll,12491776,CBAA51C1,34501
0,0,COM3D2x64_Data\Plugins\x86_64\FoveClient.dll,1849384,58C8B4F6,34501
0,0,COM3D2x64_Data\Plugins\x86_64\LeapC.dll,2516992,FBDD3767,34501
0,0,COM3D2x64_Data\Plugins\x86_64\lib_burst_generated.dll,1064960,7E077FBD,34501
0,0,COM3D2x64_Data\Plugins\x86_64\openvr_api.dll,318272,44432E0F,34501
0,0,COM3D2x64_Data\Plugins\x86_64\openxr_loader.dll,1948672,A9899457,34501
0,0,COM3D2x64_Data\Plugins\x86_64\OVRGamepad.dll,12800,2C526135,34501
0,0,COM3D2x64_Data\Plugins\x86_64\OVRLipSync.dll,2512296,391C1F4C,34501
0,0,COM3D2x64_Data\Plugins\x86_64\UnityOpenXR.dll,740864,6285EC22,34501
0,0,COM3D2x64_Data\Plugins\x86_64\Win32-WebView.dll,504832,382AEE66,34501
0,0,COM3D2x64_Data\Resources\unity default resources,1564256,28AF3A61,34501
0,0,COM3D2x64_Data\Resources\unity_builtin_extra,428296,1A294B77,34501
0,0,COM3D2x64_Data\UnitySubsystems\UnityOpenXR\UnitySubsystemsManifest.json,334,076D4451,34501
0,0,COM3D2x64_Data\app.info,27,F9A266E7,34501
0,0,COM3D2x64_Data\boot.config,128,65DC9477,34501
0,0,COM3D2x64_Data\globalgamemanagers,5430276,F63B6744,34501
0,0,COM3D2x64_Data\globalgamemanagers.assets,569528,005A3870,34501
0,0,COM3D2x64_Data\globalgamemanagers.assets.resS,2796240,F6707524,34501
0,0,COM3D2x64_Data\level0,362852,55C30518,34501
0,0,COM3D2x64_Data\level1,385788,8F2959BC,34501
0,0,COM3D2x64_Data\level2,381452,E99B765D,34501
0,0,COM3D2x64_Data\level3,1274812,EE19D908,34501
0,0,COM3D2x64_Data\level4,1312524,A403DA13,34501
0,0,COM3D2x64_Data\level5,1359900,82325D53,34501
0,0,COM3D2x64_Data\level6,364884,BF5EFBC8,34501
0,0,COM3D2x64_Data\level7,1099036,B7AFCBBD,34501
0,0,COM3D2x64_Data\level8,396468,04E945BC,34501
0,0,COM3D2x64_Data\level9,465508,05A69E96,34501
0,0,COM3D2x64_Data\level10,390252,5AF4C829,34501
0,0,COM3D2x64_Data\level11,363380,1195D591,34501
0,0,COM3D2x64_Data\level12,476180,2A7DB49D,34501
0,0,COM3D2x64_Data\level13,367588,46CA45F9,34501
0,0,COM3D2x64_Data\level14,916636,351DE068,34501
0,0,COM3D2x64_Data\level15,4996,B1AB14CE,34501
0,0,COM3D2x64_Data\level16,365372,75401E9D,34501
0,0,COM3D2x64_Data\level17,1192,4A50FBB0,34501
0,0,COM3D2x64_Data\level18,382172,4DB6E736,34501
0,0,COM3D2x64_Data\level19,371932,82532919,34501
0,0,COM3D2x64_Data\level20,1050460,5CD530F6,34501
0,0,COM3D2x64_Data\level21,469828,A8A2EAA0,34501
0,0,COM3D2x64_Data\level22,1180380,06826886,34501
0,0,COM3D2x64_Data\level23,448700,3560059C,34501
0,0,COM3D2x64_Data\level24,714556,47098423,34501
0,0,COM3D2x64_Data\level25,386244,392F965C,34501
0,0,COM3D2x64_Data\level26,2246572,5988FB3B,34501
0,0,COM3D2x64_Data\level27,1210764,73CCCDD0,34501
0,0,COM3D2x64_Data\level28,386244,922278B1,34501
0,0,COM3D2x64_Data\level29,1183556,3EDB21F2,34501
0,0,COM3D2x64_Data\level30,378644,FF036467,34501
0,0,COM3D2x64_Data\level31,488244,A7A6F58B,34501
0,0,COM3D2x64_Data\level32,29832,8B4D0872,34501
0,0,COM3D2x64_Data\level32.resS,131232,DEC6292A,34501
0,0,COM3D2x64_Data\level33,58924,B0B16E92,34501
0,0,COM3D2x64_Data\level34,64856,81DB7F94,34501
0,0,COM3D2x64_Data\level35,4032,B6D971C7,34501
0,0,COM3D2x64_Data\level36,363772,0C8D0325,34501
0,0,COM3D2x64_Data\level37,1686780,0908A400,34501
0,0,COM3D2x64_Data\level38,1541100,A67F3FE6,34501
0,0,COM3D2x64_Data\level39,1562964,8BF7DD4F,34501
0,0,COM3D2x64_Data\level40,461700,0494AA6D,34501
0,0,COM3D2x64_Data\level41,420684,C8167E0F,34501
0,0,COM3D2x64_Data\level42,462436,D93359CF,34501
0,0,COM3D2x64_Data\level43,1454332,3DAF1700,34501
0,0,COM3D2x64_Data\level44,1524524,22D479D5,34501
0,0,COM3D2x64_Data\level45,1652140,8E5819DD,34501
0,0,COM3D2x64_Data\level46,457476,17762BFF,34501
0,0,COM3D2x64_Data\level47,411820,963C43A2,34501
0,0,COM3D2x64_Data\level48,463508,0404FDC8,34501
0,0,COM3D2x64_Data\level49,430860,67B2E614,34501
0,0,COM3D2x64_Data\level50,1481180,6633D4C9,34501
0,0,COM3D2x64_Data\level51,414788,A73AD641,34501
0,0,COM3D2x64_Data\level52,712852,4FAF0A98,34501
0,0,COM3D2x64_Data\level53,655316,E1780099,34501
0,0,COM3D2x64_Data\level54,387636,87FD251C,34501
0,0,COM3D2x64_Data\level55,1380484,E3DB7806,34501
0,0,COM3D2x64_Data\level56,1123372,78ED85F0,34501
0,0,COM3D2x64_Data\level57,1130732,A64F50EE,34501
0,0,COM3D2x64_Data\level58,1380484,9F8AC538,34501
0,0,COM3D2x64_Data\level59,1260804,92659DF8,34501
0,0,COM3D2x64_Data\level60,1042068,83B14DBF,34501
0,0,COM3D2x64_Data\level61,1337668,DF986D55,34501
0,0,COM3D2x64_Data\level62,1441564,C098C540,34501
0,0,COM3D2x64_Data\level63,730412,77AE9DF9,34501
0,0,COM3D2x64_Data\level64,1015124,FAFE72F9,34501
0,0,COM3D2x64_Data\level65,440908,E229B219,34501
0,0,COM3D2x64_Data\level66,437180,BD190399,34501
0,0,COM3D2x64_Data\level67,481924,29CA0DA5,34501
0,0,COM3D2x64_Data\level68,504692,0C25E3CC,34501
0,0,COM3D2x64_Data\level69,431172,6CD732C8,34501
0,0,COM3D2x64_Data\level70,492740,6C8912F2,34501
0,0,COM3D2x64_Data\level71,1142196,96DFB47F,34501
0,0,COM3D2x64_Data\level72,1061060,5CACDC5F,34501
0,0,COM3D2x64_Data\level73,485108,D713A4C7,34501
0,0,COM3D2x64_Data\level74,507828,EDB710C0,34501
0,0,COM3D2x64_Data\level75,498164,4DF50B4A,34501
0,0,COM3D2x64_Data\level76,1142180,2A92266E,34501
0,0,COM3D2x64_Data\level77,1104356,93BAC673,34501
0,0,COM3D2x64_Data\level78,490996,0871F2BA,34501
0,0,COM3D2x64_Data\level79,475164,A358CC64,34501
0,0,COM3D2x64_Data\level80,456316,BD5F4665,34501
0,0,COM3D2x64_Data\level81,392628,AD2EAF2B,34501
0,0,COM3D2x64_Data\level82,1491372,9D0E98DF,34501
0,0,COM3D2x64_Data\level83,1430460,D536B8B9,34501
0,0,COM3D2x64_Data\level84,547732,A94C730A,34501
0,0,COM3D2x64_Data\level85,439332,CC3A0AB3,34501
0,0,COM3D2x64_Data\level86,1370564,9B3BB261,34501
0,0,COM3D2x64_Data\level87,1069332,B2EBDC55,34501
0,0,COM3D2x64_Data\level88,1548196,74040F34,34501
0,0,COM3D2x64_Data\level89,1488636,EB2BB010,34501
0,0,COM3D2x64_Data\level90,1686796,E4F754CA,34501
0,0,COM3D2x64_Data\level91,1652156,E81264FA,34501
0,0,COM3D2x64_Data\level92,1488980,B95F0094,34501
0,0,COM3D2x64_Data\level93,1454340,3A1068B8,34501
0,0,COM3D2x64_Data\level94,452716,22FD9243,34501
0,0,COM3D2x64_Data\level95,442892,AB32B7B1,34501
0,0,COM3D2x64_Data\level96,1124820,614C7D6D,34501
0,0,COM3D2x64_Data\level97,918748,FF9C7932,34501
0,0,COM3D2x64_Data\level98,1024804,842BD1C5,34501
0,0,COM3D2x64_Data\level99,915804,C93D285D,34501
0,0,COM3D2x64_Data\level100,1124364,677F6B8B,34501
0,0,COM3D2x64_Data\level101,1823764,0A26A8C3,34501
0,0,COM3D2x64_Data\level102,1774236,E85F6D94,34501
0,0,COM3D2x64_Data\level103,1212060,26DECB51,34501
0,0,COM3D2x64_Data\level104,1155588,E55D707F,34501
0,0,COM3D2x64_Data\level105,1634724,18582212,34501
0,0,COM3D2x64_Data\level106,1739508,30099E6F,34501
0,0,COM3D2x64_Data\level107,1153324,2E41A6EF,34501
0,0,COM3D2x64_Data\level108,1062660,E2707C4D,34501
0,0,COM3D2x64_Data\level109,1810724,18CEC13C,34501
0,0,COM3D2x64_Data\level110,1698628,224DC490,34501
0,0,COM3D2x64_Data\level111,515108,9FF4753D,34501
0,0,COM3D2x64_Data\level112,535412,A248AF48,34501
0,0,COM3D2x64_Data\level113,626140,2D2493EF,34501
0,0,COM3D2x64_Data\level114,563084,99BE077A,34501
0,0,COM3D2x64_Data\level114.resS,131232,F174E031,34501
0,0,COM3D2x64_Data\level115,510012,FA47CD1C,34501
0,0,COM3D2x64_Data\level116,624252,66D0AE63,34501
0,0,COM3D2x64_Data\level117,533932,D635FD36,34501
0,0,COM3D2x64_Data\level118,1867932,7A81B705,34501
0,0,COM3D2x64_Data\level119,1592420,57793B5D,34501
0,0,COM3D2x64_Data\level120,1403220,934F8CDD,34501
0,0,COM3D2x64_Data\level121,1246764,98095A2E,34501
0,0,COM3D2x64_Data\level122,1340476,AEEFAF62,34501
0,0,COM3D2x64_Data\level123,1537052,A1DFE0CA,34501
0,0,COM3D2x64_Data\level124,1436292,EB4178FD,34501
0,0,COM3D2x64_Data\level125,1006676,59F01CB6,34501
0,0,COM3D2x64_Data\level126,606556,E6D2A629,34501
0,0,COM3D2x64_Data\level127,1077844,4FE28388,34501
0,0,COM3D2x64_Data\level128,994980,79CA834E,34501
0,0,COM3D2x64_Data\level129,361620,5B71E799,34501
0,0,COM3D2x64_Data\level130,766404,941AA34E,34501
0,0,COM3D2x64_Data\level131,1008372,91CC3363,34501
0,0,COM3D2x64_Data\level132,969692,C62FE3CD,34501
0,0,COM3D2x64_Data\level133,950220,6CD8738F,34501
0,0,COM3D2x64_Data\level134,439428,772A1C52,34501
0,0,COM3D2x64_Data\level135,924164,6707588C,34501
0,0,COM3D2x64_Data\level136,579836,C18918CE,34501
0,0,COM3D2x64_Data\level137,584148,1DD0AB6E,34501
0,0,COM3D2x64_Data\level138,610180,A611ADBB,34501
0,0,COM3D2x64_Data\level139,608532,2113373A,34501
0,0,COM3D2x64_Data\level140,610316,FF1B2C69,34501
0,0,COM3D2x64_Data\level141,612756,1F50708A,34501
0,0,COM3D2x64_Data\level142,544620,FE5E0BA3,34501
0,0,COM3D2x64_Data\level143,548948,89DC49C5,34501
0,0,COM3D2x64_Data\level144,573812,E6FD0183,34501
0,0,COM3D2x64_Data\level145,605220,43341E49,34501
0,0,COM3D2x64_Data\level146,574956,E55FBF76,34501
0,0,COM3D2x64_Data\level147,578028,6A27D8B6,34501
0,0,COM3D2x64_Data\level148,566828,9FF183C6,34501
0,0,COM3D2x64_Data\level149,606340,79BDAF34,34501
0,0,COM3D2x64_Data\level150,470084,96C95E87,34501
0,0,COM3D2x64_Data\level151,370324,A1C18C6D,34501
0,0,COM3D2x64_Data\level152,458844,916BB566,34501
0,0,COM3D2x64_Data\level152.resS,131232,F174E031,34501
0,0,COM3D2x64_Data\level153,1100188,328CFD45,34501
0,0,COM3D2x64_Data\level154,1507740,B5719C88,34501
0,0,COM3D2x64_Data\level155,419940,76CA49CF,34501
0,0,COM3D2x64_Data\level156,456436,DFD32F52,34501
0,0,COM3D2x64_Data\level157,466588,8828E337,34501
0,0,COM3D2x64_Data\resources.assets,529268556,9421E7A3,34501
0,0,COM3D2x64_Data\resources.assets.resS,2073195648,C36FC577,34501
0,0,COM3D2x64_Data\resources.resource,1348992,64168176,34501
0,0,COM3D2x64_Data\RuntimeInitializeOnLoads.json,5255,D09783D3,34501
0,0,COM3D2x64_Data\ScriptingAssemblies.json,4395,31B91F14,34501
0,0,COM3D2x64_Data\sharedassets0.assets,31770932,CA06ADA5,34501
0,0,COM3D2x64_Data\sharedassets0.assets.resS,28071648,6B7564F2,34501
0,0,COM3D2x64_Data\sharedassets1.assets,2301,53BAF808,34501
0,0,COM3D2x64_Data\sharedassets2.assets,2337,4C84B1BA,34501
0,0,COM3D2x64_Data\sharedassets3.assets,4305,AB359D42,34501
0,0,COM3D2x64_Data\sharedassets4.assets,9009,7376C8F1,34501
0,0,COM3D2x64_Data\sharedassets5.assets,3333,F63A7642,34501
0,0,COM3D2x64_Data\sharedassets6.assets,2205,9D5B5906,34501
0,0,COM3D2x64_Data\sharedassets7.assets,3057,34BF7CF7,34501
0,0,COM3D2x64_Data\sharedassets8.assets,2193,3879CF34,34501
0,0,COM3D2x64_Data\sharedassets9.assets,3201,730C4710,34501
0,0,COM3D2x64_Data\sharedassets10.assets,2137,69AB2146,34501
0,0,COM3D2x64_Data\sharedassets11.assets,2133,1550A27B,34501
0,0,COM3D2x64_Data\sharedassets12.assets,2541,37D7E760,34501
0,0,COM3D2x64_Data\sharedassets13.assets,2325,7C38FA32,34501
0,0,COM3D2x64_Data\sharedassets14.assets,2961,7FD4168D,34501
0,0,COM3D2x64_Data\sharedassets15.assets,553,37A84E2E,34501
0,0,COM3D2x64_Data\sharedassets16.assets,2193,3075F577,34501
0,0,COM3D2x64_Data\sharedassets17.assets,277,EDBD5EC3,34501
0,0,COM3D2x64_Data\sharedassets18.assets,2877,4EAC9E1D,34501
0,0,COM3D2x64_Data\sharedassets19.assets,2277,FEE1AEEE,34501
0,0,COM3D2x64_Data\sharedassets20.assets,8841,37BD55A4,34501
0,0,COM3D2x64_Data\sharedassets21.assets,2373,1E039E33,34501
0,0,COM3D2x64_Data\sharedassets22.assets,8877,A59F0582,34501
0,0,COM3D2x64_Data\sharedassets23.assets,2361,AFD925A8,34501
0,0,COM3D2x64_Data\sharedassets24.assets,2421,4875A7F2,34501
0,0,COM3D2x64_Data\sharedassets25.assets,2413,C7A22CE1,34501
0,0,COM3D2x64_Data\sharedassets26.assets,3153,206550A8,34501
0,0,COM3D2x64_Data\sharedassets27.assets,8853,B6D9DB3C,34501
0,0,COM3D2x64_Data\sharedassets28.assets,2405,16A9FC8B,34501
0,0,COM3D2x64_Data\sharedassets29.assets,8853,B6D9DB3C,34501
0,0,COM3D2x64_Data\sharedassets30.assets,2125,81A240FB,34501
0,0,COM3D2x64_Data\sharedassets31.assets,2648,DCB6111F,34501
0,0,COM3D2x64_Data\sharedassets32.assets,10456,8F99EDA0,34501
0,0,COM3D2x64_Data\sharedassets33.assets,597,4BF413D4,34501
0,0,COM3D2x64_Data\sharedassets34.assets,501,1E8A28BE,34501
0,0,COM3D2x64_Data\sharedassets35.assets,505,E21C767C,34501
0,0,COM3D2x64_Data\sharedassets36.assets,2137,33AA67CC,34501
0,0,COM3D2x64_Data\sharedassets37.assets,8841,4131B6A0,34501
0,0,COM3D2x64_Data\sharedassets38.assets,8841,B58221EA,34501
0,0,COM3D2x64_Data\sharedassets39.assets,8841,0F89FB60,34501
0,0,COM3D2x64_Data\sharedassets40.assets,3201,A650F1D7,34501
0,0,COM3D2x64_Data\sharedassets41.assets,2961,65CDC136,34501
0,0,COM3D2x64_Data\sharedassets42.assets,3381,A10F4FCF,34501
0,0,COM3D2x64_Data\sharedassets43.assets,5565,A41502B2,34501
0,0,COM3D2x64_Data\sharedassets44.assets,5673,CFEA3472,34501
0,0,COM3D2x64_Data\sharedassets45.assets,5661,EAB6C1E8,34501
0,0,COM3D2x64_Data\sharedassets46.assets,4653,6F4797C4,34501
0,0,COM3D2x64_Data\sharedassets47.assets,2601,3D4D4CBF,34501
0,0,COM3D2x64_Data\sharedassets48.assets,4389,5679C8B6,34501
0,0,COM3D2x64_Data\sharedassets49.assets,800316,2BE6FA1D,34501
0,0,COM3D2x64_Data\sharedassets49.assets.resS,6507040,06B77963,34501
0,0,COM3D2x64_Data\sharedassets50.assets,8841,2B6F4590,34501
0,0,COM3D2x64_Data\sharedassets51.assets,2601,81454B8A,34501
0,0,COM3D2x64_Data\sharedassets52.assets,2865,3FCC4B4E,34501
0,0,COM3D2x64_Data\sharedassets53.assets,2769,42F31C93,34501
0,0,COM3D2x64_Data\sharedassets54.assets,2149,A1F4AFA9,34501
0,0,COM3D2x64_Data\sharedassets55.assets,8925,EFF8F023,34501
0,0,COM3D2x64_Data\sharedassets56.assets,5433,E8CADAF4,34501
0,0,COM3D2x64_Data\sharedassets57.assets,5469,04509E9F,34501
0,0,COM3D2x64_Data\sharedassets58.assets,8925,EFF8F023,34501
0,0,COM3D2x64_Data\sharedassets59.assets,5625,1CE5BFE6,34501
0,0,COM3D2x64_Data\sharedassets60.assets,5493,79827B9C,34501
0,0,COM3D2x64_Data\sharedassets61.assets,5637,AF94389C,34501
0,0,COM3D2x64_Data\sharedassets62.assets,5673,CFEA3472,34501
0,0,COM3D2x64_Data\sharedassets63.assets,2697,7012F7D6,34501
0,0,COM3D2x64_Data\sharedassets64.assets,5661,EAB6C1E8,34501
0,0,COM3D2x64_Data\sharedassets65.assets,6450,EA1B96B9,34501
0,0,COM3D2x64_Data\sharedassets65.assets.resS,87408,84350FBB,34501
0,0,COM3D2x64_Data\sharedassets65.resource,41406086,938147B5,34501
0,0,COM3D2x64_Data\sharedassets66.assets,3362,F81F5E93,34501
0,0,COM3D2x64_Data\sharedassets66.resource,36841226,318CE5DA,34501
0,0,COM3D2x64_Data\sharedassets67.assets,3322,951BABA6,34501
0,0,COM3D2x64_Data\sharedassets67.resource,32680665,5F8810A9,34501
0,0,COM3D2x64_Data\sharedassets68.assets,17266,FCBE3150,34501
0,0,COM3D2x64_Data\sharedassets68.assets.resS,174784,C6783C52,34501
0,0,COM3D2x64_Data\sharedassets68.resource,35964702,CC2B1BFE,34501
0,0,COM3D2x64_Data\sharedassets69.assets,3346,DC4BAED5,34501
0,0,COM3D2x64_Data\sharedassets69.resource,40585017,61D6AACB,34501
0,0,COM3D2x64_Data\sharedassets70.assets,3562,0F3A2F6C,34501
0,0,COM3D2x64_Data\sharedassets70.resource,38610538,C2CDB3C3,34501
0,0,COM3D2x64_Data\sharedassets71.assets,3014356,38EE7E94,34501
0,0,COM3D2x64_Data\sharedassets71.assets.resS,611744,E0F83BD4,34501
0,0,COM3D2x64_Data\sharedassets72.assets,5769,449D2B5B,34501
0,0,COM3D2x64_Data\sharedassets73.assets,2697,3E633313,34501
0,0,COM3D2x64_Data\sharedassets74.assets,2697,3E633313,34501
0,0,COM3D2x64_Data\sharedassets75.assets,2697,3E633313,34501
0,0,COM3D2x64_Data\sharedassets76.assets,8853,B401897E,34501
0,0,COM3D2x64_Data\sharedassets77.assets,5673,1D08729F,34501
0,0,COM3D2x64_Data\sharedassets78.assets,2613,0340DD26,34501
0,0,COM3D2x64_Data\sharedassets79.assets,55760,617AD7CE,34501
0,0,COM3D2x64_Data\sharedassets79.assets.resS,174784,F8E8E9F8,34501
0,0,COM3D2x64_Data\sharedassets80.assets,2625,25B5BB0D,34501
0,0,COM3D2x64_Data\sharedassets81.assets,2769,A5BD8153,34501
0,0,COM3D2x64_Data\sharedassets82.assets,756768,809FDB1B,34501
0,0,COM3D2x64_Data\sharedassets82.assets.resS,1310896,5596E62C,34501
0,0,COM3D2x64_Data\sharedassets82.resource,1657856,B35361D0,34501
0,0,COM3D2x64_Data\sharedassets83.assets,5541,68173D2F,34501
0,0,COM3D2x64_Data\sharedassets84.assets,3415164,F2512456,34501
0,0,COM3D2x64_Data\sharedassets84.assets.resS,6226160,5BDA7B19,34501
0,0,COM3D2x64_Data\sharedassets85.assets,2649,2CA1923A,34501
0,0,COM3D2x64_Data\sharedassets86.assets,10101,E80935BD,34501
0,0,COM3D2x64_Data\sharedassets87.assets,5661,EAB6C1E8,34501
0,0,COM3D2x64_Data\sharedassets88.assets,8877,7FDDBDE3,34501
0,0,COM3D2x64_Data\sharedassets89.assets,5661,C7440B3D,34501
0,0,COM3D2x64_Data\sharedassets90.assets,8841,4131B6A0,34501
0,0,COM3D2x64_Data\sharedassets91.assets,5661,EAB6C1E8,34501
0,0,COM3D2x64_Data\sharedassets92.assets,8877,7FDDBDE3,34501
0,0,COM3D2x64_Data\sharedassets93.assets,6609,2A25954A,34501
0,0,COM3D2x64_Data\sharedassets94.assets,2973,E533A670,34501
0,0,COM3D2x64_Data\sharedassets95.assets,2481,7E875EE2,34501
0,0,COM3D2x64_Data\sharedassets96.assets,7876,7D47D659,34501
0,0,COM3D2x64_Data\sharedassets96.resource,2729248,FCB8D689,34501
0,0,COM3D2x64_Data\sharedassets97.assets,7689,82B91D0B,34501
0,0,COM3D2x64_Data\sharedassets98.assets,4389,F088A748,34501
0,0,COM3D2x64_Data\sharedassets99.assets,3753,2FDA732C,34501
0,0,COM3D2x64_Data\sharedassets100.assets,352924,47B531D2,34501
0,0,COM3D2x64_Data\sharedassets100.assets.resS,2272064,E37F670D,34501
0,0,COM3D2x64_Data\sharedassets100.resource,6236928,E2AEF877,34501
0,0,COM3D2x64_Data\sharedassets101.assets,6568072,CF15F7B7,34501
0,0,COM3D2x64_Data\sharedassets101.assets.resS,10944,57B9B85D,34501
0,0,COM3D2x64_Data\sharedassets101.resource,2053248,CCA7A7B1,34501
0,0,COM3D2x64_Data\sharedassets102.assets,6525,480A921E,34501
0,0,COM3D2x64_Data\sharedassets103.assets,8985,51EA1FC8,34501
0,0,COM3D2x64_Data\sharedassets104.assets,5781,44C0B955,34501
0,0,COM3D2x64_Data\sharedassets105.assets,5956,8A523B0D,34501
0,0,COM3D2x64_Data\sharedassets105.resource,1239072,9EF23F8B,34501
0,0,COM3D2x64_Data\sharedassets106.assets,9189,422AEC42,34501
0,0,COM3D2x64_Data\sharedassets107.assets,9045,7AC3A406,34501
0,0,COM3D2x64_Data\sharedassets108.assets,5721,479D905B,34501
0,0,COM3D2x64_Data\sharedassets109.assets,9540,A54A0566,34501
0,0,COM3D2x64_Data\sharedassets109.resource,1500320,468304E6,34501
0,0,COM3D2x64_Data\sharedassets110.assets,6081,453526C8,34501
0,0,COM3D2x64_Data\sharedassets111.assets,2853,9F831A42,34501
0,0,COM3D2x64_Data\sharedassets112.assets,2853,9F831A42,34501
0,0,COM3D2x64_Data\sharedassets113.assets,2769,916EF596,34501
0,0,COM3D2x64_Data\sharedassets114.assets,2433,95044119,34501
0,0,COM3D2x64_Data\sharedassets115.assets,2769,916EF596,34501
0,0,COM3D2x64_Data\sharedassets116.assets,2865,A047A919,34501
0,0,COM3D2x64_Data\sharedassets117.assets,2769,916EF596,34501
0,0,COM3D2x64_Data\sharedassets118.assets,9021,26B55AEF,34501
0,0,COM3D2x64_Data\sharedassets119.assets,5709,27A9C62E,34501
0,0,COM3D2x64_Data\sharedassets120.assets,393656,BBFF5276,34501
0,0,COM3D2x64_Data\sharedassets120.assets.resS,2184656,EE6A6E48,34501
0,0,COM3D2x64_Data\sharedassets121.assets,5940,F8CB1EF7,34501
0,0,COM3D2x64_Data\sharedassets121.resource,2752064,01AB8E9E,34501
0,0,COM3D2x64_Data\sharedassets122.assets,9117,E3D158DE,34501
0,0,COM3D2x64_Data\sharedassets123.assets,9105,647B466A,34501
0,0,COM3D2x64_Data\sharedassets124.assets,5781,96571631,34501
0,0,COM3D2x64_Data\sharedassets125.assets,3316,CBA6FF05,34501
0,0,COM3D2x64_Data\sharedassets125.resource,6331360,376DAB75,34501
0,0,COM3D2x64_Data\sharedassets126.assets,3189,9DC02F36,34501
0,0,COM3D2x64_Data\sharedassets127.assets,83284,0DF2C89B,34501
0,0,COM3D2x64_Data\sharedassets127.resource,8838560,027F254D,34501
0,0,COM3D2x64_Data\sharedassets128.assets,4341,A3BB4E47,34501
0,0,COM3D2x64_Data\sharedassets129.assets,2077,F3DFF997,34501
0,0,COM3D2x64_Data\sharedassets130.assets,3933,340F8D36,34501
0,0,COM3D2x64_Data\sharedassets131.assets,7425,1A49E7F1,34501
0,0,COM3D2x64_Data\sharedassets132.assets,4233,6E7FF423,34501
0,0,COM3D2x64_Data\sharedassets133.assets,613456,23F4FA39,34501
0,0,COM3D2x64_Data\sharedassets133.assets.resS,6138656,2613FE39,34501
0,0,COM3D2x64_Data\sharedassets134.assets,2649,6A6CA2BC,34501
0,0,COM3D2x64_Data\sharedassets135.assets,3213,DD8A2713,34501
0,0,COM3D2x64_Data\sharedassets136.assets,3117,455E9002,34501
0,0,COM3D2x64_Data\sharedassets137.assets,3117,455E9002,34501
0,0,COM3D2x64_Data\sharedassets138.assets,3117,455E9002,34501
0,0,COM3D2x64_Data\sharedassets139.assets,3117,455E9002,34501
0,0,COM3D2x64_Data\sharedassets140.assets,3117,455E9002,34501
0,0,COM3D2x64_Data\sharedassets141.assets,3117,455E9002,34501
0,0,COM3D2x64_Data\sharedassets142.assets,2769,916EF596,34501
0,0,COM3D2x64_Data\sharedassets143.assets,2769,916EF596,34501
0,0,COM3D2x64_Data\sharedassets144.assets,2769,916EF596,34501
0,0,COM3D2x64_Data\sharedassets145.assets,2769,916EF596,34501
0,0,COM3D2x64_Data\sharedassets146.assets,2769,916EF596,34501
0,0,COM3D2x64_Data\sharedassets147.assets,2769,916EF596,34501
0,0,COM3D2x64_Data\sharedassets148.assets,2769,916EF596,34501
0,0,COM3D2x64_Data\sharedassets149.assets,3117,455E9002,34501
0,0,COM3D2x64_Data\sharedassets150.assets,2493,D47B943A,34501
0,0,COM3D2x64_Data\sharedassets151.assets,2205,C9040BDA,34501
0,0,COM3D2x64_Data\sharedassets152.assets,3477,1C0D8BF6,34501
0,0,COM3D2x64_Data\sharedassets153.assets,210016,C829BDC8,34501
0,0,COM3D2x64_Data\sharedassets153.assets.resS,174784,F8825DB8,34501
0,0,COM3D2x64_Data\sharedassets154.assets,6588,98B6DF7F,34501
0,0,COM3D2x64_Data\sharedassets155.assets,2493,E6C533A6,34501
0,0,COM3D2x64_Data\sharedassets156.assets,2493,06F76E93,34501
0,0,COM3D2x64_Data\sharedassets157.assets,2613,24232BA9,34501
0,0,MonoBleedingEdge\EmbedRuntime\mono-2.0-bdwgc.dll,7895744,19AF8B01,34501
0,0,MonoBleedingEdge\EmbedRuntime\MonoPosixHelper.dll,609472,68524C42,34501
0,0,MonoBleedingEdge\etc\mono\2.0\Browsers\Compat.browser,1605,2E178A0B,34501
0,0,MonoBleedingEdge\etc\mono\2.0\DefaultWsdlHelpGenerator.aspx,60575,95F9D0B4,34501
0,0,MonoBleedingEdge\etc\mono\2.0\machine.config,29066,42543B8B,34501
0,0,MonoBleedingEdge\etc\mono\2.0\settings.map,2622,AD5340F9,34501
0,0,MonoBleedingEdge\etc\mono\2.0\web.config,11635,1A75EBAD,34501
0,0,MonoBleedingEdge\etc\mono\4.0\Browsers\Compat.browser,1605,2E178A0B,34501
0,0,MonoBleedingEdge\etc\mono\4.0\DefaultWsdlHelpGenerator.aspx,60575,95F9D0B4,34501
0,0,MonoBleedingEdge\etc\mono\4.0\machine.config,33598,86F603C4,34501
0,0,MonoBleedingEdge\etc\mono\4.0\settings.map,2622,DC24A240,34501
0,0,MonoBleedingEdge\etc\mono\4.0\web.config,18802,36D8BA3E,34501
0,0,MonoBleedingEdge\etc\mono\4.5\Browsers\Compat.browser,1605,2E178A0B,34501
0,0,MonoBleedingEdge\etc\mono\4.5\DefaultWsdlHelpGenerator.aspx,60575,95F9D0B4,34501
0,0,MonoBleedingEdge\etc\mono\4.5\machine.config,34056,C446A9EB,34501
0,0,MonoBleedingEdge\etc\mono\4.5\settings.map,2622,DC24A240,34501
0,0,MonoBleedingEdge\etc\mono\4.5\web.config,18811,4F48BC13,34501
0,0,MonoBleedingEdge\etc\mono\mconfig\config.xml,25817,80B2033A,34501
0,0,MonoBleedingEdge\etc\mono\browscap.ini,311984,CE6C0AB3,34501
0,0,MonoBleedingEdge\etc\mono\config,3815,88FA6D93,34501
0,0,COM3D2x64.exe,666624,19AE50FD,34501
0,0,UnityCrashHandler64.exe,1112768,1C830F9F,34501
0,0,UnityPlayer.dll,30996672,9C9085E6,34501
share,../com3d2data\GameData\ja_script\script.arc,GameData\script.arc,16887540,77FE2345,24505
share,../com3d2data\GameData\ja_script\script_omytgc032_add2_2.arc,GameData\script_omytgc032_add2_2.arc,4338,46F4AD18,24501
share,../com3d2data\GameData\ja_script\script_personal_om005_2.arc,GameData\script_personal_om005_2.arc,257708,EAA73F6E,24501
share,../com3d2data\GameData\ja_script\script_personal_om006_2.arc,GameData\script_personal_om006_2.arc,243397,6D34A3E6,24501
share,../com3d2data\GameData\ja_script\script_personal_om007_2.arc,GameData\script_personal_om007_2.arc,260229,5CA08BB2,24501
share,../com3d2data\GameData\ja_script\script_personal_om008_2.arc,GameData\script_personal_om008_2.arc,252923,4DDB2677,24501
share,../com3d2data\GameData\ja_script\script_personal_om011_2.arc,GameData\script_personal_om011_2.arc,239153,DF1FFC98,24501
share,../com3d2data\GameData\ja_script\script_personal_om012_2.arc,GameData\script_personal_om012_2.arc,245969,4CA0AFE8,24501
share,../com3d2data\GameData\ja_script\script_rotakara002_2.arc,GameData\script_rotakara002_2.arc,78324,21C2B914,24501
share,../com3d2data\GameData\ja_script\script_rotakara002add_2.arc,GameData\script_rotakara002add_2.arc,156211,8BDB4184,24501
share,../com3d2data\GameData\patch\csv.arc,GameData\csv.arc,46101985,479DA663,24505
share,../com3d2data\GameData\patch\parts_cas135_2.arc,GameData\parts_cas135_2.arc,5780151,5E26BF0B,24501
share,../com3d2data\GameData\patch\parts2.arc,GameData\parts2.arc,231721123,5963BC8B,24501
share,../com3d2data\GameData\patch\paths.dat,GameData\paths.dat,20293,FD14EA70,24505
share,../com3d2data\GameData\patch\prioritymaterial.arc,GameData\prioritymaterial.arc,883400,CF932636,24501
share,../com3d2data\GameData\patch\system_cw011_2.arc,GameData\system_cw011_2.arc,282393148,EE1FC87D,24501
share,../com3d2data\GameData_20\material_cas135_2.arc,GameData_20\material_cas135_2.arc,4866,14F86D4C,1749
share,../com3d2data\GameData_20\model_cas135_2.arc,GameData_20\model_cas135_2.arc,383793,10C4EE04,1749
share,../com3d2data\GameData_20\model_dlc519_2.arc,GameData_20\model_dlc519_2.arc,1083748,B94E1F6C,1749
share,../com3d2data\GameData_20\paths.dat,GameData_20\paths.dat,15509,B7AB196F,1840
share,../com3d2data\GameData_20\prioritymaterial.arc,GameData_20\prioritymaterial.arc,455985,54BBE903,1840
