0,0,COM3D2.exe,6607360,B7BB12CE,2006
0,0,COM3D2x64.exe,22841856,A9562BF9,1490
0,0,LICENSE,31205,24BAD003,1490
0,0,COM3D2x64_Data\app.info,27,F9A266E7,1490
0,0,COM3D2x64_Data\globalgamemanagers,4458276,754949EA,1490
0,0,COM3D2x64_Data\globalgamemanagers.assets,244036,C78A0ED9,1490
0,0,COM3D2x64_Data\level0,325492,4EA7380F,1490
0,0,COM3D2x64_Data\level1,348636,11EFD49F,1490
0,0,COM3D2x64_Data\level10,352348,7C228BEE,1490
0,0,COM3D2x64_Data\level100,1030220,0450F21F,1490
0,0,COM3D2x64_Data\level101,1693564,501843C4,1490
0,0,COM3D2x64_Data\level102,1644636,DCA6EF32,1490
0,0,COM3D2x64_Data\level103,1113412,724B8665,1490
0,0,COM3D2x64_Data\level104,1057084,59E11659,1490
0,0,COM3D2x64_Data\level105,1512540,0601ADF8,1490
0,0,COM3D2x64_Data\level106,1611468,AF87B265,1490
0,0,COM3D2x64_Data\level107,1054980,8F22A6BF,1490
0,0,COM3D2x64_Data\level108,970524,15CF8306,1490
0,0,COM3D2x64_Data\level109,1679476,ED433B5A,1490
0,0,COM3D2x64_Data\level11,326004,E6FB2788,1490
0,0,COM3D2x64_Data\level110,1576284,6DCCF397,1490
0,0,COM3D2x64_Data\level111,468020,FAF94F73,1490
0,0,COM3D2x64_Data\level112,487796,F684FA34,1490
0,0,COM3D2x64_Data\level113,576284,1AB3620F,1490
0,0,COM3D2x64_Data\level114,535420,4A2CE573,1490
0,0,COM3D2x64_Data\level114.resS,131232,9337BCA3,1490
0,0,COM3D2x64_Data\level12,393452,B1BC526C,1490
0,0,COM3D2x64_Data\level13,329116,681677E6,1490
0,0,COM3D2x64_Data\level14,825644,57BD682B,1490
0,0,COM3D2x64_Data\level15,7476,051DB040,1490
0,0,COM3D2x64_Data\level16,327948,ADD9D04C,1490
0,0,COM3D2x64_Data\level17,4664,A78D5E5E,1490
0,0,COM3D2x64_Data\level18,344636,DE35E628,1490
0,0,COM3D2x64_Data\level19,334332,B26CF5C0,1490
0,0,COM3D2x64_Data\level2,343468,F5CC69C6,1490
0,0,COM3D2x64_Data\level20,955476,67940347,1490
0,0,COM3D2x64_Data\level21,427156,B4DA1C71,1490
0,0,COM3D2x64_Data\level22,1085116,5E169928,1490
0,0,COM3D2x64_Data\level23,410636,37F960FD,1490
0,0,COM3D2x64_Data\level24,680972,9FF0AF85,1490
0,0,COM3D2x64_Data\level25,347972,4C701380,1490
0,0,COM3D2x64_Data\level26,2187804,55F2E851,1490
0,0,COM3D2x64_Data\level27,1115124,8DC3EACD,1490
0,0,COM3D2x64_Data\level28,347972,1D8A55DD,1490
0,0,COM3D2x64_Data\level29,1088396,6E78005A,1490
0,0,COM3D2x64_Data\level3,1203556,D20C525A,1490
0,0,COM3D2x64_Data\level30,340596,DA9F75F6,1490
0,0,COM3D2x64_Data\level31,447684,73D55E18,1490
0,0,COM3D2x64_Data\level32,27904,8C3F11F6,1490
0,0,COM3D2x64_Data\level32.resS,131232,851AC384,1490
0,0,COM3D2x64_Data\level33,51676,4F10799E,1490
0,0,COM3D2x64_Data\level34,56036,24243902,1490
0,0,COM3D2x64_Data\level35,6832,1E4DE853,1490
0,0,COM3D2x64_Data\level36,326396,C3B4620C,1490
0,0,COM3D2x64_Data\level37,1576444,A1FC688B,1490
0,0,COM3D2x64_Data\level38,1433076,343CB295,1490
0,0,COM3D2x64_Data\level39,1454676,A1B28C74,1490
0,0,COM3D2x64_Data\level4,1212940,DA928842,1490
0,0,COM3D2x64_Data\level40,444068,F3D92B52,1490
0,0,COM3D2x64_Data\level41,395436,75D0058D,1490
0,0,COM3D2x64_Data\level42,426580,C7EF14FC,1490
0,0,COM3D2x64_Data\level43,1349908,9BCEE1D9,1490
0,0,COM3D2x64_Data\level44,1414364,DCFCD746,1490
0,0,COM3D2x64_Data\level45,1539788,9D9DF683,1490
0,0,COM3D2x64_Data\level46,414020,CF393766,1490
0,0,COM3D2x64_Data\level47,381116,1900C05B,1490
0,0,COM3D2x64_Data\level48,439484,8555C0D0,1490
0,0,COM3D2x64_Data\level49,396708,613AB9B7,1490
0,0,COM3D2x64_Data\level5,1301092,80F70E9B,1490
0,0,COM3D2x64_Data\level50,1374812,8CC1BA56,1490
0,0,COM3D2x64_Data\level51,381268,68C3804B,1490
0,0,COM3D2x64_Data\level52,659468,40A85B2C,1490
0,0,COM3D2x64_Data\level53,537868,C485588A,1490
0,0,COM3D2x64_Data\level54,349900,CA4B42B4,1490
0,0,COM3D2x64_Data\level55,1276772,8B5C671B,1490
0,0,COM3D2x64_Data\level56,1027396,AB2F6655,1490
0,0,COM3D2x64_Data\level57,1034636,C0507E95,1490
0,0,COM3D2x64_Data\level58,1276772,19E28252,1490
0,0,COM3D2x64_Data\level59,1157332,C7092F8A,1490
0,0,COM3D2x64_Data\level6,326988,2DC75D94,1490
0,0,COM3D2x64_Data\level60,945948,AF711CD8,1490
0,0,COM3D2x64_Data\level61,1232340,7F042DD4,1490
0,0,COM3D2x64_Data\level62,1333356,B1CCB643,1490
0,0,COM3D2x64_Data\level63,681364,55E07EBA,1490
0,0,COM3D2x64_Data\level64,918164,EB73AF87,1490
0,0,COM3D2x64_Data\level65,401300,B7B1D4C1,1490
0,0,COM3D2x64_Data\level66,397668,75151DD0,1490
0,0,COM3D2x64_Data\level67,441380,CDE85CEF,1490
0,0,COM3D2x64_Data\level68,463508,BD45B360,1490
0,0,COM3D2x64_Data\level69,391908,C690005E,1490
0,0,COM3D2x64_Data\level7,1057028,0A24514F,1490
0,0,COM3D2x64_Data\level70,451868,8F88DFCB,1490
0,0,COM3D2x64_Data\level71,1040308,D81B6768,1490
0,0,COM3D2x64_Data\level72,964708,53664DFD,1490
0,0,COM3D2x64_Data\level73,444588,BB7B86C2,1490
0,0,COM3D2x64_Data\level74,466732,A10B25CA,1490
0,0,COM3D2x64_Data\level75,457316,C344CCAE,1490
0,0,COM3D2x64_Data\level76,1044716,CAAC308C,1490
0,0,COM3D2x64_Data\level77,1004988,5A0EA4BA,1490
0,0,COM3D2x64_Data\level78,450364,35A7354D,1490
0,0,COM3D2x64_Data\level79,434884,ED757E3E,1490
0,0,COM3D2x64_Data\level8,357860,DC30497E,1490
0,0,COM3D2x64_Data\level80,416556,1E31BB18,1490
0,0,COM3D2x64_Data\level81,359620,D711575E,1490
0,0,COM3D2x64_Data\level82,1384108,D0C57033,1490
0,0,COM3D2x64_Data\level83,1324860,11355B95,1490
0,0,COM3D2x64_Data\level84,503380,60C07528,1490
0,0,COM3D2x64_Data\level85,405508,EBC954EE,1490
0,0,COM3D2x64_Data\level86,1252876,994F7111,1490
0,0,COM3D2x64_Data\level87,970708,8548B7E8,1490
0,0,COM3D2x64_Data\level88,1429180,B84B974B,1490
0,0,COM3D2x64_Data\level89,1370332,E459FF91,1490
0,0,COM3D2x64_Data\level9,417148,55DBDDD5,1490
0,0,COM3D2x64_Data\level90,1576452,46465A74,1490
0,0,COM3D2x64_Data\level91,1539796,AF46158A,1490
0,0,COM3D2x64_Data\level92,1371484,0F5F15D8,1490
0,0,COM3D2x64_Data\level93,1337428,76C8CC2A,1490
0,0,COM3D2x64_Data\level94,418116,84D77371,1490
0,0,COM3D2x64_Data\level95,406748,E483FA32,1490
0,0,COM3D2x64_Data\level96,1050588,2AB954C7,1490
0,0,COM3D2x64_Data\level97,851876,A88DBBAE,1490
0,0,COM3D2x64_Data\level98,958644,A17B149F,1490
0,0,COM3D2x64_Data\level99,852836,9EA983DA,1490
0,0,COM3D2x64_Data\resources.assets,422521752,C407DD85,1490
0,0,COM3D2x64_Data\resources.assets.resS,1791863664,DAEC54FC,1490
0,0,COM3D2x64_Data\resources.resource,727392,54F90BDA,1490
0,0,COM3D2x64_Data\sharedassets0.assets,115226516,F3F097DF,1490
0,0,COM3D2x64_Data\sharedassets0.assets.resS,28071636,A1AB9432,1490
0,0,COM3D2x64_Data\sharedassets1.assets,6256,1CE8F8D8,1490
0,0,COM3D2x64_Data\sharedassets10.assets,6112,945D7F0D,1490
0,0,COM3D2x64_Data\sharedassets100.assets,353884,CF6D43D3,1490
0,0,COM3D2x64_Data\sharedassets100.assets.resS,2272048,E50143CB,1490
0,0,COM3D2x64_Data\sharedassets100.resource,6236800,C7E9CFDE,1490
0,0,COM3D2x64_Data\sharedassets101.assets,6568304,BFBCC60C,1490
0,0,COM3D2x64_Data\sharedassets101.assets.resS,10936,3B0D7ADF,1490
0,0,COM3D2x64_Data\sharedassets101.resource,1136352,956B5452,1490
0,0,COM3D2x64_Data\sharedassets102.assets,10252,61F2A028,1490
0,0,COM3D2x64_Data\sharedassets103.assets,12796,E3784CDD,1490
0,0,COM3D2x64_Data\sharedassets104.assets,9592,398F6681,1490
0,0,COM3D2x64_Data\sharedassets105.assets,9716,8E505AB0,1490
0,0,COM3D2x64_Data\sharedassets105.resource,1003968,52A085C2,1490
0,0,COM3D2x64_Data\sharedassets106.assets,12916,6B75E4B7,1490
0,0,COM3D2x64_Data\sharedassets107.assets,12856,F4A62338,1490
0,0,COM3D2x64_Data\sharedassets108.assets,9532,3D98EF26,1490
0,0,COM3D2x64_Data\sharedassets109.assets,13300,7017D85C,1490
0,0,COM3D2x64_Data\sharedassets109.resource,1166848,2709F6C2,1490
0,0,COM3D2x64_Data\sharedassets11.assets,6088,2D0393B1,1490
0,0,COM3D2x64_Data\sharedassets110.assets,9844,56668215,1490
0,0,COM3D2x64_Data\sharedassets111.assets,6652,74686320,1490
0,0,COM3D2x64_Data\sharedassets112.assets,6652,74686320,1490
0,0,COM3D2x64_Data\sharedassets113.assets,6616,E774138E,1490
0,0,COM3D2x64_Data\sharedassets114.assets,6340,97EBDE09,1490
0,0,COM3D2x64_Data\sharedassets12.assets,6328,06028EE4,1490
0,0,COM3D2x64_Data\sharedassets13.assets,6232,9600EA4B,1490
0,0,COM3D2x64_Data\sharedassets14.assets,6688,195E490F,1490
0,0,COM3D2x64_Data\sharedassets15.assets,4564,2A991DA6,1490
0,0,COM3D2x64_Data\sharedassets16.assets,6148,AF1312F1,1490
0,0,COM3D2x64_Data\sharedassets17.assets,4132,DDFC4326,1490
0,0,COM3D2x64_Data\sharedassets18.assets,6868,2FE28F09,1490
0,0,COM3D2x64_Data\sharedassets19.assets,6232,56F3FF36,1490
0,0,COM3D2x64_Data\sharedassets2.assets,6292,8AB5F5B9,1490
0,0,COM3D2x64_Data\sharedassets20.assets,30936236,DE8E5532,1490
0,0,COM3D2x64_Data\sharedassets21.assets,6292,3722D3B4,1490
0,0,COM3D2x64_Data\sharedassets22.assets,48052092,071DC48F,1490
0,0,COM3D2x64_Data\sharedassets23.assets,6316,258D3761,1490
0,0,COM3D2x64_Data\sharedassets24.assets,6376,8E36FFBC,1490
0,0,COM3D2x64_Data\sharedassets25.assets,6184,79FF5EFB,1490
0,0,COM3D2x64_Data\sharedassets26.assets,7096,563B7AC6,1490
0,0,COM3D2x64_Data\sharedassets27.assets,39516308,737A32F5,1490
0,0,COM3D2x64_Data\sharedassets28.assets,6184,82A64422,1490
0,0,COM3D2x64_Data\sharedassets29.assets,12664,DA7407EE,1490
0,0,COM3D2x64_Data\sharedassets3.assets,7972,61796570,1490
0,0,COM3D2x64_Data\sharedassets30.assets,6112,57BCE6E3,1490
0,0,COM3D2x64_Data\sharedassets31.assets,18126856,E05146B5,1490
0,0,COM3D2x64_Data\sharedassets32.assets,12328,BBB1D4A2,1490
0,0,COM3D2x64_Data\sharedassets33.assets,4420,F2067740,1490
0,0,COM3D2x64_Data\sharedassets34.assets,4324,EFCB0D26,1490
0,0,COM3D2x64_Data\sharedassets35.assets,4264,9EA5FF06,1490
0,0,COM3D2x64_Data\sharedassets36.assets,6124,CFC00234,1490
0,0,COM3D2x64_Data\sharedassets37.assets,145550532,84A16073,1490
0,0,COM3D2x64_Data\sharedassets38.assets,135254532,5B351406,1490
0,0,COM3D2x64_Data\sharedassets39.assets,127532532,1D8943D9,1490
0,0,COM3D2x64_Data\sharedassets4.assets,12916,927FD293,1490
0,0,COM3D2x64_Data\sharedassets40.assets,7228,0EBFA5AF,1490
0,0,COM3D2x64_Data\sharedassets41.assets,6976,12638645,1490
0,0,COM3D2x64_Data\sharedassets42.assets,7252,564844EC,1490
0,0,COM3D2x64_Data\sharedassets43.assets,9388,DB0143A2,1490
0,0,COM3D2x64_Data\sharedassets44.assets,9496,C77B1F59,1490
0,0,COM3D2x64_Data\sharedassets45.assets,9484,36A37351,1490
0,0,COM3D2x64_Data\sharedassets46.assets,8524,675A2171,1490
0,0,COM3D2x64_Data\sharedassets47.assets,6592,1D1C11A4,1490
0,0,COM3D2x64_Data\sharedassets48.assets,8332,CC622888,1490
0,0,COM3D2x64_Data\sharedassets49.assets,792692,2FF370CA,1490
0,0,COM3D2x64_Data\sharedassets49.assets.resS,6506584,427886ED,1490
0,0,COM3D2x64_Data\sharedassets5.assets,7156,BB25CC76,1490
0,0,COM3D2x64_Data\sharedassets50.assets,141689532,72CEFA8F,1490
0,0,COM3D2x64_Data\sharedassets51.assets,6580,8B342957,1490
0,0,COM3D2x64_Data\sharedassets52.assets,6748,31A9C359,1490
0,0,COM3D2x64_Data\sharedassets53.assets,6520,F43BD255,1490
0,0,COM3D2x64_Data\sharedassets54.assets,6124,CF56255B,1490
0,0,COM3D2x64_Data\sharedassets55.assets,128819620,60DC78BC,1490
0,0,COM3D2x64_Data\sharedassets56.assets,9256,82EFEA45,1490
0,0,COM3D2x64_Data\sharedassets57.assets,9280,CD43BC3D,1490
0,0,COM3D2x64_Data\sharedassets58.assets,12712,AC41D637,1490
0,0,COM3D2x64_Data\sharedassets59.assets,9484,714D9C9D,1490
0,0,COM3D2x64_Data\sharedassets6.assets,6136,321E0F44,1490
0,0,COM3D2x64_Data\sharedassets60.assets,9292,A9E94D8F,1490
0,0,COM3D2x64_Data\sharedassets61.assets,9460,55683F17,1490
0,0,COM3D2x64_Data\sharedassets62.assets,9496,EC9F8C7C,1490
0,0,COM3D2x64_Data\sharedassets63.assets,6652,A7A57E88,1490
0,0,COM3D2x64_Data\sharedassets64.assets,9460,908BFD26,1490
0,0,COM3D2x64_Data\sharedassets65.assets,42236540,382B396B,1490
0,0,COM3D2x64_Data\sharedassets65.assets.resS,87400,8BA6C322,1490
0,0,COM3D2x64_Data\sharedassets66.assets,38246508,FF2F64D5,1490
0,0,COM3D2x64_Data\sharedassets67.assets,32874604,56EFC7D6,1490
0,0,COM3D2x64_Data\sharedassets68.assets,36735684,C4D98491,1490
0,0,COM3D2x64_Data\sharedassets68.assets.resS,174776,5B619AF1,1490
0,0,COM3D2x64_Data\sharedassets69.assets,41277360,E80AFB5B,1490
0,0,COM3D2x64_Data\sharedassets7.assets,6976,DEB2D15C,1490
0,0,COM3D2x64_Data\sharedassets70.assets,39399112,6A45730B,1490
0,0,COM3D2x64_Data\sharedassets71.assets,3017148,900392AE,1490
0,0,COM3D2x64_Data\sharedassets71.assets.resS,611728,7BFBEAAE,1490
0,0,COM3D2x64_Data\sharedassets72.assets,9508,DD8357E4,1490
0,0,COM3D2x64_Data\sharedassets73.assets,6508,72C12DC1,1490
0,0,COM3D2x64_Data\sharedassets74.assets,6508,72C12DC1,1490
0,0,COM3D2x64_Data\sharedassets75.assets,6508,72C12DC1,1490
0,0,COM3D2x64_Data\sharedassets76.assets,12604,DD4C4F3B,1490
0,0,COM3D2x64_Data\sharedassets77.assets,9460,C6187357,1490
0,0,COM3D2x64_Data\sharedassets78.assets,6472,BF7A08B1,1490
0,0,COM3D2x64_Data\sharedassets79.assets,59364,504F7B45,1490
0,0,COM3D2x64_Data\sharedassets79.assets.resS,174776,B51EE5DC,1490
0,0,COM3D2x64_Data\sharedassets8.assets,6136,4D8C47B7,1490
0,0,COM3D2x64_Data\sharedassets80.assets,6484,D76F58B1,1490
0,0,COM3D2x64_Data\sharedassets81.assets,6736,91FA9854,1490
0,0,COM3D2x64_Data\sharedassets82.assets,759664,4E67067F,1490
0,0,COM3D2x64_Data\sharedassets82.assets.resS,1310880,58801C35,1490
0,0,COM3D2x64_Data\sharedassets82.resource,1178176,90268BF4,1490
0,0,COM3D2x64_Data\sharedassets83.assets,9316,90C44FFA,1490
0,0,COM3D2x64_Data\sharedassets84.assets,52838324,3784B2FD,1490
0,0,COM3D2x64_Data\sharedassets84.assets.resS,6226112,B3E98769,1490
0,0,COM3D2x64_Data\sharedassets85.assets,6580,7B88961B,1490
0,0,COM3D2x64_Data\sharedassets86.assets,13852,39231509,1490
0,0,COM3D2x64_Data\sharedassets87.assets,9448,7AFB27DC,1490
0,0,COM3D2x64_Data\sharedassets88.assets,12616,F9FE1DE3,1490
0,0,COM3D2x64_Data\sharedassets89.assets,9436,EF98378F,1490
0,0,COM3D2x64_Data\sharedassets9.assets,7096,80FD1D51,1490
0,0,COM3D2x64_Data\sharedassets90.assets,12628,F7B6D9A6,1490
0,0,COM3D2x64_Data\sharedassets91.assets,9484,36A37351,1490
0,0,COM3D2x64_Data\sharedassets92.assets,12616,F9FE1DE3,1490
0,0,COM3D2x64_Data\sharedassets93.assets,10384,B7126064,1490
0,0,COM3D2x64_Data\sharedassets94.assets,6868,D9BA5792,1490
0,0,COM3D2x64_Data\sharedassets95.assets,6436,E5CA8DD5,1490
0,0,COM3D2x64_Data\sharedassets96.assets,11692,DCA5C65F,1490
0,0,COM3D2x64_Data\sharedassets96.resource,2729184,2D4064D6,1490
0,0,COM3D2x64_Data\sharedassets97.assets,11560,85898EAC,1490
0,0,COM3D2x64_Data\sharedassets98.assets,8296,2646AA48,1490
0,0,COM3D2x64_Data\sharedassets99.assets,7612,3D338EF9,1490
0,0,COM3D2x64_Data\Managed\Accessibility.dll,10752,5CB31E4E,1490
0,0,COM3D2x64_Data\Managed\Assembly-CSharp-firstpass.dll,787456,60AF40E2,1490
0,0,COM3D2x64_Data\Managed\Assembly-CSharp.dll,5443584,071B7AB8,1490
0,0,COM3D2x64_Data\Managed\Assembly-UnityScript-firstpass.dll,65024,AE543F40,1490
0,0,COM3D2x64_Data\Managed\Boo.Lang.dll,126976,28383F70,1490
0,0,COM3D2x64_Data\Managed\BouncyCastle.Crypto.dll,2236416,5A4C4F07,1490
0,0,COM3D2x64_Data\Managed\FoveUnityPlugin.dll,28672,A6EA882B,1490
0,0,COM3D2x64_Data\Managed\ICSharpCode.SharpZipLib.dll,200704,D3160A1C,1490
0,0,COM3D2x64_Data\Managed\Ionic.Zlib.dll,102400,7C9E7DD2,1490
0,0,COM3D2x64_Data\Managed\JsonFx.Json.dll,70144,A0F0CFCB,1490
0,0,COM3D2x64_Data\Managed\LeapCSharp.NET3.5.dll,82432,38E38212,1490
0,0,COM3D2x64_Data\Managed\Mono.Data.Tds.dll,96256,2965324B,1490
0,0,COM3D2x64_Data\Managed\Mono.Posix.dll,184320,0CE35BE3,1490
0,0,COM3D2x64_Data\Managed\Mono.Security.dll,294912,66EB9979,1490
0,0,COM3D2x64_Data\Managed\Mono.WebBrowser.dll,172032,137B736F,1490
0,0,COM3D2x64_Data\Managed\mscorlib.dll,2590208,5166389B,1490
0,0,COM3D2x64_Data\Managed\Newtonsoft.Json.dll,494592,5C881B73,1490
0,0,COM3D2x64_Data\Managed\System.Configuration.dll,124928,72952344,1490
0,0,COM3D2x64_Data\Managed\System.Core.dll,297472,9E3EE5D7,1490
0,0,COM3D2x64_Data\Managed\System.Data.dll,856064,DDDB80CD,1490
0,0,COM3D2x64_Data\Managed\System.dll,1679360,13922617,1490
0,0,COM3D2x64_Data\Managed\System.Drawing.Design.dll,29696,E7B53FF9,1490
0,0,COM3D2x64_Data\Managed\System.Drawing.dll,448512,C4B2E872,1490
0,0,COM3D2x64_Data\Managed\System.EnterpriseServices.dll,46592,2C72A9FE,1490
0,0,COM3D2x64_Data\Managed\System.Security.dll,135168,1CE94C57,1490
0,0,COM3D2x64_Data\Managed\System.Transactions.dll,27648,45299FCF,1490
0,0,COM3D2x64_Data\Managed\System.Windows.Forms.dll,3053568,56394001,1490
0,0,COM3D2x64_Data\Managed\System.Xml.dll,1270272,4581A35B,1490
0,0,COM3D2x64_Data\Managed\System.Xml.Linq.dll,106496,E844371C,1490
0,0,COM3D2x64_Data\Managed\UnityEngine.dll,1393152,2C35388C,1490
0,0,COM3D2x64_Data\Managed\UnityEngine.dll.mdb,449828,8610375E,1490
0,0,COM3D2x64_Data\Managed\UnityEngine.Networking.dll,253952,2BDF701F,1490
0,0,COM3D2x64_Data\Managed\UnityEngine.UI.dll,245760,FA552B2D,1490
0,0,COM3D2x64_Data\Managed\UnityEngine.VR.dll,3072,A4582CD6,1490
0,0,COM3D2x64_Data\Managed\UnityScript.Lang.dll,13824,0DA8F681,1490
0,0,COM3D2x64_Data\Managed\Win32.dll,13312,7781C2A2,1490
0,0,COM3D2x64_Data\Managed\zxing.unity.dll,430592,9FD1F198,1490
0,0,COM3D2x64_Data\Mono\mono.dll,2618816,0BEA8C0F,1490
0,0,COM3D2x64_Data\Mono\MonoPosixHelper.dll,113664,9B5E1E4D,1490
0,0,COM3D2x64_Data\Mono\etc\mono\browscap.ini,311984,CE6C0AB3,1490
0,0,COM3D2x64_Data\Mono\etc\mono\config,1691,A635914A,1490
0,0,COM3D2x64_Data\Mono\etc\mono\1.0\DefaultWsdlHelpGenerator.aspx,58196,10E814BF,1490
0,0,COM3D2x64_Data\Mono\etc\mono\1.0\machine.config,17258,EDE1AC59,1490
0,0,COM3D2x64_Data\Mono\etc\mono\2.0\DefaultWsdlHelpGenerator.aspx,60453,F3869A34,1490
0,0,COM3D2x64_Data\Mono\etc\mono\2.0\machine.config,27625,73C91C24,1490
0,0,COM3D2x64_Data\Mono\etc\mono\2.0\settings.map,2618,A1A3C29F,1490
0,0,COM3D2x64_Data\Mono\etc\mono\2.0\web.config,11686,534A9960,1490
0,0,COM3D2x64_Data\Mono\etc\mono\2.0\Browsers\Compat.browser,1605,2E178A0B,1490
0,0,COM3D2x64_Data\Mono\etc\mono\mconfig\config.xml,25817,80B2033A,1490
0,0,COM3D2x64_Data\Plugins\assimp.dll,4388864,7C910D84,1490
0,0,COM3D2x64_Data\Plugins\Audio360.dll,1499136,2D77400A,1490
0,0,COM3D2x64_Data\Plugins\AVProVideo.dll,891392,A3612D4B,1490
0,0,COM3D2x64_Data\Plugins\clothpp.dll,112128,7C3264A4,1490
0,0,COM3D2x64_Data\Plugins\cm3d2.dll,2088960,542B1DEC,1490
0,0,COM3D2x64_Data\Plugins\device_hook.dll,738816,F61E7CED,1490
0,0,COM3D2x64_Data\Plugins\FbxExporterCore.dll,12491776,CBAA51C1,1490
0,0,COM3D2x64_Data\Plugins\FoveClient.dll,1849384,58C8B4F6,1490
0,0,COM3D2x64_Data\Plugins\LeapC.dll,2516992,FBDD3767,1490
0,0,COM3D2x64_Data\Plugins\openvr_api.dll,318272,44432E0F,1490
0,0,COM3D2x64_Data\Plugins\OVRGamepad.dll,12800,2C526135,1490
0,0,COM3D2x64_Data\Plugins\OVRLipSync.dll,2512296,391C1F4C,1490
0,0,COM3D2x64_Data\Plugins\OVRPlugin.dll,1898408,5DD05B6C,1490
0,0,COM3D2x64_Data\Plugins\Win32-WebView.dll,504832,382AEE66,1490
0,0,COM3D2x64_Data\Resources\unity default resources,752360,71DB1AEA,1490
0,0,COM3D2x64_Data\Resources\unity_builtin_extra,284012,91145F7F,1490
0,0,GameData\motion2.arc,182206657,A1DA2B66,1430
0,0,GameData\motion_3d21reserve_2.arc,153931,C630D84E,1100
0,0,GameData\motion_charaevent001_2.arc,1620106,06D07D92,1250
0,0,GameData\motion_charaevent002_2.arc,529007,1EE16A3C,1310
0,0,GameData\motion_charaevent004_2.arc,1931901,7BD7A6FB,1480
0,0,GameData\motion_charaevent005_2.arc,677366,64D8BC97,1310
0,0,GameData\motion_charaevent007_2.arc,1419293,1825E020,1280
0,0,GameData\motion_cos021_2.arc,323647,5697AC81,1061
0,0,GameData\motion_denkigai2017w_2.arc,1466874,DEACF6A8,1070
0,0,GameData\motion_gp001_2.arc,44501550,AA93BEF1,1312
0,0,GameData\motion_kissnohi001_2.arc,158459,BD4D598E,1200
0,0,GameData\motion_omytgc002_2.arc,2611175,C672249A,1310
0,0,GameData\motion_omytgc013_2.arc,157707,6F04671D,1480
0,0,GameData\motion_personal_om005_2.arc,16232604,DF69DE56,1301
0,0,GameData\script.arc,12942148,7A704D87,1490
0,0,GameData\script_charaevent001_2.arc,30674,FD2BB099,1090
0,0,GameData\script_charaevent002_2.arc,10754,793C2808,1270
0,0,GameData\script_charaevent006_2.arc,6850,ABCBCA52,1432
0,0,GameData\script_charaevent002ntr_2.arc,16114,A039DACC,1150
0,0,GameData\script_charaevent003ntr_2.arc,14370,7667AFA0,1312
0,0,GameData\script_charaevent004ntr_2.arc,16450,5334480E,1220
0,0,GameData\script_charaevent006ntr_2.arc,16930,6C5EBD07,1432
0,0,GameData\script_cos021_2.arc,109385,684D92BB,1140
0,0,GameData\script_denkigai2017w_2.arc,430750,44E8DF34,1140
0,0,GameData\script_denkigai2018s_2.arc,10274,96AE23D5,1191
0,0,GameData\script_dlc247_2.arc,26514,BF160EF4,1310
0,0,GameData\script_dlc251_2.arc,22658,0C0DAA32,1310
0,0,GameData\script_dlc255_2.arc,5922,D1AE825D,1310
0,0,GameData\script_dlc272_2.arc,8866,229A3C4C,1310
0,0,GameData\script_dlc280_2.arc,3506,0B54F783,1320
0,0,GameData\script_exm001_2.arc,2738,7DFDDDE5,1070
0,0,GameData\script_gp001_2.arc,2529718,652DE3E8,1490
0,0,GameData\script_gp001fb_2.arc,22546,22E1C5C9,1490
0,0,GameData\script_gp002_2.arc,1300188,A4614F39,1440
0,0,GameData\script_gp002p1_2.arc,3458,E47A3AE4,1360
0,0,GameData\script_gp002p2_2.arc,2484360,F920E0B6,1431
0,0,GameData\script_old_2.arc,597719,060E5179,1430
0,0,GameData\script_oldplus001_2.arc,42962,677656D2,1411
0,0,GameData\script_omytgc001_2.arc,54354,4F59E426,1380
0,0,GameData\script_omytgc003_2.arc,4402,0FF93434,1250
0,0,GameData\script_omytgc011_2.arc,40434,58D82FBA,1460
0,0,GameData\script_ordermade001_2.arc,126411,3631230A,1440
0,0,GameData\script_ordermade002_2.arc,55554,BFBA56C4,1460
0,0,GameData\script_ordermade003_2.arc,34818,6C576BC8,1411
0,0,GameData\script_ordermade004_2.arc,42978,219624AC,1411
0,0,GameData\script_personal_om001_2.arc,49042,91A5221D,1380
0,0,GameData\script_personal_om001plus_2.arc,37346,CA245E2F,1312
0,0,GameData\script_personal_om002_2.arc,54354,2329A940,1380
0,0,GameData\script_personal_om002plus_2.arc,29730,7AF47A76,1310
0,0,GameData\script_personal_om003_2.arc,14914,5F1C25DE,1380
0,0,GameData\script_personal_om003plus_2.arc,28226,0F69BF19,1352
0,0,GameData\script_personal_om004_2.arc,39794,70FF4315,1380
0,0,GameData\script_personal_om004plus_2.arc,5330,D62BB7FD,1352
0,0,GameData\script_personal_om005_2.arc,63266,30459F4A,1380
0,0,GameData\script_personal_om005plus_2.arc,4914,7804F397,1352
0,0,GameData\script_personal_om006_2.arc,21554,A6C87026,1380
0,0,GameData\script_personal_om007_2.arc,9106,B9C96BC7,1450
0,0,GameData\script_personal_om008_2.arc,27042,6C0FA5E6,1460
0,0,GameData\script_sp001_2.arc,2562,F985BE42,1480
0,0,GameData\voice2.arc,462898586,DE29672D,1480
0,0,manual\favicon.ico,370070,687492C6,1050
0,0,manual\index.html,71545,035C59F0,1060
0,0,manual\css\close.png,1250,304A1D8C,1050
0,0,manual\css\common.css,3409,BA5B06EB,1050
0,0,manual\css\index.css,6614,38725E3B,1050
0,0,manual\css\lightbox.css,3674,9235D408,1050
0,0,manual\css\loading.gif,1279,72456323,1050
0,0,manual\css\next.png,1682,E0895D01,1050
0,0,manual\css\prev.png,1666,12F2027E,1050
0,0,manual\img\casino01.jpg,272694,C6FE6781,1050
0,0,manual\img\clubstatus.jpg,36546,DAA11F1D,1050
0,0,manual\img\com3d2_logo.png,100187,28605834,1050
0,0,manual\img\comp01.jpg,54909,F2AE5CE1,1050
0,0,manual\img\comp02.jpg,87599,493340A0,1050
0,0,manual\img\config.jpg,156802,1871EF55,1050
0,0,manual\img\dance01.jpg,305648,B87D0340,1050
0,0,manual\img\dance02.jpg,345535,27BEFAE3,1050
0,0,manual\img\edit01.jpg,312602,CB3E64D0,1050
0,0,manual\img\edit02.jpg,278318,878B2857,1050
0,0,manual\img\event01.jpg,194983,E4E03D42,1050
0,0,manual\img\facilitysetting01.jpg,338947,40D2A7D3,1050
0,0,manual\img\facilitysetting02.jpg,185709,12E0C653,1050
0,0,manual\img\facilitysetting03.jpg,267150,D08D54B7,1050
0,0,manual\img\kashizuki01.jpg,210954,8E6084EA,1050
0,0,manual\img\kashizuki02.jpg,209895,BD363567,1050
0,0,manual\img\kashizuki03.jpg,215560,D28EDBD6,1050
0,0,manual\img\kiss_logo.png,6459,7966A6E9,1050
0,0,manual\img\maidmanagement01.jpg,242517,21B3E491,1050
0,0,manual\img\maidmanagement02.jpg,140237,945D483D,1050
0,0,manual\img\maidmanagement03.jpg,208300,B7C8F3CD,1050
0,0,manual\img\mainmenu01.jpg,208641,7218A847,1060
0,0,manual\img\mainmenu02.jpg,193956,4C7EF1A8,1050
0,0,manual\img\myroom.jpg,225108,398BA2D8,1050
0,0,manual\img\myroom.psd,1301284,E3472053,1050
0,0,manual\img\reminiscence01.jpg,236014,B0302E74,1050
0,0,manual\img\schedule01.jpg,198475,6AD2FF8C,1050
0,0,manual\img\schedule02.jpg,240595,AE23B15D,1050
0,0,manual\img\shitsu_mode.jpg,166109,966737E0,1050
0,0,manual\img\shop.jpg,216722,67700EE6,1050
0,0,manual\img\studio.jpg,328576,FC7FDE83,1050
0,0,manual\img\system01.jpg,67204,A61273B1,1050
0,0,manual\img\yotogi01.jpg,283179,93847FCE,1050
0,0,manual\img\yotogi02.jpg,278963,0959D75C,1050
0,0,manual\img\yotogi03.jpg,243961,20F88D92,1050
0,0,manual\sys\common.js,240,976D3DF4,1050
0,0,manual\sys\jquery-3.1.0.min.js,86351,AE6B746B,1050
0,0,manual\sys\jquery.lazy.min.js,5022,FEEB9C66,1050
0,0,manual\sys\lightbox.js,18410,F90AE353,1050
share,GameData\patch\bg_kissevent2018_sp_card_2.arc,GameData\bg_kissevent2018_sp_card_2.arc,493322,140250D1,1100
share,GameData\patch\bg_sp001_2.arc,GameData\bg_sp001_2.arc,16204240,91030B15,1000
share,GameData\patch\bg_sp004_2.arc,GameData\bg_sp004_2.arc,35284425,D79D7E66,1290
share,GameData\patch\csv.arc,GameData\csv.arc,7627325,12001ED4,1490
share,GameData\patch\csv_3d21reserve2_2.arc,GameData\csv_3d21reserve2_2.arc,51058,6AD913F3,1380
share,GameData\patch\csv_dlc305_2.arc,GameData\csv_dlc305_2.arc,67779,3D73BCB9,1380
share,GameData\patch\csv_denkigai2018wpcard_2.arc,GameData\csv_denkigai2018wpcard_2.arc,450,CD1D6826,1331
share,GameData\patch\csv_gp001_2.arc,GameData\csv_gp001_2.arc,89204,9BB06354,1420
share,GameData\patch\csv_jp.arc,GameData\csv_jp.arc,14963,9C524993,1470
share,GameData\patch\csv_personal_om006_2.arc,GameData\csv_personal_om006_2.arc,1426,AB118368,1350
share,GameData\patch\csv_old_2.arc,GameData\csv_old_2.arc,1746,7AD2A97C,1150
share,GameData\patch\csv_ordermade001_2.arc,GameData\csv_ordermade001_2.arc,770,422A7575,1150
share,GameData\patch\parts2.arc,GameData\parts2.arc,164504639,25787618,1480
share,GameData\patch\parts_cas013_2.arc,GameData\parts_cas013_2.arc,1554,314DD9D9,1480
share,GameData\patch\parts_cas014_2.arc,GameData\parts_cas014_2.arc,1554,EB2539A7,1480
share,GameData\patch\parts_com3d2cbp_2.arc,GameData\parts_com3d2cbp_2.arc,197948,415AD83E,1460
share,GameData\patch\parts_cw001cloth2_2.arc,GameData\parts_cw001cloth2_2.arc,196199,EAF4C9F1,1460
share,GameData\patch\parts_cw001cloth3_2.arc,GameData\parts_cw001cloth3_2.arc,4370,1F2FFFCD,1380
share,GameData\patch\parts_denkigai2019s_2.arc,GameData\parts_denkigai2019s_2.arc,6565399,1351B41C,1352
share,GameData\patch\parts_dlc209_2.arc,GameData\parts_dlc209_2.arc,1363413,BF1ABBC0,1171
share,GameData\patch\parts_dlc216_2.arc,GameData\parts_dlc216_2.arc,932171,E7454670,1200
share,GameData\patch\parts_dlc232_2.arc,GameData\parts_dlc232_2.arc,3682,115DEE3E,1250
share,GameData\patch\parts_dlc241_2.arc,GameData\parts_dlc241_2.arc,1618,5C4797C1,1380
share,GameData\patch\parts_dlc256_2.arc,GameData\parts_dlc256_2.arc,459473,67DE15EB,1480
share,GameData\patch\parts_dlc256ns_2.arc,GameData\parts_dlc256ns_2.arc,464943,902A8184,1480
share,GameData\patch\parts_dlc267_2.arc,GameData\parts_dlc267_2.arc,2827817,95D40D44,1480
share,GameData\patch\parts_dlc267ns_2.arc,GameData\parts_dlc267ns_2.arc,2827831,320F93A5,1480
share,GameData\patch\parts_dlc268_2.arc,GameData\parts_dlc268_2.arc,465617,1FC74BD4,1320
share,GameData\patch\parts_dlc268ns_2.arc,GameData\parts_dlc268ns_2.arc,465634,269DB210,1320
share,GameData\patch\parts_dlc279_2.arc,GameData\parts_dlc279_2.arc,6171073,DF439D14,1331
share,GameData\patch\parts_dlc320_2.arc,GameData\parts_dlc320_2.arc,94639,DC5A14A4,1470
share,GameData\patch\parts_dlc331_2.arc,GameData\parts_dlc331_2.arc,3970,B15D6CCC,1490
share,GameData\patch\parts_gp001_2.arc,GameData\parts_gp001_2.arc,62132696,2ADBAD1F,1440
share,GameData\patch\parts_gp001fb_2.arc,GameData\parts_gp001fb_2.arc,16658,80188791,1490
share,GameData\patch\parts_karaoke001_2.arc,GameData\parts_karaoke001_2.arc,453245,11C970D3,1280
share,GameData\patch\parts_magazine003_2.arc,GameData\parts_magazine003_2.arc,201385,3A5B273D,1120
share,GameData\patch\parts_omvr.arc,GameData\parts_omvr.arc,3206509,4F0D0480,1120
share,GameData\patch\parts_personal_om003_2.arc,GameData\parts_personal_om003_2.arc,78703,5113D874,1460
share,GameData\patch\parts_personal_om006_2.arc,GameData\parts_personal_om006_2.arc,307194,3FCB0A15,1331
share,GameData\patch\parts_kissevent2018_2.arc,GameData\parts_kissevent2018_2.arc,5570,005BBD00,1100
share,GameData\patch\parts_shop016_2.arc,GameData\parts_shop016_2.arc,171410,3D70CEC4,1060
share,GameData\patch\parts_sp002cloth1_2.arc,GameData\parts_sp002cloth1_2.arc,10930,46512519,1250
share,GameData\patch\parts_sp002cloth2_2.arc,GameData\parts_sp002cloth2_2.arc,1825089,3BCD25A8,1352
share,GameData\patch\parts_sp003cloth3_2.arc,GameData\parts_sp003cloth3_2.arc,2971010,1DD812CE,1410
share,GameData\patch\parts_sp005cloth2_2.arc,GameData\parts_sp005cloth2_2.arc,303977,DCB548A3,1460
share,GameData\patch\parts_vac001_2.arc,GameData\parts_vac001_2.arc,6706,959CBD1B,1250
share,GameData\patch\paths.dat,GameData\paths.dat,8873,D85E4F82,1490
share,GameData\patch\prioritymaterial.arc,GameData\prioritymaterial.arc,410259,19ED850C,1490
share,GameData\patch\script_share_karaoke_2.arc,GameData\script_share_karaoke_2.arc,8297,3BE6964C,1470
share,GameData\patch\sound2.arc,GameData\sound2.arc,4910723,3A8AB0BA,1480
share,GameData\patch\system2.arc,GameData\system2.arc,14628459,035A5837,1420
share,GameData\patch\system_gp001_2.arc,GameData\system_gp001_2.arc,7478491,A3D9E534,1420
share,GameData\patch\system_gp002_2.arc,GameData\system_gp002_2.arc,3352431,A85DA78B,1350
share,GameData\patch\voice_gp001_2.arc,GameData\voice_gp001_2.arc,128499501,74943317,1270
share,GameData\patch\voice_personal_om005_2.arc,GameData\voice_personal_om005_2.arc,77014392,941AFD15,1420
share,GameData\patch\voice_personal_om008_2.arc,GameData\voice_personal_om008_2.arc,536157,7ADCFB18,1460
share,GameData_20\bg_vp001_2.arc,GameData_20\bg_vp001_2.arc,283046,A7A90EE1,1190
share,GameData_20\material_denkigai2015w_2.arc,GameData_20\material_denkigai2015w_2.arc,3490,F06AAABE,1090
share,GameData_20\material_dlc195_2.arc,GameData_20\material_dlc195_2.arc,1746,ECFBFE17,1090
share,GameData_20\material_dlcdenkigai2015w_2.arc,GameData_20\material_dlcdenkigai2015w_2.arc,3522,D35394D7,1090
share,GameData_20\material_dlcdenkigai2017w_2.arc,GameData_20\material_dlcdenkigai2017w_2.arc,3506,40FF8AFA,1090
share,GameData_20\material_kissevent2017march_2.arc,GameData_20\material_kissevent2017march_2.arc,3538,7A6FC5CF,1090
share,GameData_20\menu_dlc195_2.arc,GameData_20\menu_dlc195_2.arc,1170,BF163DDC,1090
share,GameData_20\model_denkigai2015w_2.arc,GameData_20\model_denkigai2015w_2.arc,174373,F9233759,1090
share,GameData_20\model_dlc195_2.arc,GameData_20\model_dlc195_2.arc,583563,16C95E54,1090
share,GameData_20\model_dlcdenkigai2015w_2.arc,GameData_20\model_dlcdenkigai2015w_2.arc,174400,BE6E5467,1090
share,GameData_20\model_dlcdenkigai2017w_2.arc,GameData_20\model_dlcdenkigai2017w_2.arc,181384,6D5B735E,1090
share,GameData_20\model_kissevent2017march_2.arc,GameData_20\model_kissevent2017march_2.arc,190682,21F32FCB,1090
share,GameData_20\texture_dlc195_2.arc,GameData_20\texture_dlc195_2.arc,16075880,456A4C76,1090
share,GameData_20\paths.dat,GameData_20\paths.dat,5091,D094E2BE,1580
share,GameData_20\prioritymaterial.arc,GameData_20\prioritymaterial.arc,221488,580931AC,1582
share,GameData_20\material_denkigai2015s003_2.arc,GameData_20\material_denkigai2015s003_2.arc,7106,0C82D791,1150
share,GameData_20\material_denkigai2015wTowelR.arc,GameData_20\material_denkigai2015wTowelR.arc,1602,618192B9,1360
share,GameData_20\material_dlc055_2.arc,GameData_20\material_dlc055_2.arc,5282,11A93109,1280
share,GameData_20\material_dlsite_2.arc,GameData_20\material_dlsite_2.arc,1762,C5A837EA,1150
share,GameData_20\material_shop001_2.arc,GameData_20\material_shop001_2.arc,1762,D98CED1C,1150
share,GameData_20\material_shop002_2.arc,GameData_20\material_shop002_2.arc,1762,956BB00E,1150
share,GameData_20\material_shop003_2.arc,GameData_20\material_shop003_2.arc,1762,38CEBFF2,1150
share,GameData_20\material_shop005_2.arc,GameData_20\material_shop005_2.arc,1714,3E621A32,1150
share,GameData_20\material_shop007_2.arc,GameData_20\material_shop007_2.arc,2578,C8CE627C,1150
share,GameData_20\material_vp001_2.arc,GameData_20\material_vp001_2.arc,11890,8CB043B0,1400
share,GameData_20\material_yomeido003_2.arc,GameData_20\material_yomeido003_2.arc,1522,0689A7AC,1240
share,GameData_20\menu_denkigai2015s001_2.arc,GameData_20\menu_denkigai2015s001_2.arc,6594,8B3E849F,1160
share,GameData_20\menu_denkigai2015s003_2.arc,GameData_20\menu_denkigai2015s003_2.arc,4338,D294CE88,1150
share,GameData_20\menu_denkigai2015wTowelR.arc,GameData_20\menu_denkigai2015wTowelR.arc,1282,CECEE1FC,1360
share,GameData_20\menu_denkigai2016s_2.arc,GameData_20\menu_denkigai2016s_2.arc,1346,4A9440B1,1351
share,GameData_20\menu_denkigai2016w_2.arc,GameData_20\menu_denkigai2016w_2.arc,15154,C8D64D3B,1450
share,GameData_20\menu_denkigai2017s_2.arc,GameData_20\menu_denkigai2017s_2.arc,1218,267B1338,1540
share,GameData_20\menu_dlcdenkigai2016w_2.arc,GameData_20\menu_dlcdenkigai2016w_2.arc,13522,45E7F667,1450
share,GameData_20\menu_dlcdenkigai2017s_2.arc,GameData_20\menu_dlcdenkigai2017s_2.arc,1218,A6C83B5D,1540
share,GameData_20\menu_dlc026_2.arc,GameData_20\menu_dlc026_2.arc,3778,69453D54,1190
share,GameData_20\menu_dlc028_2.arc,GameData_20\menu_dlc028_2.arc,3874,DE3F1C31,1200
share,GameData_20\menu_dlc041_2.arc,GameData_20\menu_dlc041_2.arc,6786,97F738D3,1380
share,GameData_20\menu_dlc042_2.arc,GameData_20\menu_dlc042_2.arc,1154,EE4016C0,1440
share,GameData_20\menu_dlc049_2.arc,GameData_20\menu_dlc049_2.arc,3106,E30D6F4C,1522
share,GameData_20\menu_dlc061_2.arc,GameData_20\menu_dlc061_2.arc,3810,F99C1D4E,1290
share,GameData_20\menu_dlc065_2.arc,GameData_20\menu_dlc065_2.arc,7602,D9387834,1380
share,GameData_20\menu_dlc074_2.arc,GameData_20\menu_dlc074_2.arc,5618,24C559D7,1312
share,GameData_20\menu_dlc100_2.arc,GameData_20\menu_dlc100_2.arc,1250,DFF94E9A,1400
share,GameData_20\menu_dlc101_2.arc,GameData_20\menu_dlc101_2.arc,1218,44DB4049,1481
share,GameData_20\menu_dlsite_2.arc,GameData_20\menu_dlsite_2.arc,1954,B2268BA7,1150
share,GameData_20\menu_kissevent2017march.arc,GameData_20\menu_kissevent2017march.arc,281,FF4EEB9B,1522
share,GameData_20\menu_kissevent2017march_2.arc,GameData_20\menu_kissevent2017march_2.arc,106624,14291926,1631
share,GameData_20\menu_magazine002_2.arc,GameData_20\menu_magazine002_2.arc,12498,691C1126,1471
share,GameData_20\menu_personal002_2.arc,GameData_20\menu_personal002_2.arc,1282,5687650C,1310
share,GameData_20\menu_shop001_2.arc,GameData_20\menu_shop001_2.arc,3314,35207C87,1150
share,GameData_20\menu_shop005_2.arc,GameData_20\menu_shop005_2.arc,1378,0C9AF725,1150
share,GameData_20\menu_vp001_2.arc,GameData_20\menu_vp001_2.arc,19138,7C7AFD9C,1400
share,GameData_20\menu_yomeido003_2.arc,GameData_20\menu_yomeido003_2.arc,1234,4D6F619D,1240
share,GameData_20\menu_yomeidogp_wedding_2.arc,GameData_20\menu_yomeidogp_wedding_2.arc,3954,C251B12C,1320
share,GameData_20\model_denkigai2015s003_2.arc,GameData_20\model_denkigai2015s003_2.arc,394665,41A48185,1150
share,GameData_20\model_denkigai2015wTowelR.arc,GameData_20\model_denkigai2015wTowelR.arc,38258,FB570A24,1360
share,GameData_20\model_denkigai2017s_2.arc,GameData_20\model_denkigai2017s_2.arc,462663,8917104A,1582
share,GameData_20\model_dlcdenkigai2017s_2.arc,GameData_20\model_dlcdenkigai2017s_2.arc,462667,9F0C3D54,1582
share,GameData_20\model_dlc005_2.arc,GameData_20\model_dlc005_2.arc,175424,F7DD7D82,1270
share,GameData_20\model_dlc046_2.arc,GameData_20\model_dlc046_2.arc,155690,83B34173,1220
share,GameData_20\model_dlc073_2.arc,GameData_20\model_dlc073_2.arc,267037,47D33A06,1320
share,GameData_20\model_dlc100_2.arc,GameData_20\model_dlc100_2.arc,691347,7C3D679D,1400
share,GameData_20\model_dlc109_2.arc,GameData_20\model_dlc109_2.arc,137998,8FCCF513,1460
share,GameData_20\model_dlc151_2.arc,GameData_20\model_dlc151_2.arc,213532,8C3C80C3,1520
share,GameData_20\model_dlsite_2.arc,GameData_20\model_dlsite_2.arc,197173,24366C43,1150
share,GameData_20\model_shop001_2.arc,GameData_20\model_shop001_2.arc,115215,9C941FAF,1150
share,GameData_20\model_shop002_2.arc,GameData_20\model_shop002_2.arc,251253,743C3D97,1150
share,GameData_20\model_shop003_2.arc,GameData_20\model_shop003_2.arc,185433,A15EC70A,1150
share,GameData_20\model_shop005_2.arc,GameData_20\model_shop005_2.arc,150103,FB5341FA,1150
share,GameData_20\model_shop007_2.arc,GameData_20\model_shop007_2.arc,288759,80615CBD,1150
share,GameData_20\model_vp001_2.arc,GameData_20\model_vp001_2.arc,647957,D68B5D2F,1400
share,GameData_20\texture_denkigai2015wTowelR.arc,GameData_20\texture_denkigai2015wTowelR.arc,133065,FE4BDC34,1360
share,GameData_20\texture_denkigai2016w_2.arc,GameData_20\texture_denkigai2016w_2.arc,10105247,3B4641C3,1450
share,GameData_20\texture_dlcdenkigai2016w_2.arc,GameData_20\texture_dlcdenkigai2016w_2.arc,10105332,90868016,1450
share,GameData_20\texture_kissevent2017march.arc,GameData_20\texture_kissevent2017march.arc,281,FF4EEB9B,1522
share,GameData_20\texture_kissevent2017march_2.arc,GameData_20\texture_kissevent2017march_2.arc,79432604,C7DD457A,1631
share,GameData_20\texture_dlc004_2.arc,GameData_20\texture_dlc004_2.arc,4805734,C8E5CFB4,1200
share,GameData_20\texture_dlc046_2.arc,GameData_20\texture_dlc046_2.arc,596960,FC606BA5,1220
share,GameData_20\texture_vp001_2.arc,GameData_20\texture_vp001_2.arc,755269,18D5027D,1400
share,GameData_20\texture_yomeido003_2.arc,GameData_20\texture_yomeido003_2.arc,117248,0EE72B42,1240
