0,0,CM3D2OH.exe,7707136,A913B79B,1007
0,0,CM3D2OHx64.exe,14916096,9613C3D0,133
0,0,CM3D2OHx64_Data\level0,165464,81988E17,1330
0,0,CM3D2OHx64_Data\level1,233608,9B667965,1330
0,0,CM3D2OHx64_Data\level10,4376,9F353575,1330
0,0,CM3D2OHx64_Data\level11,154272,F5B30C5E,1330
0,0,CM3D2OHx64_Data\level12,4376,5E0A5CED,1330
0,0,CM3D2OHx64_Data\level13,167848,7D8EB5B1,1330
0,0,CM3D2OHx64_Data\level14,229968,699E7955,1330
0,0,CM3D2OHx64_Data\level15,366440,D2988A1C,1330
0,0,CM3D2OHx64_Data\level16,171680,78ED4A2E,1330
0,0,CM3D2OHx64_Data\level17,444064,384F2018,1330
0,0,CM3D2OHx64_Data\level18,214784,4D0B554D,1330
0,0,CM3D2OHx64_Data\level19,552656,0248CB4F,1330
0,0,CM3D2OHx64_Data\level2,489128,13D0127A,1330
0,0,CM3D2OHx64_Data\level20,736400,77A6B7B6,1330
0,0,CM3D2OHx64_Data\level21,431856,B3AC84A4,1330
0,0,CM3D2OHx64_Data\level22,502216,C8C0D9FA,1330
0,0,CM3D2OHx64_Data\level3,559008,4FFD91A3,1330
0,0,CM3D2OHx64_Data\level4,151616,DAEEE6B9,1330
0,0,CM3D2OHx64_Data\level5,188232,D6CE2278,1330
0,0,CM3D2OHx64_Data\level6,151192,AA4575EE,1330
0,0,CM3D2OHx64_Data\level7,175552,8E3948CB,1330
0,0,CM3D2OHx64_Data\level8,151624,3D230682,1330
0,0,CM3D2OHx64_Data\level9,453864,91A602C1,1330
0,0,CM3D2OHx64_Data\mainData,1059536,DA8381D1,1330
0,0,CM3D2OHx64_Data\PlayerConnectionConfigFile,21,360E971A,1330
0,0,CM3D2OHx64_Data\resources.assets,284639908,AFE86DEE,1330
0,0,CM3D2OHx64_Data\sharedassets0.assets,241515632,082EF32E,1330
0,0,CM3D2OHx64_Data\sharedassets1.assets,6649340,DACFAC74,1330
0,0,CM3D2OHx64_Data\sharedassets10.assets,4554000,E7F8EC53,1330
0,0,CM3D2OHx64_Data\sharedassets11.assets,4112,BEDCC922,1330
0,0,CM3D2OHx64_Data\sharedassets12.assets,4200976,131C0876,1330
0,0,CM3D2OHx64_Data\sharedassets13.assets,4112,6223DD84,1330
0,0,CM3D2OHx64_Data\sharedassets14.assets,119196156,32E8FBC4,1330
0,0,CM3D2OHx64_Data\sharedassets15.assets,3691828,E2F9C319,1330
0,0,CM3D2OHx64_Data\sharedassets16.assets,275132,9574966D,1330
0,0,CM3D2OHx64_Data\sharedassets17.assets,5400,530F1CF4,1330
0,0,CM3D2OHx64_Data\sharedassets18.assets,72704,16DA493E,1330
0,0,CM3D2OHx64_Data\sharedassets19.assets,5488,A9FA3AC2,1330
0,0,CM3D2OHx64_Data\sharedassets2.assets,10497836,433879DC,1330
0,0,CM3D2OHx64_Data\sharedassets20.assets,1423820,F51BF60E,1330
0,0,CM3D2OHx64_Data\sharedassets21.assets,5736,DAF0EBCF,1330
0,0,CM3D2OHx64_Data\sharedassets22.assets,39509544,F1D88ADF,1330
0,0,CM3D2OHx64_Data\sharedassets23.assets,67724952,D5C68445,1330
0,0,CM3D2OHx64_Data\sharedassets3.assets,34784236,EBA5D8D8,1330
0,0,CM3D2OHx64_Data\sharedassets4.assets,6952220,0A6FC5B6,1330
0,0,CM3D2OHx64_Data\sharedassets5.assets,503416,C6F1EFDE,1330
0,0,CM3D2OHx64_Data\sharedassets6.assets,11891628,17B12105,1330
0,0,CM3D2OHx64_Data\sharedassets7.assets,466388,04BC8E6A,1330
0,0,CM3D2OHx64_Data\sharedassets8.assets,5360,CC2B75D9,1330
0,0,CM3D2OHx64_Data\sharedassets9.assets,927480,BEE9A5C7,1330
0,0,CM3D2OHx64_Data\Managed\Accessibility.dll,10752,C80413DC,1330
0,0,CM3D2OHx64_Data\Managed\Assembly-CSharp-firstpass.dll,448512,2DCDD9A3,1330
0,0,CM3D2OHx64_Data\Managed\Assembly-CSharp.dll,2132480,6B9BE90A,1330
0,0,CM3D2OHx64_Data\Managed\Assembly-UnityScript-firstpass.dll,65024,0BC767CD,1330
0,0,CM3D2OHx64_Data\Managed\Boo.Lang.dll,126976,E379C12B,1330
0,0,CM3D2OHx64_Data\Managed\JsonFx.Json.dll,70144,A0F0CFCB,1330
0,0,CM3D2OHx64_Data\Managed\Mono.Data.Tds.dll,96256,10E297D4,1330
0,0,CM3D2OHx64_Data\Managed\Mono.Posix.dll,184320,82B6C163,1330
0,0,CM3D2OHx64_Data\Managed\Mono.Security.dll,294912,C759B90F,1330
0,0,CM3D2OHx64_Data\Managed\Mono.WebBrowser.dll,172032,3BD66294,1330
0,0,CM3D2OHx64_Data\Managed\mscorlib.dll,2590208,54064D59,1330
0,0,CM3D2OHx64_Data\Managed\System.Configuration.dll,124928,CA10261D,1330
0,0,CM3D2OHx64_Data\Managed\System.Core.dll,300032,615F5AFE,1330
0,0,CM3D2OHx64_Data\Managed\System.Data.dll,856064,E7FF9373,1330
0,0,CM3D2OHx64_Data\Managed\System.dll,1678848,0F9C1035,1330
0,0,CM3D2OHx64_Data\Managed\System.Drawing.Design.dll,29696,E7B53FF9,1330
0,0,CM3D2OHx64_Data\Managed\System.Drawing.dll,448512,C4B2E872,1330
0,0,CM3D2OHx64_Data\Managed\System.EnterpriseServices.dll,46592,4FFDA4D6,1330
0,0,CM3D2OHx64_Data\Managed\System.Security.dll,135168,B020F0F1,1330
0,0,CM3D2OHx64_Data\Managed\System.Transactions.dll,27648,E3B069A5,1330
0,0,CM3D2OHx64_Data\Managed\System.Windows.Forms.dll,3053568,56394001,1330
0,0,CM3D2OHx64_Data\Managed\System.Xml.dll,1270272,C76991B8,1330
0,0,CM3D2OHx64_Data\Managed\System.Xml.Linq.dll,106496,1E91F41B,1330
0,0,CM3D2OHx64_Data\Managed\UnityEngine.dll,614912,78BD0E4B,1330
0,0,CM3D2OHx64_Data\Managed\UnityEngine.UI.dll,176128,59066003,1330
0,0,CM3D2OHx64_Data\Managed\UnityScript.Lang.dll,14336,7309FF69,1330
0,0,CM3D2OHx64_Data\Mono\mono.dll,2601984,92A930A2,1330
0,0,CM3D2OHx64_Data\Mono\etc\mono\browscap.ini,311984,CE6C0AB3,1330
0,0,CM3D2OHx64_Data\Mono\etc\mono\config,1691,A635914A,1330
0,0,CM3D2OHx64_Data\Mono\etc\mono\1.0\DefaultWsdlHelpGenerator.aspx,58196,10E814BF,1330
0,0,CM3D2OHx64_Data\Mono\etc\mono\1.0\machine.config,17259,82F1AD8B,1330
0,0,CM3D2OHx64_Data\Mono\etc\mono\2.0\DefaultWsdlHelpGenerator.aspx,60453,F3869A34,1330
0,0,CM3D2OHx64_Data\Mono\etc\mono\2.0\machine.config,27626,4F6C3F79,1330
0,0,CM3D2OHx64_Data\Mono\etc\mono\2.0\settings.map,2618,A1A3C29F,1330
0,0,CM3D2OHx64_Data\Mono\etc\mono\2.0\web.config,11686,534A9960,1330
0,0,CM3D2OHx64_Data\Mono\etc\mono\2.0\Browsers\Compat.browser,1605,2E178A0B,1330
0,0,CM3D2OHx64_Data\Mono\etc\mono\mconfig\config.xml,25817,80B2033A,1330
0,0,CM3D2OHx64_Data\Plugins\cm3d2_hole_x64.dll,339968,09BB14AC,1330
0,0,CM3D2OHx64_Data\Plugins\cm3d2_x64.dll,1516032,D01D1619,1330
0,0,CM3D2OHx64_Data\Plugins\device_hook.dll,114688,21D72F31,1330
0,0,CM3D2OHx64_Data\Resources\unity default resources,1571709,31020360,1330
0,0,CM3D2OHx64_Data\Resources\unity_builtin_extra,372672,72A6CE0B,1330
0,0,GameData\bg_pp001_2.arc,1237157,C9D912F7,1220
0,0,GameData\csv.arc,2361568,0D5D4F8B,1331
0,0,GameData\csv_addpose001.arc,1235,D06FCA6D,1220
0,0,GameData\csv_cbl.arc,543327,0141D54C,1330
0,0,GameData\csv_pp001_2.arc,10002,668119FA,1330
0,0,GameData\csv_vp001_2.arc,2082,25E58CEB,1160
0,0,GameData\material2.arc,207669,1E308A48,1313
0,0,GameData\material_denkigai2015s003_2.arc,7106,0C82D791,1150
0,0,GameData\material_dlc055_2.arc,5282,11A93109,1280
0,0,GameData\material_dlsite_2.arc,1762,C5A837EA,1150
0,0,GameData\material_shop001_2.arc,1762,D98CED1C,1150
0,0,GameData\material_shop002_2.arc,1762,956BB00E,1150
0,0,GameData\material_shop003_2.arc,1762,38CEBFF2,1150
0,0,GameData\material_shop005_2.arc,1714,3E621A32,1150
0,0,GameData\material_shop007_2.arc,2578,C8CE627C,1150
0,0,GameData\material_vp001_2.arc,9554,066C9CA9,1150
0,0,GameData\material_yomeido003_2.arc,1522,0689A7AC,1240
0,0,GameData\menu2.arc,227325,E2159374,1320
0,0,GameData\menu_denkigai2015s001_2.arc,6594,8B3E849F,1160
0,0,GameData\menu_denkigai2015s003_2.arc,4338,D294CE88,1150
0,0,GameData\menu_dlc026_2.arc,3778,69453D54,1190
0,0,GameData\menu_dlc028_2.arc,3874,DE3F1C31,1200
0,0,GameData\menu_dlc061_2.arc,3810,F99C1D4E,1290
0,0,GameData\menu_dlc074_2.arc,5618,24C559D7,1312
0,0,GameData\menu_dlsite_2.arc,1954,B2268BA7,1150
0,0,GameData\menu_personal002_2.arc,1282,5687650C,1310
0,0,GameData\menu_shop001_2.arc,3314,35207C87,1150
0,0,GameData\menu_shop005_2.arc,1378,0C9AF725,1150
0,0,GameData\menu_vp001_2.arc,18546,5FFF33DA,1150
0,0,GameData\menu_yomeido003_2.arc,1234,4D6F619D,1240
0,0,GameData\menu_yomeidogp_wedding_2.arc,3954,C251B12C,1320
0,0,GameData\model2.arc,11100629,7C2AD9D9,1331
0,0,GameData\model_denkigai2015s003_2.arc,394665,41A48185,1150
0,0,GameData\model_dlc005_2.arc,175424,F7DD7D82,1270
0,0,GameData\model_dlc046_2.arc,155690,83B34173,1220
0,0,GameData\model_dlc073_2.arc,267037,47D33A06,1320
0,0,GameData\model_dlsite_2.arc,197173,24366C43,1150
0,0,GameData\model_shop001_2.arc,115215,9C941FAF,1150
0,0,GameData\model_shop002_2.arc,251253,743C3D97,1150
0,0,GameData\model_shop003_2.arc,185433,A15EC70A,1150
0,0,GameData\model_shop005_2.arc,150103,FB5341FA,1150
0,0,GameData\model_shop007_2.arc,288759,80615CBD,1150
0,0,GameData\model_vp001_2.arc,290407,A19508D6,1150
0,0,GameData\motion_cbl2.arc,434674,212D7235,1270
0,0,GameData\motion_cbl_addpose001.arc,902201,447E5863,1220
0,0,GameData\motion_cbl_vp001_2.arc,141603,80D0D160,1160
0,0,GameData\motion_cbl_ytgc002_2.arc,2475220,008FABF0,1160
0,0,GameData\paths.dat,1849,0021BDB2,1331
0,0,GameData\prioritymaterial.arc,119303,37FA2482,1331
0,0,GameData\script_cbl.arc,2078356,81AEA794,1330
0,0,GameData\script_cbl_addpose001.arc,1219,0C884F57,1220
0,0,GameData\script_cbl_personal001_2.arc,340451,B4150145,1260
0,0,GameData\texture3.arc,8293843,8B0C7889,1320
0,0,GameData\texture_addpose001.arc,23943,1D529A44,1220
0,0,GameData\texture_dlc004_2.arc,4805734,C8E5CFB4,1200
0,0,GameData\texture_dlc046_2.arc,596960,FC606BA5,1220
0,0,GameData\texture_vp001_2.arc,562695,D458C6A6,1300
0,0,GameData\texture_yomeido003_2.arc,117248,0EE72B42,1240
0,0,GameData\sound2.arc,12017684,3FAA939B,1330
0,0,GameData\voice_cbl2.arc,9627083,76D43E7B,1090
0,0,manual\data\005.png,459612,3AF928C5,1170
0,0,manual\data\010.png,800070,5269304C,1170
0,0,PhotoModeData\Mod\Motion\readme.txt,146,3BF5AF4D,1220
0,0,Preset\8_ren_1_yosiko.preset,55432,D54FD70C,1220
0,0,Preset\8_ren_2_ayumi.preset,51097,3C44F9DB,1220
0,0,Preset\8_ren_3_sakura.preset,52635,33F54D90,1220
0,0,Preset\8_ren_4_ai.preset,46819,9B6E5960,1220
