0,0,CM3D2OHx64.exe,20649984,0A92CEB6,1732
share,GameData\patch\bg_magazine002_2.arc,GameData\bg_magazine002_2.arc,396102,3C652C0F,1731
share,GameData\patch\material_denkigai2017w_2.arc,GameData\material_denkigai2017w_2.arc,11282,FB3E9EE3,1731
share,GameData\patch\material_dlc007_2.arc,GameData\material_dlc007_2.arc,5053,B19FBB72,1732
share,GameData\patch\material_dlcdenkigai2017w_2.arc,GameData\material_dlcdenkigai2017w_2.arc,9682,0DD690AD,1731
share,GameData\patch\menu_cas006_2.arc,GameData\menu_cas006_2.arc,4162,124FC29F,1731
share,GameData\patch\menu_dlc346_2.arc,GameData\menu_dlc346_2.arc,1234,E717993F,1731
share,GameData\patch\model_cas006_2.arc,GameData\model_cas006_2.arc,600247,B840F071,1731
share,GameData\patch\model_denkigai2017w_2.arc,GameData\model_denkigai2017w_2.arc,940839,6DDB2929,1731
share,GameData\patch\model_dlc007_2.arc,GameData\model_dlc007_2.arc,72936,BB4489D0,1732
share,GameData\patch\model_dlc009_2.arc,GameData\model_dlc009_2.arc,49538,00C13435,1731
share,GameData\patch\model_dlc114_2.arc,GameData\model_dlc114_2.arc,159496,5527C759,1732
share,GameData\patch\model_dlc177_2.arc,GameData\model_dlc177_2.arc,376696,8FDC7A5B,1731
share,GameData\patch\model_dlc334_2.arc,GameData\model_dlc334_2.arc,1511917,94EDF9F7,1732
share,GameData\patch\model_dlc346_2.arc,GameData\model_dlc346_2.arc,205671,6790C75A,1731
share,GameData\patch\model_dlc349_2.arc,GameData\model_dlc349_2.arc,23314,FFFB8AB1,1731
share,GameData\patch\model_dlc382_2.arc,GameData\model_dlc382_2.arc,148464,DAE32388,1731
share,GameData\patch\model_dlc424_2.arc,GameData\model_dlc424_2.arc,1353078,9DA4E809,1731
share,GameData\patch\model_dlc488_2.arc,GameData\model_dlc488_2.arc,1259955,5F6A1992,1731
share,GameData\patch\model_dlc513_2.arc,GameData\model_dlc513_2.arc,142692,71CB4A40,1732
share,GameData\patch\model_dlcdenkigai2017w_2.arc,GameData\model_dlcdenkigai2017w_2.arc,940868,CFF20637,1731
share,GameData\patch\prioritymaterial.arc,GameData\prioritymaterial.arc,449204,B977A51A,1823
share,GameData\patch\texture_cas006_2.arc,GameData\texture_cas006_2.arc,8930,5DACDC58,1731
