0,0,CM3D2VRx64.exe,20649984,6EFB2A0D,1431
0,0,CM3D2VRx64_DirectToRift.exe,465408,ED45B3A7,1431
0,0,LICENSE,3453,541AF859,1431
0,0,CM3D2VRx64_Data\globalgamemanagers,1435156,E848B367,1431
0,0,CM3D2VRx64_Data\globalgamemanagers.assets,137300,759F4BC4,1431
0,0,CM3D2VRx64_Data\level0,189228,ADED7BDC,1431
0,0,CM3D2VRx64_Data\level1,207204,6668D6AA,1431
0,0,CM3D2VRx64_Data\level10,201884,7D474A01,1431
0,0,CM3D2VRx64_Data\level11,189780,DFD6F4EC,1431
0,0,CM3D2VRx64_Data\level12,217228,F6C04798,1431
0,0,CM3D2VRx64_Data\level13,190812,53CA2F41,1431
0,0,CM3D2VRx64_Data\level14,571668,AE7999CC,1431
0,0,CM3D2VRx64_Data\level15,4640,DBFBA102,1431
0,0,CM3D2VRx64_Data\level16,191852,2C6C54B7,1431
0,0,CM3D2VRx64_Data\level17,4640,68B41371,1431
0,0,CM3D2VRx64_Data\level18,209972,AC006237,1431
0,0,CM3D2VRx64_Data\level19,279916,D5840A95,1431
0,0,CM3D2VRx64_Data\level2,207092,AF18FE18,1431
0,0,CM3D2VRx64_Data\level20,451436,888C94C7,1431
0,0,CM3D2VRx64_Data\level21,214772,1626C031,1431
0,0,CM3D2VRx64_Data\level22,537844,D4479FD3,1431
0,0,CM3D2VRx64_Data\level23,265532,730EB19E,1431
0,0,CM3D2VRx64_Data\level24,291804,D827B7F0,1431
0,0,CM3D2VRx64_Data\level25,213556,6E50178C,1431
0,0,CM3D2VRx64_Data\level26,660292,9349995A,1431
0,0,CM3D2VRx64_Data\level27,1268236,7F6A4FC7,1431
0,0,CM3D2VRx64_Data\level28,519500,9F8CE5E2,1431
0,0,CM3D2VRx64_Data\level29,213612,09B61F75,1431
0,0,CM3D2VRx64_Data\level3,428804,A2B06EB1,1431
0,0,CM3D2VRx64_Data\level30,612484,23CB5279,1431
0,0,CM3D2VRx64_Data\level31,843692,9AE32823,1431
0,0,CM3D2VRx64_Data\level32,704636,EF8AC1E0,1431
0,0,CM3D2VRx64_Data\level33,205516,87BEFF28,1431
0,0,CM3D2VRx64_Data\level4,597268,4206495C,1431
0,0,CM3D2VRx64_Data\level5,637820,874C1270,1431
0,0,CM3D2VRx64_Data\level6,190276,9B350A32,1431
0,0,CM3D2VRx64_Data\level7,363908,33E01036,1431
0,0,CM3D2VRx64_Data\level8,238724,BD0B6E9A,1431
0,0,CM3D2VRx64_Data\level9,234348,9283471C,1431
0,0,CM3D2VRx64_Data\resources.assets,252194872,F92B2C48,1431
0,0,CM3D2VRx64_Data\resources.assets.resS,408837944,9320649C,1431
0,0,CM3D2VRx64_Data\sharedassets0.assets,16482976,9F7FB86D,1431
0,0,CM3D2VRx64_Data\sharedassets0.assets.resS,121728032,3D69BF0B,1431
0,0,CM3D2VRx64_Data\sharedassets1.assets,5920,47D03ECF,1431
0,0,CM3D2VRx64_Data\sharedassets10.assets,5764,EE9584B3,1431
0,0,CM3D2VRx64_Data\sharedassets11.assets,5764,C8AACB87,1431
0,0,CM3D2VRx64_Data\sharedassets12.assets,5788,981C250E,1431
0,0,CM3D2VRx64_Data\sharedassets13.assets,5812,963D6325,1431
0,0,CM3D2VRx64_Data\sharedassets14.assets,6340,A7D0CA68,1431
0,0,CM3D2VRx64_Data\sharedassets15.assets,4132,FB87316C,1431
0,0,CM3D2VRx64_Data\sharedassets16.assets,5824,D2C23574,1431
0,0,CM3D2VRx64_Data\sharedassets17.assets,4132,689CACB9,1431
0,0,CM3D2VRx64_Data\sharedassets18.assets,6544,CE6258D9,1431
0,0,CM3D2VRx64_Data\sharedassets19.assets,5788,B1483F02,1431
0,0,CM3D2VRx64_Data\sharedassets2.assets,5968,187793C9,1431
0,0,CM3D2VRx64_Data\sharedassets20.assets,215280,15242648,1431
0,0,CM3D2VRx64_Data\sharedassets20.assets.resS,51968,C41BC4E7,1431
0,0,CM3D2VRx64_Data\sharedassets21.assets,5860,2857FFA7,1431
0,0,CM3D2VRx64_Data\sharedassets22.assets,74160,3A5BCBF2,1431
0,0,CM3D2VRx64_Data\sharedassets23.assets,5992,AD6219E1,1431
0,0,CM3D2VRx64_Data\sharedassets24.assets,5872,7998B73F,1431
0,0,CM3D2VRx64_Data\sharedassets25.assets,5872,9CBC10EB,1431
0,0,CM3D2VRx64_Data\sharedassets26.assets,8128,C827AD6A,1431
0,0,CM3D2VRx64_Data\sharedassets27.assets,6484,EF619ED2,1431
0,0,CM3D2VRx64_Data\sharedassets28.assets,39511712,62A7AAE4,1431
0,0,CM3D2VRx64_Data\sharedassets29.assets,5872,0B47EBDC,1431
0,0,CM3D2VRx64_Data\sharedassets3.assets,6340,BB4E3E07,1431
0,0,CM3D2VRx64_Data\sharedassets30.assets,67700952,5FB2FB88,1431
0,0,CM3D2VRx64_Data\sharedassets31.assets,67690184,CD8E4E34,1431
0,0,CM3D2VRx64_Data\sharedassets32.assets,47233820,43D2E8CE,1431
0,0,CM3D2VRx64_Data\sharedassets32.resource,3813344,7B95E5D4,1431
0,0,CM3D2VRx64_Data\sharedassets33.assets,5788,5532D645,1431
0,0,CM3D2VRx64_Data\sharedassets4.assets,1310240,CBD17112,1431
0,0,CM3D2VRx64_Data\sharedassets5.assets,6460,7A4799A6,1431
0,0,CM3D2VRx64_Data\sharedassets6.assets,5788,266790B7,1431
0,0,CM3D2VRx64_Data\sharedassets7.assets,6064,492EB9B6,1431
0,0,CM3D2VRx64_Data\sharedassets8.assets,5944,8718A638,1431
0,0,CM3D2VRx64_Data\sharedassets9.assets,6268,5F1953F5,1431
0,0,CM3D2VRx64_Data\Managed\Accessibility.dll,10752,594EE943,1431
0,0,CM3D2VRx64_Data\Managed\Assembly-CSharp-firstpass.dll,690176,DD2CA069,1431
0,0,CM3D2VRx64_Data\Managed\Assembly-CSharp.dll,2564608,ABECCF84,1431
0,0,CM3D2VRx64_Data\Managed\Assembly-UnityScript-firstpass.dll,65024,D3294E7D,1431
0,0,CM3D2VRx64_Data\Managed\Boo.Lang.dll,126976,9ADD3789,1431
0,0,CM3D2VRx64_Data\Managed\Ionic.Zlib.dll,102400,7C9E7DD2,1431
0,0,CM3D2VRx64_Data\Managed\JsonFx.Json.dll,70144,A0F0CFCB,1431
0,0,CM3D2VRx64_Data\Managed\LeapCSharp.NET3.5.dll,82432,38E38212,1431
0,0,CM3D2VRx64_Data\Managed\Mono.Data.Tds.dll,96256,DDA7BAB7,1431
0,0,CM3D2VRx64_Data\Managed\Mono.Posix.dll,184320,C7063ABB,1431
0,0,CM3D2VRx64_Data\Managed\Mono.Security.dll,294912,8C7E67B3,1431
0,0,CM3D2VRx64_Data\Managed\Mono.WebBrowser.dll,172032,541986C3,1431
0,0,CM3D2VRx64_Data\Managed\mscorlib.dll,2589696,AFA570E5,1431
0,0,CM3D2VRx64_Data\Managed\System.Configuration.dll,124928,D5F2A804,1431
0,0,CM3D2VRx64_Data\Managed\System.Core.dll,297472,BCE2218F,1431
0,0,CM3D2VRx64_Data\Managed\System.Data.dll,856064,F1D38D2E,1431
0,0,CM3D2VRx64_Data\Managed\System.dll,1679360,288F722A,1431
0,0,CM3D2VRx64_Data\Managed\System.Drawing.Design.dll,29696,E7B53FF9,1431
0,0,CM3D2VRx64_Data\Managed\System.Drawing.dll,448512,C4B2E872,1431
0,0,CM3D2VRx64_Data\Managed\System.EnterpriseServices.dll,46592,75A19B93,1431
0,0,CM3D2VRx64_Data\Managed\System.Security.dll,135168,365C74A7,1431
0,0,CM3D2VRx64_Data\Managed\System.Transactions.dll,27648,203D65C1,1431
0,0,CM3D2VRx64_Data\Managed\System.Windows.Forms.dll,3053568,56394001,1431
0,0,CM3D2VRx64_Data\Managed\System.Xml.dll,1270272,9B79033F,1431
0,0,CM3D2VRx64_Data\Managed\System.Xml.Linq.dll,106496,B3ACF139,1431
0,0,CM3D2VRx64_Data\Managed\UnityEngine.dll,972800,B3EB425F,1431
0,0,CM3D2VRx64_Data\Managed\UnityEngine.dll.mdb,353934,02424F6C,1431
0,0,CM3D2VRx64_Data\Managed\UnityEngine.Networking.dll,230912,EBC88F56,1431
0,0,CM3D2VRx64_Data\Managed\UnityEngine.UI.dll,219136,8E43BC11,1431
0,0,CM3D2VRx64_Data\Managed\UnityScript.Lang.dll,14336,13EE284D,1431
0,0,CM3D2VRx64_Data\Managed\zxing.unity.dll,430592,9FD1F198,1431
0,0,CM3D2VRx64_Data\Mono\mono.dll,2612696,2A5A1006,1431
0,0,CM3D2VRx64_Data\Mono\etc\mono\browscap.ini,311984,CE6C0AB3,1431
0,0,CM3D2VRx64_Data\Mono\etc\mono\config,1691,A635914A,1431
0,0,CM3D2VRx64_Data\Mono\etc\mono\1.0\DefaultWsdlHelpGenerator.aspx,58196,10E814BF,1431
0,0,CM3D2VRx64_Data\Mono\etc\mono\1.0\machine.config,17258,EDE1AC59,1431
0,0,CM3D2VRx64_Data\Mono\etc\mono\2.0\DefaultWsdlHelpGenerator.aspx,60453,F3869A34,1431
0,0,CM3D2VRx64_Data\Mono\etc\mono\2.0\machine.config,27625,73C91C24,1431
0,0,CM3D2VRx64_Data\Mono\etc\mono\2.0\settings.map,2618,A1A3C29F,1431
0,0,CM3D2VRx64_Data\Mono\etc\mono\2.0\web.config,11686,534A9960,1431
0,0,CM3D2VRx64_Data\Mono\etc\mono\2.0\Browsers\Compat.browser,1605,2E178A0B,1431
0,0,CM3D2VRx64_Data\Mono\etc\mono\mconfig\config.xml,25817,80B2033A,1431
0,0,CM3D2VRx64_Data\Plugins\cm3d2_x64.dll,1543680,6027F7CE,1431
0,0,CM3D2VRx64_Data\Plugins\device_hook.dll,116736,CF35F038,1431
0,0,CM3D2VRx64_Data\Plugins\LeapC.dll,2516992,FBDD3767,1431
0,0,CM3D2VRx64_Data\Plugins\openvr_api.dll,318272,44432E0F,1431
0,0,CM3D2VRx64_Data\Plugins\OVRGamepad.dll,12800,2C526135,1431
0,0,CM3D2VRx64_Data\Plugins\OVRPlugin.dll,1894312,38EDD831,1431
0,0,CM3D2VRx64_Data\Plugins\OVRPlugin.dll__140,399272,D560055D,1431
0,0,CM3D2VRx64_Data\Resources\unity default resources,1544700,7137E221,1431
0,0,CM3D2VRx64_Data\Resources\unity_builtin_extra,142196,DF9A5755,1431
0,0,GameData\material_vr.arc,6184,D2EAFD73,130
0,0,GameData\menu_vr.arc,3407,D3B43CF5,130
0,0,GameData\model_vr.arc,866449,B84B7620,130
0,0,GameData\texture_vr.arc,1111256,DF651968,130
