0,0,CM3D2VRx64.exe,14915584,F9649DA5,120
0,0,CM3D2VRx64_DirectToRift.exe,465408,ED45B3A7,120
0,0,LICENSE,3453,541AF859,120
0,0,CM3D2VRx64_Data\level0,154392,49AA779B,120
0,0,CM3D2VRx64_Data\level1,157712,23D4F8FC,120
0,0,CM3D2VRx64_Data\level10,140136,DF4279BD,120
0,0,CM3D2VRx64_Data\level11,164480,416EECDD,120
0,0,CM3D2VRx64_Data\level12,140552,A5FBE663,120
0,0,CM3D2VRx64_Data\level13,462560,520A6979,120
0,0,CM3D2VRx64_Data\level14,4376,E521A338,120
0,0,CM3D2VRx64_Data\level15,143200,828696FD,120
0,0,CM3D2VRx64_Data\level16,4376,C7347ECF,120
0,0,CM3D2VRx64_Data\level17,151576,C8DF1F43,120
0,0,CM3D2VRx64_Data\level18,212728,1B9C80F5,120
0,0,CM3D2VRx64_Data\level19,353008,04DDDEFE,120
0,0,CM3D2VRx64_Data\level2,356064,91D05F24,120
0,0,CM3D2VRx64_Data\level20,160608,2382C87F,120
0,0,CM3D2VRx64_Data\level21,431008,B3729731,120
0,0,CM3D2VRx64_Data\level22,203536,5EE62801,120
0,0,CM3D2VRx64_Data\level3,475304,C3197A05,120
0,0,CM3D2VRx64_Data\level4,547936,8FBBB2FD,120
0,0,CM3D2VRx64_Data\level5,140544,873A1BED,120
0,0,CM3D2VRx64_Data\level6,287328,D3B58F29,120
0,0,CM3D2VRx64_Data\level7,180968,6B55D8D3,120
0,0,CM3D2VRx64_Data\level8,177160,1AAA5F8F,120
0,0,CM3D2VRx64_Data\level9,150152,1CE1F953,120
0,0,CM3D2VRx64_Data\mainData,896896,9E0C35D2,120
0,0,CM3D2VRx64_Data\PlayerConnectionConfigFile,21,3EEE9608,120
0,0,CM3D2VRx64_Data\resources.assets,218340264,5C73DBE7,120
0,0,CM3D2VRx64_Data\sharedassets0.assets,237511440,4E404BD9,120
0,0,CM3D2VRx64_Data\sharedassets1.assets,6998796,34533EDF,120
0,0,CM3D2VRx64_Data\sharedassets10.assets,5256,B7AAAD36,120
0,0,CM3D2VRx64_Data\sharedassets11.assets,466308,F9193C6C,120
0,0,CM3D2VRx64_Data\sharedassets12.assets,5280,7B3B595D,120
0,0,CM3D2VRx64_Data\sharedassets13.assets,927400,6AB62A1F,120
0,0,CM3D2VRx64_Data\sharedassets14.assets,2458056,FA844D8F,120
0,0,CM3D2VRx64_Data\sharedassets15.assets,4112,F7A1FCAE,120
0,0,CM3D2VRx64_Data\sharedassets16.assets,4200896,14697912,120
0,0,CM3D2VRx64_Data\sharedassets17.assets,4112,2EA26EC9,120
0,0,CM3D2VRx64_Data\sharedassets18.assets,49616896,32AB7A31,120
0,0,CM3D2VRx64_Data\sharedassets19.assets,3691748,826A6EA0,120
0,0,CM3D2VRx64_Data\sharedassets2.assets,3514196,C2B37629,120
0,0,CM3D2VRx64_Data\sharedassets20.assets,1587628,8536F5AE,120
0,0,CM3D2VRx64_Data\sharedassets21.assets,5328,DFB988A2,120
0,0,CM3D2VRx64_Data\sharedassets22.assets,72624,2CB4CAFE,120
0,0,CM3D2VRx64_Data\sharedassets23.assets,5416,D4922413,120
0,0,CM3D2VRx64_Data\sharedassets3.assets,16004896,1DB3A65E,120
0,0,CM3D2VRx64_Data\sharedassets4.assets,36843892,383727DD,120
0,0,CM3D2VRx64_Data\sharedassets5.assets,6952140,8BB12D40,120
0,0,CM3D2VRx64_Data\sharedassets6.assets,503336,E58EE13F,120
0,0,CM3D2VRx64_Data\sharedassets7.assets,5464,55CB85FD,120
0,0,CM3D2VRx64_Data\sharedassets8.assets,355444,6E8D6997,120
0,0,CM3D2VRx64_Data\sharedassets9.assets,11891548,7B561B76,120
0,0,CM3D2VRx64_Data\Managed\Accessibility.dll,10752,A358E135,120
0,0,CM3D2VRx64_Data\Managed\Assembly-CSharp-firstpass.dll,170496,46EB8575,120
0,0,CM3D2VRx64_Data\Managed\Assembly-CSharp.dll,1964032,B625DC6C,120
0,0,CM3D2VRx64_Data\Managed\Assembly-UnityScript-firstpass.dll,65024,61BF1192,120
0,0,CM3D2VRx64_Data\Managed\Boo.Lang.dll,126976,B1FDC6B6,120
0,0,CM3D2VRx64_Data\Managed\JsonFx.Json.dll,70144,A0F0CFCB,120
0,0,CM3D2VRx64_Data\Managed\Mono.Data.Tds.dll,96256,DE9FBD55,120
0,0,CM3D2VRx64_Data\Managed\Mono.Posix.dll,184320,A333AAF5,120
0,0,CM3D2VRx64_Data\Managed\Mono.Security.dll,294912,D5BB48FC,120
0,0,CM3D2VRx64_Data\Managed\Mono.WebBrowser.dll,172032,5D310803,120
0,0,CM3D2VRx64_Data\Managed\mscorlib.dll,2590208,5A5FF75C,120
0,0,CM3D2VRx64_Data\Managed\System.Configuration.dll,124928,F88CF714,120
0,0,CM3D2VRx64_Data\Managed\System.Core.dll,300032,0504C277,120
0,0,CM3D2VRx64_Data\Managed\System.Data.dll,856064,1DE4F5EB,120
0,0,CM3D2VRx64_Data\Managed\System.dll,1678848,08B8E16D,120
0,0,CM3D2VRx64_Data\Managed\System.Drawing.Design.dll,29696,E7B53FF9,120
0,0,CM3D2VRx64_Data\Managed\System.Drawing.dll,448512,C4B2E872,120
0,0,CM3D2VRx64_Data\Managed\System.EnterpriseServices.dll,46592,1B56067D,120
0,0,CM3D2VRx64_Data\Managed\System.Security.dll,135168,A9F5B9F1,120
0,0,CM3D2VRx64_Data\Managed\System.Transactions.dll,27648,DE82E2C6,120
0,0,CM3D2VRx64_Data\Managed\System.Windows.Forms.dll,3053568,56394001,120
0,0,CM3D2VRx64_Data\Managed\System.Xml.dll,1270272,BCE39995,120
0,0,CM3D2VRx64_Data\Managed\System.Xml.Linq.dll,106496,1062D683,120
0,0,CM3D2VRx64_Data\Managed\UnityEngine.dll,614912,6F2B6F30,120
0,0,CM3D2VRx64_Data\Managed\UnityEngine.UI.dll,176128,380C2545,120
0,0,CM3D2VRx64_Data\Managed\UnityScript.Lang.dll,14336,FAB8DDA9,120
0,0,CM3D2VRx64_Data\Mono\mono.dll,2601984,5E0870C0,120
0,0,CM3D2VRx64_Data\Mono\etc\mono\browscap.ini,311984,CE6C0AB3,120
0,0,CM3D2VRx64_Data\Mono\etc\mono\config,1691,A635914A,120
0,0,CM3D2VRx64_Data\Mono\etc\mono\1.0\DefaultWsdlHelpGenerator.aspx,58196,10E814BF,120
0,0,CM3D2VRx64_Data\Mono\etc\mono\1.0\machine.config,17259,82F1AD8B,120
0,0,CM3D2VRx64_Data\Mono\etc\mono\2.0\DefaultWsdlHelpGenerator.aspx,60453,F3869A34,120
0,0,CM3D2VRx64_Data\Mono\etc\mono\2.0\machine.config,27626,4F6C3F79,120
0,0,CM3D2VRx64_Data\Mono\etc\mono\2.0\settings.map,2618,A1A3C29F,120
0,0,CM3D2VRx64_Data\Mono\etc\mono\2.0\web.config,11686,534A9960,120
0,0,CM3D2VRx64_Data\Mono\etc\mono\2.0\Browsers\Compat.browser,1605,2E178A0B,120
0,0,CM3D2VRx64_Data\Mono\etc\mono\mconfig\config.xml,25817,80B2033A,120
0,0,CM3D2VRx64_Data\Plugins\cm3d2_x64.dll,1506816,D06D7E94,120
0,0,CM3D2VRx64_Data\Plugins\device_hook.dll,87552,65F0207E,120
0,0,CM3D2VRx64_Data\Plugins\OculusPlugin.dll,302080,B873E721,120
0,0,CM3D2VRx64_Data\Plugins\OVRGamepad.dll,12800,46477987,120
0,0,CM3D2VRx64_Data\Plugins\OVRPlugin.dll,354304,F04E9B58,120
0,0,CM3D2VRx64_Data\Resources\unity default resources,1571709,31020360,120
0,0,CM3D2VRx64_Data\Resources\unity_builtin_extra,372672,13813718,120
0,0,GameData\material_vr.arc,1393,E8F3D878,100
0,0,GameData\menu_vr.arc,1262,6510B03E,100
0,0,GameData\model_vr.arc,70824,C9DCB2E5,100
0,0,GameData\texture_vr.arc,470392,5F59D9B6,100
