0,0,CM3D2OHVRx64.exe,14915584,EEBFF07A,1004
0,0,CM3D2OHVRx64_DirectToRift.exe,465408,ED45B3A7,120
0,0,CM3D2OHVRx64_Data\level0,154392,683E13AA,120
0,0,CM3D2OHVRx64_Data\level1,221656,1B422665,120
0,0,CM3D2OHVRx64_Data\level10,4376,E521A338,120
0,0,CM3D2OHVRx64_Data\level11,143200,E6ED75A5,120
0,0,CM3D2OHVRx64_Data\level12,4376,C7347ECF,120
0,0,CM3D2OHVRx64_Data\level13,151528,C2943E05,120
0,0,CM3D2OHVRx64_Data\level14,212728,DA6E657B,120
0,0,CM3D2OHVRx64_Data\level15,353008,31A37296,120
0,0,CM3D2OHVRx64_Data\level16,160608,2382C87F,120
0,0,CM3D2OHVRx64_Data\level17,431008,6CBAE23C,120
0,0,CM3D2OHVRx64_Data\level18,203536,55B8FCC6,120
0,0,CM3D2OHVRx64_Data\level2,475304,4B07B834,120
0,0,CM3D2OHVRx64_Data\level3,547936,6714BC35,120
0,0,CM3D2OHVRx64_Data\level4,140544,5A37BAF2,120
0,0,CM3D2OHVRx64_Data\level5,177160,4D6ADEC6,120
0,0,CM3D2OHVRx64_Data\level6,140136,65FF733E,120
0,0,CM3D2OHVRx64_Data\level7,164480,F8C633AE,120
0,0,CM3D2OHVRx64_Data\level8,140552,E44C20AF,120
0,0,CM3D2OHVRx64_Data\level9,442808,7A2C9F77,120
0,0,CM3D2OHVRx64_Data\mainData,896688,E5473CA5,120
0,0,CM3D2OHVRx64_Data\PlayerConnectionConfigFile,21,17E2B29B,120
0,0,CM3D2OHVRx64_Data\resources.assets,222452836,FB49F1D8,120
0,0,CM3D2OHVRx64_Data\sharedassets0.assets,237511440,12CC9F29,120
0,0,CM3D2OHVRx64_Data\sharedassets1.assets,6998796,34533EDF,120
0,0,CM3D2OHVRx64_Data\sharedassets10.assets,4553928,CBC54B3C,120
0,0,CM3D2OHVRx64_Data\sharedassets11.assets,4112,F7A1FCAE,120
0,0,CM3D2OHVRx64_Data\sharedassets12.assets,4200896,14697912,120
0,0,CM3D2OHVRx64_Data\sharedassets13.assets,4112,2EA26EC9,120
0,0,CM3D2OHVRx64_Data\sharedassets14.assets,52425872,80172AA9,120
0,0,CM3D2OHVRx64_Data\sharedassets15.assets,3691748,826A6EA0,120
0,0,CM3D2OHVRx64_Data\sharedassets16.assets,1587628,2CDEC705,120
0,0,CM3D2OHVRx64_Data\sharedassets17.assets,5328,DFB988A2,120
0,0,CM3D2OHVRx64_Data\sharedassets18.assets,72624,AA333020,120
0,0,CM3D2OHVRx64_Data\sharedassets19.assets,5416,0A24CBA9,120
0,0,CM3D2OHVRx64_Data\sharedassets2.assets,10846524,2933F51F,120
0,0,CM3D2OHVRx64_Data\sharedassets3.assets,36843892,383727DD,120
0,0,CM3D2OHVRx64_Data\sharedassets4.assets,6952140,8BB12D40,120
0,0,CM3D2OHVRx64_Data\sharedassets5.assets,503336,E58EE13F,120
0,0,CM3D2OHVRx64_Data\sharedassets6.assets,11891548,B4C3D008,120
0,0,CM3D2OHVRx64_Data\sharedassets7.assets,466308,F9193C6C,120
0,0,CM3D2OHVRx64_Data\sharedassets8.assets,5280,7B3B595D,120
0,0,CM3D2OHVRx64_Data\sharedassets9.assets,927400,6AB62A1F,120
0,0,CM3D2OHVRx64_Data\Managed\Accessibility.dll,10752,A358E135,120
0,0,CM3D2OHVRx64_Data\Managed\Assembly-CSharp-firstpass.dll,175616,0E7EBAD7,120
0,0,CM3D2OHVRx64_Data\Managed\Assembly-CSharp.dll,2014720,7C6C4E87,120
0,0,CM3D2OHVRx64_Data\Managed\Assembly-UnityScript-firstpass.dll,65024,A9AD9FBE,120
0,0,CM3D2OHVRx64_Data\Managed\Boo.Lang.dll,126976,B1FDC6B6,120
0,0,CM3D2OHVRx64_Data\Managed\JsonFx.Json.dll,70144,A0F0CFCB,120
0,0,CM3D2OHVRx64_Data\Managed\Mono.Data.Tds.dll,96256,DE9FBD55,120
0,0,CM3D2OHVRx64_Data\Managed\Mono.Posix.dll,184320,A333AAF5,120
0,0,CM3D2OHVRx64_Data\Managed\Mono.Security.dll,294912,D5BB48FC,120
0,0,CM3D2OHVRx64_Data\Managed\Mono.WebBrowser.dll,172032,5D310803,120
0,0,CM3D2OHVRx64_Data\Managed\mscorlib.dll,2590208,5A5FF75C,120
0,0,CM3D2OHVRx64_Data\Managed\System.Configuration.dll,124928,F88CF714,120
0,0,CM3D2OHVRx64_Data\Managed\System.Core.dll,300032,0504C277,120
0,0,CM3D2OHVRx64_Data\Managed\System.Data.dll,856064,1DE4F5EB,120
0,0,CM3D2OHVRx64_Data\Managed\System.dll,1678848,08B8E16D,120
0,0,CM3D2OHVRx64_Data\Managed\System.Drawing.Design.dll,29696,E7B53FF9,120
0,0,CM3D2OHVRx64_Data\Managed\System.Drawing.dll,448512,C4B2E872,120
0,0,CM3D2OHVRx64_Data\Managed\System.EnterpriseServices.dll,46592,1B56067D,120
0,0,CM3D2OHVRx64_Data\Managed\System.Security.dll,135168,A9F5B9F1,120
0,0,CM3D2OHVRx64_Data\Managed\System.Transactions.dll,27648,DE82E2C6,120
0,0,CM3D2OHVRx64_Data\Managed\System.Windows.Forms.dll,3053568,56394001,120
0,0,CM3D2OHVRx64_Data\Managed\System.Xml.dll,1270272,BCE39995,120
0,0,CM3D2OHVRx64_Data\Managed\System.Xml.Linq.dll,106496,1062D683,120
0,0,CM3D2OHVRx64_Data\Managed\UnityEngine.dll,614912,6F2B6F30,120
0,0,CM3D2OHVRx64_Data\Managed\UnityEngine.UI.dll,176128,380C2545,120
0,0,CM3D2OHVRx64_Data\Managed\UnityScript.Lang.dll,14336,FAB8DDA9,120
0,0,CM3D2OHVRx64_Data\Mono\mono.dll,2601984,5E0870C0,120
0,0,CM3D2OHVRx64_Data\Mono\etc\mono\browscap.ini,311984,CE6C0AB3,120
0,0,CM3D2OHVRx64_Data\Mono\etc\mono\config,1691,A635914A,120
0,0,CM3D2OHVRx64_Data\Mono\etc\mono\1.0\DefaultWsdlHelpGenerator.aspx,58196,10E814BF,120
0,0,CM3D2OHVRx64_Data\Mono\etc\mono\1.0\machine.config,17259,82F1AD8B,120
0,0,CM3D2OHVRx64_Data\Mono\etc\mono\2.0\DefaultWsdlHelpGenerator.aspx,60453,F3869A34,120
0,0,CM3D2OHVRx64_Data\Mono\etc\mono\2.0\machine.config,27626,4F6C3F79,120
0,0,CM3D2OHVRx64_Data\Mono\etc\mono\2.0\settings.map,2618,A1A3C29F,120
0,0,CM3D2OHVRx64_Data\Mono\etc\mono\2.0\web.config,11686,534A9960,120
0,0,CM3D2OHVRx64_Data\Mono\etc\mono\2.0\Browsers\Compat.browser,1605,2E178A0B,120
0,0,CM3D2OHVRx64_Data\Mono\etc\mono\mconfig\config.xml,25817,80B2033A,120
0,0,CM3D2OHVRx64_Data\Plugins\cm3d2_hole_x64.dll,339968,09BB14AC,120
0,0,CM3D2OHVRx64_Data\Plugins\cm3d2_x64.dll,1506816,D06D7E94,120
0,0,CM3D2OHVRx64_Data\Plugins\device_hook.dll,87552,65F0207E,120
0,0,CM3D2OHVRx64_Data\Plugins\OculusPlugin.dll,302080,B873E721,120
0,0,CM3D2OHVRx64_Data\Plugins\OVRGamepad.dll,12800,46477987,120
0,0,CM3D2OHVRx64_Data\Plugins\OVRPlugin.dll,354304,F04E9B58,120
0,0,CM3D2OHVRx64_Data\Resources\unity default resources,1571709,31020360,120
0,0,CM3D2OHVRx64_Data\Resources\unity_builtin_extra,372672,13813718,120
0,0,GameData\material_vr.arc,1393,E8F3D878,100
0,0,GameData\menu_vr.arc,1262,6510B03E,100
0,0,GameData\model_vr.arc,70824,C9DCB2E5,100
0,0,GameData\texture_vr.arc,470392,5F59D9B6,100
