1,0,CM3D2.nei,1FC6BDE1,101
1,0,CM3D2VRx64.nei,7905B2F9,101
1,0,CM3D2VRx64_DirectToRift.nei,EADD85D8,101
0,0,LICENSE,541AF859,101
0,0,CM3D2VRx64_Data\level0,C0203D4F,101
0,0,CM3D2VRx64_Data\level1,8CC26DBE,101
0,0,CM3D2VRx64_Data\level2,38C9B884,101
0,0,CM3D2VRx64_Data\level3,1BF59388,101
0,0,CM3D2VRx64_Data\level4,598629AC,101
0,0,CM3D2VRx64_Data\mainData,09C64D3D,101
0,0,CM3D2VRx64_Data\OVRAppInfo,C45ED86B,101
0,0,CM3D2VRx64_Data\PlayerConnectionConfigFile,E4BBA251,101
0,0,CM3D2VRx64_Data\resources.assets,5AEBFCDC,101
0,0,CM3D2VRx64_Data\sharedassets0.assets,EE5F3CDB,101
0,0,CM3D2VRx64_Data\sharedassets1.assets,722616F0,101
0,0,CM3D2VRx64_Data\sharedassets2.assets,0BF783E3,101
0,0,CM3D2VRx64_Data\sharedassets3.assets,DAFD7830,101
0,0,CM3D2VRx64_Data\sharedassets4.assets,8D287308,101
0,0,CM3D2VRx64_Data\sharedassets5.assets,AD2AE8A6,101
0,0,CM3D2VRx64_Data\Managed\Accessibility.dll,75C7CAD5,101
0,0,CM3D2VRx64_Data\Managed\Assembly-CSharp-firstpass.dll,AEB5D10F,101
0,0,CM3D2VRx64_Data\Managed\Assembly-CSharp.dll,7840B9AB,101
0,0,CM3D2VRx64_Data\Managed\Assembly-UnityScript-firstpass.dll,3A8A88E2,101
0,0,CM3D2VRx64_Data\Managed\Boo.Lang.dll,D19F1FC7,101
0,0,CM3D2VRx64_Data\Managed\JsonFx.Json.dll,A0F0CFCB,101
0,0,CM3D2VRx64_Data\Managed\Mono.Data.Tds.dll,E249200E,101
0,0,CM3D2VRx64_Data\Managed\Mono.Posix.dll,E2491DA7,101
0,0,CM3D2VRx64_Data\Managed\Mono.Security.dll,7A795D4F,101
0,0,CM3D2VRx64_Data\Managed\Mono.WebBrowser.dll,AC7F28E8,101
0,0,CM3D2VRx64_Data\Managed\mscorlib.dll,56CD1278,101
0,0,CM3D2VRx64_Data\Managed\System.Configuration.dll,1AF25A63,101
0,0,CM3D2VRx64_Data\Managed\System.Core.dll,DC99BC6F,101
0,0,CM3D2VRx64_Data\Managed\System.Data.dll,A6D725E0,101
0,0,CM3D2VRx64_Data\Managed\System.dll,95BAD00B,101
0,0,CM3D2VRx64_Data\Managed\System.Drawing.Design.dll,E7B53FF9,101
0,0,CM3D2VRx64_Data\Managed\System.Drawing.dll,C4B2E872,101
0,0,CM3D2VRx64_Data\Managed\System.EnterpriseServices.dll,E617C72F,101
0,0,CM3D2VRx64_Data\Managed\System.Security.dll,5372FD03,101
0,0,CM3D2VRx64_Data\Managed\System.Transactions.dll,A60894A8,101
0,0,CM3D2VRx64_Data\Managed\System.Windows.Forms.dll,56394001,101
0,0,CM3D2VRx64_Data\Managed\System.Xml.dll,BDB59CC1,101
0,0,CM3D2VRx64_Data\Managed\System.Xml.Linq.dll,D5D1BEF4,101
0,0,CM3D2VRx64_Data\Managed\UnityEngine.dll,27794B2F,101
0,0,CM3D2VRx64_Data\Managed\UnityEngine.UI.dll,0B749536,101
0,0,CM3D2VRx64_Data\Managed\UnityScript.Lang.dll,6BC5B026,101
0,0,CM3D2VRx64_Data\Mono\mono.dll,5B8C92E7,101
0,0,CM3D2VRx64_Data\Mono\etc\mono\browscap.ini,CE6C0AB3,101
0,0,CM3D2VRx64_Data\Mono\etc\mono\config,A635914A,101
0,0,CM3D2VRx64_Data\Mono\etc\mono\1.0\DefaultWsdlHelpGenerator.aspx,10E814BF,101
0,0,CM3D2VRx64_Data\Mono\etc\mono\1.0\machine.config,82F1AD8B,101
0,0,CM3D2VRx64_Data\Mono\etc\mono\2.0\DefaultWsdlHelpGenerator.aspx,F3869A34,101
0,0,CM3D2VRx64_Data\Mono\etc\mono\2.0\machine.config,4F6C3F79,101
0,0,CM3D2VRx64_Data\Mono\etc\mono\2.0\settings.map,A1A3C29F,101
0,0,CM3D2VRx64_Data\Mono\etc\mono\2.0\web.config,534A9960,101
0,0,CM3D2VRx64_Data\Mono\etc\mono\2.0\Browsers\Compat.browser,2E178A0B,101
0,0,CM3D2VRx64_Data\Mono\etc\mono\mconfig\config.xml,80B2033A,101
0,0,CM3D2VRx64_Data\Plugins\cm3d2_x64.dll,51962844,101
0,0,CM3D2VRx64_Data\Plugins\device_hook.dll,65F0207E,101
0,0,CM3D2VRx64_Data\Plugins\OculusPlugin.dll,34E75356,101
0,0,CM3D2VRx64_Data\Resources\unity default resources,C8F79FB9,101
0,0,CM3D2VRx64_Data\Resources\unity_builtin_extra,0CA2A76D,101
0,0,GameData\csv.arc,5F9B703E,101
0,0,GameData\material_vr.arc,E8F3D878,101
0,0,GameData\menu_vr.arc,6510B03E,101
0,0,GameData\model_vr.arc,C9DCB2E5,101
0,0,GameData\texture_vr.arc,5F59D9B6,101
