0,0,GameData\paths.dat,2711,E8B651E6,1420
0,0,GameData\prioritymaterial.arc,143812,D48CFCC6,1420
0,0,GameData\csv.arc,2608016,85FB792E,1420
0,0,GameData\script.arc,13581548,A0155F7C,1420
0,0,GameData\material_dlc106.arc,21987,9EA55846,100
0,0,GameData\menu_dlc106.arc,22133,4670EFB5,100
0,0,GameData\model_dlc106.arc,1468831,9C9CCF1B,100
0,0,GameData\texture_dlc106.arc,25996865,41808834,100
0,0,GameData\material_dlc107.arc,22425,E5FAB85A,100
0,0,GameData\menu_dlc107.arc,22056,087E9A96,100
0,0,GameData\model_dlc107.arc,2993695,E9DD9DA4,100
0,0,GameData\texture_dlc107.arc,26719222,025F1C79,100
0,0,GameData\material_dlc108.arc,39452,47AF6F43,100
0,0,GameData\menu_dlc108.arc,27653,D8CB384B,100
0,0,GameData\model_dlc108.arc,1650639,BE0CFF59,100
0,0,GameData\texture_dlc108.arc,30918386,856AE291,100
0,0,GameData\material_dlc109.arc,16817,8DF7E827,100
0,0,GameData\menu_dlc109.arc,10851,370F55F6,100
0,0,GameData\model_dlc109.arc,257684,9D8CD09E,100
0,0,GameData\texture_dlc109.arc,12943144,AFEB843D,100
0,0,GameData\csv_cos008.arc,1838,985FA141,100
0,0,GameData\script_cos008.arc,43353,E001EA89,100
0,0,GameData\voice_cos008.arc,35321489,BE712D83,100
0,0,GameData\motion_cos008.arc,12417766,9E1DC5F4,100
