0,0,GameData\paths.dat,3484,CE37AD31,1451
0,0,GameData\prioritymaterial.arc,152825,20678B37,1451
0,0,GameData\csv.arc,2879288,AF2D5A85,1451
0,0,GameData\script.arc,14056931,7EBA19B8,1451
0,0,GameData\material_dlc119.arc,22455,5E15973A,100
0,0,GameData\menu_dlc119.arc,21707,C6B51E2B,100
0,0,GameData\model_dlc119.arc,2032312,38FC54C3,100
0,0,GameData\texture_dlc119.arc,28762382,E5140DE8,100
0,0,GameData\material_dlc120.arc,31152,16EE3252,100
0,0,GameData\menu_dlc120.arc,20969,A5DE08A4,100
0,0,GameData\model_dlc120.arc,1994385,6D99517A,100
0,0,GameData\texture_dlc120.arc,37010626,4A5E7AB1,100
0,0,GameData\material_dlc121.arc,18988,E9C17BBC,100
0,0,GameData\menu_dlc121.arc,15714,2D08A27F,100
0,0,GameData\model_dlc121.arc,1169743,9B1E2AFD,100
0,0,GameData\texture_dlc121.arc,29955104,78A6DB1C,100
0,0,GameData\material_dlc122.arc,17722,D96C537C,100
0,0,GameData\menu_dlc122.arc,15935,48A48C04,100
0,0,GameData\model_dlc122.arc,315734,219ECD09,100
0,0,GameData\texture_dlc122.arc,10783050,616C44A0,100
0,0,GameData\motion_cos010.arc,1294188,437A1F51,100
0,0,GameData\voice_cos010.arc,126224302,772BD1C8,100
0,0,GameData\script_cos010.arc,177705,F5BF7C8C,100
0,0,GameData\csv_cos010.arc,1832,8738546D,100
0,0,GameData\csv_cos010yan.arc,1873,734CC8E1,100
0,0,GameData\script_cos010yan.arc,26744,3A4C3E4E,100
0,0,GameData\voice_cos010yan.arc,20197689,8B507AC1,100