0,0,CR EditSystem_Data\Managed\Accessibility.dll,12288,778A87C9,13207
0,0,CR EditSystem_Data\Managed\AnimatorTimeline.dll,271360,52B0B4CC,13207
0,0,CR EditSystem_Data\Managed\Assembly-CSharp.dll,2007552,76CC6083,13207
0,0,CR EditSystem_Data\Managed\Assembly-CSharp-firstpass.dll,563712,AD42877B,13207
0,0,CR EditSystem_Data\Managed\AVProVideo.Script.dll,118784,83F67136,13207
0,0,CR EditSystem_Data\Managed\Battlehub.dll,381952,AC910247,13207
0,0,CR EditSystem_Data\Managed\Com3d2Native.dll,75776,331C9C55,13207
0,0,CR EditSystem_Data\Managed\Com3d2Native.Editor.dll,6144,B39E459D,13207
0,0,CR EditSystem_Data\Managed\DemiLib.dll,11264,8BB8AD9F,13207
0,0,CR EditSystem_Data\Managed\DOTween.dll,158720,F49BD5A3,13207
0,0,CR EditSystem_Data\Managed\DOTweenPro.dll,15872,9F4B62E8,13207
0,0,CR EditSystem_Data\Managed\I2.Localization.dll,156160,734964B7,13207
0,0,CR EditSystem_Data\Managed\JsonFx.Json.dll,70144,A0F0CFCB,13207
0,0,CR EditSystem_Data\Managed\MagicaCloth.dll,380416,DE952E79,13207
0,0,CR EditSystem_Data\Managed\MagicaClothV2.dll,419840,5EB3E9EA,13207
0,0,CR EditSystem_Data\Managed\MemoryPack.dll,188928,4AD57352,13207
0,0,CR EditSystem_Data\Managed\MessagePack.Annotations.dll,8192,283DC358,13207
0,0,CR EditSystem_Data\Managed\MessagePack.dll,331776,E1E92B76,13207
0,0,CR EditSystem_Data\Managed\Microsoft.NET.StringTools.dll,30336,C3CACDD5,13207
0,0,CR EditSystem_Data\Managed\Mono.Posix.dll,214528,968E9B9D,13207
0,0,CR EditSystem_Data\Managed\Mono.Security.dll,241152,90CD243C,13207
0,0,CR EditSystem_Data\Managed\Mono.WebBrowser.dll,166912,9EC422AF,13207
0,0,CR EditSystem_Data\Managed\mscorlib.dll,4631552,1CC22052,13207
0,0,CR EditSystem_Data\Managed\netstandard.dll,90112,975FFBBE,13207
0,0,CR EditSystem_Data\Managed\System.ComponentModel.Composition.dll,257024,44EC5201,13207
0,0,CR EditSystem_Data\Managed\System.Configuration.dll,124928,5CF4B8F7,13207
0,0,CR EditSystem_Data\Managed\System.Core.dll,1113088,2602A15A,13207
0,0,CR EditSystem_Data\Managed\System.Data.DataSetExtensions.dll,29696,7A0640D6,13207
0,0,CR EditSystem_Data\Managed\System.Data.dll,2125312,07CEA976,13207
0,0,CR EditSystem_Data\Managed\System.dll,2637824,DC1055E7,13207
0,0,CR EditSystem_Data\Managed\System.Drawing.dll,489984,9C7932A7,13207
0,0,CR EditSystem_Data\Managed\System.EnterpriseServices.dll,44544,9D5266BB,13207
0,0,CR EditSystem_Data\Managed\System.IO.Compression.dll,114688,5A843287,13207
0,0,CR EditSystem_Data\Managed\System.IO.Compression.FileSystem.dll,18432,FE8B8424,13207
0,0,CR EditSystem_Data\Managed\System.Memory.dll,4608,F0BBFFDF,13207
0,0,CR EditSystem_Data\Managed\System.Net.Http.dll,122880,C982D760,13207
0,0,CR EditSystem_Data\Managed\System.Numerics.dll,119296,1947467C,13207
0,0,CR EditSystem_Data\Managed\System.Runtime.CompilerServices.Unsafe.dll,18024,8C9A1A8B,13207
0,0,CR EditSystem_Data\Managed\System.Runtime.dll,12288,58AE9F48,13207
0,0,CR EditSystem_Data\Managed\System.Runtime.Serialization.dll,934400,6800AA2B,13207
0,0,CR EditSystem_Data\Managed\System.Runtime.Serialization.Formatters.Soap.dll,38400,CBA2A8DA,13207
0,0,CR EditSystem_Data\Managed\System.Security.dll,320000,8BEA3DC4,13207
0,0,CR EditSystem_Data\Managed\System.ServiceModel.Internals.dll,215040,9655D9FB,13207
0,0,CR EditSystem_Data\Managed\System.Transactions.dll,35328,E2FF2F1E,13207
0,0,CR EditSystem_Data\Managed\System.Windows.Forms.dll,2896384,7EB1358B,13207
0,0,CR EditSystem_Data\Managed\System.Xml.dll,3160064,6066CFE3,13207
0,0,CR EditSystem_Data\Managed\System.Xml.Linq.dll,136704,DDFB724A,13207
0,0,CR EditSystem_Data\Managed\UniRx.dll,465920,29F0FD34,13207
0,0,CR EditSystem_Data\Managed\UniTask.Addressables.dll,12800,86AC7CE3,13207
0,0,CR EditSystem_Data\Managed\UniTask.dll,548352,A2684872,13207
0,0,CR EditSystem_Data\Managed\UniTask.DOTween.dll,4096,A4C9675B,13207
0,0,CR EditSystem_Data\Managed\UniTask.Linq.dll,701952,AE674FC1,13207
0,0,CR EditSystem_Data\Managed\UniTask.TextMeshPro.dll,13312,BFB8E863,13207
0,0,CR EditSystem_Data\Managed\Unity.Addressables.dll,112128,BE695A79,13207
0,0,CR EditSystem_Data\Managed\Unity.AI.Navigation.dll,20480,3965D10F,13207
0,0,CR EditSystem_Data\Managed\Unity.Burst.dll,317440,8C9775AE,13207
0,0,CR EditSystem_Data\Managed\Unity.Burst.Unsafe.dll,5632,D504B969,13207
0,0,CR EditSystem_Data\Managed\Unity.Collections.dll,450048,550359D2,13207
0,0,CR EditSystem_Data\Managed\Unity.Collections.LowLevel.ILSupport.dll,5120,254B34EA,13207
0,0,CR EditSystem_Data\Managed\Unity.Jobs.dll,4096,C58BA9D8,13207
0,0,CR EditSystem_Data\Managed\Unity.Mathematics.dll,741376,4DFB46E0,13207
0,0,CR EditSystem_Data\Managed\Unity.MemoryProfiler.dll,6144,C24CFF4B,13207
0,0,CR EditSystem_Data\Managed\Unity.Postprocessing.Runtime.dll,163328,24937EB1,13207
0,0,CR EditSystem_Data\Managed\Unity.RenderPipelines.Core.Runtime.dll,528384,7E56AE75,13207
0,0,CR EditSystem_Data\Managed\Unity.RenderPipelines.Core.ShaderLibrary.dll,5120,2C463C25,13207
0,0,CR EditSystem_Data\Managed\Unity.RenderPipelines.ShaderGraph.ShaderGraphLibrary.dll,5120,215B3FB5,13207
0,0,CR EditSystem_Data\Managed\Unity.ResourceManager.dll,131584,97501DE7,13207
0,0,CR EditSystem_Data\Managed\Unity.ScriptableBuildPipeline.dll,9216,E56E287D,13207
0,0,CR EditSystem_Data\Managed\Unity.TextMeshPro.dll,380928,F4471FF3,13207
0,0,CR EditSystem_Data\Managed\Unity.Timeline.dll,128000,EE36486C,13207
0,0,CR EditSystem_Data\Managed\Unity.VisualEffectGraph.Runtime.dll,100864,DAA46CEF,13207
0,0,CR EditSystem_Data\Managed\UnityEngine.AccessibilityModule.dll,22208,78C6C15D,13207
0,0,CR EditSystem_Data\Managed\UnityEngine.AIModule.dll,57024,A46DFD74,13207
0,0,CR EditSystem_Data\Managed\UnityEngine.AndroidJNIModule.dll,93376,B50A5AFB,13207
0,0,CR EditSystem_Data\Managed\UnityEngine.AnimationModule.dll,162496,241D474D,13207
0,0,CR EditSystem_Data\Managed\UnityEngine.ARModule.dll,19648,4A1D5F33,13207
0,0,CR EditSystem_Data\Managed\UnityEngine.AssetBundleModule.dll,31424,BBD1D7B1,13207
0,0,CR EditSystem_Data\Managed\UnityEngine.AudioModule.dll,69312,349E621F,13207
0,0,CR EditSystem_Data\Managed\UnityEngine.ClothModule.dll,24768,0D4371C4,13207
0,0,CR EditSystem_Data\Managed\UnityEngine.ClusterInputModule.dll,20160,B28C53A1,13207
0,0,CR EditSystem_Data\Managed\UnityEngine.ClusterRendererModule.dll,20672,918BC9BA,13207
0,0,CR EditSystem_Data\Managed\UnityEngine.ContentLoadModule.dll,25792,BB90FC09,13207
0,0,CR EditSystem_Data\Managed\UnityEngine.CoreModule.dll,1386688,48FD115A,13207
0,0,CR EditSystem_Data\Managed\UnityEngine.CrashReportingModule.dll,19648,41C76870,13207
0,0,CR EditSystem_Data\Managed\UnityEngine.DirectorModule.dll,23232,2CC1A420,13207
0,0,CR EditSystem_Data\Managed\UnityEngine.dll,125120,B56BB6D6,13207
0,0,CR EditSystem_Data\Managed\UnityEngine.DSPGraphModule.dll,27840,5F1EB63B,13207
0,0,CR EditSystem_Data\Managed\UnityEngine.GameCenterModule.dll,38592,B801B973,13207
0,0,CR EditSystem_Data\Managed\UnityEngine.GIModule.dll,18624,DA68DA5E,13207
0,0,CR EditSystem_Data\Managed\UnityEngine.GridModule.dll,23744,FF1520D8,13207
0,0,CR EditSystem_Data\Managed\UnityEngine.HotReloadModule.dll,18624,9E32D2C5,13207
0,0,CR EditSystem_Data\Managed\UnityEngine.ImageConversionModule.dll,22720,91655A3B,13207
0,0,CR EditSystem_Data\Managed\UnityEngine.IMGUIModule.dll,188608,DEA159BD,13207
0,0,CR EditSystem_Data\Managed\UnityEngine.InputLegacyModule.dll,37568,C1DB6A82,13207
0,0,CR EditSystem_Data\Managed\UnityEngine.InputModule.dll,22208,F997B8C7,13207
0,0,CR EditSystem_Data\Managed\UnityEngine.JSONSerializeModule.dll,20672,D57971D2,13207
0,0,CR EditSystem_Data\Managed\UnityEngine.LocalizationModule.dll,19648,AFDD1EBA,13207
0,0,CR EditSystem_Data\Managed\UnityEngine.NVIDIAModule.dll,32448,AA6EB95A,13207
0,0,CR EditSystem_Data\Managed\UnityEngine.ParticleSystemModule.dll,159424,1015EEB4,13207
0,0,CR EditSystem_Data\Managed\UnityEngine.PerformanceReportingModule.dll,19136,0306AACC,13207
0,0,CR EditSystem_Data\Managed\UnityEngine.Physics2DModule.dll,139968,A700CCF7,13207
0,0,CR EditSystem_Data\Managed\UnityEngine.PhysicsModule.dll,136896,4C25069F,13207
0,0,CR EditSystem_Data\Managed\UnityEngine.ProfilerModule.dll,18624,643CEF55,13207
0,0,CR EditSystem_Data\Managed\UnityEngine.PropertiesModule.dll,153792,EA69A163,13207
0,0,CR EditSystem_Data\Managed\UnityEngine.RuntimeInitializeOnLoadManagerInitializerModule.dll,18624,D76E22EE,13207
0,0,CR EditSystem_Data\Managed\UnityEngine.ScreenCaptureModule.dll,19648,541955E1,13207
0,0,CR EditSystem_Data\Managed\UnityEngine.SharedInternalsModule.dll,31424,4655484A,13207
0,0,CR EditSystem_Data\Managed\UnityEngine.SpatialTracking.dll,11776,F6610B4B,13207
0,0,CR EditSystem_Data\Managed\UnityEngine.SpriteMaskModule.dll,20160,28D62CA3,13207
0,0,CR EditSystem_Data\Managed\UnityEngine.SpriteShapeModule.dll,24768,9EA47AE4,13207
0,0,CR EditSystem_Data\Managed\UnityEngine.StreamingModule.dll,19136,8EBC9B33,13207
0,0,CR EditSystem_Data\Managed\UnityEngine.SubstanceModule.dll,23232,D79E791D,13207
0,0,CR EditSystem_Data\Managed\UnityEngine.SubsystemsModule.dll,33472,619F2CB8,13207
0,0,CR EditSystem_Data\Managed\UnityEngine.TerrainModule.dll,99520,C87BF8A8,13207
0,0,CR EditSystem_Data\Managed\UnityEngine.TerrainPhysicsModule.dll,19648,C362F820,13207
0,0,CR EditSystem_Data\Managed\UnityEngine.TextCoreFontEngineModule.dll,70848,91C2111D,13207
0,0,CR EditSystem_Data\Managed\UnityEngine.TextCoreTextEngineModule.dll,247488,47DA257F,13207
0,0,CR EditSystem_Data\Managed\UnityEngine.TextRenderingModule.dll,37568,64F4EAE3,13207
0,0,CR EditSystem_Data\Managed\UnityEngine.TilemapModule.dll,45248,86525F58,13207
0,0,CR EditSystem_Data\Managed\UnityEngine.TLSModule.dll,25280,28D4A9D2,13207
0,0,CR EditSystem_Data\Managed\UnityEngine.UI.dll,265216,7CE27614,13207
0,0,CR EditSystem_Data\Managed\UnityEngine.UIElementsModule.dll,1526464,D2EF9FE4,13207
0,0,CR EditSystem_Data\Managed\UnityEngine.UIModule.dll,35008,16712D23,13207
0,0,CR EditSystem_Data\Managed\UnityEngine.UmbraModule.dll,18624,421ABF60,13207
0,0,CR EditSystem_Data\Managed\UnityEngine.UnityAnalyticsCommonModule.dll,19648,69C59A3E,13207
0,0,CR EditSystem_Data\Managed\UnityEngine.UnityAnalyticsModule.dll,43200,0E49D1A9,13207
0,0,CR EditSystem_Data\Managed\UnityEngine.UnityConnectModule.dll,20160,A5D5E39F,13207
0,0,CR EditSystem_Data\Managed\UnityEngine.UnityCurlModule.dll,20160,B71C41C4,13207
0,0,CR EditSystem_Data\Managed\UnityEngine.UnityTestProtocolModule.dll,18624,1E0DEBE9,13207
0,0,CR EditSystem_Data\Managed\UnityEngine.UnityWebRequestAssetBundleModule.dll,21696,69651A7A,13207
0,0,CR EditSystem_Data\Managed\UnityEngine.UnityWebRequestAudioModule.dll,21184,63F203EC,13207
0,0,CR EditSystem_Data\Managed\UnityEngine.UnityWebRequestModule.dll,56512,AF370A89,13207
0,0,CR EditSystem_Data\Managed\UnityEngine.UnityWebRequestTextureModule.dll,20160,6F60385C,13207
0,0,CR EditSystem_Data\Managed\UnityEngine.UnityWebRequestWWWModule.dll,29888,59764BF3,13207
0,0,CR EditSystem_Data\Managed\UnityEngine.VehiclesModule.dll,22720,195DA28D,13207
0,0,CR EditSystem_Data\Managed\UnityEngine.VFXModule.dll,57024,D3FF217B,13207
0,0,CR EditSystem_Data\Managed\UnityEngine.VideoModule.dll,39616,4592FDD4,13207
0,0,CR EditSystem_Data\Managed\UnityEngine.VirtualTexturingModule.dll,34496,1A77BE99,13207
0,0,CR EditSystem_Data\Managed\UnityEngine.VRModule.dll,25280,B7C1DF4D,13207
0,0,CR EditSystem_Data\Managed\UnityEngine.WindModule.dll,19648,34258888,13207
0,0,CR EditSystem_Data\Managed\UnityEngine.XR.LegacyInputHelpers.dll,23552,ACB2C291,13207
0,0,CR EditSystem_Data\Managed\UnityEngine.XRModule.dll,69312,C01DB11A,13207
0,0,CR EditSystem_Data\Plugins\x86_64\Audio360.dll,1956352,0D4B8E9D,13207
0,0,CR EditSystem_Data\Plugins\x86_64\AVProVideo.dll,886272,278352F0,13207
0,0,CR EditSystem_Data\Plugins\x86_64\crc.dll,2304512,7D4C0F7A,13207
0,0,CR EditSystem_Data\Plugins\x86_64\device_hook.dll,733696,16904EAF,13207
0,0,CR EditSystem_Data\Plugins\x86_64\lib_burst_generated.dll,979456,EE26AC95,13207
0,0,CR EditSystem_Data\Resources\unity default resources,1564256,28AF3A61,13207
0,0,CR EditSystem_Data\Resources\unity_builtin_extra,390152,E5AE31D3,13207
0,0,CR EditSystem_Data\StreamingAssets\aa\AddressablesLink\link.xml,572,8602114D,13207
0,0,CR EditSystem_Data\StreamingAssets\aa\catalog.json,940,00EB80D2,13207
0,0,CR EditSystem_Data\StreamingAssets\aa\settings.json,1606,C4D4D961,13207
0,0,CR EditSystem_Data\app.info,18,37D455F7,13207
0,0,CR EditSystem_Data\boot.config,113,F5042914,13207
0,0,CR EditSystem_Data\globalgamemanagers,409180,B479BD95,13207
0,0,CR EditSystem_Data\globalgamemanagers.assets,472340,28492ADC,13207
0,0,CR EditSystem_Data\globalgamemanagers.assets.resS,2796240,F6707524,13207
0,0,CR EditSystem_Data\level0,163100,DAC75CD2,13207
0,0,CR EditSystem_Data\level1,163660,A141F82F,13207
0,0,CR EditSystem_Data\level2,942748,91176F6E,13207
0,0,CR EditSystem_Data\resources.assets,5655280,09CBD0AD,13207
0,0,CR EditSystem_Data\resources.assets.resS,10368944,5E42208D,13207
0,0,CR EditSystem_Data\resources.resource,35136,C0023D9B,13207
0,0,CR EditSystem_Data\RuntimeInitializeOnLoads.json,4001,A8900AE0,13207
0,0,CR EditSystem_Data\ScriptingAssemblies.json,3935,1C20B35B,13207
0,0,CR EditSystem_Data\sharedassets0.assets,6399776,4BBADE3C,13207
0,0,CR EditSystem_Data\sharedassets0.assets.resS,2692480,49B89913,13207
0,0,CR EditSystem_Data\sharedassets1.assets,9076,C24C024E,13207
0,0,CR EditSystem_Data\sharedassets1.assets.resS,270016,A6EBE179,13207
0,0,CR EditSystem_Data\sharedassets2.assets,690456,FBF31D18,13207
0,0,CR EditSystem_Data\sharedassets2.assets.resS,26896,3B67B063,13207
0,0,GameData\assets\language.aba,302023,47F9374D,13210
0,0,GameData\assets\language.ct,203,AB929EF6,13210
0,0,GameData\assets\partsmeta.aba,167856,BD53CA77,13213
0,0,GameData\assets\partsmeta.ct,20058,7B4B863D,13213
0,0,GameData\dlc\parts_cafesp001_2.aba,84810,241EF48D,13207
0,0,GameData\dlc\parts_cafesp001_2.ct,1032,C28E9ADE,13207
0,0,GameData\dlc\parts_cm3d2_hair_2.aba,563957,06AFFE70,13207
0,0,GameData\dlc\parts_cm3d2_hair_2.ct,749,A85E387D,13207
0,0,GameData\dlc\parts_dlc499_gp003_2.aba,6921209,A9E3B914,13207
0,0,GameData\dlc\parts_dlc499_gp003_2.ct,1122,E7F2069D,13207
0,0,GameData\dlc\parts_dlc500_gp003_2.aba,89392,DD848A29,13207
0,0,GameData\dlc\parts_dlc500_gp003_2.ct,522,A9C9B2C1,13207
0,0,GameData\dlc\parts_dlc508_gp003_2.aba,885705,D0EDA0D5,13207
0,0,GameData\dlc\parts_dlc508_gp003_2.ct,662,41B851EC,13207
0,0,GameData\dlc\parts_dlc509_gp003_2.aba,4683,86077834,13207
0,0,GameData\dlc\parts_dlc509_gp003_2.ct,312,5F8415E4,13207
0,0,GameData\dlc\parts_dlc510_gp003_2.aba,27752210,F2A697AF,13207
0,0,GameData\dlc\parts_dlc510_gp003_2.ct,1052,D2DD4602,13207
0,0,GameData\dlc\parts_dlc540_gp003_2.aba,795651,4806F0F8,13207
0,0,GameData\dlc\parts_dlc540_gp003_2.ct,719,7E04D6C0,13207
0,0,GameData\dlc\parts_gp02set_2.aba,4973,1AA71B13,13207
0,0,GameData\dlc\parts_gp02set_2.ct,299,825CD907,13207
0,0,GameData\dlc\parts_gp003d_2.aba,4447,3C03F93D,13207
0,0,GameData\dlc\parts_gp003d_2.ct,295,4950A7AA,13207
0,0,GameData\dlc\parts_personal_om001_gp003_2.aba,26716574,9121EA2A,13207
0,0,GameData\dlc\parts_personal_om001_gp003_2.ct,1234,D718DE09,13207
0,0,GameData\dlc\parts_x001fix_gp003_2.aba,3997,EAB3DFEE,13207
0,0,GameData\dlc\parts_x001fix_gp003_2.ct,321,005DCE47,13207
0,0,GameData\dlc\parts_x001kai_gp003_2.aba,10445,8B4C811C,13207
0,0,GameData\dlc\parts_x001kai_gp003_2.ct,418,B21A14E5,13207
0,0,MonoBleedingEdge\EmbedRuntime\mono-2.0-bdwgc.dll,7895744,19AF8B01,13207
0,0,MonoBleedingEdge\EmbedRuntime\MonoPosixHelper.dll,609472,68524C42,13207
0,0,MonoBleedingEdge\etc\mono\2.0\Browsers\Compat.browser,1605,2E178A0B,13207
0,0,MonoBleedingEdge\etc\mono\2.0\DefaultWsdlHelpGenerator.aspx,60575,95F9D0B4,13207
0,0,MonoBleedingEdge\etc\mono\2.0\machine.config,29066,42543B8B,13207
0,0,MonoBleedingEdge\etc\mono\2.0\settings.map,2622,AD5340F9,13207
0,0,MonoBleedingEdge\etc\mono\2.0\web.config,11635,1A75EBAD,13207
0,0,MonoBleedingEdge\etc\mono\4.0\Browsers\Compat.browser,1605,2E178A0B,13207
0,0,MonoBleedingEdge\etc\mono\4.0\DefaultWsdlHelpGenerator.aspx,60575,95F9D0B4,13207
0,0,MonoBleedingEdge\etc\mono\4.0\machine.config,33598,86F603C4,13207
0,0,MonoBleedingEdge\etc\mono\4.0\settings.map,2622,DC24A240,13207
0,0,MonoBleedingEdge\etc\mono\4.0\web.config,18802,36D8BA3E,13207
0,0,MonoBleedingEdge\etc\mono\4.5\Browsers\Compat.browser,1605,2E178A0B,13207
0,0,MonoBleedingEdge\etc\mono\4.5\DefaultWsdlHelpGenerator.aspx,60575,95F9D0B4,13207
0,0,MonoBleedingEdge\etc\mono\4.5\machine.config,34056,C446A9EB,13207
0,0,MonoBleedingEdge\etc\mono\4.5\settings.map,2622,DC24A240,13207
0,0,MonoBleedingEdge\etc\mono\4.5\web.config,18811,4F48BC13,13207
0,0,MonoBleedingEdge\etc\mono\mconfig\config.xml,25817,80B2033A,13207
0,0,MonoBleedingEdge\etc\mono\browscap.ini,311984,CE6C0AB3,13207
0,0,MonoBleedingEdge\etc\mono\config,3815,88FA6D93,13207
0,0,CR EditSystem.exe,666624,23CB3AC6,13207
0,0,UnityCrashHandler64.exe,1112768,1C830F9F,13207
0,0,UnityPlayer.dll,30996672,9C9085E6,13207
