0,0,COM3D2.exe,6682624,9EB5434A,2006
0,0,COM3D2x64.exe,22841856,A9562BF9,1010
0,0,COM3D2x64_Data\app.info,27,F9A266E7,1370
0,0,COM3D2x64_Data\globalgamemanagers,4372172,09A4E3C3,1370
0,0,COM3D2x64_Data\globalgamemanagers.assets,241324,86CD33EE,1370
0,0,COM3D2x64_Data\level0,323748,1066066A,1370
0,0,COM3D2x64_Data\level1,346828,140ED4B7,1370
0,0,COM3D2x64_Data\level10,350588,86EABE23,1370
0,0,COM3D2x64_Data\level100,694220,7433C15F,1370
0,0,COM3D2x64_Data\level11,324260,D7515C2C,1370
0,0,COM3D2x64_Data\level12,391692,16EDF62E,1370
0,0,COM3D2x64_Data\level13,327372,0AE79EE5,1370
0,0,COM3D2x64_Data\level14,823868,FAA449D4,1370
0,0,COM3D2x64_Data\level15,7476,D4A62D21,1370
0,0,COM3D2x64_Data\level16,326188,DF43D4A1,1370
0,0,COM3D2x64_Data\level17,4664,548F1FEC,1370
0,0,COM3D2x64_Data\level18,342892,95C250A8,1370
0,0,COM3D2x64_Data\level19,332572,568C24C1,1370
0,0,COM3D2x64_Data\level2,341708,9B1A42BE,1370
0,0,COM3D2x64_Data\level20,953780,847B997F,1370
0,0,COM3D2x64_Data\level21,425396,D887FE14,1370
0,0,COM3D2x64_Data\level22,1083436,8A701665,1370
0,0,COM3D2x64_Data\level23,408876,5E4CB464,1370
0,0,COM3D2x64_Data\level24,679228,FBBA0023,1370
0,0,COM3D2x64_Data\level25,346228,F125AFA6,1370
0,0,COM3D2x64_Data\level26,2186076,94AFB4D2,1370
0,0,COM3D2x64_Data\level27,1113444,5A91F067,1370
0,0,COM3D2x64_Data\level28,346228,CD36055A,1370
0,0,COM3D2x64_Data\level29,1086748,446D1A49,1370
0,0,COM3D2x64_Data\level3,1197668,40E12ECF,1370
0,0,COM3D2x64_Data\level30,338852,3ECFDE3B,1370
0,0,COM3D2x64_Data\level31,445924,D6348206,1370
0,0,COM3D2x64_Data\level32,27904,369D3ED6,1370
0,0,COM3D2x64_Data\level32.resS,131232,851AC384,1370
0,0,COM3D2x64_Data\level33,51676,8F4FD6C7,1370
0,0,COM3D2x64_Data\level34,56036,D7005524,1370
0,0,COM3D2x64_Data\level35,6832,92355245,1370
0,0,COM3D2x64_Data\level36,324636,8930F277,1370
0,0,COM3D2x64_Data\level37,1574748,02EB80DA,1370
0,0,COM3D2x64_Data\level38,1431380,FCEA3B6A,1370
0,0,COM3D2x64_Data\level39,1452980,041C40D7,1370
0,0,COM3D2x64_Data\level4,1211292,5DDFCB1A,1370
0,0,COM3D2x64_Data\level40,442308,7387BD30,1370
0,0,COM3D2x64_Data\level41,393676,DF3C4728,1370
0,0,COM3D2x64_Data\level42,423484,63CC3B1B,1370
0,0,COM3D2x64_Data\level43,1348212,2B06E598,1370
0,0,COM3D2x64_Data\level44,1412684,A9BFEAF1,1370
0,0,COM3D2x64_Data\level45,1538092,954A75EA,1370
0,0,COM3D2x64_Data\level46,412260,E8661D0E,1370
0,0,COM3D2x64_Data\level47,379372,903CF7B1,1370
0,0,COM3D2x64_Data\level48,437740,3520AF43,1370
0,0,COM3D2x64_Data\level49,394948,5146E9DF,1370
0,0,COM3D2x64_Data\level5,1282412,AE2B483F,1370
0,0,COM3D2x64_Data\level50,1373132,F7CD1C92,1370
0,0,COM3D2x64_Data\level51,379508,D9959B08,1370
0,0,COM3D2x64_Data\level52,657708,138EB7D4,1370
0,0,COM3D2x64_Data\level53,536108,46C84C4C,1370
0,0,COM3D2x64_Data\level54,348124,9BDE13A6,1370
0,0,COM3D2x64_Data\level55,1275092,6AC01FA9,1370
0,0,COM3D2x64_Data\level56,1025700,B32EC015,1370
0,0,COM3D2x64_Data\level57,1032988,95FF518D,1370
0,0,COM3D2x64_Data\level58,1275092,DD3942B2,1370
0,0,COM3D2x64_Data\level59,1155684,F0D5228A,1370
0,0,COM3D2x64_Data\level6,325244,2D48BAB4,1370
0,0,COM3D2x64_Data\level60,944252,26195306,1370
0,0,COM3D2x64_Data\level61,1230660,BB2A253A,1370
0,0,COM3D2x64_Data\level62,1331660,AE6B8591,1370
0,0,COM3D2x64_Data\level63,679604,AE39DAB4,1370
0,0,COM3D2x64_Data\level64,916484,D15A72CA,1370
0,0,COM3D2x64_Data\level65,399556,914C68D0,1370
0,0,COM3D2x64_Data\level66,395908,EA84F6DB,1370
0,0,COM3D2x64_Data\level67,439620,813F4566,1370
0,0,COM3D2x64_Data\level68,461764,93C5BF8E,1370
0,0,COM3D2x64_Data\level69,390148,A30CF30D,1370
0,0,COM3D2x64_Data\level7,1052660,0B10D05E,1370
0,0,COM3D2x64_Data\level70,450124,81471B38,1370
0,0,COM3D2x64_Data\level71,1038660,4D3A5220,1370
0,0,COM3D2x64_Data\level72,963060,6AF63C02,1370
0,0,COM3D2x64_Data\level73,442844,8706FA57,1370
0,0,COM3D2x64_Data\level74,464988,97D141CD,1370
0,0,COM3D2x64_Data\level75,455572,EA5546FB,1370
0,0,COM3D2x64_Data\level76,1043068,1D582036,1370
0,0,COM3D2x64_Data\level77,1003340,E56DF54E,1370
0,0,COM3D2x64_Data\level78,448604,E66E47B6,1370
0,0,COM3D2x64_Data\level79,433140,C0F9DB21,1370
0,0,COM3D2x64_Data\level8,356116,C7F82204,1370
0,0,COM3D2x64_Data\level80,414812,68370FBF,1370
0,0,COM3D2x64_Data\level81,357316,893FC0A7,1370
0,0,COM3D2x64_Data\level82,1382460,07ACA541,1370
0,0,COM3D2x64_Data\level83,1323212,DCE51457,1370
0,0,COM3D2x64_Data\level84,501620,1004AF91,1370
0,0,COM3D2x64_Data\level85,401524,E6E9BAB9,1370
0,0,COM3D2x64_Data\level86,1251228,63A8D429,1370
0,0,COM3D2x64_Data\level87,969060,8E886656,1370
0,0,COM3D2x64_Data\level88,1427532,9D46FBC8,1370
0,0,COM3D2x64_Data\level89,1368684,4C126AE4,1370
0,0,COM3D2x64_Data\level9,415388,D4926A27,1370
0,0,COM3D2x64_Data\level90,1574756,4CA327CA,1370
0,0,COM3D2x64_Data\level91,1538100,C00F7775,1370
0,0,COM3D2x64_Data\level92,1369836,5DD80C1A,1370
0,0,COM3D2x64_Data\level93,1335780,1355A970,1370
0,0,COM3D2x64_Data\level94,371412,A233C049,1370
0,0,COM3D2x64_Data\level95,368996,CC154AB0,1370
0,0,COM3D2x64_Data\level96,1048844,A8B88FC9,1370
0,0,COM3D2x64_Data\level97,850116,D8AA918F,1370
0,0,COM3D2x64_Data\level98,956884,1B10B31D,1370
0,0,COM3D2x64_Data\level99,851092,C6D76E85,1370
0,0,COM3D2x64_Data\resources.assets,379718632,1C6E53C5,1370
0,0,COM3D2x64_Data\resources.assets.resS,1753040116,00DB0C39,1370
0,0,COM3D2x64_Data\resources.resource,727392,54F90BDA,1370
0,0,COM3D2x64_Data\sharedassets0.assets,115226492,215857A2,1370
0,0,COM3D2x64_Data\sharedassets0.assets.resS,28071636,A1AB9432,1370
0,0,COM3D2x64_Data\sharedassets1.assets,6232,8667606F,1370
0,0,COM3D2x64_Data\sharedassets10.assets,6088,65989432,1370
0,0,COM3D2x64_Data\sharedassets100.assets,352556,BC8B84EA,1370
0,0,COM3D2x64_Data\sharedassets100.assets.resS,2272048,E50143CB,1370
0,0,COM3D2x64_Data\sharedassets100.resource,6236800,C7E9CFDE,1370
0,0,COM3D2x64_Data\sharedassets11.assets,6064,F160E5C6,1370
0,0,COM3D2x64_Data\sharedassets12.assets,6304,1C0E0F4B,1370
0,0,COM3D2x64_Data\sharedassets13.assets,6208,0478054B,1370
0,0,COM3D2x64_Data\sharedassets14.assets,6664,23D2B53A,1370
0,0,COM3D2x64_Data\sharedassets15.assets,4564,40022923,1370
0,0,COM3D2x64_Data\sharedassets16.assets,6124,1375B821,1370
0,0,COM3D2x64_Data\sharedassets17.assets,4132,A37031AB,1370
0,0,COM3D2x64_Data\sharedassets18.assets,6844,53A44A26,1370
0,0,COM3D2x64_Data\sharedassets19.assets,6208,60105567,1370
0,0,COM3D2x64_Data\sharedassets2.assets,6268,D776EB7A,1370
0,0,COM3D2x64_Data\sharedassets20.assets,12592,249F223E,1370
0,0,COM3D2x64_Data\sharedassets21.assets,6268,6BA56D5F,1370
0,0,COM3D2x64_Data\sharedassets22.assets,12688,4A3DDA18,1370
0,0,COM3D2x64_Data\sharedassets23.assets,6292,F06C12FD,1370
0,0,COM3D2x64_Data\sharedassets24.assets,6352,21B06AAE,1370
0,0,COM3D2x64_Data\sharedassets25.assets,6160,A2236F66,1370
0,0,COM3D2x64_Data\sharedassets26.assets,7084,575B2936,1370
0,0,COM3D2x64_Data\sharedassets27.assets,12664,C78B76B6,1370
0,0,COM3D2x64_Data\sharedassets28.assets,6160,E758896E,1370
0,0,COM3D2x64_Data\sharedassets29.assets,12664,C78B76B6,1370
0,0,COM3D2x64_Data\sharedassets3.assets,7948,5B15E82B,1370
0,0,COM3D2x64_Data\sharedassets30.assets,6088,6290E6CF,1370
0,0,COM3D2x64_Data\sharedassets31.assets,18126832,AC4EDA54,1370
0,0,COM3D2x64_Data\sharedassets32.assets,12328,5FE9267D,1370
0,0,COM3D2x64_Data\sharedassets33.assets,4420,5AA7955F,1370
0,0,COM3D2x64_Data\sharedassets34.assets,4324,D62FA26E,1370
0,0,COM3D2x64_Data\sharedassets35.assets,4264,E53909BF,1370
0,0,COM3D2x64_Data\sharedassets36.assets,6100,BCF442F8,1370
0,0,COM3D2x64_Data\sharedassets37.assets,12592,20C2267A,1370
0,0,COM3D2x64_Data\sharedassets38.assets,12592,9E7AABBC,1370
0,0,COM3D2x64_Data\sharedassets39.assets,12592,832E1B7B,1370
0,0,COM3D2x64_Data\sharedassets4.assets,12916,F7263393,1370
0,0,COM3D2x64_Data\sharedassets40.assets,7204,A3844BE6,1370
0,0,COM3D2x64_Data\sharedassets41.assets,6952,E389853C,1370
0,0,COM3D2x64_Data\sharedassets42.assets,6916,D3DDF8AD,1370
0,0,COM3D2x64_Data\sharedassets43.assets,9352,7986F41C,1370
0,0,COM3D2x64_Data\sharedassets44.assets,9460,8E6612DB,1370
0,0,COM3D2x64_Data\sharedassets45.assets,9448,8B31116E,1370
0,0,COM3D2x64_Data\sharedassets46.assets,8500,D376F0B3,1370
0,0,COM3D2x64_Data\sharedassets47.assets,6568,065AD71F,1370
0,0,COM3D2x64_Data\sharedassets48.assets,8308,5540902E,1370
0,0,COM3D2x64_Data\sharedassets49.assets,792668,AB60E7B7,1370
0,0,COM3D2x64_Data\sharedassets49.assets.resS,6506584,427886ED,1370
0,0,COM3D2x64_Data\sharedassets5.assets,7144,938703A2,1370
0,0,COM3D2x64_Data\sharedassets50.assets,12592,5A3DAF05,1370
0,0,COM3D2x64_Data\sharedassets51.assets,6556,8C28A957,1370
0,0,COM3D2x64_Data\sharedassets52.assets,6724,7F7617D1,1370
0,0,COM3D2x64_Data\sharedassets53.assets,6496,13FF7CF4,1370
0,0,COM3D2x64_Data\sharedassets54.assets,6100,BCED0F78,1370
0,0,COM3D2x64_Data\sharedassets55.assets,12676,FCD8BD7A,1370
0,0,COM3D2x64_Data\sharedassets56.assets,9244,6A01DF55,1370
0,0,COM3D2x64_Data\sharedassets57.assets,9280,380A0158,1370
0,0,COM3D2x64_Data\sharedassets58.assets,12676,FCD8BD7A,1370
0,0,COM3D2x64_Data\sharedassets59.assets,9484,25FF1B9A,1370
0,0,COM3D2x64_Data\sharedassets6.assets,6112,089530C0,1370
0,0,COM3D2x64_Data\sharedassets60.assets,9280,380A0158,1370
0,0,COM3D2x64_Data\sharedassets61.assets,9424,F038B0F6,1370
0,0,COM3D2x64_Data\sharedassets62.assets,9460,8E6612DB,1370
0,0,COM3D2x64_Data\sharedassets63.assets,6628,E7303544,1370
0,0,COM3D2x64_Data\sharedassets64.assets,9448,8B31116E,1370
0,0,COM3D2x64_Data\sharedassets65.assets,42236516,41CC8294,1370
0,0,COM3D2x64_Data\sharedassets65.assets.resS,87400,8BA6C322,1370
0,0,COM3D2x64_Data\sharedassets66.assets,38246484,96E0A2B6,1370
0,0,COM3D2x64_Data\sharedassets67.assets,32874580,8636979C,1370
0,0,COM3D2x64_Data\sharedassets68.assets,36735660,ABB52A4F,1370
0,0,COM3D2x64_Data\sharedassets68.assets.resS,174776,5B619AF1,1370
0,0,COM3D2x64_Data\sharedassets69.assets,41277336,F4E5940F,1370
0,0,COM3D2x64_Data\sharedassets7.assets,6976,C38754D9,1370
0,0,COM3D2x64_Data\sharedassets70.assets,39399088,924F0EBD,1370
0,0,COM3D2x64_Data\sharedassets71.assets,3017148,2B951F18,1370
0,0,COM3D2x64_Data\sharedassets71.assets.resS,611728,7BFBEAAE,1370
0,0,COM3D2x64_Data\sharedassets72.assets,9508,62F48EDA,1370
0,0,COM3D2x64_Data\sharedassets73.assets,6484,135A5D0F,1370
0,0,COM3D2x64_Data\sharedassets74.assets,6484,135A5D0F,1370
0,0,COM3D2x64_Data\sharedassets75.assets,6484,135A5D0F,1370
0,0,COM3D2x64_Data\sharedassets76.assets,12604,69449D6C,1370
0,0,COM3D2x64_Data\sharedassets77.assets,9460,16D8EB8F,1370
0,0,COM3D2x64_Data\sharedassets78.assets,6448,C95E80B2,1370
0,0,COM3D2x64_Data\sharedassets79.assets,59340,6A4E32F5,1370
0,0,COM3D2x64_Data\sharedassets79.assets.resS,174776,B51EE5DC,1370
0,0,COM3D2x64_Data\sharedassets8.assets,6112,9E8E8DEC,1370
0,0,COM3D2x64_Data\sharedassets80.assets,6460,8EA51769,1370
0,0,COM3D2x64_Data\sharedassets81.assets,6700,F0A2D082,1370
0,0,COM3D2x64_Data\sharedassets82.assets,759664,3F975B95,1370
0,0,COM3D2x64_Data\sharedassets82.assets.resS,1310880,58801C35,1370
0,0,COM3D2x64_Data\sharedassets82.resource,1178176,90268BF4,1370
0,0,COM3D2x64_Data\sharedassets83.assets,9316,A51E2D65,1370
0,0,COM3D2x64_Data\sharedassets84.assets,3412488,3147F68B,1370
0,0,COM3D2x64_Data\sharedassets84.assets.resS,6226112,B3E98769,1370
0,0,COM3D2x64_Data\sharedassets85.assets,6556,750E3E2F,1370
0,0,COM3D2x64_Data\sharedassets86.assets,13852,5844DFA4,1370
0,0,COM3D2x64_Data\sharedassets87.assets,9448,8B31116E,1370
0,0,COM3D2x64_Data\sharedassets88.assets,12616,C3E36CE0,1370
0,0,COM3D2x64_Data\sharedassets89.assets,9436,48062938,1370
0,0,COM3D2x64_Data\sharedassets9.assets,7072,00D86686,1370
0,0,COM3D2x64_Data\sharedassets90.assets,12592,20C2267A,1370
0,0,COM3D2x64_Data\sharedassets91.assets,9448,8B31116E,1370
0,0,COM3D2x64_Data\sharedassets92.assets,12616,C3E36CE0,1370
0,0,COM3D2x64_Data\sharedassets93.assets,10384,CAB6D570,1370
0,0,COM3D2x64_Data\sharedassets94.assets,6616,602D760A,1370
0,0,COM3D2x64_Data\sharedassets95.assets,6256,911C3684,1370
0,0,COM3D2x64_Data\sharedassets96.assets,11668,E2BF1072,1370
0,0,COM3D2x64_Data\sharedassets96.resource,2729184,2D4064D6,1370
0,0,COM3D2x64_Data\sharedassets97.assets,11536,59CDC693,1370
0,0,COM3D2x64_Data\sharedassets98.assets,8272,C1FCA581,1370
0,0,COM3D2x64_Data\sharedassets99.assets,7588,E812EDD6,1370
0,0,COM3D2x64_Data\Managed\Accessibility.dll,10752,5CB31E4E,1370
0,0,COM3D2x64_Data\Managed\Assembly-CSharp-firstpass.dll,783872,78FDB1DE,1370
0,0,COM3D2x64_Data\Managed\Assembly-CSharp.dll,5352448,02CE46CF,1370
0,0,COM3D2x64_Data\Managed\Assembly-UnityScript-firstpass.dll,65024,B3C013C1,1370
0,0,COM3D2x64_Data\Managed\Boo.Lang.dll,126976,28383F70,1370
0,0,COM3D2x64_Data\Managed\BouncyCastle.Crypto.dll,2236416,5A4C4F07,1370
0,0,COM3D2x64_Data\Managed\FoveUnityPlugin.dll,28672,A6EA882B,1370
0,0,COM3D2x64_Data\Managed\ICSharpCode.SharpZipLib.dll,200704,D3160A1C,1370
0,0,COM3D2x64_Data\Managed\Ionic.Zlib.dll,102400,7C9E7DD2,1370
0,0,COM3D2x64_Data\Managed\JsonFx.Json.dll,70144,A0F0CFCB,1370
0,0,COM3D2x64_Data\Managed\LeapCSharp.NET3.5.dll,82432,38E38212,1370
0,0,COM3D2x64_Data\Managed\Mono.Data.Tds.dll,96256,2965324B,1370
0,0,COM3D2x64_Data\Managed\Mono.Posix.dll,184320,0CE35BE3,1370
0,0,COM3D2x64_Data\Managed\Mono.Security.dll,294912,66EB9979,1370
0,0,COM3D2x64_Data\Managed\Mono.WebBrowser.dll,172032,137B736F,1370
0,0,COM3D2x64_Data\Managed\mscorlib.dll,2590208,5166389B,1370
0,0,COM3D2x64_Data\Managed\Newtonsoft.Json.dll,494592,5C881B73,1370
0,0,COM3D2x64_Data\Managed\System.Configuration.dll,124928,72952344,1370
0,0,COM3D2x64_Data\Managed\System.Core.dll,297472,9E3EE5D7,1370
0,0,COM3D2x64_Data\Managed\System.Data.dll,856064,DDDB80CD,1370
0,0,COM3D2x64_Data\Managed\System.dll,1679360,13922617,1370
0,0,COM3D2x64_Data\Managed\System.Drawing.Design.dll,29696,E7B53FF9,1370
0,0,COM3D2x64_Data\Managed\System.Drawing.dll,448512,C4B2E872,1370
0,0,COM3D2x64_Data\Managed\System.EnterpriseServices.dll,46592,2C72A9FE,1370
0,0,COM3D2x64_Data\Managed\System.Security.dll,135168,1CE94C57,1370
0,0,COM3D2x64_Data\Managed\System.Transactions.dll,27648,45299FCF,1370
0,0,COM3D2x64_Data\Managed\System.Windows.Forms.dll,3053568,56394001,1370
0,0,COM3D2x64_Data\Managed\System.Xml.dll,1270272,4581A35B,1370
0,0,COM3D2x64_Data\Managed\System.Xml.Linq.dll,106496,E844371C,1370
0,0,COM3D2x64_Data\Managed\UnityEngine.dll,1393152,2C35388C,1370
0,0,COM3D2x64_Data\Managed\UnityEngine.dll.mdb,449828,8610375E,1370
0,0,COM3D2x64_Data\Managed\UnityEngine.Networking.dll,253952,2BDF701F,1370
0,0,COM3D2x64_Data\Managed\UnityEngine.UI.dll,245760,FA552B2D,1370
0,0,COM3D2x64_Data\Managed\UnityEngine.VR.dll,3072,A4582CD6,1370
0,0,COM3D2x64_Data\Managed\UnityScript.Lang.dll,13824,0DA8F681,1370
0,0,COM3D2x64_Data\Managed\Win32.dll,13312,7781C2A2,1370
0,0,COM3D2x64_Data\Managed\zxing.unity.dll,430592,9FD1F198,1370
0,0,COM3D2x64_Data\Mono\mono.dll,2618816,0BEA8C0F,1370
0,0,COM3D2x64_Data\Mono\MonoPosixHelper.dll,113664,9B5E1E4D,1370
0,0,COM3D2x64_Data\Mono\etc\mono\browscap.ini,311984,CE6C0AB3,1370
0,0,COM3D2x64_Data\Mono\etc\mono\config,1691,A635914A,1370
0,0,COM3D2x64_Data\Mono\etc\mono\1.0\DefaultWsdlHelpGenerator.aspx,58196,10E814BF,1370
0,0,COM3D2x64_Data\Mono\etc\mono\1.0\machine.config,17258,EDE1AC59,1370
0,0,COM3D2x64_Data\Mono\etc\mono\2.0\DefaultWsdlHelpGenerator.aspx,60453,F3869A34,1370
0,0,COM3D2x64_Data\Mono\etc\mono\2.0\machine.config,27625,73C91C24,1370
0,0,COM3D2x64_Data\Mono\etc\mono\2.0\settings.map,2618,A1A3C29F,1370
0,0,COM3D2x64_Data\Mono\etc\mono\2.0\web.config,11686,534A9960,1370
0,0,COM3D2x64_Data\Mono\etc\mono\2.0\Browsers\Compat.browser,1605,2E178A0B,1370
0,0,COM3D2x64_Data\Mono\etc\mono\mconfig\config.xml,25817,80B2033A,1370
0,0,COM3D2x64_Data\Plugins\assimp.dll,4388864,7C910D84,1370
0,0,COM3D2x64_Data\Plugins\Audio360.dll,1499136,2D77400A,1370
0,0,COM3D2x64_Data\Plugins\AVProVideo.dll,891392,A3612D4B,1370
0,0,COM3D2x64_Data\Plugins\clothpp.dll,112128,7C3264A4,1370
0,0,COM3D2x64_Data\Plugins\cm3d2.dll,2100736,74B315EF,1370
0,0,COM3D2x64_Data\Plugins\device_hook.dll,738816,F61E7CED,1370
0,0,COM3D2x64_Data\Plugins\FoveClient.dll,1849384,58C8B4F6,1370
0,0,COM3D2x64_Data\Plugins\LeapC.dll,2516992,FBDD3767,1370
0,0,COM3D2x64_Data\Plugins\openvr_api.dll,318272,44432E0F,1370
0,0,COM3D2x64_Data\Plugins\OVRGamepad.dll,12800,2C526135,1370
0,0,COM3D2x64_Data\Plugins\OVRLipSync.dll,2512296,391C1F4C,1370
0,0,COM3D2x64_Data\Plugins\OVRPlugin.dll,1898408,5DD05B6C,1370
0,0,COM3D2x64_Data\Plugins\Win32-WebView.dll,504832,382AEE66,1370
0,0,COM3D2x64_Data\Resources\unity default resources,752360,71DB1AEA,1370
0,0,COM3D2x64_Data\Resources\unity_builtin_extra,284012,91145F7F,1370
0,0,COM3D2x64_Data\StreamingAssets\demo.html,683,A00BB8A2,1370
0,0,GameData\csv.arc,6405945,75856139,1370
0,0,GameData\language.arc,329463,E97F25E4,1370
0,0,GameData\motion2.arc,181498814,30F4CECE,1350
0,0,GameData\parts2.arc,151768372,3AF4756B,1370
0,0,GameData\paths.dat,6516,50066599,1370
0,0,GameData\prioritymaterial.arc,364685,35E0D89A,1370
0,0,GameData\script.arc,3637451,5F482D24,1370
0,0,GameData\sound2.arc,4054324,EC955071,1370
0,0,GameData\system2.arc,14570363,A60F8067,1360
