0,0,GameData\csv.arc,3367567,B7EF0A92,1529
0,0,GameData\paths.dat,4555,A33FF406,1527
0,0,GameData\prioritymaterial.arc,184923,0585DF70,1529
0,0,GameData\script.arc,14380891,D686DDDB,1529
0,0,GameData\csv_cos017.arc,544,3B525D7A,100
0,0,GameData\motion_cos017.arc,1952187,492AAC33,100
0,0,GameData\script_cos017.arc,469566,9AF43D81,100
0,0,GameData\voice_cos017.arc,174780320,576C31FA,100
0,0,GameData\material_dlc172.arc,27646,3E6E5C1B,100
0,0,GameData\material_dlc173.arc,27794,C4608DDF,100
0,0,GameData\material_dlc174.arc,27890,03CC8495,100
0,0,GameData\material_dlc175.arc,2672,780CBD1A,100
0,0,GameData\menu_dlc172.arc,22559,0D01FDFA,100
0,0,GameData\menu_dlc173.arc,21123,12544ACE,100
0,0,GameData\menu_dlc174.arc,25537,349EB0F1,100
0,0,GameData\menu_dlc175.arc,1840,39F2BE25,100
0,0,GameData\model_dlc172.arc,2962381,3684FD90,100
0,0,GameData\model_dlc173.arc,1660269,3F7F03C6,100
0,0,GameData\model_dlc174.arc,3913692,2535EC3A,100
0,0,GameData\model_dlc175.arc,551211,5E1FC70A,100
0,0,GameData\texture_dlc172.arc,26108111,2429AE5E,100
0,0,GameData\texture_dlc173.arc,46173194,A9D9CD4D,100
0,0,GameData\texture_dlc174.arc,25622699,7AE694EA,100
0,0,GameData\texture_dlc175.arc,15183672,704BF293,100
