0,0,COM3D2x64_Data\Managed\Accessibility.dll,10752,5CB31E4E,24701
0,0,COM3D2x64_Data\Managed\Assembly-CSharp.dll,6280704,E10E7016,24701
0,0,COM3D2x64_Data\Managed\Assembly-CSharp-firstpass.dll,788480,9D54E118,24701
0,0,COM3D2x64_Data\Managed\Assembly-UnityScript-firstpass.dll,65024,A5F5641B,24701
0,0,COM3D2x64_Data\Managed\Boo.Lang.dll,126976,28383F70,24701
0,0,COM3D2x64_Data\Managed\BouncyCastle.Crypto.dll,2236416,5A4C4F07,24701
0,0,COM3D2x64_Data\Managed\FoveUnityPlugin.dll,28672,A6EA882B,24701
0,0,COM3D2x64_Data\Managed\ICSharpCode.SharpZipLib.dll,200704,D3160A1C,24701
0,0,COM3D2x64_Data\Managed\Ionic.Zlib.dll,102400,7C9E7DD2,24701
0,0,COM3D2x64_Data\Managed\JsonFx.Json.dll,70144,A0F0CFCB,24701
0,0,COM3D2x64_Data\Managed\LeapCSharp.NET3.5.dll,82432,38E38212,24701
0,0,COM3D2x64_Data\Managed\Mono.Data.Tds.dll,96256,2965324B,24701
0,0,COM3D2x64_Data\Managed\Mono.Posix.dll,184320,0CE35BE3,24701
0,0,COM3D2x64_Data\Managed\Mono.Security.dll,294912,66EB9979,24701
0,0,COM3D2x64_Data\Managed\Mono.WebBrowser.dll,172032,137B736F,24701
0,0,COM3D2x64_Data\Managed\mscorlib.dll,2590208,5166389B,24701
0,0,COM3D2x64_Data\Managed\Newtonsoft.Json.dll,494592,5C881B73,24701
0,0,COM3D2x64_Data\Managed\System.Configuration.dll,124928,72952344,24701
0,0,COM3D2x64_Data\Managed\System.Core.dll,297472,9E3EE5D7,24701
0,0,COM3D2x64_Data\Managed\System.Data.dll,856064,DDDB80CD,24701
0,0,COM3D2x64_Data\Managed\System.dll,1679360,13922617,24701
0,0,COM3D2x64_Data\Managed\System.Drawing.Design.dll,29696,E7B53FF9,24701
0,0,COM3D2x64_Data\Managed\System.Drawing.dll,448512,C4B2E872,24701
0,0,COM3D2x64_Data\Managed\System.EnterpriseServices.dll,46592,2C72A9FE,24701
0,0,COM3D2x64_Data\Managed\System.Security.dll,135168,1CE94C57,24701
0,0,COM3D2x64_Data\Managed\System.Transactions.dll,27648,45299FCF,24701
0,0,COM3D2x64_Data\Managed\System.Windows.Forms.dll,3053568,56394001,24701
0,0,COM3D2x64_Data\Managed\System.Xml.dll,1270272,4581A35B,24701
0,0,COM3D2x64_Data\Managed\System.Xml.Linq.dll,106496,E844371C,24701
0,0,COM3D2x64_Data\Managed\UnityEngine.dll,1393152,2C35388C,24701
0,0,COM3D2x64_Data\Managed\UnityEngine.dll.mdb,449828,8610375E,24701
0,0,COM3D2x64_Data\Managed\UnityEngine.Networking.dll,253952,2BDF701F,24701
0,0,COM3D2x64_Data\Managed\UnityEngine.UI.dll,245760,FA552B2D,24701
0,0,COM3D2x64_Data\Managed\UnityEngine.VR.dll,3072,A4582CD6,24701
0,0,COM3D2x64_Data\Managed\UnityScript.Lang.dll,13824,0DA8F681,24701
0,0,COM3D2x64_Data\Managed\Win32.dll,13312,7781C2A2,24701
0,0,COM3D2x64_Data\Managed\zxing.unity.dll,430592,9FD1F198,24701
0,0,COM3D2x64_Data\Mono\etc\mono\1.0\DefaultWsdlHelpGenerator.aspx,58196,10E814BF,24701
0,0,COM3D2x64_Data\Mono\etc\mono\1.0\machine.config,17258,EDE1AC59,24701
0,0,COM3D2x64_Data\Mono\etc\mono\2.0\Browsers\Compat.browser,1605,2E178A0B,24701
0,0,COM3D2x64_Data\Mono\etc\mono\2.0\DefaultWsdlHelpGenerator.aspx,60453,F3869A34,24701
0,0,COM3D2x64_Data\Mono\etc\mono\2.0\machine.config,27625,73C91C24,24701
0,0,COM3D2x64_Data\Mono\etc\mono\2.0\settings.map,2618,A1A3C29F,24701
0,0,COM3D2x64_Data\Mono\etc\mono\2.0\web.config,11686,534A9960,24701
0,0,COM3D2x64_Data\Mono\etc\mono\mconfig\config.xml,25817,80B2033A,24701
0,0,COM3D2x64_Data\Mono\etc\mono\browscap.ini,311984,CE6C0AB3,24701
0,0,COM3D2x64_Data\Mono\etc\mono\config,1691,A635914A,24701
0,0,COM3D2x64_Data\Mono\mono.dll,2618816,0BEA8C0F,24701
0,0,COM3D2x64_Data\Mono\MonoPosixHelper.dll,113664,9B5E1E4D,24701
0,0,COM3D2x64_Data\Plugins\assimp.dll,4388864,7C910D84,24701
0,0,COM3D2x64_Data\Plugins\Audio360.dll,1956352,0D4B8E9D,24701
0,0,COM3D2x64_Data\Plugins\AVProVideo.dll,886272,278352F0,24701
0,0,COM3D2x64_Data\Plugins\clothpp.dll,112128,7C3264A4,24701
0,0,COM3D2x64_Data\Plugins\cm3d2.dll,2265088,CA67D1AD,24701
0,0,COM3D2x64_Data\Plugins\device_hook.dll,738816,F61E7CED,24701
0,0,COM3D2x64_Data\Plugins\FbxExporterCore.dll,12491776,CBAA51C1,24701
0,0,COM3D2x64_Data\Plugins\FoveClient.dll,1849384,58C8B4F6,24701
0,0,COM3D2x64_Data\Plugins\LeapC.dll,2516992,FBDD3767,24701
0,0,COM3D2x64_Data\Plugins\openvr_api.dll,318272,44432E0F,24701
0,0,COM3D2x64_Data\Plugins\OVRGamepad.dll,12800,2C526135,24701
0,0,COM3D2x64_Data\Plugins\OVRLipSync.dll,2512296,391C1F4C,24701
0,0,COM3D2x64_Data\Plugins\OVRPlugin.dll,1898408,5DD05B6C,24701
0,0,COM3D2x64_Data\Plugins\Win32-WebView.dll,504832,382AEE66,24701
0,0,COM3D2x64_Data\Resources\unity default resources,752360,71DB1AEA,24701
0,0,COM3D2x64_Data\Resources\unity_builtin_extra,284012,91145F7F,24701
0,0,COM3D2x64_Data\app.info,27,F9A266E7,24701
0,0,COM3D2x64_Data\globalgamemanagers,5384708,18D6DDA1,24701
0,0,COM3D2x64_Data\globalgamemanagers.assets,269164,1837B5CF,24701
0,0,COM3D2x64_Data\level0,356324,742B8757,24701
0,0,COM3D2x64_Data\level1,379468,A3F89F1F,24701
0,0,COM3D2x64_Data\level2,374300,9CA9173D,24701
0,0,COM3D2x64_Data\level3,1292732,5511EACB,24701
0,0,COM3D2x64_Data\level4,1245508,6318E5CB,24701
0,0,COM3D2x64_Data\level5,1344508,D71ACF5A,24701
0,0,COM3D2x64_Data\level6,358308,E9ED86E0,24701
0,0,COM3D2x64_Data\level7,1091388,CAB56C15,24701
0,0,COM3D2x64_Data\level8,388884,5A87F376,24701
0,0,COM3D2x64_Data\level9,455428,EDB08FFC,24701
0,0,COM3D2x64_Data\level10,383500,B332E8EB,24701
0,0,COM3D2x64_Data\level11,356836,55704D7E,24701
0,0,COM3D2x64_Data\level12,470756,DCF27AAA,24701
0,0,COM3D2x64_Data\level13,360948,CEED12D3,24701
0,0,COM3D2x64_Data\level14,913588,7F78A272,24701
0,0,COM3D2x64_Data\level15,7524,941F9192,24701
0,0,COM3D2x64_Data\level16,358780,B2782646,24701
0,0,COM3D2x64_Data\level17,4664,F117D846,24701
0,0,COM3D2x64_Data\level18,375468,F64A9D96,24701
0,0,COM3D2x64_Data\level19,365148,5CC2D468,24701
0,0,COM3D2x64_Data\level20,987956,FA4F8136,24701
0,0,COM3D2x64_Data\level21,468436,A6DCCEF8,24701
0,0,COM3D2x64_Data\level22,1117604,DACCFD60,24701
0,0,COM3D2x64_Data\level23,441468,C748A468,24701
0,0,COM3D2x64_Data\level24,711820,DEC4CE2F,24701
0,0,COM3D2x64_Data\level25,378804,2980807D,24701
0,0,COM3D2x64_Data\level26,2235316,FC1530C5,24701
0,0,COM3D2x64_Data\level27,1147620,8DFFDC64,24701
0,0,COM3D2x64_Data\level28,378804,B2E9747E,24701
0,0,COM3D2x64_Data\level29,1120924,B06E9004,24701
0,0,COM3D2x64_Data\level30,371428,69716B73,24701
0,0,COM3D2x64_Data\level31,478540,70BDBF07,24701
0,0,COM3D2x64_Data\level32,27904,EB9C042E,24701
0,0,COM3D2x64_Data\level32.resS,131232,851AC384,24701
0,0,COM3D2x64_Data\level33,51676,15B79966,24701
0,0,COM3D2x64_Data\level34,56036,ADEAF7CC,24701
0,0,COM3D2x64_Data\level35,6824,1898D4A6,24701
0,0,COM3D2x64_Data\level36,357228,D486F87B,24701
0,0,COM3D2x64_Data\level37,1608916,B688483A,24701
0,0,COM3D2x64_Data\level38,1465556,50876F1B,24701
0,0,COM3D2x64_Data\level39,1487148,42CB2C4E,24701
0,0,COM3D2x64_Data\level40,474884,9C8E2329,24701
0,0,COM3D2x64_Data\level41,426252,F62170E5,24701
0,0,COM3D2x64_Data\level42,457668,97C698C0,24701
0,0,COM3D2x64_Data\level43,1382556,BDCC9980,24701
0,0,COM3D2x64_Data\level44,1447020,D57462E6,24701
0,0,COM3D2x64_Data\level45,1572428,B0511189,24701
0,0,COM3D2x64_Data\level46,444852,5E00D37B,24701
0,0,COM3D2x64_Data\level47,411948,983EFD48,24701
0,0,COM3D2x64_Data\level48,470316,ED11B195,24701
0,0,COM3D2x64_Data\level49,427524,1E42CC80,24701
0,0,COM3D2x64_Data\level50,1407300,8C069332,24701
0,0,COM3D2x64_Data\level51,412212,39B91735,24701
0,0,COM3D2x64_Data\level52,772628,198F9CDD,24701
0,0,COM3D2x64_Data\level53,653308,10911DD0,24701
0,0,COM3D2x64_Data\level54,380972,DB3883BC,24701
0,0,COM3D2x64_Data\level55,1309260,AF5363C6,24701
0,0,COM3D2x64_Data\level56,1060052,46EE05BB,24701
0,0,COM3D2x64_Data\level57,1067340,0AA2788E,24701
0,0,COM3D2x64_Data\level58,1309268,5A6AF5D9,24701
0,0,COM3D2x64_Data\level59,1190068,D710C39D,24701
0,0,COM3D2x64_Data\level60,978596,3B5B7754,24701
0,0,COM3D2x64_Data\level61,1264980,A01BEACA,24701
0,0,COM3D2x64_Data\level62,1365996,E5D8A30A,24701
0,0,COM3D2x64_Data\level63,712188,325DD906,24701
0,0,COM3D2x64_Data\level64,950820,13E27DC9,24701
0,0,COM3D2x64_Data\level65,432164,94E133D8,24701
0,0,COM3D2x64_Data\level66,428532,8F5067E8,24701
0,0,COM3D2x64_Data\level67,472236,3FF7A1F6,24701
0,0,COM3D2x64_Data\level68,494372,4398DB3E,24701
0,0,COM3D2x64_Data\level69,422764,D0453FBB,24701
0,0,COM3D2x64_Data\level70,482724,AE90FCCB,24701
0,0,COM3D2x64_Data\level71,1072836,30CD6ABF,24701
0,0,COM3D2x64_Data\level72,997404,C164DB80,24701
0,0,COM3D2x64_Data\level73,475564,98B7552B,24701
0,0,COM3D2x64_Data\level74,497708,FAAA35FE,24701
0,0,COM3D2x64_Data\level75,488284,8F1CC124,24701
0,0,COM3D2x64_Data\level76,1077244,BFB04D77,24701
0,0,COM3D2x64_Data\level77,1037684,0CB8707B,24701
0,0,COM3D2x64_Data\level78,481332,47701566,24701
0,0,COM3D2x64_Data\level79,465860,908A1C98,24701
0,0,COM3D2x64_Data\level80,447532,4FF16579,24701
0,0,COM3D2x64_Data\level81,390452,0AAD719D,24701
0,0,COM3D2x64_Data\level82,1416628,A7A8ECB8,24701
0,0,COM3D2x64_Data\level83,1357556,015B2D7D,24701
0,0,COM3D2x64_Data\level84,534324,CD9C6C94,24701
0,0,COM3D2x64_Data\level85,436340,4C249C29,24701
0,0,COM3D2x64_Data\level86,1285580,BC2169E3,24701
0,0,COM3D2x64_Data\level87,1003420,F8BDEF4D,24701
0,0,COM3D2x64_Data\level88,1462060,45569164,24701
0,0,COM3D2x64_Data\level89,1403196,3A98FBB1,24701
0,0,COM3D2x64_Data\level90,1608932,B3884FC6,24701
0,0,COM3D2x64_Data\level91,1572444,2B3E281A,24701
0,0,COM3D2x64_Data\level92,1404340,02EAB7A6,24701
0,0,COM3D2x64_Data\level93,1370284,92805215,24701
0,0,COM3D2x64_Data\level94,457292,46098865,24701
0,0,COM3D2x64_Data\level95,437764,1AEBC866,24701
0,0,COM3D2x64_Data\level96,1081548,76ACA1E0,24701
0,0,COM3D2x64_Data\level97,882836,108C5144,24701
0,0,COM3D2x64_Data\level98,989604,244A0BF7,24701
0,0,COM3D2x64_Data\level99,883812,CC6C3E07,24701
0,0,COM3D2x64_Data\level100,1062804,ADBA45A1,24701
0,0,COM3D2x64_Data\level101,1726436,692DF78A,24701
0,0,COM3D2x64_Data\level102,1677500,232027F0,24701
0,0,COM3D2x64_Data\level103,1145948,38A7B05F,24701
0,0,COM3D2x64_Data\level104,1089780,474B40DB,24701
0,0,COM3D2x64_Data\level105,1545252,1F3BF9BE,24701
0,0,COM3D2x64_Data\level106,1644180,129AC4DF,24701
0,0,COM3D2x64_Data\level107,1087684,34FC613B,24701
0,0,COM3D2x64_Data\level108,1003228,8FFDA8BC,24701
0,0,COM3D2x64_Data\level109,1712180,8965B913,24701
0,0,COM3D2x64_Data\level110,1608996,EC9864B9,24701
0,0,COM3D2x64_Data\level111,498996,FB137970,24701
0,0,COM3D2x64_Data\level112,518772,E8614878,24701
0,0,COM3D2x64_Data\level113,607252,3229580F,24701
0,0,COM3D2x64_Data\level114,566692,4DC4FB96,24701
0,0,COM3D2x64_Data\level114.resS,131232,9337BCA3,24701
0,0,COM3D2x64_Data\level115,494052,B9D6C484,24701
0,0,COM3D2x64_Data\level116,593260,960BA12B,24701
0,0,COM3D2x64_Data\level117,517364,25B337E4,24701
0,0,COM3D2x64_Data\level118,1766844,9EB39B68,24701
0,0,COM3D2x64_Data\level119,1509412,925C3D52,24701
0,0,COM3D2x64_Data\level120,1337420,F2AE1A36,24701
0,0,COM3D2x64_Data\level121,1168572,8D84054A,24701
0,0,COM3D2x64_Data\level122,1255996,5BF7F5B8,24701
0,0,COM3D2x64_Data\level123,1447340,5EDAD716,24701
0,0,COM3D2x64_Data\level124,1353044,84B89B57,24701
0,0,COM3D2x64_Data\level125,970612,73E42266,24701
0,0,COM3D2x64_Data\level126,588140,7D4AAD94,24701
0,0,COM3D2x64_Data\level127,1033492,9FA21325,24701
0,0,COM3D2x64_Data\level128,956172,DFC9CA07,24701
0,0,COM3D2x64_Data\level129,737940,07D29339,24701
0,0,COM3D2x64_Data\level130,970756,5FF22121,24701
0,0,COM3D2x64_Data\level131,930340,33219E3F,24701
0,0,COM3D2x64_Data\level132,896028,4644DC83,24701
0,0,COM3D2x64_Data\level133,870596,9CBA1C78,24701
0,0,COM3D2x64_Data\level134,561484,60CE3296,24701
0,0,COM3D2x64_Data\level135,565684,87E2A66D,24701
0,0,COM3D2x64_Data\level136,591060,446EE6CB,24701
0,0,COM3D2x64_Data\level137,589460,1136BBB3,24701
0,0,COM3D2x64_Data\level138,591196,80975FEF,24701
0,0,COM3D2x64_Data\level139,593572,9685E74E,24701
0,0,COM3D2x64_Data\level140,527780,598B2333,24701
0,0,COM3D2x64_Data\level141,531996,74595A25,24701
0,0,COM3D2x64_Data\level142,556220,BBCAC62C,24701
0,0,COM3D2x64_Data\level143,586556,91113452,24701
0,0,COM3D2x64_Data\level144,557348,0C19E16D,24701
0,0,COM3D2x64_Data\level145,560340,3A7460F7,24701
0,0,COM3D2x64_Data\level146,549412,3BF71A9C,24701
0,0,COM3D2x64_Data\level147,587268,FF133852,24701
0,0,COM3D2x64_Data\level148,462260,1EA3CC9B,24701
0,0,COM3D2x64_Data\level149,363572,5E2FE845,24701
0,0,COM3D2x64_Data\level150,445796,AE380E98,24701
0,0,COM3D2x64_Data\level150.resS,131232,9337BCA3,24701
0,0,COM3D2x64_Data\level151,1031484,7671469B,24701
0,0,COM3D2x64_Data\level152,1375988,82234889,24701
0,0,COM3D2x64_Data\level153,414036,49F162C3,24701
0,0,COM3D2x64_Data\level154,453852,25550793,24701
0,0,COM3D2x64_Data\level155,460460,F4F95CD5,24701
0,0,COM3D2x64_Data\level156,777436,983843E5,24701
0,0,COM3D2x64_Data\level156.resS,131232,9337BCA3,24701
0,0,COM3D2x64_Data\resources.assets,446814692,87AF2BF9,24701
0,0,COM3D2x64_Data\resources.assets.resS,2082160276,A05CE8F3,24701
0,0,COM3D2x64_Data\resources.resource,1348672,632087DF,24701
0,0,COM3D2x64_Data\sharedassets0.assets,115228100,23F50C73,24701
0,0,COM3D2x64_Data\sharedassets0.assets.resS,28071636,8A34135A,24701
0,0,COM3D2x64_Data\sharedassets1.assets,6256,1DFCA058,24701
0,0,COM3D2x64_Data\sharedassets2.assets,6292,BBF71F2B,24701
0,0,COM3D2x64_Data\sharedassets3.assets,8284,E34D84CA,24701
0,0,COM3D2x64_Data\sharedassets4.assets,12964,D6F76BA8,24701
0,0,COM3D2x64_Data\sharedassets5.assets,7276,1FB25E6B,24701
0,0,COM3D2x64_Data\sharedassets6.assets,6160,C5A7B490,24701
0,0,COM3D2x64_Data\sharedassets7.assets,6988,6A3FFA80,24701
0,0,COM3D2x64_Data\sharedassets8.assets,6148,7E518CF5,24701
0,0,COM3D2x64_Data\sharedassets9.assets,7108,D37EB339,24701
0,0,COM3D2x64_Data\sharedassets10.assets,6124,DB457644,24701
0,0,COM3D2x64_Data\sharedassets11.assets,6088,671BFD0D,24701
0,0,COM3D2x64_Data\sharedassets12.assets,6448,651A8D4B,24701
0,0,COM3D2x64_Data\sharedassets13.assets,6280,41272260,24701
0,0,COM3D2x64_Data\sharedassets14.assets,6916,D9A7AB08,24701
0,0,COM3D2x64_Data\sharedassets15.assets,4576,589312B3,24701
0,0,COM3D2x64_Data\sharedassets16.assets,6148,BE7C75D0,24701
0,0,COM3D2x64_Data\sharedassets17.assets,4132,C520F808,24701
0,0,COM3D2x64_Data\sharedassets18.assets,6868,6A522717,24701
0,0,COM3D2x64_Data\sharedassets19.assets,6232,48D3D63E,24701
0,0,COM3D2x64_Data\sharedassets20.assets,12676,C0D87082,24701
0,0,COM3D2x64_Data\sharedassets21.assets,6328,2165C7B0,24701
0,0,COM3D2x64_Data\sharedassets22.assets,12736,FB0A0C73,24701
0,0,COM3D2x64_Data\sharedassets23.assets,6316,EFFC24F3,24701
0,0,COM3D2x64_Data\sharedassets24.assets,6376,9A6C9F8D,24701
0,0,COM3D2x64_Data\sharedassets25.assets,6184,52EEEE4A,24701
0,0,COM3D2x64_Data\sharedassets26.assets,7108,C35EE92C,24701
0,0,COM3D2x64_Data\sharedassets27.assets,12712,0020B5AA,24701
0,0,COM3D2x64_Data\sharedassets28.assets,6184,4FBE024F,24701
0,0,COM3D2x64_Data\sharedassets29.assets,12712,0020B5AA,24701
0,0,COM3D2x64_Data\sharedassets30.assets,6112,888CCB1C,24701
0,0,COM3D2x64_Data\sharedassets31.assets,18126856,C525FBE2,24701
0,0,COM3D2x64_Data\sharedassets32.assets,12328,FEFFE3B0,24701
0,0,COM3D2x64_Data\sharedassets33.assets,4420,1D157C48,24701
0,0,COM3D2x64_Data\sharedassets34.assets,4324,3E503B38,24701
0,0,COM3D2x64_Data\sharedassets35.assets,4264,E184E308,24701
0,0,COM3D2x64_Data\sharedassets36.assets,6124,EF7EB7BF,24701
0,0,COM3D2x64_Data\sharedassets37.assets,12676,8F4A2503,24701
0,0,COM3D2x64_Data\sharedassets38.assets,12676,FD67B28F,24701
0,0,COM3D2x64_Data\sharedassets39.assets,12676,DCE5FCF5,24701
0,0,COM3D2x64_Data\sharedassets40.assets,7228,E963E68D,24701
0,0,COM3D2x64_Data\sharedassets41.assets,6976,56CFD11C,24701
0,0,COM3D2x64_Data\sharedassets42.assets,6952,0E03D098,24701
0,0,COM3D2x64_Data\sharedassets43.assets,9400,898E27F6,24701
0,0,COM3D2x64_Data\sharedassets44.assets,9508,D639E2F1,24701
0,0,COM3D2x64_Data\sharedassets45.assets,9496,998C1017,24701
0,0,COM3D2x64_Data\sharedassets46.assets,8560,1248EED7,24701
0,0,COM3D2x64_Data\sharedassets47.assets,6592,699C9FB3,24701
0,0,COM3D2x64_Data\sharedassets48.assets,8332,2FA08C6B,24701
0,0,COM3D2x64_Data\sharedassets49.assets,792692,6165363F,24701
0,0,COM3D2x64_Data\sharedassets49.assets.resS,6506584,427886ED,24701
0,0,COM3D2x64_Data\sharedassets50.assets,12676,AA93E156,24701
0,0,COM3D2x64_Data\sharedassets51.assets,6592,3F52A587,24701
0,0,COM3D2x64_Data\sharedassets52.assets,6928,7DA035E8,24701
0,0,COM3D2x64_Data\sharedassets53.assets,6724,C1925ECD,24701
0,0,COM3D2x64_Data\sharedassets54.assets,6136,E466431F,24701
0,0,COM3D2x64_Data\sharedassets55.assets,12760,219E8FAB,24701
0,0,COM3D2x64_Data\sharedassets56.assets,9292,D76EB8B9,24701
0,0,COM3D2x64_Data\sharedassets57.assets,9328,11961C6D,24701
0,0,COM3D2x64_Data\sharedassets58.assets,12760,219E8FAB,24701
0,0,COM3D2x64_Data\sharedassets59.assets,9532,4BAC0048,24701
0,0,COM3D2x64_Data\sharedassets60.assets,9328,11961C6D,24701
0,0,COM3D2x64_Data\sharedassets61.assets,9472,51A9CD29,24701
0,0,COM3D2x64_Data\sharedassets62.assets,9508,D639E2F1,24701
0,0,COM3D2x64_Data\sharedassets63.assets,6652,B14B452F,24701
0,0,COM3D2x64_Data\sharedassets64.assets,9496,998C1017,24701
0,0,COM3D2x64_Data\sharedassets65.assets,42236540,4A62928D,24701
0,0,COM3D2x64_Data\sharedassets65.assets.resS,87400,8BA6C322,24701
0,0,COM3D2x64_Data\sharedassets66.assets,38246508,52E06A03,24701
0,0,COM3D2x64_Data\sharedassets67.assets,32874604,80CE8CE8,24701
0,0,COM3D2x64_Data\sharedassets68.assets,36735684,3DBECCE3,24701
0,0,COM3D2x64_Data\sharedassets68.assets.resS,174776,5B619AF1,24701
0,0,COM3D2x64_Data\sharedassets69.assets,41277360,E82B4DB6,24701
0,0,COM3D2x64_Data\sharedassets70.assets,39399112,B90A07A4,24701
0,0,COM3D2x64_Data\sharedassets71.assets,3017228,FA91BEA2,24701
0,0,COM3D2x64_Data\sharedassets71.assets.resS,611728,7BFBEAAE,24701
0,0,COM3D2x64_Data\sharedassets72.assets,9556,AF31D679,24701
0,0,COM3D2x64_Data\sharedassets73.assets,6508,27A095C0,24701
0,0,COM3D2x64_Data\sharedassets74.assets,6508,27A095C0,24701
0,0,COM3D2x64_Data\sharedassets75.assets,6508,27A095C0,24701
0,0,COM3D2x64_Data\sharedassets76.assets,12688,74C63AD8,24701
0,0,COM3D2x64_Data\sharedassets77.assets,9508,252BBBD1,24701
0,0,COM3D2x64_Data\sharedassets78.assets,6472,B40828A4,24701
0,0,COM3D2x64_Data\sharedassets79.assets,59364,BF65137F,24701
0,0,COM3D2x64_Data\sharedassets79.assets.resS,174776,B51EE5DC,24701
0,0,COM3D2x64_Data\sharedassets80.assets,6484,FC044F31,24701
0,0,COM3D2x64_Data\sharedassets81.assets,6736,07BD58FF,24701
0,0,COM3D2x64_Data\sharedassets82.assets,759744,713B3C06,24701
0,0,COM3D2x64_Data\sharedassets82.assets.resS,1310880,58801C35,24701
0,0,COM3D2x64_Data\sharedassets82.resource,1178176,90268BF4,24701
0,0,COM3D2x64_Data\sharedassets83.assets,9376,D5A75AD6,24701
0,0,COM3D2x64_Data\sharedassets84.assets,3412512,02FB4050,24701
0,0,COM3D2x64_Data\sharedassets84.assets.resS,6226112,B3E98769,24701
0,0,COM3D2x64_Data\sharedassets85.assets,6580,C2002495,24701
0,0,COM3D2x64_Data\sharedassets86.assets,13936,7BBD633C,24701
0,0,COM3D2x64_Data\sharedassets87.assets,9496,998C1017,24701
0,0,COM3D2x64_Data\sharedassets88.assets,12712,6F941AE5,24701
0,0,COM3D2x64_Data\sharedassets89.assets,9496,DA07EBC0,24701
0,0,COM3D2x64_Data\sharedassets90.assets,12676,8F4A2503,24701
0,0,COM3D2x64_Data\sharedassets91.assets,9496,998C1017,24701
0,0,COM3D2x64_Data\sharedassets92.assets,12712,6F941AE5,24701
0,0,COM3D2x64_Data\sharedassets93.assets,10444,6E9423B7,24701
0,0,COM3D2x64_Data\sharedassets94.assets,6928,2C1798AD,24701
0,0,COM3D2x64_Data\sharedassets95.assets,6436,B8D8C1D6,24701
0,0,COM3D2x64_Data\sharedassets96.assets,11732,FA496FE9,24701
0,0,COM3D2x64_Data\sharedassets96.resource,2729184,2D4064D6,24701
0,0,COM3D2x64_Data\sharedassets97.assets,11596,3478BFF3,24701
0,0,COM3D2x64_Data\sharedassets98.assets,8296,EB364658,24701
0,0,COM3D2x64_Data\sharedassets99.assets,7612,512487B2,24701
0,0,COM3D2x64_Data\sharedassets100.assets,353948,595E33B5,24701
0,0,COM3D2x64_Data\sharedassets100.assets.resS,2272048,E50143CB,24701
0,0,COM3D2x64_Data\sharedassets100.resource,6236800,C7E9CFDE,24701
0,0,COM3D2x64_Data\sharedassets101.assets,6568400,11FC5BBB,24701
0,0,COM3D2x64_Data\sharedassets101.assets.resS,10936,3B0D7ADF,24701
0,0,COM3D2x64_Data\sharedassets101.resource,1136352,956B5452,24701
0,0,COM3D2x64_Data\sharedassets102.assets,10312,0E0B566E,24701
0,0,COM3D2x64_Data\sharedassets103.assets,12844,237F4F9D,24701
0,0,COM3D2x64_Data\sharedassets104.assets,9640,767C8C16,24701
0,0,COM3D2x64_Data\sharedassets105.assets,9764,1A3FA089,24701
0,0,COM3D2x64_Data\sharedassets105.resource,1003968,52A085C2,24701
0,0,COM3D2x64_Data\sharedassets106.assets,13000,258A96A3,24701
0,0,COM3D2x64_Data\sharedassets107.assets,12904,AA534103,24701
0,0,COM3D2x64_Data\sharedassets108.assets,9580,4615DB8A,24701
0,0,COM3D2x64_Data\sharedassets109.assets,13348,447E6F0D,24701
0,0,COM3D2x64_Data\sharedassets109.resource,1166848,2709F6C2,24701
0,0,COM3D2x64_Data\sharedassets110.assets,9892,2B2F48BD,24701
0,0,COM3D2x64_Data\sharedassets111.assets,6664,25DB6955,24701
0,0,COM3D2x64_Data\sharedassets112.assets,6664,25DB6955,24701
0,0,COM3D2x64_Data\sharedassets113.assets,6628,F05CDFE3,24701
0,0,COM3D2x64_Data\sharedassets114.assets,6340,45A1B113,24701
0,0,COM3D2x64_Data\sharedassets115.assets,6628,F05CDFE3,24701
0,0,COM3D2x64_Data\sharedassets116.assets,6724,652B44AE,24701
0,0,COM3D2x64_Data\sharedassets117.assets,6628,F05CDFE3,24701
0,0,COM3D2x64_Data\sharedassets118.assets,12856,33B95083,24701
0,0,COM3D2x64_Data\sharedassets119.assets,9544,854B889A,24701
0,0,COM3D2x64_Data\sharedassets120.assets,394920,350591DC,24701
0,0,COM3D2x64_Data\sharedassets120.assets.resS,2184640,DF887086,24701
0,0,COM3D2x64_Data\sharedassets121.assets,9748,F0CDFC9C,24701
0,0,COM3D2x64_Data\sharedassets121.resource,2751968,AE761A89,24701
0,0,COM3D2x64_Data\sharedassets122.assets,12928,DD4D7CD7,24701
0,0,COM3D2x64_Data\sharedassets123.assets,12964,A62C0A3E,24701
0,0,COM3D2x64_Data\sharedassets124.assets,9640,ABA3D8B1,24701
0,0,COM3D2x64_Data\sharedassets125.assets,7172,C2B4F970,24701
0,0,COM3D2x64_Data\sharedassets125.resource,6331552,B816A215,24701
0,0,COM3D2x64_Data\sharedassets126.assets,7048,837B476A,24701
0,0,COM3D2x64_Data\sharedassets127.assets,86916,90F00E60,24701
0,0,COM3D2x64_Data\sharedassets127.resource,8838816,EBFF12DA,24701
0,0,COM3D2x64_Data\sharedassets128.assets,8200,09989B09,24701
0,0,COM3D2x64_Data\sharedassets129.assets,7840,470A7EF1,24701
0,0,COM3D2x64_Data\sharedassets130.assets,11332,F76B1AA5,24701
0,0,COM3D2x64_Data\sharedassets131.assets,8140,C8293AEB,24701
0,0,COM3D2x64_Data\sharedassets132.assets,615896,E6ACCA0B,24701
0,0,COM3D2x64_Data\sharedassets132.assets.resS,6138632,73B447A4,24701
0,0,COM3D2x64_Data\sharedassets133.assets,7024,59F9F5BF,24701
0,0,COM3D2x64_Data\sharedassets134.assets,6928,E8B3A166,24701
0,0,COM3D2x64_Data\sharedassets135.assets,6928,E8B3A166,24701
0,0,COM3D2x64_Data\sharedassets136.assets,6928,E8B3A166,24701
0,0,COM3D2x64_Data\sharedassets137.assets,6928,E8B3A166,24701
0,0,COM3D2x64_Data\sharedassets138.assets,6928,E8B3A166,24701
0,0,COM3D2x64_Data\sharedassets139.assets,6928,E8B3A166,24701
0,0,COM3D2x64_Data\sharedassets140.assets,6628,F05CDFE3,24701
0,0,COM3D2x64_Data\sharedassets141.assets,6628,F05CDFE3,24701
0,0,COM3D2x64_Data\sharedassets142.assets,6628,F05CDFE3,24701
0,0,COM3D2x64_Data\sharedassets143.assets,6628,F05CDFE3,24701
0,0,COM3D2x64_Data\sharedassets144.assets,6628,F05CDFE3,24701
0,0,COM3D2x64_Data\sharedassets145.assets,6628,F05CDFE3,24701
0,0,COM3D2x64_Data\sharedassets146.assets,6628,F05CDFE3,24701
0,0,COM3D2x64_Data\sharedassets147.assets,6928,E8B3A166,24701
0,0,COM3D2x64_Data\sharedassets148.assets,6448,725CD78C,24701
0,0,COM3D2x64_Data\sharedassets149.assets,6160,F9B1C399,24701
0,0,COM3D2x64_Data\sharedassets150.assets,7276,09413778,24701
0,0,COM3D2x64_Data\sharedassets151.assets,213676,BE3BE8CD,24701
0,0,COM3D2x64_Data\sharedassets151.assets.resS,174776,583F8A72,24701
0,0,COM3D2x64_Data\sharedassets152.assets,10260,8295D8EB,24701
0,0,COM3D2x64_Data\sharedassets153.assets,6448,9E48B3BB,24701
0,0,COM3D2x64_Data\sharedassets154.assets,6448,3D1A40D9,24701
0,0,COM3D2x64_Data\sharedassets155.assets,6568,D9978196,24701
0,0,COM3D2x64_Data\sharedassets156.assets,31048,2E446517,24701
0,0,COM3D2x64_Data\sharedassets156.assets.resS,443916,A639F74F,24701
0,0,COM3D2x64.exe,22841856,A9562BF9,13001
share,../com3d2data\GameData\global\language.arc,GameData\language.arc,2874032,FA2ECF28,24712
share,../com3d2data\GameData\ja\voice2.arc,GameData\voice2.arc,1000644442,CFC4C919,24701
share,../com3d2data\GameData\patch\csv.arc,GameData\csv.arc,47307273,6C4B84D3,24709
share,../com3d2data\GameData\patch\csv_bv001_2.arc,GameData\csv_bv001_2.arc,1394,3419AABB,24701
share,../com3d2data\GameData\patch\parts_bv001_2.arc,GameData\parts_bv001_2.arc,3442,396F38D6,24701
share,../com3d2data\GameData\patch\parts_cas141_2.arc,GameData\parts_cas141_2.arc,87794,C8B8F370,24701
share,../com3d2data\GameData\patch\parts_dlc388_2.arc,GameData\parts_dlc388_2.arc,554850,AFA69AA0,24701
share,../com3d2data\GameData\patch\parts_dlc475_2.arc,GameData\parts_dlc475_2.arc,14108761,97487DDB,24701
share,../com3d2data\GameData\patch\parts_dlc522_2.arc,GameData\parts_dlc522_2.arc,429964,7411FE60,24701
share,../com3d2data\GameData\patch\parts_dlc538_2.arc,GameData\parts_dlc538_2.arc,3394,FE9038EE,24701
share,../com3d2data\GameData\patch\parts_oldplus011hair1_2.arc,GameData\parts_oldplus011hair1_2.arc,2850,7E45A630,24701
share,../com3d2data\GameData\patch\parts_ordermade_pure_2.arc,GameData\parts_ordermade_pure_2.arc,577624,AD5B0F50,24701
share,../com3d2data\GameData\patch\paths.dat,GameData\paths.dat,21299,DF7D6669,24710
share,../com3d2data\GameData\patch\prioritymaterial.arc,GameData\prioritymaterial.arc,904341,6FF4733A,24706
share,../com3d2data\GameData\patch\system2.arc,GameData\system2.arc,121854644,CAE840AF,24701
share,../com3d2data\GameData_20\menu_bv001_2.arc,GameData_20\menu_bv001_2.arc,3682,074B851C,1754
share,../com3d2data\GameData_20\menu_dlc538_2.arc,GameData_20\menu_dlc538_2.arc,3650,5108511A,1754
share,../com3d2data\GameData_20\model_cas141_2.arc,GameData_20\model_cas141_2.arc,86614,EA312133,1754
share,../com3d2data\GameData_20\model_dlc388_2.arc,GameData_20\model_dlc388_2.arc,552662,27F4BA27,1754
share,../com3d2data\GameData_20\model_dlc475_2.arc,GameData_20\model_dlc475_2.arc,1558632,69F41A60,1754
share,../com3d2data\GameData_20\model_dlc522_2.arc,GameData_20\model_dlc522_2.arc,428795,5FCFC9AA,1754
share,../com3d2data\GameData_20\paths.dat,GameData_20\paths.dat,15824,2CF0C625,1846
share,../com3d2data\GameData_20\prioritymaterial.arc,GameData_20\prioritymaterial.arc,468249,84D0D658,1847
