0,0,CM3D2.exe,9558016,7808DA5C,1004
0,0,CM3D2VRx64.exe,14915584,F9649DA5,119
0,0,CM3D2VRx64_DirectToRift.exe,465408,ED45B3A7,119
0,0,LICENSE,3453,541AF859,119
0,0,CM3D2VRx64_Data\level0,154392,233A7D94,119
0,0,CM3D2VRx64_Data\level1,157712,C2606CEC,119
0,0,CM3D2VRx64_Data\level10,140136,302A9B58,119
0,0,CM3D2VRx64_Data\level11,164480,F23CD54B,119
0,0,CM3D2VRx64_Data\level12,140552,39076134,119
0,0,CM3D2VRx64_Data\level13,460736,75C20E60,119
0,0,CM3D2VRx64_Data\level14,4376,B9CCE2E9,119
0,0,CM3D2VRx64_Data\level15,143200,7DDC74AE,119
0,0,CM3D2VRx64_Data\level16,4376,42F92DB2,119
0,0,CM3D2VRx64_Data\level17,151576,9B2F4428,119
0,0,CM3D2VRx64_Data\level18,212728,43717D4A,119
0,0,CM3D2VRx64_Data\level19,353008,6809E1B4,119
0,0,CM3D2VRx64_Data\level2,355176,0ABBCC0F,119
0,0,CM3D2VRx64_Data\level20,160608,31A00228,119
0,0,CM3D2VRx64_Data\level21,431008,1C0A3DCB,119
0,0,CM3D2VRx64_Data\level3,475304,88026FD5,119
0,0,CM3D2VRx64_Data\level4,547936,F9E3BB42,119
0,0,CM3D2VRx64_Data\level5,140544,3554A81B,119
0,0,CM3D2VRx64_Data\level6,287328,9EEAA816,119
0,0,CM3D2VRx64_Data\level7,180968,B24BB3F7,119
0,0,CM3D2VRx64_Data\level8,177160,A0A7746F,119
0,0,CM3D2VRx64_Data\level9,150152,67B7836B,119
0,0,CM3D2VRx64_Data\mainData,884976,94404107,119
0,0,CM3D2VRx64_Data\PlayerConnectionConfigFile,21,22D0BFA5,119
0,0,CM3D2VRx64_Data\resources.assets,220140696,2A10937F,119
0,0,CM3D2VRx64_Data\sharedassets0.assets,237509960,8CF2C038,119
0,0,CM3D2VRx64_Data\sharedassets1.assets,6998796,14DEE12B,119
0,0,CM3D2VRx64_Data\sharedassets10.assets,5256,E9CCA5FF,119
0,0,CM3D2VRx64_Data\sharedassets11.assets,466308,FD8E61D9,119
0,0,CM3D2VRx64_Data\sharedassets12.assets,5280,D64A6038,119
0,0,CM3D2VRx64_Data\sharedassets13.assets,927400,1F094FB8,119
0,0,CM3D2VRx64_Data\sharedassets14.assets,2458016,92A44020,119
0,0,CM3D2VRx64_Data\sharedassets15.assets,4112,5FE91459,119
0,0,CM3D2VRx64_Data\sharedassets16.assets,4200896,8618ED3B,119
0,0,CM3D2VRx64_Data\sharedassets17.assets,4112,DE899668,119
0,0,CM3D2VRx64_Data\sharedassets18.assets,49616896,8AEDE414,119
0,0,CM3D2VRx64_Data\sharedassets19.assets,3691748,641C49F1,119
0,0,CM3D2VRx64_Data\sharedassets2.assets,3514196,2E823E54,119
0,0,CM3D2VRx64_Data\sharedassets20.assets,1587628,BACCA8A7,119
0,0,CM3D2VRx64_Data\sharedassets21.assets,5328,D3BEF765,119
0,0,CM3D2VRx64_Data\sharedassets22.assets,72624,DDAC19B4,119
0,0,CM3D2VRx64_Data\sharedassets3.assets,16004896,D77C8D83,119
0,0,CM3D2VRx64_Data\sharedassets4.assets,36843892,26C21741,119
0,0,CM3D2VRx64_Data\sharedassets5.assets,6952140,C82E9E68,119
0,0,CM3D2VRx64_Data\sharedassets6.assets,503336,631E7E42,119
0,0,CM3D2VRx64_Data\sharedassets7.assets,5464,5906835C,119
0,0,CM3D2VRx64_Data\sharedassets8.assets,355444,173B7B2F,119
0,0,CM3D2VRx64_Data\sharedassets9.assets,11891548,4CDB6496,119
0,0,CM3D2VRx64_Data\Managed\Accessibility.dll,10752,A358E135,119
0,0,CM3D2VRx64_Data\Managed\Assembly-CSharp-firstpass.dll,170496,6E5693E2,119
0,0,CM3D2VRx64_Data\Managed\Assembly-CSharp.dll,1933312,BB658ADC,119
0,0,CM3D2VRx64_Data\Managed\Assembly-UnityScript-firstpass.dll,65024,45F4B991,119
0,0,CM3D2VRx64_Data\Managed\Boo.Lang.dll,126976,B1FDC6B6,119
0,0,CM3D2VRx64_Data\Managed\JsonFx.Json.dll,70144,A0F0CFCB,119
0,0,CM3D2VRx64_Data\Managed\Mono.Data.Tds.dll,96256,DE9FBD55,119
0,0,CM3D2VRx64_Data\Managed\Mono.Posix.dll,184320,A333AAF5,119
0,0,CM3D2VRx64_Data\Managed\Mono.Security.dll,294912,D5BB48FC,119
0,0,CM3D2VRx64_Data\Managed\Mono.WebBrowser.dll,172032,5D310803,119
0,0,CM3D2VRx64_Data\Managed\mscorlib.dll,2590208,5A5FF75C,119
0,0,CM3D2VRx64_Data\Managed\System.Configuration.dll,124928,F88CF714,119
0,0,CM3D2VRx64_Data\Managed\System.Core.dll,300032,0504C277,119
0,0,CM3D2VRx64_Data\Managed\System.Data.dll,856064,1DE4F5EB,119
0,0,CM3D2VRx64_Data\Managed\System.dll,1678848,08B8E16D,119
0,0,CM3D2VRx64_Data\Managed\System.Drawing.Design.dll,29696,E7B53FF9,119
0,0,CM3D2VRx64_Data\Managed\System.Drawing.dll,448512,C4B2E872,119
0,0,CM3D2VRx64_Data\Managed\System.EnterpriseServices.dll,46592,1B56067D,119
0,0,CM3D2VRx64_Data\Managed\System.Security.dll,135168,A9F5B9F1,119
0,0,CM3D2VRx64_Data\Managed\System.Transactions.dll,27648,DE82E2C6,119
0,0,CM3D2VRx64_Data\Managed\System.Windows.Forms.dll,3053568,56394001,119
0,0,CM3D2VRx64_Data\Managed\System.Xml.dll,1270272,BCE39995,119
0,0,CM3D2VRx64_Data\Managed\System.Xml.Linq.dll,106496,1062D683,119
0,0,CM3D2VRx64_Data\Managed\UnityEngine.dll,614912,6F2B6F30,119
0,0,CM3D2VRx64_Data\Managed\UnityEngine.UI.dll,176128,380C2545,119
0,0,CM3D2VRx64_Data\Managed\UnityScript.Lang.dll,14336,FAB8DDA9,119
0,0,CM3D2VRx64_Data\Mono\mono.dll,2601984,5E0870C0,119
0,0,CM3D2VRx64_Data\Mono\etc\mono\browscap.ini,311984,CE6C0AB3,119
0,0,CM3D2VRx64_Data\Mono\etc\mono\config,1691,A635914A,119
0,0,CM3D2VRx64_Data\Mono\etc\mono\1.0\DefaultWsdlHelpGenerator.aspx,58196,10E814BF,119
0,0,CM3D2VRx64_Data\Mono\etc\mono\1.0\machine.config,17259,82F1AD8B,119
0,0,CM3D2VRx64_Data\Mono\etc\mono\2.0\DefaultWsdlHelpGenerator.aspx,60453,F3869A34,119
0,0,CM3D2VRx64_Data\Mono\etc\mono\2.0\machine.config,27626,4F6C3F79,119
0,0,CM3D2VRx64_Data\Mono\etc\mono\2.0\settings.map,2618,A1A3C29F,119
0,0,CM3D2VRx64_Data\Mono\etc\mono\2.0\web.config,11686,534A9960,119
0,0,CM3D2VRx64_Data\Mono\etc\mono\2.0\Browsers\Compat.browser,1605,2E178A0B,119
0,0,CM3D2VRx64_Data\Mono\etc\mono\mconfig\config.xml,25817,80B2033A,119
0,0,CM3D2VRx64_Data\Plugins\cm3d2_x64.dll,1506816,D06D7E94,119
0,0,CM3D2VRx64_Data\Plugins\device_hook.dll,87552,65F0207E,119
0,0,CM3D2VRx64_Data\Plugins\OculusPlugin.dll,302080,B873E721,119
0,0,CM3D2VRx64_Data\Plugins\OVRGamepad.dll,12800,46477987,119
0,0,CM3D2VRx64_Data\Plugins\OVRPlugin.dll,354304,F04E9B58,119
0,0,CM3D2VRx64_Data\Resources\unity default resources,1571709,31020360,119
0,0,CM3D2VRx64_Data\Resources\unity_builtin_extra,372672,13813718,119
0,0,GameData\material_vr.arc,1393,E8F3D878,100
0,0,GameData\menu_vr.arc,1262,6510B03E,100
0,0,GameData\model_vr.arc,70824,C9DCB2E5,100
0,0,GameData\texture_vr.arc,470392,5F59D9B6,100
