0,0,CM3D2VRx64.exe,20649984,6EFB2A0D,1461
0,0,CM3D2VRx64_DirectToRift.exe,465408,ED45B3A7,1461
0,0,LICENSE,3453,541AF859,1461
0,0,CM3D2VRx64_Data\globalgamemanagers,1447052,F48664DB,1461
0,0,CM3D2VRx64_Data\globalgamemanagers.assets,143588,65D76AEF,1461
0,0,CM3D2VRx64_Data\level0,189228,E0924E79,1461
0,0,CM3D2VRx64_Data\level1,207204,8766FC75,1461
0,0,CM3D2VRx64_Data\level10,201884,5DF75DC0,1461
0,0,CM3D2VRx64_Data\level11,189780,21340F79,1461
0,0,CM3D2VRx64_Data\level12,217228,77ED46B8,1461
0,0,CM3D2VRx64_Data\level13,190812,D7994753,1461
0,0,CM3D2VRx64_Data\level14,571668,BCE20D33,1461
0,0,CM3D2VRx64_Data\level15,4640,EE37CB1A,1461
0,0,CM3D2VRx64_Data\level16,191852,99C56B5C,1461
0,0,CM3D2VRx64_Data\level17,4640,FF5B8788,1461
0,0,CM3D2VRx64_Data\level18,209972,6633000A,1461
0,0,CM3D2VRx64_Data\level19,304540,F5A6BC87,1461
0,0,CM3D2VRx64_Data\level2,207092,07B927EE,1461
0,0,CM3D2VRx64_Data\level20,451436,DD820A0C,1461
0,0,CM3D2VRx64_Data\level21,215340,B91C4BEF,1461
0,0,CM3D2VRx64_Data\level22,537844,CC9EB260,1461
0,0,CM3D2VRx64_Data\level23,273340,EDCC559F,1461
0,0,CM3D2VRx64_Data\level24,310620,775CF5F5,1461
0,0,CM3D2VRx64_Data\level25,213556,C6D6D379,1461
0,0,CM3D2VRx64_Data\level26,660292,484AAAB7,1461
0,0,CM3D2VRx64_Data\level27,1291580,1B6A4C94,1461
0,0,CM3D2VRx64_Data\level28,519500,5B942023,1461
0,0,CM3D2VRx64_Data\level29,213612,977DD3C6,1461
0,0,CM3D2VRx64_Data\level3,428732,29F54F97,1461
0,0,CM3D2VRx64_Data\level30,612484,67E573EA,1461
0,0,CM3D2VRx64_Data\level31,843692,48353054,1461
0,0,CM3D2VRx64_Data\level32,704636,E209E9D8,1461
0,0,CM3D2VRx64_Data\level33,205516,41657B57,1461
0,0,CM3D2VRx64_Data\level34,551796,0382EAF3,1461
0,0,CM3D2VRx64_Data\level35,826852,14DAE37C,1461
0,0,CM3D2VRx64_Data\level4,597268,4998EAC4,1461
0,0,CM3D2VRx64_Data\level5,620148,5D3802DD,1461
0,0,CM3D2VRx64_Data\level6,190276,2A313CC3,1461
0,0,CM3D2VRx64_Data\level7,363748,E6ABED3B,1461
0,0,CM3D2VRx64_Data\level8,238724,62117573,1461
0,0,CM3D2VRx64_Data\level9,234348,E562A6F8,1461
0,0,CM3D2VRx64_Data\resources.assets,253417416,E69FE192,1461
0,0,CM3D2VRx64_Data\resources.assets.resS,412237800,5DB6EDB6,1461
0,0,CM3D2VRx64_Data\sharedassets0.assets,16483048,1ADF566A,1461
0,0,CM3D2VRx64_Data\sharedassets0.assets.resS,121728032,217CBB40,1461
0,0,CM3D2VRx64_Data\sharedassets1.assets,5920,47523100,1461
0,0,CM3D2VRx64_Data\sharedassets10.assets,5764,CEC2E200,1461
0,0,CM3D2VRx64_Data\sharedassets11.assets,5764,8781933F,1461
0,0,CM3D2VRx64_Data\sharedassets12.assets,5788,7F7C810B,1461
0,0,CM3D2VRx64_Data\sharedassets13.assets,5812,AA1A3CBE,1461
0,0,CM3D2VRx64_Data\sharedassets14.assets,6340,B316A885,1461
0,0,CM3D2VRx64_Data\sharedassets15.assets,4132,6F3CAB80,1461
0,0,CM3D2VRx64_Data\sharedassets16.assets,5824,330C6DD5,1461
0,0,CM3D2VRx64_Data\sharedassets17.assets,4132,BDA095C0,1461
0,0,CM3D2VRx64_Data\sharedassets18.assets,6544,CD33669F,1461
0,0,CM3D2VRx64_Data\sharedassets19.assets,5788,722B6C2D,1461
0,0,CM3D2VRx64_Data\sharedassets2.assets,5968,7160E38F,1461
0,0,CM3D2VRx64_Data\sharedassets20.assets,215280,FA23FDF2,1461
0,0,CM3D2VRx64_Data\sharedassets20.assets.resS,51968,C41BC4E7,1461
0,0,CM3D2VRx64_Data\sharedassets21.assets,5860,520EE1EF,1461
0,0,CM3D2VRx64_Data\sharedassets22.assets,74160,FBFE98E5,1461
0,0,CM3D2VRx64_Data\sharedassets23.assets,6004,A50147A3,1461
0,0,CM3D2VRx64_Data\sharedassets24.assets,5884,CC94248E,1461
0,0,CM3D2VRx64_Data\sharedassets25.assets,5872,CC305BDD,1461
0,0,CM3D2VRx64_Data\sharedassets26.assets,8128,393B8439,1461
0,0,CM3D2VRx64_Data\sharedassets27.assets,6580,5CAFED36,1461
0,0,CM3D2VRx64_Data\sharedassets28.assets,39511712,7CD9150D,1461
0,0,CM3D2VRx64_Data\sharedassets29.assets,5872,11EF4CF3,1461
0,0,CM3D2VRx64_Data\sharedassets3.assets,6340,14CC042D,1461
0,0,CM3D2VRx64_Data\sharedassets30.assets,67700952,B36064DD,1461
0,0,CM3D2VRx64_Data\sharedassets31.assets,67690184,B955CA6C,1461
0,0,CM3D2VRx64_Data\sharedassets32.assets,47233820,939B6459,1461
0,0,CM3D2VRx64_Data\sharedassets32.resource,3813344,7B95E5D4,1461
0,0,CM3D2VRx64_Data\sharedassets33.assets,5788,5128B1CE,1461
0,0,CM3D2VRx64_Data\sharedassets34.assets,80174972,298BF10A,1461
0,0,CM3D2VRx64_Data\sharedassets35.assets,84139364,BB1561ED,1461
0,0,CM3D2VRx64_Data\sharedassets4.assets,1310240,BF4E2194,1461
0,0,CM3D2VRx64_Data\sharedassets5.assets,6448,9F17B965,1461
0,0,CM3D2VRx64_Data\sharedassets6.assets,5788,7CCAC037,1461
0,0,CM3D2VRx64_Data\sharedassets7.assets,6064,01BBEA93,1461
0,0,CM3D2VRx64_Data\sharedassets8.assets,5944,3B0FD85D,1461
0,0,CM3D2VRx64_Data\sharedassets9.assets,6268,ED528A38,1461
0,0,CM3D2VRx64_Data\Managed\Accessibility.dll,10752,594EE943,1461
0,0,CM3D2VRx64_Data\Managed\Assembly-CSharp-firstpass.dll,772608,6A4544D6,1461
0,0,CM3D2VRx64_Data\Managed\Assembly-CSharp.dll,2631168,F04DF05C,1461
0,0,CM3D2VRx64_Data\Managed\Assembly-UnityScript-firstpass.dll,65024,62C561F8,1461
0,0,CM3D2VRx64_Data\Managed\Boo.Lang.dll,126976,9ADD3789,1461
0,0,CM3D2VRx64_Data\Managed\FoveUnityPlugin.dll,28672,A6EA882B,1461
0,0,CM3D2VRx64_Data\Managed\Ionic.Zlib.dll,102400,7C9E7DD2,1461
0,0,CM3D2VRx64_Data\Managed\JsonFx.Json.dll,70144,A0F0CFCB,1461
0,0,CM3D2VRx64_Data\Managed\LeapCSharp.NET3.5.dll,82432,38E38212,1461
0,0,CM3D2VRx64_Data\Managed\Mono.Data.Tds.dll,96256,DDA7BAB7,1461
0,0,CM3D2VRx64_Data\Managed\Mono.Posix.dll,184320,C7063ABB,1461
0,0,CM3D2VRx64_Data\Managed\Mono.Security.dll,294912,8C7E67B3,1461
0,0,CM3D2VRx64_Data\Managed\Mono.WebBrowser.dll,172032,541986C3,1461
0,0,CM3D2VRx64_Data\Managed\mscorlib.dll,2589696,AFA570E5,1461
0,0,CM3D2VRx64_Data\Managed\System.Configuration.dll,124928,D5F2A804,1461
0,0,CM3D2VRx64_Data\Managed\System.Core.dll,297472,BCE2218F,1461
0,0,CM3D2VRx64_Data\Managed\System.Data.dll,856064,F1D38D2E,1461
0,0,CM3D2VRx64_Data\Managed\System.dll,1679360,288F722A,1461
0,0,CM3D2VRx64_Data\Managed\System.Drawing.Design.dll,29696,E7B53FF9,1461
0,0,CM3D2VRx64_Data\Managed\System.Drawing.dll,448512,C4B2E872,1461
0,0,CM3D2VRx64_Data\Managed\System.EnterpriseServices.dll,46592,75A19B93,1461
0,0,CM3D2VRx64_Data\Managed\System.Security.dll,135168,365C74A7,1461
0,0,CM3D2VRx64_Data\Managed\System.Transactions.dll,27648,203D65C1,1461
0,0,CM3D2VRx64_Data\Managed\System.Windows.Forms.dll,3053568,56394001,1461
0,0,CM3D2VRx64_Data\Managed\System.Xml.dll,1270272,9B79033F,1461
0,0,CM3D2VRx64_Data\Managed\System.Xml.Linq.dll,106496,B3ACF139,1461
0,0,CM3D2VRx64_Data\Managed\UnityEngine.dll,972800,B3EB425F,1461
0,0,CM3D2VRx64_Data\Managed\UnityEngine.dll.mdb,353934,02424F6C,1461
0,0,CM3D2VRx64_Data\Managed\UnityEngine.Networking.dll,230912,EBC88F56,1461
0,0,CM3D2VRx64_Data\Managed\UnityEngine.UI.dll,219136,8E43BC11,1461
0,0,CM3D2VRx64_Data\Managed\UnityScript.Lang.dll,14336,13EE284D,1461
0,0,CM3D2VRx64_Data\Managed\zxing.unity.dll,430592,9FD1F198,1461
0,0,CM3D2VRx64_Data\Mono\mono.dll,2612696,2A5A1006,1461
0,0,CM3D2VRx64_Data\Mono\etc\mono\browscap.ini,311984,CE6C0AB3,1461
0,0,CM3D2VRx64_Data\Mono\etc\mono\config,1691,A635914A,1461
0,0,CM3D2VRx64_Data\Mono\etc\mono\1.0\DefaultWsdlHelpGenerator.aspx,58196,10E814BF,1461
0,0,CM3D2VRx64_Data\Mono\etc\mono\1.0\machine.config,17258,EDE1AC59,1461
0,0,CM3D2VRx64_Data\Mono\etc\mono\2.0\DefaultWsdlHelpGenerator.aspx,60453,F3869A34,1461
0,0,CM3D2VRx64_Data\Mono\etc\mono\2.0\machine.config,27625,73C91C24,1461
0,0,CM3D2VRx64_Data\Mono\etc\mono\2.0\settings.map,2618,A1A3C29F,1461
0,0,CM3D2VRx64_Data\Mono\etc\mono\2.0\web.config,11686,534A9960,1461
0,0,CM3D2VRx64_Data\Mono\etc\mono\2.0\Browsers\Compat.browser,1605,2E178A0B,1461
0,0,CM3D2VRx64_Data\Mono\etc\mono\mconfig\config.xml,25817,80B2033A,1461
0,0,CM3D2VRx64_Data\Plugins\cm3d2_x64.dll,1544192,1FEE76CF,1461
0,0,CM3D2VRx64_Data\Plugins\device_hook.dll,392704,C273C518,1461
0,0,CM3D2VRx64_Data\Plugins\FoveClient.dll,1849384,58C8B4F6,1461
0,0,CM3D2VRx64_Data\Plugins\LeapC.dll,2516992,FBDD3767,1461
0,0,CM3D2VRx64_Data\Plugins\openvr_api.dll,318272,44432E0F,1461
0,0,CM3D2VRx64_Data\Plugins\OVRGamepad.dll,12800,2C526135,1461
0,0,CM3D2VRx64_Data\Plugins\OVRPlugin.dll,1894312,38EDD831,1461
0,0,CM3D2VRx64_Data\Resources\unity default resources,1544700,7137E221,1461
0,0,CM3D2VRx64_Data\Resources\unity_builtin_extra,142196,DF9A5755,1461
0,0,GameData\material_vr.arc,6184,D2EAFD73,130
0,0,GameData\menu_vr.arc,3407,D3B43CF5,130
0,0,GameData\model_vr.arc,866449,B84B7620,130
0,0,GameData\texture_vr.arc,1111256,DF651968,130
