0,0,CM3D2OH.exe,9101312,BFC22264,1004
0,0,CM3D2OHx86.exe,11631104,9ADBA5EE,113
0,0,CM3D2OHx86_Data\level0,154376,9BE7D3EB,113
0,0,CM3D2OHx86_Data\level1,220752,8CBE67A5,113
0,0,CM3D2OHx86_Data\level10,4376,DB295589,113
0,0,CM3D2OHx86_Data\level11,143184,14BDAFC7,113
0,0,CM3D2OHx86_Data\level12,4376,4161565B,113
0,0,CM3D2OHx86_Data\level13,140880,FE324344,113
0,0,CM3D2OHx86_Data\level14,193328,4A9DF778,113
0,0,CM3D2OHx86_Data\level15,352992,FDEB0D92,113
0,0,CM3D2OHx86_Data\level16,160592,8394FF2C,113
0,0,CM3D2OHx86_Data\level17,430992,0D533786,113
0,0,CM3D2OHx86_Data\level2,475288,82EE1BFD,113
0,0,CM3D2OHx86_Data\level3,547920,79BB0A57,113
0,0,CM3D2OHx86_Data\level4,140528,4CC122F0,113
0,0,CM3D2OHx86_Data\level5,177144,DF4FE271,113
0,0,CM3D2OHx86_Data\level6,140120,4D61254D,113
0,0,CM3D2OHx86_Data\level7,164464,2087366C,113
0,0,CM3D2OHx86_Data\level8,140120,83BC87FD,113
0,0,CM3D2OHx86_Data\level9,428944,4D5C91FE,113
0,0,CM3D2OHx86_Data\mainData,844880,9C0E7940,113
0,0,CM3D2OHx86_Data\PlayerConnectionConfigFile,21,9E4C6D6A,113
0,0,CM3D2OHx86_Data\resources.assets,219980812,606C6F4F,113
0,0,CM3D2OHx86_Data\sharedassets0.assets,236803936,40ABC46F,113
0,0,CM3D2OHx86_Data\sharedassets1.assets,6998796,DC2AB780,113
0,0,CM3D2OHx86_Data\sharedassets10.assets,3854600,CABF5CF5,113
0,0,CM3D2OHx86_Data\sharedassets11.assets,4112,90EE54C8,113
0,0,CM3D2OHx86_Data\sharedassets12.assets,4200896,B33A901A,113
0,0,CM3D2OHx86_Data\sharedassets13.assets,4112,BD447EF6,113
0,0,CM3D2OHx86_Data\sharedassets14.assets,2814296,B095219D,113
0,0,CM3D2OHx86_Data\sharedassets15.assets,3691748,4B1440EB,113
0,0,CM3D2OHx86_Data\sharedassets16.assets,1587628,A159CB5C,113
0,0,CM3D2OHx86_Data\sharedassets17.assets,5328,15966763,113
0,0,CM3D2OHx86_Data\sharedassets18.assets,72624,A271FA54,113
0,0,CM3D2OHx86_Data\sharedassets2.assets,10846308,46C1DC0C,113
0,0,CM3D2OHx86_Data\sharedassets3.assets,36866556,0209A4A9,113
0,0,CM3D2OHx86_Data\sharedassets4.assets,6952140,B8956A19,113
0,0,CM3D2OHx86_Data\sharedassets5.assets,503336,0C139D66,113
0,0,CM3D2OHx86_Data\sharedassets6.assets,11891548,9B8FD9B1,113
0,0,CM3D2OHx86_Data\sharedassets7.assets,466308,D619AC10,113
0,0,CM3D2OHx86_Data\sharedassets8.assets,5280,CA1707FA,113
0,0,CM3D2OHx86_Data\sharedassets9.assets,466308,57634399,113
0,0,CM3D2OHx86_Data\Managed\Accessibility.dll,10752,A358E135,113
0,0,CM3D2OHx86_Data\Managed\Assembly-CSharp-firstpass.dll,173568,1B69B0E7,113
0,0,CM3D2OHx86_Data\Managed\Assembly-CSharp.dll,1878016,CDB4AEA1,113
0,0,CM3D2OHx86_Data\Managed\Assembly-UnityScript-firstpass.dll,65024,9188FBAA,113
0,0,CM3D2OHx86_Data\Managed\Boo.Lang.dll,126976,B1FDC6B6,113
0,0,CM3D2OHx86_Data\Managed\JsonFx.Json.dll,70144,A0F0CFCB,113
0,0,CM3D2OHx86_Data\Managed\Mono.Data.Tds.dll,96256,DE9FBD55,113
0,0,CM3D2OHx86_Data\Managed\Mono.Posix.dll,184320,A333AAF5,113
0,0,CM3D2OHx86_Data\Managed\Mono.Security.dll,294912,D5BB48FC,113
0,0,CM3D2OHx86_Data\Managed\Mono.WebBrowser.dll,172032,5D310803,113
0,0,CM3D2OHx86_Data\Managed\mscorlib.dll,2590208,5A5FF75C,113
0,0,CM3D2OHx86_Data\Managed\System.Configuration.dll,124928,F88CF714,113
0,0,CM3D2OHx86_Data\Managed\System.Core.dll,300032,0504C277,113
0,0,CM3D2OHx86_Data\Managed\System.Data.dll,856064,1DE4F5EB,113
0,0,CM3D2OHx86_Data\Managed\System.dll,1678848,08B8E16D,113
0,0,CM3D2OHx86_Data\Managed\System.Drawing.Design.dll,29696,E7B53FF9,113
0,0,CM3D2OHx86_Data\Managed\System.Drawing.dll,448512,C4B2E872,113
0,0,CM3D2OHx86_Data\Managed\System.EnterpriseServices.dll,46592,1B56067D,113
0,0,CM3D2OHx86_Data\Managed\System.Security.dll,135168,A9F5B9F1,113
0,0,CM3D2OHx86_Data\Managed\System.Transactions.dll,27648,DE82E2C6,113
0,0,CM3D2OHx86_Data\Managed\System.Windows.Forms.dll,3053568,56394001,113
0,0,CM3D2OHx86_Data\Managed\System.Xml.dll,1270272,BCE39995,113
0,0,CM3D2OHx86_Data\Managed\System.Xml.Linq.dll,106496,1062D683,113
0,0,CM3D2OHx86_Data\Managed\UnityEngine.dll,614912,ECC4324A,113
0,0,CM3D2OHx86_Data\Managed\UnityEngine.UI.dll,176128,078A6C17,113
0,0,CM3D2OHx86_Data\Managed\UnityScript.Lang.dll,14336,FAB8DDA9,113
0,0,CM3D2OHx86_Data\Mono\mono.dll,2103296,36130890,113
0,0,CM3D2OHx86_Data\Mono\etc\mono\browscap.ini,311984,CE6C0AB3,113
0,0,CM3D2OHx86_Data\Mono\etc\mono\config,1691,A635914A,113
0,0,CM3D2OHx86_Data\Mono\etc\mono\1.0\DefaultWsdlHelpGenerator.aspx,58196,10E814BF,113
0,0,CM3D2OHx86_Data\Mono\etc\mono\1.0\machine.config,17259,82F1AD8B,113
0,0,CM3D2OHx86_Data\Mono\etc\mono\2.0\DefaultWsdlHelpGenerator.aspx,60453,F3869A34,113
0,0,CM3D2OHx86_Data\Mono\etc\mono\2.0\machine.config,27626,4F6C3F79,113
0,0,CM3D2OHx86_Data\Mono\etc\mono\2.0\settings.map,2618,A1A3C29F,113
0,0,CM3D2OHx86_Data\Mono\etc\mono\2.0\web.config,11686,534A9960,113
0,0,CM3D2OHx86_Data\Mono\etc\mono\2.0\Browsers\Compat.browser,1605,2E178A0B,113
0,0,CM3D2OHx86_Data\Mono\etc\mono\mconfig\config.xml,25817,80B2033A,113
0,0,CM3D2OHx86_Data\Plugins\cm3d2_hole_x86.dll,266240,C3FB2075,113
0,0,CM3D2OHx86_Data\Plugins\cm3d2_x86.dll,1274368,7709B206,113
0,0,CM3D2OHx86_Data\Plugins\device_hook.dll,77312,7EEF9868,113
0,0,CM3D2OHx86_Data\Resources\unity default resources,1571709,31020360,113
0,0,CM3D2OHx86_Data\Resources\unity_builtin_extra,372672,FDDE8793,113
0,0,GameData\csv.arc,1450266,17398CD6,113
0,0,GameData\csv_cbl.arc,146048,5ADBA515,112
0,0,GameData\material2.arc,41309,8666D363,113
0,0,GameData\menu2.arc,166849,ADAE5A21,113
0,0,GameData\model2.arc,4019758,C5DB24B7,113
0,0,GameData\paths.dat,375,1EA5BDEF,113
0,0,GameData\prioritymaterial.arc,76436,EB476AFB,113
0,0,GameData\script_cbl.arc,1430569,705C0A9A,112
0,0,GameData\texture2.arc,748712227,393809F6,113
0,0,GameData\voice_cbl2.arc,9627083,76D43E7B,109
