0,0,CM3D2OH.exe,7707136,A913B79B,1007
0,0,CM3D2OHx86.exe,11632128,19E472F9,140
0,0,CM3D2OHx86_Data\level0,166824,46EEBDC7,1400
0,0,CM3D2OHx86_Data\level1,234968,53762EAD,1400
0,0,CM3D2OHx86_Data\level10,4376,BC42CADD,1400
0,0,CM3D2OHx86_Data\level11,155632,672B8D07,1400
0,0,CM3D2OHx86_Data\level12,4376,5CAC8E38,1400
0,0,CM3D2OHx86_Data\level13,169208,A4C8CCBF,1400
0,0,CM3D2OHx86_Data\level14,231392,B69E94B5,1400
0,0,CM3D2OHx86_Data\level15,367800,EAC8EC56,1400
0,0,CM3D2OHx86_Data\level16,173040,DC048826,1400
0,0,CM3D2OHx86_Data\level17,445424,08EE4F8F,1400
0,0,CM3D2OHx86_Data\level18,216144,C3F58889,1400
0,0,CM3D2OHx86_Data\level19,554016,42920A0C,1400
0,0,CM3D2OHx86_Data\level2,490488,BFABD827,1400
0,0,CM3D2OHx86_Data\level20,1057152,4ED5E6EA,1400
0,0,CM3D2OHx86_Data\level21,433216,9B508BA9,1400
0,0,CM3D2OHx86_Data\level22,503576,7067E907,1400
0,0,CM3D2OHx86_Data\level23,688112,5BD78056,1400
0,0,CM3D2OHx86_Data\level24,607792,075509C6,1400
0,0,CM3D2OHx86_Data\level3,560368,F09D2B8E,1400
0,0,CM3D2OHx86_Data\level4,152976,54740DC5,1400
0,0,CM3D2OHx86_Data\level5,189592,B3027E9F,1400
0,0,CM3D2OHx86_Data\level6,152568,542FB77B,1400
0,0,CM3D2OHx86_Data\level7,176912,76EEA54A,1400
0,0,CM3D2OHx86_Data\level8,152984,BD49466F,1400
0,0,CM3D2OHx86_Data\level9,455240,E18E4F6C,1400
0,0,CM3D2OHx86_Data\mainData,1101712,11D875C1,1400
0,0,CM3D2OHx86_Data\PlayerConnectionConfigFile,21,B09C08D3,1400
0,0,CM3D2OHx86_Data\resources.assets,331088752,0DEC7136,1400
0,0,CM3D2OHx86_Data\sharedassets0.assets,241518816,0B8B1601,1400
0,0,CM3D2OHx86_Data\sharedassets1.assets,6649432,E11F3CAE,1400
0,0,CM3D2OHx86_Data\sharedassets10.assets,4554008,F94EEE80,1400
0,0,CM3D2OHx86_Data\sharedassets11.assets,4112,D1843884,1400
0,0,CM3D2OHx86_Data\sharedassets12.assets,4200984,842CFD17,1400
0,0,CM3D2OHx86_Data\sharedassets13.assets,4112,8A63FCBC,1400
0,0,CM3D2OHx86_Data\sharedassets14.assets,119196164,0B9E152B,1400
0,0,CM3D2OHx86_Data\sharedassets15.assets,3691836,7FA8F173,1400
0,0,CM3D2OHx86_Data\sharedassets16.assets,275140,7A970409,1400
0,0,CM3D2OHx86_Data\sharedassets17.assets,5408,D6311A09,1400
0,0,CM3D2OHx86_Data\sharedassets18.assets,72712,0C2EBFD5,1400
0,0,CM3D2OHx86_Data\sharedassets19.assets,5496,B2E535F7,1400
0,0,CM3D2OHx86_Data\sharedassets2.assets,10497844,2594A567,1400
0,0,CM3D2OHx86_Data\sharedassets20.assets,1423828,1B9FAC7F,1400
0,0,CM3D2OHx86_Data\sharedassets21.assets,5598924,5EEE8697,1400
0,0,CM3D2OHx86_Data\sharedassets22.assets,39509552,E6FF1501,1400
0,0,CM3D2OHx86_Data\sharedassets23.assets,67724960,D32DCF73,1400
0,0,CM3D2OHx86_Data\sharedassets24.assets,67946676,6A79AD47,1400
0,0,CM3D2OHx86_Data\sharedassets25.assets,57361460,DA45CDA8,1400
0,0,CM3D2OHx86_Data\sharedassets3.assets,34784244,A3F574B1,1400
0,0,CM3D2OHx86_Data\sharedassets4.assets,6952228,775DF1F5,1400
0,0,CM3D2OHx86_Data\sharedassets5.assets,503424,36E6CE8D,1400
0,0,CM3D2OHx86_Data\sharedassets6.assets,11891636,CCF9D0BE,1400
0,0,CM3D2OHx86_Data\sharedassets7.assets,466396,9AE5B54E,1400
0,0,CM3D2OHx86_Data\sharedassets8.assets,5368,4614BDC9,1400
0,0,CM3D2OHx86_Data\sharedassets9.assets,927488,60CDBD8A,1400
0,0,CM3D2OHx86_Data\Managed\Accessibility.dll,10752,C80413DC,1400
0,0,CM3D2OHx86_Data\Managed\Assembly-CSharp-firstpass.dll,461824,C73F01EC,1400
0,0,CM3D2OHx86_Data\Managed\Assembly-CSharp.dll,2243072,98242A3C,1400
0,0,CM3D2OHx86_Data\Managed\Assembly-UnityScript-firstpass.dll,65024,7B46C115,1400
0,0,CM3D2OHx86_Data\Managed\Boo.Lang.dll,126976,E379C12B,1400
0,0,CM3D2OHx86_Data\Managed\JsonFx.Json.dll,70144,A0F0CFCB,1400
0,0,CM3D2OHx86_Data\Managed\Mono.Data.Tds.dll,96256,10E297D4,1400
0,0,CM3D2OHx86_Data\Managed\Mono.Posix.dll,184320,82B6C163,1400
0,0,CM3D2OHx86_Data\Managed\Mono.Security.dll,294912,C759B90F,1400
0,0,CM3D2OHx86_Data\Managed\Mono.WebBrowser.dll,172032,3BD66294,1400
0,0,CM3D2OHx86_Data\Managed\mscorlib.dll,2590208,54064D59,1400
0,0,CM3D2OHx86_Data\Managed\System.Configuration.dll,124928,CA10261D,1400
0,0,CM3D2OHx86_Data\Managed\System.Core.dll,300032,615F5AFE,1400
0,0,CM3D2OHx86_Data\Managed\System.Data.dll,856064,E7FF9373,1400
0,0,CM3D2OHx86_Data\Managed\System.dll,1678848,0F9C1035,1400
0,0,CM3D2OHx86_Data\Managed\System.Drawing.Design.dll,29696,E7B53FF9,1400
0,0,CM3D2OHx86_Data\Managed\System.Drawing.dll,448512,C4B2E872,1400
0,0,CM3D2OHx86_Data\Managed\System.EnterpriseServices.dll,46592,4FFDA4D6,1400
0,0,CM3D2OHx86_Data\Managed\System.Security.dll,135168,B020F0F1,1400
0,0,CM3D2OHx86_Data\Managed\System.Transactions.dll,27648,E3B069A5,1400
0,0,CM3D2OHx86_Data\Managed\System.Windows.Forms.dll,3053568,56394001,1400
0,0,CM3D2OHx86_Data\Managed\System.Xml.dll,1270272,C76991B8,1400
0,0,CM3D2OHx86_Data\Managed\System.Xml.Linq.dll,106496,1E91F41B,1400
0,0,CM3D2OHx86_Data\Managed\UnityEngine.dll,614912,EDA0EE35,1400
0,0,CM3D2OHx86_Data\Managed\UnityEngine.UI.dll,176128,59066003,1400
0,0,CM3D2OHx86_Data\Managed\UnityScript.Lang.dll,14336,7309FF69,1400
0,0,CM3D2OHx86_Data\Mono\mono.dll,2103296,6E4591F8,1400
0,0,CM3D2OHx86_Data\Mono\etc\mono\browscap.ini,311984,CE6C0AB3,1400
0,0,CM3D2OHx86_Data\Mono\etc\mono\config,1691,A635914A,1400
0,0,CM3D2OHx86_Data\Mono\etc\mono\1.0\DefaultWsdlHelpGenerator.aspx,58196,10E814BF,1400
0,0,CM3D2OHx86_Data\Mono\etc\mono\1.0\machine.config,17259,82F1AD8B,1400
0,0,CM3D2OHx86_Data\Mono\etc\mono\2.0\DefaultWsdlHelpGenerator.aspx,60453,F3869A34,1400
0,0,CM3D2OHx86_Data\Mono\etc\mono\2.0\machine.config,27626,4F6C3F79,1400
0,0,CM3D2OHx86_Data\Mono\etc\mono\2.0\settings.map,2618,A1A3C29F,1400
0,0,CM3D2OHx86_Data\Mono\etc\mono\2.0\web.config,11686,534A9960,1400
0,0,CM3D2OHx86_Data\Mono\etc\mono\2.0\Browsers\Compat.browser,1605,2E178A0B,1400
0,0,CM3D2OHx86_Data\Mono\etc\mono\mconfig\config.xml,25817,80B2033A,1400
0,0,CM3D2OHx86_Data\Plugins\cm3d2_hole_x86.dll,266240,5C01E01F,1400
0,0,CM3D2OHx86_Data\Plugins\cm3d2_x86.dll,1329664,DC24506B,1400
0,0,CM3D2OHx86_Data\Plugins\device_hook.dll,98816,32DA7957,1400
0,0,CM3D2OHx86_Data\Resources\unity default resources,1571709,31020360,1400
0,0,CM3D2OHx86_Data\Resources\unity_builtin_extra,372672,B51FCBBC,1400
0,0,GameData\bg_pp001_2.arc,1237157,C9D912F7,1220
0,0,GameData\csv.arc,2557184,B085DAE7,1400
0,0,GameData\csv_addpose001.arc,1235,D06FCA6D,1220
0,0,GameData\csv_cbl.arc,649023,628E7F7F,1401
0,0,GameData\csv_pp001_2.arc,10034,29181748,1370
0,0,GameData\csv_vp001_2.arc,2082,25E58CEB,1160
0,0,GameData\material2.arc,207669,1E308A48,1313
0,0,GameData\material_denkigai2015s003_2.arc,7106,0C82D791,1150
0,0,GameData\material_denkigai2015wTowelR.arc,1602,618192B9,1360
0,0,GameData\material_dlc055_2.arc,5282,11A93109,1280
0,0,GameData\material_dlsite_2.arc,1762,C5A837EA,1150
0,0,GameData\material_shop001_2.arc,1762,D98CED1C,1150
0,0,GameData\material_shop002_2.arc,1762,956BB00E,1150
0,0,GameData\material_shop003_2.arc,1762,38CEBFF2,1150
0,0,GameData\material_shop005_2.arc,1714,3E621A32,1150
0,0,GameData\material_shop007_2.arc,2578,C8CE627C,1150
0,0,GameData\material_vp001_2.arc,11890,8CB043B0,1400
0,0,GameData\material_yomeido003_2.arc,1522,0689A7AC,1240
0,0,GameData\menu2.arc,228225,D2CC7AE2,1380
0,0,GameData\menu_denkigai2015s001_2.arc,6594,8B3E849F,1160
0,0,GameData\menu_denkigai2015s003_2.arc,4338,D294CE88,1150
0,0,GameData\menu_denkigai2015wTowelR.arc,1282,CECEE1FC,1360
0,0,GameData\menu_denkigai2016s_2.arc,1346,4A9440B1,1351
0,0,GameData\menu_dlc026_2.arc,3778,69453D54,1190
0,0,GameData\menu_dlc028_2.arc,3874,DE3F1C31,1200
0,0,GameData\menu_dlc041_2.arc,6786,97F738D3,1380
0,0,GameData\menu_dlc061_2.arc,3810,F99C1D4E,1290
0,0,GameData\menu_dlc065_2.arc,7602,D9387834,1380
0,0,GameData\menu_dlc074_2.arc,5618,24C559D7,1312
0,0,GameData\menu_dlc100_2.arc,1250,DFF94E9A,1400
0,0,GameData\menu_dlsite_2.arc,1954,B2268BA7,1150
0,0,GameData\menu_personal002_2.arc,1282,5687650C,1310
0,0,GameData\menu_shop001_2.arc,3314,35207C87,1150
0,0,GameData\menu_shop005_2.arc,1378,0C9AF725,1150
0,0,GameData\menu_vp001_2.arc,19138,7C7AFD9C,1400
0,0,GameData\menu_yomeido003_2.arc,1234,4D6F619D,1240
0,0,GameData\menu_yomeidogp_wedding_2.arc,3954,C251B12C,1320
0,0,GameData\model2.arc,11670131,E91D2833,1380
0,0,GameData\model_denkigai2015s003_2.arc,394665,41A48185,1150
0,0,GameData\model_denkigai2015wTowelR.arc,38258,FB570A24,1360
0,0,GameData\model_dlc005_2.arc,175424,F7DD7D82,1270
0,0,GameData\model_dlc046_2.arc,155690,83B34173,1220
0,0,GameData\model_dlc073_2.arc,267037,47D33A06,1320
0,0,GameData\model_dlc100_2.arc,691347,7C3D679D,1400
0,0,GameData\model_dlsite_2.arc,197173,24366C43,1150
0,0,GameData\model_shop001_2.arc,115215,9C941FAF,1150
0,0,GameData\model_shop002_2.arc,251253,743C3D97,1150
0,0,GameData\model_shop003_2.arc,185433,A15EC70A,1150
0,0,GameData\model_shop005_2.arc,150103,FB5341FA,1150
0,0,GameData\model_shop007_2.arc,288759,80615CBD,1150
0,0,GameData\model_vp001_2.arc,647957,D68B5D2F,1400
0,0,GameData\motion_cbl2.arc,18781367,CE3C6303,1400
0,0,GameData\motion_cbl_addpose001.arc,902201,447E5863,1220
0,0,GameData\motion_cbl_pp002_2.arc,62463881,9CEF1E84,1360
0,0,GameData\motion_cbl_vp001_2.arc,141603,80D0D160,1160
0,0,GameData\motion_cbl_ytgc003_2.arc,296091,68096F71,1340
0,0,GameData\motion_cbl_ytgc002_2.arc,2475220,008FABF0,1160
0,0,GameData\paths.dat,2502,5A2F011C,1400
0,0,GameData\prioritymaterial.arc,131852,636F91B5,1400
0,0,GameData\script_cbl.arc,2300146,330C2EE9,1400
0,0,GameData\script_cbl_addpose001.arc,1219,0C884F57,1220
0,0,GameData\script_cbl_denkigai2016s_2.arc,81434,8C81CD11,1370
0,0,GameData\script_cbl_denkigai2016sSukumizu_2.arc,28002,5783CE35,1370
0,0,GameData\script_cbl_personal001_2.arc,340451,B4150145,1260
0,0,GameData\script_cbl_personal003_2.arc,137765,C06FB419,1400
0,0,GameData\texture3.arc,17300595,D209EC34,1400
0,0,GameData\texture_addpose001.arc,23943,1D529A44,1220
0,0,GameData\texture_denkigai2015wTowelR.arc,133065,FE4BDC34,1360
0,0,GameData\texture_dlc004_2.arc,4805734,C8E5CFB4,1200
0,0,GameData\texture_dlc046_2.arc,596960,FC606BA5,1220
0,0,GameData\texture_vp001_2.arc,755269,18D5027D,1400
0,0,GameData\texture_yomeido003_2.arc,117248,0EE72B42,1240
0,0,GameData\sound2.arc,12017684,3FAA939B,1330
0,0,GameData\voice_cbl2.arc,9627083,76D43E7B,1090
0,0,manual\data\005.png,459612,3AF928C5,1170
0,0,manual\data\010.png,800070,5269304C,1170
0,0,PhotoModeData\Mod\Motion\readme.txt,146,3BF5AF4D,1220
0,0,Preset\8_ren_1_yosiko.preset,55432,D54FD70C,1220
0,0,Preset\8_ren_2_ayumi.preset,51097,3C44F9DB,1220
0,0,Preset\8_ren_3_sakura.preset,52635,33F54D90,1220
0,0,Preset\8_ren_4_ai.preset,46819,9B6E5960,1220
