0,0,CM3D2.exe,9558016,7808DA5C,1004
0,0,CM3D2x64.exe,14914560,C06F8490,110
0,0,CM3D2x64_Data\level0,154376,2AEDD767,110
0,0,CM3D2x64_Data\level1,209928,62CC5D4B,110
0,0,CM3D2x64_Data\level10,140120,F19F4FB6,110
0,0,CM3D2x64_Data\level11,164464,982CEDA7,110
0,0,CM3D2x64_Data\level12,140120,D7EEB029,110
0,0,CM3D2x64_Data\level13,423024,3EA24F55,110
0,0,CM3D2x64_Data\level14,4376,D4D0A5DE,110
0,0,CM3D2x64_Data\level15,143184,1ABFECF2,110
0,0,CM3D2x64_Data\level16,4376,4E98A60C,110
0,0,CM3D2x64_Data\level17,140880,A8A62105,110
0,0,CM3D2x64_Data\level18,193328,AE2E3804,110
0,0,CM3D2x64_Data\level19,352000,94252306,110
0,0,CM3D2x64_Data\level2,427672,ECE66D57,110
0,0,CM3D2x64_Data\level3,475288,CE5C5FB9,110
0,0,CM3D2x64_Data\level4,545944,3A1499A4,110
0,0,CM3D2x64_Data\level5,140528,1AECDB0B,110
0,0,CM3D2x64_Data\level6,277152,78A11C0A,110
0,0,CM3D2x64_Data\level7,180952,08BE26AE,110
0,0,CM3D2x64_Data\level8,177144,2E8D6443,110
0,0,CM3D2x64_Data\level9,150136,FF8D1EB3,110
0,0,CM3D2x64_Data\mainData,853352,373A3217,110
0,0,CM3D2x64_Data\PlayerConnectionConfigFile,21,738031A6,110
0,0,CM3D2x64_Data\resources.assets,208494064,38A5E7F0,110
0,0,CM3D2x64_Data\sharedassets0.assets,236804000,CA122D4F,110
0,0,CM3D2x64_Data\sharedassets1.assets,6998796,B853C0B1,110
0,0,CM3D2x64_Data\sharedassets10.assets,5256,22372EB9,110
0,0,CM3D2x64_Data\sharedassets11.assets,466308,89E4093A,110
0,0,CM3D2x64_Data\sharedassets12.assets,5280,3FA4DDD8,110
0,0,CM3D2x64_Data\sharedassets13.assets,466308,089EE6B3,110
0,0,CM3D2x64_Data\sharedassets14.assets,1758656,30CD0957,110
0,0,CM3D2x64_Data\sharedassets15.assets,4112,BC649B26,110
0,0,CM3D2x64_Data\sharedassets16.assets,4200896,3C7095E7,110
0,0,CM3D2x64_Data\sharedassets17.assets,4112,91CEB118,110
0,0,CM3D2x64_Data\sharedassets18.assets,5320,935F9612,110
0,0,CM3D2x64_Data\sharedassets19.assets,3691748,7C9613F5,110
0,0,CM3D2x64_Data\sharedassets2.assets,5612280,448F7440,110
0,0,CM3D2x64_Data\sharedassets20.assets,32510400,0855E4A0,110
0,0,CM3D2x64_Data\sharedassets20.assets.resS,1857256,5A8E845B,110
0,0,CM3D2x64_Data\sharedassets3.assets,13906728,5F7A3883,110
0,0,CM3D2x64_Data\sharedassets4.assets,155814788,C67795DC,110
0,0,CM3D2x64_Data\sharedassets4.assets.resS,3985350,98874744,110
0,0,CM3D2x64_Data\sharedassets5.assets,6952140,F212C12D,110
0,0,CM3D2x64_Data\sharedassets6.assets,503336,2E24C95B,110
0,0,CM3D2x64_Data\sharedassets7.assets,5456,BA771FF6,110
0,0,CM3D2x64_Data\sharedassets8.assets,355444,008488D2,110
0,0,CM3D2x64_Data\sharedassets9.assets,11891548,A7C184FD,110
0,0,CM3D2x64_Data\Managed\Accessibility.dll,10752,A358E135,110
0,0,CM3D2x64_Data\Managed\Assembly-CSharp-firstpass.dll,163328,EBB0A426,110
0,0,CM3D2x64_Data\Managed\Assembly-CSharp.dll,1806848,3E2C67A4,110
0,0,CM3D2x64_Data\Managed\Assembly-UnityScript-firstpass.dll,65024,20FB6411,110
0,0,CM3D2x64_Data\Managed\Boo.Lang.dll,126976,B1FDC6B6,110
0,0,CM3D2x64_Data\Managed\JsonFx.Json.dll,70144,A0F0CFCB,110
0,0,CM3D2x64_Data\Managed\Mono.Data.Tds.dll,96256,DE9FBD55,110
0,0,CM3D2x64_Data\Managed\Mono.Posix.dll,184320,A333AAF5,110
0,0,CM3D2x64_Data\Managed\Mono.Security.dll,294912,D5BB48FC,110
0,0,CM3D2x64_Data\Managed\Mono.WebBrowser.dll,172032,5D310803,110
0,0,CM3D2x64_Data\Managed\mscorlib.dll,2590208,5A5FF75C,110
0,0,CM3D2x64_Data\Managed\System.Configuration.dll,124928,F88CF714,110
0,0,CM3D2x64_Data\Managed\System.Core.dll,300032,0504C277,110
0,0,CM3D2x64_Data\Managed\System.Data.dll,856064,1DE4F5EB,110
0,0,CM3D2x64_Data\Managed\System.dll,1678848,08B8E16D,110
0,0,CM3D2x64_Data\Managed\System.Drawing.Design.dll,29696,E7B53FF9,110
0,0,CM3D2x64_Data\Managed\System.Drawing.dll,448512,C4B2E872,110
0,0,CM3D2x64_Data\Managed\System.EnterpriseServices.dll,46592,1B56067D,110
0,0,CM3D2x64_Data\Managed\System.Security.dll,135168,A9F5B9F1,110
0,0,CM3D2x64_Data\Managed\System.Transactions.dll,27648,DE82E2C6,110
0,0,CM3D2x64_Data\Managed\System.Windows.Forms.dll,3053568,56394001,110
0,0,CM3D2x64_Data\Managed\System.Xml.dll,1270272,BCE39995,110
0,0,CM3D2x64_Data\Managed\System.Xml.Linq.dll,106496,1062D683,110
0,0,CM3D2x64_Data\Managed\UnityEngine.dll,614912,9B33F0CD,110
0,0,CM3D2x64_Data\Managed\UnityEngine.UI.dll,176128,078A6C17,110
0,0,CM3D2x64_Data\Managed\UnityScript.Lang.dll,14336,FAB8DDA9,110
0,0,CM3D2x64_Data\Mono\mono.dll,2601984,5E0870C0,110
0,0,CM3D2x64_Data\Mono\etc\mono\browscap.ini,311984,CE6C0AB3,110
0,0,CM3D2x64_Data\Mono\etc\mono\config,1691,A635914A,110
0,0,CM3D2x64_Data\Mono\etc\mono\1.0\DefaultWsdlHelpGenerator.aspx,58196,10E814BF,110
0,0,CM3D2x64_Data\Mono\etc\mono\1.0\machine.config,17259,82F1AD8B,110
0,0,CM3D2x64_Data\Mono\etc\mono\2.0\DefaultWsdlHelpGenerator.aspx,60453,F3869A34,110
0,0,CM3D2x64_Data\Mono\etc\mono\2.0\machine.config,27626,4F6C3F79,110
0,0,CM3D2x64_Data\Mono\etc\mono\2.0\settings.map,2618,A1A3C29F,110
0,0,CM3D2x64_Data\Mono\etc\mono\2.0\web.config,11686,534A9960,110
0,0,CM3D2x64_Data\Mono\etc\mono\2.0\Browsers\Compat.browser,1605,2E178A0B,110
0,0,CM3D2x64_Data\Mono\etc\mono\mconfig\config.xml,25817,80B2033A,110
0,0,CM3D2x64_Data\Plugins\cm3d2_x64.dll,1473536,4677D0C8,110
0,0,CM3D2x64_Data\Plugins\device_hook.dll,87552,65F0207E,110
0,0,CM3D2x64_Data\Resources\unity default resources,1571709,31020360,110
0,0,CM3D2x64_Data\Resources\unity_builtin_extra,372672,3A678224,110
0,0,GameData\csv.arc,1388836,6637E6C8,110
0,0,GameData\material2.arc,30840,B7AACB55,109
0,0,GameData\menu2.arc,160575,53AFF8A2,109
0,0,GameData\model2.arc,3205252,746D64FA,109
0,0,GameData\motion2.arc,57682416,DE917555,106
0,0,GameData\paths.dat,361,EE67E1FC,110
0,0,GameData\script.arc,11408531,A75006A4,110
0,0,GameData\sound2.arc,7121023,3F25C34A,106
0,0,manual\data\004.png,699424,54A4DC50,101
0,0,manual\data\007.png,453984,97E623F5,101
0,0,manual\data\008.png,553674,7B23C3DF,101
0,0,manual\data\013.png,673884,992CEEC5,101
0,0,Preset\1_junshin.preset,43021,0D00795A,101
0,0,Preset\2_coodere.preset,43516,E9EBB0F2,101
0,0,Preset\3_tsundere.preset,48900,D0EF8B9E,101
0,0,Preset\4_default.preset,43697,C5E392BE,101
0,0,Preset\5_pretty_junshin.preset,40739,D9262BEF,101
0,0,Preset\6_pretty_coodere.preset,39554,E54D5766,101
0,0,Preset\7_pretty_tsundere.preset,38235,CA8437BB,101
