0,0,GameData\bg_personal_om007plus.arc,1638383,E12AD854,1000
0,0,GameData\csv.arc,6963567,7D8D8A32,1436
0,0,GameData\csv_cbl.arc,824313,2499ADD7,1436
0,0,GameData\csv_personal_om007plus.arc,2789,6750EA03,1000
0,0,GameData\motion_cbl_omytgc001.arc,39430887,E063544A,1000
0,0,GameData\motion_cbl_omytgc002.arc,34215915,341167EF,1000
0,0,GameData\motion_charaevent001.arc,25341181,5443E7DC,1000
0,0,GameData\motion_charaevent002.arc,30177646,660C87CB,1000
0,0,GameData\motion_charaevent003.arc,30226592,0392F4C7,1000
0,0,GameData\motion_charaevent004.arc,14028537,420FB26B,1000
0,0,GameData\motion_omytgc001.arc,67866085,87E8C29D,1000
0,0,GameData\motion_omytgc002.arc,55834146,B9B4F924,1000
0,0,GameData\motion_personal_om007plus.arc,19654415,5273D07C,1000
0,0,GameData\parts_charaevent002.arc,1862968,4E561505,1000
0,0,GameData\parts_omytgc002.arc,1862938,DBC7FAA5,1000
0,0,GameData\parts_personal_om007plus.arc,1000130,E4FD088E,1000
0,0,GameData\paths.dat,7386,00301DF7,1436
0,0,GameData\script.arc,12844820,FD07F9C6,1436
0,0,GameData\script_cbl.arc,6122649,E08040AA,1436
0,0,GameData\script_cbl_personal_om007plus.arc,103538,4B82B034,1000
0,0,GameData\script_personal_om007plus.arc,578498,AABB9D16,1000
0,0,GameData\script_share_karaoke_2.arc,8202,A841DA53,1436
0,0,GameData\system_omytgc001.arc,53087,CCCF099E,1000
0,0,GameData\system_omytgc002.arc,46443,65C8BDED,1000
0,0,GameData\voice_personal_om007plus.arc,263139342,D021A909,1000