0,0,CM3D2.exe,7793664,D44E2FA5,1007
0,0,CM3D2VRx64.exe,14915584,F9649DA5,124
0,0,CM3D2VRx64_DirectToRift.exe,465408,ED45B3A7,124
0,0,LICENSE,3453,541AF859,124
0,0,CM3D2VRx64_Data\level0,165104,49A7F20C,124
0,0,CM3D2VRx64_Data\level1,168408,929A4C92,124
0,0,CM3D2VRx64_Data\level10,150832,64F0993C,124
0,0,CM3D2VRx64_Data\level11,175192,0A6DA4EF,124
0,0,CM3D2VRx64_Data\level12,151264,E564B6BC,124
0,0,CM3D2VRx64_Data\level13,473256,113E8FA8,124
0,0,CM3D2VRx64_Data\level14,4376,F0ABB10A,124
0,0,CM3D2VRx64_Data\level15,153912,999EB5A9,124
0,0,CM3D2VRx64_Data\level16,4376,516E499C,124
0,0,CM3D2VRx64_Data\level17,162272,CCE46302,124
0,0,CM3D2VRx64_Data\level18,223440,C60E427D,124
0,0,CM3D2VRx64_Data\level19,363728,4964C5A7,124
0,0,CM3D2VRx64_Data\level2,367656,E6BD9F31,124
0,0,CM3D2VRx64_Data\level20,171320,BD803B18,124
0,0,CM3D2VRx64_Data\level21,441744,3AD9B195,124
0,0,CM3D2VRx64_Data\level22,214424,F52D9E42,124
0,0,CM3D2VRx64_Data\level23,237200,0B5B6920,124
0,0,CM3D2VRx64_Data\level24,170312,53C21C14,124
0,0,CM3D2VRx64_Data\level25,549816,CCF03477,124
0,0,CM3D2VRx64_Data\level26,624032,FFB5A347,124
0,0,CM3D2VRx64_Data\level3,486064,9F25F7B7,124
0,0,CM3D2VRx64_Data\level4,558648,8D373A41,124
0,0,CM3D2VRx64_Data\level5,151256,28A980C9,124
0,0,CM3D2VRx64_Data\level6,298040,78DA153F,124
0,0,CM3D2VRx64_Data\level7,191680,69DFC741,124
0,0,CM3D2VRx64_Data\level8,187872,0294CDF2,124
0,0,CM3D2VRx64_Data\level9,160864,506E3E24,124
0,0,CM3D2VRx64_Data\mainData,962024,8E5777EA,124
0,0,CM3D2VRx64_Data\PlayerConnectionConfigFile,21,0FCE71F2,124
0,0,CM3D2VRx64_Data\resources.assets,222278048,2B6BB8DC,124
0,0,CM3D2VRx64_Data\sharedassets0.assets,237166520,318868FF,124
0,0,CM3D2VRx64_Data\sharedassets1.assets,6649276,B4F85A40,124
0,0,CM3D2VRx64_Data\sharedassets10.assets,5272,60D0DFA2,124
0,0,CM3D2VRx64_Data\sharedassets11.assets,466324,FD2D50D4,124
0,0,CM3D2VRx64_Data\sharedassets12.assets,5296,91B0369D,124
0,0,CM3D2VRx64_Data\sharedassets13.assets,927416,BC149FB5,124
0,0,CM3D2VRx64_Data\sharedassets14.assets,2458064,5477C438,124
0,0,CM3D2VRx64_Data\sharedassets15.assets,4112,177E8B9D,124
0,0,CM3D2VRx64_Data\sharedassets16.assets,4200912,7F20C397,124
0,0,CM3D2VRx64_Data\sharedassets17.assets,4112,180258C2,124
0,0,CM3D2VRx64_Data\sharedassets18.assets,49608480,EF3010DE,124
0,0,CM3D2VRx64_Data\sharedassets19.assets,3691764,025E1EA8,124
0,0,CM3D2VRx64_Data\sharedassets2.assets,3514212,C1D9BF7F,124
0,0,CM3D2VRx64_Data\sharedassets20.assets,1587644,27E99097,124
0,0,CM3D2VRx64_Data\sharedassets21.assets,5336,DF1D1228,124
0,0,CM3D2VRx64_Data\sharedassets22.assets,72640,3674478B,124
0,0,CM3D2VRx64_Data\sharedassets23.assets,5424,1886BE86,124
0,0,CM3D2VRx64_Data\sharedassets24.assets,5344,FA6A3F64,124
0,0,CM3D2VRx64_Data\sharedassets25.assets,5344,DD786736,124
0,0,CM3D2VRx64_Data\sharedassets26.assets,1423756,8E2D456A,124
0,0,CM3D2VRx64_Data\sharedassets27.assets,5640,13631717,124
0,0,CM3D2VRx64_Data\sharedassets3.assets,16005664,4A6F2B0E,124
0,0,CM3D2VRx64_Data\sharedassets4.assets,36843908,F1451547,124
0,0,CM3D2VRx64_Data\sharedassets5.assets,6952156,5D325A40,124
0,0,CM3D2VRx64_Data\sharedassets6.assets,503352,96810CE6,124
0,0,CM3D2VRx64_Data\sharedassets7.assets,5472,857ED7F0,124
0,0,CM3D2VRx64_Data\sharedassets8.assets,355452,E29C7A9E,124
0,0,CM3D2VRx64_Data\sharedassets9.assets,11891564,3200E88C,124
0,0,CM3D2VRx64_Data\Managed\Accessibility.dll,10752,A358E135,124
0,0,CM3D2VRx64_Data\Managed\Assembly-CSharp-firstpass.dll,171008,0052CF2C,124
0,0,CM3D2VRx64_Data\Managed\Assembly-CSharp.dll,2174976,EFC5A448,124
0,0,CM3D2VRx64_Data\Managed\Assembly-UnityScript-firstpass.dll,65024,6B3BE7AA,124
0,0,CM3D2VRx64_Data\Managed\Boo.Lang.dll,126976,B1FDC6B6,124
0,0,CM3D2VRx64_Data\Managed\JsonFx.Json.dll,70144,A0F0CFCB,124
0,0,CM3D2VRx64_Data\Managed\Mono.Data.Tds.dll,96256,DE9FBD55,124
0,0,CM3D2VRx64_Data\Managed\Mono.Posix.dll,184320,A333AAF5,124
0,0,CM3D2VRx64_Data\Managed\Mono.Security.dll,294912,D5BB48FC,124
0,0,CM3D2VRx64_Data\Managed\Mono.WebBrowser.dll,172032,5D310803,124
0,0,CM3D2VRx64_Data\Managed\mscorlib.dll,2590208,5A5FF75C,124
0,0,CM3D2VRx64_Data\Managed\System.Configuration.dll,124928,F88CF714,124
0,0,CM3D2VRx64_Data\Managed\System.Core.dll,300032,0504C277,124
0,0,CM3D2VRx64_Data\Managed\System.Data.dll,856064,1DE4F5EB,124
0,0,CM3D2VRx64_Data\Managed\System.dll,1678848,08B8E16D,124
0,0,CM3D2VRx64_Data\Managed\System.Drawing.Design.dll,29696,E7B53FF9,124
0,0,CM3D2VRx64_Data\Managed\System.Drawing.dll,448512,C4B2E872,124
0,0,CM3D2VRx64_Data\Managed\System.EnterpriseServices.dll,46592,1B56067D,124
0,0,CM3D2VRx64_Data\Managed\System.Security.dll,135168,A9F5B9F1,124
0,0,CM3D2VRx64_Data\Managed\System.Transactions.dll,27648,DE82E2C6,124
0,0,CM3D2VRx64_Data\Managed\System.Windows.Forms.dll,3053568,56394001,124
0,0,CM3D2VRx64_Data\Managed\System.Xml.dll,1270272,BCE39995,124
0,0,CM3D2VRx64_Data\Managed\System.Xml.Linq.dll,106496,1062D683,124
0,0,CM3D2VRx64_Data\Managed\UnityEngine.dll,614912,6F2B6F30,124
0,0,CM3D2VRx64_Data\Managed\UnityEngine.UI.dll,176128,380C2545,124
0,0,CM3D2VRx64_Data\Managed\UnityScript.Lang.dll,14336,FAB8DDA9,124
0,0,CM3D2VRx64_Data\Mono\mono.dll,2601984,5E0870C0,124
0,0,CM3D2VRx64_Data\Mono\etc\mono\browscap.ini,311984,CE6C0AB3,124
0,0,CM3D2VRx64_Data\Mono\etc\mono\config,1691,A635914A,124
0,0,CM3D2VRx64_Data\Mono\etc\mono\1.0\DefaultWsdlHelpGenerator.aspx,58196,10E814BF,124
0,0,CM3D2VRx64_Data\Mono\etc\mono\1.0\machine.config,17259,82F1AD8B,124
0,0,CM3D2VRx64_Data\Mono\etc\mono\2.0\DefaultWsdlHelpGenerator.aspx,60453,F3869A34,124
0,0,CM3D2VRx64_Data\Mono\etc\mono\2.0\machine.config,27626,4F6C3F79,124
0,0,CM3D2VRx64_Data\Mono\etc\mono\2.0\settings.map,2618,A1A3C29F,124
0,0,CM3D2VRx64_Data\Mono\etc\mono\2.0\web.config,11686,534A9960,124
0,0,CM3D2VRx64_Data\Mono\etc\mono\2.0\Browsers\Compat.browser,1605,2E178A0B,124
0,0,CM3D2VRx64_Data\Mono\etc\mono\mconfig\config.xml,25817,80B2033A,124
0,0,CM3D2VRx64_Data\Plugins\cm3d2_x64.dll,1507840,78A8CE9D,124
0,0,CM3D2VRx64_Data\Plugins\device_hook.dll,87552,65F0207E,124
0,0,CM3D2VRx64_Data\Plugins\OculusPlugin.dll,302080,B873E721,124
0,0,CM3D2VRx64_Data\Plugins\OVRGamepad.dll,12800,46477987,124
0,0,CM3D2VRx64_Data\Plugins\OVRPlugin.dll,354304,F04E9B58,124
0,0,CM3D2VRx64_Data\Resources\unity default resources,1571709,31020360,124
0,0,CM3D2VRx64_Data\Resources\unity_builtin_extra,372672,13813718,124
0,0,GameData\material_vr.arc,1393,E8F3D878,100
0,0,GameData\menu_vr.arc,1262,6510B03E,100
0,0,GameData\model_vr.arc,70824,C9DCB2E5,100
0,0,GameData\texture_vr.arc,470392,5F59D9B6,100
