0,0,COM3D2OH.exe,6623232,E30BEDE0,2006
0,0,COM3D2OHx64.exe,22841856,858642A8,1290
0,0,LICENSE,31205,24BAD003,1290
0,0,COM3D2OHx64_Data\app.info,42,6CD75754,1290
0,0,COM3D2OHx64_Data\globalgamemanagers,4259884,73A9D7F4,1290
0,0,COM3D2OHx64_Data\globalgamemanagers.assets,230468,AFCB7047,1290
0,0,COM3D2OHx64_Data\level0,323740,209141B1,1290
0,0,COM3D2OHx64_Data\level1,347140,CABE3779,1290
0,0,COM3D2OHx64_Data\level10,695076,94B872E6,1290
0,0,COM3D2OHx64_Data\level11,7524,5E8A424B,1290
0,0,COM3D2OHx64_Data\level12,326180,5A0E43F6,1290
0,0,COM3D2OHx64_Data\level13,4664,48D7F1EB,1290
0,0,COM3D2OHx64_Data\level14,342884,60393233,1290
0,0,COM3D2OHx64_Data\level15,332564,350DA8F3,1290
0,0,COM3D2OHx64_Data\level16,953772,C9B7DA3C,1290
0,0,COM3D2OHx64_Data\level17,427308,85ED4E70,1290
0,0,COM3D2OHx64_Data\level18,1083428,B793FA00,1290
0,0,COM3D2OHx64_Data\level19,408868,9D763EE3,1290
0,0,COM3D2OHx64_Data\level2,738564,1113A781,1290
0,0,COM3D2OHx64_Data\level20,2204260,024220E0,1290
0,0,COM3D2OHx64_Data\level21,1113436,2BE6AA8A,1290
0,0,COM3D2OHx64_Data\level22,1086740,86A02C75,1290
0,0,COM3D2OHx64_Data\level23,445916,10B0431D,1290
0,0,COM3D2OHx64_Data\level24,27904,D5BF7908,1290
0,0,COM3D2OHx64_Data\level24.resS,131232,437C95D8,1290
0,0,COM3D2OHx64_Data\level25,51676,D6EDB41B,1290
0,0,COM3D2OHx64_Data\level26,56036,55FC6959,1290
0,0,COM3D2OHx64_Data\level27,6832,5E073B6F,1290
0,0,COM3D2OHx64_Data\level28,324628,1B92D06F,1290
0,0,COM3D2OHx64_Data\level29,1574740,960F0470,1290
0,0,COM3D2OHx64_Data\level3,1211284,5D6CF581,1290
0,0,COM3D2OHx64_Data\level30,1431372,A3E22E13,1290
0,0,COM3D2OHx64_Data\level31,1452972,4C1EEDF8,1290
0,0,COM3D2OHx64_Data\level32,1348204,F095B689,1290
0,0,COM3D2OHx64_Data\level33,1412676,C99CF46C,1290
0,0,COM3D2OHx64_Data\level34,1538084,45D041B7,1290
0,0,COM3D2OHx64_Data\level35,1275084,D6950445,1290
0,0,COM3D2OHx64_Data\level36,1025692,EA01BBC5,1290
0,0,COM3D2OHx64_Data\level37,1032980,055FEAB0,1290
0,0,COM3D2OHx64_Data\level38,1275084,45E1DAE4,1290
0,0,COM3D2OHx64_Data\level39,1155676,67D750FF,1290
0,0,COM3D2OHx64_Data\level4,1290668,DF21A7CA,1290
0,0,COM3D2OHx64_Data\level40,944244,FE619273,1290
0,0,COM3D2OHx64_Data\level41,1230652,1777B289,1290
0,0,COM3D2OHx64_Data\level42,1373124,893E31BC,1290
0,0,COM3D2OHx64_Data\level43,1331652,4B0727C1,1290
0,0,COM3D2OHx64_Data\level44,916476,D7380763,1290
0,0,COM3D2OHx64_Data\level45,399548,884FE614,1290
0,0,COM3D2OHx64_Data\level46,395900,16F38AEA,1290
0,0,COM3D2OHx64_Data\level47,439612,2D849C0F,1290
0,0,COM3D2OHx64_Data\level48,461756,1EF970D3,1290
0,0,COM3D2OHx64_Data\level49,390140,E6BF7335,1290
0,0,COM3D2OHx64_Data\level5,325236,6ED5D531,1290
0,0,COM3D2OHx64_Data\level50,450116,DB30A62A,1290
0,0,COM3D2OHx64_Data\level51,1038652,65FEDAD0,1290
0,0,COM3D2OHx64_Data\level52,963052,0F10CC1F,1290
0,0,COM3D2OHx64_Data\level53,442836,97EE7C09,1290
0,0,COM3D2OHx64_Data\level54,464980,60B2E460,1290
0,0,COM3D2OHx64_Data\level55,455564,918E87CD,1290
0,0,COM3D2OHx64_Data\level56,1043060,23DC2651,1290
0,0,COM3D2OHx64_Data\level57,1003332,CA51CD03,1290
0,0,COM3D2OHx64_Data\level58,448596,762BFE99,1290
0,0,COM3D2OHx64_Data\level59,433132,7E93BB9B,1290
0,0,COM3D2OHx64_Data\level6,415380,CBA23A3C,1290
0,0,COM3D2OHx64_Data\level60,414804,1081F944,1290
0,0,COM3D2OHx64_Data\level61,1382452,D89A9FA3,1290
0,0,COM3D2OHx64_Data\level62,1323204,95782BE1,1290
0,0,COM3D2OHx64_Data\level63,501612,1012C2EE,1290
0,0,COM3D2OHx64_Data\level64,401644,9A1188F7,1290
0,0,COM3D2OHx64_Data\level65,1251220,1B5FA81A,1290
0,0,COM3D2OHx64_Data\level66,969052,4818DB5F,1290
0,0,COM3D2OHx64_Data\level67,1427524,79AC62D9,1290
0,0,COM3D2OHx64_Data\level68,1368676,BCB1B463,1290
0,0,COM3D2OHx64_Data\level69,1574756,6355A533,1290
0,0,COM3D2OHx64_Data\level7,324252,09C1809B,1290
0,0,COM3D2OHx64_Data\level70,1538100,820111D6,1290
0,0,COM3D2OHx64_Data\level8,392148,D8E34428,1290
0,0,COM3D2OHx64_Data\level9,327364,D900B22C,1290
0,0,COM3D2OHx64_Data\resources.assets,392467352,4DE40525,1290
0,0,COM3D2OHx64_Data\resources.assets.resS,1714230032,17BEE384,1290
0,0,COM3D2OHx64_Data\resources.resource,727392,54F90BDA,1290
0,0,COM3D2OHx64_Data\sharedassets0.assets,115226420,14C01584,1290
0,0,COM3D2OHx64_Data\sharedassets0.assets.resS,28071636,22B86DBB,1290
0,0,COM3D2OHx64_Data\sharedassets1.assets,6256,0391D047,1290
0,0,COM3D2OHx64_Data\sharedassets10.assets,6628,7CD5A546,1290
0,0,COM3D2OHx64_Data\sharedassets11.assets,4576,1D09F834,1290
0,0,COM3D2OHx64_Data\sharedassets12.assets,6124,A384B280,1290
0,0,COM3D2OHx64_Data\sharedassets13.assets,4132,F6A81451,1290
0,0,COM3D2OHx64_Data\sharedassets14.assets,6844,DDBF9259,1290
0,0,COM3D2OHx64_Data\sharedassets15.assets,6208,BCDFED85,1290
0,0,COM3D2OHx64_Data\sharedassets16.assets,12544,2F16774F,1290
0,0,COM3D2OHx64_Data\sharedassets17.assets,6292,0C6A69EE,1290
0,0,COM3D2OHx64_Data\sharedassets18.assets,12688,F602B6B4,1290
0,0,COM3D2OHx64_Data\sharedassets19.assets,6292,C959736A,1290
0,0,COM3D2OHx64_Data\sharedassets2.assets,6544,CB08DEF8,1290
0,0,COM3D2OHx64_Data\sharedassets20.assets,7108,591272F7,1290
0,0,COM3D2OHx64_Data\sharedassets21.assets,12664,1D81CAE8,1290
0,0,COM3D2OHx64_Data\sharedassets22.assets,12664,1D81CAE8,1290
0,0,COM3D2OHx64_Data\sharedassets23.assets,18126832,A7CD78CC,1290
0,0,COM3D2OHx64_Data\sharedassets24.assets,12328,F67ABAED,1290
0,0,COM3D2OHx64_Data\sharedassets25.assets,4420,41A122C9,1290
0,0,COM3D2OHx64_Data\sharedassets26.assets,4324,F2C2A7EC,1290
0,0,COM3D2OHx64_Data\sharedassets27.assets,4264,D5E4195B,1290
0,0,COM3D2OHx64_Data\sharedassets28.assets,6100,75573D11,1290
0,0,COM3D2OHx64_Data\sharedassets29.assets,12544,F6E1F7A4,1290
0,0,COM3D2OHx64_Data\sharedassets3.assets,12916,1CBA97E8,1290
0,0,COM3D2OHx64_Data\sharedassets30.assets,12544,4EB67D0B,1290
0,0,COM3D2OHx64_Data\sharedassets31.assets,12544,78C97AF7,1290
0,0,COM3D2OHx64_Data\sharedassets32.assets,9352,316440C6,1290
0,0,COM3D2OHx64_Data\sharedassets33.assets,9460,8E2BF9CF,1290
0,0,COM3D2OHx64_Data\sharedassets34.assets,9448,1916895D,1290
0,0,COM3D2OHx64_Data\sharedassets35.assets,12628,B9E6C823,1290
0,0,COM3D2OHx64_Data\sharedassets36.assets,9244,B290AE84,1290
0,0,COM3D2OHx64_Data\sharedassets37.assets,9280,8875C7AA,1290
0,0,COM3D2OHx64_Data\sharedassets38.assets,12628,B9E6C823,1290
0,0,COM3D2OHx64_Data\sharedassets39.assets,9484,9519A858,1290
0,0,COM3D2OHx64_Data\sharedassets4.assets,7180,CB7FDD2D,1290
0,0,COM3D2OHx64_Data\sharedassets40.assets,9280,8875C7AA,1290
0,0,COM3D2OHx64_Data\sharedassets41.assets,9424,F28452EC,1290
0,0,COM3D2OHx64_Data\sharedassets42.assets,12544,72EB5E16,1290
0,0,COM3D2OHx64_Data\sharedassets43.assets,9460,8E2BF9CF,1290
0,0,COM3D2OHx64_Data\sharedassets44.assets,9448,1916895D,1290
0,0,COM3D2OHx64_Data\sharedassets45.assets,42236516,D4FF09D0,1290
0,0,COM3D2OHx64_Data\sharedassets45.assets.resS,87400,8BA6C322,1290
0,0,COM3D2OHx64_Data\sharedassets46.assets,38246484,8E970DD9,1290
0,0,COM3D2OHx64_Data\sharedassets47.assets,32874580,65500B0F,1290
0,0,COM3D2OHx64_Data\sharedassets48.assets,36735660,EB5A802E,1290
0,0,COM3D2OHx64_Data\sharedassets48.assets.resS,174776,5B619AF1,1290
0,0,COM3D2OHx64_Data\sharedassets49.assets,41277336,7126636E,1290
0,0,COM3D2OHx64_Data\sharedassets5.assets,6112,C64DDA80,1290
0,0,COM3D2OHx64_Data\sharedassets50.assets,39399088,A14BA213,1290
0,0,COM3D2OHx64_Data\sharedassets51.assets,3017100,A3FF7873,1290
0,0,COM3D2OHx64_Data\sharedassets51.assets.resS,611728,7BFBEAAE,1290
0,0,COM3D2OHx64_Data\sharedassets52.assets,9508,74D1F42E,1290
0,0,COM3D2OHx64_Data\sharedassets53.assets,6484,3DBEAEF5,1290
0,0,COM3D2OHx64_Data\sharedassets54.assets,6484,3DBEAEF5,1290
0,0,COM3D2OHx64_Data\sharedassets55.assets,6484,3DBEAEF5,1290
0,0,COM3D2OHx64_Data\sharedassets56.assets,12556,F3702299,1290
0,0,COM3D2OHx64_Data\sharedassets57.assets,9460,F118AEB6,1290
0,0,COM3D2OHx64_Data\sharedassets58.assets,6448,437C5FC8,1290
0,0,COM3D2OHx64_Data\sharedassets59.assets,59340,E39D1475,1290
0,0,COM3D2OHx64_Data\sharedassets59.assets.resS,174776,B51EE5DC,1290
0,0,COM3D2OHx64_Data\sharedassets6.assets,7072,ED088570,1290
0,0,COM3D2OHx64_Data\sharedassets60.assets,6460,8D8E27C9,1290
0,0,COM3D2OHx64_Data\sharedassets61.assets,759616,82E39AFE,1290
0,0,COM3D2OHx64_Data\sharedassets61.assets.resS,1310880,58801C35,1290
0,0,COM3D2OHx64_Data\sharedassets61.resource,1178176,90268BF4,1290
0,0,COM3D2OHx64_Data\sharedassets62.assets,9316,DEC4E49F,1290
0,0,COM3D2OHx64_Data\sharedassets63.assets,3412488,EC6E2E6B,1290
0,0,COM3D2OHx64_Data\sharedassets63.assets.resS,6226112,B3E98769,1290
0,0,COM3D2OHx64_Data\sharedassets64.assets,6568,762BE628,1290
0,0,COM3D2OHx64_Data\sharedassets65.assets,13804,8C4E55B3,1290
0,0,COM3D2OHx64_Data\sharedassets66.assets,9448,1916895D,1290
0,0,COM3D2OHx64_Data\sharedassets67.assets,12568,9A29BAD4,1290
0,0,COM3D2OHx64_Data\sharedassets68.assets,9436,45297F4F,1290
0,0,COM3D2OHx64_Data\sharedassets69.assets,12544,F6E1F7A4,1290
0,0,COM3D2OHx64_Data\sharedassets7.assets,6064,836AD15C,1290
0,0,COM3D2OHx64_Data\sharedassets70.assets,9448,1916895D,1290
0,0,COM3D2OHx64_Data\sharedassets8.assets,6316,C7554868,1290
0,0,COM3D2OHx64_Data\sharedassets9.assets,6208,3E225CCE,1290
0,0,COM3D2OHx64_Data\Managed\Accessibility.dll,10752,5CB31E4E,1290
0,0,COM3D2OHx64_Data\Managed\Assembly-CSharp-firstpass.dll,787456,DCEB9520,1290
0,0,COM3D2OHx64_Data\Managed\Assembly-CSharp.dll,5262336,C33C685A,1290
0,0,COM3D2OHx64_Data\Managed\Assembly-UnityScript-firstpass.dll,65024,D0662E5C,1290
0,0,COM3D2OHx64_Data\Managed\Boo.Lang.dll,126976,28383F70,1290
0,0,COM3D2OHx64_Data\Managed\BouncyCastle.Crypto.dll,2236416,5A4C4F07,1290
0,0,COM3D2OHx64_Data\Managed\FoveUnityPlugin.dll,28672,A6EA882B,1290
0,0,COM3D2OHx64_Data\Managed\ICSharpCode.SharpZipLib.dll,200704,D3160A1C,1290
0,0,COM3D2OHx64_Data\Managed\Ionic.Zlib.dll,102400,7C9E7DD2,1290
0,0,COM3D2OHx64_Data\Managed\JsonFx.Json.dll,70144,A0F0CFCB,1290
0,0,COM3D2OHx64_Data\Managed\LeapCSharp.NET3.5.dll,82432,38E38212,1290
0,0,COM3D2OHx64_Data\Managed\Mono.Data.Tds.dll,96256,2965324B,1290
0,0,COM3D2OHx64_Data\Managed\Mono.Posix.dll,184320,0CE35BE3,1290
0,0,COM3D2OHx64_Data\Managed\Mono.Security.dll,294912,66EB9979,1290
0,0,COM3D2OHx64_Data\Managed\Mono.WebBrowser.dll,172032,137B736F,1290
0,0,COM3D2OHx64_Data\Managed\mscorlib.dll,2590208,5166389B,1290
0,0,COM3D2OHx64_Data\Managed\Newtonsoft.Json.dll,494592,5C881B73,1290
0,0,COM3D2OHx64_Data\Managed\System.Configuration.dll,124928,72952344,1290
0,0,COM3D2OHx64_Data\Managed\System.Core.dll,297472,9E3EE5D7,1290
0,0,COM3D2OHx64_Data\Managed\System.Data.dll,856064,DDDB80CD,1290
0,0,COM3D2OHx64_Data\Managed\System.dll,1679360,13922617,1290
0,0,COM3D2OHx64_Data\Managed\System.Drawing.Design.dll,29696,E7B53FF9,1290
0,0,COM3D2OHx64_Data\Managed\System.Drawing.dll,448512,C4B2E872,1290
0,0,COM3D2OHx64_Data\Managed\System.EnterpriseServices.dll,46592,2C72A9FE,1290
0,0,COM3D2OHx64_Data\Managed\System.Security.dll,135168,1CE94C57,1290
0,0,COM3D2OHx64_Data\Managed\System.Transactions.dll,27648,45299FCF,1290
0,0,COM3D2OHx64_Data\Managed\System.Windows.Forms.dll,3053568,56394001,1290
0,0,COM3D2OHx64_Data\Managed\System.Xml.dll,1270272,4581A35B,1290
0,0,COM3D2OHx64_Data\Managed\System.Xml.Linq.dll,106496,E844371C,1290
0,0,COM3D2OHx64_Data\Managed\UnityEngine.dll,1393152,2C35388C,1290
0,0,COM3D2OHx64_Data\Managed\UnityEngine.dll.mdb,449828,8610375E,1290
0,0,COM3D2OHx64_Data\Managed\UnityEngine.Networking.dll,253952,2BDF701F,1290
0,0,COM3D2OHx64_Data\Managed\UnityEngine.UI.dll,245760,FA552B2D,1290
0,0,COM3D2OHx64_Data\Managed\UnityEngine.VR.dll,3072,A4582CD6,1290
0,0,COM3D2OHx64_Data\Managed\UnityScript.Lang.dll,13824,0DA8F681,1290
0,0,COM3D2OHx64_Data\Managed\zxing.unity.dll,430592,9FD1F198,1290
0,0,COM3D2OHx64_Data\Mono\mono.dll,2618816,0BEA8C0F,1290
0,0,COM3D2OHx64_Data\Mono\MonoPosixHelper.dll,113664,9B5E1E4D,1290
0,0,COM3D2OHx64_Data\Mono\etc\mono\browscap.ini,311984,CE6C0AB3,1290
0,0,COM3D2OHx64_Data\Mono\etc\mono\config,1691,A635914A,1290
0,0,COM3D2OHx64_Data\Mono\etc\mono\1.0\DefaultWsdlHelpGenerator.aspx,58196,10E814BF,1290
0,0,COM3D2OHx64_Data\Mono\etc\mono\1.0\machine.config,17258,EDE1AC59,1290
0,0,COM3D2OHx64_Data\Mono\etc\mono\2.0\DefaultWsdlHelpGenerator.aspx,60453,F3869A34,1290
0,0,COM3D2OHx64_Data\Mono\etc\mono\2.0\machine.config,27625,73C91C24,1290
0,0,COM3D2OHx64_Data\Mono\etc\mono\2.0\settings.map,2618,A1A3C29F,1290
0,0,COM3D2OHx64_Data\Mono\etc\mono\2.0\web.config,11686,534A9960,1290
0,0,COM3D2OHx64_Data\Mono\etc\mono\2.0\Browsers\Compat.browser,1605,2E178A0B,1290
0,0,COM3D2OHx64_Data\Mono\etc\mono\mconfig\config.xml,25817,80B2033A,1290
0,0,COM3D2OHx64_Data\Plugins\assimp.dll,4388864,7C910D84,1290
0,0,COM3D2OHx64_Data\Plugins\Audio360.dll,1499136,2D77400A,1290
0,0,COM3D2OHx64_Data\Plugins\AVProVideo.dll,891392,A3612D4B,1290
0,0,COM3D2OHx64_Data\Plugins\clothpp.dll,112128,7C3264A4,1290
0,0,COM3D2OHx64_Data\Plugins\cm3d2.dll,2100736,74B315EF,1290
0,0,COM3D2OHx64_Data\Plugins\device_hook.dll,738816,F61E7CED,1290
0,0,COM3D2OHx64_Data\Plugins\FoveClient.dll,1849384,58C8B4F6,1290
0,0,COM3D2OHx64_Data\Plugins\LeapC.dll,2516992,FBDD3767,1290
0,0,COM3D2OHx64_Data\Plugins\openvr_api.dll,318272,44432E0F,1290
0,0,COM3D2OHx64_Data\Plugins\OVRGamepad.dll,12800,2C526135,1290
0,0,COM3D2OHx64_Data\Plugins\OVRLipSync.dll,2512296,391C1F4C,1290
0,0,COM3D2OHx64_Data\Plugins\OVRPlugin.dll,1898408,5DD05B6C,1290
0,0,COM3D2OHx64_Data\Resources\unity default resources,752360,71DB1AEA,1290
0,0,COM3D2OHx64_Data\Resources\unity_builtin_extra,284012,91145F7F,1290
0,0,GameData\bg_kissevent2018_sp_card_2.arc,493322,140250D1,1100
0,0,GameData\bg_sp001_2.arc,16204240,91030B15,1000
0,0,GameData\bg_sp004_2.arc,35284425,D79D7E66,1290
0,0,GameData\csv.arc,5327310,A9EEEEFC,1290
0,0,GameData\csv_cbl.arc,744313,A9BA6307,1290
0,0,GameData\csv_gp001_2.arc,34178,AA372C5C,1270
0,0,GameData\csv_old_2.arc,1746,7AD2A97C,1150
0,0,GameData\csv_ordermade001_2.arc,770,422A7575,1150
0,0,GameData\motion_cbl2.arc,22222457,FD0F6146,1280
0,0,GameData\motion_cbl_3d21reserve_2.arc,153938,9CB83B59,1120
0,0,GameData\motion_cbl_kissnohi001_2.arc,158468,9CE47192,1200
0,0,GameData\motion_cbl_vp001_2.arc,1659046,62219F7A,1250
0,0,GameData\parts2.arc,153783206,D34786AC,1290
0,0,GameData\parts_dlc209_2.arc,1363413,BF1ABBC0,1171
0,0,GameData\parts_dlc216_2.arc,932171,E7454670,1200
0,0,GameData\parts_dlc232_2.arc,3682,115DEE3E,1250
0,0,GameData\parts_gp001_2.arc,45293283,8FDBD530,1260
0,0,GameData\parts_karaoke001_2.arc,453245,11C970D3,1280
0,0,GameData\parts_kissevent2018_2.arc,5570,005BBD00,1100
0,0,GameData\parts_magazine003_2.arc,201385,3A5B273D,1120
0,0,GameData\parts_omvr.arc,3206509,4F0D0480,1120
0,0,GameData\parts_sp002cloth1_2.arc,10930,46512519,1250
0,0,GameData\parts_vac001_2.arc,6706,959CBD1B,1250
0,0,GameData\paths.dat,4474,DD66F78C,1290
0,0,GameData\prioritymaterial.arc,324085,BF39B779,1290
0,0,GameData\script_cbl.arc,5742641,F13284F6,1290
0,0,GameData\script_cbl_omytgc001_2.arc,212278,5759B805,1210
0,0,GameData\script_cbl_ordermade001_2.arc,36866,2E4CD733,1210
0,0,GameData\script_cbl_ordermade002_2.arc,36466,DD7811A4,1210
0,0,GameData\script_cbl_ordermade003_2.arc,3026,080F3688,1250
0,0,GameData\script_cbl_ordermade004_2.arc,3250,96221889,1250
0,0,GameData\script_cbl_personal_om002_2.arc,1730,BC1779C2,1250
0,0,GameData\script_cbl_personal_om004_2.arc,1954,3FEFD65F,1280
0,0,GameData\script_cbl_s2.arc,1170205,611FCB43,1230
0,0,GameData\script_share_karaoke_2.arc,8100,48F87ED6,1275
0,0,GameData\sound2.arc,3301463,9DB6FEA0,1290
0,0,GameData\system2.arc,11891076,1E4A59B9,1270
0,0,GameData\system_gp001_2.arc,6758158,26F382BD,1280
0,0,GameData\voice2.arc,291305651,6B5BCE93,1280
0,0,GameData\voice_cbl_s2.arc,32906282,98B4E1E9,1170
0,0,GameData\voice_gp001_2.arc,128499501,74943317,1270
0,0,GameData_20\bg_vp001_2.arc,283046,A7A90EE1,1190
0,0,GameData_20\material_denkigai2015s003_2.arc,7106,0C82D791,1150
0,0,GameData_20\material_denkigai2015wTowelR.arc,1602,618192B9,1360
0,0,GameData_20\material_dlc055_2.arc,5282,11A93109,1280
0,0,GameData_20\material_dlsite_2.arc,1762,C5A837EA,1150
0,0,GameData_20\material_shop001_2.arc,1762,D98CED1C,1150
0,0,GameData_20\material_shop002_2.arc,1762,956BB00E,1150
0,0,GameData_20\material_shop003_2.arc,1762,38CEBFF2,1150
0,0,GameData_20\material_shop005_2.arc,1714,3E621A32,1150
0,0,GameData_20\material_shop007_2.arc,2578,C8CE627C,1150
0,0,GameData_20\material_vp001_2.arc,11890,8CB043B0,1400
0,0,GameData_20\material_yomeido003_2.arc,1522,0689A7AC,1240
0,0,GameData_20\menu_denkigai2015s001_2.arc,6594,8B3E849F,1160
0,0,GameData_20\menu_denkigai2015s003_2.arc,4338,D294CE88,1150
0,0,GameData_20\menu_denkigai2015wTowelR.arc,1282,CECEE1FC,1360
0,0,GameData_20\menu_denkigai2016s_2.arc,1346,4A9440B1,1351
0,0,GameData_20\menu_denkigai2016w_2.arc,15154,C8D64D3B,1450
0,0,GameData_20\menu_denkigai2017s_2.arc,1218,267B1338,1540
0,0,GameData_20\menu_dlcdenkigai2016w_2.arc,13522,45E7F667,1450
0,0,GameData_20\menu_dlcdenkigai2017s_2.arc,1218,A6C83B5D,1540
0,0,GameData_20\menu_dlc026_2.arc,3778,69453D54,1190
0,0,GameData_20\menu_dlc028_2.arc,3874,DE3F1C31,1200
0,0,GameData_20\menu_dlc041_2.arc,6786,97F738D3,1380
0,0,GameData_20\menu_dlc042_2.arc,1154,EE4016C0,1440
0,0,GameData_20\menu_dlc049_2.arc,3106,E30D6F4C,1522
0,0,GameData_20\menu_dlc061_2.arc,3810,F99C1D4E,1290
0,0,GameData_20\menu_dlc065_2.arc,7602,D9387834,1380
0,0,GameData_20\menu_dlc074_2.arc,5618,24C559D7,1312
0,0,GameData_20\menu_dlc100_2.arc,1250,DFF94E9A,1400
0,0,GameData_20\menu_dlc101_2.arc,1218,44DB4049,1481
0,0,GameData_20\menu_dlsite_2.arc,1954,B2268BA7,1150
0,0,GameData_20\menu_kissevent2017march.arc,281,FF4EEB9B,1522
0,0,GameData_20\menu_kissevent2017march_2.arc,106624,14291926,1631
0,0,GameData_20\menu_magazine002_2.arc,12498,691C1126,1471
0,0,GameData_20\menu_personal002_2.arc,1282,5687650C,1310
0,0,GameData_20\menu_shop001_2.arc,3314,35207C87,1150
0,0,GameData_20\menu_shop005_2.arc,1378,0C9AF725,1150
0,0,GameData_20\menu_vp001_2.arc,19138,7C7AFD9C,1400
0,0,GameData_20\menu_yomeido003_2.arc,1234,4D6F619D,1240
0,0,GameData_20\menu_yomeidogp_wedding_2.arc,3954,C251B12C,1320
0,0,GameData_20\model_denkigai2015s003_2.arc,394665,41A48185,1150
0,0,GameData_20\model_denkigai2015wTowelR.arc,38258,FB570A24,1360
0,0,GameData_20\model_denkigai2017s_2.arc,462663,8917104A,1582
0,0,GameData_20\model_dlcdenkigai2017s_2.arc,462667,9F0C3D54,1582
0,0,GameData_20\model_dlc005_2.arc,175424,F7DD7D82,1270
0,0,GameData_20\model_dlc046_2.arc,155690,83B34173,1220
0,0,GameData_20\model_dlc073_2.arc,267037,47D33A06,1320
0,0,GameData_20\model_dlc100_2.arc,691347,7C3D679D,1400
0,0,GameData_20\model_dlc109_2.arc,137998,8FCCF513,1460
0,0,GameData_20\model_dlc151_2.arc,213532,8C3C80C3,1520
0,0,GameData_20\model_dlsite_2.arc,197173,24366C43,1150
0,0,GameData_20\model_shop001_2.arc,115215,9C941FAF,1150
0,0,GameData_20\model_shop002_2.arc,251253,743C3D97,1150
0,0,GameData_20\model_shop003_2.arc,185433,A15EC70A,1150
0,0,GameData_20\model_shop005_2.arc,150103,FB5341FA,1150
0,0,GameData_20\model_shop007_2.arc,288759,80615CBD,1150
0,0,GameData_20\model_vp001_2.arc,647957,D68B5D2F,1400
0,0,GameData_20\texture_denkigai2015wTowelR.arc,133065,FE4BDC34,1360
0,0,GameData_20\texture_denkigai2016w_2.arc,10105247,3B4641C3,1450
0,0,GameData_20\texture_dlcdenkigai2016w_2.arc,10105332,90868016,1450
0,0,GameData_20\texture_kissevent2017march.arc,281,FF4EEB9B,1522
0,0,GameData_20\texture_kissevent2017march_2.arc,79432604,C7DD457A,1631
0,0,GameData_20\texture_dlc004_2.arc,4805734,C8E5CFB4,1200
0,0,GameData_20\texture_dlc046_2.arc,596960,FC606BA5,1220
0,0,GameData_20\texture_vp001_2.arc,755269,18D5027D,1400
0,0,GameData_20\texture_yomeido003_2.arc,117248,0EE72B42,1240
0,0,manual\index.html,52620,3D3D5ACF,1170
0,0,manual\css\index.css,7168,D11B8AF5,1170
0,0,manual\img\chu-blip2.jpg,78933,95522903,1170
0,0,manual\img\com3d2wcls2_logo.png,107288,47D023F7,1170
0,0,manual\img\config.jpg,167519,C5E4FAF3,1170
0,0,manual\img\menu001.jpg,13885,25B66329,1170
0,0,manual\img\menu002.jpg,24247,87A4205F,1170
0,0,manual\img\yotogi04.jpg,239859,141EC205,1170
0,0,manual\img\yotogi05.jpg,187720,9C93EE69,1170